<?xml version="1.0" encoding="UTF-8"?>
<testsuite name="SomeTest" tests="1" skipped="0" failures="1" errors="0" timestamp="2020-04-22T18:50:39" hostname="MacBook-Pro-Vadim.local" time="35.653">
  <properties/>
  <testcase name="testZUB" classname="SomeTest" time="35.653">
    <failure message="junit.framework.ComparisonFailure: expected:&lt;БОЛЕЗНЕНН[О]&gt; but was:&lt;БОЛЕЗНЕНН[ЫЕ]&gt;" type="junit.framework.ComparisonFailure">junit.framework.ComparisonFailure: expected:&lt;БОЛЕЗНЕНН[О]&gt; but was:&lt;БОЛЕЗНЕНН[ЫЕ]&gt;
	at junit.framework.Assert.assertEquals(Assert.java:100)
	at junit.framework.Assert.assertEquals(Assert.java:107)
	at junit.framework.TestCase.assertEquals(TestCase.java:269)
	at SomeTest.testZUB(SomeTest.kt:122)
	at sun.reflect.NativeMethodAccessorImpl.invoke0(Native Method)
	at sun.reflect.NativeMethodAccessorImpl.invoke(NativeMethodAccessorImpl.java:62)
	at sun.reflect.DelegatingMethodAccessorImpl.invoke(DelegatingMethodAccessorImpl.java:43)
	at java.lang.reflect.Method.invoke(Method.java:498)
	at junit.framework.TestCase.runTest(TestCase.java:176)
	at junit.framework.TestCase.runBare(TestCase.java:141)
	at junit.framework.TestResult$1.protect(TestResult.java:122)
	at junit.framework.TestResult.runProtected(TestResult.java:142)
	at junit.framework.TestResult.run(TestResult.java:125)
	at junit.framework.TestCase.run(TestCase.java:129)
	at junit.framework.TestSuite.runTest(TestSuite.java:252)
	at junit.framework.TestSuite.run(TestSuite.java:247)
	at org.junit.internal.runners.JUnit38ClassRunner.run(JUnit38ClassRunner.java:86)
	at org.gradle.api.internal.tasks.testing.junit.JUnitTestClassExecutor.runTestClass(JUnitTestClassExecutor.java:106)
	at org.gradle.api.internal.tasks.testing.junit.JUnitTestClassExecutor.execute(JUnitTestClassExecutor.java:58)
	at org.gradle.api.internal.tasks.testing.junit.JUnitTestClassExecutor.execute(JUnitTestClassExecutor.java:38)
	at org.gradle.api.internal.tasks.testing.junit.AbstractJUnitTestClassProcessor.processTestClass(AbstractJUnitTestClassProcessor.java:66)
	at org.gradle.api.internal.tasks.testing.SuiteTestClassProcessor.processTestClass(SuiteTestClassProcessor.java:51)
	at sun.reflect.NativeMethodAccessorImpl.invoke0(Native Method)
	at sun.reflect.NativeMethodAccessorImpl.invoke(NativeMethodAccessorImpl.java:62)
	at sun.reflect.DelegatingMethodAccessorImpl.invoke(DelegatingMethodAccessorImpl.java:43)
	at java.lang.reflect.Method.invoke(Method.java:498)
	at org.gradle.internal.dispatch.ReflectionDispatch.dispatch(ReflectionDispatch.java:35)
	at org.gradle.internal.dispatch.ReflectionDispatch.dispatch(ReflectionDispatch.java:24)
	at org.gradle.internal.dispatch.ContextClassLoaderDispatch.dispatch(ContextClassLoaderDispatch.java:32)
	at org.gradle.internal.dispatch.ProxyDispatchAdapter$DispatchingInvocationHandler.invoke(ProxyDispatchAdapter.java:93)
	at com.sun.proxy.$Proxy2.processTestClass(Unknown Source)
	at org.gradle.api.internal.tasks.testing.worker.TestWorker.processTestClass(TestWorker.java:117)
	at sun.reflect.NativeMethodAccessorImpl.invoke0(Native Method)
	at sun.reflect.NativeMethodAccessorImpl.invoke(NativeMethodAccessorImpl.java:62)
	at sun.reflect.DelegatingMethodAccessorImpl.invoke(DelegatingMethodAccessorImpl.java:43)
	at java.lang.reflect.Method.invoke(Method.java:498)
	at org.gradle.internal.dispatch.ReflectionDispatch.dispatch(ReflectionDispatch.java:35)
	at org.gradle.internal.dispatch.ReflectionDispatch.dispatch(ReflectionDispatch.java:24)
	at org.gradle.internal.remote.internal.hub.MessageHubBackedObjectConnection$DispatchWrapper.dispatch(MessageHubBackedObjectConnection.java:155)
	at org.gradle.internal.remote.internal.hub.MessageHubBackedObjectConnection$DispatchWrapper.dispatch(MessageHubBackedObjectConnection.java:137)
	at org.gradle.internal.remote.internal.hub.MessageHub$Handler.run(MessageHub.java:404)
	at org.gradle.internal.concurrent.ExecutorPolicy$CatchAndRecordFailures.onExecute(ExecutorPolicy.java:63)
	at org.gradle.internal.concurrent.ManagedExecutorImpl$1.run(ManagedExecutorImpl.java:46)
	at java.util.concurrent.ThreadPoolExecutor.runWorker(ThreadPoolExecutor.java:1142)
	at java.util.concurrent.ThreadPoolExecutor$Worker.run(ThreadPoolExecutor.java:617)
	at org.gradle.internal.concurrent.ThreadFactoryImpl$ManagedThreadRunnable.run(ThreadFactoryImpl.java:55)
	at java.lang.Thread.run(Thread.java:745)
</failure>
  </testcase>
  <system-out><![CDATA[#ІСІН is expected: true
ENDS: {=2147483647, АЯ=16788, ИЙ=11734, КА=14492, КИ=11060, ОВ=12128, ОЙ=13298, ОМ=11476, КИЙ=11484, НЫЙ=12264, ОГО=14505}
learning half-words
finished half-words
min probability: 3.4650597999901172E-9
correctionProbability (#АБАНК$ -> #БАНК$) = -6.749028149754114
correctionProbability (#ЧЕТВЕР$ -> #ЧЕТВЕРГ$) = -16.95511107344069
correctionProbability (#PERSION$ -> #PERSON$) = -19.804760139337812
correctionProbability (#СВАРЩІКОМ$ -> #СВАРЩИКОМ$) = -18.635361534246172
correctionProbability (#РОССИИСКИЙ$ -> #РОССИЙСКИЙ$) = -14.472034389573196
correctionProbability (#СИМФЕРОПОДЯ$ -> #СИМФЕРОПОЛЯ$) = -17.1803126737873
correctionProbability (#ГИФИКИ$ -> #ГИФКИ$) = -12.279083193893317
correctionProbability (#НОМАРА$ -> #НОМЕРА$) = -10.518228812749665
correctionProbability (#ПУДКЛЬ$ -> #ПУДЕЛЬ$) = -16.369846950780573
correctionProbability (#УШОЛ$ -> #УШЕЛ$) = -13.328167067550556
correctionProbability (#ВИДЕОСЬЕМКИ$ -> #ВИДЕОСЪЕМКИ$) = -25.767420391050223
correctionProbability (#АЭРОПРТА$ -> #АЭРОПОРТА$) = -14.859855870870469
correctionProbability (#MOSTEL$ -> #HOSTEL$) = -18.673970967033316
correctionProbability (#ДОЙИ$ -> #ДОЙКИ$) = -9.031720668453193
correctionProbability (#ГЛУБИНЫЙ$ -> #ГЛУБИННЫЙ$) = -21.142414817658576
correctionProbability (#ЗАПРЕДНЫЙ$ -> #ЗАПРЕТНЫЙ$) = -15.996181619158996
correctionProbability (#КАТЕРО$ -> #КАТЕРА$) = -15.51343661474866
correctionProbability (#ПСИХРЛОГИЯ$ -> #ПСИХОЛОГИЯ$) = -15.325830677727446
correctionProbability (#КДИР$ -> #КУДИР$) = -18.959171306395053
correctionProbability (#BURNIN$ -> #BURNING$) = -17.52236814903158
correctionProbability (#ХРЕСТА$ -> #ХРИСТА$) = -13.613080321229393
correctionProbability (#ГРОЗНИЯА$ -> #ГРОЗНАЯ$) = -83.97133026091619
correctionProbability (#ДЖОБЛ$ -> #ДЖОБ$) = -16.39474031121539
correctionProbability (#ВСТРАИМОГО$ -> #ВСТРАИВАЕМОГО$) = -161.75407836471476
correctionProbability (#ШИПОВАНОЙ$ -> #ШИПОВАННОЙ$) = -24.438888173392122
correctionProbability (#ОЛЬМЕСОВА$ -> #ОЛЬМЕЗОВА$) = -34.76054675384483
correctionProbability (#ОГОН$ -> #ОГОНЬ$) = -10.018974213059959
correctionProbability (#ПОКОЗАНИЕ$ -> #ПОКАЗАНИЕ$) = -18.267273701953542
correctionProbability (#FUSTCUP$ -> #FASTCUP$) = -20.977840951085824
correctionProbability (#ПРОЛЕМЫ$ -> #ПРОБЛЕМЫ$) = -13.65745344265651
correctionProbability (#MOSTER$ -> #MONSTER$) = -15.844115979127537
correctionProbability (#ГЛОЗАМИ$ -> #ГЛАЗАМИ$) = -11.91595802367479
correctionProbability (#ВИДЕОСЬЕМКА$ -> #ВИДЕОСЪЕМКА$) = -22.555998421138227
correctionProbability (#ТЕИПЕРАТУРА$ -> #ТЕМПЕРАТУРА$) = -14.88836921792685
correctionProbability (#ПООСТО$ -> #ПРОСТО$) = -9.754187930806648
correctionProbability (#РОССИИСКИЕ$ -> #РОССИЙСКИЕ$) = -11.78259751800558
correctionProbability (#КАМАТОЗ$ -> #КОМАТОЗ$) = -21.84289804752622
correctionProbability (#МЭЙТЛЕНД$ -> #МЕЙТЛЕНД$) = -17.05993417988946
correctionProbability (#ЯЭРОТИКА$ -> #ЭРОТИКА$) = -10.491665613261766
correctionProbability (#ЦФА$ -> #УФА$) = -6.1215955194947504
correctionProbability (#АВИОРЕЙС$ -> #АВИАРЕЙС$) = -20.11492512192806
correctionProbability (#МАЩИНА$ -> #МАШИНА$) = -8.215614269260303
correctionProbability (#ТЯЖОЛОЙ$ -> #ТЯЖЕЛОЙ$) = -16.97626728151974
correctionProbability (#ТНСТА$ -> #ТЕСТА$) = -10.242154957169948
correctionProbability (#АЛФРЕД$ -> #АЛЬФРЕД$) = -19.108023105547176
correctionProbability (#СОДЕРЖИТЬСЯ$ -> #СОДЕРЖИТСЯ$) = -20.475103186070136
correctionProbability (#ДОИХ$ -> #ДВОИХ$) = -9.427342688518085
correctionProbability (#ВЫРОЖЕНИЕ$ -> #ВЫРАЖЕНИЕ$) = -16.511369335035404
correctionProbability (#КАЛИНИСКОГО$ -> #КАЛИНИНСКОГО$) = -21.06212959938258
correctionProbability (#РОССИСКИХ$ -> #РОССИЙСКИХ$) = -16.538527196865026
correctionProbability (#ДЮЙМІВ$ -> #ДЮЙМОВ$) = -13.801801507576133
correctionProbability (#СУХОФРУКТИ$ -> #СУХОФРУКТЫ$) = -19.646669802966734
correctionProbability (#ТУРИСТИКС$ -> #ТУРИСТИК$) = -16.436976083936564
correctionProbability (#МАСУЛЬМАНСКИЕ$ -> #МУСУЛЬМАНСКИЕ$) = -21.762310904219483
correctionProbability (#КВАОТИРУ$ -> #КВАРТИРУ$) = -8.759092026458546
correctionProbability (#СУТЕР$ -> #СКУТЕР$) = -14.757258358250755
correctionProbability (#ПІЧКИ$ -> #ПЕЧКИ$) = -11.238108825138685
correctionProbability (#DETROID$ -> #DETROIT$) = -18.4227821915255
correctionProbability (#ЛОКУМЕНТЫ$ -> #ДОКУМЕНТЫ$) = -12.464760567893777
correctionProbability (#TALIN$ -> #TALLINN$) = -83.30420783687482
correctionProbability (#УЛТИМЕЙТ$ -> #УЛЬТИМЕЙТ$) = -22.625355220286792
correctionProbability (#ЗАЙЦВ$ -> #ЗАЙЦЕВ$) = -10.905237169722067
correctionProbability (#КЕНУИН$ -> #КЕРУЕН$) = -83.66833701820795
correctionProbability (#ПРИЯМОЙ$ -> #ПРЯМОЙ$) = -9.321561012658595
correctionProbability (#ДОИЛ$ -> #ДОЙЛ$) = -18.277308941179104
correctionProbability (#АПЕРЕЛ$ -> #АПРЕЛЬ$) = -81.84097914999931
correctionProbability (#CROM$ -> #CHROME$) = -77.08411289255781
correctionProbability (#СМОТРЕЬБ$ -> #СМОТРЕТЬ$) = -70.23319104479965
correctionProbability (#СБЕРМАРКЕТ$ -> #СУПЕРМАРКЕТ$) = -84.62385314429685
correctionProbability (#ОГНЬ$ -> #ОГОНЬ$) = -10.078873400004706
correctionProbability (#ГЕНЕРИРУЮШИЕ$ -> #ГЕНЕРИРУЮЩИЕ$) = -37.75145818093004
correctionProbability (#КАМЕДИИ$ -> #КОМЕДИИ$) = -9.24264898588504
correctionProbability (#БЕЛАВИЯ$ -> #БЕЛАВИА$) = -16.211808770401234
correctionProbability (#КАРТРИЖ$ -> #КАРТРИДЖ$) = -13.249850421931946
correctionProbability (#КЕРКУ$ -> #КИРКУ$) = -17.314398134270508
correctionProbability (#МАЙИЛ$ -> #МАЙЛ$) = -6.149154946811027
correctionProbability (#СТАТЬСЯ$ -> #СТАТЬЯ$) = -12.7973633203618
correctionProbability (#КАМЕДИЕ$ -> #КОМЕДИИ$) = -73.97109249445111
correctionProbability (#DOCBKISINOCHKI$ -> #DOCHKISINOCHKI$) = -28.960483969221187
correctionProbability (#РОССИСКИИ$ -> #РОССИЙСКИЙ$) = -79.79037208480621
correctionProbability (#АЛИМПИАДЕ$ -> #ОЛИМПИАДЕ$) = -18.01789537444926
correctionProbability (#DOCHKISINOCHKRIU$ -> #DOCHKISINOCHKI$) = -98.81997569005209
correctionProbability (#МАЙЙЛ$ -> #МАЙЛ$) = -6.189931514603298
correctionProbability (#МУЗИКАНТА$ -> #МУЗЫКАНТА$) = -21.199329601111877
correctionProbability (#РОССИСКИЙ$ -> #РОССИЙСКИЙ$) = -15.056105702959407
correctionProbability (#ПОТОР$ -> #ПОТТЕР$) = -73.74299370201564
correctionProbability (#ДОИА$ -> #ДОМА$) = -4.4223301778698705
correctionProbability (#INGLISH$ -> #ENGLISH$) = -11.076972363395434
correctionProbability (#АРАВЕР$ -> #АРАВЕЛ$) = -12.71748748877162
correctionProbability (#ВЫПИЧКИ$ -> #ВЫПЕЧКИ$) = -13.832333403744997
correctionProbability (#ШАОЛІНСЬКИЙ$ -> #ШАУЛІНСЬКИЙ$) = -36.85505029151789
correctionProbability (#ПОТОН$ -> #ПРОТОН$) = -17.75051349571027
correctionProbability (#ПЕРРЕТ$ -> #ПЕРРЕТТ$) = -23.360674484236775
correctionProbability (#БИОПОРОКС$ -> #БИОПАРОКС$) = -22.464251913688045
correctionProbability (#ИМОБИЛАЙЗЕРА$ -> #ИММОБИЛАЙЗЕРА$) = -26.72451034141369
correctionProbability (#СОЛНЦН$ -> #СОЛНЦЕ$) = -10.283321225717923
correctionProbability (#ПРМЕРЫ$ -> #ПРИМЕРЫ$) = -10.710478614507124
correctionProbability (#ЗАИМСТВОВАНЫЕ$ -> #ЗАИМСТВОВАННЫЕ$) = -26.24755745978534
correctionProbability (#ОПРИХОДЫВАТЬ$ -> #ОПРИХОДОВАТЬ$) = -23.70401189275625
correctionProbability (#WINSRIKE$ -> #WINSTRIKE$) = -26.92361470525053
correctionProbability (#СТЕРИО$ -> #СТЕРЕО$) = -16.430527817913404
correctionProbability (#САИЫЕ$ -> #САМЫЕ$) = -6.2636804026063295
correctionProbability (#АДВАКАТУРА$ -> #АДВОКАТУРА$) = -24.142981637855236
correctionProbability (#ОЗБЕКИСТАН$ -> #УЗБЕКИСТАН$) = -16.184052852261743
correctionProbability (#КРАСНОЯРМК$ -> #КРАСНОЯРСК$) = -11.550393393958402
correctionProbability (#УКРНКТ$ -> #УКРНЕТ$) = -9.861713481036364
correctionProbability (#AFDABUS$ -> #AFDOBUS$) = -27.244171043085153
correctionProbability (#GOOGALE$ -> #GOOGLE$) = -8.351416308431627
correctionProbability (#СУФИКСАМИ$ -> #СУФФИКСАМИ$) = -24.98537308374781
correctionProbability (#ADOBLE$ -> #ADOBE$) = -13.562043414598595
correctionProbability (#РАНАВАНА$ -> #РАМАЗАНА$) = -90.33603071155642
correctionProbability (#СМКАЧАТЬ$ -> #СКАЧАТЬ$) = -5.017187410014612
correctionProbability (#САИЫЙ$ -> #САМЫЙ$) = -7.370158271143804
correctionProbability (#ФОРМУПЫ$ -> #ФОРМУЛЫ$) = -11.96560277845311
correctionProbability (#ВЫРОЖЕНИЯ$ -> #ВЫРАЖЕНИЯ$) = -16.07151215261502
correctionProbability (#ЗАНЯТНОСТИ$ -> #ЗАНЯТОСТИ$) = -16.035119543572257
correctionProbability (#ЕВР$ -> #ЕВРО$) = -8.054625802412932
correctionProbability (#РЭНЖ$ -> #РЕНДЖ$) = -79.7214231762143
correctionProbability (#ПАНДАУ$ -> #ПАНДАО$) = -14.927417486354788
correctionProbability (#ДОММА$ -> #ДОМА$) = -6.922080875380704
correctionProbability (#ПРИЖКИ$ -> #ПРЫЖКИ$) = -14.693816146963034
correctionProbability (#ДАЛЕГО$ -> #ДАЛЕКО$) = -12.953468623071483
correctionProbability (#РАСЩЕТ$ -> #РАСЧЕТ$) = -9.465393014970484
correctionProbability (#НОЧЬНАЯ$ -> #НОЧНАЯ$) = -15.429521981176965
correctionProbability (#ИННН$ -> #ИНН$) = -10.49777006239285
correctionProbability (#SPECIALISATION$ -> #SPECIALIZATION$) = -40.17026530049618
correctionProbability (#ТАМОЖЕНИКА$ -> #ТАМОЖЕННИКА$) = -22.51231341033327
correctionProbability (#РУСТЬЮТОР$ -> #РУСТЬЮТОРС$) = -20.825288744760577
correctionProbability (#WHATTSAPP$ -> #WHATSAPP$) = -14.889764745542813
correctionProbability (#XNXXXX$ -> #XNXX$) = -78.53506468460776
correctionProbability (#КЛАССИЧЕГ$ -> #КЛАССИЧЕ$) = -36.3638953882595
correctionProbability (#АЭРОПРТУ$ -> #АЭРОПОРТУ$) = -17.03269383024061
correctionProbability (#ТАТЕЛЕКОМ$ -> #ТАТТЕЛЕКОМ$) = -21.961571302222815
correctionProbability (#ПРОВОДЯТЬСЯ$ -> #ПРОВОДЯТСЯ$) = -23.74913976165424
correctionProbability (#ЛИНИ$ -> #ЛИНИИ$) = -9.783836389764591
correctionProbability (#КОРЕЙКИЕ$ -> #КОРЕЙСКИЕ$) = -15.51156050081402
correctionProbability (#АЛЛАКИН$ -> #АЛЛОКИН$) = -21.164529116446317
correctionProbability (#АНТИКЛЕЩЬ$ -> #АНТИКЛЕЩ$) = -36.29385904325746
correctionProbability (#ОБНОВЛЕНЯ$ -> #ОБНОВЛЕНИЯ$) = -17.78101546472665
correctionProbability (#ADGURD$ -> #ADGUARD$) = -18.75559305499616
correctionProbability (#ЭКЛАД$ -> #ЭКЛАТ$) = -18.15072630868912
correctionProbability (#DRIVERA$ -> #DRIVER$) = -13.023379092473963
correctionProbability (#ПЯНИМИ$ -> #ПЬЯНЫМИ$) = -80.42556005796813
correctionProbability (#ГОРОДОМИ$ -> #ГОРОДАМИ$) = -13.234090885795645
correctionProbability (#ГЛАНЬСКА$ -> #ГДАНЬСКА$) = -22.20391926157084
correctionProbability (#СРАК$ -> #СРОК$) = -8.257017173461172
correctionProbability (#УРАГАНЫЕ$ -> #УРАГАННЫЕ$) = -17.69558864686806
correctionProbability (#СМОТРЕЬЬ$ -> #СМОТРЕТЬ$) = -2.3882367522344286
correctionProbability (#КОНДОЛИМ$ -> #КАНДОЛИМ$) = -21.87305320056975
correctionProbability (#РЕФРЕЖЕРАТОРЫ$ -> #РЕФРИЖЕРАТОРЫ$) = -29.1297089759678
correctionProbability (#КВАРТИЗРУ$ -> #КВАРТИРУ$) = -11.289676712140462
correctionProbability (#МАЩИНЫ$ -> #МАШИНЫ$) = -7.857630568892521
correctionProbability (#КУЦИЙ$ -> #КУЦЫЙ$) = -22.585526547267023
correctionProbability (#DOENLOAD$ -> #DOWNLOAD$) = -11.035578404722372
correctionProbability (#ТЕРАКОТ$ -> #ТЕРРАКОТ$) = -22.339987566004844
correctionProbability (#МАСКВЕ$ -> #МОСКВЕ$) = -3.995359285555633
correctionProbability (#ПАОИЖЕ$ -> #ПАРИЖЕ$) = -12.566819158731672
correctionProbability (#МЕНІМ$ -> #МЕНІҢ$) = -12.631718654739078
correctionProbability (#УСУРИЙСКЕ$ -> #УССУРИЙСКЕ$) = -19.173796059421413
correctionProbability (#ТВТЧ$ -> #ТВИЧ$) = -9.787876194463667
correctionProbability (#ЛАЗЕРНОЇ$ -> #ЛАЗЕРНОЙ$) = -16.146011355529815
correctionProbability (#МОПЕО$ -> #МОПИО$) = -12.814307065443902
correctionProbability (#РЛЭЙ$ -> #ПЛЕЙ$) = -73.17870056909246
correctionProbability (#ОДНАККЛАСНИКИ$ -> #ОДНОКЛАССНИКИ$) = -143.68894940862288
correctionProbability (#ПОЧИСИТЬ$ -> #ПОЧИСТИТЬ$) = -14.59905863253131
correctionProbability (#МАСКВУ$ -> #МОСКВУ$) = -11.741398596145562
correctionProbability (#ЧЧТО$ -> #ЧТО$) = -3.9290887776597465
correctionProbability (#УКРННТ$ -> #УКРНЕТ$) = -9.862118506937723
correctionProbability (#МИНЯЕТ$ -> #МЕНЯЕТ$) = -13.80531358883319
correctionProbability (#ИНСК$ -> #МИНСК$) = -8.278613846317796
correctionProbability (#ВЕНОН$ -> #ВЕНОМ$) = -10.816147354818245
correctionProbability (#МЕМТО$ -> #МЕСТО$) = -9.05450258704791
correctionProbability (#АКВАРИУМИСТИКП$ -> #АКВАРИУМИСТИКА$) = -30.492921138111157
correctionProbability (#ОГРЫ$ -> #ИГРЫ$) = -2.4332410793618315
correctionProbability (#КОМАРИНСКАЯ$ -> #КАМАРИНСКАЯ$) = -24.366825917203656
correctionProbability (#РОЗПОВІТЬ$ -> #РОЗПОВІДЬ$) = -20.283134267839678
correctionProbability (#CREMPI$ -> #CREAMPIE$) = -83.59440487752212
correctionProbability (#МИДЛТОН$ -> #МИДДЛТОН$) = -16.42456436709609
correctionProbability (#МАСКВЫ$ -> #МОСКВЫ$) = -6.431049184139734
correctionProbability (#JOD$ -> #JOB$) = -13.018913025318522
correctionProbability (#СУОЛЬКИ$ -> #СКОЛЬКИ$) = -13.50809539372976
correctionProbability (#ДИСТИЛЯТОР$ -> #ДИСТИЛЛЯТОР$) = -23.892970166742387
correctionProbability (#ДОРАИА$ -> #ДОРАМА$) = -9.327238500034685
correctionProbability (#ИНРЫ$ -> #ИГРЫ$) = -2.397630623334347
correctionProbability (#ЭПАМЭЛА$ -> #ПАМЕЛА$) = -83.44302296101046
correctionProbability (#ДƏРІГЕРЛІК$ -> #ДӘРІГЕРЛІК$) = -29.147754125106253
correctionProbability (#КАПЮШРН$ -> #КАПЮШОН$) = -16.84869680758554
correctionProbability (#БОЛТШОЙ$ -> #БОЛЬШОЙ$) = -9.337172991981426
correctionProbability (#ЯДЛЯ$ -> #ДЛЯ$) = -0.8122356217470248
correctionProbability (#СТОРИТЕЛЬСТВО$ -> #СТРОИТЕЛЬСТВО$) = -84.61635170413437
correctionProbability (#УКРАИНІ$ -> #УКРАИНЫ$) = -9.998412951750623
correctionProbability (#ПОКЕДАДИШЕН$ -> #ПОКЕТЫДИШЕН$) = -101.52928559046742
correctionProbability (#КОЗГАЛЫС$ -> #ҚОЗҒАЛЫС$) = -85.45593782689387
correctionProbability (#РАССТВОРА$ -> #РАСТВОРА$) = -19.022294908329336
correctionProbability (#TRIOLOGY$ -> #TRILOGY$) = -22.821054559046274
correctionProbability (#АЙРОС$ -> #АЙРЕС$) = -18.8903412786695
correctionProbability (#VTRAX$ -> #VTRAXE$) = -19.58558634409658
correctionProbability (#ДИФУЗНО$ -> #ДИФФУЗНО$) = -24.012894268185242
correctionProbability (#ВЗДЁРНУТЬ$ -> #ВЗДЁРНУТЫЙ$) = -101.23140543743824
correctionProbability (#РЕЦКПТ$ -> #РЕЦЕПТ$) = -6.235640476335739
correctionProbability (#БРААЛ$ -> #БРАВЛ$) = -7.726715821347746
correctionProbability (#РОСОВСКОЙ$ -> #РОСТОВСКОЙ$) = -16.117973804539346
correctionProbability (#ПРИГОВЛЕНИЕ$ -> #ПРИГОТОВЛЕНИЕ$) = -84.52414347850689
correctionProbability (#ВИКЛЮЧАТЕЛЬ$ -> #ВЫКЛЮЧАТЕЛЬ$) = -18.33361273666283
correctionProbability (#ВЕЧНИЙ$ -> #ВЕЧНЫЙ$) = -13.422532035524878
correctionProbability (#MYLF$ -> #MILF$) = -11.43361422791985
correctionProbability (#ЕГП$ -> #ЭГП$) = -17.764333417262225
correctionProbability (#МОНОСТЫРЕВ$ -> #МОНАСТЫРЕВ$) = -20.19041957950852
correctionProbability (#РАКЫМЖАН$ -> #РАХЫМЖАН$) = -19.63987292194694
correctionProbability (#ДОСТОПРИМЕЧАЛЬНОСТИ$ -> #ДОСТОПРИМЕЧАТЕЛЬНОСТИ$) = -90.83967442860803
correctionProbability (#ХОСТЭЛ$ -> #ХОСТЕЛ$) = -11.936655348390897
correctionProbability (#ПРИОДОЛЕНИЯ$ -> #ПРЕОДОЛЕНИЯ$) = -23.978771281619217
correctionProbability (#КАНАП$ -> #КАНАЛ$) = -5.76288159493787
correctionProbability (#БУКУ$ -> #БУКВУ$) = -11.030148883293922
correctionProbability (#ТРЕНИРОВАЧНЫЕ$ -> #ТРЕНИРОВОЧНЫЕ$) = -21.1763238255714
correctionProbability (#КЕСОРЕВО$ -> #КЕСАРЕВО$) = -18.077639386966503
correctionProbability (#LUFE$ -> #LIFE$) = -8.577173536610022
correctionProbability (#БУКТ$ -> #БУКЕТ$) = -9.361386488262301
correctionProbability (#ЦУНА$ -> #ЦЕНА$) = -2.2394550907690594
correctionProbability (#ФЛАШ$ -> #ФЛЕШ$) = -8.917654567750876
correctionProbability (#DEWOO$ -> #DAEWOO$) = -16.258652309347877
correctionProbability (#РАПУНЦЕЛТ$ -> #РАПУНЦЕЛЬ$) = -14.626915732084179
correctionProbability (#НАШНИКИ$ -> #НАУШНИКИ$) = -13.401666447491635
correctionProbability (#МАНЧЕСТР$ -> #МАНЧЕСТЕР$) = -17.163325160384304
correctionProbability (#ВПУКЛЫЕ$ -> #ВЫПУКЛЫЕ$) = -22.008529160423407
correctionProbability (#ВВДАЧЕ$ -> #ВЫДАЧИ$) = -77.72479712932808
correctionProbability (#РЯИЫХ$ -> #ПРЯМЫХ$) = -76.87015031419662
correctionProbability (#ИБЫВАЕТ$ -> #БЫВАЕТ$) = -14.817320978314076
correctionProbability (#ПЭЛЕС$ -> #ПЭЛАС$) = -18.48526825982704
correctionProbability (#АЛИМПИАДЫ$ -> #ОЛИМПИАДЫ$) = -15.418495355089355
correctionProbability (#НИДНИЙ$ -> #НИЖНИЙ$) = -7.984246444833342
correctionProbability (#ЕГЗ$ -> #ЕГЭ$) = -7.190603707037937
correctionProbability (#НАРДА$ -> #НАРОДА$) = -12.725137441488219
correctionProbability (#ПОМОЩЕНЫ$ -> #ПОМЕЩЕНЫ$) = -26.360382129580366
correctionProbability (#ОБНОВЛЕНИ$ -> #ОБНОВЛЕНИЕ$) = -16.366807152094985
correctionProbability (#MELEHESH$ -> #MELECHESH$) = -35.63765028835221
correctionProbability (#ЕГЕ$ -> #ЕГЭ$) = -7.172143854422831
correctionProbability (#КОМЕРГЕРСКОМ$ -> #КАМЕРГЕРСКОМ$) = -31.151209345549496
correctionProbability (#ПЕШИХОДОВ$ -> #ПЕШЕХОДОВ$) = -19.64159594486332
correctionProbability (#КЕМПАЙ$ -> #КРЕМПАЙ$) = -16.71558104850787
correctionProbability (#ТЮТУБ$ -> #ЮТУБ$) = -2.6911662168067885
correctionProbability (#ОБНОВЛЕНЕ$ -> #ОБНОВЛЕНИЕ$) = -16.364940984539665
correctionProbability (#ЕНДОМЕТРІОЗ$ -> #ЭНДОМЕТРИОЗ$) = -85.47706227704188
correctionProbability (#ТУРИСТИНА$ -> #ТУРИСТИЧНА$) = -27.168075253471137
correctionProbability (#ПРОВЕРИИЬ$ -> #ПРОВЕРИТЬ$) = -10.584400064011852
correctionProbability (#ПОКАЗЫВАТ$ -> #ПОКАЗЫВАЕТ$) = -16.42495660661219
correctionProbability (#ПНДРОИД$ -> #АНДРОИД$) = -9.154613701104012
correctionProbability (#МОШЬНОСТЬ$ -> #МОЩНОСТЬ$) = -82.82598133457446
correctionProbability (#СТОТЬЯ$ -> #СТАТЬЯ$) = -10.284455567026082
correctionProbability (#ЛУБИМКА$ -> #ЛЮБИМКА$) = -13.83889213363448
correctionProbability (#СЛЕОАТЬ$ -> #СДЕЛАТЬ$) = -70.92870600903025
correctionProbability (#ТНСТО$ -> #ТЕСТО$) = -9.423112041506844
correctionProbability (#УКРАИНЯ$ -> #УКРАИНА$) = -7.880987656484919
correctionProbability (#ВОЯДНАЯ$ -> #ВОДЯНАЯ$) = -85.29692776310347
correctionProbability (#МАКЕВКА$ -> #МАКЕЕВКА$) = -16.061942692957153
correctionProbability (#ФОКСФОРДЛ$ -> #ФОКСФОРД$) = -19.080698505184642
correctionProbability (#UNIAOO$ -> #UNIAO$) = -28.29853964841834
correctionProbability (#СКОВОРОДКЕ$ -> #СКОВОРОДЕ$) = -17.012000243036645
correctionProbability (#ЄССЕ$ -> #ЭССЕ$) = -10.574944716613825
correctionProbability (#МАГНИТОГОРЧК$ -> #МАГНИТОГОРСК$) = -16.5467064995834
correctionProbability (#ЕТРО$ -> #МЕТРО$) = -6.910245309620578
correctionProbability (#КРАСИВЫВЕ$ -> #КРАСИВЫЕ$) = -9.91104287713813
correctionProbability (#МНТЕРНЕТ$ -> #ИНТЕРНЕТ$) = -5.984555546891935
correctionProbability (#ЛАТЫНЕ$ -> #ЛАТЫНИ$) = -15.639495406462554
correctionProbability (#ПОЛЧИТЬ$ -> #ПОЛУЧИТЬ$) = -11.658234497411733
correctionProbability (#КАНАД$ -> #КАНАЛ$) = -5.755584929129885
correctionProbability (#АРАВИА$ -> #АРАВИЯ$) = -15.735988670942792
correctionProbability (#ПИЬМО$ -> #ПИСЬМО$) = -10.005914888075328
correctionProbability (#SOLS$ -> #SOULS$) = -15.429752058510449
correctionProbability (#КПТАНИЕ$ -> #КАТАНИЕ$) = -10.796883865827695
correctionProbability (#ТРЕНИРОВАЧНЫЙ$ -> #ТРЕНИРОВОЧНЫЙ$) = -22.723898491787757
correctionProbability (#КУНГРАДСКИ$ -> #КУНГРАДСКИЙ$) = -37.343361016392635
correctionProbability (#SCACATI$ -> #SCACIATI$) = -18.02088343805859
correctionProbability (#ЛАБОРОТОРНОГО$ -> #ЛАБОРАТОРНОГО$) = -26.351519019674114
correctionProbability (#ПОКАЗЫВАЕ$ -> #ПОКАЗЫВАЕТ$) = -16.387959841008353
correctionProbability (#ИНРА$ -> #ИГРА$) = -4.08020186873954
correctionProbability (#ДОНЕЙК$ -> #ДОНЕЦК$) = -11.238591803017233
correctionProbability (#ГОЛАНДСКИЙ$ -> #ГОЛЛАНДСКИЙ$) = -23.149703600721615
correctionProbability (#ОДНОЛКАССНИКИ$ -> #ОДНОКЛАССНИКИ$) = -79.06300954105258
correctionProbability (#ЕКВАТОР$ -> #ЭКВАТОР$) = -17.351513926793572
correctionProbability (#КУМШОТ$ -> #КАМШОТ$) = -16.622998925599465
correctionProbability (#БОЙЕЦ$ -> #БОЕЦ$) = -14.55667351860335
correctionProbability (#БІЗНЕСА$ -> #БИЗНЕСА$) = -11.122831150074703
correctionProbability (#ТОШНОТИ$ -> #ТОШНОТЫ$) = -19.274245474459207
correctionProbability (#ЦЧИ$ -> #УЧИ$) = -8.20487840229777
correctionProbability (#НАГИНА$ -> #НОГИНА$) = -22.597116178135536
correctionProbability (#ПЕЛЬМНИ$ -> #ПЕЛЬМЕНИ$) = -11.687862689268144
correctionProbability (#ИНГРИДИЕНТЫ$ -> #ИНГРЕДИЕНТЫ$) = -21.446216188907115
correctionProbability (#ÕYINLAR$ -> #OYUNLAR$) = -82.1117789583342
correctionProbability (#ОДЛАСТИ$ -> #ОБЛАСТИ$) = -6.104741146255911
correctionProbability (#ГОЛАНДСКИЕ$ -> #ГОЛЛАНДСКИЕ$) = -23.82655462065177
correctionProbability (#ODNOCLASNICI$ -> #ODNOKLASSNIKI$) = -148.2576714494241
correctionProbability (#ОБЬЯВИЛА$ -> #ОБЪЯВИЛА$) = -22.148004029099134
correctionProbability (#АРАВИЙ$ -> #АРАВИИ$) = -15.197425969885227
correctionProbability (#ЛЕЧИЬ$ -> #ЛЕЧИТЬ$) = -10.45737249007382
correctionProbability (#ПРЕКРЕПИТЬ$ -> #ПРИКРЕПИТЬ$) = -19.48370556969958
correctionProbability (#КИЛЛИ$ -> #КЕЛЛИ$) = -13.078796431634903
correctionProbability (#УКРАИНК$ -> #УКРАИНЕ$) = -9.900155869363502
correctionProbability (#ФОЛКЛОР$ -> #ФОЛЬКЛОР$) = -18.55762371462049
correctionProbability (#DRJYNFRN$ -> #ВКОНТАКТЕ$) = -525.3529796837494
correctionProbability (#УКРАИНП$ -> #УКРАИНА$) = -7.873829223787148
correctionProbability (#БРЯНОЕ$ -> #БРЯНСКОЕ$) = -90.14755274362074
correctionProbability (#PERFEKTA$ -> #PERFECTA$) = -21.441228042847747
correctionProbability (#ЕДП$ -> #ЕДА$) = -9.18730881077867
correctionProbability (#ПОЛОМНИКОВ$ -> #ПАЛОМНИКОВ$) = -25.45321479926745
correctionProbability (#УКРАИНН$ -> #УКРАИНЕ$) = -9.901307487153716
correctionProbability (#ЧЕЧЕНЯ$ -> #ЧЕЧНЯ$) = -16.063144882819305
correctionProbability (#НАРУЖНЯЯ$ -> #НАРУЖНАЯ$) = -16.73938500098388
correctionProbability (#ОПРЕДНЛИТЬ$ -> #ОПРЕДЕЛИТЬ$) = -13.727026973184657
correctionProbability (#КЕМЕРЛВО$ -> #КЕМЕРОВО$) = -10.592885090059063
correctionProbability (#УКРАИНВ$ -> #УКРАИНЫ$) = -9.995238231381506
correctionProbability (#ДОЛОРА$ -> #ДОЛЛАРА$) = -74.9391447843136
correctionProbability (#СЕРГЕЕВСКАЯ$ -> #СЕРГИЕВСКАЯ$) = -25.319983646125124
correctionProbability (#РОУМЕНГЕ$ -> #РОУМИНГЕ$) = -22.879576677777116
correctionProbability (#ПЛАЩАДИ$ -> #ПЛОЩАДИ$) = -13.031088178312217
correctionProbability (#БЕЗОПАСНОТИ$ -> #БЕЗОПАСНОСТИ$) = -15.57048304219392
correctionProbability (#ФОТАЮТ$ -> #ФОТКАЮТ$) = -24.691858949140297
correctionProbability (#ТУРБИРОВАНЫЙ$ -> #ТУРБИРОВАННЫЙ$) = -27.671156951689028
correctionProbability (#БИБЛОТЕКА$ -> #БИБЛИОТЕКА$) = -15.062660897980777
correctionProbability (#ХРЕСТУ$ -> #ХРИСТУ$) = -18.550933002215974
correctionProbability (#ПРОЭКТЕ$ -> #ПРОЕКТЕ$) = -17.189440659520216
correctionProbability (#БАНКНОТИ$ -> #БАНКНОТЫ$) = -13.816408764250475
correctionProbability (#WITURA$ -> #VITARA$) = -83.12700729235232
correctionProbability (#ВОСТАНОВЛЕННЫЙ$ -> #ВОССТАНОВЛЕННЫЙ$) = -28.57810274976437
correctionProbability (#ФОСОЛЬ$ -> #ФАСОЛЬ$) = -14.03820370774837
correctionProbability (#ЛЕИУАЛЬ$ -> #ЛЕТУАЛЬ$) = -11.88376375900689
correctionProbability (#ЕВОТЕК$ -> #ЭВОТЕК$) = -19.614062478685728
correctionProbability (#ЖИВОНЫХ$ -> #ЖИВОТНЫХ$) = -10.082782583237275
correctionProbability (#РЕНИСАНС$ -> #РЕНЕССАНС$) = -80.99463078347398
correctionProbability (#ЮЛМАКРТ$ -> #ЮЛМАРТ$) = -15.040791994059337
correctionProbability (#U550$ -> #Y550$) = -18.377368881369765
correctionProbability (#САБРИНИ$ -> #САБРИНЫ$) = -17.436126571753725
correctionProbability (#ГЛОССАРИ$ -> #ГЛОССАРИЙ$) = -21.475002194989862
correctionProbability (#ФООМИРАНА$ -> #ФОАМИРАНА$) = -15.78413972957938
correctionProbability (#БУДЕНОВСК$ -> #БУДЕННОВСК$) = -20.931393485364225
correctionProbability (#ДЕВУШЕ$ -> #ДЕВУШЕК$) = -9.935113646816497
correctionProbability (#ОТАКУЮТ$ -> #АТАКУЮТ$) = -20.4107330733819
correctionProbability (#ВЗЛОМАНЫХ$ -> #ВЗЛОМАННЫХ$) = -26.718610613013524
correctionProbability (#АВИЯБИЛЕТ$ -> #АВИАБИЛЕТ$) = -17.08362037347242
correctionProbability (#ОЕЛИКС$ -> #ОИЛИКС$) = -18.286512592645142
correctionProbability (#ТАРРЕНТ$ -> #ТОРРЕНТ$) = -7.462542644561886
correctionProbability (#ДИМИДРОЛ$ -> #ДИМЕДРОЛ$) = -20.379306739720697
correctionProbability (#БРАЗОВАНИЯ$ -> #ОБРАЗОВАНИЯ$) = -14.008041471843583
correctionProbability (#ВЕЧИ$ -> #СВЕЧИ$) = -10.017646352332836
correctionProbability (#ВАЬСАП$ -> #ВАТСАП$) = -8.550352720384101
correctionProbability (#СТРОХОВАЯ$ -> #СТРАХОВАЯ$) = -14.634539631588893
correctionProbability (#FENGER$ -> #FINGER$) = -17.440319648794112
correctionProbability (#ГОЛАНДСКАЯ$ -> #ГОЛЛАНДСКАЯ$) = -25.321440282311464
correctionProbability (#ПРТОКОЛ$ -> #ПРОТОКОЛ$) = -14.495627605503103
correctionProbability (#ПРОСТКВАШИНО$ -> #ПРОСТОКВАШИНО$) = -18.06287795356321
correctionProbability (#ШАРРАМ$ -> #ШАРАРАМ$) = -14.72950313298358
correctionProbability (#ХРАНЕНИ$ -> #ХРАНЕНИЯ$) = -13.868672294640078
correctionProbability (#АВИАСАЙС$ -> #АВИАСЕЙЛС$) = -80.08851633527023
correctionProbability (#УАСТИЯ$ -> #УЧАСТИЯ$) = -16.765417937272233
correctionProbability (#БУЕВ$ -> #БУКВ$) = -6.495864827799025
correctionProbability (#ЛЕДОКАИНА$ -> #ЛИДОКАИНА$) = -25.849473200348704
correctionProbability (#ЧОХОЛ$ -> #ЧЕХОЛ$) = -10.018410475894473
correctionProbability (#БОРЫКИНА$ -> #БАРЫКИНА$) = -20.925700747067793
correctionProbability (#ЛЕЧЕТ$ -> #ЛЕЧИТ$) = -12.416387718525943
correctionProbability (#ПРОТИВОСПОЛИТЕЛЬНЫЕ$ -> #ПРОТИВОВОСПАЛИТЕЛЬНЫЕ$) = -163.23982475902437
correctionProbability (#ГРКЗОППРЕВОЗКИ$ -> #ГРУЗОПЕРЕВОЗКИ$) = -83.56810041090654
correctionProbability (#БОЬЬШОГО$ -> #БОЛЬШОГО$) = -13.41319403146587
correctionProbability (#ГРАЖДНИН$ -> #ГРАЖДАНИН$) = -16.96398698002284
correctionProbability (#ДЕВУША$ -> #ДЕВУШКА$) = -9.166638663076107
correctionProbability (#РАЗДИВАЮТСЯ$ -> #РАЗДЕВАЮТСЯ$) = -20.32514026700538
correctionProbability (#БРАВР$ -> #БРАВО$) = -12.068120038739952
correctionProbability (#ДЕВУШУ$ -> #ДЕВУШКУ$) = -12.349692899638761
correctionProbability (#ШАНХАК$ -> #ШАНХАЕ$) = -17.166841537806913
correctionProbability (#БЕСПЛЛАТНО$ -> #БЕСПЛАТНО$) = -7.204567666801481
correctionProbability (#ЄСЛИ$ -> #ЕСЛИ$) = -5.038059536847122
correctionProbability (#АПШЕРОНСКСГО$ -> #АПШЕРОНСКОГО$) = -26.83711696663891
correctionProbability (#ЭВРОПЫ$ -> #ЕВРОПЫ$) = -10.032649179755442
correctionProbability (#ОТКРЫТУИ$ -> #ОТКРЫТКИ$) = -8.99903443599895
correctionProbability (#БЕТОДИН$ -> #БЕТАДИН$) = -17.98081527066971
correctionProbability (#WATSAB$ -> #WHATSAPP$) = -143.00412460125037
correctionProbability (#ИНТИВНОМ$ -> #ИНТИМНОМ$) = -22.696678478024275
correctionProbability (#ЧУЖОВА$ -> #ЧУЖОГО$) = -80.54255708924109
correctionProbability (#ВЕСЕТЬ$ -> #ВИСЕТЬ$) = -19.992296811951913
correctionProbability (#ХОРОРЫ$ -> #ХОРРОРЫ$) = -20.267225247653528
correctionProbability (#ФОСОЛИ$ -> #ФАСОЛИ$) = -14.239321147181318
correctionProbability (#ССООБЩЕНИЕ$ -> #СООБЩЕНИЕ$) = -15.168812219696996
correctionProbability (#АКАМУЛЯТОРОВ$ -> #АККУМУЛЯТОРОВ$) = -87.27494577241252
correctionProbability (#ИНТИП$ -> #ИНТИМ$) = -10.285697865287833
correctionProbability (#LCTV$ -> #ICTV$) = -15.107559659736236
correctionProbability (#САРВТОВ$ -> #САРАТОВ$) = -9.491008579177638
correctionProbability (#АЛИЭКССПРЕС$ -> #АЛИЭКСПРЕСС$) = -79.1027470502975
correctionProbability (#АВИАБИОЕТЫ$ -> #АВИАБИЛЕТЫ$) = -10.532231078878567
correctionProbability (#ЦАНДРЫПШ$ -> #ЦАНДРИПШ$) = -22.969323091759982
correctionProbability (#РОЗПОВИДЬ$ -> #РОЗПОВІДЬ$) = -20.26483899360708
correctionProbability (#ВОРТНАЙТ$ -> #ФОРТНАЙТ$) = -13.035864251370604
correctionProbability (#МАНКЮР$ -> #МАНИКЮР$) = -10.309885345385808
correctionProbability (#ЯДКС$ -> #ЯНДЕКС$) = -68.12663976365968
correctionProbability (#VILAGE$ -> #VILLAGE$) = -16.18901672862136
correctionProbability (#ОБЛОСЬТИ$ -> #ОБЛАСТИ$) = -73.3120331513641
correctionProbability (#МАТНМАТИКА$ -> #МАТЕМАТИКА$) = -11.403031270159097
correctionProbability (#АНТУАНЕТА$ -> #АНТУАНЕТТА$) = -23.088273863976468
correctionProbability (#WHITH$ -> #WITH$) = -9.855699653240311
correctionProbability (#SOND$ -> #SOUND$) = -14.278875974807537
correctionProbability (#КОЭФИЦИЕНТЫ$ -> #КОЭФФИЦИЕНТЫ$) = -22.644566546218755
correctionProbability (#ОРНЛАЙН$ -> #ОНЛАЙН$) = -3.133523776722395
correctionProbability (#АМПЛОДИПИН$ -> #АМЛОДИПИН$) = -20.342309895742424
correctionProbability (#SONI$ -> #SONY$) = -9.115686053199987
correctionProbability (#ТОРЕНОМ$ -> #ТОРРЕНТОМ$) = -81.24578629819298
correctionProbability (#КРАСЕОДАР$ -> #КРАСНОДАР$) = -9.880432130087314
correctionProbability (#КРИАТОР$ -> #КРЕАТОР$) = -14.507397699976167
correctionProbability (#ТЕКУСТ$ -> #ТЕКСТ$) = -8.456387142329792
correctionProbability (#КАЛЕНЖАРЬ$ -> #КАЛЕНДАРЬ$) = -9.57334498264202
correctionProbability (#BALCHIE$ -> #BOLSHIE$) = -85.632907485654
correctionProbability (#БЕЗПРОВОДНЫХ$ -> #БЕСПРОВОДНЫХ$) = -24.18066575206101
correctionProbability (#ТРАМПУНКТ$ -> #ТРАВМПУНКТ$) = -21.672903706375116
correctionProbability (#КОРЕЙСЬКУ$ -> #КОРЕЙСКУЮ$) = -88.42287329288104
correctionProbability (#ПЕРЕКЛПДАЧ$ -> #ПЕРЕКЛАДАЧ$) = -16.6603708878119
correctionProbability (#ДОБРАТТСЯ$ -> #ДОБРАТЬСЯ$) = -13.681474341282254
correctionProbability (#ПРОИНДЕКСИРОВАЛ$ -> #ПРОИНДЕКСИРОВАЛИ$) = -35.46465551745116
correctionProbability (#ПОТРУЛ$ -> #ПАТРУЛЬ$) = -73.6777811530121
correctionProbability (#МЕЗИНЦЕ$ -> #МИЗИНЦЕ$) = -21.028953606154616
correctionProbability (#ФЕДИРАЛЬНЫЙ$ -> #ФЕДЕРАЛЬНЫЙ$) = -16.982739748440785
correctionProbability (#ГАРЬЯНОВ$ -> #ГУРЬЯНОВ$) = -21.468900495947487
correctionProbability (#ЗНАЙТЬ$ -> #ЗНАТЬ$) = -14.609459716538002
correctionProbability (#ПРОДУВАТЬ$ -> #ПРОДАВАТЬ$) = -17.84733677032748
correctionProbability (#ВОДЯНА$ -> #ВОДЯНАЯ$) = -17.99826535923296
correctionProbability (#ЛАБІРИНТ$ -> #ЛАБИРИНТ$) = -12.887068772360905
correctionProbability (#KVANTOVII$ -> #KVANTOVIY$) = -35.040084175742344
correctionProbability (#МАКРОНОВ$ -> #МАКАРОНОВ$) = -25.945739288042752
correctionProbability (#ЛОДЫЖЕНСКАЯ$ -> #ЛАДЫЖЕНСКАЯ$) = -15.285284405407687
correctionProbability (#ДЖОДЖ$ -> #ДЖОРДЖ$) = -14.738318670333495
correctionProbability (#ПРИЧЕНЕННОГО$ -> #ПРИЧИНЕННОГО$) = -25.55134339044639
correctionProbability (#КАРГАНДА$ -> #КАРАГАНДА$) = -14.214528482864878
correctionProbability (#ИШИМБАЕВСКИЙ$ -> #ИШИМБАЙСКИЙ$) = -92.03179775958353
correctionProbability (#РЭЙД$ -> #РЕЙД$) = -13.83381173396852
correctionProbability (#ДОГО$ -> #ДОЛГО$) = -12.020585277569733
correctionProbability (#ЭВРОПЕ$ -> #ЕВРОПЕ$) = -12.101995154004943
correctionProbability (#МАТОМИ$ -> #МАТАМИ$) = -15.676462434363632
correctionProbability (#СОЛНЫЕ$ -> #СОЛНЦЕ$) = -10.243984613880176
correctionProbability (#КРИДИТ$ -> #КРЕДИТ$) = -7.250295516655203
correctionProbability (#ЗГОРЕЛ$ -> #СГОРЕЛ$) = -17.149067466415577
correctionProbability (#БУДЬВАР$ -> #БУЛЬВАР$) = -13.93441479325147
correctionProbability (#ЭВРОПИ$ -> #ЄВРОПИ$) = -16.82892203602759
correctionProbability (#ОЛТЙАМ$ -> #ОТДАМ$) = -79.9067457973872
correctionProbability (#ІВЕКО$ -> #ИВЕКО$) = -14.387341885672502
correctionProbability (#ПЛЕЧЁ$ -> #ПЛЕЧО$) = -14.063095825769981
correctionProbability (#СРЕДНИЮ$ -> #СРЕДНЮЮ$) = -16.42727988756446
correctionProbability (#ИЛЮЗИОН$ -> #ИЛЛЮЗИОН$) = -18.98800899353889
correctionProbability (#ОСЕНЯЯ$ -> #ОСЕННЯЯ$) = -12.124108963653853
correctionProbability (#DOCHKILSINOCHKI$ -> #DOCHKISINOCHKI$) = -31.514144986871713
correctionProbability (#ПРЕГОТОВЛЕНИЕ$ -> #ПРИГОТОВЛЕНИЕ$) = -18.58330975561256
correctionProbability (#КАМБЕРБЕТЧ$ -> #КАМБЕРБЭТЧ$) = -22.041231693250133
correctionProbability (#ДОГЗ$ -> #ДОГС$) = -15.818088896369662
correctionProbability (#RAQOSALAR$ -> #RAQQOSALAR$) = -36.62899466878382
correctionProbability (#СТОЙБИНСКИЙ$ -> #ТАЙБИНСКИЙ$) = -102.97222795711934
correctionProbability (#ГВЕРДЦЕТЕЛИ$ -> #ГВЕРДЦИТЕЛИ$) = -21.370617646350965
correctionProbability (#ПОДЬЗА$ -> #ПОЛЬЗА$) = -9.860271799046696
correctionProbability (#ВЗЛОМАНЫЙ$ -> #ВЗЛОМАННЫЙ$) = -16.232829366633858
correctionProbability (#МАГАЩИНЕ$ -> #МАГАЗИНЕ$) = -11.10793935770284
correctionProbability (#DOWLOAD$ -> #DOWNLOAD$) = -11.644434201187394
correctionProbability (#АЛГЕЬРА$ -> #АЛГЕБРА$) = -11.662839169804215
correctionProbability (#ЭКСПЕРЕМЕНТАЛЬНОГО$ -> #ЭКСПЕРИМЕНТАЛЬНОГО$) = -33.707311202709846
correctionProbability (#ФОРМУЛМ$ -> #ФОРМУЛА$) = -9.49846695499155
correctionProbability (#МЕДЛЕНО$ -> #МЕДЛЕННО$) = -17.487258715240763
correctionProbability (#САНАНДРЭС$ -> #САНАНДРЕС$) = -16.577775445058002
correctionProbability (#МАСКУВА$ -> #МОСКВА$) = -71.33822893280829
correctionProbability (#УМЕРЛП$ -> #УМЕРЛА$) = -12.823376638059433
correctionProbability (#НАХВАНИЕ$ -> #НАЗВАНИЕ$) = -11.510803766166546
correctionProbability (#АНТИСТАФИЛОКОККОВЫМ$ -> #АНТИСТАФИЛОКОККОВЫЙ$) = -38.825566747755694
correctionProbability (#ПОКАТЫ$ -> #ПЛАКАТЫ$) = -78.48593795217772
correctionProbability (#ТОРЕННТ$ -> #ТОРРЕНТ$) = -75.27220365219144
correctionProbability (#БАКТИСУПТИЛ$ -> #БАКТИСУБТИЛ$) = -26.486605744104438
correctionProbability (#ЛЬВОВВ$ -> #ЛЬВОВ$) = -14.839669041360157
correctionProbability (#РИАНЫ$ -> #РИАННЫ$) = -21.017147049940707
correctionProbability (#ОЛИВИА$ -> #ОЛИВИЯ$) = -15.144722866102843
correctionProbability (#ИМЕНОВАНЫЙ$ -> #ИМЕНОВАННЫЙ$) = -27.318187006956776
correctionProbability (#ПОГОГДА$ -> #ПОГОДА$) = -3.7161122635556048
correctionProbability (#ПОЗНАКОМТЛСЯ$ -> #ПОЗНАКОМИЛСЯ$) = -24.80912449401643
correctionProbability (#ИНДИВИДУАЛКЫ$ -> #ИНДИВИДУАЛКИ$) = -18.40606208322548
correctionProbability (#RUSSCOE$ -> #RUSSKOE$) = -17.26268822624327
correctionProbability (#ЭЬ$ -> #ЭЛЬ$) = -10.761463344075306
correctionProbability (#КАХАЙЯ$ -> #КАКАЯ$) = -75.00440577437355
correctionProbability (#ЖЕНЩИНОМИ$ -> #ЖЕНЩИНАМИ$) = -15.202157034705643
correctionProbability (#ДЕКЛАФИНАК$ -> #ДИКЛОФЕНАК$) = -147.61684702421
correctionProbability (#ЩОССЕ$ -> #ШОССЕ$) = -9.852276267767497
correctionProbability (#МЕТАЛОИСКАТЕЛЕМ$ -> #МЕТАЛЛОИСКАТЕЛЕМ$) = -27.79944575115772
correctionProbability (#ПЕТЕЛЬКОВА$ -> #МЕТЕЛЬКОВА$) = -29.949197303092923
correctionProbability (#ВОЛЕБОЛ$ -> #ВОЛЕЙБОЛ$) = -13.90834627895439
correctionProbability (#МЕТРОФАНА$ -> #МИТРОФАНА$) = -21.73533418113511
correctionProbability (#ОБЕСПЕЧЕНАЯ$ -> #ОБЕСПЕЧЕННАЯ$) = -30.83650195305878
correctionProbability (#ALLTOIME$ -> #ALLTIME$) = -22.07969304368146
correctionProbability (#СУДЕЬНЫЕ$ -> #СУДЕБНЫЕ$) = -13.350824977516602
correctionProbability (#COWER$ -> #COVER$) = -13.848396277567208
correctionProbability (#СОПРАТИВЛЕНИЯ$ -> #СОПРОТИВЛЕНИЯ$) = -22.01205016520202
correctionProbability (#ООТЗЫВЫ$ -> #ОТЗЫВЫ$) = -7.34375789877603
correctionProbability (#ДОЖЬ$ -> #ДОЖДЬ$) = -10.940632385584056
correctionProbability (#EXSPRESS$ -> #EXPRESS$) = -16.51634487753718
correctionProbability (#ЛЬОВА$ -> #ЛЕВА$) = -78.21227322501092
correctionProbability (#ТОРМАЗНУЮ$ -> #ТОРМОЗНУЮ$) = -21.932663034574126
correctionProbability (#DRJYNFNT$ -> #ВКОНТАКТЕ$) = -525.35323356121
correctionProbability (#MICROCOFT$ -> #MICROSOFT$) = -14.46876917291555
correctionProbability (#СКОРОТЬ$ -> #СКОРОСТЬ$) = -12.514394798243792
correctionProbability (#ГАРФІЛД$ -> #ГАРФИЛД$) = -14.910574065094352
correctionProbability (#ГИНЕЗИС$ -> #ГЕНЕЗИС$) = -15.92082732317428
correctionProbability (#ПОЛЕСКИЕ$ -> #ПОЛЕССКИЕ$) = -28.095709577185033
correctionProbability (#ONLYNE$ -> #ONLINE$) = -8.211624552936662
correctionProbability (#НОВЕЙШОГО$ -> #НОВЕЙШЕГО$) = -24.97944402934995
correctionProbability (#УВИДОМЛЕНИЯ$ -> #УВЕДОМЛЕНИЯ$) = -18.9653171417619
correctionProbability (#СОЧЕТАЮИСЯ$ -> #СОЧЕТАЮТСЯ$) = -21.759928369644093
correctionProbability (#СЕДЕРАТЫ$ -> #СИДЕРАТЫ$) = -20.0504195455162
correctionProbability (#WILDBERRIS$ -> #WILDBERRIES$) = -15.94950046341257
correctionProbability (#УВЕТУЩУЮ$ -> #ЦВЕТУЩУЮ$) = -23.986429515638093
correctionProbability (#ЮЖТУБ$ -> #ЮТУБ$) = -2.7401446149797124
correctionProbability (#КРАСИФЫЕ$ -> #КРАСИВЫЕ$) = -7.394913452153304
correctionProbability (#КАРЛСРУЕ$ -> #КАРЛСРУЭ$) = -23.012027521363756
correctionProbability (#АРМАГИДОН$ -> #АРМАГЕДДОН$) = -85.51500526363226
correctionProbability (#ЗЛАТАСЛАВА$ -> #ЗЛАТОСЛАВА$) = -26.39194333182604
correctionProbability (#MADRIT$ -> #MADRID$) = -15.194407985141059
correctionProbability (#ГАВАРИ$ -> #ГОВОРИ$) = -78.21759386024856
correctionProbability (#ВАСАДУЛІ$ -> #ВАСАДУЛИ$) = -33.838125607034165
correctionProbability (#ЕТНА$ -> #ЭТНА$) = -18.571762739956508
correctionProbability (#РАСТАЯНИЕ$ -> #РАССТОЯНИЕ$) = -77.79891537295083
correctionProbability (#РЕБЕГКА$ -> #РЕБЕНКА$) = -8.22672368429535
correctionProbability (#ЖАМАСИ$ -> #ЖАМОАСИ$) = -20.67783001174201
correctionProbability (#СЕРВЕРОВКА$ -> #СЕРВИРОВКА$) = -19.143531856296285
correctionProbability (#МАШРУТКИ$ -> #МАРШРУТКИ$) = -17.54956576927607
correctionProbability (#БОГАТСЬВА$ -> #БОГАТСТВА$) = -18.43822863639003
correctionProbability (#МАРЦЕНКЕВИЧ$ -> #МАРЦИНКЕВИЧ$) = -22.213173568283082
correctionProbability (#ПОЗДРАВЛЕНИН$ -> #ПОЗДРАВЛЕНИЕ$) = -13.696129868596138
correctionProbability (#ПЕНЗБЕРГ$ -> #ПЕНЦБЕРГ$) = -33.874365709185135
correctionProbability (#ЧИТЕЛЬ$ -> #УЧИТЕЛЬ$) = -12.405542009808627
correctionProbability (#YEASPORNOPLEASE$ -> #YESPORNPLEASE$) = -97.06580149542737
correctionProbability (#ТРЕНАЖОРНЫЙ$ -> #ТРЕНАЖЕРНЫЙ$) = -19.436155341584964
correctionProbability (#DELIVERI$ -> #DELIVERY$) = -15.893837776719344
correctionProbability (#КЕРИЛ$ -> #КИРИЛЛ$) = -76.70882437678995
correctionProbability (#KERCHER$ -> #KARCHER$) = -18.25966357054756
correctionProbability (#ЭЛЕНГИ$ -> #ЭЛЛИНГИ$) = -86.8229002838565
correctionProbability (#МАГИЛЕВЕ$ -> #МОГИЛЕВЕ$) = -14.528489591147583
correctionProbability (#ТЫКВЕНАЯ$ -> #ТЫКВЕННАЯ$) = -20.29845088067639
correctionProbability (#ВМКИПЕДИЯ$ -> #ВИКИПЕДИЯ$) = -9.451400980669426
correctionProbability (#ЗНАКОИСТВ$ -> #ЗНАКОМСТВ$) = -11.62796216163963
correctionProbability (#СУРЫТОГО$ -> #СКРЫТОГО$) = -18.991916338312805
correctionProbability (#JRZ$ -> #JRNZ$) = -25.2736962628493
correctionProbability (#КОРЕЙСЬКИ$ -> #КОРЕЙСКИ$) = -18.024772011442764
correctionProbability (#ИСПОЛНЕИИ$ -> #ИСПОЛНЕНИИ$) = -16.083278973215513
correctionProbability (#ВАНЗАЙ$ -> #БАНЗАЙ$) = -18.318640805246975
correctionProbability (#КОНДУКТОА$ -> #КОНДУКТОРА$) = -26.061975642124537
correctionProbability (#РЕЕПТ$ -> #РЕЦЕПТ$) = -6.79903605978085
correctionProbability (#ДОЖД$ -> #ДОЖДЬ$) = -10.895592202746048
correctionProbability (#ВЕШЬ$ -> #ВЕЩЬ$) = -14.689090365850578
correctionProbability (#ПЕРЕВВОДЧИК$ -> #ПЕРЕВОДЧИК$) = -11.165325396493145
correctionProbability (#МУРСКАЯ$ -> #МУЖСКАЯ$) = -11.846084482814632
correctionProbability (#РУСССКОГО$ -> #РУССКОГО$) = -13.117670112056267
correctionProbability (#ПОЗДРАВЛЕНИЧ$ -> #ПОЗДРАВЛЕНИЯ$) = -13.35774616436722
correctionProbability (#МАШРУТКА$ -> #МАРШРУТКА$) = -16.416253730646055
correctionProbability (#СОЛЯРИ$ -> #СОЛЯРИС$) = -13.777106366150278
correctionProbability (#МЕЗИНЦА$ -> #МИЗИНЦА$) = -20.909228299162095
correctionProbability (#СЕЛХОЗ$ -> #СЕЛЬХОЗ$) = -17.14561270581752
correctionProbability (#ТОРЕНРТ$ -> #ТОРРЕНТ$) = -75.36008879670332
correctionProbability (#ИНФОРМАЦИОНЫЕ$ -> #ИНФОРМАЦИОННЫЕ$) = -22.666740830022675
correctionProbability (#НИКИЛОДИОН$ -> #НИКЕЛОДЕОН$) = -83.57921798158331
correctionProbability (#СОБСТВЕНИК$ -> #СОБСТВЕННИК$) = -21.583040583500527
correctionProbability (#YTUBI$ -> #YOUTUBE$) = -137.0781692935537
correctionProbability (#ИТАЛИЙ$ -> #ИТАЛИИ$) = -11.241235538351976
correctionProbability (#СЕМНА$ -> #СЕМЕНА$) = -10.420635511800437
correctionProbability (#МОНОМЕТРА$ -> #МАНОМЕТРА$) = -22.439642494790498
correctionProbability (#ПОДСМОТРЕНОЕ$ -> #ПОДСМОТРЕННОЕ$) = -23.5445347582368
correctionProbability (#ЛОШТЧЕСКОЙ$ -> #ЛОГИЧЕСКОЙ$) = -88.28859884856638
correctionProbability (#МОГНИТ$ -> #МАГНИТ$) = -10.317314789420674
correctionProbability (#ХЕЛУИН$ -> #ХЭЛЛОУИН$) = -140.84117478131736
correctionProbability (#МЕТАЛУРГИИ$ -> #МЕТАЛЛУРГИИ$) = -23.4831603123572
correctionProbability (#ТРЕКИНГОВАЯ$ -> #ТРЕККИНГОВАЯ$) = -28.911250688656764
correctionProbability (#АТОНАСЯН$ -> #АТАНАСЯН$) = -13.685768474677836
correctionProbability (#КОПИФАЙТЕР$ -> #КОПИРАЙТЕР$) = -20.834996710322734
correctionProbability (#КОЖАНИЕ$ -> #КОЖАНЫЕ$) = -13.511255814124837
correctionProbability (#КАРЕСКИЙ$ -> #КОРЕЙСКИЙ$) = -80.57825236407376
correctionProbability (#ФЕНЕРА$ -> #ФАНЕРА$) = -12.936335832115187
correctionProbability (#ЯХЫК$ -> #ЯЗЫК$) = -5.748910740556656
correctionProbability (#ЕЙРАН$ -> #СЕЙРАН$) = -24.71007348151305
correctionProbability (#ФЕРАРА$ -> #ФЕРРАРА$) = -22.054087272469104
correctionProbability (#СЛВОА$ -> #СЛОВА$) = -73.77091454526945
correctionProbability (#МЕТИЛУРАЦИ$ -> #МЕТИЛУРАЦИЛ$) = -23.59703507281879
correctionProbability (#МСКВА$ -> #МОСКВА$) = -4.701177083794647
correctionProbability (#АВТРСПОРТ$ -> #АВТОСПОРТ$) = -19.04041430266812
correctionProbability (#ЛЕТЕРАТУРНОЕ$ -> #ЛИТЕРАТУРНОЕ$) = -19.026148779708954
correctionProbability (#РОБЛШОКС$ -> #РОБЛОКС$) = -9.87884620675981
correctionProbability (#СПИСКНИЕ$ -> #СПИСАНИЕ$) = -15.083067526782521
correctionProbability (#МТОИТ$ -> #СТОИТ$) = -6.575636258109988
correctionProbability (#ДЕРЕВЯЧЕНКО$ -> #ДЕРЕВЯНЧЕНКО$) = -18.584445539056468
correctionProbability (#МАСТЕРКАРТ$ -> #МАСТЕРКАРД$) = -19.785668751802504
correctionProbability (#РЭЛЕ$ -> #РЕЛЕ$) = -10.371676851695849
correctionProbability (#ПЛЕЙСТЕШН$ -> #ПЛЕЙСТЕЙШЕН$) = -85.44566468751395
correctionProbability (#ТРЕБУЕЕЩИЕ$ -> #ТРЕБУЮЩИЕ$) = -86.77341583189647
correctionProbability (#БЕРЕДУАЛОМ$ -> #БЕРОДУАЛОМ$) = -24.089096196882103
correctionProbability (#ЗАРЛПАТЫ$ -> #ЗАРПЛАТЫ$) = -81.89559064581869
correctionProbability (#ЧЯНДЕКС$ -> #ЯНДЕКС$) = -4.778858087004796
correctionProbability (#РИБНЫЙ$ -> #РЫБНЫЙ$) = -14.852689436585269
correctionProbability (#СИЗОН$ -> #СЕЗОН$) = -2.157161159315198
correctionProbability (#ЧИСКЕЙКИ$ -> #ЧИЗКЕЙКИ$) = -24.70658617086074
correctionProbability (#XHMASTER$ -> #XHAMSTER$) = -82.46947857437216
correctionProbability (#ДОМОИ$ -> #ДОМОЙ$) = -10.589268760375798
correctionProbability (#СОРТМАСТЕР$ -> #СПОРТМАСТЕР$) = -15.633905331670285
correctionProbability (#ЛІША$ -> #ЛІГА$) = -16.031478284946107
correctionProbability (#РОССИСКОЙ$ -> #РОССИЙСКОЙ$) = -14.536101853251175
correctionProbability (#СОЛЯРУ$ -> #СОЛЯРКУ$) = -21.97595853177704
correctionProbability (#УВИДОМЛЕНИЕ$ -> #УВЕДОМЛЕНИЕ$) = -17.726678762591362
correctionProbability (#ФЕРАРЕ$ -> #ФЕРРАРИ$) = -80.89530462021862
correctionProbability (#АНАДЫРИ$ -> #АНАДЫРЯ$) = -24.6297593148997
correctionProbability (#АРМВЫИР$ -> #АРМАВИР$) = -81.8380072982463
correctionProbability (#VLADINIC$ -> #VLADIMIR$) = -84.31779342785944
correctionProbability (#ГЛИСТОА$ -> #ГЛИСТОВ$) = -16.12396810324195
correctionProbability (#ДОМОФ$ -> #ДОМОВ$) = -8.098532319677226
correctionProbability (#ПАГАНКА$ -> #ПОГАНКА$) = -18.61889113674036
correctionProbability (#ПРАДНИКИ$ -> #ПРАЗДНИКИ$) = -12.977515036087674
correctionProbability (#HCTION$ -> #ACTION$) = -14.425052364558322
correctionProbability (#ЗУБНА$ -> #ЗУБНАЯ$) = -14.04716442229996
correctionProbability (#БАЛГАРСКИЙ$ -> #БОЛГАРСКИЙ$) = -18.90461262754406
correctionProbability (#СУММЕРКИ$ -> #СУМЕРКИ$) = -13.002761100812869
correctionProbability (#САРАИКИН$ -> #САРАЙКИН$) = -26.089062414830472
correctionProbability (#ВЕШИ$ -> #ВЕЩИ$) = -10.118164519328833
correctionProbability (#ЕЛЕОНОРА$ -> #ЭЛЕОНОРА$) = -18.60365420047043
correctionProbability (#ТВРЫ$ -> #ТУРЫ$) = -6.4318564407548635
correctionProbability (#МНОГОЛЕТНАЯ$ -> #МНОГОДЕТНАЯ$) = -22.804003061776832
correctionProbability (#ТОНЛАЙН$ -> #ОНЛАЙН$) = -3.126536829630968
correctionProbability (#ФИАЛЕТОВЫЙ$ -> #ФИОЛЕТОВЫЙ$) = -17.2980418496308
correctionProbability (#ПАРОДИЕ$ -> #ПАРОДИЯ$) = -13.778986975808984
correctionProbability (#ФЕМЕНИЗМ$ -> #ФЕМИНИЗМ$) = -21.254338956234164
correctionProbability (#ТАРЭНТ$ -> #ТОРРЕНТ$) = -137.59335577092918
correctionProbability (#ПАРРЛЬ$ -> #ПАРОЛЬ$) = -10.663170918668865
correctionProbability (#УЧАВСТВУЕТ$ -> #УЧАСТВУЕТ$) = -23.546791559749927
correctionProbability (#SELONA$ -> #SELENA$) = -16.562774669501255
correctionProbability (#ПИЛОСОС$ -> #ПЫЛЕСОС$) = -76.29072797825029
correctionProbability (#ЕТЛИ$ -> #ПЕТЛИ$) = -12.954754078917649
correctionProbability (#ЧИМПИОН$ -> #ЧЕМПИОН$) = -13.796668921102452
correctionProbability (#ПЯТРОЧКА$ -> #ПЯТЕРОЧКА$) = -15.357424486730558
correctionProbability (#ЧЕЬУ$ -> #ЧЕМУ$) = -7.9586593728285635
correctionProbability (#БУЕТ$ -> #БУДЕТ$) = -8.333310223514747
correctionProbability (#ЗАКОМСТВА$ -> #ЗНАКОМСТВА$) = -11.313874844951947
correctionProbability (#АВТОМОБИЛНЫЙ$ -> #АВТОМОБИЛЬНЫЙ$) = -18.925309826209308
correctionProbability (#БЕСПЛТАНЫЕ$ -> #БЕСПЛАТНЫЕ$) = -80.24007483034538
correctionProbability (#ЛУКАМОРЬЯ$ -> #ЛУКОМОРЬЯ$) = -15.926209923402872
correctionProbability (#БРЭКСИТ$ -> #БРЕКСИТ$) = -19.443076645058028
correctionProbability (#LUKY$ -> #LUCKY$) = -14.26602823046684
correctionProbability (#ЛИЗОБАК$ -> #ЛИЗОБАКТ$) = -18.70936797259661
correctionProbability (#ЧЕШО$ -> #ЧЕГО$) = -6.991429368399832
correctionProbability (#ТАЛИНА$ -> #ТАЛЛИНА$) = -19.69206577379518
correctionProbability (#АЛФАФИТ$ -> #АЛФАВИТ$) = -10.239961978039318
correctionProbability (#СНИМАТ$ -> #СНИМАТЬ$) = -15.014622407345477
correctionProbability (#ПОЧТАМП$ -> #ПОЧТАМТ$) = -21.167237674198503
correctionProbability (#ПФИША$ -> #АФИША$) = -7.778032734551896
correctionProbability (#ANDIROID$ -> #ANDROID$) = -13.866110813915476
correctionProbability (#ЖИТОН$ -> #ЖЕТОН$) = -16.831146454909227
correctionProbability (#БОЛТШИЕ$ -> #БОЛЬШИЕ$) = -9.84398869068211
correctionProbability (#КАЗНИИСА$ -> #КАЗНИИССА$) = -25.43141991259393
correctionProbability (#ПОСТРОИНА$ -> #ПОСТРОЕНА$) = -21.61359427915962
correctionProbability (#РЕПРОДУКЦІЯ$ -> #РЕПРОДУКЦИЯ$) = -21.313207142446657
correctionProbability (#РОЬБЛОКС$ -> #РОБЛОКС$) = -9.810902684650344
correctionProbability (#ФОТКЫ$ -> #ФОТКИ$) = -9.255707436707272
correctionProbability (#ВАДБЕРИС$ -> #ВАЛДБЕРИС$) = -13.148535667506614
correctionProbability (#МАЙКРФТ$ -> #МАЙНКРАФТ$) = -73.84393126188193
correctionProbability (#ДЕЯТЕЬНОСТИ$ -> #ДЕЯТЕЛЬНОСТИ$) = -16.386723552948283
correctionProbability (#ДОМОХАЗЯЙКИ$ -> #ДОМОХОЗЯЙКИ$) = -18.016942198884834
correctionProbability (#ШПАТЛИ$ -> #ШПАТЕЛИ$) = -23.20576263401231
correctionProbability (#СТОИШ$ -> #СТОИШЬ$) = -18.615075135110114
correctionProbability (#ЛИЖЕ$ -> #ЛИЖЕТ$) = -13.186955053914833
correctionProbability (#TRIMYDREAM$ -> #TRIPMYDREAM$) = -21.902005986268108
correctionProbability (#КЭДФАЭЛ$ -> #КАДФАЭЛЬ$) = -91.92414946352203
correctionProbability (#КОМУТАТОРА$ -> #КОММУТАТОРА$) = -24.73436588719281
correctionProbability (#INDONASIA$ -> #INDONESIA$) = -18.085657334562917
correctionProbability (#БАИИНКИ$ -> #БОТИНКИ$) = -76.76490132221205
correctionProbability (#СУБТИРТРЫ$ -> #СУБТИТРЫ$) = -17.99228616540133
correctionProbability (#ЕРНЕСТ$ -> #ЭРНЕСТ$) = -17.992182830724172
correctionProbability (#МЕДИЦИНСКИЦ$ -> #МЕДИЦИНСКИЙ$) = -14.46321782167805
correctionProbability (#ШИНШИЛ$ -> #ШИНШИЛЛ$) = -19.866536741212293
correctionProbability (#ОТТЕКИ$ -> #ОТЕКИ$) = -18.071009089040952
correctionProbability (#ПАМАДА$ -> #ПОМАДА$) = -13.440595047154705
correctionProbability (#МОЛОДЕНКИХ$ -> #МОЛОДЕНЬКИХ$) = -20.78201180427572
correctionProbability (#TRSNSAQ$ -> #TRANSAQ$) = -24.236672792015796
correctionProbability (#ШУМАҚТАР$ -> #ШУМАҚТАРЫ$) = -24.372480631138913
correctionProbability (#САДАВОДОВ$ -> #САДОВОДОВ$) = -20.02376167410427
correctionProbability (#ЕАНГИ$ -> #ЙАНГИ$) = -24.288234339447726
correctionProbability (#ATLON$ -> #ATHLON$) = -18.67126861545393
correctionProbability (#DONATALERTS$ -> #DONATIONALERTS$) = -157.50271359447984
correctionProbability (#ШКАВ$ -> #ШКАФ$) = -7.582832663633326
correctionProbability (#МУЖЩИН$ -> #МУЖЧИН$) = -8.580050310077095
correctionProbability (#ОТВЕТОМИ$ -> #ОТВЕТАМИ$) = -12.680030523559616
correctionProbability (#ЧИКИСТЫ$ -> #ЧЕКИСТЫ$) = -22.157953875804893
correctionProbability (#ЛЕЧБИ$ -> #ЛЕСБИ$) = -9.699673539433253
correctionProbability (#ФИТЛЬМ$ -> #ФИЛЬМ$) = -3.662579188571634
correctionProbability (#УКРАИЕЫ$ -> #УКРАИНЫ$) = -10.036565074566553
correctionProbability (#КОМПАЙОН$ -> #КОМПАНЙОН$) = -35.290640680898015
correctionProbability (#ВЕЛОТРПНАЖЕР$ -> #ВЕЛОТРЕНАЖЕР$) = -21.864595074308916
correctionProbability (#РАВЕЛ$ -> #АРАВЕЛ$) = -13.30935986100403
correctionProbability (#ДИЦЕЙ$ -> #ЛИЦЕЙ$) = -10.49532606432069
correctionProbability (#ЫНСТАГРАМ$ -> #ИНСТАГРАМ$) = -8.569486302050926
correctionProbability (#ШЕИЛА$ -> #ШЕЙЛА$) = -20.459628399518802
correctionProbability (#ФОКСФОРЛД$ -> #ФОКСФОРД$) = -19.08205613229603
correctionProbability (#ПРЕСМАРАФОН$ -> #КРАСМАРАФОН$) = -101.48012142446738
correctionProbability (#МАНИТОР$ -> #МОНИТОР$) = -12.977581326508997
correctionProbability (#SATELIT$ -> #SATELLITE$) = -84.31855149573397
correctionProbability (#НАСОРОГ$ -> #НОСОРОГ$) = -18.028768629093605
correctionProbability (#УЕНТРА$ -> #ЦЕНТРА$) = -11.485776184248056
correctionProbability (#СТОИИ$ -> #СТОИТ$) = -6.569011455459897
correctionProbability (#ФРАНЦУЗКОМУ$ -> #ФРАНЦУЗСКОМУ$) = -23.1094983357982
correctionProbability (#ПЕРПЕВОДЧИК$ -> #ПЕРЕВОДЧИК$) = -11.173704458237289
correctionProbability (#ВАКАКНСИИ$ -> #ВАКАНСИИ$) = -10.659785565158629
correctionProbability (#ВЫСАТА$ -> #ВЫСОТА$) = -11.519085079488061
correctionProbability (#ТАЛИНН$ -> #ТАЛЛИН$) = -83.45092183364994
correctionProbability (#ПЛЕТЫ$ -> #ПЛИТЫ$) = -11.003231346101973
correctionProbability (#РЕЙСТАЛЛИНГ$ -> #РЕСТАЙЛИНГ$) = -85.3970782912913
correctionProbability (#ИБАНКИНГ$ -> #БАНКИНГ$) = -13.022444732284058
correctionProbability (#БОЛЬНИУА$ -> #БОЛЬНИЦА$) = -11.321542079984184
correctionProbability (#ADOVE$ -> #ADOBE$) = -11.007839742848002
correctionProbability (#ЕЙР$ -> #ЭЙР$) = -11.479812246438453
correctionProbability (#ПРООТИВ$ -> #ПРОТИВ$) = -10.393199862471729
correctionProbability (#МОЛОДЕНКИЕ$ -> #МОЛОДЕНЬКИЕ$) = -19.30461086380697
correctionProbability (#ЕВЕРАЛ$ -> #ЕВЕРАЛЛ$) = -33.4409197457835
correctionProbability (#ГАДИНА$ -> #ГАЛИНА$) = -11.178722516025761
correctionProbability (#ЕКАТЕРИНСКОЕ$ -> #ЕКАТЕРИНИНСКОЕ$) = -89.76546274784943
correctionProbability (#ЕЙО$ -> #ЕЕ$) = -75.0838974565987
correctionProbability (#САДЬБЫ$ -> #СВАДЬБЫ$) = -11.67922975621515
correctionProbability (#ВЕНИЛ$ -> #ВИНИЛ$) = -15.749948344063359
correctionProbability (#ВЕТЕРЕНАРНЫЙ$ -> #ВЕТЕРИНАРНЫЙ$) = -22.113894715053895
correctionProbability (#РЕКТОНЫ$ -> #РИНГТОНЫ$) = -144.94560597075696
correctionProbability (#КОТУР$ -> #КОНТУР$) = -11.409999355374314
correctionProbability (#БЕЖИЙ$ -> #БЕЖИН$) = -17.11105968483105
correctionProbability (#РИТЕР$ -> #РИТТЕР$) = -19.732374170986485
correctionProbability (#ИНЛЕКС$ -> #ИНДЕКС$) = -9.401804024183338
correctionProbability (#ДИЗИЛЬ$ -> #ДИЗЕЛЬ$) = -10.173815928889805
correctionProbability (#INSAGRAM$ -> #INSTAGRAM$) = -13.57035106217836
correctionProbability (#АДЕКСЕЙ$ -> #АЛЕКСЕЙ$) = -9.710412211489114
correctionProbability (#СТИЛАЖ$ -> #СТЕЛЛАЖ$) = -78.99054604895417
correctionProbability (#ПАМАГИ$ -> #ПОМОГИ$) = -80.50177915926267
correctionProbability (#МАТОРА$ -> #МОТОРА$) = -14.262382042197661
correctionProbability (#ОТУРЫТКА$ -> #ОТКРЫТКА$) = -10.718732736069917
correctionProbability (#ФОТОСТРАН$ -> #ФОТОСТРАНА$) = -10.622330191224641
correctionProbability (#ПОДБЕРЕЗОВИКО$ -> #ПОДБЕРЕЗОВИКИ$) = -28.33911960401334
correctionProbability (#ПЛЧЖЕ$ -> #ПЛЯЖЕ$) = -10.535179558747362
correctionProbability (#SORY$ -> #SORRY$) = -16.219500944632447
correctionProbability (#ОКЛАСНИК$ -> #ОДНОКЛАССНИКИ$) = -273.0627693408147
correctionProbability (#СКОЛЬПО$ -> #СКОЛЬКО$) = -6.038535290523832
correctionProbability (#ВЧЕР$ -> #ВЕЧЕР$) = -9.626191552816774
correctionProbability (#ПЕСПЛАТНОЕ$ -> #БЕСПЛАТНОЕ$) = -14.712580976501606
correctionProbability (#AKROBAT$ -> #ACROBAT$) = -17.48885636221756
correctionProbability (#ФЛЕШУ$ -> #ФЛЕШКУ$) = -13.258410848213774
correctionProbability (#МУЖСКОГ$ -> #МУЖСКОГО$) = -16.85214309597246
correctionProbability (#ПОДРОСТКОА$ -> #ПОДРОСТКОВ$) = -14.387954366737482
correctionProbability (#КОМПЬЮТНР$ -> #КОМПЬЮТЕР$) = -11.343857175368115
correctionProbability (#КЫНОГО$ -> #КИНОГО$) = -11.111586099669115
correctionProbability (#ТОРМАЗНОЙ$ -> #ТОРМОЗНОЙ$) = -16.353558638837505
correctionProbability (#ADOUT$ -> #ABOUT$) = -11.659121893912573
correctionProbability (#ТРНСЛЯЦИЯ$ -> #ТРАНСЛЯЦИЯ$) = -13.580427664670644
correctionProbability (#ТАШКЕТ$ -> #ТАШКЕНТ$) = -13.667061557711008
correctionProbability (#СТОЙТ$ -> #СТОИТ$) = -6.582045233876794
correctionProbability (#МЕЛОТОНИН$ -> #МЕЛАТОНИН$) = -19.774602631562544
correctionProbability (#ЧЕМПИАНАТИ$ -> #ЧЕМПИОНАТ$) = -78.46963099024207
correctionProbability (#ОТТЕЛИ$ -> #ОТЕЛИ$) = -12.005834885415371
correctionProbability (#ПОЗДРАИТЬ$ -> #ПОЗДРАВИТЬ$) = -16.162235370721923
correctionProbability (#СОЛНИЧНОВА$ -> #СОЛНЕЧНОГО$) = -149.93701635050974
correctionProbability (#YERS$ -> #YEARS$) = -14.81016391759798
correctionProbability (#СОЧИНЕНИ$ -> #СОЧИНЕНИЕ$) = -12.851801255194921
correctionProbability (#КАЗТЕЛЕКОМ$ -> #КАЗАХТЕЛЕКОМ$) = -86.95030780447615
correctionProbability (#ПОАТА$ -> #ПЛАТА$) = -11.251251558137216
correctionProbability (#ГОСУСЛ$ -> #ГОСУСЛУГИ$) = -140.44799374388478
correctionProbability (#ПОТРОЛ$ -> #ПАТРОЛ$) = -16.837255776324167
correctionProbability (#КОТОРХ$ -> #КОТОРЫХ$) = -12.916274084926805
correctionProbability (#ОСНАВАНИЯ$ -> #ОСНОВАНИЯ$) = -16.246446154173732
correctionProbability (#UNIZOOI$ -> #UNIZOO$) = -25.634061710528
correctionProbability (#НСДЕЖДЫ$ -> #НАДЕЖДЫ$) = -14.330502602874937
correctionProbability (#МИЗМО$ -> #МУЗМО$) = -14.181221733203127
correctionProbability (#СКОЛКЬО$ -> #СКОЛЬКО$) = -73.7934717592279
correctionProbability (#ДИЗИЛЕ$ -> #ДИЗЕЛЕ$) = -17.243143565649344
correctionProbability (#COLLOFWAR$ -> #CALLOFWAR$) = -35.04803111251081
correctionProbability (#СОЧИНЕНЕ$ -> #СОЧИНЕНИЕ$) = -12.849935087639608
correctionProbability (#IHER$ -> #IHERB$) = -13.748545013926016
correctionProbability (#КРЕСНИКА$ -> #КРЕСТНИКА$) = -23.007442848486285
correctionProbability (#КЛЕЙТЬ$ -> #КЛЕИТЬ$) = -13.659316982569653
correctionProbability (#ИНДЯ$ -> #ИНДИЯ$) = -11.443654237162743
correctionProbability (#КОБАТ$ -> #КОМБАТ$) = -12.813101016339633
correctionProbability (#ПРОТЯЖОННОСТЬ$ -> #ПРОТЯЖЕННОСТЬ$) = -24.85943483030534
correctionProbability (#ОТКРЫТЕЕ$ -> #ОТКРЫТИЕ$) = -11.296863238778066
correctionProbability (#ОРАНЬЖЕВАЯ$ -> #ОРАНЖЕВАЯ$) = -19.901312424426273
correctionProbability (#КОТОРЯ$ -> #КОТОРАЯ$) = -13.068854936939147
correctionProbability (#ЮТУБЮЮ$ -> #ЮТУБ$) = -70.03667543918571
correctionProbability (#КҮНДЕІК$ -> #КҮНДЕЛІК$) = -9.95671844077144
correctionProbability (#НОВОТРИЦКА$ -> #НОВОТРОИЦКА$) = -24.57928732096486
correctionProbability (#КОНТИНЕТ$ -> #КОНТИНЕНТ$) = -16.503178042428672
correctionProbability (#ОДЕЛКА$ -> #ОТДЕЛКА$) = -12.47987523555026
correctionProbability (#МУЖСКОЦ$ -> #МУЖСКОЙ$) = -11.055008784295744
correctionProbability (#ДННПРА$ -> #ДНЕПРА$) = -16.314739403042385
correctionProbability (#ЯЛЯЕТСЯ$ -> #ЯВЛЯЕТСЯ$) = -13.329017489044581
correctionProbability (#КОТОРЫ$ -> #КОТОРЫЙ$) = -11.486643019921374
correctionProbability (#АНЕКСИЯ$ -> #АННЕКСИЯ$) = -24.98050337022213
correctionProbability (#ХАРАКТЕРСТИКА$ -> #ХАРАКТЕРИСТИКА$) = -17.690989286693025
correctionProbability (#ФЕНЕКС$ -> #ФЕНИКС$) = -10.967938292533962
correctionProbability (#ВИЖИВАНИЯ$ -> #ВЫЖИВАНИЕ$) = -79.0738274468748
correctionProbability (#ГАДАЛЬНИХ$ -> #ГАДАЛЬНЫХ$) = -27.58577995438589
correctionProbability (#ПОЗДРАВЛЕНТЕ$ -> #ПОЗДРАВЛЕНИЕ$) = -13.69359035568339
correctionProbability (#РЕПРОДУКЦІЇ$ -> #РЕПРОДУКЦИИ$) = -86.42398557289654
correctionProbability (#КУЛИЧИКАХ$ -> #КУЛИЧКАХ$) = -14.363764917311627
correctionProbability (#УСТАНАВИТЬ$ -> #УСТАНОВИТЬ$) = -12.011763478785944
correctionProbability (#ОТКРЫТЕИ$ -> #ОТКРЫТКИ$) = -8.998007497535234
correctionProbability (#МОТООХОТА$ -> #ФОТООХОТА$) = -26.102898175748983
correctionProbability (#КОТОРЕ$ -> #КОТОРЫЕ$) = -9.960181826022833
correctionProbability (#БРОКАЛИ$ -> #БРОККОЛИ$) = -81.28032631588847
correctionProbability (#БИБЛИ$ -> #БИБЛИО$) = -13.88669525580389
correctionProbability (#ВІДІЛЕННЯ$ -> #ВІДДІЛЕННЯ$) = -21.936520349729
correctionProbability (#EXPLOVER$ -> #EXPLORER$) = -15.920098685157605
correctionProbability (#КОЗЮЧИЦ$ -> #КАЗЮЧИЦ$) = -19.554367953970363
correctionProbability (#САЙЕТ$ -> #САЙТ$) = -2.98801303039512
correctionProbability (#ТРНСЛЯЦИИ$ -> #ТРАНСЛЯЦИИ$) = -16.119377374353654
correctionProbability (#БУВУ$ -> #БУКВУ$) = -11.028667184369635
correctionProbability (#МДЕЕЛЬ$ -> #МОДЕЛЬ$) = -77.70958999600204
correctionProbability (#GARRIS$ -> #GARRYS$) = -17.291923984297316
correctionProbability (#КОТОРА$ -> #КОТОРАЯ$) = -13.038982772887977
correctionProbability (#СПРЕЖЕНИЕ$ -> #СПРЯЖЕНИЕ$) = -17.18347712259675
correctionProbability (#КОНТРАЛЕРОМ$ -> #КОНТРОЛЕРОМ$) = -26.80583180044362
correctionProbability (#ВНУТРЕМЫШЕЧНО$ -> #ВНУТРИМЫШЕЧНО$) = -23.91391737957033
correctionProbability (#ПРЕДСТОВЛЯЕТ$ -> #ПРЕДСТАВЛЯЕТ$) = -17.923391725101986
correctionProbability (#ТОУОТА$ -> #ТОЙОТА$) = -8.891064904113751
correctionProbability (#ИНТЕРПСНОГО$ -> #ИНТЕРЕСНОГО$) = -21.099772441290852
correctionProbability (#ЛЮДЦЕ$ -> #БЛЮДЦЕ$) = -18.857234898988235
correctionProbability (#ФОКСФОРОД$ -> #ФОКСФОРД$) = -19.069217388552914
correctionProbability (#ФЭРОПОРТ$ -> #АЭРОПОРТ$) = -10.863183951984837
correctionProbability (#КОТОРЙ$ -> #КОТОРЫЙ$) = -11.517381358225258
correctionProbability (#ИГНОБЕЛЕВСКАЯ$ -> #НОБЕЛЕВСКАЯ$) = -91.35372433827513
correctionProbability (#LANCIE$ -> #LANCIA$) = -22.147447627109628
correctionProbability (#БУВЬ$ -> #ОБУВЬ$) = -8.379976880063051
correctionProbability (#КАТАСРОФЫ$ -> #КАТАСТРОФЫ$) = -16.994987250097225
correctionProbability (#ЭКСПЛУАТИРУЮЩЕ$ -> #ЭКСПЛУАТИРУЮЩЕЙ$) = -28.454754928282554
correctionProbability (#САМОЛОТЕ$ -> #САМОЛЕТЕ$) = -14.668582565756587
correctionProbability (#БУВЫ$ -> #БУКВЫ$) = -8.52138663429848
correctionProbability (#СТОКУ$ -> #СТРОКУ$) = -16.06694308665436
correctionProbability (#МЛАДШОЙ$ -> #МЛАДШЕЙ$) = -12.722205778408743
correctionProbability (#ОТКЛЬ$ -> #ОТЕЛЬ$) = -7.023584148997077
correctionProbability (#ВАЛДБЕРИСС$ -> #ВАЛДБЕРИС$) = -15.026296478745124
correctionProbability (#ИНМТАГРАММ$ -> #ИНСТАГРАМ$) = -75.81925964056033
correctionProbability (#ЮТРУБ$ -> #ЮТУБ$) = -2.693351948307349
correctionProbability (#АЫЗВАТЬ$ -> #ВЫЗВАТЬ$) = -13.22859080953252
correctionProbability (#ЭНТЕРНЕТЕ$ -> #ИНТЕРНЕТЕ$) = -11.253031277751674
correctionProbability (#ПРОГПАММА$ -> #ПРОГРАММА$) = -8.621337486750598
correctionProbability (#AIRPOTS$ -> #AIRPODS$) = -16.256719425832237
correctionProbability (#WAHTSAPP$ -> #WHATSAPP$) = -80.22420156254208
correctionProbability (#DOCHKOISINOCHKI$ -> #DOCHKISINOCHKI$) = -31.517364535920095
correctionProbability (#ЗАВІТІНСК$ -> #ЗАВИТИНСК$) = -89.34477393851476
correctionProbability (#ВЕТЛИЧЕБНИЦА$ -> #ВЕТЛЕЧЕБНИЦА$) = -24.19618732850151
correctionProbability (#РЕКАЛИЗАЦИЮ$ -> #РЕАЛИЗАЦИЮ$) = -23.30477309942446
correctionProbability (#БЛЕКСА$ -> #БЛИКСА$) = -24.512549011342117
correctionProbability (#ВЕКТОРІ$ -> #ВЕКТОРЫ$) = -16.756353931838035
correctionProbability (#КАЛЬЕУЛЯТОР$ -> #КАЛЬКУЛЯТОР$) = -12.185785146753311
correctionProbability (#ОСНАВАНИЕ$ -> #ОСНОВАНИЕ$) = -16.569345177951142
correctionProbability (#PARNYXA$ -> #PORNUXA$) = -84.4742230058233
correctionProbability (#РОЩЩА$ -> #РОЩА$) = -14.475472078184186
correctionProbability (#INDEXU$ -> #INDEX$) = -18.251837312245517
correctionProbability (#МУТИШ$ -> #МУТИШЬ$) = -25.450722425996062
correctionProbability (#ЕЛФ$ -> #ЭЛЬФ$) = -79.3139810518628
correctionProbability (#РЕКОМЕНДАЦИ$ -> #РЕКОМЕНДАЦИИ$) = -18.684262230053967
correctionProbability (#КАНВОЙ$ -> #КОНВОЙ$) = -16.715015691521888
correctionProbability (#ДОВА$ -> #ВДОВА$) = -14.616612182492577
correctionProbability (#ФОРМУКА$ -> #ФОРМУЛА$) = -9.459860758975019
correctionProbability (#КУНИЛЛИНГУСА$ -> #КУНИЛИНГУСА$) = -25.433816000688793
correctionProbability (#ОТУРЫТКИ$ -> #ОТКРЫТКИ$) = -8.994294288391409
correctionProbability (#ЭМВЕЙ$ -> #АМВЕЙ$) = -12.509044734278046
correctionProbability (#ВОЛОДИМЕР$ -> #ВОЛОДИМИР$) = -19.81593699970012
correctionProbability (#УШЕЛЬЕ$ -> #УЩЕЛЬЕ$) = -15.80585756347789
correctionProbability (#UNIZOPO$ -> #UNIZOO$) = -25.65038185610885
correctionProbability (#НЯНЧАНГЕ$ -> #НЯЧАНГЕ$) = -19.80223483560212
correctionProbability (#ФИЬМА$ -> #ФИЛЬМА$) = -9.961412242167828
correctionProbability (#ГИПОАЛЕРГЕННЫЙ$ -> #ГИПОАЛЛЕРГЕННЫЙ$) = -28.45159701231608
correctionProbability (#ПРЕСТОЛЫО$ -> #ПРЕСТОЛОВ$) = -79.5013250608958
correctionProbability (#FUDBOL24$ -> #FUTBOL24$) = -21.381595785157202
correctionProbability (#2020Р$ -> #2020$) = -6.973026102783908
correctionProbability (#DUBLE$ -> #DOUBLE$) = -15.550678195658637
correctionProbability (#PEART$ -> #PEARL$) = -15.368946028108272
correctionProbability (#УМЕРТО$ -> #УМБЕРТО$) = -21.624095251271918
correctionProbability (#СКОЛЬНО$ -> #СКОЛЬКО$) = -6.035367726650485
correctionProbability (#DOLLR$ -> #DOLLAR$) = -16.595933326503346
correctionProbability (#ВКРУГ$ -> #ВОКРУГ$) = -11.549663266784496
correctionProbability (#RESEPT$ -> #RECEPT$) = -18.768796524270723
correctionProbability (#ИНТИВ$ -> #ИНТИМ$) = -10.285879139647069
correctionProbability (#ОПАСТНО$ -> #ОПАСНО$) = -17.621294696933465
correctionProbability (#СКАЧТАТЬ$ -> #СКАЧАТЬ$) = -4.989663052023401
correctionProbability (#ПРИЧТЫ$ -> #ПРИТЧИ$) = -148.2670962297068
correctionProbability (#БУВА$ -> #БУКВА$) = -9.443241401463897
correctionProbability (#ЛГОТЫ$ -> #ЛЬГОТЫ$) = -12.751740378281514
correctionProbability (#FESSBOOK$ -> #FACEBOOK$) = -138.87236866637966
correctionProbability (#КАРПБК$ -> #КАРПЮК$) = -15.628964854848238
correctionProbability (#ОКВЕДЫ$ -> #ОКВЭДЫ$) = -17.279564638959574
correctionProbability (#ТЕЛЕВТЗОР$ -> #ТЕЛЕВИЗОР$) = -12.706093958599368
correctionProbability (#СПАГЕТИ$ -> #СПАГЕТТИ$) = -18.34322794945961
correctionProbability (#СЕМТЯ$ -> #СЕМЬЯ$) = -8.055222867400449
correctionProbability (#ИСТОНИЯ$ -> #ЭСТОНИЯ$) = -15.346455757442698
correctionProbability (#РОЗМИНКА$ -> #РАЗМИНКА$) = -16.69700865566376
correctionProbability (#ЖЕВОТНОЕ$ -> #ЖИВОТНОЕ$) = -14.422867801749625
correctionProbability (#TENSENT$ -> #TENCENT$) = -17.69314161613201
correctionProbability (#СЕСЯЧНЫЕ$ -> #МЕСЯЧНЫЕ$) = -15.328716510013848
correctionProbability (#ЗНАЙОМС$ -> #ЗНАЙОМСТВ$) = -86.79928300743357
correctionProbability (#ЕНД$ -> #ЭНД$) = -10.554489483068249
correctionProbability (#ФАБРТКА$ -> #ФАБРИКА$) = -10.84320323450131
correctionProbability (#ЧАЦ$ -> #ЧАЙ$) = -9.017330279656765
correctionProbability (#ДВАЙНОЙ$ -> #ДВОЙНОЙ$) = -13.741753112787393
correctionProbability (#КНОПА$ -> #КНОПКА$) = -13.208362721488424
correctionProbability (#КАЗНАЧЕСТВО$ -> #КАЗНАЧЕЙСТВО$) = -21.962106427020366
correctionProbability (#ОПРЕАТОР$ -> #ОПЕРАТОР$) = -79.97350060400741
correctionProbability (#ТАВАРОВ$ -> #ТОВАРОВ$) = -9.59893903623258
correctionProbability (#ОСТРАВ$ -> #ОСТРОВ$) = -9.46751774622319
correctionProbability (#УНЕВЕРМАГ$ -> #УНИВЕРМАГ$) = -20.4515162170595
correctionProbability (#ФРАНЦУЗКО$ -> #ФРАНЦУЗСКО$) = -24.794577309445593
correctionProbability (#ПОЕЯТИЕ$ -> #ПОНЯТИЕ$) = -12.678120992325482
correctionProbability (#МОСКВИЧЕМ$ -> #МОСКВИЧОМ$) = -26.478756084010307
correctionProbability (#ЗАУРБЕЖ$ -> #ЗАРУБЕЖ$) = -89.80733514951228
correctionProbability (#ОБЯВЛЕН$ -> #ОБЪЯВЛЕНИЯ$) = -143.47735411799428
correctionProbability (#ЮОЛЬШЕ$ -> #БОЛЬШЕ$) = -10.023376510771957
correctionProbability (#АДМИНИМТРАТОР$ -> #АДМИНИСТРАТОР$) = -19.35002324852475
correctionProbability (#SOUN$ -> #SOUND$) = -14.280808656055772
correctionProbability (#АЛЛОПЕЦИИ$ -> #АЛОПЕЦИИ$) = -25.58533053122634
correctionProbability (#ФОТКО$ -> #ФОТО$) = -3.071785933942632
correctionProbability (#ЯНДОКС$ -> #ЯНДЕКС$) = -2.2591507988003237
correctionProbability (#ФИЗИОТЕНС$ -> #ФИЗИОТЕНЗ$) = -19.880252922989634
correctionProbability (#ПОЛУКРУГЛИ$ -> #ПОЛУКРУГЛЫЙ$) = -89.77963783454547
correctionProbability (#МИЛЕНЬКАЯ$ -> #МАЛЕНЬКАЯ$) = -13.209752361079737
correctionProbability (#ИЗПОЛЬЗУЯ$ -> #ИСПОЛЬЗУЯ$) = -16.90600527456744
correctionProbability (#ШРУЗА$ -> #ШРУСА$) = -15.976703122115733
correctionProbability (#ОТКЛИ$ -> #ОТЕЛИ$) = -9.545347770927474
correctionProbability (#АПИЛКИ$ -> #ОПИЛКИ$) = -17.419808217671477
correctionProbability (#ПРАСУТКА$ -> #ПРАСТУТКА$) = -25.76620051387183
correctionProbability (#РАБЛЕР$ -> #РАМБЛЕР$) = -8.53028174545414
correctionProbability (#ДВАЙНОЕ$ -> #ДВОЙНОЕ$) = -14.139813447763935
correctionProbability (#СОВРЕМЕНИКИ$ -> #СОВРЕМЕННИКИ$) = -26.3236747726216
correctionProbability (#ЭТОЛОН$ -> #ЭТАЛОН$) = -15.561349568599287
correctionProbability (#НАШИДИ$ -> #НАШИДЫ$) = -16.076102953337656
correctionProbability (#КРОСВОРДА$ -> #КРОССВОРДА$) = -23.591558604792517
correctionProbability (#TURMEN$ -> #TURKMEN$) = -18.95761619095608
correctionProbability (#ШТРАФИ$ -> #ШТРАФЫ$) = -10.990925212670302
correctionProbability (#СТИЛАЖИ$ -> #СТЕЛЛАЖИ$) = -79.35028065562904
correctionProbability (#КОРОТКУ$ -> #КОРОТКУЮ$) = -19.592391790880974
correctionProbability (#ЧВЙ$ -> #ЧАЙ$) = -9.068278041540225
correctionProbability (#ВЭББАНКИР$ -> #ВЕББАНКИР$) = -20.21774858084119
correctionProbability (#GOOOG$ -> #GOOGLE$) = -139.02497479959447
correctionProbability (#ALLIEXPRESS$ -> #ALIEXPRESS$) = -17.102057478311792
correctionProbability (#ASHXAR$ -> #ASHXARH$) = -23.73057826783493
correctionProbability (#МЕРЧМК$ -> #МЕРЧИК$) = -22.97675651783389
correctionProbability (#ОДНОЧАСНИКИ$ -> #ОДНОКЛАССНИКИ$) = -141.8302761582355
correctionProbability (#СТИЛЕР$ -> #СТИЛЛЕР$) = -22.09497772945472
correctionProbability (#АСТРИЦЫ$ -> #ОСТРИЦЫ$) = -19.587368418280676
correctionProbability (#ЭНШПИЛЬ$ -> #ЭНДШПИЛЬ$) = -17.090972194022036
correctionProbability (#ОРФАГРАФИЯ$ -> #ОРФОГРАФИЯ$) = -20.89409317774423
correctionProbability (#НЛАЗАМИ$ -> #ГЛАЗАМИ$) = -11.94130344197417
correctionProbability (#НЕДОРГО$ -> #НЕДОРОГО$) = -9.379790271379221
correctionProbability (#ИМЯНА$ -> #ИМЕНА$) = -10.145861048526005
correctionProbability (#ПОНИЖЕНЫЙ$ -> #ПОНИЖЕННЫЙ$) = -23.176336585376312
correctionProbability (#CЕТЕВОЙ$ -> #СЕТЕВОЙ$) = -8.675620076665375
correctionProbability (#АРТОПЕДИЧЕСКИЕ$ -> #ОРТОПЕДИЧЕСКИЕ$) = -22.687002267520597
correctionProbability (#РЕДЕРМ$ -> #АКРИДЕРМ$) = -148.79445305080742
correctionProbability (#ЕОМ$ -> #КОМ$) = -7.658846921055808
correctionProbability (#КОСЕННЫЙ$ -> #КОСВЕННЫЙ$) = -23.840685708260303
correctionProbability (#ЛЕТЕРИНГ$ -> #ЛЕТТЕРИНГ$) = -21.36017028968792
correctionProbability (#ДВЛЬМЕНЫ$ -> #ДОЛЬМЕНЫ$) = -21.47025006058223
correctionProbability (#ДНЫВ$ -> #ДНІВ$) = -15.031324910808447
correctionProbability (#ПАРАХОДЕ$ -> #ПАРОХОДЕ$) = -22.092150893608427
correctionProbability (#ПОТЕРРА$ -> #ПОТТЕРА$) = -83.32577346728793
correctionProbability (#КРОСВОРДЕ$ -> #КРОССВОРДЕ$) = -26.31668545335068
correctionProbability (#ЛІОН$ -> #ЛИОН$) = -13.022985890808297
correctionProbability (#ТРОСТНЕЦОВА$ -> #ТРОСТЕНЦОВА$) = -89.54300420601801
correctionProbability (#DIEZEL$ -> #DIESEL$) = -16.206147676913535
correctionProbability (#ULEFON$ -> #ULEFONE$) = -20.684612846639794
correctionProbability (#ПРИКЮЧЕНИЯ$ -> #ПРИКЛЮЧЕНИЯ$) = -14.705205006292445
correctionProbability (#ПРЕЗЕНЬАЦИЯ$ -> #ПРЕЗЕНТАЦИЯ$) = -12.157357971422563
correctionProbability (#ЕОД$ -> #КОД$) = -6.567907080811015
correctionProbability (#ЕДЕНИЦЕЙ$ -> #ЕДИНИЦЕЙ$) = -21.935652182931918
correctionProbability (#КАНЁМ$ -> #КОНЁМ$) = -15.89235025664458
correctionProbability (#ПОВИДОМЛЕННЯ$ -> #ПОВІДОМЛЕННЯ$) = -23.44970742509733
correctionProbability (#ПОРМОНЕ$ -> #ПОРТМОНЕ$) = -18.23514020025665
correctionProbability (#HEROIS$ -> #HEROES$) = -14.064442614186586
correctionProbability (#ПАСТРОИТ$ -> #ПОСТРОИТЬ$) = -78.84817835200518
correctionProbability (#КАМРУ$ -> #КАМЕРУ$) = -12.29739093619084
correctionProbability (#ВАКАН$ -> #ВАКАНСИИ$) = -139.34454813019545
correctionProbability (#СТРУКТУРНИКИ$ -> #СТРУКТУРНИМИ$) = -37.760419481647155
correctionProbability (#ББИГ$ -> #БИГ$) = -13.08223921699199
correctionProbability (#УЖНО$ -> #НУЖНО$) = -8.559340854417812
correctionProbability (#СТИРАЛНАЯ$ -> #СТИРАЛЬНАЯ$) = -15.776899297280416
correctionProbability (#ЕНЯ$ -> #МЕНЯ$) = -6.627714541628475
correctionProbability (#РИНТЕРЕСТ$ -> #ПИНТЕРЕСТ$) = -14.858295350597402
correctionProbability (#RASSCASI$ -> #RASSKAZI$) = -86.37076595583736
correctionProbability (#АДЕНОЙДЫ$ -> #АДЕНОИДЫ$) = -18.274432359436922
correctionProbability (#ТОПАВЫЕ$ -> #ТОПОВЫЕ$) = -15.55959252760477
correctionProbability (#МНОГОЛЕТНИИ$ -> #МНОГОЛЕТНИЕ$) = -19.470669357224224
correctionProbability (#КАИРОН$ -> #КАЙРОН$) = -16.0550057882493
correctionProbability (#ПРОВЕРЬЬ$ -> #ПРОВЕРИТЬ$) = -75.91480037560964
correctionProbability (#КРОСВОРДЫ$ -> #КРОССВОРДЫ$) = -15.537511396413933
correctionProbability (#САНБЮЛЕТЕНЬ$ -> #САНБЮЛЛЕТЕНЬ$) = -25.5367694195347
correctionProbability (#ЕЛЖУР$ -> #ЭЛЖУР$) = -12.513368681342872
correctionProbability (#EXSTRANET$ -> #EXTRANET$) = -25.330302536840307
correctionProbability (#БАГАЧ$ -> #БОГАЧ$) = -16.74789817268537
correctionProbability (#ГОЛЛЫЕ$ -> #ГОЛЫЕ$) = -8.963106257115218
correctionProbability (#JOHNES$ -> #JONES$) = -16.89121383496418
correctionProbability (#ПОСТАВШИКИ$ -> #ПОСТАВЩИКИ$) = -18.77126504035013
correctionProbability (#ЦУКЕНБЕРГ$ -> #ЦУКЕРБЕРГ$) = -21.77202708627238
correctionProbability (#КРЕДИТНЫЦ$ -> #КРЕДИТНЫЙ$) = -14.172949882774141
correctionProbability (#ГАВАЕВ$ -> #ГАВАЙЕВ$) = -22.82957040544165
correctionProbability (#БАРОСКИНЫ$ -> #БАРБОСКИНЫ$) = -12.826184061864431
correctionProbability (#ПАТАЛОГИИ$ -> #ПАТОЛОГИИ$) = -20.22524876080434
correctionProbability (#ПЕППВ$ -> #ПЕППА$) = -8.855550492266236
correctionProbability (#СТРОХОВКА$ -> #СТРАХОВКА$) = -13.667568992987938
correctionProbability (#ФНДЕКС$ -> #ЯНДЕКС$) = -2.227739752572873
correctionProbability (#МЕТОЗА$ -> #МИТОЗА$) = -18.396700221888313
correctionProbability (#ОПТВЕР$ -> #ОПТВЕАР$) = -18.145660118487697
correctionProbability (#ВОРОНИЖЕ$ -> #ВОРОНЕЖЕ$) = -12.220526605190095
correctionProbability (#ДЕВЕЛОПЕН$ -> #ДЕВЕЛОПМЕНТ$) = -84.16313803863969
correctionProbability (#АНОНИМАЙ$ -> #АНОНИМАЙЗЕР$) = -152.03951211512353
correctionProbability (#АЗРОПОРТА$ -> #АЭРОПОРТА$) = -14.256589908954368
correctionProbability (#АНТИСРЕСС$ -> #АНТИСТРЕСС$) = -16.369549976915252
correctionProbability (#YUOTBE$ -> #YOUTUBE$) = -139.62818441000587
correctionProbability (#КРАСИВЫЦ$ -> #КРАСИВЫЙ$) = -10.96236802231018
correctionProbability (#QUENN$ -> #QUEEN$) = -13.043294075793302
correctionProbability (#ФОТРЕ$ -> #ФОРТЕ$) = -78.74242373763028
correctionProbability (#ДУМАЕШ$ -> #ДУМАЕШЬ$) = -19.74231093023552
correctionProbability (#КОНЪЮКТИВИТА$ -> #КОНЬЮКТИВИТА$) = -24.773128815577557
correctionProbability (#МИСТОРИ$ -> #МИСТЕРИ$) = -18.128463675508
correctionProbability (#PROGEKT$ -> #PROJECT$) = -78.7667925610611
correctionProbability (#ЛИБА$ -> #ЛИБО$) = -13.018705126977384
correctionProbability (#ОТКРЫТКМ$ -> #ОТКРЫТКИ$) = -9.011322795020284
correctionProbability (#ОТДАХНУТЬ$ -> #ОТДОХНУТЬ$) = -16.03606986205017
correctionProbability (#СПАЙСЕ$ -> #СПАЙСЕС$) = -19.48914163961389
correctionProbability (#XHSMSTER$ -> #XHAMSTER$) = -14.58199807377828
correctionProbability (#БАГАТ$ -> #БОГАТ$) = -18.26965508197114
correctionProbability (#МИГРОССЕ$ -> #МИГРОСЕ$) = -29.571392662427073
correctionProbability (#ФАНТЕЗИ$ -> #ФЭНТЕЗИ$) = -12.368043571883483
correctionProbability (#ПРОЦЕНТИ$ -> #ПРОЦЕНТЫ$) = -14.033600271981761
correctionProbability (#ПАТАЛОГИЯ$ -> #ПАТОЛОГИЯ$) = -20.286550791997094
correctionProbability (#МУТИК$ -> #МУЛЬТИК$) = -72.68658717498185
correctionProbability (#МВИДЕЛ$ -> #МВИДЕО$) = -11.361190404623759
correctionProbability (#АЛИЕКСПРЭСС$ -> #АЛИЭКСПРЕСС$) = -76.11750710049654
correctionProbability (#СЫЛКАМИ$ -> #ССЫЛКАМИ$) = -22.47799554255439
correctionProbability (#УКРАИГА$ -> #УКРАИНА$) = -7.867614205042379
correctionProbability (#ВСТЕЧИ$ -> #ВСТРЕЧИ$) = -12.89463235301892
correctionProbability (#ЭСЕКС$ -> #ЭССЕКС$) = -22.09613606449841
correctionProbability (#ДИВРСАНТОВ$ -> #ДИВЕРСАНТОВ$) = -22.275407679076466
correctionProbability (#РАБЬТА$ -> #РАБОТА$) = -5.002596313709269
correctionProbability (#ВИПАДЕ$ -> #ВЫПАДЕТ$) = -85.10423240381269
correctionProbability (#ИНЖИНЕР$ -> #ИНЖЕНЕР$) = -12.859629741647879
correctionProbability (#СМЕРНЫХ$ -> #СМЕРТНЫХ$) = -15.407997168674044
correctionProbability (#КАНЁК$ -> #КОНЕК$) = -78.6383417337855
correctionProbability (#ASSASINS$ -> #ASSASSINS$) = -18.494564427828095
correctionProbability (#МАТЕРЬЯЛ$ -> #МАТЕРИАЛ$) = -77.89045068921251
correctionProbability (#СТРОИТЕЛЬТВО$ -> #СТРОИТЕЛЬСТВО$) = -17.323669460624387
correctionProbability (#ПРОЦЕНТО$ -> #ПРОЦЕНТОВ$) = -15.156024185485371
correctionProbability (#ВЛИЧЕНИЕ$ -> #ВЛЕЧЕНИЕ$) = -16.731915097144842
correctionProbability (#СМЕРТФОНЫ$ -> #СМАРТФОНЫ$) = -14.938751724412562
correctionProbability (#ВЕСЕЛИ$ -> #ВЕСЕЛІ$) = -19.389332952420236
correctionProbability (#ТЕУСТ$ -> #ТЕКСТ$) = -5.933909044306393
correctionProbability (#ЕПЛ$ -> #ЭПЛ$) = -12.584803654828765
correctionProbability (#ФИНДЛЯНСКОГО$ -> #ФИНЛЯНДСКОГО$) = -92.68648790330667
correctionProbability (#МОНЕМАНРУ$ -> #МОНЕЙМАН$) = -153.28864598638927
correctionProbability (#ЖДУМ$ -> #ДЖУМ$) = -78.04624364495726
correctionProbability (#ШИВЧЕНКО$ -> #ШЕВЧЕНКО$) = -14.7930716138411
correctionProbability (#ФИГУРГОЕ$ -> #ФИГУРНОЕ$) = -11.77999069593075
correctionProbability (#ТУЧКОГО$ -> #ТУЧКОВА$) = -88.82999233368187
correctionProbability (#ОТЗХЫВЫ$ -> #ОТЗЫВЫ$) = -7.3992205506981215
correctionProbability (#CRAY$ -> #CRY$) = -13.826164479629387
correctionProbability (#ОСТРВЕ$ -> #ОСТРЫЕ$) = -9.885296060954392
correctionProbability (#ПРИЩЬ$ -> #ПРЫЩ$) = -82.59511755414134
correctionProbability (#ИНДОВУТКА$ -> #ИНДОУТКА$) = -25.23444905505631
correctionProbability (#АРТОПЕДИЧЕСКИЙ$ -> #ОРТОПЕДИЧЕСКИЙ$) = -22.356072300342397
correctionProbability (#МЕТАЛУРГОВ$ -> #МЕТАЛЛУРГОВ$) = -22.83457756108311
correctionProbability (#ТЕЛКГРАМ$ -> #ТЕЛЕГРАММ$) = -79.7706300038575
correctionProbability (#МАРГЕНШТЕРН$ -> #МОРГЕНШТЕРН$) = -18.77190830158812
correctionProbability (#ВИСТАВКУ$ -> #ВЫСТАВКУ$) = -17.890669290505187
correctionProbability (#ФАЙЗБУК$ -> #ФЕЙСБУК$) = -71.83074537517962
correctionProbability (#ЧВТ$ -> #ЧАТ$) = -7.141330821157023
correctionProbability (#EXPERENCE$ -> #EXPERIENCE$) = -19.788334273366935
correctionProbability (#ГАЗОБАЛОННОЕ$ -> #ГАЗОБАЛЛОННОЕ$) = -28.528841921722623
correctionProbability (#СОЛНУЕ$ -> #СОЛНЦЕ$) = -10.243967956833874
correctionProbability (#ЧВС$ -> #ЧАС$) = -7.977901453114587
correctionProbability (#КРАСИВЫИ$ -> #КРАСИВЫЙ$) = -10.953412577538735
correctionProbability (#ХОМБОКС$ -> #ХОМСБОКС$) = -21.612750699939944
correctionProbability (#ФЙИЛЬМ$ -> #ФИЛЬМ$) = -3.698762813839597
correctionProbability (#IDENTIFICARSE$ -> #IDENTIFICARE$) = -40.624769315611836
correctionProbability (#БОЛТНИЦА$ -> #БОЛЬНИЦА$) = -11.325369169896497
correctionProbability (#ГРОПРИНОЗИН$ -> #ГРОПРИНОСИН$) = -22.616337996487758
correctionProbability (#БЕЗПРОВОДНУЮ$ -> #БЕСПРОВОДНУЮ$) = -23.54916082365734
correctionProbability (#ХАНКОК$ -> #ХАНКУК$) = -15.788831704490665
correctionProbability (#КРАСИВЫК$ -> #КРАСИВЫЕ$) = -7.411430483457551
correctionProbability (#ЕТАТ$ -> #ЭТОТ$) = -74.7043001168649
correctionProbability (#ТЕХНОЛОГИЧЕКАЯ$ -> #ТЕХНОЛОГИЧЕСКАЯ$) = -22.459843913356877
correctionProbability (#ПЛЕНО$ -> #ПЛЕНА$) = -20.15461822812762
correctionProbability (#МИЗИМ$ -> #МЕЗИМ$) = -16.498246196398586
correctionProbability (#ММЖМ$ -> #МЖМ$) = -13.225820490698975
correctionProbability (#ЕДУАРД$ -> #ЭДУАРД$) = -12.899661506191524
correctionProbability (#ВРОСЛАВ$ -> #ВРОЦЛАВ$) = -18.3818096689386
correctionProbability (#ИРЛАНДСИЙ$ -> #ИРЛАНДСКИЙ$) = -20.273292081892528
correctionProbability (#ДРАВЕРОВ$ -> #ДРАЙВЕРОВ$) = -17.46477653397885
correctionProbability (#НАЕРНО$ -> #НАВЕРНОЕ$) = -84.28432577516313
correctionProbability (#ЧЕТВРЕ$ -> #ЧЕТЫРЕ$) = -11.45974873085316
correctionProbability (#ADBLOCKER$ -> #ADBLOCK$) = -85.44154930372761
correctionProbability (#РЕФЕНАНСИРОВАНИИ$ -> #РЕФИНАНСИРОВАНИЕ$) = -86.48517870774953
correctionProbability (#СОЛЬНЕЧНОГОРСК$ -> #СОЛНЕЧНОГОРСК$) = -24.224744585714603
correctionProbability (#СТПЕНИ$ -> #СТЕПЕНИ$) = -13.182822195550024
correctionProbability (#КОФФИЦИЕНТ$ -> #КОЭФФИЦИЕНТ$) = -18.379229578535366
correctionProbability (#ПАРАГЕНЕРАТОР$ -> #ПАРОГЕНЕРАТОР$) = -23.032374301148295
correctionProbability (#КУГУРУМИ$ -> #КИГУРУМИ$) = -16.44466841884593
correctionProbability (#ВИНИЧУК$ -> #ВИННИЧУК$) = -28.39961393805845
correctionProbability (#НОВАКУБАСК$ -> #НОВОКУБАНСК$) = -89.00704445683753
correctionProbability (#КОРЖИВ$ -> #КОРЖОВ$) = -22.235646265051173
correctionProbability (#ЛИДИ$ -> #ЛЕДИ$) = -6.13780374210954
correctionProbability (#ЛИБХЕРР$ -> #ЛИБХЕР$) = -18.683677372024565
correctionProbability (#ПРИЩИ$ -> #ПРЫЩИ$) = -13.323720711881034
correctionProbability (#ГРУПАВУШКА$ -> #ГРУППОВУХА$) = -215.2673759064771
correctionProbability (#РОИКИ$ -> #РОЛИКИ$) = -10.249059509959967
correctionProbability (#ВТРТУАЛЬНЫЙ$ -> #ВИРТУАЛЬНЫЙ$) = -18.104884756619256
correctionProbability (#ДЖЕМЕЙЛ$ -> #ДЖИМЕЙЛ$) = -14.96553515867329
correctionProbability (#СНАШАЮТСЯ$ -> #СНОШАЮТСЯ$) = -22.676140824370428
correctionProbability (#ПОТАР$ -> #ПОТТЕР$) = -73.74348408229963
correctionProbability (#КАЧКСТВА$ -> #КАЧЕСТВА$) = -12.599585051179325
correctionProbability (#ЛЬОЛИК$ -> #ЛЕЛИК$) = -86.55673592844435
correctionProbability (#ЩАНЯЛСЯ$ -> #ЗАНЯЛСЯ$) = -21.138951707647394
correctionProbability (#БОЛЬНИА$ -> #БОЛЬНИЦА$) = -11.924021724689673
correctionProbability (#ВОРОШИЛОВО$ -> #ВОРОШИЛОВА$) = -21.096748460985076
correctionProbability (#ЕРО$ -> #ЭРО$) = -9.615995535081186
correctionProbability (#БЛЮСТСТЕМ$ -> #БЛЮСИСТЕМ$) = -15.685090800751176
correctionProbability (#ФРАНЦИНИ$ -> #ФРАНЦИИ$) = -15.049014228203418
correctionProbability (#ТОРЕНИТ$ -> #ТОРРЕНТ$) = -75.34442253872918
correctionProbability (#WINER$ -> #WINNER$) = -18.38503621512157
correctionProbability (#COЗДАТЬ$ -> #СОЗДАТЬ$) = -74.97395139908804
correctionProbability (#РЭТРО$ -> #РЕТРО$) = -8.794385428711184
correctionProbability (#АССКАЗ$ -> #РАССКАЗ$) = -11.008211572046399
correctionProbability (#ОСТОРОВ$ -> #ОСТРОВ$) = -12.016844846489715
correctionProbability (#DOODGE$ -> #DODGE$) = -18.153918869564446
correctionProbability (#ПРИЩА$ -> #ПРЫЩА$) = -19.86869415750753
correctionProbability (#ЗАСТОВЛЯЕТ$ -> #ЗАСТАВЛЯЕТ$) = -19.499382707158162
correctionProbability (#ЦИТОФЛОВИН$ -> #ЦИТОФЛАВИН$) = -19.664351995943015
correctionProbability (#ИНДИВИДУАЛЕИ$ -> #ИНДИВИДУАЛКИ$) = -18.398414174384826
correctionProbability (#ТАЦУЕТ$ -> #ТАНЦУЕТ$) = -14.27965727514902
correctionProbability (#TERRICON$ -> #TERRIKON$) = -20.83317514966619
correctionProbability (#УДАЕТЬСЯ$ -> #УДАЕТСЯ$) = -19.578434424359166
correctionProbability (#РЕДОКТИРОВАТЬ$ -> #РЕДАКТИРОВАТЬ$) = -22.6177669603103
correctionProbability (#ПЕРОЖКИ$ -> #ПИРОЖКИ$) = -13.446434062964428
correctionProbability (#ФЬЖН$ -> #ФЬЮЖН$) = -16.924927384419913
correctionProbability (#ВОСТАНОВИЛ$ -> #ВОССТАНОВИЛ$) = -28.581280632523658
correctionProbability (#ПРИЧНА$ -> #ПРИЧИНА$) = -12.743902762156296
correctionProbability (#ЭЛЕКТОННЫЙ$ -> #ЭЛЕКТРОННЫЙ$) = -12.691329801736103
correctionProbability (#НКВОЗМОЖЕН$ -> #НЕВОЗМОЖЕН$) = -22.15220209745052
correctionProbability (#СПАЙТЫ$ -> #СПРАЙТЫ$) = -18.758990543217685
correctionProbability (#КАРДИАНТ$ -> #КОРДИАНТ$) = -17.323447459577686
correctionProbability (#POTANOJA$ -> #PITANIYA$) = -155.92802658949716
correctionProbability (#НГЛИЙСКОМ$ -> #АНГЛИЙСКОМ$) = -12.562786237171458
correctionProbability (#ТРЕБОВНАИЯ$ -> #ТРЕБОВАНИЯ$) = -82.28887685117871
correctionProbability (#ДДЕНЬ$ -> #ДЕНЬ$) = -6.395506084145328
correctionProbability (#РАДИОНЯНИ$ -> #РАДИОНЯНЯ$) = -23.454122288150486
correctionProbability (#МАРСЕДЕС$ -> #МЕРСЕДЕС$) = -10.829328307014173
correctionProbability (#ЧЕТЫ$ -> #ЧИТЫ$) = -9.105425139036004
correctionProbability (#ОФИЦАНТКИ$ -> #ОФИЦИАНТКИ$) = -24.986502572796013
correctionProbability (#РОБЛЫКС$ -> #РОБЛОКС$) = -7.375385201178716
correctionProbability (#ХАРЬКОВЬ$ -> #ХАРЬКОВ$) = -13.083534725794081
correctionProbability (#ЭЙРОТИКА$ -> #ЭРОТИКА$) = -10.482166096893948
correctionProbability (#СКЛИФАСОВСКОГО$ -> #СКЛИФОСОВСКОГО$) = -26.663730585570356
correctionProbability (#ФОСФОГЛИФ$ -> #ФОСФОГЛИВ$) = -19.367911167022207
correctionProbability (#ИАРИЯ$ -> #МАРИЯ$) = -8.07940977960613
correctionProbability (#ЧГО$ -> #ЧЕГО$) = -7.581918011842543
correctionProbability (#ЛИГО$ -> #ЛИГА$) = -7.223400113070799
correctionProbability (#АУТЛАНДЕР$ -> #АУТЛЕНДЕР$) = -16.22902181820647
correctionProbability (#ЛИГП$ -> #ЛИГА$) = -7.288494194756357
correctionProbability (#ЭЛЕМНТЫ$ -> #ЭЛЕМЕНТЫ$) = -14.429804229296103
correctionProbability (#ВЕРВ$ -> #ВЕРА$) = -8.940458164392467
correctionProbability (#ПРОИЗВИДЕНИЕ$ -> #ПРОИЗВЕДЕНИЕ$) = -18.282636211284377
correctionProbability (#ПРОНОЗ$ -> #ПРОГНОЗ$) = -8.980432171947754
correctionProbability (#БИБОО$ -> #БЕБОО$) = -14.553326901065123
correctionProbability (#ВЕРД$ -> #ВОРД$) = -9.274155426598231
correctionProbability (#ЗАХИСТНИКА$ -> #ЗАХИСНИКА$) = -20.806007067454978
correctionProbability (#UKRAIN$ -> #UKRAINE$) = -16.53982169930427
correctionProbability (#БОЖАНА$ -> #БАЖАНА$) = -23.234999643103578
correctionProbability (#ШЫНА$ -> #ШИНА$) = -11.636606077681957
correctionProbability (#ВОСТАНОВЛЕННУЮ$ -> #ВОССТАНОВЛЕННУЮ$) = -41.29682867094327
correctionProbability (#ЗАЙМК$ -> #ЗАЙМУ$) = -17.53600397365037
correctionProbability (#ПРОФЕСИЮ$ -> #ПРОФЕССИЮ$) = -17.15002110293282
correctionProbability (#ИНТИИСИТИ$ -> #ИНТИМСИТИ$) = -16.812218352212433
correctionProbability (#YUAMIANIME$ -> #YUMMYANIME$) = -85.9123551056666
correctionProbability (#ПРОТВИНЬ$ -> #ПРОТИВЕНЬ$) = -87.11497759131292
correctionProbability (#НЮТОН$ -> #НЬЮТОН$) = -16.206920139446286
correctionProbability (#СТОРЖ$ -> #СТОРОЖ$) = -13.521188669718985
correctionProbability (#PEAVY$ -> #PEAVEY$) = -22.636203279560647
correctionProbability (#ЗАВИЗАЛ$ -> #ЗАВЯЗАЛ$) = -21.156117714926225
correctionProbability (#ПЕДИАТОРА$ -> #ПЕДИАТРА$) = -21.533924408899487
correctionProbability (#ВЫЧЕСЛИТЕ$ -> #ВЫЧИСЛИТЕ$) = -18.287987207624376
correctionProbability (#ДИПРЕССИИ$ -> #ДЕПРЕССИИ$) = -17.944316869643707
correctionProbability (#УКРАІНУ$ -> #УКРАЇНУ$) = -18.71097630101444
correctionProbability (#HIPIXEL$ -> #HYPIXEL$) = -20.626992616497667
correctionProbability (#ИЗМИНИТ$ -> #ИЗМЕНИТЬ$) = -78.4527398706474
correctionProbability (#ПРОФЕСИЯ$ -> #ПРОФЕССИЯ$) = -16.025145091120855
correctionProbability (#УКРАІНИ$ -> #УКРАЇНИ$) = -12.34955753290535
correctionProbability (#ШИТОВИДКИ$ -> #ЩИТОВИДКИ$) = -17.81619623259899
correctionProbability (#ЖЕЛНИХЕ$ -> #ЖЕНИХЕ$) = -27.543396178489274
correctionProbability (#ЧЕИ$ -> #ЧЕМ$) = -4.728388035809381
correctionProbability (#YOUTUUBE$ -> #YOUTUBE$) = -8.950022229724397
correctionProbability (#ОБНАВЛЕННАЯ$ -> #ОБНОВЛЕННАЯ$) = -23.12249675644091
correctionProbability (#ЛИГВ$ -> #ЛИГА$) = -7.292733772837931
correctionProbability (#ГЛЮКОФАШ$ -> #ГЛЮКОФАЖ$) = -18.353670111581913
correctionProbability (#ЧЕГ$ -> #ЧЕГО$) = -7.588097373184937
correctionProbability (#ДЕШОВОГО$ -> #ДЕШЕВОГО$) = -22.70903572832416
correctionProbability (#WINDO$ -> #WINDOWS$) = -74.71535750271723
correctionProbability (#ИАРИУПОЛЬ$ -> #МАРИУПОЛЬ$) = -15.543567122448245
correctionProbability (#СЛУШАТЬБ$ -> #СЛУШАТЬ$) = -7.672586132540914
correctionProbability (#ФЛЄШ$ -> #ФЛЭШ$) = -11.285652444926885
correctionProbability (#ВЕРБ$ -> #ВЕБ$) = -8.262025806814012
correctionProbability (#ДЖЕМЕИЛ$ -> #ДЖИМЕЙЛ$) = -79.6955324220197
correctionProbability (#ПОКРИВАЛА$ -> #ПОКРЫВАЛА$) = -18.511710760792475
correctionProbability (#ОЧИШЕНИЕ$ -> #ОЧИЩЕНИЕ$) = -14.848248449340524
correctionProbability (#ДИПРЕССИЯ$ -> #ДЕПРЕССИЯ$) = -17.805426612107617
correctionProbability (#ДИЯЛЬНИСТЬ$ -> #ДІЯЛЬНІСТЬ$) = -86.27117270914599
correctionProbability (#СТРОПОНОМ$ -> #СТРАПОНОМ$) = -18.26164615892288
correctionProbability (#УКРАІНА$ -> #УКРАЇНА$) = -13.664156749644398
correctionProbability (#ТЕХНОЛОГИЯЛЫК$ -> #ТЕХНОЛОГИЯЛЫҚ$) = -25.73715132280382
correctionProbability (#ЩАСЛИВЫ$ -> #ЩАСЛИВІ$) = -16.985048861338946
correctionProbability (#ГАЛАТОСАРАЙ$ -> #ГАЛАТАСАРАЙ$) = -22.43108540592668
correctionProbability (#РЕЗАНИ$ -> #РЯЗАНИ$) = -11.854732890346536
correctionProbability (#ДИВИТТСЬ$ -> #ДИВИТИСЬ$) = -16.658348535113014
correctionProbability (#МИЛЕРЫ$ -> #МИЛЛЕРЫ$) = -18.15147561401379
correctionProbability (#ФОТОМ$ -> #ФОТО$) = -3.087377332186062
correctionProbability (#ВАСИЛЕВИЧА$ -> #ВАСИЛЬЕВИЧА$) = -23.679255101733318
correctionProbability (#ОВОСТИ$ -> #НОВОСТИ$) = -4.799044024871867
correctionProbability (#ЛИВТ$ -> #ЛИФТ$) = -12.532663755073454
correctionProbability (#ФОТОТ$ -> #ФОТО$) = -3.067228900425558
correctionProbability (#БЕЗПРИДАННИЦА$ -> #БЕСПРИДАННИЦА$) = -24.152851616701156
correctionProbability (#ЛЕОФИЛИЗАТ$ -> #ЛИОФИЛИЗАТ$) = -26.999872782306838
correctionProbability (#GUENO$ -> #GUANO$) = -22.044069502452317
correctionProbability (#АЛМАИЫ$ -> #АЛМАТЫ$) = -7.212621988837128
correctionProbability (#УКРАІНЕ$ -> #УКРАИНЕ$) = -9.89071406879711
correctionProbability (#АНГЛИЙСУОМ$ -> #АНГЛИЙСКОМ$) = -11.97969392565492
correctionProbability (#СТОРІ$ -> #СТОРИ$) = -15.694782332841054
correctionProbability (#ПИКЛС$ -> #ПИКЛЗ$) = -17.71525921292068
correctionProbability (#АМБРАКСОЛ$ -> #АМБРОКСОЛ$) = -18.73217341185086
correctionProbability (#РАВНВ$ -> #РАВНА$) = -11.527248889271423
correctionProbability (#БОЛЬНИЦИ$ -> #БОЛЬНИЦЫ$) = -14.440729597598292
correctionProbability (#ВИДЕРЕГИСТРАТОР$ -> #ВИДЕОРЕГИСТРАТОР$) = -22.366515817751242
correctionProbability (#ВИДУЩАЯ$ -> #ВЕДУЩАЯ$) = -15.2210387092222
correctionProbability (#СТОПИ$ -> #СТОПЫ$) = -12.890888967047697
correctionProbability (#ТАРИВ$ -> #ТАРИФ$) = -10.801071594144627
correctionProbability (#АЛЕКСБЕТИНГ$ -> #АЛЕКСБЕТТИНГ$) = -25.40360584563122
correctionProbability (#УКРАІНІ$ -> #УКРАЇНІ$) = -14.866253392824348
correctionProbability (#КОРОТКИ$ -> #КОРОТКИЕ$) = -11.785434294801512
correctionProbability (#IZMINIT$ -> #IZMENIT$) = -24.383654348756366
correctionProbability (#ВЫСАКО$ -> #ВЫСОКО$) = -16.228564328533782
correctionProbability (#ФОТОЪ$ -> #ФОТО$) = -3.1167507151647307
correctionProbability (#РЕБРОВИ$ -> #РЕБРОВА$) = -22.647022570241518
correctionProbability (#ЕВСТАХЕИТ$ -> #ЕВСТАХИИТ$) = -25.266933411378993
correctionProbability (#ПРОЦЕНРЫ$ -> #ПРОЦЕНТЫ$) = -14.094843374168462
correctionProbability (#ММИР$ -> #МИР$) = -7.155107846308496
correctionProbability (#PSYHO$ -> #PSYCHO$) = -19.791096303864368
correctionProbability (#ШАМСУТДИНОВЕ$ -> #ШАМСУТДИНОВА$) = -25.425043556880716
correctionProbability (#ГРЫЗУНОМ$ -> #ГРЫЗУНОВ$) = -18.371165741009854
correctionProbability (#БОЛЬНИХ$ -> #БОЛЬНЫХ$) = -14.22802337887046
correctionProbability (#БОЛЬНИЦВ$ -> #БОЛЬНИЦА$) = -11.37356918957336
correctionProbability (#СЛУШАТЬТ$ -> #СЛУШАТЬ$) = -7.628282266147231
correctionProbability (#ПОСТОЯНАЯ$ -> #ПОСТОЯННАЯ$) = -21.0153949543218
correctionProbability (#АДЕКСАНДРЫ$ -> #АЛЕКСАНДРЫ$) = -20.50936027941959
correctionProbability (#СОВМЕСТИТЕЛЬСВУ$ -> #СОВМЕСТИТЕЛЬСТВУ$) = -26.088643925189153
correctionProbability (#ФОТУИ$ -> #ФОТКИ$) = -9.249171592290768
correctionProbability (#NILETO$ -> #NILETTO$) = -16.92416152121543
correctionProbability (#ЕТЬ$ -> #ЕСТЬ$) = -7.140249652687054
correctionProbability (#КАЛЬЦЫЯ$ -> #КАЛЬЦИЯ$) = -14.911628031499767
correctionProbability (#СОТНОШЕНИЯ$ -> #СООТНОШЕНИЯ$) = -23.01613540342929
correctionProbability (#VIWA$ -> #VIVO$) = -78.57140450281175
correctionProbability (#ПРИСВЯТОЙ$ -> #ПРЕСВЯТОЙ$) = -13.66993130470015
correctionProbability (#СПРЕ$ -> #СПРЕЙ$) = -11.824803955586635
correctionProbability (#КАКОИНОВЫЙ$ -> #КОКАИНОВЫЙ$) = -87.53522577696968
correctionProbability (#БУМАИ$ -> #БУМАГИ$) = -8.485023330642381
correctionProbability (#TRIPMYDRYM$ -> #TRIPMYDREAM$) = -86.65764380878622
correctionProbability (#VEDIYO$ -> #VIDEO$) = -139.99142553153413
correctionProbability (#ОТЫЗВЫ$ -> #ОТЗЫВЫ$) = -72.74021569512205
correctionProbability (#СПРАВОЧЬНОЙ$ -> #СПРАВОЧНОЙ$) = -24.641075673508418
correctionProbability (#ПОРРНОО$ -> #ПОРРНО$) = -18.956827602487838
correctionProbability (#ФАНТАНЧИК$ -> #ФОНТАНЧИК$) = -21.29107863749845
correctionProbability (#РАЗВЛЕЯЬСЯ$ -> #РАЗВЛЕЧЬСЯ$) = -24.510014579421416
correctionProbability (#СМОЬРЕТЬ$ -> #СМОТРЕТЬ$) = -2.3894653578115683
correctionProbability (#ПОРШНЕВА$ -> #ПОРШНЕВАЯ$) = -21.538439102507688
correctionProbability (#ЗВЕЗЛА$ -> #ЗВЕЗДА$) = -9.963162975370562
correctionProbability (#ЕСЬЬ$ -> #ЕСТЬ$) = -6.616029401314698
correctionProbability (#УКРАЇНЕ$ -> #УКРАЇНІ$) = -14.872388181353841
correctionProbability (#ЩИТОВИТКИ$ -> #ЩИТОВИДКИ$) = -17.832444881386344
correctionProbability (#МУЛЬТИСЕРИАЛ$ -> #МУЛЬТСЕРИАЛ$) = -20.376438343379547
correctionProbability (#СТУДЕНЧИСКАЯ$ -> #СТУДЕНЧЕСКАЯ$) = -22.509405548969106
correctionProbability (#ЧЕРЗ$ -> #ЧЕРЕЗ$) = -6.210740703194272
correctionProbability (#МЕНДОРУС$ -> #МЕЕНДОРУС$) = -25.323657487116044
correctionProbability (#ДАЛЬНОБОИ$ -> #ДАЛЬНОБОЙ$) = -17.216493931865102
correctionProbability (#ГОСТИНА$ -> #ГОСТИНАЯ$) = -15.402935837886595
correctionProbability (#ВЕШЕСТВО$ -> #ВЕЩЕСТВО$) = -16.849817864884322
correctionProbability (#САНОПАКС$ -> #СОНАПАКС$) = -86.02414620538656
correctionProbability (#КАПЫТА$ -> #КОПЫТА$) = -17.482374596515502
correctionProbability (#УЛЬТРАЗВУОВАЯ$ -> #УЛЬТРАЗВУКОВАЯ$) = -23.285727683891196
correctionProbability (#АВТОБУСНИЙ$ -> #АВТОБУСНЫЙ$) = -19.66970217314463
correctionProbability (#МИШЦИ$ -> #МЫШЦЫ$) = -76.75871138475205
correctionProbability (#ЖEНЩИН$ -> #ЖЕНЩИН$) = -7.193667658090188
correctionProbability (#БЕЛОСНЕЖАНКА$ -> #БЕЛОСНЕЖКА$) = -86.43186957893684
correctionProbability (#ХЕМИНГВЭЙ$ -> #ХЕМИНГУЭЙ$) = -21.224810074717546
correctionProbability (#ВАЙТИ$ -> #ВОЙТИ$) = -7.941897757326714
correctionProbability (#БЕШУНОК$ -> #БЕГУНОК$) = -20.040225884172735
correctionProbability (#БЛЮСИСТИМ$ -> #БЛЮСИСТЕМ$) = -15.63503627007561
correctionProbability (#МЕНЕДЖЕМЕНТА$ -> #МЕНЕДЖМЕНТА$) = -22.4958352979948
correctionProbability (#XOSTUME$ -> #XOSTUM$) = -21.32778722441032
correctionProbability (#ZAKAZVAT$ -> #ZAKAZAT$) = -27.129269355076104
correctionProbability (#MGEI$ -> #MGELI$) = -21.910989753403502
correctionProbability (#ПРИЦЫ$ -> #ПТИЦЫ$) = -9.36266941343776
correctionProbability (#ЧЕЯ$ -> #ЧЬЯ$) = -13.128536032200731
correctionProbability (#ЕФФЕКТЫ$ -> #ЭФФЕКТЫ$) = -15.62495728279763
correctionProbability (#BUCINFO$ -> #BUKINFO$) = -33.131016369061015
correctionProbability (#DETH$ -> #DEATH$) = -13.394132854357114
correctionProbability (#ПРАЗДНИИК$ -> #ПРАЗДНИК$) = -13.357435499720552
correctionProbability (#НОВОСИБИСРК$ -> #НОВОСИБИРСК$) = -80.23770424743343
correctionProbability (#УДАЮТСЯ$ -> #УДАЕТСЯ$) = -17.153488377490817
correctionProbability (#ЧЕРР$ -> #ЧЕРРИ$) = -15.311327763716864
correctionProbability (#ЧЕЬ$ -> #ЧЕМ$) = -4.734063809772167
correctionProbability (#ДОМОШНЯ$ -> #ДОМАШНЯЯ$) = -78.80594740863538
correctionProbability (#CASH4YOU$ -> #CASHYOU$) = -29.0302158562436
correctionProbability (#СЕМЕСТВА$ -> #СЕМЕЙСТВА$) = -18.920637585898
correctionProbability (#ОБЕЗЪЯН$ -> #ОБЕЗЬЯН$) = -14.75953505481288
correctionProbability (#АОРК$ -> #ВОРК$) = -13.214732725887647
correctionProbability (#ОБРУДОВАНИЕ$ -> #ОБОРУДОВАНИЕ$) = -15.476022837451374
correctionProbability (#ИОДОМ$ -> #ЙОДОМ$) = -16.572935536558905
correctionProbability (#КОГДДА$ -> #КОГДА$) = -8.306446568810902
correctionProbability (#ВЫСКИ$ -> #ВИСКИ$) = -11.562378180796369
correctionProbability (#СИМЕТРИЧНЫЙ$ -> #СИММЕТРИЧНЫЙ$) = -26.85544047183486
correctionProbability (#SAKRES$ -> #SACRED$) = -80.0353717010363
correctionProbability (#РАВОД$ -> #РАЗВОД$) = -12.971374264771999
correctionProbability (#СВАЕЙ$ -> #СВОЕЙ$) = -11.108041529777939
correctionProbability (#ЩЕМЛЯНИКА$ -> #ЗЕМЛЯНИКА$) = -19.123531426849105
correctionProbability (#СТОРК$ -> #СТРОК$) = -82.57979960552856
correctionProbability (#ПОЖЕЛАНИ$ -> #ПОЖЕЛАНИЯ$) = -15.759541015602771
correctionProbability (#ЧЕЦ$ -> #ЧЕЙ$) = -9.609154017846901
correctionProbability (#ТРАНЛЯЦИЯ$ -> #ТРАНСЛЯЦИЯ$) = -13.48919408303577
correctionProbability (#БЕРЕМИНОСТЬ$ -> #БЕРЕМЕННОСТЬ$) = -81.63157957385386
correctionProbability (#КАРОЕД$ -> #КОРОЕД$) = -16.923841823585423
correctionProbability (#СТУДЕН$ -> #СТУДЕНТ$) = -15.533166108099067
correctionProbability (#RIXSOS$ -> #RIXOS$) = -19.183796187812202
correctionProbability (#НОРКАМАН$ -> #НАРКОМАН$) = -81.89932222152567
correctionProbability (#СВАЕМ$ -> #СВОЕМ$) = -12.778785630403807
correctionProbability (#ЧЕУ$ -> #ЧЕМУ$) = -8.54168528716232
correctionProbability (#EROCRAD$ -> #EROKRAD$) = -22.246831550405382
correctionProbability (#ЗЕНЕНХУНД$ -> #ЗЕННЕНХУНД$) = -22.944279630518473
correctionProbability (#КОТЛО$ -> #КОТЛА$) = -11.617524463224175
correctionProbability (#СМИШАРИКІВ$ -> #СМІШАРИКІВ$) = -35.81609927342043
correctionProbability (#ЦВЕТИЛНИК$ -> #СВЕТИЛЬНИК$) = -80.43141850274776
correctionProbability (#ЧЕСА$ -> #ЧАСА$) = -9.427471084152227
correctionProbability (#ПОКАЖЫ$ -> #ПОКАЖИ$) = -14.376174799927643
correctionProbability (#ХОЧК$ -> #ХОЧУ$) = -7.978539405321168
correctionProbability (#ДЕКОРОТИВНЫЕ$ -> #ДЕКОРАТИВНЫЕ$) = -17.864356049671507
correctionProbability (#QURILISHGA$ -> #QURILISHDA$) = -36.0445954738487
correctionProbability (#КУЛТУРА$ -> #КУЛЬТУРА$) = -13.419771402391191
correctionProbability (#ОДНАКЛАСНИКАХ$ -> #ОДНОКЛАССНИКАХ$) = -83.59625728941579
correctionProbability (#НЕФРОЛОГИИ$ -> #НЕВРОЛОГИИ$) = -19.7914760292445
correctionProbability (#СПМОЛЕТ$ -> #САМОЛЕТ$) = -10.090621178581912
correctionProbability (#ФАЙЗУЛО$ -> #ФАЙЗУЛЛО$) = -25.478055865654667
correctionProbability (#СБЕРЬАНК$ -> #СБЕРБАНК$) = -5.9928668276726444
correctionProbability (#БОЛЛАЛАР$ -> #БОЛАЛАР$) = -22.571748845843288
correctionProbability (#РЕКЛВМА$ -> #РЕКЛАМА$) = -9.692627814146945
correctionProbability (#УЧАТОК$ -> #УЧАСТОК$) = -12.226780018053482
correctionProbability (#ЗОФИЛИЯ$ -> #ЗООФИЛИЯ$) = -16.403425625336787
correctionProbability (#ВЕНАС$ -> #ВЕГАС$) = -12.153360983884642
correctionProbability (#СЕРЕБРЕННУЮ$ -> #СЕРЕБРЯНУЮ$) = -86.8388080739882
correctionProbability (#FERMING$ -> #FARMING$) = -15.271063925401485
correctionProbability (#ЭНЕРГИТИЧЕСКАЯ$ -> #ЭНЕРГЕТИЧЕСКАЯ$) = -24.86039750106886
correctionProbability (#ТВВР$ -> #ТВІР$) = -13.03890292364532
correctionProbability (#ЗАВОДИЦА$ -> #ЗАВОДИТСЯ$) = -146.73139271625894
correctionProbability (#DEST$ -> #BEST$) = -9.790430278374078
correctionProbability (#САЙНА$ -> #САУНА$) = -11.708798946954577
correctionProbability (#ARIVIA$ -> #ARAVIA$) = -20.993303042692393
correctionProbability (#СКАРЛОТИНА$ -> #СКАРЛАТИНА$) = -19.748547428144207
correctionProbability (#ЕСЬИ$ -> #ЕСЛИ$) = -5.021710157104952
correctionProbability (#АИМАЦИЙ$ -> #АНИМАЦИЙ$) = -22.421110055031527
correctionProbability (#РОССОЛ$ -> #РАССОЛ$) = -17.47766047429965
correctionProbability (#ОЕФЕРАТ$ -> #РЕФЕРАТ$) = -10.719730777444298
correctionProbability (#ПРИЦА$ -> #ПТИЦА$) = -9.426699041628243
correctionProbability (#ПРОДАТЕЛЬ$ -> #ПРЕДАТЕЛЬ$) = -19.791948112443166
correctionProbability (#ОБРУДОВАНИЯ$ -> #ОБОРУДОВАНИЯ$) = -17.561679552261353
correctionProbability (#WILDBERRYS$ -> #WILDBERRIES$) = -80.69715463965161
correctionProbability (#СТРЕПТОЦИТ$ -> #СТРЕПТОЦИД$) = -22.37746564420077
correctionProbability (#ЧЕМПЕОНАТ$ -> #ЧЕМПИОНАТ$) = -11.256214390552849
correctionProbability (#САЛОННИКИ$ -> #САЛОНИКИ$) = -22.52362414354885
correctionProbability (#СИЕРТЬ$ -> #СМЕРТЬ$) = -10.821935635323708
correctionProbability (#ВИЛБИРИС$ -> #ВИЛБЕРИС$) = -16.454564284601915
correctionProbability (#РОИНТ$ -> #ПОИНТ$) = -12.902148750098238
correctionProbability (#ЛАБАРАТОРНИХ$ -> #ЛАБОРАТОРНИХ$) = -25.995141458684948
correctionProbability (#ПОАЙС$ -> #ПРАЙС$) = -9.541213331882236
correctionProbability (#КУЛТУРЕ$ -> #КУЛЬТУРЕ$) = -16.362974274574896
correctionProbability (#ЧЕСМ$ -> #ЧЕМ$) = -7.2136300605476755
correctionProbability (#ОВЫЙ$ -> #НОВЫЙ$) = -5.8336073099021455
correctionProbability (#WINDUSA$ -> #WINDOWS$) = -141.41264754088786
correctionProbability (#ЧЛУШАТЬ$ -> #СЛУШАТЬ$) = -5.148213906048378
correctionProbability (#AVIYABILER$ -> #AVIABILETI$) = -156.03560961843593
correctionProbability (#НЕВЫНАШИВАННИЕ$ -> #НЕВЫНАШИВАНИЕ$) = -31.550705498327545
correctionProbability (#ПРИЛОЖЕН$ -> #ПРИЛОЖЕНИЕ$) = -79.19615915658792
correctionProbability (#ЛЕБЕДЯНЕ$ -> #ЛЕБЕДЯНИ$) = -22.87466495248605
correctionProbability (#ПОНЕВИЛЬ$ -> #ПОНИВИЛЬ$) = -19.2768434095701
correctionProbability (#GOEGLE$ -> #GOOGLE$) = -5.804689275538021
correctionProbability (#ОБЬЕВЛЕНИЙ$ -> #ОБЪЯВЛЕНИЙ$) = -78.4003909313416
correctionProbability (#ЛЦЧШЕ$ -> #ЛУЧШЕ$) = -7.3774962696421476
correctionProbability (#ЧЕСУ$ -> #ЧЕМУ$) = -7.956242149109311
correctionProbability (#ОТВЕТСТЕННОСТЬ$ -> #ОТВЕТСТВЕННОСТЬ$) = -22.177781298580328
correctionProbability (#ПОКЗДКУ$ -> #ПОЕЗДКУ$) = -15.372744916695197
correctionProbability (#ПЕЛОПАНЕС$ -> #ПЕЛОПОННЕС$) = -91.59326392894775
correctionProbability (#ЧЕСТ$ -> #ЧЕСТЬ$) = -13.16094738476654
correctionProbability (#ЧЕШКИЕ$ -> #ЧЕШСКИЕ$) = -16.879310702824647
correctionProbability (#РОССОШ$ -> #РОССОШЬ$) = -16.671487425301194
correctionProbability (#ПОДЬЕМНОЕ$ -> #ПОДЪЕМНОЕ$) = -24.47584258022959
correctionProbability (#МУЧИНА$ -> #МУЖЧИНА$) = -10.976508975357035
correctionProbability (#ПОКАЖЕ$ -> #ПОКАЖЕТ$) = -15.017000379544939
correctionProbability (#ОРГНИЗАЦИИ$ -> #ОРГАНИЗАЦИИ$) = -15.051825981082189
correctionProbability (#ХОЧЮ$ -> #ХОЧУ$) = -7.979986112506836
correctionProbability (#ТУБЕРИДЗЕ$ -> #ТУТБЕРИДЗЕ$) = -20.497208267205274
correctionProbability (#АЛБЮОМЫ$ -> #АЛЬБОМЫ$) = -81.67523109857416
correctionProbability (#ТЬОМНИЕ$ -> #ТЕМНЫЕ$) = -143.21970948774666
correctionProbability (#ДЕЛЕЗА$ -> #ЖЕЛЕЗА$) = -12.40537511325056
correctionProbability (#ЗАБОЛОТСКИЙ$ -> #ЗАБОЛОЦКИЙ$) = -90.7329373055425
correctionProbability (#ЮПІТЕР$ -> #ЮПИТЕР$) = -13.460303925653026
correctionProbability (#ПЛЕЙР$ -> #ПЛЕЕР$) = -10.949484560950697
correctionProbability (#КАРОСТА$ -> #КОРОСТА$) = -23.528404101611486
correctionProbability (#НАЗЫААЕТСЯ$ -> #НАЗЫВАЕТСЯ$) = -13.972898593757023
correctionProbability (#ЖЕНЦИН$ -> #ЖЕНЩИН$) = -7.139323979855423
correctionProbability (#ЦВСЛА$ -> #ЦВЕЛА$) = -18.024117546244955
correctionProbability (#ГРЯЗНИЙ$ -> #ГРЯЗНЫЙ$) = -17.477900928506358
correctionProbability (#ЛАНШАФТ$ -> #ЛАНДШАФТ$) = -19.88184602103211
correctionProbability (#АЛЕНДАРЬ$ -> #КАЛЕНДАРЬ$) = -10.168151236273019
correctionProbability (#TRIPMYDRREAM$ -> #TRIPMYDREAM$) = -23.857107238014336
correctionProbability (#ТЯЧИВ$ -> #ТЯЧІВ$) = -21.387723634763294
correctionProbability (#БРОЛЕРА$ -> #БРОЙЛЕРА$) = -20.011791782276973
correctionProbability (#РАЗБЛР$ -> #РАЗБОР$) = -9.940798266029109
correctionProbability (#YOYUBE$ -> #YOUTUBE$) = -71.7313239192258
correctionProbability (#КОХОТНИЧЬИ$ -> #ОХОТНИЧЬИ$) = -20.7145398924928
correctionProbability (#БИЛEТЫ$ -> #БИЛЕТЫ$) = -7.51995237626836
correctionProbability (#ЗВЕЗЛЫ$ -> #ЗВЕЗДЫ$) = -10.377924386360458
correctionProbability (#ВЕЙБ$ -> #ВЕБ$) = -8.290496694048517
correctionProbability (#ЗЕРКОЛОМ$ -> #ЗЕРКАЛОМ$) = -15.418279732623965
correctionProbability (#ЖТЗНИ$ -> #ЖИЗНИ$) = -6.983472451305392
correctionProbability (#ЕСЫМ$ -> #ЕСІМ$) = -15.721093435723734
correctionProbability (#БӨЛШЕКТЕН$ -> #БӨЛШЕКТЕР$) = -23.834517581872554
correctionProbability (#ПЕРНВОД$ -> #ПЕРЕВОД$) = -8.365435589254119
correctionProbability (#ТЕРИТОРИАЛЬНАЯ$ -> #ТЕРРИТОРИАЛЬНАЯ$) = -27.89619984954726
correctionProbability (#ШООРУМ$ -> #ШОУРУМ$) = -18.06981554907993
correctionProbability (#УЧЕБЕИК$ -> #УЧЕБНИК$) = -9.070930981284285
correctionProbability (#НАСТОЙЕУ$ -> #НАСТОЙКУ$) = -17.806508892985384
correctionProbability (#БИДГОЩ$ -> #БЫДГОЩ$) = -20.787176818203154
correctionProbability (#ФРИЕНДС$ -> #ФРЕНДС$) = -17.169992813067555
correctionProbability (#ПЕРАТКУ$ -> #ПИРАТКУ$) = -17.41698422337012
correctionProbability (#ИЗЧЕЗЛА$ -> #ИСЧЕЗЛА$) = -19.723249758467176
correctionProbability (#ПАЛЬА$ -> #ПАЛЬМА$) = -15.347491645492997
correctionProbability (#ВОЛЬСФАГЕН$ -> #ФОЛЬКСВАГЕН$) = -144.16691645151676
correctionProbability (#ТАРМФ$ -> #ТАРИФ$) = -10.848443108746284
correctionProbability (#TODAIL$ -> #TODAY$) = -76.6771891065107
correctionProbability (#ТРУНЕНКО$ -> #ТРУНЕНКОВ$) = -29.555662048900565
correctionProbability (#MOSCAU$ -> #MOSKAU$) = -17.614028756105863
correctionProbability (#ЕТАМ$ -> #ЭТАМ$) = -21.802953682619748
correctionProbability (#УРОКЫВ$ -> #УРОКІВ$) = -19.08271175015639
correctionProbability (#ТНЬКОФ$ -> #ТИНЬКОФФ$) = -77.3108090523649
correctionProbability (#РОАБОТА$ -> #РАБОТА$) = -7.46204614312882
correctionProbability (#КОТОЛ$ -> #КОТЕЛ$) = -9.614212168641824
correctionProbability (#ТБОКАЧ$ -> #БОКАЧ$) = -24.465074340701648
correctionProbability (#МУЧИНЕ$ -> #МУЖЧИНЕ$) = -10.404612051522719
correctionProbability (#ТАНАЛЬНАЧ$ -> #ТОНАЛЬНАЯ$) = -85.86404467452535
correctionProbability (#ДЕМИРДЖИ$ -> #ДЕМЕРДЖИ$) = -22.07038441074345
correctionProbability (#ПИСЕНЬ$ -> #ПІСЕНЬ$) = -19.17935416668691
correctionProbability (#ВОЛЬЦВАГИН$ -> #ФОЛЬКСВАГЕН$) = -208.85382305684814
correctionProbability (#DERJ$ -> #DERJI$) = -26.358790606992926
correctionProbability (#ЖТЗНЬ$ -> #ЖИЗНЬ$) = -6.22911912752522
correctionProbability (#СУЖЕТОМ$ -> #СЮЖЕТОМ$) = -14.676903269883958
correctionProbability (#МЕНТАЛЬНА$ -> #МЕНТАЛЬНАЯ$) = -19.449248905902955
correctionProbability (#ПОКАЩАНИЯ$ -> #ПОКАЗАНИЯ$) = -10.276762292596025
correctionProbability (#СТОИТЕЛЬСТВО$ -> #СТРОИТЕЛЬСТВО$) = -17.36327166639432
correctionProbability (#ВОЛГОГРПД$ -> #ВОЛГОГРАД$) = -11.552760852138256
correctionProbability (#HANOVER$ -> #HANNOVER$) = -22.328029788200347
correctionProbability (#SEREAL$ -> #SERIAL$) = -11.52102283571281
correctionProbability (#КОНЬОН$ -> #КАНЬОН$) = -15.498929900633517
correctionProbability (#ОСЕННЯ$ -> #ОСЕННЯЯ$) = -12.172591276403267
correctionProbability (#КАМПИ$ -> #КАМРИ$) = -11.719177569797989
correctionProbability (#RUSKOM$ -> #RUSSKOM$) = -16.853568865684764
correctionProbability (#ИЗЧЕЗЛИ$ -> #ИСЧЕЗЛИ$) = -18.302817482628612
correctionProbability (#БАРСИЛОНА$ -> #БАРСЕЛОНА$) = -13.025147212869292
correctionProbability (#ЭЛЕКТОННОЙ$ -> #ЭЛЕКТРОННОЙ$) = -18.25658841201478
correctionProbability (#ПРОВЕРТЬ$ -> #ПРОВЕРИТЬ$) = -11.154913992105278
correctionProbability (#ХОФТ$ -> #ХОФФ$) = -11.061589798931227
correctionProbability (#POVERPOINT$ -> #POWERPOINT$) = -17.799322491362346
correctionProbability (#СТОИТЕЛЬСТВЕ$ -> #СТРОИТЕЛЬСТВЕ$) = -20.595935867153024
correctionProbability (#ЧИД$ -> #ЧИТ$) = -9.4296118869308
correctionProbability (#ПЛЕИР$ -> #ПЛЕЕР$) = -10.890062025434215
correctionProbability (#RISSIAN$ -> #RUSSIAN$) = -13.06834275040601
correctionProbability (#ПЛАСМАССОВЫЕ$ -> #ПЛАСТМАССОВЫЕ$) = -23.902688961508176
correctionProbability (#VUMANS$ -> #WOMENS$) = -146.76295621060075
correctionProbability (#ЗАКРЫВАЕТЬСЯ$ -> #ЗАКРЫВАЕТСЯ$) = -23.070149596547964
correctionProbability (#СТОИТЕЛЬСТВА$ -> #СТРОИТЕЛЬСТВА$) = -18.908076094117604
correctionProbability (#ББЖБ$ -> #БЖБ$) = -15.156002447468087
correctionProbability (#ПРОВЕРТЕ$ -> #ПРОВЕРЬТЕ$) = -20.88535102821364
correctionProbability (#ЕФМ$ -> #ФМ$) = -10.149635252473185
correctionProbability (#РЕНИОН$ -> #РЕГИОН$) = -10.26600072112436
correctionProbability (#АМЕРИКАНУУ$ -> #АМЕРИКАНЦУ$) = -28.322363721525754
correctionProbability (#ГАЗАВУЮ$ -> #ГАЗОВУЮ$) = -15.34067545288444
correctionProbability (#ДЕЛЕЗЫ$ -> #ЖЕЛЕЗЫ$) = -4.857968685704474
correctionProbability (#ЗКРАН$ -> #ЭКРАН$) = -7.724323514138142
correctionProbability (#СТЦЕВАЯ$ -> #СИТЦЕВАЯ$) = -22.550524699451273
correctionProbability (#PEREVODHIK$ -> #PEREVODCHIK$) = -18.08146875914767
correctionProbability (#ЛЕВОСТОРОНЯЯ$ -> #ЛЕВОСТОРОННЯЯ$) = -28.82545902967513
correctionProbability (#ШЕСТОЙРКА$ -> #ШЕСТЕРКА$) = -86.9357247963406
correctionProbability (#ОДРЕСА$ -> #АДРЕСА$) = -9.594783453151646
correctionProbability (#ВАРФАР$ -> #ВАРФАЕР$) = -18.314334832920622
correctionProbability (#ХЕРЕРА$ -> #ХЕРРЕРА$) = -20.954536089231283
correctionProbability (#ДЯЛЯ$ -> #ДЛЯ$) = -0.8096079372065823
correctionProbability (#ППРЕДНЕГО$ -> #ПЕРЕДНЕГО$) = -16.55186874067168
correctionProbability (#РЛЛИ$ -> #РАЛЛИ$) = -15.250784379396212
correctionProbability (#ПІЦЦИ$ -> #ПИЦЦЫ$) = -76.10109531771657
correctionProbability (#МАВПЕНЯТА$ -> #МАВПЕНЯТ$) = -36.3582804154793
correctionProbability (#СЕНЬЙОРІТА$ -> #СЕНЬОРИТА$) = -84.39624091094696
correctionProbability (#NOKIO$ -> #NOKIA$) = -11.488746995826073
correctionProbability (#УЧЕЬНАЯ$ -> #УЧЕТНАЯ$) = -16.67977615994615
correctionProbability (#ШЕСТДЕСЯТ$ -> #ШЕСТЬДЕСЯТ$) = -23.14484913354581
correctionProbability (#ПРОФЕСОР$ -> #ПРОФЕССОР$) = -16.522716281865627
correctionProbability (#SWICH$ -> #SWITCH$) = -15.95957352591282
correctionProbability (#GAMMING$ -> #GAMING$) = -16.339816043109398
correctionProbability (#МАФИНОВ$ -> #МАФФИНОВ$) = -20.946158756940285
correctionProbability (#DESCAGAR$ -> #DESCARGAR$) = -18.81399763352273
correctionProbability (#ПЕРАТКА$ -> #ПИРАТКА$) = -17.021153962000596
correctionProbability (#ККАРТА$ -> #КАРТА$) = -6.566367646421206
correctionProbability (#МЕТРАНИДАЗОЛ$ -> #МЕТРОНИДАЗОЛ$) = -21.021879456324804
correctionProbability (#ДЕТСАЯ$ -> #ДЕТСКАЯ$) = -9.557369538342854
correctionProbability (#СВИТИЛЬНИК$ -> #СВЕТИЛЬНИК$) = -15.098539504674285
correctionProbability (#SKYENGG$ -> #SKYENG$) = -17.767253314597202
correctionProbability (#ВОПРО$ -> #ВОПРОС$) = -11.962986317670907
correctionProbability (#РОБОЧИМ$ -> #РАБОЧИМ$) = -17.82280954361127
correctionProbability (#EXEED$ -> #EXCEED$) = -23.62128383426861
correctionProbability (#КАПКАМ$ -> #КАРКАМ$) = -19.12737134526029
correctionProbability (#СКРИЛ$ -> #СКРИЛЛ$) = -22.198486396500385
correctionProbability (#КАМУНАЛЬНЫЕ$ -> #КОММУНАЛЬНЫЕ$) = -85.16913952572872
correctionProbability (#CHINES$ -> #CHINESE$) = -17.66282462047566
correctionProbability (#UNIZOIO$ -> #UNIZOO$) = -25.633932248925873
correctionProbability (#РОБОЧИК$ -> #РАБОЧИЙ$) = -72.83575857438272
correctionProbability (#СКРИИ$ -> #СЕРИИ$) = -2.826743234406319
correctionProbability (#СВАИХ$ -> #СВОИХ$) = -11.872600330386273
correctionProbability (#ЯНДЕРКС$ -> #ЯНДЕКС$) = -4.7402087498236725
correctionProbability (#КАМПАС$ -> #КОМПАС$) = -13.118603703240762
correctionProbability (#ВОПРС$ -> #ВОПРОС$) = -12.023133055200024
correctionProbability (#СУВЕРИНИТЕТ$ -> #СУВЕРЕНИТЕТ$) = -24.578873121639887
correctionProbability (#КЛЕЩЬ$ -> #КЛЕЩ$) = -16.213549680618105
correctionProbability (#АНЕГДОТИ$ -> #АНЕКДОТЫ$) = -77.32819915059419
correctionProbability (#ГАРРІ$ -> #ГАРРИ$) = -7.395993342719223
correctionProbability (#ВІДЕОКАМЕРА$ -> #ВИДЕОКАМЕРА$) = -18.286592430197388
correctionProbability (#КАСПЛЕЙ$ -> #КОСПЛЕЙ$) = -14.868233825450247
correctionProbability (#ПЕРЕВОДЧКИК$ -> #ПЕРЕВОДЧИК$) = -11.147664828678167
correctionProbability (#XITLA$ -> #XITLAR$) = -32.83192295649023
correctionProbability (#РАБЛОКИРОВАТЬ$ -> #РАЗБЛОКИРОВАТЬ$) = -21.492522765349108
correctionProbability (#ФОТТО$ -> #ФОТО$) = -3.0578170662432136
correctionProbability (#КІЄВІ$ -> #КИЄВІ$) = -15.81449105039
correctionProbability (#ШАРУШЫЛЫҚТАРЫНЫҢ$ -> #ШАРУАШЫЛЫҚТАРЫНЫҢ$) = -43.67656523503685
correctionProbability (#ОЧИСТИТ$ -> #ОЧИСТИТЬ$) = -14.107552049530284
correctionProbability (#ДЕТСВО$ -> #ДЕТСТВО$) = -13.134006062860024
correctionProbability (#ГОДЫЕ$ -> #ГОЛЫЕ$) = -6.4880291510673125
correctionProbability (#YUOTUB$ -> #YOUTUBE$) = -139.6191606461183
correctionProbability (#ХBOX$ -> #XBOX$) = -10.955768598412252
correctionProbability (#ДЕЙТВИЯ$ -> #ДЕЙСТВИЯ$) = -13.31828113128173
correctionProbability (#КОМШОТЫ$ -> #КАМШОТЫ$) = -17.117614701392867
correctionProbability (#ТАРАГОНЕ$ -> #ТАРРАГОНЕ$) = -28.2754571945676
correctionProbability (#ВЗОСЛЫХ$ -> #ВЗРОСЛЫХ$) = -10.276293748053412
correctionProbability (#ТЕВЕЛ$ -> #ТРЕВЕЛ$) = -10.989059361587987
correctionProbability (#МОСБЕТ$ -> #МОСТБЕТ$) = -19.54739135664059
correctionProbability (#ОЬНОВИТЬ$ -> #ОБНОВИТЬ$) = -13.195148102501697
correctionProbability (#ДЕМОНСТРАУИОННВЙ$ -> #ДЕМОНСТРАЦИОННЫЙ$) = -91.18557092116788
correctionProbability (#ВЕЛШ$ -> #ВЕЛЬШ$) = -18.26030020133835
correctionProbability (#РОССММ$ -> #РОССИИ$) = -69.3750478152297
correctionProbability (#ОБЕЗБОЛЕВАЮЩИЕ$ -> #ОБЕЗБОЛИВАЮЩИЕ$) = -24.564073754319296
correctionProbability (#МЕТРОПОЛІТЕН$ -> #МЕТРОПОЛИТЕН$) = -21.248570900473702
correctionProbability (#ШАМСОН$ -> #ШАНСОН$) = -9.718783554341083
correctionProbability (#МАЕНКРАФТЕ$ -> #МАЙНКРАФТЕ$) = -12.665033900760491
correctionProbability (#ПУПУРЫШКИ$ -> #ПУПЫРЫШКИ$) = -20.636409179702504
correctionProbability (#СЕЧЕНИКИ$ -> #СЕЧЕНИЕ$) = -82.4620589147182
correctionProbability (#КАЛЛЕНДАРЬ$ -> #КАЛЕНДАРЬ$) = -12.057559944420618
correctionProbability (#КОМШОТИ$ -> #КАМШОТЫ$) = -81.82911246638808
correctionProbability (#КУПТЬБ$ -> #КУПИТЬ$) = -69.28693569290415
correctionProbability (#PLAGINS$ -> #PLUGINS$) = -19.85601938750672
correctionProbability (#ВОЛЕБОЛИСТКИ$ -> #ВОЛЕЙБОЛИСТКИ$) = -28.42630544605005
correctionProbability (#МАМАПЛАСТИКА$ -> #МАММОПЛАСТИКА$) = -89.23345271411037
correctionProbability (#ФИКИПЕДИЯ$ -> #ВИКИПЕДИЯ$) = -9.430483356124498
correctionProbability (#СПРТ$ -> #СПОРТ$) = -7.452544875980994
correctionProbability (#ОВЭД$ -> #ОКВЭД$) = -13.14409012350141
correctionProbability (#МАНИКЕНЫ$ -> #МАНЕКЕНЫ$) = -17.081710194515843
correctionProbability (#РЕКЛЛАМА$ -> #РЕКЛАМА$) = -12.131572724321167
correctionProbability (#ЭЛЕКТРОНЫЙ$ -> #ЭЛЕКТРОННЫЙ$) = -12.64680689818806
correctionProbability (#ИНВЕКТОРНЫЙ$ -> #ИНВЕРТОРНЫЙ$) = -18.75607281121762
correctionProbability (#ТЕРРАМОНТ$ -> #ТЕРАМОНТ$) = -22.827560162748853
correctionProbability (#ПЕРЕХІДНИК$ -> #ПЕРЕХОДНИК$) = -16.82207807049347
correctionProbability (#ГОРЛОВКАП$ -> #ГОРЛОВКА$) = -17.170426123646415
correctionProbability (#РОСТОВКОЙ$ -> #РОСТОВСКОЙ$) = -16.093592780197596
correctionProbability (#АНГИЙСКОМ$ -> #АНГЛИЙСКОМ$) = -12.524264472503681
correctionProbability (#УДЛИННЕННЫЕ$ -> #УДЛИНЕННЫЕ$) = -24.635218589210723
correctionProbability (#МУРАВЕЙНИКОВА$ -> #МУРАВЕЙНИКА$) = -95.53313451184272
correctionProbability (#TANS$ -> #TANKS$) = -10.961315214570295
correctionProbability (#ВІННИЦА$ -> #ВІННИЦЯ$) = -15.65629720989525
correctionProbability (#ПРОСМОТ$ -> #ПРОСМОТР$) = -13.867711230574983
correctionProbability (#МАЕНКРАФТА$ -> #МАЙНКРАФТ$) = -75.18947242647867
correctionProbability (#SAMPION$ -> #ŞAMPIYON$) = -90.34225682151151
correctionProbability (#ББЕЗ$ -> #БЕЗ$) = -4.8157947174606335
correctionProbability (#ПОДАРОКИ$ -> #ПОДАРКИ$) = -14.29081377180681
correctionProbability (#РОСАДКИ$ -> #ПОСАДКИ$) = -14.13219047276236
correctionProbability (#СКАЙРИ$ -> #СКАЙРИМ$) = -13.735039142171097
correctionProbability (#ЧЦВСТ$ -> #ЧУВСТВ$) = -79.72246045173766
correctionProbability (#ДИВИЗИНЮК$ -> #ДИВИЗИЮ$) = -95.09868964256201
correctionProbability (#ПЛЕЗД$ -> #ПОЕЗД$) = -8.099367775626217
correctionProbability (#СТУДИЧ$ -> #СТУДИЯ$) = -11.203942988046624
correctionProbability (#НОГЬИ$ -> #НОГТИ$) = -9.343571013708829
correctionProbability (#ЕЛИЗАВЕТТА$ -> #ЕЛИЗАВЕТА$) = -17.707831593031976
correctionProbability (#ПАПАРАЦИИ$ -> #ПАПАРАЦЦИ$) = -17.007014497812577
correctionProbability (#КАРОЛЕВСТВО$ -> #КОРОЛЕВСТВО$) = -17.331120108665992
correctionProbability (#ЄДУ$ -> #ЕДУ$) = -8.030380918723676
correctionProbability (#НЕБРОЙ$ -> #НЕБНОЙ$) = -24.070240426031262
correctionProbability (#ЛИСТЬ$ -> #ЛИСТЬЯ$) = -9.921530250950457
correctionProbability (#БАНОВСКУЮ$ -> #БАНКОВСКУЮ$) = -19.646975753252747
correctionProbability (#АКРИДРМ$ -> #АКРИДЕРМ$) = -18.725860097758407
correctionProbability (#ТИНЯКОВА$ -> #ТЕНЯКОВА$) = -21.26816133974277
correctionProbability (#ЧЕЛЫ$ -> #ЧЕХЛЫ$) = -11.735847562979334
correctionProbability (#КАЗЛОВ$ -> #КОЗЛОВ$) = -16.016161793867088
correctionProbability (#ААННА$ -> #АННА$) = -9.172197267653967
correctionProbability (#РАССТВОРЯЕТ$ -> #РАСТВОРЯЕТ$) = -28.334696649719127
correctionProbability (#FILIPS$ -> #PHILIPS$) = -79.04928568413854
correctionProbability (#ЛАЦЕТТИ$ -> #ЛАЧЕТТИ$) = -15.127967407357502
correctionProbability (#ФОТОСЕЕСИЯ$ -> #ФОТОСЕССИЯ$) = -16.076120679092632
correctionProbability (#КАМИР$ -> #КАМЕР$) = -13.339542725019879
correctionProbability (#ЦИЛИНД$ -> #ЦИЛИНДР$) = -15.625664107900946
correctionProbability (#КОНЦЕЛЯРСКИЙ$ -> #КАНЦЕЛЯРСКИЙ$) = -23.70375511819394
correctionProbability (#ТУСЫ$ -> #ТРУСЫ$) = -11.876827164039508
correctionProbability (#ПРОИЗВДСТВО$ -> #ПРОИЗВОДСТВО$) = -16.153934563932957
correctionProbability (#КОМШОТ$ -> #КАМШОТ$) = -16.539999511488443
correctionProbability (#ПИЦИРИЯ$ -> #ПИЦЦЕРИЯ$) = -83.07313294065543
correctionProbability (#КОШЕТАУ$ -> #КОКШЕТАУ$) = -14.206506397962805
correctionProbability (#NKON$ -> #NIKON$) = -14.20836697521256
correctionProbability (#BAOHONQ$ -> #BAOHONG$) = -21.536317615726382
correctionProbability (#GADKII$ -> #GADKIY$) = -25.43185333549239
correctionProbability (#РАЗНЕЦА$ -> #РАЗНИЦА$) = -12.324487991322897
correctionProbability (#ЧЕМА$ -> #ЧЕМУ$) = -7.950815083919991
correctionProbability (#БТУБ$ -> #ЮТУБ$) = -0.17634027279246567
correctionProbability (#КОНЦЕЛЯРСКИЕ$ -> #КАНЦЕЛЯРСКИЕ$) = -22.902614705544046
correctionProbability (#КРПСНОДАР$ -> #КРАСНОДАР$) = -9.89363018139175
correctionProbability (#ОБНАЖОННЫЕ$ -> #ОБНАЖЕННЫЕ$) = -18.158989477378682
correctionProbability (#НАРЦИСЫ$ -> #НАРЦИССЫ$) = -19.54845650432364
correctionProbability (#ЧКМ$ -> #ЧЕМ$) = -4.755074144836822
correctionProbability (#ЧКК$ -> #ЧЕК$) = -10.743614576920994
correctionProbability (#ШТОРКУС$ -> #ШТОРКУ$) = -22.541330085643395
correctionProbability (#РЛЕЙ$ -> #ПЛЕЙ$) = -8.400229370513305
correctionProbability (#ДОМАШ$ -> #ДОМАШНЕЕ$) = -141.77143264081093
correctionProbability (#ХАЙЛАНДЕР$ -> #ХАЙЛЕНДЕР$) = -19.30582542587944
correctionProbability (#ТРАНСПОРЬ$ -> #ТРАНСПОРТ$) = -14.202284413813068
correctionProbability (#ЖДЛЯ$ -> #ДЛЯ$) = -0.8160521749601735
correctionProbability (#АНТИКВЕР$ -> #АНТИКВАР$) = -21.739784721888647
correctionProbability (#TEAMVIER$ -> #TEAMVIEWER$) = -84.06682789490333
correctionProbability (#ДРОЖДИ$ -> #ДРОЖЖИ$) = -14.88808121169065
correctionProbability (#ЛИТЕРАТУРГОЕ$ -> #ЛИТЕРАТУРНОЕ$) = -19.081212933779618
correctionProbability (#АРКЕТ$ -> #МАРКЕТ$) = -10.166683206980789
correctionProbability (#ОХОТНЕЧЕГО$ -> #ОХОТНИЧЬЕГО$) = -86.89582524783653
correctionProbability (#ТЕРАКАН$ -> #ТЕРРАКАН$) = -23.230218303376184
correctionProbability (#ФРАЦУЗСКИЙ$ -> #ФРАНЦУЗСКИЙ$) = -17.14447007616196
correctionProbability (#SKAVHAT$ -> #SKACHAT$) = -11.637705871259286
correctionProbability (#ЛЮДМИ$ -> #ЛЮДЬМИ$) = -13.898434393825685
correctionProbability (#ПРОФИСИОНАЛЬНО$ -> #ПРОФЕССИОНАЛЬНО$) = -92.75221800178169
correctionProbability (#ПАВЛОПАСАДСКИЕ$ -> #ПАВЛОПОСАДСКИЕ$) = -26.011969258098453
correctionProbability (#ВЕРНАЦЦО$ -> #ВЕРНАЦЦА$) = -33.801783848352635
correctionProbability (#YOUTYUBE$ -> #YOUTUBE$) = -8.947095153837736
correctionProbability (#ШАФУТИНСКИЙ$ -> #ШУФУТИНСКИЙ$) = -18.929322726127737
correctionProbability (#ВКОНТАНТЕ$ -> #ВКОНТАКТЕ$) = -6.5278846842006075
correctionProbability (#DUTTY$ -> #DUTY$) = -12.891310705836073
correctionProbability (#ДИОГНОСТИЧЕСКИЙ$ -> #ДИАГНОСТИЧЕСКИЙ$) = -22.59204792320199
correctionProbability (#СОБСТВЕНЫЙ$ -> #СОБСТВЕННЫЙ$) = -21.68889683938093
correctionProbability (#СПЛЕ$ -> #САЛЕ$) = -15.196195655169976
correctionProbability (#КУТЕНОК$ -> #КОТЕНОК$) = -12.918895229721102
correctionProbability (#РЕЬЕНКА$ -> #РЕБЕНКА$) = -8.18782719713753
correctionProbability (#ДОМБА$ -> #ДОМБАЙ$) = -16.099701951864194
correctionProbability (#РОСКЛАД$ -> #РОЗКЛАД$) = -15.09351120828272
correctionProbability (#МУЛЬРЫ$ -> #МУЛЬТЫ$) = -14.684450931288605
correctionProbability (#TURESKI$ -> #TURECKI$) = -16.118383355018594
correctionProbability (#КАНТРОЛЬНОЙ$ -> #КОНТРОЛЬНОЙ$) = -20.930096253474204
correctionProbability (#ЕЙСИПИ$ -> #ЭЙСИПИ$) = -19.055454937761237
correctionProbability (#РОИСК$ -> #ПОИСК$) = -7.218963420064728
correctionProbability (#РУЛЛОННЫХ$ -> #РУЛОННЫХ$) = -22.06944327315341
correctionProbability (#SKYENNG$ -> #SKYENG$) = -17.76276101364915
correctionProbability (#АКТАВЫ$ -> #ОКТАВЫ$) = -19.445214462965286
correctionProbability (#BAYATCH$ -> #BAYWATCH$) = -25.03504587489369
correctionProbability (#СКОЛЬКЬ$ -> #СКОЛЬКО$) = -6.068684128883298
correctionProbability (#ЕСШИ$ -> #ЕСЛИ$) = -5.020821414093692
correctionProbability (#TEAMVIEW$ -> #TEAMVIEWER$) = -84.07209819721464
correctionProbability (#СЕГОДНИШНИЙ$ -> #СЕГОДНЯШНИЙ$) = -15.628577379756067
correctionProbability (#ПРЕДЛАЖЕНИЕ$ -> #ПРЕДЛОЖЕНИЕ$) = -16.02526910175483
correctionProbability (#CAII$ -> #CALL$) = -74.38776536552152
correctionProbability (#ЗИСУ$ -> #ЗИМУ$) = -6.452848594333631
correctionProbability (#ПОСТАВЕЛИ$ -> #ПОСТАВИЛИ$) = -19.517653704238356
correctionProbability (#СОПРТ$ -> #СПОРТ$) = -74.73618124956113
correctionProbability (#ТРИСТО$ -> #ТРИСТА$) = -18.2855746647764
correctionProbability (#ВАЛАНТЕРЫ$ -> #ВОЛОНТЕРЫ$) = -83.72080214982851
correctionProbability (#ХАВЕЙ$ -> #ХУАВЕЙ$) = -13.00989357418145
correctionProbability (#MINNE$ -> #MINE$) = -16.825682577075515
correctionProbability (#ИНСИТУТ$ -> #ИНСТИТУТ$) = -12.258578582435739
correctionProbability (#ПЕРЕМЕСТИ$ -> #ПЕРЕВЕСТИ$) = -12.735930169883702
correctionProbability (#ВЕНДЫ$ -> #ВИНДЫ$) = -16.77161838878661
correctionProbability (#GAULIN$ -> #GAULLIN$) = -23.27786304384655
correctionProbability (#КАЛИНЕНГРАД$ -> #КАЛИНИНГРАД$) = -13.234438463633737
correctionProbability (#ХАВЕЛ$ -> #ХАВАЛ$) = -13.670458207578779
correctionProbability (#ПОСТРОИЬ$ -> #ПОСТРОИТЬ$) = -14.184799112131067
correctionProbability (#ЭНАК$ -> #ЗНАК$) = -7.671355822699677
correctionProbability (#ЧЕНА$ -> #ЦЕНА$) = -2.1876076041577086
correctionProbability (#ТРАВПУНКТА$ -> #ТРАВМПУНКТА$) = -28.83140139252729
correctionProbability (#РОСОЛЬНИК$ -> #РАССОЛЬНИК$) = -83.84943462474175
correctionProbability (#НАМАЛСК$ -> #НАМАЛЬСК$) = -19.67488289895384
correctionProbability (#ПОКЛЮЧЕНИЯ$ -> #ПОДКЛЮЧЕНИЯ$) = -16.966495167992804
correctionProbability (#РОССТТ$ -> #РОССИИ$) = -69.3654404997759
correctionProbability (#ХАРОШЕМ$ -> #ХОРОШЕМ$) = -5.270706499725824
correctionProbability (#ЯНГДЕКС$ -> #ЯНДЕКС$) = -4.771808718674112
correctionProbability (#ДНИВНИК$ -> #ДНЕВНИК$) = -6.992754305809072
correctionProbability (#ТОМОЖНЯ$ -> #ТАМОЖНЯ$) = -14.845198637719236
correctionProbability (#ИНСАЙТУМ$ -> #ИНСАЙТИУМ$) = -23.84208231280558
correctionProbability (#ПАПАРАЦИЮ$ -> #ПАПАРАЦЦИ$) = -84.9077617952976
correctionProbability (#ДВУШКАМИ$ -> #ДЕВУШКАМИ$) = -15.374426260588919
correctionProbability (#АВИАСЕИЛС$ -> #АВИАСЕЙЛС$) = -14.72739879820275
correctionProbability (#ГИПОКРАТ$ -> #ГИППОКРАТ$) = -19.66994060825143
correctionProbability (#ВЕНДУ$ -> #ВИНДУ$) = -15.01535239969024
correctionProbability (#САНАДРЕАС$ -> #САНАНДРЕС$) = -84.35834857872102
correctionProbability (#КОТРОЛЬНЫЕ$ -> #КОНТРОЛЬНЫЕ$) = -17.660563602707363
correctionProbability (#АЙРОПОРТ$ -> #АЭРОПОРТ$) = -10.798382538808838
correctionProbability (#ЗАЕВЛЕНИЯ$ -> #ЗАЯВЛЕНИЯ$) = -14.265524956421025
correctionProbability (#PASSATU$ -> #PASSAT$) = -17.977227508518656
correctionProbability (#ЕКАТЕРЕНБУРГ$ -> #ЕКАТЕРИНБУРГ$) = -12.899052134064036
correctionProbability (#МОЛОДЕНЬКА$ -> #МОЛОДЕНЬКАЯ$) = -22.561901687675935
correctionProbability (#LEZDINKA$ -> #LEZGINKA$) = -20.80959550980667
correctionProbability (#ЭБОКСИДНОЙ$ -> #ЭПОКСИДНОЙ$) = -19.70965430405537
correctionProbability (#ENJOUBOOK$ -> #ENJOYBOOK$) = -25.722285112674548
correctionProbability (#ЗЕМОИ$ -> #ЗЕМЛИ$) = -9.334409497969258
correctionProbability (#ПАГОДЕ$ -> #ПОГОДЕ$) = -16.20262080109899
correctionProbability (#АКТАВА$ -> #ОКТАВА$) = -19.093317188845038
correctionProbability (#ЗЕМОЙ$ -> #ЗИМОЙ$) = -9.431389827390863
correctionProbability (#ЗАХОЧЕШ$ -> #ЗАХОЧЕШЬ$) = -22.006426650824523
correctionProbability (#АГИМЕ$ -> #АНИМЕ$) = -5.94763316545248
correctionProbability (#РОССТЯ$ -> #РОССИЯ$) = -6.200835240960021
correctionProbability (#КАСАТА$ -> #КАСАТКА$) = -18.74397596818509
correctionProbability (#АНГЛІЙС$ -> #АНГЛІЙСЬКА$) = -150.96765674305155
correctionProbability (#ДИЗОНЕРД$ -> #ДИЗОНОРД$) = -21.420646600813875
correctionProbability (#ОБЛОКАХ$ -> #ОБЛАКАХ$) = -17.205050250091716
correctionProbability (#ВЕРОПІРЕН$ -> #ВЕРОШПИРОН$) = -150.2435940644341
correctionProbability (#ДОМАА$ -> #ДОМА$) = -6.911881984227218
correctionProbability (#ПРЕДЛАЖЕНИЯ$ -> #ПРЕДЛОЖЕНИЯ$) = -15.474735875695615
correctionProbability (#EBOOKING$ -> #BOOKING$) = -15.304704304432647
correctionProbability (#АМБАСВДОР$ -> #АМБАССАДОР$) = -85.82382835487256
correctionProbability (#ВЫИГРОВАТЬ$ -> #ВЫИГРЫВАТЬ$) = -23.540991335533043
correctionProbability (#ДЕРИЖАБЛЬ$ -> #ДИРИЖАБЛЬ$) = -21.16152949980961
correctionProbability (#СЕРТИФКАТ$ -> #СЕРТИФИКАТ$) = -14.759812613029794
correctionProbability (#МИХАЙЛОВКОЙ$ -> #МИХАЙЛОВСКОЙ$) = -26.715130494785143
correctionProbability (#RTL8723B$ -> #RTL8723BE$) = -27.004691804796842
correctionProbability (#ОУТЛУК$ -> #АУТЛУК$) = -17.245652448318747
correctionProbability (#ХЕЛМАРК$ -> #ХОЛМАРК$) = -21.05324985223703
correctionProbability (#ЗЛОМАНЫИ$ -> #ВЗЛОМАННЫЙ$) = -146.31041350128018
correctionProbability (#ИТГРЫ$ -> #ИГРЫ$) = -4.903048863130124
correctionProbability (#УИДЕО$ -> #ВИДЕО$) = -1.7292653557110178
correctionProbability (#ГАЗАБЛОК$ -> #ГАЗОБЛОК$) = -20.24332393387384
correctionProbability (#АОЛИ$ -> #ВОЛИ$) = -12.800677002321752
correctionProbability (#ЭЛЕКТРОНААЯ$ -> #ЭЛЕКТРОННАЯ$) = -13.450240460285734
correctionProbability (#ШУРОБОД$ -> #НУРОБОД$) = -25.625494631281207
correctionProbability (#ДРАФВЕРА$ -> #ДРАЙВЕРА$) = -12.239955198295696
correctionProbability (#ОРУЖЮ$ -> #ОРУЖИЮ$) = -17.22793200819606
correctionProbability (#ЮННОЙ$ -> #ЮНОЙ$) = -17.68139854274138
correctionProbability (#ОСТАВНИК$ -> #ОТСТАВНИК$) = -20.314156466873037
correctionProbability (#АЛАДДІН$ -> #АЛАДДИН$) = -13.980401844733564
correctionProbability (#ОГНЕНОЙ$ -> #ОГНЕННОЙ$) = -23.392655516220366
correctionProbability (#ЧЕЙС$ -> #ЧЕЙЗ$) = -16.62456532089801
correctionProbability (#ТАРУССА$ -> #ТАРУСА$) = -19.75100904977265
correctionProbability (#АВТООПРОТОРГ$ -> #АВТООПТТОРГ$) = -95.58736917058845
correctionProbability (#SKYENQ$ -> #SKYENG$) = -15.202331920688732
correctionProbability (#РИБАЛКИ$ -> #РЫБАЛКИ$) = -11.964112611539761
correctionProbability (#РОСССИ$ -> #РОССИИ$) = -4.599297200460047
correctionProbability (#ГОСЬИНИЦА$ -> #ГОСТИНИЦА$) = -13.174836775511473
correctionProbability (#КАРАЛЁВА$ -> #КОРОЛЁВА$) = -81.88203703486164
correctionProbability (#ПАМПИЛИУС$ -> #ПОМПИЛИУС$) = -18.657847890250757
correctionProbability (#ВЕЩДОГ$ -> #ВЕЩДОК$) = -15.29363568535857
correctionProbability (#ЭКСУРСИИ$ -> #ЭКСКУРСИИ$) = -14.007608502402924
correctionProbability (#ПЕПЕД$ -> #ПЕРЕД$) = -9.088853095101687
correctionProbability (#НИВЕСТ$ -> #НЕВЕСТ$) = -15.71948829926298
correctionProbability (#ПРОДОЖИТЕЛЬНОСТЬ$ -> #ПРОДОЛЖИТЕЛЬНОСТЬ$) = -25.804863772061253
correctionProbability (#РОБОЧЕЙ$ -> #РАБОЧЕЙ$) = -14.586519411105712
correctionProbability (#ИСКАЧАТ$ -> #СКАЧАТЬ$) = -70.26605111576464
correctionProbability (#ВАРФЕС$ -> #ВАРФЕЙС$) = -10.973414066551953
correctionProbability (#ГЕЙМРЕЙ$ -> #ГЕЙМПЛЕЙ$) = -86.65062153180578
correctionProbability (#КУЛТУРЫ$ -> #КУЛЬТУРЫ$) = -12.393059400985472
correctionProbability (#АЛЛТАЙМA$ -> #АЛЛТАЙМ$) = -27.68411858392963
correctionProbability (#ПДЛЕРЕ$ -> #АДЛЕРЕ$) = -14.43532144815887
correctionProbability (#СЕРЕБРЕННЫЙ$ -> #СЕРЕБРЯНЫЙ$) = -84.7462455278432
correctionProbability (#КУККОЛД$ -> #КУКОЛД$) = -16.13839794040145
correctionProbability (#ЕЛЕКТРОПОІЗДІВ$ -> #ЕЛЕКТРОПОЇЗДІВ$) = -28.553546285237218
correctionProbability (#РОБОЧЕМ$ -> #РАБОЧЕМ$) = -14.821213020304349
correctionProbability (#ПАТТАЙА$ -> #ПАТТАЙЯ$) = -14.440374830429334
correctionProbability (#ОРУЖИ$ -> #ОРУЖИЕ$) = -10.98593399468258
correctionProbability (#МАКСОВИТ$ -> #МАКСАВИТ$) = -17.568262650023186
correctionProbability (#ЗВЕЗДЯ$ -> #ЗВЕЗДЫ$) = -10.381603234798629
correctionProbability (#ЧМУ$ -> #ЧЕМУ$) = -8.540107756024089
correctionProbability (#ВОРОНИНИ$ -> #ВОРОНИНЫ$) = -13.424972397676633
correctionProbability (#ПРЕХМАХИРСКОЙ$ -> #ПАРИКМАХЕРСКОЙ$) = -218.93416226207142
correctionProbability (#ЛЕСБИЯНК$ -> #ЛЕСБИЯНКИ$) = -14.598008457931435
correctionProbability (#КИРГИЗИЙ$ -> #КИРГИЗИИ$) = -17.544717544048098
correctionProbability (#ЖДОН$ -> #ДЖОН$) = -76.24489904291882
correctionProbability (#САЙТТ$ -> #САЙТ$) = -2.9755862453984854
correctionProbability (#ДОЛОСОВ$ -> #ГОЛОСОВ$) = -18.044479167683022
correctionProbability (#НТЖНЕГО$ -> #НИЖНЕГО$) = -12.44835835643103
correctionProbability (#СИМЕСТР$ -> #СЕМЕСТР$) = -20.52794744884247
correctionProbability (#ГИМНАСТКИЕ$ -> #ГИМНАСТИКЕ$) = -84.65736192179156
correctionProbability (#УКРАЪНА$ -> #УКРАИНА$) = -7.87305081541502
correctionProbability (#РИБАЛКУ$ -> #РЫБАЛКУ$) = -15.288161008747608
correctionProbability (#ПОЛИКЛНИКА$ -> #ПОЛИКЛИНИКА$) = -14.046070408273408
correctionProbability (#КРИЛЬЯХ$ -> #КРЫЛЬЯХ$) = -17.06170961366646
correctionProbability (#ПРИОТОВЛЕНИЕ$ -> #ПРИГОТОВЛЕНИЕ$) = -19.204928880614077
correctionProbability (#ПЛЕДИ$ -> #ПЛЕДЫ$) = -15.013145242509342
correctionProbability (#ЗВЕЗДИ$ -> #ЗВЕЗДЫ$) = -10.347742770587292
correctionProbability (#НАСТРОЙТЬ$ -> #НАСТРОИТЬ$) = -13.162384594075725
correctionProbability (#ПРОФОРЕНТАЦИЮ$ -> #ПРОФОРИЕНТАЦИЮ$) = -28.482761765308155
correctionProbability (#ВЫССКАЗЫВАНИЯ$ -> #ВЫСКАЗЫВАНИЯ$) = -20.388890925502366
correctionProbability (#ЕКЗИСТ$ -> #ЭКЗИСТ$) = -13.733649234189752
correctionProbability (#НЕЛЕТО$ -> #НИЛЕТТО$) = -84.94116352025047
correctionProbability (#БРОЛЕРЫ$ -> #БРОЙЛЕРЫ$) = -22.347233317698233
correctionProbability (#ПРИЗВОДСТВО$ -> #ПРОИЗВОДСТВО$) = -16.14777741220948
correctionProbability (#КЛАЧСС$ -> #КЛАСС$) = -4.976106673137625
correctionProbability (#РОЗВОДКА$ -> #РАЗВОДКА$) = -19.260878980781634
correctionProbability (#АПАКАЛЕПСИС$ -> #АПОКАЛИПСИС$) = -80.58910755239543
correctionProbability (#ХОРР$ -> #ХОРРОР$) = -80.92186779196335
correctionProbability (#ИРЕСТУПЛЕНИЕ$ -> #ПРЕСТУПЛЕНИЕ$) = -19.51642866827148
correctionProbability (#ВУАРИСТ$ -> #ВУАЙЕРИСТ$) = -88.04312168639159
correctionProbability (#КАРОВУ$ -> #КОРОВУ$) = -15.228787553246054
correctionProbability (#ЗАОНОК$ -> #ЗВОНОК$) = -11.382869001743433
correctionProbability (#РУССАЛ$ -> #РУСАЛ$) = -17.78029027213321
correctionProbability (#ЕВГЛЕНА$ -> #ЭВГЛЕНА$) = -20.053466016502853
correctionProbability (#ЗВЕЗДС$ -> #ЗВЕЗДА$) = -10.02064985837119
correctionProbability (#ОГРАБЛЕНЕ$ -> #ОГРАБЛЕНИЕ$) = -18.68826533477241
correctionProbability (#ЛАБИИНТ$ -> #ЛАБИРИНТ$) = -13.460911496670796
correctionProbability (#КАДИРОВАНИЕ$ -> #КОДИРОВАНИЕ$) = -19.449879125961417
correctionProbability (#НОРТЕНГЕЙСКОЕ$ -> #НОРТЕНГЕРСКОЕ$) = -27.6387767142811
correctionProbability (#ЕШО$ -> #ЕГО$) = -5.9139989120744865
correctionProbability (#COFEE$ -> #COFFEE$) = -16.33676906617202
correctionProbability (#АККОМПАНИМЕНТ$ -> #АККОМПАНЕМЕНТ$) = -27.746131618699316
correctionProbability (#МАЙКРАТ$ -> #МАЙНКРАФТ$) = -73.81630422271347
correctionProbability (#ЧЕКС$ -> #СЭКС$) = -75.17429592309007
correctionProbability (#ТИНЕЙЖЕРОВ$ -> #ТИНЕЙДЖЕРОВ$) = -24.446986669904135
correctionProbability (#СКРАНСК$ -> #САРАНСК$) = -12.470411661723602
correctionProbability (#ЕЛЕЗАВЕТИНСКОЙ$ -> #ЕЛИЗАВЕТИНСКОЙ$) = -29.274246015294807
correctionProbability (#КАРОВЫ$ -> #КОРОВЫ$) = -13.992444677867876
correctionProbability (#BONGOCHAT$ -> #BONGACHAT$) = -35.047228745046134
correctionProbability (#ЧОБ$ -> #ЧТОБЫ$) = -73.49235310353666
correctionProbability (#КОРОТАЯ$ -> #КОРОТКАЯ$) = -15.329244534677507
correctionProbability (#РАСКАЗАЛ$ -> #РАССКАЗАЛ$) = -17.76356760065881
correctionProbability (#РЕМПУБЛИКИ$ -> #РЕСПУБЛИКИ$) = -13.355341329943563
correctionProbability (#БИЛПЙН$ -> #БИЛАЙН$) = -9.067515474377661
correctionProbability (#ЗАДРЛЖЕННОСТИ$ -> #ЗАДОЛЖЕННОСТИ$) = -19.104078351877448
correctionProbability (#GAJIN$ -> #GAIJIN$) = -22.963944261224867
correctionProbability (#МОРГИНШТЕРНА$ -> #МОРГЕНШТЕРНА$) = -22.32761338230481
correctionProbability (#PROGRAMMS$ -> #PROGRAMS$) = -21.421649622985193
correctionProbability (#ТВАН$ -> #ИВАН$) = -7.801169375818784
correctionProbability (#ALEXSPRES$ -> #ALIEXPRESS$) = -147.78738212040759
correctionProbability (#МООРЕ$ -> #МОРЕ$) = -9.424447861513169
correctionProbability (#ЛАЗАРОМ$ -> #ЛАЗЕРОМ$) = -13.9804221006669
correctionProbability (#КОРЧГАХ$ -> #КОРЯГАХ$) = -26.416052455780736
correctionProbability (#ВОСЕМДЕСЯТ$ -> #ВОСЕМЬДЕСЯТ$) = -24.633683906477188
correctionProbability (#ТВАИ$ -> #ТВОИ$) = -11.065016745710512
correctionProbability (#ОЛАДКИ$ -> #ОЛАДЬИ$) = -12.155843128152345
correctionProbability (#ДВООИХ$ -> #ДВОИХ$) = -11.33068501799811
correctionProbability (#ЗАДАЧКУ$ -> #ЗАДАЧУ$) = -17.292000706602057
correctionProbability (#БЛОКИРОВАЛА$ -> #ЗАБЛОКИРОВАЛА$) = -94.09984228233388
correctionProbability (#КІНОТЕАТЕР$ -> #КІНОТЕАТР$) = -22.842769142941897
correctionProbability (#ІНТЕРНЕТА$ -> #ИНТЕРНЕТА$) = -12.507822844979295
correctionProbability (#РАСКАЗАМ$ -> #РАССКАЗАМ$) = -21.51219555799689
correctionProbability (#РОСТЁТ$ -> #РАСТЁТ$) = -16.870420738913243
correctionProbability (#INSTARAM$ -> #INSTAGRAM$) = -13.566372645759309
correctionProbability (#БЛЕЗНЕЦЫ$ -> #БЛИЗНЕЦЫ$) = -14.252355181351
correctionProbability (#AIMPORT$ -> #AIRPORT$) = -17.682382396299253
correctionProbability (#ПАЛЦЫ$ -> #ПАЛЬЦЫ$) = -14.824415812268935
correctionProbability (#ЗАДЕРЖЕН$ -> #ЗАДЕРЖАН$) = -18.305480131471604
correctionProbability (#УССУРИСК$ -> #УССУРИЙСК$) = -15.637703110120164
correctionProbability (#КЛИМОКС$ -> #КЛИМАКС$) = -17.678186591809435
correctionProbability (#ДОНЕЦЕ$ -> #ДОНЕЦК$) = -11.264111620149162
correctionProbability (#РЕЗУЛЬТА$ -> #РЕЗУЛЬТАТ$) = -15.632913534511879
correctionProbability (#КАСТИН$ -> #КАСТИНГ$) = -13.395408918233315
correctionProbability (#ФИТОНЯША$ -> #ФИТОНЯШКА$) = -24.055405643198725
correctionProbability (#ПРОФЕССИ$ -> #ПРОФЕССИИ$) = -14.983400437157783
correctionProbability (#ТОЧНЫИ$ -> #ТОЧНЫЙ$) = -12.257983735108386
correctionProbability (#БТУЮ$ -> #ЮТУБ$) = -64.92208046041124
correctionProbability (#СРЕДНЫЙ$ -> #СРЕДНИЙ$) = -14.290276291998353
correctionProbability (#ДРОЖЕЙ$ -> #ДРОЖЖЕЙ$) = -16.644633875929188
correctionProbability (#УУРАИНА$ -> #УКРАИНА$) = -7.8484363571919005
correctionProbability (#WATSUP$ -> #WHATSAPP$) = -143.01716215698758
correctionProbability (#SHCOOL$ -> #SCHOOL$) = -80.200834677347
correctionProbability (#ФОТАГРАФИИ$ -> #ФОТОГРАФИИ$) = -12.434426829928263
correctionProbability (#ОУЦЬКУ$ -> #ЛУЦЬКУ$) = -17.794673693712273
correctionProbability (#ВЕЗД$ -> #ВЪЕЗД$) = -16.10833391578208
correctionProbability (#ГОРЬКОВО$ -> #ГОРЬКОГО$) = -13.225317457998607
correctionProbability (#ЕВТИФЕЕВ$ -> #ЕВСТИФЕЕВ$) = -27.037570344942317
correctionProbability (#ВЕНГИ$ -> #ВЕНГЕ$) = -14.945109469113138
correctionProbability (#АНАТОСЯН$ -> #АНАТАСЯН$) = -19.112837680866114
correctionProbability (#ОФМС$ -> #ОФИС$) = -8.38918222411463
correctionProbability (#ТАРРО$ -> #ТАРО$) = -10.887018444152336
correctionProbability (#ХОСУ$ -> #ХОЧУ$) = -7.967970818454173
correctionProbability (#ФИЛЕР$ -> #ФИЛЛЕР$) = -16.91015566274147
correctionProbability (#FLASHE$ -> #FLASH$) = -12.90994959416047
correctionProbability (#ЯЯЗЫК$ -> #ЯЗЫК$) = -8.301302385783426
correctionProbability (#AMERICAIN$ -> #AMERICAN$) = -17.86294563812225
correctionProbability (#КОТИВ$ -> #КОТОВ$) = -10.869329365223738
correctionProbability (#ТУТК$ -> #ТУТУ$) = -9.303317062440048
correctionProbability (#БОГНАГАМС$ -> #БОНГАКАМС$) = -148.25480358059608
correctionProbability (#ЧНЕ$ -> #СНЕ$) = -8.123710670369153
correctionProbability (#ФИЛЕМ$ -> #ФИЛЬМ$) = -1.153988902861503
correctionProbability (#ЯЕДКС$ -> #ЯНДЕКС$) = -67.60095909134407
correctionProbability (#ЗИТЫ$ -> #ХИТЫ$) = -9.096624971805358
correctionProbability (#БИБЕК$ -> #БИПЕК$) = -15.150040997673731
correctionProbability (#КОРДИНАТИ$ -> #КООРДИНАТЫ$) = -82.28873990916463
correctionProbability (#ЗАДАЧКИ$ -> #ЗАДАЧИ$) = -12.76179597175609
correctionProbability (#ИССАН$ -> #НИССАН$) = -9.893317479820443
correctionProbability (#ГЛИНКО$ -> #ГЛИНКА$) = -15.624025803136949
correctionProbability (#ФГУРКИ$ -> #ФИГУРКИ$) = -14.045354523228028
correctionProbability (#COFFE$ -> #COFFEE$) = -16.329420354926906
correctionProbability (#IZLA$ -> #IZLE$) = -12.247712915670679
correctionProbability (#АНТИКИЛЕР$ -> #АНТИКИЛЛЕР$) = -21.01095773269312
correctionProbability (#ПАМЯНИК$ -> #ПАМЯТНИК$) = -13.246221978232633
correctionProbability (#RUSKIE$ -> #RUSSKIE$) = -15.29598990153682
correctionProbability (#КУПТТЬ$ -> #КУПИТЬ$) = -1.421792349266564
correctionProbability (#ПАСТИНОРА$ -> #ПОСТИНОРА$) = -23.561133469435624
correctionProbability (#ФОТОСНССИЯ$ -> #ФОТОСЕССИЯ$) = -16.08667555817943
correctionProbability (#ТРАУТЕ$ -> #ТРАКТЕ$) = -18.30424274316852
correctionProbability (#СОСЕТАНИЕ$ -> #СОЧЕТАНИЕ$) = -15.644400195621422
correctionProbability (#ПОАВО$ -> #ПРАВО$) = -9.614001647800077
correctionProbability (#ТУРЛЕРЫ$ -> #ТҮРЛЕРІ$) = -78.63158957557722
correctionProbability (#АУДИОЛОГИЧЕСКАЯ$ -> #АУДИОЛОГИЧЕСКОЕ$) = -97.10694866348831
correctionProbability (#ЧПБ$ -> #СПБ$) = -3.022105745074821
correctionProbability (#GEEKBUYIN$ -> #GEEKBUYING$) = -22.46623070201901
correctionProbability (#ЭНЕРГИТИЧЕСКИЙ$ -> #ЭНЕРГЕТИЧЕСКИЙ$) = -24.4429709179865
correctionProbability (#ТРАНПОРТАБЕЛЬНАЯ$ -> #ТРАНСПОРТАБЕЛЬНАЯ$) = -43.36775548604365
correctionProbability (#СТРИЖЕНАЯ$ -> #СТРИЖЕННАЯ$) = -25.93111538495507
correctionProbability (#ИЕГОССТАХ$ -> #ИНГОССТРАХ$) = -82.47368770531843
correctionProbability (#ЛРАКУЛ$ -> #ОРАКУЛ$) = -13.580561552649929
correctionProbability (#УЗАНТЬ$ -> #УЗНАТЬ$) = -76.4280578123189
correctionProbability (#АВТОБКСОВ$ -> #АВТОБУСОВ$) = -12.193871970420446
correctionProbability (#RUSKIJ$ -> #RUSSKIJ$) = -23.890870750272313
correctionProbability (#СКАТАЛОНЕ$ -> #СТАЛЛОНЕ$) = -152.64143317163496
correctionProbability (#ОТЛИСИЕ$ -> #ОТЛИЧИЕ$) = -13.27692270307196
correctionProbability (#АДМДАС$ -> #АДИДАС$) = -11.740417459885524
correctionProbability (#ПОЛУИТЬ$ -> #ПОЛУЧИТЬ$) = -11.652877415544651
correctionProbability (#СИНЬЁРИТА$ -> #СЕНЬОРИТА$) = -81.86435884522719
correctionProbability (#МИЛЛЕННИУМ$ -> #МИЛЛЕНИУМ$) = -20.831930520785008
correctionProbability (#БЕРЕТТИН$ -> #БЕРРЕТТИНИ$) = -93.91803526708499
correctionProbability (#ХВОРАСТА$ -> #ХВОРОСТА$) = -20.31025564607704
correctionProbability (#ПРИОТ$ -> #ПРИГОТ$) = -26.211748326917714
correctionProbability (#ЧАТСКИЙ$ -> #ЧАЦКИЙ$) = -84.41968879093463
correctionProbability (#КАМДИ$ -> #КАМЕДИ$) = -10.463572329292479
correctionProbability (#ОФОМИТЬ$ -> #ОФОРМИТЬ$) = -11.931258509078411
correctionProbability (#HUNDAY$ -> #HYUNDAI$) = -77.35955062776158
correctionProbability (#АКЗАМОВ$ -> #АГЗАМОВ$) = -20.474991260147632
correctionProbability (#НРМЕР$ -> #НОМЕР$) = -6.349727350749138
correctionProbability (#ПОТШИПНИК$ -> #ПОДШИПНИК$) = -12.323239963118326
correctionProbability (#МОСУВЫ$ -> #МОСКВЫ$) = -6.511692685123158
correctionProbability (#MUSIKU$ -> #MUZIKU$) = -18.211097853585553
correctionProbability (#BRITTANIA$ -> #BRITTANYA$) = -26.96818194859346
correctionProbability (#ГАРИТ$ -> #ГОРИТ$) = -11.32117923138966
correctionProbability (#ПУЗЫРКИ$ -> #ПУЗЫРЬКИ$) = -18.790594949572615
correctionProbability (#СЧАТЬ$ -> #СКАЧАТЬ$) = -68.43695317080885
correctionProbability (#УИНДЖИ$ -> #УИДЖИ$) = -18.948321505851215
correctionProbability (#ПРПАВИЛЬНО$ -> #ПРАВИЛЬНО$) = -12.127978037737556
correctionProbability (#ПРОСЧИТАТЬ$ -> #ПОСЧИТАТЬ$) = -18.197071422065456
correctionProbability (#АДНОКЛАССНЕКИ$ -> #ОДНОКЛАССНИКИ$) = -75.89473727532612
correctionProbability (#ПРЕСТОЛОА$ -> #ПРЕСТОЛОВ$) = -11.608390692320448
correctionProbability (#ОПEЛЬ$ -> #ОПЕЛЬ$) = -9.872522498164447
correctionProbability (#ЛИКАРНЯ$ -> #ЛІКАРНЯ$) = -19.173570388971257
correctionProbability (#ОТКРВТКИ$ -> #ОТКРЫТКИ$) = -8.969028255172312
correctionProbability (#БЕТОНОГО$ -> #БЕТОННОГО$) = -19.841182896388084
correctionProbability (#ДИДАЛ$ -> #ДЕДАЛ$) = -19.12344519022687
correctionProbability (#СТРАХОВАНИЯМИ$ -> #СТРАХОВАНИЯ$) = -87.26444261564106
correctionProbability (#БОЧЕРОВА$ -> #БОЧАРОВА$) = -21.926539054457365
correctionProbability (#ПОЗНОВАТЕЛЬНЫЕ$ -> #ПОЗНАВАТЕЛЬНЫЕ$) = -23.13018368153461
correctionProbability (#МУСАРА$ -> #МУСОРА$) = -10.884495050602485
correctionProbability (#HYALON$ -> #HYARON$) = -24.49395369746884
correctionProbability (#ONYХ$ -> #ONYX$) = -17.035099496552622
correctionProbability (#ЗЛОТЫМ$ -> #ЗОЛОТЫМ$) = -18.63782700992619
correctionProbability (#ПИСАТЕЛ$ -> #ПИСАТЕЛЬ$) = -16.016523846305212
correctionProbability (#ФРАНСУЗКИ$ -> #ФРАНЦУЗСКИЙ$) = -147.18716050223603
correctionProbability (#ЕФИРЕ$ -> #ЭФИРЕ$) = -10.137744631180428
correctionProbability (#КРИХТИТ$ -> #КРЯХТИТ$) = -23.382579794080243
correctionProbability (#СЕНБА$ -> #СЕНБЕ$) = -22.611781220452528
correctionProbability (#МАРГАЕТ$ -> #МОРГАЕТ$) = -17.59293755141968
correctionProbability (#КИКИМАРЫ$ -> #КИКИМОРЫ$) = -18.05358392002303
correctionProbability (#ПЯТЕГОРСК$ -> #ПЯТИГОРСК$) = -14.916148751251917
correctionProbability (#ДННЯ$ -> #ДНЯ$) = -8.501034359904988
correctionProbability (#ПРИОД$ -> #ПЕРИОД$) = -10.725438193679825
correctionProbability (#СВЕКЛО$ -> #СВЕКЛА$) = -13.875498512858993
correctionProbability (#ЗАЛАЧИ$ -> #ЗАДАЧИ$) = -10.245784090956345
correctionProbability (#МУСАРЕ$ -> #МУСОРЕ$) = -20.681261359009714
correctionProbability (#ХООМ$ -> #ХОУМ$) = -9.35435592765749
correctionProbability (#ТОРЕНТЫ$ -> #ТОРРЕНТЫ$) = -20.75899446034677
correctionProbability (#СІМСОНИ$ -> #СІМПСОНИ$) = -22.847990222958543
correctionProbability (#РЕЛАМЫ$ -> #РЕКЛАМЫ$) = -11.73850065292254
correctionProbability (#КАСТУМ$ -> #КОСТЮМ$) = -73.16417499877473
correctionProbability (#ТОРЕНТЬ$ -> #ТОРРЕНТ$) = -75.31185550451384
correctionProbability (#ПАНКРЕАТИНЕ$ -> #ПАНКРЕАТИТЕ$) = -20.098968933357725
correctionProbability (#АНДПОИД$ -> #АНДРОИД$) = -9.133367290875668
correctionProbability (#МАССАЭИСТКИ$ -> #МАССАЖИСТКИ$) = -20.154340084808553
correctionProbability (#HUNDAI$ -> #HYUNDAI$) = -12.61346274712269
correctionProbability (#РЕЬЕНОК$ -> #РЕБЕНОК$) = -10.260738612449884
correctionProbability (#ИНСТВ$ -> #ИНСТА$) = -11.789544428088728
correctionProbability (#ВОКННОГО$ -> #ВОЕННОГО$) = -13.962664998758513
correctionProbability (#ГОРАНИЧЕНИЧ$ -> #ОГРАНИЧЕНИЯ$) = -151.74512852577627
correctionProbability (#АЙВОНА$ -> #АЙФОНА$) = -12.245538036427458
correctionProbability (#ЭЛЕКТРОНУЮ$ -> #ЭЛЕКТРОННУЮ$) = -18.37124257836252
correctionProbability (#КАРОНУ$ -> #КОРОНУ$) = -16.73012492464837
correctionProbability (#TWIGHT$ -> #TWILIGHT$) = -85.19299410517009
correctionProbability (#ГОРМОНАЛЬНИЙ$ -> #ГОРМОНАЛЬНЫЙ$) = -23.81828438612485
correctionProbability (#MUSIKA$ -> #MUZIKA$) = -15.405227357112683
correctionProbability (#ЗАЛАЧА$ -> #ЗАДАЧА$) = -12.840439154230243
correctionProbability (#МАИНЫ$ -> #МАШИНЫ$) = -8.46562740497151
correctionProbability (#АНИМЕРОСТ$ -> #АНИМЕВОСТ$) = -17.501659069891716
correctionProbability (#ДННЬ$ -> #ДЕНЬ$) = -3.894090341100277
correctionProbability (#ФЕРИТ$ -> #ФЕРРИТ$) = -22.474603193552156
correctionProbability (#АЛАВИТ$ -> #АЛФАВИТ$) = -10.810875100334982
correctionProbability (#ЮВЕЛИРНЫ$ -> #ЮВЕЛИРНЫХ$) = -18.515686702396486
correctionProbability (#ВЕСIЛЛЯ$ -> #ВЕСІЛЛЯ$) = -16.661769677797693
correctionProbability (#ПРОПОДАЕТ$ -> #ПРОПАДАЕТ$) = -18.851290552416437
correctionProbability (#МУРЕРМАРКЕТАХ$ -> #СУПЕРМАРКЕТАХ$) = -84.24786009996838
correctionProbability (#ФИЛИМ$ -> #ФИЛЬМ$) = -1.1500213150249543
correctionProbability (#МІШЕЛЬ$ -> #МИШЕЛЬ$) = -13.36934666610843
correctionProbability (#АВТОДИЛЛЕРЫ$ -> #АВТОДИЛЕРЫ$) = -29.105399703213614
correctionProbability (#БЕЗОПАСТНОСТЬ$ -> #БЕЗОПАСНОСТЬ$) = -19.51193603693303
correctionProbability (#ГОСТРИТЕ$ -> #ГАСТРИТЕ$) = -17.669489062883464
correctionProbability (#РЕССУРСЫ$ -> #РЕСУРСЫ$) = -16.856017893219132
correctionProbability (#МИШОК$ -> #МЕШОК$) = -10.32032477889189
correctionProbability (#БАСТУЙ$ -> #БАСТАЙ$) = -24.168142661764804
correctionProbability (#ДУДРОВА$ -> #ДУБРОВА$) = -23.206435281130695
correctionProbability (#КУПЧНСКИЙ$ -> #КУПЯНСКИЙ$) = -27.100017562187027
correctionProbability (#ТУМУ$ -> #ТЕМУ$) = -5.499598674499666
correctionProbability (#ОРГАЗМИ$ -> #ОРГАЗМЫ$) = -15.513147499326678
correctionProbability (#РЛАЙ$ -> #ПЛЕЙ$) = -73.18285046058247
correctionProbability (#СНЕГИРЕВКЕ$ -> #СНИГИРЕВКЕ$) = -25.982925080779395
correctionProbability (#НЕЛЕОТ$ -> #НЕДЕЛЬ$) = -142.04914275833522
correctionProbability (#МАТЕРЬЯЛОВ$ -> #МАТЕРИАЛОВ$) = -79.9385677013355
correctionProbability (#САМООБРАЗОВАНИИ$ -> #САМООБРАЗОВАНИЕ$) = -26.416639043236714
correctionProbability (#ПРАСТИТКТКИ$ -> #ПРОСТИТУТКИ$) = -79.01729984203696
correctionProbability (#ТОРЕНТА$ -> #ТОРРЕНТА$) = -14.94766940305707
correctionProbability (#КОТЯТЯ$ -> #КОТЯТА$) = -11.900072792729052
correctionProbability (#ФОКУОК$ -> #ФУКУОК$) = -15.36300923045648
correctionProbability (#ПОМЩЬЮ$ -> #ПОМОЩЬЮ$) = -12.706603874259422
correctionProbability (#ИЩРАИЛЬ$ -> #ИЗРАИЛЬ$) = -12.15419850948954
correctionProbability (#РОЛЕДРОМ$ -> #РОЛЛЕРДРОМ$) = -92.13877611082259
correctionProbability (#POLNOMETRAZNE$ -> #POLNOMETRAZHNOE$) = -107.18603013426889
correctionProbability (#ПРИПОРАТ$ -> #ПРЕПАРАТ$) = -76.84780793724349
correctionProbability (#САДРИДИН$ -> #САДРИДДИН$) = -22.91737485509583
correctionProbability (#БЕЛАУСИ$ -> #БЕЛАРУСИ$) = -12.017675061102587
correctionProbability (#НЕУДОВНЫИ$ -> #НЕУДОБНЫЙ$) = -91.22593780574671
correctionProbability (#ЗАМЕРАЕТ$ -> #ЗАМИРАЕТ$) = -23.046064259010663
correctionProbability (#ТОРЕНТЕ$ -> #ТОРРЕНТЕ$) = -20.920059211962062
correctionProbability (#ДННЙ$ -> #ДНЕЙ$) = -4.82879491352023
correctionProbability (#КУХОН$ -> #КУХОНЬ$) = -14.866422546285083
correctionProbability (#НРАЙ$ -> #НУРАЙ$) = -22.651908927048268
correctionProbability (#МАИОЙ$ -> #МАМОЙ$) = -11.038416342288489
correctionProbability (#ГИНИРАТОР$ -> #ГЕНЕРАТОР$) = -78.76335396184938
correctionProbability (#UNIVERSITESI$ -> #ÜNIVERSITESI$) = -27.976708642787962
correctionProbability (#N266LLS$ -> #N266LLD$) = -26.348909574335806
correctionProbability (#ГЕМАГЛОБИНА$ -> #ГЕМОГЛОБИНА$) = -20.90833370046422
correctionProbability (#УПЛАТНИТЕЛЬ$ -> #УПЛОТНИТЕЛЬ$) = -19.506859697131702
correctionProbability (#АЛЕКСАРДР$ -> #АЛЕКСАНДР$) = -10.22411690923208
correctionProbability (#MASKVA$ -> #MOSKVA$) = -16.650025808951813
correctionProbability (#ПЕРВЕДЧИК$ -> #ПЕРЕВОДЧИК$) = -74.03030111526353
correctionProbability (#ВИЗНАЧЕНЯ$ -> #ВИЗНАЧЕННЯ$) = -21.271051095669876
correctionProbability (#ЧПТ$ -> #ЧАТ$) = -7.137519241997417
correctionProbability (#ПРИМЕНЯЕТЬСЯ$ -> #ПРИМЕНЯЕТСЯ$) = -22.457380475120317
correctionProbability (#СПЕЦИАЛТОСТЫ$ -> #СПЕЦИАЛИСТЫ$) = -88.62379145664686
correctionProbability (#ТАЗАБЕДРЕННОГО$ -> #ТАЗОБЕДРЕННОГО$) = -22.400156591428313
correctionProbability (#ДЕРИКС$ -> #ДИРЕКС$) = -83.94591713557948
correctionProbability (#ТЮРКИНА$ -> #ТУРКИНА$) = -23.757823759682942
correctionProbability (#ARMEMIYA$ -> #ARMENIA$) = -82.21960046275716
correctionProbability (#ЕТИКЕТКИ$ -> #ЭТИКЕТКИ$) = -16.325840816360575
correctionProbability (#ТРАКТОРНИЙ$ -> #ТРАКТОРНЫЙ$) = -21.60599222034952
correctionProbability (#RUSKIX$ -> #RUSSKIX$) = -23.18475431862121
correctionProbability (#СЧИСТИТЬ$ -> #ОЧИСТИТЬ$) = -13.628787780294353
correctionProbability (#ОРЕШИН$ -> #ОРЕШКИН$) = -20.653826291689484
correctionProbability (#МЕНЕЖМЕНТ$ -> #МЕНЕДЖМЕНТ$) = -18.140123418352303
correctionProbability (#РЕЛАМА$ -> #РЕКЛАМА$) = -10.231924711986238
correctionProbability (#СКРОП$ -> #СКРАП$) = -13.667394256978842
correctionProbability (#МОГНИТОЛУ$ -> #МАГНИТОЛУ$) = -18.54698071648705
correctionProbability (#HEROUS$ -> #HEROES$) = -14.068320237263901
correctionProbability (#ЭМПЕТЕРИ$ -> #ЭМПЕТРИ$) = -29.79798845999015
correctionProbability (#СКРОЛ$ -> #СКРОЛЛ$) = -24.192087677375156
correctionProbability (#МОЦЕРТА$ -> #МОЦАРТА$) = -16.94740846491875
correctionProbability (#ЮННЫЕ$ -> #ЮНЫЕ$) = -13.010750524360365
correctionProbability (#ЕСТЫ$ -> #ТЕСТЫ$) = -9.636477733080813
correctionProbability (#ЛИНКЕН$ -> #ЛИНКИН$) = -16.630334362954567
correctionProbability (#MASKVE$ -> #MOSKVE$) = -19.42516935934604
correctionProbability (#ΚΟΣΜΟΣ$ -> #ΚΟΣΜΟΥ$) = -32.284338508272214
correctionProbability (#ЗАПЛРОЖЬЕ$ -> #ЗАПОРОЖЬЕ$) = -13.841153996971663
correctionProbability (#ЭБОКСИДНЫЙ$ -> #ЭПОКСИДНЫЙ$) = -22.621440492462888
correctionProbability (#ПОЗНОВАТЕЛЬНЫХ$ -> #ПОЗНАВАТЕЛЬНЫХ$) = -26.03029005077711
correctionProbability (#ÔZBEK$ -> #UZBEK$) = -11.883611796598846
correctionProbability (#НАСИБУЛИН$ -> #НАСИБУЛЛИН$) = -29.79032801018535
correctionProbability (#ВРЄМЯ$ -> #ВРЕМЯ$) = -5.988470706388938
correctionProbability (#СТРЕПСІЛС$ -> #СТРЕПСИЛС$) = -20.933617504186934
correctionProbability (#ПЕНСИОНЕРО$ -> #ПЕНСИОНЕРОВ$) = -16.563469528203896
correctionProbability (#КВАРЬИР$ -> #КВАРТИР$) = -9.363716792819076
correctionProbability (#ВОССТОЧНЫЙ$ -> #ВОСТОЧНЫЙ$) = -16.799816297524423
correctionProbability (#MAFIYA$ -> #MAFIA$) = -17.476563224074592
correctionProbability (#KANTAKT$ -> #KONTAKT$) = -16.630738597372613
correctionProbability (#КАЛЬКУТОР$ -> #КАЛЬКУЛЯТОР$) = -78.0687948456409
correctionProbability (#ЛЕССТОР$ -> #ЛЕССТРОЙ$) = -90.931978590353
correctionProbability (#ЯАНДЕКС$ -> #ЯНДЕКС$) = -4.73175225150155
correctionProbability (#ЧСЕ$ -> #ВСЕ$) = -1.1519362904965043
correctionProbability (#МАИЛР$ -> #МАЙЛ$) = -70.89225524647713
correctionProbability (#SVEET$ -> #SWEET$) = -13.192578213745836
correctionProbability (#КУРЕИТ$ -> #КУРЕЙТ$) = -17.494400059951094
correctionProbability (#КРАСТКОМ$ -> #КРАСКОМ$) = -24.24124734447917
correctionProbability (#ТЕЛИВИЗОРОВ$ -> #ТЕЛЕВИЗОРОВ$) = -18.495156232060367
correctionProbability (#РОТОВИРУСНЫЕ$ -> #РОТАВИРУСНЫЕ$) = -37.67021689765843
correctionProbability (#АЕРОК$ -> #АЭРОК$) = -23.4808802212724
correctionProbability (#ОВЦИ$ -> #ОВЦЫ$) = -13.860281817322292
correctionProbability (#ПРЕРЕВОДЧИК$ -> #ПЕРЕВОДЧИК$) = -11.145767569417274
correctionProbability (#МАИЛО$ -> #МАЙЛ$) = -70.88528140709963
correctionProbability (#ФИЛЛМ$ -> #ФИЛЬМ$) = -1.1557891071382258
correctionProbability (#АЕРОАДМИН$ -> #АЭРОАДМИН$) = -23.167288799090166
correctionProbability (#DOCHKISINOCCHKI$ -> #DOCHKISINOCHKI$) = -31.519391996268425
correctionProbability (#TRANSVIT$ -> #TRANSIT$) = -21.496421384015363
correctionProbability (#МОТЕТЬ$ -> #СМОТРЕТЬ$) = -68.24481643741719
correctionProbability (#ЛЮДЕИ$ -> #ЛЮДЕЙ$) = -8.249342552849534
correctionProbability (#НАПАЛЕОНА$ -> #НАПОЛЕОНА$) = -17.454167885409042
correctionProbability (#ФОРСУГКМ$ -> #ФОРСУНКИ$) = -80.54622197405467
correctionProbability (#НЕДОРОГ$ -> #НЕДОРОГО$) = -9.373737330954931
correctionProbability (#САЙЦТ$ -> #САЙТ$) = -3.034496211284857
correctionProbability (#АНЬАЛЬЯ$ -> #АНТАЛИЯ$) = -79.6844264751153
correctionProbability (#ЗАПОРЛЖЬЕ$ -> #ЗАПОРОЖЬЕ$) = -13.839149349616697
correctionProbability (#ЦИНЗУРЫ$ -> #ЦЕНЗУРЫ$) = -12.473182801322295
correctionProbability (#СИАНСЫ$ -> #СЕАНСЫ$) = -14.369359791456748
correctionProbability (#УКРНЕИ$ -> #УКРНЕТ$) = -9.848770388207473
correctionProbability (#МАИЛЗ$ -> #МАЙЛЗ$) = -17.136609410888365
correctionProbability (#ВОЛЧИНЕЦ$ -> #ВОЛЧАНЕЦ$) = -27.01304406180097
correctionProbability (#ИНДЭКС$ -> #ИНДЕКС$) = -9.436155491196292
correctionProbability (#ФУТБОД$ -> #ФУТБОЛ$) = -6.890206023903605
correctionProbability (#ЛУКЯНОВКА$ -> #ЛУКЬЯНОВКА$) = -26.27028713607089
correctionProbability (#БЕЛГОРД$ -> #БЕЛГОРОД$) = -12.665578373545088
correctionProbability (#SOCC$ -> #SOCCER$) = -77.27478445751599
correctionProbability (#АВТОРИНК$ -> #АВТОРЫНОК$) = -80.83157137354334
correctionProbability (#БЕЛГОРО$ -> #БЕЛГОРОД$) = -12.65852675495659
correctionProbability (#ДУБРОВСИЙ$ -> #ДУБРОВСКИЙ$) = -16.762283150173765
correctionProbability (#КРИПЛЕНИЯ$ -> #КРЕПЛЕНИЯ$) = -15.326562965350824
correctionProbability (#ГИПОТОЗЕ$ -> #ГЕПАТОЗЕ$) = -86.95866337931332
correctionProbability (#ХЭНТАИ$ -> #ХЕНТАЙ$) = -73.32141513662614
correctionProbability (#РЕЕБНИК$ -> #РЕШЕБНИК$) = -11.926542494234212
correctionProbability (#АФФЕРМАЦИЯ$ -> #АФФИРМАЦИЯ$) = -22.351414668759027
correctionProbability (#СЕРЕБРЕННОЙ$ -> #СЕРЕБРЯНОЙ$) = -88.26238820966245
correctionProbability (#АКАМОВА$ -> #АКИМОВА$) = -18.480184919363964
correctionProbability (#ЛИКИДАЦИИ$ -> #ЛИКВИДАЦИИ$) = -18.47591001504965
correctionProbability (#ПРОДОВАЕМЫХ$ -> #ПРОДАВАЕМЫХ$) = -25.86540275052461
correctionProbability (#КОМСОЛЬСКЕ$ -> #КОМСОМОЛЬСКЕ$) = -83.83242098988842
correctionProbability (#МЭПС$ -> #МАПС$) = -11.880101926229916
correctionProbability (#ДУАЛИНГО$ -> #ДУОЛИНГО$) = -20.075900915168383
correctionProbability (#СТАБИЛЕЗИРОВАННЫЙ$ -> #СТАБИЛИЗИРОВАННЫЙ$) = -30.962405308923167
correctionProbability (#ГРУЧИК$ -> #ГРУЗЧИК$) = -15.832008819019592
correctionProbability (#АНЛРОИД$ -> #АНДРОИД$) = -9.102637222650714
correctionProbability (#МЕГОЛОДОН$ -> #МЕГАЛОДОН$) = -18.593342291337244
correctionProbability (#ПИКАЗ$ -> #ПРИКАЗ$) = -9.55373595762153
correctionProbability (#ПОЧУМУ$ -> #ПОЧЕМУ$) = -6.6799216423958185
correctionProbability (#DAEMOND$ -> #DAEMON$) = -18.66785864723626
correctionProbability (#ARVEL$ -> #ARAVEL$) = -13.614705912281305
correctionProbability (#ROUSE$ -> #ROSE$) = -15.082511936260314
correctionProbability (#КАШЛИЕТ$ -> #КАШЛЯЕТ$) = -18.98355797275474
correctionProbability (#СНИТЬСЧ$ -> #СНИТСЯ$) = -77.70118828907987
correctionProbability (#САЛДАТ$ -> #СОЛДАТ$) = -11.701326756581476
correctionProbability (#МАИЛЪ$ -> #МАЙЛ$) = -70.93437473713638
correctionProbability (#ЛЕРМАНТОВЕ$ -> #ЛЕРМОНТОВЕ$) = -20.444744513198927
correctionProbability (#ВЕТРИНА$ -> #ВИТРИНА$) = -15.680797764172965
correctionProbability (#ЛЮДЕЦ$ -> #ЛЮДЕЙ$) = -8.259725817493653
correctionProbability (#НЕОЛИТИКА$ -> #ПОЛИТИКА$) = -80.99014314742318
correctionProbability (#СТОИММОСТЬ$ -> #СТОИМОСТЬ$) = -11.885309518220758
correctionProbability (#ПОТРАЛ$ -> #ПОРТАЛ$) = -74.8940517943718
correctionProbability (#АBCD$ -> #ABCD$) = -14.07443339055924
correctionProbability (#ПРИГАДА$ -> #БРИГАДА$) = -12.763644184596515
correctionProbability (#ФУТБОО$ -> #ФУТБОЛ$) = -6.892331346653865
correctionProbability (#ХОЛЕСТИРИНЕ$ -> #ХОЛЕСТЕРИНЕ$) = -22.53503168105506
correctionProbability (#КЛАССЦИЗМА$ -> #КЛАССИЦИЗМА$) = -23.64856310643708
correctionProbability (#ОРИЖДИНС$ -> #ОРИДЖИНС$) = -90.42099905522122
correctionProbability (#ВОСПИК$ -> #ВОТСПИК$) = -14.014602573466426
correctionProbability (#УКРНЕЬ$ -> #УКРНЕТ$) = -9.84729267083129
correctionProbability (#РСПИСАНИЕ$ -> #РАСПИСАНИЕ$) = -10.244288128294443
correctionProbability (#ЗАОНКИ$ -> #ЗВОНКИ$) = -14.698739173428624
correctionProbability (#ХОМС$ -> #ХОЛМС$) = -12.42014149382376
correctionProbability (#ПАРИХМАХЕРСКАЯ$ -> #ПАРИКМАХЕРСКАЯ$) = -20.73768681308676
correctionProbability (#ЖТВОТНЫЕ$ -> #ЖИВОТНЫЕ$) = -10.660094170285973
correctionProbability (#ДИЗЕНТИРИЯ$ -> #ДИЗЕНТЕРИЯ$) = -23.24130981784186
correctionProbability (#СПИШ$ -> #СПИШЬ$) = -17.08522136962762
correctionProbability (#ЕКАТЕНИНА$ -> #ЕКАТЕРИНА$) = -10.105677494644134
correctionProbability (#KAPUSTE$ -> #KAPUSTA$) = -23.089852156792716
correctionProbability (#ARADERO$ -> #VARADERO$) = -19.790618892164993
correctionProbability (#ЛАВНЫЙ$ -> #ГЛАВНЫЙ$) = -12.453693582425004
correctionProbability (#АНКЕЛИ$ -> #АНГЕЛЫ$) = -77.67906431005957
correctionProbability (#ПРОВЕРИЬ$ -> #ПРОВЕРИТЬ$) = -11.127851099243252
correctionProbability (#СЕКРЕТАРШОЙ$ -> #СЕКРЕТАРШЕЙ$) = -23.370896419644126
correctionProbability (#ГЕОГРФИИ$ -> #ГЕОГРАФИИ$) = -14.176622971815632
correctionProbability (#КАМЕН$ -> #КАМЕНЬ$) = -10.091298727886421
correctionProbability (#UNDEGROUND$ -> #UNDERGROUND$) = -21.3546219976014
correctionProbability (#ГОСУЦСЛУГИ$ -> #ГОСУСЛУГИ$) = -11.720891994259112
correctionProbability (#ЧТГ$ -> #ЧТО$) = -1.4319963107376026
correctionProbability (#CARRIBEAN$ -> #CARIBBEAN$) = -89.02607316085722
correctionProbability (#АМАХИНА$ -> #САМОХИНА$) = -84.36921862315344
correctionProbability (#КОСПЛЕИ$ -> #КОСПЛЕЙ$) = -14.912278651337594
correctionProbability (#КЛИЗЬМУ$ -> #КЛИЗМУ$) = -19.798430604332626
correctionProbability (#ЛАБОК$ -> #ЛОБОК$) = -15.34250539139003
correctionProbability (#ДЖАТСУ$ -> #ДЖУТСУ$) = -17.504935096256315
correctionProbability (#ЧТБ$ -> #ЧТОБЫ$) = -73.5313752043582
correctionProbability (#СТРАИТЕЛЬСТВО$ -> #СТРОИТЕЛЬСТВО$) = -16.719150586140685
correctionProbability (#RUCNOI$ -> #RUCHNOI$) = -33.719499047920564
correctionProbability (#ЧТА$ -> #ЧТО$) = -1.3272484791080714
correctionProbability (#SEARCHI$ -> #SEARCH$) = -15.844450670715492
correctionProbability (#ТОКПОКИ$ -> #ТОКПОККИ$) = -25.03469498183403
correctionProbability (#JESIKA$ -> #JESSICA$) = -82.47524609265153
correctionProbability (#УВИДЬДЫ$ -> #УВИЛЬДЫ$) = -19.408271943780697
correctionProbability (#КЛЕСА$ -> #КОЛЕСА$) = -9.528671588778568
correctionProbability (#МОЛЧАНИНА$ -> #МОЛЧАЛИНА$) = -22.438268728493192
correctionProbability (#НЕВЕСТИ$ -> #НЕВЕСТЫ$) = -13.044882406401044
correctionProbability (#ВЕТРИНУ$ -> #ВИТРИНУ$) = -19.445043003773165
correctionProbability (#ДРОЖАХ$ -> #ДРОЖЖАХ$) = -17.734063883880033
correctionProbability (#УРОВИНЬ$ -> #УРОВЕНЬ$) = -11.053274273257415
correctionProbability (#ФИЛКА$ -> #ФИАЛКА$) = -13.899590658800758
correctionProbability (#СЕРIАЛИ$ -> #СЕРІАЛИ$) = -19.567965073729987
correctionProbability (#АВЕНТОДОР$ -> #АВЕНТАДОР$) = -22.11894178646675
correctionProbability (#КАМЕТ$ -> #КОМЕТ$) = -18.656849546719815
correctionProbability (#ЛЕЦОМ$ -> #ЛИЦОМ$) = -12.11082639377572
correctionProbability (#ПАПОЛНИТЬ$ -> #ПОПОЛНИТЬ$) = -15.702477333363994
correctionProbability (#SUPERSELL$ -> #SUPERCELL$) = -22.395301795036595
correctionProbability (#ДЕМОНТАЖНИКОМ$ -> #МОНТАЖНИКОМ$) = -94.78790117945026
correctionProbability (#ЛИМФОДЕНОПАТИЯ$ -> #ЛИМФАДЕНОПАТИЯ$) = -28.107012051856884
correctionProbability (#КОСЫКА$ -> #КОСЫНКА$) = -10.351521861820615
correctionProbability (#ОТСАСУ$ -> #ОТСОСУ$) = -20.53553644110581
correctionProbability (#КРСНОДАРЕ$ -> #КРАСНОДАРЕ$) = -13.179925938496552
correctionProbability (#АКАРДЕОН$ -> #АККОРДЕОН$) = -83.00964704632906
correctionProbability (#АРХЕТЕКТУРЕ$ -> #АРХИТЕКТУРЕ$) = -20.14719884377648
correctionProbability (#ПОСВЕЩЕННЫЕ$ -> #ПОСВЯЩЕННЫЕ$) = -21.437784199910467
correctionProbability (#ППРОДАЖА$ -> #ПРОДАЖА$) = -9.994195929827043
correctionProbability (#MASTERBATING$ -> #MASTURBATING$) = -25.411198661800164
correctionProbability (#МТНСК$ -> #МИНСК$) = -7.715812116616309
correctionProbability (#САМАСТАЯТЕЛЬНАЯ$ -> #САМОСТОЯТЕЛЬНАЯ$) = -87.33761311278386
correctionProbability (#БАРОКО$ -> #БАРОККО$) = -17.145814837975337
correctionProbability (#ФИЬЬМ$ -> #ФИЛЬМ$) = -1.179871344843665
correctionProbability (#SEREIA$ -> #SERIA$) = -14.955793547803413
correctionProbability (#ПРОВЕРИТ$ -> #ПРОВЕРИТЬ$) = -11.092193415726875
correctionProbability (#VKISKY$ -> #VKISKU$) = -20.46161544544079
correctionProbability (#SEARCHL$ -> #SEARCH$) = -15.849207104692386
correctionProbability (#ПОСВЕЩЕННЫЙ$ -> #ПОСВЯЩЕННЫЙ$) = -21.162717322503518
correctionProbability (#САВАТИЯ$ -> #САВВАТИЯ$) = -24.52019966792721
correctionProbability (#КАРНУТЕНЫ$ -> #КАРПУТИНЫ$) = -99.50942593962168
correctionProbability (#УПОДЕТ$ -> #УПАДЕТ$) = -19.12518052241028
correctionProbability (#ХОНО$ -> #ХОНОР$) = -10.917929212818027
correctionProbability (#VKISKI$ -> #VKISKU$) = -20.462412258231947
correctionProbability (#ПОЛОЖЫТЬ$ -> #ПОЛОЖИТЬ$) = -15.399695617881257
correctionProbability (#ТРУБИЦКОЙ$ -> #ТРУБЕЦКОЙ$) = -19.103653719039208
correctionProbability (#ХОНР$ -> #ХОНОР$) = -10.924302697385922
correctionProbability (#ЧАТУРБАН$ -> #ЧАТУРБАТЕ$) = -85.73372922093462
correctionProbability (#СОЛНЕЧНИЙ$ -> #СОЛНЕЧНЫЙ$) = -14.715318493106246
correctionProbability (#ЧЕШКОЙ$ -> #ЧЕШСКОЙ$) = -19.22806535188647
correctionProbability (#БАРХОТНАЯ$ -> #БАРХАТНАЯ$) = -21.29932928452839
correctionProbability (#ГАЗАВЫЙ$ -> #ГАЗОВЫЙ$) = -12.026247735248347
correctionProbability (#АРХЕТЕКТУРА$ -> #АРХИТЕКТУРА$) = -17.874966058285352
correctionProbability (#БИГИШЕВО$ -> #БЕГИШЕВО$) = -20.679302313295018
correctionProbability (#ЗЕМЛЧ$ -> #ЗЕМЛЯ$) = -9.570630836619134
correctionProbability (#СЕВАСТПОЛЬ$ -> #СЕВАСТОПОЛЬ$) = -15.309830907860515
correctionProbability (#ЩОТКА$ -> #ЩЕТКА$) = -13.494215986894265
correctionProbability (#АМЕРЕКАНСКОЕ$ -> #АМЕРИКАНСКОЕ$) = -22.48711889835939
correctionProbability (#VUDEO$ -> #VIDEO$) = -7.951672393764529
correctionProbability (#БРАЗЕС$ -> #БРАЗЕРС$) = -13.59988972231281
correctionProbability (#MOVIESÙ$ -> #MOVIES$) = -13.934662609302418
correctionProbability (#ИВИТИСЬ$ -> #ДИВИТИСЬ$) = -17.21536022768762
correctionProbability (#ПОДЬЕМНЫХ$ -> #ПОДЪЕМНЫХ$) = -23.017063044899146
correctionProbability (#ТУРТРАНВОЯЖ$ -> #ТУРТРАНСВОЯЖ$) = -20.46442910514901
correctionProbability (#КОСЮК$ -> #КОСТЮК$) = -21.098419993809056
correctionProbability (#YOURTUBE$ -> #YOUTUBE$) = -8.947602379721701
correctionProbability (#КАНАДСЬКИЙ$ -> #КАНАДСКИЙ$) = -21.994449913761322
correctionProbability (#ДНКМ$ -> #ДНЕМ$) = -4.221729277590505
correctionProbability (#КЛЕМА$ -> #КЛЕММА$) = -19.369541897211075
correctionProbability (#КОСЮМ$ -> #КОСТЮМ$) = -9.051960050263812
correctionProbability (#ПРОФЕСІОНАЛ$ -> #ПРОФЕССИОНАЛ$) = -83.90973547874057
correctionProbability (#ОСЕТИ$ -> #ОСЕТИИ$) = -17.344134489255072
correctionProbability (#ВIН$ -> #ВІН$) = -16.01861464459881
correctionProbability (#СЛАБАКИ$ -> #СОБАКИ$) = -76.94051773310782
correctionProbability (#БРАЗЕЦ$ -> #ОБРАЗЕЦ$) = -8.590926590932185
correctionProbability (#АНТИБІОТИКИ$ -> #АНТИБИОТИКИ$) = -18.474002313708247
correctionProbability (#АОДА$ -> #ВОДА$) = -7.168914241298879
correctionProbability (#ВЫВЕЕСТИ$ -> #ВЫВЕСТИ$) = -15.793909962465456
correctionProbability (#АНОМАЛИ$ -> #АНОМАЛИЯ$) = -18.299658718992553
correctionProbability (#РИШЕБА$ -> #РЕШЕБА$) = -13.330409357061743
correctionProbability (#ТВІЧ$ -> #ТВИЧ$) = -9.775543049020566
correctionProbability (#КРАСТКИЙ$ -> #КРАТКИЙ$) = -17.016763485062064
correctionProbability (#LAIKE$ -> #LIKE$) = -13.46240480439982
correctionProbability (#ДОГОДАЙСЯ$ -> #ДОГАДАЙСЯ$) = -24.32372292242715
correctionProbability (#ПОТЁР$ -> #ПОТТЕР$) = -73.74903671206712
correctionProbability (#МУЖЧТНА$ -> #МУЖЧИНА$) = -10.415343508507767
correctionProbability (#СКРЕЩИНАЯ$ -> #СКРЕЩЕННАЯ$) = -90.3554744319815
correctionProbability (#МОРЕКОВ$ -> #МОРЯКОВ$) = -16.000528789107918
correctionProbability (#ПОДЬЕМНЫМ$ -> #ПОДЪЕМНЫМ$) = -19.96552323399741
correctionProbability (#INSKAPE$ -> #INKSCAPE$) = -87.32368062148873
correctionProbability (#ЭНЕРГОЭФЕКТИВНОСТИ$ -> #ЭНЕРГОЭФФЕКТИВНОСТИ$) = -32.42103122597187
correctionProbability (#ЩОТКИ$ -> #ЩЕТКИ$) = -13.677840104780334
correctionProbability (#SKATCHAT$ -> #SKACHAT$) = -14.195267897675677
correctionProbability (#КАСТРА$ -> #КОСТРА$) = -16.255006208175008
correctionProbability (#МОНИВЕО$ -> #МАНИВЕО$) = -17.073768943601877
correctionProbability (#МУЖЧТНЕ$ -> #МУЖЧИНЕ$) = -9.843446584673444
correctionProbability (#АППАРТАМЕНТОВ$ -> #АПАРТАМЕНТОВ$) = -26.115753526241065
correctionProbability (#ЧАСАВОЙ$ -> #ЧАСОВОЙ$) = -15.533258699855253
correctionProbability (#ПАМПЕРСИ$ -> #ПАМПЕРСЫ$) = -16.330104347537322
correctionProbability (#ПОДЬЕМНЫЙ$ -> #ПОДЪЕМНЫЙ$) = -19.806201184444667
correctionProbability (#НОЧЬНОЙ$ -> #НОЧНОЙ$) = -14.475446035707012
correctionProbability (#ЧТЬ$ -> #ЧТО$) = -1.4323950565062127
correctionProbability (#ПОВЕЛЕНИЕ$ -> #ПОВЕДЕНИЕ$) = -16.040097093477243
correctionProbability (#ПЛАЗМИ$ -> #ПЛАЗМЫ$) = -18.217281356951677
correctionProbability (#ФУДБОЛУ$ -> #ФУТБОЛУ$) = -10.70376317675457
correctionProbability (#МОРОЖЕНО$ -> #МОРОЖЕНОЕ$) = -16.14923122763591
correctionProbability (#ЛЮБОАНЫЙ$ -> #ЛЮБОВНЫЙ$) = -15.26327517582451
correctionProbability (#ЛЕТНИМУ$ -> #ЛЕТНЕМУ$) = -18.57934178212804
correctionProbability (#КОМПРЕСА$ -> #КОМПРЕССА$) = -24.124544270261325
correctionProbability (#ПРИКА$ -> #ПРИКАЗ$) = -9.560001777510923
correctionProbability (#АТОСАЛОН$ -> #АВТОСАЛОН$) = -14.576261414809466
correctionProbability (#АНЖЕЛИНЫ$ -> #АНДЖЕЛИНЫ$) = -20.513849770814026
correctionProbability (#ПОЖЕНИМС$ -> #ПОЖЕНИМСЯ$) = -15.312643744175084
correctionProbability (#РЕГИСРАЦИЯ$ -> #РЕГИСТРАЦИЯ$) = -14.472003570545269
correctionProbability (#ХОНДРАГАРД$ -> #ХОНДРОГАРД$) = -21.034799360910633
correctionProbability (#АИНЕГРЕТ$ -> #ВИНЕГРЕТ$) = -16.698197408094224
correctionProbability (#HDML$ -> #HDMI$) = -12.403467254966106
correctionProbability (#ЭХИНАЦИЯ$ -> #ЭХИНАЦЕЯ$) = -18.448851631170108
correctionProbability (#СКИДКАЙ$ -> #СКИДКОЙ$) = -13.994195557438758
correctionProbability (#ПАТЕРНЫ$ -> #ПАТТЕРНЫ$) = -22.33192155954943
correctionProbability (#ШТРАВЫ$ -> #ШТРАФЫ$) = -11.011329575015072
correctionProbability (#ПАЗНАКОМТИСЯ$ -> #ПОЗНАКОМИТЬСЯ$) = -150.2967546806516
correctionProbability (#МАСЛУКИНГ$ -> #МАССЛУКИНГ$) = -29.0726996229441
correctionProbability (#НЕЛЕЛЯ$ -> #НЕДЕЛЯ$) = -11.734904057769658
correctionProbability (#КЛИЗЬМА$ -> #КЛИЗМА$) = -17.902805325658488
correctionProbability (#ОСТЕОХАНДРОС$ -> #ОСТЕОХОНДРОЗ$) = -84.93703585300818
correctionProbability (#ХОРОЩО$ -> #ХОРОШО$) = -11.300462477080341
correctionProbability (#НЕЛЕЛЬ$ -> #НЕДЕЛЬ$) = -12.541254124863958
correctionProbability (#ОБНУЛУЛИТЬ$ -> #ОБНУЛИТЬ$) = -89.45230090455328
correctionProbability (#ЧТУ$ -> #ЧТО$) = -1.430692435145417
correctionProbability (#ПАГОНЯ$ -> #ПОГОНЯ$) = -14.597205795815196
correctionProbability (#ФИЛМЬ$ -> #ФИЛЬМ$) = -68.92520184080087
correctionProbability (#СВАТВ$ -> #СВАТЫ$) = -8.25381296328958
correctionProbability (#РИЦЕНЗИЯ$ -> #РЕЦЕНЗИЯ$) = -17.448501219636512
correctionProbability (#ОРИГЕНАЛЕ$ -> #ОРИГИНАЛЕ$) = -20.624579655565164
correctionProbability (#FACCE$ -> #FACE$) = -11.132286924589305
correctionProbability (#ФУДБОЛЕ$ -> #ФУТБОЛЕ$) = -15.297339934339753
correctionProbability (#МУЛЬИК$ -> #МУЛЬТИК$) = -7.387404391228337
correctionProbability (#ХОКК$ -> #ХОККЕЙ$) = -76.35416897943482
correctionProbability (#HDMA$ -> #HDMI$) = -12.403503492758507
correctionProbability (#ПАГОНЫ$ -> #ПОГОНЫ$) = -15.179116863730481
correctionProbability (#ВАСЕНЕВА$ -> #ВАСИЛЬЕВА$) = -146.38237265782467
correctionProbability (#СТРОИТЕЛЬСТА$ -> #СТРОИТЕЛЬСТВА$) = -18.91306917938995
correctionProbability (#КУТУЗОВКИ$ -> #КУТУЗОВСКИЙ$) = -88.41919110708781
correctionProbability (#ДЧОКИ$ -> #ДОЧКИ$) = -77.92889164240523
correctionProbability (#РАЗГОДАТЬ$ -> #РАЗГАДАТЬ$) = -20.404472427980586
correctionProbability (#КУНДЕЛ3К$ -> #КҮНДЕЛІК$) = -74.10359290834288
correctionProbability (#ДОМШНИХ$ -> #ДОМАШНИХ$) = -8.958442046792321
correctionProbability (#КЛИНТКА$ -> #КЛИНИКА$) = -9.649802738086457
correctionProbability (#РЕМЕСЛИНИКА$ -> #РЕМЕСЛЕННИКА$) = -91.88306732795368
correctionProbability (#ТЛАУНЧЕРА$ -> #ЛАУНЧЕРА$) = -23.565564655298125
correctionProbability (#МАРФОЛОГИЧЕСКИЙ$ -> #МОРФОЛОГИЧЕСКИЙ$) = -22.45284491177778
correctionProbability (#УЧЕЬНИК$ -> #УЧЕБНИК$) = -9.031221972275617
correctionProbability (#ARCHAGE$ -> #ARCHEAGE$) = -19.485864833020962
correctionProbability (#ОПРЕДЕЛЕНЕ$ -> #ОПРЕДЕЛЕНИЕ$) = -15.948741626401677
correctionProbability (#ИЗВЕТНЫЕ$ -> #ИЗВЕСТНЫЕ$) = -15.908648271699015
correctionProbability (#ФАНАР$ -> #ФОНАРЬ$) = -77.92075385273023
correctionProbability (#СУПРИМАБРОНХО$ -> #СУПРИМОБРОНХО$) = -38.702386132390245
correctionProbability (#ЕДИШЕН$ -> #ЭДИШН$) = -84.79952420726072
correctionProbability (#ХОКУ$ -> #ХОККУ$) = -19.608252881065372
correctionProbability (#ПЛУЧАЕТ$ -> #ПОЛУЧАЕТ$) = -17.29921999137003
correctionProbability (#РИБИЙ$ -> #РЫБИЙ$) = -13.803843056373385
correctionProbability (#ЗАОНИЛ$ -> #ЗВОНИЛ$) = -13.293754907561652
correctionProbability (#ПОЕЯТЬ$ -> #ПОНЯТЬ$) = -12.056999455029516
correctionProbability (#СУММАМЕД$ -> #СУМАМЕД$) = -19.413338468312688
correctionProbability (#ПРИЕМВ$ -> #ПРИЕМА$) = -11.939505976965126
correctionProbability (#КАПТИЛЬНЯ$ -> #КОПТИЛЬНЯ$) = -18.355466578278694
correctionProbability (#БЕЗКОЖТОВНО$ -> #БЕЗКОШТОВНО$) = -21.02295314253365
correctionProbability (#ТУИЗ$ -> #ТУНИС$) = -77.60516148642691
correctionProbability (#TAXY$ -> #TAXI$) = -14.17555315918688
correctionProbability (#ЕЛАБРЕРИ$ -> #ЕЛАЙБРЕРИ$) = -23.38489154985541
correctionProbability (#ЭКСТРОСИСТОЛЫ$ -> #ЭКСТРАСИСТОЛЫ$) = -27.047581614124816
correctionProbability (#FILEBSE$ -> #FILEBASE$) = -19.61341980886609
correctionProbability (#РЕЖИТ$ -> #РЕЖЕТ$) = -18.236592533815386
correctionProbability (#ХОРОШЕ$ -> #ХОРОШЕМ$) = -5.917571892396394
correctionProbability (#КОРПОРАЦЫЯ$ -> #КОРПОРАЦИЯ$) = -16.423562954097484
correctionProbability (#НОГТЬ$ -> #НОГОТЬ$) = -15.758958407109883
correctionProbability (#ВОРЛДА$ -> #ВОРЛД$) = -12.432533123650256
correctionProbability (#АКВАПАОК$ -> #АКВАПАРК$) = -13.927677811716713
correctionProbability (#ГАРНЬ$ -> #ГРАНЬ$) = -80.95415411037685
correctionProbability (#САКСАФОНЕ$ -> #САКСОФОНЕ$) = -19.374352421653306
correctionProbability (#НЕИСПОЛЬЗОВАНЫЙ$ -> #НЕИСПОЛЬЗОВАННЫЙ$) = -26.47470393544034
correctionProbability (#ЗАВОРОТНЮ$ -> #ЗАВОРОТНЮК$) = -12.377632326933785
correctionProbability (#ФОРИУЛА$ -> #ФОРМУЛА$) = -9.450849854142255
correctionProbability (#ПЕРЕВНСТИ$ -> #ПЕРЕВЕСТИ$) = -12.753955358421834
correctionProbability (#КАЛЯСОК$ -> #КОЛЯСОК$) = -15.424131672658355
correctionProbability (#СКВАРТ$ -> #СКВИРТ$) = -13.366701535232625
correctionProbability (#САКСАФОНА$ -> #САКСОФОНА$) = -21.026077041146422
correctionProbability (#УНИВЕРСТТТОВ$ -> #УНИВЕРСИТЕТОВ$) = -91.0174651588843
correctionProbability (#DAEMOON$ -> #DAEMON$) = -18.65658178408626
correctionProbability (#ТУРУНК$ -> #ТУРУНЧ$) = -22.962443613352164
correctionProbability (#ФИЛМА$ -> #ФИЛЬМА$) = -9.915774933265215
correctionProbability (#АТОМОБИЛИСТА$ -> #АВТОМОБИЛИСТА$) = -18.51113376724456
correctionProbability (#ЭСТРАГЕН$ -> #ЭСТРОГЕН$) = -21.64561929038286
correctionProbability (#ДОМШНИЕ$ -> #ДОМАШНЕЕ$) = -75.88037863428556
correctionProbability (#ВОСПИТАНИКОВ$ -> #ВОСПИТАННИКОВ$) = -24.61361120607036
correctionProbability (#ПЕНДОСЫ$ -> #ПИНДОСЫ$) = -24.145979814799645
correctionProbability (#БАСТОН$ -> #БОСТОН$) = -16.237587906123277
correctionProbability (#ПОЛУПОЛЬТО$ -> #ПОЛУПАЛЬТО$) = -21.410859635795312
correctionProbability (#МИНИМАЛЬНВЙ$ -> #МИНИМАЛЬНЫЙ$) = -19.4767336818379
correctionProbability (#СТОЮТ$ -> #СТОЯТ$) = -11.515793228628713
correctionProbability (#ХОРОШМ$ -> #ХОРОШЕМ$) = -5.91861895894356
correctionProbability (#ТАБЛИТСА$ -> #ТАБЛИЦА$) = -75.0470317020323
correctionProbability (#РАЗЬЕДАЕТ$ -> #РАЗЪЕДАЕТ$) = -25.996706848546744
correctionProbability (#ЗИИУ$ -> #ЗИМУ$) = -6.449703226739089
correctionProbability (#БАРАДИНО$ -> #БОРОДИНО$) = -81.53411090142721
correctionProbability (#ШУРШИЛИ$ -> #ШУРШАЛИ$) = -26.660085375728116
correctionProbability (#ТОРЕНТОВ$ -> #ТОРРЕНТОВ$) = -23.633488134018116
correctionProbability (#ЫРЕМЯ$ -> #ВРЕМЯ$) = -5.963068700163845
correctionProbability (#HIOMI$ -> #XIAOMI$) = -75.18748856904702
correctionProbability (#НИКАЛАЕВ$ -> #НИКОЛАЕВ$) = -13.930635307678031
correctionProbability (#ТУЗУ$ -> #ТҮЗУ$) = -19.4521677128939
correctionProbability (#ОВОЕ$ -> #НОВОЕ$) = -7.963440115900145
correctionProbability (#КУНДЕОИК$ -> #КҮНДЕЛІК$) = -138.8542555914439
correctionProbability (#ОБЪМА$ -> #ОБЪЕМА$) = -14.743695090207328
correctionProbability (#AUTOCLIKER$ -> #AUTOCLICKER$) = -23.132491584978574
correctionProbability (#НАЛОГПЛАТЕЛЬЩИКА$ -> #НАЛОГОПЛАТЕЛЬЩИКА$) = -21.182178352436825
correctionProbability (#КАПТИЛЬНЕ$ -> #КОПТИЛЬНЕ$) = -21.321742809145434
correctionProbability (#ИДИОЛОГИЯСЫНЫН$ -> #ИДЕОЛОГИЯСЫНЫҢ$) = -104.57284013213646
correctionProbability (#ЧЕЕЗ$ -> #ЧЕРЕЗ$) = -6.2129623034709205
correctionProbability (#КАПТИЛЬНИ$ -> #КОПТИЛЬНИ$) = -21.10148998617155
correctionProbability (#НОВАКАИН$ -> #НОВОКАИН$) = -20.283097858940224
correctionProbability (#РАЮОТАТЬ$ -> #РАБОТАТЬ$) = -13.152876549986644
correctionProbability (#ХОРОШУ$ -> #ХОРОШУЮ$) = -16.287271951867467
correctionProbability (#ЗДРАСТВУЕТ$ -> #ЗДРАВСТВУЕТ$) = -23.863833113116705
correctionProbability (#СПЕС$ -> #СПЕЙС$) = -13.37811225292317
correctionProbability (#РОССИЧ$ -> #РОССИЯ$) = -6.16421062722484
correctionProbability (#СНИТЬМЯ$ -> #СНИТСЯ$) = -77.79249983543632
correctionProbability (#ЗАПЧАСТМ$ -> #ЗАПЧАСТИ$) = -10.104253927087377
correctionProbability (#ДОРАМФ$ -> #ДОРАМЫ$) = -12.22945549568529
correctionProbability (#ПАРФУМЕРИЯ$ -> #ПАРФЮМЕРИЯ$) = -18.131190506280973
correctionProbability (#КЕМНРОВО$ -> #КЕМЕРОВО$) = -10.578124298409456
correctionProbability (#РАБЛТА$ -> #РАБОТА$) = -4.993791553650642
correctionProbability (#НОГТІ$ -> #НОГТИ$) = -9.341400101766713
correctionProbability (#АДМИСТРАЦИЯ$ -> #АДМИНИСТРАЦИЯ$) = -82.76889757155209
correctionProbability (#ЗАМИНИТЬ$ -> #ЗАМЕНИТЬ$) = -10.942328860218971
correctionProbability (#АНАРАК$ -> #АНОРАК$) = -19.089116665512183
correctionProbability (#ТЕРРАБИТИЮ$ -> #ТЕРАБИТИЮ$) = -22.19154482909172
correctionProbability (#СОСУЮЩИХ$ -> #СОСУЩИХ$) = -26.567734511010173
correctionProbability (#МАНДАРИНИ$ -> #МАНДАРИНЫ$) = -19.94754340903645
correctionProbability (#СИНАЙСКЯ$ -> #СИНАЙСКАЯ$) = -27.49770928320867
correctionProbability (#ЯКОСТИ$ -> #ЯКОСТІ$) = -18.47857369949993
correctionProbability (#ГИГАНСКИХ$ -> #ГИГАНТСКИХ$) = -24.70775987332999
correctionProbability (#ПДРОСТКОВ$ -> #ПОДРОСТКОВ$) = -14.974340872806302
correctionProbability (#ОКВАРИУМ$ -> #АКВАРИУМ$) = -15.000558547726556
correctionProbability (#СЕНИЙ$ -> #СИНИЙ$) = -7.214894506763155
correctionProbability (#ТЕРИТОРИ$ -> #ТЕРРИТОРИИ$) = -81.41395896062056
correctionProbability (#АВИСАЛЕС$ -> #АВИАСАЛЕС$) = -17.69472191748377
correctionProbability (#ПОКАЗЫВЕТ$ -> #ПОКАЗЫВАЕТ$) = -16.441155555739037
correctionProbability (#НОВОСИБИСКЕ$ -> #НОВОСИБИРСКЕ$) = -15.720847611791363
correctionProbability (#БАЩВ$ -> #БАЗА$) = -73.06921121911314
correctionProbability (#СПЕД$ -> #СПИД$) = -11.69998651645172
correctionProbability (#ИЩМЕНА$ -> #ИЗМЕНА$) = -11.974163175113848
correctionProbability (#DOCXHKISINOCHKI$ -> #DOCHKISINOCHKI$) = -31.524777175478036
correctionProbability (#КАРОЛЯ$ -> #КОРОЛЯ$) = -11.893178400969429
correctionProbability (#КАЗАСТАНА$ -> #КАЗАХСТАНА$) = -13.25346317111272
correctionProbability (#OTKRITKA$ -> #OTKRITKI$) = -19.92310336203071
correctionProbability (#БАЩА$ -> #БАЗА$) = -8.277568189837304
correctionProbability (#ТУЛЗ$ -> #ТУЛС$) = -14.94131849520728
correctionProbability (#КОТОГО$ -> #КОТОРОГО$) = -80.15072408623357
correctionProbability (#ЕРЕМЕШЕВ$ -> #ЕРЕМЕЕВ$) = -22.903263349953924
correctionProbability (#ЩАДАНИЕ$ -> #ЗАДАНИЕ$) = -11.183204542853382
correctionProbability (#БОГВТСТВО$ -> #БОГАТСТВО$) = -17.61024201116625
correctionProbability (#ЗМЕЙКАИ$ -> #ЗМЕЙКОЙ$) = -88.4190579772224
correctionProbability (#ОТКРИТЬ$ -> #ОТКРЫТЬ$) = -10.080774390989077
correctionProbability (#ПРЕСТОЛРВ$ -> #ПРЕСТОЛОВ$) = -11.648558886808594
correctionProbability (#СЕЛИКОН$ -> #СИЛИКОН$) = -16.945662674000673
correctionProbability (#ЕВРАТОРИИ$ -> #ЕВПАТОРИИ$) = -14.767215808324899
correctionProbability (#БЛЯДА$ -> #БЛЮДА$) = -8.848104901684732
correctionProbability (#КУХНА$ -> #КУХНЯ$) = -7.893674189773844
correctionProbability (#ПЕГМЕНТНЫЕ$ -> #ПИГМЕНТНЫЕ$) = -21.861578119728
correctionProbability (#ЛЕЦИЯ$ -> #ЛЕКЦИЯ$) = -14.968880775904925
correctionProbability (#МИРИНА$ -> #МАРИНА$) = -9.23937885195117
correctionProbability (#ЗАВИДЕНИИ$ -> #ЗАВЕДЕНИИ$) = -23.070230591901833
correctionProbability (#ЕСТБ$ -> #ЕСТЬ$) = -6.586574920717727
correctionProbability (#ODNAKLASNIKI$ -> #ODNOKLASSNIKI$) = -83.52489565864917
correctionProbability (#ПОСТРОТЬ$ -> #ПОСТРОИТЬ$) = -14.214940097336651
correctionProbability (#ЙОГАНН$ -> #ИОГАНН$) = -17.637010578155216
correctionProbability (#КАРОЛИ$ -> #КОРОЛИ$) = -15.026623925682951
correctionProbability (#ЛИЦЕНЗИОНЫЙ$ -> #ЛИЦЕНЗИОННЫЙ$) = -21.660582057552077
correctionProbability (#ЕТАЖА$ -> #ЭТАЖА$) = -13.647621556015398
correctionProbability (#ПОСОЕ$ -> #ПОСЛЕ$) = -5.415232320132343
correctionProbability (#DEED$ -> #DEAD$) = -9.714983631249293
correctionProbability (#КОПАЛОВА$ -> #КОПЫЛОВА$) = -18.649775024201645
correctionProbability (#DEEG$ -> #BEEG$) = -12.959545929082044
correctionProbability (#ЛИИТЕРАТУРА$ -> #ЛИТЕРАТУРА$) = -17.702534769148706
correctionProbability (#РИБКА$ -> #РЫБКА$) = -11.325317766299666
correctionProbability (#ЖВЕ$ -> #ДВЕ$) = -7.5978397153564075
correctionProbability (#SVEJI$ -> #SVEJIE$) = -21.143009537053057
correctionProbability (#ОДНОКАРЕННЫЕ$ -> #ОДНОКОРЕННЫЕ$) = -20.017471008461378
correctionProbability (#ЛИЦЕНЗИОНЫЕ$ -> #ЛИЦЕНЗИОННЫЕ$) = -25.592992958396614
correctionProbability (#КОЖАННЫМИ$ -> #КОЖАНЫМИ$) = -24.878369001450757
correctionProbability (#ВЫШЕВКА$ -> #ВЫШИВКА$) = -11.251743065604224
correctionProbability (#КРЕСНИЦЕ$ -> #КРЕСТНИЦЕ$) = -22.07356091917881
correctionProbability (#ПОЗДРАВЛЕН$ -> #ПОЗДРАВЛЕНИЯ$) = -79.28961516062128
correctionProbability (#KOLLBERG$ -> #KOLBERG$) = -29.785336170202797
correctionProbability (#СКОЛЬАО$ -> #СКОЛЬКО$) = -6.041446417320408
correctionProbability (#ГЕНИКОЛОГ$ -> #ГИНЕКОЛОГ$) = -79.40397054563468
correctionProbability (#ДОМІК$ -> #ДОМИК$) = -9.714671038180551
correctionProbability (#FACEI$ -> #FACEIT$) = -15.053244785637336
correctionProbability (#СОАВНЕНИЕ$ -> #СРАВНЕНИЕ$) = -14.685791184317189
correctionProbability (#НЕОЖИДАНО$ -> #НЕОЖИДАННО$) = -20.494087420582247
correctionProbability (#МЫШЛЕНИЧ$ -> #МЫШЛЕНИЯ$) = -17.005678969267287
correctionProbability (#ЕТАЖЕ$ -> #ЭТАЖЕ$) = -15.04444572350381
correctionProbability (#ЖВА$ -> #ДВА$) = -6.8474596908390915
correctionProbability (#СТИКОЗА$ -> #СТРЕКОЗА$) = -81.10121550669714
correctionProbability (#ТУРЛЕРІ$ -> #ТҮРЛЕРІ$) = -13.894774389773794
correctionProbability (#СММОТРЕТЬ$ -> #СМОТРЕТЬ$) = -4.87775311667299
correctionProbability (#ШИПОВАНУЮ$ -> #ШИПОВАННУЮ$) = -23.822804075852808
correctionProbability (#АТАШЕ$ -> #АТТАШЕ$) = -21.467618385707897
correctionProbability (#ОНТЕНЫ$ -> #АНТЕННЫ$) = -80.30197461277506
correctionProbability (#ИНТИРЕСНЫЕ$ -> #ИНТЕРЕСНЫЕ$) = -13.313298530950867
correctionProbability (#СЕНИЯ$ -> #СЕРИЯ$) = -2.2860185827914314
correctionProbability (#FUTUREMC$ -> #FUTURE$) = -85.00015092202877
correctionProbability (#БОНІТУААННЯ$ -> #БОНІТУВАННЯ$) = -36.78619721929763
correctionProbability (#КОТИГОРИИ$ -> #КАТЕГОРИИ$) = -79.257936761621
correctionProbability (#ПРЕЗЕНТИЦИЯ$ -> #ПРЕЗЕНТАЦИЯ$) = -12.184842508318198
correctionProbability (#КИНОЬЕАТР$ -> #КИНОТЕАТР$) = -11.334892408803292
correctionProbability (#СОЧИНЕНИН$ -> #СОЧИНЕНИЕ$) = -12.289580630166192
correctionProbability (#ОКУРЧАЛАР$ -> #ОКУРДЖАЛАР$) = -89.44225141398523
correctionProbability (#ПОВЕЛЕНИЯ$ -> #ПОВЕДЕНИЯ$) = -13.222570333389044
correctionProbability (#ПОРНОХАП$ -> #ПОРНОХАБ$) = -13.80301468007081
correctionProbability (#СОЧИНЕНИП$ -> #СОЧИНЕНИЕ$) = -12.295756722032678
correctionProbability (#АТЛКТИКЕ$ -> #АТЛЕТИКЕ$) = -16.506538749698606
correctionProbability (#ПАЛОС$ -> #ПАЛАС$) = -13.497750276193972
correctionProbability (#ТРОЮРОДНОЙ$ -> #ДВОЮРОДНОЙ$) = -88.31790217969936
correctionProbability (#ВАЙНЕ$ -> #ВОЙНЕ$) = -10.010686153239678
correctionProbability (#ПОТРОНОВ$ -> #ПАТРОНОВ$) = -18.367376853327194
correctionProbability (#OCHKISINOCHKI$ -> #DOCHKISINOCHKI$) = -29.56483958641256
correctionProbability (#СТРИКИНО$ -> #СТРИГИНО$) = -20.672160613141912
correctionProbability (#СТРОИТЕЛЬСТО$ -> #СТРОИТЕЛЬСТВО$) = -17.36646793066471
correctionProbability (#АЛКСАНДР$ -> #АЛЕКСАНДР$) = -10.785130904640717
correctionProbability (#ФИЛОМ$ -> #ФИЛЬМ$) = -1.1517584921969366
correctionProbability (#КАТРЕДЖ$ -> #КАРТРИДЖ$) = -77.97395705144856
correctionProbability (#ГОТЕМА$ -> #ГОТЭМА$) = -22.80165668903075
correctionProbability (#ПРОМЫШЛЕНОСТИ$ -> #ПРОМЫШЛЕННОСТИ$) = -21.56874262961702
correctionProbability (#КОНЯРОВА$ -> #КОМАРОВА$) = -80.52055064161985
correctionProbability (#ЗКЗАМЕН$ -> #ЭКЗАМЕН$) = -13.674660668298664
correctionProbability (#ЩАМОК$ -> #ЗАМОК$) = -8.903380486576129
correctionProbability (#ИРПИНЕ$ -> #ИРПЕНЕ$) = -21.90348350593064
correctionProbability (#ПЕЦЕПТ$ -> #РЕЦЕПТ$) = -6.234842393007572
correctionProbability (#РОССИЕ$ -> #РОССИИ$) = -4.54234431534346
correctionProbability (#ПРИВАТНИЙ$ -> #ПРИВАТНЫЙ$) = -16.353922166394113
correctionProbability (#МЕТАЛОПРИЕМКА$ -> #МЕТАЛЛОПРИЕМКА$) = -32.62187931356196
correctionProbability (#КЛЕМЫ$ -> #КЛЕММЫ$) = -18.724389949792215
correctionProbability (#ВАЖНВЕ$ -> #ВАЖНЫЕ$) = -15.84069368213044
correctionProbability (#КАСТОВИЯ$ -> #КАСТОРИЯ$) = -27.371767345537215
correctionProbability (#СТУПЕЦЫ$ -> #СТУПИЦЫ$) = -15.298332987708555
correctionProbability (#ДИПРКССИЙ$ -> #ДЕПРЕССИИ$) = -147.50828321764826
correctionProbability (#ПРОСМТР$ -> #ПРОСМОТР$) = -13.879500326951025
correctionProbability (#ПЛАВЛЕНОГО$ -> #ПЛАВЛЕННОГО$) = -24.999058015899337
correctionProbability (#КАРОКЕ$ -> #КАРАОКЕ$) = -10.116153338942638
correctionProbability (#КЛЕМО$ -> #КЛЕЙМО$) = -16.559350199655622
correctionProbability (#РОССИЙ$ -> #РОССИИ$) = -4.5946658874565784
correctionProbability (#GEEKBUYNG$ -> #GEEKBUYING$) = -22.470657036883544
correctionProbability (#РОССИМ$ -> #РОССИИ$) = -4.5941245568527656
correctionProbability (#ВАЙНИ$ -> #ВОЙНЫ$) = -72.34928147338559
correctionProbability (#СИМФЕРОПОЛБ$ -> #СИМФЕРОПОЛЬ$) = -12.651336719331965
correctionProbability (#ПРАИЛЬНО$ -> #ПРАВИЛЬНО$) = -10.18585664971151
correctionProbability (#ВИЗДЕХОДЫ$ -> #ВЕЗДЕХОДЫ$) = -18.009391627129546
correctionProbability (#БЕРДЯНКА$ -> #БЕРДЯНСКА$) = -23.38376628383798
correctionProbability (#HEARSTONE$ -> #HEARTHSTONE$) = -89.05585295741193
correctionProbability (#ZAKUPKE$ -> #ZAKUPKI$) = -18.8871013617494
correctionProbability (#КЛЕМУ$ -> #КЛЕММУ$) = -21.64301466153218
correctionProbability (#КАМАР$ -> #КОМАР$) = -16.378849616580435
correctionProbability (#МТАВИТЬ$ -> #СТАВИТЬ$) = -12.749498529387282
correctionProbability (#КРИШИ$ -> #КРЫШИ$) = -11.23045646372621
correctionProbability (#АДМИСТРАЦИИ$ -> #АДМИНИСТРАЦИИ$) = -83.83542687759093
correctionProbability (#ППОЧТА$ -> #ПОЧТА$) = -6.403829918597207
correctionProbability (#РОССИТ$ -> #РОССИИ$) = -4.589804429170332
correctionProbability (#СПГУ$ -> #СПБГУ$) = -15.763123078253255
correctionProbability (#ЗАБИТИЙ$ -> #ЗАБЫТЫЙ$) = -82.33911520075398
correctionProbability (#ВЫПЛАТЫУ$ -> #ВЫПЛАТУ$) = -19.131734137509305
correctionProbability (#РЕНИТА$ -> #РИНИТА$) = -20.359578071314562
correctionProbability (#VEDIOS$ -> #VIDEOS$) = -75.74958269713233
correctionProbability (#ВАРЕННИКИ$ -> #ВАРЕНИКИ$) = -18.185507589359915
correctionProbability (#ППРОГНОЗ$ -> #ПРОГНОЗ$) = -10.912142738992031
correctionProbability (#ГИГАНСКИЙ$ -> #ГИГАНТСКИЙ$) = -21.361013010636086
correctionProbability (#МИКОЛАИВ$ -> #МИКОЛАЇВ$) = -21.841769451190125
correctionProbability (#REZIDENT$ -> #RESIDENT$) = -16.816070545622786
correctionProbability (#ЧЕГГ$ -> #ЧЕГО$) = -7.040139059859772
correctionProbability (#UNIVESITY$ -> #UNIVERSITY$) = -18.45316455371185
correctionProbability (#RODES$ -> #RHODES$) = -17.400648328690597
correctionProbability (#ЗЕМЛЯННЫХ$ -> #ЗЕМЛЯНЫХ$) = -21.99244029938251
correctionProbability (#СПАЙТ$ -> #САЙТ$) = -3.0147145686328933
correctionProbability (#ЦЕЛИНДРА$ -> #ЦИЛИНДРА$) = -16.191593221351944
correctionProbability (#ДЕТСИКЕ$ -> #ДЕТСКИЕ$) = -75.48887313061222
correctionProbability (#ИНТЕНСИВНЫ$ -> #ИНТЕНСИВНЫЙ$) = -24.40727264647024
correctionProbability (#ФЭЙСА$ -> #ФЕЙСА$) = -16.958462295253508
correctionProbability (#ПИША$ -> #ПИЩА$) = -14.866151722806311
correctionProbability (#ВОЛДЯНАЯ$ -> #ВОДЯНАЯ$) = -19.931563061727623
correctionProbability (#ЛАТОКСЕ$ -> #ЛАТЕКСЕ$) = -18.512650361657045
correctionProbability (#ПСТХОЛОГИЯ$ -> #ПСИХОЛОГИЯ$) = -15.309622602585613
correctionProbability (#ЖЕА$ -> #ЖЕНА$) = -7.707783848692575
correctionProbability (#НИНЬЗЯГО$ -> #НИНДЗЯГО$) = -13.923645181748931
correctionProbability (#ВЕРСЯЯ$ -> #ВЕРСИЯ$) = -8.51515398874741
correctionProbability (#IMSGRC$ -> #IMGSRC$) = -82.55088535483576
correctionProbability (#ОРАНЬЖЕВЫЙ$ -> #ОРАНЖЕВЫЙ$) = -19.483120085628002
correctionProbability (#ОРАНИЗАЦИЕЙ$ -> #ОРГАНИЗАЦИЕЙ$) = -22.28119180801462
correctionProbability (#ОТПРОВЛЯТЬ$ -> #ОТПРАВЛЯТЬ$) = -20.529736804044497
correctionProbability (#ЛЕЗБИЯНОК$ -> #ЛЕСБИЯНОК$) = -17.363091153553107
correctionProbability (#СОЖЕЛЕНИЮ$ -> #СОЖАЛЕНИЮ$) = -22.352816446018018
correctionProbability (#КРСИВО$ -> #КРАСИВО$) = -11.548913182900847
correctionProbability (#ЮТЭР$ -> #ЮТЭЙР$) = -15.505527191250874
correctionProbability (#BRAZZES$ -> #BRAZZERS$) = -14.70488687098321
correctionProbability (#ПРИЩАХ$ -> #ПРЫЩАХ$) = -21.714211563887137
correctionProbability (#КАДАФИ$ -> #КАДДАФИ$) = -20.70117148149624
correctionProbability (#РИНГТОНГ$ -> #РИНГТОН$) = -15.363921084863918
correctionProbability (#МИНЭКОНОМРАЗВИТИЕ$ -> #МИНЭКОНОМРАЗВИТИЯ$) = -27.151722145091455
correctionProbability (#БАДИТ$ -> #БАНДИТ$) = -14.72409662676655
correctionProbability (#WORS$ -> #WARS$) = -11.944649206938752
correctionProbability (#ЗАРОБАТЫВАТЬ$ -> #ЗАРАБАТЫВАТЬ$) = -18.496456589646407
correctionProbability (#МАЛЬЧТКОВ$ -> #МАЛЬЧИКОВ$) = -10.57802430178291
correctionProbability (#DOWNLODE$ -> #DOWNLOAD$) = -78.93903551807993
correctionProbability (#РЕДЕР$ -> #РИДЕР$) = -15.482015621882436
correctionProbability (#LIVESCOR$ -> #LIVESCORE$) = -15.081250071085996
correctionProbability (#FORSEDROP$ -> #FORCEDROP$) = -19.31970255676552
correctionProbability (#КАТЕТОРОМ$ -> #КАТЕТЕРОМ$) = -25.527620073184536
correctionProbability (#ОХРАНАЯ$ -> #ОХРАННАЯ$) = -16.960303518391683
correctionProbability (#ФАНАРЕЙ$ -> #ФОНАРЕЙ$) = -13.324354842899012
correctionProbability (#БИБЛИОГ$ -> #БИБЛИО$) = -15.831770664353524
correctionProbability (#РАМВЛЕР$ -> #РАМБЛЕР$) = -7.935319083476664
correctionProbability (#БЕСТЫДНИКИ$ -> #БЕССТЫДНИКИ$) = -20.875712050311833
correctionProbability (#WORL$ -> #WORLD$) = -9.074231213965877
correctionProbability (#ДЕТСИКЙ$ -> #ДЕТСКИЙ$) = -75.67204988658102
correctionProbability (#СКАРПИОН$ -> #СКОРПИОН$) = -13.666380005767394
correctionProbability (#РИНГТОНИ$ -> #РИНГТОНЫ$) = -14.801443798374407
correctionProbability (#КОСМАСА$ -> #КОСМОСА$) = -14.336414815984398
correctionProbability (#БИЛЯЕВ$ -> #БЕЛЯЕВ$) = -15.54596495883668
correctionProbability (#ПШЕНАЯ$ -> #ПШЕННАЯ$) = -17.87696307672519
correctionProbability (#РЕТКИЕ$ -> #РЕДКИЕ$) = -14.28363804156849
correctionProbability (#ЖЫВОТНОМИ$ -> #ЖИВОТНЫМИ$) = -78.9818321759693
correctionProbability (#PROXYFIER$ -> #PROXIFIER$) = -25.188984094010003
correctionProbability (#НАЛО$ -> #НАДО$) = -7.563979680518152
correctionProbability (#ФЕРРАРЕ$ -> #ФЕРРАРИ$) = -15.564142172960395
correctionProbability (#ХАРААКТЕР$ -> #ХАРАКТЕР$) = -17.18704867798008
correctionProbability (#АНДЕГРАУНТ$ -> #АНДЕГРАУНД$) = -20.62876779792196
correctionProbability (#ВЛЕЯЕТ$ -> #ВЛИЯЕТ$) = -13.301099582318603
correctionProbability (#ALL5TIME$ -> #ALLTIME$) = -22.088531052326665
correctionProbability (#КАНТРОЛЬНЫЕ$ -> #КОНТРОЛЬНЫЕ$) = -17.04555060991759
correctionProbability (#ТРЭВЛ$ -> #ТРЕВЕЛ$) = -75.78447821410236
correctionProbability (#АЛЛОХА$ -> #АЛОХА$) = -18.85341760583665
correctionProbability (#ПОКУПА$ -> #ПОКУПКА$) = -12.249940440279445
correctionProbability (#ВЕЛЛКОМ$ -> #ВЕЛКОМ$) = -17.604398874439458
correctionProbability (#ФОМИЛИИ$ -> #ФАМИЛИИ$) = -12.512070365370647
correctionProbability (#WORT$ -> #WORD$) = -9.304771843481621
correctionProbability (#НИСТОЖЕН$ -> #НЕСТОЖЕН$) = -21.50358163452929
correctionProbability (#АРЕМ$ -> #АРТЕМ$) = -11.667427166641591
correctionProbability (#ВЕНТЕЛЯЦИИ$ -> #ВЕНТИЛЯЦИИ$) = -16.29440541853434
correctionProbability (#ЛЮЧШЕ$ -> #ЛУЧШЕ$) = -7.376821958611284
correctionProbability (#СОРЕВНОВЫНИЯ$ -> #СОРЕВНОВАНИЯ$) = -19.16914276793829
correctionProbability (#ОАЗІС$ -> #ОАЗИС$) = -14.195017651917897
correctionProbability (#ПИЧИ$ -> #ПЕЧИ$) = -10.566569448797505
correctionProbability (#АРТИНИ$ -> #КАРТИНКИ$) = -70.62486844014103
correctionProbability (#ДКТСКИЕ$ -> #ДЕТСКИЕ$) = -7.662456559086294
correctionProbability (#СТРИЛЯТЬ$ -> #СТРЕЛЯТЬ$) = -16.744842521749995
correctionProbability (#БЕСПЛАТЕО$ -> #БЕСПЛАТНО$) = -4.7509990901483885
correctionProbability (#ОБРАЗАВАНИЯ$ -> #ОБРАЗОВАНИЯ$) = -13.366429594667181
correctionProbability (#DEVOLT$ -> #DEWALT$) = -82.04772724667005
correctionProbability (#ASHEMALETUB$ -> #ASHEMALETUBE$) = -27.81479279719707
correctionProbability (#СЕГДНЯ$ -> #СЕГОДНЯ$) = -6.594586519958618
correctionProbability (#СЫРТКЫ$ -> #СЫРТҚЫ$) = -18.79573107243834
correctionProbability (#ПОЕЗЖОВ$ -> #ПОЕЗДОВ$) = -11.713851282407951
correctionProbability (#ДКТСКИЙ$ -> #ДЕТСКИЙ$) = -7.843925747262695
correctionProbability (#ТЕРРАКТЫ$ -> #ТЕРАКТЫ$) = -23.51024474008348
correctionProbability (#ТРЕНИРОВКИА$ -> #ТРЕНИРОВКА$) = -19.19034203409214
correctionProbability (#ОБЛАСТИЬ$ -> #ОБЛАСТЬ$) = -9.946547620133622
correctionProbability (#ЦЕЛИНДРЕ$ -> #ЦИЛИНДРЕ$) = -20.504777425208268
correctionProbability (#ПЛЕСТЕЙШЕН$ -> #ПЛЕЙСТЕЙШЕН$) = -20.09499193578433
correctionProbability (#АРЕХ$ -> #ОРЕХ$) = -10.775017062841503
correctionProbability (#РЕЧТРАК$ -> #РИЧТРАК$) = -22.359482330961285
correctionProbability (#ЄРО$ -> #ЭРО$) = -9.64963798787214
correctionProbability (#ОЦЕЛЕНДРОВАНОЕ$ -> #ОЦИЛИНДРОВАННОЕ$) = -157.53758386463147
correctionProbability (#СЕЛДЬ$ -> #СЕЛЬДЬ$) = -15.96660236674538
correctionProbability (#ФЕЗРУК$ -> #ФИЗРУК$) = -12.997534803704173
correctionProbability (#НОЯЬРЯ$ -> #НОЯБРЯ$) = -9.454534485432514
correctionProbability (#ИЗБИЯНКИ$ -> #ЛЕСБИЯНКИ$) = -144.09855347558621
correctionProbability (#РУКОВОЛИТЕЛЯ$ -> #РУКОВОДИТЕЛЯ$) = -17.89435053360318
correctionProbability (#ФОРТНАЦТ$ -> #ФОРТНАЙТ$) = -13.043643585922617
correctionProbability (#ЄТО$ -> #ЭТО$) = -2.8217324666276262
correctionProbability (#ПАЦЦАНКИ$ -> #ПАЦАНКИ$) = -13.487959432079364
correctionProbability (#СОЛНЕЧНОГОРС$ -> #СОЛНЕЧНОГОРСК$) = -22.34153209643891
correctionProbability (#ПОГОДЛА$ -> #ПОГОДА$) = -3.683487776836156
correctionProbability (#СООТВЕТСВИЕ$ -> #СООТВЕТСТВИЕ$) = -20.70170961353572
correctionProbability (#ВЛАДИМЕРСКИЙ$ -> #ВЛАДИМИРСКИЙ$) = -21.123488133441406
correctionProbability (#СКОРЯ$ -> #СКОРАЯ$) = -11.579118397224025
correctionProbability (#ФОСАД$ -> #ФАСАД$) = -12.752661426117673
correctionProbability (#ЮТЮП$ -> #ЮТУБ$) = -64.93681707162922
correctionProbability (#НАЦИАНАЛЬНЫЙ$ -> #НАЦИОНАЛЬНЫЙ$) = -17.18834167860046
correctionProbability (#ВООБШЕ$ -> #ВООБЩЕ$) = -16.10509522619815
correctionProbability (#МОРГЕНШТЕЙНА$ -> #МОРГЕНШТЕРНА$) = -22.386261403370654
correctionProbability (#ОФИЦИВНТ$ -> #ОФИЦИАНТ$) = -17.54129550931085
correctionProbability (#СООТВЕТСВИИ$ -> #СООТВЕТСТВИИ$) = -19.382907905090285
correctionProbability (#БФЛА$ -> #БЫЛА$) = -9.450812498912274
correctionProbability (#EROFLOT$ -> #AEROFLOT$) = -18.61433868971846
correctionProbability (#ПРЕМОЙ$ -> #ПРЯМОЙ$) = -6.813864995252533
correctionProbability (#ПОТДЕРЖИВАЕТ$ -> #ПОДДЕРЖИВАЕТ$) = -22.52841123191036
correctionProbability (#ЧАИСКИЕ$ -> #ЧАМСКИЕ$) = -27.37403358722525
correctionProbability (#АРЕЛ$ -> #ОРЕЛ$) = -8.732287856656047
correctionProbability (#ПИЦЦ$ -> #ПИЦЦА$) = -10.12211812772549
correctionProbability (#AHMADALIEV$ -> #AHMADALIYEV$) = -37.654080628783106
correctionProbability (#ЄТИ$ -> #ЭТИ$) = -10.710119518081608
correctionProbability (#СПИНИНГА$ -> #СПИННИНГА$) = -19.32459979131822
correctionProbability (#КИШЕНЁВЕ$ -> #КИШИНЁВЕ$) = -21.85930416576027
correctionProbability (#ЮТЮЬ$ -> #ЮТУБ$) = -64.9341416298511
correctionProbability (#ЗКОМСТВА$ -> #ЗНАКОМСТВА$) = -76.6673308345084
correctionProbability (#НЕНАЧИСЛЕНИИ$ -> #НАЧИСЛЕНИИ$) = -91.377835686281
correctionProbability (#ВУЛФОРД$ -> #ВУЛФАРД$) = -18.49718094755012
correctionProbability (#БРАЯН$ -> #БРАЙАН$) = -78.40900841739996
correctionProbability (#RIMIX$ -> #REMIX$) = -12.311587374334582
correctionProbability (#DOCHKISINOCXHKI$ -> #DOCHKISINOCHKI$) = -31.524777175478036
correctionProbability (#КАЙТЕРИНГ$ -> #КЕЙТЕРИНГ$) = -19.844297775960733
correctionProbability (#КАНТИНЕНТ$ -> #КОНТИНЕНТ$) = -15.88640289710397
correctionProbability (#НВИДИ$ -> #НВИДИА$) = -15.957944237802511
correctionProbability (#ВАЛИС$ -> #ВАЛЬС$) = -10.86189222385595
correctionProbability (#PRGNOZE$ -> #PROGNOZE$) = -26.118227600709155
correctionProbability (#ИОРЯ$ -> #МОРЯ$) = -8.154535807280237
correctionProbability (#КЛАСНОЕ$ -> #КЛАССНОЕ$) = -19.748537520599797
correctionProbability (#АРЕД$ -> #ВРЕД$) = -9.006153084724868
correctionProbability (#РАМАНТИЧЕСКИЙ$ -> #РОМАНТИЧЕСКИЙ$) = -22.397848313947662
correctionProbability (#ЄТА$ -> #ЭТА$) = -11.408612073000082
correctionProbability (#МАССАЖОМ$ -> #МАССАЖЕМ$) = -21.02941135447753
correctionProbability (#СПАКЕ$ -> #СПАКЕС$) = -13.040782936959975
correctionProbability (#ЗККО$ -> #ЭККО$) = -13.449528686454737
correctionProbability (#ЗЕМЛЯННЫЕ$ -> #ЗЕМЛЯНЫЕ$) = -21.760403395589115
correctionProbability (#СИКУНД$ -> #СЕКУНД$) = -13.653719324356256
correctionProbability (#ПИЩЕРЫ$ -> #ПЕЩЕРЫ$) = -15.850972748986901
correctionProbability (#KULICHKAX$ -> #KULICHKAH$) = -22.1837937539455
correctionProbability (#КЫРГЫСТАН$ -> #КЫРГЫЗСТАН$) = -17.415195077009557
correctionProbability (#ПЦАНКИ$ -> #ПАЦАНКИ$) = -11.53636220763864
correctionProbability (#УСЕСВІТНІЙ$ -> #ВСЕСВІТНІЙ$) = -25.571183574016665
correctionProbability (#МИНИОНЫ$ -> #МИНЬОНЫ$) = -14.486711353497796
correctionProbability (#НВИДА$ -> #НВИДИА$) = -15.939594251300978
correctionProbability (#XIKOELAR$ -> #HIKOYALAR$) = -152.09943319661474
correctionProbability (#РАМШТАЙМ$ -> #РАМШТАЙН$) = -14.746628928914724
correctionProbability (#ПРИЗИДЕНТЕ$ -> #ПРЕЗИДЕНТЕ$) = -20.10115254332964
correctionProbability (#РІНГТОН$ -> #РИНГТОН$) = -12.847018658021767
correctionProbability (#SEVANAVANK$ -> #SEWANAWANK$) = -100.75627852361126
correctionProbability (#СИНОПТНИК$ -> #СИНОПТИК$) = -13.712828396012654
correctionProbability (#ДСКОРД$ -> #ДИСКОРД$) = -12.337982737770261
correctionProbability (#ХАТАБ$ -> #ХАТТАБ$) = -17.431923933955527
correctionProbability (#КОТОПЫЕ$ -> #КОТОРЫЕ$) = -9.396516085037575
correctionProbability (#ПТТЦЫ$ -> #ПТИЦЫ$) = -9.371632631880932
correctionProbability (#НОЧИЮ$ -> #НОЧЬЮ$) = -10.931522239124494
correctionProbability (#АЛЮМИНЕВОЙ$ -> #АЛЮМИНИЕВОЙ$) = -23.113481679745306
correctionProbability (#ФИТНИС$ -> #ФИТНЕС$) = -8.801644766431604
correctionProbability (#КОМЕНТАРИЯМИ$ -> #КОММЕНТАРИЯМИ$) = -21.154044608602348
correctionProbability (#ИОРК$ -> #ЙОРК$) = -12.391765610863889
correctionProbability (#УГЛЕРОДИ$ -> #УГЛЕРОДЕ$) = -33.813388399374126
correctionProbability (#ГЛДЗ$ -> #ГДЗ$) = -6.039694092141591
correctionProbability (#ДЕШОВИЕ$ -> #ДЕШЕВЫЕ$) = -74.75909972532395
correctionProbability (#ОТВЕСТВЕНОСТЬ$ -> #ОТВЕТСТВЕННОСТЬ$) = -87.42670638225513
correctionProbability (#СИНОНМ$ -> #СИНОНИМ$) = -13.262077199235108
correctionProbability (#ПИЦИ$ -> #ПИЦЦЫ$) = -76.70797846768448
correctionProbability (#БОРВИХА$ -> #БАРВИХА$) = -18.24380729563788
correctionProbability (#БАРБУШИН$ -> #БАБУШКИН$) = -85.38121145923918
correctionProbability (#КОМИКМ$ -> #КОМИКС$) = -12.002447710824537
correctionProbability (#ДИВИАНТНОЕ$ -> #ДЕВИАНТНОЕ$) = -22.36203811552356
correctionProbability (#РАСТАВАНИЕ$ -> #РАССТАВАНИЕ$) = -22.174294881632903
correctionProbability (#ИСПОЛЬЗОВАНЫЕ$ -> #ИСПОЛЬЗОВАННЫЕ$) = -28.456664812597424
correctionProbability (#КОТОПЫЙ$ -> #КОТОРЫЙ$) = -10.948673671176785
correctionProbability (#ПАРАГА$ -> #ПРАГА$) = -14.403021352036784
correctionProbability (#ПОЕНЯТЬ$ -> #ПОМЕНЯТЬ$) = -12.383508690181266
correctionProbability (#ИЛЬЧА$ -> #ИЛЬИЧА$) = -16.962837768615874
correctionProbability (#МИЛЛИГРАМ$ -> #МИЛЛИГРАММ$) = -24.25205993983753
correctionProbability (#МАСКИТНУЮ$ -> #МОСКИТНУЮ$) = -22.943698204985644
correctionProbability (#IMTIM$ -> #INTIM$) = -16.85887085716624
correctionProbability (#ДЕШОВИЙ$ -> #ДЕШЕВЫЙ$) = -78.69096177837902
correctionProbability (#СИНОНИ$ -> #СИНОНИМ$) = -13.258888840393979
correctionProbability (#BETCITI$ -> #BETCITY$) = -18.121189061110982
correctionProbability (#КІНОСЕАНСИ$ -> #КИНОСЕАНСЫ$) = -89.61457775703633
correctionProbability (#НАПИСПТЬ$ -> #НАПИСАТЬ$) = -11.517270886877476
correctionProbability (#СОЧЕНИНИЕ$ -> #СОЧИНЕНИЕ$) = -76.96360870994953
correctionProbability (#ЖЕД$ -> #ЖД$) = -9.72257687420436
correctionProbability (#ВИКТОРИЧ$ -> #ВИКТОРИЯ$) = -12.023153156582815
correctionProbability (#ПЯТНЫ$ -> #ПЯТНА$) = -12.030288544506735
correctionProbability (#PIFAGOR$ -> #PIFAGORA$) = -24.629690244662264
correctionProbability (#RIMGA$ -> #RINGA$) = -31.417656308253754
correctionProbability (#БВВШЕМ$ -> #БЫВШИМ$) = -82.38901760519964
correctionProbability (#НІКОН$ -> #НИКОН$) = -15.007123616739658
correctionProbability (#АНРОЙД$ -> #АНДРОИД$) = -74.47242133486334
correctionProbability (#ПРОСТЕТУТКУ$ -> #ПРОСТИТУТКУ$) = -20.114129617926125
correctionProbability (#ВАЛЬДБЕРРИС$ -> #ВИЛЬДБЕРРИС$) = -19.89898842106087
correctionProbability (#МАВРИК$ -> #МАВЕРИК$) = -20.938982794325952
correctionProbability (#ДПОМ$ -> #ДРОМ$) = -5.86747084968324
correctionProbability (#КИМРА$ -> #КИМРЫ$) = -14.374679065987412
correctionProbability (#НАНЯ$ -> #НЯНЯ$) = -10.574946190728848
correctionProbability (#BELLINE$ -> #BEELINE$) = -16.538499781490437
correctionProbability (#НИНДЯГО$ -> #НИНДЗЯГО$) = -14.51132028599688
correctionProbability (#WARING$ -> #WARNING$) = -21.199662669642954
correctionProbability (#CТИХИ$ -> #СТИХИ$) = -6.9511651150309035
correctionProbability (#СЕКРИЯ$ -> #СЕРИЯ$) = -4.770767275826049
correctionProbability (#ТРИМЕРОМ$ -> #ТРИММЕРОМ$) = -25.99281785021261
correctionProbability (#СТЛИМОСТЬ$ -> #СТОИМОСТЬ$) = -9.414380972194863
correctionProbability (#EVROPE$ -> #EUROPE$) = -15.300097410199417
correctionProbability (#ЩЕНЯЧ$ -> #ЩЕНЯЧИЙ$) = -75.02745628846928
correctionProbability (#WOTH$ -> #WITH$) = -7.302772923882298
correctionProbability (#ЛОКОМЛТИВ$ -> #ЛОКОМОТИВ$) = -14.615303886957392
correctionProbability (#RAYSER$ -> #REYSER$) = -25.87135480918404
correctionProbability (#INVIRO$ -> #INVITRO$) = -21.256020771960976
correctionProbability (#НОЯЬРЕ$ -> #НОЯБРЕ$) = -9.79760749981013
correctionProbability (#KRBT$ -> #CRBT$) = -24.39159782802949
correctionProbability (#ВСЕОСВЫТА$ -> #ВСЕОСВІТА$) = -22.038753294421404
correctionProbability (#ХОЗАЙКА$ -> #ХОЗЯЙКА$) = -13.743173988219539
correctionProbability (#ТУРКСИТЕМА$ -> #ТУРКСИНЕМА$) = -21.624476120370332
correctionProbability (#ДОМШНЕЕ$ -> #ДОМАШНЕЕ$) = -11.156139549442202
correctionProbability (#ВАЛЕМ$ -> #ВАЛИМ$) = -14.049842470012212
correctionProbability (#ТРЕНАЖОРОВ$ -> #ТРЕНАЖЕРОВ$) = -22.19132497108587
correctionProbability (#ПИЩЮ$ -> #ПИЩУ$) = -14.780232402338417
correctionProbability (#BUQLAMA$ -> #BUGLAMA$) = -22.262639169870873
correctionProbability (#ОТЭЛЬ$ -> #ОТЕЛЬ$) = -7.02066041731759
correctionProbability (#СИРНИКИ$ -> #СЫРНИКИ$) = -13.633830309243905
correctionProbability (#FOOMING$ -> #FOAMING$) = -25.30559940455261
correctionProbability (#ОШКОЛА$ -> #ШКОЛА$) = -7.984480556909155
correctionProbability (#ГЛИА$ -> #ГЛИНА$) = -14.74681687198991
correctionProbability (#РОДОНОВЫЕ$ -> #РАДОНОВЫЕ$) = -22.534858545600322
correctionProbability (#ВЗЕЛА$ -> #ВЗЯЛА$) = -16.317490761376877
correctionProbability (#УБИЙА$ -> #УБИЙЦА$) = -13.28910558378632
correctionProbability (#ТАНИРОВКУ$ -> #ТОНИРОВКУ$) = -21.25082936787745
correctionProbability (#АЫПУСК$ -> #ВЫПУСК$) = -7.778828625767371
correctionProbability (#AZARI$ -> #AZERI$) = -14.49906908570907
correctionProbability (#ШАМПИНЕНЫ$ -> #ШАМПИНЬОНЫ$) = -83.02311979451034
correctionProbability (#ЗАКОЗАТЬ$ -> #ЗАКАЗАТЬ$) = -9.136290650245321
correctionProbability (#СКАЧАТІ$ -> #СКАЧАТЬ$) = -2.48302809054851
correctionProbability (#ПЛАСТИР$ -> #ПЛАСТЫРЬ$) = -82.02430745270244
correctionProbability (#АШВАРИЯ$ -> #АЙШВАРИЯ$) = -19.396796408803368
correctionProbability (#МОНУАЛ$ -> #МАНУАЛ$) = -16.476278395472722
correctionProbability (#СМОТРЕИЬБ$ -> #СМОТРЕТЬ$) = -69.68904973648193
correctionProbability (#ЛИПОВИЦЯ$ -> #ЛИПОВИЦА$) = -33.865629943403135
correctionProbability (#ВІДМО$ -> #ВИДМО$) = -17.051651287001985
correctionProbability (#APLLE$ -> #APPLE$) = -9.997279827911814
correctionProbability (#СЕЛЕР$ -> #СЕЛЛЕР$) = -23.02751375355915
correctionProbability (#ЮТЬБ$ -> #ЮТУБ$) = -0.19321046767627692
correctionProbability (#ПОСЕЛЕК$ -> #ПОСЕЛОК$) = -12.16944482539008
correctionProbability (#ГЛАТАЮТ$ -> #ГЛОТАЮТ$) = -19.20421246152091
correctionProbability (#ТЕМЬЯН$ -> #ТИМЬЯН$) = -18.079026781721527
correctionProbability (#ИОЖЕТ$ -> #МОЖЕТ$) = -7.980113806025994
correctionProbability (#ОДЕЛЕНИЯ$ -> #ОТДЕЛЕНИЯ$) = -16.43620030006398
correctionProbability (#ТЕАСТ$ -> #ТЕКСТ$) = -5.934664466555258
correctionProbability (#ДИАПОЗОН$ -> #ДИАПАЗОН$) = -17.09499576427976
correctionProbability (#ОНИМЕ$ -> #АНИМЕ$) = -5.889622171969027
correctionProbability (#РУКАДЕЛИЯ$ -> #РУКОДЕЛИЯ$) = -17.409811394141904
correctionProbability (#DOBRON$ -> #DOBROE$) = -24.084336539386925
correctionProbability (#ПЕРЕВОЛ$ -> #ПЕРЕВОД$) = -8.32408370277507
correctionProbability (#ИВИТО$ -> #АВИТО$) = -2.8839418448213756
correctionProbability (#МЕСИНГ$ -> #МЕССИНГ$) = -16.969040049654453
correctionProbability (#АКТУРЫ$ -> #АКТЕРЫ$) = -8.894920776993896
correctionProbability (#БЕЗКОНЕЧНОЕ$ -> #БЕСКОНЕЧНОЕ$) = -20.57692979568747
correctionProbability (#КРАСВОРД$ -> #КРОССВОРД$) = -79.14429183550077
correctionProbability (#КОЛЛЕКШЕН$ -> #КОЛЛЕКШН$) = -22.285938244021857
correctionProbability (#ЗАНЕСИНЫ$ -> #ЗАНЕСЕНЫ$) = -20.384933562566268
correctionProbability (#ДЕТСИНА$ -> #ДЕТЧИНО$) = -88.85329801899258
correctionProbability (#ИЗДЕЛЯ$ -> #ИЗДЕЛИЯ$) = -12.51758108554219
correctionProbability (#DOWNLOAS$ -> #DOWNLOAD$) = -11.041065220397464
correctionProbability (#СОЛЯННОЙ$ -> #СОЛЯНОЙ$) = -20.329055253914554
correctionProbability (#ПРЕЗЕРВЫ$ -> #ПРЕСЕРВЫ$) = -22.872217200842364
correctionProbability (#ВЫГЛДИТ$ -> #ВЫГЛЯДИТ$) = -12.518080814317294
correctionProbability (#АРНЕДА$ -> #АРЕНДА$) = -75.16828375540491
correctionProbability (#ЩЯСТЯ$ -> #ЩАСТЯ$) = -15.689190380911516
correctionProbability (#СОГЛАСТНО$ -> #СОГЛАСНО$) = -18.182011150701534
correctionProbability (#ПООВЕРИТЬ$ -> #ПРОВЕРИТЬ$) = -10.590804733274396
correctionProbability (#АЛЕКАНДРА$ -> #АЛЕКСАНДРА$) = -13.852119536440028
correctionProbability (#ГОЛЬФИ$ -> #ГОЛЬФЫ$) = -16.18350407624502
correctionProbability (#РЕДИССОН$ -> #РЭДИССОН$) = -18.01482038539355
correctionProbability (#ИКСТРЕИЛ$ -> #ИКСТРЕЙЛ$) = -18.505134661405044
correctionProbability (#ГЕРЦИН$ -> #ГЕРЦЕН$) = -19.942373189194885
correctionProbability (#СВИДОК$ -> #СВІДОК$) = -23.503538475231508
correctionProbability (#СУБЕКТ$ -> #СУБЪЕКТ$) = -18.61877293398021
correctionProbability (#РЕДИМ$ -> #РЕЖИМ$) = -9.42933980877444
correctionProbability (#МЕЗОДЕНИТ$ -> #МЕЗАДЕНИТ$) = -24.779346390179434
correctionProbability (#ОЛАТИТЬ$ -> #ОПЛАТИТЬ$) = -14.413709308271706
correctionProbability (#ПРАЗНИК$ -> #ПРАЗДНИК$) = -11.4557627635932
correctionProbability (#ЕРЕВАГА$ -> #ЕРЕВАНА$) = -18.75101817488101
correctionProbability (#ПЕРЕВРД$ -> #ПЕРЕВОД$) = -8.373166347811278
correctionProbability (#СБНЗДЕПОЗИТНЫМ$ -> #БЕЗДЕПОЗИТНЫМ$) = -93.37026439105931
correctionProbability (#СМОЛЕТ$ -> #САМОЛЕТ$) = -10.652027878549767
correctionProbability (#МАТЕМПТИКЕ$ -> #МАТЕМАТИКЕ$) = -10.980391023419095
correctionProbability (#ВИНЕЕГРЕТ$ -> #ВИНЕГРЕТ$) = -19.193907435957293
correctionProbability (#ЗАПРЕД$ -> #ЗАПРЕТ$) = -14.278289988148845
correctionProbability (#HEIK$ -> #HEIC$) = -18.53841585613544
correctionProbability (#МОЛИШКА$ -> #МАЛЫШКА$) = -79.52553627781099
correctionProbability (#ТКРЫТЬ$ -> #ОТКРЫТЬ$) = -10.717947012954468
correctionProbability (#МАЯКОВСКОГ$ -> #МАЯКОВСКОГО$) = -20.157866891595702
correctionProbability (#ХЕЛЛУИНА$ -> #ХЭЛЛОУИНА$) = -81.6169611674287
correctionProbability (#EXSPRES$ -> #EXPRESS$) = -81.85632505491847
correctionProbability (#ЮТЬУ$ -> #ЮТУБ$) = -67.99873270908209
correctionProbability (#КЛАВАГОНКИ$ -> #КЛАВОГОНКИ$) = -24.786438141824128
correctionProbability (#ЦЕЛИНДОР$ -> #ЦИЛИНДР$) = -82.26859785204637
correctionProbability (#БИСЕДКИ$ -> #БЕСЕДКИ$) = -13.344518527731715
correctionProbability (#ВЕНТЕЛЯЦИЯ$ -> #ВЕНТИЛЯЦИЯ$) = -17.170229640728586
correctionProbability (#АЛЕСАНДР$ -> #АЛЕКСАНДР$) = -10.77534683596776
correctionProbability (#МЯМО$ -> #МЯСО$) = -9.460338031434379
correctionProbability (#ПАЙЧОК$ -> #ПАУЧОК$) = -17.939972746995625
correctionProbability (#ЗФЛОРАН$ -> #ЭФЛОРАН$) = -32.90973607266676
correctionProbability (#LEGUE$ -> #LEAGUE$) = -14.549414754612254
correctionProbability (#ГЕНЕРАТОВ$ -> #ГЕНЕРАТОР$) = -14.088781488678386
correctionProbability (#КЕРПИЧ$ -> #КИРПИЧ$) = -9.313861183108575
correctionProbability (#ПОТАЙЯ$ -> #ПАТТАЙЯ$) = -79.72644309632318
correctionProbability (#РАВСЬКОМУ$ -> #РИМСЬКОМУ$) = -99.6107930366845
correctionProbability (#СВАДЬЬЫ$ -> #СВАДЬБЫ$) = -11.078255264163992
correctionProbability (#КИЛОГРАМА$ -> #КИЛОГРАММА$) = -23.775367125143575
correctionProbability (#РЕППЕР$ -> #РЕПЕР$) = -18.2985014248387
correctionProbability (#СТОРУШЕК$ -> #СТАРУШЕК$) = -18.51086015707444
correctionProbability (#ХАРАКТЕРИСТЕКА$ -> #ХАРАКТЕРИСТИКА$) = -17.0794182626315
correctionProbability (#ГЕРАШЕНКО$ -> #ГЕРАЩЕНКО$) = -22.700019698368692
correctionProbability (#ТВЕРТ$ -> #ТВЕРЬ$) = -9.1740575543169
correctionProbability (#АДОЕР$ -> #АДЛЕР$) = -11.605596986632971
correctionProbability (#КЕСОН$ -> #КЕССОН$) = -21.236100874169875
correctionProbability (#СТРАМПОН$ -> #СТРАПОН$) = -16.688090367832515
correctionProbability (#ЕВАН$ -> #ЭВАН$) = -16.032666100791612
correctionProbability (#PARANURMAL$ -> #PARANORMAL$) = -26.152550465983786
correctionProbability (#КИРПЧНОЕ$ -> #КИРПИЧНОЕ$) = -24.785465087733876
correctionProbability (#LIVESCOM$ -> #LIVESCORE$) = -79.82887736715216
correctionProbability (#СЕКРКТ$ -> #СЕКРЕТ$) = -10.944107851130955
correctionProbability (#АЛЛИМЕНТЫ$ -> #АЛИМЕНТЫ$) = -18.4759005560882
correctionProbability (#PUPG$ -> #PUBG$) = -10.173497844781568
correctionProbability (#ФЕНАЛГОН$ -> #ФИНАЛГОН$) = -21.785911547898962
correctionProbability (#ЮТЬЮ$ -> #ЮТЬЮБ$) = -11.245534079791714
correctionProbability (#DOCHKISINOCHKUI$ -> #DOCHKISINOCHKI$) = -31.522325498701143
correctionProbability (#ГОШМАНОВО$ -> #ГОЛЫШМАНОВО$) = -88.81708649228318
correctionProbability (#КОМПЬЕТЕР$ -> #КОМПЬЮТЕР$) = -11.291070656910932
correctionProbability (#SEXLAR$ -> #SEKSLAR$) = -85.43208141865912
correctionProbability (#KRY$ -> #CRY$) = -11.269651680913984
correctionProbability (#НЭТВОРК$ -> #НЕТВОРК$) = -17.44502472805675
correctionProbability (#MERCEDED$ -> #MERCEDES$) = -13.355030891075451
correctionProbability (#ФОЛИКУЛЯРНОЙ$ -> #ФОЛЛИКУЛЯРНОЙ$) = -30.03154029587052
correctionProbability (#ДАМОМАШНЕЕ$ -> #ДОМАШНЕЕ$) = -80.32943921389857
correctionProbability (#АНГЛИИИ$ -> #АНГЛИИ$) = -14.625646898027686
correctionProbability (#РУКИЕ$ -> #РУССКИЕ$) = -72.6619456870008
correctionProbability (#МЕМБРАМА$ -> #МЕМБРАНА$) = -17.269317898407266
correctionProbability (#СКАЧАТЛ$ -> #СКАЧАТЬ$) = -2.482846770173042
correctionProbability (#БАРРИН$ -> #БАРИН$) = -18.00638402823883
correctionProbability (#PARRY$ -> #PERRY$) = -16.353829331711903
correctionProbability (#СКАЧАТО$ -> #СКАЧАТЬ$) = -2.482737993726664
correctionProbability (#ПОНОХАБ$ -> #ПОРНОХАБ$) = -14.3934673016591
correctionProbability (#РАЙНБОВ$ -> #РАИНБОВ$) = -23.169540002630548
correctionProbability (#ЗАВЕДУЩИЙ$ -> #ЗАВЕДУЮЩИЙ$) = -20.019019361153916
correctionProbability (#ЧНРЕЗ$ -> #ЧЕРЕЗ$) = -5.65266737371892
correctionProbability (#ПЕРЫЙ$ -> #ПЕРВЫЙ$) = -8.366824879170764
correctionProbability (#РУЛЕВОИ$ -> #РУЛЕВОЙ$) = -14.456219982362285
correctionProbability (#КАЗТУГАН$ -> #ҚАЗТУҒАН$) = -87.75804262265261
correctionProbability (#SUBTITL$ -> #SUBTITLES$) = -85.29456320463677
correctionProbability (#КУИИТЬ$ -> #КУПИТЬ$) = -1.397053289747042
correctionProbability (#СУМЕРИЧНЫЕ$ -> #СУМЕРЕЧНЫЕ$) = -19.700318339584605
correctionProbability (#ЛЕТЕРАТУРЫ$ -> #ЛИТЕРАТУРЫ$) = -16.226472839715143
correctionProbability (#АУДИКНИГУ$ -> #АУДИОКНИГУ$) = -19.02128349757036
correctionProbability (#РАЗЬЕЗДНОЙ$ -> #РАЗЪЕЗДНОЙ$) = -24.994541711009568
correctionProbability (#ЧИНГАН$ -> #ЧАНГАН$) = -18.001445759850416
correctionProbability (#ОДЧКИ$ -> #ДОЧКИ$) = -77.95674075974753
correctionProbability (#НАПИСАНЫЕ$ -> #НАПИСАННЫЕ$) = -23.109374404857697
correctionProbability (#РКЙТИНГ$ -> #РЕЙТИНГ$) = -10.243145919704133
correctionProbability (#СКОРОСЕНО$ -> #СКОРОЧЕНО$) = -18.49357200289058
correctionProbability (#EKOTELEKOM$ -> #ECOTELECOM$) = -92.74807018111167
correctionProbability (#ГЛВА$ -> #ГЛАВА$) = -11.510693725699827
correctionProbability (#УКРАЙНЫ$ -> #УКРАИНЫ$) = -10.03675836679679
correctionProbability (#ЛЕШИЛ$ -> #ЛИШИЛ$) = -19.000268728942896
correctionProbability (#ЖНЕПР$ -> #ДНЕПР$) = -10.500836852271544
correctionProbability (#ПОРГНОЗ$ -> #ПРОГНОЗ$) = -76.23582051798094
correctionProbability (#ОДНЛ$ -> #ОДНО$) = -10.627767775144054
correctionProbability (#КОНВЕНИЯ$ -> #КОНВЕНЦИЯ$) = -19.54135750640173
correctionProbability (#СДАВТЬ$ -> #СДАВАТЬ$) = -14.337823155368064
correctionProbability (#ПОНОЛА$ -> #ПОГОДА$) = -65.91014154710064
correctionProbability (#ШКОЛЬНИКО$ -> #ШКОЛЬНИКОВ$) = -14.725021914589185
correctionProbability (#KALIFA$ -> #KHALIFA$) = -18.681284931215217
correctionProbability (#РУКИХ$ -> #РУССКИХ$) = -76.63420001916579
correctionProbability (#ПУССКОМ$ -> #РУССКОМ$) = -6.5444677067779295
correctionProbability (#АЛИНТ$ -> #АЛИНА$) = -10.51005854402371
correctionProbability (#ЖИЬ$ -> #ЖИТЬ$) = -9.623403110222963
correctionProbability (#ПУССКОЕ$ -> #РУССКОЕ$) = -7.412089144249151
correctionProbability (#СЛЕДСТВЕНЫЙ$ -> #СЛЕДСТВЕННЫЙ$) = -21.903529399421338
correctionProbability (#ПОЛСЫЛОК$ -> #ПОСЫЛОК$) = -17.01866721378977
correctionProbability (#ГООЯЧАЯ$ -> #ГОРЯЧАЯ$) = -12.713023756482258
correctionProbability (#RENGE$ -> #RANGE$) = -11.559008830400924
correctionProbability (#НИКАЛАЙ$ -> #НИКОЛАЙ$) = -10.461197848648204
correctionProbability (#ПОПЕДЫ$ -> #ПОБЕДЫ$) = -11.081549176520728
correctionProbability (#УКРАЙНИ$ -> #УКРАЇНИ$) = -12.351140838314727
correctionProbability (#БЕСАМО$ -> #БЕСАМЕ$) = -17.784813024409967
correctionProbability (#ОКСИМЕРОН$ -> #ОКСИМИРОН$) = -19.566147818312984
correctionProbability (#ФИЛИППС$ -> #ФИЛИПС$) = -15.99455837579713
correctionProbability (#НАЗА$ -> #НАЗАД$) = -11.439634517200762
correctionProbability (#НОБИЛЬ$ -> #НОБЕЛЬ$) = -17.56421834564856
correctionProbability (#ЗАЯАТИЯ$ -> #ЗАЧАТИЯ$) = -16.232904463233197
correctionProbability (#ЧЕАПИОНАТ$ -> #ЧЕМПИОНАТ$) = -11.287813343002917
correctionProbability (#АЛИОН$ -> #АЛЛИОН$) = -21.333158433816887
correctionProbability (#ПРИЗИВ$ -> #ПРИЗЫВ$) = -15.991021413075206
correctionProbability (#ВИТОМИН$ -> #ВИТАМИН$) = -12.63944609435751
correctionProbability (#ПОЛУЧИТБ$ -> #ПОЛУЧИТЬ$) = -11.052864515020111
correctionProbability (#МАЛЬБРО$ -> #МАЛЬБОРО$) = -19.03867922822988
correctionProbability (#РЕДКА$ -> #РЕДЬКА$) = -16.77202880700901
correctionProbability (#СЕРГИЛИ$ -> #СЕРГЕЛИ$) = -22.233412123427726
correctionProbability (#КАМШОТИ$ -> #КАМШОТЫ$) = -17.105935043521917
correctionProbability (#МУХСЕН$ -> #МУХСИН$) = -22.28567028021108
correctionProbability (#КОНАКОВ$ -> #КОНДАКОВ$) = -22.93559955866624
correctionProbability (#СКИЛЕТА$ -> #СКЕЛЕТА$) = -16.358095808489004
correctionProbability (#ПИУА$ -> #ПИЦЦА$) = -74.84647571082755
correctionProbability (#ЕВЕНТ$ -> #ЭВЕНТ$) = -18.615881490654463
correctionProbability (#ИОНГ$ -> #ЙОНГ$) = -17.30750618707332
correctionProbability (#КЕНВУТ$ -> #КЕНВУД$) = -17.200683345082314
correctionProbability (#ДАЛЬНОГО$ -> #ДАЛЬНЕГО$) = -16.210736566691907
correctionProbability (#УКРАЙНА$ -> #УКРАИНА$) = -7.867704955496194
correctionProbability (#ТРОСНЕЦОВА$ -> #ТРОСТЕНЦОВА$) = -87.01779297919853
correctionProbability (#БАЙБАЙМЕН$ -> #БАЙБАЙМЭН$) = -25.0300679210035
correctionProbability (#ПОГОДЖА$ -> #ПОГОДА$) = -3.724787306574722
correctionProbability (#СМЕШЕНОГО$ -> #СМЕШАННОГО$) = -87.82642865315675
correctionProbability (#ПОЩНАКОМИТЬСЯ$ -> #ПОЗНАКОМИТЬСЯ$) = -20.262515950212403
correctionProbability (#ФИТНЕМ$ -> #ФИТНЕС$) = -8.841370599903247
correctionProbability (#SVINGERID$ -> #SVINGERI$) = -27.23226756836278
correctionProbability (#КАЗАСКИЙ$ -> #КАЗАХСКИЙ$) = -13.735015895439268
correctionProbability (#ЛАРИНГІТ$ -> #ЛАРИНГИТ$) = -18.33394406458833
correctionProbability (#ПИТЫ$ -> #ПЛИТЫ$) = -11.600205440204167
correctionProbability (#ОМОГРАФИ$ -> #ОМОГРАФЫ$) = -24.21665534261505
correctionProbability (#ВОЛИНСЬК$ -> #ВОЛИНСЬКИЙ$) = -88.73397752767558
correctionProbability (#ПРЕДЬЯВЛЯЮТСЯ$ -> #ПРЕДЪЯВЛЯЮТСЯ$) = -26.808477850386595
correctionProbability (#ОБНАВЛЕННЫЙ$ -> #ОБНОВЛЕННЫЙ$) = -19.82233671174997
correctionProbability (#КАЗАСКИЕ$ -> #КАЗАХСКИЕ$) = -15.285647933517417
correctionProbability (#РУККА$ -> #РУКА$) = -13.239471245631538
correctionProbability (#ГЛАХ$ -> #ГЛАЗ$) = -7.8921015413854825
correctionProbability (#ИРОНИ$ -> #ЭРОНИ$) = -17.3202790639951
correctionProbability (#GMFIL$ -> #GMAIL$) = -8.37669172459723
correctionProbability (#МАКРОТЫ$ -> #МОКРОТЫ$) = -18.7997185442361
correctionProbability (#НОВОСТРОИКИ$ -> #НОВОСТРОЙКИ$) = -15.699597970895084
correctionProbability (#МЕРКАНТИЛИЗЗМ$ -> #МЕРКАНТИЛИЗМ$) = -29.79444642180208
correctionProbability (#ОИМПИАДА$ -> #ОЛИМПИАДА$) = -13.251985133137318
correctionProbability (#ПРОХОЖДЕНИ$ -> #ПРОХОЖДЕНИЕ$) = -14.65295801062451
correctionProbability (#СКАЧАЛЬ$ -> #СКАЧАТЬ$) = -2.5110017631714125
correctionProbability (#АРАЧ$ -> #ВРАЧ$) = -8.639335611586667
correctionProbability (#ХИГЕНС$ -> #ХИГГИНС$) = -87.8085664316766
correctionProbability (#ГЛАЩ$ -> #ГЛАЗ$) = -7.888091492840676
correctionProbability (#ГИМИФИКАЦИИ$ -> #ГЕЙМИФИКАЦИИ$) = -103.08836194361808
correctionProbability (#PORNHUP$ -> #PORNHUB$) = -11.402704238513053
correctionProbability (#PORNHUN$ -> #PORNHUB$) = -11.402921803239416
correctionProbability (#ВЕЛЬГЕЛЬМ$ -> #ВИЛЬГЕЛЬМ$) = -20.13444374878859
correctionProbability (#ДОСТОИНА$ -> #ДОСТОИН$) = -23.47208784286188
correctionProbability (#ШОКОЛОД$ -> #ШОКОЛАД$) = -12.758675454318244
correctionProbability (#ПРОПЛАТИТЬ$ -> #ОПЛАТИТЬ$) = -83.60739728932816
correctionProbability (#МАКРОТУ$ -> #МОКРОТУ$) = -20.110683980183722
correctionProbability (#ЙТУБ$ -> #ЮТУБ$) = -0.1773758651958275
correctionProbability (#ИННОСМИ$ -> #ИНОСМИ$) = -14.827884170627872
correctionProbability (#ЗНПКОМСТВА$ -> #ЗНАКОМСТВА$) = -10.810153880771935
correctionProbability (#МЕДЖЫК$ -> #МЕДЖИК$) = -19.005228214795398
correctionProbability (#ИНРУШКА$ -> #ИГРУШКА$) = -11.315002614961742
correctionProbability (#МАЗОВЫХ$ -> #МАССОВЫХ$) = -84.83358466859409
correctionProbability (#ЛИДЕРВ$ -> #ЛИДЕРЫ$) = -13.656099089985393
correctionProbability (#ЛЕТИЕИ$ -> #ЛЕТИЕМ$) = -11.943537987894349
correctionProbability (#ПРАДАТЬ$ -> #ПРОДАТЬ$) = -11.000558230082113
correctionProbability (#СМОТРЕТЬТЬ$ -> #СМОТРЕТЬ$) = -72.08682337786209
correctionProbability (#PORNHUD$ -> #PORNHUB$) = -11.40230549274444
correctionProbability (#НАЖИ$ -> #НОЖИ$) = -7.054856169804506
correctionProbability (#ПУХАВИКИ$ -> #ПУХОВИКИ$) = -14.167105614258112
correctionProbability (#ANROID$ -> #ANDROID$) = -11.921652368911488
correctionProbability (#КАПУСНЯК$ -> #КАПУСТНЯК$) = -25.426303313329434
correctionProbability (#ЛАБЕРИНТ$ -> #ЛАБИРИНТ$) = -12.843179444639297
correctionProbability (#ТРАВЕЛ$ -> #ТРЕВЕЛ$) = -10.437924960312426
correctionProbability (#АЛИМП$ -> #ОЛИМП$) = -10.031952677257916
correctionProbability (#РОСИСКИЕ$ -> #РОССИЙСКИЕ$) = -77.65114432583006
correctionProbability (#ТЕАТО$ -> #ТЕАТР$) = -7.692918996602739
correctionProbability (#КООРЫЙ$ -> #КОТОРЫЙ$) = -11.489049527563836
correctionProbability (#ПОСМРТРЕТЬ$ -> #ПОСМОТРЕТЬ$) = -11.709212239666861
correctionProbability (#ЛАЗАРНАЯ$ -> #ЛАЗЕРНАЯ$) = -13.635322794636856
correctionProbability (#СОНЫЙ$ -> #СОННЫЙ$) = -18.831544421319176
correctionProbability (#НАЗВАЕТСЯ$ -> #НАЗЫВАЕТСЯ$) = -14.559435679859966
correctionProbability (#1ХБЭТ$ -> #1ХБЕТ$) = -12.01000809450434
correctionProbability (#ТЕМПЕРАТЕРА$ -> #ТЕМПЕРАТУРА$) = -14.883607518287278
correctionProbability (#МОРЗА$ -> #МОРЗЕ$) = -16.036959765767012
correctionProbability (#РОСИСКИЙ$ -> #РОССИЙСКИЙ$) = -80.34058119739768
correctionProbability (#МАТЕМАТЫКА$ -> #МАТЕМАТИКА$) = -11.399854123374581
correctionProbability (#АНДРЕСОН$ -> #АНДЕРСОН$) = -84.22947256293725
correctionProbability (#ПЪЯНАЯ$ -> #ПЬЯНАЯ$) = -12.61165126405729
correctionProbability (#НАЖА$ -> #НОЖА$) = -13.061098727897726
correctionProbability (#ПОТДЕРЖКА$ -> #ПОДДЕРЖКА$) = -15.70864359605077
correctionProbability (#SIMULIATOR$ -> #SIMULATOR$) = -16.874729221706204
correctionProbability (#ВТОРОВО$ -> #ВТОРОГО$) = -13.736525569149094
correctionProbability (#ВЗЛОМАТ$ -> #ВЗЛОМАТЬ$) = -13.631448723475039
correctionProbability (#КОМСОМОМОЛЬСК$ -> #КОМСОМОЛЬСК$) = -87.79916101364807
correctionProbability (#ЦЕАЛИТ$ -> #ЦЕОЛИТ$) = -20.69403004962405
correctionProbability (#ОДЕМСА$ -> #ОДЕССА$) = -9.458040484637262
correctionProbability (#МОБИЛНИЙ$ -> #МОБИЛЬНЫЙ$) = -79.65369041527036
correctionProbability (#АЙСУС$ -> #АСУС$) = -14.516340701032416
correctionProbability (#МЛГУТ$ -> #МОГУТ$) = -10.42925859742859
correctionProbability (#ГАНКОНГ$ -> #ГОНКОНГ$) = -16.83623902779526
correctionProbability (#ПРЫШЬ$ -> #ПРЫЩ$) = -82.61462208138617
correctionProbability (#ВОНТАТЕ$ -> #ВКОНТАКТЕ$) = -72.43579331073799
correctionProbability (#ЗАКАНЧИВАЕТ$ -> #ЗАКАНЧИВАЕТСЯ$) = -88.47722327777043
correctionProbability (#РБЛАСТИ$ -> #ОБЛАСТИ$) = -6.148070009760211
correctionProbability (#РОББЛОКС$ -> #РОБЛОКС$) = -9.871783454020054
correctionProbability (#ГОТХВРДСКИЙ$ -> #ГОТАРДСКИЙ$) = -103.08848561636552
correctionProbability (#ЦВЫТ$ -> #ЦВЕТ$) = -7.488621319028535
correctionProbability (#МАКИМ$ -> #МАКСИМ$) = -10.14709521465095
correctionProbability (#НОВОТСИ$ -> #НОВОСТИ$) = -72.02734050045919
correctionProbability (#СУМАРНАЯ$ -> #СУММАРНАЯ$) = -24.08154311554336
correctionProbability (#СОРМЛВСКОМ$ -> #СОРМОВСКОМ$) = -24.469258243303095
correctionProbability (#ПРОКУРАТОРА$ -> #ПРОКУРАТУРА$) = -17.109867666463195
correctionProbability (#КОВРАЛИН$ -> #КОВРОЛИН$) = -18.218348671973757
correctionProbability (#АВТОДИЛЛЕР$ -> #АВТОДИЛЕР$) = -25.282464430946497
correctionProbability (#УРТРИШЕ$ -> #УТРИШЕ$) = -24.813783025100747
correctionProbability (#ЕЕШЕНИЕ$ -> #РЕШЕНИЕ$) = -11.389468535901962
correctionProbability (#ОБЪЕДЕНИЕ$ -> #ОБЪЕДИНЕНИЕ$) = -85.25482569548359
correctionProbability (#ХМЕЛЬНИЧИНИ$ -> #ХМЕЛЬНИЧЧИНИ$) = -31.410268084589568
correctionProbability (#ПОСЛЕДСТАИЯ$ -> #ПОСЛЕДСТВИЯ$) = -16.67590560496022
correctionProbability (#БАЛЬНИЦА$ -> #БОЛЬНИЦА$) = -11.275633135095383
correctionProbability (#ДРОБЛЕННЫЙ$ -> #ДРОБЛЕНЫЙ$) = -26.99720086778887
correctionProbability (#CRISTMAS$ -> #CHRISTMAS$) = -18.608191837202547
correctionProbability (#АДЕЛИН$ -> #АДАЛИН$) = -17.081169823360415
correctionProbability (#ОДНОКОМНОТНУЮ$ -> #ОДНОКОМНАТНУЮ$) = -19.478242537390557
correctionProbability (#ПАЗНАКОМИСА$ -> #ПАЗНАКОМИЦА$) = -28.40240506849898
correctionProbability (#ЗАНИМАЕТЬСЯ$ -> #ЗАНИМАЕТСЯ$) = -19.88741810230215
correctionProbability (#КАКИЕИ$ -> #КАКИЕ$) = -8.306740314752993
correctionProbability (#ЛЕОНАРДР$ -> #ЛЕОНАРДО$) = -12.370066031001151
correctionProbability (#ГЛДА$ -> #ГОДА$) = -3.6599424310726185
correctionProbability (#ПРИЗИДЕНТУ$ -> #ПРЕЗИДЕНТУ$) = -20.38199404157043
correctionProbability (#СМЕРИ$ -> #СМЕРТИ$) = -9.991618359507175
correctionProbability (#КОТРАЯ$ -> #КОТОРАЯ$) = -13.047226818768586
correctionProbability (#СРДЦЕ$ -> #СЕРДЦЕ$) = -8.964724739014375
correctionProbability (#ВЫВИДЕНИЕ$ -> #ВЫВЕДЕНИЕ$) = -19.68817062597318
correctionProbability (#СПРИНТЕРИ$ -> #СПРИНТЕР$) = -18.66544871256869
correctionProbability (#LIVESCRE$ -> #LIVESCORE$) = -15.091381184380857
correctionProbability (#TIITS$ -> #TITS$) = -14.749658547741223
correctionProbability (#СТРЕЧИНГ$ -> #СТРЕТЧИНГ$) = -21.936478885734317
correctionProbability (#УЧЕРЕЖДЕНИЯХ$ -> #УЧРЕЖДЕНИЯХ$) = -22.561504792666362
correctionProbability (#АЛЭКСПРЕСС$ -> #АЛИЭКСПРЕСС$) = -11.962689996024423
correctionProbability (#ИОРЕ$ -> #МОРЕ$) = -6.93627068284616
correctionProbability (#АРИОМЕТР$ -> #АРЕОМЕТР$) = -21.11846138597548
correctionProbability (#COLIPSO$ -> #CALYPSO$) = -85.6063835100571
correctionProbability (#СТЕПНИ$ -> #СТЕПЕНИ$) = -13.183470376581212
correctionProbability (#EKONIK$ -> #EKONIKA$) = -26.72497233197744
correctionProbability (#СОСТОВИТЬ$ -> #СОСТАВИТЬ$) = -12.924686076399276
correctionProbability (#КРАСНАДАРА$ -> #КРАСНОДАРА$) = -15.220741469281606
correctionProbability (#ОТДЫХНУТЬ$ -> #ОТДОХНУТЬ$) = -16.13766957096125
correctionProbability (#МАГНИКТИ$ -> #МАГНИТКИ$) = -88.93088060208842
correctionProbability (#ЛЭПУАЛЬ$ -> #ЛЕТУАЛЬ$) = -76.66561833303125
correctionProbability (#СДЕЛАСТЬ$ -> #СДЕЛАТЬ$) = -8.653753839916519
correctionProbability (#ЛИЗАБАКТ$ -> #ЛИЗОБАКТ$) = -18.10225920397096
correctionProbability (#УРЕПЛАЗМУ$ -> #УРЕАПЛАЗМУ$) = -22.704765849921728
correctionProbability (#СЛОВЯНКА$ -> #СЛАВЯНКА$) = -17.491901598028086
correctionProbability (#СТРЕЛЬНО$ -> #СТРЕЛЬНА$) = -20.42374835518499
correctionProbability (#СЕЛКУ$ -> #ЦЕЛКУ$) = -14.885305948111839
correctionProbability (#ОБЕСПЕЧЕНЫМИ$ -> #ОБЕСПЕЧЕННЫМИ$) = -31.119503420314807
correctionProbability (#КРАСНАДАРЕ$ -> #КРАСНОДАРЕ$) = -12.516338534150343
correctionProbability (#FAMILYA$ -> #FAMILY$) = -12.773335142187282
correctionProbability (#ЛЮЛЬПАНЫ$ -> #ТЮЛЬПАНЫ$) = -14.547151092424933
correctionProbability (#ЛЕОНАРДЛ$ -> #ЛЕОНАРДО$) = -12.370353511238868
correctionProbability (#НАЙИ$ -> #НАЙТИ$) = -7.459978054823484
correctionProbability (#АКУШЕРСТВР$ -> #АКУШЕРСТВО$) = -19.0549759538671
correctionProbability (#БАНЕРОВ$ -> #БАННЕРОВ$) = -18.207862423323498
correctionProbability (#ЧУЙКОВСКОГО$ -> #ЧУКОВСКОГО$) = -22.724158922772666
correctionProbability (#WOLKSVAGEN$ -> #VOLKSWAGEN$) = -81.07844422349221
correctionProbability (#БАЛЬНИЦЕ$ -> #БОЛЬНИЦЕ$) = -15.355701368565228
correctionProbability (#ПАРАНОЙА$ -> #ПАРАНОЙЯ$) = -18.78221336652637
correctionProbability (#САЙНКРАФТ$ -> #МАЙНКРАФТ$) = -7.959640619683924
correctionProbability (#СЛОВЯНКИ$ -> #СЛАВЯНКИ$) = -16.836285821575288
correctionProbability (#МАЛЕКОВ$ -> #МАЛИКОВ$) = -16.386458767365383
correctionProbability (#МУДРИЕ$ -> #МУДРЫЕ$) = -15.351277861688256
correctionProbability (#ДИФАНОВЫМ$ -> #ЛИФАНОВЫМ$) = -22.64151784657644
correctionProbability (#СЕКРЕИ$ -> #СЕКРЕТ$) = -10.92979817266323
correctionProbability (#КОСТОРАМЕ$ -> #КАСТОРАМЕ$) = -24.357240917963658
correctionProbability (#ПРАВЫЛА$ -> #ПРАВИЛА$) = -9.346930966509206
correctionProbability (#СКАЧТАЬ$ -> #СКАЧАТЬ$) = -70.34966073954932
correctionProbability (#ПОГОДДА$ -> #ПОГОДА$) = -3.7083642223882585
correctionProbability (#КРЕПОСНА$ -> #КРІПОСНА$) = -20.427567097614656
correctionProbability (#КРИСТОФОР$ -> #КРИСТОФЕР$) = -18.817847763418975
correctionProbability (#ГИГАНСКАЯ$ -> #ГИГАНТСКАЯ$) = -22.666856042070613
correctionProbability (#РАЗЕМБАУМ$ -> #РОЗЕНБАУМ$) = -81.14669795842697
correctionProbability (#СИМПТОНЫ$ -> #СИМПТОМЫ$) = -10.767497284977459
correctionProbability (#СТРАПТИВОГО$ -> #СТРОПТИВОГО$) = -21.241412472470486
correctionProbability (#ШЛЕФ$ -> #ШЛЕЙФ$) = -16.18204571500144
correctionProbability (#СУЕЦИД$ -> #СУИЦИД$) = -16.243080572766633
correctionProbability (#КАЯТА$ -> #КВЯТА$) = -19.620712799367045
correctionProbability (#АЛИЕСПРЕС$ -> #АЛИЭКСПРЕСС$) = -141.95664894387718
correctionProbability (#МОСТВКА$ -> #МОСКВА$) = -71.39243596696188
correctionProbability (#СТУДІО$ -> #СТУДИО$) = -13.993359227392649
correctionProbability (#DOCHKISINOCUKI$ -> #DOCHKISINOCHKI$) = -28.960504323332287
correctionProbability (#РЕДММ$ -> #РЕДМИ$) = -10.805810975761663
correctionProbability (#ЛЦЧШИЕ$ -> #ЛУЧШИЕ$) = -6.883381765866208
correctionProbability (#ОРГЗМ$ -> #ОРГАЗМ$) = -11.959372306624733
correctionProbability (#РОДИТЕЛЕЦ$ -> #РОДИТЕЛЕЙ$) = -12.984222621333565
correctionProbability (#НЬЮРКЕ$ -> #НЬЮОРКЕ$) = -25.523991471433902
correctionProbability (#ВХОДЯЩИИ$ -> #ВХОДЯЩИЕ$) = -16.523193396237595
correctionProbability (#КОМУНИКАЦИЯ$ -> #КОММУНИКАЦИЯ$) = -23.707402549365803
correctionProbability (#ВОРАБУРУ$ -> #ВОРАБУРИ$) = -24.30101787487319
correctionProbability (#МОИТИВАЦИЯ$ -> #МОТИВАЦИЯ$) = -19.150266117469137
correctionProbability (#SPRITER$ -> #SPRINTER$) = -20.622169561134605
correctionProbability (#MIAL$ -> #MAIL$) = -74.67978656012043
correctionProbability (#КОСТОРАМА$ -> #КАСТОРАМА$) = -16.73522680302915
correctionProbability (#БЕСПЛАТТНО$ -> #БЕСПЛАТНО$) = -7.211859517690499
correctionProbability (#УКРПОЧТИ$ -> #УКРПОЧТА$) = -16.620073229389625
correctionProbability (#ШИМКЕНТА$ -> #ШЫМКЕНТА$) = -17.783767812105054
correctionProbability (#TORENTO$ -> #TORRENT$) = -80.54324713298803
correctionProbability (#ДИВИДЕНДУЫ$ -> #ДИВИДЕНДЫ$) = -19.867332333772246
correctionProbability (#КУПАИТЬ$ -> #КУПИТЬ$) = -3.900000393172512
correctionProbability (#НАИТ$ -> #НАЙТ$) = -14.553448105766837
correctionProbability (#АККАУНТИ$ -> #АККАУНТЫ$) = -16.504456709252324
correctionProbability (#ПОЛУЧИТТ$ -> #ПОЛУЧИТЬ$) = -11.049975174668504
correctionProbability (#ПРИСВАЕВАЕТСЯ$ -> #ПРИСВАИВАЕТСЯ$) = -27.30272501204039
correctionProbability (#ССВД$ -> #СВД$) = -18.285788233190306
correctionProbability (#УКРАЙНІ$ -> #УКРАЇНІ$) = -14.867836698233717
correctionProbability (#МИКРОВАЛНОВКИ$ -> #МИКРОВОЛНОВКИ$) = -21.717847600399217
correctionProbability (#TORENTS$ -> #TORRENTS$) = -22.19638955299225
correctionProbability (#СИМЕЙНАЯ$ -> #СЕМЕЙНАЯ$) = -15.224973562673476
correctionProbability (#ФИЛБМЫ$ -> #ФИЛЬМЫ$) = -3.575627614002954
correctionProbability (#ЗАРЕГИСТИРОВАТЬ$ -> #ЗАРЕГИСТРИРОВАТЬ$) = -23.764522344265693
correctionProbability (#СУГУДАЯ$ -> #СУГУДАЙ$) = -24.917456419594146
correctionProbability (#МЕСЯЦЕА$ -> #МЕСЯЦЕВ$) = -11.709568487831888
correctionProbability (#БАШКИРЕ$ -> #БАШКИРИИ$) = -80.89345836966655
correctionProbability (#СООБРАЖЕНИЯ$ -> #СООБРАЖЕНИЯМ$) = -22.194632850316275
correctionProbability (#НАИК$ -> #НАЙК$) = -11.863439876273407
correctionProbability (#НАЯБРЬ$ -> #НОЯБРЬ$) = -9.430318829023872
correctionProbability (#МЕТАФОРИ$ -> #МЕТАФОРЫ$) = -20.106702779624904
correctionProbability (#РОЛИКТ$ -> #РОЛИКИ$) = -9.699486180758196
correctionProbability (#АККАУНТС$ -> #АККАУНТ$) = -13.944780248445284
correctionProbability (#DEVIS$ -> #DAVIS$) = -15.501177777560901
correctionProbability (#ДОЬРОЕ$ -> #ДОБРОЕ$) = -10.43110647077545
correctionProbability (#АКОГОЛЕМ$ -> #АЛКОГОЛЕМ$) = -19.44928579517459
correctionProbability (#РУКАВОДИТЕЛЯ$ -> #РУКОВОДИТЕЛЯ$) = -17.846390523785068
correctionProbability (#КЕИС$ -> #КЕЙС$) = -11.983354004576587
correctionProbability (#ЭЛЕКТРОНОЕ$ -> #ЭЛЕКТРОННОЕ$) = -15.593558423212258
correctionProbability (#РЕЗОЛЕН$ -> #РИЗОЛИН$) = -89.75977812799526
correctionProbability (#РАСМОТРЕНИЯ$ -> #РАССМОТРЕНИЯ$) = -21.93100377511653
correctionProbability (#НАЯБРЯ$ -> #НОЯБРЯ$) = -9.40647599268426
correctionProbability (#KWY$ -> #KEY$) = -10.903442224378527
correctionProbability (#ТЕХНОЛОГТЯ$ -> #ТЕХНОЛОГИЯ$) = -14.543925695835568
correctionProbability (#ЧИСЛЕНОСТЬ$ -> #ЧИСЛЕННОСТЬ$) = -18.500941345465066
correctionProbability (#КЛІТОР$ -> #КЛИТОР$) = -13.882633510589354
correctionProbability (#ГИСМЕТ$ -> #ГИСМЕТЕО$) = -74.1975607787436
correctionProbability (#УПОЛО$ -> #УПАЛО$) = -17.201625303672262
correctionProbability (#ОБРАЗНФМ$ -> #ОБРАЗНЫМ$) = -20.47147530798162
correctionProbability (#ПОЛЧТА$ -> #ПОЧТА$) = -6.39014470793747
correctionProbability (#РОДОДЕНРОНА$ -> #РОДОДЕНДРОНА$) = -26.843827057717803
correctionProbability (#РОЛИКМ$ -> #РОЛИКИ$) = -9.704019051778186
correctionProbability (#РПЭЕЗУЛЬТАТЫ$ -> #РЕЗУЛЬТАТЫ$) = -83.15065183318401
correctionProbability (#БРАЗEРС$ -> #БРАЗЕРС$) = -13.050330553400357
correctionProbability (#БАЛЬНИЦУ$ -> #БОЛЬНИЦУ$) = -16.458912153011354
correctionProbability (#HAQQDA$ -> #HAQQINDA$) = -82.93525195061741
correctionProbability (#МОСКОВКИЙ$ -> #МОСКОВСКИЙ$) = -14.426939853770634
correctionProbability (#НОВОКЛЯЗМИНСКОЕ$ -> #НОВОКЛЯЗЬМИНСКОЕ$) = -42.38081127247259
correctionProbability (#ЭРОТИЧИСКИЕ$ -> #ЭРОТИЧЕСКИЕ$) = -14.720881237248584
correctionProbability (#TORENTA$ -> #TORRENT$) = -80.54093748533724
correctionProbability (#СПАРТ$ -> #СПОРТ$) = -6.798421484991117
correctionProbability (#ГЛАГОЛАИТ$ -> #ГЛАГОЛАМИ$) = -89.33410711432789
correctionProbability (#КОНДИДОЗ$ -> #КАНДИДОЗ$) = -18.37786762236511
correctionProbability (#INSGRAM$ -> #INSTAGRAM$) = -78.91855891575317
correctionProbability (#ГОЛЕРЕЯ$ -> #ГАЛЕРЕЯ$) = -13.224952714001276
correctionProbability (#ОКТЁРЫ$ -> #АКТЕРЫ$) = -73.62309952835854
correctionProbability (#ПОТЧЕРК$ -> #ПОЧЕРК$) = -19.321841451834164
correctionProbability (#СТИКЛО$ -> #СТЕКЛО$) = -9.825652410540048
correctionProbability (#НАЯБРЕ$ -> #НОЯБРЕ$) = -9.749549007061876
correctionProbability (#НАЦДИТЕ$ -> #НАЙДИТЕ$) = -12.002614475026576
correctionProbability (#СМЕРЬ$ -> #СМЕРТЬ$) = -11.372167122069353
correctionProbability (#РАЙНБОУ$ -> #РЕЙНБОУ$) = -18.363675880434123
correctionProbability (#НИХОЧИТ$ -> #ХОЧЕТ$) = -144.92492054599464
correctionProbability (#КДЮЧА$ -> #КЛЮЧА$) = -13.210212753202146
correctionProbability (#BAZZY$ -> #BAZZI$) = -21.06215354914082
correctionProbability (#ВОСЕМНАДАТЬ$ -> #ВОСЕМНАДЦАТЬ$) = -25.57764134373125
correctionProbability (#ЗАВЕДУЩЕЙ$ -> #ЗАВЕДУЮЩЕЙ$) = -19.916968884116436
correctionProbability (#НАЗЫВАЮИЧЯ$ -> #НАЗЫВАЮТСЯ$) = -82.22178398646386
correctionProbability (#ЖИАОТНЫЕ$ -> #ЖИВОТНЫЕ$) = -10.64100921605528
correctionProbability (#ПОРНОБОС$ -> #ПОРНОБОСС$) = -21.79681264407038
correctionProbability (#БАДМАНХЕЛИДЖ$ -> #БАТМАНГХЕЛИДЖ$) = -97.32259772039774
correctionProbability (#ПОГОДДЫ$ -> #ПОГОДЫ$) = -11.143630041595276
correctionProbability (#РУКМИ$ -> #РУКАМИ$) = -6.072464509263181
correctionProbability (#ХОРОШЫХ$ -> #ХОРОШИХ$) = -16.009758199434913
correctionProbability (#ПАКАЗАЛА$ -> #ПОКАЗАЛА$) = -15.070079263785516
correctionProbability (#ЧЕШЕТЬСЯ$ -> #ЧЕШЕТСЯ$) = -17.304704716492438
correctionProbability (#РОЗАЙ$ -> #РОЗОЙ$) = -15.833094285650535
correctionProbability (#NAVOI$ -> #NAVOIY$) = -19.958107572060673
correctionProbability (#АНГЛИЙЧКИЙ$ -> #АНГЛИЙСКИЙ$) = -11.210228907437802
correctionProbability (#ПРИЕДИШЬ$ -> #ПРИЕДЕШЬ$) = -22.9815929896072
correctionProbability (#ВАРТИСТЬ$ -> #ВАРТІСТЬ$) = -20.1418357223829
correctionProbability (#МАТЕРСТВОМ$ -> #МАСТЕРСТВОМ$) = -30.31363688632637
correctionProbability (#КОЛЛИЧЕСТВОМ$ -> #КОЛИЧЕСТВОМ$) = -24.548451308123944
correctionProbability (#СТРАШНИЙ$ -> #СТРАШНЫЙ$) = -15.624124996898857
correctionProbability (#ВУДМОЛ$ -> #ФУДМОЛЛ$) = -90.39922968873228
correctionProbability (#SERVIC$ -> #SERVICE$) = -14.375586051954492
correctionProbability (#ПОИНИМАТЬ$ -> #ПРИНИМАТЬ$) = -13.31620471999571
correctionProbability (#МАЛАЗИЯ$ -> #МАЛАЙЗИЯ$) = -19.178490093784596
correctionProbability (#ORIDGIN$ -> #ORIGIN$) = -16.257510215036927
correctionProbability (#ПАСАДКИ$ -> #ПОСАДКИ$) = -14.070736284928145
correctionProbability (#КВАРПЛАТЕ$ -> #КВАРТПЛАТЕ$) = -24.88566997072396
correctionProbability (#ПОУКИ$ -> #ПАУКИ$) = -10.553662513075988
correctionProbability (#ГРЧЕКА$ -> #ГРЕЧКА$) = -82.7993419596863
correctionProbability (#ХЕДАЙ$ -> #ХЕНДАЙ$) = -10.69109519872767
correctionProbability (#ПИЛЛЕТЫ$ -> #ПЕЛЛЕТЫ$) = -19.997402677233126
correctionProbability (#ПРИЗРОК$ -> #ПРИЗРАК$) = -13.402998795319675
correctionProbability (#ТРЭКИ$ -> #ТРЕКИ$) = -14.108011809871055
correctionProbability (#БАСЕЙНЕ$ -> #БАССЕЙНЕ$) = -16.654200714164148
correctionProbability (#АНТЕНУ$ -> #АНТЕННУ$) = -16.59924544728377
correctionProbability (#ШАГЫН$ -> #ШАҒЫН$) = -18.35524365804748
correctionProbability (#ПРОИЙТИ$ -> #ПРОЙТИ$) = -13.104539504830203
correctionProbability (#БАДАО$ -> #БАДОО$) = -12.744219558535011
correctionProbability (#СЛОВОЧЕТАНИЕ$ -> #СЛОВОСОЧЕТАНИЕ$) = -88.75419020519394
correctionProbability (#НАЛОГАВАЯ$ -> #НАЛОГОВАЯ$) = -11.95572758473196
correctionProbability (#ROUDS$ -> #ROADS$) = -19.555431213607452
correctionProbability (#МАИНКРАЫТ$ -> #МАЙНКРАФТ$) = -72.65992297443648
correctionProbability (#МАЛИЧИК$ -> #МАЛЬЧИК$) = -10.807733397405975
correctionProbability (#ОБЕДИНЕНИЕ$ -> #ОБЪЕДИНЕНИЕ$) = -19.969376761713107
correctionProbability (#ЖНИ$ -> #ДНИ$) = -7.307785056681684
correctionProbability (#ЖОЗЕФІНА$ -> #ЖОЗЕФИНА$) = -19.797100178804413
correctionProbability (#CHARTIS$ -> #CHARTS$) = -19.239111651406656
correctionProbability (#КИМЕР$ -> #КЕМЕР$) = -12.006105530706048
correctionProbability (#АНТЕНЫ$ -> #АНТЕННЫ$) = -15.57271755592005
correctionProbability (#НЛАДИОЛУСЫ$ -> #ГЛАДИОЛУСЫ$) = -19.477739053944248
correctionProbability (#МИЛДРАНАТ$ -> #МИЛДРОНАТ$) = -17.556930960751885
correctionProbability (#МЕЕНДОО$ -> #МЕЕНДО$) = -18.645321637873973
correctionProbability (#SKRATCH$ -> #SCRATCH$) = -16.705506525851348
correctionProbability (#ВЛАДИМЕРСКАЯ$ -> #ВЛАДИМИРСКАЯ$) = -20.347674616415112
correctionProbability (#САСЕДКУ$ -> #СОСЕДКУ$) = -17.074845944250384
correctionProbability (#ИНСТОГРАМ$ -> #ИНСТАГРАМ$) = -8.508855323506552
correctionProbability (#ШАФ$ -> #ШКАФ$) = -8.190536703967727
correctionProbability (#ШАУ$ -> #ШОУ$) = -4.798839847368349
correctionProbability (#ПАКЕМОНОВ$ -> #ПОКЕМОНОВ$) = -19.989331930538697
correctionProbability (#ПОВЕШЕНЫЙ$ -> #ПОВЕШЕННЫЙ$) = -24.46331801784674
correctionProbability (#РАСМОТРЕНИЕ$ -> #РАССМОТРЕНИЕ$) = -23.8532607267858
correctionProbability (#ВПЛИВАЕ$ -> #ВПЛИВАЄ$) = -21.29413231906755
correctionProbability (#ТЕЛЕФРНА$ -> #ТЕЛЕФОНА$) = -9.857960064413362
correctionProbability (#НОВОРОССИСКЕ$ -> #НОВОРОССИЙСКЕ$) = -20.579682436904967
correctionProbability (#ЧЯС$ -> #ЧАС$) = -7.980937824222504
correctionProbability (#ВОЗЛЮБЛЕНЫЕ$ -> #ВОЗЛЮБЛЕННЫЕ$) = -23.211562712441967
correctionProbability (#REALITIC$ -> #REALISTIC$) = -23.347664605286162
correctionProbability (#БИБЛЕТОВА$ -> #БИБОЛЕТОВА$) = -18.83488539230658
correctionProbability (#ЗКОЧАТЬ$ -> #СКАЧАТЬ$) = -67.23653768490448
correctionProbability (#CONSBIT$ -> #ICONBIT$) = -89.12250073261835
correctionProbability (#BIGLE$ -> #BIQLE$) = -16.08393187612398
correctionProbability (#ФЛЬМ$ -> #ФИЛЬМ$) = -1.7503695183505918
correctionProbability (#ЗАКСА$ -> #ЗАГСА$) = -16.2212523907662
correctionProbability (#РВЙОН$ -> #РАЙОН$) = -6.519603978638187
correctionProbability (#МАЛАЗИИ$ -> #МАЛАЙЗИИ$) = -19.283290262227872
correctionProbability (#JAPANESS$ -> #JAPANESE$) = -16.213313972840382
correctionProbability (#ГОДОДСКОГО$ -> #ГОРОДСКОГО$) = -16.277387049716616
correctionProbability (#НОЧБР$ -> #НОЯБРЯ$) = -74.78226174570024
correctionProbability (#ХИРУГ$ -> #ХИРУРГ$) = -13.293070860848463
correctionProbability (#ФЕНТЕЭИ$ -> #ФЭНТЕЗИ$) = -77.09691852792952
correctionProbability (#СПАСК$ -> #СПАССК$) = -18.45580811003099
correctionProbability (#ЮБИСОВТ$ -> #ЮБИСОФТ$) = -21.565363907863144
correctionProbability (#ЧЯК$ -> #ЧАК$) = -12.932844148860557
correctionProbability (#АЙТЮНЗ$ -> #АЙТЮНС$) = -14.12783933050071
correctionProbability (#SERVIZ$ -> #SERVIS$) = -19.915477242687732
correctionProbability (#СКАЧАЧЬ$ -> #СКАЧАТЬ$) = -2.5149712412036553
correctionProbability (#СМЕСТ$ -> #СМЕСЬ$) = -12.136130949222665
correctionProbability (#КАНША$ -> #ҚАНША$) = -17.93950177102744
correctionProbability (#АНАСТЕЗИОЛОГ$ -> #АНЕСТЕЗИОЛОГ$) = -24.92005346405835
correctionProbability (#СТРАШНИЕ$ -> #СТРАШНЫЕ$) = -12.370584940118121
correctionProbability (#СИМПТОМВ$ -> #СИМПТОМЫ$) = -10.752166198045586
correctionProbability (#LIVESCORW$ -> #LIVESCORE$) = -14.497985926962258
correctionProbability (#ВКАДЫ$ -> #ВКЛАДЫ$) = -10.948997272305963
correctionProbability (#ОДИР$ -> #ОДИН$) = -7.2447290570058165
correctionProbability (#СПАСС$ -> #СПАС$) = -14.40958510853969
correctionProbability (#ДЖАНЛУКИ$ -> #ДЖАНЛУКА$) = -22.201262147975243
correctionProbability (#ЩТРАФ$ -> #ШТРАФ$) = -11.149974238614536
correctionProbability (#ПРЕМЕР$ -> #ПРЕМЬЕР$) = -11.88350023334283
correctionProbability (#АВТОШИНИ$ -> #АВТОШИНЫ$) = -17.05212995868677
correctionProbability (#ИНДИАНО$ -> #ИНДИАНА$) = -16.595185279448224
correctionProbability (#ОДИМ$ -> #ОДНИМ$) = -13.005682284121018
correctionProbability (#ОНДАЙН$ -> #ОНЛАЙН$) = -0.634401766403311
correctionProbability (#ЭБЛЕМА$ -> #ЭМБЛЕМА$) = -12.397116064082269
correctionProbability (#МОСКОВКОЕ$ -> #МОСКОВСКОЕ$) = -17.009036435035597
correctionProbability (#БИСТРОГОНОВ$ -> #БЕФСТРОГАНОВ$) = -153.13521116699593
correctionProbability (#КАВКАЗКАЯ$ -> #КАВКАЗСКАЯ$) = -17.63332221949254
correctionProbability (#ПРЕДПРЕНИМАТЕЛЬСТВО$ -> #ПРЕДПРИНИМАТЕЛЬСТВО$) = -30.36712593596919
correctionProbability (#УКРАЙНСЬКОЙ$ -> #УКРАЇНСЬКОЇ$) = -84.472631648007
correctionProbability (#ALTIME$ -> #ALLTIME$) = -20.122186068855534
correctionProbability (#BRUKLIN$ -> #BROOKLYN$) = -150.95039772229867
correctionProbability (#КАЛОТКИ$ -> #КОЛОДКИ$) = -78.88641673588812
correctionProbability (#ПОФИЛЬ$ -> #ПРОФИЛЬ$) = -11.419256501952738
correctionProbability (#ПОСЛЕДНЯЯЯ$ -> #ПОСЛЕДНЯЯ$) = -15.44460411217576
correctionProbability (#ОБЗНАЧАЕТ$ -> #ОБОЗНАЧАЕТ$) = -18.269736206324218
correctionProbability (#АРКЫЛЫ$ -> #АРҚЫЛЫ$) = -16.45022688461818
correctionProbability (#ЮТЦБ$ -> #ЮТУБ$) = -0.19198504504260328
correctionProbability (#УСТИМОВ$ -> #УСТИНОВ$) = -17.860002412152525
correctionProbability (#БУЛАТСКОЙ$ -> #БУРЯТСКОЙ$) = -89.59269790144768
correctionProbability (#СЛУБА$ -> #СЛУЖБА$) = -10.302998651703046
correctionProbability (#КРАМНОДАР$ -> #КРАСНОДАР$) = -9.863979477565884
correctionProbability (#УАДИО$ -> #АУДИО$) = -78.96325827994113
correctionProbability (#ШЕФРИН$ -> #ШИФРИН$) = -17.633293654199935
correctionProbability (#ПИАНИНЕ$ -> #ПИАНИНО$) = -13.439832730008789
correctionProbability (#ГАРЕНЬЕ$ -> #ГОРЕНЬЕ$) = -18.66890555831742
correctionProbability (#ГЛЕСТЫ$ -> #ГЛИСТЫ$) = -15.280496831911048
correctionProbability (#ПЕЦИАЛИСТ$ -> #СПЕЦИАЛИСТ$) = -16.46322431728985
correctionProbability (#SURAY$ -> #SURXAY$) = -32.83826700939527
correctionProbability (#ГУМЕЛЕВА$ -> #ГУМИЛЕВА$) = -20.04099446166702
correctionProbability (#ОДИГ$ -> #ОДИН$) = -7.2417300122835755
correctionProbability (#XОЧУ$ -> #ХОЧУ$) = -7.972464584112636
correctionProbability (#СТАЛОВОЙ$ -> #СТОЛОВОЙ$) = -15.246167222083855
correctionProbability (#ОДНОКОМНОТНОЙ$ -> #ОДНОКОМНАТНОЙ$) = -19.25324772957913
correctionProbability (#ЕЛЕКТРОПИЛА$ -> #ЭЛЕКТРОПИЛА$) = -22.039696339950453
correctionProbability (#ІМЕНИННИКА$ -> #ИМЕНИННИКА$) = -22.5453966431688
correctionProbability (#ПОЛУЧИЬЬ$ -> #ПОЛУЧИТЬ$) = -11.079377945988625
correctionProbability (#ИЛЮМИНАТ$ -> #ИЛЛЮМИНАТЫ$) = -89.62701891531682
correctionProbability (#ЛТЧНЫЙ$ -> #ЛИЧНЫЙ$) = -4.2148751400465905
correctionProbability (#ПРАСТИТКИ$ -> #ПРОСТИТУТКИ$) = -144.92482974421708
correctionProbability (#СЛОВЯНСК$ -> #СЛАВЯНСК$) = -16.056299586602215
correctionProbability (#МОРГО$ -> #МАРГО$) = -14.03843274487473
correctionProbability (#ВИДЕШЬ$ -> #ВИДИШЬ$) = -17.285680283526805
correctionProbability (#КВАРПЛАТЫ$ -> #КВАРТПЛАТЫ$) = -26.20775732745207
correctionProbability (#РАФАЕЛО$ -> #РАФАЭЛЛО$) = -84.55129557995184
correctionProbability (#ENGLESIAS$ -> #IGLESIAS$) = -86.25829234063167
correctionProbability (#ДКТСКАЯ$ -> #ДЕТСКАЯ$) = -8.98968832761632
correctionProbability (#АВТАПАРКЕ$ -> #АВТОПАРКЕ$) = -27.335524246169435
correctionProbability (#ЯНГИЮЛ$ -> #ЯНГИЮЛЬ$) = -24.855900710304297
correctionProbability (#СМЕТЬ$ -> #СМЕРТЬ$) = -11.406987454928501
correctionProbability (#КРИМАТОРИЯ$ -> #КРЕМАТОРИЯ$) = -24.141870373822094
correctionProbability (#CAUS$ -> #CAUSE$) = -16.193379188430757
correctionProbability (#ВЫКЛЮЧАЮТСЯ$ -> #ВКЛЮЧАЮТСЯ$) = -23.95208848382979
correctionProbability (#JEWERLY$ -> #JEWELRY$) = -86.43588457438716
correctionProbability (#ПТРУЛЬ$ -> #ПАТРУЛЬ$) = -9.021788710300143
correctionProbability (#ИСТОП$ -> #СТОП$) = -13.391545959089829
correctionProbability (#KPSMETISTA$ -> #KOSMETISTA$) = -23.905066191760383
correctionProbability (#ЭКРАНИРОВКВ$ -> #ЭКРАНИРОВКА$) = -36.71001740830509
correctionProbability (#ЖНЯ$ -> #ДНЯ$) = -6.080665203247879
correctionProbability (#УЗКОЛИСТЫЙ$ -> #УЗКОЛИСТНЫЙ$) = -24.948515239986463
correctionProbability (#ФЛЭР$ -> #ФЛЕР$) = -16.116504308987903
correctionProbability (#ДЕТСИЕ$ -> #ДЕТСКИЕ$) = -8.228192449911724
correctionProbability (#КОСТАНАИ$ -> #КОСТАНАЙ$) = -12.765667064284699
correctionProbability (#АТВЕТ$ -> #ОТВЕТ$) = -10.127298232757813
correctionProbability (#RTL8723AE$ -> #RTL8723BE$) = -26.409077854482533
correctionProbability (#ИСТРИЧЕСКИЕ$ -> #ИСТОРИЧЕСКИЕ$) = -16.513954537187892
correctionProbability (#АЛИАН$ -> #АЛИАНА$) = -22.0460087728583
correctionProbability (#ТЁЩЮ$ -> #ТЕЩУ$) = -79.53212845710503
correctionProbability (#НИБУТЬ$ -> #НИБУДЬ$) = -14.30848065953678
correctionProbability (#BONGCAMS$ -> #BONGACAMS$) = -17.485213665140726
correctionProbability (#ТЁЩЯ$ -> #ТЁЩА$) = -15.564102460058454
correctionProbability (#ЯНДНЕК$ -> #ЯНДЕКС$) = -69.98370098974819
correctionProbability (#ЮТЦЬ$ -> #ЮТУБ$) = -64.93519131154729
correctionProbability (#UNCHEKY$ -> #UNCHECKY$) = -24.60971168375817
correctionProbability (#УСТОНАВИТЕ$ -> #УСТАНОВИТЕ$) = -83.58648775647694
correctionProbability (#МСТИЛИ$ -> #МСТИТЕЛИ$) = -77.16856831296504
correctionProbability (#ТРАВТО$ -> #ТИРАВТО$) = -25.792170799099843
correctionProbability (#ДЕТСИЙ$ -> #ДЕТСКИЙ$) = -8.409661638088124
correctionProbability (#ПАСАДКА$ -> #ПОСАДКА$) = -11.075776211636601
correctionProbability (#ЯЕКС$ -> #ЯНДЕКС$) = -68.11512989787126
correctionProbability (#ТЕХНОЛОГИЧ$ -> #ТЕХНОЛОГИЯ$) = -14.506948557866231
correctionProbability (#НАБО$ -> #НАБОР$) = -9.521108329553964
correctionProbability (#ТРЭКА$ -> #ТРЕКА$) = -16.762244867357044
correctionProbability (#СОЛТАНЕ$ -> #САЛТАНЕ$) = -13.963181011310304
correctionProbability (#ПРЕДПРЕНИМАТЕЛЬСТВА$ -> #ПРЕДПРИНИМАТЕЛЬСТВА$) = -27.577356422083497
correctionProbability (#СУКАЧАТЬ$ -> #СКАЧАТЬ$) = -5.034305140037757
correctionProbability (#РАФАЕЛЬ$ -> #РАФАЭЛЬ$) = -16.334976589167667
correctionProbability (#БУТОГО$ -> #БУТОВО$) = -12.823667938889049
correctionProbability (#САСЕДКА$ -> #СОСЕДКА$) = -15.680414610085762
correctionProbability (#ЖНУ$ -> #ЖЕНУ$) = -10.053889649031806
correctionProbability (#ДАСТАВКЕ$ -> #ДОСТАВКЕ$) = -19.717986636885534
correctionProbability (#ОБЬЕК$ -> #ОБЪЕКТ$) = -79.0982201492582
correctionProbability (#ЕКСОДУС$ -> #ЭКСОДУС$) = -19.38939472119054
correctionProbability (#DRVPACK$ -> #DRIVERPACK$) = -147.7124752659062
correctionProbability (#VOSKRESENIE$ -> #VOSKRESHENIE$) = -38.677420700211606
correctionProbability (#СПАТТ$ -> #СПАТЬ$) = -12.237330214769973
correctionProbability (#КУБАНОВЕДЕНЬЮ$ -> #КУБАНОВЕДЕНИЮ$) = -25.43803072364325
correctionProbability (#РЕВЕЛЕЙШН$ -> #РЕВЕЛЕЙШЕН$) = -25.080032255329492
correctionProbability (#РОЗВАРКИ$ -> #РАЗВАРКИ$) = -23.212489943800072
correctionProbability (#РЭФЕРАТ$ -> #РЕФЕРАТ$) = -10.721495272721668
correctionProbability (#ТИКИЛЕНД$ -> #ТИКЕТЛЭНД$) = -147.10039672072986
correctionProbability (#ПОЛИКИЛИНИКА$ -> #ПОЛИКЛИНИКА$) = -15.939926240052252
correctionProbability (#ТОРРЕНГ$ -> #ТОРРЕНТ$) = -7.539937481453954
correctionProbability (#ХІЛЛЗ$ -> #ХІЛЗ$) = -27.447007849143148
correctionProbability (#ВПГОН$ -> #ВАГОН$) = -13.227484917462153
correctionProbability (#СПАРИНГ$ -> #СПАРРИНГ$) = -25.166083752327303
correctionProbability (#УИНДОУС$ -> #ВИНДОВС$) = -74.58630626974796
correctionProbability (#ПРЯВЛЯЕТСЯ$ -> #ПРОЯВЛЯЕТСЯ$) = -20.583608438994
correctionProbability (#YOUTOUB$ -> #YOUTUBE$) = -74.27896160113576
correctionProbability (#ВИДИОЛАР$ -> #ВИДЕОЛАР$) = -21.81445806139775
correctionProbability (#ДИЕТП$ -> #ДИЕТА$) = -9.3277233715005
correctionProbability (#ТРАФИКОВАЯ$ -> #ГРАФИТОВАЯ$) = -86.16949578535578
correctionProbability (#ПОРЕВОДЧИК$ -> #ПЕРЕВОДЧИК$) = -8.668523487414404
correctionProbability (#КЛЛАСС$ -> #КЛАСС$) = -4.91126192471188
correctionProbability (#AZLLTIME$ -> #ALLTIME$) = -22.08859419480288
correctionProbability (#ТИННИ$ -> #ТИНИ$) = -15.117623240919333
correctionProbability (#ХРИСТОМАТИЯ$ -> #ХРЕСТОМАТИЯ$) = -22.36395155951815
correctionProbability (#ОБНАВЛЕНКЕ$ -> #ОБНОВЛЕНКЕ$) = -21.795877640903058
correctionProbability (#GOODEAR$ -> #GOODYEAR$) = -18.2391971731617
correctionProbability (#ПУСТОНЬ$ -> #ПУСТЫНЬ$) = -15.638080603896285
correctionProbability (#ЮТУА$ -> #ЮТУБ$) = -0.18567404368704032
correctionProbability (#МЕННИ$ -> #МЭННИ$) = -18.626544621164275
correctionProbability (#ТРЕВЕЛАТА$ -> #ТРАВЕЛАТА$) = -16.363586789463092
correctionProbability (#ЭДШПИЛЬ$ -> #ЭНДШПИЛЬ$) = -17.05042743468737
correctionProbability (#ЮТУВ$ -> #ЮТУБ$) = -0.18513012199835188
correctionProbability (#ДЕТСКА$ -> #ДЕТСКАЯ$) = -9.538975993179953
correctionProbability (#ОБНАВЛЕНКА$ -> #ОБНОВЛЕНКА$) = -20.13135039686125
correctionProbability (#НАРУЖНИЙ$ -> #НАРУЖНЫЙ$) = -17.424678223917553
correctionProbability (#ВАЛЕЖЕВА$ -> #ВЕЛЕЖЕВА$) = -14.726074040823669
correctionProbability (#ФАЛКЕ$ -> #ФАЛЬКЕ$) = -25.753970364540095
correctionProbability (#ЮТУД$ -> #ЮТУБ$) = -0.18502137315370604
correctionProbability (#ПУСТОНИ$ -> #ПУСТЫНИ$) = -14.866194528013189
correctionProbability (#ФЭЙСБУКЕ$ -> #ФЕЙСБУКЕ$) = -16.099922803505898
correctionProbability (#МНСК$ -> #МИНСК$) = -8.280536376232906
correctionProbability (#АТОМОБИЛЬНЫХ$ -> #АВТОМОБИЛЬНЫХ$) = -20.496839945388174
correctionProbability (#РАЗПИНОВКА$ -> #РАСПИНОВКА$) = -17.756747783559952
correctionProbability (#РЦЕПТ$ -> #РЕЦЕПТ$) = -6.800484392504874
correctionProbability (#ОДНОКЛАССНИКИИ$ -> #ОДНОКЛАССНИКИ$) = -13.701097440863819
correctionProbability (#АКТИРОВАТЬ$ -> #АКТИВИРОВАТЬ$) = -83.94171225543982
correctionProbability (#ОМГЬУ$ -> #ОМГТУ$) = -14.827166959544709
correctionProbability (#БЕЛГОРОДСКОНЙ$ -> #БЕЛГОРОДСКОЙ$) = -21.8108760278538
correctionProbability (#АВНСОВЫЙ$ -> #АВАНСОВЫЙ$) = -19.4933421536942
correctionProbability (#СВРОМ$ -> #СЫРОМ$) = -11.680463750046602
correctionProbability (#НУМИРАЦИЯ$ -> #НУМЕРАЦИЯ$) = -18.795908117047425
correctionProbability (#РЕСУНКА$ -> #РИСУНКА$) = -14.81935816464997
correctionProbability (#МЕДИКАМЕТОЗНЫЙ$ -> #МЕДИКАМЕНТОЗНЫЙ$) = -27.168888592368447
correctionProbability (#РОЭДЕНИЯ$ -> #РОЖДЕНИЯ$) = -6.696800543863077
correctionProbability (#МИКРОАФТОБУС$ -> #МИКРОАВТОБУС$) = -20.652743922077157
correctionProbability (#СТАВРОПОЛЬСИЙ$ -> #СТАВРОПОЛЬСКИЙ$) = -20.84452497427914
correctionProbability (#КОАКОВ$ -> #КРАКОВ$) = -16.53684511204484
correctionProbability (#ТГРУ$ -> #ИГРУ$) = -6.674630473597443
correctionProbability (#СТОИОСТЬ$ -> #СТОИМОСТЬ$) = -9.968068952380449
correctionProbability (#ЦИПРОВЕТ$ -> #ЦИПРОЛЕТ$) = -17.55959274989538
correctionProbability (#СВИННОГО$ -> #СВИНОГО$) = -20.94107117124973
correctionProbability (#MTORRENT$ -> #UTORRENT$) = -16.3579043840733
correctionProbability (#ФЭЙСБУКА$ -> #ФЕЙСБУКА$) = -20.031523151289257
correctionProbability (#SEMALE$ -> #SHEMALE$) = -14.952958838342951
correctionProbability (#УБЕРАЮТ$ -> #УБИРАЮТ$) = -18.77262058380707
correctionProbability (#ТРЭНД$ -> #ТРЕНД$) = -14.877055115107854
correctionProbability (#ТИНДАРР$ -> #ТИНДАР$) = -26.505735959402443
correctionProbability (#БАЙДЕР$ -> #БЕЙДЕР$) = -23.129332350019524
correctionProbability (#КАГОМА$ -> #КОГАМА$) = -78.51321327690745
correctionProbability (#ЮТУУ$ -> #ЮТУБ$) = -0.18567404368704032
correctionProbability (#CHATUBATE$ -> #CHATURBATE$) = -19.381665976115166
correctionProbability (#АТОМОБИЛЬНЫЕ$ -> #АВТОМОБИЛЬНЫЕ$) = -19.454846526244992
correctionProbability (#КИНГИСЕПСКИЙ$ -> #КИНГИСЕППСКИЙ$) = -28.376958727876612
correctionProbability (#ВЭЙПА$ -> #ВЕЙПА$) = -17.02431243485363
correctionProbability (#НАСАЛ$ -> #НАССАЛ$) = -20.83742098633807
correctionProbability (#МУЛЬТЯХИ$ -> #МУЛЬТИКИ$) = -71.61814352847426
correctionProbability (#ЩВУКИ$ -> #ЗВУКИ$) = -10.44544787971451
correctionProbability (#ОЗОГЛАВЬТЕ$ -> #ОЗАГЛАВЬТЕ$) = -23.370187493935816
correctionProbability (#PSALMUNI$ -> #PSALMUL$) = -94.87226215210492
correctionProbability (#КОЖАНІ$ -> #КОЖАНЫЕ$) = -78.89171477011088
correctionProbability (#ПРИСЕРЫ$ -> #ПРИМЕРЫ$) = -10.124055919860439
correctionProbability (#DOKIO$ -> #DOKI$) = -20.011150758055596
correctionProbability (#БОРД24$ -> #БОАРД24$) = -24.46212377846745
correctionProbability (#БОЯРИШНИК$ -> #БОЯРЫШНИК$) = -17.70416190451435
correctionProbability (#РОУЖИЕ$ -> #ОРУЖИЕ$) = -78.24265187518395
correctionProbability (#ШДЗ$ -> #ГДЗ$) = -3.5261825167586203
correctionProbability (#БЕСПЛАТНЬ$ -> #БЕСПЛАТНО$) = -4.771049106444428
correctionProbability (#ФИЛИПОВ$ -> #ФИЛИППОВ$) = -19.697662393328088
correctionProbability (#БЕСПЛАТНЫ$ -> #БЕСПЛАТНЫЙ$) = -15.43353425520251
correctionProbability (#АОГВК$ -> #АОГВ$) = -19.419215965414697
correctionProbability (#ПРКАТ$ -> #ПРОКАТ$) = -12.484650592748277
correctionProbability (#СЛЕДУЙЩИЙ$ -> #СЛЕДУЮЩИЙ$) = -17.521493501986285
correctionProbability (#ЮТУЬ$ -> #ЮТУБ$) = -0.1808976559698401
correctionProbability (#АТОМОБИЛЬНЫЙ$ -> #АВТОМОБИЛЬНЫЙ$) = -18.981053522876948
correctionProbability (#АКЕАНАРИУМ$ -> #ОКЕАНАРИУМ$) = -18.73026932971299
correctionProbability (#НЕДЬЗЯ$ -> #НЕЛЬЗЯ$) = -10.758792957514938
correctionProbability (#СУМУЛАТОР$ -> #СИМУЛЯТОР$) = -77.77312294967236
correctionProbability (#АГРЕСИЯ$ -> #АГРЕССИЯ$) = -19.45746016055533
correctionProbability (#МАГНЕТА$ -> #МАГНЕТО$) = -19.942994436944346
correctionProbability (#МАССАЖИК$ -> #МАССАЖ$) = -78.08979462018355
correctionProbability (#ГОСУСУГИ$ -> #ГОСУСЛУГИ$) = -9.736029633541996
correctionProbability (#АЛНКСАНДР$ -> #АЛЕКСАНДР$) = -10.21982135816932
correctionProbability (#АНГЛИСК$ -> #АНГЛИЙСКИЙ$) = -142.4136273178922
correctionProbability (#САНАТАРИИ$ -> #САНАТОРИИ$) = -13.154038066447505
correctionProbability (#НЭППИ$ -> #ХЭППИ$) = -13.033779938138427
correctionProbability (#БАКИНГ$ -> #БАНКИНГ$) = -11.075639524145593
correctionProbability (#ПЕНИВАЙЗ$ -> #ПЕННИВАЙЗ$) = -18.88616698049983
correctionProbability (#СКАЧАЪТ$ -> #СКАЧАТЬ$) = -70.33602232718282
correctionProbability (#ДЕТСКЯ$ -> #ДЕТСКАЯ$) = -9.571292832777473
correctionProbability (#ДЖАУДА$ -> #ДЖАУДАТ$) = -26.534786366723168
correctionProbability (#ОБУСЕНИЕ$ -> #ОБУЧЕНИЕ$) = -10.580019896178378
correctionProbability (#КЕДИ$ -> #КЕДЫ$) = -13.249085570714112
correctionProbability (#ДЕКСТ$ -> #ДЕКСП$) = -19.04191058321145
correctionProbability (#НАДА$ -> #НАДО$) = -7.5178306013285585
correctionProbability (#ДЕЬЕЙ$ -> #ДЕТЕЙ$) = -3.5480665834836707
correctionProbability (#ГСМЕТЕО$ -> #ГИСМЕТЕО$) = -8.852069600805798
correctionProbability (#ПАГРДА$ -> #ПОГОДА$) = -65.91168218809584
correctionProbability (#HOUME$ -> #HOME$) = -11.187972014395793
correctionProbability (#ДЕТСКЕ$ -> #ДЕТСКИЕ$) = -8.224845120440719
correctionProbability (#ЯГТЕРЬЕР$ -> #ЯГДТЕРЬЕР$) = -22.606567334937765
correctionProbability (#ИНСТАЛЛЯЦИЙ$ -> #ИНСТАЛЛЯЦИИ$) = -22.410341003800966
correctionProbability (#МАЛЕКУМ$ -> #АЛЕЙКУМ$) = -83.45198415259745
correctionProbability (#СТАКЛЕР$ -> #СТАЛКЕР$) = -77.97331409946692
correctionProbability (#DEYS$ -> #DAYS$) = -12.25759433962924
correctionProbability (#САБОКА$ -> #СОБАКА$) = -74.39511103439123
correctionProbability (#МАЛЕКУЛ$ -> #МОЛЕКУЛ$) = -16.548400934926242
correctionProbability (#ГОРОЖА$ -> #ГОРОДА$) = -7.53077715499575
correctionProbability (#ГЕОРГАФИИ$ -> #ГЕОГРАФИИ$) = -81.45111043714036
correctionProbability (#СТАФИЛАКОКК$ -> #СТАФИЛОКОКК$) = -20.478372524718807
correctionProbability (#ПОДРОСТОКОВ$ -> #ПОДРОСТКОВ$) = -16.877639794668504
correctionProbability (#АИПЕНДИЦИТ$ -> #АППЕНДИЦИТ$) = -19.895967026200637
correctionProbability (#ДЕТСКЙ$ -> #ДЕТСКИЙ$) = -8.408021876409514
correctionProbability (#АЗЕЙБАРДЖАНА$ -> #АЗЕРБАЙДЖАНА$) = -83.95875411059006
correctionProbability (#ЛЕТЕРАТУРЕ$ -> #ЛИТЕРАТУРЕ$) = -14.827782965284456
correctionProbability (#OUTUBE$ -> #YOUTUBE$) = -6.988118491965899
correctionProbability (#HENTA$ -> #HENTAI$) = -12.14809030231439
correctionProbability (#DWONLOAD$ -> #DOWNLOAD$) = -78.93651964447339
correctionProbability (#СИМБАДА$ -> #СИНДБАДА$) = -83.36945202999955
correctionProbability (#ИСТРО$ -> #ИСТРА$) = -13.716538984491894
correctionProbability (#ВИНИКА$ -> #ВИННИКА$) = -17.574824509266563
correctionProbability (#BOOBY$ -> #BOBBY$) = -17.04350368707674
correctionProbability (#БИЛЛИРУБИНА$ -> #БИЛИРУБИНА$) = -25.523696064742303
correctionProbability (#ПРОДЕЛАНОЙ$ -> #ПРОДЕЛАННОЙ$) = -23.762269390435378
correctionProbability (#ТИЖОЛЫЙ$ -> #ТЯЖЕЛЫЙ$) = -81.80257732013702
correctionProbability (#ЛАУНЕР$ -> #ЛАУНЧЕР$) = -14.817805083710667
correctionProbability (#БАМБАЛЕЙЛА$ -> #БАМБОЛЕЙЛО$) = -90.20401288862334
correctionProbability (#АНЕКТОД$ -> #АНЕКДОТ$) = -79.27438599967945
correctionProbability (#ПОРОШЕК$ -> #ПОРОШОК$) = -14.117802080008374
correctionProbability (#ПУССКИЙ$ -> #РУССКИЙ$) = -6.794777748173409
correctionProbability (#ЗАВЕДУЩАЯ$ -> #ЗАВЕДУЮЩАЯ$) = -20.953448388066185
correctionProbability (#ДЕТСКУ$ -> #ДЕТСКУЮ$) = -12.924813608854343
correctionProbability (#HENTI$ -> #HENTAI$) = -12.150402502956982
correctionProbability (#ВІДЕЛ$ -> #ВИДЕО$) = -66.51651311442414
correctionProbability (#ЩПИЦ$ -> #ШПИЦ$) = -12.651551353480105
correctionProbability (#БЕСПЛАТНА$ -> #БЕСПЛАТНО$) = -4.666156447413401
correctionProbability (#АНАСЦН$ -> #АНАСЦЕ$) = -13.331624465507769
correctionProbability (#XIAOMY$ -> #XIAOMI$) = -9.849745885501807
correctionProbability (#ПРОКОПЬВСК$ -> #ПРОКОПЬЕВСК$) = -18.86287329264293
correctionProbability (#ПОЛНОСТЮ$ -> #ПОЛНОСТЬЮ$) = -13.5453612259452
correctionProbability (#АРКАДІЙ$ -> #АРКАДИЙ$) = -13.172152629519246
correctionProbability (#ВАЛГА$ -> #ВОЛГА$) = -11.134430845709279
correctionProbability (#ГОРОДЖ$ -> #ГОРОД$) = -7.614847484273799
correctionProbability (#БАДДУ$ -> #БАДУ$) = -12.971327570409162
correctionProbability (#ГОРЯЧА$ -> #ГОРЯЧАЯ$) = -13.271352996347844
correctionProbability (#АККОМПОНИМЕНТ$ -> #АККОМПАНЕМЕНТ$) = -92.46950903302373
correctionProbability (#ЛЕЗБИЯНКА$ -> #ЛЕСБИЯНКА$) = -18.567864547065426
correctionProbability (#СВПДЬБУ$ -> #СВАДЬБУ$) = -11.343736542724898
correctionProbability (#ДОЮТ$ -> #ДАЮТ$) = -11.296837023056288
correctionProbability (#ОТГОДАЙ$ -> #ОТГАДАЙ$) = -18.857340090956953
correctionProbability (#ТРАННИК$ -> #СТРАННИК$) = -18.085529737592907
correctionProbability (#БРАЕРС$ -> #БРАЗЕРС$) = -13.602012863082308
correctionProbability (#ОЛТАЙМАМИ$ -> #ТАЙМАМИ$) = -102.67660768680007
correctionProbability (#ОВСЯНИКОВ$ -> #ОВСЯННИКОВ$) = -24.307746187372437
correctionProbability (#ЭКЗИКУЦИЯ$ -> #ЭКЗЕКУЦИЯ$) = -25.18034750552706
correctionProbability (#ОБНАВЛЕНИЕ$ -> #ОБНОВЛЕНИЕ$) = -15.72968850366189
correctionProbability (#АЛІСУ$ -> #АЛИСУ$) = -15.206869878708414
correctionProbability (#СТИХОТВОРНИЕ$ -> #СТИХОТВОРЕНИЕ$) = -18.378336745341947
correctionProbability (#ФРЛЬЦВАГЕН$ -> #ФОЛЬКСВАГЕН$) = -144.18502012626053
correctionProbability (#ИКАСАЦИЯ$ -> #ИНКАССАЦИЯ$) = -89.78474224468309
correctionProbability (#ГОРОДП$ -> #ГОРОДА$) = -7.5662307814992005
correctionProbability (#СРЧИ$ -> #СОЧИ$) = -6.577280450330949
correctionProbability (#ПРИВЕСТВИЕ$ -> #ПРИВЕТСТВИЕ$) = -20.402376203186215
correctionProbability (#ПАНСИНАТ$ -> #ПАНСИОНАТ$) = -15.88258237893082
correctionProbability (#АЭРОПОТ$ -> #АЭРОПОРТ$) = -11.399147803264498
correctionProbability (#ЦВЕТЦЩИЕ$ -> #ЦВЕТУЩИЕ$) = -17.15266241598696
correctionProbability (#ONLIEN$ -> #ONLINE$) = -76.10949813334443
correctionProbability (#АДМИНСТРАЦИЯ$ -> #АДМИНИСТРАЦИЯ$) = -17.462627789111664
correctionProbability (#СИМАНОВ$ -> #СИМОНОВ$) = -17.25085076965538
correctionProbability (#АЭРОПОР$ -> #АЭРОПОРТ$) = -11.36712668723137
correctionProbability (#ПОЛНОСТЬ$ -> #ПОЛНОСТЬЮ$) = -13.597145914591358
correctionProbability (#ПРЫШИКИ$ -> #ПРЫЩИКИ$) = -17.922028040829453
correctionProbability (#ИРОГЛИФАМИ$ -> #ИЕРОГЛИФАМИ$) = -25.697718483485446
correctionProbability (#СКАЧАТЯ$ -> #СКАЧАТЬ$) = -2.482737993726664
correctionProbability (#РЕДТУ$ -> #РЕДТУБ$) = -17.304816654650086
correctionProbability (#ДИКАТЛОН$ -> #ДЕКАТЛОН$) = -15.076898985767258
correctionProbability (#ЛЕШАЙ$ -> #ЛИШАЙ$) = -12.641610292235466
correctionProbability (#ИОДЫ$ -> #МОДЫ$) = -7.689199981201977
correctionProbability (#МІКРОФОН$ -> #МИКРОФОН$) = -14.29668033775831
correctionProbability (#YOUUTBE$ -> #YOUTUBE$) = -74.29228017704692
correctionProbability (#БАРИСОВНА$ -> #БОРИСОВНА$) = -17.485210122124215
correctionProbability (#IROTIKA$ -> #EROTIKA$) = -14.384384207658613
correctionProbability (#ОПРЕДИЛЕНИЯ$ -> #ОПРЕДЕЛЕНИЯ$) = -17.242153821796222
correctionProbability (#BITCOINZ$ -> #BITCOIN$) = -15.676238780367513
correctionProbability (#ПШЕННО$ -> #ПШЕНО$) = -18.98957275270057
correctionProbability (#КЛАУСТРАФОБЫ$ -> #КЛАУСТРОФОБЫ$) = -22.66472836204823
correctionProbability (#GRILS$ -> #GIRLS$) = -77.75265886885967
correctionProbability (#ВЛАДИМЕРА$ -> #ВЛАДИМИРА$) = -15.353101045055205
correctionProbability (#ГРОЩИ$ -> #ГРОШІ$) = -80.51125379709427
correctionProbability (#ГОРОДЫ$ -> #ГОРОДА$) = -7.577151186277778
correctionProbability (#ГОРОДЪ$ -> #ГОРОД$) = -7.617483757801864
correctionProbability (#СЕРГЕЕВО$ -> #СЕРГИЕВО$) = -20.149660335976563
correctionProbability (#ЕДЕНИЦ$ -> #ЕДИНИЦ$) = -15.01406151919149
correctionProbability (#ПООТИВ$ -> #ПРОТИВ$) = -7.925699806841603
correctionProbability (#ДЕСНЕЙ$ -> #ДИСНЕЙ$) = -11.105881119285403
correctionProbability (#РОЗЕС$ -> #РОУЗЕС$) = -19.699928579019865
correctionProbability (#ХОРОЩИЙ$ -> #ХОРОШИЙ$) = -11.09526941935367
correctionProbability (#ИНВИДИО$ -> #НВИДИА$) = -82.56962441064837
correctionProbability (#ККАБИНЕТ$ -> #КАБИНЕТ$) = -7.6467538791654235
correctionProbability (#МИНЬЕНОВ$ -> #МИНЬОНОВ$) = -20.72579527757906
correctionProbability (#УЙЫМДАСТЫРУШЫЛЫК$ -> #ҰЙЫМДАСТЫРУШЫЛЫҚ$) = -97.4174422167351
correctionProbability (#ЯПОРСКАЯ$ -> #ЯПОНСКАЯ$) = -14.086492921272232
correctionProbability (#ЗАРОБАТЫВАЕТ$ -> #ЗАРАБАТЫВАЕТ$) = -21.52750453191088
correctionProbability (#РОЗЕО$ -> #РОЗЕА$) = -24.480029455009657
correctionProbability (#ЛМАТЫ$ -> #АЛМАТЫ$) = -7.802030737830702
correctionProbability (#ЗВЕЗНЫЙ$ -> #ЗВЕЗДНЫЙ$) = -15.34952607493728
correctionProbability (#АММОРТИЗАЦИОННАЯ$ -> #АМОРТИЗАЦИОННАЯ$) = -28.388357434323424
correctionProbability (#КОКУРСЫ$ -> #КОНКУРСЫ$) = -14.31983410472305
correctionProbability (#ХОРОЩИМ$ -> #ХОРОШИМ$) = -14.27285612256373
correctionProbability (#СЕЛОВЕК$ -> #ЧЕЛОВЕК$) = -7.72830966044198
correctionProbability (#ОПРНО$ -> #ОПОРНО$) = -16.168970238797936
correctionProbability (#АДРЕАС$ -> #АНДРЕАС$) = -12.338511851930846
correctionProbability (#МІРЕНА$ -> #МИРЕНА$) = -17.1800614692124
correctionProbability (#ХАМОНДА$ -> #ХАММОНДА$) = -34.41245838382715
correctionProbability (#ТЕАЬР$ -> #ТЕАТР$) = -7.693169800477271
correctionProbability (#УНЕВЕРЕ$ -> #УНИВЕРЕ$) = -20.837023992946087
correctionProbability (#БВЛО$ -> #БЫЛО$) = -8.496602997697682
correctionProbability (#XIAOME$ -> #XIAOMI$) = -9.8490223226469
correctionProbability (#МАШЕННИЦЫ$ -> #МОШЕННИЦЫ$) = -17.2117100940265
correctionProbability (#SAMSUNQ$ -> #SAMSUNG$) = -9.907343790562486
correctionProbability (#GAZAL$ -> #GHAZAL$) = -24.84743343249214
correctionProbability (#КУЕЛЬ$ -> #КЮЕЛЬ$) = -24.52066963744565
correctionProbability (#ЯСАУИ$ -> #ЯССАУИ$) = -18.924951695470906
correctionProbability (#БИОГРАВИЯ$ -> #БИОГРАФИЯ$) = -10.350292738640377
correctionProbability (#ПОПОДАНЦЫ$ -> #ПОПАДАНЦЫ$) = -18.22825315462049
correctionProbability (#КАМЕКАДЗЕ$ -> #КАМИКАДЗЕ$) = -20.38005752715336
correctionProbability (#СМОТРЕИТ$ -> #СМОТРЕТЬ$) = -70.14776711563864
correctionProbability (#ЛЕШАЯ$ -> #ЛИШАЯ$) = -16.13246172903094
correctionProbability (#РЭИНБОУ$ -> #РЕЙНБОУ$) = -83.08635885356271
correctionProbability (#ОРГАЗ$ -> #ОРГАЗМ$) = -11.937985678977245
correctionProbability (#ТУРАКТЫ$ -> #ТҰРАҚТЫ$) = -85.37038726232781
correctionProbability (#ВНУТРЕНЕГО$ -> #ВНУТРЕННЕГО$) = -19.302819265609912
correctionProbability (#ПОКАЗАНИ$ -> #ПОКАЗАНИЯ$) = -10.860383680346608
correctionProbability (#ВИНДЕУС$ -> #ВИНДОВС$) = -74.61165478432115
correctionProbability (#ДЕНСАУЛЫ$ -> #ДЕНСАУЛЫҚ$) = -19.150549597634154
correctionProbability (#ДЕОАТЬ$ -> #ДЕЛАТЬ$) = -7.189356870331313
correctionProbability (#КУБАНОВЕДЕНЬЕ$ -> #КУБАНОВЕДЕНИЕ$) = -24.176438981108063
correctionProbability (#РИБЕНКА$ -> #РЕБЕНКА$) = -8.166633116674532
correctionProbability (#YUOPORN$ -> #YOUPORN$) = -84.82960972149633
correctionProbability (#ВЗЛОМАНАЯ$ -> #ВЗЛОМАННАЯ$) = -18.915102684800516
correctionProbability (#ПОЛЬНАЯ$ -> #ПОЛНАЯ$) = -13.550566347715662
correctionProbability (#ПАСПОТР$ -> #ПАСПОРТ$) = -79.45115551724521
correctionProbability (#РИНОСКОПЫ$ -> #РИНОСКОПИЯ$) = -93.1487151408493
correctionProbability (#ИОДА$ -> #ЙОДА$) = -15.263865671484904
correctionProbability (#ЛАГРУС$ -> #ЛАРГУС$) = -80.91695685913923
correctionProbability (#ВЛАДИМЕРЕ$ -> #ВЛАДИМИРЕ$) = -15.344441274961312
correctionProbability (#ОРГАМ$ -> #ОРГАЗМ$) = -11.943602640956353
correctionProbability (#ПОГОДПА$ -> #ПОГОДА$) = -3.706176281860113
correctionProbability (#РАССПИСКУ$ -> #РАСПИСКУ$) = -21.737603461555736
correctionProbability (#ЗНАЧИНИЕ$ -> #ЗНАЧЕНИЕ$) = -10.782400243771654
correctionProbability (#МУЖИСКОЙ$ -> #МУЖСКОЙ$) = -13.559207413979323
correctionProbability (#ТОРРЕНЬ$ -> #ТОРРЕНТ$) = -7.533503569286353
correctionProbability (#АНТИКОРОЗИЙНЫ$ -> #АНТИКОРРОЗИЙНЫЙ$) = -106.68015931540228
correctionProbability (#КУРВАЗЬЕ$ -> #КУРВУАЗЬЕ$) = -24.718362895887978
correctionProbability (#ПРИЛРЖЕНИЕ$ -> #ПРИЛОЖЕНИЕ$) = -13.30500257912486
correctionProbability (#ДЕЛЕТЬ$ -> #ДЕЛАТЬ$) = -7.218976243066319
correctionProbability (#СИМСОНЫ$ -> #СИМПСОНЫ$) = -15.366214510492874
correctionProbability (#ВОЛЙБОЛ$ -> #ВОЛЕЙБОЛ$) = -13.93988517845024
correctionProbability (#ВИКТРОВНА$ -> #ВИКТОРОВНА$) = -17.787883739185766
correctionProbability (#ЖТО$ -> #ЭТО$) = -2.8224293510501255
correctionProbability (#ЭКСРЕСС$ -> #ЭКСПРЕСС$) = -11.71828461589805
correctionProbability (#РОЗГОВОРИ$ -> #РАЗГОВОРЫ$) = -83.95802550569331
correctionProbability (#НАРУЖНИХ$ -> #НАРУЖНЫХ$) = -17.46373179563532
correctionProbability (#ОПСАНИЕ$ -> #ОПИСАНИЕ$) = -10.631624471726717
correctionProbability (#АРХЭЙДЖ$ -> #АРХЕЙДЖ$) = -18.22124177942237
correctionProbability (#ЕУДА$ -> #КУДА$) = -7.560058980687085
correctionProbability (#МАКАД$ -> #МАКАДИ$) = -19.908028239679897
correctionProbability (#ШЛАГ$ -> #ШЛАНГ$) = -13.628287669400247
correctionProbability (#МАСОВАЯ$ -> #МАССОВАЯ$) = -17.79193711937264
correctionProbability (#ГОГЯТСЯ$ -> #ГОНЯТСЯ$) = -23.872638374998346
correctionProbability (#МСОТРЕТЬ$ -> #СМОТРЕТЬ$) = -70.14807870759412
correctionProbability (#КАПТИТЬ$ -> #КОПТИТЬ$) = -18.64840735743536
correctionProbability (#СМЕШЕННЫЕ$ -> #СМЕШАННЫЕ$) = -18.234333297820378
correctionProbability (#МІКРОФЛОРУ$ -> #МИКРОФЛОРУ$) = -23.222491823324177
correctionProbability (#БЛАГОТОВРИТЕЛЬНОСТЬ$ -> #БЛАГОТВОРИТЕЛЬНОСТЬ$) = -98.83844291608114
correctionProbability (#МАСТЕРСКА$ -> #МАСТЕРСКАЯ$) = -17.48711985824758
correctionProbability (#РИГУЛЯТОР$ -> #РЕГУЛЯТОР$) = -15.92010339212976
correctionProbability (#ГОДОВШИНА$ -> #ГОДОВЩИНА$) = -17.658645804505234
correctionProbability (#ПРЕМАЯ$ -> #ПРЯМАЯ$) = -9.547543845069267
correctionProbability (#ЮТТУ$ -> #ЮТУБ$) = -68.02750836881505
correctionProbability (#ЗАПОРОЖСКОЦ$ -> #ЗАПОРОЖСКОЙ$) = -21.63945070238531
correctionProbability (#ШКОЛЬНИТС$ -> #ШКОЛЬНИЦ$) = -83.14915734622384
correctionProbability (#ПУЗЫРКОВЫЕ$ -> #ПУЗЫРЬКОВЫЕ$) = -27.42238891722674
correctionProbability (#КОЛЕСПХ$ -> #КОЛЕСАХ$) = -13.963651749659697
correctionProbability (#АОГДА$ -> #КОГДА$) = -5.803640330803482
correctionProbability (#ДЕИНСТАЛЯТОР$ -> #ДЕИНСТАЛЛЯТОР$) = -30.423232371903097
correctionProbability (#ХРАС$ -> #ХРАМ$) = -9.605869406144532
correctionProbability (#ИАСЛА$ -> #МАСЛА$) = -9.305948652628938
correctionProbability (#ГИРОЙ$ -> #ГЕРОЙ$) = -9.581272117091931
correctionProbability (#ДЕСТВЕНЕЦ$ -> #ДЕВСТВЕННИЦ$) = -153.33448827973248
correctionProbability (#ЭЛЕКТРОНИЙ$ -> #ЭЛЕКТРОННЫЙ$) = -77.4822473136519
correctionProbability (#ГИРОИ$ -> #ГЕРОИ$) = -9.182570349096476
correctionProbability (#КЕРОТИН$ -> #КЕРАТИН$) = -18.27059323879613
correctionProbability (#РАССПИСКИ$ -> #РАСПИСКИ$) = -22.02849821861996
correctionProbability (#СЕНТЕТИЧЕСКИЕ$ -> #СИНТЕТИЧЕСКИЕ$) = -25.85167463150397
correctionProbability (#ПРОТВЕРИТЬ$ -> #ПРОВЕРИТЬ$) = -13.074005867904184
correctionProbability (#РЕШАЛО$ -> #РЕШАЛА$) = -14.377061599799188
correctionProbability (#SAMSUNS$ -> #SAMSUNG$) = -9.908721151322482
correctionProbability (#ДЕБРОВ$ -> #ДИБРОВ$) = -18.74617856196689
correctionProbability (#EFIMERIDES$ -> #EFEMERIDES$) = -36.029657846412235
correctionProbability (#ГОРОДВ$ -> #ГОРОДА$) = -7.570325467727471
correctionProbability (#СИМСОНИ$ -> #СИМПСОНЫ$) = -80.07574533836612
correctionProbability (#ИОГУ$ -> #МОГУ$) = -9.633949582538722
correctionProbability (#ТОРРЕНИ$ -> #ТОРРЕНТ$) = -7.535414960675574
correctionProbability (#КРІСТІ$ -> #КРИСТИ$) = -77.58690613531917
correctionProbability (#MACCAULEY$ -> #MACAULAY$) = -95.81696610684241
correctionProbability (#ПОНОДЫ$ -> #ПОГОДЫ$) = -8.60301269552917
correctionProbability (#ИМБЛЕМА$ -> #ЭМБЛЕМА$) = -11.79102267128551
correctionProbability (#НЕОСТОМОЗАН$ -> #НЕОСТОМАЗАН$) = -27.658265487888002
correctionProbability (#ОДЕЛЬ$ -> #МОДЕЛЬ$) = -10.455629310917029
correctionProbability (#ПОЛГРАММА$ -> #ПРОГРАММА$) = -76.44185335670856
correctionProbability (#ВИЙНА$ -> #ВІЙНА$) = -17.008460436941643
correctionProbability (#АНЕНСКОГО$ -> #АННЕНСКОГО$) = -27.29532927176634
correctionProbability (#КАНЦЕ$ -> #КОНЦЕ$) = -12.03842890028756
correctionProbability (#ПЕРСІ$ -> #ПЕРСИ$) = -14.674965175426738
correctionProbability (#ЗАКОЕ$ -> #ЗАКОН$) = -8.011874836958775
correctionProbability (#CHROOM$ -> #CHROME$) = -79.04583881580248
correctionProbability (#КИНТАНОВО$ -> #КИСТАНОВА$) = -93.87472857229145
correctionProbability (#ЕПІЛЯТОР$ -> #ЭПИЛЯТОР$) = -85.03459886741277
correctionProbability (#ИЛЬМВ$ -> #ФИЛЬМЫ$) = -68.91080096143149
correctionProbability (#БЛАТШОТ$ -> #БЛАДШОТ$) = -20.560957088099187
correctionProbability (#ГРАНТО$ -> #ГРАНТА$) = -11.725837412793265
correctionProbability (#ЮТОП$ -> #ЮТУБ$) = -64.93555103990506
correctionProbability (#МАЙЫЛ$ -> #МАЙЛ$) = -6.198876011219916
correctionProbability (#ВАРФЫЕЙС$ -> #ВАРФЕЙС$) = -12.952117407110372
correctionProbability (#ОДНКЛАСНИКИ$ -> #ОДНОКЛАССНИКИ$) = -77.09337075476323
correctionProbability (#УБИЦА$ -> #УБИЙЦА$) = -13.26586589486011
correctionProbability (#КОТОРІЙ$ -> #КОТОРЫЙ$) = -10.91725245973641
correctionProbability (#РУХОВИТЬ$ -> #УХОДИТЬ$) = -86.76647113035634
correctionProbability (#НАСТОКА$ -> #НАСТОЙКА$) = -14.734536413377889
correctionProbability (#АЛЮМИНЕВАЯ$ -> #АЛЮМИНИЕВАЯ$) = -19.593735445437254
correctionProbability (#ДИСКОВЕРИ$ -> #ДИСКАВЕРИ$) = -15.215532605239268
correctionProbability (#ТАЛСТУШКА$ -> #ТОЛСТУШКА$) = -19.02846452609529
correctionProbability (#АЛИЗИ$ -> #АЛИЗЕ$) = -12.555921459728683
correctionProbability (#ГОДОВШИНУ$ -> #ГОДОВЩИНУ$) = -18.244524761290542
correctionProbability (#КООРДИНАТОВ$ -> #КООРДИНАТ$) = -87.93876937243158
correctionProbability (#ВОРЯГ$ -> #ВАРЯГ$) = -15.924887966590259
correctionProbability (#ГИДРАТАЦИ$ -> #ГИДРАТАЦИИ$) = -28.00576213096369
correctionProbability (#ГОРОЗИЕЙ$ -> #КОРРОЗИЕЙ$) = -92.23684231071199
correctionProbability (#УРГУРС$ -> #УРГУПС$) = -19.881313929432277
correctionProbability (#ГУЛЬЖАНАР$ -> #ГУЛЖАНАР$) = -36.32112430203229
correctionProbability (#ФЭЙК$ -> #ФЕЙК$) = -14.046985074867617
correctionProbability (#ИНФОРМАЦИОНАЯ$ -> #ИНФОРМАЦИОННАЯ$) = -22.719183597099175
correctionProbability (#РАССТОЯРИЕ$ -> #РАССТОЯНИЕ$) = -12.6129624579591
correctionProbability (#ФЭЙМ$ -> #ФЕЙМ$) = -20.97540915528018
correctionProbability (#ЯИЦАМИ$ -> #ЯЙЦАМИ$) = -16.18374356372883
correctionProbability (#РЕФРЕЖЕРАТОР$ -> #РЕФРИЖЕРАТОР$) = -23.552167080768093
correctionProbability (#АЛЕКСНДРОВСК$ -> #АЛЕКСАНДРОВСК$) = -25.941189415156984
correctionProbability (#НАИСАТЬ$ -> #НАПИСАТЬ$) = -12.070582823813986
correctionProbability (#РОСНЕФТ$ -> #РОСНЕФТЬ$) = -16.36971814386444
correctionProbability (#DANFOS$ -> #DANFOSS$) = -19.452900898632052
correctionProbability (#МУЛЬДИК$ -> #МУЛЬТИК$) = -6.842975163587241
correctionProbability (#МЕНИЕ$ -> #МЕНЕЕ$) = -13.303962893806624
correctionProbability (#РОЗГОВОРА$ -> #РАЗГОВОРА$) = -19.118938575506697
correctionProbability (#ВИЙНУ$ -> #ВІЙНУ$) = -19.221712235061016
correctionProbability (#РАБИО$ -> #РАДИО$) = -5.1159373748319865
correctionProbability (#МЕГФОН$ -> #МЕГАФОН$) = -9.755726305496225
correctionProbability (#НАПОЛЕОНОВСЬКІ$ -> #НАПОЛЕОНІВСЬКІ$) = -39.80250493853299
correctionProbability (#МИТРИЙ$ -> #ДМИТРИЙ$) = -10.548104881116913
correctionProbability (#УНДЕЛИК$ -> #КҮНДЕЛІК$) = -139.46832600966414
correctionProbability (#СМОТРЕДЬ$ -> #СМОТРЕТЬ$) = -2.3907080269550587
correctionProbability (#БВНК$ -> #БАНК$) = -4.289037831275465
correctionProbability (#КАТАЛІЗАТОР$ -> #КАТАЛИЗАТОР$) = -20.291993130669482
correctionProbability (#УБИЦУ$ -> #УБИЙЦУ$) = -17.10589051048498
correctionProbability (#ЧИСКЕЙК$ -> #ЧИЗКЕЙК$) = -16.286277177546182
correctionProbability (#ОБНАВИТ$ -> #ОБНОВИТЬ$) = -78.43676130091524
correctionProbability (#КВАЛИФМКАЦИОННЫЙ$ -> #КВАЛИФИКАЦИОННЫЙ$) = -25.89327715091222
correctionProbability (#СОЦЫАЛЬНАЯ$ -> #СОЦИАЛЬНАЯ$) = -13.381338244309127
correctionProbability (#ГОСПОШЛИН$ -> #ГОСПОШЛИНЫ$) = -19.356401819606305
correctionProbability (#ЗАРЕГЕСТРИРОВАННЫЕ$ -> #ЗАРЕГИСТРИРОВАННЫЕ$) = -32.78380322769512
correctionProbability (#ЯНДНКС$ -> #ЯНДЕКС$) = -2.2616964852217833
correctionProbability (#ЦИКЛОГРАМА$ -> #ЦИКЛОГРАММА$) = -22.085533003380917
correctionProbability (#БИЛЯРД$ -> #БИЛЬЯРД$) = -13.777108334115702
correctionProbability (#НАЧАЛТНИК$ -> #НАЧАЛЬНИК$) = -14.572175998082649
correctionProbability (#ИДЕВСКЕ$ -> #ИЖЕВСКЕ$) = -13.462952180740245
correctionProbability (#СИЗОНВАР$ -> #СЕЗОНВАР$) = -18.631504228440974
correctionProbability (#ШАКАРДАН$ -> #ШАХАРДАН$) = -20.692521455783975
correctionProbability (#УРОПОТЕН$ -> #ПРОПРОТЕН$) = -89.39020904943762
correctionProbability (#TUCH$ -> #TOUCH$) = -13.443328692621773
correctionProbability (#ТАБАКС$ -> #ТАБЕКС$) = -18.181075907268177
correctionProbability (#MODER$ -> #MODERN$) = -13.223651585952009
correctionProbability (#ЛЯЛИЧКА$ -> #ЛЯЛЕЧКА$) = -16.350688804972954
correctionProbability (#ПАДАГРА$ -> #ПОДАГРА$) = -16.293315096339796
correctionProbability (#НАЛЕКС$ -> #АЛЕКС$) = -13.617478868625081
correctionProbability (#КОНПЕНСАЦИИ$ -> #КОМПЕНСАЦИИ$) = -18.76718668537506
correctionProbability (#ПОЛИЛИНИКА$ -> #ПОЛИКЛИНИКА$) = -14.034173052094815
correctionProbability (#ДВИГОТЕЛЯ$ -> #ДВИГАТЕЛЯ$) = -12.278367720269955
correctionProbability (#PACHER$ -> #PATCHER$) = -18.687098399747356
correctionProbability (#КТЕГОРИИ$ -> #КАТЕГОРИИ$) = -15.162892719739212
correctionProbability (#ЛМАРТ$ -> #ЮЛМАРТ$) = -13.116294435955478
correctionProbability (#ПЕСПЕКТИВА$ -> #ПЕРСПЕКТИВА$) = -18.539841091450214
correctionProbability (#ВОСАП$ -> #ВАТСАП$) = -73.82039995229265
correctionProbability (#КАЛИНИЕГРАДЕ$ -> #КАЛИНИНГРАДЕ$) = -16.083183551724282
correctionProbability (#ПЕРРА$ -> #ПЕРРО$) = -17.295124056183557
correctionProbability (#ВАЛБТ$ -> #ВАЛЮТ$) = -7.945294522484783
correctionProbability (#КАНЦА$ -> #КОНЦА$) = -13.038835889768269
correctionProbability (#БАДЕТ$ -> #БУДЕТ$) = -7.746691430710438
correctionProbability (#АНДРУЩЕНКО$ -> #АНДРЮЩЕНКО$) = -24.99403746688472
correctionProbability (#ЛЕДИНЕЦ$ -> #ЛЕДЕНЕЦ$) = -19.057370540820067
correctionProbability (#МУЗЧИНА$ -> #МУЖЧИНА$) = -10.374130342103001
correctionProbability (#ДВИГОТЕЛЬ$ -> #ДВИГАТЕЛЬ$) = -12.322577468471088
correctionProbability (#ОШБКА$ -> #ОШИБКА$) = -11.035719780905236
correctionProbability (#ВИДИОДРАЙВЕР$ -> #ВИДЕОДРАЙВЕР$) = -24.01167679477785
correctionProbability (#ОСОВЕЦКА$ -> #ОСОВЕЦКАЯ$) = -35.33749866403224
correctionProbability (#ДЕСТВЕНИЦ$ -> #ДЕВСТВЕННИЦ$) = -88.48698821963616
correctionProbability (#БАРНАУД$ -> #БАРНАУЛ$) = -10.033367287538624
correctionProbability (#НАЧЕЛЕНИЯ$ -> #НАСЕЛЕНИЯ$) = -12.570645030135303
correctionProbability (#ТЕТРЕ$ -> #ТЕАТРЕ$) = -14.5675000851916
correctionProbability (#ОДНАКЛАСНПКИ$ -> #ОДНОКЛАССНИКИ$) = -141.23315104853788
correctionProbability (#КЕАК$ -> #КАК$) = -1.5959238209411986
correctionProbability (#АДМИНСТРАЦИИ$ -> #АДМИНИСТРАЦИИ$) = -18.52915709515051
correctionProbability (#МУЛЬТИМЕДИИ$ -> #МУЛЬТИМЕДИА$) = -21.835193858057366
correctionProbability (#САМРСУНГ$ -> #САМСУНГ$) = -11.961484064956522
correctionProbability (#СЕЗХОН$ -> #СЕЗОН$) = -4.732406766112309
correctionProbability (#СУПЕРЖОБ$ -> #СУПЕРДЖОБ$) = -15.966126571674245
correctionProbability (#1ХВЕТ$ -> #1ХБЕТ$) = -11.977900279414019
correctionProbability (#СХИМЫ$ -> #СХЕМЫ$) = -7.665436171213901
correctionProbability (#АЛЛЕЭКСПРЕСС$ -> #АЛИЭКСПРЕСС$) = -78.67008090425801
correctionProbability (#ПОНОДА$ -> #ПОГОДА$) = -1.167746876322152
correctionProbability (#МЕДЕЦИНСКОГО$ -> #МЕДИЦИНСКОГО$) = -18.405238704486116
correctionProbability (#СЕКРЕТНЫ$ -> #СЕКРЕТНЫЙ$) = -16.884249745612046
correctionProbability (#ЛАРЕНГИТЕ$ -> #ЛАРИНГИТЕ$) = -22.66383753943947
correctionProbability (#ПАКАЗАТЬ$ -> #ПОКАЗАТЬ$) = -11.786787134885259
correctionProbability (#ЧАТСКОГО$ -> #ЧАЦКОГО$) = -83.96620532903162
correctionProbability (#SCHWARTZKOPFT$ -> #SCHWARZKOPF$) = -94.5068915499545
correctionProbability (#КУКУТИК$ -> #КУКУТИКИ$) = -13.019739464011728
correctionProbability (#GARSIA$ -> #GARCIA$) = -19.194826764465706
correctionProbability (#ОПРЕДИЛЕНИЕ$ -> #ОПРЕДЕЛЕНИЕ$) = -15.334673239758402
correctionProbability (#ОДЕКС$ -> #КОДЕКС$) = -10.932843877403226
correctionProbability (#АРГОНИЗМ$ -> #ОРГАНИЗМ$) = -79.8582268927096
correctionProbability (#FACHION$ -> #FASHION$) = -15.704356974688153
correctionProbability (#ОФТОЛЬМОЛОГИЧЕСКИЙ$ -> #ОФТАЛЬМОЛОГИЧЕСКИЙ$) = -30.37487685977419
correctionProbability (#УЧАВСТВУЮТ$ -> #УЧАСТВУЮТ$) = -23.625068763263762
correctionProbability (#SHAXLO$ -> #SHAHLO$) = -22.168512769849215
correctionProbability (#ФЫИЛЬМЫ$ -> #ФИЛЬМЫ$) = -6.127520909871123
correctionProbability (#НУРИДИН$ -> #НУРИДДИН$) = -23.59293308583807
correctionProbability (#СРАПОН$ -> #СТРАПОН$) = -14.73227663904872
correctionProbability (#ПОПОВИЧЬ$ -> #ПОПОВИЧ$) = -17.499575456983003
correctionProbability (#МАЭНКРАФТ$ -> #МАЙНКРАФТ$) = -7.943649350544142
correctionProbability (#УЩЕЛ$ -> #УШЕЛ$) = -13.290796834253516
correctionProbability (#ЕХСЕЛЬ$ -> #ЭКСЕЛЬ$) = -78.02435055419376
correctionProbability (#ЖАНКИШИЕВА$ -> #ХАНКИШИЕВА$) = -21.72032821322513
correctionProbability (#ДЖИСУС$ -> #ДЖИЗУС$) = -17.22721236648636
correctionProbability (#МУЛЬТИМЕДИЯ$ -> #МУЛЬТИМЕДИА$) = -21.833713526337213
correctionProbability (#АДОБИ$ -> #АДОБЕ$) = -14.447737246270524
correctionProbability (#МАРШУРТ$ -> #МАРШРУТ$) = -78.70931952170021
correctionProbability (#ПАЛОДАР$ -> #ПАВЛОДАР$) = -14.081303608030403
correctionProbability (#ТЁША$ -> #ТЕЩА$) = -78.35265302135005
correctionProbability (#ДОКЛАТ$ -> #ДОКЛАД$) = -10.574195172629064
correctionProbability (#КУНДЛИК$ -> #КҮНДЕЛІК$) = -139.43579843102475
correctionProbability (#РБОЛОКС$ -> #РОБЛОКС$) = -75.17340507766617
correctionProbability (#EASYBSD$ -> #EASYBCD$) = -22.5080026234467
correctionProbability (#КДЮЧ$ -> #КЛЮЧ$) = -6.602969150665718
correctionProbability (#ЦЫЛИНДР$ -> #ЦИЛИНДР$) = -15.064336357954872
correctionProbability (#БЕСПЛПЬНО$ -> #БЕСПЛАТНО$) = -69.52732302756935
correctionProbability (#АЛЭКСПРЕС$ -> #АЛИЭКСПРЕСС$) = -77.24232696644702
correctionProbability (#ІГОРЕВІ$ -> #ІГОРЕВІМ$) = -21.887359942176765
correctionProbability (#САМАРКАН$ -> #САМАРКАНД$) = -18.996338099108208
correctionProbability (#ФАМИРАНА$ -> #ФОАМИРАНА$) = -16.39957260457693
correctionProbability (#ДОКЛАЖ$ -> #ДОКЛАД$) = -10.578092687487075
correctionProbability (#ФИЛМОРА$ -> #ФИЛЛМОРА$) = -25.3854257732607
correctionProbability (#ВЫЙГРЫШНЫЕ$ -> #ВЫИГРЫШНЫЕ$) = -24.779935192219135
correctionProbability (#ОТДАТБ$ -> #ОТДАТЬ$) = -15.143911974170468
correctionProbability (#ДАКУМЕНТЫ$ -> #ДОКУМЕНТЫ$) = -12.416990311466769
correctionProbability (#РОББИН$ -> #РОБИН$) = -15.07297401253263
correctionProbability (#СТРОИТЕЛЬСВА$ -> #СТРОИТЕЛЬСТВА$) = -18.89011151973756
correctionProbability (#ШКОЛЬНЫ$ -> #ШКОЛЬНЫЙ$) = -11.368767254001774
correctionProbability (#АЛЕРГИКОВ$ -> #АЛЛЕРГИКОВ$) = -25.957277269963733
correctionProbability (#ВЕРСТЯ$ -> #ВЕРСИЯ$) = -8.504849652708788
correctionProbability (#СМОТРЕЕТ$ -> #СМОТРЕТЬ$) = -70.15208433731239
correctionProbability (#ЭНЕРГМАШ$ -> #ЭНЕРГОМАШ$) = -22.06321473140833
correctionProbability (#LEDY$ -> #LADY$) = -11.818326069515198
correctionProbability (#ПОРТЕРЕТ$ -> #ПОРТРЕТ$) = -13.901373941055141
correctionProbability (#ЛИСБЯНКИ$ -> #ЛЕСБИЯНКИ$) = -79.32152461744427
correctionProbability (#ХИЛСОНГ$ -> #ХИЛЛСОНГ$) = -24.661318557144313
correctionProbability (#ЩЕРБИНКСКИЙ$ -> #ЩЕРБИНСКИЙ$) = -25.900056460580522
correctionProbability (#ХЕРСОНИМ$ -> #ХЕРСОНЕС$) = -85.5071122325232
correctionProbability (#ПРИШОЛ$ -> #ПРИШЕЛ$) = -14.250899338313861
correctionProbability (#АЙДЖАС$ -> #АЙДЖАСТ$) = -21.810678824875467
correctionProbability (#КОРТОФЕЛЕМ$ -> #КАРТОФЕЛЕМ$) = -19.38621487739659
correctionProbability (#ПРОИЗВОДСТВЕНОГО$ -> #ПРОИЗВОДСТВЕННОГО$) = -26.07024235031757
correctionProbability (#КРАСНОЖЕН$ -> #КРАСНОЖОН$) = -24.06079225506525
correctionProbability (#ЭЛДОРАДО$ -> #ЭЛЬДОРАДО$) = -12.627212971307408
correctionProbability (#ДВУХСТОРОНИЕ$ -> #ДВУХСТОРОННИЕ$) = -25.625090102781925
correctionProbability (#ДЖЕСНЕРА$ -> #ДЖЕССНЕРА$) = -22.415435447275676
correctionProbability (#XHAMSTEL$ -> #XHAMSTER$) = -14.577987263520974
correctionProbability (#GUINET$ -> #GUINOT$) = -23.920546946685675
correctionProbability (#ТЫЁРКА$ -> #ТЁРКА$) = -22.96899862818489
correctionProbability (#МОСОБЛИРЦ$ -> #МОСОБЛЕИРЦ$) = -17.484903053640515
correctionProbability (#АГРЕСОР$ -> #АГРЕССОР$) = -22.6559930421391
correctionProbability (#ГОРОАД$ -> #ГОРОДА$) = -75.4036376327039
correctionProbability (#ЕФЕКТИВНОСТЬ$ -> #ЭФФЕКТИВНОСТЬ$) = -87.68187727894754
correctionProbability (#KRAZY$ -> #CRAZY$) = -12.612980872771505
correctionProbability (#МИЛЬТИКИ$ -> #МУЛЬТИКИ$) = -6.806418492518496
correctionProbability (#КАВКАЗКИЙ$ -> #КАВКАЗСКИЙ$) = -19.27847243836225
correctionProbability (#ГВИНО$ -> #ВИНО$) = -11.453397352844267
correctionProbability (#SOZH$ -> #SOSH$) = -20.782494420432553
correctionProbability (#ЖЕФА$ -> #ДЖЕФФА$) = -84.38509797477792
correctionProbability (#ДОИАШНИХ$ -> #ДОМАШНИХ$) = -8.360143157271864
correctionProbability (#ЧЕРКАСОАА$ -> #ЧЕРКАСОВА$) = -12.202067214033384
correctionProbability (#СТЕКЛОПОДЕМНИКА$ -> #СТЕКЛОПОДЪЕМНИКА$) = -28.158865697085183
correctionProbability (#СУГРГУТНЕФТЕГАЗА$ -> #СУРГУТНЕФТЕГАЗА$) = -31.25393327608016
correctionProbability (#ПАНВУ$ -> #ПОЧВУ$) = -81.10597879984655
correctionProbability (#ОБЕМНЫЕ$ -> #ОБЪЕМНЫЕ$) = -15.900696174943377
correctionProbability (#ЧЕРНАЧ$ -> #ЧЕРНАЯ$) = -9.76915947130215
correctionProbability (#CROSAUT$ -> #CROSSOUT$) = -82.05766547151265
correctionProbability (#ТРИДЦЯТЬ$ -> #ТРИДЦАТЬ$) = -18.54132207810288
correctionProbability (#ADONE$ -> #ADOBE$) = -11.007576851561009
correctionProbability (#П1ЧТА$ -> #ПОЧТА$) = -3.9323915951940016
correctionProbability (#ФОРКСФОРД$ -> #ФОКСФОРД$) = -19.076491519795503
correctionProbability (#KUSBASS$ -> #KUZBASS$) = -27.583519565935347
correctionProbability (#ДЕЛИГИРОВАНИЯ$ -> #ДЕЛЕГИРОВАНИЯ$) = -30.710231799194936
correctionProbability (#ПЕРОК$ -> #ПИРОГ$) = -73.60942525688137
correctionProbability (#КИФИРОМ$ -> #КЕФИРОМ$) = -18.296073151565096
correctionProbability (#ПЕРЕМЕШЕНИЮ$ -> #ПЕРЕМЕЩЕНИЮ$) = -26.56786445331926
correctionProbability (#ПЕТЕРБУРГСКЫ$ -> #ПЕТЕРБУРГСКИЙ$) = -88.13516146137718
correctionProbability (#СНИДЕРЛАНОВ$ -> #НИДЕРЛАНДОВ$) = -90.47601400080995
correctionProbability (#ПАНТАГАМ$ -> #ПАНТОГАМ$) = -17.764859520359153
correctionProbability (#ПИЖО$ -> #ПЕЖО$) = -10.373073524176004
correctionProbability (#РОЙАЛЬ$ -> #РОЯЛЬ$) = -79.60522452601855
correctionProbability (#INDISKIY$ -> #INDIYSKIY$) = -26.226236818278593
correctionProbability (#AUTERITATEA$ -> #AUTORITATEA$) = -29.37401937676382
correctionProbability (#СЕЛИКАТНЫЙ$ -> #СИЛИКАТНЫЙ$) = -22.09661212964719
correctionProbability (#ДОИАШНИЙ$ -> #ДОМАШНИЙ$) = -11.13141578465013
correctionProbability (#ОБЗАЦА$ -> #АБЗАЦА$) = -20.587595181826845
correctionProbability (#ПОТОВОЕ$ -> #ПОЧТОВОЕ$) = -16.148641797246746
correctionProbability (#ГРЕЛОЧКА$ -> #ГРЕЛКА$) = -86.51796682221031
correctionProbability (#БЕЗПРОВОДНОЙ$ -> #БЕСПРОВОДНОЙ$) = -19.551211630209473
correctionProbability (#ПЕРОГ$ -> #ПИРОГ$) = -8.859989439643986
correctionProbability (#ПОЦЕПИТЬ$ -> #ПОДЦЕПИТЬ$) = -23.63852302960359
correctionProbability (#ШЕВРАЛЕ$ -> #ШЕВРОЛЕ$) = -11.122279111516782
correctionProbability (#ВОССТАНОВТЬ$ -> #ВОССТАНОВИТЬ$) = -17.077646357301383
correctionProbability (#СТЕЛАРИС$ -> #СТЕЛЛАРИС$) = -24.312306069236513
correctionProbability (#СПАСАТИЛИ$ -> #СПАСАТЕЛИ$) = -15.925639269604282
correctionProbability (#ПЕРОД$ -> #ПЕРИОД$) = -10.715576023541974
correctionProbability (#ОКТАВІА$ -> #ОКТАВИЯ$) = -78.64972712787898
correctionProbability (#ШИЫ$ -> #ШИНЫ$) = -7.833922320153736
correctionProbability (#ЕВРОПАЛЛЕТУ$ -> #ЕВРОПАЛЛЕТЫ$) = -29.449900553296274
correctionProbability (#HUKUMRON$ -> #HUKUMRAN$) = -34.08196996227008
correctionProbability (#ПУССКАЯ$ -> #РУССКАЯ$) = -8.526828045991024
correctionProbability (#ПЕРЕКЛАЛАЧ$ -> #ПЕРЕКЛАДАЧ$) = -16.610821565454515
correctionProbability (#ОФОРИТЬ$ -> #ОФОРМИТЬ$) = -11.931848363457476
correctionProbability (#КАССЕЛЬС$ -> #КАССЕЛЬ$) = -21.744488061292024
correctionProbability (#РЕАБИИТАЦИЯ$ -> #РЕАБИЛИТАЦИЯ$) = -19.83515155468279
correctionProbability (#ЛИТЫЙ$ -> #ЛИТЫЕ$) = -14.176954357796053
correctionProbability (#ЧЕЛОВКУ$ -> #ЧЕЛОВЕКУ$) = -15.387687619987396
correctionProbability (#PAYMANAGER$ -> #PAYMANAGIR$) = -29.595565607175757
correctionProbability (#БИХЗНЕСА$ -> #БИЗНЕСА$) = -13.659394290493076
correctionProbability (#МАЕСТРО$ -> #МАЭСТРО$) = -16.97190333168389
correctionProbability (#РОЛШТОРЫ$ -> #РОЛЬШТОРЫ$) = -22.8898540631289
correctionProbability (#BAIXA$ -> #BAIXAR$) = -17.701539328595604
correctionProbability (#НАГРЕВАЕТЬСЯ$ -> #НАГРЕВАЕТСЯ$) = -25.15171235260963
correctionProbability (#ГИПАТИТ$ -> #ГЕПАТИТ$) = -14.224290665651601
correctionProbability (#ИОАН$ -> #ИОАНН$) = -15.881289032115635
correctionProbability (#ИНУАТ$ -> #ИНТУИТ$) = -85.18068787488637
correctionProbability (#ДОЛОРОВ$ -> #ДОЛЛАРОВ$) = -79.17920964484827
correctionProbability (#ПРИТИВОПОСТАВИТЬ$ -> #ПРОТИВОПОСТАВИТЬ$) = -35.25328107969486
correctionProbability (#МАСИМО$ -> #МАССИМО$) = -16.37022072335504
correctionProbability (#ХАПАРЬ$ -> #ШАПАРЬ$) = -23.55310218691885
correctionProbability (#КАРАГНАДА$ -> #КАРАГАНДА$) = -81.47148620182854
correctionProbability (#МОДУДЬНУЮ$ -> #МОДУЛЬНУЮ$) = -21.96030679639898
correctionProbability (#УБЕРАЕТ$ -> #УБИРАЕТ$) = -19.205790128568516
correctionProbability (#АГАСТАСИЯ$ -> #АНАСТАСИЯ$) = -11.203112208665985
correctionProbability (#ПРЕСБРО$ -> #ПРЕССБЮРО$) = -100.67645331405254
correctionProbability (#АЛТАЙСКИ$ -> #АЛТАЙСКИЙ$) = -14.593540825095197
correctionProbability (#ЕЛЕМЕНТ$ -> #ЭЛЕМЕНТ$) = -13.079408247550063
correctionProbability (#ЦЫСТИТА$ -> #ЦИСТИТА$) = -16.605198514093274
correctionProbability (#ИТИЛИЯ$ -> #ИТАЛИЯ$) = -10.811377215232792
correctionProbability (#РАСРИСАНИЕ$ -> #РАСПИСАНИЕ$) = -9.634985641621782
correctionProbability (#САДЛИНСКИЙ$ -> #САЛДИНСКИЙ$) = -103.57254358716482
correctionProbability (#МАЙКАП$ -> #МАЙКОП$) = -13.767023146239556
correctionProbability (#ПАРАЛЕЛЯМИ$ -> #ПАРАЛЛЕЛЯМИ$) = -27.17263112305094
correctionProbability (#RUCODELIA$ -> #RUKODELIYA$) = -101.37634564283897
correctionProbability (#ГОСРЕСТР$ -> #ГОСРЕЕСТР$) = -18.99822944111748
correctionProbability (#МАМЕНКИН$ -> #МАМЕНЬКИН$) = -18.582172735684985
correctionProbability (#ХЕЛЬСЕНКИ$ -> #ХЕЛЬСИНКИ$) = -17.46133697781182
correctionProbability (#НОВОСИБИРМК$ -> #НОВОСИБИРСК$) = -12.405918431013127
correctionProbability (#СЕРДЦЕЕТКА$ -> #СЕРДЦЕЕДКА$) = -16.24678195977014
correctionProbability (#ЦЕРРОЗА$ -> #ЦИРРОЗА$) = -19.699302829413774
correctionProbability (#СКАЧЯАТЬ$ -> #СКАЧАТЬ$) = -5.037267588117038
correctionProbability (#JAPANEZE$ -> #JAPANESE$) = -16.20849219141718
correctionProbability (#НАДКРОВАТНЫЕ$ -> #ПРИКРОВАТНЫЕ$) = -152.8083387718118
correctionProbability (#КОШЕЛК$ -> #КОШЕЛЕК$) = -11.422901406420713
correctionProbability (#МОСТОТРЯДЕ$ -> #МОСТООТРЯДЕ$) = -37.30298907603991
correctionProbability (#ШАЛОНЫ$ -> #ШАБЛОНЫ$) = -10.032180505694875
correctionProbability (#ПИЕР$ -> #ПИТЕР$) = -10.714281800996705
correctionProbability (#НОВОТЭК$ -> #НОВАТЭК$) = -16.565684067411198
correctionProbability (#ЛАСИНАХ$ -> #ЛОСИНАХ$) = -16.581522971894344
correctionProbability (#УПРАЖДЕНИЯ$ -> #УПРАЖНЕНИЯ$) = -13.091841719189347
correctionProbability (#ПЕРНИ$ -> #ПЕСНИ$) = -3.2894387607585323
correctionProbability (#УБИЦЫ$ -> #УБИЙЦЫ$) = -14.035210681224466
correctionProbability (#ЦЕРРОЗЕ$ -> #ЦИРРОЗЕ$) = -19.68189560325994
correctionProbability (#KÄRCHER$ -> #KARCHER$) = -18.26707858413571
correctionProbability (#ВТЛРОЕ$ -> #ВТОРОЕ$) = -12.664624621447675
correctionProbability (#SILICOM$ -> #SILICON$) = -12.291243634527547
correctionProbability (#ФИЛТРЫ$ -> #ФИЛЬТРЫ$) = -13.840178096814398
correctionProbability (#ФИНЕСОМ$ -> #ФЮНЕСОМ$) = -20.53590181307642
correctionProbability (#ЖИТКИЙ$ -> #ЖИДКИЙ$) = -12.711254112683232
correctionProbability (#РАСТРЕЛА$ -> #РАССТРЕЛА$) = -22.819409941622062
correctionProbability (#НОСЕРУ$ -> #НОМЕРУ$) = -9.261365192224144
correctionProbability (#ПУХАВИЧИ$ -> #ПУХОВИЧИ$) = -23.396810704234298
correctionProbability (#ОТСЛЕЖИВАИЕ$ -> #ОТСЛЕЖИВАНИЕ$) = -13.71417335788174
correctionProbability (#ИГРАКОВ$ -> #ИГРОКОВ$) = -15.188229564990536
correctionProbability (#СТСТЕМА$ -> #СИСТЕМА$) = -8.953944974032908
correctionProbability (#АПТО$ -> #АВТО$) = -3.9627722022119336
correctionProbability (#СПОЯТЬ$ -> #СПАЯТЬ$) = -19.6868325597996
correctionProbability (#ВЕРТУС$ -> #ВИРТУС$) = -19.558584033478073
correctionProbability (#АГДРОИД$ -> #АНДРОИД$) = -9.141463236915328
correctionProbability (#LIVSCORE$ -> #LIVESCORE$) = -15.080965757165679
correctionProbability (#ЛОМАШНЕЕ$ -> #ДОМАШНЕЕ$) = -10.542988113539657
correctionProbability (#УСЕРЛА$ -> #УМЕРЛА$) = -12.79136716488576
correctionProbability (#ONLYN$ -> #ONLINE$) = -73.547178560637
correctionProbability (#КОШЕЛЕ$ -> #КОШЕЛЕК$) = -11.41762293910702
correctionProbability (#ПАМЯТ$ -> #ПАМЯТЬ$) = -11.991061523558951
correctionProbability (#ПОГРЕБЕНЫЙ$ -> #ПОГРЕБЕННЫЙ$) = -24.33573338920086
correctionProbability (#МЫСТО$ -> #МІСТО$) = -15.454713420681177
correctionProbability (#ЧАССТЬ$ -> #ЧАСТЬ$) = -8.846118533844578
correctionProbability (#ЧЕТВЕРТА$ -> #ЧЕТВЕРТАЯ$) = -20.10885661755377
correctionProbability (#ОРДЖЕНЕКИДЗЕ$ -> #ОРДЖОНИКИДЗЕ$) = -86.36021467272533
correctionProbability (#SKOLIKO$ -> #SKOLKO$) = -22.07464706872932
correctionProbability (#РАСТРЕЛЕ$ -> #РАССТРЕЛЕ$) = -25.35438262525053
correctionProbability (#ИМУНИТЕТА$ -> #ИММУНИТЕТА$) = -19.98736017554237
correctionProbability (#MODILE$ -> #MOBILE$) = -11.584934995561522
correctionProbability (#БРАНЮ$ -> #БРОНЮ$) = -16.554514322254615
correctionProbability (#КРОСДРЕССЕР$ -> #КРОССДРЕССЕР$) = -24.41259347076481
correctionProbability (#ALCATUESTE$ -> #ALCATUIESTE$) = -30.53086246838094
correctionProbability (#ЛЕТУПЛЬ$ -> #ЛЕТУАЛЬ$) = -11.904609061030499
correctionProbability (#СКАИПЕ$ -> #СКАЙПЕ$) = -15.381463157930991
correctionProbability (#ФРІМЕЙЛ$ -> #ФРИМЕЙЛ$) = -18.35313248625002
correctionProbability (#ОТКЫТКА$ -> #ОТКРЫТКА$) = -11.288935571889816
correctionProbability (#ДЕШИВО$ -> #ДЕШЕВО$) = -8.517323349015573
correctionProbability (#СМОТРЕЛЬ$ -> #СМОТРЕТЬ$) = -2.3909365347495406
correctionProbability (#ПОАВИЛЬНО$ -> #ПРАВИЛЬНО$) = -9.619337084859687
correctionProbability (#ОХРАНО$ -> #ОХРАННО$) = -17.7398443265298
correctionProbability (#ПЛЕЩАКОВ$ -> #ПЛЕШАКОВ$) = -14.061668571725676
correctionProbability (#XHAMSTET$ -> #XHAMSTER$) = -14.577878487074592
correctionProbability (#КЛОРАНС$ -> #КЛАРАНС$) = -17.28536512370824
correctionProbability (#МАЛИНКИМ$ -> #МАЛЕНЬКИМ$) = -83.30403875587787
correctionProbability (#ОТКЫТКИ$ -> #ОТКРЫТКИ$) = -9.564497124211307
correctionProbability (#НСЛИ$ -> #ЕСЛИ$) = -5.031301848543542
correctionProbability (#МИНИСОВКА$ -> #МИНУСОВКА$) = -15.309530848269908
correctionProbability (#БОЛТШАЯ$ -> #БОЛЬШАЯ$) = -10.917535116210395
correctionProbability (#ИТИЛИИ$ -> #ИТАЛИИ$) = -11.262116068326879
correctionProbability (#CСКОЛЬКО$ -> #СКОЛЬКО$) = -8.57173068607863
correctionProbability (#СКРЕПТОНИТ$ -> #СКРИПТОНИТ$) = -19.126225019131752
correctionProbability (#СООИТ$ -> #СТОИТ$) = -6.580953173186455
correctionProbability (#TINEIJER$ -> #TINEIJERI$) = -26.167495751806968
correctionProbability (#ФОРИНГИТ$ -> #ФАРИНГИТ$) = -18.171943014145945
correctionProbability (#МАЛИНКИЙ$ -> #МАЛЕНЬКИЙ$) = -78.04139893977066
correctionProbability (#СКРЕРЧИСТОТЕЛ$ -> #СУПЕРЧИСТОТЕЛ$) = -94.16623847187867
correctionProbability (#ТЫКВЕНОЕ$ -> #ТЫКВЕННОЕ$) = -21.49574375387575
correctionProbability (#ХЛЕБЗАВОД$ -> #ХЛЕБОЗАВОД$) = -21.39510512541571
correctionProbability (#ОДГА$ -> #ОДНА$) = -8.9657433635279
correctionProbability (#ИОГИ$ -> #ЙОГИ$) = -13.525722604139862
correctionProbability (#WIREBALL$ -> #FIREBALL$) = -24.087331080187276
correctionProbability (#САТОНА$ -> #САТАНА$) = -11.894765641655884
correctionProbability (#ЗБОРА$ -> #СБОРА$) = -13.676986694508809
correctionProbability (#ХХАЧАПУРИ$ -> #ХАЧАПУРИ$) = -18.744522830503463
correctionProbability (#ВОЛНЙБОЛ$ -> #ВОЛЕЙБОЛ$) = -13.376320750429343
correctionProbability (#ХАМЕРА$ -> #ХАММЕРА$) = -21.36072723013337
correctionProbability (#ПОПЛОВОК$ -> #ПОПЛАВОК$) = -17.073643065401946
correctionProbability (#ИМЕНЕНИЕ$ -> #ИЗМЕНЕНИЕ$) = -16.23169311938333
correctionProbability (#РУЬЛИ$ -> #РУБЛИ$) = -11.75429329863724
correctionProbability (#MADANIYAH$ -> #MADANIYAT$) = -27.203461750213727
correctionProbability (#АЛПРОЗАЛАМ$ -> #АЛПРАЗОЛАМ$) = -88.74486339946417
correctionProbability (#ВЫПЕШИТЕ$ -> #ВЫПИШИТЕ$) = -17.35634026744944
correctionProbability (#ЭЛЕКТРОЕНЕРГИЮ$ -> #ЭЛЕКТРОЭНЕРГИЮ$) = -22.03576890445642
correctionProbability (#КАВОРКИНГ$ -> #КОВОРКИНГ$) = -20.04959154773197
correctionProbability (#ДИНАМИ$ -> #ДИНАМО$) = -10.360470992707004
correctionProbability (#АРІЯ$ -> #АРИЯ$) = -11.261752205234831
correctionProbability (#МЕРЕЛИН$ -> #МЭРИЛИН$) = -81.36107934154599
correctionProbability (#РОЗБОРКА$ -> #РАЗБОРКА$) = -14.00712367320498
correctionProbability (#INTIMCYTI$ -> #INTIMCITY$) = -86.1731741984971
correctionProbability (#КАМЕНОМОСТКИЙ$ -> #КАМЕННОМОСТСКИЙ$) = -94.08336989769373
correctionProbability (#МИНИСОВКУ$ -> #МИНУСОВКУ$) = -18.638220031255337
correctionProbability (#АДМІТАД$ -> #АДМИТАД$) = -21.415126350310608
correctionProbability (#КАЙТАЛАДЫМ$ -> #ҚАЙТАЛАДЫМ$) = -35.78264818289416
correctionProbability (#КОНТЕНИНТАЛЬ$ -> #КОНТИНЕНТАЛЬ$) = -85.00824052259173
correctionProbability (#ПРЕСТАВИТЕЛЬСТВО$ -> #ПРЕДСТАВИТЕЛЬСТВО$) = -27.132847407021913
correctionProbability (#ЖИТКИХ$ -> #ЖИДКИХ$) = -17.459400995001676
correctionProbability (#ИГРЫРИ$ -> #ИГРЫ$) = -72.1590725160722
correctionProbability (#ПОНЯТЯ$ -> #ПОНЯТТЯ$) = -17.796852957201764
correctionProbability (#ИМПЛОНТАНТЫ$ -> #ИМПЛАНТАНТЫ$) = -20.538129917474677
correctionProbability (#АНЛИСКОМУ$ -> #АНГЛИЙСКОМУ$) = -79.09248857326966
correctionProbability (#КИНЕТЕ$ -> #КАБИНЕТЕ$) = -81.96048608660412
correctionProbability (#ЮДЗЮРУ$ -> #ЮДЗУРУ$) = -18.554979465221546
correctionProbability (#ОБРАЗОВА$ -> #ОБРАЗОВАНИЯ$) = -144.6470814348127
correctionProbability (#ДЖОРЖ$ -> #ДЖОРДЖ$) = -14.733569270905388
correctionProbability (#БЕВИКИ$ -> #БОЕВИКИ$) = -9.757739068673203
correctionProbability (#ЖЫЛГЫ$ -> #ЖЫЛҒЫ$) = -14.733872027698258
correctionProbability (#РАГОВОРАМИ$ -> #РАЗГОВОРАМИ$) = -18.512516794930747
correctionProbability (#ПШЕНУЮ$ -> #ПШЕННУЮ$) = -19.986157155150266
correctionProbability (#БРЕЛОКА$ -> #БРЕЛКА$) = -19.91891938452704
correctionProbability (#LOPERMAN$ -> #LOOPERMAN$) = -21.4286128951096
correctionProbability (#ЮТКЮ$ -> #ЮТУБ$) = -64.93475548026146
correctionProbability (#СОЛОВЕВ$ -> #СОЛОВЬЕВ$) = -16.19374916085392
correctionProbability (#ВЕЛИКОМУЧЕННИЦА$ -> #ВЕЛИКОМУЧЕНИЦА$) = -31.359422704933053
correctionProbability (#НОВЕРИН$ -> #НОВИРИН$) = -20.75808895295593
correctionProbability (#КОЛОСКОПИЯ$ -> #КОЛОНОСКОПИЯ$) = -86.54690217729805
correctionProbability (#ДНВУШКУ$ -> #ДЕВУШКУ$) = -11.791530766953038
correctionProbability (#ПЕПЕКЛАДАЧ$ -> #ПЕРЕКЛАДАЧ$) = -16.64955534906158
correctionProbability (#ЕРНОСТА$ -> #ЭРНЕСТА$) = -89.93460774855639
correctionProbability (#ПОСТОЯННА$ -> #ПОСТОЯННО$) = -15.528857814401299
correctionProbability (#ПЕРМБ$ -> #ПЕРМЬ$) = -7.608818733546517
correctionProbability (#УРАЖАЙ$ -> #УРОЖАЙ$) = -14.576316347245015
correctionProbability (#МУРСКОЕ$ -> #МУЖСКОЕ$) = -11.03133781432549
correctionProbability (#WILLO$ -> #WILO$) = -18.858560655989418
correctionProbability (#ХІМІІ$ -> #ХІМІЇ$) = -17.807859544928736
correctionProbability (#АВИКОМПАНИЯ$ -> #АВИАКОМПАНИЯ$) = -18.0497301919738
correctionProbability (#ДЖОРШ$ -> #ДЖОРДЖ$) = -79.4958685373126
correctionProbability (#ПОДСОЕДЕНИТЬ$ -> #ПОДСОЕДИНИТЬ$) = -21.357362395967982
correctionProbability (#ЛАЗОРЕВА$ -> #ЛАЗАРЕВА$) = -16.25686915207944
correctionProbability (#МОНГАЛЕ$ -> #МАНГАЛЕ$) = -18.398418294380008
correctionProbability (#FIRNA$ -> #FIRMA$) = -19.34766080194831
correctionProbability (#ПРОСМОТОР$ -> #ПРОСМОТР$) = -15.781302604957894
correctionProbability (#БРЕЛОКЕ$ -> #БРЕЛКЕ$) = -21.360314853878638
correctionProbability (#ЖИВТНЫЕ$ -> #ЖИВОТНЫЕ$) = -11.233546400310331
correctionProbability (#ЭФЕКТНЫЕ$ -> #ЭФФЕКТНЫЕ$) = -25.00531249019449
correctionProbability (#ПАЙМАЛИ$ -> #ПОЙМАЛИ$) = -16.98154611215712
correctionProbability (#УНИВЕРЧИТЕТ$ -> #УНИВЕРСИТЕТ$) = -14.400903312217942
correctionProbability (#АНЛИЙСКОГО$ -> #АНГЛИЙСКОГО$) = -14.00929274013285
correctionProbability (#ДИНАМА$ -> #ДИНАМО$) = -10.254231670867018
correctionProbability (#АФЛУТОП$ -> #АЛФЛУТОП$) = -18.478558974105333
correctionProbability (#ПОНЯТТ$ -> #ПОНЯТЬ$) = -12.016890169656836
correctionProbability (#НЕГОТИВНИЙ$ -> #НЕГАТИВНЫЙ$) = -89.19682579827956
correctionProbability (#ХИМИКЛ$ -> #ХИМИКАЛ$) = -27.643422872239682
correctionProbability (#СКУТЕРИ$ -> #СКУТЕР$) = -16.66014215285961
correctionProbability (#КОМБОДЖА$ -> #КАМБОДЖА$) = -19.52031820100307
correctionProbability (#КҮНДКЛІК$ -> #КҮНДЕЛІК$) = -9.41416930991462
correctionProbability (#ОДЕЖУ$ -> #ОДЕЖДУ$) = -12.63622205304323
correctionProbability (#ЬАРНАУЛ$ -> #БАРНАУЛ$) = -10.022335142706183
correctionProbability (#ОТСУТСВИИ$ -> #ОТСУТСТВИИ$) = -18.333397419422454
correctionProbability (#ДЕТТЕЙ$ -> #ДЕТЕЙ$) = -6.0203587029338514
correctionProbability (#БРУЦЕЛЕЗ$ -> #БРУЦЕЛЛЕЗ$) = -22.40205096699865
correctionProbability (#СТИПТИЗ$ -> #СТРИПТИЗ$) = -14.704296157784334
correctionProbability (#LOSTFILMS$ -> #LOSTFILM$) = -17.604012844898598
correctionProbability (#КАМИСИЮ$ -> #КОМИССИЮ$) = -84.12355512920922
correctionProbability (#ДЕДАКТИЧЕСКИЕ$ -> #ДИДАКТИЧЕСКИЕ$) = -19.553175506300086
correctionProbability (#ПЕРЕМЕШЕНИЕ$ -> #ПЕРЕМЕЩЕНИЕ$) = -20.614732983155122
correctionProbability (#ZOOFILIYA$ -> #ZOOFILIA$) = -23.08094978208735
correctionProbability (#ПЕРПЕТУМ$ -> #ПЕРПЕТУУМ$) = -21.961568182725777
correctionProbability (#БОСПЛАТНО$ -> #БЕСПЛАТНО$) = -4.744582832199866
correctionProbability (#ПОНЯТИ$ -> #ПОНЯТИЕ$) = -13.242972029695153
correctionProbability (#TEREKON$ -> #TERRIKON$) = -86.18837294670134
correctionProbability (#ИЗАЛОНА$ -> #ИЗОЛОНА$) = -15.61687990789764
correctionProbability (#АЗИАСЕЛЛ$ -> #АВИАСЕЙЛС$) = -144.79965555435658
correctionProbability (#ГИНАДИЙ$ -> #ГЕННАДИЙ$) = -79.52798725977358
correctionProbability (#СИМУЛАТОР$ -> #СИМУЛЯТОР$) = -12.98579809038523
correctionProbability (#АБОКАН$ -> #АБАКАН$) = -11.780665819213741
correctionProbability (#ШАХРЕЗАТ$ -> #ШАХРИЗАТ$) = -27.026578300365607
correctionProbability (#ХОЛОДНИЙ$ -> #ХОЛОДНЫЙ$) = -15.421243948725369
correctionProbability (#ВИПЕЧКИ$ -> #ВЫПЕЧКИ$) = -13.819520419565869
correctionProbability (#LANGERIE$ -> #LINGERIE$) = -19.473714479870246
correctionProbability (#РЕЛЕТКА$ -> #РУЛЕТКА$) = -11.756013207149586
correctionProbability (#АВТОЬУС$ -> #АВТОБУС$) = -10.071381382849879
correctionProbability (#ЧЕЛОВКА$ -> #ЧЕЛОВЕКА$) = -9.440809776136241
correctionProbability (#ЧУЖОИ$ -> #ЧУЖОЙ$) = -10.63943990265285
correctionProbability (#СТРИЛЯЕТ$ -> #СТРЕЛЯЕТ$) = -17.703413527167875
correctionProbability (#ПАМЮК$ -> #ПАМУК$) = -20.364910415690044
correctionProbability (#MÖWENPIC$ -> #MÖVENPICK$) = -84.61487871640689
correctionProbability (#ХОЛОДНИЕ$ -> #ХОЛОДНЫЕ$) = -11.704523127914449
correctionProbability (#ПАТАЛОК$ -> #ПОТОЛОК$) = -74.49954928105184
correctionProbability (#АНДРЕЦ$ -> #АНДРЕЙ$) = -8.630347464561599
correctionProbability (#ЛЬОША$ -> #ЛЕША$) = -80.57802974200267
correctionProbability (#НОБЛЕССА$ -> #НОБЛЕСС$) = -29.142915822931755
correctionProbability (#ЩЕБЕКИНО$ -> #ШЕБЕКИНО$) = -18.565899702580474
correctionProbability (#ГОСУЛУГ$ -> #ГОСУСЛУГ$) = -13.64724410109352
correctionProbability (#НЕДКЛЮ$ -> #НЕДЕЛЮ$) = -8.497135681416129
correctionProbability (#ОТСУТСВИЕ$ -> #ОТСУТСТВИЕ$) = -18.782380349556888
correctionProbability (#ФУКУЛК$ -> #ФУКУОК$) = -15.403120946663481
correctionProbability (#КАОАОКЕ$ -> #КАРАОКЕ$) = -9.547185795838637
correctionProbability (#БОЯРОШНИКА$ -> #БОЯРЫШНИКА$) = -20.131291820589233
correctionProbability (#АНДРЕС$ -> #АНДРЕАС$) = -12.39100457103045
correctionProbability (#ИНДУВИДУАЛКИ$ -> #ИНДИВИДУАЛКИ$) = -18.41586124105111
correctionProbability (#БЕНАЛИЧНАЯ$ -> #БЕЗНАЛИЧНАЯ$) = -29.2199707851495
correctionProbability (#СРЕДН$ -> #СРЕДНЯЯ$) = -77.84636319432245
correctionProbability (#АППЕНДЕЦИТ$ -> #АППЕНДИЦИТ$) = -19.868587652086454
correctionProbability (#ХУДОЖЕСВЕННЫЙ$ -> #ХУДОЖЕСТВЕННЫЙ$) = -20.29533900674035
correctionProbability (#ПРИЗНИКИ$ -> #ПРИЗНАКИ$) = -11.751132893649633
correctionProbability (#КЕРАММА$ -> #КЕРАМА$) = -17.703872584691506
correctionProbability (#МАКАРОНСЫ$ -> #МАКАРОНЫ$) = -18.045604833592442
correctionProbability (#RAYBER$ -> #RAIBER$) = -25.226293595917042
correctionProbability (#CTAT$ -> #STAT$) = -16.538297383055326
correctionProbability (#РАБОА$ -> #РАБОТА$) = -5.521000203416897
correctionProbability (#ВОЕНСКАЯ$ -> #ВОИНСКАЯ$) = -17.443653409627238
correctionProbability (#ХАРВЕЙСТЕРА$ -> #ХАРВЕСТЕРА$) = -28.92355541384837
correctionProbability (#КОНТРАСНЫЙ$ -> #КОНТРАСТНЫЙ$) = -24.2776621698456
correctionProbability (#ПАРЕТТО$ -> #ПАРЕТО$) = -22.96792860415559
correctionProbability (#САМСУЕН$ -> #САМСУНГ$) = -77.29812472314823
correctionProbability (#СНЕГОУБОРШИК$ -> #СНЕГОУБОРЩИК$) = -19.742602871984268
correctionProbability (#ТРИПМАЙЛРИМ$ -> #ТРИПМАЙДРИМ$) = -25.843085670932084
correctionProbability (#НОВОСИБИРКЕ$ -> #НОВОСИБИРСКЕ$) = -15.677240196349857
correctionProbability (#ПЕНСИОНАЯ$ -> #ПЕНСИОННАЯ$) = -20.20239234206599
correctionProbability (#140X200$ -> #140Х200$) = -19.863392352335794
correctionProbability (#ТУРРИЗМ$ -> #ТУРИЗМ$) = -15.425103727405048
correctionProbability (#SOLMAR$ -> #SOLYMAR$) = -22.64151346160334
correctionProbability (#СЕОПУХОВЕ$ -> #СЕРПУХОВЕ$) = -16.862296075371766
correctionProbability (#ДЕДАКТИЧЕСКИЙ$ -> #ДИДАКТИЧЕСКИЙ$) = -21.63885990504481
correctionProbability (#ОКТАВІЯ$ -> #ОКТАВИЯ$) = -13.907835101128285
correctionProbability (#ОСТРИЙ$ -> #ОСТРЫЙ$) = -13.626839321413915
correctionProbability (#АНИМЕДИА$ -> #АНИМЕДИЯ$) = -19.83767734730143
correctionProbability (#БОЙЦИ$ -> #БОЙЦЫ$) = -14.978515813966805
correctionProbability (#ХUK$ -> #XUK$) = -13.406587975729142
correctionProbability (#ФУРАШКА$ -> #ФУРАЖКА$) = -18.38121438315512
correctionProbability (#ПРАСТАТИТА$ -> #ПРОСТАТИТА$) = -18.740729716324836
correctionProbability (#ЦВІТНУ$ -> #ЦВЕТНУЮ$) = -81.56253061280704
correctionProbability (#ЧЕТЕНИЕ$ -> #ЧТЕНИЕ$) = -14.127153708740583
correctionProbability (#GASS$ -> #GAS$) = -17.02614176335982
correctionProbability (#ТРАФАРПТЫ$ -> #ТРАФАРЕТЫ$) = -13.460508391264689
correctionProbability (#ЕПАТОРИИ$ -> #ЕВПАТОРИИ$) = -15.36450555532246
correctionProbability (#ЗАКЛН$ -> #ЗАКОН$) = -8.030821882759863
correctionProbability (#АЕРПОДС$ -> #АИРПОДС$) = -18.041110499974437
correctionProbability (#СЕГОРЕТ$ -> #СИГАРЕТ$) = -79.13922496293863
correctionProbability (#СЕРТАКИ$ -> #СИРТАКИ$) = -18.591223295691037
correctionProbability (#АОПРОС$ -> #ВОПРОС$) = -11.429626579192668
correctionProbability (#МЛАДЩИЙ$ -> #МЛАДШИЙ$) = -14.69097244772135
correctionProbability (#ZILVERT$ -> #ZIVERT$) = -16.119643971896128
correctionProbability (#WOED$ -> #WORD$) = -9.312220406583965
correctionProbability (#ODNAKLASSNIK$ -> #ODNOKLASSNIKI$) = -83.52970647407787
correctionProbability (#ЭКСЕЛЕР$ -> #ЭКСЕЛЛЕР$) = -34.41978510943222
correctionProbability (#INISTAQRAM$ -> #INSTAGRAM$) = -80.25084611645306
correctionProbability (#LFE$ -> #LIFE$) = -9.173776568271908
correctionProbability (#LUXS$ -> #LUX$) = -16.65318357591641
correctionProbability (#GANSER$ -> #GANZER$) = -21.06115458412808
correctionProbability (#ГИПОЛИПЕДЕМИЧНСКИЕ$ -> #ГИПОЛИПИДЕМИЧЕСКИЕ$) = -108.70495651706099
correctionProbability (#РАБОР$ -> #РАЗБОР$) = -10.487667561994218
correctionProbability (#GOOOLE$ -> #GOOGLE$) = -5.797467764667964
correctionProbability (#ТЕЧЕНИ$ -> #ТЕЧЕНИЕ$) = -15.076470350167028
correctionProbability (#ТУРЕЦСКАЯ$ -> #ТУРЕЦКАЯ$) = -18.245339154851912
correctionProbability (#ИНИЕРНЕТ$ -> #ИНТЕРНЕТ$) = -5.968605850205888
correctionProbability (#СЕРЕРА$ -> #СЕРВЕРА$) = -12.900705158687927
correctionProbability (#ЦЕПЕЛИНЫ$ -> #ЦЕППЕЛИНЫ$) = -25.918839169630196
correctionProbability (#СИНГАПКУР$ -> #СИНГАПУР$) = -19.252596258290005
correctionProbability (#АБРОМОВИЧ$ -> #АБРАМОВИЧ$) = -18.446583120148865
correctionProbability (#XXVIDEOS$ -> #XVIDEOS$) = -14.075002177191934
correctionProbability (#АЭРЛПЛРТ$ -> #АЭРОПОРТ$) = -75.65312541806621
correctionProbability (#EXPERINCE$ -> #EXPERIENCE$) = -19.776975363668036
correctionProbability (#ОКАНЧАНИЕ$ -> #ОКОНЧАНИЕ$) = -16.846309449216953
correctionProbability (#ФИЛТМЫ$ -> #ФИЛЬМЫ$) = -3.573583091158966
correctionProbability (#ТОЛЬСТАЯ$ -> #ТОЛСТАЯ$) = -17.528421454320117
correctionProbability (#LANCOM$ -> #LANCOME$) = -19.53746251009899
correctionProbability (#РОЖДЕНІЯ$ -> #РОЖДЕНИЯ$) = -6.725865885677024
correctionProbability (#ИЗЛОДЕНИЕ$ -> #ИЗЛОЖЕНИЕ$) = -16.660734206236064
correctionProbability (#АЛМАТВ$ -> #АЛМАТЫ$) = -7.1828558571335535
correctionProbability (#SAUND$ -> #SOUND$) = -13.679375339968093
correctionProbability (#BRUSNIKU$ -> #BRUSNIKA$) = -27.555519442258337
correctionProbability (#KALKYLIATOR$ -> #KALKULYATOR$) = -89.48945444144125
correctionProbability (#АЛЕСКАНДР$ -> #АЛЕКСАНДР$) = -78.03120895733933
correctionProbability (#ЧЕРНЕВ$ -> #ЧЕРНОВ$) = -17.482715170181937
correctionProbability (#ТЕРМОНСЬКІ$ -> #ГЕРМАНСЬКІ$) = -100.52585169081584
correctionProbability (#ХОРОШОМ$ -> #ХОРОШЕМ$) = -5.3473295465518245
correctionProbability (#РАБОУ$ -> #РАБОТУ$) = -9.56422301624647
correctionProbability (#АВТРИА$ -> #АВТОРИА$) = -13.805441337046354
correctionProbability (#МАКСАТЫ$ -> #МАҚСАТЫ$) = -18.193756746431845
correctionProbability (#ВОЕЕНЫЕ$ -> #ВОЕННЫЕ$) = -10.293015189360815
correctionProbability (#МЕМЯЦЕВ$ -> #МЕСЯЦЕВ$) = -11.72162143520476
correctionProbability (#ОКАНЧАНИИ$ -> #ОКОНЧАНИИ$) = -19.395782547312848
correctionProbability (#СКИШИШ$ -> #СИКИШИШ$) = -23.896194890103864
correctionProbability (#ФИКБУ$ -> #ФИКБУК$) = -15.024852075144057
correctionProbability (#TAMASEBI$ -> #TAMASHEBI$) = -21.308719729445095
correctionProbability (#ОТЛЕЛ$ -> #ОТДЕЛ$) = -10.09172630232548
correctionProbability (#ДКОАЮТ$ -> #ДЕЛАЮТ$) = -75.5575905160345
correctionProbability (#ЮТИН$ -> #ЮДИН$) = -16.954756293151025
correctionProbability (#БРАУР$ -> #БРАУЗЕР$) = -76.19603492537011
correctionProbability (#GOOGE$ -> #GOOGLE$) = -6.399151374266207
correctionProbability (#СРОП$ -> #СИРОП$) = -12.317232797001939
correctionProbability (#ҚҰРАСТЫР$ -> #ҚҰРАСТЫРУ$) = -21.384361578986535
correctionProbability (#НЕДОРОГА$ -> #НЕДОРОГО$) = -8.733485563845498
correctionProbability (#ANTERNOS$ -> #ATERNOS$) = -20.088820538387132
correctionProbability (#ОКАНЧАНИЯ$ -> #ОКОНЧАНИЯ$) = -17.431656788669123
correctionProbability (#ПРАИЛА$ -> #ПРАВИЛА$) = -9.914080246687277
correctionProbability (#КАСМИЧЕСКИЕ$ -> #КОСМИЧЕСКИЕ$) = -18.571909601150068
correctionProbability (#АЛМАТИ$ -> #АЛМАТЫ$) = -7.15208529066528
correctionProbability (#EVROPEBET$ -> #EVROPABET$) = -21.66831872644903
correctionProbability (#УСОУГИ$ -> #УСЛУГИ$) = -8.176544807581386
correctionProbability (#БРАУМ$ -> #БРАУН$) = -13.093668727560665
correctionProbability (#КВАОТИР$ -> #КВАРТИР$) = -9.366216672035804
correctionProbability (#КРЕПЛЕНЯ$ -> #КРЕПЛЕНИЯ$) = -15.945765466640957
correctionProbability (#ВИЛЕНИН$ -> #ВИЛЕНКИН$) = -15.76448468512303
correctionProbability (#TASFKENTE$ -> #TASHKENT$) = -86.6647581677352
correctionProbability (#БРАУЛ$ -> #БРАВЛ$) = -7.738906580635813
correctionProbability (#БЕСПРАТНО$ -> #БЕСПЛАТНО$) = -4.73003137121435
correctionProbability (#РАБОЫ$ -> #РАБОТЫ$) = -7.400887739418451
correctionProbability (#ОДНОУЛАССНИКИ$ -> #ОДНОКЛАССНИКИ$) = -11.234481448001539
correctionProbability (#БУДИЗМ$ -> #БУДДИЗМ$) = -18.602400281301243
correctionProbability (#НАТААЛЬНАЯ$ -> #НАТАЛЬНАЯ$) = -18.589213211889565
correctionProbability (#ЮТЙБ$ -> #ЮТУБ$) = -0.19321361264684
correctionProbability (#ДИСТИЛИРОВАННАЯ$ -> #ДИСТИЛЛИРОВАННАЯ$) = -30.249368671455464
correctionProbability (#РАЗБАЛТОВКА$ -> #РАЗБОЛТОВКА$) = -21.40305870472465
correctionProbability (#НОВОСИБИРСЕ$ -> #НОВОСИБИРСКЕ$) = -15.729640838892472
correctionProbability (#УДАЛТЬ$ -> #УДАЛИТЬ$) = -11.101297469780526
correctionProbability (#СИМКТОМЫ$ -> #СИМПТОМЫ$) = -10.76294632196143
correctionProbability (#ДОЬРЫМ$ -> #ДОБРЫМ$) = -10.71022032503608
correctionProbability (#БОНГКАМ$ -> #БОНГАКАМС$) = -81.59236945420773
correctionProbability (#СКАТЯТЬ$ -> #СКАЧАТЬ$) = -67.27967070562038
correctionProbability (#РАЗВЛЕЧ$ -> #РАЗВЛЕЧЬ$) = -22.402713992087662
correctionProbability (#РОМШТАЙН$ -> #РАМШТАЙН$) = -14.685064038358206
correctionProbability (#СТАРОСЛОВЯНСКОМ$ -> #СТАРОСЛАВЯНСКОМ$) = -29.290149733014616
correctionProbability (#СЕКЛИНЕР$ -> #СИКЛИНЕР$) = -22.08558676227642
correctionProbability (#ОКТАБРЬ$ -> #ОКТЯБРЬ$) = -9.473575833311116
correctionProbability (#СОЗДВТЬ$ -> #СОЗДАТЬ$) = -10.195877336141159
correctionProbability (#ВЛАДИМИРОВН$ -> #ВЛАДИМИРОВНА$) = -18.771065291396496
correctionProbability (#ВЗРОЛЫХ$ -> #ВЗРОСЛЫХ$) = -10.22498132114714
correctionProbability (#ПОЛАТКУ$ -> #ПАЛАТКУ$) = -15.808312466757158
correctionProbability (#ФИСИНГ$ -> #ФИСТИНГ$) = -14.702341421623572
correctionProbability (#ЛЕНИНГРАДКОМ$ -> #ЛЕНИНГРАДСКОМ$) = -25.469828689798575
correctionProbability (#ОПРЕА$ -> #ОПЕРА$) = -78.3359122863523
correctionProbability (#РИБНИЙ$ -> #РЫБНЫЙ$) = -79.56174232885431
correctionProbability (#ИЗЛОДЕНИЯ$ -> #ИЗЛОЖЕНИЯ$) = -19.564964732620986
correctionProbability (#ПЯМЯТНИК$ -> #ПАМЯТНИК$) = -12.733335490899265
correctionProbability (#ГЕМАМГИОМЫ$ -> #ГЕМАНГИОМЫ$) = -23.354710139848365
correctionProbability (#БЕЗКОНЕЧНАЯ$ -> #БЕСКОНЕЧНАЯ$) = -20.181692608176334
correctionProbability (#ФААНТАСТИКА$ -> #ФАНТАСТИКА$) = -15.97917147583761
correctionProbability (#СТАРОБЛСКЕ$ -> #СТАРОБЕЛЬСКЕ$) = -92.7411891671884
correctionProbability (#ЫОРМУЛА$ -> #ФОРМУЛА$) = -9.436524108997467
correctionProbability (#ONLINT$ -> #ONLINE$) = -8.213412324340428
correctionProbability (#КОЛИЧИСТВО$ -> #КОЛИЧЕСТВО$) = -14.590056081586319
correctionProbability (#ХОРОШНМ$ -> #ХОРОШЕМ$) = -5.3555059121891535
correctionProbability (#СТАВРОПЛЬ$ -> #СТАВРОПОЛЬ$) = -14.698424533961614
correctionProbability (#БИТРЕЙД$ -> #БИТРЕЙТ$) = -22.846703769842378
correctionProbability (#ПРОЖАЖА$ -> #ПРОДАЖА$) = -7.47427600929371
correctionProbability (#БИАГРАФИЯ$ -> #БИОГРАФИЯ$) = -10.31532147282227
correctionProbability (#ПРАИЛО$ -> #ПРАВИЛО$) = -13.551231942344266
correctionProbability (#ФЛРД$ -> #ФОРД$) = -7.691318243794498
correctionProbability (#ДИКЕНС$ -> #ДИККЕНС$) = -21.062136578024166
correctionProbability (#SAMDRIVER$ -> #SAMDRIVERS$) = -26.924704705648715
correctionProbability (#ФИЛТМЕ$ -> #ФИЛЬМЕ$) = -11.92785005314352
correctionProbability (#ЭЛЬЖОРАДО$ -> #ЭЛЬДОРАДО$) = -12.087066543388097
correctionProbability (#УЧОСТВУЮЩИХ$ -> #УЧАСТВУЮЩИХ$) = -25.654670494065407
correctionProbability (#ЗАПЕЧЕНУЮ$ -> #ЗАПЕЧЕННУЮ$) = -27.598133369625103
correctionProbability (#УЗЕАТЬ$ -> #УЗНАТЬ$) = -8.684819297433211
correctionProbability (#ПЕРИЬ$ -> #ПЕРМЬ$) = -7.620906700342953
correctionProbability (#СЛУШТЬ$ -> #СЛУШАТЬ$) = -5.734295140443413
correctionProbability (#DUATER$ -> #DUSTER$) = -17.587248849771147
correctionProbability (#ПОЛАТКИ$ -> #ПАЛАТКИ$) = -14.80054353695462
correctionProbability (#ОПОЗИЦИИ$ -> #ОППОЗИЦИИ$) = -23.383058427648535
correctionProbability (#GOOGO$ -> #GOOGLE$) = -71.13787017166293
correctionProbability (#ЕЕСНЮ$ -> #ПЕСНЮ$) = -5.6556429562529935
correctionProbability (#ЗПВОРОТНЮК$ -> #ЗАВОРОТНЮК$) = -11.831848728522395
correctionProbability (#МАЛЕКАЯ$ -> #МАЛЕНЬКАЯ$) = -78.99919575829442
correctionProbability (#ПРОЖАЖИ$ -> #ПРОДАЖИ$) = -11.492050879107182
correctionProbability (#ПОЛАТКЕ$ -> #ПАЛАТКЕ$) = -19.054045434230062
correctionProbability (#ВЬЕЗД$ -> #ВЪЕЗД$) = -15.504155929481616
correctionProbability (#ФИЛТМА$ -> #ФИЛЬМА$) = -9.376887903456694
correctionProbability (#КУРИНИЕ$ -> #КУРИНЫЕ$) = -13.556971178741392
correctionProbability (#ПЕРЕФОД$ -> #ПЕРЕВОД$) = -8.344188958310717
correctionProbability (#ЭКОЛООИЧЕСКИХ$ -> #ЭКОЛОГИЧЕСКИХ$) = -23.888494592301797
correctionProbability (#ПЕСГНЯ$ -> #ПЕСНЯ$) = -6.251249512396026
correctionProbability (#СЕНЬЕР$ -> #СЕНЬОР$) = -17.722498246736553
correctionProbability (#ПРОППАДАЮТ$ -> #ПРОПАДАЮТ$) = -24.6810799454882
correctionProbability (#ПИРАМИДИ$ -> #ПИРАМИДЫ$) = -15.471030364313364
correctionProbability (#ФЛРУ$ -> #ФОРУМ$) = -71.76719004635652
correctionProbability (#GUIITARA$ -> #GUITARRA$) = -92.36275052036694
correctionProbability (#НОЧНИЕ$ -> #НОЧНЫЕ$) = -12.93141572617937
correctionProbability (#ШОЙ$ -> #ШОУ$) = -4.856149665372836
correctionProbability (#СТИРАЛНЫХ$ -> #СТИРАЛЬНЫХ$) = -15.93839370192071
correctionProbability (#KOBINET$ -> #KABINET$) = -18.289534032606362
correctionProbability (#РАСПРОСТРАНЕНЫЕ$ -> #РАСПРОСТРАНЕННЫЕ$) = -28.58919951515208
correctionProbability (#САМОСИОЯТЕЛЬНЫЕ$ -> #САМОСТОЯТЕЛЬНЫЕ$) = -23.5006643165635
correctionProbability (#LEXYS$ -> #LEXUS$) = -13.664848832723468
correctionProbability (#ПЕТАНИЯ$ -> #ПИТАНИЯ$) = -10.927787462927895
correctionProbability (#SPAC$ -> #SPACE$) = -12.807249402423775
correctionProbability (#НЕНЗЯГО$ -> #НИНДЗЯГО$) = -79.23288304891888
correctionProbability (#ПІНК$ -> #ПИНК$) = -11.503110549899578
correctionProbability (#DEEEP$ -> #DEEP$) = -14.916833205508627
correctionProbability (#АВТАКЛИКАР$ -> #АВТОКЛИКЕР$) = -83.65766919507766
correctionProbability (#САХОРОВ$ -> #САХАРОВ$) = -17.547809295696503
correctionProbability (#МЕКИСКЕ$ -> #МЕКСИКЕ$) = -83.8125805017931
correctionProbability (#ШОД$ -> #ГОД$) = -3.7292547072558406
correctionProbability (#МУЖЧИЕОЙ$ -> #МУЖЧИНОЙ$) = -15.031028713747752
correctionProbability (#БЫЛЕТЫ$ -> #БИЛЕТЫ$) = -7.506415913109205
correctionProbability (#МАТЕМАТКИЕ$ -> #МАТЕМАТИКЕ$) = -78.77611129659402
correctionProbability (#ВЫТЫКАНКА$ -> #ВЫТЫНАНКА$) = -18.71659293418113
correctionProbability (#СТАРБОУНД$ -> #СТАРБАУНД$) = -23.958034756365088
correctionProbability (#СИЛЕКТ$ -> #СЕЛЕКТ$) = -15.07853608325166
correctionProbability (#ОДИНОЧН$ -> #ОДИНОЧНОЙ$) = -87.61810460680499
correctionProbability (#БАСЕИНА$ -> #БАССЕЙНА$) = -80.60528538929181
correctionProbability (#СТАВРОПЛЕ$ -> #СТАВРОПОЛЕ$) = -17.307381509544484
correctionProbability (#АЕРОФЛОТ$ -> #АЭРОФЛОТ$) = -11.96188755867464
correctionProbability (#ЗАБОЙСК$ -> #ЗАБОЙСКИЙ$) = -100.73627839182198
correctionProbability (#MENDO$ -> #MEENDO$) = -16.280082122537696
correctionProbability (#КАПИТАЛЛА$ -> #КАПИТАЛА$) = -18.595947127499464
correctionProbability (#БЛЕЗНЕЦ$ -> #БЛИЗНЕЦ$) = -17.54942851299807
correctionProbability (#ЮТКБ$ -> #ЮТУБ$) = -0.18959153246218108
correctionProbability (#ПАСМАТРЕТЬ$ -> #ПОСМОТРЕТЬ$) = -76.30036864633009
correctionProbability (#ПІНИ$ -> #ПІСНІ$) = -77.4127069757587
correctionProbability (#МАЙКЕР$ -> #МЕЙКЕР$) = -18.77712886119711
correctionProbability (#ЛЕЧШЕ$ -> #ЛУЧШЕ$) = -7.377209961222132
correctionProbability (#КДИНИКА$ -> #КЛИНИКА$) = -9.62851441505493
correctionProbability (#YOUTOBE$ -> #YOUTUBE$) = -6.388719394529581
correctionProbability (#ПЕРИС$ -> #ПЭРИС$) = -17.103503183863
correctionProbability (#ВРФЕЙС$ -> #ВАРФЕЙС$) = -11.016018348734747
correctionProbability (#МУЧАЛОСЬ$ -> #МУЧАЛАСЬ$) = -28.305211172419355
correctionProbability (#КИЛЬКИСТЬ$ -> #КІЛЬКІСТЬ$) = -85.19733052417241
correctionProbability (#ЖАРЕННЫЙ$ -> #ЖАРЕНЫЙ$) = -19.396582665984624
correctionProbability (#НАКРТУКА$ -> #НАКРУТКА$) = -83.43662141443093
correctionProbability (#UANDEX$ -> #YANDEX$) = -9.592302102655186
correctionProbability (#ФОТБОЛ$ -> #ФУТБОЛ$) = -6.877308575600114
correctionProbability (#ЖАРЕННЫМ$ -> #ЖАРЕНЫМ$) = -23.982037403389768
correctionProbability (#ПЕРИИ$ -> #ПЕРМИ$) = -9.949783606514291
correctionProbability (#ПИЛИГ$ -> #ПИЛИНГ$) = -13.338810190502446
correctionProbability (#ПРЕДЛОГАЕТ$ -> #ПРЕДЛАГАЕТ$) = -21.065375881457904
correctionProbability (#ВИЙДУ$ -> #ВЫЙДУ$) = -15.177119449869902
correctionProbability (#ТЕКЕРОВВ$ -> #ТЕКИРОВА$) = -83.74018631930448
correctionProbability (#ЗАНЧЕНИЕ$ -> #ЗНАЧЕНИЕ$) = -78.57458991246372
correctionProbability (#ИНСТУМЕНТОВ$ -> #ИНСТРУМЕНТОВ$) = -19.299428872048026
correctionProbability (#СУАЧАТЬ$ -> #СКАЧАТЬ$) = -2.5159080263685762
correctionProbability (#ШУМИТЬ$ -> #ШУМИТ$) = -16.57616634937784
correctionProbability (#ПОРАГРАФУ$ -> #ПАРАГРАФУ$) = -21.4649548016736
correctionProbability (#САИПО$ -> #САМПО$) = -16.56325419579375
correctionProbability (#ЕСПРЕССО$ -> #ЭСПРЕССО$) = -20.028761699883695
correctionProbability (#АВМИТО$ -> #АВИТО$) = -5.3593142867309105
correctionProbability (#КРЫЩА$ -> #КРЫША$) = -9.519497422089959
correctionProbability (#ИЯСО$ -> #МЯСО$) = -9.451580785204964
correctionProbability (#МАЙНКРАВТ$ -> #МАЙНКРАФТ$) = -7.9323265788711055
correctionProbability (#МЕТСЕСТРА$ -> #МЕДСЕСТРА$) = -16.226663852061527
correctionProbability (#ОУДШИЕ$ -> #ЛУЧШИЕ$) = -71.63502975546233
correctionProbability (#ТРАНСФОРМИРЫ$ -> #ТРАНСФОРМЕРЫ$) = -16.385127637559073
correctionProbability (#АСТАХАНЬ$ -> #АСТРАХАНЬ$) = -13.507759870377356
correctionProbability (#БИЛЯШИ$ -> #БЕЛЯШИ$) = -15.585684396945286
correctionProbability (#ОСТРОА$ -> #ОСТРОВ$) = -9.527871770400754
correctionProbability (#САМОЧТОЯТЕЛЬЕО$ -> #САМОСТОЯТЕЛЬНО$) = -84.07454446890637
correctionProbability (#РОЖДЕСТВЕННСКИЙ$ -> #РОЖДЕСТВЕНСКИЙ$) = -25.392722940148204
correctionProbability (#ИНСТАГРААММ$ -> #ИНСТАГРАМ$) = -78.29628188935847
correctionProbability (#ПРОБОРА$ -> #ПРИБОРА$) = -17.156943302143375
correctionProbability (#ЗАДНИСА$ -> #ЗАДНИЦА$) = -18.540190584542998
correctionProbability (#ПАОГОДА$ -> #ПОГОДА$) = -3.6828276481022435
correctionProbability (#КАСУЛЯ$ -> #КОСУЛЯ$) = -18.838152590951484
correctionProbability (#СЕЭОН$ -> #СЕЗОН$) = -2.178068422359953
correctionProbability (#МЕЛАНЕ$ -> #МИЛАНЕ$) = -15.750062898325293
correctionProbability (#КАСУЛЮ$ -> #КОСУЛЮ$) = -17.9606188434978
correctionProbability (#ГЛАНЫЕ$ -> #ГЛАВНЫЕ$) = -13.631073572740682
correctionProbability (#СИТЕЛИНК$ -> #СИТИЛИНК$) = -12.084084583289403
correctionProbability (#НАПОЛНАЯ$ -> #НАПОЛЬНАЯ$) = -16.929865495729054
correctionProbability (#ТАНГУГСКИЙ$ -> #ТАНГУТСКИЙ$) = -29.278588262449595
correctionProbability (#ИЗБАВИТСА$ -> #ИЗБАВИТЬСЯ$) = -79.79876449529937
correctionProbability (#ДЖОСТИКА$ -> #ДЖОЙСТИКА$) = -22.013125153936812
correctionProbability (#ЩУЧЕМУ$ -> #ЩУЧЬЕМУ$) = -17.772648865073677
correctionProbability (#ДОЧТ$ -> #ДОЧЬ$) = -8.383870144883574
correctionProbability (#ФИЛТРА$ -> #ФИЛЬТРА$) = -13.914081337343674
correctionProbability (#ЦИРКУЛ$ -> #ЦИРКУЛЬ$) = -19.56215735043159
correctionProbability (#ОДНОКОМНУТНУЮ$ -> #ОДНОКОМНАТНУЮ$) = -19.5568082356032
correctionProbability (#ЭНЕРГЛМАШБАНК$ -> #ЭНЕРГОМАШБАНК$) = -28.245386584707802
correctionProbability (#СУНДУЧЕК$ -> #СУНДУЧОК$) = -19.35251283066306
correctionProbability (#ПОВЫШЕНАЯ$ -> #ПОВЫШЕННАЯ$) = -21.400489894830848
correctionProbability (#ВЗЛОМАННИ$ -> #ВЗЛОМАННЫЙ$) = -80.97037168433891
correctionProbability (#ANKURA$ -> #ANKARA$) = -21.714750303034652
correctionProbability (#ДОЧИ$ -> #ДОЧКИ$) = -10.670781688068875
correctionProbability (#УМУРЗОКОВ$ -> #УМУРЗАКОВ$) = -27.733731982224633
correctionProbability (#БЕЗПРОВОДНИЕ$ -> #БЕСПРОВОДНЫЕ$) = -83.19501797326703
correctionProbability (#КОМПОНИЯ$ -> #КОМПАНИЯ$) = -10.196295336900164
correctionProbability (#ПОЗНОВАТЕЛЬ$ -> #ПОЗНАВАТЕЛЬ$) = -19.789136980280553
correctionProbability (#МОТОЦЫКЛОВ$ -> #МОТОЦИКЛОВ$) = -19.985484218309303
correctionProbability (#ЖАРЕННЫХ$ -> #ЖАРЕНЫХ$) = -21.072247432784764
correctionProbability (#DUBAL$ -> #DUBAI$) = -14.3940810151357
correctionProbability (#РУССИФИКАЦИЯ$ -> #РУСИФИКАЦИЯ$) = -28.088996568455038
correctionProbability (#СТАЛОМ$ -> #СТОЛОМ$) = -13.200393815814937
correctionProbability (#СИЛЕНЫ$ -> #СЕЛЕНЫ$) = -19.8924920822999
correctionProbability (#КАТАКОМБИ$ -> #КАТАКОМБЫ$) = -21.529932194372712
correctionProbability (#ИЗГНАНЫЕ$ -> #ИЗГНАННЫЕ$) = -25.984284710282658
correctionProbability (#ДОЦЬ$ -> #ДОЧЬ$) = -8.3875237271121
correctionProbability (#СТОІТ$ -> #СТОИТ$) = -6.567004496228616
correctionProbability (#ЖЕРТ$ -> #ЖЕРТВ$) = -16.078932470808812
correctionProbability (#ДОСТОПРЕМЕЧАТЕЛЬНОСТИ$ -> #ДОСТОПРИМЕЧАТЕЛЬНОСТИ$) = -24.90002236200239
correctionProbability (#БЕЛАРУСЬБАНКЕ$ -> #БЕЛАРУСБАНКЕ$) = -27.94793386537051
correctionProbability (#МОЗЫРЬСКИЙ$ -> #МОЗЫРСКИЙ$) = -25.607984250543986
correctionProbability (#ОТКЫТИЕ$ -> #ОТКРЫТИЕ$) = -11.903279780741556
correctionProbability (#ЧЕРНВЕ$ -> #ЧЕРНЫЕ$) = -11.1437020990541
correctionProbability (#ОБЕДИНЕНИЯ$ -> #ОБЪЕДИНЕНИЯ$) = -21.497986988564037
correctionProbability (#МЕЛАНУ$ -> #МИЛАНУ$) = -14.282740277771556
correctionProbability (#АЛЕКСАНР$ -> #АЛЕКСАНДР$) = -10.771270719959013
correctionProbability (#ПЕРЗЕ$ -> #ПЕНЗЕ$) = -11.674533648625246
correctionProbability (#МЕДАЛЬЕН$ -> #МЕДАЛЬОН$) = -19.578508212679516
correctionProbability (#КИНОТЕАЬР$ -> #КИНОТЕАТР$) = -11.335938991543188
correctionProbability (#ТРЕПОЛЬСКИЙ$ -> #ТРОЕПОЛЬСКИЙ$) = -27.56979018615322
correctionProbability (#АМИГУРАМИ$ -> #АМИГУРУМИ$) = -16.695073435053622
correctionProbability (#ПРОПОСТЬЮ$ -> #ПРОПАСТЬЮ$) = -21.36586060483851
correctionProbability (#КВИЛИНГА$ -> #КВИЛЛИНГА$) = -21.842744996361333
correctionProbability (#ГІСМЕТЕО$ -> #ГИСМЕТЕО$) = -8.276746704089746
correctionProbability (#БАТФИЛД$ -> #БАТЕЛФИЛД$) = -84.79396419544214
correctionProbability (#МОБИЛНЫЙ$ -> #МОБИЛЬНЫЙ$) = -14.944637523001333
correctionProbability (#ВОСПОЛЕНИЯ$ -> #ВОСПАЛЕНИЯ$) = -19.608971388649643
correctionProbability (#СВЕРЛОВА$ -> #СВЕРДЛОВА$) = -19.874470303240464
correctionProbability (#ЗАЦЭПИЛА$ -> #ЗАЦЕПИЛА$) = -13.080182254155297
correctionProbability (#ОРГІЇ$ -> #ОРГИИ$) = -78.55305711332792
correctionProbability (#ЧРЕПАШКИ$ -> #ЧЕРЕПАШКИ$) = -13.57164190191778
correctionProbability (#ВАЙБЕРЕС$ -> #ВАЙБЕРИС$) = -16.656747743376847
correctionProbability (#GOOEL$ -> #GOOGLE$) = -71.13155993672436
correctionProbability (#АЛЕКСАНД$ -> #АЛЕКСАНДР$) = -10.772572057414095
correctionProbability (#ФЛОЗ$ -> #ФОЛЗ$) = -78.00362825415408
correctionProbability (#ГЕОЛАКАЦИЯ$ -> #ГЕОЛОКАЦИЯ$) = -22.771853884565836
correctionProbability (#РОСТЕЛЕКО$ -> #РОСТЕЛЕКОМ$) = -14.318647294675223
correctionProbability (#КАНФЕТ$ -> #КОНФЕТ$) = -12.642603500837996
correctionProbability (#ОХТЫРКА$ -> #АХТЫРКА$) = -19.801425029156526
correctionProbability (#ШТАЙНМАЄРА$ -> #ШТАЙНМАЙЕРА$) = -87.31557344310275
correctionProbability (#ПЛОТНОСТ$ -> #ПЛОТНОСТЬ$) = -16.718114497352623
correctionProbability (#РАСЧИТАНО$ -> #РАССЧИТАНО$) = -28.71819168269726
correctionProbability (#РАБОТАЛАСЬ$ -> #РАБОТАЛОСЬ$) = -35.643004816090986
correctionProbability (#ГЕОЛАКАЦИЮ$ -> #ГЕОЛОКАЦИЮ$) = -24.213732144451598
correctionProbability (#КОАСАВИЦА$ -> #КРАСАВИЦА$) = -13.589201888337719
correctionProbability (#ПРОТИВОПОКАЗВНИЯ$ -> #ПРОТИВОПОКАЗАНИЯ$) = -20.901330175833642
correctionProbability (#ШРУ$ -> #ШОУ$) = -4.888473768105907
correctionProbability (#WOIF$ -> #WOLF$) = -13.278181821648065
correctionProbability (#МНГО$ -> #МНОГО$) = -9.571051484982366
correctionProbability (#ПАНАМЕР$ -> #ПАНАМЕРА$) = -17.610025108142032
correctionProbability (#ВОСПОЛЕНИЕ$ -> #ВОСПАЛЕНИЕ$) = -15.837152165220132
correctionProbability (#АРЁЛ$ -> #ОРЁЛ$) = -13.132098991440547
correctionProbability (#COIRONE$ -> #CORONA$) = -86.05685565954099
correctionProbability (#ВКСТИ$ -> #ВЕСТИ$) = -8.7799622818311
correctionProbability (#СИГРАЛИ$ -> #СЫГРАЛИ$) = -18.885344023667002
correctionProbability (#DOCHKISINOCHLKI$ -> #DOCHKISINOCHKI$) = -31.514177015012407
correctionProbability (#МЕМЯЦ$ -> #МЕСЯЦ$) = -8.81283852349134
correctionProbability (#МАТИСИНПОРНО$ -> #МАТЬИСЫНПОРНО$) = -103.96688952761578
correctionProbability (#ДЕШОВЫХ$ -> #ДЕШЕВЫХ$) = -15.646931031908295
correctionProbability (#ЗЫКА$ -> #ЯЗЫКА$) = -9.309334651227413
correctionProbability (#BLUSTACKS$ -> #BLUESTACKS$) = -18.8118420741351
correctionProbability (#ЧЕЛОВНК$ -> #ЧЕЛОВЕК$) = -7.768642113008703
correctionProbability (#ФИЛЬМВЫ$ -> #ФИЛЬМЫ$) = -6.109660355771904
correctionProbability (#МЕДЖИК$ -> #МЭДЖИК$) = -13.50100460587382
correctionProbability (#НАРИНЕ$ -> #НАРИНЭ$) = -18.723001665425425
correctionProbability (#АСЕНИЙ$ -> #ОСЕННИЙ$) = -75.02222739067055
correctionProbability (#ЕЕСЛИ$ -> #ЕСЛИ$) = -7.504918813567517
correctionProbability (#СЕЛЬД$ -> #СЕЛЬДЬ$) = -15.973172007574806
correctionProbability (#БЕЗИН$ -> #БЕНЗИН$) = -13.27447605249245
correctionProbability (#ЛАБИНС$ -> #ЛАБИНСК$) = -16.75933477672163
correctionProbability (#АЛИЄКСРЕС$ -> #АЛИЭКСПРЕСС$) = -141.9865612899196
correctionProbability (#ОВСЯННОГО$ -> #ОВСЯНОГО$) = -23.85144937731006
correctionProbability (#ЮТИБ$ -> #ЮТУБ$) = -0.19191609513040575
correctionProbability (#ГЕОЛАКАЦИИ$ -> #ГЕОЛОКАЦИИ$) = -24.534016743940946
correctionProbability (#ИЗБАВИТСЯ$ -> #ИЗБАВИТЬСЯ$) = -15.0562336152298
correctionProbability (#ФИЛТОР$ -> #ФИЛЬТР$) = -78.0901486862097
correctionProbability (#ПАРОДІЯ$ -> #ПАРОДИЯ$) = -13.804328732015335
correctionProbability (#ДЖЕЙЭСЕМ$ -> #ДЖЕЙСЕМ$) = -35.54824175258749
correctionProbability (#GUEEN$ -> #QUEEN$) = -13.027816592520185
correctionProbability (#ГАРИНЬЕР$ -> #ГАРНЬЕР$) = -19.517249489839628
correctionProbability (#DREAMME$ -> #DREAM$) = -82.03136496294348
correctionProbability (#АЛІКС$ -> #АЛЕКС$) = -11.18729669017534
correctionProbability (#МНГА$ -> #МАНГА$) = -10.25638914331812
correctionProbability (#РОГОПРИЕМНИК$ -> #ТОКОПРИЕМНИК$) = -96.37894703142985
correctionProbability (#SOLUSHION$ -> #SOLUTION$) = -82.19423821729171
correctionProbability (#ЛЕНЕНА$ -> #ЛЕНИНА$) = -11.687560000826249
correctionProbability (#СЕМИРАНЫ$ -> #СЕМИНАРЫ$) = -82.83922175130304
correctionProbability (#2010Ц$ -> #2010$) = -10.885994313086815
correctionProbability (#ХРАНИЧЕСКОГО$ -> #ХРОНИЧЕСКОГО$) = -22.536000384091132
correctionProbability (#НАПИСАННО$ -> #НАПИСАНО$) = -19.220449273625796
correctionProbability (#ЛИИЕРАТУРА$ -> #ЛИТЕРАТУРА$) = -15.240549253082875
correctionProbability (#ОБЛСТИ$ -> #ОБЛАСТИ$) = -6.718178778418249
correctionProbability (#ВОСПОЛЕНИИ$ -> #ВОСПАЛЕНИИ$) = -20.26453710750591
correctionProbability (#ЛОССИНАХ$ -> #ЛОСИНАХ$) = -19.088145780734287
correctionProbability (#ВАРФКЙС$ -> #ВАРФЕЙС$) = -10.436247412331802
correctionProbability (#ПЫЛИСОСА$ -> #ПЫЛЕСОСА$) = -15.734276400292828
correctionProbability (#ХОРОШЫЙ$ -> #ХОРОШИЙ$) = -11.131755565381376
correctionProbability (#ЛЕФОРТОВА$ -> #ЛЕФОРТОВО$) = -19.927553475452136
correctionProbability (#ФЬЖЕН$ -> #ФЬЮЖЕН$) = -16.672332959419467
correctionProbability (#BOUS$ -> #BOYS$) = -11.239321138095246
correctionProbability (#GOIGLE$ -> #GOOGLE$) = -5.804020400738434
correctionProbability (#БАДАЙХ$ -> #БЭЙДАЙХЭ$) = -153.98267260855448
correctionProbability (#РЕЖИСЕРОВ$ -> #РЕЖИССЕРОВ$) = -26.061920916232076
correctionProbability (#БРАЗЕ$ -> #ОБРАЗЕЦ$) = -73.93297189514637
correctionProbability (#ДИАМЕТОР$ -> #ДИАМЕТР$) = -16.344201871648757
correctionProbability (#КАМАТЦУ$ -> #КОМАТЦУ$) = -22.514051767291292
correctionProbability (#ВІДЄО$ -> #ВИДЕО$) = -66.514540104797
correctionProbability (#РАБТУ$ -> #РАБОТУ$) = -9.594391981148949
correctionProbability (#ИНТИВНЫХ$ -> #ИНТИМНЫХ$) = -18.92032951094763
correctionProbability (#ГРОДО$ -> #ГРОДНО$) = -10.928244267093898
correctionProbability (#СКОРАСТЬ$ -> #СКОРОСТЬ$) = -11.911419408694961
correctionProbability (#ЩЕВРОЛЕ$ -> #ШЕВРОЛЕ$) = -11.167801820515969
correctionProbability (#ОРЕНДАТОРУ$ -> #АРЕНДАТОРУ$) = -23.687190393785713
correctionProbability (#ВОРМА$ -> #ФОРМА$) = -8.006818327645366
correctionProbability (#SHOXRUXON$ -> #SHOHRUHXON$) = -89.25561778354421
correctionProbability (#ПИШЕТСА$ -> #ПИШЕТСЯ$) = -11.525861577017231
correctionProbability (#РОЗМНОЖЕНИЕ$ -> #РАЗМНОЖЕНИЕ$) = -17.443311730523348
correctionProbability (#УССКОМУ$ -> #РУССКОМУ$) = -9.977020057313787
correctionProbability (#БОСЛАЙК$ -> #БОССЛАЙК$) = -23.405518050800303
correctionProbability (#ГРОДН$ -> #ГРОДНО$) = -10.982030555569413
correctionProbability (#ПОБЕК$ -> #ПОБЕГ$) = -10.488147099380658
correctionProbability (#PFOTOSHOP$ -> #PHOTOSHOP$) = -16.156324619199673
correctionProbability (#МУЗДЫКТАР$ -> #МҰЗДЫҚТАР$) = -93.54041024927969
correctionProbability (#ДОРОЖНОГ$ -> #ДОРОЖНОГО$) = -14.866792980828578
correctionProbability (#ПИЛЕТ$ -> #БИЛЕТ$) = -7.116034437308745
correctionProbability (#СИЛИДОР$ -> #СЕЛИДОР$) = -32.86259683989153
correctionProbability (#МАЄНКРАФТ$ -> #МАЙНКРАФТ$) = -7.944047020638848
correctionProbability (#А10С$ -> #А10$) = -15.809546576679491
correctionProbability (#ДЖИОТИШ$ -> #ДЖЙОТИШ$) = -17.304830964994885
correctionProbability (#КАМОЛОВА$ -> #КОМОЛОВА$) = -26.51450925722812
correctionProbability (#ТОУРЕГ$ -> #ТУАРЕГ$) = -82.65587296210101
correctionProbability (#ПОНИЖЕНОЙ$ -> #ПОНИЖЕННОЙ$) = -24.127972165866048
correctionProbability (#ПОКРАВИТЕЛЬ$ -> #ПОКРОВИТЕЛЬ$) = -22.329536486333637
correctionProbability (#КОТЕДЖНОМ$ -> #КОТТЕДЖНОМ$) = -24.031036882180736
correctionProbability (#ТАРКЕТ$ -> #ТАРКЕТТ$) = -18.627720019074644
correctionProbability (#КУНДЛЕИК$ -> #КҮНДЕЛІК$) = -206.69571653869903
correctionProbability (#ПРЕКРАШЕНИЕ$ -> #ПРЕКРАЩЕНИЕ$) = -21.68916377882165
correctionProbability (#БЛОНК$ -> #БЛАНК$) = -8.794889069005112
correctionProbability (#JAPONES$ -> #JAPANESE$) = -81.54696279223036
correctionProbability (#ЦЕНТАЛЬНЫЙ$ -> #ЦЕНТРАЛЬНЫЙ$) = -16.587211130111854
correctionProbability (#ГОСТИННИЦАХ$ -> #ГОСТИНИЦАХ$) = -24.737922226541848
correctionProbability (#ЖЫРАУДЫН$ -> #ЖЫРАУДЫҢ$) = -22.948130102810467
correctionProbability (#ПОКРАВИТЕЛИ$ -> #ПОКРОВИТЕЛИ$) = -22.247033481753363
correctionProbability (#ПОГОДВА$ -> #ПОГОДА$) = -3.700082679819552
correctionProbability (#РЕКЫИЗИТОВ$ -> #РЕКВИЗИТОВ$) = -21.911823693628882
correctionProbability (#ДЖОКЕ$ -> #ДЖОКЕР$) = -9.308880622211905
correctionProbability (#МИНУСУЮТЯ$ -> #МИНУСУЮТСЯ$) = -36.39136819558916
correctionProbability (#ИСКУСТВЕННЫМИ$ -> #ИСКУССТВЕННЫМИ$) = -30.956226239186975
correctionProbability (#ЧЕЛБИНСК$ -> #ЧЕЛЯБИНСК$) = -10.873825469509342
correctionProbability (#РАСДАЧА$ -> #РАЗДАЧА$) = -16.319865812146702
correctionProbability (#ЭРОМАСАЖ$ -> #ЭРОМАССАЖ$) = -20.426574092695617
correctionProbability (#ИНТИВНЫЕ$ -> #ИНТИМНЫЕ$) = -16.208047984460677
correctionProbability (#ЦАРІЦА$ -> #ЦАРИЦА$) = -13.832683118709188
correctionProbability (#ТИНЬК$ -> #ТИНЬКОФФ$) = -142.65492018857287
correctionProbability (#ФИЛЛИПОВ$ -> #ФИЛИППОВ$) = -86.93473051414091
correctionProbability (#BOTY$ -> #BOOTY$) = -17.25005683496752
correctionProbability (#ПЕТЕРБЕРГ$ -> #ПЕТЕРБУРГ$) = -11.369208938276756
correctionProbability (#ЛЕБИДЬ$ -> #ЛЕБЕДЬ$) = -12.583908708807659
correctionProbability (#ТРЕННИНГ$ -> #ТРЕНИНГ$) = -16.719456631938073
correctionProbability (#ЬЫЛА$ -> #БЫЛА$) = -9.450806096442196
correctionProbability (#ВИОЛЛЕТА$ -> #ВИОЛЕТТА$) = -84.12181798030588
correctionProbability (#КНОПЧНИ$ -> #КНОПОЧНЫЙ$) = -148.77734319718232
correctionProbability (#ПРИКАЗАЕО$ -> #ПРИКАЗАНО$) = -21.59167696585819
correctionProbability (#МОДРЕН$ -> #МОДЕРН$) = -79.88992125438908
correctionProbability (#МОНОПОЛИ$ -> #МОНОПОЛИЯ$) = -18.452037300233727
correctionProbability (#ТАСОЛА$ -> #ТОСОЛА$) = -16.332762482615284
correctionProbability (#ОДЕСКИЙ$ -> #ОДЕССКИЙ$) = -19.56771637979761
correctionProbability (#КЦДА$ -> #КУДА$) = -7.54225018412993
correctionProbability (#АНСАЦЕ$ -> #АНАСЦЕ$) = -81.16561988317952
correctionProbability (#ЦВЕИ$ -> #ЦВЕТ$) = -7.467900032348201
correctionProbability (#SABAVSVO$ -> #SABAVSHVO$) = -23.477934415789065
correctionProbability (#КАНЦТОВАРИ$ -> #КАНЦТОВАРЫ$) = -18.615358810128356
correctionProbability (#ПЕЛМЕНИЙ$ -> #ПЕЛЬМЕНЕЙ$) = -82.09136571211512
correctionProbability (#ШИКАРНА$ -> #ШИКАРНАЯ$) = -19.063935001012304
correctionProbability (#WODMAN$ -> #WOODMAN$) = -18.699956121071935
correctionProbability (#ДОГОВОРИТСЯ$ -> #ДОГОВОРИТЬСЯ$) = -27.38309674194432
correctionProbability (#ЛЕЧТЬ$ -> #ЛЕЧИТЬ$) = -10.480856606759186
correctionProbability (#МАШЕННИКИ$ -> #МОШЕННИКИ$) = -17.295711601709904
correctionProbability (#ДОСА$ -> #ДОМА$) = -4.4253166677404145
correctionProbability (#ПЕРЕЛ$ -> #ПЕРЕД$) = -9.051586147849978
correctionProbability (#ЮТЕБ$ -> #ЮТУБ$) = -0.19175207313523046
correctionProbability (#ORLIU$ -> #ORLEU$) = -23.202200668384236
correctionProbability (#ATACKI$ -> #ATAKI$) = -33.96664579303204
correctionProbability (#СПРАВАЧНАЯ$ -> #СПРАВОЧНАЯ$) = -15.612480644257616
correctionProbability (#АКУШЕРСТОВ$ -> #АКУШЕРСТВО$) = -86.88002327719336
correctionProbability (#DEVUWKI$ -> #DEVUSHKI$) = -84.3202894194295
correctionProbability (#КВИЛИНГ$ -> #КВИЛЛИНГ$) = -17.64828115886234
correctionProbability (#ЬЫЛИ$ -> #БЫЛИ$) = -10.116731567345244
correctionProbability (#ПОДЛЮЧИТЬ$ -> #ПОДКЛЮЧИТЬ$) = -14.163199815100455
correctionProbability (#РЫБЕНСКЕ$ -> #РЫБИНСКЕ$) = -17.560842845078604
correctionProbability (#ЛИЦР$ -> #ЛИЦО$) = -8.423987606113688
correctionProbability (#ЛИОНИД$ -> #ЛЕОНИД$) = -11.618174343236138
correctionProbability (#ЬЫЛО$ -> #БЫЛО$) = -8.502098074150972
correctionProbability (#ВОРНА$ -> #ВОРОНА$) = -12.885948929912185
correctionProbability (#НЕДЕРЛАНДЫ$ -> #НИДЕРЛАНДЫ$) = -18.72927659049305
correctionProbability (#РИАГИРУЕТ$ -> #РЕАГИРУЕТ$) = -18.886352864174114
correctionProbability (#ВЫЖИВЩИЙ$ -> #ВЫЖИВШИЙ$) = -15.336623718622995
correctionProbability (#АВЕРСЕВ$ -> #АВЕРСЭВ$) = -21.842558267560833
correctionProbability (#БЛОНДИКИ$ -> #БЛОНДИНКИ$) = -16.508460161939908
correctionProbability (#КРАЙСИС$ -> #КРАЙЗИС$) = -18.860961035733354
correctionProbability (#ФЕЛИЦИНА$ -> #ФЕЛИЦЫНА$) = -23.13132956558041
correctionProbability (#ДИХРАМ$ -> #ДИРХАМ$) = -86.60504482674973
correctionProbability (#ОТРАСЛЕ$ -> #ОТРАСЛИ$) = -15.40943257952101
correctionProbability (#ЭРОТИЧНСКИЕ$ -> #ЭРОТИЧЕСКИЕ$) = -14.774940865592711
correctionProbability (#БРОНХОЛІТИН$ -> #БРОНХОЛИТИН$) = -23.35984975505111
correctionProbability (#BOTI$ -> #BOT$) = -17.04346302053383
correctionProbability (#КОМПАНЬЕНША$ -> #КОМПАНЬОНША$) = -36.74760764326473
correctionProbability (#ГРОЕВ$ -> #ГЕРОЕВ$) = -12.111696523119203
correctionProbability (#СПАТИФИЛУМА$ -> #СПАТИФИЛЛУМА$) = -27.474083352255946
correctionProbability (#МОНОЦИТИ$ -> #МОНОЦИТЫ$) = -19.657146540761858
correctionProbability (#ЭННЕРГИЯ$ -> #ЭНЕРГИЯ$) = -15.351904658622104
correctionProbability (#АФИЦИАЛЬНЫЙ$ -> #ОФИЦИАЛЬНЫЙ$) = -6.893151346555719
correctionProbability (#ТВОРЧЕСК5ИЙ$ -> #ТВОРЧЕСКИЙ$) = -21.50097154442424
correctionProbability (#ПРПВИЛА$ -> #ПРАВИЛА$) = -9.364525370683822
correctionProbability (#СРЕЛИ$ -> #СРЕДИ$) = -11.131203579504561
correctionProbability (#КАСНОДАР$ -> #КРАСНОДАР$) = -10.430376142297938
correctionProbability (#ЧЕРНИК$ -> #ЧЕРНЯК$) = -18.471835454521635
correctionProbability (#БАРДЮРНЫЕ$ -> #БОРДЮРНЫЕ$) = -23.04384893612123
correctionProbability (#ЦВЕЫ$ -> #ЦВЕТЫ$) = -7.174034809027017
correctionProbability (#ЛИЦВ$ -> #ЛИЦА$) = -6.420775193566811
correctionProbability (#ЗАКАД$ -> #ЗАКАТ$) = -4.06978584993902
correctionProbability (#МУРАШЕВА$ -> #МУРАШОВА$) = -22.57624124334904
correctionProbability (#ПОРНОВЛФ$ -> #ПОРНОФЛВ$) = -91.40814166437588
correctionProbability (#ИСАКА$ -> #ИСААКА$) = -20.57426607906272
correctionProbability (#ЧЕРНИМ$ -> #ЧЕРНЫМ$) = -14.513958529547761
correctionProbability (#ПЕРЕАРДЧИК$ -> #ПЕРЕВОДЧИК$) = -73.43744702905744
correctionProbability (#ВОССТАНОВИТ$ -> #ВОССТАНОВИТЬ$) = -17.01373290104035
correctionProbability (#КАНЕЦ$ -> #КОНЕЦ$) = -10.679552176580042
correctionProbability (#ЗЕАЕШЬ$ -> #ЗНАЕШЬ$) = -13.836650993332999
correctionProbability (#БЕСОПАСНОСТИ$ -> #БЕЗОПАСНОСТИ$) = -15.013192412385557
correctionProbability (#ПЕЧЬКИ$ -> #ПЕЧКИ$) = -13.679610223957642
correctionProbability (#СОВОКУПЛEНИЯ$ -> #СОВОКУПЛЕНИЯ$) = -30.5017640940571
correctionProbability (#НАКАУТ$ -> #НОКАУТ$) = -18.37370071650047
correctionProbability (#ГОМОРА$ -> #ГОМОРРА$) = -20.321109638550453
correctionProbability (#ГЛАТАТЬ$ -> #ГЛОТАТЬ$) = -18.275201129863547
correctionProbability (#СРЕЛА$ -> #СРЕДА$) = -11.901610413525685
correctionProbability (#СТРАТЕГИ$ -> #СТРАТЕГИИ$) = -15.45811589810927
correctionProbability (#КОМБИНЗОНЫ$ -> #КОМБИНЕЗОНЫ$) = -20.468501019062813
correctionProbability (#ЭНДЖЕН$ -> #ЭНДЖИН$) = -19.307989357748244
correctionProbability (#ТРАНЕКСАН$ -> #ТРАНЕКСАМ$) = -20.169668750203684
correctionProbability (#YUXDA$ -> #YUXUDA$) = -18.800376775449354
correctionProbability (#GOODD$ -> #GOOD$) = -13.762579609527808
correctionProbability (#ГЛААНАЯ$ -> #ГЛАВНАЯ$) = -10.024890164412597
correctionProbability (#САЧАТЬ$ -> #СКАЧАТЬ$) = -3.085481894302566
correctionProbability (#ШТО$ -> #ЧТО$) = -1.3745076561996044
correctionProbability (#ДРУКОМ$ -> #ДРУГОМ$) = -12.423858421180686
correctionProbability (#ПЕЧЬКУ$ -> #ПЕЧКУ$) = -16.163170644628206
correctionProbability (#БРАЕН$ -> #БРАЙАН$) = -78.40036808585133
correctionProbability (#САМСУМГ$ -> #САМСУНГ$) = -9.481990564316234
correctionProbability (#ВІДІЛ$ -> #ВІДДІЛ$) = -19.31853614339997
correctionProbability (#А10А$ -> #А10$) = -15.828804797736193
correctionProbability (#ЗАКАС$ -> #ЗАКАЗ$) = -7.311982696227972
correctionProbability (#MTOROLA$ -> #MOTOROLA$) = -17.45198850910223
correctionProbability (#ПАТЕНЦИИ$ -> #ПОТЕНЦИИ$) = -17.26153202986469
correctionProbability (#НОРМАЛЬНЛ$ -> #НОРМАЛЬНО$) = -17.502094190165288
correctionProbability (#АРДУИН$ -> #АРДУИНО$) = -16.79215894816781
correctionProbability (#ХАХЛУШКИ$ -> #ХОХЛУШКИ$) = -21.245581410969066
correctionProbability (#ВЕРОПОМИЛ$ -> #ВЕРАПАМИЛ$) = -86.2691377552023
correctionProbability (#ПЕРЕЧЕСЛЕНИЕ$ -> #ПЕРЕЧИСЛЕНИЕ$) = -22.42643931638637
correctionProbability (#САИТЕ$ -> #САЙТЕ$) = -9.622910375960874
correctionProbability (#ШОКЛА$ -> #ШКОЛА$) = -73.33805413808591
correctionProbability (#ПЕЛЬМЕН$ -> #ПЕЛЬМЕНИ$) = -11.675680839662363
correctionProbability (#ПАКЕМОН$ -> #ПОКЕМОН$) = -13.557950453936101
correctionProbability (#ЮТБЬ$ -> #ЮТУБ$) = -68.02214203058143
correctionProbability (#СКАЧКАТЬ$ -> #СКАЧАТЬ$) = -4.993852797717265
correctionProbability (#КОММАДОР$ -> #КОММОДОР$) = -33.732135179909626
correctionProbability (#ФОТОШОМ$ -> #ФОТОШОП$) = -12.304114472410511
correctionProbability (#КОРРОБКЕ$ -> #КОРОБКЕ$) = -16.58929326863474
correctionProbability (#КЕНВОД$ -> #КЕНВУД$) = -17.202667847493732
correctionProbability (#ЗАПЕЧЕНИЙ$ -> #ЗАПЕЧЕННЫЙ$) = -84.36335305515279
correctionProbability (#ПОЗДРАЛЕНИЯ$ -> #ПОЗДРАВЛЕНИЯ$) = -13.95495302560937
correctionProbability (#HAMACH$ -> #HAMACHI$) = -18.5444775664687
correctionProbability (#КОНЪЮКТИВИТ$ -> #КОНЪЮНКТИВИТ$) = -25.621770858694738
correctionProbability (#АРХИПНЛАГ$ -> #АРХИПЕЛАГ$) = -20.956907283672322
correctionProbability (#ИННОСТРАННОЙ$ -> #ИНОСТРАННОЙ$) = -24.222093227350953
correctionProbability (#КАМАТОЗНИКИ$ -> #КОМАТОЗНИКИ$) = -22.701090541300786
correctionProbability (#МОПОИ$ -> #МОПИО$) = -80.67231364249398
correctionProbability (#ДЖИАНА$ -> #ДЖИАННА$) = -23.612196971813162
correctionProbability (#ГИПНОЗАМ$ -> #ГИПНОЗОМ$) = -15.179606150993301
correctionProbability (#ЖЕТИСАЙ$ -> #ЖЕТЫСАЙ$) = -20.3476904021544
correctionProbability (#АЛЕШКО$ -> #ОЛЕШКО$) = -18.4582242583113
correctionProbability (#ПРАДАЮТ$ -> #ПРОДАЮТ$) = -16.059381962871335
correctionProbability (#WOLD$ -> #WORLD$) = -9.075949795181383
correctionProbability (#МСКАЧАТЬ$ -> #СКАЧАТЬ$) = -5.018458846936879
correctionProbability (#УСТОЙСТВО$ -> #УСТРОЙСТВО$) = -13.892043556531561
correctionProbability (#ИШМУХАМЕТОВО$ -> #ИШМУХАМЕТОВА$) = -31.0729902279082
correctionProbability (#СТОИТЕЛЬНЫЕ$ -> #СТРОИТЕЛЬНЫЕ$) = -18.24815799804886
correctionProbability (#НАСЛИДКИ$ -> #НАСЛІДКИ$) = -19.944917123437236
correctionProbability (#ПАМАТЬ$ -> #ПАМЯТЬ$) = -11.439818901030815
correctionProbability (#МАЙОЛ$ -> #МАЙЛ$) = -6.154422321920546
correctionProbability (#ДЄВАЧКА$ -> #ДЕВОЧКА$) = -73.95888366448527
correctionProbability (#АЛМАЬЫ$ -> #АЛМАТЫ$) = -7.210897989538957
correctionProbability (#СИНОИМ$ -> #СИНОНИМ$) = -13.22203530927775
correctionProbability (#ГРЯДКК$ -> #ГРЯДКЕ$) = -17.897993284662608
correctionProbability (#КАРПУК$ -> #КАРПЮК$) = -15.626487393123671
correctionProbability (#БИОГРАФИЧ$ -> #БИОГРАФИЯ$) = -10.356637756352612
correctionProbability (#МОЛДОВИИ$ -> #МОЛДАВИИ$) = -19.150641683658954
correctionProbability (#ПРОВРИТЬ$ -> #ПРОВЕРИТЬ$) = -11.163005461564232
correctionProbability (#ЖАРЕННОЙ$ -> #ЖАРЕНОЙ$) = -21.817670464551497
correctionProbability (#ШАНЦОН$ -> #ШАНСОН$) = -9.701931145916273
correctionProbability (#ДЕШОВОЕ$ -> #ДЕШЕВОЕ$) = -16.710776273062883
correctionProbability (#ПІНІ$ -> #ПІСНІ$) = -12.68402704251034
correctionProbability (#СЛУТЬ$ -> #СЛУШАТЬ$) = -71.07789901009053
correctionProbability (#ОЛИПМИАДЕ$ -> #ОЛИМПИАДЕ$) = -85.9378125395098
correctionProbability (#HERT$ -> #HEART$) = -13.21166934746164
correctionProbability (#ЖЕМЫ$ -> #ЖЕНЫ$) = -9.255400528987582
correctionProbability (#МАТЮРЕ$ -> #МАТУРЕ$) = -16.836997517091252
correctionProbability (#АППОЛОНА$ -> #АПОЛЛОНА$) = -89.59057659808599
correctionProbability (#ТУЗЛО$ -> #ТУЗЛА$) = -22.62252381867515
correctionProbability (#ДНЕНВИК$ -> #ДНЕВНИК$) = -74.8889435174333
correctionProbability (#РУКОВОСТВО$ -> #РУКОВОДСТВО$) = -17.461304807791194
correctionProbability (#СУПРДИН$ -> #СУПРАДИН$) = -19.34196443414644
correctionProbability (#ШПОРИ$ -> #ШПОРЫ$) = -15.134294039305384
correctionProbability (#КАСМЕТИКА$ -> #КОСМЕТИКА$) = -12.552444471416216
correctionProbability (#ЧСАЛОН$ -> #САЛОН$) = -11.41671965088064
correctionProbability (#КДУБ$ -> #КЛУБ$) = -6.63889213589697
correctionProbability (#WOLK$ -> #WALK$) = -14.284790133015878
correctionProbability (#СКОВАРОДКЕ$ -> #СКОВОРОДЕ$) = -81.70602298467182
correctionProbability (#КАВКАЗКОЕ$ -> #КАВКАЗСКОЕ$) = -23.976443987833704
correctionProbability (#ПРОЭКТОРА$ -> #ПРОЕКТОРА$) = -19.266810676447193
correctionProbability (#ИНСТИТТ$ -> #ИНСТИТУТ$) = -12.288406412643504
correctionProbability (#ЧЕРВЯНКИ$ -> #ЧЕРВЯКИ$) = -21.121508362260954
correctionProbability (#СКАЧАИЬ$ -> #СКАЧАТЬ$) = -2.5101842958078517
correctionProbability (#ЕНИСЕИ$ -> #ЕНИСЕЙ$) = -14.549869633884438
correctionProbability (#НЕВЕЯ$ -> #НИВЕЯ$) = -16.65209824941196
correctionProbability (#КИНОТЕАРТ$ -> #КИНОТЕАТР$) = -79.12234739937277
correctionProbability (#ВОЗЛЮБЛЕНИЕ$ -> #ВОЗЛЮБЛЕННЫЕ$) = -88.06503946093792
correctionProbability (#LLJ$ -> #LJ$) = -18.325761057078633
correctionProbability (#ДОСАШНЕЕ$ -> #ДОМАШНЕЕ$) = -10.560827149792296
correctionProbability (#ФЕДЕРАЦЫИИ$ -> #ФЕДЕРАЦИИ$) = -16.422231076550645
correctionProbability (#ZAPCASTI$ -> #ZAPCHASTI$) = -26.702576617149468
correctionProbability (#ПУИЕВКИ$ -> #ПУТЕВКИ$) = -12.47377102601262
correctionProbability (#МИКРООВТОБУС$ -> #МИКРОАВТОБУС$) = -20.610463677511014
correctionProbability (#ИСТОРРИИ$ -> #ИСТОРИИ$) = -11.586574790820507
correctionProbability (#КАСМЕТИКИ$ -> #КОСМЕТИКИ$) = -15.864513613536339
correctionProbability (#АТРАКЦИОНОВ$ -> #АТТРАКЦИОНОВ$) = -23.91714906268438
correctionProbability (#БЕСЛПТАНО$ -> #БЕСПЛАТНО$) = -137.3561101718892
correctionProbability (#КРЕЩЕНЫЙ$ -> #КРЕЩЕННЫЙ$) = -27.596799192866968
correctionProbability (#БУУМ$ -> #БУМ$) = -12.501083298898433
correctionProbability (#ДОУГ$ -> #ДРУГ$) = -8.333681649299347
correctionProbability (#ПРАВОАОЙ$ -> #ПРАВОВОЙ$) = -16.221346309444172
correctionProbability (#MI4S$ -> #MI4C$) = -21.096553680482774
correctionProbability (#ПОЛУЧЕННЫХИ$ -> #ПОЛУЧЕННЫХ$) = -24.00457776826267
correctionProbability (#ГНУГЛ$ -> #ГУГЛ$) = -5.471616137945297
correctionProbability (#МУЛЬТЕПЛЕЕР$ -> #МУЛЬТИПЛЕЕР$) = -21.095732634017452
correctionProbability (#ZLLTIME$ -> #ALLTIME$) = -19.53685035063708
correctionProbability (#БЮЖЕТ$ -> #БЮДЖЕТ$) = -12.847637547890177
correctionProbability (#ИСТОРРИЯ$ -> #ИСТОРИЯ$) = -10.598033124256546
correctionProbability (#КОМПЮТЕРНОГО$ -> #КОМПЬЮТЕРНОГО$) = -23.962593197049145
correctionProbability (#МВАЙЛ$ -> #МАЙЛ$) = -6.1812443200784415
correctionProbability (#КОТЕЛЬНИК$ -> #КОТЕЛЬНИКИ$) = -20.00291425361892
correctionProbability (#МЕТАЛЛАПРОФИЛЯ$ -> #МЕТАЛЛОПРОФИЛЯ$) = -25.264109899998708
correctionProbability (#BOSSTER$ -> #BOOSTER$) = -14.028780446561854
correctionProbability (#ВЫПАДЫВАЮТ$ -> #ВЫПАДАЮТ$) = -87.72376309863299
correctionProbability (#РАЗДИВАЕТСЯ$ -> #РАЗДЕВАЕТСЯ$) = -20.257553020315406
correctionProbability (#СКАЧАЙТ$ -> #СКАЧАТЬ$) = -70.3183395293911
correctionProbability (#КАМИСАР$ -> #КОМИССАР$) = -81.16540465950668
correctionProbability (#САМСУНК$ -> #САМСУНГ$) = -9.447361573191827
correctionProbability (#ЧСОТРЕТЬ$ -> #СМОТРЕТЬ$) = -70.26600547097433
correctionProbability (#ПЕРВЫ$ -> #ПЕРВЫЙ$) = -8.340862924810452
correctionProbability (#МИНИСТРЕРСТВА$ -> #МИНИСТЕРСТВА$) = -20.024910570197427
correctionProbability (#САМСУНН$ -> #САМСУНГ$) = -9.446746466885685
correctionProbability (#КУНЛЕЛИК$ -> #КҮНДЕЛІК$) = -138.83239184494298
correctionProbability (#ЛОИРЛ$ -> #ЛОИРО$) = -19.305232978815656
correctionProbability (#РОИЗВОДИТЕЛЬ$ -> #ПРОИЗВОДИТЕЛЬ$) = -18.929719633656447
correctionProbability (#СМОТРЕТЪ$ -> #СМОТРЕТЬ$) = -2.3635459395145
correctionProbability (#KHATURDATE$ -> #CHATURBATE$) = -83.51270680452387
correctionProbability (#ПКРЕКЛЮЧАТЬ$ -> #ПЕРЕКЛЮЧАТЬ$) = -23.523001769449294
correctionProbability (#СМОТРЕТЫ$ -> #СМОТРЕТЬ$) = -2.364198562720288
correctionProbability (#АНДРОЙ$ -> #АНДРОИД$) = -74.47188034348376
correctionProbability (#ЧЕЛЕСТЬ$ -> #ЧЕЛЮСТЬ$) = -17.184199448735804
correctionProbability (#РАЗУМОВСКА$ -> #РАЗУМОВСКАЯ$) = -18.287170419537716
correctionProbability (#ССЕЗОН$ -> #СЕЗОН$) = -4.633245158228309
correctionProbability (#КВОРТИР$ -> #КВАРТИР$) = -9.321391199487579
correctionProbability (#ФЛЕЕР$ -> #ФЛАЕР$) = -15.215165219103927
correctionProbability (#САМСУНШ$ -> #САМСУНГ$) = -9.448049492985788
correctionProbability (#ЗВЯНИНА$ -> #ЗВЯГИНА$) = -23.589613888462075
correctionProbability (#РУКВАМИ$ -> #РУКАВАМИ$) = -18.133958978696874
correctionProbability (#LVAN$ -> #IVAN$) = -16.228225678203383
correctionProbability (#БУТЬ$ -> #БУДЬ$) = -11.68714691845253
correctionProbability (#ПЛАСТРЬ$ -> #ПЛАСТЫРЬ$) = -17.379303584323253
correctionProbability (#ТАМЬОВ$ -> #ТАМБОВ$) = -10.937820771044404
correctionProbability (#ДИФЛОРАЦИЯ$ -> #ДЕФЛОРАЦИЯ$) = -20.40246490012668
correctionProbability (#СИНЛНИМ$ -> #СИНОНИМ$) = -12.713928988234557
correctionProbability (#ЛАПИРАМИД$ -> #ЛОПЕРАМИД$) = -84.02806816306646
correctionProbability (#ПОГОДАА$ -> #ПОГОДА$) = -3.671669727421861
correctionProbability (#ЕВГЕНЬЕВА$ -> #ЕВГЕНЬЕВНА$) = -19.853206442791745
correctionProbability (#ХАРАКТЕРТСТИКА$ -> #ХАРАКТЕРИСТИКА$) = -17.129759089251934
correctionProbability (#БУРЕЕИЕ$ -> #БУРЕНИЕ$) = -14.023425871611664
correctionProbability (#GOOOOOL$ -> #GOOOOL$) = -21.889473867834045
correctionProbability (#ЗИМНЕИЕ$ -> #ЗИМНИЕ$) = -11.784241006172433
correctionProbability (#ОТЛУЧИТЬ$ -> #ОТУЧИТЬ$) = -17.493750106209347
correctionProbability (#ОРТОПЕДИЧНИЙ$ -> #ОРТОПЕДИЧЕСКИЙ$) = -153.07940901508118
correctionProbability (#КАРТРИЖД$ -> #КАРТРИДЖ$) = -80.53834950548946
correctionProbability (#ВОРЛТ$ -> #ВОРЛД$) = -9.922239024787746
correctionProbability (#POLITICHESKAA$ -> #POLITICHESKAYA$) = -33.461330163953534
correctionProbability (#АНЛИЙСКОМУ$ -> #АНГЛИЙСКОМУ$) = -13.778038946142289
correctionProbability (#ВИНИГРЕД$ -> #ВИНЕГРЕТ$) = -81.43656466814674
correctionProbability (#ПРИАМБУЛА$ -> #ПРЕАМБУЛА$) = -22.333668851678354
correctionProbability (#УПЛАТНЕНИЕ$ -> #УПЛОТНЕНИЕ$) = -19.229890817545176
correctionProbability (#ПРПАРАТЫ$ -> #ПРЕПАРАТЫ$) = -14.543189424666195
correctionProbability (#ПЕРВЙ$ -> #ПЕРВЫЙ$) = -8.370963276999934
correctionProbability (#ХРИСТОМАТІЯ$ -> #ХРЕСТОМАТІЯ$) = -28.308972056459446
correctionProbability (#БОЛНИЧНЫЙ$ -> #БОЛЬНИЧНЫЙ$) = -17.261740944438515
correctionProbability (#ГРАНДБ$ -> #ГРАНД$) = -12.347898982256357
correctionProbability (#АСПЕКТС$ -> #АСПЕКТ$) = -20.03225524014508
correctionProbability (#ГРАНДА$ -> #ГРАНТА$) = -11.774445421863067
correctionProbability (#ЛИША$ -> #ЛИГА$) = -7.248222210633823
correctionProbability (#LIITLE$ -> #LITTLE$) = -10.890366331668378
correctionProbability (#АЭРОПОТР$ -> #АЭРОПОРТ$) = -78.65587906676889
correctionProbability (#ВОРРНЕЖ$ -> #ВОРОНЕЖ$) = -8.98345402327729
correctionProbability (#ЭВАТОР$ -> #ЭВОТОР$) = -14.328342475695916
correctionProbability (#ЕВАРТАЛА$ -> #КВАРТАЛА$) = -18.65357328688264
correctionProbability (#САНАТОРИИИ$ -> #САНАТОРИИ$) = -15.692559126993068
correctionProbability (#ФОРКОП$ -> #ФАРКОП$) = -15.437697245507795
correctionProbability (#УСТОЙСТВА$ -> #УСТРОЙСТВА$) = -16.528584910483502
correctionProbability (#СМОТРЕТЛ$ -> #СМОТРЕТЬ$) = -2.3639809743241447
correctionProbability (#MINECAFT$ -> #MINECRAFT$) = -13.130928896051934
correctionProbability (#СМОТРЕТИ$ -> #СМОТРЕТЬ$) = -2.3593503315080095
correctionProbability (#СКЕЙТЧБУК$ -> #СКЕТЧБУК$) = -20.478178341578577
correctionProbability (#ЛИЧУ$ -> #ЛЕЧУ$) = -16.103733525785078
correctionProbability (#ЕГОИСТ$ -> #ЭГОИСТ$) = -17.289699626039802
correctionProbability (#ПОГОДАТ$ -> #ПОГОДА$) = -3.6760912526797362
correctionProbability (#СУТАК$ -> #СУТОК$) = -14.051950144735574
correctionProbability (#ЛАМИНИТ$ -> #ЛАМИНАТ$) = -12.37874691826687
correctionProbability (#ГАРМИТИ$ -> #ГОРМИТИ$) = -16.65521251563409
correctionProbability (#ПИШЕТМЯ$ -> #ПИШЕТСЯ$) = -11.548700489652738
correctionProbability (#ИНСГРАМ$ -> #ИНСТАГРАМ$) = -74.46599890421263
correctionProbability (#ГКЛЬ$ -> #ГЕЛЬ$) = -8.694548801193662
correctionProbability (#ТЕХНОЛОГІІ$ -> #ТЕХНОЛОГІЇ$) = -21.92187411365927
correctionProbability (#ПОГОДАП$ -> #ПОГОДА$) = -3.703949876229153
correctionProbability (#ЕТУП$ -> #ЮТУБ$) = -64.91986842648372
correctionProbability (#ОЛИМПИСКИЕ$ -> #ОЛИМПИЙСКИЕ$) = -19.73940712515568
correctionProbability (#ПРЕЗЕНТАЦЫЮ$ -> #ПРЕЗЕНТАЦИЮ$) = -17.260802474052923
correctionProbability (#ХАРЛАНОВ$ -> #ХАРЛАМОВ$) = -14.782498488626182
correctionProbability (#ДОНК$ -> #ДОНУ$) = -7.9120265928973765
correctionProbability (#PRAZA$ -> #PRACA$) = -19.1380654068892
correctionProbability (#ПРИГОТВИТЬ$ -> #ПРИГОТОВИТЬ$) = -12.968942406238057
correctionProbability (#КИНЕЛЛ$ -> #КИНЕЛЬ$) = -17.003493168338817
correctionProbability (#КРУППЫ$ -> #ГРУППЫ$) = -9.006817122656667
correctionProbability (#ОВОГО$ -> #НОВОГО$) = -11.317538399175337
correctionProbability (#ОЛИМПИСКИЙ$ -> #ОЛИМПИЙСКИЙ$) = -20.174818188030116
correctionProbability (#БЕЗПРОВОДНАЯ$ -> #БЕСПРОВОДНАЯ$) = -19.068623339832172
correctionProbability (#ДНЕВВНИК$ -> #ДНЕВНИК$) = -9.542333118786452
correctionProbability (#ЛИУЕ$ -> #ЛИЦЕ$) = -10.08863182745235
correctionProbability (#ПРЕЛОМ$ -> #ПЕРЕЛОМ$) = -14.447928581268641
correctionProbability (#ПРИГТОВЛЕНИЯ$ -> #ПРИГОТОВЛЕНИЯ$) = -18.10325529450219
correctionProbability (#ПОДРОМТКОВ$ -> #ПОДРОСТКОВ$) = -14.401911107543327
correctionProbability (#СЕЛАНИН$ -> #СТЕЛЛАНИН$) = -86.63165371447873
correctionProbability (#СВЯЩЕНИК$ -> #СВЯЩЕННИК$) = -19.35075045208307
correctionProbability (#XAQIDA$ -> #HAQIDA$) = -15.49526655722774
correctionProbability (#ЛИУА$ -> #ЛИЦА$) = -6.368748083977636
correctionProbability (#ЖУРНАЛЬНВЙ$ -> #ЖУРНАЛЬНЫЙ$) = -18.640457765729487
correctionProbability (#ЛЕВЕРПУЛ$ -> #ЛИВЕРПУЛЬ$) = -81.2222657231992
correctionProbability (#ЮТАБ$ -> #ЮТУБ$) = -0.19031561574577083
correctionProbability (#КГИГИ$ -> #КНИГИ$) = -6.9762662144867384
correctionProbability (#ВАКСИ$ -> #БАКСИ$) = -15.852512528197014
correctionProbability (#ИПОЛНЕНИИ$ -> #ИСПОЛНЕНИИ$) = -16.068302899874162
correctionProbability (#СИФЕРОПОЛЬ$ -> #СИМФЕРОПОЛЬ$) = -13.248276424836561
correctionProbability (#ППОГРАММА$ -> #ПРОГРАММА$) = -8.621104839598708
correctionProbability (#АЛЬВАРЕЗ$ -> #АЛЬВАРЕС$) = -14.812951826315278
correctionProbability (#ПИСОЧНИЦА$ -> #ПЕСОЧНИЦА$) = -18.425208201531284
correctionProbability (#ПЪЯНЫЙ$ -> #ПЬЯНЫЙ$) = -13.312774460831779
correctionProbability (#ГЮНЗБЕРГ$ -> #ГЮНЦБУРГ$) = -98.72543897140054
correctionProbability (#КИНОТЕАТО$ -> #КИНОТЕАТР$) = -11.335688187668651
correctionProbability (#ТПШКЕНЬН$ -> #ТАШКЕНТЕ$) = -143.12010194768172
correctionProbability (#Ж9МЫС$ -> #ЖҰМЫС$) = -13.094011943976124
correctionProbability (#ОГТУ$ -> #ОМГТУ$) = -15.402150227624634
correctionProbability (#DIAGYOSTIC$ -> #DIAGNOSTIC$) = -24.092041079560026
correctionProbability (#КОПЬЮТЕРА$ -> #КОМПЬЮТЕРА$) = -13.873718827730976
correctionProbability (#WALDBERISS$ -> #WILDBERRIES$) = -145.45663702224303
correctionProbability (#ПОСАЛИТЬ$ -> #ПОСОЛИТЬ$) = -15.625052960985016
correctionProbability (#ТЕЕГРАМ$ -> #ТЕЛЕГРАММ$) = -80.31623373437483
correctionProbability (#КОУБЫ$ -> #КЛУБЫ$) = -12.322550475059142
correctionProbability (#КЛАСНЫЙ$ -> #КЛАССНЫЙ$) = -13.96779715192222
correctionProbability (#КИЭВА$ -> #КИЄВА$) = -16.573875906340934
correctionProbability (#РАЗУМОСКАЯ$ -> #РАЗУМОВСКАЯ$) = -18.305478528361967
correctionProbability (#КИНЕМА$ -> #СИНЕМА$) = -11.2500946787676
correctionProbability (#ЗГД$ -> #ГДЗ$) = -71.42273887070857
correctionProbability (#ЭРОРАС$ -> #ЭРОРАСС$) = -26.681181954857962
correctionProbability (#НІМФОМАНКА$ -> #НИМФОМАНКА$) = -20.13998880287545
correctionProbability (#КЛАСНЫЕ$ -> #КЛАССНЫЕ$) = -15.534639718549244
correctionProbability (#ОБЬЁМ$ -> #ОБЪЕМ$) = -75.66498480229278
correctionProbability (#CERTIFIE$ -> #CERTIFIED$) = -24.245727651028254
correctionProbability (#ИНТС$ -> #ИНСТ$) = -79.896498491589
correctionProbability (#СТЕГАНЫЕ$ -> #СТЕГАННЫЕ$) = -22.99094194959624
correctionProbability (#САХРАНЕНИЕ$ -> #СОХРАНЕНИЕ$) = -18.36989722456424
correctionProbability (#СМОТОРЕТЬ$ -> #СМОТРЕТЬ$) = -4.867013083830086
correctionProbability (#ЭДИНИЙ$ -> #ЄДИНИЙ$) = -17.988432124133322
correctionProbability (#LNN$ -> #INN$) = -12.838546809911197
correctionProbability (#МАНАДЖМЕН$ -> #МЕНЕДЖМЕНТ$) = -147.668680874511
correctionProbability (#ЛИТОН$ -> #ЛИОН$) = -15.503909728522874
correctionProbability (#ОКТОГАНАЛЬНАЯ$ -> #ОКТОГОНАЛЬНАЯ$) = -38.63633845853564
correctionProbability (#ЗЕЛЕМХАН$ -> #ЗЕЛИМХАН$) = -20.59460670018568
correctionProbability (#ДОКЛОД$ -> #ДОКЛАД$) = -10.54822834878971
correctionProbability (#АЛФАБЕТ$ -> #АЛФАВИТ$) = -74.9696669731065
correctionProbability (#СРЕДНАЯ$ -> #СРЕДНЯЯ$) = -11.924285579514248
correctionProbability (#ЗАБЛАКИРОВАТЬ$ -> #ЗАБЛОКИРОВАТЬ$) = -21.61201251325214
correctionProbability (#АВНГАРД$ -> #АВАНГАРД$) = -13.651269879123717
correctionProbability (#ХАБАРОВСКИ$ -> #ХАБАРОВСКЕ$) = -14.487714815198665
correctionProbability (#СРЕУ$ -> #СРЕДУ$) = -15.61901088976354
correctionProbability (#СВАДЕБНИЕ$ -> #СВАДЕБНЫЕ$) = -14.47739587684135
correctionProbability (#ВЕЛЮРЕВЫЕ$ -> #ВЕЛЮРОВЫЕ$) = -21.676638991367966
correctionProbability (#MYSKORE$ -> #MYSCORE$) = -13.45886870980381
correctionProbability (#ТЕЛЕШРАМ$ -> #ТЕЛЕГРАММ$) = -79.73780877023748
correctionProbability (#ПРЕЗЕНТАЦЫЯ$ -> #ПРЕЗЕНТАЦИЯ$) = -12.159735964633903
correctionProbability (#ЖОКТОР$ -> #ДОКТОР$) = -7.84025450573364
correctionProbability (#АНДЖОЛИНА$ -> #АНДЖЕЛИНА$) = -16.7961718399969
correctionProbability (#ПРТЛОЖЕНИЕ$ -> #ПРИЛОЖЕНИЕ$) = -13.294514859515097
correctionProbability (#CAMFINDER$ -> #SATFINDER$) = -92.97126622779503
correctionProbability (#КАНЮКТИВИТ$ -> #КОНЬЮКТИВИТ$) = -86.33758454541143
correctionProbability (#ПОРТОТИВНЫЙ$ -> #ПОРТАТИВНЫЙ$) = -19.185968065458475
correctionProbability (#ИРНТУ$ -> #ИРНИТУ$) = -20.248253601860288
correctionProbability (#ТЕПЛООБМЕНИК$ -> #ТЕПЛООБМЕННИК$) = -21.40196176314086
correctionProbability (#АТКРЫТЬ$ -> #ОТКРЫТЬ$) = -10.066630253754525
correctionProbability (#ДОМК$ -> #ДОМЕ$) = -7.747116641496486
correctionProbability (#КАСТЕНГ$ -> #КАСТИНГ$) = -12.781698565784609
correctionProbability (#ЛИФТБЭК$ -> #ЛИФТБЕК$) = -17.720295653753
correctionProbability (#СТРОГАНАЯ$ -> #СТРОГАННАЯ$) = -19.19180686340289
correctionProbability (#НІМЕЦЬКИ$ -> #НІМЕЦЬКІ$) = -24.858998957145687
correctionProbability (#ПРИЧОСКУ$ -> #ПРИЧЕСКУ$) = -17.819956928250683
correctionProbability (#ХРОНИСЕСКИЕ$ -> #ХРОНИЧЕСКИЕ$) = -25.075493282373415
correctionProbability (#ДОММ$ -> #ДОМ$) = -5.709900762646569
correctionProbability (#ВАКТА$ -> #ВАХТА$) = -11.665155692073544
correctionProbability (#ПРЕДСТАВТЕ$ -> #ПРЕДСТАВЬТЕ$) = -22.3667623015736
correctionProbability (#ОНЛМЙН$ -> #ОНЛАЙН$) = -0.6781136052022418
correctionProbability (#ПОКПЗЫВАЕТ$ -> #ПОКАЗЫВАЕТ$) = -15.875382334435322
correctionProbability (#ДОМП$ -> #ДОМА$) = -4.453487422404724
correctionProbability (#SPID$ -> #SPEED$) = -77.47213173355016
correctionProbability (#ИНТЛ$ -> #ИНТЕЛ$) = -16.150782134012598
correctionProbability (#КЕРОБ$ -> #КЭРОБ$) = -19.661315022345587
correctionProbability (#ВЕНИЛОВЫЕ$ -> #ВИНИЛОВЫЕ$) = -18.07759041247605
correctionProbability (#GODDES$ -> #GODDESS$) = -19.664834013757982
correctionProbability (#ЮТББ$ -> #ЮТУБ$) = -0.19337660862017003
correctionProbability (#РОСТОЯНИ$ -> #РАССТОЯНИЕ$) = -143.17751409970674
correctionProbability (#ФРЕНДЦ$ -> #ФРЕНЦ$) = -24.29782896600686
correctionProbability (#UNVIVERSITY$ -> #UNIVERSITY$) = -20.41190648519695
correctionProbability (#ЭКЩАМЕНЫ$ -> #ЭКЗАМЕНЫ$) = -15.181062107204248
correctionProbability (#ПОТТР$ -> #ПОТТЕР$) = -8.973613329136672
correctionProbability (#ТОРМАЗНЫЕ$ -> #ТОРМОЗНЫЕ$) = -16.15741962931508
correctionProbability (#ПРОГЕОЗ$ -> #ПРОГНОЗ$) = -8.421406416134303
correctionProbability (#НАУЩНИКИ$ -> #НАУШНИКИ$) = -12.79167139507667
correctionProbability (#ЭКСКАЛАТОР$ -> #ЭКСКАВАТОР$) = -16.019426150034164
correctionProbability (#ВРЕМЯЯ$ -> #ВРЕМЯ$) = -8.495084292014248
correctionProbability (#ZNACOMSTO$ -> #ZNAKOMSTVA$) = -149.72589695702735
correctionProbability (#ЗЛАТАУСТ$ -> #ЗЛАТОУСТ$) = -14.473856638562594
correctionProbability (#ПУХЛИЕ$ -> #ПУХЛЫЕ$) = -17.14131759718938
correctionProbability (#МЕРДЕН$ -> #МЕРЛЕН$) = -9.120050511931904
correctionProbability (#ИНТТМ$ -> #ИНТИМ$) = -10.306159150078674
correctionProbability (#FANPEY$ -> #FANPAY$) = -20.696128045486386
correctionProbability (#МАЛИНЬКАЯ$ -> #МАЛЕНЬКАЯ$) = -13.13518284690526
correctionProbability (#ПАБОЧИЙ$ -> #РАБОЧИЙ$) = -8.149296525246093
correctionProbability (#ИЗБАВИТЬЯ$ -> #ИЗБАВИТЬСЯ$) = -15.069505504195753
correctionProbability (#ESPERTI$ -> #EXPERT$) = -82.3382436308157
correctionProbability (#СОЛЯННАЯ$ -> #СОЛЯНАЯ$) = -19.509300322434406
correctionProbability (#СИМЕРКА$ -> #СЕМЕРКА$) = -15.483781337723485
correctionProbability (#КАНВЛ$ -> #КАНАЛ$) = -5.7936950474915
correctionProbability (#СТРИЖКИН$ -> #СТРИЖКИ$) = -12.770019709447041
correctionProbability (#УРЫЛОВА$ -> #КРЫЛОВА$) = -12.720136921134312
correctionProbability (#МОСКОВКАЯ$ -> #МОСКОВСКАЯ$) = -13.884991024946828
correctionProbability (#АВИВБИЛЕТЫ$ -> #АВИАБИЛЕТЫ$) = -10.560049588376472
correctionProbability (#ОТНОШЕГИЕ$ -> #ОТНОШЕНИЕ$) = -14.990296192883655
correctionProbability (#КОПЬЮТЕРЕ$ -> #КОМПЬЮТЕРЕ$) = -14.74132018546441
correctionProbability (#АЕСТИ$ -> #ВЕСТИ$) = -8.75620648217308
correctionProbability (#ЮТБА$ -> #ЮТУБА$) = -10.19406635629245
correctionProbability (#БАТУТНИЙ$ -> #БАТУТНЫЙ$) = -17.956574128511086
correctionProbability (#DOKTR$ -> #DOKTOR$) = -18.183356352324626
correctionProbability (#РЫБАОКИ$ -> #РЫБАЛКИ$) = -12.016441311547766
correctionProbability (#МЕТАТРЕКСАТ$ -> #МЕТОТРЕКСАТ$) = -22.724871938149434
correctionProbability (#ПРОМОКОДИ$ -> #ПРОМОКОДЫ$) = -16.100697587412164
correctionProbability (#ФЫАПРОЛДЖЭ$ -> #ФЫВАПРОЛДЖЭ$) = -22.808183009679475
correctionProbability (#ТОЛСТЫ$ -> #ТОЛСТЫЕ$) = -14.237579826157635
correctionProbability (#ВОРТА$ -> #ВОРОТА$) = -11.162760708936627
correctionProbability (#BATTELFIELD$ -> #BATTLEFIELD$) = -87.84928680339786
correctionProbability (#ЯННИКОВА$ -> #АННИКОВА$) = -27.77614725447379
correctionProbability (#ЗВЛНОК$ -> #ЗВОНОК$) = -11.421151790584222
correctionProbability (#ЮТБЕ$ -> #ЮТУБЕ$) = -7.031501779243559
correctionProbability (#НАЦИАНАЛЬНОСТЬ$ -> #НАЦИОНАЛЬНОСТЬ$) = -22.341790311367248
correctionProbability (#КАПИЛЯРНОГО$ -> #КАПИЛЛЯРНОГО$) = -29.937726843951317
correctionProbability (#КАМАТСУ$ -> #КОМАТСУ$) = -21.824129804188047
correctionProbability (#КРУТКОВ$ -> #КРУТИКОВ$) = -25.82558757132513
correctionProbability (#ИЛЛОВАЙСК$ -> #ИЛОВАЙСК$) = -22.33257467678991
correctionProbability (#СИФЕРОПОЛЕ$ -> #СИМФЕРОПОЛЕ$) = -14.373424970397593
correctionProbability (#УНТЮРНЕД$ -> #АНТЮРНЕД$) = -20.398826583069386
correctionProbability (#ШКОЕ$ -> #ШКОЛЕ$) = -8.563238030539676
correctionProbability (#СУРОГАТНОГО$ -> #СУРРОГАТНОГО$) = -26.86296024643785
correctionProbability (#ЗДЗ$ -> #ГДЗ$) = -3.527155688361095
correctionProbability (#БУЛУ$ -> #БУДУ$) = -10.511166160008063
correctionProbability (#ГОНЕНКО$ -> #ГАНЕНКО$) = -25.896998129687198
correctionProbability (#ФЛИИ$ -> #ФИЛМИ$) = -81.30722983539906
correctionProbability (#КАЖИТЕ$ -> #УКАЖИТЕ$) = -14.146433104111196
correctionProbability (#МОЧЕТАНИЯ$ -> #СОЧЕТАНИЯ$) = -18.66860183988718
correctionProbability (#REDYTUB$ -> #REDTYUB$) = -94.85188640677244
correctionProbability (#ТОРМАЗНЫХ$ -> #ТОРМОЗНЫХ$) = -16.77039294324964
correctionProbability (#ЩЕНЩИН$ -> #ЖЕНЩИН$) = -7.144139668933139
correctionProbability (#ДОРОЖНИЙ$ -> #ДОРОЖНЫЙ$) = -15.263767085085782
correctionProbability (#КАМФОРТ$ -> #КОМФОРТ$) = -14.009030633410703
correctionProbability (#ЛИСО$ -> #ЛИЦО$) = -8.372788164667018
correctionProbability (#ТОДАС$ -> #ТОДЕС$) = -15.597142451076532
correctionProbability (#ДЖОНН$ -> #ДЖОН$) = -10.79549854298875
correctionProbability (#КАРБУРАТОР$ -> #КАРБЮРАТОР$) = -16.86915604634229
correctionProbability (#ПАВЛОДПР$ -> #ПАВЛОДАР$) = -13.531717616036993
correctionProbability (#ИЗБАВИТЬС$ -> #ИЗБАВИТЬСЯ$) = -15.108424544195394
correctionProbability (#ЕКАТОЛОГ$ -> #ЕКАТАЛОГ$) = -17.87646831590395
correctionProbability (#ESPANIOL$ -> #ESPANYOL$) = -21.06197638185141
correctionProbability (#ORGINAL$ -> #ORIGINAL$) = -16.52914154894706
correctionProbability (#ПЕРЕВОЧКИК$ -> #ПЕРЕВОДЧИК$) = -76.48417368069897
correctionProbability (#АЕГЛИЙСКОМ$ -> #АНГЛИЙСКОМ$) = -11.982986894554706
correctionProbability (#SHTORM$ -> #STORM$) = -16.705108524084824
correctionProbability (#СЮЗАНА$ -> #СЮЗАННА$) = -18.382884895039695
correctionProbability (#ШЕСДЕСЯТ$ -> #ШЕСТЬДЕСЯТ$) = -88.44375831330048
correctionProbability (#МИКРОСОФТ$ -> #МАЙКРОСОФТ$) = -82.23325182427973
correctionProbability (#СТАРАНЕ$ -> #СТРАНЕ$) = -13.72565399164591
correctionProbability (#ЬОЛЬНОЙ$ -> #БОЛЬНОЙ$) = -16.033029420496533
correctionProbability (#МАНЫЗЫ$ -> #МАҢЫЗЫ$) = -17.9946758940627
correctionProbability (#ПЛЧТА$ -> #ПОЧТА$) = -3.9225214055400883
correctionProbability (#ДНЕВЕИКИ$ -> #ДНЕВНИКИ$) = -12.651984810469862
correctionProbability (#МАЙКОЛ$ -> #МАЙКЛ$) = -13.910271424967394
correctionProbability (#ДЕКОРАТИВНИХ$ -> #ДЕКОРАТИВНЫХ$) = -21.65832033981804
correctionProbability (#ЛИТЛЛ$ -> #ЛИТЛ$) = -12.845562142738341
correctionProbability (#ЗАПУСТИТИ$ -> #ЗАПУСТИТЬ$) = -16.360321686358112
correctionProbability (#АКПАРАТ$ -> #АҚПАРАТ$) = -19.101485316158815
correctionProbability (#БАРОВЛЯНЫ$ -> #БОРОВЛЯНЫ$) = -21.96516655730769
correctionProbability (#АВНСОВОМ$ -> #АВАНСОВОМ$) = -23.468674426996287
correctionProbability (#ФРИФТ$ -> #ШРИФТ$) = -12.035535088492576
correctionProbability (#ОДИНАДЦАТЫЙ$ -> #ОДИННАДЦАТЫЙ$) = -27.056785596124634
correctionProbability (#СРИМ$ -> #СТРИМ$) = -13.160929464471597
correctionProbability (#ГОДЕНОВА$ -> #ГОДЕНОВО$) = -22.15500698117966
correctionProbability (#САМОРАЗРУШАЮЩАЯ$ -> #САМОРАЗРУШАЮЩАЯСЯ$) = -108.8299335133043
correctionProbability (#ГИСМЕТЕОО$ -> #ГИСМЕТЕО$) = -10.754929191103422
correctionProbability (#КОЛЮВЬЮТИ$ -> #КАЛОФДЬЮТИ$) = -217.28119351946364
correctionProbability (#ФТАЛОЗОЛ$ -> #ФТАЛАЗОЛ$) = -20.98181647937769
correctionProbability (#ФИЛЛЬМЫ$ -> #ФИЛЬМЫ$) = -6.067445467519274
correctionProbability (#РАЮОЧЕГО$ -> #РАБОЧЕГО$) = -10.778802139897188
correctionProbability (#MANDREWS$ -> #ANDREWS$) = -23.429826470538217
correctionProbability (#ТЫКВЕНЫЕ$ -> #ТЫКВЕННЫЕ$) = -20.017155449138677
correctionProbability (#НОУТЮУК$ -> #НОУТБУК$) = -10.513221103476596
correctionProbability (#СУПЕРДЖОЮ$ -> #СУПЕРДЖОБ$) = -15.379100031137433
correctionProbability (#ВРЕМЬЯ$ -> #ВРЕМЯ$) = -8.433343341726786
correctionProbability (#ПОТСК$ -> #ПОИСК$) = -7.241074033466557
correctionProbability (#СРИИ$ -> #СЕРИИ$) = -3.389832200688936
correctionProbability (#ИНЧЕНКО$ -> #ЗИНЧЕНКО$) = -20.340879949608457
correctionProbability (#ТЫКВЕНЫЙ$ -> #ТЫКВЕННЫЙ$) = -17.263438640553467
correctionProbability (#YUTYBE$ -> #YOUTUBE$) = -71.72870031428957
correctionProbability (#РУЛЕЙ$ -> #РУБЛЕЙ$) = -10.597715105580807
correctionProbability (#ФФФСБФУФК$ -> #ФФФСБУК$) = -92.14094680419721
correctionProbability (#БИОГРАФМЯ$ -> #БИОГРАФИЯ$) = -10.397566174978984
correctionProbability (#АЕКСАНДР$ -> #АЛЕКСАНДР$) = -10.764531963299731
correctionProbability (#СКАИРТ$ -> #СКВИРТ$) = -13.339904439203845
correctionProbability (#SREAM$ -> #STEAM$) = -10.287085318926298
correctionProbability (#БРАВОМАН$ -> #ГРАФОМАН$) = -89.10052107180991
correctionProbability (#ДООЯ$ -> #ДЛЯ$) = -65.51777463691613
correctionProbability (#СУДОРАГАМИ$ -> #СУДОРОГАМИ$) = -25.78733968586669
correctionProbability (#ГОРМОШКИ$ -> #ГАРМОШКИ$) = -21.32454187717031
correctionProbability (#СНЯТТЬ$ -> #СНЯТЬ$) = -9.544539599894183
correctionProbability (#ВОРОКОМЛІ$ -> #ВОРОКОМЛЕ$) = -34.743555102357725
correctionProbability (#ДОЕУМЕНТЫ$ -> #ДОКУМЕНТЫ$) = -12.48900634370613
correctionProbability (#СРИВ$ -> #СРЫВ$) = -16.9522556410887
correctionProbability (#ЖЕСТОКИЦ$ -> #ЖЕСТОКИЙ$) = -13.907522503858857
correctionProbability (#ВАЙБЕРИ$ -> #ВАЙБЕРИС$) = -17.22418586687281
correctionProbability (#КАРИБСКОВО$ -> #КАРИБСКОГО$) = -15.053411776375789
correctionProbability (#КИНОКРА$ -> #КИНОКРАД$) = -15.97867048616127
correctionProbability (#КАРКАДЭ$ -> #КАРКАДЕ$) = -18.244211862257472
correctionProbability (#РАССИОЯНИЕ$ -> #РАССТОЯНИЕ$) = -12.60772603769346
correctionProbability (#ВЕНЕРИ$ -> #ВЕНЕРЫ$) = -16.031070817878753
correctionProbability (#ПРИВИЛЕДЖ$ -> #ПРИВЕЛЕДЖ$) = -27.179161281100733
correctionProbability (#CULKI$ -> #CHULKI$) = -26.033532308705773
correctionProbability (#ШКЛА$ -> #ШКОЛА$) = -6.083875190342951
correctionProbability (#ОДЕСКОЙ$ -> #ОДЕССКОЙ$) = -18.894293329372374
correctionProbability (#ПРИЧОСКА$ -> #ПРИЧЕСКА$) = -14.332605269040556
correctionProbability (#УЗБЕТСКАЯ$ -> #УЗБЕКСКАЯ$) = -18.384272302374846
correctionProbability (#АЛЕКСАДР$ -> #АЛЕКСАНДР$) = -10.741456085340324
correctionProbability (#ВИЛДБЕРРИ$ -> #ВИЛДБЕРРИС$) = -19.69495650595045
correctionProbability (#ФСЕРИАЛ$ -> #СЕРИАЛ$) = -6.623873475950301
correctionProbability (#AFTOBURNER$ -> #AFTERBURNER$) = -87.58884888306599
correctionProbability (#DAEWO$ -> #DAEWOO$) = -16.255228323006197
correctionProbability (#АКРИЛОВАМИ$ -> #АКРИЛОВЫМИ$) = -21.098533889387824
correctionProbability (#ГОРМОШКУ$ -> #ГАРМОШКУ$) = -19.30882150697017
correctionProbability (#УКРАИНСКОE$ -> #УКРАИНСКОЕ$) = -19.910131170835648
correctionProbability (#ХАРОКТЕРИСТИКА$ -> #ХАРАКТЕРИСТИКА$) = -17.069119629119612
correctionProbability (#FASEBUK$ -> #FACEBOOK$) = -139.46319536827247
correctionProbability (#ВОРОС$ -> #ВОПРОС$) = -12.014522519815909
correctionProbability (#ЮНОШСКИЙ$ -> #ЮНОШЕСКИЙ$) = -22.476224307424665
correctionProbability (#СПОАВКА$ -> #СПРАВКА$) = -10.870415281646451
correctionProbability (#СІЛЬВЕР$ -> #СИЛЬВЕР$) = -16.079414027680784
correctionProbability (#ВЕЛОССТРОЙ$ -> #ВЕЛЕССТРОЙ$) = -22.898643538826555
correctionProbability (#НАУТИЛИУС$ -> #НАУТИЛУС$) = -19.184059605316996
correctionProbability (#ЕРАСНОДАР$ -> #КРАСНОДАР$) = -9.863735531916333
correctionProbability (#ДИСТАЦИОННОЕ$ -> #ДИСТАНЦИОННОЕ$) = -19.278856438885136
correctionProbability (#ВОРОЛ$ -> #ВОРЛД$) = -77.75829017434022
correctionProbability (#КАЩАНЬ$ -> #КАЗАНЬ$) = -7.4408331181882055
correctionProbability (#ШКЛЕ$ -> #ШКОЛЕ$) = -8.592393848296087
correctionProbability (#FRAMEVORK$ -> #FRAMEWORK$) = -17.497992819526978
correctionProbability (#ЛИВЧИКОВ$ -> #ЛИФЧИКОВ$) = -22.415035916973046
correctionProbability (#КАРМИТЬ$ -> #КОРМИТЬ$) = -13.490725167519628
correctionProbability (#NUDEVITSA$ -> #NUDEVISTA$) = -90.22157394835757
correctionProbability (#ОДНАКЛАССНЕКИ$ -> #ОДНОКЛАССНИКИ$) = -75.896436040934
correctionProbability (#МАГДОНАЛЬДС$ -> #МАКДОНАЛЬДС$) = -18.01696363298501
correctionProbability (#ТЕВЕТЬ$ -> #ДЕВЯТЬ$) = -79.11493016958919
correctionProbability (#UNIBOS$ -> #UNIDOS$) = -18.50820681893163
correctionProbability (#ПЛЕЭР$ -> #ПЛЕЕР$) = -10.938769955230999
correctionProbability (#ХАБАРОВСКН$ -> #ХАБАРОВСКЕ$) = -14.540416708748914
correctionProbability (#БЕМПЛАТНЫЕ$ -> #БЕСПЛАТНЫЕ$) = -12.394514970094626
correctionProbability (#ДОББРАТЬСЯ$ -> #ДОБРАТЬСЯ$) = -16.239828860892324
correctionProbability (#АЛЬВАРИС$ -> #АЛЬВАРЕС$) = -14.772088690172161
correctionProbability (#АНДРКЙ$ -> #АНДРЕЙ$) = -8.670691425395628
correctionProbability (#МАЙЛР$ -> #МАЙЛ$) = -6.163834551275606
correctionProbability (#РЕЩЕБА$ -> #РЕШЕБА$) = -13.34449953380975
correctionProbability (#СТАРОСЛОВЯНСКИЙ$ -> #СТАРОСЛАВЯНСКИЙ$) = -28.30363841104726
correctionProbability (#ЮРАУЗЕР$ -> #БРАУЗЕР$) = -10.254954520223407
correctionProbability (#ШАДОЛ$ -> #ШАДОУ$) = -15.116872221812418
correctionProbability (#ВАЙБЕРС$ -> #ВАЙБЕРИС$) = -17.274935638364788
correctionProbability (#КОНИСТРЕ$ -> #КАНИСТРЕ$) = -23.599431619144234
correctionProbability (#АЛКАГОЛЬНОЙ$ -> #АЛКОГОЛЬНОЙ$) = -19.868331316152407
correctionProbability (#КИЛОТЫ$ -> #КИСЛОТЫ$) = -14.88022105805883
correctionProbability (#РЕАБЕЛИТАЦИОННЫЙ$ -> #РЕАБИЛИТАЦИОННЫЙ$) = -24.014744465558614
correctionProbability (#ТАПХИ$ -> #ТАПКИ$) = -15.138891006266778
correctionProbability (#ШКЛО$ -> #ШКОЛА$) = -70.80684984798489
correctionProbability (#ВОЕНСКОЙ$ -> #ВОИНСКОЙ$) = -17.177455435274886
correctionProbability (#ЧУЖЫЕ$ -> #ЧУЖИЕ$) = -11.980651526903241
correctionProbability (#ЖАРЕННУЮ$ -> #ЖАРЕНУЮ$) = -23.917577891810765
correctionProbability (#БОРОВКОВКЕ$ -> #БОРКОВКЕ$) = -103.57355252866242
correctionProbability (#МАЙЛЛ$ -> #МАЙЛ$) = -6.13941798311561
correctionProbability (#ХУНТЕР$ -> #ХАНТЕР$) = -12.268901417036734
correctionProbability (#СЛУША$ -> #СЛУШАТЬ$) = -70.98107828607279
correctionProbability (#ТУАНЕВАЯ$ -> #ТКАНЕВАЯ$) = -20.059792049818633
correctionProbability (#СТОСХОВОЙ$ -> #СТРАХОВОЙ$) = -79.42269532749633
correctionProbability (#КЕРРЕ$ -> #КЕРРИ$) = -13.017674985674152
correctionProbability (#РАЗУМОВСОЙ$ -> #РАЗУМОВСКОЙ$) = -24.84157125833311
correctionProbability (#ЕВАНДА$ -> #ЭВАНДА$) = -24.745245126955666
correctionProbability (#ПЕРЕРВОДЧИК$ -> #ПЕРЕВОДЧИК$) = -11.149593353370605
correctionProbability (#ЗАИЦЕВ$ -> #ЗАЙЦЕВ$) = -10.286865036540451
correctionProbability (#ПЯТЬДЕСЯТЬ$ -> #ПЯТЬДЕСЯТ$) = -19.442483897227255
correctionProbability (#ГОРМОШКА$ -> #ГАРМОШКА$) = -17.438599938877566
correctionProbability (#РАЖДЕНИЯ$ -> #РОЖДЕНИЯ$) = -6.649300268613267
correctionProbability (#ПРОИЗВОДСТВЕНЫХ$ -> #ПРОИЗВОДСТВЕННЫХ$) = -24.143358006781483
correctionProbability (#SUPRME$ -> #SUPREME$) = -17.53570005785616
correctionProbability (#ФАРШИРОВАНЫЙ$ -> #ФАРШИРОВАННЫЙ$) = -22.14214006542433
correctionProbability (#ВЗЛОМАНУЮ$ -> #ВЗЛОМАННУЮ$) = -16.779315053443902
correctionProbability (#УДАЛИТ$ -> #УДАЛИТЬ$) = -11.036691797072045
correctionProbability (#НАПРААОЕНИЯХ$ -> #НАПРАВЛЕНИЯХ$) = -89.97910967540804
correctionProbability (#ТОВАРНИЙ$ -> #ТОВАРНЫЙ$) = -17.378174444824666
correctionProbability (#ГОРЧИЦОЙ$ -> #ГОРЧИЦЕЙ$) = -19.977333307492934
correctionProbability (#2019Т$ -> #2019$) = -2.595120739790584
correctionProbability (#ШКЛЫ$ -> #ШКОЛЫ$) = -8.441291503240958
correctionProbability (#СМЕТРЕТЬ$ -> #СМОТРЕТЬ$) = -2.4104286168189173
correctionProbability (#КАКОРИНА$ -> #КОКОРИНА$) = -21.104083942186342
correctionProbability (#ТЛЕЙЛЕР$ -> #ТРЕЙЛЕР$) = -10.177726189153724
correctionProbability (#ПОТРЕ$ -> #ПОТТЕР$) = -73.73576835640827
correctionProbability (#РОДОНА$ -> #РАДОНА$) = -22.35730209108135
correctionProbability (#BOOSTRAP$ -> #BOOTSTRAP$) = -22.713399329387443
correctionProbability (#САХРАНЕНИЯ$ -> #СОХРАНЕНИЯ$) = -17.688196241269665
correctionProbability (#АЛЕКСАНРОВИЧ$ -> #АЛЕКСАНДРОВИЧ$) = -18.96536470360561
correctionProbability (#ФОНБЕСТ$ -> #ФОНБЕТ$) = -12.95661606447229
correctionProbability (#СЦЕНАРИИЙ$ -> #СЦЕНАРИЙ$) = -14.541591495236958
correctionProbability (#ИНУЕСТ$ -> #ИНЦЕСТ$) = -9.00368871049908
correctionProbability (#ПРЕПАРАД$ -> #ПРЕПАРАТ$) = -12.175814348526579
correctionProbability (#ЗДРАСТИ$ -> #ЗДРАСТЕ$) = -21.50885222695308
correctionProbability (#ADVANCET$ -> #ADVANCED$) = -15.73185649575479
correctionProbability (#ШУМЛЯНАХ$ -> #ШУМЯЧАХ$) = -94.21817666495552
correctionProbability (#ОДНОКЛПАССНИКИ$ -> #ОДНОКЛАССНИКИ$) = -13.75124588369188
correctionProbability (#СЕМЕИ$ -> #СЕМЕЙ$) = -11.049369732458548
correctionProbability (#ЗУЗАННА$ -> #ЗУЗАНА$) = -34.492573012609284
correctionProbability (#НОВАСТРОЕК$ -> #НОВОСТРОЕК$) = -21.4256264088717
correctionProbability (#АДКИНАТОР$ -> #АКИНАТОР$) = -20.995407137161507
correctionProbability (#ПРЕЗЕДЕНТЫ$ -> #ПРЕЗИДЕНТЫ$) = -19.848134201743363
correctionProbability (#ДНВУШЕК$ -> #ДЕВУШЕК$) = -9.375946371594132
correctionProbability (#2019Р$ -> #2019$) = -2.6004691405952336
correctionProbability (#DAMASNI$ -> #DAMASHNI$) = -23.80396502288051
correctionProbability (#ГОЛЬЇЕ$ -> #ГОЛЫЕ$) = -73.78177417372258
correctionProbability (#ДЕИСКАЯ$ -> #ДЕТСКАЯ$) = -8.975747242291035
correctionProbability (#UГУГЛ$ -> #ГУГЛ$) = -5.553035427693384
correctionProbability (#СОСУТЬ$ -> #СОСУТ$) = -15.588610071769441
correctionProbability (#ФАРШИРОВАНЫХ$ -> #ФАРШИРОВАННЫХ$) = -26.604885789657686
correctionProbability (#КАЛИННГРАД$ -> #КАЛИНИНГРАД$) = -13.851819041518368
correctionProbability (#ТУРЕЦСКИЕ$ -> #ТУРЕЦКИЕ$) = -14.976508450105847
correctionProbability (#ТЛЬЯТТИ$ -> #ТОЛЬЯТТИ$) = -11.834810424566513
correctionProbability (#ХУДОЖЕСВЕННОЙ$ -> #ХУДОЖЕСТВЕННОЙ$) = -18.810143935827114
correctionProbability (#ВЕОНТАКТЕ$ -> #ВКОНТАКТЕ$) = -6.529538137576786
correctionProbability (#ДПУГОЙ$ -> #ДРУГОЙ$) = -11.091156989838414
correctionProbability (#ВЕЧЕПОМ$ -> #ВЕЧЕРОМ$) = -13.449844610089897
correctionProbability (#МАЙЛУ$ -> #МАЙЛ$) = -6.194220079914093
correctionProbability (#ЦЛУЕТ$ -> #ЦЕЛУЕТ$) = -15.190615205517947
correctionProbability (#АДНАКЛАССНИКИ$ -> #ОДНОКЛАССНИКИ$) = -75.86206926482316
correctionProbability (#БИСЕКСТИЛЬ$ -> #СЕКСТИЛЬ$) = -92.47731951971046
correctionProbability (#ДЕКОРАТИВНИЙ$ -> #ДЕКОРАТИВНЫЙ$) = -19.053520651608906
correctionProbability (#МАЙЛТ$ -> #МАЙЛ$) = -6.158636648431166
correctionProbability (#ЗЕНКУ$ -> #ЩЕНКУ$) = -17.684157728142747
correctionProbability (#ZЯНДЕКС$ -> #ЯНДЕКС$) = -4.785840842466232
correctionProbability (#СКАЖАТЬ$ -> #СКАЧАТЬ$) = -2.4809975107924043
correctionProbability (#РЕАБИЛТАЦИОННЫЙ$ -> #РЕАБИЛИТАЦИОННЫЙ$) = -24.63335164780397
correctionProbability (#РЕЗОТ$ -> #РЕЗОРТ$) = -12.77131023920256
correctionProbability (#АВИАСЕЙЛМС$ -> #АВИАСЕЙЛС$) = -17.272440931055925
correctionProbability (#МАКАНИ$ -> #МАКОНИ$) = -19.65069012948754
correctionProbability (#МЕДАОЕЙ$ -> #МЕДАЛЕЙ$) = -18.048678118075188
correctionProbability (#ЗДОБИНА$ -> #ЗЛОБИНА$) = -21.525520057318992
correctionProbability (#МАРІНА$ -> #МАРИНА$) = -9.210531110464704
correctionProbability (#БОЛЛЕ$ -> #БОЛЕЕ$) = -11.87406024849501
correctionProbability (#ЗАХАДЕРА$ -> #ЗАХОДЕРА$) = -22.366384458162734
correctionProbability (#РЕРЕДАЧ$ -> #ПЕРЕДАЧ$) = -9.627184078763257
correctionProbability (#ЕНТЕРНЕТ$ -> #ИНТЕРНЕТ$) = -5.927226547259805
correctionProbability (#МОЛЕФИСЕНТА$ -> #МАЛЕФИСЕНТА$) = -13.843424409693469
correctionProbability (#ТНВЕД$ -> #ТНВЭД$) = -17.3804921531037
correctionProbability (#ХРАНЕ$ -> #ОХРАНЕ$) = -11.938649036549865
correctionProbability (#МОРСКЯ$ -> #МОРСКАЯ$) = -13.960732713593458
correctionProbability (#ГУГИНОТ$ -> #ГУГЕНОТ$) = -23.178145622258427
correctionProbability (#ХАРЕКТЕРИСТИКИ$ -> #ХАРАКТЕРИСТИКИ$) = -16.950477618593133
correctionProbability (#ОЧИН$ -> #ОЧЕНЬ$) = -72.36175033419742
correctionProbability (#АААРИЯ$ -> #АВАРИЯ$) = -10.745909016556457
correctionProbability (#ПРЕДУСМОТРЕННО$ -> #ПРЕДУСМОТРЕНО$) = -28.752302499733368
correctionProbability (#ЭФЕКТИВНОСТЬ$ -> #ЭФФЕКТИВНОСТЬ$) = -22.970496704109607
correctionProbability (#BINELLI$ -> #BENELLI$) = -21.82386171215167
correctionProbability (#СЛИТЕЛА$ -> #СЛЕТЕЛА$) = -21.163737152637623
correctionProbability (#СКОТИШ$ -> #СКОТТИШ$) = -19.66605924851079
correctionProbability (#СТИЗ$ -> #СТИХ$) = -8.47888572116912
correctionProbability (#РОЗМЕРЫ$ -> #РАЗМЕРЫ$) = -10.094854759278121
correctionProbability (#ВКУЧНЫЙ$ -> #ВКУСНЫЙ$) = -12.55788659601923
correctionProbability (#ДОРСЕНВАЛЬ$ -> #ДАРСОНВАЛЬ$) = -85.42416625241552
correctionProbability (#SNAPPI$ -> #SNAPPY$) = -20.688269017629867
correctionProbability (#БРЮЛОВ$ -> #БРЮЛЛОВ$) = -21.175282994547615
correctionProbability (#ЛУНЫЕ$ -> #ЛУННЫЕ$) = -15.991384289525211
correctionProbability (#СТРИПТИЗЕРШИ$ -> #СТРИПТИЗЕРШЫ$) = -21.542579821852286
correctionProbability (#ДВОРЕК$ -> #ДВОРИК$) = -15.051368383948127
correctionProbability (#РАССКРЫВАЕТСЯ$ -> #РАСКРЫВАЕТСЯ$) = -27.925234681546108
correctionProbability (#РЕВТОВЕ$ -> #РЕУТОВЕ$) = -18.834683440110354
correctionProbability (#ОЧИМ$ -> #ОТЧИМ$) = -14.065673636198003
correctionProbability (#СУХОЖИЛЬЯ$ -> #СУХОЖИЛИЯ$) = -21.03348238159962
correctionProbability (#ДВОРЕЙ$ -> #ДВОРЕЦ$) = -11.374441571321444
correctionProbability (#СМИТЬ$ -> #СМЫТЬ$) = -16.712092435695507
correctionProbability (#БЕЛБАГНО$ -> #БЕЛЬБАГНО$) = -35.34446742294477
correctionProbability (#ЛУНЫЙ$ -> #ЛУННЫЙ$) = -10.70777154450111
correctionProbability (#ЛОТХЫВЫ$ -> #ОТЗЫВЫ$) = -72.10510857681574
correctionProbability (#МУЗОКУ$ -> #МУЗЫКУ$) = -6.892382435334792
correctionProbability (#ХАРЕКТЕРИСТИКА$ -> #ХАРАКТЕРИСТИКА$) = -17.147940773155817
correctionProbability (#GOLAJIA$ -> #GOLAJA$) = -23.90988885854715
correctionProbability (#АЛЕРГОЦЕНТР$ -> #АЛЛЕРГОЦЕНТР$) = -27.888637532771575
correctionProbability (#FRANSCISCA$ -> #FRANCISCA$) = -23.401552303972416
correctionProbability (#ОТЛИЧАЕТСЧ$ -> #ОТЛИЧАЕТСЯ$) = -15.390040437120582
correctionProbability (#СТОРОЖОМ$ -> #СТОРОЖЕМ$) = -17.255718253654564
correctionProbability (#ОПИСПНИЕ$ -> #ОПИСАНИЕ$) = -10.085369706892784
correctionProbability (#SECUNDI$ -> #SEKUNDI$) = -26.315627449508376
correctionProbability (#ПРЕФАМИ$ -> #ПРАВАМИ$) = -83.77450685044204
correctionProbability (#LIVSKORE$ -> #LIVESCORE$) = -79.81687445840033
correctionProbability (#ЭРТАГРУЛ$ -> #ЭРТУГРУЛ$) = -14.302213317222737
correctionProbability (#БЕТЕРБИЕ$ -> #БЕТЕРБИЕВ$) = -16.898615538362726
correctionProbability (#ЮТТУБ$ -> #ЮТУБ$) = -2.6815771730159206
correctionProbability (#INFORMACIJE$ -> #INFORMACIJA$) = -30.879471554848003
correctionProbability (#ОЬРАЗЕЦ$ -> #ОБРАЗЕЦ$) = -7.992262704351035
correctionProbability (#НАХОДИТСЬСЯ$ -> #НАХОДИТСЯ$) = -81.78195866744669
correctionProbability (#ЗЛОТ$ -> #ЗЛОТЫХ$) = -83.79967004243734
correctionProbability (#ЧАСТІ$ -> #ЧАСТИ$) = -8.311301154912744
correctionProbability (#ОИЖЕТ$ -> #ЛИЖЕТ$) = -12.63711796997963
correctionProbability (#PITIR$ -> #PITER$) = -19.06500319038911
correctionProbability (#ПІНТЕРЕС$ -> #ПІНТЕРЕСТ$) = -23.853028276142332
correctionProbability (#СТУЧИТЬСЯ$ -> #СТУЧИТСЯ$) = -22.771871748725808
correctionProbability (#ПИНИМАТЬ$ -> #ПРИНИМАТЬ$) = -13.878020755129434
correctionProbability (#CELOVEKA$ -> #CHELOVEKA$) = -24.316838090518523
correctionProbability (#ВОТКИ$ -> #ФОТКИ$) = -9.213024983179576
correctionProbability (#И4РЫ$ -> #ИГРЫ$) = -2.4006828999857
correctionProbability (#TANOS$ -> #THANOS$) = -21.432358943832757
correctionProbability (#ИАГАЗИНЕ$ -> #МАГАЗИНЕ$) = -11.12615293376168
correctionProbability (#ПРОСМОТРЕТЬ$ -> #ПОСМОТРЕТЬ$) = -14.174012493451585
correctionProbability (#ЧАССЫ$ -> #ЧАСЫ$) = -8.368091962204605
correctionProbability (#АКТИВИРОВАТ$ -> #АКТИВИРОВАТЬ$) = -18.531689930357125
correctionProbability (#ЛАГОПЕД$ -> #ЛОГОПЕД$) = -15.506664127773874
correctionProbability (#ТУРЕСТИЧЕСКАЯ$ -> #ТУРИСТИЧЕСКАЯ$) = -19.98991476807734
correctionProbability (#ДЕИСКИЙ$ -> #ДЕТСКИЙ$) = -7.829984661937409
correctionProbability (#ЛУЧШМЕ$ -> #ЛУЧШИЕ$) = -6.908873555138758
correctionProbability (#БОЛКИ$ -> #БАЛКИ$) = -14.333069222947085
correctionProbability (#ДРОФ$ -> #ДРОФА$) = -14.85752202075206
correctionProbability (#РАСЫПЧАТЫЙ$ -> #РАССЫПЧАТЫЙ$) = -23.744371481447814
correctionProbability (#ЧЕРЧИЛЬ$ -> #ЧЕРЧИЛЛЬ$) = -20.392875270767583
correctionProbability (#ДРОЖ$ -> #ДРОЖЬ$) = -15.095472746561303
correctionProbability (#ЧАСРВ$ -> #ЧАСОВ$) = -9.075430256926243
correctionProbability (#РОСТЕХНАДЗРОР$ -> #РОСТЕХНАДЗОР$) = -22.91915003441236
correctionProbability (#FOUE$ -> #FOUR$) = -14.37608455276234
correctionProbability (#ЯЗІК$ -> #ЯЗЫК$) = -5.749257834107727
correctionProbability (#СТОРОЖНО$ -> #ОСТОРОЖНО$) = -16.210397029482316
correctionProbability (#ДРОИ$ -> #ДРОМ$) = -5.847457013511672
correctionProbability (#TRONE$ -> #THRONE$) = -17.874865955889984
correctionProbability (#ВУДДИ$ -> #ВУДИ$) = -16.12927481752939
correctionProbability (#ПРЕПАРТЫ$ -> #ПРЕПАРАТЫ$) = -14.55426252125769
correctionProbability (#СИНАДЕ$ -> #СЕНАДЕ$) = -18.839558567763934
correctionProbability (#ІНСТАСАМКА$ -> #ИНСТАСАМКА$) = -19.492795707059884
correctionProbability (#ПРОВАДНИК$ -> #ПРОВОДНИК$) = -17.102194458177543
correctionProbability (#ОЛЕНЕМЕТР$ -> #ОЛЕНЕМЕР$) = -22.38469817710159
correctionProbability (#НЕОФИЦИВЛЬНЫЙ$ -> #НЕОФИЦИАЛЬНЫЙ$) = -21.96134292127094
correctionProbability (#ФЭНТОЗИ$ -> #ФЭНТЕЗИ$) = -12.416456986061561
correctionProbability (#ОКТЯБРСКИЙ$ -> #ОКТЯБРЬСКИЙ$) = -17.50906267804956
correctionProbability (#LIYBOIV$ -> #LYUBOV$) = -151.90823363435396
correctionProbability (#МЕДИАНАЦИЯ$ -> #МЕДИТАЦИЯ$) = -83.7920109015718
correctionProbability (#ГИСМЕИЕО$ -> #ГИСМЕТЕО$) = -8.28109476862707
correctionProbability (#КОГОТКИ$ -> #КОЛГОТКИ$) = -14.658411991581794
correctionProbability (#СОСАЛКИН$ -> #СОСАЛКИНО$) = -19.281735931109147
correctionProbability (#ПАВИЛЬЕН$ -> #ПАВИЛЬОН$) = -17.98190400920474
correctionProbability (#РОЛЖДЕНИЯ$ -> #РОЖДЕНИЯ$) = -9.215608165468588
correctionProbability (#КУРЦХАР$ -> #КУРЦХААР$) = -21.819456717595322
correctionProbability (#СОВРЕЕННОЕ$ -> #СОВРЕМЕННОЕ$) = -20.204043879932755
correctionProbability (#РУМСКОЕ$ -> #РУССКОЕ$) = -7.400694687304124
correctionProbability (#МЕТРАВ$ -> #МЕТРОВ$) = -11.783867082271914
correctionProbability (#ПРАВОЧНЫЙ$ -> #СПРАВОЧНЫЙ$) = -22.957612484167008
correctionProbability (#УЧАСНИЦЫ$ -> #УЧАСТНИЦЫ$) = -20.088109740746248
correctionProbability (#НАТАРИУСА$ -> #НОТАРИУСА$) = -17.0964105003518
correctionProbability (#ФАРЕНГИТ$ -> #ФАРИНГИТ$) = -18.17159326257572
correctionProbability (#СМОТРРЕТЬ$ -> #СМОТРЕТЬ$) = -4.8687313886925185
correctionProbability (#ИАГАЗИНЫ$ -> #МАГАЗИНЫ$) = -10.677066984495816
correctionProbability (#УБИИВАШКА$ -> #УБИВАШКА$) = -19.670302694895675
correctionProbability (#РОЗВРАТЫЕ$ -> #РАЗВРАТНЫЕ$) = -85.39398249210099
correctionProbability (#ECXEL$ -> #EXCEL$) = -79.51872653564747
correctionProbability (#ДРОБ$ -> #ДРОБЬ$) = -14.186838048947639
correctionProbability (#МАЙНКРАТФ$ -> #МАЙНКРАФТ$) = -75.82918549676485
correctionProbability (#САМОДЕЛЬ$ -> #САМОДЕЛЬНЫЙ$) = -148.64981400575147
correctionProbability (#ЄФІР$ -> #ЕФІР$) = -15.26765599177455
correctionProbability (#ВИКТАРИНА$ -> #ВИКТОРИНА$) = -16.558585756983717
correctionProbability (#ЯПЛАКАЛЬ$ -> #ЯПЛАКАЛЪ$) = -17.532542713895445
correctionProbability (#LSO$ -> #ISO$) = -11.359250273372023
correctionProbability (#ЗАКОНАДАТЕЛЬСТВУ$ -> #ЗАКОНОДАТЕЛЬСТВУ$) = -28.299101242381546
correctionProbability (#МОЛОЛЕТКАМИ$ -> #МАЛОЛЕТКАМИ$) = -20.463874984730268
correctionProbability (#СКАЗИ$ -> #СКАЗКИ$) = -9.248196741939285
correctionProbability (#КОСЮМЫ$ -> #КОСТЮМЫ$) = -11.893182003124117
correctionProbability (#ДИЗАН$ -> #ДИЗАЙН$) = -8.092819252981581
correctionProbability (#ОДНОКЛААСНИКИ$ -> #ОДНОКЛАССНИКИ$) = -11.236044233373775
correctionProbability (#КОНДИЦІОНЕР$ -> #КОНДИЦИОНЕР$) = -15.523400578189793
correctionProbability (#СЛАБОСЛЫШАЩИГО$ -> #СЛАБОСЛЫШАЩЕГО$) = -31.180662934038622
correctionProbability (#ЭКСПЕРИЯ$ -> #ИКСПЕРИЯ$) = -19.246850158385662
correctionProbability (#ДИЗАЙ$ -> #ДИЗАЙН$) = -8.065157729213563
correctionProbability (#КАНДИТ$ -> #КАНДИД$) = -18.800359061485803
correctionProbability (#РАЙЛНА$ -> #РАЙОНА$) = -7.346074118486715
correctionProbability (#ВСТРЕЧЬ$ -> #ВСТРЕЧ$) = -17.466340198227417
correctionProbability (#ТВИЧЬ$ -> #ТВИЧ$) = -12.237418536331791
correctionProbability (#ЩЕПАРД$ -> #ШЕПАРД$) = -20.18153545473375
correctionProbability (#КАСИЕРСКОГО$ -> #КАСПЕРСКОГО$) = -17.293301652885603
correctionProbability (#ВЕСІЛЯ$ -> #ВЕСІЛЛЯ$) = -17.24536126066114
correctionProbability (#ТВИЧЯ$ -> #ТВИЧ$) = -12.307698773788655
correctionProbability (#СОСАТ$ -> #СОСАТЬ$) = -15.042527402262753
correctionProbability (#КЛИПВ$ -> #КЛИПЫ$) = -6.382779006312443
correctionProbability (#ЖОПАТЫЕ$ -> #ЖОПАСТЫЕ$) = -19.526463788602896
correctionProbability (#БОЛЕЗНБ$ -> #БОЛЕЗНЬ$) = -11.795663710511278
correctionProbability (#ЙУЛАРИ$ -> #ЙУЛЛАРИ$) = -20.0299023434657
correctionProbability (#ГИННЕССА$ -> #ГИННЕСА$) = -21.051740008019067
correctionProbability (#СПАСАНИЯ$ -> #СПАСЕНИЯ$) = -17.886795891881057
correctionProbability (#МУЛЯТОР$ -> #ЭМУЛЯТОР$) = -16.12964527287064
correctionProbability (#JF$ -> #OF$) = -3.3731508507487966
correctionProbability (#МАДЕНИЕТИ$ -> #МӘДЕНИЕТІ$) = -84.01069627173085
correctionProbability (#УТИПЛИТЕЛЬ$ -> #УТЕПЛИТЕЛЬ$) = -17.258586029819106
correctionProbability (#САТЬ$ -> #СПАТЬ$) = -12.841627332237383
correctionProbability (#СЬЕМЕ$ -> #СЪЕМЕ$) = -21.943251332817955
correctionProbability (#СКАЗК$ -> #СКАЗКА$) = -8.907331340513789
correctionProbability (#ПРОМЫШЛЕНАЯ$ -> #ПРОМЫШЛЕННАЯ$) = -21.099127458253825
correctionProbability (#РУССКАЧ$ -> #РУССКАЯ$) = -8.4931007500507
correctionProbability (#АЦФОН$ -> #АЙФОН$) = -7.772257983620772
correctionProbability (#ПЕАНЮ$ -> #ПЕСНЮ$) = -5.656830829352661
correctionProbability (#FOTA$ -> #FOTO$) = -10.531697639024163
correctionProbability (#МЕДСЕТРА$ -> #МЕДСЕСТРА$) = -16.775351563615672
correctionProbability (#КАЛЛОРИЙНОСТЬ$ -> #КАЛОРИЙНОСТЬ$) = -21.492050659672003
correctionProbability (#ЦЕНЬР$ -> #ЦЕНТР$) = -5.590015202872575
correctionProbability (#НАТАРИУСЫ$ -> #НОТАРИУСЫ$) = -17.922795000631986
correctionProbability (#FEYBUK$ -> #FEYSBUK$) = -21.300521774916454
correctionProbability (#ТААОЕ$ -> #ТАКОЕ$) = -5.180171806133149
correctionProbability (#БАЛОНЧИКОМ$ -> #БАЛЛОНЧИКОМ$) = -26.52992169719576
correctionProbability (#ЛЮБИМЯ$ -> #ЛЮБИМАЯ$) = -13.19136455617928
correctionProbability (#ЗАЩИТЬ$ -> #ЗАЩИТИТЬ$) = -83.23813749766168
correctionProbability (#ФИЛЛИПИНЫ$ -> #ФИЛИППИНЫ$) = -86.57100486859089
correctionProbability (#КИТАЯЕКИ$ -> #КИТАЯНКИ$) = -18.850931258575436
correctionProbability (#ПЕАНЯ$ -> #ПЕСНЯ$) = -3.7237354195654895
correctionProbability (#НИКАМЕД$ -> #НИКОМЕД$) = -17.979710125811273
correctionProbability (#КИНУА$ -> #КИНОА$) = -16.141760555871148
correctionProbability (#АКЦЫИ$ -> #АКЦИИ$) = -7.226659413216165
correctionProbability (#АСЛИ$ -> #ЕСЛИ$) = -5.030860996798989
correctionProbability (#БИДУЛИН$ -> #БЕДУЛИН$) = -32.92906335310953
correctionProbability (#ПОЛИТКИ$ -> #ПОЛИТИКИ$) = -15.215934440866995
correctionProbability (#ЖУРНАЛЬНИЙ$ -> #ЖУРНАЛЬНЫЙ$) = -18.603192702184224
correctionProbability (#СМОТРИЬ$ -> #СМОТРЕТЬ$) = -67.65750137979259
correctionProbability (#КОЭФИЦЕНТЫ$ -> #КОЭФФИЦИЕНТЫ$) = -87.98449526096701
correctionProbability (#НОШКИ$ -> #НОЖКИ$) = -11.655370499486427
correctionProbability (#ПЕРАЫЙ$ -> #ПЕРВЫЙ$) = -7.7777828869329895
correctionProbability (#КУЗАВ$ -> #КУЗОВ$) = -11.816652134755888
correctionProbability (#ЕКАТЕРТНБУРГ$ -> #ЕКАТЕРИНБУРГ$) = -12.959180107183066
correctionProbability (#ПОРОЖНОВ$ -> #ПИРОЖКОВ$) = -77.15752803736872
correctionProbability (#YANDX$ -> #YANDEX$) = -10.189394506418257
correctionProbability (#АЗИЯТОК$ -> #АЗИАТОК$) = -17.622651320856015
correctionProbability (#МАКАПУ$ -> #МАКАБУ$) = -25.703351646328926
correctionProbability (#ТАБЛЕКИ$ -> #ТАБЛЕТКИ$) = -10.14909818682571
correctionProbability (#АФИНАЖ$ -> #АФФИНАЖ$) = -20.837522510783998
correctionProbability (#АВИАБМЛЕТЫ$ -> #АВИАБИЛЕТЫ$) = -10.549771007469872
correctionProbability (#CALIPDO$ -> #CALIDO$) = -25.52094685486854
correctionProbability (#СТРИД$ -> #СТРИТ$) = -12.729104800591
correctionProbability (#БОЛНА$ -> #БОЛЬНО$) = -77.81685567289777
correctionProbability (#МАРИГА$ -> #МАРИНА$) = -9.223693956519657
correctionProbability (#КОРИТЬ$ -> #КОРМИТЬ$) = -14.14108004138707
correctionProbability (#NOMAND$ -> #NOMAD$) = -21.248121578564213
correctionProbability (#АПЕТКА$ -> #АПТЕКА$) = -75.79507370653945
correctionProbability (#МЕГАЗИН$ -> #МАГАЗИН$) = -5.089413322045436
correctionProbability (#ВИДЮ$ -> #ВИДЕО$) = -67.09493663463735
correctionProbability (#ЕЗЫКЕ$ -> #ЯЗЫКЕ$) = -6.021990195386376
correctionProbability (#NOVUSS$ -> #NOVUS$) = -23.379393212334904
correctionProbability (#ПОЛЕУРЕТАНОВЫЙ$ -> #ПОЛИУРЕТАНОВЫЙ$) = -25.02547682837887
correctionProbability (#CKACAT$ -> #SKACHAT$) = -76.97353182638334
correctionProbability (#TRANSCE$ -> #TRANCE$) = -21.119870875292268
correctionProbability (#АЗУРИТОМ$ -> #ЛАЗУРИТОМ$) = -27.22508085537008
correctionProbability (#БАРСКИ$ -> #БАРСКИХ$) = -13.697895330836687
correctionProbability (#ПОАКТИКА$ -> #ПРАКТИКА$) = -14.271434276502589
correctionProbability (#ОКАЩАЛАСЬ$ -> #ОКАЗАЛАСЬ$) = -18.69774726780777
correctionProbability (#АТОПЛЕНИЕ$ -> #ОТОПЛЕНИЕ$) = -14.949613021058987
correctionProbability (#РЕАБИЛИТАЦИОНЫЙ$ -> #РЕАБИЛИТАЦИОННЫЙ$) = -24.583333636542513
correctionProbability (#ДАМАССК$ -> #ДАМАССКОЙ$) = -80.63509860309874
correctionProbability (#СРОЛИВАТЬ$ -> #ПРОЛИВАТЬ$) = -28.991944945575554
correctionProbability (#КЛИТР$ -> #КЛИТОР$) = -14.463733824493492
correctionProbability (#МОСЛЕ$ -> #ПОСЛЕ$) = -5.414899645667461
correctionProbability (#RODISLAV$ -> #RADISLAV$) = -34.06016253782345
correctionProbability (#ЛАДОН$ -> #ЛАДОНЬ$) = -15.699229168323523
correctionProbability (#ЕГНАТЬЕВ$ -> #ИГНАТЬЕВ$) = -20.767035177566072
correctionProbability (#ПНРМЬ$ -> #ПЕРМЬ$) = -7.654317094707576
correctionProbability (#ИНТРЕНЕТА$ -> #ИНТЕРНЕТА$) = -80.3356356590009
correctionProbability (#ДЕЛЮТ$ -> #ДЕЛАЮТ$) = -11.36965836897647
correctionProbability (#ТУРЕЦКМЙ$ -> #ТУРЕЦКИЙ$) = -9.759000357091779
correctionProbability (#ЧАСПМ$ -> #ЧАСАМ$) = -13.430296508914655
correctionProbability (#ЛЮБИМУ$ -> #ЛЮБИМУЮ$) = -17.950574127040767
correctionProbability (#СИМСАНЫ$ -> #СИМПСОНЫ$) = -80.05807684862539
correctionProbability (#ГЕНЕКОЛОГОМ$ -> #ГИНЕКОЛОГОМ$) = -24.47042859923385
correctionProbability (#КОГАММА$ -> #КОГАМА$) = -16.359998581277342
correctionProbability (#МОРЕМОЛ$ -> #МОРЕМОЛЛ$) = -21.798137254629758
correctionProbability (#БЕЗРОКОВ$ -> #БЕЗРУКОВ$) = -15.859114733794847
correctionProbability (#БЕШАННАЯ$ -> #БЕШЕНАЯ$) = -85.29725720304347
correctionProbability (#ЗАРАСТЕТЬ$ -> #ЗАРАСТЕТ$) = -30.249105377980136
correctionProbability (#ПЕСЯЦ$ -> #МЕСЯЦ$) = -8.809646593496712
correctionProbability (#БОЛМТ$ -> #БОЛИТ$) = -9.623990839675319
correctionProbability (#ГОРОДАЗ$ -> #ГОРОДАХ$) = -16.79065978123932
correctionProbability (#НАПУГАНЫЕ$ -> #НАПУГАННЫЕ$) = -21.952064983986084
correctionProbability (#МЕДЕОПЛЕЕР$ -> #МЕДИАПЛЕЕР$) = -84.85935316005026
correctionProbability (#ПЛЭЙЕР$ -> #ПЛЕЕР$) = -78.22487479412224
correctionProbability (#МЦЛЬТИКИ$ -> #МУЛЬТИКИ$) = -6.808529966936135
correctionProbability (#ОФИЦИЛЬНЫЙ$ -> #ОФИЦИАЛЬНЫЙ$) = -7.55661790865679
correctionProbability (#РАДЕО$ -> #РАДИО$) = -5.08739265233007
correctionProbability (#ТИРОЛ$ -> #ТИРОЛЬ$) = -22.003717877986674
correctionProbability (#ВИДО$ -> #ВИДЕО$) = -2.306111146924742
correctionProbability (#АСЛА$ -> #МАСЛА$) = -9.891271902177845
correctionProbability (#ПЕАНИ$ -> #ПЕСНИ$) = -3.2826599080679593
correctionProbability (#ДРАВЕРЫ$ -> #ДРАЙВЕРА$) = -77.61174108582347
correctionProbability (#ЗАВТРОК$ -> #ЗАВТРАК$) = -13.787391271383335
correctionProbability (#ЛЮБИМЫ$ -> #ЛЮБИМЫЙ$) = -12.736817692535652
correctionProbability (#РОГО$ -> #РОГА$) = -13.040760371513056
correctionProbability (#ЗАРАКТЕРИСТИКИ$ -> #ХАРАКТЕРИСТИКИ$) = -16.88981178579583
correctionProbability (#ТОНАЬЛНАЯ$ -> #ТОНАЛЬНАЯ$) = -89.02305138665447
correctionProbability (#РАДЕЛ$ -> #РАЗДЕЛ$) = -13.760439588854613
correctionProbability (#FGMAIL$ -> #GMAIL$) = -10.929529257765392
correctionProbability (#ПРИСОЕДЕНИЛАСЬ$ -> #ПРИСОЕДИНИЛАСЬ$) = -28.3100890752022
correctionProbability (#ГЕЗЕЛЬ$ -> #ГАЗЕЛЬ$) = -10.491516032832852
correctionProbability (#ІКСА$ -> #ИКСА$) = -14.710111401561253
correctionProbability (#СЕТЕОВЙ$ -> #СЕТЕВОЙ$) = -76.52454414004723
correctionProbability (#CERYA$ -> #SERIA$) = -77.15633563124707
correctionProbability (#ПОРКУР$ -> #ПАРКУР$) = -13.946664393191906
correctionProbability (#ПИРАНИИ$ -> #ПИРАНЬИ$) = -16.217643083891616
correctionProbability (#ВИДВ$ -> #ВИДЫ$) = -6.75775175972807
correctionProbability (#ПОГАСАЙ$ -> #ПОГАСЛА$) = -92.65084867854702
correctionProbability (#ПРИКОЛЬ$ -> #ПРИКОЛЫ$) = -8.309376492430218
correctionProbability (#ЛУЧШИИ$ -> #ЛУЧШИЕ$) = -6.857123779725445
correctionProbability (#СЕБЕПТЕРИ$ -> #СЕБЕПТЕРІ$) = -23.35130868818593
correctionProbability (#ENENEM$ -> #EMINEM$) = -81.09938421421651
correctionProbability (#ЛУЧШИК$ -> #ЛУЧШИЕ$) = -6.908095137743906
correctionProbability (#ОРИДЖИ$ -> #ОРИДЖИН$) = -18.576850379563723
correctionProbability (#ПОТКЛЮЧЕНИЕ$ -> #ПОДКЛЮЧЕНИЕ$) = -15.884450345255274
correctionProbability (#ДРРМ$ -> #ДРОМ$) = -5.888936643982888
correctionProbability (#ТЕХНАЛОГИИ$ -> #ТЕХНОЛОГИИ$) = -14.1837810761088
correctionProbability (#ФИЛИПКОВ$ -> #ФИЛИППОВ$) = -19.104867103937558
correctionProbability (#ЛЮБИМА$ -> #ЛЮБИМАЯ$) = -13.163967072733769
correctionProbability (#СУШЕННУЮ$ -> #СУШЕНУЮ$) = -25.016372852002682
correctionProbability (#МЕРТВЕЦИ$ -> #МЕРТВЕЦЫ$) = -12.437154882093814
correctionProbability (#КОТОРЫН$ -> #КОТОРЫЕ$) = -9.398119619303657
correctionProbability (#ЧЕРНОВЦИ$ -> #ЧЕРНОВЦЫ$) = -18.080881758140258
correctionProbability (#НУГЛ$ -> #ГУГЛ$) = -2.9960906800594636
correctionProbability (#KALL$ -> #CALL$) = -9.63722807667057
correctionProbability (#ЗАМАК$ -> #ЗАМОК$) = -8.850214680993954
correctionProbability (#ХИНКАЛЬНЯ$ -> #ХИНКАЛЬНАЯ$) = -22.487824154453428
correctionProbability (#ЛЮБИМВ$ -> #ЛЮБИМАЯ$) = -77.95868573031844
correctionProbability (#НУГО$ -> #НУГА$) = -15.293797511603128
correctionProbability (#ЧЕРНОЯ$ -> #ЧЕРНАЯ$) = -9.754652026315338
correctionProbability (#ИНСГРАМА$ -> #ИНСТАГРАМ$) = -141.72287837075547
correctionProbability (#СТРЕДСТВ$ -> #СРЕДСТВ$) = -13.68581658298217
correctionProbability (#РАССИЙСКИЙ$ -> #РОССИЙСКИЙ$) = -14.43340703627156
correctionProbability (#ЛИФОН$ -> #ЛИФАН$) = -13.108203416810031
correctionProbability (#ЧСКАЧАТЬ$ -> #СКАЧАТЬ$) = -5.042745843326712
correctionProbability (#ШЭФ$ -> #ШЕФ$) = -9.52057196214097
correctionProbability (#ПОНЕЛЯМИ$ -> #ПАНЕЛЯМИ$) = -17.196732069191818
correctionProbability (#РЛЛИКИ$ -> #РОЛИКИ$) = -9.717806176970345
correctionProbability (#ФИКАЛИЙ$ -> #ФЕКАЛИЙ$) = -22.768477706191234
correctionProbability (#ЖЕНЖИН$ -> #ЖЕНЩИН$) = -7.139979284498747
correctionProbability (#КОЭФИЦЕНТА$ -> #КОЭФФИЦИЕНТА$) = -88.82515404877515
correctionProbability (#КАКОИНОМ$ -> #КОКАИНОМ$) = -88.48203855546095
correctionProbability (#ВІРТ$ -> #ВИРТ$) = -13.718730432444392
correctionProbability (#РОЗМЕРА$ -> #РАЗМЕРА$) = -12.864448528603582
correctionProbability (#TRAKER$ -> #TRACKER$) = -18.51048307127016
correctionProbability (#ПОВЫШЕНОЕ$ -> #ПОВЫШЕННОЕ$) = -21.14920386840646
correctionProbability (#ТДЫХ$ -> #ОТДЫХ$) = -7.847430101770282
correctionProbability (#ЛУЧШИН$ -> #ЛУЧШИЕ$) = -6.909246672651104
correctionProbability (#УЛУТШИТЬ$ -> #УЛУЧШИТЬ$) = -16.496375957271432
correctionProbability (#ЧЕТАЕТЬСЯ$ -> #ЧИТАЕТСЯ$) = -85.1362272496304
correctionProbability (#ВИДЁ$ -> #ВИДЕО$) = -67.09413927313665
correctionProbability (#ГУЛАЙ$ -> #ГУЛЯЙ$) = -15.79024265008815
correctionProbability (#НУМЕЗМАТЫ$ -> #НУМИЗМАТЫ$) = -23.410169702126446
correctionProbability (#ДООРС$ -> #ДОРС$) = -17.945716421880437
correctionProbability (#ПАПОРТ$ -> #ПАСПОРТ$) = -12.150098429603972
correctionProbability (#PROCESOR$ -> #PROCESSOR$) = -21.837499492651986
correctionProbability (#ШМНЫ$ -> #ШИНЫ$) = -7.311253269238801
correctionProbability (#СКАЙЛ$ -> #СКАЙП$) = -10.061034684433178
correctionProbability (#ОПРЕЕЛИТЬ$ -> #ОПРЕДЕЛИТЬ$) = -14.280299895669081
correctionProbability (#СТИЬ$ -> #СТИЛЬ$) = -10.05415893470813
correctionProbability (#MINERAS$ -> #MINERALS$) = -23.10460830185187
correctionProbability (#НАТУРАЛЬНИЕ$ -> #НАТУРАЛЬНЫЕ$) = -17.96697215803364
correctionProbability (#НЫБАЧОК$ -> #РЫБАЧОК$) = -19.19487300942984
correctionProbability (#КІНОМАН$ -> #КИНОМАН$) = -22.79547634251206
correctionProbability (#PLAGIN$ -> #PLUGIN$) = -16.473894734426157
correctionProbability (#СЕПЕНИ$ -> #СТЕПЕНИ$) = -13.153762115688842
correctionProbability (#ЕКАТЕРИНБКРГЕ$ -> #ЕКАТЕРИНБУРГЕ$) = -15.673246067305612
correctionProbability (#ТЯГОЧА$ -> #ТЯГАЧА$) = -19.905251487409057
correctionProbability (#НАЗАВИТЕ$ -> #НАЗОВИТЕ$) = -15.47391791619659
correctionProbability (#ЧЕРНОВЦІ$ -> #ЧЕРНОВЦЫ$) = -18.11325049664743
correctionProbability (#КОЬОРАЯ$ -> #КОТОРАЯ$) = -12.4783867981184
correctionProbability (#РЕЖЕССЕРЫ$ -> #РЕЖИССЕРЫ$) = -22.070796531720625
correctionProbability (#СТАМОТОЛОГА$ -> #СТОМАТОЛОГА$) = -84.45046039475024
correctionProbability (#МАЙИНКРАВТ$ -> #МАЙНКРАФТ$) = -75.17563875690277
correctionProbability (#FORE$ -> #FOR$) = -8.29879404963599
correctionProbability (#АНТОГОНИСТ$ -> #АНТАГОНИСТ$) = -24.884189663446648
correctionProbability (#РЛЕТКА$ -> #РУЛЕТКА$) = -12.351762512723084
correctionProbability (#ALLTIUME$ -> #ALLTIME$) = -22.083984653039202
correctionProbability (#ТЯГОЧИ$ -> #ТЯГАЧИ$) = -17.960600962226938
correctionProbability (#ЗАПОРОДЬЕ$ -> #ЗАПОРОЖЬЕ$) = -13.781238811956932
correctionProbability (#АНИСАР$ -> #АНИСТАР$) = -18.23819117288172
correctionProbability (#РАССИЙСКИЕ$ -> #РОССИЙСКИЕ$) = -11.743970164703946
correctionProbability (#СКАЙТ$ -> #СКЕЙТ$) = -14.032587480546571
correctionProbability (#ИДЕАЛОГИЯ$ -> #ИДЕОЛОГИЯ$) = -21.320227763319274
correctionProbability (#ALFE$ -> #ALFA$) = -14.038450117416023
correctionProbability (#ДОМОХОЗЯКИ$ -> #ДОМОХОЗЯЙКИ$) = -18.638998890370303
correctionProbability (#SKACHATI$ -> #SKACHAT$) = -14.182979480574787
correctionProbability (#БИЕГРАФЯ$ -> #БИОГРАФИЯ$) = -75.74888939466614
correctionProbability (#LEZB$ -> #LEZBI$) = -17.994933937225678
correctionProbability (#РУЛЛЕР$ -> #РУЛЕР$) = -26.06497015514482
correctionProbability (#ГАРИСС$ -> #ГАРРИС$) = -82.4318572712292
correctionProbability (#ПАРЕХМАХЕРА$ -> #ПАРИКМАХЕРА$) = -84.84877070634165
correctionProbability (#ЗНАЧЕИЕ$ -> #ЗНАЧЕНИЕ$) = -11.365847416541321
correctionProbability (#УСИКМ$ -> #УСИКИ$) = -18.600447370537513
correctionProbability (#LOTDOG$ -> #LOOTDOG$) = -19.15448032380344
correctionProbability (#КИРПТЧА$ -> #КИРПИЧА$) = -13.128527993565115
correctionProbability (#ЗНАКОМСИВО$ -> #ЗНАКОМСТВО$) = -15.276280265063683
correctionProbability (#ДИКТАТИЧЕСКИЕ$ -> #ДИДАКТИЧЕСКИЕ$) = -152.17298717010965
correctionProbability (#САРТ$ -> #СМАРТ$) = -10.558440453232496
correctionProbability (#НАПРАЛЕНИЯ$ -> #НАПРАВЛЕНИЯ$) = -17.49155433959583
correctionProbability (#ПОЦАНЫ$ -> #ПАЦАНЫ$) = -11.405292890947852
correctionProbability (#РЕБЕЕОК$ -> #РЕБЕНОК$) = -10.30463652871289
correctionProbability (#НАЩВАНИЕ$ -> #НАЗВАНИЕ$) = -11.506886797447066
correctionProbability (#МОЛИИВА$ -> #МОЛИТВА$) = -11.24755491182055
correctionProbability (#ОБЕКТЫ$ -> #ОБЪЕКТЫ$) = -14.998610241991216
correctionProbability (#СЬЕРА$ -> #СЬЕРРА$) = -20.112637999896652
correctionProbability (#ГОРЛОВКН$ -> #ГОРЛОВКЕ$) = -17.063418685707973
correctionProbability (#ПЕРЕЧЕН$ -> #ПЕРЕЧЕНЬ$) = -14.351872972856654
correctionProbability (#СТАМОТОЛОГУ$ -> #СТОМАТОЛОГУ$) = -87.86993375634994
correctionProbability (#ИРСТРУКЦИЯ$ -> #ИНСТРУКЦИЯ$) = -9.40655596112088
correctionProbability (#ЗЛЯ$ -> #ДЛЯ$) = 1.7326948142618868
correctionProbability (#БАЕРА$ -> #БАЙЕРА$) = -19.99057207031574
correctionProbability (#YPUTUBE$ -> #YOUTUBE$) = -6.394591984632044
correctionProbability (#ПРОЕЗНОЙ$ -> #ПРОЕЗДНОЙ$) = -19.201513201446623
correctionProbability (#БЛУТУЗ$ -> #БЛЮТУЗ$) = -13.136769529756062
correctionProbability (#АНАЛЗ$ -> #АНАЛИЗ$) = -5.152184426178703
correctionProbability (#ТЕХНАЛОГИЯ$ -> #ТЕХНОЛОГИЯ$) = -14.463800363636118
correctionProbability (#КУРКОРОВА$ -> #КИРКОРОВА$) = -17.909544476079567
correctionProbability (#МАРИЕА$ -> #МАРИНА$) = -9.22470907845879
correctionProbability (#МАТАМАТИКА$ -> #МАТЕМАТИКА$) = -11.400973784108132
correctionProbability (#ДБЮТИ$ -> #ДЬЮТИ$) = -12.5531993551248
correctionProbability (#БАНДХО$ -> #БАНДХА$) = -24.47931829410831
correctionProbability (#ЭРОТИЧЕСКИИ$ -> #ЭРОТИЧЕСКИЙ$) = -15.778670760109463
correctionProbability (#ТАЧИКА$ -> #ТАЧКА$) = -17.511097330705628
correctionProbability (#ZAICEV$ -> #ZAYCEV$) = -18.757493025637284
correctionProbability (#ЧУВСВА$ -> #ЧУВСТВА$) = -15.127880054056646
correctionProbability (#ПРОГРАМАМА$ -> #ПРОГРАММА$) = -11.096568498395293
correctionProbability (#АСПИКАРД$ -> #АСПЕКАРД$) = -24.81843191180154
correctionProbability (#ЗБIРНИК$ -> #ЗБІРНИК$) = -18.741020684817187
correctionProbability (#ОБЛАТИ$ -> #ОБЛАСТИ$) = -6.650936994484411
correctionProbability (#ВІКС$ -> #ВИКС$) = -15.775726226448935
correctionProbability (#ГОРАДА$ -> #ГОРОДА$) = -7.47106360187427
correctionProbability (#ОКРЕСНОСТЯХ$ -> #ОКРЕСТНОСТЯХ$) = -24.603836957957952
correctionProbability (#ODISSEY$ -> #ODYSSEY$) = -17.61051327194574
correctionProbability (#НАСТЭНЬКА$ -> #НАСТЕНЬКА$) = -18.896456748056423
correctionProbability (#ЧЕМПИОАНТ$ -> #ЧЕМПИОНАТ$) = -79.05376459367405
correctionProbability (#QUETTA$ -> #GUETTA$) = -19.036564312236298
correctionProbability (#LVY$ -> #IVY$) = -15.629878696291694
correctionProbability (#СКИСЛОСЬ$ -> #СНИЛОСЬ$) = -85.20441678797374
correctionProbability (#ИМБЕРЕМ$ -> #ИМБИРЕМ$) = -18.460761679661914
correctionProbability (#ОСТАНЕ$ -> #АСТАНЕ$) = -10.009575654780694
correctionProbability (#ФИРАМОНЫ$ -> #ФЕРОМОНЫ$) = -84.40631002768623
correctionProbability (#ЭРОТИЧЕСКИК$ -> #ЭРОТИЧЕСКИЕ$) = -14.772374496380024
correctionProbability (#ОКТЯБРСКОЕ$ -> #ОКТЯБРЬСКОЕ$) = -21.11836346130964
correctionProbability (#КОЛЛАБРАЦИОНИСТ$ -> #КОЛЛАБОРАЦИОНИСТ$) = -34.68388750344831
correctionProbability (#ИНФРАКРАСННЫЙ$ -> #ИНФРАКРАСНЫЙ$) = -23.684399916838103
correctionProbability (#СКАКИ$ -> #СКАЗКИ$) = -9.248564678379612
correctionProbability (#ПАСАЖИРСКОЕ$ -> #ПАССАЖИРСКОЕ$) = -26.45085956177214
correctionProbability (#ПОСТОИТЬ$ -> #ПОСТРОИТЬ$) = -14.211566472541186
correctionProbability (#ДОГОВАРА$ -> #ДОГОВОРА$) = -12.747888097881109
correctionProbability (#ЛИСЬЕВ$ -> #ЛИСТЬЕВ$) = -11.229364514965866
correctionProbability (#ОБЛАСЬ$ -> #ОБЛАСТЬ$) = -8.008893628369592
correctionProbability (#ПОВСЯКДЕНЕ$ -> #ПОВСЯКДЕННЕ$) = -26.904904869764223
correctionProbability (#ОБЕКТЕ$ -> #ОБЪЕКТЕ$) = -17.977346413586275
correctionProbability (#СРЕДЦЕ$ -> #СЕРДЦЕ$) = -76.22034762664133
correctionProbability (#НАПРАЛЕНИЕ$ -> #НАПРАВЛЕНИЕ$) = -18.291113830768595
correctionProbability (#ПОВЫШЕНУЮ$ -> #ПОВЫШЕННУЮ$) = -26.34065917378384
correctionProbability (#ЕКСКАЛИБУР$ -> #ЭКСКАЛИБУР$) = -22.45098789409915
correctionProbability (#МОСКУ$ -> #МОСКВУ$) = -12.389149216722917
correctionProbability (#PLURALSIGH$ -> #PLURALSIGHT$) = -24.476949369343806
correctionProbability (#БОЛОН$ -> #БАЛЛОН$) = -79.95312582194401
correctionProbability (#ПРОМЫШЛЕНОГО$ -> #ПРОМЫШЛЕННОГО$) = -22.238600969350045
correctionProbability (#ВСТРОЕНЫЙ$ -> #ВСТРОЕННЫЙ$) = -19.0567381377114
correctionProbability (#ОТЦЕНКА$ -> #ОЦЕНКА$) = -13.531259816358894
correctionProbability (#ДАЛЬНЕБОИ$ -> #ДАЛЬНОБОЙ$) = -82.01471042812716
correctionProbability (#ЛИНГРЕН$ -> #ЛИНДГРЕН$) = -21.884676505064782
correctionProbability (#МОЙЩМЦА$ -> #МОЙЩИЦА$) = -20.471566595478834
correctionProbability (#ГРУСТНИЙ$ -> #ГРУСТНЫЙ$) = -14.824052952385365
correctionProbability (#MALADI$ -> #MALADIE$) = -25.228914555521413
correctionProbability (#ЗНН$ -> #ЭНН$) = -11.862271095299288
correctionProbability (#ЕПІЦІНТР$ -> #ЕПІЦЕНТР$) = -19.622158944751874
correctionProbability (#ПРАКАТ$ -> #ПРОКАТ$) = -11.826205718529092
correctionProbability (#ЗНК$ -> #ЗНАК$) = -8.286384859950601
correctionProbability (#MARYA$ -> #MARIA$) = -14.109688725784796
correctionProbability (#ВОТЦАБ$ -> #ВАТСАП$) = -138.03383738223857
correctionProbability (#АЭПОПОРТ$ -> #АЭРОПОРТ$) = -10.836391706289675
correctionProbability (#СОЧЕНИЯ$ -> #СОЧИНЕНИЯ$) = -82.20610141825226
correctionProbability (#ЕРМОЛОВКИ$ -> #ЕРМОЛОВКЕ$) = -27.967484939193795
correctionProbability (#ИСТОРІЯ$ -> #ІСТОРІЯ$) = -15.12505222253803
correctionProbability (#УБЕГАЕШ$ -> #УБЕГАЕШЬ$) = -26.622081544301707
correctionProbability (#САПМ$ -> #САМП$) = -77.56327593810273
correctionProbability (#TRIAPMYDREAM$ -> #TRIPMYDREAM$) = -23.85251829893967
correctionProbability (#ЛЕЙКАМИЯ$ -> #ЛЕЙКЕМИЯ$) = -21.257152802551715
correctionProbability (#ДЖЕКСАН$ -> #ДЖЕКСОН$) = -13.551311721005803
correctionProbability (#ЭРМОЛЕНКО$ -> #ЄРМОЛЕНКО$) = -21.785561189970615
correctionProbability (#ВАДАФОН$ -> #ВОДАФОН$) = -16.112612327882402
correctionProbability (#TEAMVIVER$ -> #TEAMVIEWER$) = -83.48429707485946
correctionProbability (#ДОМАШНІЕ$ -> #ДОМАШНИЕ$) = -12.089262488371673
correctionProbability (#ПОДКЛУЧЕНИЯ$ -> #ПОДКЛЮЧЕНИЯ$) = -16.367716721282896
correctionProbability (#MARYO$ -> #MARIO$) = -14.151373322391496
correctionProbability (#РАЗГАВОРАМ$ -> #РАЗГОВОРАМИ$) = -83.21457177164766
correctionProbability (#ВАФРЕЙС$ -> #ВАРФЕЙС$) = -78.2532572594917
correctionProbability (#ОТЧАЯННЕ$ -> #ОТЧАЯННЫЕ$) = -13.14934528833885
correctionProbability (#ЗЛЕКТРИЧКИ$ -> #ЭЛЕКТРИЧКИ$) = -15.669855178840244
correctionProbability (#КОЛЕМА$ -> #КОЛЕСА$) = -8.942794014840562
correctionProbability (#ШАЗАН$ -> #ШАЗАМ$) = -12.831883460270038
correctionProbability (#ФАРТУНЕР$ -> #ФОРТУНЕР$) = -18.56819829391685
correctionProbability (#ПОДПРОК$ -> #ПОДАРОК$) = -10.526877569866059
correctionProbability (#ОТФОРМОТИРОВАТЬ$ -> #ОТФОРМАТИРОВАТЬ$) = -25.890267406816385
correctionProbability (#AMCIG$ -> #AMCIQ$) = -19.40365637179296
correctionProbability (#HYUNDAY$ -> #HYUNDAI$) = -12.019978423638221
correctionProbability (#УГЛАВЫМ$ -> #УГЛОВЫМ$) = -19.952135333213704
correctionProbability (#ВСТРОЕНЫЕ$ -> #ВСТРОЕННЫЕ$) = -19.255057581910542
correctionProbability (#АКЦЫЯ$ -> #АКЦИЯ$) = -10.517008259619484
correctionProbability (#РАДИА$ -> #РАДИО$) = -5.058601283778383
correctionProbability (#ШЕКОЛАДА$ -> #ШОКОЛАДА$) = -16.164329858079306
correctionProbability (#МОЛНЫЕ$ -> #МОДНЫЕ$) = -9.851535294710256
correctionProbability (#ПРОГРАММАСИ$ -> #ПРОГРАММА$) = -78.3274584539969
correctionProbability (#АПАРАТА$ -> #АППАРАТА$) = -15.600224834902143
correctionProbability (#КАМФОРКИ$ -> #КОМФОРКИ$) = -21.455512977706213
correctionProbability (#ЩАР$ -> #ШАР$) = -10.162199120539054
correctionProbability (#SMOTRIT$ -> #SMOTRET$) = -13.255535176512474
correctionProbability (#УНЕВИРСАЛ$ -> #УНИВЕРСАЛ$) = -80.01995883081422
correctionProbability (#ГЕННАДІЙ$ -> #ГЕННАДИЙ$) = -14.274095808228964
correctionProbability (#РУССКОММ$ -> #РУССКОМ$) = -9.027042900285537
correctionProbability (#КЛЕЕТСЯ$ -> #КЛЕИТСЯ$) = -22.070758188564028
correctionProbability (#ТУШОННАЯ$ -> #ТУШЕНАЯ$) = -82.35366225767505
correctionProbability (#ПЕЛИГРИМ$ -> #ПИЛИГРИМ$) = -15.898067724051707
correctionProbability (#НОВОСИБРСКОЙ$ -> #НОВОСИБИРСКОЙ$) = -20.40864473493258
correctionProbability (#САОЮ$ -> #СВОЮ$) = -8.83135329814915
correctionProbability (#КАФЕЙНИ$ -> #КОФЕЙНИ$) = -18.110335897595746
correctionProbability (#ТЕРЖИНАЛ$ -> #ТЕРЖИНАН$) = -18.30073595245326
correctionProbability (#ЖЕННЩИНЫ$ -> #ЖЕНЩИНЫ$) = -10.742890427161143
correctionProbability (#БОНОПАРТ$ -> #БОНАПАРТ$) = -19.69836416122397
correctionProbability (#ПИСИМО$ -> #ПИСЬМО$) = -9.451120162316482
correctionProbability (#РАДИЕ$ -> #РАДИО$) = -5.152187172622373
correctionProbability (#МОСКА$ -> #МОСКВА$) = -4.695062302738595
correctionProbability (#ДОСТОПРЕМЕЧАТЕЛЬНОСТЯМ$ -> #ДОСТОПРИМЕЧАТЕЛЬНОСТЯМ$) = -39.926381623277265
correctionProbability (#РАРЕНЬ$ -> #ПАРЕНЬ$) = -9.909370355622979
correctionProbability (#ТАБЛЕТИ$ -> #ТАБЛЕТКИ$) = -10.177080190794229
correctionProbability (#НАТИЯ$ -> #НАТРИЯ$) = -13.666989918645474
correctionProbability (#САКМАРСКОЙ$ -> #САМАРСКОЙ$) = -17.750839787196618
correctionProbability (#КАРАВАТИЧИ$ -> #КОРОВАТИЧИ$) = -100.2984683137105
correctionProbability (#ПРЕЗЕНАЦИЯ$ -> #ПРЕЗЕНТАЦИЯ$) = -12.68842198297397
correctionProbability (#ОТЗОВИ$ -> #ОТЗЫВЫ$) = -69.54942697449316
correctionProbability (#ФИЛЬМСЫ$ -> #ФИЛЬМЫ$) = -6.068590674100012
correctionProbability (#ПЕНАБЛОК$ -> #ПЕНОБЛОК$) = -19.8461261041167
correctionProbability (#РАСПОКОВАТЬ$ -> #РАСПАКОВАТЬ$) = -23.7214487910734
correctionProbability (#ЧІТИ$ -> #ЧИТЫ$) = -73.85766173164325
correctionProbability (#УСДОВИЯХ$ -> #УСЛОВИЯХ$) = -8.913071619764672
correctionProbability (#МАМОЧЬКИ$ -> #МАМОЧКИ$) = -15.966691210556412
correctionProbability (#ВИДЬМАК$ -> #ВЕДЬМАК$) = -13.592361800497272
correctionProbability (#ПЛОРНО$ -> #ПЛРНО$) = -17.147478522156565
correctionProbability (#SAMSYAN$ -> #SHAMSHYAN$) = -85.802412006345
correctionProbability (#ОНЛЯЙН$ -> #ОНЛАЙН$) = -0.6737172188344296
correctionProbability (#ТРЕШИН$ -> #ТРЕЩИН$) = -16.876122721246848
correctionProbability (#РАДИР$ -> #РАДИО$) = -5.150135668366719
correctionProbability (#ALAMERE$ -> #ALMERA$) = -85.51925759163726
correctionProbability (#СКАНЕ$ -> #СКАНЕР$) = -14.007483386707722
correctionProbability (#ОТОЛОРИНГОЛОГ$ -> #ОТОЛАРИНГОЛОГ$) = -23.196344957249877
correctionProbability (#ЦЕНТРАБАНКА$ -> #ЦЕНТРОБАНКА$) = -21.54168025891194
correctionProbability (#САНДАЛЕЙ$ -> #САНДАЛИИ$) = -85.45090129864265
correctionProbability (#ВК1НТАКТЕ$ -> #ВКОНТАКТЕ$) = -6.565255100248699
correctionProbability (#LENOVA$ -> #LENOVO$) = -11.364555559521204
correctionProbability (#ОГРАЗМ$ -> #ОРГАЗМ$) = -79.19262688043581
correctionProbability (#КИНОЪ$ -> #КИНО$) = -5.993387318407269
correctionProbability (#ГЕРПИСЕ$ -> #ГЕРПЕСЕ$) = -20.575691856663795
correctionProbability (#АККАМУЛЯТОРНОМУ$ -> #АККУМУЛЯТОРНОМУ$) = -31.580710286414842
correctionProbability (#КОРАБОЛЬ$ -> #КОРАБЛЬ$) = -14.451897037496543
correctionProbability (#ДОБОВЛЯЮТ$ -> #ДОБАВЛЯЮТ$) = -20.481985031808506
correctionProbability (#ИНЬЕКЦИЯХ$ -> #ИНЪЕКЦИЯХ$) = -24.271839446768503
correctionProbability (#ОДНОКЛАСНИКЕ$ -> #ОДНОКЛАССНИКИ$) = -76.4723670422043
correctionProbability (#СТЛИЦА$ -> #СТОЛИЦА$) = -12.563252626115343
correctionProbability (#ПЕНСИОНОМ$ -> #ПЕНСИОННОМ$) = -20.618747586753344
correctionProbability (#БАЛОШОВА$ -> #БАЛАШОВА$) = -20.48000419680625
correctionProbability (#НОВМНКИ$ -> #НОВИНКИ$) = -7.373179640243656
correctionProbability (#РОТБАНТ$ -> #РОТБАНД$) = -19.79190499272135
correctionProbability (#САЗАНОВА$ -> #САЗОНОВА$) = -20.155157554997054
correctionProbability (#ГЕРПИСА$ -> #ГЕРПЕСА$) = -16.85584722907656
correctionProbability (#ЗОДАКА$ -> #ЗОДИАКА$) = -11.540434612946356
correctionProbability (#MEMORI$ -> #MEMORY$) = -15.807999526310898
correctionProbability (#РМНГТОН$ -> #РИНГТОН$) = -12.863848216928943
correctionProbability (#ДНКПР$ -> #ДНЕПР$) = -10.528316219182276
correctionProbability (#ИНСИРУКЦИЯ$ -> #ИНСТРУКЦИЯ$) = -9.394387754859984
correctionProbability (#РГАНИЗАЦИИ$ -> #ОРГАНИЗАЦИИ$) = -15.038031909966783
correctionProbability (#ФРАЗЕОЛОГИЗМИ$ -> #ФРАЗЕОЛОГИЗМЫ$) = -19.98532848638304
correctionProbability (#КАЛЬКУЛАТОР$ -> #КАЛЬКУЛЯТОР$) = -12.156454984612239
correctionProbability (#МИГАФОН$ -> #МЕГАФОН$) = -9.124022782292023
correctionProbability (#ТЕРНОПЫЛЬ$ -> #ТЕРНОПІЛЬ$) = -17.3076144159823
correctionProbability (#ХРУЩОВА$ -> #ХРУЩЕВА$) = -19.575588509956667
correctionProbability (#ИЭКЗАМЕНЫ$ -> #ЭКЗАМЕНЫ$) = -17.686642178809123
correctionProbability (#БОЬШИЕ$ -> #БОЛЬШИЕ$) = -10.429883021484457
correctionProbability (#МОСКВСКОЙ$ -> #МОСКОВСКОЙ$) = -13.040933039328813
correctionProbability (#ПРАВИЬНО$ -> #ПРАВИЛЬНО$) = -10.16784585396642
correctionProbability (#FILIMLERI$ -> #FILMLERI$) = -22.109000305539702
correctionProbability (#КВОДРАТНЫЕ$ -> #КВАДРАТНЫЕ$) = -15.880486988722367
correctionProbability (#ОСКАРИДЫ$ -> #АСКАРИДЫ$) = -19.775518774176113
correctionProbability (#РОКИВ$ -> #РОКІВ$) = -14.416323473904225
correctionProbability (#ФИСТИВАЛЬ$ -> #ФЕСТИВАЛЬ$) = -14.967791398363495
correctionProbability (#НАГОВЫЦИНА$ -> #НАГОВИЦЫНА$) = -85.78481339606469
correctionProbability (#НАСТАЯЩИЕ$ -> #НАСТОЯЩИЕ$) = -17.491281379160995
correctionProbability (#ШИМКЕНТ$ -> #ШЫМКЕНТ$) = -13.104065954301696
correctionProbability (#КСИНОН$ -> #КСЕНОН$) = -16.199405921072458
correctionProbability (#УЧИНИЦЫ$ -> #УЧЕНИЦЫ$) = -18.830153893132582
correctionProbability (#ЧАСТНИ$ -> #ЧАСТНЫЙ$) = -78.03399977558526
correctionProbability (#ФАМИНСКИЙ$ -> #ФОМИНСКИЙ$) = -23.15672000983575
correctionProbability (#QALLTIME$ -> #ALLTIME$) = -22.09045196433393
correctionProbability (#ОЧЕЬ$ -> #ОЧЕНЬ$) = -7.6619246058138835
correctionProbability (#ВЕРНУТТ$ -> #ВЕРНУТЬ$) = -12.558782122865836
correctionProbability (#ОДНОКЛАСНИКУ$ -> #ОДНОКЛАССНИКУ$) = -26.970671107707574
correctionProbability (#ПООИКЛИНИКА$ -> #ПОЛИКЛИНИКА$) = -13.462122410592741
correctionProbability (#ДАМАШНЯЯ$ -> #ДОМАШНЯЯ$) = -13.454956418289186
correctionProbability (#ОЛЬШТИН$ -> #ОЛЬШТЫН$) = -23.76843974102092
correctionProbability (#ЧИВО$ -> #ЧЕГО$) = -71.71545599184984
correctionProbability (#ШМИТ$ -> #ШМИДТ$) = -17.550789341146615
correctionProbability (#ОЧЕСТИТЕЛЬ$ -> #ОЧИСТИТЕЛЬ$) = -16.023459840405515
correctionProbability (#ИННОСТРАННЫХ$ -> #ИНОСТРАННЫХ$) = -20.73590409286753
correctionProbability (#АТЬЮНС$ -> #АЙТЮНС$) = -81.8913229895934
correctionProbability (#ИСПИТАНИЕ$ -> #ИСПЫТАНИЕ$) = -15.568382275733782
correctionProbability (#ПОВЫЕ$ -> #НОВЫЕ$) = -3.995676043337294
correctionProbability (#ЕЛЕКТРИЧЕСКИ$ -> #ЭЛЕКТРИЧЕСКИЙ$) = -82.48196509641743
correctionProbability (#ФОЛЬСВАГЕНЕ$ -> #ФОЛЬКСВАГЕН$) = -81.9226658703653
correctionProbability (#САРУМСКАЯ$ -> #СУМСКАЯ$) = -87.8920572723316
correctionProbability (#ДИСПЕЧЕРСКАЯ$ -> #ДИСПЕТЧЕРСКАЯ$) = -24.776429843905788
correctionProbability (#ЧЕРОДЕЙКА$ -> #ЧАРОДЕЙКА$) = -20.298310194305948
correctionProbability (#КОНЯКА$ -> #КОНЬЯКА$) = -18.40295088290854
correctionProbability (#ПАПАРОТНИК$ -> #ПАПОРОТНИК$) = -18.054910273714995
correctionProbability (#ЭЛЕПНАНТ$ -> #ЭЛЕФАНТ$) = -88.05401519007951
correctionProbability (#ПОЛНОМЕТРАЖНИЙ$ -> #ПОЛНОМЕТРАЖНЫЙ$) = -24.15617070456885
correctionProbability (#КИНОТ$ -> #КИНО$) = -5.9438655036681
correctionProbability (#ЯНДКС$ -> #ЯНДЕКС$) = -2.825336727505565
correctionProbability (#МЕДВЕДТ$ -> #МЕДВЕДЬ$) = -5.1088740454163695
correctionProbability (#SOVETNIC$ -> #SOVETNIK$) = -27.87382049218754
correctionProbability (#СЕЛИНДЖЕР$ -> #СЭЛИНДЖЕР$) = -25.543689794158972
correctionProbability (#АПАРАТЫ$ -> #АППАРАТЫ$) = -14.023304632294789
correctionProbability (#ОДНОКЛАСНИКИ$ -> #ОДНОКЛАССНИКИ$) = -11.740742881168345
correctionProbability (#КВОРТИРЫ$ -> #КВАРТИРЫ$) = -9.053207364747145
correctionProbability (#САСЫ$ -> #ЧАСЫ$) = -5.906128875741874
correctionProbability (#УЛТРА$ -> #УЛЬТРА$) = -14.492161052703533
correctionProbability (#ФОЛЬСВАГЕНА$ -> #ФОЛЬКСВАГЕН$) = -81.92370206318986
correctionProbability (#ГАГРИНА$ -> #ГАГАРИНА$) = -13.600364168833913
correctionProbability (#СЗЕМЫ$ -> #СХЕМЫ$) = -7.677479387429571
correctionProbability (#КИНОО$ -> #КИНО$) = -5.935918441975566
correctionProbability (#ВВОЙТИ$ -> #ВОЙТИ$) = -10.52374015051235
correctionProbability (#КОЛЕКС$ -> #КОДЕКС$) = -10.326639225387016
correctionProbability (#ИГРАМАН$ -> #ИГРОМАН$) = -15.576387431132083
correctionProbability (#КИНОП$ -> #КИНО$) = -5.972644468218142
correctionProbability (#МОШИ$ -> #МОЩИ$) = -15.773168004695787
correctionProbability (#SKACHAYT$ -> #SKACHAT$) = -14.193088546744569
correctionProbability (#КОГОА$ -> #КОГДА$) = -5.775796732727912
correctionProbability (#ГИЗАТУЛИНА$ -> #ГИЗАТУЛЛИНА$) = -28.325203926159375
correctionProbability (#ИНВЕКТОР$ -> #ИНВЕРТОР$) = -16.951349044972225
correctionProbability (#ОКОЛА$ -> #ОКОЛО$) = -11.746786734080363
correctionProbability (#ОПЕРАТОП$ -> #ОПЕРАТОР$) = -12.140269855753353
correctionProbability (#ЧАСТЕ$ -> #ЧАСТИ$) = -8.273485911850049
correctionProbability (#ALLYIME$ -> #ALLTIME$) = -19.52798213693763
correctionProbability (#ВРЕМЕННОН$ -> #ВРЕМЕННОЕ$) = -19.845574130192347
correctionProbability (#NAQILBAZ$ -> #NAGILBAZ$) = -34.060056627039835
correctionProbability (#ЦАЕТОВ$ -> #ЦВЕТОВ$) = -8.889807737761107
correctionProbability (#ОЧЕН$ -> #ОЧЕНЬ$) = -7.634941560808546
correctionProbability (#ОМЕГО$ -> #ОМЕГА$) = -11.250355612094413
correctionProbability (#СЛАБОЯ$ -> #СЛАБАЯ$) = -12.766901625422644
correctionProbability (#ОБЛАСТ$ -> #ОБЛАСТЬ$) = -7.987413735954
correctionProbability (#ОЧИСТЬ$ -> #ОЧИСТИТЬ$) = -79.48533204462883
correctionProbability (#МОРГЕРНШТЕРН$ -> #МОРГЕНШТЕРН$) = -21.344461251283867
correctionProbability (#МЕКТЕПТИН$ -> #МЕКТЕПТІҢ$) = -85.79508490216675
correctionProbability (#КАЙРОНСКАЯ$ -> #КОЙРАНСКАЯ$) = -100.35761118297779
correctionProbability (#УПИТАНЫЕ$ -> #УПИТАННЫЕ$) = -25.903800041681393
correctionProbability (#ЧАСТА$ -> #ЧАСТО$) = -11.186017305299021
correctionProbability (#СТАМОТОЛОГИЧЕСКАЯ$ -> #СТОМАТОЛОГИЧЕСКАЯ$) = -87.92403758319236
correctionProbability (#ДАНИЕЛЯ$ -> #ДАНИЭЛЯ$) = -23.751725355950036
correctionProbability (#КОЖУРИ$ -> #КОЖУРЫ$) = -19.666579111889536
correctionProbability (#ПОСАЖИЛА$ -> #ПОСАДИЛА$) = -22.436872850605475
correctionProbability (#ПЕНСИОННЙ$ -> #ПЕНСИОННЫЙ$) = -15.03657122415116
correctionProbability (#ЖЫЗЬНЬ$ -> #ЖИЗНЬ$) = -73.46029808042546
correctionProbability (#ЧАСТБ$ -> #ЧАСТЬ$) = -6.387398865691264
correctionProbability (#НЕОБЬЯТНЫЕ$ -> #НЕОБЪЯТНЫЕ$) = -25.523021188721792
correctionProbability (#ПАРОНОРМАЛЬНОЕ$ -> #ПАРАНОРМАЛЬНОЕ$) = -23.78027960070132
correctionProbability (#ГОНКОНГОВСКОМУ$ -> #ГОНКОНГСКОМУ$) = -101.23703595643448
correctionProbability (#КАЛГАНОВ$ -> #КОЛГАНОВ$) = -22.56049037263582
correctionProbability (#VLDEO$ -> #VIDEO$) = -7.9513943075254225
correctionProbability (#ПЕТАРДИ$ -> #ПЕТАРДЫ$) = -17.71671185481285
correctionProbability (#ОДНОКЛАСНИКЫ$ -> #ОДНОКЛАССНИКИ$) = -76.51877461286988
correctionProbability (#ЕЛЕКТРОМЯСОРУБКА$ -> #ЭЛЕКТРОМЯСОРУБКА$) = -29.213013996137285
correctionProbability (#КАРПОРАТИВ$ -> #КОРПОРАТИВ$) = -17.823107091599034
correctionProbability (#ЮОЛЬНИЦА$ -> #БОЛЬНИЦА$) = -11.332328960681458
correctionProbability (#LIVESCORES123$ -> #LIVESCORE123$) = -26.146517005877747
correctionProbability (#СЕРЕАЛИ$ -> #СЕРИАЛЫ$) = -72.18891749754685
correctionProbability (#ИНСТАГРРАММ$ -> #ИНСТАГРАМ$) = -78.29745905253148
correctionProbability (#ОБЕЬЕМ$ -> #ОБЪЕМ$) = -78.12098342735085
correctionProbability (#ДЕННЬГИ$ -> #ДЕНЬГИ$) = -10.088313425888384
correctionProbability (#ЛКСС$ -> #КЛАСС$) = -67.82132320768771
correctionProbability (#ОХРАНИКА$ -> #ОХРАННИКА$) = -15.540331110076728
correctionProbability (#КУЛСАРЫ$ -> #КУЛЬСАРЫ$) = -20.872961601644384
correctionProbability (#МАЛИШ$ -> #МАЛЫШ$) = -10.944654932986158
correctionProbability (#LZZ$ -> #KZ$) = -75.89489586575785
correctionProbability (#ОБЬЕДИНЕННЫХ$ -> #ОБЪЕДИНЕННЫХ$) = -26.169109733099198
correctionProbability (#СФЕНОИДИТЫ$ -> #СФЕНОИДИТ$) = -28.25756501760253
correctionProbability (#СОММЕРСОННЕ$ -> #ЗОММЕРЗОННЕ$) = -101.45825695494318
correctionProbability (#АНОНІМАЙЗЕР$ -> #АНОНИМАЙЗЕР$) = -20.782700672390604
correctionProbability (#КОНФУЦИИ$ -> #КОНФУЦИЙ$) = -19.345882653420112
correctionProbability (#ОБЛАСИ$ -> #ОБЛАСТИ$) = -6.666637955923115
correctionProbability (#ЗАДОЛЖНОСТЬЮ$ -> #ЗАДОЛЖЕННОСТЬЮ$) = -94.24344033789984
correctionProbability (#БЛАГОПРИЯТОЕ$ -> #БЛАГОПРИЯТНОЕ$) = -29.30159672012264
correctionProbability (#ЧИГО$ -> #ЧЕГО$) = -6.967383997707692
correctionProbability (#ВОЄНКОМАТ$ -> #ВОЕНКОМАТ$) = -16.83196182624794
correctionProbability (#ЧАДСКОГО$ -> #ЧАЦКОГО$) = -83.97458247367308
correctionProbability (#СМОТРЕИ$ -> #СМОТРЕТЬ$) = -67.66799707796177
correctionProbability (#ОХРАНИКИ$ -> #ОХРАННИКИ$) = -20.785956337756552
correctionProbability (#NONEE$ -> #NONNEE$) = -24.03019229373291
correctionProbability (#ОТВКТЫ$ -> #ОТВЕТЫ$) = -8.788250297987286
correctionProbability (#СЕМЕНЦОВО$ -> #СЕМЕНОВА$) = -84.54242483531192
correctionProbability (#ПДТЕСОВО$ -> #ПОДТЕСОВО$) = -23.884853710839202
correctionProbability (#АСЕЛ$ -> #АСЕЛЬ$) = -17.296645150107384
correctionProbability (#СИТИЛИНКА$ -> #СИТИЛИНК$) = -14.609343278714888
correctionProbability (#МОСРЕНГЕН$ -> #МОСРЕНТГЕН$) = -24.525096951887583
correctionProbability (#ЭФЕКТИВНО$ -> #ЭФФЕКТИВНО$) = -19.631257590338784
correctionProbability (#КЛИНК$ -> #КЛИНИК$) = -14.797256492164092
correctionProbability (#ПЕНСИОННЫ$ -> #ПЕНСИОННЫЙ$) = -15.001951053576626
correctionProbability (#МОСКЕВЕ$ -> #МОСКВЕ$) = -6.5600665733618655
correctionProbability (#ІСТОГРАМ$ -> #ІНСТАГРАМ$) = -82.19039126339365
correctionProbability (#СТРНА$ -> #СТРАНА$) = -10.333540380586253
correctionProbability (#ЦАЕТОК$ -> #ЦВЕТОК$) = -9.711835307099495
correctionProbability (#БОЛАХНЕ$ -> #БАЛАХНЕ$) = -20.209791683271582
correctionProbability (#КРЕСТАЛ$ -> #КРИСТАЛЛ$) = -80.26220230647007
correctionProbability (#САЛИК$ -> #САДИК$) = -10.634863386362856
correctionProbability (#ЕЛДЖЕЙ$ -> #ЭЛДЖЕЙ$) = -12.96643560692721
correctionProbability (#ОБЬЕДИНЕННЫЕ$ -> #ОБЪЕДИНЕННЫЕ$) = -24.48367270583875
correctionProbability (#ДРЛМ$ -> #ДРОМ$) = -5.889246178886143
correctionProbability (#ОСТАНЮ$ -> #ОСТАННЮ$) = -24.031335031245426
correctionProbability (#РУМСКИЕ$ -> #РУССКИЕ$) = -6.842483228692714
correctionProbability (#ENGLESH$ -> #ENGLISH$) = -11.076607351627878
correctionProbability (#РИГТОНЫ$ -> #РИНГТОНЫ$) = -15.394856858107921
correctionProbability (#ПЕНСИОНЕРРАМ$ -> #ПЕНСИОНЕРАМ$) = -19.29140130351543
correctionProbability (#ЮУЬБ$ -> #ЮТУБ$) = -67.98467268284752
correctionProbability (#РОЖДЕНИЧ$ -> #РОЖДЕНИЯ$) = -6.6973113105711874
correctionProbability (#ОСТАНЯ$ -> #ОСТАННЯ$) = -22.5222006787898
correctionProbability (#СМОТРЕН$ -> #СМОТРЕТЬ$) = -67.67269701430673
correctionProbability (#УКРЗАЛЫЗНИЦЯ$ -> #УКРЗАЛІЗНИЦЯ$) = -20.847080530610917
correctionProbability (#СКАВЧАТЬ$ -> #СКАЧАТЬ$) = -5.0155715268546235
correctionProbability (#ВЫГЛДЯДЕТЬ$ -> #ВЫГЛЯДЕТЬ$) = -20.900287642107322
correctionProbability (#КОТТЕДЖЫ$ -> #КОТТЕДЖИ$) = -16.078954002375518
correctionProbability (#ФЛОРОВО$ -> #ФРОЛОВО$) = -82.75873703290874
correctionProbability (#ФИЛЬММЫ$ -> #ФИЛЬМЫ$) = -6.089631053865986
correctionProbability (#АВТОПРАЙВ$ -> #АВТОДРАЙВ$) = -26.105819575684883
correctionProbability (#TIMEM$ -> #TIME$) = -11.734230173270678
correctionProbability (#ПРЕЗЕНТАЙИЯ$ -> #ПРЕЗЕНТАЦИЯ$) = -12.127751512112567
correctionProbability (#СДИРАТЕЛИ$ -> #СТИРАТЕЛИ$) = -19.424198981356312
correctionProbability (#НОВОГИРЕЕВЕ$ -> #НОВОГИРЕЕВО$) = -20.205823808176362
correctionProbability (#САМЙ$ -> #САМЫЙ$) = -7.960763410565129
correctionProbability (#СПРААКА$ -> #СПРАВКА$) = -10.844779884658955
correctionProbability (#ЖЕНШАМИ$ -> #ЖЕНЩИНАМИ$) = -145.85630426158636
correctionProbability (#ГЕНИРАЛЬНЫЙ$ -> #ГЕНЕРАЛЬНЫЙ$) = -19.35495172033867
correctionProbability (#ЗНСКОМСТВА$ -> #ЗНАКОМСТВА$) = -10.814680896444656
correctionProbability (#ИСУСА$ -> #ИИСУСА$) = -15.727848733933879
correctionProbability (#ИЗРАЙЛЯ$ -> #ИЗРАИЛЯ$) = -13.52990369991548
correctionProbability (#КАРАЛЕВА$ -> #КОРОЛЕВА$) = -75.32633919257364
correctionProbability (#ЗРО$ -> #ЭРО$) = -9.649579262883094
correctionProbability (#КАПРИЛЬО$ -> #КАПРИОЛЬО$) = -20.62359900890474
correctionProbability (#ИЗРАЙЛЬ$ -> #ИЗРАИЛЬ$) = -12.195593215005239
correctionProbability (#TARIFLAR$ -> #TARIFLARI$) = -24.888436893448713
correctionProbability (#ФЛЕБУСТА$ -> #ФЛИБУСТА$) = -16.27338211283574
correctionProbability (#МОТР$ -> #МОТОР$) = -11.10923410388737
correctionProbability (#ГМАЛ$ -> #ГМАИЛ$) = -13.31994299525584
correctionProbability (#АСАЛАМ$ -> #АССАЛАМ$) = -21.806571941172535
correctionProbability (#ПРИЛЮДИИ$ -> #ПРЕЛЮДИИ$) = -22.785906521740856
correctionProbability (#КЛОПАНА$ -> #КЛАПАНА$) = -14.501814634511163
correctionProbability (#ЧЕРТЕЖЫ$ -> #ЧЕРТЕЖИ$) = -12.069802771468034
correctionProbability (#АСКАЛОМ$ -> #ОСКАЛОМ$) = -22.93235024471862
correctionProbability (#ЧДЕЛАТЬ$ -> #СДЕЛАТЬ$) = -6.192823639831161
correctionProbability (#ККРАНЕКС$ -> #КРАНЭКС$) = -91.52295045227582
correctionProbability (#ПРЕСТАЕТ$ -> #ПРИСТАЕТ$) = -19.22311561166785
correctionProbability (#РЕЗУЛТАТЬ$ -> #РЕЗУЛЬТАТЫ$) = -78.59923625929454
correctionProbability (#БКЛЫЙ$ -> #БЕЛЫЙ$) = -7.968139027588567
correctionProbability (#ПАРАТИТ$ -> #ПАРОТИТ$) = -19.76827724305369
correctionProbability (#ПАОНЯ$ -> #ПАРНЯ$) = -10.242316678713248
correctionProbability (#ЛИТАЮЩИЯ$ -> #ЛЕТАЮЩАЯ$) = -83.449109622824
correctionProbability (#ЯРМАРК$ -> #ЯРМАРКА$) = -13.063427084240793
correctionProbability (#ПРИЛЮДИЯ$ -> #ПРЕЛЮДИЯ$) = -18.927258511382156
correctionProbability (#ТУМДОЙ$ -> #ТУМБОЙ$) = -16.33751040065839
correctionProbability (#БКЛЫЕ$ -> #БЕЛЫЕ$) = -8.325748888939309
correctionProbability (#ИАРКЕТ$ -> #МАРКЕТ$) = -9.581359957431882
correctionProbability (#ЮНИТОКС$ -> #ЮНИДОКС$) = -18.39150039801818
correctionProbability (#БАНКИНГА$ -> #БАНКИНГ$) = -13.028638503773031
correctionProbability (#МАРГОРИТА$ -> #МАРГАРИТА$) = -13.791701903292314
correctionProbability (#ФИЩИКЕ$ -> #ФИЗИКЕ$) = -10.665753027348348
correctionProbability (#ЗАЛИВАТ$ -> #ЗАЛИВАТЬ$) = -17.073522575974785
correctionProbability (#ТУРИСТКИЕ$ -> #ТУРИСТСКИЕ$) = -24.703560025826157
correctionProbability (#ПРОСТИТКА$ -> #ПРОСТИТУТКА$) = -84.33346896039136
correctionProbability (#ЛАМИНИРОВАНЫЙ$ -> #ЛАМИНИРОВАННЫЙ$) = -28.49477946373534
correctionProbability (#ГМАИ$ -> #ГМАИЛ$) = -13.294140209404265
correctionProbability (#ЖИЗНЕНЕОЕ$ -> #ЖИЗНЕННОЕ$) = -24.5093807282938
correctionProbability (#КОАСНОЯРСКА$ -> #КРАСНОЯРСКА$) = -17.18528609366618
correctionProbability (#ОЕЛЬ$ -> #ОТЕЛЬ$) = -7.554378216850068
correctionProbability (#СЗОДИТЬ$ -> #СХОДИТЬ$) = -13.879912060269987
correctionProbability (#ПРИКЛЕЕВАНИЯ$ -> #ПРИКЛЕИВАНИЯ$) = -26.67013378931393
correctionProbability (#БАНКИНГЕ$ -> #БАНКИНГ$) = -13.031458542747671
correctionProbability (#РАДИИО$ -> #РАДИО$) = -7.595445012509558
correctionProbability (#ГМАЙ$ -> #ГМАЙЛ$) = -14.555273125764547
correctionProbability (#СТРОВ$ -> #ОСТРОВ$) = -10.11114743032795
correctionProbability (#АХРАНА$ -> #ОХРАНА$) = -10.905686381694611
correctionProbability (#НАСТАЯЩАЯ$ -> #НАСТОЯЩАЯ$) = -17.173549958395746
correctionProbability (#ФИЩИКА$ -> #ФИЗИКА$) = -11.208892071974777
correctionProbability (#УМЕЕШ$ -> #УМЕЕШЬ$) = -17.010426181417767
correctionProbability (#ПЕНОЬЛОК$ -> #ПЕНОБЛОК$) = -19.891794548442434
correctionProbability (#ГИСМЕ$ -> #ГИСМЕТЕО$) = -139.51823685233597
correctionProbability (#КЕЙСБЕРИ$ -> #КЕЙСБЕРРИ$) = -24.15470515128697
correctionProbability (#ПРОСТАИА$ -> #ПРОСТАТА$) = -19.43185028459815
correctionProbability (#WOLSWAGEN$ -> #VOLKSWAGEN$) = -81.68688774432786
correctionProbability (#ТОШИЕ$ -> #ТОЩИЕ$) = -16.9339494990033
correctionProbability (#УДАЛЯТ$ -> #УДАЛЯТЬ$) = -17.665411639168184
correctionProbability (#GOROSCOP$ -> #GOROSKOP$) = -18.74510494388874
correctionProbability (#ОХРАНЫЕ$ -> #ОХРАННЫЕ$) = -18.886293741944762
correctionProbability (#АВТОЧЕЙС$ -> #АВТОЧОЙСЕ$) = -100.15221136368568
correctionProbability (#САЛЛ$ -> #КАЛЛ$) = -13.980539091410694
correctionProbability (#ТАРАСКИНО$ -> #ТАРАСКОВО$) = -89.4050705246127
correctionProbability (#ОРДИН$ -> #ОРДЕН$) = -11.70789949275552
correctionProbability (#ФЭНДИ$ -> #ФЕНДИ$) = -19.443306708645995
correctionProbability (#ПРИМЕТИ$ -> #ПРИМЕТЫ$) = -12.619720669579053
correctionProbability (#СИЛЕНКО$ -> #ВАСИЛЕНКО$) = -86.21355599794266
correctionProbability (#ФНАЫ$ -> #ФНАФ$) = -9.408493513318664
correctionProbability (#ГРУЗИЕ$ -> #ГРУЗИИ$) = -13.398962541550684
correctionProbability (#САЛКОСЕРИЛ$ -> #СОЛКОСЕРИЛ$) = -19.432457416618277
correctionProbability (#МАССЕЛЬГА$ -> #МАСЕЛЬГА$) = -36.28966222150836
correctionProbability (#ЛТУАЛЬ$ -> #ЛЕТУАЛЬ$) = -12.458848175740044
correctionProbability (#САПОВСКИЙ$ -> #САПКОВСКИЙ$) = -24.988593870858047
correctionProbability (#КАМАЛУ$ -> #КАМБАЛУ$) = -20.513885107943715
correctionProbability (#ЩЕИ$ -> #ШЕИ$) = -9.653273281517102
correctionProbability (#АДДИДАС$ -> #АДИДАС$) = -14.24348051133109
correctionProbability (#САЛИ$ -> #САЛЛИ$) = -13.871426509141184
correctionProbability (#ДУБРОВСКОГОО$ -> #ДУБРОВСКОГО$) = -22.152640755167866
correctionProbability (#ЗАПОВИТ$ -> #ЗАПОВІТ$) = -21.23564740531114
correctionProbability (#БЕЗПАСНОСТИ$ -> #БЕЗОПАСНОСТИ$) = -15.618871916364235
correctionProbability (#ГЕМОРОГИЧЕСКОГО$ -> #ГЕМОРРАГИЧЕСКОГО$) = -97.53576017886338
correctionProbability (#ГРИПОМ$ -> #ГРИППОМ$) = -21.61411130744566
correctionProbability (#СВЕНЕЙ$ -> #СВИНЕЙ$) = -14.872242163185117
correctionProbability (#УРАИНСКОМ$ -> #УКРАИНСКОМ$) = -18.019648972118638
correctionProbability (#ГРУЗИЙ$ -> #ГРУЗИИ$) = -13.4512841136638
correctionProbability (#ДОБОВЛЯТЬ$ -> #ДОБАВЛЯТЬ$) = -18.541476765806514
correctionProbability (#МАТИМАТЕКА$ -> #МАТЕМАТИКА$) = -76.07753936212015
correctionProbability (#НАМЕРОВ$ -> #НОМЕРОВ$) = -15.333997388011603
correctionProbability (#ЫОРМА$ -> #ФОРМА$) = -8.011940856569758
correctionProbability (#ВИРШИК$ -> #ВІРШИК$) = -20.84819670575175
correctionProbability (#КАРАЛЕВЫ$ -> #КОРОЛЕВЫ$) = -80.03669173029722
correctionProbability (#ДРЕН$ -> #ДЗЕН$) = -8.323425094849316
correctionProbability (#ВСТРОЕНОЙ$ -> #ВСТРОЕННОЙ$) = -20.43626699685648
correctionProbability (#ДРЕМ$ -> #ДРИМ$) = -13.71643866528132
correctionProbability (#WORDER$ -> #WORD$) = -79.15330837794225
correctionProbability (#АССАДОВА$ -> #АСАДОВА$) = -22.322313137387027
correctionProbability (#ОСИНЬ$ -> #ОСЕНЬ$) = -5.370101931304507
correctionProbability (#ВКРНТАКТЕ$ -> #ВКОНТАКТЕ$) = -6.554261040393165
correctionProbability (#CASHE$ -> #CACHE$) = -18.27588032165011
correctionProbability (#АМЕКСИН$ -> #АМИКСИН$) = -18.088132166348046
correctionProbability (#ШАХТИНСВИЙ$ -> #ШАХТИНСКИЙ$) = -20.886725075822426
correctionProbability (#СТИРЕТЬ$ -> #СТЕРЕТЬ$) = -17.67888664805165
correctionProbability (#ИФОРМ$ -> #ИНФОРМ$) = -15.372767736977
correctionProbability (#TRIPMYDRRAM$ -> #TRIPMYDREAM$) = -21.308902862378403
correctionProbability (#ЧЕРНУШНКИ$ -> #ЧЕРНУШКИ$) = -25.144363900310275
correctionProbability (#РАДМИ$ -> #РАДМИР$) = -13.594986065419025
correctionProbability (#ГРППОВОЕ$ -> #ГРУППОВОЕ$) = -16.328950359992838
correctionProbability (#МАЛЕНБКИХ$ -> #МАЛЕНЬКИХ$) = -11.358717380014312
correctionProbability (#ДОПОЛНИТЕЛЬНИЙ$ -> #ДОПОЛНИТЕЛЬНЫЙ$) = -22.165199588104727
correctionProbability (#МИМИМИШК$ -> #МИМИМИШКИ$) = -13.154147510049043
correctionProbability (#2Ъ$ -> #2$) = -4.505868670710525
correctionProbability (#КАРТИКНИ$ -> #КАРТИНКИ$) = -72.46236215830785
correctionProbability (#ЗЛЕБ$ -> #ХЛЕБ$) = -9.860039993027403
correctionProbability (#РРИГЛАШЕНИЕ$ -> #ПРИГЛАШЕНИЕ$) = -17.643835182711648
correctionProbability (#РИФМИ$ -> #РИФМЫ$) = -15.967600107513153
correctionProbability (#СОТЫОЙ$ -> #СОТОВОЙ$) = -80.85812471791134
correctionProbability (#БРОДЕЛКИ$ -> #БРОДИЛКИ$) = -19.21608867521583
correctionProbability (#ЕРОТИЧЕСКИЙ$ -> #ЭРОТИЧЕСКИЙ$) = -15.748761876666833
correctionProbability (#ГОСУЛУГАХ$ -> #ГОСУСЛУГАХ$) = -18.350101163640623
correctionProbability (#ПЕТРБУРГ$ -> #ПЕТЕРБУРГ$) = -11.967876785196879
correctionProbability (#PREMER$ -> #PREMIER$) = -16.79875750416209
correctionProbability (#СКОДБКО$ -> #СКОЛЬКО$) = -70.77268390007511
correctionProbability (#МАТОРЧИК$ -> #МОТОРЧИК$) = -17.47320809475739
correctionProbability (#ДИЛИВЕРИ$ -> #ДЕЛИВЕРИ$) = -16.14985999281071
correctionProbability (#МПТ3$ -> #МП3$) = -12.387001877541383
correctionProbability (#ОСИНИ$ -> #ОСЕНИ$) = -8.835143913953171
correctionProbability (#ТЕМНІЙ$ -> #ТЕМНЫЙ$) = -10.467089945150182
correctionProbability (#AID64$ -> #AIDA64$) = -17.46871052522982
correctionProbability (#СЕГОЛДНЯ$ -> #СЕГОДНЯ$) = -8.505241838399478
correctionProbability (#МИЦЕНАТ$ -> #МЕЦЕНАТ$) = -21.128945813833937
correctionProbability (#СУХОФРУКТ$ -> #СУХОФРУКТЫ$) = -20.281110302446912
correctionProbability (#ПРЕППАРАТ$ -> #ПРЕПАРАТ$) = -14.677463970584256
correctionProbability (#ИМЕННИНИКАМ$ -> #ИМЕНИННИКАМ$) = -92.33018951012781
correctionProbability (#ПОЛАРИТЬ$ -> #ПОДАРИТЬ$) = -13.085973928476896
correctionProbability (#СОЛЕННОГО$ -> #СОЛЕНОГО$) = -18.870683501744274
correctionProbability (#TRANSILACYA$ -> #TRANSLACIA$) = -94.3294579498404
correctionProbability (#ГЕНДАЛЬФ$ -> #ГЭНДАЛЬФ$) = -23.13868089419565
correctionProbability (#ЧЁПНАЯ$ -> #ЧЁРНАЯ$) = -12.350397514872835
correctionProbability (#ПНРЕД$ -> #ПЕРЕД$) = -9.094413501266946
correctionProbability (#МАТИМАТЕКИ$ -> #МАТЕМАТИКЕ$) = -140.37073787775265
correctionProbability (#ИЗРАЙЛЕ$ -> #ИЗРАИЛЕ$) = -11.983558169439853
correctionProbability (#РАЗВИТЕЕ$ -> #РАЗВИТИЕ$) = -11.92287374180561
correctionProbability (#ЖИСТОКИ$ -> #ЖЕСТОКИЙ$) = -79.2076506445007
correctionProbability (#ПОСЕШЕНИЯ$ -> #ПОСЕЩЕНИЯ$) = -17.076602585322085
correctionProbability (#CASIN$ -> #CASINO$) = -13.45466678758152
correctionProbability (#САОН$ -> #САЛОН$) = -9.441236531432668
correctionProbability (#РОЗМАН$ -> #РОЙЗМАН$) = -22.015370329224822
correctionProbability (#МОРДГПИE$ -> #МОРДГПИ$) = -26.308706065302587
correctionProbability (#СОЛОВОВ$ -> #СОЛОВЬЕВ$) = -80.99635937160447
correctionProbability (#ПОЛЬНЫЙ$ -> #ПОЛНЫЙ$) = -12.668880232012608
correctionProbability (#ТРАСЛЯЦИИ$ -> #ТРАНСЛЯЦИИ$) = -16.05436299921591
correctionProbability (#СИМЕТРИИ$ -> #СИММЕТРИИ$) = -19.899232824847317
correctionProbability (#АБОГРЕВАТЕЛЬ$ -> #ОБОГРЕВАТЕЛЬ$) = -18.448581110976924
correctionProbability (#СДАЧТИ$ -> #СДАЧИ$) = -13.447963634135338
correctionProbability (#ЛИСИЦИНА$ -> #ЛИСИЦЫНА$) = -23.270611843532556
correctionProbability (#САОЙ$ -> #СВОЙ$) = -8.83030519360625
correctionProbability (#ЕКЗОТИКОЙ$ -> #ЭКЗОТИКОЙ$) = -34.76970258899133
correctionProbability (#МЕЬЕЛИ$ -> #МЕБЕЛИ$) = -9.491787131550684
correctionProbability (#ОЧЕСТВА$ -> #ОТЧЕСТВА$) = -22.058947676823742
correctionProbability (#ПОСТЕРНАК$ -> #ПАСТЕРНАК$) = -19.2182936000331
correctionProbability (#ЛЕЛАЕТ$ -> #ДЕЛАЕТ$) = -12.099975229708402
correctionProbability (#ЖЕВОЧКИ$ -> #ДЕВОЧКИ$) = -8.61354372717922
correctionProbability (#ВЫДРАТЬ$ -> #ВЫБРАТЬ$) = -10.78893092378317
correctionProbability (#ДРИФ$ -> #ДРИФТ$) = -12.873863064696561
correctionProbability (#СВЕРДЛОВСКОЯ$ -> #СВЕРДЛОВСКАЯ$) = -19.080965949750784
correctionProbability (#РАДИЛА$ -> #РОДИЛА$) = -14.135023617965263
correctionProbability (#ПОДЬЕМНОГО$ -> #ПОДЪЕМНОГО$) = -25.366071395866832
correctionProbability (#САЛАРЬЕВР$ -> #САЛАРЬЕВО$) = -18.07930263912111
correctionProbability (#ВАЛЮЬ$ -> #ВАЛЮТ$) = -7.971488031293781
correctionProbability (#SKRETNI$ -> #SKRITNI$) = -26.249526835011608
correctionProbability (#БРЕКЗИТА$ -> #БРЕКСИТА$) = -26.595447125150464
correctionProbability (#ОБУЕНИЯ$ -> #ОБУЧЕНИЯ$) = -13.17571432110703
correctionProbability (#АКУМУЛЯТОРАХ$ -> #АККУМУЛЯТОРАХ$) = -27.10193877834935
correctionProbability (#РОССИИД$ -> #РОССИИ$) = -7.102705887889318
correctionProbability (#SKAYENG$ -> #SKYENG$) = -17.756477022490888
correctionProbability (#ПРИМЕРІ$ -> #ПРИМЕРЫ$) = -10.109587557897072
correctionProbability (#ПАПУГАЙ$ -> #ПОПУГАЙ$) = -13.85538151926778
correctionProbability (#ПАДРУГУ$ -> #ПОДРУГУ$) = -14.05529432348201
correctionProbability (#ВОЕННИЕ$ -> #ВОЕННЫЕ$) = -10.224033786176221
correctionProbability (#WILDBERIS$ -> #WILDBERRIES$) = -81.29310488572291
correctionProbability (#ВАНТАПА$ -> #ВАНТАА$) = -24.881854700002123
correctionProbability (#ДЮРСЕЛЬ$ -> #ДОРСЕЛЬ$) = -20.018427305843254
correctionProbability (#ВАНИШЬ$ -> #ВАНИШ$) = -22.437664072899878
correctionProbability (#ПАПУГАИ$ -> #ПОПУГАИ$) = -15.53324807949491
correctionProbability (#ДОМАДЕДОВА$ -> #ДОМОДЕДОВО$) = -79.25261720027054
correctionProbability (#ФИСКАР$ -> #ФИСКАРС$) = -21.371369019298413
correctionProbability (#КРЫСЕЛОВ$ -> #КРЫСОЛОВ$) = -23.746341804006548
correctionProbability (#ИСЧЕСНИТ$ -> #ИСЧЕЗНЕТ$) = -87.07498274722181
correctionProbability (#РЕЙНЖЕР$ -> #РЕЙНДЖЕР$) = -19.681720103947974
correctionProbability (#АВТОНАЗИЯ$ -> #ЭВТАНАЗИЯ$) = -85.97081447070056
correctionProbability (#АЛХОККЕЙ$ -> #АЛЛХОККЕЙ$) = -19.60029743301117
correctionProbability (#ДИМИТРОАГРАД$ -> #ДИМИТРОВГРАД$) = -20.03809227851709
correctionProbability (#ПОСЛУШАННО$ -> #ПОДСЛУШАНО$) = -81.3419788364989
correctionProbability (#ЛЮКСЕНБУРГ$ -> #ЛЮКСЕМБУРГ$) = -18.697089136036766
correctionProbability (#RESURGANCE$ -> #RESURGENCE$) = -30.37030130409447
correctionProbability (#КОГКА$ -> #КОШКА$) = -9.065364114607117
correctionProbability (#ДРИС$ -> #ДРИМС$) = -18.20825030968803
correctionProbability (#ИНСТУРКЦИЯ$ -> #ИНСТРУКЦИЯ$) = -77.2160032053862
correctionProbability (#ПОРНХАЮ$ -> #ПОРНХАБ$) = -13.040155609820943
correctionProbability (#ПАТЧЕРИЦУ$ -> #ПАДЧЕРИЦУ$) = -22.584184403831962
correctionProbability (#ОЧЕСТВО$ -> #ОТЧЕСТВО$) = -18.86750373668619
correctionProbability (#ЛЕТСКОЙ$ -> #ДЕТСКОЙ$) = -11.56268261710322
correctionProbability (#ЛЕЗТИ$ -> #ЛЕЗТЬ$) = -18.97009437475177
correctionProbability (#МОСВЫ$ -> #МОСКВЫ$) = -7.080842936909864
correctionProbability (#ПЛИКЛИНИКА$ -> #ПОЛИКЛИНИКА$) = -14.040490279792515
correctionProbability (#ПАДРУГИ$ -> #ПОДРУГИ$) = -13.809651978559543
correctionProbability (#ЖЕНШИНИЬ$ -> #ЖЕНЩИНЫ$) = -140.24445779353135
correctionProbability (#ТЕКСТУРИ$ -> #ТЕКСТУРЫ$) = -16.686914552388764
correctionProbability (#TRANSLE$ -> #TRANSLATE$) = -79.2626724486002
correctionProbability (#ЖИСТОКО$ -> #ЖЕСТОКО$) = -16.770699932900484
correctionProbability (#МЕРЛПРИЯТИЯ$ -> #МЕРОПРИЯТИЯ$) = -16.391236713431162
correctionProbability (#ФИЛЬМОФ$ -> #ФИЛЬМОВ$) = -9.885821203619692
correctionProbability (#ПРИЧИННЫ$ -> #ПРИЧИНЫ$) = -12.411561111741314
correctionProbability (#ВОЛОЧОК$ -> #ВОЛОЧЕК$) = -17.422870583790015
correctionProbability (#ВИЗИВАЙ$ -> #ВЫЗЫВАЙ$) = -84.72553859311367
correctionProbability (#ЛЕТСКОМ$ -> #ДЕТСКОМ$) = -9.935772672302
correctionProbability (#ОЛЕНИНСКИЙ$ -> #ЛЕНИНСКИЙ$) = -17.74620310120026
correctionProbability (#КАУНТРИ$ -> #КАУНТИ$) = -21.697938046490638
correctionProbability (#ТРАСЛЯЦИЯ$ -> #ТРАНСЛЯЦИЯ$) = -13.515413289532894
correctionProbability (#BEGINING$ -> #BEGINNING$) = -19.990143601958515
correctionProbability (#СТЮАРДЕСОЙ$ -> #СТЮАРДЕССОЙ$) = -26.12589799391025
correctionProbability (#ТАЙВЕБ$ -> #ТАЙМВЕБ$) = -17.19230407925808
correctionProbability (#ГОЛОВП$ -> #ГОЛОВА$) = -11.519241851987676
correctionProbability (#ХОЛИДАЙ$ -> #ХОЛИДЕЙ$) = -16.29782826978277
correctionProbability (#ШИИДТОВО$ -> #ШМИДТОВО$) = -33.849264272876226
correctionProbability (#APOLO$ -> #APOLLO$) = -18.589137750786133
correctionProbability (#ФИЛЬМРВ$ -> #ФИЛЬМОВ$) = -9.916860557422673
correctionProbability (#АНАТОЛЕВИЧ$ -> #АНАТОЛЬЕВИЧ$) = -18.55641134855459
correctionProbability (#СКРПИОН$ -> #СКОРПИОН$) = -14.33136179880109
correctionProbability (#ПРЕДМТАВИТЕЛЬСТВА$ -> #ПРЕДСТАВИТЕЛЬСТВА$) = -27.864886679325608
correctionProbability (#БИСОПРАЛОЛ$ -> #БИСОПРОЛОЛ$) = -18.60580747075914
correctionProbability (#САНМ$ -> #САНС$) = -12.141634911872476
correctionProbability (#ПРОСТИТКУ$ -> #ПРОСТИТУТКУ$) = -86.04437020950849
correctionProbability (#ВЫЙДИТ$ -> #ВЫЙДЕТ$) = -13.79409739265142
correctionProbability (#ВОСТАП$ -> #ВАТСАП$) = -141.0666306029779
correctionProbability (#АМБРЕО$ -> #ОМБРЕ$) = -81.82085556005427
correctionProbability (#ОХОЛОЖДЕНИЯ$ -> #ОХЛАЖДЕНИЯ$) = -83.34355023121016
correctionProbability (#РЕЖИСЕР$ -> #РЕЖИССЕР$) = -16.421613937176694
correctionProbability (#САНК$ -> #САНКТ$) = -7.787881063263441
correctionProbability (#МАИИНСКЕ$ -> #МАРИИНСКЕ$) = -21.819516537870136
correctionProbability (#ИАШИНЫ$ -> #МАШИНЫ$) = -7.8795775763562865
correctionProbability (#ДОМАДЕДОВО$ -> #ДОМОДЕДОВО$) = -14.558649725239057
correctionProbability (#СОЛОВЬВА$ -> #СОЛОВЬЕВА$) = -17.709509087689284
correctionProbability (#РЕЧЕПТЫ$ -> #РЕЦЕПТЫ$) = -8.161152568942704
correctionProbability (#ПОСОМТРЕТЬ$ -> #ПОСМОТРЕТЬ$) = -79.53375410445665
correctionProbability (#ОЕНО$ -> #ОКНО$) = -9.711465340254453
correctionProbability (#ВИКНА$ -> #ВІКНА$) = -18.056565703090957
correctionProbability (#FRANAIS$ -> #FRANCAIS$) = -19.274456832851754
correctionProbability (#ЗУТ$ -> #ЗУД$) = -12.394234368858893
correctionProbability (#КРАІНА$ -> #КРАЇНА$) = -18.228992698324138
correctionProbability (#РЕЩЕБНИК$ -> #РЕШЕБНИК$) = -11.318707736736314
correctionProbability (#КАНФЕТИ$ -> #КОНФЕТТИ$) = -85.34009023812433
correctionProbability (#СМОТРТЬ$ -> #СМОТРЕТЬ$) = -2.968738143505993
correctionProbability (#ОЕНК$ -> #ОЦЕНКА$) = -76.98043989224165
correctionProbability (#АЛМВТЫ$ -> #АЛМАТЫ$) = -7.239436530749732
correctionProbability (#СРЕДНИ$ -> #СРЕДНИЙ$) = -14.82682689635486
correctionProbability (#УДЕВИТЬ$ -> #УДИВИТЬ$) = -19.06911722707605
correctionProbability (#ОТНОШЕНИ$ -> #ОТНОШЕНИЙ$) = -14.966282736638988
correctionProbability (#ЧАРОКИ$ -> #ЧЕРОКИ$) = -14.813715666944933
correctionProbability (#СИМЕТРИЯ$ -> #СИММЕТРИЯ$) = -17.5767785145443
correctionProbability (#АМБРЕА$ -> #АМБРЕЛЛА$) = -85.23675902034849
correctionProbability (#АВТОВЛКЗАЛА$ -> #АВТОВОКЗАЛА$) = -19.096822279848936
correctionProbability (#ВКЛЮЧАЬ$ -> #ВКЛЮЧАТЬ$) = -18.606380003773765
correctionProbability (#САМЯ$ -> #САМАЯ$) = -9.541433372277158
correctionProbability (#СУГЕН$ -> #СУЙГЕН$) = -24.01422086104165
correctionProbability (#КОСМОНАФТА$ -> #КОСМОНАВТА$) = -19.75816463763745
correctionProbability (#ПОКАЗУЕТ$ -> #ПОКАЗЫВАЕТ$) = -146.53391342860678
correctionProbability (#РСЕНЬ$ -> #ОСЕНЬ$) = -5.438192996699698
correctionProbability (#АСТРИЦ$ -> #ОСТРИЦ$) = -20.660730382949342
correctionProbability (#РЕНЕЙССАНС$ -> #РЕНЕССАНС$) = -18.271307247494548
correctionProbability (#MASDROP$ -> #MASSDROP$) = -22.66734993289174
correctionProbability (#СЕНРИАЛ$ -> #СЕРИАЛ$) = -6.542892617664499
correctionProbability (#БАЬУШКА$ -> #БАБУШКА$) = -11.148180629951838
correctionProbability (#РАЗЯСНЕНИЕ$ -> #РАЗЪЯСНЕНИЕ$) = -24.416619832996687
correctionProbability (#РАСЧИТАТТ$ -> #РАССЧИТАТЬ$) = -78.89228576028063
correctionProbability (#ЕЛИТЕ$ -> #ЭЛИТЕ$) = -19.77535585567487
correctionProbability (#PLAYES$ -> #PLAY$) = -79.13842305838092
correctionProbability (#RAYNAIR$ -> #RYANAIR$) = -85.98005875957047
correctionProbability (#КОЛИКЦИОНЕР$ -> #КОЛЛЕКЦИОНЕР$) = -86.57182645604723
correctionProbability (#PEIN$ -> #PAIN$) = -14.44879569926653
correctionProbability (#БЕНЗАПИЛОЙ$ -> #БЕНЗОПИЛОЙ$) = -20.498067476037335
correctionProbability (#БАТАРЕІ$ -> #БАТАРЕЇ$) = -22.906556569192695
correctionProbability (#КОДГОТЫ$ -> #КОЛГОТКИ$) = -144.21541764290606
correctionProbability (#ЛКНА$ -> #ЛУНА$) = -9.076921425535385
correctionProbability (#ИНФНС$ -> #ИФНС$) = -12.291804680574561
correctionProbability (#НАЙДИЬЕ$ -> #НАЙДИТЕ$) = -12.031330057060295
correctionProbability (#ОЕМУ$ -> #ТЕМУ$) = -5.4880704948503585
correctionProbability (#ЛАБАРОТОРНАЯ$ -> #ЛАБОРАТОРНАЯ$) = -83.92268607387516
correctionProbability (#ЛЕЗУН$ -> #ЛИЗУН$) = -14.650325595618053
correctionProbability (#САМР$ -> #САМП$) = -9.696848477208508
correctionProbability (#ДОМОДЕДОВА$ -> #ДОМОДЕДОВО$) = -14.560996387654562
correctionProbability (#ПРЕСЕРВА$ -> #ПРЕСЕРВЫ$) = -22.854531039550693
correctionProbability (#ЛУНТК$ -> #ЛУНТИК$) = -8.649427240007231
correctionProbability (#ГІТАРИ$ -> #ГИТАРЫ$) = -77.34387890890751
correctionProbability (#ГУЬКА$ -> #ГУБКА$) = -9.9725121795251
correctionProbability (#МАЛИШКА$ -> #МАЛЫШКА$) = -14.801118200005291
correctionProbability (#ВЫВЕХ$ -> #ВЫВИХ$) = -16.687062130875464
correctionProbability (#ЧУВАСКИЕ$ -> #ЧУВАШСКИЕ$) = -19.926331955714538
correctionProbability (#ПЕНЕСЕ$ -> #ПЕНИСЕ$) = -20.574377200008644
correctionProbability (#АРГУМЕНТИ$ -> #АРГУМЕНТЫ$) = -16.491538450618393
correctionProbability (#ЭЛЛЕРА$ -> #ЭЙЛЕРА$) = -17.45695590239777
correctionProbability (#ВЫСОКОСНОМ$ -> #ВИСОКОСНОМ$) = -26.77210972712667
correctionProbability (#НАТАИ$ -> #НАТАЛИ$) = -12.333043931238716
correctionProbability (#ПОХЕТИТЕЛЬ$ -> #ПОХИТИТЕЛЬ$) = -19.249327430905083
correctionProbability (#ПРИДМЕТОВ$ -> #ПРЕДМЕТОВ$) = -15.338454841741417
correctionProbability (#ПНЕВМОКОКА$ -> #ПНЕВМОКОККА$) = -27.401847388316604
correctionProbability (#ШКОЬНЫЙ$ -> #ШКОЛЬНЫЙ$) = -11.38258071146359
correctionProbability (#РНЖИМ$ -> #РЕЖИМ$) = -9.476985791120104
correctionProbability (#CERIA$ -> #SERIA$) = -12.40929143703082
correctionProbability (#БЕЗЛЮДОВОЙ$ -> #БЕЗЛЮДНОЙ$) = -96.51869180276424
correctionProbability (#РАЗВИТИЧ$ -> #РАЗВИТИЯ$) = -11.48064654617125
correctionProbability (#МЕДВЕЛЬ$ -> #МЕДВЕДЬ$) = -5.109130417398793
correctionProbability (#АЛАДЬИ$ -> #ОЛАДЬИ$) = -12.111909708309629
correctionProbability (#РОЖЕСТВО$ -> #РОЖДЕСТВО$) = -15.366820748256288
correctionProbability (#ПОДОКОЙНИК$ -> #ПОДОКОННИК$) = -19.47033437645092
correctionProbability (#НАТАЕ$ -> #НАТАШЕ$) = -19.567753069379282
correctionProbability (#АВТОЕСТИ$ -> #АВТОВЕСТИ$) = -25.29497025428296
correctionProbability (#ВОЕННВЕ$ -> #ВОЕННЫЕ$) = -10.258555539824506
correctionProbability (#ВОДОИМУЛЬСИОНКОЙ$ -> #ВОДОЭМУЛЬСИОНКОЙ$) = -32.01499592571549
correctionProbability (#ЭСТЕНИЯ$ -> #ЭСТОНИЯ$) = -15.404191701980992
correctionProbability (#МОДМОЗЕЛЬ$ -> #МАДМУАЗЕЛЬ$) = -150.61228075345429
correctionProbability (#КИНДР$ -> #КИНДЕР$) = -12.912922079356694
correctionProbability (#ПСРННЯ$ -> #ПАРНЯ$) = -77.44949802462858
correctionProbability (#КАЗЛОВА$ -> #КОЗЛОВА$) = -16.92935618022723
correctionProbability (#ЧЕХЛИ$ -> #ЧЕХЛЫ$) = -11.107221528673602
correctionProbability (#ПРЕДИСТОРИЯ$ -> #ПРЕДЫСТОРИЯ$) = -25.436319036200466
correctionProbability (#ВАЛИУЛИН$ -> #ВАЛИУЛЛИН$) = -24.595906132548187
correctionProbability (#CNVACNERY$ -> #CNVACNER$) = -17.641102966529203
correctionProbability (#ОТВЕСТВЕННОГО$ -> #ОТВЕТСТВЕННОГО$) = -23.48031823930114
correctionProbability (#ИНОПОЛИС$ -> #ИННОПОЛИС$) = -22.180140342223304
correctionProbability (#ЗАПЕЧЕНЫЙ$ -> #ЗАПЕЧЕННЫЙ$) = -19.509877939810586
correctionProbability (#ГАРИЛЫ$ -> #ГОРИЛЛЫ$) = -84.20726648651105
correctionProbability (#СККЧАТИ$ -> #СКАЧАТЬ$) = -67.28326158682616
correctionProbability (#ПРЕВЕНТИВНИЙ$ -> #ПРЕВЕНТИВНЫЙ$) = -29.821471594893787
correctionProbability (#ГЛЫЕ$ -> #ГОЛЫЕ$) = -7.0725162305205345
correctionProbability (#ЧЕРВИКИ$ -> #ЧЕРВЯКИ$) = -18.63925069582104
correctionProbability (#КВАРТИ$ -> #КВАРТИР$) = -9.93002751817729
correctionProbability (#ВЕРОШПЕРОН$ -> #ВЕРОШПИРОН$) = -20.061840190280215
correctionProbability (#XHAMS$ -> #XHAMSTER$) = -145.85714955448339
correctionProbability (#КИІВСЬКА$ -> #КИЇВСЬКА$) = -19.999594105043926
correctionProbability (#БАЛАДИНА$ -> #БАЛАНДИНА$) = -22.378590375012728
correctionProbability (#ВЕЛИКОЛЕПЫЙ$ -> #ВЕЛИКОЛЕПНЫЙ$) = -16.155750931231317
correctionProbability (#КОТЕДЖНЫЙ$ -> #КОТТЕДЖНЫЙ$) = -19.157106477249407
correctionProbability (#ИНФОРМАТИУИ$ -> #ИНФОРМАТИКИ$) = -20.04796951440798
correctionProbability (#УЗБУКИ$ -> #УЗБЕКИ$) = -17.21980764036829
correctionProbability (#КАЗАКСТАНА$ -> #КАЗАХСТАНА$) = -12.651776061073342
correctionProbability (#МАРТЫНКИНО$ -> #МАРТЫНКИНА$) = -35.66995640464679
correctionProbability (#DRACON$ -> #DRAGON$) = -12.33069560540007
correctionProbability (#ЕФИР$ -> #ЭФИР$) = -5.685389136581055
correctionProbability (#TENCE$ -> #TENSE$) = -18.043372240762334
correctionProbability (#МЕРИАЛ$ -> #СЕРИАЛ$) = -4.085810903264605
correctionProbability (#MASAC$ -> #MASAJ$) = -16.499521924287553
correctionProbability (#МЕРЗЯК$ -> #МЕРЗЛЯК$) = -11.387790880928044
correctionProbability (#ENIMAL$ -> #ANIMAL$) = -15.391295219326562
correctionProbability (#ПРЕЗЕНТАЦИЯЯ$ -> #ПРЕЗЕНТАЦИЯ$) = -14.682626007959442
correctionProbability (#КАЗАКСТАНЕ$ -> #КАЗАХСТАНЕ$) = -12.382283099790662
correctionProbability (#АВТОДОПУСК$ -> #АВТОЗАПУСК$) = -82.28145603178606
correctionProbability (#СЛЫШИТЬСЯ$ -> #СЛЫШИТСЯ$) = -24.435108180607934
correctionProbability (#КОТЕДЖНЫЕ$ -> #КОТТЕДЖНЫЕ$) = -22.149848048492323
correctionProbability (#АНТРИСОЛЬ$ -> #АНТРЕСОЛЬ$) = -22.653840095728654
correctionProbability (#КВАРТЫ$ -> #КВАРТИРЫ$) = -75.00662625460564
correctionProbability (#БОЬШОЙ$ -> #БОЛЬШОЙ$) = -9.923067322783766
correctionProbability (#РАСАДИЦЬ$ -> #РАССАДИТЬ$) = -86.3943059853393
correctionProbability (#ЭПОЛ$ -> #ЭПЛ$) = -15.127174563383253
correctionProbability (#МАЛЕБУ$ -> #МАЛИБУ$) = -13.672797586101769
correctionProbability (#ФЕСТИФАЛЬ$ -> #ФЕСТИВАЛЬ$) = -15.00600675151415
correctionProbability (#ОДНОКАСНИКИ$ -> #ОДНОКЛАССНИКИ$) = -77.05199321171071
correctionProbability (#РИВЕРДЭИЛ$ -> #РИВЕРДЕЙЛ$) = -78.38094428437061
correctionProbability (#ГОЛОВВ$ -> #ГОЛОВЫ$) = -11.46635218378589
correctionProbability (#ПРОИЗВОДСВА$ -> #ПРОИЗВОДСТВА$) = -17.072641048669674
correctionProbability (#САТРЕТЬ$ -> #СМОТРЕТЬ$) = -67.71949402641796
correctionProbability (#ВОЛОКОВСКОЕ$ -> #ВОЛКОВСКОЕ$) = -28.526160666351124
correctionProbability (#РУТОРЕНТ$ -> #РУТОРРЕНТ$) = -26.100463681486474
correctionProbability (#ПОБУХАЕТ$ -> #НАБУХАЕТ$) = -88.79575372901937
correctionProbability (#SEXXO$ -> #SEXO$) = -16.23087182509065
correctionProbability (#ЧЕРНОБЕЛЬ$ -> #ЧЕРНОБЫЛЬ$) = -12.049713781056681
correctionProbability (#ПРОКЛЕТЫЙ$ -> #ПРОКЛЯТЫЙ$) = -17.271115416868696
correctionProbability (#СТИРАЛНИ$ -> #СТИРАЛЬНАЯ$) = -145.90483726508967
correctionProbability (#ММАГАЗИН$ -> #МАГАЗИН$) = -7.552484354257167
correctionProbability (#UNCLUSIVE$ -> #INCLUSIVE$) = -22.590230372875247
correctionProbability (#ЕМНАЯ$ -> #ТЕМНАЯ$) = -14.314220347243403
correctionProbability (#MYSCOR$ -> #MYSCORE$) = -14.057082204295803
correctionProbability (#ВЪЕТНАМА$ -> #ВЬЕТНАМА$) = -17.22397713528769
correctionProbability (#ВИКТР$ -> #ВИКТОР$) = -10.774942131414807
correctionProbability (#ИНСТРККЦИЯ$ -> #ИНСТРУКЦИЯ$) = -9.372818166981602
correctionProbability (#УСАНОВКА$ -> #УСТАНОВКА$) = -11.495717838412695
correctionProbability (#ОЛНЛАЙН$ -> #ОНЛАЙН$) = -3.1364978768820713
correctionProbability (#АВГАНСКИЙ$ -> #АФГАНСКИЙ$) = -20.315673611776823
correctionProbability (#МУЖКАЯ$ -> #МУЖСКАЯ$) = -12.399531274593336
correctionProbability (#КИІВСЬКП$ -> #КИЇВСЬКА$) = -84.79153894726355
correctionProbability (#ВИДИЯО$ -> #ВИДЕО$) = -68.98573877876319
correctionProbability (#БОЬШОЕ$ -> #БОЛЬШОЕ$) = -13.774880869800256
correctionProbability (#ОЧАЯННЫЕ$ -> #ОТЧАЯННЫЕ$) = -13.113746664273854
correctionProbability (#ЗЗООФИЛИЯ$ -> #ЗООФИЛИЯ$) = -18.355982824363032
correctionProbability (#АКТЁРИ$ -> #АКТЁРЫ$) = -10.54017607905583
correctionProbability (#MASAG$ -> #MASAJ$) = -16.499123019457333
correctionProbability (#ДНЕВНИКК$ -> #ДНЕВНИК$) = -9.515489872698154
correctionProbability (#ГОЛОВН$ -> #ГОЛОВЕ$) = -12.182272333150355
correctionProbability (#КОТОРЫИ$ -> #КОТОРЫЙ$) = -10.904761047721273
correctionProbability (#ПЛЕНСА$ -> #ПЛЕНКА$) = -11.863626522892158
correctionProbability (#АВГАНСКИЕ$ -> #АФГАНСКИЕ$) = -19.356830998397477
correctionProbability (#МИНИСКА$ -> #МЕНИСКА$) = -18.737437722313437
correctionProbability (#ОЕЗД$ -> #ПОЕЗД$) = -8.662061946622412
correctionProbability (#ДРИВИНГ$ -> #ДРАЙВИНГ$) = -82.79796240231143
correctionProbability (#ОУРЖИЕ$ -> #ОРУЖИЕ$) = -78.23837930151892
correctionProbability (#НDOWNLOAD$ -> #DOWNLOAD$) = -13.52390509209237
correctionProbability (#АЮТУБ$ -> #ЮТУБ$) = -2.693269598422166
correctionProbability (#МАЛВШ$ -> #МАЛЫШ$) = -10.97397654490781
correctionProbability (#ПИНАЛЬТИ$ -> #ПЕНАЛЬТИ$) = -18.90323160371527
correctionProbability (#КОЛЕГЕ$ -> #КОЛЛЕГЕ$) = -16.056779965102933
correctionProbability (#БИМАДЖИ$ -> #БИМЕНДЖИ$) = -83.54113632592956
correctionProbability (#ДЕНСКАЯ$ -> #ЖЕНСКАЯ$) = -10.115056320918853
correctionProbability (#МОЛОДЙ$ -> #МОЛОДОЙ$) = -12.654995731263853
correctionProbability (#ДЕНЩИНА$ -> #ЖЕНЩИНА$) = -9.111285550365466
correctionProbability (#АДМИЛАРТЕЙСКАЯ$ -> #АДМИРАЛТЕЙСКАЯ$) = -92.14341661902209
correctionProbability (#YANEX$ -> #YANDEX$) = -10.198136824986744
correctionProbability (#ВОЛЬВЫ$ -> #ВОЛЬВО$) = -11.875563880928613
correctionProbability (#ОЛТЙМ$ -> #ОЛТАЙМ$) = -23.06255168893786
correctionProbability (#MADELEIN$ -> #MADELEINE$) = -22.51958962436983
correctionProbability (#МОСВА$ -> #МОСКВА$) = -4.697157165368555
correctionProbability (#АНАНИМНО$ -> #АНОНИМНО$) = -18.46949279236088
correctionProbability (#ПРЕВИНАР$ -> #ПРЕВЕНАР$) = -20.670518394326088
correctionProbability (#ДИРЕКТР$ -> #ДИРЕКТОР$) = -13.91891435336354
correctionProbability (#ВАРИКОЦЕЛИ$ -> #ВАРИКОЦЕЛЕ$) = -19.523740729036724
correctionProbability (#БИЛОГИЯ$ -> #БИОЛОГИЯ$) = -13.739331399750377
correctionProbability (#РАДИЕС$ -> #РАДИЕСС$) = -22.181152771500756
correctionProbability (#ЛЕНИНГРАЛ$ -> #ЛЕНИНГРАД$) = -13.232376780277846
correctionProbability (#ДЕУШКОЙ$ -> #ДЕВУШКОЙ$) = -14.225752005872707
correctionProbability (#ЮВЕНТУМ$ -> #ЮВЕНТУС$) = -13.899272527675606
correctionProbability (#ПОВОРЕНОК$ -> #ПОВАРЕНОК$) = -16.898533953243692
correctionProbability (#ПИЛАРИ$ -> #ПИЛОРИ$) = -17.15188266931308
correctionProbability (#ГЛРОДЕ$ -> #ГОРОДЕ$) = -9.41337156821648
correctionProbability (#КАЦИВЕЛЛИ$ -> #КАЦИВЕЛИ$) = -25.457633536747736
correctionProbability (#НТЕРНЕТ$ -> #ИНТЕРНЕТ$) = -6.543901009383731
correctionProbability (#СЕЕРИЯ$ -> #СЕРИЯ$) = -4.758492411541937
correctionProbability (#НЕНДЗЯГО$ -> #НИНДЗЯГО$) = -13.89869752114327
correctionProbability (#БОЬШЕ$ -> #БОЛЬШЕ$) = -10.602061587184405
correctionProbability (#ИНТЕНЕТА$ -> #ИНТЕРНЕТА$) = -13.072069176035022
correctionProbability (#БОЛЕТ$ -> #БОЛЕТЬ$) = -15.753013232683546
correctionProbability (#CALIPCO$ -> #CALYPSO$) = -85.59946043485714
correctionProbability (#УИТЬ$ -> #УБИТЬ$) = -13.039889318933465
correctionProbability (#РАСБДОКИРОТЬ$ -> #РАЗБЛОКИРОВАТЬ$) = -216.36398861184807
correctionProbability (#КОЛЕГУ$ -> #КОЛЛЕГУ$) = -19.149460087921533
correctionProbability (#МАРИОТ$ -> #МАРРИОТТ$) = -85.82545951791744
correctionProbability (#ВОЛЬВУ$ -> #ВОЛЬВО$) = -11.874441160205134
correctionProbability (#ФРІСТАЙЛ$ -> #ФРИСТАЙЛ$) = -17.036616601110744
correctionProbability (#ТАБЛЕКА$ -> #ТАБЛЕТКА$) = -15.167718154853048
correctionProbability (#КОТРЫЕ$ -> #КОТОРЫЕ$) = -9.959294535094386
correctionProbability (#НИСААН$ -> #НИССАН$) = -9.359746818770223
correctionProbability (#ПОНЕМАЕТ$ -> #ПОНИМАЕТ$) = -16.063702891764898
correctionProbability (#ДКНДРАРИЯ$ -> #ДЕНДРАРИЯ$) = -26.243846966323915
correctionProbability (#ГАРИЛА$ -> #ГОРИЛЛА$) = -83.58700808463985
correctionProbability (#КАЗЭКЗАМ$ -> #КАЗЭКЗАМС$) = -25.640313523988333
correctionProbability (#ДЕНЩИНУ$ -> #ЖЕНЩИНУ$) = -12.404684721915345
correctionProbability (#РИВЕРДЭЙЛ$ -> #РИВЕРДЕЙЛ$) = -13.65008245360302
correctionProbability (#ТЕРМАС$ -> #ТЕРМОС$) = -15.006653232963107
correctionProbability (#ОСТАЕТЬСЯ$ -> #ОСТАЕТСЯ$) = -20.755021593512872
correctionProbability (#ФРАЗЕОЛОГИЗ$ -> #ФРАЗЕОЛОГИЗМ$) = -20.255378859201166
correctionProbability (#ПРИТНИЙ$ -> #ПРИЯТНЫЙ$) = -85.23042161234696
correctionProbability (#ПРИМИНЕНИЮ$ -> #ПРИМЕНЕНИЮ$) = -10.226411926092844
correctionProbability (#ПКТИНА$ -> #ПУТИНА$) = -10.702136147516587
correctionProbability (#РОБЛОКВС$ -> #РОБЛОКС$) = -9.854016944209803
correctionProbability (#САЛОТ$ -> #САЛАТ$) = -7.542340631543198
correctionProbability (#ВОЛЬВА$ -> #ВОЛЬВО$) = -11.770047557725395
correctionProbability (#ПОРОЗОК$ -> #ПОРОШОК$) = -14.068656570230559
correctionProbability (#СЕНЬЕРА$ -> #СЕНЬОРА$) = -20.97848641721702
correctionProbability (#FLOUD$ -> #FLOYD$) = -15.778632684023702
correctionProbability (#ПОЛЕЗЕНЬ$ -> #ПОЛЕЗЕН$) = -17.070024132404654
correctionProbability (#ДЕНЩИНЫ$ -> #ЖЕНЩИНЫ$) = -8.304439179713654
correctionProbability (#АПЛИКАТУРА$ -> #АППЛИКАТУРА$) = -26.135177183023465
correctionProbability (#АРХИМИЯ$ -> #АЛХИМИЯ$) = -18.649793501028647
correctionProbability (#КОТРЫМ$ -> #КОТОРЫМ$) = -16.065573273491793
correctionProbability (#КОТРЫЙ$ -> #КОТОРЫЙ$) = -11.511452121233603
correctionProbability (#ВОЛЬВЕ$ -> #ВОЛЬВО$) = -11.869530516648656
correctionProbability (#БОГУЛЬНИК$ -> #БАГУЛЬНИК$) = -20.693285841952076
correctionProbability (#MANIZA$ -> #MANIZHA$) = -25.359635338592163
correctionProbability (#СЕМБИОЗ$ -> #СИМБИОЗ$) = -18.047681406649914
correctionProbability (#КАТЕНКА$ -> #КОТЕНКА$) = -13.179870592454364
correctionProbability (#ШАКРУКХ$ -> #ШАХРУКХ$) = -17.540012857875922
correctionProbability (#РОЗБОРКИ$ -> #РАЗБОРКИ$) = -17.33521732242931
correctionProbability (#TNPMYDREAM$ -> #TRIPMYDREAM$) = -86.65241529704431
correctionProbability (#САЖАНЦЫ$ -> #САЖЕНЦЫ$) = -13.624066271111246
correctionProbability (#ЄПИЦЕНТР$ -> #ЭПИЦЕНТР$) = -17.386380088381372
correctionProbability (#КОЛЕГА$ -> #КОЛЛЕГА$) = -18.988998534210268
correctionProbability (#БИЛОГИИ$ -> #БИОЛОГИИ$) = -12.947632299052714
correctionProbability (#ЗХА$ -> #ЗА$) = -4.9713593053724345
correctionProbability (#KILLSS$ -> #KILLS$) = -18.84152064946171
correctionProbability (#ШАПМУНЬ$ -> #ШАМПУНЬ$) = -80.36526095123014
correctionProbability (#КОМБІНЕЗОН$ -> #КОМБИНЕЗОН$) = -15.985827900832305
correctionProbability (#РОЗДИВАНИЕ$ -> #РАЗДЕВАНИЕ$) = -83.34916993877792
correctionProbability (#КАТОРАЯ$ -> #КОТОРАЯ$) = -12.392365595867176
correctionProbability (#ПРИМИНЕНИИ$ -> #ПРИМЕНЕНИИ$) = -20.46204169343094
correctionProbability (#РОЖДЕНТЯ$ -> #РОЖДЕНИЯ$) = -6.7375617468349915
correctionProbability (#ШАМПИНЬЁНЫ$ -> #ШАМПИНЬОНЫ$) = -17.736469345866027
correctionProbability (#ПАСАЖИРСКИЕ$ -> #ПАССАЖИРСКИЕ$) = -22.780215175511863
correctionProbability (#COLPLEX$ -> #COMPLEX$) = -17.94294045133021
correctionProbability (#РАСКАЗ$ -> #РАССКАЗ$) = -10.94075133391597
correctionProbability (#ПАЛЬНИК$ -> #ПАЯЛЬНИК$) = -17.336142049495237
correctionProbability (#РАЖДННИЯ$ -> #РОЖДЕНИЯ$) = -71.43363383654066
correctionProbability (#ПАРАДОНТА$ -> #ПАРОДОНТА$) = -23.77049282379945
correctionProbability (#БЕСИНДЖЕР$ -> #БЭСИНДЖЕР$) = -24.56991735671601
correctionProbability (#ОЕКЙ$ -> #ОКЕЙ$) = -78.39623414245843
correctionProbability (#СООТВЕСТВИЯ$ -> #СООТВЕТСТВИЯ$) = -20.110719042672336
correctionProbability (#ПРВАНС$ -> #ПРОВАНС$) = -15.095159112334969
correctionProbability (#БРАЙЗЕР$ -> #БРАУЗЕР$) = -10.260074904026695
correctionProbability (#МОРУ$ -> #МОРЕ$) = -6.967091739743207
correctionProbability (#БОЛИЬ$ -> #БОЛИТ$) = -9.604819243367889
correctionProbability (#КОМНАТНРЙ$ -> #КОМНАТНОЙ$) = -16.292493355272065
correctionProbability (#ВЫЙГРАЙ$ -> #ВЫИГРАЙ$) = -20.78607772065628
correctionProbability (#МОРЛ$ -> #МОРО$) = -10.453743786655142
correctionProbability (#САМОДЕЛЬНОАЯ$ -> #САМОДЕЛЬНАЯ$) = -21.625028827964535
correctionProbability (#МОРН$ -> #МОРЕ$) = -6.961422933603675
correctionProbability (#ДЕСОЛЕ$ -> #ДЕССОЛЕ$) = -20.904593352640724
correctionProbability (#СТАМОТОЛОГИЧЕСКИХ$ -> #СТОМАТОЛОГИЧЕСКИХ$) = -91.68916960530751
correctionProbability (#АГРЕСИВНАЯ$ -> #АГРЕССИВНАЯ$) = -25.791189843515156
correctionProbability (#ШАРАИТ$ -> #ШАРИТ$) = -19.652228777629528
correctionProbability (#МОРЗ$ -> #МОРОЗ$) = -11.656097241467162
correctionProbability (#ПОБЛОКС$ -> #РОБЛОКС$) = -7.351963910177055
correctionProbability (#ВОСКУЛИТ$ -> #ВАСКУЛИТ$) = -19.394788388412103
correctionProbability (#МЕСЯЧНВХ$ -> #МЕСЯЧНЫХ$) = -14.890631308966526
correctionProbability (#ВАФЕЛЬНИЙ$ -> #ВАФЕЛЬНЫЙ$) = -22.390740384561816
correctionProbability (#WIRELLES$ -> #WIRELESS$) = -77.73364093980926
correctionProbability (#ВОЛГЛГРАД$ -> #ВОЛГОГРАД$) = -11.551859161605911
correctionProbability (#ЩИМОЙ$ -> #ЗИМОЙ$) = -9.444585541366752
correctionProbability (#КОГЖА$ -> #КОГДА$) = -5.772150199467998
correctionProbability (#АЛЬПАКО$ -> #АЛЬПАКА$) = -17.528283392466513
correctionProbability (#ПРИМИНЕНИЕ$ -> #ПРИМЕНЕНИЕ$) = -14.116518145313918
correctionProbability (#ОЕКА$ -> #РЕКА$) = -9.213013119966899
correctionProbability (#ВИШКІВЦІ$ -> #ВАШКІВЦІ$) = -27.503811750167323
correctionProbability (#ИГРАМИР$ -> #ИГРОМИР$) = -19.01265332713858
correctionProbability (#GALAXSI$ -> #GALAXY$) = -78.31761846131717
correctionProbability (#ГЕЛБРАЙТА$ -> #ГЭЛБРЕЙТА$) = -99.60689524058759
correctionProbability (#ПРОЗВОДСТВА$ -> #ПРОИЗВОДСТВА$) = -17.09438561550578
correctionProbability (#АБЕВНИНЯ$ -> #АБЕВЛИНЯ$) = -33.85211960570942
correctionProbability (#БИТРКОИНА$ -> #БИТКОИНА$) = -17.60698830646406
correctionProbability (#ПРОСТАВИТ$ -> #ПОСТАВИТЬ$) = -80.53171052737848
correctionProbability (#АППОСТИЛИРОВАНИИ$ -> #АПОСТИЛИРОВАНИЕ$) = -100.21116572591146
correctionProbability (#СТАРИНАЯ$ -> #СТАРИННАЯ$) = -18.11396688368408
correctionProbability (#КОМПРЕСОРА$ -> #КОМПРЕССОРА$) = -19.57277370778253
correctionProbability (#САЙС$ -> #САЙТ$) = -0.5027966797073873
correctionProbability (#РАСКАЩ$ -> #РАССКАЗ$) = -75.6818635196057
correctionProbability (#МЕСЕЧНОГО$ -> #МЕСЯЧНОГО$) = -19.126406477872287
correctionProbability (#ВЫЙГРАЛ$ -> #ВЫИГРАЛ$) = -17.27751349405068
correctionProbability (#САЙП$ -> #СКАЙП$) = -10.655982661716148
correctionProbability (#ОТЧАЯНАЯ$ -> #ОТЧАЯННАЯ$) = -23.724465996329336
correctionProbability (#ГОСЗАКУПА$ -> #ГОСЗАКУПОК$) = -85.1966019108151
correctionProbability (#МАНЧЖУРСКИЙ$ -> #МАНЬЧЖУРСКИЙ$) = -25.4105266227196
correctionProbability (#ПРОБИОТИКА$ -> #ПРОБИОТИК$) = -24.992339133695317
correctionProbability (#КЛИЕН$ -> #КЛИЕНТ$) = -12.125470758484983
correctionProbability (#GEMING$ -> #GAMING$) = -13.787705790287955
correctionProbability (#ЕКАТИРИНА$ -> #ЕКАТЕРИНА$) = -10.057461367456106
correctionProbability (#ВІДО$ -> #ВИДЕО$) = -67.07414408980549
correctionProbability (#ПРИНЦЕСКА$ -> #ПРИНЦЕССА$) = -12.485288477858163
correctionProbability (#САЙН$ -> #САЙТ$) = -0.5022529551810777
correctionProbability (#ПРИМЕНИНИЕ$ -> #ПРИМЕНЕНИЕ$) = -14.116658423276576
correctionProbability (#СННИК$ -> #СОННИК$) = -10.070253363717956
correctionProbability (#РИАЛТИ$ -> #РЕАЛИТИ$) = -81.88529579759785
correctionProbability (#ПЕСТЯ$ -> #ПЕСНЯ$) = -3.7405594110625167
correctionProbability (#РЮКЗАЧЕК$ -> #РЮКЗАЧОК$) = -23.41470984058941
correctionProbability (#МИРЛЕН$ -> #МЕРЛЕН$) = -9.090203582835311
correctionProbability (#ЕЛЕКТРОПЛИТА$ -> #ЭЛЕКТРОПЛИТА$) = -22.862039717605157
correctionProbability (#БОЛИЕ$ -> #БОЛЕЕ$) = -11.813037796739696
correctionProbability (#КОННОВ$ -> #КОНОНОВ$) = -18.217289148285076
correctionProbability (#ЯШЕРИЦА$ -> #ЯЩЕРИЦА$) = -17.816581917130193
correctionProbability (#ТУРИСТКОЙ$ -> #ТУРИСТСКОЙ$) = -24.08170040975846
correctionProbability (#ЗАПРАВИТИ$ -> #ЗАПРАВИТЬ$) = -17.367055649871915
correctionProbability (#ТРЕЙЛЛЕР$ -> #ТРЕЙЛЕР$) = -12.63442323664593
correctionProbability (#РАСЩИФРОВКА$ -> #РАСШИФРОВКА$) = -15.83187622814765
correctionProbability (#КОМПРЕСОРЕ$ -> #КОМПРЕССОРЕ$) = -26.20761368995847
correctionProbability (#РЕФРЕЖЕРАТОРОВ$ -> #РЕФРИЖЕРАТОРОВ$) = -31.0167496894571
correctionProbability (#НОГАНО$ -> #НОГГАНО$) = -19.873216316841535
correctionProbability (#ГОСЗАКУПК$ -> #ГОСЗАКУПКИ$) = -16.598940634095264
correctionProbability (#САЙГ$ -> #САЙТ$) = -0.5029417228579796
correctionProbability (#ПУХОВИ$ -> #ПУХОВИКИ$) = -80.15378172871779
correctionProbability (#ХЕЧБЕК$ -> #ХЭТЧБЕК$) = -80.86019784343588
correctionProbability (#ОБЛОСНАЯ$ -> #ОБЛАСТНАЯ$) = -80.64101881346078
correctionProbability (#РОЗМЕР$ -> #РАЗМЕР$) = -8.95782056193551
correctionProbability (#ИГНРЫ$ -> #ИГРЫ$) = -4.875422920487662
correctionProbability (#КВЕСЬ$ -> #КВЕСТ$) = -10.998980843988878
correctionProbability (#СИМПОТЯГА$ -> #СИМПАТЯГА$) = -24.86241173786361
correctionProbability (#РАССТОЯНИ$ -> #РАССТОЯНИЕ$) = -13.173553746263202
correctionProbability (#SHEIIN$ -> #SHEIN$) = -15.03459289325654
correctionProbability (#ЭКННИ$ -> #ЭННИ$) = -17.698246785381652
correctionProbability (#КРОВАТТ$ -> #КРОВАТЬ$) = -10.644098399604715
correctionProbability (#МАЛАМ$ -> #МАДАМ$) = -13.551551234417932
correctionProbability (#ШУРЫГИНЧ$ -> #ШУРЫГИНА$) = -15.491177240369673
correctionProbability (#СРЕДСТ$ -> #СРЕДСТВ$) = -11.781776480193827
correctionProbability (#ЛИВОН$ -> #ЛЕВОН$) = -18.190647558782207
correctionProbability (#ДНЕВНИКЪ$ -> #ДНЕВНИК$) = -9.569295536391579
correctionProbability (#SASHINEELEBATA$ -> #SASHINELEBATA$) = -29.835998251701056
correctionProbability (#ССЫН$ -> #СЫН$) = -9.894590226842137
correctionProbability (#МІНДЕТТЕРІМ$ -> #МІНДЕТТЕРІ$) = -23.22442768510158
correctionProbability (#ГАБРО$ -> #ГАББРО$) = -21.815424435372716
correctionProbability (#КОГДЫ$ -> #КОГДА$) = -5.820619424447063
correctionProbability (#ТУКНОВ$ -> #ТРУНОВ$) = -87.5934250880466
correctionProbability (#ЕРОТИЧЕСКАЯ$ -> #ЭРОТИЧЕСКАЯ$) = -20.340756884288496
correctionProbability (#РУССКОВО$ -> #РУССКОГО$) = -10.66570704822707
correctionProbability (#МIСТА$ -> #МІСТА$) = -16.66655175307808
correctionProbability (#ПЕРЕДЕЛАНАЯ$ -> #ПЕРЕДЕЛАННАЯ$) = -23.631252458272805
correctionProbability (#ГРЕНВЕЙ$ -> #ГРИНВЕЙ$) = -15.401877090828947
correctionProbability (#XIAOMAI$ -> #XIAOMI$) = -12.395419654664476
correctionProbability (#НОВОСИБРСКЕ$ -> #НОВОСИБИРСКЕ$) = -15.725471712589872
correctionProbability (#ЛЕНИНИ$ -> #ЛЕНИНА$) = -11.757934496764836
correctionProbability (#ПУТАНИ$ -> #ПУТАНЫ$) = -16.06641346075629
correctionProbability (#ОСТАНІЙ$ -> #ОСТАННІЙ$) = -20.57001773847407
correctionProbability (#МОПИ$ -> #МОПЕ$) = -15.05677452525973
correctionProbability (#OVGORSKY$ -> #OVGORSKIY$) = -25.14206330329663
correctionProbability (#BETSITI$ -> #BETCITY$) = -82.85840724769496
correctionProbability (#КОГДО$ -> #КОГДА$) = -5.745727456124001
correctionProbability (#СОЛОВИЙ$ -> #СОЛОВІЙ$) = -21.68559062152905
correctionProbability (#НАТПЛЬЯ$ -> #НАТАЛЬЯ$) = -9.618436170754848
correctionProbability (#САИТ$ -> #САЙТ$) = -0.459039070059152
correctionProbability (#НЕЗНАННАЯ$ -> #НЕУЗНАННАЯ$) = -36.31117672464329
correctionProbability (#НАСЕЛЕНИЧ$ -> #НАСЕЛЕНИЯ$) = -12.542123929345514
correctionProbability (#СТУДЕНТОА$ -> #СТУДЕНТОВ$) = -15.162655293564576
correctionProbability (#НААЛА$ -> #НАЧАЛА$) = -13.17508324633621
correctionProbability (#КРЭДО$ -> #КРЕДО$) = -12.16554748461299
correctionProbability (#ТОПОЛИННАЯ$ -> #ТОПОЛИНАЯ$) = -25.20083701585154
correctionProbability (#ЛЕНИНС$ -> #ЛЕНИНСКИЙ$) = -146.49626115620822
correctionProbability (#ЖЕНШИН$ -> #ЖЕНЩИН$) = -7.133347386343782
correctionProbability (#УМЗЫКА$ -> #МУЗЫКА$) = -73.34819192732051
correctionProbability (#КОМАНДНИЙ$ -> #КОМАНДНЫЙ$) = -19.957846102320126
correctionProbability (#ОАЗИЗ$ -> #ОАЗИС$) = -14.192544397757278
correctionProbability (#НАХАБИНСК$ -> #НАХАБИНСКАЯ$) = -93.1961156265476
correctionProbability (#АФТОГРАФ$ -> #АВТОГРАФ$) = -19.71253488868284
correctionProbability (#РУССКОВА$ -> #РУССКОГО$) = -75.35967452325856
correctionProbability (#CREMPLE$ -> #CREAMPIE$) = -83.00629976767763
correctionProbability (#СМОТРОВ$ -> #ОСМОТРОВ$) = -20.772707929523875
correctionProbability (#ВЫДОВИТЬ$ -> #ВЫДАВИТЬ$) = -20.96123139542638
correctionProbability (#ИГНРА$ -> #ИГРА$) = -6.5579941658928576
correctionProbability (#ВЫХОДНЫ$ -> #ВЫХОДНЫЕ$) = -13.226458981763876
correctionProbability (#КОЗИРЬКИ$ -> #КОЗЫРЬКИ$) = -11.754927155964914
correctionProbability (#LENONO$ -> #LENOVO$) = -11.360558859428185
correctionProbability (#ЭФФЕТ$ -> #ЭФФЕКТ$) = -13.176131766936297
correctionProbability (#РАДУГ$ -> #РАДУГА$) = -10.233216960922999
correctionProbability (#КАЛЬКУЛЯТР$ -> #КАЛЬКУЛЯТОР$) = -12.770517049201906
correctionProbability (#ВАПФЕЙС$ -> #ВАРФЕЙС$) = -10.434214642576215
correctionProbability (#ХАЙРУЛИНА$ -> #ХАЙРУЛЛИНА$) = -23.050219951805587
correctionProbability (#ДЕДСТВО$ -> #ДЕТСТВО$) = -12.587779043500248
correctionProbability (#МАСОВОЙ$ -> #МАССОВОЙ$) = -18.81430500951057
correctionProbability (#ЛОРАТОДИН$ -> #ЛОРАТАДИН$) = -19.083526846361792
correctionProbability (#ДЕКОТЛОН$ -> #ДЕКАТЛОН$) = -15.079683388292828
correctionProbability (#ВЕРДИТ$ -> #ВЕРДИКТ$) = -21.482937780043017
correctionProbability (#УПРАВЛЕИЕ$ -> #УПРАВЛЕНИЕ$) = -13.570812328583855
correctionProbability (#FOKUS$ -> #FOCUS$) = -14.241356184579079
correctionProbability (#ГРППЫ$ -> #ГРУППЫ$) = -9.607742461611469
correctionProbability (#ХОКЕЙ$ -> #ХОККЕЙ$) = -11.028329167363491
correctionProbability (#ИССТОРИИ$ -> #ИСТОРИИ$) = -11.538009005403353
correctionProbability (#КАОТЫ$ -> #КАРТЫ$) = -5.9793638480074485
correctionProbability (#ГАСПОЖА$ -> #ГОСПОЖА$) = -13.946096920085793
correctionProbability (#ПОРОЖЕНИЯ$ -> #ПОРАЖЕНИЯ$) = -18.386750393768303
correctionProbability (#DOWNLOUD$ -> #DOWNLOAD$) = -11.051621217058653
correctionProbability (#ДНЕВНИЕК$ -> #ДНЕВНИК$) = -9.52646208149362
correctionProbability (#ИНСТОЛЯЦИИ$ -> #ИНСТАЛЛЯЦИИ$) = -87.6672587739179
correctionProbability (#ПРИВЯЗАНОЙ$ -> #ПРИВЯЗАННОЙ$) = -26.75383193750619
correctionProbability (#NRIPMYDREAM$ -> #TRIPMYDREAM$) = -21.305435025943815
correctionProbability (#ПЛАСТИКОГО$ -> #ПЛАСТИКОВОГО$) = -88.77939710005171
correctionProbability (#ТАНХАУСОВ$ -> #ТАУНХАУСОВ$) = -24.617157383325242
correctionProbability (#МОГАЗИН$ -> #МАГАЗИН$) = -5.0147722006325335
correctionProbability (#РОЧКІВ$ -> #РОКІВ$) = -16.98875582226707
correctionProbability (#ЗАТЕРЯНЫЙ$ -> #ЗАТЕРЯННЫЙ$) = -18.408532869630356
correctionProbability (#ЗЩА$ -> #ЗА$) = -4.976444522395738
correctionProbability (#ФОРЭСТ$ -> #ФОРЕСТ$) = -14.69634508622158
correctionProbability (#ЕВРР$ -> #ЕВРО$) = -7.496777679243081
correctionProbability (#НАЧИНАЕТЬСЯ$ -> #НАЧИНАЕТСЯ$) = -19.007491753726164
correctionProbability (#АРМИЕ$ -> #АРМИИ$) = -10.961166474498437
correctionProbability (#ГРАМИДИН$ -> #ГРАММИДИН$) = -21.00170170811318
correctionProbability (#КАЛЬКУЛЯТЬ$ -> #КАЛЬКУЛЯТОР$) = -77.55879466105182
correctionProbability (#КРАНОЯРСКЕ$ -> #КРАСНОЯРСКЕ$) = -15.481812666034614
correctionProbability (#СКАЧЯ$ -> #СКАЧАТЬ$) = -133.13827072317133
correctionProbability (#АЛБИНА$ -> #АЛЬБИНА$) = -16.214885604270883
correctionProbability (#ПРАЙСТ$ -> #ПРАЙС$) = -12.011237666203915
correctionProbability (#ДЖАННЕТ$ -> #ДЖАНЕТ$) = -20.489831502117685
correctionProbability (#ШКОЛНАЯ$ -> #ШКОЛЬНАЯ$) = -15.052672670329265
correctionProbability (#ДККЕВОЧКАМ$ -> #ДЕВОЧКАМ$) = -87.44174138712368
correctionProbability (#КЕТАЙ$ -> #КИТАЙ$) = -10.167010356883313
correctionProbability (#МАТЕРЯЛЫ$ -> #МАТЕРИАЛЫ$) = -78.73895946735671
correctionProbability (#УЛТЫК$ -> #УЛТТЫК$) = -18.715665564586818
correctionProbability (#FORBIDEN$ -> #FORBIDDEN$) = -22.550194204713996
correctionProbability (#DRESSA$ -> #DRESS$) = -15.980715486535704
correctionProbability (#ВЗРАСТ$ -> #ВОЗРАСТ$) = -13.171913282243466
correctionProbability (#НОЖНИЫ$ -> #НОЖНИЦЫ$) = -14.968666945359097
correctionProbability (#АКТВНО$ -> #АКТИВНО$) = -18.20352699870533
correctionProbability (#ХОРОШEМ$ -> #ХОРОШЕМ$) = -5.360573331614537
correctionProbability (#КАРКУЗАЕВА$ -> #КАРАКУЗИЕВА$) = -102.07173376789986
correctionProbability (#МАНАХОВ$ -> #МОНАХОВ$) = -18.524332004621535
correctionProbability (#ПОДАЙДУТ$ -> #ПОДОЙДУТ$) = -18.369201770732758
correctionProbability (#РОДЖЕСТВО$ -> #РОЖДЕСТВО$) = -82.674477188507
correctionProbability (#ЭКОНОМКЕ$ -> #ЭКОНОМИКЕ$) = -17.184368441916902
correctionProbability (#СТУДЕНТАК$ -> #СТУДЕНТОК$) = -19.36995586260967
correctionProbability (#УКРАИНСКОЮ$ -> #УКРАЇНСЬКОЮ$) = -84.11119286646301
correctionProbability (#REBALKA$ -> #RIBALKA$) = -20.40329333201531
correctionProbability (#КОСТРЮЛИ$ -> #КАСТРЮЛИ$) = -16.952418971176392
correctionProbability (#ИПЛЕЩУТСЯ$ -> #ПЛЕЩУТСЯ$) = -36.43556010449807
correctionProbability (#ПРАЙТИ$ -> #ПРОЙТИ$) = -10.548496753212081
correctionProbability (#САФИТЫ$ -> #СОФИТЫ$) = -18.0629664316417
correctionProbability (#КОРИГА$ -> #КОРЕГА$) = -18.60775955381511
correctionProbability (#НАЦЫОНАЛЬНЫЙ$ -> #НАЦИОНАЛЬНЫЙ$) = -17.266800441404534
correctionProbability (#ОКРУЖАЮШЕЙ$ -> #ОКРУЖАЮЩЕЙ$) = -18.080401503028796
correctionProbability (#ЧЧИТАТЬ$ -> #ЧИТАТЬ$) = -9.709290473284579
correctionProbability (#СЛУЧАЙГЫЕ$ -> #СЛУЧАЙНЫЕ$) = -20.540335159421822
correctionProbability (#СКАЧАТНАЯ$ -> #СКАЧАННАЯ$) = -34.764105059843224
correctionProbability (#КОСТРЮЛЕ$ -> #КАСТРЮЛЕ$) = -17.889577591195675
correctionProbability (#СУМАХОВЫЙ$ -> #КУМАЧОВЫЙ$) = -90.02914714216836
correctionProbability (#СТІХ$ -> #СТИХ$) = -8.506793327855718
correctionProbability (#ОСТАННИ$ -> #ОСТАННІ$) = -19.659216846729848
correctionProbability (#JOMM$ -> #JOOM$) = -8.839580417145466
correctionProbability (#ТВІТТЕР$ -> #ТВИТТЕР$) = -13.232443067025237
correctionProbability (#СИЫСЛ$ -> #СМЫСЛ$) = -12.017679731086442
correctionProbability (#СОЛУШЕН$ -> #СОЛЮШЕН$) = -17.126186026989345
correctionProbability (#ВОЗРОЩЕНИЕ$ -> #ВОЗВРАЩЕНИЕ$) = -80.86729641286945
correctionProbability (#КРУСАН$ -> #КРУАССАН$) = -87.7320860710546
correctionProbability (#КАЛЕННОГО$ -> #КОЛЕННОГО$) = -15.548744487345438
correctionProbability (#ОТДИЧИЯ$ -> #ОТЛИЧИЯ$) = -14.115426794273475
correctionProbability (#МОЙМ$ -> #МОИМ$) = -13.820838951382104
correctionProbability (#СТІМ$ -> #СТИМ$) = -8.565133583977538
correctionProbability (#КРИСУНКИ$ -> #РИСУНКИ$) = -9.258627111685819
correctionProbability (#ALLTFIME$ -> #ALLTIME$) = -22.08833037347644
correctionProbability (#САВЫ$ -> #СОВЫ$) = -10.954246864827429
correctionProbability (#ПЕСРЮ$ -> #ПЕСНЮ$) = -5.6718759853401295
correctionProbability (#ЛЕТСКИЕ$ -> #ДЕТСКИЕ$) = -7.625517515513685
correctionProbability (#MENDORU$ -> #MEENDORU$) = -25.860948877110864
correctionProbability (#ВАРИНТЫ$ -> #ВАРИАНТЫ$) = -14.051600393613676
correctionProbability (#МОЙЙ$ -> #МОЙ$) = -7.905619577584368
correctionProbability (#СЕРБАНК$ -> #СБЕРБАНК$) = -6.592579157325609
correctionProbability (#МИТСУКИ$ -> #МИЦУКИ$) = -90.13324319447663
correctionProbability (#ЛУЧШЫЙ$ -> #ЛУЧШИЙ$) = -9.428048534440354
correctionProbability (#VIDEOES$ -> #VIDEOS$) = -13.548901719514252
correctionProbability (#ДАИВА$ -> #ДАЙВА$) = -17.545689845564386
correctionProbability (#LAKEE$ -> #LAKE$) = -16.759553617190708
correctionProbability (#АЛЕРГИИ$ -> #АЛЛЕРГИИ$) = -17.12426347969715
correctionProbability (#ИЗВЕНЕНИЯ$ -> #ИЗВИНЕНИЯ$) = -22.35983999398089
correctionProbability (#ЛЕНЕНСКОМ$ -> #ЛЕНИНСКОМ$) = -17.49939455330938
correctionProbability (#НЕМЕЦКИЯ$ -> #НЕМЕЦКИЙ$) = -12.757989381867425
correctionProbability (#ППООРНО$ -> #ПООРНО$) = -19.1662694159044
correctionProbability (#ЧЕХОА$ -> #ЧЕХОВ$) = -11.974371415754451
correctionProbability (#ЕВПО$ -> #ЕВРО$) = -7.478246063862166
correctionProbability (#СТІВ$ -> #СТИВ$) = -12.877062231201808
correctionProbability (#ЭДЖЕЙ$ -> #ЭЛДЖЕЙ$) = -13.578713688324658
correctionProbability (#FOOTBAAL$ -> #FOOTBALL$) = -13.48756988792939
correctionProbability (#ВЫРТУАЛНЫЙ$ -> #ВИРТУАЛЬНЫЙ$) = -83.38674027054424
correctionProbability (#ФОТОСЕСИИ$ -> #ФОТОСЕССИИ$) = -17.96480978505629
correctionProbability (#ДИМОХОД$ -> #ДЫМОХОД$) = -15.54217764115701
correctionProbability (#ТРАВИЛАТА$ -> #ТРАВЕЛАТА$) = -16.292801780869432
correctionProbability (#МЕSUT$ -> #MESUT$) = -89.5103521187926
correctionProbability (#ИНСТОЛЯЦИЯ$ -> #ИНСТАЛЛЯЦИЯ$) = -86.31716325003353
correctionProbability (#ПОЛИАВА$ -> #ПОЛТАВА$) = -13.615826554174902
correctionProbability (#ГЭЙМ$ -> #ГЕЙМ$) = -13.694576344495797
correctionProbability (#РЕФКРАТ$ -> #РЕФЕРАТ$) = -10.727193961272697
correctionProbability (#ВЛАДЕЛИЦ$ -> #ВЛАДЕЛЕЦ$) = -16.82171899679446
correctionProbability (#СИТСЕМА$ -> #СИСТЕМА$) = -76.70623784919529
correctionProbability (#ХОКЕЯ$ -> #ХОККЕЯ$) = -15.183337811703826
correctionProbability (#ВЕЛОСИПЕТ$ -> #ВЕЛОСИПЕД$) = -13.532845213085132
correctionProbability (#ЭЛКТРИЧКИ$ -> #ЭЛЕКТРИЧКИ$) = -16.282152765246998
correctionProbability (#БОТАСА$ -> #БОТТАСА$) = -24.790972669858576
correctionProbability (#БИРИНШИ$ -> #БІРІНШІ$) = -148.04025198134758
correctionProbability (#ХОКЕЮ$ -> #ХОККЕЮ$) = -14.826786515558258
correctionProbability (#МЦЛЬТИК$ -> #МУЛЬТИК$) = -6.828647323441217
correctionProbability (#ШТУРМАВЫЕ$ -> #ШТУРМОВЫЕ$) = -24.778077623770535
correctionProbability (#ПАПОВА$ -> #ПОПОВА$) = -14.355540030328715
correctionProbability (#СВЕТАФОР$ -> #СВЕТОФОР$) = -13.812686370417431
correctionProbability (#ГДАВНЫЕ$ -> #ГЛАВНЫЕ$) = -13.05326480427275
correctionProbability (#ФАБЕРЛІК$ -> #ФАБЕРЛИК$) = -10.947942670532825
correctionProbability (#КЛАИАТУРЕ$ -> #КЛАВИАТУРЕ$) = -17.77680860957117
correctionProbability (#АКЦИІ$ -> #АКЦИИ$) = -7.219085593661383
correctionProbability (#СНОВЕЛЕНИЯ$ -> #СНОВИДЕНИЯ$) = -85.33582514649058
correctionProbability (#ТЕЖЕЛО$ -> #ТЯЖЕЛО$) = -16.109098221194774
correctionProbability (#КОТРОМ$ -> #КОТОРОМ$) = -14.07380639103782
correctionProbability (#ЕЛИЗИУМ$ -> #ЭЛИЗИУМ$) = -18.455337235192694
correctionProbability (#ПЛАСТИКОВА$ -> #ПЛАСТИКОВАЯ$) = -19.102364396904562
correctionProbability (#СПОРТЕЖ$ -> #СПОРТЕЙДЖ$) = -81.62418396789748
correctionProbability (#СОСТА$ -> #СОСТАВ$) = -9.925649323422778
correctionProbability (#КОТРОЙ$ -> #КОТОРОЙ$) = -13.50492946982574
correctionProbability (#ЧРОСЛААЛЕ$ -> #ЯРОСЛАВЛЕ$) = -78.65674186767266
correctionProbability (#СЕРЙАЛ$ -> #СЕРИАЛ$) = -4.102902411391856
correctionProbability (#СТРАМПОНЫ$ -> #СТРАПОНЫ$) = -24.987870317242823
correctionProbability (#АЛЕРГИЮ$ -> #АЛЛЕРГИЮ$) = -19.87696437527189
correctionProbability (#ТАТРЕ$ -> #ТЕАТРЕ$) = -14.550357804467911
correctionProbability (#СВИДЕЛЬСТВО$ -> #СВИДЕТЕЛЬСТВО$) = -86.22224939550057
correctionProbability (#ПЛАТИУМ$ -> #ПЛАТИНУМ$) = -16.817452383356297
correctionProbability (#УЧИНИКИ$ -> #УЧЕНИКИ$) = -16.1989454060396
correctionProbability (#СОСТВ$ -> #СОСТАВ$) = -9.940742929803225
correctionProbability (#ХРИСТИЯНСТВО$ -> #ХРИСТИАНСТВО$) = -22.1544103465313
correctionProbability (#ЙФИЛЬМ$ -> #ФИЛЬМ$) = -3.6992891424254033
correctionProbability (#ГАЗЕЛЕ$ -> #ГАЗЕЛИ$) = -13.535130489725258
correctionProbability (#ЕКАТИРИНЫ$ -> #ЕКАТЕРИНЫ$) = -15.711050681435886
correctionProbability (#ОТДИЧИЕ$ -> #ОТЛИЧИЕ$) = -13.296990659689428
correctionProbability (#ЩАМЕНА$ -> #ЗАМЕНА$) = -7.982771674184807
correctionProbability (#СЕРИЯИ$ -> #СЕРИЯ$) = -4.754953106859244
correctionProbability (#ДЕТСКАЧ$ -> #ДЕТСКАЯ$) = -8.951052288128459
correctionProbability (#ВЫГОДНВЙ$ -> #ВЫГОДНЫЙ$) = -15.052819821430028
correctionProbability (#BIALOSTOKAS$ -> #BELOSTOKAS$) = -96.05563030790357
correctionProbability (#НУРУТО$ -> #НАРУТО$) = -9.738620650756385
correctionProbability (#ОНЛНАЙ$ -> #ОНЛАЙН$) = -68.38159154672779
correctionProbability (#ОЛАТА$ -> #ОПЛАТА$) = -11.197069050461199
correctionProbability (#СПАРТИВНО$ -> #СПОРТИВНО$) = -19.302645414366594
correctionProbability (#ЩРЕК$ -> #ШРЕК$) = -10.36019577227231
correctionProbability (#УБИЙСТВОИВ$ -> #УБИЙСТВО$) = -82.18414062703299
correctionProbability (#КЛИННИКИ$ -> #КЛИНИКИ$) = -14.871882842948224
correctionProbability (#РОТВЕЛЕР$ -> #РОТВЕЙЛЕР$) = -20.972243452843102
correctionProbability (#ПОДШЕРСКА$ -> #ПОДШЕРСТКА$) = -30.415525770999416
correctionProbability (#OBIEVLENIE$ -> #OBYAVLENIE$) = -94.41867047477034
correctionProbability (#СООТВЕСТВИИ$ -> #СООТВЕТСТВИИ$) = -19.37747617925261
correctionProbability (#ГИПОКОБОЛЬТОЗ$ -> #ГИПОКОБАЛЬТОЗ$) = -30.888071068167875
correctionProbability (#ВАТИКАР$ -> #ВАТИКАН$) = -18.045818692211633
correctionProbability (#ДИКОТЕКА$ -> #ДИСКОТЕКА$) = -14.05356501529895
correctionProbability (#ННОВОСИ$ -> #НОВОСТИ$) = -71.98200642113667
correctionProbability (#НАХОДИТЦА$ -> #НАХОДИТСЯ$) = -76.82665287660095
correctionProbability (#УИТИ$ -> #УЙТИ$) = -12.850744974169249
correctionProbability (#ЗЫК$ -> #ЯЗЫК$) = -6.333382183397887
correctionProbability (#ПИЛЕСОС$ -> #ПЫЛЕСОС$) = -11.511640677275132
correctionProbability (#СЕРИЯЭ$ -> #СЕРИЯ$) = -4.806765646260725
correctionProbability (#ГЛАСКИ$ -> #ГЛАЗКИ$) = -14.871349902744772
correctionProbability (#ЦИКЛИНЕР$ -> #СИКЛИНЕР$) = -22.133066354197858
correctionProbability (#МЕТАЛОПЛАСТИКА$ -> #МЕТАЛЛОПЛАСТИКА$) = -30.881645352764266
correctionProbability (#ФОТОСЕСИЯ$ -> #ФОТОСЕССИЯ$) = -16.58534009021551
correctionProbability (#СЧИТАЕТЬСЯ$ -> #СЧИТАЕТСЯ$) = -19.01334383046808
correctionProbability (#НЕОЛЕТИЧЕСКАЯ$ -> #НЕОЛИТИЧЕСКАЯ$) = -27.36360029392653
correctionProbability (#ЛЕЗБИИ$ -> #ЛЕСБИ$) = -76.92876207230002
correctionProbability (#ОФСПРИНГ$ -> #ОФФСПРИНГ$) = -25.21424934942383
correctionProbability (#ИЗВРАШЕНЦЫ$ -> #ИЗВРАЩЕНЦЫ$) = -22.9488166455101
correctionProbability (#ЦИГАНСКИ$ -> #ЦЫГАНСКИ$) = -23.420852430876423
correctionProbability (#АТЕСТАТА$ -> #АТТЕСТАТА$) = -22.522449845327777
correctionProbability (#ХРАСАХ$ -> #ХРАМАХ$) = -17.323922030855318
correctionProbability (#ФОТОСЕСИЮ$ -> #ФОТОСЕССИЮ$) = -22.440776517631214
correctionProbability (#ЗАВЯЛЕНИЕ$ -> #ЗАЯВЛЕНИЕ$) = -80.39075618544189
correctionProbability (#PHONY$ -> #PONY$) = -16.27522483174865
correctionProbability (#ПРЕМЬЕ$ -> #ПРЕМЬЕР$) = -11.950912634628423
correctionProbability (#ЩОУ$ -> #ШОУ$) = -4.839344327996567
correctionProbability (#АЛЕРГЕН$ -> #АЛЛЕРГЕН$) = -23.136501757720048
correctionProbability (#ПРОФНАНС$ -> #ПРОФИНАНС$) = -18.872578408965907
correctionProbability (#TCSG$ -> #TKSQ$) = -95.49015894836565
correctionProbability (#ЛПЕТУАЛЬ$ -> #ЛЕТУАЛЬ$) = -14.397487713860386
correctionProbability (#RENEGAT$ -> #RENEGADE$) = -86.50033508461712
correctionProbability (#КОФФЕ$ -> #КОФЕ$) = -11.280795617470634
correctionProbability (#АТЕСТАТЕ$ -> #АТТЕСТАТЕ$) = -26.267379523769755
correctionProbability (#ЕДЕРАЛЬНЫЙ$ -> #ФЕДЕРАЛЬНЫЙ$) = -17.59223019365227
correctionProbability (#ПОДЬЕХАТЬ$ -> #ПОДЪЕХАТЬ$) = -24.987663927259206
correctionProbability (#ULTROISO$ -> #ULTRAISO$) = -17.98700007861666
correctionProbability (#БОЛЕЩНЬ$ -> #БОЛЕЗНЬ$) = -11.795321782149095
correctionProbability (#САЕТ$ -> #САЙТ$) = -0.4720503961338416
correctionProbability (#КЧТО$ -> #ЧТО$) = -3.893820594197816
correctionProbability (#РАМПИСАНИЕ$ -> #РАСПИСАНИЕ$) = -9.653214149997915
correctionProbability (#ЮТУВБ$ -> #ЮТУБ$) = -2.718199787350567
correctionProbability (#ПОЛУЧМТЬ$ -> #ПОЛУЧИТЬ$) = -11.093555553639497
correctionProbability (#ЗАВОРИТЬ$ -> #ЗАВАРИТЬ$) = -18.613280569226383
correctionProbability (#ИЗВЕНЕНИЕ$ -> #ИЗВИНЕНИЕ$) = -24.505430562928062
correctionProbability (#БЕЛГРОД$ -> #БЕЛГОРОД$) = -12.674453907884093
correctionProbability (#ДЕВСТВИННИЦЕЙ$ -> #ДЕВСТВЕННИЦЕЙ$) = -25.234231343113294
correctionProbability (#АМЕНИКАНСКОЙ$ -> #АМЕРИКАНСКОЙ$) = -21.38127179005057
correctionProbability (#ОДНОКДАСНИКИ$ -> #ОДНОКЛАССНИКИ$) = -76.50185275405083
correctionProbability (#NOMOZ$ -> #NAMOZ$) = -19.984996041042525
correctionProbability (#МАРИНКРАФТ$ -> #МАЙНКРАФТ$) = -75.18492732976885
correctionProbability (#СОЕДОВАТЕЛЬ$ -> #СЛЕДОВАТЕЛЬ$) = -19.578987919188968
correctionProbability (#МАХАБАТЫМ$ -> #МАХАББАТЫМ$) = -22.941442108615412
correctionProbability (#ОЬУВЬ$ -> #ОБУВЬ$) = -7.7811833839958915
correctionProbability (#РОЛІН$ -> #РӨЛІН$) = -24.402828444298976
correctionProbability (#СМОТРИТИ$ -> #СМОТРЕТЬ$) = -67.08298124725675
correctionProbability (#СЛОВЯНСКАЯ$ -> #СЛАВЯНСКАЯ$) = -18.899428607637027
correctionProbability (#ПЛАСТМАС$ -> #ПЛАСТМАСС$) = -21.15210966493796
correctionProbability (#ПРОСТАТИ$ -> #ПРОСТАТЫ$) = -14.403260996205852
correctionProbability (#ПАРАДОНТИТА$ -> #ПАРОДОНТИТА$) = -23.464549039407615
correctionProbability (#ВИКИПДИЯ$ -> #ВИКИПЕДИЯ$) = -10.012967695169145
correctionProbability (#КЫРГИЗИСКИЙ$ -> #КЫРГЫЗСКИЙ$) = -88.45045867683325
correctionProbability (#BOLSOI$ -> #BOLSHOI$) = -24.675010499998223
correctionProbability (#ЭЛКТРИЧКА$ -> #ЭЛЕКТРИЧКА$) = -17.11586351333319
correctionProbability (#ИСТОРИТ$ -> #ИСТОРИИ$) = -9.112246434034383
correctionProbability (#НОВОРЖДЕННЫХ$ -> #НОВОРОЖДЕННЫХ$) = -18.587526274344185
correctionProbability (#ВРОСЛЫМИ$ -> #ВЗРОСЛЫМИ$) = -20.094190071170694
correctionProbability (#МАИОККО$ -> #МАРОККО$) = -15.513853715963826
correctionProbability (#БИЯНКА$ -> #БЬЯНКА$) = -13.354443723595363
correctionProbability (#УКРАНЦЕВ$ -> #УКРАИНЦЕВ$) = -20.287536285688837
correctionProbability (#ПРИВЫШЕНИЕ$ -> #ПРЕВЫШЕНИЕ$) = -20.50551099402579
correctionProbability (#ГАРМОНАЛЬНЫЙ$ -> #ГОРМОНАЛЬНЫЙ$) = -23.806799555066036
correctionProbability (#КАПИЛЬНИЦ$ -> #КАПЕЛЬНИЦ$) = -22.591266255068263
correctionProbability (#МЫТСЯ$ -> #МЫТЬСЯ$) = -18.930021805824456
correctionProbability (#МАШИИНА$ -> #МАШИНА$) = -10.712604621896876
correctionProbability (#СДНЛАТЬ$ -> #СДЕЛАТЬ$) = -6.2031385495661695
correctionProbability (#ГИМНАЗИ$ -> #ГИМНАЗИЯ$) = -13.513776856554074
correctionProbability (#ЭКСТРЕМИСТКОЙ$ -> #ЭКСТРЕМИСТСКОЙ$) = -29.13256599614634
correctionProbability (#ПРИХОЖИЯ$ -> #ПРИХОЖАЯ$) = -15.596418805948105
correctionProbability (#НУРМАГАМЕДОВ$ -> #НУРМАГОМЕДОВ$) = -20.324267535919233
correctionProbability (#АВИКАССА$ -> #АВИАКАССА$) = -21.288012089670858
correctionProbability (#ГАРМОНАЛЬНЫЕ$ -> #ГОРМОНАЛЬНЫЕ$) = -23.6736103090931
correctionProbability (#ЭРОТТКА$ -> #ЭРОТИКА$) = -7.973787488516905
correctionProbability (#РАСРАБОТКЕ$ -> #РАЗРАБОТКЕ$) = -20.572268740595277
correctionProbability (#ЮДЖЫНА$ -> #ЮДЖИНА$) = -19.98631603064084
correctionProbability (#ТЕИНЫЙ$ -> #ТЕМНЫЙ$) = -10.4659730844031
correctionProbability (#МАНТИРОВАТЬ$ -> #МОНТИРОВАТЬ$) = -21.746456819839516
correctionProbability (#БЕЛОРУСЬ$ -> #БЕЛАРУСЬ$) = -11.319843011906585
correctionProbability (#РОЛІК$ -> #РОЛИК$) = -11.188674794694425
correctionProbability (#ЭПИГ$ -> #ЭПИК$) = -13.974859338453275
correctionProbability (#УДОЛЕННЫЙ$ -> #УДАЛЕННЫЙ$) = -17.142985953229477
correctionProbability (#ВЕЛЬМАК$ -> #ВЕДЬМАК$) = -13.605730534541962
correctionProbability (#ККХНИ$ -> #КУХНИ$) = -6.863579292937761
correctionProbability (#ААТОМОТИЧЕСКОЕ$ -> #АВТОМАТИЧЕСКОЕ$) = -89.37269642340003
correctionProbability (#ГАВИСКОН$ -> #ГЕВИСКОН$) = -20.275725262497275
correctionProbability (#ОЬУВИ$ -> #ОБУВИ$) = -9.604815956611173
correctionProbability (#КОЗЕНО$ -> #КАЗИНО$) = -75.0183312438604
correctionProbability (#МАРШМЕЛЛО$ -> #МАРШМЕЛЛОУ$) = -19.345221466989337
correctionProbability (#МОЛЕ$ -> #МОЛЛ$) = -12.330209216887756
correctionProbability (#КУШАТ$ -> #КУШАТЬ$) = -13.89800894933909
correctionProbability (#ЕФЕР$ -> #ЭФИР$) = -70.40878093595985
correctionProbability (#РАНЕТНИКИ$ -> #РАНЕТКИ$) = -85.39940971608927
correctionProbability (#ЖЕНШНИ$ -> #ЖЕНЩИНЫ$) = -138.35598115647343
correctionProbability (#САМІЙ$ -> #САМЫЙ$) = -7.360437316953803
correctionProbability (#ПОПСОКЕР$ -> #ПОПСОКЕТ$) = -19.28957702514071
correctionProbability (#ОНТРОЛЬНАЯ$ -> #КОНТРОЛЬНАЯ$) = -15.953763040843107
correctionProbability (#ТРУБЧЕВСКИ$ -> #ТРУБЧЕВСКЕ$) = -24.510178331151195
correctionProbability (#НАРЕСОВАТЬ$ -> #НАРИСОВАТЬ$) = -10.403875929862792
correctionProbability (#МЕЖДУГОРОДНЫЕ$ -> #МЕЖДУГОРОДНИЕ$) = -26.38266656166269
correctionProbability (#КАНТОРА$ -> #КОНТОРА$) = -12.999513874022256
correctionProbability (#КВАРЦТИРЫ$ -> #КВАРТИРЫ$) = -11.630214263905138
correctionProbability (#ОБЬЕМНАЯ$ -> #ОБЪЕМНАЯ$) = -16.323779775880254
correctionProbability (#ИГРУХАА$ -> #ИГРУХА$) = -17.48145587026392
correctionProbability (#СВАТОВССТВО$ -> #СВАТОВСТВО$) = -24.52111226436105
correctionProbability (#ПЛАТИЦЕ$ -> #ПЛАТЬИЦЕ$) = -21.252386433951322
correctionProbability (#СУМБОЛ$ -> #СИМБОЛ$) = -17.584093107644893
correctionProbability (#MEDICIN$ -> #MEDICINE$) = -20.529511603107956
correctionProbability (#РААЙОН$ -> #РАЙОН$) = -8.969468518904943
correctionProbability (#ОСНАВНОЙ$ -> #ОСНОВНОЙ$) = -14.80453939512222
correctionProbability (#НЕТОЛОГИ$ -> #НЕТОЛОГИЯ$) = -22.49224101505979
correctionProbability (#МАТЫЛЕК$ -> #МОТЫЛЕК$) = -15.855966242575079
correctionProbability (#MECINE$ -> #MACHINE$) = -80.55216756887407
correctionProbability (#ТЕМПИРАТУРЕ$ -> #ТЕМПЕРАТУРЕ$) = -18.128218963974945
correctionProbability (#БОЛШАЯ$ -> #БОЛЬШАЯ$) = -11.459838283594067
correctionProbability (#ХАНДРОЗ$ -> #ХОНДРОЗ$) = -19.62137414931602
correctionProbability (#МОРОЖЕНШИК$ -> #МОРОЖЕНЩИК$) = -21.717901478163533
correctionProbability (#БАШКОРТСТАН$ -> #БАШКОРТОСТАН$) = -17.494218345930683
correctionProbability (#ПОЛОДЕНИЕ$ -> #ПОЛОЖЕНИЕ$) = -13.697547567649913
correctionProbability (#SNAREIT$ -> #SHAREIT$) = -18.148401772847613
correctionProbability (#РЯДО$ -> #РЯДОМ$) = -10.085167017559865
correctionProbability (#ГАКАНА$ -> #ГАВАНА$) = -17.497134669493764
correctionProbability (#ПРИЗОДЯЩАЯ$ -> #ПРИХОДЯЩАЯ$) = -26.018121665799463
correctionProbability (#ПЕСНЫ$ -> #ПЕСНИ$) = -3.2960198355496715
correctionProbability (#MARIOT$ -> #MARRIOTT$) = -83.64944533351353
correctionProbability (#ОРГАНИЗАЦЫЯ$ -> #ОРГАНИЗАЦИЯ$) = -15.727976806683053
correctionProbability (#ШКОДІ$ -> #ШКОДА$) = -9.910267826118368
correctionProbability (#YUVENTUS$ -> #JUVENTUS$) = -19.169932234212
correctionProbability (#ТЕМПИРАТУРА$ -> #ТЕМПЕРАТУРА$) = -14.865686370514766
correctionProbability (#НЕДВЖИМОСТЬ$ -> #НЕДВИЖИМОСТЬ$) = -13.828217346219226
correctionProbability (#ЮТУДБ$ -> #ЮТУБ$) = -2.7273029687148274
correctionProbability (#ТРЕНЕРОВОК$ -> #ТРЕНИРОВОК$) = -17.752338945238733
correctionProbability (#СРЕДСЬВА$ -> #СРЕДСТВА$) = -11.653000350992109
correctionProbability (#БЕСБЛАТНО$ -> #БЕСПЛАТНО$) = -4.721660271212956
correctionProbability (#ПИСЬМЕНИКИ$ -> #ПИСЬМЕННИКИ$) = -26.24278482393727
correctionProbability (#УКРАІНСЬКОІ$ -> #УКРАЇНСЬКОЇ$) = -84.46920108488703
correctionProbability (#NAUGTY$ -> #NAUGHTY$) = -18.969231270783695
correctionProbability (#СПАЛНИ$ -> #СПАЛЬНИ$) = -13.037205351101534
correctionProbability (#СТРОТЕГИЧЕСКАЧ$ -> #СТРАТЕГИЧЕСКАЯ$) = -93.16497893884308
correctionProbability (#СТЕРЕЛИЗАЦИЯ$ -> #СТЕРИЛИЗАЦИЯ$) = -21.824083705932786
correctionProbability (#ПРИХОЖКЕ$ -> #ПРИХОЖЕЙ$) = -82.59065819190928
correctionProbability (#ПЕСНУ$ -> #ПЕСНЮ$) = -5.628247877937962
correctionProbability (#ПОДКЛЮЧЕНЯ$ -> #ПОДКЛЮЧЕНИЯ$) = -16.974083030675843
correctionProbability (#СПАЛНЕ$ -> #СПАЛЬНЕ$) = -15.369559972368727
correctionProbability (#ПОКВАСИТЬ$ -> #ПОКРАСИТЬ$) = -15.187078955888701
correctionProbability (#ТИАГАММА$ -> #ТИОГАММА$) = -19.448353138096145
correctionProbability (#FHILIPS$ -> #PHILIPS$) = -13.718957763081676
correctionProbability (#ПОВЫСИТ$ -> #ПОВЫСИТЬ$) = -15.567566605098925
correctionProbability (#СТВОРЕНЯ$ -> #СТВОРЕННЯ$) = -20.6871807889356
correctionProbability (#ДАНИЕЛЛА$ -> #ДАНИЭЛЛА$) = -22.775469334592223
correctionProbability (#САНОМА$ -> #СОНОМА$) = -18.43317781715181
correctionProbability (#ОДНОКЛАСССНИКИ$ -> #ОДНОКЛАССНИКИ$) = -13.668307618040828
correctionProbability (#ПОВНИ$ -> #ПОВНІ$) = -16.607554116212423
correctionProbability (#ПАНДОРИ$ -> #ПАНДОРЫ$) = -17.65959070525559
correctionProbability (#ОТЕЧЕСТВЕНАЯ$ -> #ОТЕЧЕСТВЕННАЯ$) = -21.607053506474116
correctionProbability (#CARDIF$ -> #CARDIFF$) = -23.888840745175017
correctionProbability (#СТАРУШОК$ -> #СТАРУШЕК$) = -18.563310991217882
correctionProbability (#РЕСНИЦИ$ -> #РЕСНИЦЫ$) = -14.895264820142643
correctionProbability (#NIVESTA$ -> #NEVESTA$) = -21.73045054577164
correctionProbability (#ТАТТУ$ -> #ТАТУ$) = -10.062175767763055
correctionProbability (#КАТРИДЖЫ$ -> #КАРТРИДЖИ$) = -82.5779611405901
correctionProbability (#НОЖЕМ$ -> #НОЖОМ$) = -14.562839715346907
correctionProbability (#ИОВОСТИ$ -> #НОВОСТИ$) = -4.284062852135419
correctionProbability (#ЗАГОРОДНИЙ$ -> #ЗАГОРОДНЫЙ$) = -15.488467856486253
correctionProbability (#МОКО$ -> #МОККО$) = -17.644719869936896
correctionProbability (#БАРИСОВ$ -> #БОРИСОВ$) = -14.217130193492281
correctionProbability (#МЕДНОГЛРСКЕ$ -> #МЕДНОГОРСКЕ$) = -25.31616255998204
correctionProbability (#КОГАД$ -> #КОГДА$) = -73.64259644769125
correctionProbability (#СЭКИС$ -> #СЕКИС$) = -12.749818058611144
correctionProbability (#ОДНАКЛАССНИКОВ$ -> #ОДНОКЛАССНИКОВ$) = -21.77696686348429
correctionProbability (#МОЖА$ -> #МОДА$) = -9.16962474363331
correctionProbability (#ПОКАЗУЮТ$ -> #ПОКАЗЫВАЮТ$) = -148.13925117392532
correctionProbability (#ТРЕБУЕТЬСЯ$ -> #ТРЕБУЕТСЯ$) = -18.408604648179406
correctionProbability (#МЕСЯЧНИХ$ -> #МЕСЯЧНЫХ$) = -14.854643524647742
correctionProbability (#ВАЛЬТ$ -> #ВАЛЮТ$) = -7.946129973072807
correctionProbability (#АННАМСКИЙ$ -> #КАННАМСКИЙ$) = -30.30125565213342
correctionProbability (#ПЕСНМ$ -> #ПЕСНИ$) = -3.302132104246464
correctionProbability (#МУЖЫКА$ -> #МУЖИКА$) = -13.838379680377518
correctionProbability (#ЭНШТЕЙН$ -> #ЭЙНШТЕЙН$) = -19.67382985488308
correctionProbability (#НІССАН$ -> #НИССАН$) = -9.3588671816407
correctionProbability (#ПАНКРИОТИН$ -> #ПАНКРЕАТИН$) = -83.7280500712465
correctionProbability (#IФАРМСИНТЗ$ -> #ФАРМСИНТЕЗ$) = -93.68070381022017
correctionProbability (#ОПАРАТ$ -> #АППАРАТ$) = -75.57029700960639
correctionProbability (#ШКОЛО$ -> #ШКОЛА$) = -5.450202658453005
correctionProbability (#КОНСТУКЦИЯ$ -> #КОНСТРУКЦИЯ$) = -19.27462202457773
correctionProbability (#НОВОТЭЛЬ$ -> #НОВОТЕЛЬ$) = -20.003450866469187
correctionProbability (#ВИДОЧАТ$ -> #ВИДЕОЧАТ$) = -14.489068750748828
correctionProbability (#ПЕСНР$ -> #ПЕСНИ$) = -3.3074477073537842
correctionProbability (#ПАРАСЕНКА$ -> #ПОРОСЕНКА$) = -81.56529342933031
correctionProbability (#ШКОЛП$ -> #ШКОЛА$) = -5.51767509704095
correctionProbability (#ЮСТИЦИЙ$ -> #ЮСТИЦИИ$) = -15.779772166162061
correctionProbability (#РОССПИСАНИЕ$ -> #РАСПИСАНИЕ$) = -76.80738414574523
correctionProbability (#АВИАЛИНИИИ$ -> #АВИАЛИНИИ$) = -17.2759913443031
correctionProbability (#ВОССТОНАВЛЕНИЕ$ -> #ВОССТАНОВЛЕНИЕ$) = -83.81869448202141
correctionProbability (#СПІДОМЕТР$ -> #СПИДОМЕТР$) = -18.878008136257407
correctionProbability (#ІКС$ -> #ИКС$) = -9.20113006254909
correctionProbability (#НЕГОСУДАРСТВЕННУЮ$ -> #ГОСУДАРСТВЕННУЮ$) = -94.85022654626718
correctionProbability (#ПДКЛЮЧЕНИЕ$ -> #ПОДКЛЮЧЕНИЕ$) = -16.482443331340896
correctionProbability (#НАСЛОЖДЕНИЕ$ -> #НАСЛАЖДЕНИЕ$) = -22.92768184116875
correctionProbability (#ЖМАЧЕНКА$ -> #ЖМАЧЕНКО$) = -33.771722809473225
correctionProbability (#ЭКПОРТ$ -> #ЭКСПОРТ$) = -16.411461398939217
correctionProbability (#ЄКСЕЛЬ$ -> #ЭКСЕЛЬ$) = -13.281301636745415
correctionProbability (#КОТАКТЕ$ -> #КОНТАКТЕ$) = -7.7193613309237605
correctionProbability (#РЕГИСТРАУИЯ$ -> #РЕГИСТРАЦИЯ$) = -13.893190942857558
correctionProbability (#PEJNJA$ -> #PEJNYA$) = -18.8507009703734
correctionProbability (#МАНАЗИНЫ$ -> #МАГАЗИНЫ$) = -10.660530744356713
correctionProbability (#РОСПЛАТИТСЯ$ -> #РАСПЛАТИТСЯ$) = -28.254045762481503
correctionProbability (#ХОККЕ$ -> #ХОККЕЙ$) = -11.008650515500879
correctionProbability (#HERTS$ -> #HEARTS$) = -16.29844759060016
correctionProbability (#СТРЫЕ$ -> #СТАРЫЕ$) = -10.480606326220585
correctionProbability (#НАСЛОЖДЕНИЯ$ -> #НАСЛАЖДЕНИЯ$) = -23.628383003262485
correctionProbability (#AREGUIPA$ -> #AREQUIPA$) = -26.66932311405818
correctionProbability (#ВЕТЕРЕНАР$ -> #ВЕТЕРИНАР$) = -18.93410297949864
correctionProbability (#ХАЛФИГЕР$ -> #ХИЛФИГЕР$) = -19.550950853018215
correctionProbability (#ЕКУПИТЬ$ -> #КУПИТЬ$) = -3.906154855383715
correctionProbability (#НАЧЬ$ -> #НОЧЬ$) = -7.35672164659713
correctionProbability (#ОСІНЮ$ -> #ОСІННЮ$) = -21.657092605067287
correctionProbability (#ВАРКАРФТ$ -> #ВАРКРАФТ$) = -82.46318443139752
correctionProbability (#АЛГОРИТ$ -> #АЛГОРИТМ$) = -15.463402505837841
correctionProbability (#КОТРУЮ$ -> #КОТОРУЮ$) = -15.436763205719146
correctionProbability (#ПЕНЕЛЬ$ -> #ПАНЕЛЬ$) = -10.91635455458648
correctionProbability (#ELISH$ -> #EILISH$) = -15.511806305402533
correctionProbability (#ПИКСИКИ$ -> #ФИКСИКИ$) = -9.869821404232283
correctionProbability (#ИНДИЯНКИ$ -> #ИНДИАНКИ$) = -21.297031889635413
correctionProbability (#ОСІНЯ$ -> #ОСІННЯ$) = -20.458131044984373
correctionProbability (#ФЮЖН$ -> #ФЬЮЖН$) = -16.870300909963102
correctionProbability (#ФИНКС$ -> #ВИНКС$) = -9.396682996867437
correctionProbability (#УИЛА$ -> #УИЛЛА$) = -18.97576969101821
correctionProbability (#ПРОДУКТИВ$ -> #ПРОДУКТІВ$) = -23.487624730513375
correctionProbability (#ГРУЩИК$ -> #ГРУЗЧИК$) = -80.57274831861493
correctionProbability (#ДАДАРИО$ -> #ДАДДАРИО$) = -19.739237050725436
correctionProbability (#НАЗЫВАЙМАЯ$ -> #НАЗЫВАЕМАЯ$) = -26.97574360440906
correctionProbability (#АРТР$ -> #АРТ$) = -10.665208216558622
correctionProbability (#ИСЛЛЕДОВАЛ$ -> #ИССЛЕДОВАЛ$) = -25.881167753895816
correctionProbability (#СКАЧАЬБ$ -> #СКАЧАТЬ$) = -70.35470120619723
correctionProbability (#РАДИМО$ -> #РАДИО$) = -7.632998985278402
correctionProbability (#ИАШИНА$ -> #МАШИНА$) = -8.237561276724069
correctionProbability (#ЮТУБЙ$ -> #ЮТУБ$) = -2.727094011840382
correctionProbability (#КВАРИТРУ$ -> #КВАРТИРУ$) = -76.54102296056706
correctionProbability (#СКАЧАЬЬ$ -> #СКАЧАТЬ$) = -2.5082292240729256
correctionProbability (#МАГНИТАФОНА$ -> #МАГНИТОФОНА$) = -23.814733940885084
correctionProbability (#ЮТУБЛ$ -> #ЮТУБ$) = -2.70063944212637
correctionProbability (#ДВИЖЕНИ$ -> #ДВИЖЕНИЯ$) = -12.566830582935928
correctionProbability (#ПЕРЕВОДЧМИК$ -> #ПЕРЕВОДЧИК$) = -11.162267286316983
correctionProbability (#ТЕРМОПЕРЕВОДКА$ -> #ТЕРМОПЕРЕВОДА$) = -41.19612703528753
correctionProbability (#РАДИОО$ -> #РАДИО$) = -7.606813740116319
correctionProbability (#ТОЛЬЯТТТИ$ -> #ТОЛЬЯТТИ$) = -13.731428011976767
correctionProbability (#ЭКСЕЙЛ$ -> #ЭКСЕЛЬ$) = -81.1257320437079
correctionProbability (#СКРИНИ$ -> #СКРИНЫ$) = -17.20004357296988
correctionProbability (#ВЛАДИВЛСТОК$ -> #ВЛАДИВОСТОК$) = -13.389562764001703
correctionProbability (#ПЕРЕЖЕГ$ -> #ПЕРЕЖОГ$) = -26.61711563313699
correctionProbability (#ПЕСМО$ -> #ПИСЬМО$) = -74.71730210575289
correctionProbability (#ЛАРЕНГИТ$ -> #ЛАРИНГИТ$) = -18.289772721041025
correctionProbability (#ДВИЖЕНЕ$ -> #ДВИЖЕНИЕ$) = -13.488587991016153
correctionProbability (#ОАТОВОКЗАЛА$ -> #АВТОВОКЗАЛА$) = -86.9055736976731
correctionProbability (#БЕРАГА$ -> #БЕРЕГА$) = -9.736958680215015
correctionProbability (#УЧАСНИКА$ -> #УЧАСТНИКА$) = -18.67235825186706
correctionProbability (#ЗОРОШО$ -> #ХОРОШО$) = -11.303487336953143
correctionProbability (#РАПСИСАНИЕ$ -> #РАСПИСАНИЕ$) = -77.4166254401135
correctionProbability (#ВЗЛМ$ -> #ВЗЛОМ$) = -9.616725385271518
correctionProbability (#ЛУЧЩАЯ$ -> #ЛУЧШАЯ$) = -10.973506115949693
correctionProbability (#МРНТАЖ$ -> #МОНТАЖ$) = -10.174799664590584
correctionProbability (#ЗАРОБАТЫВАЮТ$ -> #ЗАРАБАТЫВАЮТ$) = -20.919768235899063
correctionProbability (#ВЗЛО$ -> #ВЗЛОМ$) = -9.607913952972002
correctionProbability (#ЮТУБД$ -> #ЮТУБ$) = -2.7263283736435753
correctionProbability (#COPMANIES$ -> #COMPANIES$) = -85.6370469530272
correctionProbability (#ТАББУ$ -> #ТАБУ$) = -15.200887605086653
correctionProbability (#BATELFILD$ -> #BATTLEFIELD$) = -150.6292113692812
correctionProbability (#JOHO$ -> #JOHA$) = -22.17782876679803
correctionProbability (#ФЛУОКСИТИН$ -> #ФЛУОКСЕТИН$) = -21.157151669115486
correctionProbability (#ВЕСИЛЯ$ -> #ВЕСІЛЛЯ$) = -81.96331158813126
correctionProbability (#ЖЁНУШКИ$ -> #ДЕВУШКИ$) = -137.31884070145804
correctionProbability (#ОСТАНСЯ$ -> #ОСТАНЬСЯ$) = -19.623724855738566
correctionProbability (#ДЕТПУЛА$ -> #ДЭДПУЛА$) = -82.95070420508605
correctionProbability (#КАТАНГЕНС$ -> #КОТАНГЕНС$) = -21.881984031255833
correctionProbability (#ЮТУБЪ$ -> #ЮТУБ$) = -2.740821380946141
correctionProbability (#ЧУВСТА$ -> #ЧУВСТВА$) = -15.15233071554158
correctionProbability (#УЧАСНИКИ$ -> #УЧАСТНИКИ$) = -16.47518055891082
correctionProbability (#ФАШИСТКИХ$ -> #ФАШИСТСКИХ$) = -24.70529265414583
correctionProbability (#ФЛИМЫ$ -> #ФИЛЬМЫ$) = -68.91462183665578
correctionProbability (#ЮТУБЫ$ -> #ЮТУБ$) = -2.7332403126890767
correctionProbability (#ОСІНІ$ -> #ОСІННІ$) = -17.749559080606605
correctionProbability (#ЮТУБЬ$ -> #ЮТУБ$) = -2.672543161407514
correctionProbability (#КОТАКТЫ$ -> #КОНТАКТЫ$) = -12.764942741376586
correctionProbability (#ЮТУБЭ$ -> #ЮТУБ$) = -2.7389594719520822
correctionProbability (#МЕСЯЧНИЕ$ -> #МЕСЯЧНЫЕ$) = -15.275265501932466
correctionProbability (#ПЕРЕКАПАТЬ$ -> #ПЕРЕКОПАТЬ$) = -27.162017138805126
correctionProbability (#МОДИ$ -> #МОДЫ$) = -7.645265159367526
correctionProbability (#БВВШУЮ$ -> #БЫВШУЮ$) = -18.891193663329712
correctionProbability (#СТІРАЛКИ$ -> #СТИРАЛКИ$) = -19.96548485461419
correctionProbability (#КАБАЯШЫ$ -> #КОБАЯШИ$) = -86.33641216405492
correctionProbability (#CREMPAY$ -> #CREAMPIE$) = -147.75704604694386
correctionProbability (#ALIEXSPRESS$ -> #ALIEXPRESS$) = -17.102432492306185
correctionProbability (#ЦНВАЦНЕРЕ$ -> #ЦНВАЦНЕРН$) = -18.134496409137277
correctionProbability (#ИСКИТИМСКИЦ$ -> #ИСКИТИМСКИЙ$) = -24.871664265000426
correctionProbability (#ВЕШНЯКОВЪ$ -> #ВИШНЯКОВЪ$) = -34.826731818738786
correctionProbability (#МОДЛ$ -> #МОД$) = -9.623417510903675
correctionProbability (#УПРАВЛЕНЕ$ -> #УПРАВЛЕНИЕ$) = -13.60273759225199
correctionProbability (#САСЕДОМ$ -> #СОСЕДОМ$) = -18.39713790251423
correctionProbability (#ДЪЯВОЛА$ -> #ДЬЯВОЛА$) = -13.996628099884838
correctionProbability (#СУШЕННАЯ$ -> #СУШЕНАЯ$) = -21.13924722958366
correctionProbability (#МОДЖ$ -> #МОД$) = -9.661553541220304
correctionProbability (#АЛГЕБРЕЕ$ -> #АЛГЕБРЕ$) = -12.805775646830703
correctionProbability (#ДЕЛТЬ$ -> #ДЕЛАТЬ$) = -7.785089323347446
correctionProbability (#ПОУЭР$ -> #ПАУЭР$) = -14.751243784063956
correctionProbability (#ЕКИПАЖ$ -> #ЭКИПАЖ$) = -13.432953385653068
correctionProbability (#BRAZZRS$ -> #BRAZZERS$) = -14.695803530690519
correctionProbability (#ПАНЕРА$ -> #ПАНТЕРА$) = -14.035393415308391
correctionProbability (#SKACHAIT$ -> #SKACHAT$) = -14.1838257584336
correctionProbability (#БОЛЕЩНИ$ -> #БОЛЕЗНИ$) = -11.76838472384837
correctionProbability (#ПАРАСЕНКИ$ -> #ПОРОСЕНКА$) = -146.36690921388654
correctionProbability (#ЛАКАЦИЯ$ -> #ЛОКАЦИЯ$) = -19.121542066008317
correctionProbability (#ФАШИСТКИЙ$ -> #ФАШИСТСКИЙ$) = -25.15160318855775
correctionProbability (#МАССАЖИСТКЕ$ -> #МАССАЖИСТКИ$) = -20.1449326961175
correctionProbability (#МОДВ$ -> #МОДЫ$) = -7.673522152849923
correctionProbability (#АЫТАСКИВАЕТСЯ$ -> #ВЫТАСКИВАЕТСЯ$) = -30.18653405038023
correctionProbability (#ДЕМИКСИДОМ$ -> #ДИМЕКСИДОМ$) = -87.96852019971699
correctionProbability (#АРХВ$ -> #АРХИВ$) = -11.18786416579653
correctionProbability (#ФЕОДОССИЯ$ -> #ФЕОДОСИЯ$) = -17.90865659338933
correctionProbability (#МАРЩИН$ -> #МОРЩИН$) = -14.309392562884799
correctionProbability (#ХОРАКТЕРА$ -> #ХАРАКТЕРА$) = -16.222876030605498
correctionProbability (#ЭЛКТРИЧЕК$ -> #ЭЛЕКТРИЧЕК$) = -13.975562253225618
correctionProbability (#ПАСТРЕЛЯТЬ$ -> #ПОСТРЕЛЯТЬ$) = -22.192274156906493
correctionProbability (#ЕКАРТУ$ -> #КАРТУ$) = -10.148639505705592
correctionProbability (#ДЖОМТИМЬЕН$ -> #ДЖОМТЬЕН$) = -89.73004809777144
correctionProbability (#ЗАНИТОСТИ$ -> #ЗАНЯТОСТИ$) = -13.556239489023028
correctionProbability (#ТОЛКОВАНТЕ$ -> #ТОЛКОВАНИЕ$) = -15.31740829851153
correctionProbability (#ЩУБ$ -> #ЗУБ$) = -10.59303388258753
correctionProbability (#БОЛШЕВИКОВ$ -> #БОЛЬШЕВИКОВ$) = -22.418283444270358
correctionProbability (#КЕМЕРОАО$ -> #КЕМЕРОВО$) = -10.553243691067799
correctionProbability (#КУЗНИЦОВА$ -> #КУЗНЕЦОВА$) = -15.226474590046926
correctionProbability (#ЫОРУМ$ -> #ФОРУМ$) = -6.372314142262137
correctionProbability (#ЛЕГЕНЦЫ$ -> #ЛЕГГИНСЫ$) = -149.14115289320995
correctionProbability (#ХОРОКТЕРИСТИКИ$ -> #ХАРАКТЕРИСТИКИ$) = -81.59682823610453
correctionProbability (#КОЭФИЦИЕНТОМ$ -> #КОЭФФИЦИЕНТОМ$) = -28.01543994407524
correctionProbability (#YANZHOU$ -> #YANGZHOU$) = -34.68248407268378
correctionProbability (#СЕПЕР$ -> #СУПЕР$) = -7.078165174130287
correctionProbability (#ЦЕРАТТО$ -> #ЦЕРАТО$) = -17.518045757146712
correctionProbability (#ЗРИВА$ -> #ВЗРЫВА$) = -78.818065052519
correctionProbability (#ИАМ$ -> #МАМ$) = -10.006749134608274
correctionProbability (#РОЖДЕНЫХ$ -> #РОЖДЕННЫХ$) = -21.287312179260788
correctionProbability (#ЭУФИЛИН$ -> #ЭУФИЛЛИН$) = -19.851744420985852
correctionProbability (#ПНЕВМОКОКОВАЯ$ -> #ПНЕВМОКОККОВАЯ$) = -30.094337655254066
correctionProbability (#ИАЙ$ -> #МАЙ$) = -8.133532869304357
correctionProbability (#УССУРИСКА$ -> #УССУРИЙСКА$) = -21.180732838552096
correctionProbability (#СТРЭС$ -> #СТРЕСС$) = -79.36822158155319
correctionProbability (#ИАК$ -> #ТАК$) = -7.468271286206448
correctionProbability (#ЗАРЕЧОМ$ -> #ЗАРЕЧНОМ$) = -21.07680621136239
correctionProbability (#ПЕРАОМ$ -> #ПЕРВОМ$) = -12.4592126978898
correctionProbability (#ЕВОО$ -> #ЕВРО$) = -7.4786595111360334
correctionProbability (#УССУРИСКЕ$ -> #УССУРИЙСКЕ$) = -19.200487656967688
correctionProbability (#УГОДОВНАЯ$ -> #УГОЛОВНАЯ$) = -20.17883270380107
correctionProbability (#ОПРИСКИВАТЕЛЬ$ -> #ОПРЫСКИВАТЕЛЬ$) = -22.506075521782243
correctionProbability (#МЕЛАЙНА$ -> #МИЛАНА$) = -76.30560112857434
correctionProbability (#КАРТИРНКИ$ -> #КАРТИНКИ$) = -7.204101631448708
correctionProbability (#ПЕРЕНУДИЗМ$ -> #ПУРЕНУДИЗМ$) = -26.165412765141454
correctionProbability (#ОСНОВНЕ$ -> #ОСНОВНЫЕ$) = -12.752045575638782
correctionProbability (#КОЭФИЦИЕНТОВ$ -> #КОЭФФИЦИЕНТОВ$) = -24.97307836112485
correctionProbability (#ЗНОКОМСТВ$ -> #ЗНАКОМСТВ$) = -11.600102921654518
correctionProbability (#ОНЛНЕР$ -> #ОНЛАЙНЕР$) = -80.11917467917907
correctionProbability (#СОСЧИ$ -> #СОЧИ$) = -9.025898714459057
correctionProbability (#УИНО$ -> #КИНО$) = -3.466708088860546
correctionProbability (#TAYLER$ -> #TAYLOR$) = -15.819277519606995
correctionProbability (#БРЕМТА$ -> #БРЕСТА$) = -15.760274117046517
correctionProbability (#УКРАІНСЬКИЙ$ -> #УКРАЇНСЬКИЙ$) = -21.68139999103731
correctionProbability (#ВЗОМ$ -> #ВЗЛОМ$) = -9.586559180982878
correctionProbability (#ВАЙЬЕР$ -> #ВАЙБЕР$) = -12.11510561906027
correctionProbability (#РОСВЕТ$ -> #РАССВЕТ$) = -77.70193344695434
correctionProbability (#ВЗНОМАМ$ -> #ВЗНОСАМ$) = -14.738995537501594
correctionProbability (#PISING$ -> #PISSING$) = -19.25530638475734
correctionProbability (#ПОЛИСТЕРОЛ$ -> #ПОЛИСТИРОЛ$) = -22.701172033004127
correctionProbability (#ЩТО$ -> #ЧТО$) = -1.3751029364370275
correctionProbability (#ГОЗЕЛ$ -> #ГАЗЕЛЬ$) = -75.70283531417776
correctionProbability (#МАРШМЕЛОВ$ -> #МАРШМЕЛЛОУ$) = -84.06704166003027
correctionProbability (#SAGARAKIS$ -> #TSAGARAKIS$) = -36.62126729749069
correctionProbability (#ГЕНИРАЛЫ$ -> #ГЕНЕРАЛЫ$) = -17.444563756754356
correctionProbability (#ГОРОДНЕ$ -> #ГОРОДЕ$) = -11.839904436035201
correctionProbability (#KAYT$ -> #KAYIT$) = -20.34492623308262
correctionProbability (#РОЖДЕНЫЕ$ -> #РОЖДЕННЫЕ$) = -19.361912774487067
correctionProbability (#ПОЗДАВЛЕНИЯ$ -> #ПОЗДРАВЛЕНИЯ$) = -13.957959501613821
correctionProbability (#ЛБИМЫЙ$ -> #ЛЮБИМЫЙ$) = -12.760830234076138
correctionProbability (#ССУС$ -> #СУСС$) = -85.07553813529988
correctionProbability (#FORVARD$ -> #FORWARD$) = -16.907278933074608
correctionProbability (#ХАРПЛАТЫ$ -> #ЗАРПЛАТЫ$) = -14.015420217682625
correctionProbability (#ЯНДЖЕКС$ -> #ЯНДЕКС$) = -4.783048823579126
correctionProbability (#MERCURI$ -> #MERCURY$) = -17.85701638410667
correctionProbability (#БОРАДИНО$ -> #БОРОДИНО$) = -16.839612461769967
correctionProbability (#ИСТОГРАМ$ -> #ИНСТАГРАМ$) = -73.80908626889249
correctionProbability (#РОДСТВЕНЫЕ$ -> #РОДСТВЕННЫЕ$) = -21.729296322738236
correctionProbability (#СОХРАНЯЮТЬСЯ$ -> #СОХРАНЯЮТСЯ$) = -25.74994781667472
correctionProbability (#ЮУКВ$ -> #БУКВ$) = -6.4821657885245365
correctionProbability (#УСТАОВИТЬ$ -> #УСТАНОВИТЬ$) = -12.618091171529585
correctionProbability (#АУДІОКНИГИ$ -> #АУДИОКНИГИ$) = -15.35623497238138
correctionProbability (#ПЛЭЙКАСТ$ -> #ПЛЕЙКАСТ$) = -14.972430468633128
correctionProbability (#АВТОБАХН$ -> #АВТОБАН$) = -22.919661783769598
correctionProbability (#ВИКИА$ -> #ВИКИ$) = -10.219965214680403
correctionProbability (#СНОВЕЛЕНИЕ$ -> #СНОВИДЕНИЕ$) = -87.68163174557475
correctionProbability (#АНИМАДАБ$ -> #АНИМЕДАБ$) = -25.41733298872441
correctionProbability (#УКРАІНСЬКИХ$ -> #УКРАЇНСЬКИХ$) = -22.73448518009622
correctionProbability (#ДЕЛТА$ -> #ДЕЛЬТА$) = -14.116499536630887
correctionProbability (#НЕЧЕСОВА$ -> #НАЧЕСОВА$) = -20.685669203871235
correctionProbability (#ЕАРОПА$ -> #ЕВРОПА$) = -10.174758713625668
correctionProbability (#РУССКІЙ$ -> #РУССКИЙ$) = -6.78802340176852
correctionProbability (#ЭРМИЛА$ -> #ЕРМИЛА$) = -26.272157290722745
correctionProbability (#КОПИТАНСКАЯ$ -> #КАПИТАНСКАЯ$) = -18.02594599764872
correctionProbability (#ССУД$ -> #СУД$) = -8.151589596552139
correctionProbability (#ПАСЕЛКЕ$ -> #ПОСЕЛКЕ$) = -15.270731134877082
correctionProbability (#РЕГИСТРАИИ$ -> #РЕГИСТРАЦИИ$) = -12.853643223267127
correctionProbability (#НОЧТЮ$ -> #НОЧЬЮ$) = -10.931338736794086
correctionProbability (#РАЦОН$ -> #РАЙОН$) = -6.463221403503841
correctionProbability (#ЮТТЮБ$ -> #ЮТУБ$) = -67.49336118171583
correctionProbability (#ЖЕЩНА$ -> #ЖЕНЩИНА$) = -75.02357877363687
correctionProbability (#МУЛЬТИВПРКЕ$ -> #МУЛЬТИВАРКЕ$) = -16.372324716952065
correctionProbability (#СПЕКТАКАЛЬ$ -> #СПЕКТАКЛЬ$) = -16.97921065685079
correctionProbability (#АГЛЕБРА$ -> #АЛГЕБРА$) = -79.50242692308234
correctionProbability (#ОПРЕДЕЛИТ$ -> #ОПРЕДЕЛИТЬ$) = -14.222544573269495
correctionProbability (#КРАСНОКУТСЬКЕ$ -> #КРАСНОКУТСКЕ$) = -33.06179163492333
correctionProbability (#SIMULATO$ -> #SIMULATOR$) = -14.93246092434947
correctionProbability (#ШУКИНСКОЕ$ -> #ЩУКИНСКОЕ$) = -25.162437306334212
correctionProbability (#КАТОРИЕ$ -> #КОТОРЫЕ$) = -74.01535753637789
correctionProbability (#АЛЭТУАЛЬ$ -> #ЛЕТУАЛЬ$) = -79.1468426880561
correctionProbability (#КУНДИЛИК$ -> #КҮНДЕЛІК$) = -138.81534377014128
correctionProbability (#ЮНИТКРЕДИТ$ -> #ЮНИКРЕДИТ$) = -19.430009674264582
correctionProbability (#ПРАВИЛНА$ -> #ПРАВИЛЬНО$) = -74.82271789590476
correctionProbability (#ГРАВИТЕ$ -> #ГРАВИТИ$) = -11.509241271706713
correctionProbability (#СВЯЩЕННИЙ$ -> #СВЯЩЕННЫЙ$) = -20.96549871370339
correctionProbability (#СОВРЕМЕНННОСТИ$ -> #СОВРЕМЕННОСТИ$) = -26.327942238323516
correctionProbability (#CARDEN$ -> #GARDEN$) = -14.199104735478205
correctionProbability (#ИЛОСНОЙ$ -> #СИЛОСНОЙ$) = -34.33578606995692
correctionProbability (#ЛКАС$ -> #КЛАСС$) = -135.551512439161
correctionProbability (#АЛИЭКПОЕСС$ -> #АЛИЭКСПРЕСС$) = -76.69022741462817
correctionProbability (#ВИКИН$ -> #ВИКИНГ$) = -14.480849162097787
correctionProbability (#ЛЕНЕНСКИЙ$ -> #ЛЕНИНСКИЙ$) = -15.221617157376919
correctionProbability (#КОТОРОЯ$ -> #КОТОРАЯ$) = -12.42897822699787
correctionProbability (#РАСКЗЫ$ -> #РАССКАЗЫ$) = -76.57219198051749
correctionProbability (#ЖНСТОКИЙ$ -> #ЖЕСТОКИЙ$) = -13.944605213427884
correctionProbability (#КАТОРИГ$ -> #КОТОРОГО$) = -144.29691646385743
correctionProbability (#ПЕРЕВЕЗЕНЯ$ -> #ПЕРЕВЕЗЕННЯ$) = -25.966808353415267
correctionProbability (#ИТОЛЬЯНСКОЕ$ -> #ИТАЛЬЯНСКОЕ$) = -20.17762252292298
correctionProbability (#БИОГРАФЯ$ -> #БИОГРАФИЯ$) = -10.955318805338436
correctionProbability (#БУДЕНЫЙ$ -> #БУДЕННЫЙ$) = -23.112043607180162
correctionProbability (#НОВОЯСЕНЕВСКОЕ$ -> #НОВОЯСЕНЕВСКАЯ$) = -88.48674596846193
correctionProbability (#ЛЕНІНГРАД$ -> #ЛЕНИНГРАД$) = -13.261725761889146
correctionProbability (#ДЕНСКИЕ$ -> #ЖЕНСКИЕ$) = -8.594610229703747
correctionProbability (#АНФИТАМИН$ -> #АМФЕТАМИН$) = -85.83621323619393
correctionProbability (#МОЖН$ -> #МОЖНО$) = -5.080899222669313
correctionProbability (#TARJIMMA$ -> #TARJIMA$) = -19.816181923399746
correctionProbability (#МОЖО$ -> #МОЖНО$) = -5.0274341453699485
correctionProbability (#БЮТЖЕТ$ -> #БЮДЖЕТ$) = -12.258907297299462
correctionProbability (#ФЫВАПРОЛД$ -> #ФЫВАПРОЛДЖЭ$) = -88.14395382440199
correctionProbability (#НЕГОР$ -> #НЕГР$) = -14.669818628794498
correctionProbability (#АРУИ$ -> #АРКИ$) = -13.163480373936434
correctionProbability (#ПАСПАРТ$ -> #ПАСПОРТ$) = -11.549466403646726
correctionProbability (#ДЕНСКИЙ$ -> #ЖЕНСКИЙ$) = -10.18234388556958
correctionProbability (#КАЛИНОГО$ -> #КАЛИЙНОГО$) = -29.29371721764538
correctionProbability (#ПРОСТИТТКИ$ -> #ПРОСТИТУТКИ$) = -14.921540264540269
correctionProbability (#КАТОРИЄ$ -> #КОТОРЫЕ$) = -138.8002253705088
correctionProbability (#ОКТЯБОРСКИЙ$ -> #ОКТЯБРЬСКИЙ$) = -84.75360163133567
correctionProbability (#НАШЫ$ -> #НАШИ$) = -10.429049665963763
correctionProbability (#АЛИЖКСПРЕСС$ -> #АЛИЭКСПРЕСС$) = -11.359061442195582
correctionProbability (#ГУМЕЛЕВ$ -> #ГУМИЛЕВ$) = -17.85526371620078
correctionProbability (#ЗНАКОВАН$ -> #ЗНАКОВ$) = -82.47169776517018
correctionProbability (#НАЛИЧЫМИ$ -> #НАЛИЧНЫМИ$) = -14.77198083826434
correctionProbability (#ЩЕНЕНЯЧИЙ$ -> #ЩЕНЯЧИЙ$) = -78.83818652549402
correctionProbability (#РУССКІЕ$ -> #РУССКИЕ$) = -6.847092119922095
correctionProbability (#НАШЕСТВИЧ$ -> #НАШЕСТВИЯ$) = -22.789818133021427
correctionProbability (#ЛЕТУАДЛЬ$ -> #ЛЕТУАЛЬ$) = -14.405956613283578
correctionProbability (#ПЕРЕПРОГРАМИРОВАТЬ$ -> #ПЕРЕПРОГРАММИРОВАТЬ$) = -35.47483110092362
correctionProbability (#САКУРИ$ -> #САКУРЫ$) = -17.05301717336513
correctionProbability (#МАСЛЕННЫХ$ -> #МАСЛЯНЫХ$) = -88.15282694024135
correctionProbability (#УЛОВИЯХ$ -> #УСЛОВИЯХ$) = -9.443366215646371
correctionProbability (#CONTINIUS$ -> #CONTINUOUS$) = -84.7194892328848
correctionProbability (#ЗАХАРИНОЙ$ -> #ЗАХАРЬИНОЙ$) = -22.882868140913892
correctionProbability (#АТОБУСОВ$ -> #АВТОБУСОВ$) = -12.781635149507757
correctionProbability (#АБДУЛИНА$ -> #АБДУЛЛИНА$) = -21.90715617653261
correctionProbability (#БОКЛИНГ$ -> #БОУЛИНГ$) = -15.734197091957995
correctionProbability (#ЯРМОРКИ$ -> #ЯРМАРКИ$) = -15.98370295092635
correctionProbability (#РААБОТА$ -> #РАБОТА$) = -7.4508862845929045
correctionProbability (#КОХАНОІ$ -> #КОХАНОЇ$) = -25.051877020727886
correctionProbability (#КОМНЕАТЕ$ -> #КОМНАТЕ$) = -15.714934000590276
correctionProbability (#ГЛАНАСС$ -> #ГЛОНАСС$) = -17.67493066528285
correctionProbability (#МЕДОВИЙ$ -> #МЕДОВЫЙ$) = -15.658908628822203
correctionProbability (#ЕВИЛ$ -> #ЭВИЛ$) = -15.72015144239396
correctionProbability (#ПАПОЛЬ$ -> #ПАРОЛЬ$) = -10.645065790080995
correctionProbability (#GALLO$ -> #HALLO$) = -20.560158460691316
correctionProbability (#КУРДЕЛИК$ -> #КҮНДЕЛІК$) = -138.87023824574638
correctionProbability (#СЛЕЗИ$ -> #СЛЕЗЫ$) = -13.606855017954626
correctionProbability (#ДЕЙСТВИ$ -> #ДЕЙСТВИЯ$) = -13.363654694309616
correctionProbability (#КОНАКТЫ$ -> #КОНТАКТЫ$) = -12.771249789821567
correctionProbability (#АУГУМЕТИН$ -> #АУГМЕНТИН$) = -86.32521122019217
correctionProbability (#РОКЫВ$ -> #РОКІВ$) = -14.425477001482552
correctionProbability (#СУШЕННОЙ$ -> #СУШЕНОЙ$) = -24.916809051279564
correctionProbability (#МФЙНКРАФТ$ -> #МАЙНКРАФТ$) = -8.000402447034595
correctionProbability (#ЮЛСАРТ$ -> #ЮЛМАРТ$) = -12.535863012156131
correctionProbability (#РУААМИ$ -> #РУКАМИ$) = -5.483357607365356
correctionProbability (#МАРКОВКОЙ$ -> #МОРКОВКОЙ$) = -19.31475775940764
correctionProbability (#ФАШИСТКОЙ$ -> #ФАШИСТСКОЙ$) = -24.08974216269555
correctionProbability (#ОКТЯБРСКАЯ$ -> #ОКТЯБРЬСКАЯ$) = -20.16506847924895
correctionProbability (#ВОЛОСАТКЕ$ -> #ВОЛОСАТЫЕ$) = -14.991635185003027
correctionProbability (#ЯРМОРКА$ -> #ЯРМАРКА$) = -12.42674440561482
correctionProbability (#ВНУТРИНИЙ$ -> #ВНУТРЕННИЙ$) = -82.04005524641462
correctionProbability (#ИНТИМИССИ$ -> #ИНТИМИССИМИ$) = -88.91854597183547
correctionProbability (#ВАТТСАП$ -> #ВАТСАП$) = -11.0252984979785
correctionProbability (#МОБЛ$ -> #МОБИЛ$) = -14.748195189122516
correctionProbability (#АНКУНДИНОВА$ -> #АНКУДИНОВА$) = -20.693779630732188
correctionProbability (#ИНСТРУКЦЯ$ -> #ИНСТРУКЦИЯ$) = -9.964679703053605
correctionProbability (#WINDWOS$ -> #WINDOWS$) = -76.67134580727723
correctionProbability (#РОЖИНА$ -> #РОДИНА$) = -11.2443921060535
correctionProbability (#ПОРДАЖА$ -> #ПРОДАЖА$) = -75.31747585784774
correctionProbability (#КОЗЕИН$ -> #КАЗЕИН$) = -20.74147551206124
correctionProbability (#ЗАПАНКИ$ -> #ЗАПОНКИ$) = -18.928616849535615
correctionProbability (#ПЕЧЧИНИНИ$ -> #ПИЧЧИНИНИ$) = -34.75232279688084
correctionProbability (#ПЕСИЮ$ -> #ПЕНСИЮ$) = -12.151781917924662
correctionProbability (#LAUNCGERS$ -> #LAUNCHER$) = -83.98251851001086
correctionProbability (#ТОЛБИЦ$ -> #СТОЛБЕЦ$) = -85.648640472332
correctionProbability (#ЕБИГЕЙЛ$ -> #ЭБИГЕЙЛ$) = -15.945980663564349
correctionProbability (#ГУЩЕНКО$ -> #ГЛУЩЕНКО$) = -21.21440226264719
correctionProbability (#ОДЖДЫ$ -> #ОДЕЖДЫ$) = -8.849026015744375
correctionProbability (#МЕНЯТ$ -> #МЕНЯТЬ$) = -13.743202654267865
correctionProbability (#HOQEVOR$ -> #HOGEVOR$) = -20.374617053881096
correctionProbability (#СЛИЗИТСЯ$ -> #СЛЕЗИТСЯ$) = -21.59052151733578
correctionProbability (#КРЛВЬ$ -> #КРОВЬ$) = -9.482895301034535
correctionProbability (#ВОРДСКИЛС$ -> #ВОРЛДСКИЛЛС$) = -87.36404066518804
correctionProbability (#UTILITES$ -> #UTILITIES$) = -21.714695827895866
correctionProbability (#ГИППАТИТ$ -> #ГЕПАТИТ$) = -81.49775872151152
correctionProbability (#ТУРГЕНЬЕВ$ -> #ТУРГЕНЕВ$) = -19.257951189095657
correctionProbability (#BIZARE$ -> #BIZARRE$) = -19.533248167307278
correctionProbability (#ЮГОСЛАВСИЕ$ -> #ЮГОСЛАВСКИЕ$) = -27.489262716552645
correctionProbability (#ТОЛТЫЕ$ -> #ТОЛСТЫЕ$) = -14.183390124334558
correctionProbability (#ПИШЕВАЯ$ -> #ПИЩЕВАЯ$) = -15.725907690126334
correctionProbability (#ДИЛЬФИН$ -> #ДЕЛЬФИН$) = -13.95277014045137
correctionProbability (#КОНАКТК$ -> #КОНТАКТ$) = -76.30216877473555
correctionProbability (#КАБРИАЛЕТ$ -> #КАБРИОЛЕТ$) = -16.070463143275738
correctionProbability (#РВНКЕ$ -> #РЫНКЕ$) = -12.632535280247371
correctionProbability (#ПЛАТИФИЛИН$ -> #ПЛАТИФИЛЛИН$) = -25.366652376439788
correctionProbability (#НАУС$ -> #ХАУС$) = -8.509623926553648
correctionProbability (#ОПКАНАСТАМ$ -> #ОПАКАНАСТАР$) = -101.9906604108948
correctionProbability (#ЛЕКАСТВА$ -> #ЛЕКАРСТВА$) = -14.536026364991855
correctionProbability (#ЗАПОВІД$ -> #ЗАПОВІТ$) = -21.278750444502933
correctionProbability (#РОЖДЕНЬЯ$ -> #РОЖДЕНИЯ$) = -6.745959622805849
correctionProbability (#ОЗИМИЙ$ -> #ОЗИМЫЙ$) = -16.388753914043253
correctionProbability (#ШКОЛЬНЫЦЫ$ -> #ШКОЛЬНИЦЫ$) = -15.052379688913675
correctionProbability (#АДОМС$ -> #АДАМС$) = -10.69224245967229
correctionProbability (#АНГЛИЙСКГОМ$ -> #АНГЛИЙСКОМ$) = -14.495854678404967
correctionProbability (#БЕЛАКУРИХА$ -> #БЕЛОКУРИХА$) = -18.462272431759004
correctionProbability (#КАМИТЕТ$ -> #КОМИТЕТ$) = -12.74997126097415
correctionProbability (#НОВОПЕТРОВСК$ -> #НОВОПЕТРОВСКОЕ$) = -97.99330344454062
correctionProbability (#КРИМИНАЛЬ$ -> #КРИМИНАЛ$) = -16.242366764608136
correctionProbability (#ПОЛГОТОВКА$ -> #ПОДГОТОВКА$) = -14.3955867963708
correctionProbability (#КРАССОВКИ$ -> #КРОССОВКИ$) = -12.799619056366986
correctionProbability (#АМПЕЛЬН$ -> #АМПЕЛЬНАЯ$) = -87.41451524712602
correctionProbability (#MUNAMEBOOK$ -> #MYNAMEBOOK$) = -24.457443029868095
correctionProbability (#СООБЩЕННИЕ$ -> #СООБЩЕНИЕ$) = -15.141011521881751
correctionProbability (#САЛЫТ$ -> #САЛЮТ$) = -12.93209922863073
correctionProbability (#РЕГДЕР$ -> #РЕНДЕР$) = -19.073584769899167
correctionProbability (#СИКИС$ -> #СЕКИС$) = -12.69705021639145
correctionProbability (#НЕМКЦКИ$ -> #НЕМЕЦКИЙ$) = -78.10688166026608
correctionProbability (#МОЧИНЕНИЕ$ -> #СОЧИНЕНИЕ$) = -12.27910334257529
correctionProbability (#ДЕЛЕР$ -> #ДИЛЕР$) = -9.128382882839507
correctionProbability (#ОРКОВНЫЕ$ -> #МОРКОВНЫЕ$) = -20.548133250485357
correctionProbability (#ЕЛЕКТРОКЛАПАН$ -> #ЭЛЕКТРОКЛАПАН$) = -26.302594176929517
correctionProbability (#ШАУЛИНЬ$ -> #ШАОЛИНЬ$) = -19.024494573408766
correctionProbability (#НИКОРОЛЬ$ -> #НИКОПОЛЬ$) = -18.037064775250904
correctionProbability (#НОШЕНЫЕ$ -> #НОШЕННЫЕ$) = -25.02306640404965
correctionProbability (#БРИТНЕЙ$ -> #БРИТНИ$) = -82.6932798644817
correctionProbability (#СОЛОВЬВ$ -> #СОЛОВЬЕВ$) = -16.261396344717518
correctionProbability (#УПРАВЛЯЮШАЯ$ -> #УПРАВЛЯЮЩАЯ$) = -19.18370632698985
correctionProbability (#MNY$ -> #MANY$) = -14.201338736657508
correctionProbability (#ПРОПКА$ -> #ПРОБКА$) = -14.218214716815037
correctionProbability (#ФИНДОВС$ -> #ВИНДОВС$) = -9.81442367122743
correctionProbability (#СПОСБЫ$ -> #СПОСОБЫ$) = -12.541733410973045
correctionProbability (#MNZ$ -> #MHZ$) = -17.909204119907304
correctionProbability (#ВИНДОВСК$ -> #ВИНДОВС$) = -12.310729665756512
correctionProbability (#ЧСНОКА$ -> #ЧЕСНОКА$) = -13.811106650975134
correctionProbability (#ЗДРУЗЬЯМИ$ -> #ДРУЗЬЯМИ$) = -18.506083275457932
correctionProbability (#РОГНОЗ$ -> #ПРОГНОЗ$) = -8.988805219365467
correctionProbability (#ДОПРГА$ -> #ДОРОГА$) = -77.81949842483384
correctionProbability (#БЛУКСТАКС$ -> #БЛУЕСТАКС$) = -22.19055348046279
correctionProbability (#ЦИВИНА$ -> #ЦЫВИНА$) = -19.57674724463944
correctionProbability (#ИОЖНО$ -> #МОЖНО$) = -4.485581606702329
correctionProbability (#ГЛЛЫЕ$ -> #ГОЛЫЕ$) = -6.520734144180686
correctionProbability (#КРОССДРЕСЕР$ -> #КРОССДРЕССЕР$) = -24.40775494674913
correctionProbability (#ТЕМНИЕ$ -> #ТЕМНЫЕ$) = -11.177886394406148
correctionProbability (#НЕПРЕДСТАВЛЕНИЕ$ -> #НЕПРЕДОСТАВЛЕНИЕ$) = -29.994803053538057
correctionProbability (#БЕЛОРЮСИЯ$ -> #БЕЛОРУССИЯ$) = -83.06685026367256
correctionProbability (#РАЗХОД$ -> #РАСХОД$) = -12.088700720474929
correctionProbability (#ПИСМЕНЫЙ$ -> #ПИСЬМЕННЫЙ$) = -84.15275107164226
correctionProbability (#ПОРКОВКУ$ -> #ПАРКОВКУ$) = -18.665813490659552
correctionProbability (#ПЛЕНЕТ$ -> #ПЛАНЕТ$) = -12.594568307195342
correctionProbability (#КОФИГ$ -> #КОНФИГ$) = -16.739770727417483
correctionProbability (#ПЛОШАДКИ$ -> #ПЛОЩАДКИ$) = -15.184712606103055
correctionProbability (#МАЙКАФТ$ -> #МАЙНКРАФТ$) = -73.82054013945715
correctionProbability (#МУЛЬТФЛЬМ$ -> #МУЛЬТФИЛЬМ$) = -9.705374276903761
correctionProbability (#ТИКИТЛЕНД$ -> #ТИКЕТЛЭНД$) = -81.78791864599565
correctionProbability (#УКРАИНСЬКА$ -> #УКРАЇНСЬКА$) = -17.30443853535884
correctionProbability (#АНГЛИЙСКА$ -> #АНГЛІЙСЬКА$) = -84.98489636952841
correctionProbability (#КОФИИ$ -> #КОФФИ$) = -13.731507862250925
correctionProbability (#ОДЖДА$ -> #ОДЕЖДА$) = -8.170570525532032
correctionProbability (#ШКООЕ$ -> #ШКОЛЕ$) = -8.002530810239126
correctionProbability (#ВАЛЮЕРИС$ -> #ВАЛБЕРИС$) = -12.439641664506652
correctionProbability (#ПЕРЕГОВОРИ$ -> #ПЕРЕГОВОРЫ$) = -19.959904711656478
correctionProbability (#ТИМЕРЯЗЕВСКАЯ$ -> #ТИМИРЯЗЕВСКАЯ$) = -24.304322374753283
correctionProbability (#МЕРЗЛК$ -> #МЕРЗЛЯК$) = -11.397337846815958
correctionProbability (#НИСАНН$ -> #НИССАН$) = -77.04831985135641
correctionProbability (#ОБСЛЕДОВАНИ$ -> #ОБСЛЕДОВАНИЕ$) = -18.766785787416744
correctionProbability (#АВИАСЕЙЛЕС$ -> #АВИАСЕЙЛС$) = -17.25416827668773
correctionProbability (#МИЛИАРДАМИ$ -> #МИЛЛИАРДАМИ$) = -31.721914011994663
correctionProbability (#АДРЕММ$ -> #АДРЕС$) = -75.35305812659868
correctionProbability (#ГЕШТАЛЬД$ -> #ГЕШТАЛЬТ$) = -19.9341441585847
correctionProbability (#PUTHON$ -> #PYTHON$) = -14.757636878995289
correctionProbability (#ОЛАЙН$ -> #ОНЛАЙН$) = -1.1682539295706782
correctionProbability (#КОМИТЬ$ -> #КОРМИТЬ$) = -14.138464228733532
correctionProbability (#ИНФОРМАЦИЙНИЙ$ -> #ІНФОРМАЦІЙНИЙ$) = -93.61937386240842
correctionProbability (#УДЛИННИТЕЛЬ$ -> #УДЛИНИТЕЛЬ$) = -21.698743457264023
correctionProbability (#ТИСЕЧ$ -> #ТЫСЯЧ$) = -77.09402498545006
correctionProbability (#ОЛАЙМ$ -> #ОНЛАЙН$) = -65.94873885725302
correctionProbability (#ВОРНЕЖ$ -> #ВОРОНЕЖ$) = -9.53037989712756
correctionProbability (#РАМШТАН$ -> #РАМШТАЙН$) = -15.27771685593435
correctionProbability (#ИСКОГО$ -> #ИСКОВОГО$) = -83.89289342309579
correctionProbability (#РОДЖДЕНИЯ$ -> #РОЖДЕНИЯ$) = -9.244737631028954
correctionProbability (#ПАРКІНГ$ -> #ПАРКИНГ$) = -17.01214075437923
correctionProbability (#ГАЗПРОМНЕФТИ$ -> #ГАЗПРОМНЕФТЬ$) = -20.78070155042341
correctionProbability (#ОПРДЕЛЕНИЕ$ -> #ОПРЕДЕЛЕНИЕ$) = -15.957997902627909
correctionProbability (#СКВИРИТОМ$ -> #СКВИРТОМ$) = -22.56913827324461
correctionProbability (#НЕВИРУСНЫЙ$ -> #ВИРУСНЫЙ$) = -88.74701841957305
correctionProbability (#ДИСКРЕТНА$ -> #ДИСКРЕТНАЯ$) = -23.95327366718159
correctionProbability (#ХОЛДИЛЬНИК$ -> #ХОЛОДИЛЬНИК$) = -15.383932807311737
correctionProbability (#HFVE$ -> #HAVE$) = -10.843540795554869
correctionProbability (#УСТААЛА$ -> #УСТАЛА$) = -17.992072428879784
correctionProbability (#ПЬЯНИЙ$ -> #ПЬЯНЫЙ$) = -13.278417266656131
correctionProbability (#ОЕЧИТЬ$ -> #ЛЕЧИТЬ$) = -9.905315705649624
correctionProbability (#MOEVENPIK$ -> #MOEVENPICK$) = -25.596170459630308
correctionProbability (#ПЕНСИОНЫЕ$ -> #ПЕНСИОННЫЕ$) = -19.623451289582597
correctionProbability (#ПОРКОВКА$ -> #ПАРКОВКА$) = -15.425054061931078
correctionProbability (#БАДУУ$ -> #БАДУ$) = -12.97453637444595
correctionProbability (#БОЛШИЕ$ -> #БОЛЬШИЕ$) = -10.386291858065782
correctionProbability (#ПОСОБИ$ -> #ПОСОБИЕ$) = -12.918290164038837
correctionProbability (#ПРЕМЕНЕНИЯ$ -> #ПРИМЕНЕНИЯ$) = -16.8091163096394
correctionProbability (#МАСМАЖ$ -> #МАССАЖ$) = -8.34184566053479
correctionProbability (#КАТИГОРИЯМ$ -> #КАТЕГОРИЯМ$) = -20.160108774663513
correctionProbability (#ШЕВРОЛЛЕ$ -> #ШЕВРОЛЕ$) = -13.667272144660743
correctionProbability (#МОГТ$ -> #МОГУТ$) = -10.984770512138692
correctionProbability (#ЮРМОЛТ$ -> #ЮРМАЛТ$) = -20.988137737520457
correctionProbability (#ВЛПРОСЫ$ -> #ВОПРОСЫ$) = -11.382056893654578
correctionProbability (#ПОДДОТОВ$ -> #ПОДДОНОВ$) = -17.15855521130188
correctionProbability (#ИДТ$ -> #ИЛИ$) = -69.25690762525778
correctionProbability (#ПНРВЫЙ$ -> #ПЕРВЫЙ$) = -7.810175559598591
correctionProbability (#ТОПАРА$ -> #ТОПОРА$) = -16.25060469008694
correctionProbability (#КЛАССАА$ -> #КЛАССА$) = -10.13398534966704
correctionProbability (#ЛУЧШТЕ$ -> #ЛУЧШИЕ$) = -6.902982104038788
correctionProbability (#ЛЕЗАТ$ -> #ЛИЗАТЬ$) = -79.49252484611449
correctionProbability (#АЛИФА$ -> #АЛЬФА$) = -7.686242454228296
correctionProbability (#СМОЛВЕЛЯ$ -> #СМОЛВИЛЯ$) = -17.63734655614673
correctionProbability (#КЭМПБЭЛ$ -> #КЭМПБЕЛЛ$) = -84.31521767807027
correctionProbability (#MOEVENPIC$ -> #MOEVENPICK$) = -25.598079001950985
correctionProbability (#ПОСИТИТЬ$ -> #ПОСЕТИТЬ$) = -17.277842518983782
correctionProbability (#БОЛШИМ$ -> #БОЛЬШИМ$) = -14.27901750155366
correctionProbability (#ОДНОКЛАСНІКИ$ -> #ОДНОКЛАССНИКИ$) = -76.51222091817709
correctionProbability (#АРРИ$ -> #ГАРРИ$) = -7.972223066153337
correctionProbability (#RASCAZI$ -> #RASSKAZI$) = -86.98458632738969
correctionProbability (#ПОЗЗЗИ$ -> #ПОЗЗИ$) = -12.85037567500316
correctionProbability (#РЕБНКА$ -> #РЕБЕНКА$) = -8.79068050833272
correctionProbability (#РОЗВЯЗКА$ -> #РАЗВЯЗКА$) = -19.229239519857543
correctionProbability (#ОХРАНИК$ -> #ОХРАННИК$) = -15.277541359386923
correctionProbability (#ВОЛОСАТИЙ$ -> #ВОЛОСАТЫЙ$) = -19.38313059060353
correctionProbability (#КОТОРГО$ -> #КОТОРОГО$) = -14.803285493052641
correctionProbability (#ВОЛОСАТИМ$ -> #ВОЛОСАТЫМ$) = -23.53573068094442
correctionProbability (#ЛУПИТЬ$ -> #КУПИТЬ$) = -1.4207568772298664
correctionProbability (#ФОРФОРОВЫЕ$ -> #ФАРФОРОВЫЕ$) = -18.223198757426708
correctionProbability (#РАПУНЦИЛЬ$ -> #РАПУНЦЕЛЬ$) = -14.612228480426175
correctionProbability (#AZERCEL$ -> #AZERCELL$) = -22.264048491327813
correctionProbability (#EAMILS$ -> #EMAILS$) = -84.50972393087737
correctionProbability (#ШАГОМЕТР$ -> #ШАГОМЕР$) = -21.36305151710907
correctionProbability (#КАЧЕСВТЕ$ -> #КАЧЕСТВЕ$) = -73.97915105008012
correctionProbability (#ТОМОЖЕНЫЙ$ -> #ТАМОЖЕННЫЙ$) = -83.57586175314867
correctionProbability (#ДЖУНГЛЕИ$ -> #ДЖУНГЛЕЙ$) = -15.109659928628446
correctionProbability (#ОЛАИН$ -> #ОНЛАЙН$) = -65.89318171829564
correctionProbability (#ВАЛОС$ -> #ВОЛОС$) = -7.195905016536411
correctionProbability (#ГЕММОРОЕ$ -> #ГЕМОРРОЕ$) = -86.55653421001618
correctionProbability (#САПЧАК$ -> #СОБЧАК$) = -76.4604290202008
correctionProbability (#АККАДЕМИЯ$ -> #АКАДЕМИЯ$) = -14.406942840136495
correctionProbability (#ВОЛОСАТИХ$ -> #ВОЛОСАТЫХ$) = -18.176559861838108
correctionProbability (#АДМИНИСТРАТИВКИ$ -> #АДМИНИСТРАТИВНЫХ$) = -155.57864461293565
correctionProbability (#ХАЦАН$ -> #ХАТСАН$) = -82.64478889669071
correctionProbability (#ПРЕМЕНЕНИЕ$ -> #ПРИМЕНЕНИЕ$) = -14.114932226298173
correctionProbability (#ЮТУЛБ$ -> #ЮТУБ$) = -2.7011048978732966
correctionProbability (#PEREVOCIK$ -> #PEREVODCHIK$) = -83.41776703910216
correctionProbability (#СПТЦАМИ$ -> #СПИЦАМИ$) = -7.67885861194317
correctionProbability (#ПРОМЫШЛЕНН$ -> #ПРОМЫШЛЕННОЙ$) = -84.58722589498427
correctionProbability (#ІРИ$ -> #ІГРИ$) = -12.424875026295357
correctionProbability (#ПОСВЕЩАЕТСЯ$ -> #ПОСВЯЩАЕТСЯ$) = -22.747218837747383
correctionProbability (#АВТОМАБИЛ$ -> #АВТОМОБИЛЬ$) = -78.25441958968685
correctionProbability (#ГОРЬКШУ$ -> #ГОРБУШУ$) = -81.60860912811435
correctionProbability (#ССПБ$ -> #СПБ$) = -5.448671908135427
correctionProbability (#МОРТЕ$ -> #МОРТИ$) = -10.731140616438548
correctionProbability (#АДОНН$ -> #АДДОН$) = -84.75004418409486
correctionProbability (#ВОТЦАПЕ$ -> #ВАТСАПЕ$) = -81.20474283569712
correctionProbability (#СНАПЕР$ -> #СНАЙПЕР$) = -14.000087885088213
correctionProbability (#ЛЕЗБО$ -> #ЛЕСБИ$) = -74.47922895946088
correctionProbability (#ХУНДАИ$ -> #ХУНДАЙ$) = -12.708044875608724
correctionProbability (#КОВОЛЕВ$ -> #КОВАЛЕВ$) = -13.081558944619537
correctionProbability (#ОБШЕСТВО$ -> #ОБЩЕСТВО$) = -13.391384600558652
correctionProbability (#ПОСЕЛОЕ$ -> #ПОСЕЛОК$) = -12.142677735464389
correctionProbability (#ПОСДЕДНИЕ$ -> #ПОСЛЕДНИЕ$) = -9.351819840408417
correctionProbability (#ИРЕККОМЕНД$ -> #ИРРЕКОМЕНД$) = -93.56337189856671
correctionProbability (#ПОСТАВТЕ$ -> #ПОСТАВЬТЕ$) = -20.76011532861073
correctionProbability (#ОБЯЗАНОСТЕЙ$ -> #ОБЯЗАННОСТЕЙ$) = -22.22274628913366
correctionProbability (#АСОРТИМЕНТ$ -> #АССОРТИМЕНТ$) = -20.200023046454305
correctionProbability (#РЕГИСЬРАЦИЯ$ -> #РЕГИСТРАЦИЯ$) = -13.926668876928147
correctionProbability (#ALON$ -> #ALONE$) = -15.530194626869946
correctionProbability (#ПЕСЕЮ$ -> #ПЕСНЮ$) = -5.668118099439887
correctionProbability (#ЯНЕКС$ -> #ЯНДЕКС$) = -2.816685948726505
correctionProbability (#ВТРЕЧА$ -> #ВСТРЕЧА$) = -13.757549968511512
correctionProbability (#ДЕОЕВНИ$ -> #ДЕРЕВНИ$) = -13.804129863639467
correctionProbability (#ПОЛИСОС$ -> #ПЫЛЕСОС$) = -76.26891074129183
correctionProbability (#ИМЕРГАЗ$ -> #ИММЕРГАЗ$) = -23.248623118886705
correctionProbability (#TUPE$ -> #TYPE$) = -13.024432643340862
correctionProbability (#БОКСС$ -> #БОКС$) = -10.564357739028065
correctionProbability (#ОДЫН$ -> #ОДИН$) = -7.241018347786831
correctionProbability (#ПАСЕЛОК$ -> #ПОСЕЛОК$) = -12.069839764625428
correctionProbability (#АДВАКАТ$ -> #АДВОКАТ$) = -12.628416217583826
correctionProbability (#ФОГОС$ -> #ФГОС$) = -11.781659055906363
correctionProbability (#ПИМЕР$ -> #ПРИМЕР$) = -10.956719875077741
correctionProbability (#УВИДИТЬСЯ$ -> #УВИДЕТЬСЯ$) = -25.046271783240947
correctionProbability (#ФИ2МИ$ -> #ФИЛЬМЫ$) = -133.5940721951035
correctionProbability (#ДОКЗАТЬ$ -> #ДОКАЗАТЬ$) = -18.51517973419878
correctionProbability (#КАНТРОЛЬ$ -> #КОНТРОЛЬ$) = -13.45912151284093
correctionProbability (#АРИВАТ$ -> #ПРИВАТ$) = -10.973483591166588
correctionProbability (#ПЫДПРИЭМСТВА$ -> #ПІДПРИЄМСТВА$) = -88.59368247737632
correctionProbability (#ДЕФИКАЦИИ$ -> #ДЕФЕКАЦИИ$) = -22.42266909574601
correctionProbability (#ОБШЕСТВУ$ -> #ОБЩЕСТВУ$) = -17.17298557491666
correctionProbability (#ПОДРОСТКП$ -> #ПОДРОСТКА$) = -15.086085014072758
correctionProbability (#ЗАРПЛААТЫ$ -> #ЗАРПЛАТЫ$) = -16.517020324794146
correctionProbability (#ПОДРОСТКО$ -> #ПОДРОСТКОВ$) = -14.979358218280034
correctionProbability (#ПОЛЕАРТРИТ$ -> #ПОЛИАРТРИТ$) = -23.063375180349908
correctionProbability (#НАЗЫВАЕТС$ -> #НАЗЫВАЕТСЯ$) = -14.545317807850331
correctionProbability (#ЛУЧШЕЕЕ$ -> #ЛУЧШЕЕ$) = -12.028120827880304
correctionProbability (#PORMHUB$ -> #PORNHUB$) = -11.408792796978418
correctionProbability (#МАЛИШЕВА$ -> #МАЛЫШЕВА$) = -14.980209544252936
correctionProbability (#ЮБТУ$ -> #ЮТУБ$) = -68.0838740611877
correctionProbability (#РАБОЧИИ$ -> #РАБОЧИЕ$) = -13.30448776842239
correctionProbability (#МОРТЛ$ -> #МОРТАЛ$) = -13.043450416127772
correctionProbability (#ВТРЕЧИ$ -> #ВСТРЕЧИ$) = -12.857448758672163
correctionProbability (#ПРИЩИК$ -> #ПРЫЩИК$) = -18.32043046646596
correctionProbability (#NOWOCTI$ -> #NOVOSTI$) = -78.8099266284503
correctionProbability (#ГУСТАВБЕРГ$ -> #ГУСТАВСБЕРГ$) = -26.05784563838651
correctionProbability (#КОТОРВЕ$ -> #КОТОРЫЕ$) = -9.359026194569523
correctionProbability (#НИКИТСКТЙ$ -> #НИКИТСКИЙ$) = -21.02952614039946
correctionProbability (#СОАКА$ -> #СОБАКА$) = -10.324373960845111
correctionProbability (#ОТСОЕДЕНИТЬ$ -> #ОТСОЕДИНИТЬ$) = -24.85816212692287
correctionProbability (#ОАЗМЕР$ -> #РАЗМЕР$) = -9.016133011516569
correctionProbability (#ПАРАЛЕЛЕПИПЕДА$ -> #ПАРАЛЛЕЛЕПИПЕДА$) = -26.77238561079153
correctionProbability (#ЮБУБ$ -> #ЮТУБ$) = -0.209784556164319
correctionProbability (#КОТОРВЙ$ -> #КОТОРЫЙ$) = -10.913925457451967
correctionProbability (#САДУАҚАСОВ$ -> #СӘДУАҚАСОВ$) = -35.786150512308915
correctionProbability (#МЕССЕНЖЕР$ -> #МЕССЕНДЖЕР$) = -20.964887788024818
correctionProbability (#СУПРЕКС$ -> #СУПРАКС$) = -16.792189783823986
correctionProbability (#ЖЫРНЫЕ$ -> #ЖИРНЫЕ$) = -15.205882934786995
correctionProbability (#АЛЬМЕТЕВСКЕ$ -> #АЛЬМЕТЬЕВСКЕ$) = -21.91666665815176
correctionProbability (#ФЕРМЕНГ$ -> #ФАРМИНГ$) = -81.56941612253311
correctionProbability (#НАЛОГВОЙ$ -> #НАЛОГОВОЙ$) = -14.62363561252753
correctionProbability (#РАБОЧИЮ$ -> #РАБОЧУЮ$) = -16.963269084869495
correctionProbability (#БОЛШИХ$ -> #БОЛЬШИХ$) = -13.358530940100124
correctionProbability (#ОФИЦЕАЛЬНОГО$ -> #ОФИЦИАЛЬНОГО$) = -17.19130806502431
correctionProbability (#TVITER$ -> #TWITTER$) = -78.88587007328654
correctionProbability (#ТУРЦІЯ$ -> #ТУРЦИЯ$) = -9.577887254385491
correctionProbability (#УКЗАЛІЗНИЦЯ$ -> #УКРЗАЛІЗНИЦЯ$) = -21.447743833938354
correctionProbability (#ФІЛАТОВА$ -> #ФИЛАТОВА$) = -18.606429910457543
correctionProbability (#ИЕД$ -> #МЕД$) = -8.81849647107341
correctionProbability (#ПЕСЕЕ$ -> #ПЕСЕН$) = -9.935026367192098
correctionProbability (#ПРИБЫЬИЯ$ -> #ПРИБЫТИЯ$) = -19.475375012307822
correctionProbability (#PLASTATION$ -> #PLAYSTATION$) = -19.684493511963012
correctionProbability (#ПОГОВРКИ$ -> #ПОГОВОРКИ$) = -16.29855065756925
correctionProbability (#КОТОРВХ$ -> #КОТОРЫХ$) = -12.313009458325382
correctionProbability (#УПРОВЛЕНИЯ$ -> #УПРАВЛЕНИЯ$) = -13.315794185967256
correctionProbability (#СКАЫАТЬ$ -> #СКАЧАТЬ$) = -2.4818527488145836
correctionProbability (#BNAKARANERI$ -> #BNAKARANNERI$) = -30.02960658095794
correctionProbability (#МАЙНКРААФТ$ -> #МАЙНКРАФТ$) = -10.445395714198064
correctionProbability (#СТАМОТОЛОГИИ$ -> #СТОМАТОЛОГИИ$) = -83.61105266768311
correctionProbability (#АИНУР$ -> #АЙНУР$) = -15.726812382070182
correctionProbability (#ПЕСЕИ$ -> #ПЕСНИ$) = -3.2993431423026642
correctionProbability (#РАБОЧИЦ$ -> #РАБОЧИЙ$) = -8.112124166194128
correctionProbability (#НАСРС$ -> #НАСОС$) = -9.650426867322825
correctionProbability (#ОБШЕСТВА$ -> #ОБЩЕСТВА$) = -14.385314655486631
correctionProbability (#ЛИСАБОНСКОЙ$ -> #ЛИССАБОНСКОЙ$) = -31.890290889531705
correctionProbability (#SCORWAY$ -> #SCOREWAY$) = -34.653893787694564
correctionProbability (#ДВИДЕМСЯ$ -> #ДВИЖЕМСЯ$) = -27.389321252931573
correctionProbability (#ВПРАВЛЕНИЯ$ -> #УПРАВЛЕНИЯ$) = -13.357549555737087
correctionProbability (#РАБОЧЕО$ -> #РАБОЧЕГО$) = -11.378259855388158
correctionProbability (#РСУНКИ$ -> #РИСУНКИ$) = -7.3403684845551425
correctionProbability (#МОРОВИНД$ -> #МОРРОВИНД$) = -22.984658288958663
correctionProbability (#НАРСОВАТЬ$ -> #НАРИСОВАТЬ$) = -11.023008379563443
correctionProbability (#КОАСНОДАРА$ -> #КРАСНОДАРА$) = -15.298152319407201
correctionProbability (#РОСТВСКОЙ$ -> #РОСТОВСКОЙ$) = -16.157173874533328
correctionProbability (#КАТРИДЖИ$ -> #КАРТРИДЖИ$) = -17.8050950035408
correctionProbability (#ПРОДУКТАЛ$ -> #ПРЕДУКТАЛ$) = -19.08637661471637
correctionProbability (#АСОРТИ$ -> #АССОРТИ$) = -16.412718746156656
correctionProbability (#ПОСИЩЕНИЙ$ -> #ПОСЕЩЕНИЙ$) = -21.968048094773508
correctionProbability (#ТАМОДА$ -> #ТАМАДА$) = -13.041009866450867
correctionProbability (#НЕДНЛЮ$ -> #НЕДЕЛЮ$) = -8.499186151036799
correctionProbability (#ЗАРАБОТАТ$ -> #ЗАРАБОТАТЬ$) = -13.274264491630966
correctionProbability (#КАНТИНИУС$ -> #КОНТИНИУС$) = -21.01218638169653
correctionProbability (#ПРИКОЛВ$ -> #ПРИКОЛЫ$) = -8.303555270170598
correctionProbability (#ГРАФИЧИСКИЙ$ -> #ГРАФИЧЕСКИЙ$) = -17.69667740312815
correctionProbability (#ПОЛЕУРЕТАН$ -> #ПОЛИУРЕТАН$) = -20.232970170407704
correctionProbability (#КОФЕЕ$ -> #КОФЕ$) = -11.238088259829293
correctionProbability (#ПЕНЕДА$ -> #ПИНЕДА$) = -20.758812417125657
correctionProbability (#МАТРИХ$ -> #МАТРИКС$) = -81.24652588583503
correctionProbability (#САМАЕ$ -> #САМОЕ$) = -9.97367498089476
correctionProbability (#ТАБЛИ$ -> #ТАБЛИЦА$) = -73.77562361503745
correctionProbability (#ТОКОРЬ$ -> #ТОКАРЬ$) = -15.743318995166273
correctionProbability (#КРЕМПАИ$ -> #КРЕМПАЙ$) = -16.110234316309572
correctionProbability (#ДЕЛЛИ$ -> #ДЕЛИ$) = -16.978461502859776
correctionProbability (#РЕГДОЛЛ$ -> #РЭГДОЛЛ$) = -19.9211404741622
correctionProbability (#РЕДКЛИФ$ -> #РЭДКЛИФФ$) = -86.09670150072485
correctionProbability (#КЕРПИЧИ$ -> #КИРПИЧИ$) = -18.823671017948342
correctionProbability (#VAKANSI$ -> #VAKANSII$) = -26.637442263172893
correctionProbability (#ПРОШУТТЫ$ -> #ПРОШУТТО$) = -23.440765785865374
correctionProbability (#СМЕШНЫЙ$ -> #СМЕШНЫЕ$) = -9.086470122119273
correctionProbability (#ОКУМУЛЯТОРА$ -> #АККУМУЛЯТОРА$) = -84.2372463944458
correctionProbability (#APPEL$ -> #APPLE$) = -77.89319482264231
correctionProbability (#ОБЛОСНОЙ$ -> #ОБЛАСТНОЙ$) = -80.04742997516419
correctionProbability (#РИВЕПДЕЙЛ$ -> #РИВЕРДЕЙЛ$) = -13.652504752772856
correctionProbability (#МЕНЫН$ -> #МЕНІҢ$) = -77.36694987299461
correctionProbability (#КАРАКАМИШ$ -> #КАРАКАМЫШ$) = -26.526802830794878
correctionProbability (#SHINSID$ -> #SHIENSIDE$) = -100.95137364738817
correctionProbability (#ТАБЛР$ -> #ТАБОР$) = -7.940739235303944
correctionProbability (#КЕРПИЧА$ -> #КИРПИЧА$) = -13.077300180617016
correctionProbability (#ДИМЕТРА$ -> #ДЕМЕТРА$) = -20.45125764647627
correctionProbability (#УКЕРГИРОМЕТЦЕНТР$ -> #УКРГИДРОМЕТЦЕНТР$) = -99.59322394910879
correctionProbability (#ТОЛЬСТЫЕ$ -> #ТОЛСТЫЕ$) = -16.12135015066032
correctionProbability (#ВЕНТУРЕ$ -> #ВЕНТУРИ$) = -21.646399022602452
correctionProbability (#ТУРЦІЇ$ -> #ТУРЦИИ$) = -75.14132180111206
correctionProbability (#TRAIMYDREAM$ -> #TRIPMYDREAM$) = -89.19531827430329
correctionProbability (#КИНОТИАТОР$ -> #КИНОТЕАТР$) = -78.53939554107076
correctionProbability (#КЕСТА$ -> #КИСТА$) = -12.184819797599747
correctionProbability (#ХРАНЯТЬСЯ$ -> #ХРАНЯТСЯ$) = -20.990137329323254
correctionProbability (#РЕЩИНЫ$ -> #ТРЕЩИНЫ$) = -16.600956401365472
correctionProbability (#СДЕЛПТЬ$ -> #СДЕЛАТЬ$) = -6.213660507515492
correctionProbability (#MR3$ -> #MP3$) = -7.0457027961394765
correctionProbability (#НАСЕЛЕНЫЙ$ -> #НАСЕЛЕННЫЙ$) = -23.4772532582571
correctionProbability (#КАТРИДЖА$ -> #КАРТРИДЖА$) = -19.40275201175887
correctionProbability (#ЭРАТИЧЕСКИ$ -> #ЭРОТИЧЕСКИЙ$) = -81.05170745436433
correctionProbability (#ЮУЗОВА$ -> #БУЗОВА$) = -11.061073226395951
correctionProbability (#НАСЕЛЕНЫЕ$ -> #НАСЕЛЕННЫЕ$) = -22.552756770352595
correctionProbability (#РАЩГОВОРНЫЙ$ -> #РАЗГОВОРНЫЙ$) = -21.674143157536392
correctionProbability (#ЛИГЕНД$ -> #ЛЕГЕНД$) = -13.974118624985696
correctionProbability (#КОРЕКЦИОННОЙ$ -> #КОРРЕКЦИОННОЙ$) = -23.83410399234471
correctionProbability (#ЗИГЗАК$ -> #ЗИГЗАГ$) = -16.229010820896715
correctionProbability (#BOLSIE$ -> #BOLSHIE$) = -21.48214470539999
correctionProbability (#ДЛИНОШЕРСТНАЯ$ -> #ДЛИННОШЕРСТНАЯ$) = -28.153842791820253
correctionProbability (#ВУХАХ$ -> #ВУЗАХ$) = -15.407055248881523
correctionProbability (#ГЕНТАРА$ -> #ЦЕНТАРА$) = -21.57117998956729
correctionProbability (#ИМЕННИНИКОМ$ -> #ИМЕНИННИКОМ$) = -92.44022656626089
correctionProbability (#ХАРИЕР$ -> #ХАРРИЕР$) = -20.376993106193027
correctionProbability (#СТОЛЕЧНИК$ -> #СТОЛЕТНИК$) = -23.426944038693755
correctionProbability (#ЭКСКАВВТОР$ -> #ЭКСКАВАТОР$) = -16.05492845330827
correctionProbability (#САВХОЗ$ -> #СОВХОЗ$) = -16.12804323587137
correctionProbability (#PARTAL$ -> #PORTAL$) = -14.572925615555295
correctionProbability (#ДОЛГОПРУДНОГ$ -> #ДОЛГОПРУДНОГО$) = -26.54017103204764
correctionProbability (#ГИДРОКАРТИЗОНОМ$ -> #ГИДРОКОРТИЗОНОМ$) = -30.535526230803242
correctionProbability (#САМАУНГ$ -> #САМСУНГ$) = -9.469614057152654
correctionProbability (#ОФТАЛЬИОЛОГИЧЕСКОЕ$ -> #ОФТАЛЬМОЛОГИЧЕСКОЕ$) = -31.011068004787845
correctionProbability (#ЭКСГИБИОНИСТЫ$ -> #ЭКСГИБИЦИОНИСТЫ$) = -95.25797034629456
correctionProbability (#РІКСОС$ -> #РИКСОС$) = -16.535713000250833
correctionProbability (#ПАЯКА$ -> #ПАЧКА$) = -14.391938249963435
correctionProbability (#СЛАБИХ$ -> #СЛАБЫХ$) = -13.451362351738542
correctionProbability (#БЕСЕНГЕР$ -> #БЕЙСИНГЕР$) = -86.20678504862923
correctionProbability (#ЮРЕВНА$ -> #ЮРЬЕВНА$) = -15.190273334213607
correctionProbability (#УПРАВЛЯЮШЕЙ$ -> #УПРАВЛЯЮЩЕЙ$) = -21.479862945330964
correctionProbability (#КАТАЛЛОГ$ -> #КАТАЛОГ$) = -8.94300928269351
correctionProbability (#ТАБКА$ -> #ТАБАКА$) = -15.953537098738312
correctionProbability (#АСАСИНОВ$ -> #АССАСИНОВ$) = -23.573472612304016
correctionProbability (#РАТТЛИНЫ$ -> #РАТЛИНЫ$) = -22.302340424105466
correctionProbability (#БЕЛЬЧЕНОК$ -> #БЕЛЬЧОНОК$) = -22.837692044182454
correctionProbability (#ОПРЕДЕЛТЬ$ -> #ОПРЕДЕЛИТЬ$) = -14.286205691265266
correctionProbability (#НАСИЛНА$ -> #НАСИЛЬНО$) = -81.6322442020519
correctionProbability (#МОРСКИЙ$ -> #МОРСКОЙ$) = -11.882478386660097
correctionProbability (#СЛАБИЙ$ -> #СЛАБЫЙ$) = -14.091775594642787
correctionProbability (#СВЕТОДИОДЫЙ$ -> #СВЕТОДИОДНЫЙ$) = -19.382102759686568
correctionProbability (#ХУАВЕИ$ -> #ХУАВЕЙ$) = -12.3976430884106
correctionProbability (#МАЛИНЬКИМИ$ -> #МАЛЕНЬКИМИ$) = -18.817590822007787
correctionProbability (#РОДАЖИ$ -> #ПРОДАЖИ$) = -12.088633280013951
correctionProbability (#VEITA$ -> #VITA$) = -16.24051999509909
correctionProbability (#ЛЕНЕНГРАДКА$ -> #ЛЕНИНГРАДКА$) = -22.273632262166785
correctionProbability (#КАРЗИНУ$ -> #КОРЗИНУ$) = -16.42789750684217
correctionProbability (#ФИЛЬМЫВ$ -> #ФИЛЬМЫ$) = -6.1097397746538284
correctionProbability (#НОРКОТИКИ$ -> #НАРКОТИКИ$) = -17.30044720053632
correctionProbability (#ГРАЖДОНИНА$ -> #ГРАЖДАНИНА$) = -17.521123187027015
correctionProbability (#МАРКОВИ$ -> #МОРКОВИ$) = -14.17531848784673
correctionProbability (#МОРРИ$ -> #МОРЕ$) = -74.21579657684899
correctionProbability (#ПЕРЕДОВАТЬ$ -> #ПЕРЕДАВАТЬ$) = -21.392439440740695
correctionProbability (#ЛОТЕРЕИИ$ -> #ЛОТЕРЕИ$) = -18.247352710442378
correctionProbability (#РИМПЕЙДЭЖ$ -> #РЕМПЕЙДЖ$) = -86.52158210499535
correctionProbability (#КОТОРИХ$ -> #КОТОРЫХ$) = -12.28186269430185
correctionProbability (#ЦИРОЗЕ$ -> #ЦИРРОЗЕ$) = -20.29384538282008
correctionProbability (#КАТОРОЙ$ -> #КОТОРОЙ$) = -12.85006824692433
correctionProbability (#КОВРИ$ -> #КОВРЫ$) = -12.790179538476668
correctionProbability (#НТВА$ -> #НИВА$) = -9.158343505922353
correctionProbability (#ПОСЛБИЕ$ -> #ПОСОБИЕ$) = -12.36392626349565
correctionProbability (#СЭКСС$ -> #СЭКС$) = -12.885312242032615
correctionProbability (#НЕДНЛИ$ -> #НЕДЕЛИ$) = -9.017718908938203
correctionProbability (#ГЕНИКОЛОГУ$ -> #ГИНЕКОЛОГУ$) = -84.9247846783072
correctionProbability (#ОЛАЕН$ -> #ОНЛАЙН$) = -65.90628297978743
correctionProbability (#ЕКАТНРИНА$ -> #ЕКАТЕРИНА$) = -10.113442569505942
correctionProbability (#РЕЩИНА$ -> #РЕЗИНА$) = -10.753798683857465
correctionProbability (#ПЕСГИ$ -> #ПЕСНИ$) = -3.2989482239080665
correctionProbability (#ПРИЦЭПЫ$ -> #ПРИЦЕПЫ$) = -16.70069307637678
correctionProbability (#АНГЛИЙСОМ$ -> #АНГЛИЙСКОМ$) = -12.551572445384465
correctionProbability (#РОДАЖА$ -> #ПРОДАЖА$) = -8.07085841020048
correctionProbability (#ТАТЬЯ$ -> #СТАТЬЯ$) = -10.85823077302766
correctionProbability (#ЗМИСТ$ -> #ЗМІСТ$) = -17.32722102713566
correctionProbability (#БЕЛЕЗНА$ -> #БЕЛИЗНА$) = -20.110200654045897
correctionProbability (#САМАР$ -> #САМАРА$) = -8.39333706277906
correctionProbability (#РУЮБЕЖНОМ$ -> #РУБЕЖНОМ$) = -23.579077793883634
correctionProbability (#ДНЕВНИ$ -> #ДНЕВНИК$) = -7.607385125749964
correctionProbability (#МОРДИМА$ -> #МОРДЖИМА$) = -34.43373084557582
correctionProbability (#САСИСКА$ -> #СОСИСКА$) = -18.084005034635673
correctionProbability (#ГУГОЛЬ$ -> #ГУГЛ$) = -72.72829077662475
correctionProbability (#ЧАЙКОВСК$ -> #ЧАЙКОВСКИЙ$) = -82.65102517195426
correctionProbability (#ШИЗОЛАЛИЯ$ -> #ШИЗОФАЗИЯ$) = -93.07387083462967
correctionProbability (#ВЗЛОММ$ -> #ВЗЛОМ$) = -11.522546008953032
correctionProbability (#STEAMLABS$ -> #STREAMLABS$) = -23.495328144513316
correctionProbability (#ДНЕВНК$ -> #ДНЕВНИК$) = -7.6154585444790825
correctionProbability (#МИСТРЕС$ -> #МИСТРЕСС$) = -23.46738056796574
correctionProbability (#ИЗЗ$ -> #ИЗ$) = -2.797151996317208
correctionProbability (#СПОСЕТ$ -> #СПАСЕТ$) = -17.117773625941428
correctionProbability (#CСКАЧАТЬ$ -> #СКАЧАТЬ$) = -5.044481249394385
correctionProbability (#FOXS$ -> #FOX$) = -14.438043656224746
correctionProbability (#DSSELDORF$ -> #DÜSSELDORF$) = -24.50454783260927
correctionProbability (#ИСНТАГРАМ$ -> #ИНСТАГРАМ$) = -76.31675658330488
correctionProbability (#ЗКОН$ -> #ЗАКОН$) = -8.585727767142949
correctionProbability (#САЛАМОН$ -> #СОЛОМОН$) = -80.69089732926959
correctionProbability (#ПАПОДАНОК$ -> #ПОПАДАНОК$) = -89.61069293060164
correctionProbability (#НАСОК$ -> #НОСОК$) = -15.84798239212829
correctionProbability (#ОФЛРМИТЬ$ -> #ОФОРМИТЬ$) = -11.38775896019623
correctionProbability (#ЧЕБОТАРЕНА$ -> #ЧЕБОТАРЕВА$) = -23.569744844292956
correctionProbability (#САСИСКИ$ -> #СОСИСКИ$) = -15.812908515666365
correctionProbability (#КАРЗИНА$ -> #КОРЗИНА$) = -13.32673600341785
correctionProbability (#ЮТУКБ$ -> #ЮТУБ$) = -2.7007276368121502
correctionProbability (#LENORNAN$ -> #LENORMAN$) = -28.052670400910237
correctionProbability (#ТУРЕЦКИЦ$ -> #ТУРЕЦКИЙ$) = -9.71633405548787
correctionProbability (#ТРАМПЛЕР$ -> #ТРАМБЛЕР$) = -20.367559492625887
correctionProbability (#ТЕЛЬОНОК$ -> #ТЕЛЕНОК$) = -84.16122818507513
correctionProbability (#ХИЩНИХ$ -> #ХИЩНЫХ$) = -15.020200219731027
correctionProbability (#УВЕЛИЧЕЛСЯ$ -> #УВЕЛИЧИЛСЯ$) = -22.799768197002543
correctionProbability (#ГИМАРОЙ$ -> #ГЕМОРРОЙ$) = -146.0623014170506
correctionProbability (#ORGI$ -> #ORGY$) = -16.299506458453276
correctionProbability (#CЫНЫП$ -> #СЫНЫП$) = -8.863289281870042
correctionProbability (#МАКАЛА$ -> #МАҚАЛА$) = -18.936377065463358
correctionProbability (#НАПАЛЕОН$ -> #НАПОЛЕОН$) = -15.284661318283206
correctionProbability (#НАТИ$ -> #НАЙТИ$) = -7.464040427475592
correctionProbability (#СОБАКОМИ$ -> #СОБАКАМИ$) = -16.242139697637867
correctionProbability (#ПЕРКРЕСТОК$ -> #ПЕРЕКРЕСТОК$) = -16.868593706197927
correctionProbability (#НАСЯ$ -> #НАСТЯ$) = -8.368593477446847
correctionProbability (#ИИЯ$ -> #ИМЯ$) = -7.581164958050071
correctionProbability (#ЕЛИЗА$ -> #ЭЛИЗА$) = -16.746452899337573
correctionProbability (#ЭКОАН$ -> #ЭКРАН$) = -7.763261326755366
correctionProbability (#ВОРАСТА$ -> #ВОЗРАСТА$) = -13.121505426172597
correctionProbability (#ЧУДЕСТНЫЙ$ -> #ЧУДЕСНЫЙ$) = -19.910965275965403
correctionProbability (#МОТОЦЫКАЛ$ -> #МОТОЦИКЛ$) = -80.93061099420507
correctionProbability (#СЛОВЯНСКОМ$ -> #СЛАВЯНСКОМ$) = -22.20103732230988
correctionProbability (#ОЛАДІ$ -> #ОЛАДЬИ$) = -77.50177033078486
correctionProbability (#ПОЛИКЛИННИКЕ$ -> #ПОЛИКЛИНИКЕ$) = -21.944780671433477
correctionProbability (#СЕСТРЕНСКОГО$ -> #СЕСТРИНСКОГО$) = -23.472391240753772
correctionProbability (#ЦЫЛУЕТ$ -> #ЦЕЛУЕТ$) = -14.635948837593642
correctionProbability (#ТЯНЬАНЬМЫНЬ$ -> #ТЯНЬАНЬМЭНЬ$) = -28.26931100441213
correctionProbability (#ЮТБУБ$ -> #ЮТУБ$) = -2.737772073525175
correctionProbability (#FINBET$ -> #FONBET$) = -15.351520180490741
correctionProbability (#ЧКРНЫЦ$ -> #ЧЕРНЫЙ$) = -73.6596664119953
correctionProbability (#АЛФАИТ$ -> #АЛФАВИТ$) = -10.825453585980313
correctionProbability (#ОТЕЧЕСТВЕНОЙ$ -> #ОТЕЧЕСТВЕННОЙ$) = -19.50787033706024
correctionProbability (#ПРОМЫШЛЕНОЕ$ -> #ПРОМЫШЛЕННОЕ$) = -23.740592972957472
correctionProbability (#CROSDRESSING$ -> #CROSSDRESSING$) = -29.62115066739741
correctionProbability (#МАСЛЕНОГО$ -> #МАСЛЯНОГО$) = -19.05219123140938
correctionProbability (#ВАСИЛИВИЧ$ -> #ВАСИЛЬЕВИЧ$) = -81.26363527230197
correctionProbability (#РОБЛОКСВ$ -> #РОБЛОКС$) = -9.853872527453518
correctionProbability (#СПЕЦИАЛЕЗИРОВАННЫЙ$ -> #СПЕЦИАЛИЗИРОВАННЫЙ$) = -29.82603519991224
correctionProbability (#TINDAR$ -> #TINDER$) = -16.865469737457634
correctionProbability (#ЕСПЛАТНО$ -> #БЕСПЛАТНО$) = -5.318042353043976
correctionProbability (#АБДУЛАЕВА$ -> #АБДУЛЛАЕВА$) = -22.36229051468502
correctionProbability (#ПЕРЕФЕРИЙНОГО$ -> #ПЕРИФЕРИЙНОГО$) = -31.32276742006873
correctionProbability (#ЖЖМЖ$ -> #ЖМЖ$) = -14.568494436294532
correctionProbability (#ГОРЯЧИИ$ -> #ГОРЯЧИЕ$) = -12.699087278714345
correctionProbability (#ГЕРМПЕТИК$ -> #ГЕРМЕТИК$) = -18.11536466056227
correctionProbability (#ЖЕЛДОЧЕНКО$ -> #ЖЕЛУДЧЕНКО$) = -103.65375220427049
correctionProbability (#УЧАСНИЦА$ -> #УЧАСТНИЦА$) = -21.023058561651915
correctionProbability (#ТЭСТИ$ -> #ТЕСТИ$) = -14.71732303903558
correctionProbability (#ТУРЕЦКИИ$ -> #ТУРЕЦКИЙ$) = -9.707382152310444
correctionProbability (#РИНГАЛИН$ -> #РЕНГАЛИН$) = -17.27325757414794
correctionProbability (#COMUNITY$ -> #COMMUNITY$) = -19.178071232924943
correctionProbability (#БАЛГАРКОЙ$ -> #БОЛГАРКОЙ$) = -21.45378336728355
correctionProbability (#АДМЕНИСТРАЦИЯ$ -> #АДМИНИСТРАЦИЯ$) = -16.84664597312201
correctionProbability (#АВИАЬИЛЕТ$ -> #АВИАБИЛЕТ$) = -17.033724936521047
correctionProbability (#ХАРАКТЕРИСТИЕИ$ -> #ХАРАКТЕРИСТИКИ$) = -16.92457358823092
correctionProbability (#КАТОФЕЛЬ$ -> #КАРТОФЕЛЬ$) = -16.099348155589254
correctionProbability (#GRAMMA$ -> #GRAMMAR$) = -15.996885152219356
correctionProbability (#КЕСЫ$ -> #КЕЙСЫ$) = -14.544587404814454
correctionProbability (#НАСС$ -> #НАС$) = -11.022239078210841
correctionProbability (#ФИЛЬМЫЙ$ -> #ФИЛЬМЫ$) = -6.119794703974041
correctionProbability (#СКРИТА$ -> #СКРЫТАЯ$) = -77.53285866614894
correctionProbability (#ЮУБЕ$ -> #ЮТУБЕ$) = -6.992804395295874
correctionProbability (#РОЖДЕСТВЕНЕ$ -> #РОЖДЕСТВЕНО$) = -22.91603589389733
correctionProbability (#ВСПЫЛКОЙ$ -> #ВСПЫШКОЙ$) = -23.6237018059889
correctionProbability (#НАРИСАВАТЬ$ -> #НАРИСОВАТЬ$) = -10.381207853948936
correctionProbability (#KACHAT$ -> #SKACHAT$) = -12.238519521721173
correctionProbability (#ПОЛИКЛИННИКУ$ -> #ПОЛИКЛИНИКУ$) = -20.841671789609798
correctionProbability (#АЛТАЙМA$ -> #АЛТАЙ$) = -81.91272452441886
correctionProbability (#АКАЛЕМИЯ$ -> #АКАДЕМИЯ$) = -11.900420250496204
correctionProbability (#СУБЕКТОВ$ -> #СУБЪЕКТОВ$) = -18.293543073439743
correctionProbability (#ДОЛГИНЕ$ -> #ДОЛГИЕ$) = -21.130105681695557
correctionProbability (#БИЛАЕН$ -> #БИЛАЙН$) = -9.013301316873015
correctionProbability (#ФЕГУРНОЕ$ -> #ФИГУРНОЕ$) = -11.726987807280125
correctionProbability (#НОВОРОЖДЕНЫХ$ -> #НОВОРОЖДЕННЫХ$) = -18.522512224176268
correctionProbability (#ТЕЛЕЫОНУ$ -> #ТЕЛЕФОНУ$) = -14.441156498721206
correctionProbability (#ТРАФИКОВОЕ$ -> #ГРАФИТОВОЕ$) = -92.64967452119927
correctionProbability (#ЗАЗВАТЧИКОВ$ -> #ЗАХВАТЧИКОВ$) = -24.569802168654192
correctionProbability (#ЭЛАТЕ$ -> #ЭЙЛАТЕ$) = -20.11320016067607
correctionProbability (#ЛАМЕЛІ$ -> #ЛАМЕЛИ$) = -19.234403721989626
correctionProbability (#СИКНС$ -> #СКИНС$) = -86.31565769634409
correctionProbability (#ФОГТО$ -> #ФОТО$) = -3.106934097948159
correctionProbability (#АКУМУЛЯТОРОВ$ -> #АККУМУЛЯТОРОВ$) = -22.497574697574464
correctionProbability (#ОТКРЫВОК$ -> #ОТРЫВОК$) = -17.54760132559938
correctionProbability (#ВЕРХНИ$ -> #ВЕРХНИЙ$) = -15.648512458594247
correctionProbability (#ФЕЙСЮУК$ -> #ФЕЙСБУК$) = -7.034208560232344
correctionProbability (#ШИРХАН$ -> #ШЕРХАН$) = -16.55594823569005
correctionProbability (#ОЧИСКИ$ -> #ОЧИСТКИ$) = -13.4420140549895
correctionProbability (#ACCAUNT$ -> #ACCOUNT$) = -13.515935570760995
correctionProbability (#БАИКАНУР$ -> #БАЙКОНУР$) = -82.96698769307463
correctionProbability (#TDAY$ -> #TODAY$) = -9.991701312312333
correctionProbability (#ИСТИТУТЫ$ -> #ИНСТИТУТЫ$) = -17.82485154196528
correctionProbability (#БЛИЖНТЙ$ -> #БЛИЖНИЙ$) = -17.115674436973762
correctionProbability (#ЛИЧТЬЯ$ -> #ЛИСТЬЯ$) = -9.367944707503536
correctionProbability (#АПЕЛЯЦИИ$ -> #АПЕЛЛЯЦИИ$) = -24.344312748503455
correctionProbability (#СПОСИБ$ -> #СПОСІБ$) = -18.659989792522797
correctionProbability (#HUAVEI$ -> #HUAWEI$) = -11.315538012169394
correctionProbability (#NVYTI$ -> #NVUTI$) = -14.077404535033285
correctionProbability (#ВОСТИ$ -> #НОВОСТИ$) = -70.149919160399
correctionProbability (#ВККСНЫЙ$ -> #ВКУСНЫЙ$) = -12.542059811160414
correctionProbability (#НОЯЮРЬ$ -> #НОЯБРЬ$) = -9.48024439504734
correctionProbability (#ГОРЯЧИЮ$ -> #ГОРЯЧУЮ$) = -17.037948467474827
correctionProbability (#ГОРЯЧИЯ$ -> #ГОРЯЧАЯ$) = -12.734457348652441
correctionProbability (#ОБМЕНИКИ$ -> #ОБМЕННИКИ$) = -19.611031037552138
correctionProbability (#ПОЛТИНИК$ -> #ПОЛТИННИК$) = -24.101038151775974
correctionProbability (#DIALOQI$ -> #DIALOGI$) = -33.11178485179472
correctionProbability (#МАЙЯМИ$ -> #МАЙАМИ$) = -14.39564515629326
correctionProbability (#МИЛИГАН$ -> #МИЛЛИГАН$) = -22.43841755138329
correctionProbability (#ПРОИЗВОДСТО$ -> #ПРОИЗВОДСТВО$) = -16.142273917860898
correctionProbability (#ОЧИСКА$ -> #ОЧИСТКА$) = -14.24084687230308
correctionProbability (#САЫОЙСКАЯ$ -> #САВОЙСКАЯ$) = -22.506591169833683
correctionProbability (#ЗАМЕНТЬ$ -> #ЗАМЕНИТЬ$) = -11.559528959276463
correctionProbability (#МАЛОШАРИКИ$ -> #МАЛЫШАРИКИ$) = -14.163898027508814
correctionProbability (#СВЕРЪЕСТЕСТВЕННОЕ$ -> #СВЕРХЪЕСТЕСТВЕННОЕ$) = -22.595468115946844
correctionProbability (#ЗАЛНЕГО$ -> #ЗАДНЕГО$) = -12.648853631460838
correctionProbability (#ОТЛЫХ$ -> #ОТДЫХ$) = -7.245658633739847
correctionProbability (#ПОСВЕТИЛ$ -> #ПОСВЯТИЛ$) = -21.797075966703957
correctionProbability (#ПРИСИНЫ$ -> #ПРИЧИНЫ$) = -9.978617494644567
correctionProbability (#ПЕРЕВИРКИ$ -> #ПЕРЕВІРКИ$) = -23.810180957230763
correctionProbability (#ТРИФАЗ$ -> #ТРИФАС$) = -22.04636295218235
correctionProbability (#VAGNER$ -> #WAGNER$) = -19.040996229817377
correctionProbability (#ALTLIME$ -> #ALLTIME$) = -87.41601881225247
correctionProbability (#РАГНОРЕК$ -> #РАГНАРЁК$) = -82.82134712190948
correctionProbability (#ТЕТРАЛЬНАЯ$ -> #ТЕАТРАЛЬНАЯ$) = -20.2119217324489
correctionProbability (#АРНГОЛЬЦ$ -> #АРНТГОЛЬЦ$) = -19.765333441052732
correctionProbability (#КАДИФИКАТОР$ -> #КОДИФИКАТОР$) = -22.67686989721291
correctionProbability (#ПЕРЕВОЧЫК$ -> #ПЕРЕВОДЧИК$) = -74.00371248591239
correctionProbability (#СИНОПТМК$ -> #СИНОПТИК$) = -11.278263699575561
correctionProbability (#АКРЕДИТАЦИЮ$ -> #АККРЕДИТАЦИЮ$) = -26.377887286990678
correctionProbability (#КАМЕНОГО$ -> #КАМЕННОГО$) = -20.471115197777763
correctionProbability (#ПЕРВОДЧИ$ -> #ПЕРЕВОДЧИК$) = -74.57920189576053
correctionProbability (#НАЗВАНЫХ$ -> #НАЗВАННЫХ$) = -23.72248416333038
correctionProbability (#КОНТРАК$ -> #КОНТРАКТ$) = -16.566225363070295
correctionProbability (#ПОВЫШЕНЫЙ$ -> #ПОВЫШЕННЫЙ$) = -19.66889893479894
correctionProbability (#ТАКИЙСКИЙ$ -> #ТОКИЙСКИЙ$) = -15.728175304301516
correctionProbability (#HUAVEY$ -> #HUAWEI$) = -76.06164967898238
correctionProbability (#ОСТАНИЙ$ -> #ОСТАННІЙ$) = -85.4076817905088
correctionProbability (#РОБЛОКСЪ$ -> #РОБЛОКС$) = -9.877204360968058
correctionProbability (#НАЗЫВАЕЦА$ -> #НАЗЫВАЕТСЯ$) = -144.08927298934654
correctionProbability (#РАЗЛЕЛЬНЫЕ$ -> #РАЗДЕЛЬНЫЕ$) = -25.652460062431025
correctionProbability (#ВЕРХНЯ$ -> #ВЕРХНЯЯ$) = -14.536436722051867
correctionProbability (#ДЖИЛЕНХОЛ$ -> #ДЖИЛЛЕНХОЛ$) = -22.32979681995014
correctionProbability (#КАМСКИ$ -> #КАМСКИЙ$) = -21.0617196691964
correctionProbability (#ЭММИГРАНТ$ -> #ЭМИГРАНТ$) = -25.169595753185746
correctionProbability (#ПЛВЕДЕНИЯ$ -> #ПОВЕДЕНИЯ$) = -13.279537958330693
correctionProbability (#ПОВЫШЕНЫЕ$ -> #ПОВЫШЕННЫЕ$) = -21.89312899767331
correctionProbability (#IGNITIS$ -> #IGNIS$) = -90.0752528487665
correctionProbability (#PRAMOY$ -> #PRYAMOY$) = -20.809064815271412
correctionProbability (#ПЕРЕВИРКА$ -> #ПЕРЕВІРКА$) = -22.325989208861778
correctionProbability (#СВЯЗНОИ$ -> #СВЯЗНОЙ$) = -13.033692020249951
correctionProbability (#ЛЕЛАТЬ$ -> #ДЕЛАТЬ$) = -7.166409154508191
correctionProbability (#ЛАГУНОВА$ -> #ЛОГУНОВА$) = -22.35494382726518
correctionProbability (#ПОДРОСТОВ$ -> #ПОДРОСТКОВ$) = -14.971196895940842
correctionProbability (#ЕЛЕКТРОПОЕЗДОВ$ -> #ЭЛЕКТРОПОЕЗДОВ$) = -26.346721535063978
correctionProbability (#ХРПМ$ -> #ХРАМ$) = -9.642484629101208
correctionProbability (#ПЕРСПЕКТИВНИЙ$ -> #ПЕРСПЕКТИВНЫЙ$) = -23.508348848935697
correctionProbability (#MOISTURISING$ -> #MOISTURIZING$) = -27.54519766708679
correctionProbability (#ФРМАТ$ -> #ФОРМАТ$) = -11.847388756550028
correctionProbability (#РОБЛОКСС$ -> #РОБЛОКС$) = -9.7752663750979
correctionProbability (#СЄДОКОВА$ -> #СЕДАКОВА$) = -82.61729137149321
correctionProbability (#ВОСЬМИРИЧНУЮ$ -> #ВОСЬМЕРИЧНУЮ$) = -25.71260068807365
correctionProbability (#KAZANSKI$ -> #KAZANSKIY$) = -35.64025888370515
correctionProbability (#ПОПОВНЕНЯ$ -> #ПОПОВНЕННЯ$) = -23.73584239650117
correctionProbability (#МОГАСТЫРЬ$ -> #МОНАСТЫРЬ$) = -14.802471156919559
correctionProbability (#ТЕСТОВИЙ$ -> #ТЕСТОВЫЙ$) = -17.910994899285633
correctionProbability (#ЗАГАТКИ$ -> #ЗАГАДКИ$) = -11.427771632037839
correctionProbability (#DONATS$ -> #DONUTS$) = -21.697643546616693
correctionProbability (#ПИРОЖЕННЫЕ$ -> #ПИРОЖНЫЕ$) = -87.87191891695119
correctionProbability (#УРГАН$ -> #УРГАНТ$) = -13.894549053399093
correctionProbability (#КОМКСЫ$ -> #КОМИКСЫ$) = -12.351252089201672
correctionProbability (#КРАНОДАР$ -> #КРАСНОДАР$) = -10.383030822290912
correctionProbability (#ЛИСТИВКА$ -> #ЛИСТІВКА$) = -20.890740618391007
correctionProbability (#МАНЬЖУРИИ$ -> #МАНЬЧЖУРИИ$) = -23.041902476668028
correctionProbability (#ЛАМИНИРОВАНАЯ$ -> #ЛАМИНИРОВАННАЯ$) = -25.81968150500073
correctionProbability (#ДЕТСКРЙ$ -> #ДЕТСКОЙ$) = -11.615439120102224
correctionProbability (#АЛИЭКСПЕСС$ -> #АЛИЭКСПРЕСС$) = -11.958756201838
correctionProbability (#СВЕТАФОРА$ -> #СВЕТОФОРА$) = -18.872905831847177
correctionProbability (#ВОБЩЕ$ -> #ВООБЩЕ$) = -16.72049393401446
correctionProbability (#КАРИЗ$ -> #КАПРИЗ$) = -16.108644963289468
correctionProbability (#ИШИИБАЙ$ -> #ИШИМБАЙ$) = -16.87453910881799
correctionProbability (#СЕНЙОРІТА$ -> #СЕНЬОРИТА$) = -81.85071942747108
correctionProbability (#ИСКУСТВЕННЫХ$ -> #ИСКУССТВЕННЫХ$) = -23.197042133047233
correctionProbability (#КАРАНА$ -> #КОРАНА$) = -14.742261774272858
correctionProbability (#ОБРАЗОВНИЯ$ -> #ОБРАЗОВАНИЯ$) = -14.02874846015721
correctionProbability (#EPSONT$ -> #EPSON$) = -14.746122764003449
correctionProbability (#ДЕКОПАРК$ -> #ЭКОПАРК$) = -86.47748924701928
correctionProbability (#РАСКАЗОВ$ -> #РАССКАЗОВ$) = -19.6431294978046
correctionProbability (#КВАЛИТИ$ -> #КВОЛИТИ$) = -21.949736668969706
correctionProbability (#ЛЕТУАОЬ$ -> #ЛЕТУАЛЬ$) = -11.882090171903421
correctionProbability (#КОМУНИСТИЧЕСКАЯ$ -> #КОММУНИСТИЧЕСКАЯ$) = -28.323774897907676
correctionProbability (#ВАРЕФЙС$ -> #ВАРФЕЙС$) = -78.29048402168252
correctionProbability (#КАЗПНЬ$ -> #КАЗАНЬ$) = -7.494149468019248
correctionProbability (#ГУЗЕРИПЛ$ -> #ГУЗЕРИПЛЬ$) = -23.196535819973043
correctionProbability (#ВАВИЛОВО$ -> #ВАВИЛОВА$) = -17.134928085038176
correctionProbability (#ВОДОНЕПРАНИЦАЕМАЯ$ -> #ВОДОНЕПРОНИЦАЕМАЯ$) = -29.18373988766504
correctionProbability (#МОДЕЛЛЕРОМ$ -> #МОДЕЛЬЕРОМ$) = -30.065828884014223
correctionProbability (#ПАНОРАММА$ -> #ПАНОРАМА$) = -18.401051151960075
correctionProbability (#СТОИМОМТЬ$ -> #СТОИМОСТЬ$) = -9.39955315009474
correctionProbability (#РОТЕРДАМЕ$ -> #РОТТЕРДАМЕ$) = -27.359745646363045
correctionProbability (#ЭРТГРУЛ$ -> #ЭРТУГРУЛ$) = -14.89835165771025
correctionProbability (#АЛЬГА$ -> #ОЛЬГА$) = -7.278113782785773
correctionProbability (#ИКХ$ -> #ИКС$) = -9.202872460982661
correctionProbability (#УДЕНЬ$ -> #ДЕНЬ$) = -6.403609970109091
correctionProbability (#СИНОНИУМ$ -> #СИНОНИМ$) = -15.209323931419625
correctionProbability (#РЫЬКА$ -> #РЫБКА$) = -11.357109676688207
correctionProbability (#ПРОПУШЕННЫЕ$ -> #ПРОПУЩЕННЫЕ$) = -20.303265683049005
correctionProbability (#ЕКПТЕРИНБУОГ$ -> #ЕКАТЕРИНБУРГ$) = -77.73963723489837
correctionProbability (#ДЕВУШЕКИ$ -> #ДЕВУШКИ$) = -10.273784895733755
correctionProbability (#SILIGA$ -> #SILICA$) = -23.83918286214231
correctionProbability (#POKRIK$ -> #POQRIK$) = -21.532934375255206
correctionProbability (#ТОДОРОВИ$ -> #ТОДОРОВИЧ$) = -35.32507601369919
correctionProbability (#КАРТАГ$ -> #КАРТАХ$) = -12.434145713333852
correctionProbability (#ЧКЛЯБИНСК$ -> #ЧЕЛЯБИНСК$) = -10.325108422798856
correctionProbability (#МОТРИ$ -> #МОРТИ$) = -78.59692364339905
correctionProbability (#АПЕЛЯЦИЮ$ -> #АПЕЛЛЯЦИЮ$) = -24.692911612859213
correctionProbability (#РАССТОНИЕ$ -> #РАССТОЯНИЕ$) = -13.157733789837494
correctionProbability (#FLASSHSCORE$ -> #FLASHSCORE$) = -22.624087035997256
correctionProbability (#ЛЬНЕНОЕ$ -> #ЛЬНЯНОЕ$) = -16.2350733055671
correctionProbability (#ТАНСПОЛА$ -> #ТАНЦПОЛА$) = -15.947419286662203
correctionProbability (#ЗАНАК$ -> #ЗНАК$) = -10.17499439321524
correctionProbability (#ДИЛЛЕР$ -> #ДИЛЕР$) = -11.640952695579305
correctionProbability (#FGOOGLE$ -> #GOOGLE$) = -8.364269010440225
correctionProbability (#ДОЙЙКИ$ -> #ДОЙКИ$) = -10.978925156448941
correctionProbability (#ГАНИБАЛОВ$ -> #КАННИБАЛОВ$) = -86.78722542221692
correctionProbability (#ВАНОЙ$ -> #ВАННОЙ$) = -9.861245517242356
correctionProbability (#СЕЯТСЯ$ -> #СНЯТСЯ$) = -12.851207756586074
correctionProbability (#ДИВИТИ$ -> #ДИВИТИСЯ$) = -82.90099775329871
correctionProbability (#ПАСАЖИР$ -> #ПАССАЖИР$) = -17.13140018663273
correctionProbability (#ПРОПАНОРНОРМ$ -> #ПРОПАНОРМОМ$) = -103.92900537702707
correctionProbability (#РОСТВЕ$ -> #РОСТОВЕ$) = -11.659937368485352
correctionProbability (#ТАНСПОЛЕ$ -> #ТАНЦПОЛЕ$) = -17.400120768275563
correctionProbability (#РАСПИСАНЕ$ -> #РАСПИСАНИЕ$) = -10.227418698847991
correctionProbability (#JANIB$ -> #JANOB$) = -16.847176999698153
correctionProbability (#КУЛПАШТЫН$ -> #КҮЛПАШТЫҢ$) = -89.33212362505417
correctionProbability (#СВЕТАФОРЕ$ -> #СВЕТОФОРЕ$) = -21.807537808632055
correctionProbability (#ШАПАЧКУ$ -> #ШАПОЧКУ$) = -15.589928339273605
correctionProbability (#СИКИСИВА$ -> #СЕКИСОВКА$) = -155.6369694960982
correctionProbability (#МОТРС$ -> #МОТОРС$) = -15.051628819334777
correctionProbability (#ГАЛЛЕРЕИ$ -> #ГАЛЕРЕИ$) = -19.427493748157346
correctionProbability (#АРМЕНСКИ$ -> #АРМЯНСКИЕ$) = -80.72198618207788
correctionProbability (#ОПДАЧИВАЕТСЯ$ -> #ОПЛАЧИВАЕТСЯ$) = -20.983267627621444
correctionProbability (#ПРОЯВЛЯЮТЬСЯ$ -> #ПРОЯВЛЯЮТСЯ$) = -26.208768850099105
correctionProbability (#МАМОГРАФ$ -> #МАММОГРАФ$) = -24.008199773234693
correctionProbability (#С4КАЧАТЬ$ -> #СКАЧАТЬ$) = -5.049421062922709
correctionProbability (#MOSCVA$ -> #MOSKVA$) = -16.645351648262046
correctionProbability (#АЛИЄКСПРЕСС$ -> #АЛИЭКСПРЕСС$) = -11.358675437427387
correctionProbability (#GGOODS$ -> #GOODS$) = -18.474281418280146
correctionProbability (#БЛИЗАРТ$ -> #БЛИЗЗАРД$) = -86.83972040496725
correctionProbability (#КАРАЛЯ$ -> #КОРОЛЯ$) = -76.58525348863829
correctionProbability (#АМІКСИН$ -> #АМИКСИН$) = -18.128305640639702
correctionProbability (#СКРИАЛ$ -> #СЕРИАЛ$) = -4.101051901810081
correctionProbability (#ШАЗЕРЕЗАДА$ -> #ШАХЕРЕЗАДА$) = -18.156730209521875
correctionProbability (#ПОДЕЖ$ -> #ПАДЕЖ$) = -14.661169730467574
correctionProbability (#БЯЯБЯ$ -> #ЯЯЯ$) = -84.39938184400117
correctionProbability (#ОЛИЧИЕ$ -> #ОТЛИЧИЕ$) = -13.843575222765622
correctionProbability (#НОВОТИ$ -> #НОВОСТИ$) = -4.7934689129433306
correctionProbability (#ДЮМОВ$ -> #ДЮЙМОВ$) = -14.311641403165023
correctionProbability (#БДЮД$ -> #БЛЮД$) = -11.166254668942816
correctionProbability (#МУРАМЕЦ$ -> #МУРОМЕЦ$) = -15.201659518958515
correctionProbability (#РАЁНЕ$ -> #РАЙОНЕ$) = -74.71668593318833
correctionProbability (#ФОНСФОРД$ -> #ФОКСФОРД$) = -16.589237578022946
correctionProbability (#ТЕХНОЛОГИ$ -> #ТЕХНОЛОГИИ$) = -14.827973890215738
correctionProbability (#ХАЯМ$ -> #ХАЙЯМ$) = -14.647165133170521
correctionProbability (#ФЕЙСЬУК$ -> #ФЕЙСБУК$) = -7.032323261850898
correctionProbability (#АЗНАЧАЕТ$ -> #ОЗНАЧАЕТ$) = -12.080243003125851
correctionProbability (#ПУХАВИК$ -> #ПУХОВИК$) = -13.324342067347956
correctionProbability (#ТЕХНОЛОГЕ$ -> #ТЕХНОЛОГИИ$) = -79.5558085380833
correctionProbability (#ПАЛЯРНЫЙ$ -> #ПОЛЯРНЫЙ$) = -12.786531476771678
correctionProbability (#МОЛДЫМИ$ -> #МОЛОДЫМИ$) = -16.018626321383962
correctionProbability (#ЛЕГЕНЛА$ -> #ЛЕГЕНДА$) = -11.012899597449028
correctionProbability (#ЕРАСИВЫЕ$ -> #КРАСИВЫЕ$) = -7.399080373653668
correctionProbability (#МЕРАЖ$ -> #МИРАЖ$) = -10.881732905673918
correctionProbability (#ЩЮП$ -> #ЩУП$) = -16.518277257414947
correctionProbability (#АДРИС$ -> #АДРЕС$) = -8.051717381055415
correctionProbability (#ДРАТХАР$ -> #ДРАТХААР$) = -22.686195455656623
correctionProbability (#ОТКЫТЬ$ -> #ОТКРЫТЬ$) = -10.70941358586468
correctionProbability (#КАЛЬШРАЙБЕР$ -> #КОЛЬШРАЙБЕР$) = -30.931087247329714
correctionProbability (#ФОНБ$ -> #ФОНД$) = -8.358951604925615
correctionProbability (#АЛИЭКСПЕРСС$ -> #АЛИЭКСПРЕСС$) = -79.21897979350449
correctionProbability (#ХАНЬЯН$ -> #ХАНЬЯНЬ$) = -22.605553274641693
correctionProbability (#ПЦАНЫ$ -> #ПАЦАНЫ$) = -12.035856265315662
correctionProbability (#СЕЛИКАГЕЛЬ$ -> #СИЛИКАГЕЛЬ$) = -24.14122980944783
correctionProbability (#ТЕРРИКС$ -> #ТЕРЕКС$) = -87.82052300796148
correctionProbability (#БАГАТЫРЕЙ$ -> #БОГАТЫРЕЙ$) = -17.877117244054425
correctionProbability (#CУПЕР$ -> #СУПЕР$) = -7.100719302415829
correctionProbability (#НВРО$ -> #ЕВРО$) = -7.48406976776624
correctionProbability (#ВЛОМАНЫЕ$ -> #ВЗЛОМАННЫЕ$) = -82.81619099845372
correctionProbability (#ВТООЕМ$ -> #ВТРОЕМ$) = -14.233351869933127
correctionProbability (#CDEC$ -> #CDEK$) = -15.561746952215817
correctionProbability (#МЕСЕНДЖЕРЫ$ -> #МЕССЕНДЖЕРЫ$) = -25.85639694212999
correctionProbability (#ТАИЛАЕД$ -> #ТАЙЛАНД$) = -77.48983105103505
correctionProbability (#ДАЛИНА$ -> #ДОЛИНА$) = -11.138238714742226
correctionProbability (#СПИДТЕКСТ$ -> #СПИДТЕСТ$) = -17.041312744347174
correctionProbability (#АФАБОЗОЛ$ -> #АФОБАЗОЛ$) = -81.87947221197366
correctionProbability (#ИЛТ$ -> #ИЛИ$) = -4.495529960241647
correctionProbability (#ЖИГУЛІ$ -> #ЖИГУЛИ$) = -14.411437844555504
correctionProbability (#СТАТИСТКА$ -> #СТАТИСТИКА$) = -15.285300792771814
correctionProbability (#ЕМИНЕМ$ -> #ЭМИНЕМ$) = -16.193386731775835
correctionProbability (#ТАРЫЕ$ -> #СТАРЫЕ$) = -10.41900508116402
correctionProbability (#КАРАЛЫ$ -> #КОРАЛЛЫ$) = -85.01366464310503
correctionProbability (#ПЕНСИООНЫЙ$ -> #ПЕНСИОННЫЙ$) = -14.470279407939692
correctionProbability (#ОКТЕРЫ$ -> #АКТЕРЫ$) = -8.827810284766112
correctionProbability (#УТЬЮБ$ -> #ЮТУБ$) = -132.22936538726867
correctionProbability (#ЗЕМЕНА$ -> #ЗАМЕНА$) = -8.035344537022457
correctionProbability (#ФОНЛ$ -> #ФОНД$) = -8.349858993120275
correctionProbability (#КНАЛЫ$ -> #КАНАЛЫ$) = -11.270641233222879
correctionProbability (#ДЕТСКТЕ$ -> #ДЕТСКИЕ$) = -7.657667158768909
correctionProbability (#ТЕЬЕ$ -> #ТЕБЕ$) = -8.885005686881133
correctionProbability (#АМЕРИК$ -> #АМЕРИКА$) = -13.848534311102696
correctionProbability (#ВЛОМАНЫЙ$ -> #ВЗЛОМАННЫЙ$) = -81.57354182204973
correctionProbability (#СПРТМАСТЕР$ -> #СПОРТМАСТЕР$) = -15.634981957254922
correctionProbability (#УТЕЛИЗАЦИЯ$ -> #УТИЛИЗАЦИЯ$) = -17.872406228570192
correctionProbability (#ВІДНУКИ$ -> #ВІДГУКИ$) = -18.27404410950308
correctionProbability (#ДИОГОНАЛЬ$ -> #ДИАГОНАЛЬ$) = -17.3565206497156
correctionProbability (#NOHI$ -> #NOCHI$) = -22.03115835356921
correctionProbability (#МАЛАЙЗИ$ -> #МАЛАЙЗИИ$) = -19.311287579734618
correctionProbability (#СЛУШАИЬ$ -> #СЛУШАТЬ$) = -5.146294736513161
correctionProbability (#НАУРК$ -> #НАУК$) = -15.614460100253563
correctionProbability (#YOUYUBE$ -> #YOUTUBE$) = -6.39354089014698
correctionProbability (#СЛОЕННОМ$ -> #СЛОЕНОМ$) = -21.736657192152194
correctionProbability (#ЦЕГА$ -> #ЦЕНА$) = -2.234870510769582
correctionProbability (#КАБМНЕТ$ -> #КАБИНЕТ$) = -5.183541979489993
correctionProbability (#AZERSELL$ -> #AZERCELL$) = -21.660559210428808
correctionProbability (#НОВОСИ$ -> #НОВОСТИ$) = -4.808140925190008
correctionProbability (#ГЕОРГИ$ -> #ГЕОРГИЙ$) = -13.906031435119544
correctionProbability (#ЧАРЛЬ$ -> #ЧАРЛЬЗ$) = -15.415704452678444
correctionProbability (#ВАРЯЖКИ$ -> #ВАРЕЖКИ$) = -14.231950237953647
correctionProbability (#МУДИК$ -> #МУЖИК$) = -11.169806990088677
correctionProbability (#АПАРАТ$ -> #АППАРАТ$) = -10.84383346844347
correctionProbability (#АЛГАРИТМ$ -> #АЛГОРИТМ$) = -14.82140808041374
correctionProbability (#ГЛУБЛКАЯ$ -> #ГЛУБОКАЯ$) = -17.115266300939318
correctionProbability (#ФИГРНОЕ$ -> #ФИГУРНОЕ$) = -12.346938885724306
correctionProbability (#КОНТРАЗВЕДКУ$ -> #КОНТРРАЗВЕДКУ$) = -26.724283909087774
correctionProbability (#EHTROSLI$ -> #EHTIROSLI$) = -25.24649236327948
correctionProbability (#НЕДВИЖИМОСТТ$ -> #НЕДВИЖИМОСТЬ$) = -13.224477164061746
correctionProbability (#СИСЬКАТОЙ$ -> #СИСЬКАСТОЙ$) = -28.674722929163295
correctionProbability (#КОМПЛЕКТАЦІЯ$ -> #КОМПЛЕКТАЦИЯ$) = -19.061009815909564
correctionProbability (#ОВЕРСАФЗ$ -> #ОВЕРСАЙЗ$) = -16.913804091414356
correctionProbability (#КНТГУ$ -> #КНИГУ$) = -9.527678766577385
correctionProbability (#ПЕРЕПЕЛИННОЕ$ -> #ПЕРЕПЕЛИНОЕ$) = -28.874008610113798
correctionProbability (#ДЕТСКТЙ$ -> #ДЕТСКИЙ$) = -7.843687053431083
correctionProbability (#КОСТАРНАЯ$ -> #КОСТОРНАЯ$) = -17.46292269938632
correctionProbability (#ДЕВИДЕНДЫ$ -> #ДИВИДЕНДЫ$) = -17.299500200869126
correctionProbability (#ДЕВСТВЕНИЦЕЙ$ -> #ДЕВСТВЕННИЦЕЙ$) = -25.784550074817247
correctionProbability (#ДМАШНОЕ$ -> #ДОМАШНЕЕ$) = -75.92189329400307
correctionProbability (#ЖИНЬ$ -> #ЖИЗНЬ$) = -6.7895784672732695
correctionProbability (#ПОКИМОН$ -> #ПОКЕМОН$) = -13.591431188326602
correctionProbability (#СИЕТЛЕ$ -> #СИЭТЛЕ$) = -19.519418327205702
correctionProbability (#МАЙНРКАФТ$ -> #МАЙНКРАФТ$) = -75.80181211332918
correctionProbability (#FRECH$ -> #FRESH$) = -14.243284794133292
correctionProbability (#PISDA$ -> #PIZDA$) = -15.974108451014164
correctionProbability (#АРТОПЕД$ -> #ОРТОПЕД$) = -16.064070378456954
correctionProbability (#НОВОСТ$ -> #НОВОСТИ$) = -4.836797700202025
correctionProbability (#КНТГИ$ -> #КНИГИ$) = -6.975839284998617
correctionProbability (#CHERYHAPA$ -> #CHEREHAPA$) = -26.32396220720348
correctionProbability (#ANASCEC$ -> #ANHASCE$) = -81.74384960964971
correctionProbability (#АГРОСТАРТА$ -> #АГРОСТАРТАП$) = -28.419148539418117
correctionProbability (#INDIVIDU$ -> #INDIVIDUAL$) = -89.85644064532725
correctionProbability (#УНИГА$ -> #КНИГА$) = -7.306341905792163
correctionProbability (#СЕРИПЛ$ -> #СЕРИАЛ$) = -4.109079990360964
correctionProbability (#SLOYER$ -> #SLAYER$) = -18.30502472710113
correctionProbability (#MIKROKLAD$ -> #MICROKLAD$) = -27.377352332297704
correctionProbability (#ТВIР$ -> #ТВІР$) = -13.038597563623245
correctionProbability (#ИМЧ$ -> #ИМЯ$) = -7.56901921824463
correctionProbability (#КОСНЫЙ$ -> #КОСТНЫЙ$) = -19.62701056948692
correctionProbability (#BETHOVEN$ -> #BEETHOVEN$) = -24.098913876073823
correctionProbability (#УПРАВЛЕНИЧ$ -> #УПРАВЛЕНИЯ$) = -13.343038727583064
correctionProbability (#ГРАНУЛИ$ -> #ГРАНУЛЫ$) = -18.8758122022996
correctionProbability (#ПЛАШ$ -> #ПЛАЩ$) = -12.940794055539104
correctionProbability (#ГУЛНАЗ$ -> #ГУЛЬНАЗ$) = -20.155010278795302
correctionProbability (#РОБГТА$ -> #РАБОТА$) = -69.72185934796569
correctionProbability (#МУЛЬТФИЛЫМ$ -> #МУЛЬТФИЛЬМ$) = -9.10837388672411
correctionProbability (#ФУБТОЛ$ -> #ФУТБОЛ$) = -74.694779136999
correctionProbability (#UNIZAOO$ -> #UNIZOO$) = -25.639824290807866
correctionProbability (#ПОДЬЕДАЕТ$ -> #ПОДЪЕДАЕТ$) = -34.77504755017178
correctionProbability (#МОТОП$ -> #МОТОР$) = -10.545538857723276
correctionProbability (#УЗБЕКСКИИ$ -> #УЗБЕКСКИЙ$) = -15.803535775190433
correctionProbability (#DRIVERPACL$ -> #DRIVERPACK$) = -16.424938273045136
correctionProbability (#ИКСТРЕЛ$ -> #ИКСТРЕЙЛ$) = -19.087402167592103
correctionProbability (#ЦЕГЫ$ -> #ЦЕНЫ$) = -4.1441859818766495
correctionProbability (#ФЕРУМ$ -> #ФЕРРУМ$) = -17.58595443936601
correctionProbability (#СТАНДАРТЫЙ$ -> #СТАНДАРТНЫЙ$) = -20.740380484487915
correctionProbability (#ТЕЛЕКОММУКАЦИОННАЯ$ -> #ТЕЛЕКОММУНИКАЦИОННАЯ$) = -101.13442710714355
correctionProbability (#ИНДЕС$ -> #ИНДЕКС$) = -9.99855172817168
correctionProbability (#МИСТРАЛ$ -> #МИСТРАЛЬ$) = -20.72998927614531
correctionProbability (#PRISCILA$ -> #PRISCILLA$) = -26.768095280879173
correctionProbability (#БУДИЗМА$ -> #БУДДИЗМА$) = -21.24553646656225
correctionProbability (#СОРВНОВАНИЯ$ -> #СОРЕВНОВАНИЯ$) = -19.70827079081443
correctionProbability (#КАРКА$ -> #КАРТА$) = -4.086665106999366
correctionProbability (#ГУЛНАР$ -> #ГУЛЬНАР$) = -22.259963174999342
correctionProbability (#ВИГЛИДИТ$ -> #ВЫГЛЯДИТ$) = -76.64277761843603
correctionProbability (#СТАОВК$ -> #СТАВОК$) = -79.68218570638378
correctionProbability (#СОРЭНТО$ -> #СОРЕНТО$) = -13.738849678735505
correctionProbability (#СЕБЕРИКА$ -> #СИБЕРИКА$) = -19.393923902945268
correctionProbability (#ГВАРЦИТЕЛИ$ -> #ГВАРЦЕТЕЛИ$) = -24.178260130687946
correctionProbability (#КОМБИНИРОВАНЫЕ$ -> #КОМБИНИРОВАННЫЕ$) = -24.308756993345668
correctionProbability (#КАРАОК$ -> #КАРАОКЕ$) = -10.109231488376238
correctionProbability (#МОРРЗА$ -> #МОРОЗА$) = -13.091568851809843
correctionProbability (#MYI$ -> #MY$) = -8.75724699945689
correctionProbability (#КИЄВ$ -> #КИЇВ$) = -12.019685735164469
correctionProbability (#ШИВРИН$ -> #ШИФРИН$) = -17.641393332863768
correctionProbability (#ЖИНЕ$ -> #ЖЕНЕ$) = -11.838110482154516
correctionProbability (#КИНТЕАТР$ -> #КИНОТЕАТР$) = -11.915546701030742
correctionProbability (#PLEYER$ -> #PLAYER$) = -10.550996328049319
correctionProbability (#СЕМЙКА$ -> #СЕМЕЙКА$) = -11.636980946817026
correctionProbability (#ЖЕТИСУ$ -> #ЖЕТЫСУ$) = -18.97685982634066
correctionProbability (#ИОЙ$ -> #МОЙ$) = -5.375685490808507
correctionProbability (#МАГНЕТИСТА$ -> #МАГНЕТИЗМА$) = -91.63085008341278
correctionProbability (#ДИОГРАММЫ$ -> #ДИАГРАММЫ$) = -19.339474101191726
correctionProbability (#ПЛАЕ$ -> #ПЛАН$) = -6.60096368838208
correctionProbability (#ЖИНИ$ -> #ЖИЗНИ$) = -7.543931791053446
correctionProbability (#РОСАКС$ -> #РОМАКС$) = -23.475584718724875
correctionProbability (#ЕСССО$ -> #ЕССО$) = -19.39768834588467
correctionProbability (#ОТСУСТВИЕ$ -> #ОТСУТСТВИЕ$) = -18.777443749913253
correctionProbability (#ЖЕНЬЩИНЕ$ -> #ЖЕНЩИНЕ$) = -10.952432068698549
correctionProbability (#ГОАОРЯТ$ -> #ГОВОРЯТ$) = -11.255561734371362
correctionProbability (#ПРОШИКА$ -> #ПРОШИВКА$) = -14.742075484614048
correctionProbability (#ТЕЮЯ$ -> #ТЕБЯ$) = -6.715584587061404
correctionProbability (#МАМРЙ$ -> #МАМОЙ$) = -11.074186621446803
correctionProbability (#ЛОДОНИ$ -> #ЛАДОНИ$) = -14.709375052162518
correctionProbability (#PHOUSE$ -> #HOUSE$) = -13.583397653529023
correctionProbability (#ИОИ$ -> #ИЛИ$) = -4.483127984826346
correctionProbability (#ФОРМИРОВПНИЕ$ -> #ФОРМИРОВАНИЕ$) = -18.555651745719793
correctionProbability (#УСУРИСКА$ -> #УССУРИЙСКА$) = -86.4684267963728
correctionProbability (#ЖЕНЬЩИНА$ -> #ЖЕНЩИНА$) = -11.607146845608199
correctionProbability (#RIPMYDREAM$ -> #TRIPMYDREAM$) = -21.90320955848989
correctionProbability (#ТЧТО$ -> #ЧТО$) = -3.8861225994444517
correctionProbability (#ГАЛЛЕРЕЯ$ -> #ГАЛЕРЕЯ$) = -15.737398645233462
correctionProbability (#НОВОЯСЕНОВСКОЙ$ -> #НОВОЯСЕНЕВСКОЙ$) = -32.95242022785301
correctionProbability (#ИОД$ -> #ЙОД$) = -14.015768266866889
correctionProbability (#МАСЛЕННОЙ$ -> #МАСЛЯНОЙ$) = -86.70964103360734
correctionProbability (#ЗКАЗКА$ -> #СКАЗКА$) = -8.31990495948224
correctionProbability (#ЖИНА$ -> #ЖЕНА$) = -7.12484550592383
correctionProbability (#ПРАВИЛЬНЛ$ -> #ПРАВИЛЬНО$) = -9.634482983990281
correctionProbability (#СПВТЬ$ -> #СПАТЬ$) = -12.294537831858197
correctionProbability (#РУССУЮ$ -> #РУССКУЮ$) = -13.685109804470635
correctionProbability (#САЛЕНА$ -> #СЕЛЕНА$) = -14.426231942518559
correctionProbability (#СУМВ$ -> #СУМЫ$) = -12.410523413570647
correctionProbability (#ПРОРГРАММА$ -> #ПРОГРАММА$) = -11.102070012873085
correctionProbability (#РЕЗБМЕ$ -> #РЕЗЮМЕ$) = -10.122015214600129
correctionProbability (#ПОДДЕРЖИ$ -> #ПОДДЕРЖКИ$) = -16.521994004423355
correctionProbability (#РАСШЕРЕНИЯ$ -> #РАСШИРЕНИЯ$) = -18.671918138141017
correctionProbability (#ПРАВИЛЬНР$ -> #ПРАВИЛЬНО$) = -9.63534508397543
correctionProbability (#МАШЫНАМИ$ -> #МАШИНАМИ$) = -17.185704919084046
correctionProbability (#ДЖУНКЬ$ -> #ДЖУНКО$) = -22.257071140975157
correctionProbability (#СПОРТМАСТ$ -> #СПОРТМАСТЕР$) = -80.97198665379901
correctionProbability (#КАРТБЕ$ -> #КАРИБЕ$) = -19.29270984352954
correctionProbability (#КОНДЕНЦИОНЕР$ -> #КОНДИЦИОНЕР$) = -82.70236522449898
correctionProbability (#ЖЕНЬЩИНУ$ -> #ЖЕНЩИНУ$) = -14.900546017158085
correctionProbability (#ЗАПЕТАЯ$ -> #ЗАПЯТАЯ$) = -16.42992219840741
correctionProbability (#ЧАРЛЗ$ -> #ЧАРЛЬЗ$) = -15.366159523341661
correctionProbability (#МАЙНКРАВТА$ -> #МАЙНКРАФТ$) = -75.187429056941
correctionProbability (#ГРАВІТІ$ -> #ГРАВИТИ$) = -76.31536015912114
correctionProbability (#ЗКАЗКИ$ -> #СКАЗКИ$) = -8.682256685873686
correctionProbability (#КАРИЫ$ -> #КАРТЫ$) = -5.976239949966008
correctionProbability (#UNIVERSITES$ -> #UNIVERSITIES$) = -26.525238280171322
correctionProbability (#РУСАВА$ -> #РУСОВА$) = -23.002976583238066
correctionProbability (#BALSHIE$ -> #BOLSHIE$) = -20.889886704786576
correctionProbability (#УКЕР$ -> #УКР$) = -11.971986274189344
correctionProbability (#ПЕРЕГОРДКЕ$ -> #ПЕРЕГОРОДКЕ$) = -25.876861602989976
correctionProbability (#РЕМБЛЕР$ -> #РАМБЛЕР$) = -7.987586597887422
correctionProbability (#СНАРУЖЕ$ -> #СНАРУЖИ$) = -15.169282463670996
correctionProbability (#ПУТЕШЕСТВЕНИК$ -> #ПУТЕШЕСТВЕННИК$) = -25.63564714054379
correctionProbability (#ПАКРОВКА$ -> #ПОКРОВКА$) = -19.23619700463
correctionProbability (#МАЗДОК$ -> #МОЗДОК$) = -17.5606579793202
correctionProbability (#ХАВАЛЬ$ -> #ХАВАЛ$) = -16.100330750198697
correctionProbability (#ЛАДЫЖИНСКАЯ$ -> #ЛАДЫЖЕНСКАЯ$) = -15.290292530330973
correctionProbability (#КАККОМ$ -> #КАКОМ$) = -11.192296087684138
correctionProbability (#САЛЕНТ$ -> #САЙЛЕНТ$) = -17.704739886399125
correctionProbability (#РАССЧЕТ$ -> #РАСЧЕТ$) = -11.922870549841665
correctionProbability (#ТАЛДЫКУРГАН$ -> #ТАЛДЫКОРГАН$) = -19.653662269333424
correctionProbability (#ШУТОШНЫЕ$ -> #ШУТОЧНЫЕ$) = -16.49969258665245
correctionProbability (#НЬЯМА$ -> #НИЯМА$) = -17.381391803460435
correctionProbability (#ДЕВЧЁНКАМИ$ -> #ДЕВЧОНКАМИ$) = -23.651936592576227
correctionProbability (#РОМАШЕА$ -> #РОМАШКА$) = -13.793921021911835
correctionProbability (#ПУЗИРЯ$ -> #ПУЗЫРЯ$) = -13.457430353256118
correctionProbability (#САМАЛИЙСКАЯ$ -> #СОМАЛИЙСКАЯ$) = -28.107861404595027
correctionProbability (#ОРЕРЫ$ -> #ОПЕРЫ$) = -12.243821497375198
correctionProbability (#ПРМОМ$ -> #ПРЯМОМ$) = -11.572345515866648
correctionProbability (#ЫИНА$ -> #ВИНА$) = -10.77191827035816
correctionProbability (#ДИВИЦЫ$ -> #ДЕВИЦЫ$) = -15.485454026158667
correctionProbability (#БЕКИНИ$ -> #БИКИНИ$) = -11.918600636206147
correctionProbability (#FOXFIRD$ -> #FOXFORD$) = -18.328938979266745
correctionProbability (#ПОСМАТРЕТ$ -> #ПОСМОТРЕТЬ$) = -76.88631414166842
correctionProbability (#КАНСПЕКТ$ -> #КОНСПЕКТ$) = -11.548034657658953
correctionProbability (#RUTRAKER$ -> #RUTRACKER$) = -18.83234501048095
correctionProbability (#СПИРАНСКОГО$ -> #СПЕРАНСКОГО$) = -24.76375167564754
correctionProbability (#HAKOPYAN$ -> #HAKOBYAN$) = -21.327746044990285
correctionProbability (#ФОЗИ$ -> #ФОЗЗИ$) = -21.990583111856626
correctionProbability (#АЕСТВЕ$ -> #КАЧЕСТВЕ$) = -72.10690157301485
correctionProbability (#ИПО$ -> #ПО$) = -2.196087266409922
correctionProbability (#ОБНОЖОНЫЕ$ -> #ОБНАЖЕННЫЕ$) = -148.1795667782196
correctionProbability (#ДЕНИК$ -> #ДЕНЕГ$) = -73.23172456715338
correctionProbability (#ВОЗРОЖДЕНИИ$ -> #ВОЗРОЖДЕНИЕ$) = -16.77880878554471
correctionProbability (#МАЛЕФИСЕНА$ -> #МАЛЕФИСЕНТА$) = -14.421442131216978
correctionProbability (#БЕКИНЕ$ -> #БИКИНИ$) = -76.64832166847083
correctionProbability (#EDENET$ -> #EDINET$) = -21.44492825757492
correctionProbability (#БЛАГОВЕЩИНСК$ -> #БЛАГОВЕЩЕНСК$) = -17.138853552527216
correctionProbability (#ВЕСТНПК$ -> #ВЕСТНИК$) = -14.394085563039816
correctionProbability (#МУУЗЫКА$ -> #МУЗЫКА$) = -8.01697446074122
correctionProbability (#ПРОРОЩЕНА$ -> #ПРОРОЩЕННАЯ$) = -92.35025164447799
correctionProbability (#ДОЛБЕШКА$ -> #ДОЛБЕЖКА$) = -24.38765583678748
correctionProbability (#РУССОЙ$ -> #РУССКОЙ$) = -11.529907566427994
correctionProbability (#СЕРИИИ$ -> #СЕРИИ$) = -5.277108983294841
correctionProbability (#АСТАГЕ$ -> #АСТАНЕ$) = -10.069214649483971
correctionProbability (#СМОТРЕЬТЬ$ -> #СМОТРЕТЬ$) = -4.857597083994213
correctionProbability (#ЫАМИЛИЯ$ -> #ФАМИЛИЯ$) = -13.347690366107543
correctionProbability (#СПОРТЭЙЖ$ -> #СПОРТЕЙДЖ$) = -81.08572428876015
correctionProbability (#БЕКАП$ -> #БЭКАП$) = -19.976037934931913
correctionProbability (#ПРЕБЫВАЕТ$ -> #ПРИБЫВАЕТ$) = -21.60703546789088
correctionProbability (#КОРБЮРАТОР$ -> #КАРБЮРАТОР$) = -16.85829977649302
correctionProbability (#МИЛАДЗЕ$ -> #МЕЛАДЗЕ$) = -14.235693813672604
correctionProbability (#ЧИТИТЬ$ -> #ЧИТАТЬ$) = -7.211914771317247
correctionProbability (#СМАТРЕЦЬ$ -> #СМОТРЕТЬ$) = -67.0832369526524
correctionProbability (#СЕКЮРЕТИ$ -> #СЕКЬЮРИТИ$) = -84.337449404153
correctionProbability (#КАТОЛИЗАТОРА$ -> #КАТАЛИЗАТОРА$) = -21.992638443766687
correctionProbability (#ГРЕКОТЕЛ$ -> #ГРЕКОТЕЛЬ$) = -27.365193396658547
correctionProbability (#ИПАТЕКА$ -> #ИПОТЕКА$) = -12.000470336706677
correctionProbability (#ВОНКОМАТ$ -> #ВОЕНКОМАТ$) = -17.38836151746561
correctionProbability (#КОНУНЪОИ$ -> #КОНУНХОИ$) = -27.905279414129303
correctionProbability (#CUTY$ -> #CITY$) = -7.589196886113477
correctionProbability (#ТЕЩМ$ -> #ТЕЩИ$) = -14.465701066094919
correctionProbability (#ХУДОЖЕСТВЕНОГО$ -> #ХУДОЖЕСТВЕННОГО$) = -26.189001868150484
correctionProbability (#ИОЮ$ -> #МОЮ$) = -9.025433710120002
correctionProbability (#ЛАГОПЕДА$ -> #ЛОГОПЕДА$) = -16.168212276729513
correctionProbability (#ЖИЗИ$ -> #ЖИЗНИ$) = -7.50423072900065
correctionProbability (#ИОЯ$ -> #МОЯ$) = -3.4671081922736846
correctionProbability (#ПНСНЮ$ -> #ПЕСНЮ$) = -5.672923610844897
correctionProbability (#ЧЕБОКСАРВ$ -> #ЧЕБОКСАРЫ$) = -12.811179608696555
correctionProbability (#БОРИТСЯ$ -> #БОРЕТСЯ$) = -20.83530252288641
correctionProbability (#МУУЗЫКУ$ -> #МУЗЫКУ$) = -9.436562641030324
correctionProbability (#КЛАМЕЗОЛ$ -> #КЛОМЕЗОЛ$) = -27.878370649205785
correctionProbability (#ДРАГОЦЕНИЙ$ -> #ДРАГОЦЕННЫЙ$) = -88.55737165541694
correctionProbability (#ПОВЕСТ$ -> #ПОВЕСТЬ$) = -15.488528175744605
correctionProbability (#PRIZROKI$ -> #PRIZRAKI$) = -34.068703608788965
correctionProbability (#ТАТАРБУНАРИ$ -> #ТАТАРБУНАРЫ$) = -26.577699655205905
correctionProbability (#БИОЛИГИИ$ -> #БИОЛОГИИ$) = -12.399967651965376
correctionProbability (#КАККИХ$ -> #КАКИХ$) = -11.788078360522935
correctionProbability (#КАМЫШЕВАТЦКАЯ$ -> #КАМЫШЕВАТСКАЯ$) = -30.89135841394485
correctionProbability (#ЛЕОНАДО$ -> #ЛЕОНАРДО$) = -12.919536372976786
correctionProbability (#МАВАША$ -> #МАВАШИ$) = -18.389123644453523
correctionProbability (#АЗЛОМ$ -> #ВЗЛОМ$) = -9.017245955964238
correctionProbability (#ОБЩЕЖИЬИЯ$ -> #ОБЩЕЖИТИЯ$) = -19.290229277160023
correctionProbability (#ФОНТОМ$ -> #ФАНТОМ$) = -14.77262851293563
correctionProbability (#ZLAUNCHER$ -> #TLAUNCHER$) = -17.457067725495904
correctionProbability (#ВІСІЛЯ$ -> #ВЕСІЛЛЯ$) = -82.03525043175871
correctionProbability (#ВАШУЛЕНКА$ -> #ВАШУЛЕНКО$) = -20.424999676910886
correctionProbability (#МАЛЕФИСЕНТ$ -> #МАЛЕФИСЕНТА$) = -14.478420226124477
correctionProbability (#АУРООЛЕ$ -> #АУРЕОЛЕ$) = -26.157224330470612
correctionProbability (#ТОПОЛИННЫЙ$ -> #ТОПОЛИНЫЙ$) = -23.561884941802013
correctionProbability (#ЛАМІНАТОР$ -> #ЛАМИНАТОР$) = -21.31552437786663
correctionProbability (#ВОЛКУШАХ$ -> #ВОЛОКУШАХ$) = -35.392145286695516
correctionProbability (#ПРОИЗВОСТВА$ -> #ПРОИЗВОДСТВА$) = -17.088247442235193
correctionProbability (#ХАГІС$ -> #ХАГГИС$) = -84.57846983633478
correctionProbability (#ГАФРЕ$ -> #ГОФРЕ$) = -16.319559975733352
correctionProbability (#ПЕРЕДНЯ$ -> #ПЕРЕДНЯЯ$) = -16.648645032017555
correctionProbability (#РЕРВОМАЙСКЕ$ -> #ПЕРВОМАЙСКЕ$) = -23.307644686549096
correctionProbability (#РАСКЕЛАД$ -> #РАСКЛАД$) = -18.196892774973968
correctionProbability (#АУСБУРГ$ -> #АУГСБУРГ$) = -22.910779039480516
correctionProbability (#ОТККДА$ -> #ОТКУДА$) = -12.253477754833707
correctionProbability (#АБРАЗЕЦ$ -> #ОБРАЗЕЦ$) = -7.94348569408767
correctionProbability (#ПОЗДРАВЛНИЕ$ -> #ПОЗДРАВЛЕНИЕ$) = -14.270304706972219
correctionProbability (#КАККИЕ$ -> #КАКИЕ$) = -8.307034562217233
correctionProbability (#ОБЯЩАННОСТИ$ -> #ОБЯЗАННОСТИ$) = -15.685561021434978
correctionProbability (#САУДАЛ$ -> #СОУДАЛ$) = -23.25997142960547
correctionProbability (#ХЭМИЛЬТОН$ -> #ХЭМИЛТОН$) = -20.675557037579374
correctionProbability (#ШЛЕПАНЦИ$ -> #ШЛЕПАНЦЫ$) = -21.155199071385802
correctionProbability (#ОБЬЕМНУЮ$ -> #ОБЪЕМНУЮ$) = -19.23429786660771
correctionProbability (#ВВАРФЕЙС$ -> #ВАРФЕЙС$) = -12.933313301420569
correctionProbability (#КОМПАЗИТОРОВ$ -> #КОМПОЗИТОРОВ$) = -22.344576209232123
correctionProbability (#ГЕОМЕРТИИ$ -> #ГЕОМЕТРИИ$) = -80.9024411170556
correctionProbability (#ЛОРДСФИЛМС$ -> #ЛОРДФИЛМС$) = -29.058921812650276
correctionProbability (#DATTING$ -> #DATING$) = -15.43961403628457
correctionProbability (#ТЕШУ$ -> #ТЕЩУ$) = -14.7218319621626
correctionProbability (#ВЕРАНИКА$ -> #ВЕРОНИКА$) = -14.214102881998691
correctionProbability (#STIPCHAT$ -> #STRIPCHAT$) = -24.179539044411044
correctionProbability (#ГИПСАКАРТОН$ -> #ГИПСОКАРТОН$) = -19.333427202617656
correctionProbability (#ФОИО$ -> #ФОТО$) = -0.5865997587335094
correctionProbability (#УЛТЯНОВСК$ -> #УЛЬЯНОВСК$) = -12.16079870781602
correctionProbability (#КВРТИРУ$ -> #КВАРТИРУ$) = -9.351115457811922
correctionProbability (#ГПУЗОПЕРЕВОЗКИ$ -> #ГРУЗОПЕРЕВОЗКИ$) = -18.801071584482983
correctionProbability (#ПЕРЕУСТОНОВИТЬ$ -> #ПЕРЕУСТАНОВИТЬ$) = -22.97656320121962
correctionProbability (#МАГРЕГОР$ -> #МАКГРЕГОР$) = -17.101394210074865
correctionProbability (#ТЯЖКИ$ -> #ТЯЖКИЕ$) = -13.167617120515462
correctionProbability (#ТИТРАДЬ$ -> #ТЕТРАДЬ$) = -9.215753969985258
correctionProbability (#BEXAYO$ -> #BEHAYO$) = -21.605788991968854
correctionProbability (#КВРТИРЫ$ -> #КВАРТИРЫ$) = -9.690056268648739
correctionProbability (#САМЫНЕ$ -> #САМЫЕ$) = -8.73042456507267
correctionProbability (#АВТОВОКЩАЛА$ -> #АВТОВОКЗАЛА$) = -19.04677618686698
correctionProbability (#ВИНДИГО$ -> #ВЕНДИГО$) = -21.218877288882027
correctionProbability (#ПОРНОГУБ$ -> #ПОРНОХУБ$) = -19.068928873598708
correctionProbability (#НАРИСОАТЬ$ -> #НАРИСОВАТЬ$) = -11.034162455853973
correctionProbability (#ИНСТАНГРАММ$ -> #ИНСТАГРАМ$) = -78.26794030837466
correctionProbability (#ГУМКА$ -> #ГУАМКА$) = -19.44609598847168
correctionProbability (#КАККИМ$ -> #КАКИМ$) = -12.751656412218257
correctionProbability (#ТАРТОЛЕТКИ$ -> #ТАРТАЛЕТКИ$) = -19.521291087868285
correctionProbability (#АУТЛЕНДОР$ -> #АУТЛЕНДЕР$) = -16.2267202787191
correctionProbability (#LOTERY$ -> #LOTTERY$) = -18.825721512805906
correctionProbability (#МУЗЫКАА$ -> #МУЗЫКА$) = -7.9770711617380385
correctionProbability (#ЛИТАУЛЬ$ -> #ЛЕТУАЛЬ$) = -144.4790252930801
correctionProbability (#ФУТБРЛЬНАЯ$ -> #ФУТБОЛЬНАЯ$) = -18.368141241551285
correctionProbability (#КАЛОНЫ$ -> #КОЛОННЫ$) = -81.44203820900036
correctionProbability (#ПОДАР$ -> #ПОЖАР$) = -11.11356124377173
correctionProbability (#DOCHKISNIOCHKI$ -> #DOCHKISINOCHKI$) = -96.85503046355376
correctionProbability (#ВАРИАНТОВИЙ$ -> #ВАРИАНТОВ$) = -86.3024495781169
correctionProbability (#БОЮДО$ -> #БЛЮДО$) = -11.999402215808932
correctionProbability (#ЗНАКОМСЬА$ -> #ЗНАКОМСТВА$) = -76.13292911358475
correctionProbability (#БАЛОЯЖ$ -> #БАЛАЯЖ$) = -16.262794746310025
correctionProbability (#МАМОЦ$ -> #МАМОЙ$) = -11.024920356806657
correctionProbability (#ДЕЙСТИЕ$ -> #ДЕЙСТВИЕ$) = -14.85861934786896
correctionProbability (#ПРИВІТАНЯ$ -> #ПРИВІТАННЯ$) = -17.649190320872393
correctionProbability (#ТАМОГРАФИЮ$ -> #ТОМОГРАФИЮ$) = -25.643970005363684
correctionProbability (#СУЕР$ -> #СУПЕР$) = -7.670958916745608
correctionProbability (#УНИГИ$ -> #КНИГИ$) = -6.966423706477677
correctionProbability (#ТЕША$ -> #ТЕЩА$) = -13.563452502859615
correctionProbability (#СУБСИДІІ$ -> #СУБСИДІЇ$) = -22.42342035985017
correctionProbability (#AXMEDOVANI$ -> #AHMEDOVA$) = -158.73224381610757
correctionProbability (#ИПАТЕКУ$ -> #ИПОТЕКУ$) = -13.820491201528455
correctionProbability (#МУЗЫКАК$ -> #МУЗЫКА$) = -7.987864494876632
correctionProbability (#МАМОТ$ -> #МОМОТ$) = -22.17662764388737
correctionProbability (#АКТИВАЦЫИ$ -> #АКТИВАЦИИ$) = -15.05471120990942
correctionProbability (#НАВАНИЯ$ -> #НАЗВАНИЯ$) = -12.787241308385894
correctionProbability (#ПОДГОРОДНИЕ$ -> #ПОДГОРОДНЕЕ$) = -36.671698160575104
correctionProbability (#АТЬЯНА$ -> #ТАТЬЯНА$) = -10.381795172503864
correctionProbability (#PACHT$ -> #PATCH$) = -81.64304934921212
correctionProbability (#ПРАВИЛЬО$ -> #ПРАВИЛЬНО$) = -10.145483914337838
correctionProbability (#NABEGBA$ -> #NADEGDA$) = -97.85317912298714
correctionProbability (#БЕРЕАЕННОСТЬ$ -> #БЕРЕМЕННОСТЬ$) = -16.372684906262364
correctionProbability (#ПРАВИЛЬН$ -> #ПРАВИЛЬНО$) = -10.19270840648418
correctionProbability (#УНИГУ$ -> #КНИГУ$) = -9.51826318805644
correctionProbability (#ПРЕДПИИЯТИИ$ -> #ПРЕДПРИЯТИИ$) = -18.76444101340448
correctionProbability (#ДЕВВУШКИ$ -> #ДЕВУШКИ$) = -10.292478775436173
correctionProbability (#ГАГАРИНО$ -> #ГАГАРИНА$) = -12.970465641925195
correctionProbability (#ВЕРТИКАЛЕ$ -> #ВЕРТИКАЛИ$) = -20.311878372698857
correctionProbability (#АСТРОПРОЕКТ$ -> #СТРОЙПРОЕКТ$) = -95.1311806052638
correctionProbability (#ЯГОДЯ$ -> #ЯГОДЫ$) = -12.22067982707551
correctionProbability (#СВАРАЧНЫЙ$ -> #СВАРОЧНЫЙ$) = -14.696479057245064
correctionProbability (#УДЛИНЕНАЯ$ -> #УДЛИНЕННАЯ$) = -22.5751848398385
correctionProbability (#РЕШЕА$ -> #РЕШКА$) = -11.25504700448555
correctionProbability (#СЧМОТРЕТЬ$ -> #СМОТРЕТЬ$) = -4.916781531609301
correctionProbability (#ПРИЗРОЧНИ$ -> #ПРИЗРАЧНЫЙ$) = -146.98921246348172
correctionProbability (#МУЗЫКАМ$ -> #МУЗЫКА$) = -8.002087356087106
correctionProbability (#ПОГЛЯДЫВАНИЕ$ -> #ПОДГЛЯДЫВАНИЕ$) = -21.99979646614638
correctionProbability (#АРОМАТЕРАПИЯЯ$ -> #АРОМАТЕРАПИЯ$) = -28.936641886908824
correctionProbability (#ВЕРИСИЯ$ -> #ВЕРСИЯ$) = -10.972783072683118
correctionProbability (#КАБЬЯНКА$ -> #БЬЯНКА$) = -83.13289912627634
correctionProbability (#ВАЛГОГРАД$ -> #ВОЛГОГРАД$) = -11.450897243672237
correctionProbability (#КИТАЙСКА$ -> #КИТАЙСКАЯ$) = -15.202860113120025
correctionProbability (#EPIZOD$ -> #EPISODE$) = -72.49716823402389
correctionProbability (#ДИФУЗНЫЕ$ -> #ДИФФУЗНЫЕ$) = -21.437680481634906
correctionProbability (#ДИВУШКА$ -> #ДЕВУШКА$) = -8.547151134685649
correctionProbability (#ПОДОБИ$ -> #ПОДОБИИ$) = -20.04924763939436
correctionProbability (#НАОБАРОТ$ -> #НАОБОРОТ$) = -16.92476059408201
correctionProbability (#ПАРОНИМИ$ -> #ПАРОНИМЫ$) = -19.452221771221893
correctionProbability (#ГАРШОЧИК$ -> #ГОРШОЧЕК$) = -85.56663247276609
correctionProbability (#ОТКРЫТК$ -> #ОТКРЫТКИ$) = -9.573339241130576
correctionProbability (#КАРЕЯ$ -> #КОРЕЯ$) = -11.655970448744046
correctionProbability (#АГЛОНЕМА$ -> #АГЛАОНЕМА$) = -22.01820820464289
correctionProbability (#ZOKAKLAR$ -> #SOKAKLAR$) = -21.051362798444792
correctionProbability (#УКВЫ$ -> #БУКВЫ$) = -8.529707181072858
correctionProbability (#КАМИССИЯ$ -> #КОМИССИЯ$) = -15.339062016014275
correctionProbability (#YANDEXS$ -> #YANDEX$) = -12.143368430556468
correctionProbability (#ОТКРЫТИ$ -> #ОТКРЫТИЕ$) = -11.911338713243524
correctionProbability (#УПАКОВЩИЦ$ -> #УПАКОВЩИЦА$) = -20.347523470940594
correctionProbability (#ОТКРЫТЙ$ -> #ОТКРЫТЫЙ$) = -14.362662076241207
correctionProbability (#ДЭВСТВЕННИЦЫ$ -> #ДЕВСТВЕННИЦЫ$) = -22.016128361853085
correctionProbability (#СКАРИНА$ -> #СКОРИНА$) = -22.00978037890549
correctionProbability (#ХАЧЮ$ -> #ХОЧУ$) = -72.67679777320716
correctionProbability (#БРЕЖНЕГО$ -> #БРЕЖНЕВА$) = -78.88977023995602
correctionProbability (#ДЗІДЗЯ$ -> #ДЗІДЗЬО$) = -83.71016853623284
correctionProbability (#РИВКІНД$ -> #РІВКІНД$) = -21.51453310214025
correctionProbability (#ФРУМАВИА$ -> #ФОРУМАВИА$) = -20.906862984128672
correctionProbability (#СЫНОЧКККИ$ -> #СЫНОЧКИ$) = -84.21034763021147
correctionProbability (#ПЕРВГО$ -> #ПЕРВОГО$) = -12.435357220887937
correctionProbability (#РАБОТВЮЩМЕ$ -> #РАБОТАЮЩИЕ$) = -84.70145742825802
correctionProbability (#ЮННЫХ$ -> #ЮНЫХ$) = -15.118059864347611
correctionProbability (#ВІНИЦЯ$ -> #ВІННИЦЯ$) = -16.215475438595973
correctionProbability (#ССОНИК$ -> #СОННИК$) = -77.22237791063777
correctionProbability (#CREDITSME$ -> #CREDITE$) = -92.32431410181034
correctionProbability (#TEAMVIWER$ -> #TEAMVIEWER$) = -18.72816075858244
correctionProbability (#ДЕБЕТОРСКОЙ$ -> #ДЕБИТОРСКОЙ$) = -21.625412397743872
correctionProbability (#ИСЕ$ -> #ВСЕ$) = -1.1493529964270088
correctionProbability (#КОННОРА$ -> #КОНОРА$) = -19.032909182075887
correctionProbability (#ОПТЕКА$ -> #АПТЕКА$) = -7.959854576999167
correctionProbability (#ДИФУЗНЫЙ$ -> #ДИФФУЗНЫЙ$) = -22.680733247729783
correctionProbability (#АКТИВАЦЫЯ$ -> #АКТИВАЦИЯ$) = -16.21496399050914
correctionProbability (#ОРЕНЖ$ -> #ОРАНЖ$) = -15.294136514363469
correctionProbability (#КАЛОСА$ -> #КОЛЕСА$) = -73.64481289469235
correctionProbability (#АДРСА$ -> #АДРЕСА$) = -10.220712353395928
correctionProbability (#EUROPEN$ -> #EUROPEAN$) = -19.55563522419132
correctionProbability (#ОСМОЛОВ$ -> #АСМОЛОВ$) = -18.02591685937952
correctionProbability (#ВЕЛИКОВА$ -> #ВЕЛИКОГО$) = -79.98553111628306
correctionProbability (#ЫИЛМ$ -> #ФИЛМ$) = -13.013571116416689
correctionProbability (#НЕСУЧКА$ -> #НЕСУШКА$) = -21.43742208874926
correctionProbability (#СБОКА$ -> #СБОРКА$) = -12.33356612938221
correctionProbability (#ОПТЕКЕ$ -> #АПТЕКЕ$) = -11.989731135703995
correctionProbability (#ЕЛИЗОВЕТА$ -> #ЕЛИЗАВЕТА$) = -15.183832424187443
correctionProbability (#ГРОДНЛ$ -> #ГРОДНО$) = -10.423993356560093
correctionProbability (#УЗНАТБ$ -> #УЗНАТЬ$) = -8.64596140041689
correctionProbability (#КАРЕР$ -> #КАРЬЕР$) = -16.552927133220113
correctionProbability (#ОДНАКЛАСИК$ -> #ОДНОКЛАССНИКИ$) = -207.07078085161777
correctionProbability (#СЕРИЛА$ -> #СЕРИАЛА$) = -12.71269959570293
correctionProbability (#ВИЛЬМ$ -> #ФИЛЬМ$) = -1.1446027610439025
correctionProbability (#АВТОМОЛИНОВКА$ -> #АВТОМАЛИНОВКА$) = -18.141361943140538
correctionProbability (#ИНТЕРЬЮ$ -> #ИНТЕРВЬЮ$) = -14.43475363358197
correctionProbability (#ФОЕШ$ -> #ФЛЕШ$) = -8.898283415454912
correctionProbability (#КАНЕКТ$ -> #КОННЕКТ$) = -80.19692547594985
correctionProbability (#MERKURY$ -> #MERCURY$) = -17.85971672045892
correctionProbability (#МНАСТЫР$ -> #МОНАСТЫРЬ$) = -80.65174375846571
correctionProbability (#МАМЛО$ -> #МАСЛО$) = -7.718619704632804
correctionProbability (#ВЗРОСЛВХ$ -> #ВЗРОСЛЫХ$) = -9.678898120260449
correctionProbability (#ПРОТТКОЛА$ -> #ПРОТОКОЛА$) = -17.746958348975475
correctionProbability (#БАШИЕ$ -> #БОЛЬШИЕ$) = -140.41158237568186
correctionProbability (#УПРАВЛЯЮЩЯЯ$ -> #УПРАВЛЯЮЩАЯ$) = -19.249558772201503
correctionProbability (#ТВЕРЖДАЮ$ -> #УТВЕРЖДАЮ$) = -24.795060730804508
correctionProbability (#НАПЕШИТЕ$ -> #НАПИШИТЕ$) = -15.848998789151963
correctionProbability (#BQLE$ -> #BIQLE$) = -16.693038052150317
correctionProbability (#ЗАНДИБАР$ -> #ЗАНЗИБАР$) = -18.813645321836496
correctionProbability (#МОЛЧНИЦЫ$ -> #МОЛОЧНИЦЫ$) = -18.952741154805317
correctionProbability (#ОБРАЗНЦ$ -> #ОБРАЗЕЦ$) = -8.025758938120077
correctionProbability (#ОТЕННКОВ$ -> #ОТТЕНКОВ$) = -80.67240424269669
correctionProbability (#ОРЕНТ$ -> #ТОРРЕНТ$) = -73.41446215054445
correctionProbability (#КОТЛЕТИ$ -> #КОТЛЕТЫ$) = -12.178910890758686
correctionProbability (#ДЗІДЗО$ -> #ДЗІДЗЬО$) = -18.908752585623986
correctionProbability (#БРАЗРС$ -> #БРАЗЕРС$) = -13.609123851434873
correctionProbability (#ОДЗЫВ$ -> #ОТЗЫВ$) = -10.930651695014365
correctionProbability (#СУИН$ -> #СКИН$) = -9.952298398093308
correctionProbability (#ОТКРЫТТ$ -> #ОТКРЫТЬ$) = -10.11251219562429
correctionProbability (#ИРУ$ -> #ИГРУ$) = -7.239817144314802
correctionProbability (#603Ч$ -> #603$) = -18.179052709486452
correctionProbability (#СКАЛАД$ -> #СКЛАД$) = -13.428188120343496
correctionProbability (#ФІШЕР$ -> #ФИШЕР$) = -14.407959366504837
correctionProbability (#SABLAZNILA$ -> #SOBLAZNILA$) = -29.369571902047916
correctionProbability (#ГРОДНА$ -> #ГРОДНО$) = -10.328914956350733
correctionProbability (#КОЗЬМИНА$ -> #КУЗЬМИНА$) = -17.31529459459052
correctionProbability (#ГУДЫЛИН$ -> #ГУДИЛИН$) = -32.98041951713552
correctionProbability (#ЦЫКОРИЙ$ -> #ЦИКОРИЙ$) = -17.544804899506985
correctionProbability (#АЛЛАЛИЯ$ -> #АЛАЛИЯ$) = -22.056550858987038
correctionProbability (#ГЕЛМЕТРИИ$ -> #ГЕОМЕТРИИ$) = -13.128666195456923
correctionProbability (#ДВИГТЕЛЬ$ -> #ДВИГАТЕЛЬ$) = -12.957633678331597
correctionProbability (#АУДИСКАЗКА$ -> #АУДИОСКАЗКА$) = -19.757388340198077
correctionProbability (#RECING$ -> #RACING$) = -14.564942720062891
correctionProbability (#ВЕСКОНТИ$ -> #ВИСКОНТИ$) = -21.77099974094
correctionProbability (#РЕМОНТНТНЫЙ$ -> #РЕМОНТАНТНЫЙ$) = -31.588687582877974
correctionProbability (#ПРОЗВЕЕТ$ -> #ПРОЗВЕНИТ$) = -100.12932995619646
correctionProbability (#КОНТАКЫ$ -> #КОНТАКТЫ$) = -12.770354610272513
correctionProbability (#МЫЛЬНИКОВЕ$ -> #МЕЛЬНИКОВА$) = -84.15957533497924
correctionProbability (#РОСТВО$ -> #РОСТОВ$) = -76.12989511986642
correctionProbability (#ПРОСБА$ -> #ПРОСЬБА$) = -16.813316304303278
correctionProbability (#БАНЕРНАЯ$ -> #БАННЕРНАЯ$) = -22.4921116676963
correctionProbability (#СОМОЛЁТ$ -> #САМОЛЁТ$) = -14.503387301644146
correctionProbability (#КАРЕЕ$ -> #КОРЕЕ$) = -14.228559014152918
correctionProbability (#ХОЛМИЧ$ -> #ХОЛМЕЧ$) = -26.194022347899235
correctionProbability (#БІЗНEС$ -> #БІЗНЕС$) = -19.701418895612182
correctionProbability (#ПРОИЗХОЖДЕНИЯ$ -> #ПРОИСХОЖДЕНИЯ$) = -21.136698075269877
correctionProbability (#СИДАНИЙ$ -> #СВИДАНИЙ$) = -18.257087494816687
correctionProbability (#ЕВЛЕЕВОЙ$ -> #ИВЛЕЕВОЙ$) = -18.756858524827386
correctionProbability (#УКРНEТ$ -> #УКРНЕТ$) = -9.869207132521371
correctionProbability (#САКЕС$ -> #САКИС$) = -15.55518689243279
correctionProbability (#КЗОР$ -> #УЗОР$) = -10.194730278841508
correctionProbability (#МИТТЕР$ -> #МИСТЕР$) = -9.058584682068695
correctionProbability (#ДЕНЕМ$ -> #ДНЕМ$) = -6.692952061938673
correctionProbability (#ОРЕНА$ -> #АРЕНА$) = -10.8661575120862
correctionProbability (#JNLINE$ -> #ONLINE$) = -8.21034796821505
correctionProbability (#КАРАКЕ$ -> #КАРАОКЕ$) = -10.110762743081246
correctionProbability (#КАРЕИ$ -> #КОРЕИ$) = -13.96563031812278
correctionProbability (#ИТЗ$ -> #ИЗ$) = -2.7520343362159423
correctionProbability (#ТОЕНТ$ -> #ТОРРЕНТ$) = -73.44414315178656
correctionProbability (#ИНТЕРЬЕ$ -> #ИНТЕРЬЕР$) = -13.003863815169332
correctionProbability (#ИТИ$ -> #ИДТИ$) = -13.105331828153698
correctionProbability (#ЛЕГЕНДП$ -> #ЛЕГЕНДА$) = -11.058987232849546
correctionProbability (#СМАТЕТЬ$ -> #СМОТРЕТЬ$) = -67.64588384141629
correctionProbability (#КОНПЕКТ$ -> #КОНСПЕКТ$) = -12.150013145666641
correctionProbability (#ГКРМАНИИ$ -> #ГЕРМАНИИ$) = -12.198942304200337
correctionProbability (#КАИАЛОГ$ -> #КАТАЛОГ$) = -6.480660218656681
correctionProbability (#ПЕРВВЙ$ -> #ПЕРВЫЙ$) = -7.7671430252473925
correctionProbability (#НАЧЕЛИ$ -> #НАЧАЛИ$) = -15.372827887530047
correctionProbability (#ПОДПИЩЕКОВ$ -> #ПОДПИСЧИКОВ$) = -148.8785468336029
correctionProbability (#YOOUTUBE$ -> #YOUTUBE$) = -8.941382867133683
correctionProbability (#ОДНАКЛАССНИКАХ$ -> #ОДНОКЛАССНИКАХ$) = -18.322155832526363
correctionProbability (#ТАИОТА$ -> #ТОЙОТА$) = -73.56975397110546
correctionProbability (#СОССЕРС$ -> #СОЛЛЕРС$) = -86.3849756674861
correctionProbability (#ИХТРЕЙЛ$ -> #ИКСТРЕЙЛ$) = -83.84049462202213
correctionProbability (#КЕУРС$ -> #КУРС$) = -7.639508769923527
correctionProbability (#СИСЯСТИХ$ -> #СИСЯСТЫХ$) = -20.132303765763325
correctionProbability (#ЦЕАН$ -> #ЦИАН$) = -7.932756825929122
correctionProbability (#КОЗАЧОК$ -> #КАЗАЧОК$) = -20.948507873528754
correctionProbability (#КАЗАШСКИЙ$ -> #КАЗАХСКИЙ$) = -13.135638522320413
correctionProbability (#ИСЯ$ -> #ИМЯ$) = -7.585761947799217
correctionProbability (#ДЖЕНИРАЛЬ$ -> #ДЖЕНЕРАЛ$) = -88.64279121828424
correctionProbability (#ПЕРВВЕ$ -> #ПЕРВЫЕ$) = -10.924797049288646
correctionProbability (#СЛУУШАТЬ$ -> #СЛУШАТЬ$) = -7.6624337610768976
correctionProbability (#УКНЕТ$ -> #УКРНЕТ$) = -10.417842565928506
correctionProbability (#ДИСЕРТЫ$ -> #ДЕСЕРТЫ$) = -16.670416531196167
correctionProbability (#НОВОВСТРОКИ$ -> #НОВОСТРОЙКИ$) = -83.56310115118151
correctionProbability (#ПКЕИНЕС$ -> #ПЕКИНЕС$) = -86.89619449292964
correctionProbability (#ВИДИВО$ -> #ВИДЕО$) = -68.96334697598937
correctionProbability (#ЗАРАЗИТСЯ$ -> #ЗАРАЗИТЬСЯ$) = -21.23599353972056
correctionProbability (#ПИДРУЧНИК$ -> #ПІДРУЧНИК$) = -19.192349662239273
correctionProbability (#УРНИНГИ$ -> #ТРЕНИНГИ$) = -82.30876752471654
correctionProbability (#ПОЛИКДИНИКА$ -> #ПОЛИКЛИНИКА$) = -13.455622457513101
correctionProbability (#ОТНАКЛАСНИК$ -> #ОДНОКЛАССНИКИ$) = -206.5297798084157
correctionProbability (#КАЛГОТКИ$ -> #КОЛГОТКИ$) = -14.023644182429699
correctionProbability (#АРТЬОМ$ -> #АРТЕМ$) = -78.40565157852986
correctionProbability (#ОТКЧЕНИИ$ -> #ОТКЛЮЧЕНИИ$) = -89.25215259597846
correctionProbability (#КАЛОРИ$ -> #КАЛОРИЙ$) = -15.44138181917738
correctionProbability (#ТЕЩЯ$ -> #ТЕЩА$) = -13.627545047100174
correctionProbability (#СОЧИНЕНРЕ$ -> #СОЧИНЕНИЕ$) = -12.296789698670075
correctionProbability (#JANAT$ -> #JANNAT$) = -23.53488570026444
correctionProbability (#ВАПРОС$ -> #ВОПРОС$) = -11.365211141163531
correctionProbability (#ТЕЩЮ$ -> #ТЕЩУ$) = -14.743549620490636
correctionProbability (#СЕРЕБРЕННОГО$ -> #СЕРЕБРЯНОГО$) = -89.21465433770514
correctionProbability (#ЛЕСБИЯНСКИЙ$ -> #ЛЕСБИЙСКИЙ$) = -89.50062929548679
correctionProbability (#СЕГОДНЕШНЯЯ$ -> #СЕГОДНЯШНЯЯ$) = -24.62218351759703
correctionProbability (#СРОЧНА$ -> #СРОЧНО$) = -11.550995302942479
correctionProbability (#БЕКСТЕЙДЖ$ -> #БЭКСТЕЙДЖ$) = -25.27019441775616
correctionProbability (#КАЛЕЕНДАРЬ$ -> #КАЛЕНДАРЬ$) = -12.074115886269432
correctionProbability (#ИСМЕНА$ -> #ИЗМЕНА$) = -11.975097261955096
correctionProbability (#КОРПОРАТИВНИЙ$ -> #КОРПОРАТИВНЫЙ$) = -21.41553269761168
correctionProbability (#МЛОДЫЕ$ -> #МОЛОДЫЕ$) = -12.692922216750006
correctionProbability (#ПАПСА$ -> #ПОПСА$) = -17.190205825303426
correctionProbability (#НОЧЬНЫЕ$ -> #НОЧНЫЕ$) = -15.450527781465393
correctionProbability (#TENN$ -> #TEEN$) = -9.383392856367326
correctionProbability (#АВОБУСЕ$ -> #АВТОБУСЕ$) = -14.899666149396836
correctionProbability (#ДЕТЕТРАЛЕКС$ -> #ДЕТРАЛЕКС$) = -87.56115074170218
correctionProbability (#ВЕРСИ$ -> #ВЕРСИЯ$) = -9.059006312214674
correctionProbability (#ПРОЗДНИК$ -> #ПРАЗДНИК$) = -10.843675540227295
correctionProbability (#КОЛИЧЕСТАО$ -> #КОЛИЧЕСТВО$) = -14.61957210891729
correctionProbability (#ПОДЕЛЕИ$ -> #ПОДЕЛКИ$) = -8.002847240685213
correctionProbability (#PERISKOPE$ -> #PERISCOPE$) = -19.279290143624337
correctionProbability (#ИРРА$ -> #ИГРА$) = -4.082789230787956
correctionProbability (#ТЕНАНТ$ -> #ТЕННАНТ$) = -21.782065389414328
correctionProbability (#МАРСКАЯ$ -> #МОРСКАЯ$) = -13.28823735344281
correctionProbability (#КІЇВ$ -> #КИЇВ$) = -12.052274742536714
correctionProbability (#TENS$ -> #TEENS$) = -14.520224612997023
correctionProbability (#ВЕНЕСУЭЛЛА$ -> #ВЕНЕСУЭЛА$) = -22.873054558788716
correctionProbability (#ИНДОПАМИД$ -> #ИНДАПАМИД$) = -18.50762355968964
correctionProbability (#АКДИОКНИГИ$ -> #АУДИОКНИГИ$) = -15.341378391972185
correctionProbability (#КЕМЕРОВР$ -> #КЕМЕРОВО$) = -10.581388274105585
correctionProbability (#АТЕРМОС$ -> #АТЕРНОС$) = -16.292155048623798
correctionProbability (#ДННВНИК$ -> #ДНЕВНИК$) = -7.049922578501658
correctionProbability (#ВАЛОКАРДИН$ -> #ВАЛОКОРДИН$) = -22.65417527209044
correctionProbability (#СТРИЛЕЦ$ -> #СТРЕЛЕЦ$) = -14.09053319682576
correctionProbability (#РОЗЛУЧНИЦА$ -> #РАЗЛУЧНИЦА$) = -22.402872546743446
correctionProbability (#ОРЕЛЬ$ -> #ОТЕЛЬ$) = -7.012833364699471
correctionProbability (#ГЛАЗКАХ$ -> #ГЛАЗАХ$) = -15.90634883596017
correctionProbability (#СРОЧНИ$ -> #СРОЧНО$) = -11.653389182901588
correctionProbability (#STREAT$ -> #STREET$) = -13.484743724071674
correctionProbability (#АЭРАФЛОТ$ -> #АЭРОФЛОТ$) = -11.94331450838245
correctionProbability (#РАЩВИТИЕ$ -> #РАЗВИТИЕ$) = -11.933856171780484
correctionProbability (#EXELE$ -> #EXCEL$) = -79.5050545112462
correctionProbability (#ДИФТЕРІІ$ -> #ДИФТЕРІЇ$) = -23.383530614556534
correctionProbability (#ДЕТСКИК$ -> #ДЕТСКИЕ$) = -7.6596043606634225
correctionProbability (#АРШАЛА$ -> #МАРШАЛА$) = -16.481855764554645
correctionProbability (#СОКККР$ -> #СОККЕР$) = -13.212005741590144
correctionProbability (#АНГЛИССКИ$ -> #АНГЛИЙСКИ$) = -14.201529810879833
correctionProbability (#ДЕТСКИИ$ -> #ДЕТСКИЙ$) = -7.79660487191002
correctionProbability (#YUTIBI$ -> #YOUTUBE$) = -136.4758527648047
correctionProbability (#CЦЕНАРИЙ$ -> #СЦЕНАРИЙ$) = -12.082550113867356
correctionProbability (#КОЗАЧЬИ$ -> #КАЗАЧЬИ$) = -16.81532724757558
correctionProbability (#РУССКЯ$ -> #РУССКАЯ$) = -9.113341294699715
correctionProbability (#ИНТЕРНТ$ -> #ИНТЕРНЕТ$) = -6.544465549018632
correctionProbability (#ВЗРОСЛЫX$ -> #ВЗРОСЛЫХ$) = -9.679046618059779
correctionProbability (#YUTIBE$ -> #YOUTUBE$) = -71.72951502598225
correctionProbability (#РАСПОЗНОВАНИЯ$ -> #РАСПОЗНАВАНИЯ$) = -25.48424285921582
correctionProbability (#ВАКУМАТОР$ -> #ВАКУУМАТОР$) = -25.36797672220198
correctionProbability (#МАЙКРЕДІТ$ -> #МАЙКРЕДИТ$) = -23.034992594563988
correctionProbability (#EXELL$ -> #EXCEL$) = -79.50199125260946
correctionProbability (#PEREVOT$ -> #PEREVOD$) = -19.022924659548153
correctionProbability (#ДЫВАЕИ$ -> #БЫВАЕТ$) = -77.08728426147083
correctionProbability (#МУХАМАД$ -> #МУХАММАД$) = -19.410928474446152
correctionProbability (#РАСИЯА$ -> #РОССИЯ$) = -138.64839006891958
correctionProbability (#ПРКТИКА$ -> #ПРАКТИКА$) = -14.856180207041007
correctionProbability (#ТЄБЯ$ -> #ТЕБЯ$) = -6.7581821068301124
correctionProbability (#СТОРОЖЕММ$ -> #СТОРОЖЕМ$) = -19.741530385634093
correctionProbability (#КИНОПОСК$ -> #КИНОПОИСК$) = -15.188931520230888
correctionProbability (#КСИОММ$ -> #КСИОМИ$) = -12.441325245171573
correctionProbability (#ПОВЕМУ$ -> #ПОЧЕМУ$) = -6.636159626566833
correctionProbability (#КРЕМНЯ$ -> #КРЕМНИЯ$) = -19.935635030482104
correctionProbability (#ЮИЛЕТЫ$ -> #БИЛЕТЫ$) = -7.47919114305472
correctionProbability (#АРГУМЕТЫ$ -> #АРГУМЕНТЫ$) = -17.081754720344954
correctionProbability (#ТЫСЯЧИЛИСТНИК$ -> #ТЫСЯЧЕЛИСТНИК$) = -24.30819316168865
correctionProbability (#АНГИСКИЙ$ -> #АНГЛИЙСКИЙ$) = -77.07870922962522
correctionProbability (#ОТКАТНЫЙ$ -> #ОТКАТНЫЕ$) = -16.68938547495997
correctionProbability (#ЗНАКОМТВА$ -> #ЗНАКОМСТВА$) = -11.30622854847956
correctionProbability (#МЕТОНОЛА$ -> #МЕТАНОЛА$) = -23.176096071885688
correctionProbability (#ШКОЛНИЦ$ -> #ШКОЛЬНИЦ$) = -16.464746749429672
correctionProbability (#АБАЖЮР$ -> #АБАЖУР$) = -17.16575006680758
correctionProbability (#ИФЦ$ -> #МФЦ$) = -9.025825536893013
correctionProbability (#ЕШЕБНИК$ -> #РЕШЕБНИК$) = -11.923922057810763
correctionProbability (#ХРИЗОНТЕМА$ -> #ХРИЗАНТЕМА$) = -18.13402248061464
correctionProbability (#КЛЧТВА$ -> #КЛЯТВА$) = -11.2256498212131
correctionProbability (#ЗНОСА$ -> #ВЗНОСА$) = -14.831260421590759
correctionProbability (#ДЕТСКИЦ$ -> #ДЕТСКИЙ$) = -7.805556775087446
correctionProbability (#ДАЙНТ$ -> #ДАЙН$) = -19.98015866361254
correctionProbability (#AMCQ$ -> #AMCIQ$) = -20.013743864216668
correctionProbability (#ГОСУДАРСТ$ -> #ГОСУДАРСТВ$) = -19.99124092453122
correctionProbability (#ВЕРСЮ$ -> #ВЕРСИЮ$) = -11.441875781561844
correctionProbability (#JOUM$ -> #JOOM$) = -8.838532354310619
correctionProbability (#СКОРСТИ$ -> #СКОРОСТИ$) = -13.394010553575562
correctionProbability (#ПОВИДЕНИЕ$ -> #ПОВЕДЕНИЕ$) = -16.024148845575155
correctionProbability (#ПОЧЕСУ$ -> #ПОЧЕМУ$) = -6.651415948272675
correctionProbability (#ВЕРСЯ$ -> #ВЕРСИЯ$) = -9.069389268461894
correctionProbability (#ПРОИСХОДИ$ -> #ПРОИСХОДИТ$) = -16.391093620592756
correctionProbability (#CHAPUS$ -> #CHAPUIS$) = -33.7306627241091
correctionProbability (#ПИРОЖЕНОГО$ -> #ПИРОЖНОГО$) = -25.70809498123375
correctionProbability (#МАРЧЕНДАЙЗЕР$ -> #МЕРЧЕНДАЙЗЕР$) = -20.969411451785497
correctionProbability (#КСИОМА$ -> #КСИОМИ$) = -12.44519190461013
correctionProbability (#БУТРКА$ -> #БУТЫРКА$) = -15.20456338836847
correctionProbability (#MERREL$ -> #MERRELL$) = -21.754599521712834
correctionProbability (#ПЛОКАТЫ$ -> #ПЛАКАТЫ$) = -13.089569039534155
correctionProbability (#СТАНЦИ$ -> #СТАНЦИИ$) = -13.319773807529913
correctionProbability (#ИНТЕРНЕ$ -> #ИНТЕРНЕТ$) = -6.511515762070076
correctionProbability (#КОЗАЧЬЯ$ -> #КАЗАЧЬЯ$) = -16.642237138844138
correctionProbability (#ИСЬОРИЯ$ -> #ИСТОРИЯ$) = -8.123008991326635
correctionProbability (#КРЕСЕНИЕ$ -> #КРЕЩЕНИЕ$) = -16.321164873705648
correctionProbability (#ФОЛКСВАГЕН$ -> #ФОЛЬКСВАГЕН$) = -14.613902819498037
correctionProbability (#BREESLEN$ -> #BREELSEN$) = -90.55809071042808
correctionProbability (#ЕССЛИ$ -> #ЕСЛИ$) = -7.452960944667783
correctionProbability (#ОРУЖЖИЕ$ -> #ОРУЖИЕ$) = -12.941010056884362
correctionProbability (#ИНТЕРНИ$ -> #ИНТЕРНЫ$) = -13.645691352530065
correctionProbability (#УВЕРЕНО$ -> #УВЕРЕННО$) = -22.25046627558087
correctionProbability (#МОЛНЕЯ$ -> #МОЛНИЯ$) = -11.86765209963163
correctionProbability (#НАЧАТСЯ$ -> #НАЧАТЬСЯ$) = -22.658670379534804
correctionProbability (#ШКОЛНИК$ -> #ШКОЛЬНИК$) = -17.077828780230696
correctionProbability (#ПОИЧИНА$ -> #ПРИЧИНА$) = -12.175485707549157
correctionProbability (#ПДОХО$ -> #ПЛОХО$) = -11.347804461450881
correctionProbability (#ПОДДЕРЖАННЫЙ$ -> #ПОДЕРЖАННЫЙ$) = -24.102594667425706
correctionProbability (#ДЕСПЕТЧЕРА$ -> #ДИСПЕТЧЕРА$) = -20.990736831339078
correctionProbability (#DOCHK8SINOCHKI$ -> #DOCHKISINOCHKI$) = -28.96972041200138
correctionProbability (#ХАЧЕ$ -> #ХОЧУ$) = -72.67792041261382
correctionProbability (#DEVOCHCA$ -> #DEVOCHKA$) = -20.559093557095146
correctionProbability (#ИСКУСТВЕНОГО$ -> #ИСКУССТВЕННОГО$) = -87.51717191358166
correctionProbability (#ЕШЕНИЕ$ -> #РЕШЕНИЕ$) = -11.946916307776377
correctionProbability (#ФАНСИРИАЛС$ -> #ФАНСЕРИАЛС$) = -17.81969387894241
correctionProbability (#ПЕРЕДАЧЯ$ -> #ПЕРЕДАЧА$) = -12.456193036760666
correctionProbability (#УНИЗУ$ -> #ВНИЗУ$) = -13.556756111686855
correctionProbability (#АУДІОКАЗКА$ -> #АУДИОСКАЗКА$) = -84.47690152701621
correctionProbability (#КОЛЕЙДОСКОП$ -> #КАЛЕЙДОСКОП$) = -20.052761910009593
correctionProbability (#ARGENTIINA$ -> #ARGENTINA$) = -19.75389984828108
correctionProbability (#ПАТТАЯЙ$ -> #ПАТТАЙЯ$) = -82.30393784572092
correctionProbability (#АФМША$ -> #АФИША$) = -7.767636332669351
correctionProbability (#АЧЕСТВЕ$ -> #КАЧЕСТВЕ$) = -6.763450919554316
correctionProbability (#МНОГГ$ -> #МНОГО$) = -9.015873921818834
correctionProbability (#ПАНАРАМА$ -> #ПАНОРАМА$) = -15.840509612828967
correctionProbability (#РУССКА$ -> #РУССКАЯ$) = -9.081024455102188
correctionProbability (#ВИДЕОКАР$ -> #ВИДЕОКАРТ$) = -21.361475506930496
correctionProbability (#СХКМА$ -> #СХЕМА$) = -6.053770291654008
correctionProbability (#ПОХОТ$ -> #ПОХОТЬ$) = -19.318453657949224
correctionProbability (#РОЩЯ$ -> #РОЩА$) = -11.964072257740003
correctionProbability (#ЕТРАДЬ$ -> #ТЕТРАДЬ$) = -9.806226599991447
correctionProbability (#ПНСИИ$ -> #ПЕНСИИ$) = -11.272594526385145
correctionProbability (#АВТОБУСО$ -> #АВТОБУСОВ$) = -12.79164404742395
correctionProbability (#КСИОМІ$ -> #КСІОМІ$) = -18.381463644886257
correctionProbability (#ОРБЛКС$ -> #РОБЛОКС$) = -140.52526934107485
correctionProbability (#ИСПАНЯ$ -> #ИСПАНИЯ$) = -13.160951125797126
correctionProbability (#COMPUTERUNIVERS$ -> #COMPUTERUNIVERSE$) = -28.790059080030602
correctionProbability (#МЛИФИСЕНТА$ -> #МАЛЕФИСЕНТА$) = -79.20284012059483
correctionProbability (#ИНТЕРНІ$ -> #ИНТЕРНЫ$) = -13.684043089803573
correctionProbability (#LEGALPORN$ -> #LEGALPORNO$) = -22.82022867466302
correctionProbability (#КРЕАЕТКИ$ -> #КРЕВЕТКИ$) = -16.272214094080034
correctionProbability (#ВИЕИПЕДИЯ$ -> #ВИКИПЕДИЯ$) = -9.439171992843164
correctionProbability (#СТУПИЦІ$ -> #СТУПИЦЫ$) = -15.314872399241366
correctionProbability (#СУМЕРЕЧНИЕ$ -> #СУМЕРЕЧНЫЕ$) = -19.687081582456578
correctionProbability (#ВОСЬМЕДЕСЯТЫЕ$ -> #ВОСЬМИДЕСЯТЫЕ$) = -19.802251861389493
correctionProbability (#ФИЛЬТ$ -> #ФИЛЬТР$) = -10.899053408536165
correctionProbability (#АЛЛИЄКСПРЕС$ -> #АЛИЭКСПРЕСС$) = -143.87538052866282
correctionProbability (#ФИЛЬС$ -> #ФИЛЬМ$) = -1.1650182309721906
correctionProbability (#СМЕШНИХ$ -> #СМЕШНЫХ$) = -16.438077911687536
correctionProbability (#ДОРАММЫ$ -> #ДОРАМЫ$) = -14.74166816924436
correctionProbability (#АВТОБУСИ$ -> #АВТОБУСЫ$) = -14.358811697255668
correctionProbability (#МАКСИИ$ -> #МАКСИМ$) = -9.630155127024135
correctionProbability (#ФИЛЬР$ -> #ФИЛЬТР$) = -10.873288670174656
correctionProbability (#WOELD$ -> #WORLD$) = -8.477297645145857
correctionProbability (#НАВИТЕЛЬ$ -> #НАВИТЕЛ$) = -18.20051575357362
correctionProbability (#МАССАЖИТЫ$ -> #МАССАЖИСТЫ$) = -24.870616526444564
correctionProbability (#ВИУИПЕДИЯ$ -> #ВИКИПЕДИЯ$) = -9.440451418064079
correctionProbability (#ФИЛЬП$ -> #ФИЛЬМ$) = -1.166322578983202
correctionProbability (#КОРТОФЕЛЯ$ -> #КАРТОФЕЛЯ$) = -15.70030341238025
correctionProbability (#ВПИСАНЫЙ$ -> #ВПИСАННЫЙ$) = -23.139249618338873
correctionProbability (#АРГАЗМ$ -> #ОРГАЗМ$) = -11.298287769267564
correctionProbability (#ТЕЧТ$ -> #ТЕСТ$) = -6.278700790098025
correctionProbability (#ХОМЬЧКИ$ -> #ХОМЯЧКИ$) = -16.397577645420682
correctionProbability (#ЭСТОКАДА$ -> #ЭСТАКАДА$) = -20.331887874287673
correctionProbability (#АМИТРИПТИЛЛИН$ -> #АМИТРИПТИЛИН$) = -24.39814273523985
correctionProbability (#КОМАНДИРОВАЧНЫЕ$ -> #КОМАНДИРОВОЧНЫЕ$) = -25.583507851594376
correctionProbability (#DYTY$ -> #DUTY$) = -10.332460649622721
correctionProbability (#1XСТАВК$ -> #1ХСТАВКА$) = -82.68553402414645
correctionProbability (#АВТОБУСВ$ -> #АВТОБУСОВ$) = -12.798364558806824
correctionProbability (#ТАИЛАНДА$ -> #ТАЙЛАНДА$) = -16.39114358031965
correctionProbability (#FHOTO$ -> #PHOTO$) = -11.205369325967528
correctionProbability (#ИНСТАГРА$ -> #ИНСТАГРАМ$) = -9.131597384777002
correctionProbability (#ДМАШНЕЕ$ -> #ДОМАШНЕЕ$) = -11.143738537291064
correctionProbability (#ПКЦИИ$ -> #АКЦИИ$) = -7.246703935825053
correctionProbability (#ЗАОПАРК$ -> #ЗООПАРК$) = -13.651369303087947
correctionProbability (#ПИКСИЛЬ$ -> #ПИКСЕЛЬ$) = -15.53365138055392
correctionProbability (#ИХС$ -> #ИКС$) = -9.205313597423476
correctionProbability (#ЖЕНИФЕР$ -> #ДЖЕНИФЕР$) = -15.926587511070267
correctionProbability (#ПАЗДРАВЛЕНИЯ$ -> #ПОЗДРАВЛЕНИЯ$) = -13.309525057951504
correctionProbability (#УНЬЮГАН$ -> #УНЪЮГАН$) = -23.845691436873075
correctionProbability (#ШМАТКА$ -> #ШМАТКО$) = -19.32640756618385
correctionProbability (#КАРБЮРТОРА$ -> #КАРБЮРАТОРА$) = -19.874992400436632
correctionProbability (#ФИЛЬИ$ -> #ФИЛЬМ$) = -1.1610432320620987
correctionProbability (#ИМЕНИТЬ$ -> #ИЗМЕНИТЬ$) = -13.78800940397295
correctionProbability (#АГЛИЙСКОГО$ -> #АНГЛИЙСКОГО$) = -13.967263330067922
correctionProbability (#СОВМЕСТИСТИМОСТЬ$ -> #СОВМЕСТИМОСТЬ$) = -155.0197718717679
correctionProbability (#ОКРОЛЬ$ -> #КОРОЛЬ$) = -75.76340371922447
correctionProbability (#ВАРФЙС$ -> #ВАРФЕЙС$) = -11.00124203063649
correctionProbability (#ЖАРЕННОГО$ -> #ЖАРЕНОГО$) = -24.55121814258613
correctionProbability (#СИГАРИЛЫ$ -> #СИГАРИЛЛЫ$) = -25.19712547898559
correctionProbability (#ХРИЗОНТЕМЫ$ -> #ХРИЗАНТЕМЫ$) = -17.17266582339662
correctionProbability (#ПОХИТЕТЬ$ -> #ПОХИТИТЬ$) = -25.67874380377601
correctionProbability (#БАМБЛИ$ -> #БАМБЛБИ$) = -16.334819382526447
correctionProbability (#НИЖНЕИВ$ -> #НИЖНЕЕ$) = -80.60940522532138
correctionProbability (#ДИЛЬФИНЫ$ -> #ДЕЛЬФИНЫ$) = -17.15691270880224
correctionProbability (#ПЕРДАЧИ$ -> #ПЕРЕДАЧИ$) = -14.08160534231883
correctionProbability (#ГОРТЕНЗІЯ$ -> #ГОРТЕНЗИЯ$) = -16.40363612645509
correctionProbability (#ВСЕМАГУЩИЙ$ -> #ВСЕМОГУЩИЙ$) = -19.32113115611908
correctionProbability (#НЕМЕСИЛ$ -> #НИМЕСИЛ$) = -15.512252070119743
correctionProbability (#ЗАМАРОЗИТЬ$ -> #ЗАМОРОЗИТЬ$) = -19.178920778161313
correctionProbability (#СКАЛЕОЗ$ -> #СКОЛИОЗ$) = -82.13107313816644
correctionProbability (#ЖЕНЦИНЫ$ -> #ЖЕНЩИНЫ$) = -8.305432534885156
correctionProbability (#КАБИЕТ$ -> #КАБИНЕТ$) = -5.70260769270581
correctionProbability (#САКИД$ -> #САКИТ$) = -18.341884798278794
correctionProbability (#ЩАМЕНИТЬ$ -> #ЗАМЕНИТЬ$) = -10.960280295777693
correctionProbability (#ПЯТНИА$ -> #ПЯТНИЦА$) = -12.399689181986787
correctionProbability (#ХРИЗОНТЕМУ$ -> #ХРИЗАНТЕМУ$) = -21.994550352142056
correctionProbability (#ФАЙЛООБМІННИК$ -> #ФАЙЛООБМЕННИК$) = -22.278837534857587
correctionProbability (#АТЕЦ$ -> #ОТЕЦ$) = -9.193904235533953
correctionProbability (#ПРАГРАФ$ -> #ПАРАГРАФ$) = -16.026238706851807
correctionProbability (#МЫШЕНКА$ -> #МЫШОНКА$) = -17.4460032050074
correctionProbability (#МУЛЬТФИЛТМ$ -> #МУЛЬТФИЛЬМ$) = -9.104324810233457
correctionProbability (#ПОТОШНИЛО$ -> #ЗАТОШНИЛО$) = -92.24210249504854
correctionProbability (#КСИОМТ$ -> #КСИОМИ$) = -12.437114258006392
correctionProbability (#ПЕРДАЧА$ -> #ПЕРЕДАЧА$) = -13.007464282081337
correctionProbability (#ИНГОСТРАХ$ -> #ИНГОССТРАХ$) = -17.639164209886516
correctionProbability (#УКРАІНСЬКІ$ -> #УКРАЇНСЬКІ$) = -18.744525542131647
correctionProbability (#НАЗЫВАЕЬСЯ$ -> #НАЗЫВАЕТСЯ$) = -13.982970040991788
correctionProbability (#ХРИЗОНТЕМИ$ -> #ХРИЗАНТЕМЫ$) = -81.8860022060086
correctionProbability (#КПИТЬ$ -> #КУПИТЬ$) = -1.9905114771080115
correctionProbability (#КРУТОИ$ -> #КРУТОЙ$) = -12.31856253397586
correctionProbability (#ВИЛОЧНИЙ$ -> #ВИЛОЧНЫЙ$) = -18.308390026912164
correctionProbability (#ЕГЭЭ$ -> #ЕГЭ$) = -9.755354846836386
correctionProbability (#МИСЯЦЬ$ -> #МІСЯЦЬ$) = -16.452096131953322
correctionProbability (#АДМИНИСТАЦИЯ$ -> #АДМИНИСТРАЦИЯ$) = -17.455886571469044
correctionProbability (#ПЛАТЯТЬСЯ$ -> #ПЛАТЯТСЯ$) = -24.118364643079893
correctionProbability (#OUTWIT$ -> #OUTWITT$) = -24.36662740182232
correctionProbability (#МАНЗОРОВА$ -> #МЕНЗОРОВА$) = -28.650075491808003
correctionProbability (#ГИНАЗИЯ$ -> #ГИМНАЗИЯ$) = -13.518674410510734
correctionProbability (#SAKS$ -> #SEKS$) = -8.848453134695998
correctionProbability (#КИШЕНЕВА$ -> #КИШИНЕВА$) = -19.347491780891602
correctionProbability (#ИНФОКСВОДОКАЛ$ -> #ИНФОКСВОДОКАНАЛ$) = -95.52463570347857
correctionProbability (#ЛЬЯНОЕ$ -> #ЛЬНЯНОЕ$) = -16.798420232514175
correctionProbability (#ПОРАМЕТРЫ$ -> #ПАРАМЕТРЫ$) = -15.88604458435222
correctionProbability (#ОФИЦАЛЬНО$ -> #ОФИЦИАЛЬНО$) = -19.09947588872535
correctionProbability (#БЕЛГАРАД$ -> #БЕЛГОРОД$) = -76.71356136578835
correctionProbability (#ИРРЫ$ -> #ИГРЫ$) = -2.40021798538276
correctionProbability (#МЕРСЕДЕНС$ -> #МЕРСЕДЕС$) = -13.26704258429666
correctionProbability (#ОФОРМЕНИЕ$ -> #ОФОРМЛЕНИЕ$) = -13.318618501502932
correctionProbability (#ЛЭДИ$ -> #ЛЕДИ$) = -6.189790441919357
correctionProbability (#ФИЛЫМ$ -> #ФИЛЬМ$) = -1.1553279926562716
correctionProbability (#РОБРОКС$ -> #РОБЛОКС$) = -7.335477113112461
correctionProbability (#МАСССАЖ$ -> #МАССАЖ$) = -10.780934622124658
correctionProbability (#РОССМИНЗДРАВ$ -> #РОСМИНЗДРАВ$) = -23.1766463393041
correctionProbability (#КАРТКУ$ -> #КАРТУ$) = -10.145733868618354
correctionProbability (#НОГТЯГ$ -> #НОГТЯХ$) = -12.819378104316005
correctionProbability (#АСТРАЗАНЬ$ -> #АСТРАХАНЬ$) = -12.909151091531655
correctionProbability (#ПАПОВ$ -> #ПОПОВ$) = -13.720367006265281
correctionProbability (#ТОЕТА$ -> #ТОЙОТА$) = -74.22283959649677
correctionProbability (#РАСИЯТ$ -> #РОССИЯ$) = -138.64735233997015
correctionProbability (#ОФИЦАЛЬНЫ$ -> #ОФИЦИАЛЬНЫЙ$) = -72.85145061233966
correctionProbability (#ПЬЕДИСТАЛ$ -> #ПЬЕДЕСТАЛ$) = -22.237056860929634
correctionProbability (#АРХИПОВСКИЕ$ -> #АРХИПОВСКИЙ$) = -23.4318732189965
correctionProbability (#СОНЕНГ$ -> #САНЬЕНГ$) = -82.98866904766946
correctionProbability (#ТРАЕКУРОВА$ -> #ТРОЕКУРОВА$) = -20.532192310459592
correctionProbability (#МГАЗИНЫ$ -> #МАГАЗИНЫ$) = -11.271416982893655
correctionProbability (#WREVAN$ -> #EREVAN$) = -16.32845894734289
correctionProbability (#ЛЬАІВ$ -> #ЛЬВІВ$) = -11.444337470673435
correctionProbability (#АКСИМЕР$ -> #ЭКСИМЕР$) = -20.783905926416153
correctionProbability (#ДАЙЛЬ$ -> #ДАЙЛЯ$) = -18.314651346772
correctionProbability (#ДСКО$ -> #ДИСКО$) = -13.452086566817886
correctionProbability (#ТРУЩЕБЫ$ -> #ТРУЩОБЫ$) = -21.627877030984962
correctionProbability (#ЖНЩИН$ -> #ЖЕНЩИН$) = -7.74856642395056
correctionProbability (#ДОЕЗАТЬ$ -> #ДОЕХАТЬ$) = -11.441846354358333
correctionProbability (#КАЛЛОГЕН$ -> #КОЛЛАГЕН$) = -82.07381427642468
correctionProbability (#БРОКEР$ -> #БРОКЕР$) = -13.473553162279703
correctionProbability (#ЧССТЬ$ -> #ЧАСТЬ$) = -6.445096115284823
correctionProbability (#ПОЧЕУМ$ -> #ПОЧЕМУ$) = -74.51213709743084
correctionProbability (#СУГЛ$ -> #ГУГЛ$) = -2.999431807410847
correctionProbability (#ИНОСТАНЦЕВ$ -> #ИНОСТРАНЦЕВ$) = -20.94294488326247
correctionProbability (#КОМТКСЫ$ -> #КОМИКСЫ$) = -11.787382676964086
correctionProbability (#РЕЛТОР$ -> #РИЭЛТОР$) = -81.23678161956794
correctionProbability (#ГИПОГЛЕКИМИЯ$ -> #ГИПОГЛИКЕМИЯ$) = -90.50504088517371
correctionProbability (#СВЯЩАТЬ$ -> #СВЯЗАТЬ$) = -10.02174065253314
correctionProbability (#УРОЖАИНЫЕ$ -> #УРОЖАЙНЫЕ$) = -22.010362472138738
correctionProbability (#ЛЕКАРСТВП$ -> #ЛЕКАРСТВА$) = -13.99069856642486
correctionProbability (#ТОЕТУ$ -> #ТОЙОТУ$) = -80.87465874325802
correctionProbability (#АКУШЕРСВТО$ -> #АКУШЕРСТВО$) = -86.83658893222227
correctionProbability (#ДЕГИДРВТОРЕ$ -> #ДЕГИДРАТОРЕ$) = -30.01286610406312
correctionProbability (#SNUKER$ -> #SNOOKER$) = -84.72273337515513
correctionProbability (#ЗАЛОЖЕНОСТИ$ -> #ЗАЛОЖЕННОСТИ$) = -24.520348692729748
correctionProbability (#БОГАКАМС$ -> #БОНГАКАМС$) = -16.259289970717433
correctionProbability (#БЕСПЛАТГНО$ -> #БЕСПЛАТНО$) = -7.260624977697454
correctionProbability (#ТЕХНОЛОИЯ$ -> #ТЕХНОЛОГИЯ$) = -15.1121301605137
correctionProbability (#ЛЕГЕНСЫ$ -> #ЛЕГГИНСЫ$) = -84.37104976083594
correctionProbability (#ГЛАВПНАЯ$ -> #ГЛАВНАЯ$) = -12.560617523909293
correctionProbability (#ЧЕРНОБЫЛ$ -> #ЧЕРНОБЫЛЬ$) = -12.598213653250554
correctionProbability (#ПОРЛНО$ -> #ПОРОНО$) = -15.861197587269555
correctionProbability (#КОКАЙНА$ -> #КОКАИНА$) = -17.606754782032063
correctionProbability (#ОТВЕТСВЕННОСТИ$ -> #ОТВЕТСТВЕННОСТИ$) = -23.00593671341902
correctionProbability (#ААИАФОРУМ$ -> #АВИАФОРУМ$) = -21.309584034091657
correctionProbability (#MELLBET$ -> #MELBET$) = -19.257090736384317
correctionProbability (#ИНСТМТУТ$ -> #ИНСТИТУТ$) = -11.725430239786611
correctionProbability (#КАЗАХША$ -> #КАЗАКША$) = -11.257726638100202
correctionProbability (#РЕСПУБОИКИ$ -> #РЕСПУБЛИКИ$) = -13.353373213783378
correctionProbability (#КОМПЛЕСНЫЙ$ -> #КОМПЛЕКСНЫЙ$) = -21.270240530050714
correctionProbability (#MELODRAMMI$ -> #MELODRAMI$) = -21.946310368626882
correctionProbability (#ЯЗКУ$ -> #ЯЗЫКУ$) = -6.94465156986756
correctionProbability (#РОМАШЕВ$ -> #РОМАШОВ$) = -22.556291101650373
correctionProbability (#ОПШЕСТВА$ -> #ОБЩЕСТВА$) = -79.13332279251581
correctionProbability (#ТРЕШИНА$ -> #ТРЕЩИНА$) = -16.60808633110541
correctionProbability (#СПОРТТ$ -> #СПОРТ$) = -9.349338366652237
correctionProbability (#ОЧТСТИТЬ$ -> #ОЧИСТИТЬ$) = -13.605709886126384
correctionProbability (#ILLUSTEATION$ -> #ILLUSTRATION$) = -25.04429592946449
correctionProbability (#ОСТЕПАТ$ -> #ОСТЕОПАТ$) = -18.489650122262233
correctionProbability (#ПИШЕВОЙ$ -> #ПИЩЕВОЙ$) = -15.12829019127198
correctionProbability (#ИГОРЫ$ -> #ИГРЫ$) = -4.901224682850934
correctionProbability (#ВОСПАЛЕНЫЕ$ -> #ВОСПАЛЕННЫЕ$) = -25.772694063621188
correctionProbability (#АНЕМЕНИЕ$ -> #ОНЕМЕНИЕ$) = -18.64135085779626
correctionProbability (#ПОЛІТАНКИ$ -> #ПОЛІТИКИ$) = -88.14043984760687
correctionProbability (#КОСУЛЬТАЦИЯ$ -> #КОНСУЛЬТАЦИЯ$) = -17.150422426574046
correctionProbability (#ДВИГАТЕЬ$ -> #ДВИГАТЕЛЬ$) = -12.924927385400565
correctionProbability (#ЦЕРИМОНИЯ$ -> #ЦЕРЕМОНИЯ$) = -18.960148917077042
correctionProbability (#ХАСП$ -> #ХАССП$) = -18.8327011152191
correctionProbability (#ТАСЙП$ -> #ТАЙП$) = -19.35224284785531
correctionProbability (#ТУМЕНЬ$ -> #ТЮМЕНЬ$) = -7.768131055815555
correctionProbability (#АЗЕРБАДЖАН$ -> #АЗЕРБАЙДЖАН$) = -18.82949928248486
correctionProbability (#RULETCA$ -> #RULETKA$) = -8.939718017568396
correctionProbability (#ПРМЕР$ -> #ПРИМЕР$) = -10.965308579337904
correctionProbability (#MELODRAMMA$ -> #MELODRAMA$) = -22.153709989483524
correctionProbability (#СЕНЙОРИТА$ -> #СЕНЬОРИТА$) = -17.080643486080625
correctionProbability (#ТЕМИНАТОР$ -> #ТЕРМИНАТОР$) = -13.334063802579976
correctionProbability (#ТЕСА$ -> #ТЕСТА$) = -10.769800364441547
correctionProbability (#ВВВЕСТИ$ -> #ВЫВЕСТИ$) = -13.283177053004643
correctionProbability (#ХЭЛЛОУ$ -> #ХЕЛЛОУ$) = -16.308200051640075
correctionProbability (#ВИШЕ$ -> #ВЫШЕ$) = -11.865630160339176
correctionProbability (#БАРБЕКУ$ -> #БАРБЕКЮ$) = -14.900863032604299
correctionProbability (#СРЕДНЕВНКОВЫХ$ -> #СРЕДНЕВЕКОВЫХ$) = -24.64300690838344
correctionProbability (#МЕТРОПОЛИТ$ -> #МИТРОПОЛИТ$) = -20.815687678556408
correctionProbability (#БЕЗОПАСНОСТИЪ$ -> #БЕЗОПАСНОСТИ$) = -17.575338965578915
correctionProbability (#СПОРТИАСТЕР$ -> #СПОРТМАСТЕР$) = -15.043668958553766
correctionProbability (#ПРЕДПРИТИЯ$ -> #ПРЕДПРИЯТИЯ$) = -17.054718943398612
correctionProbability (#ВЬТНАМЕ$ -> #ВЬЕТНАМЕ$) = -16.94253796876486
correctionProbability (#РУБЛЕНАЯ$ -> #РУБЛЕННАЯ$) = -25.894058024439396
correctionProbability (#NEIBOR$ -> #NEIGHBOR$) = -84.33502350843445
correctionProbability (#СИАНЦИИ$ -> #СТАНЦИИ$) = -12.7545995817961
correctionProbability (#МОТОБУКСЕРОВЩИК$ -> #МОТОБУКСИРОВЩИК$) = -25.964221967943146
correctionProbability (#АФИТНЕС$ -> #ФИТНЕС$) = -11.333299618794296
correctionProbability (#СПОРТЖ$ -> #СПОРТЕЙДЖ$) = -146.967600631533
correctionProbability (#АПОКАЛИПСИ$ -> #АПОКАЛИПСИС$) = -16.46182456366718
correctionProbability (#БДСТ$ -> #БДСМ$) = -9.79299659985239
correctionProbability (#ГЕРУДОТЕРАПИЯ$ -> #ГИРУДОТЕРАПИЯ$) = -24.448689899031976
correctionProbability (#БДСС$ -> #БДСМ$) = -9.791474639854297
correctionProbability (#АККСЕСУАРЫ$ -> #АКСЕССУАРЫ$) = -83.71765398195578
correctionProbability (#МЕПРО$ -> #МЕТРО$) = -6.3380334449009865
correctionProbability (#СОЧМНЕНИП$ -> #СОЧИНЕНИЕ$) = -77.08215454166265
correctionProbability (#ОБЛАЖЕНИЕ$ -> #ОБЛОЖЕНИЕ$) = -23.937003182155202
correctionProbability (#БИССЕКТРИССА$ -> #БИССЕКТРИСА$) = -23.692279900379482
correctionProbability (#NOTBOOK$ -> #NOTEBOOK$) = -19.065698571034993
correctionProbability (#СЕРИСЛ$ -> #СЕРИАЛ$) = -4.119311865208086
correctionProbability (#ВИЧЬ$ -> #ВИЧ$) = -13.502594453370858
correctionProbability (#МОНАЗИНИ$ -> #МОНАХИНИ$) = -15.642521438492174
correctionProbability (#ДЕНАС$ -> #ДЭНАС$) = -18.200074895644978
correctionProbability (#ТАТЯНИН$ -> #ТАТЬЯНИН$) = -16.81770603038867
correctionProbability (#ДЖУНГИ$ -> #ДЖУНГЛИ$) = -14.90210700016057
correctionProbability (#САККИ$ -> #САКИ$) = -14.938604768994356
correctionProbability (#ЖЕНСЕИЕ$ -> #ЖЕНСКИЕ$) = -8.634297984399936
correctionProbability (#ИТОЛЬЯНСКИЕ$ -> #ИТАЛЬЯНСКИЕ$) = -17.632638591117214
correctionProbability (#ДОМАШНЯЕ$ -> #ДОМАШНЕЕ$) = -10.585592991907383
correctionProbability (#ЗАРПЛПТА$ -> #ЗАРПЛАТА$) = -12.710215890929454
correctionProbability (#ЦИБУЛЬКА$ -> #ЦЫБУЛЬКО$) = -82.36248970760819
correctionProbability (#ДАМАШНИЙ$ -> #ДОМАШНИЙ$) = -11.070078948431075
correctionProbability (#ОКОНЧИЛСЯ$ -> #ЗАКОНЧИЛСЯ$) = -85.52330499541985
correctionProbability (#БЯНКА$ -> #БЬЯНКА$) = -13.90240649100883
correctionProbability (#GRAPHIS$ -> #GRAPHICS$) = -17.781237787088763
correctionProbability (#АВСТРАЛИЙ$ -> #АВСТРАЛИИ$) = -15.669224348657039
correctionProbability (#BROSER$ -> #BROWSER$) = -15.755975967302632
correctionProbability (#СПАКУС$ -> #СПАКЕС$) = -12.5334202073
correctionProbability (#ИТОЛЬЯНСКИЙ$ -> #ИТАЛЬЯНСКИЙ$) = -17.729469199964853
correctionProbability (#МОСГАС$ -> #МОСГАЗ$) = -9.83533243975305
correctionProbability (#ПАИАБИЛЕТЫ$ -> #АВИАБИЛЕТЫ$) = -78.39611026565663
correctionProbability (#ЧЕФИР$ -> #ЧИФИР$) = -21.224489283596892
correctionProbability (#ОРЕЗИ$ -> #ОРЕХИ$) = -12.25079883257462
correctionProbability (#ТРОВЫ$ -> #ТРАВЫ$) = -11.953135078224616
correctionProbability (#АДРЕЯ$ -> #АНДРЕЯ$) = -13.401524439292846
correctionProbability (#СПОРТМ$ -> #СПОРТС$) = -11.740511341035887
correctionProbability (#ТАСКИ$ -> #ТАКСИ$) = -74.15919020584387
correctionProbability (#ДЮПЕЛЬ$ -> #ДЮБЕЛЬ$) = -16.85568272323528
correctionProbability (#ИНЦИДЕН$ -> #ИНЦИДЕНТ$) = -18.034041494711317
correctionProbability (#БАНЕРЫ$ -> #БАННЕРЫ$) = -17.060538349259637
correctionProbability (#МУЗЫЫКУ$ -> #МУЗЫКУ$) = -9.441933635296994
correctionProbability (#УКРАІНСЬКА$ -> #УКРАЇНСЬКА$) = -17.30899867566898
correctionProbability (#ЭКАНОМИКА$ -> #ЭКОНОМИКА$) = -15.369746240443412
correctionProbability (#UZBIK$ -> #UZBEK$) = -11.888660706189288
correctionProbability (#ТЕФФИ$ -> #ТЭФФИ$) = -18.992746084727347
correctionProbability (#ИШЮ$ -> #ИЩУ$) = -74.02589981861257
correctionProbability (#МОЛОЛЕТКА$ -> #МАЛОЛЕТКА$) = -16.179935744109663
correctionProbability (#ПИЩЕВОРЕНИЯ$ -> #ПИЩЕВАРЕНИЯ$) = -21.152788988122822
correctionProbability (#ШИЙНОГО$ -> #ШЕЙНОГО$) = -13.428844933542734
correctionProbability (#ЕЕПТЕРИНБУРГ$ -> #ЕКАТЕРИНБУРГ$) = -77.740685904353
correctionProbability (#СЛАТКИ$ -> #СЛАДКИЙ$) = -79.38170964263468
correctionProbability (#САМАГОН$ -> #САМОГОН$) = -14.981825227587706
correctionProbability (#ДОРАММА$ -> #ДОРАМА$) = -11.8278932151505
correctionProbability (#ДЕСТВЕНОСТИ$ -> #ДЕВСТВЕННОСТИ$) = -87.76968663467531
correctionProbability (#САЕТЛАНА$ -> #СВЕТЛАНА$) = -11.272378788530958
correctionProbability (#ПЛАТИКОВЫЕ$ -> #ПЛАСТИКОВЫЕ$) = -15.146611196923274
correctionProbability (#МЕРЗДЯК$ -> #МЕРЗЛЯК$) = -10.825777670350455
correctionProbability (#БЕЛОРУСИ$ -> #БЕЛАРУСИ$) = -11.398048012875634
correctionProbability (#ЦЕРИТОН$ -> #ЦЕРЕТОН$) = -19.299806821671204
correctionProbability (#ОТСЛИДИТЬ$ -> #ОТСЛЕДИТЬ$) = -12.417496647801038
correctionProbability (#ДРОКОНА$ -> #ДРАКОНА$) = -9.999478313164701
correctionProbability (#МИЛЛИЙОН$ -> #МИЛЛИОН$) = -14.48685156523262
correctionProbability (#МАМЕН$ -> #МАМИН$) = -15.112738345401095
correctionProbability (#КОИАНДА$ -> #КОМАНДА$) = -12.046101263030401
correctionProbability (#РЕГИСТРАУРА$ -> #РЕГИСТРАТУРА$) = -17.093119288954064
correctionProbability (#ПРИХОЖИЙ$ -> #ПРИХОЖЕЙ$) = -14.738557933629771
correctionProbability (#ПРИХОЖИИ$ -> #ПРИХОЖИЕ$) = -15.992453368552852
correctionProbability (#САРАТТОВСКАЯ$ -> #САРАТОВСКАЯ$) = -20.814209621448484
correctionProbability (#КОПЕЛЬ$ -> #КАПЕЛЬ$) = -16.438145317372626
correctionProbability (#ДЕСКРИМИНАНТА$ -> #ДИСКРИМИНАНТА$) = -26.330450541815566
correctionProbability (#ТУРЕЙКИЙ$ -> #ТУРЕЦКИЙ$) = -9.712908044466992
correctionProbability (#МОЛОЛЕТКО$ -> #МАЛОЛЕТКИ$) = -79.22655356667227
correctionProbability (#ДЕНТЕРЕВА$ -> #ДЕГТЯРЕВА$) = -85.02731637249944
correctionProbability (#ЭКСТРЕЛ$ -> #ЭКСТРЕЙЛ$) = -25.26010397412331
correctionProbability (#ГРУЩИКОМ$ -> #ГРУЗЧИКОМ$) = -83.87029025784251
correctionProbability (#НЕЙТРОЛИЗОВАТЬ$ -> #НЕЙТРАЛИЗОВАТЬ$) = -28.285278813047157
correctionProbability (#КИНИГИ$ -> #КНИГИ$) = -9.436303500356328
correctionProbability (#LEDYBOY$ -> #LADYBOY$) = -18.270401524124395
correctionProbability (#ПАКОВИНЫ$ -> #РАКОВИНЫ$) = -16.049776049676808
correctionProbability (#КРУТИХ$ -> #КРУТЫХ$) = -15.92043010565374
correctionProbability (#ААВИТО$ -> #АВИТО$) = -5.333443318172929
correctionProbability (#КРЕСЦОВО$ -> #КРЕСТЦОВО$) = -24.086854528839304
correctionProbability (#МОЛОЛЕТКУ$ -> #МАЛОЛЕТКУ$) = -17.941455376985957
correctionProbability (#ФИЛЬЬ$ -> #ФИЛЬМ$) = -1.16628632411145
correctionProbability (#МУХАМЕД$ -> #МУХАММЕД$) = -19.392603045694116
correctionProbability (#ФИЛЬЫ$ -> #ФИЛЬМЫ$) = -4.171517019895752
correctionProbability (#ВЕНОГРАДА$ -> #ВИНОГРАДА$) = -13.029657067244358
correctionProbability (#ТРОВА$ -> #ТРАВА$) = -11.397707318081576
correctionProbability (#АДРЕА$ -> #АДРЕСА$) = -10.163030258400017
correctionProbability (#ХЕЛЬКЕВИЧ$ -> #ХИЛЬКЕВИЧ$) = -18.80806530171612
correctionProbability (#ЗАВИСЕМОСТЬ$ -> #ЗАВИСИМОСТЬ$) = -18.730995918500156
correctionProbability (#ДОРАММУ$ -> #ДОРАМУ$) = -16.433799835618355
correctionProbability (#ЛЕКАРСТАО$ -> #ЛЕКАРСТВО$) = -13.006798345409166
correctionProbability (#АУТОСОПИЯ$ -> #АУТОСКОПИЯ$) = -36.32110806015286
correctionProbability (#ВОСПИТАТИЛ$ -> #ВОСПИТАТЕЛЬ$) = -83.9533327441172
correctionProbability (#ХАУЗ$ -> #ХАУС$) = -8.53545892495438
correctionProbability (#ПОДСОЕДИНЯТЬ$ -> #ПОДСОЕДИНИТЬ$) = -21.42416183992173
correctionProbability (#МОЛОЛЕТКИ$ -> #МАЛОЛЕТКИ$) = -14.438179586788827
correctionProbability (#АСНОВА$ -> #ОСНОВА$) = -13.472083171854653
correctionProbability (#ПОЧЕМЦ$ -> #ПОЧЕМУ$) = -6.6464233823298144
correctionProbability (#ЖОКУМЕНТЫ$ -> #ДОКУМЕНТЫ$) = -12.475120335941064
correctionProbability (#КИНОТНАТР$ -> #КИНОТЕАТР$) = -11.340056502559257
correctionProbability (#ФИЛЬФ$ -> #ФИЛЬМ$) = -1.166685200011944
correctionProbability (#ЛИЛНАРДО$ -> #ЛЕОНАРДО$) = -77.09896650585354
correctionProbability (#НАЗІВАЕТСЯ$ -> #НАЗЫВАЕТСЯ$) = -13.959456036574053
correctionProbability (#АДМИНИСТРАЦИИИ$ -> #АДМИНИСТРАЦИИ$) = -20.419752605822538
correctionProbability (#ДЕТСКОИ$ -> #ДЕТСКОМ$) = -9.947404295930234
correctionProbability (#ГАГАРИГА$ -> #ГАГАРИНА$) = -13.030671399864431
correctionProbability (#СТОМАТОГИЯ$ -> #СТОМАТОЛОГИЯ$) = -80.97298639934297
correctionProbability (#СЛОЖНИЙ$ -> #СЛОЖНЫЙ$) = -15.951381515468626
correctionProbability (#АМИЛИЯ$ -> #АМЕЛИЯ$) = -17.40594461900699
correctionProbability (#КАДИНИНГРАДЕ$ -> #КАЛИНИНГРАДЕ$) = -16.066421088033636
correctionProbability (#ДЕВАЧКАЙ$ -> #ДЕВОЧКОЙ$) = -81.2541214749241
correctionProbability (#ЗАМЕНЯ$ -> #ЗАМЕНА$) = -8.038569012526676
correctionProbability (#КАККУЮ$ -> #КАКУЮ$) = -12.001109757767093
correctionProbability (#БАРАБАНШИК$ -> #БАРАБАНЩИК$) = -21.783028982238257
correctionProbability (#СИСЬКАТЫЕ$ -> #СИСЬКАСТЫЕ$) = -25.27524332996166
correctionProbability (#СЕРИЯЛА$ -> #СЕРИАЛА$) = -12.155194397519288
correctionProbability (#СТРАТОМАНИЯ$ -> #СТРАПОМАНИЯ$) = -29.74743108982844
correctionProbability (#БОЛДЫЕ$ -> #БОЛДЫ$) = -21.431050136671335
correctionProbability (#ИЩЮ$ -> #ИЩУ$) = -9.2950650665185
correctionProbability (#СЛУШАИТ$ -> #СЛУШАТЬ$) = -72.90339280334383
correctionProbability (#КАМИССАР$ -> #КОМИССАР$) = -15.879351590564895
correctionProbability (#НАМЕКЛАТУРА$ -> #НОМЕНКЛАТУРА$) = -86.91700202407137
correctionProbability (#PINALTY$ -> #PENALTY$) = -25.071662734772943
correctionProbability (#ПЕРЕПЕЛИННЫЕ$ -> #ПЕРЕПЕЛИНЫЕ$) = -25.14291272904086
correctionProbability (#МОЩЬНОСТИ$ -> #МОЩНОСТИ$) = -18.21430680914154
correctionProbability (#ОФФИЦИАЛЬНОГО$ -> #ОФИЦИАЛЬНОГО$) = -19.75886612032319
correctionProbability (#АКВАРИМУ$ -> #АКВАРИУМА$) = -82.1541889359557
correctionProbability (#НАСОСКА$ -> #НАСОСА$) = -15.532895635057894
correctionProbability (#ПИЩЕВОРЕНИЕ$ -> #ПИЩЕВАРЕНИЕ$) = -24.055041521898403
correctionProbability (#МОСЕВОМ$ -> #МОЧЕВОМ$) = -19.192640555756242
correctionProbability (#ДАЛИНЕ$ -> #ДОЛИНЕ$) = -17.106073438200415
correctionProbability (#БИСЕКТРИСА$ -> #БИССЕКТРИСА$) = -21.77666677555935
correctionProbability (#РОЗКОАД$ -> #РОЗКЛАД$) = -15.121364018104188
correctionProbability (#РУССИЙ$ -> #РУССКИЙ$) = -7.366126901101154
correctionProbability (#ДАЛЬНОБОИЩИКИ$ -> #ДАЛЬНОБОЙЩИКИ$) = -20.34546121840483
correctionProbability (#ЖЕЛОЧИ$ -> #ЖЕЛЧИ$) = -19.325490163103883
correctionProbability (#КРУАСАНЫ$ -> #КРУАССАНЫ$) = -20.850156779649318
correctionProbability (#РАХИГС$ -> #РАНХИГС$) = -16.308592461170072
correctionProbability (#ПРОСТАТУТКА$ -> #ПРОСТИТУТКА$) = -18.460026029804013
correctionProbability (#OBROZ$ -> #OBRAZ$) = -23.691063154235636
correctionProbability (#SHOXRUHON$ -> #SHOHRUHXON$) = -89.26311549192329
correctionProbability (#CARERA$ -> #CARRERA$) = -16.019446545986852
correctionProbability (#КОЖАНННУЮ$ -> #КОЖАНУЮ$) = -85.6565817170598
correctionProbability (#ТЕТЫ$ -> #ТЕСТЫ$) = -9.615399957310867
correctionProbability (#РУССИХ$ -> #РУССКИХ$) = -11.39748117073048
correctionProbability (#СЛЛИВНОГО$ -> #СЛИВНОГО$) = -22.539460986546686
correctionProbability (#ЛОТЫРЕЯ$ -> #ЛОТЕРЕЯ$) = -13.346034399190152
correctionProbability (#ВИНДОВВС$ -> #ВИНДОВС$) = -12.326475661022954
correctionProbability (#ДЖОСТИКОМ$ -> #ДЖОЙСТИКОМ$) = -25.53981661796862
correctionProbability (#КОРЕНКОВ$ -> #КУРЕНКОВ$) = -20.94348847318939
correctionProbability (#РЕШОН$ -> #РИШОН$) = -20.91781403087467
correctionProbability (#СЫВОРТКА$ -> #СЫВОРОТКА$) = -17.177320091517856
correctionProbability (#УРТЦКОГО$ -> #УРИЦКОГО$) = -20.205104584530154
correctionProbability (#ЕЛЬДОРАДА$ -> #ЭЛЬДОРАДО$) = -76.73932736274172
correctionProbability (#ОКТИВИРОВАТЬ$ -> #АКТИВИРОВАТЬ$) = -17.980958231606273
correctionProbability (#КЕВІН$ -> #КЕВИН$) = -14.761836512502388
correctionProbability (#СПАДОЛЬСК$ -> #ПОДОЛЬСК$) = -80.84472919328664
correctionProbability (#ОШАН$ -> #АШАН$) = -10.45523733935794
correctionProbability (#VISELLE$ -> #VISELE$) = -27.83763895451864
correctionProbability (#ОБЬЕМНОЙ$ -> #ОБЪЕМНОЙ$) = -19.969631905483006
correctionProbability (#ОДНАКЛАССНИКИО$ -> #ОДНОКЛАССНИКИ$) = -78.4211953049504
correctionProbability (#ЕЛЬДОРАДО$ -> #ЭЛЬДОРАДО$) = -12.042353557553419
correctionProbability (#CAMBER$ -> #CHAMBER$) = -19.425182787092574
correctionProbability (#ОБРАЗЦИ$ -> #ОБРАЗЦЫ$) = -12.845177414232495
correctionProbability (#КОРЕНКОЙ$ -> #КОРЕЯНКОЙ$) = -24.89012793314817
correctionProbability (#ВНУТРЕ$ -> #ВНУТРИ$) = -10.976541279669394
correctionProbability (#ВЫЕЗДАМ$ -> #ВЫЕЗДОМ$) = -15.280990575858795
correctionProbability (#ПЕРЕПЕЛИННЫХ$ -> #ПЕРЕПЕЛИНЫХ$) = -26.602149476307495
correctionProbability (#РУКАМИИ$ -> #РУКАМИ$) = -7.941298201863244
correctionProbability (#СИНОНИМФ$ -> #СИНОНИМЫ$) = -14.296501518086707
correctionProbability (#ДІНАМО$ -> #ДИНАМО$) = -10.335425792591739
correctionProbability (#ВЛОМАНУЮ$ -> #ВЗЛОМАННУЮ$) = -82.12002750885978
correctionProbability (#ТЕТС$ -> #ТЕСТ$) = -74.03176146064075
correctionProbability (#ФРАНЦУСКОМУ$ -> #ФРАНЦУЗСКОМУ$) = -23.157884565502485
correctionProbability (#ЕНАКИВО$ -> #ЕНАКИЕВО$) = -17.0607579449374
correctionProbability (#АВТБУС$ -> #АВТОБУС$) = -10.67763963543802
correctionProbability (#СК5АЧАТЬ$ -> #СКАЧАТЬ$) = -5.04982656639582
correctionProbability (#ТЕТО$ -> #ТЕСТО$) = -9.937553428713205
correctionProbability (#ЖЕНЕРО$ -> #ЖАНЕЙРО$) = -83.8155825811156
correctionProbability (#ПРОПОРЕННЫЙ$ -> #ПРОПАРЕННЫЙ$) = -26.082023948897238
correctionProbability (#ИЩЕ$ -> #ЕЩЕ$) = -9.222005494821541
correctionProbability (#АНИМИРОВАНАЯ$ -> #АНИМИРОВАННАЯ$) = -25.848690718438128
correctionProbability (#SOSIYAL$ -> #SOSIAL$) = -22.137156668545728
correctionProbability (#СИЛЬСЬКА$ -> #СІЛЬСЬКА$) = -22.269954542350902
correctionProbability (#КАБІНА$ -> #КАБИНА$) = -14.050053972025427
correctionProbability (#ИЕСТРУКЦИЯ$ -> #ИНСТРУКЦИЯ$) = -9.400898397785433
correctionProbability (#АТАТ$ -> #АТА$) = -14.073447054632727
correctionProbability (#KINDOM$ -> #KINGDOM$) = -16.74193781439611
correctionProbability (#MOSCOV$ -> #MOSCOW$) = -14.555775782728123
correctionProbability (#ТРЕНЕРОВКУ$ -> #ТРЕНИРОВКУ$) = -23.28027079042746
correctionProbability (#МУЛЬТФИЛМЫ$ -> #МУЛЬТФИЛЬМЫ$) = -11.853540919478931
correctionProbability (#ОРЕНБУРСКАЯ$ -> #ОРЕНБУРГСКАЯ$) = -20.130271526773463
correctionProbability (#РОСТОЯНИЯ$ -> #РАССТОЯНИЕ$) = -142.6207452437546
correctionProbability (#СЫКАЧАТ$ -> #СКАЧАТЬ$) = -70.31662543440616
correctionProbability (#ПРИХОДЯШАЯ$ -> #ПРИХОДЯЩАЯ$) = -26.00852898010313
correctionProbability (#АЙТЬЮНС$ -> #АЙТЮНС$) = -16.57624145032298
correctionProbability (#КОКУРС$ -> #КОНКУРС$) = -11.457448019543222
correctionProbability (#РЕЖЫМ$ -> #РЕЖИМ$) = -9.467718574207307
correctionProbability (#НАБОТ$ -> #НАБОР$) = -8.962932192005045
correctionProbability (#ПОЧЕПУ$ -> #ПОЧЕМУ$) = -6.653222992920913
correctionProbability (#ДНИПРЕ$ -> #ДНЕПРЕ$) = -14.28503763635496
correctionProbability (#ЧЕКНУТЫЙ$ -> #ЧОКНУТЫЙ$) = -20.409560037696664
correctionProbability (#ГУМЕРОЛОГИЯ$ -> #НУМЕРОЛОГИЯ$) = -18.306855080342018
correctionProbability (#NIEMKI$ -> #NEMKI$) = -26.692605059764986
correctionProbability (#РОЙОН$ -> #РАЙОН$) = -6.439849506016468
correctionProbability (#МАРЕММО$ -> #МАРЕММА$) = -26.768335600740826
correctionProbability (#ПОСОДИТЬ$ -> #ПОСАДИТЬ$) = -13.818258192678599
correctionProbability (#XVEDIOS$ -> #XVIDEOS$) = -76.26423724415501
correctionProbability (#СТЕКЛОПОДЬЕМНИК$ -> #СТЕКЛОПОДЪЕМНИК$) = -27.279081917687385
correctionProbability (#ПЬЕШ$ -> #ПЬЕШЬ$) = -20.770018151884518
correctionProbability (#CHIRUTTI$ -> #CHARUTTI$) = -25.116576076071254
correctionProbability (#АСТАН$ -> #АСТАНА$) = -9.640896265318286
correctionProbability (#МЕДИЦИНС$ -> #МЕДИЦИНСКИЙ$) = -145.72424914496995
correctionProbability (#БЕЗПРУЖИННЫЕ$ -> #БЕСПРУЖИННЫЕ$) = -28.75567202394248
correctionProbability (#КРОССДРЕСЕРЫ$ -> #КРОССДРЕССЕРЫ$) = -25.90591682648393
correctionProbability (#НАНЛОТАТЬСЯ$ -> #НАГЛОТАТЬСЯ$) = -29.57271248747564
correctionProbability (#ЦЕРКОВ$ -> #ЦЕРКОВЬ$) = -12.589757693068023
correctionProbability (#СИНОНИМВ$ -> #СИНОНИМЫ$) = -14.291441327291501
correctionProbability (#СЕРЙАЛЫ$ -> #СЕРИАЛЫ$) = -7.537292251472223
correctionProbability (#СТРАЩОВАНИЕ$ -> #СТРАХОВАНИЕ$) = -14.587606293672039
correctionProbability (#СТИХОТВОРЕНЬЕ$ -> #СТИХОТВОРЕНИЕ$) = -17.81676073773717
correctionProbability (#CИМУЛЯТОР$ -> #СИМУЛЯТОР$) = -13.02465604546537
correctionProbability (#ДОБОВОЕ$ -> #ЛОБОВОЕ$) = -16.15956889033272
correctionProbability (#ТРЕНЕРОВКА$ -> #ТРЕНИРОВКА$) = -16.66153716750165
correctionProbability (#MAQAZIN$ -> #MAGAZIN$) = -18.459258901383734
correctionProbability (#ТЕХЛОГИЯ$ -> #ТЕХНОЛОГИЯ$) = -80.39577825281688
correctionProbability (#ГРАМАТИКУ$ -> #ГРАММАТИКУ$) = -25.194568450573968
correctionProbability (#РАСПИСАНИЕИ$ -> #РАСПИСАНИЕ$) = -12.135582069892251
correctionProbability (#РАСТЕНИЦ$ -> #РАСТЕНИЙ$) = -12.171861053165763
correctionProbability (#ПОЗВОНИТИ$ -> #ПОЗВОНИТЬ$) = -15.563282557980365
correctionProbability (#ПОДІІ$ -> #ПОДІЇ$) = -18.254608052929857
correctionProbability (#JONS$ -> #JONES$) = -14.923210510919848
correctionProbability (#ЖЕЛТНЕТ$ -> #ЖЕЛТЕЕТ$) = -20.140844030457984
correctionProbability (#УБОРЩЕЦА$ -> #УБОРЩИЦА$) = -14.784217353747401
correctionProbability (#ТОЧКО$ -> #ТОЧКА$) = -9.705915821563412
correctionProbability (#САОЛЬКО$ -> #СКОЛЬКО$) = -6.046819477044785
correctionProbability (#ЛЯМДА$ -> #ЛЯМБДА$) = -17.119727881975937
correctionProbability (#РОСТОЯНИЕ$ -> #РАССТОЯНИЕ$) = -77.83540688099421
correctionProbability (#НЕРАЗРУШЫМАЯ$ -> #НЕРАЗРУШИМАЯ$) = -31.429360244851146
correctionProbability (#ЗАЖИГАНІЯ$ -> #ЗАЖИГАНИЯ$) = -14.45052538811629
correctionProbability (#БАМБИМ$ -> #БОМБИМ$) = -17.680142886697997
correctionProbability (#JONN$ -> #JOHN$) = -10.891810589016846
correctionProbability (#ЛОВПЛЕНЕТ$ -> #ЛОВПЛЭНЕТ$) = -23.211266755542688
correctionProbability (#ФЕНИСТ$ -> #ФИНИСТ$) = -17.976599135779285
correctionProbability (#УЗНАИЬ$ -> #УЗНАТЬ$) = -8.67583396525379
correctionProbability (#ДЕТСКПЯ$ -> #ДЕТСКАЯ$) = -9.002683899934368
correctionProbability (#РАСТЕНИЧ$ -> #РАСТЕНИЯ$) = -11.461668279977168
correctionProbability (#АЛГОМАСК$ -> #АЛЬГОМАСК$) = -35.29684738306649
correctionProbability (#КАРТЕЧ$ -> #КАРТЕЧЬ$) = -22.11054505580195
correctionProbability (#ТАНЦУБЩИЕ$ -> #ТАНЦУЮЩИЕ$) = -19.661047239507624
correctionProbability (#CRYPOPHOBIA$ -> #TRYPOPHOBIA$) = -30.147306913120374
correctionProbability (#НОМБАНК$ -> #ХОМБАНК$) = -18.100262509544024
correctionProbability (#МЕДИНУСКИЕ$ -> #МЕДИЦИНСКИЙ$) = -212.44273938345094
correctionProbability (#ЗАРЕГИТРИРОВАТЬ$ -> #ЗАРЕГИСТРИРОВАТЬ$) = -23.72736450562865
correctionProbability (#РЕГУЛЯТО$ -> #РЕГУЛЯТОР$) = -16.536323560243254
correctionProbability (#ШАХИРИЗАДА$ -> #ШАХЕРЕЗАДА$) = -82.87175211841473
correctionProbability (#ШАШЛИКА$ -> #ШАШЛЫКА$) = -15.304284525481464
correctionProbability (#JONH$ -> #JOHN$) = -78.7871964218891
correctionProbability (#РАЩМЕРА$ -> #РАЗМЕРА$) = -12.88523738208307
correctionProbability (#УБИРАЕТЬСЯ$ -> #УБИРАЕТСЯ$) = -24.27108577222493
correctionProbability (#ПЛАССТИКОВЫЕ$ -> #ПЛАСТИКОВЫЕ$) = -17.052387934532703
correctionProbability (#КУПИИТЬ$ -> #КУПИТЬ$) = -3.8770698043282046
correctionProbability (#ВАПСАП$ -> #ВАТСАП$) = -8.557481799936237
correctionProbability (#ОВЕРВАЧ$ -> #ОВЕРВОТЧ$) = -81.73228607713442
correctionProbability (#ТОПТЫК$ -> #ТОПТЫҚ$) = -19.675615428967735
correctionProbability (#ЗАТВЕРЖДЕНИЯХ$ -> #УТВЕРЖДЕНИЯХ$) = -105.09107504365835
correctionProbability (#РЕГИСТАЦИЯ$ -> #РЕГИСТРАЦИЯ$) = -14.489647648063766
correctionProbability (#НВАЯ$ -> #НОВАЯ$) = -7.86893722036438
correctionProbability (#СЕЛДОМ$ -> #СЭЛДОМ$) = -20.644787814607657
correctionProbability (#ПОЗДРАВЛЕНЬЕ$ -> #ПОЗДРАВЛЕНИЕ$) = -13.705959832347503
correctionProbability (#GRAMMER$ -> #GRAMMAR$) = -15.39706370712954
correctionProbability (#СУПОРТОВ$ -> #СУППОРТОВ$) = -20.046551573074495
correctionProbability (#ОКТЯБОРЬСКОМ$ -> #ОКТЯБРЬСКОМ$) = -22.827128262665283
correctionProbability (#ЗАМОЕ$ -> #ЗАМОК$) = -8.926520484374269
correctionProbability (#УПОЛНОМОЧЕНЫЙ$ -> #УПОЛНОМОЧЕННЫЙ$) = -24.46243502121891
correctionProbability (#МАМАК$ -> #МАМОК$) = -15.724705063293232
correctionProbability (#МИНЬЙОНЫ$ -> #МИНЬОНЫ$) = -17.037107220196745
correctionProbability (#ОКТЯБОРЬСКОЙ$ -> #ОКТЯБРЬСКОЙ$) = -23.670712545278946
correctionProbability (#СОГЛОСОВАНИЕ$ -> #СОГЛАСОВАНИЕ$) = -21.617672143797854
correctionProbability (#РОУЖ$ -> #РУЖ$) = -15.749678735949207
correctionProbability (#ХАЧБЕК$ -> #ХЭТЧБЕК$) = -80.87884311989718
correctionProbability (#ПЛКУПАТЬ$ -> #ПОКУПАТЬ$) = -15.192217571773732
correctionProbability (#ПОДГЛЯДУЕТ$ -> #ПОДГЛЯДЫВАЕТ$) = -152.84564667064043
correctionProbability (#ИНТЕРЕТ$ -> #ИНТЕРНЕТ$) = -6.471543099665432
correctionProbability (#TELECOMUNICATION$ -> #TELECOMMUNICATION$) = -35.86150760732009
correctionProbability (#СОДНРЖАНИЕ$ -> #СОДЕРЖАНИЕ$) = -13.44557778205023
correctionProbability (#SHKODA$ -> #SKODA$) = -16.27375850738863
correctionProbability (#КАДАСТРО$ -> #КАДАСТРОВАЯ$) = -146.12106240157792
correctionProbability (#ВЫПУСКІ$ -> #ВЫПУСКИ$) = -10.10594875624217
correctionProbability (#БУРРАТО$ -> #БУРРАТА$) = -21.26447766379553
correctionProbability (#ПРИЗРЕНА$ -> #ПРЕЗРЕННА$) = -99.97896180999841
correctionProbability (#УЗБЕКСТАНЕ$ -> #УЗБЕКИСТАНЕ$) = -18.455070629053218
correctionProbability (#ЄФИР$ -> #ЭФИР$) = -5.7124262509031105
correctionProbability (#СЛОВОРЯ$ -> #СЛОВАРЯ$) = -17.982309901894936
correctionProbability (#YEALNK$ -> #YEALINK$) = -23.164470643282314
correctionProbability (#МВИДИО$ -> #МВИДЕО$) = -11.297208498626862
correctionProbability (#МАТВЕЕНКО$ -> #МАТВИЕНКО$) = -18.626784665961637
correctionProbability (#ВКОНТКТЕ$ -> #ВКОНТАКТЕ$) = -7.11768504300035
correctionProbability (#ПРИКЛЕИТ$ -> #ПРИКЛЕИТЬ$) = -18.099785778513898
correctionProbability (#ГАРГЕНТАЛЬ$ -> #ГАРТЕНТАЛЬ$) = -27.365229183752383
correctionProbability (#ТЕМТ$ -> #ТЕСТ$) = -6.27476482461001
correctionProbability (#ФЕЙЧБУК$ -> #ФЕЙСБУК$) = -7.055602187478264
correctionProbability (#РАЗОБРАНОМ$ -> #РАЗОБРАННОМ$) = -25.296261473146288
correctionProbability (#ПРМАЯ$ -> #ПРЯМАЯ$) = -10.13955916453622
correctionProbability (#ЖЕМЧУЖЕНА$ -> #ЖЕМЧУЖИНА$) = -16.261470748944994
correctionProbability (#РУССИКЕ$ -> #РУССКИЕ$) = -74.68590751926598
correctionProbability (#КРАСІВАЯ$ -> #КРАСИВАЯ$) = -10.809217435775743
correctionProbability (#ЧЕЛЯБИНСКИ$ -> #ЧЕЛЯБИНСКЕ$) = -13.587397069002726
correctionProbability (#РАССЕАЗ$ -> #РАССКАЗ$) = -10.443763264183673
correctionProbability (#ЧЕШАТСЯ$ -> #ЧЕШУТСЯ$) = -17.033072319401896
correctionProbability (#МАЧТЕР$ -> #МАСТЕР$) = -8.063843420652407
correctionProbability (#ПРОВІЗОР$ -> #ПРОВИЗОР$) = -17.717593754122696
correctionProbability (#ИСЛУГИ$ -> #УСЛУГИ$) = -8.168422543685786
correctionProbability (#САУНДРЕКИ$ -> #САУНДТРЕКИ$) = -20.210341135553307
correctionProbability (#АТАНАСЯ$ -> #АТАНАСЯН$) = -14.2583149153646
correctionProbability (#РУССИКЙ$ -> #РУССКИЙ$) = -74.62851514959405
correctionProbability (#ТЕМК$ -> #ТЕМУ$) = -5.461606219913008
correctionProbability (#МАМАЫ$ -> #МАМЫ$) = -11.129024424482491
correctionProbability (#СМОТРИЕТЬ$ -> #СМОТРЕТЬ$) = -4.868740303044346
correctionProbability (#ТОЧНЕ$ -> #ТОЧНОЕ$) = -11.828507111394135
correctionProbability (#РААСКАЗ$ -> #РАССКАЗ$) = -10.4360526861214
correctionProbability (#КАПРОГНОЗ$ -> #ПРОГНОЗ$) = -78.16077438654399
correctionProbability (#ПРОГРАМЕ$ -> #ПРОГРАММЕ$) = -15.356007530951182
correctionProbability (#МИЛЬГАМА$ -> #МИЛЬГАММА$) = -18.44057107602908
correctionProbability (#СЕВЕРНИЙ$ -> #СЕВЕРНЫЙ$) = -13.59406301621366
correctionProbability (#ТАСОЛ$ -> #ТОСОЛ$) = -15.512786579786809
correctionProbability (#MADDISON$ -> #MADISON$) = -21.025762882193888
correctionProbability (#ГАРАНТИ$ -> #ГАРАНТИИ$) = -17.344535927093666
correctionProbability (#ТИМАТИЧЕСКИЙ$ -> #ТЕМАТИЧЕСКИЙ$) = -21.49643392643987
correctionProbability (#АВАНЕН$ -> #АКВАМЕН$) = -77.91974734037686
correctionProbability (#КРАКАДИЛА$ -> #КРОКОДИЛА$) = -82.68762999997544
correctionProbability (#ULVIYE$ -> #ULVIYYE$) = -22.438067962010322
correctionProbability (#ПМШЕТСЯ$ -> #ПИШЕТСЯ$) = -11.564436759149366
correctionProbability (#BANGGOD$ -> #BANGGOOD$) = -21.880870616741056
correctionProbability (#ЛЮБИТЕЬСКОЕ$ -> #ЛЮБИТЕЛЬСКОЕ$) = -19.451417803180043
correctionProbability (#МАЧТЕЙ$ -> #МАТЧЕЙ$) = -80.61240152996662
correctionProbability (#ZVIOZDI$ -> #ZVYOZDI$) = -23.34609620231953
correctionProbability (#МАМАТ$ -> #МОМАТ$) = -18.85005717825827
correctionProbability (#УРОФЕРОН$ -> #ЭРГОФЕРОН$) = -84.33466843463289
correctionProbability (#STEPHENIE$ -> #STEPHANIE$) = -19.712374657118907
correctionProbability (#ФЕНИКИ$ -> #ФИНИКИ$) = -16.34041870986137
correctionProbability (#ЦЕННА$ -> #ЦЕНА$) = -4.6228440785356355
correctionProbability (#КОРЕСКИЙ$ -> #КОРЕЙСКИЙ$) = -15.890475405237403
correctionProbability (#МАМАУ$ -> #МАМУ$) = -11.725049980076474
correctionProbability (#МУЛЬФИЛМЫ$ -> #МУЛЬТФИЛЬМЫ$) = -77.16381023296293
correctionProbability (#РОСТЬЮТОРС$ -> #РУСТЬЮТОРС$) = -20.29080305149104
correctionProbability (#ШЛЯТЕРА$ -> #ШЛЯТТЕРА$) = -22.619894908058363
correctionProbability (#КИТАЙСЬКИЙ$ -> #КИТАЙСКИЙ$) = -16.269963266244474
correctionProbability (#СТРІМ$ -> #СТРИМ$) = -12.610724452004451
correctionProbability (#ПРОДАКТА$ -> #ПРОДУКТА$) = -17.548057682569528
correctionProbability (#ВААТСАП$ -> #ВАТСАП$) = -11.029993342282712
correctionProbability (#БРОУЗЕР$ -> #БРАУЗЕР$) = -10.225741241892472
correctionProbability (#ЮЛЬЕВНА$ -> #ЮРЬЕВНА$) = -14.678854560777161
correctionProbability (#ПЕРЕУСТАНОВИТТ$ -> #ПЕРЕУСТАНОВИТЬ$) = -22.99061603901842
correctionProbability (#РОЛИТЕЛЯМ$ -> #РОДИТЕЛЯМ$) = -15.60096422701426
correctionProbability (#ГОСТИНЕЦЕ$ -> #ГОСТИНИЦЕ$) = -17.827899136442987
correctionProbability (#ДОКОЖИТЕ$ -> #ДОКАЖИТЕ$) = -17.735856504715898
correctionProbability (#ГОСТИНЕЦА$ -> #ГОСТИНИЦА$) = -13.130600612277938
correctionProbability (#ДВАЦАТЬ$ -> #ДВАДЦАТЬ$) = -17.589418247228082
correctionProbability (#КУЗНЮ$ -> #КУХНЮ$) = -9.936915042993075
correctionProbability (#МВНИКЮР$ -> #МАНИКЮР$) = -9.765977136330221
correctionProbability (#СИМФЕРОПАЛЬ$ -> #СИМФЕРОПОЛЬ$) = -12.598908202931575
correctionProbability (#ЧИСЛЕЕОСТИ$ -> #ЧИСЛЕННОСТИ$) = -85.41334786434426
correctionProbability (#НАЗАНИЯ$ -> #НАЗВАНИЯ$) = -12.790939925947136
correctionProbability (#РИДЖЕНС$ -> #РИДЖЕНСИ$) = -26.484168996409252
correctionProbability (#РТСУНОК$ -> #РИСУНОК$) = -6.629771460655697
correctionProbability (#МАТЕМАТМКА$ -> #МАТЕМАТИКА$) = -11.405602260920922
correctionProbability (#КАККОГО$ -> #КАКОГО$) = -11.408779811562642
correctionProbability (#СЕМБИРСКОГО$ -> #СИМБИРСКОГО$) = -29.966117423980478
correctionProbability (#БОЛЕЗЬ$ -> #БОЛЕЗНЬ$) = -12.329245746813015
correctionProbability (#ВИЛБРЕС$ -> #ВИЛБЕРИС$) = -81.7980952659878
correctionProbability (#ВИКИПЕИЯ$ -> #ВИКИПЕДИЯ$) = -10.003944444103873
correctionProbability (#ЗАКОЛЯЛАСЬ$ -> #ЗАКАЛЯЛАСЬ$) = -22.67062739563857
correctionProbability (#ТОРЕНТ$ -> #ТОРРЕНТ$) = -8.098338156244779
correctionProbability (#ХОЗЯЙН$ -> #ХОЗЯИН$) = -13.513361104599216
correctionProbability (#РЕЕСТРАЦИЯ$ -> #РЕЄСТРАЦІЯ$) = -87.25930368770109
correctionProbability (#ГРУПОВАЯ$ -> #ГРУППОВАЯ$) = -20.343009987102953
correctionProbability (#ИЬЯ$ -> #ИЛЬЯ$) = -10.399036194376844
correctionProbability (#ТЕЛФ$ -> #ТЕЛЕФ$) = -20.545401765026636
correctionProbability (#СПЛИСТИ$ -> #СПЛЕСТИ$) = -16.25609366535592
correctionProbability (#РОБЛОЛКС$ -> #РОБЛОКС$) = -9.833973122375
correctionProbability (#РОБАТОВ$ -> #РОБОТОВ$) = -14.166076407052714
correctionProbability (#АМБОССАДОР$ -> #АМБАССАДОР$) = -20.419684097864348
correctionProbability (#ВЛЮБЛЕНЫЙ$ -> #ВЛЮБЛЕННЫЙ$) = -21.290322450762183
correctionProbability (#ОЖЕТ$ -> #МОЖЕТ$) = -8.566471700327117
correctionProbability (#РЕЩЕНИЯ$ -> #РЕШЕНИЯ$) = -12.97720642815483
correctionProbability (#ПАДОЛОГ$ -> #ПОДОЛОГ$) = -20.73957593210097
correctionProbability (#ТОРЕНН$ -> #ТОРРЕНТ$) = -72.87112416551618
correctionProbability (#ОДНОЛКЛАССНИКИ$ -> #ОДНОКЛАССНИКИ$) = -13.727014365317935
correctionProbability (#МОСВКЫ$ -> #МОСКВЫ$) = -74.34514259956204
correctionProbability (#ИШОРЬ$ -> #ИГОРЬ$) = -8.52848584067723
correctionProbability (#ПАСТЕЛЬНОЕ$ -> #ПОСТЕЛЬНОЕ$) = -15.519870171847138
correctionProbability (#MERCEDE$ -> #MERCEDES$) = -13.951355588014628
correctionProbability (#ЧАНГАР$ -> #ЧОНГАР$) = -21.320237959544233
correctionProbability (#MEDIVAL$ -> #MEDIEVAL$) = -20.928563922990925
correctionProbability (#КОИПАНИЯ$ -> #КОМПАНИЯ$) = -10.228888320813184
correctionProbability (#VSTREC$ -> #VSTRECH$) = -33.719451691168175
correctionProbability (#ТЕТРДАЬ$ -> #ТЕТРАДЬ$) = -77.10767574266639
correctionProbability (#ВИТС$ -> #ВИТЦ$) = -17.290248540777032
correctionProbability (#ТАНСУЙ$ -> #ТАНЦУЙ$) = -12.624094743968147
correctionProbability (#ОПТОВ$ -> #ОПТОМ$) = -5.764229423942428
correctionProbability (#БИДИО$ -> #ВИДЕО$) = -66.45291790566787
correctionProbability (#INSTQRAM$ -> #INSTAGRAM$) = -78.32079347308746
correctionProbability (#ДРАЙАЕР$ -> #ДРАЙВЕР$) = -10.409858797353792
correctionProbability (#РИБЕЙРАО$ -> #РИБЕЙРО$) = -27.30196169124649
correctionProbability (#ПОЛНЛСТЬЮ$ -> #ПОЛНОСТЬЮ$) = -13.053224911099612
correctionProbability (#ДАЕТЬСЯ$ -> #ДАЕТСЯ$) = -19.593316243792945
correctionProbability (#SYNOCHKI$ -> #SINOCHKI$) = -25.092308117610763
correctionProbability (#СКАКАЧАТЬ$ -> #СКАЧАТЬ$) = -72.25009902829953
correctionProbability (#ГЕОМЕЬРИИ$ -> #ГЕОМЕТРИИ$) = -13.107754439484815
correctionProbability (#ТУПЛЕНИЯ$ -> #ОТОПЛЕНИЯ$) = -77.2775957738519
correctionProbability (#МЕТОЛЫ$ -> #МЕТОДЫ$) = -11.101438095365427
correctionProbability (#ТРАНСЛАЦИЯ$ -> #ТРАНСЛЯЦИЯ$) = -12.955008280910079
correctionProbability (#SARKILAR$ -> #ŞARKILAR$) = -25.43870783440341
correctionProbability (#ОБПАСТИ$ -> #ОБЛАСТИ$) = -6.122866548814898
correctionProbability (#ПИДРУЧНЫК$ -> #ПІДРУЧНИК$) = -83.97449924784114
correctionProbability (#ЫВАНА$ -> #ІВАНА$) = -17.30972033952928
correctionProbability (#СЕРЕБРЕНЫЕ$ -> #СЕРЕБРЯНЫЕ$) = -17.188202576383276
correctionProbability (#ЦЕННЫ$ -> #ЦЕНЫ$) = -6.531656610146467
correctionProbability (#КАЛКУЛЯТОР$ -> #КАЛЬКУЛЯТОР$) = -12.697424548115038
correctionProbability (#ГОЛАППЛ$ -> #КОЛАПОЛ$) = -97.69806558861069
correctionProbability (#ЭРОР$ -> #ЭРРОР$) = -18.48472360911705
correctionProbability (#МВЙНКРАФТ$ -> #МАЙНКРАФТ$) = -7.992843373587299
correctionProbability (#ОДНОКЛАСНИЦЕ$ -> #ОДНОКЛАССНИЦЕ$) = -27.204460839154528
correctionProbability (#ШЮХА$ -> #ШЛЮХА$) = -14.05197516935986
correctionProbability (#ZBORNO$ -> #ZBORNI$) = -26.462539436549562
correctionProbability (#ГОСТИНЕЦЫ$ -> #ГОСТИНИЦЫ$) = -13.975346917640003
correctionProbability (#ГОЛОВИНОВА$ -> #ГОЛОВАНОВА$) = -23.87651799756626
correctionProbability (#ОЖЕГ$ -> #ОЖОГ$) = -14.712760739220787
correctionProbability (#НАЗАНИЕ$ -> #НАЗВАНИЕ$) = -12.111030681292455
correctionProbability (#ТОРЕНЬ$ -> #ТОРРЕНТ$) = -72.86523403700859
correctionProbability (#ПОЗДРОВЛЕНИЯ$ -> #ПОЗДРАВЛЕНИЯ$) = -13.330501622751413
correctionProbability (#МОТОХИМИЯ$ -> #АВТОХИМИЯ$) = -84.17977362072341
correctionProbability (#СПИНИНГЛАЙН$ -> #СПИННИНГЛАЙН$) = -27.160980112015558
correctionProbability (#СТЕРЛИТАМА$ -> #СТЕРЛИТАМАК$) = -17.53155102933063
correctionProbability (#ШЛИФМАШИНУ$ -> #ШЛИФМАШИНКУ$) = -26.89913586146433
correctionProbability (#СФОТОГРАФИИОВАЛИ$ -> #СФОТОГРАФИРОВАЛИ$) = -31.903266845029506
correctionProbability (#YANDEKS$ -> #YANDEX$) = -76.88064715320247
correctionProbability (#ГОРРДА$ -> #ГОРОДА$) = -7.5737227969909675
correctionProbability (#РОГРАММЫ$ -> #ПРОГРАММЫ$) = -12.957918218181753
correctionProbability (#ФОНТАСТИЧЕСКИЕ$ -> #ФАНТАСТИЧЕСКИЕ$) = -19.202995386244552
correctionProbability (#BLENK$ -> #BLANK$) = -12.548504331880832
correctionProbability (#СПАКИС$ -> #СПАКЕС$) = -12.47341216865777
correctionProbability (#ЖДРЕЗКА$ -> #ХДРЕЗКА$) = -18.51861189374327
correctionProbability (#MURTFILMEBI$ -> #MULTFILMEBI$) = -23.465366709645437
correctionProbability (#СКОТТДЕЙЛ$ -> #СКОТТСДЕЙЛ$) = -28.744127537076444
correctionProbability (#ХАЛВ$ -> #ХАЛФ$) = -14.399774463570783
correctionProbability (#РУСЮТОРС$ -> #РУСТЬЮТОРС$) = -86.14555250284957
correctionProbability (#ОБШЕНИЕ$ -> #ОБЩЕНИЕ$) = -14.038487768552827
correctionProbability (#ТЕОЕФОНЕ$ -> #ТЕЛЕФОНЕ$) = -12.648591217091543
correctionProbability (#ИСЛЕДОВАТЕЛЬСКИЙ$ -> #ИССЛЕДОВАТЕЛЬСКИЙ$) = -28.384211494346957
correctionProbability (#ГИАСС$ -> #ГИАС$) = -19.83286737831946
correctionProbability (#МЫТИЩЬ$ -> #МЫТИЩ$) = -22.546626255246366
correctionProbability (#ВФИША$ -> #АФИША$) = -7.782496261167676
correctionProbability (#NOUTBOOK$ -> #NOTEBOOK$) = -86.36674252195667
correctionProbability (#ВЕБРАТОРОМ$ -> #ВИБРАТОРОМ$) = -20.095843358395975
correctionProbability (#NJT$ -> #NOT$) = -8.82624874144862
correctionProbability (#СИАОМИ$ -> #КСИАОМИ$) = -18.10858751865362
correctionProbability (#ДРАГОЦЕНЫЕ$ -> #ДРАГОЦЕННЫЕ$) = -21.821912634548973
correctionProbability (#ОДНОКЛАСНИЦУ$ -> #ОДНОКЛАССНИЦУ$) = -25.110519652271904
correctionProbability (#ЖОЛЛАРА$ -> #ДОЛЛАРА$) = -9.574268965020295
correctionProbability (#INJUECTION$ -> #INJECTION$) = -25.600376877106264
correctionProbability (#ЖЭНЩИНА$ -> #ЖЕНЩИНА$) = -9.156455302883415
correctionProbability (#РЕШНБНИК$ -> #РЕШЕБНИК$) = -11.360876988960065
correctionProbability (#ЕРОТИКА$ -> #ЭРОТИКА$) = -7.896684248733095
correctionProbability (#ВОРЛЬД$ -> #ВОРЛД$) = -12.404080374543735
correctionProbability (#МЫТИЩЕ$ -> #МЫТИЩИ$) = -12.233711731524505
correctionProbability (#КОЗАЧАТ$ -> #КАЗАЧАТ$) = -25.300713728515234
correctionProbability (#АНДРОЕДЕ$ -> #АНДРОИДЕ$) = -15.911806820981788
correctionProbability (#PREVISIONE$ -> #PREVISIONI$) = -28.13034843314187
correctionProbability (#ПОЧЕМВ$ -> #ПОЧЕМУ$) = -6.6472204549418485
correctionProbability (#ПТНИЦА$ -> #ПЯТНИЦА$) = -12.388632641969203
correctionProbability (#МУЛЬТЬФИЛЬМ$ -> #МУЛЬТФИЛЬМ$) = -11.574610117141113
correctionProbability (#CAMBAR$ -> #GAMBAR$) = -16.876059567378096
correctionProbability (#АКТИВНОЦ$ -> #АКТИВНОЙ$) = -19.21247632945422
correctionProbability (#СТОИОМСТЬ$ -> #СТОИМОСТЬ$) = -77.24554999185084
correctionProbability (#САММАНЕ$ -> #САМАРЕ$) = -77.0338349674886
correctionProbability (#НОМАЛЬСК$ -> #НАМАЛЬСК$) = -19.119930383081027
correctionProbability (#ЗАСЫПКИНУ$ -> #ЗАСЫПКУ$) = -93.46337863546454
correctionProbability (#АНИМСИМОВКА$ -> #АНИСИМОВКА$) = -28.705653703444682
correctionProbability (#БАБУЛЕК$ -> #БАБУШЕК$) = -13.576998997734208
correctionProbability (#АМИЛОТЕКС$ -> #АМЕЛОТЕКС$) = -20.002126106164184
correctionProbability (#ИНЛИВИДУАЛКИ$ -> #ИНДИВИДУАЛКИ$) = -18.370563178080452
correctionProbability (#ЗАВИЗАТЬ$ -> #ЗАВЯЗАТЬ$) = -14.65881074046223
correctionProbability (#КРАСАТЫ$ -> #КРАСОТЫ$) = -11.237188540013754
correctionProbability (#СКАЯАТТ$ -> #СКАЧАТЬ$) = -67.22086104829478
correctionProbability (#МЕРТВИЦОВ$ -> #МЕРТВЕЦОВ$) = -16.580319823871463
correctionProbability (#ГЕЛЕОЦЕНТРИЧЕСКАЯ$ -> #ГЕЛИОЦЕНТРИЧЕСКАЯ$) = -31.920803751494674
correctionProbability (#АМЕРЕКА$ -> #АМЕРИКА$) = -13.213083021026982
correctionProbability (#ЖЕНЧИН$ -> #ЖЕНЩИН$) = -7.139155099515921
correctionProbability (#СИНОПТІК$ -> #СІНОПТІК$) = -17.515040296900843
correctionProbability (#ТЕЛОХРОНИТЕЛЬ$ -> #ТЕЛОХРАНИТЕЛЬ$) = -20.69799954420902
correctionProbability (#GUNO$ -> #GYNO$) = -19.220208865217455
correctionProbability (#РАССКРАСЬ$ -> #РАСКРАСЬ$) = -19.94142240198846
correctionProbability (#CROSDRESSER$ -> #CROSSDRESSER$) = -25.063946572773382
correctionProbability (#ПРОГГРАМА$ -> #ПРОГРАММА$) = -76.46641457285018
correctionProbability (#КУЛЕНЬ$ -> #КУРЕНЬ$) = -21.08531315909936
correctionProbability (#ПИЛЬНСКИЙ$ -> #ПИЛЬНИНСКИЙ$) = -94.10278052956471
correctionProbability (#БЕЛАОУСЬ$ -> #БЕЛАРУСЬ$) = -11.372689316138135
correctionProbability (#СКОРОХОДОВО$ -> #СКОРОХОДОВА$) = -25.84068878804723
correctionProbability (#GRANTE$ -> #GRANDE$) = -15.331094817688726
correctionProbability (#НАРОХИТО$ -> #НАРУХИТО$) = -22.461310240842195
correctionProbability (#НОВОГДНЯЯ$ -> #НОВОГОДНЯЯ$) = -16.443699394838895
correctionProbability (#КРАСАТУ$ -> #КРАСОТУ$) = -17.290168678763692
correctionProbability (#GUNI$ -> #GUNU$) = -17.275172780456526
correctionProbability (#ШЕЧЕНКО$ -> #ШЕВЧЕНКО$) = -15.410466365015886
correctionProbability (#БЕЗИСХОДНОСТЬ$ -> #БЕЗЫСХОДНОСТЬ$) = -28.818270844728175
correctionProbability (#МИЛЕНЬКИХ$ -> #МАЛЕНЬКИХ$) = -11.417345692611136
correctionProbability (#ГАНЧАРОВ$ -> #ГОНЧАРОВ$) = -17.35577426507728
correctionProbability (#ПЕРВЫЫЙ$ -> #ПЕРВЫЙ$) = -10.317396457250165
correctionProbability (#ФОТКНИГИ$ -> #ФОТОКНИГИ$) = -21.720310956216444
correctionProbability (#ДНЬОМ$ -> #ДНЕМ$) = -71.48049414364952
correctionProbability (#БЕШЕННАЯ$ -> #БЕШЕНАЯ$) = -20.51810125425702
correctionProbability (#ПІДПЕНЬКИ$ -> #ПАПАНЬКИ$) = -152.7885302826612
correctionProbability (#ОБЬЁМА$ -> #ОБЪЕМА$) = -78.91241445340026
correctionProbability (#ОЕЦЕПТЫ$ -> #РЕЦЕПТЫ$) = -8.198229190326416
correctionProbability (#ANTIVIR$ -> #ANTIVIRUS$) = -84.30907209353968
correctionProbability (#КОКОЛАЕВНА$ -> #НИКОЛАЕВНА$) = -81.06168569737181
correctionProbability (#ТЕОА$ -> #ТЕЛА$) = -8.647597300080008
correctionProbability (#ПЛИСЕ$ -> #ПЛИССЕ$) = -17.630125432319648
correctionProbability (#ЖЫРНАЯ$ -> #ЖИРНАЯ$) = -15.822309846322423
correctionProbability (#ДОМАШНАЯ$ -> #ДОМАШНЯЯ$) = -13.495983663249817
correctionProbability (#ДОСЬАВКА$ -> #ДОСТАВКА$) = -9.681055884519303
correctionProbability (#ЕЛИЗАРОВЩИНА$ -> #ОЛИЗАРОВЩИНА$) = -37.70968590171644
correctionProbability (#РЕКОРЛ$ -> #РЕКОРД$) = -11.723830102917066
correctionProbability (#ВОДОСНОБЖЕНИЯ$ -> #ВОДОСНАБЖЕНИЯ$) = -21.041482488586155
correctionProbability (#ДИНОМИЧНЫЙ$ -> #ДИНАМИЧНЫЙ$) = -27.748560721850055
correctionProbability (#ИЛЬДЭБОТЭ$ -> #ИЛЬДЕБОТЕ$) = -86.64398689020989
correctionProbability (#РАСПРЕДИЛИТЕ$ -> #РАСПРЕДЕЛИТЕ$) = -24.654821585221534
correctionProbability (#QOOQL$ -> #GOOGLE$) = -135.8715597403356
correctionProbability (#ДОСЛIДЖЕННЯ$ -> #ДОСЛІДЖЕННЯ$) = -22.453563406342134
correctionProbability (#ЙФОН$ -> #АЙФОН$) = -8.389629082066694
correctionProbability (#БИТКОИ$ -> #БИТКОИН$) = -13.214025173426542
correctionProbability (#МУЛЬТФИЛИМ$ -> #МУЛЬТФИЛЬМ$) = -9.103067209092792
correctionProbability (#НАЧНУТЬ$ -> #НАЧНУТ$) = -20.357606787458746
correctionProbability (#КНИГШИ$ -> #КНИГИ$) = -9.498182462862307
correctionProbability (#ПОРНОХЮБ$ -> #ПОРНОХУБ$) = -19.079793157529487
correctionProbability (#МЕДИКЛ$ -> #МЕДИКАЛ$) = -18.109242671626404
correctionProbability (#РЕКОРТ$ -> #РЕКОРД$) = -11.726384290833234
correctionProbability (#YTRIPMYDREAM$ -> #TRIPMYDREAM$) = -23.858115398771005
correctionProbability (#ХАМО$ -> #ХМАО$) = -78.80462200905701
correctionProbability (#КРАСАТА$ -> #КРАСОТА$) = -11.88938760346872
correctionProbability (#ВОЕНННАЯ$ -> #ВОЕННАЯ$) = -14.95687329404062
correctionProbability (#ОХЛАЖДАЮЩИЮ$ -> #ОХЛАЖДАЮЩУЮ$) = -24.397880766299338
correctionProbability (#ИЛЬДЭБОТЕ$ -> #ИЛЬДЕБОТЕ$) = -21.866603328747665
correctionProbability (#РАЗНОРОБОЧИЙ$ -> #РАЗНОРАБОЧИЙ$) = -20.916257279974893
correctionProbability (#KOLLINS$ -> #COLLINS$) = -19.06130071764583
correctionProbability (#КОМОНДОР$ -> #КОМАНДОР$) = -18.111720130589724
correctionProbability (#КАРИАНДР$ -> #КОРИАНДР$) = -20.335225531929467
correctionProbability (#ТЕРАКОТА$ -> #ТЕРРАКОТА$) = -24.01292487109918
correctionProbability (#KALIFORNIA$ -> #CALIFORNIA$) = -20.03388315953653
correctionProbability (#BETBIR$ -> #DETMIR$) = -84.80442010389872
correctionProbability (#УНИТИ$ -> #ЮНИТИ$) = -13.351482182599323
correctionProbability (#ЧИСТЮНКИ$ -> #ЧИСТЮНЬКИ$) = -35.38335727026782
correctionProbability (#ЧЕЧЕНЦОВ$ -> #ЧЕЧЕНЦЕВ$) = -20.28182793144736
correctionProbability (#FUJISTU$ -> #FUJITSU$) = -85.97789230071977
correctionProbability (#КРАСАТЕ$ -> #КРАСОТЕ$) = -16.001005770636624
correctionProbability (#УКЬЯНОВСК$ -> #УЛЬЯНОВСК$) = -12.188731571929388
correctionProbability (#АМБРОЛ$ -> #АМБРОКСОЛ$) = -150.01615539385728
correctionProbability (#ДЕШЕВЛИ$ -> #ДЕШЕВЛЕ$) = -14.224728282531629
correctionProbability (#ПОИЛОЖЕНИЕ$ -> #ПРИЛОЖЕНИЕ$) = -13.28885286343926
correctionProbability (#ПЕРВШКИН$ -> #ПЕРЫШКИН$) = -15.063546566483666
correctionProbability (#ТЕНК$ -> #ТАНКС$) = -76.41394102735939
correctionProbability (#SREK$ -> #SHREK$) = -18.667849740792622
correctionProbability (#МЫТИШИ$ -> #МЫТИЩИ$) = -12.235742853662
correctionProbability (#ЛИЧЬНЫЙ$ -> #ЛИЧНЫЙ$) = -6.662478587805698
correctionProbability (#СНИМЕТ$ -> #СНИМАЕТ$) = -15.916061501967476
correctionProbability (#ДЛНЕЦК$ -> #ДОНЕЦК$) = -11.292650611362884
correctionProbability (#YOUTUYBE$ -> #YOUTUBE$) = -8.946758835226888
correctionProbability (#ПЛИТЕНИЯ$ -> #ПЛЕТЕНИЯ$) = -16.40866736917736
correctionProbability (#ТЕОЕФОНЫ$ -> #ТЕЛЕФОНЫ$) = -12.503816170573494
correctionProbability (#РОСТРВ$ -> #РОСТОВ$) = -8.321839645649725
correctionProbability (#FORZZA$ -> #FORZA$) = -17.2389268486062
correctionProbability (#ТЕНЕ$ -> #ТЕНГЕ$) = -11.788858283402728
correctionProbability (#ЯРАСЛАВСКОЕ$ -> #ЯРОСЛАВСКОЕ$) = -21.95779275410699
correctionProbability (#КРИСТАЛИКИ$ -> #КРИСТАЛЛИКИ$) = -27.426702175058594
correctionProbability (#DOCKHISINOCHKI$ -> #DOCHKISINOCHKI$) = -96.85580370469856
correctionProbability (#СЕОАЛ$ -> #СЕРИАЛ$) = -69.43340779049618
correctionProbability (#АЭРОШУТА$ -> #АЭРОШЮТА$) = -33.83834522322673
correctionProbability (#УЬРАТЬ$ -> #УБРАТЬ$) = -9.72104222381903
correctionProbability (#H0TSPOT$ -> #HOTSPOT$) = -11.200631957597494
correctionProbability (#ВЕРМЯ$ -> #ВРЕМЯ$) = -73.79147375198173
correctionProbability (#ПРИДЕЛЫ$ -> #ПРЕДЕЛЫ$) = -17.650346759441703
correctionProbability (#АМИНОВКИ$ -> #МАЛИНОВКИ$) = -88.72419168203139
correctionProbability (#СЕРИЯАЛ$ -> #СЕРИАЛ$) = -6.615987530415854
correctionProbability (#ВОЛИТЕЛЬ$ -> #ВОДИТЕЛЬ$) = -12.190385323173437
correctionProbability (#ПОМЕДОРЫ$ -> #ПОМИДОРЫ$) = -13.62268018046808
correctionProbability (#ДОЛАРИ$ -> #ДОЛЛАРЫ$) = -79.46811264516636
correctionProbability (#СОККЕТ$ -> #СОКЕТ$) = -19.830230774531774
correctionProbability (#ОТНЛИ$ -> #ОТЕЛИ$) = -9.547434235724797
correctionProbability (#КРАСАВИСА$ -> #КРАСАВИЦА$) = -13.549470744393318
correctionProbability (#РЕЗБУ$ -> #РЕЗЬБУ$) = -18.438030215295047
correctionProbability (#КЛООМБА$ -> #КОЛОМБО$) = -147.00324441430388
correctionProbability (#ВАНАЯ$ -> #ВАННАЯ$) = -14.080676652473489
correctionProbability (#КАПТА$ -> #КАРТА$) = -4.094863381802718
correctionProbability (#СТАРШЕКЛАСНИКОВ$ -> #СТАРШЕКЛАССНИКОВ$) = -26.575674733058953
correctionProbability (#ИСТЕННЫЙ$ -> #ИСТИННЫЙ$) = -21.312830686042112
correctionProbability (#ДЛИНОШЕРСТНЫЙ$ -> #ДЛИННОШЕРСТНЫЙ$) = -28.13545786161857
correctionProbability (#ВЕРНІ$ -> #ВЕРНИ$) = -13.32760141912225
correctionProbability (#ЯЗВК$ -> #ЯЗЫК$) = -5.746122917211952
correctionProbability (#ПАРАНРАФ$ -> #ПАРАГРАФ$) = -15.421345427214249
correctionProbability (#ПРАЗРАЧНЫЕ$ -> #ПРОЗРАЧНЫЕ$) = -18.093539918153787
correctionProbability (#YANDEC$ -> #YANDEX$) = -9.591447336996612
correctionProbability (#СОДИТСЯ$ -> #САДИТСЯ$) = -15.73981764155392
correctionProbability (#УЯАСТОК$ -> #УЧАСТОК$) = -11.67375795497911
correctionProbability (#СЫЧОВА$ -> #СЫЧЕВА$) = -18.16107106457564
correctionProbability (#РАМЕНСКРМ$ -> #РАМЕНСКОМ$) = -14.020174782826153
correctionProbability (#МЕНДАЛЬНЫЙ$ -> #МИНДАЛЬНЫЙ$) = -20.955604817314565
correctionProbability (#АЛЬБАТРОСО$ -> #АЛЬБАТРОСА$) = -28.617035867079117
correctionProbability (#ЙОТОВЫЕ$ -> #ЙОДОВЫЕ$) = -32.93719865761909
correctionProbability (#ФТБОЛ$ -> #ФУТБОЛ$) = -7.474376687727361
correctionProbability (#ТЕИЛ$ -> #ТЕЙЛ$) = -15.648382159827431
correctionProbability (#ЛЮБИТЕЛЬСЬКЕ$ -> #ЛЮБИТЕЛЬСКОЕ$) = -86.70957338022683
correctionProbability (#ПЕЙЗАЖЫ$ -> #ПЕЙЗАЖИ$) = -13.675082290997935
correctionProbability (#NLY$ -> #ONLY$) = -12.943453489474383
correctionProbability (#ДОЛАРА$ -> #ДОЛЛАРА$) = -10.13318310291804
correctionProbability (#КТГДА$ -> #КОГДА$) = -5.827513402687092
correctionProbability (#БАЛОНА$ -> #БАЛЛОНА$) = -16.961557104587925
correctionProbability (#ПОДГОТОВИТСЯ$ -> #ПОДГОТОВИТЬСЯ$) = -22.567895063314865
correctionProbability (#МИЛЕНЬКИЕ$ -> #МАЛЕНЬКИЕ$) = -12.767136174203841
correctionProbability (#МУГУТ$ -> #МОГУТ$) = -10.436109121643394
correctionProbability (#РОЖДННИЯ$ -> #РОЖДЕНИЯ$) = -6.740619600370287
correctionProbability (#БЛЮБЕРТ$ -> #БЛЮБЕРД$) = -19.97737279322967
correctionProbability (#ВИЛИКОЙ$ -> #ВЕЛИКОЙ$) = -12.587321525493813
correctionProbability (#ВСЯТЬ$ -> #ВЗЯТЬ$) = -9.004840653724703
correctionProbability (#ЗАЩИТЫВАЕТСЯ$ -> #ЗАСЧИТЫВАЕТСЯ$) = -92.83416198528856
correctionProbability (#МУЗЫКАЛЬГЫЕ$ -> #МУЗЫКАЛЬНЫЕ$) = -15.73827415698095
correctionProbability (#ТЕИЕ$ -> #ТЕМЕ$) = -8.365065606937922
correctionProbability (#IGMINER$ -> #IQMINER$) = -24.527862631119632
correctionProbability (#СКАЧУТЬ$ -> #СКАЧАТЬ$) = -2.53902344229221
correctionProbability (#ИСКУСТВЕННОМ$ -> #ИСКУССТВЕННОМ$) = -26.591492424367225
correctionProbability (#ИЖНВСК$ -> #ИЖЕВСК$) = -10.090294424102769
correctionProbability (#ГОАОРИТ$ -> #ГОВОРИТ$) = -12.934966179094914
correctionProbability (#КАРТРИЖДЕЙ$ -> #КАРТРИДЖЕЙ$) = -86.44085698436606
correctionProbability (#ПОСТОЛИ$ -> #ПОСТЕЛИ$) = -13.374810392041269
correctionProbability (#СЖИЖЕНОГО$ -> #СЖИЖЕННОГО$) = -21.46295526849461
correctionProbability (#РИЗЕНМ$ -> #РИЗЕН$) = -21.447167796369495
correctionProbability (#КРАМОТЫ$ -> #КРАСОТЫ$) = -11.309683470660225
correctionProbability (#ТЕЛЕКОНАЛЕ$ -> #ТЕЛЕКАНАЛЕ$) = -20.350353428418984
correctionProbability (#СКОРОЮ$ -> #СКОРУЮ$) = -13.526800743291023
correctionProbability (#ДРУСКАНИНСКАЙ$ -> #ДРУСКИНИНКАЙ$) = -92.05743156156208
correctionProbability (#СКОРОЯ$ -> #СКОРАЯ$) = -10.939241687282749
correctionProbability (#ЛАМБРИКЕН$ -> #ЛАМБРЕКЕН$) = -20.143913260182558
correctionProbability (#ЧЕРНОГОРЬЕ$ -> #ЧЕРНОГОРИЯ$) = -82.40903054256623
correctionProbability (#БАЛОНЕ$ -> #БАЛЛОНЕ$) = -20.767879428284928
correctionProbability (#РПП5$ -> #РП5$) = -9.362989349095525
correctionProbability (#ДРЫМ$ -> #ДРИМ$) = -13.770998006230887
correctionProbability (#ИСКУСТВЕННОЕ$ -> #ИСКУССТВЕННОЕ$) = -24.592605933966247
correctionProbability (#АРАЕВА$ -> #ГАРАЕВА$) = -22.55781236865007
correctionProbability (#ПОЕВЛЕНИЕ$ -> #ПОЯВЛЕНИЕ$) = -18.082918676580476
correctionProbability (#ГЕОГРАЫИИ$ -> #ГЕОГРАФИИ$) = -13.553496288127697
correctionProbability (#ВЫЖЕМНОЙ$ -> #ВЫЖИМНОЙ$) = -19.960709091399224
correctionProbability (#НОРМАНДИТ$ -> #НОРМАНДИИ$) = -23.75997201680792
correctionProbability (#ВИКИПЕДЯ$ -> #ВИКИПЕДИЯ$) = -10.005817645462827
correctionProbability (#МОНГАЛ$ -> #МАНГАЛ$) = -13.952033228734724
correctionProbability (#ПОЗАНИТЬСЯ$ -> #ЗАНИМАТЬСЯ$) = -216.8820464343181
correctionProbability (#АГРЕСИВНЫЙ$ -> #АГРЕССИВНЫЙ$) = -25.23770020744486
correctionProbability (#ХАРАСМЕНТ$ -> #ХАРАССМЕНТ$) = -25.156551534581567
correctionProbability (#НЦЕСТ$ -> #ИНЦЕСТ$) = -9.610639986970273
correctionProbability (#ЫФИЛЬМ$ -> #ФИЛЬМ$) = -3.70642519964154
correctionProbability (#АВТОБУОВ$ -> #АВТОБУСОВ$) = -12.737402409184234
correctionProbability (#КАПЕЙКА$ -> #КОПЕЙКА$) = -16.39922083671059
correctionProbability (#ИНДНЕКС$ -> #ИНДЕКС$) = -11.881730865564382
correctionProbability (#ZАMIN$ -> #ZAMIN$) = -24.209730756091815
correctionProbability (#ПИЧЕНЬЕ$ -> #ПЕЧЕНЬЕ$) = -12.365861552668001
correctionProbability (#БИНЗИН$ -> #БЕНЗИН$) = -12.697903644850403
correctionProbability (#ВАЛБЕРРИЗ$ -> #ВАЙЛДБЕРРИЗ$) = -79.72289974218704
correctionProbability (#СЛВМЕСТНЫЕ$ -> #СОВМЕСТНЫЕ$) = -13.541341518014335
correctionProbability (#РАСЕКАЮШИЙ$ -> #РАССЕКАЮЩИЙ$) = -83.28755481705288
correctionProbability (#EREXAI$ -> #EREXAYI$) = -22.98593639377423
correctionProbability (#ЧРНЫЙ$ -> #ЧЕРНЫЙ$) = -9.479921281166849
correctionProbability (#ПОГОЫ$ -> #ПОГОДЫ$) = -9.196674258344675
correctionProbability (#МАЛУМОТИ$ -> #МАЪЛУМОТИ$) = -28.798878392585642
correctionProbability (#ХРАНОЛОГИЯ$ -> #ХРОНОЛОГИЯ$) = -19.8363432708125
correctionProbability (#СПЕЦАЛЬНЫЙ$ -> #СПЕЦИАЛЬНЫЙ$) = -20.809408190739717
correctionProbability (#ПОДРГУА$ -> #ПОДРУГА$) = -81.42195132477337
correctionProbability (#СЕРСАНИТ$ -> #ЦЕРСАНИТ$) = -20.974864137308998
correctionProbability (#PESS$ -> #PES$) = -14.885679133974374
correctionProbability (#ДИГНОЗ$ -> #ДИАГНОЗ$) = -15.594285890549344
correctionProbability (#ДОЛАРЫ$ -> #ДОЛЛАРЫ$) = -14.75671211853097
correctionProbability (#ВАЛЕЙБОЛ$ -> #ВОЛЕЙБОЛ$) = -13.285960017183925
correctionProbability (#КЛАССКИЧЕСКОГО$ -> #КЛАССИЧЕСКОГО$) = -26.656159816145603
correctionProbability (#ВИОС$ -> #БИОС$) = -13.178298680949258
correctionProbability (#МОСЬА$ -> #МОСТА$) = -12.158168959260994
correctionProbability (#ЕКСТРАСЕНС$ -> #ЭКСТРАСЕНС$) = -20.359038701772988
correctionProbability (#ПРАВИЛЬЕЫЙ$ -> #ПРАВИЛЬНЫЙ$) = -17.852571312029376
correctionProbability (#АЛВАВИТ$ -> #АЛФАВИТ$) = -10.209697897115547
correctionProbability (#МАЙКРАСОФ$ -> #МАЙКРОСОФТ$) = -82.11925697149749
correctionProbability (#ЕВУШКИ$ -> #ДЕВУШКИ$) = -8.35509297177817
correctionProbability (#АРЦЕБАШЕВ$ -> #АРЦЫБАШЕВ$) = -22.397726953414193
correctionProbability (#ЦЕНТЫ$ -> #ЦЕНТРЫ$) = -12.246498602583646
correctionProbability (#ФЫЛЬМЫ$ -> #ФИЛЬМЫ$) = -3.6072457360956314
correctionProbability (#ЦЕНТО$ -> #ЦЕНТР$) = -5.592054280158674
correctionProbability (#БОЛКОНОМ$ -> #БАЛКОНОМ$) = -18.301241633672
correctionProbability (#СКРИПАЧЬ$ -> #СКРИПАЧ$) = -19.47071964393764
correctionProbability (#ПОКАЗАНИЧ$ -> #ПОКАЗАНИЯ$) = -10.274403869742876
correctionProbability (#ЦЕНТП$ -> #ЦЕНТР$) = -5.595404970544731
correctionProbability (#КУРИТТ$ -> #КУРИТЬ$) = -13.698230245653544
correctionProbability (#ОХЛОБЫСТИНЫХ$ -> #ОХЛОБЫСТИНЫМ$) = -25.010495214122734
correctionProbability (#ЛОПИНА$ -> #ЛАПИНА$) = -18.054769835529637
correctionProbability (#ПОГОЛ$ -> #ПОГОДА$) = -66.52221053775193
correctionProbability (#ТЕРРАФЛЕКС$ -> #ТЕРАФЛЕКС$) = -20.42063283123236
correctionProbability (#ЭТТАМАН$ -> #АТАМАН$) = -83.6574339577984
correctionProbability (#ЕНТАЙ$ -> #ХЕНТАЙ$) = -9.156290825028709
correctionProbability (#ПОГОЖ$ -> #ПОГОДА$) = -66.53020050287809
correctionProbability (#ТГМСК$ -> #ТОМСК$) = -9.289762362764105
correctionProbability (#ХАГИС$ -> #ХАГГИС$) = -19.826985279983166
correctionProbability (#НУНЛ$ -> #ГУГЛ$) = -67.74253079860229
correctionProbability (#МАНИЛОВСКОЕ$ -> #ДАНИЛОВСКОЕ$) = -26.194091559920253
correctionProbability (#ВИКИПЕДИ$ -> #ВИКИПЕДИЯ$) = -9.998115623272462
correctionProbability (#АВСТРАЛИ$ -> #АВСТРАЛИИ$) = -16.229959815975512
correctionProbability (#КАПЕЙКИ$ -> #КОПЕЙКИ$) = -16.572170828829435
correctionProbability (#КАФОЛОГ$ -> #КАЙФОЛОГ$) = -19.852819043186038
correctionProbability (#ЭРОТИЧИСКИ$ -> #ЭРОТИЧЕСКИЙ$) = -81.08780396588534
correctionProbability (#ДИАБЕТЧИКОВ$ -> #ДИАБЕТИКОВ$) = -22.536838457649985
correctionProbability (#ТВИЛЛ$ -> #ТВИЛ$) = -21.80196151122978
correctionProbability (#СВЕРХЪЕСТВЕННОЕ$ -> #СВЕРХЪЕСТЕСТВЕННОЕ$) = -153.2081983659795
correctionProbability (#МЕНТАЛИСТЕ$ -> #МЕНТАЛИСТ$) = -18.31614757856301
correctionProbability (#ПОГОД$ -> #ПОГОДА$) = -1.7780121481666384
correctionProbability (#АВТАМАТИЧЕСКОЕ$ -> #АВТОМАТИЧЕСКОЕ$) = -24.593977226176534
correctionProbability (#ВЕЛБЕРИ$ -> #ВАЛБЕРИС$) = -77.78276044021436
correctionProbability (#ШАГАНЕ$ -> #ШАГАНЭ$) = -19.47733136202741
correctionProbability (#МАРШЕЛ$ -> #МАРШАЛ$) = -13.861970948981774
correctionProbability (#ИНГРА$ -> #ИГРА$) = -6.5529214093671015
correctionProbability (#ВЫСОКАЙ$ -> #ВЫСОКОЙ$) = -14.48293013048142
correctionProbability (#РОСИ$ -> #РОССИИ$) = -70.43779200150487
correctionProbability (#БАБУЛКИ$ -> #БАБУШКИ$) = -12.340932650767115
correctionProbability (#АСПИСАНИЕ$ -> #РАСПИСАНИЕ$) = -10.227794787997915
correctionProbability (#БОГАТИЕ$ -> #БОГАТЫЕ$) = -14.674814727472345
correctionProbability (#ГОРДАСТЬ$ -> #ГОРДОСТЬ$) = -14.17974483805596
correctionProbability (#ДЫРАКОЛ$ -> #ДЫРОКОЛ$) = -19.78652392549951
correctionProbability (#VOOTSAP$ -> #WHATSAPP$) = -207.1582221438796
correctionProbability (#FX705DU$ -> #FX705DY$) = -33.16529497685903
correctionProbability (#GISMETIO$ -> #GISMETEO$) = -14.243105802855958
correctionProbability (#СПЕПЕНЬ$ -> #СТЕПЕНЬ$) = -14.321422688745841
correctionProbability (#РООБЛОКС$ -> #РОБЛОКС$) = -9.819424925527656
correctionProbability (#БЕЛАРУССИЯ$ -> #БЕЛОРУССИЯ$) = -17.713484287821984
correctionProbability (#БТЛЕТ$ -> #БИЛЕТ$) = -7.1448229482935695
correctionProbability (#ДЕСБИЯНКИ$ -> #ЛЕСБИЯНКИ$) = -14.01480074145313
correctionProbability (#ФЕЙСИТИНГ$ -> #ФЕЙССИТТИНГ$) = -88.37692786229054
correctionProbability (#ПЕТОР$ -> #ПЕТР$) = -12.619508559487162
correctionProbability (#КАЗХСТАН$ -> #КАЗАХСТАН$) = -11.7399998649963
correctionProbability (#БИБЛЕОТЕКИ$ -> #БИБЛИОТЕКИ$) = -17.004680487952683
correctionProbability (#ДОМТАВКА$ -> #ДОСТАВКА$) = -9.67935456711939
correctionProbability (#МОЩЬНЫЕ$ -> #МОЩНЫЕ$) = -18.755031197263452
correctionProbability (#ПЕДКОЛЕДЖ$ -> #ПЕДКОЛЛЕДЖ$) = -23.24083950269376
correctionProbability (#ВЕЩЕСТ$ -> #ВЕЩЕСТВ$) = -14.755769025108833
correctionProbability (#ПОПОДАЮТ$ -> #ПОПАДАЮТ$) = -17.547772119103875
correctionProbability (#ХУАЙВЕЙ$ -> #ХУАВЕЙ$) = -14.954135176799046
correctionProbability (#ДУБАЦ$ -> #ДУБАЙ$) = -11.749819515021787
correctionProbability (#ЖИХНИ$ -> #ЖИЗНИ$) = -6.951544570471366
correctionProbability (#DOWLOND$ -> #DOWNLOAD$) = -76.39600016168434
correctionProbability (#БРЛЬШИЕ$ -> #БОЛЬШИЕ$) = -9.89405555322488
correctionProbability (#БЕЛАРУССИЮ$ -> #БЕЛОРУССИЮ$) = -20.03231354169766
correctionProbability (#ИЛЮСТРАТОР$ -> #ИЛЛЮСТРАТОР$) = -23.28180285312387
correctionProbability (#ВІЄТА$ -> #ВИЕТА$) = -83.09027965946846
correctionProbability (#ТЕКТ$ -> #ТЕКСТ$) = -6.451242307358644
correctionProbability (#ТЕКС$ -> #ТЕКСТ$) = -6.483956165570309
correctionProbability (#ОРЕНБУРСКИЙ$ -> #ОРЕНБУРГСКИЙ$) = -22.607823633045193
correctionProbability (#XNXXX$ -> #XNXX$) = -11.23285726162398
correctionProbability (#ПЧЕЛИ$ -> #ПЧЕЛЫ$) = -13.757233601747803
correctionProbability (#СКСАЧАТЬ$ -> #СКАЧАТЬ$) = -4.9798930753691035
correctionProbability (#ПРЕМТЕР$ -> #ПРЕМЬЕР$) = -11.343865804330719
correctionProbability (#ДИЩАЙН$ -> #ДИЗАЙН$) = -7.523365972881589
correctionProbability (#ROSSELTORG$ -> #ROSELTORG$) = -26.142799066609406
correctionProbability (#ДОКОАД$ -> #ДОКЛАД$) = -10.591037344426685
correctionProbability (#КОНТАТКТ$ -> #КОНТАКТ$) = -10.989834609087524
correctionProbability (#СЕОВА$ -> #СНОВА$) = -11.182278209834113
correctionProbability (#УОТСЕН$ -> #УОТСОН$) = -15.913267589550163
correctionProbability (#МОЩЬНЫЙ$ -> #МОЩНЫЙ$) = -17.078132249100644
correctionProbability (#ИНТРЕНЕТ$ -> #ИНТЕРНЕТ$) = -73.7969603162098
correctionProbability (#ЯЗАК$ -> #ЯЗЫК$) = -5.749346872433755
correctionProbability (#ТОРЕНД$ -> #ТОРРЕНТ$) = -72.86761481874059
correctionProbability (#КАРОБКА$ -> #КОРОБКА$) = -12.31079720959815
correctionProbability (#ДУРХАН$ -> #ДОРХАН$) = -17.17957165092705
correctionProbability (#СМЕЮТЬСЯ$ -> #СМЕЮТСЯ$) = -20.93872987618912
correctionProbability (#УЖОСЫ$ -> #УЖАСЫ$) = -8.925630161235464
correctionProbability (#ТОРЕНГ$ -> #ТОРРЕНТ$) = -72.87166794917619
correctionProbability (#ЕССЕТ$ -> #ЕСЕТ$) = -16.78692651035745
correctionProbability (#АНГЛИЙСЕОМ$ -> #АНГЛИЙСКОМ$) = -11.977747293868156
correctionProbability (#БРЯСКОЙ$ -> #БРЯНСКОЙ$) = -17.00388281625436
correctionProbability (#КАРОБКЕ$ -> #КОРОБКЕ$) = -14.026838248292037
correctionProbability (#ВЛЮБЛЕНЫХ$ -> #ВЛЮБЛЕННЫХ$) = -19.464765537146427
correctionProbability (#YTX14L$ -> #YTX14$) = -24.550725411733154
correctionProbability (#ЯГОДИЦИ$ -> #ЯГОДИЦЫ$) = -16.82111895867955
correctionProbability (#АЕРОБИЛЕТИК$ -> #АЭРОБИЛЕТИК$) = -29.246234709545554
correctionProbability (#СКОВОРУДУ$ -> #СКОВОРОДУ$) = -18.465005627676774
correctionProbability (#МУЗАФОН$ -> #МУЗОФОН$) = -18.85672108706642
correctionProbability (#СОНЕИК$ -> #СОННИК$) = -9.509662245824646
correctionProbability (#TVNT$ -> #TVNET$) = -20.35817930373788
correctionProbability (#СТЕЛАТЬ$ -> #СДЕЛАТЬ$) = -6.1640464668470045
correctionProbability (#НЯГОНЬ$ -> #НЯГАНЬ$) = -14.703116316671004
correctionProbability (#АГРЕСИВНЫЕ$ -> #АГРЕССИВНЫЕ$) = -23.01855516628816
correctionProbability (#ПРЕВРОЩЕНИЕ$ -> #ПРЕВРАЩЕНИЕ$) = -20.94583470263808
correctionProbability (#ЖИХНЬ$ -> #ЖИЗНЬ$) = -6.19719124669119
correctionProbability (#БИБЛЕОТЕКА$ -> #БИБЛИОТЕКА$) = -14.446434411822288
correctionProbability (#СПОЛЬЗОВАТЬ$ -> #ИСПОЛЬЗОВАТЬ$) = -17.824272843159925
correctionProbability (#РОХОДИТ$ -> #ПРОХОДИТ$) = -15.089050500866712
correctionProbability (#НЕКАТИН$ -> #НИКОТИН$) = -81.54607305538143
correctionProbability (#ПРАПАГАНДА$ -> #ПРОПАГАНДА$) = -19.379533659358792
correctionProbability (#СИКХАХ$ -> #СТИХАХ$) = -79.32297943290814
correctionProbability (#НОВИНУИ$ -> #НОВИНКИ$) = -7.357559812288208
correctionProbability (#КАЛЯТА$ -> #КОЛЯДА$) = -82.16943692677647
correctionProbability (#АММОРТИЗАТОР$ -> #АМОРТИЗАТОР$) = -22.816780051121384
correctionProbability (#БОЕВЕКИ$ -> #БОЕВИКИ$) = -9.146197938065484
correctionProbability (#БЕЛАРУССКИ$ -> #БЕЛОРУССКИ$) = -23.395212020740992
correctionProbability (#УСТЬЯНСКА$ -> #УСТЬЯНСКАЯ$) = -29.071365706785073
correctionProbability (#КОНТАТКЕ$ -> #КОНТАКТЕ$) = -75.0210444054998
correctionProbability (#РАСПИСАРИЕ$ -> #РАСПИСАНИЕ$) = -9.673932063707696
correctionProbability (#ПОВОРОВ$ -> #ПОВАРОВ$) = -17.184502976834224
correctionProbability (#ВЫСАТУ$ -> #ВЫСОТУ$) = -14.772997437269037
correctionProbability (#МИНИРАЛ$ -> #МИНЕРАЛ$) = -17.032575248757126
correctionProbability (#КЫРГЫЗСТАННА$ -> #КЫРГЫЗСТАНА$) = -20.73101498659082
correctionProbability (#ВИДИТЬ$ -> #ВИДЕТЬ$) = -12.184760708368582
correctionProbability (#АВГАНСКАЯ$ -> #АФГАНСКАЯ$) = -20.150362566246535
correctionProbability (#МАГАЗІН$ -> #МАГАЗИН$) = -5.064105185928737
correctionProbability (#UPLOАDME$ -> #UPLOADME$) = -28.086667187761584
correctionProbability (#BUCKETBALL$ -> #BASKETBALL$) = -85.23851596848098
correctionProbability (#РУСКОМУ$ -> #РУССКОМУ$) = -9.925755112065346
correctionProbability (#ЦЕНРТ$ -> #ЦЕНТР$) = -73.38152491113053
correctionProbability (#ДАЙЗИ$ -> #ДЕЙЗИ$) = -16.747134865358245
correctionProbability (#МАКИАЖА$ -> #МАКИЯЖА$) = -14.300261575060269
correctionProbability (#ИРГЫ$ -> #ИГРЫ$) = -70.28453222063256
correctionProbability (#СЛУШШАТЬ$ -> #СЛУШАТЬ$) = -7.676303608941048
correctionProbability (#НВЙТИ$ -> #НАЙТИ$) = -6.951194431519333
correctionProbability (#РЕЗУМЕ$ -> #РЕЗЮМЕ$) = -10.119580499734031
correctionProbability (#МОЦЕРТ$ -> #МОЦАРТ$) = -14.015180196994681
correctionProbability (#ДЕРЕКТИВА$ -> #ДИРЕКТИВА$) = -23.26866077605157
correctionProbability (#ИНГРЫ$ -> #ИГРЫ$) = -4.870350163961906
correctionProbability (#МАРЬЕНОЙ$ -> #МАРЬИНОЙ$) = -19.95600301163362
correctionProbability (#КАНЕКОЛОН$ -> #КАНЕКАЛОН$) = -23.004870629508872
correctionProbability (#СИНИГАЛ$ -> #СЕНЕГАЛ$) = -83.84921124203525
correctionProbability (#ЭБЕШПЕХЕРЕ$ -> #ЭБЕРШПЕХЕР$) = -91.12649646416665
correctionProbability (#АВОБУС$ -> #АВТОБУС$) = -10.630389904205288
correctionProbability (#ПРИЗАКИ$ -> #ПРИЗНАКИ$) = -12.249028363233961
correctionProbability (#ВИРШ$ -> #ВІРШ$) = -14.2934269911236
correctionProbability (#ФРКУС$ -> #ФОКУС$) = -10.561014590948314
correctionProbability (#ЖОЛОБ$ -> #ЖЕЛОБ$) = -18.110213058851674
correctionProbability (#СКОРОС$ -> #СКОРОСТЬ$) = -77.81305829490755
correctionProbability (#ТРОЛЬ$ -> #ТРОЛЛЬ$) = -15.650501049811712
correctionProbability (#ВОРМАК$ -> #ВОРМАКС$) = -16.413760499006692
correctionProbability (#СПАКОС$ -> #СПАКЕС$) = -12.523257987568602
correctionProbability (#ПРИВОРТ$ -> #ПРИВОРОТ$) = -16.768854481488404
correctionProbability (#КРИЖАЖАНОВСКОГО$ -> #КРЫЖАЖАНОВСКОГО$) = -40.75086218822476
correctionProbability (#GUGLE$ -> #GOOGLE$) = -71.14666865905176
correctionProbability (#УПРАЖНЕИЕ$ -> #УПРАЖНЕНИЕ$) = -15.47592101564414
correctionProbability (#РАЗГАВОРОМ$ -> #РАЗГОВОРОМ$) = -19.561717601560737
correctionProbability (#СПАРКЛИН$ -> #СПАРКЛИНГ$) = -26.43417897168751
correctionProbability (#ШКОЛНЫЙ$ -> #ШКОЛЬНЫЙ$) = -11.340321368442716
correctionProbability (#ПАПАЛ$ -> #ПОПАЛ$) = -13.568610394866301
correctionProbability (#ТЕЙД$ -> #ТЕЙТ$) = -16.61837824079014
correctionProbability (#ОСЕЕНИЙ$ -> #ОСЕННИЙ$) = -9.826980452319901
correctionProbability (#FORTIVA$ -> #FURTIVA$) = -33.12241142193368
correctionProbability (#ОРЕЗАТЬ$ -> #ОБРЕЗАТЬ$) = -14.213550703539411
correctionProbability (#ПАСАШОК$ -> #ПОСОШОК$) = -84.61346308006235
correctionProbability (#БАРСЕЛОНИ$ -> #БАРСЕЛОНЫ$) = -16.225746494626435
correctionProbability (#АРМАНСКИ$ -> #АРМЯНСКИ$) = -18.32679228389057
correctionProbability (#ПЧЕМУ$ -> #ПОЧЕМУ$) = -7.236767936360618
correctionProbability (#ТИРАХ$ -> #ТИРАЖ$) = -10.904854982098083
correctionProbability (#МЕРСЕДЕСУ$ -> #МЕРСЕДЕС$) = -13.338586677281192
correctionProbability (#НОАГОРОД$ -> #НОВГОРОД$) = -9.791756366530443
correctionProbability (#ШКОЛНЫЕ$ -> #ШКОЛЬНЫЕ$) = -14.631512931192376
correctionProbability (#ALISEE$ -> #ALIZEE$) = -18.90077181272363
correctionProbability (#ЧЕООВЕКА$ -> #ЧЕЛОВЕКА$) = -8.862295270776151
correctionProbability (#ЭКСПИДИЦИЯ$ -> #ЭКСПЕДИЦИЯ$) = -18.50450192825837
correctionProbability (#МЕРСЕДЕСС$ -> #МЕРСЕДЕС$) = -13.24853613359479
correctionProbability (#УСІКА$ -> #УСИКА$) = -13.376655014048257
correctionProbability (#ПОСТАВИТТ$ -> #ПОСТАВИТЬ$) = -12.735463606165993
correctionProbability (#ФАРХОТ$ -> #ФАРХОД$) = -20.418287690883556
correctionProbability (#ПЛПАСТЬ$ -> #ПОПАСТЬ$) = -14.508691535477887
correctionProbability (#МУЗЫКУУ$ -> #МУЗЫКУ$) = -9.436562641030324
correctionProbability (#БАРТОШЕВИЧ$ -> #БАРТАШЕВИЧ$) = -28.74372410913991
correctionProbability (#ИВЕРДЕЙЛ$ -> #РИВЕРДЕЙЛ$) = -14.214033292589285
correctionProbability (#ПЄСНЮ$ -> #ПЕСНЮ$) = -5.679970482362219
correctionProbability (#СЕАНСОНВАР$ -> #СЕАСОНВАР$) = -23.270956912425106
correctionProbability (#WLYUBILSYA$ -> #VLYUBILSYA$) = -36.05757084332846
correctionProbability (#КОНТРОБАС$ -> #КОНТРАБАС$) = -22.883260985603094
correctionProbability (#ЗНАМИНИТЫЕ$ -> #ЗНАМЕНИТЫЕ$) = -17.407161074767096
correctionProbability (#ЗАМЕЛЬСКАЯ$ -> #ГОМЕЛЬСКАЯ$) = -85.08514960638875
correctionProbability (#ГРУПОВИЙ$ -> #ГРУППОВОЙ$) = -82.08062273856851
correctionProbability (#LOLIKON$ -> #LOLICON$) = -16.99797431852764
correctionProbability (#СВИДЕТЕЛСВА$ -> #СВИДЕТЕЛЬСТВА$) = -88.59532487571342
correctionProbability (#УПРАЖНЕНЯ$ -> #УПРАЖНЕНИЯ$) = -13.652286640018517
correctionProbability (#АЛИЛУЙЯ$ -> #АЛЛИЛУЙЯ$) = -19.58005107585881
correctionProbability (#АСТІ$ -> #АСТИ$) = -11.089764060857991
correctionProbability (#ХАЛАКОСТ$ -> #ХОЛОКОСТ$) = -84.8902527943956
correctionProbability (#ПРЕНАДЛЕЖУ$ -> #ПРИНАДЛЕЖУ$) = -25.3807086410523
correctionProbability (#РЕЙВЕРША$ -> #РЕЙВЕРЫ$) = -92.87381320379545
correctionProbability (#КОСТОГАЙ$ -> #КОСТАНАЙ$) = -77.54491732826
correctionProbability (#ДРЧЬ$ -> #ДОЧЬ$) = -8.434540719431244
correctionProbability (#РАЗГАВОРАМИ$ -> #РАЗГОВОРАМИ$) = -17.874599946740744
correctionProbability (#ЗАГАРАЮШИХ$ -> #ЗАГОРАЮЩИХ$) = -94.21299117657296
correctionProbability (#ПАЛАТЕА$ -> #ПАЛАТКА$) = -14.692597366578951
correctionProbability (#ПОСТРИГСЯ$ -> #ПОДСТРИГСЯ$) = -27.59005133102248
correctionProbability (#БДЕТ$ -> #БУДЕТ$) = -8.341404106968117
correctionProbability (#ТЕДИ$ -> #ТЕДДИ$) = -15.381800478025685
correctionProbability (#ЛЕГКОСЕМНАЯ$ -> #ЛЕГКОСЪЕМНАЯ$) = -38.35783683464691
correctionProbability (#ПАРФЮМИРОВАНАЯ$ -> #ПАРФЮМИРОВАННАЯ$) = -28.609887230439668
correctionProbability (#АВИАСЕЙЛЗ$ -> #АВИАСЕЙЛС$) = -14.76068310948068
correctionProbability (#ПОРФЮМЕРИИ$ -> #ПАРФЮМЕРИИ$) = -19.095690586012253
correctionProbability (#ПСАЛТИР$ -> #ПСАЛТЫРЬ$) = -83.12381696460207
correctionProbability (#МАКРФТ$ -> #МАЙНКРАФТ$) = -139.1719907177414
correctionProbability (#МОТОКОСИ$ -> #МОТОКОСЫ$) = -18.733152598767084
correctionProbability (#СКОВОРОД$ -> #СКОВОРОДА$) = -16.827452256577395
correctionProbability (#СТРС$ -> #СТАРС$) = -8.116127720990924
correctionProbability (#ХАЗАЙКА$ -> #ХОЗЯЙКА$) = -78.43896245909487
correctionProbability (#ОРЕНБУРСКОЙ$ -> #ОРЕНБУРГСКОЙ$) = -18.490041117739914
correctionProbability (#ЕЛДЖЕЯ$ -> #ЭЛДЖЕЯ$) = -17.004965732259482
correctionProbability (#ОТОПИТТЕЛЯ$ -> #ОТОПИТЕЛЯ$) = -19.881666303012587
correctionProbability (#ДЕУШЕК$ -> #ДЕВУШЕК$) = -9.938383284395009
correctionProbability (#ПОЛИТРА$ -> #ПАЛИТРА$) = -13.725253984971843
correctionProbability (#ВИЛА$ -> #ВИЛЛА$) = -14.351540606288477
correctionProbability (#ЗАВРОТНЮК$ -> #ЗАВОРОТНЮК$) = -12.390188413967074
correctionProbability (#ТЮЧЕВА$ -> #ТЮТЧЕВА$) = -17.726544270957135
correctionProbability (#ЗДОРВЬЯ$ -> #ЗДОРОВЬЯ$) = -12.189701285264903
correctionProbability (#ЯМОСКВЕ$ -> #МОСКВЕ$) = -6.606914414644507
correctionProbability (#КУЛОЧКИ$ -> #КУЛАЧКИ$) = -21.4242512789461
correctionProbability (#ПЕРЕНДОПРИЛ$ -> #ПЕРИНДОПРИЛ$) = -22.490910381949625
correctionProbability (#ПРЕДСТОВЛЕНИЯ$ -> #ПРЕДСТАВЛЕНИЯ$) = -21.827973306114075
correctionProbability (#РИМИНГ$ -> #РИММИНГ$) = -19.59357029056732
correctionProbability (#ПОНЯКОВА$ -> #ПОЛЯКОВА$) = -15.437602392609492
correctionProbability (#ЛЕГЕНДИ$ -> #ЛЕГЕНДЫ$) = -12.474728387826126
correctionProbability (#ПРЕВОДОМ$ -> #ПЕРЕВОДОМ$) = -14.694488799163587
correctionProbability (#ЧИСЛ$ -> #ЧИСЛО$) = -10.174844326903841
correctionProbability (#ДЖОККЕР$ -> #ДЖОКЕР$) = -11.218262554878795
correctionProbability (#ГАУСА$ -> #ГАУССА$) = -18.70465922352263
correctionProbability (#ЗАИЧЕНКО$ -> #ЗАЙЧЕНКО$) = -22.87515115032287
correctionProbability (#КРНЦЕРТ$ -> #КОНЦЕРТ$) = -9.529520592338812
correctionProbability (#ВАЛЕНТНА$ -> #ВАЛЕНТИНА$) = -14.335161778927365
correctionProbability (#BLEDE$ -> #BLADE$) = -11.523532516651098
correctionProbability (#JAKSON$ -> #JACKSON$) = -16.71342982421031
correctionProbability (#КРАСОЯРСК$ -> #КРАСНОЯРСК$) = -12.070504637397384
correctionProbability (#ИСЛЕДОВАТЕЛЬСКАЯ$ -> #ИССЛЕДОВАТЕЛЬСКАЯ$) = -27.25176424586614
correctionProbability (#КАЛБАСА$ -> #КОЛБАСА$) = -14.571748610682107
correctionProbability (#СЕРЕАЛЫ$ -> #СЕРИАЛЫ$) = -7.475991935016786
correctionProbability (#ПОГЛА$ -> #ПОГОДА$) = -66.55004977201621
correctionProbability (#МКТРВ$ -> #МЕТРА$) = -75.90132715143217
correctionProbability (#МАИСКОРЕ$ -> #МАЙСКОРЕ$) = -13.239087706406941
correctionProbability (#КАНАКИН$ -> #КАНАКИНА$) = -14.138277914763556
correctionProbability (#УЖАЫСЫ$ -> #УЖАСЫ$) = -11.499978729349682
correctionProbability (#ВИЛАЖ$ -> #ВИЛЛАДЖ$) = -84.16700342749535
correctionProbability (#СЕРЕАЛЬ$ -> #СЕРИАЛ$) = -71.27027774860582
correctionProbability (#БЕДРЕНКА$ -> #БЕДРОНКА$) = -20.482206949386075
correctionProbability (#СТАНЕШ$ -> #СТАНЕШЬ$) = -18.39561759577345
correctionProbability (#ЖЕВОТНЫХ$ -> #ЖИВОТНЫХ$) = -9.498805881134174
correctionProbability (#FAKEBOK$ -> #FACEBOOK$) = -74.71646306141514
correctionProbability (#ХАЕК$ -> #ХАЙЕК$) = -16.394193006495993
correctionProbability (#АНТИТЕЛААМИ$ -> #АНТИТЕЛАМИ$) = -32.61367694510651
correctionProbability (#ПИКОЛЫ$ -> #ПРИКОЛЫ$) = -8.898997990525878
correctionProbability (#ОРЕГИНАЛЬНЫЙ$ -> #ОРИГИНАЛЬНЫЙ$) = -19.12699282398058
correctionProbability (#DOWNOLAD$ -> #DOWNLOAD$) = -78.93349913045755
correctionProbability (#СИМУЛЯОР$ -> #СИМУЛЯТОР$) = -13.562536405546652
correctionProbability (#ПОЛОМАНАЯ$ -> #ПОЛОМАННАЯ$) = -29.2806356024033
correctionProbability (#РЕГЕСТРАТУРА$ -> #РЕГИСТРАТУРА$) = -16.505014743948948
correctionProbability (#ПРЭКТ$ -> #ПРОЕКТ$) = -73.68319664852017
correctionProbability (#СОВЕСКИЕ$ -> #СОВЕТСКИЕ$) = -12.424396274894299
correctionProbability (#МАЛЬЧИШКК$ -> #МАЛЬЧИШЕК$) = -20.735812755349492
correctionProbability (#ЭРОТКИ$ -> #ЭРОТИКА$) = -73.33901237482522
correctionProbability (#ФРАНЦУСКОГО$ -> #ФРАНЦУЗСКОГО$) = -20.558322753486586
correctionProbability (#АЗІТРОМІЦИН$ -> #АЗИТРОМИЦИН$) = -84.66744136957887
correctionProbability (#VIDEOO$ -> #VIDEO$) = -10.49624664744874
correctionProbability (#ЭЛЕКРИЧЕК$ -> #ЭЛЕКТРИЧЕК$) = -13.929546632228316
correctionProbability (#ТАМАГАВК$ -> #ТОМАГАВК$) = -18.71171259920176
correctionProbability (#ЛРУГОЙ$ -> #ДРУГОЙ$) = -11.063539611113807
correctionProbability (#СОВЕСКИЙ$ -> #СОВЕТСКИЙ$) = -14.054879545278034
correctionProbability (#ЧЕРТАНОВА$ -> #ЧЕРТАНОВО$) = -18.490065225465308
correctionProbability (#ОЗНЧАЕТ$ -> #ОЗНАЧАЕТ$) = -12.746687113870621
correctionProbability (#РКНЕТКИ$ -> #РУНЕТКИ$) = -12.7617436243955
correctionProbability (#КРАСАВИЦИ$ -> #КРАСАВИЦЫ$) = -16.86425877058914
correctionProbability (#БАРБОКИНЫ$ -> #БАРБОСКИНЫ$) = -12.78541974342425
correctionProbability (#ВРЙНА$ -> #ВОЙНА$) = -7.668718205028366
correctionProbability (#АХИЛЕСА$ -> #АХИЛЛЕСА$) = -23.709241407514362
correctionProbability (#ФАНИНГ$ -> #ФАННИНГ$) = -18.747034907017735
correctionProbability (#ТАИЛАНД$ -> #ТАЙЛАНД$) = -12.707519487109963
correctionProbability (#ВЕСЕЛИЕ$ -> #ВЕСЕЛЫЕ$) = -12.403977447938814
correctionProbability (#РАССКРЫВАЯ$ -> #РАСКРЫВАЯ$) = -23.414476120014974
correctionProbability (#SOSALKNO$ -> #SOSALKINO$) = -21.60371987930683
correctionProbability (#ПОЛОНЕКС$ -> #ПОЛОНИКС$) = -24.848593069774715
correctionProbability (#МАЪЮБОНИ$ -> #МАЪЮБОН$) = -35.46902080309256
correctionProbability (#ДЕПРЕСИВНЫЕ$ -> #ДЕПРЕССИВНЫЕ$) = -25.959461728443806
correctionProbability (#КАРОБКУ$ -> #КОРОБКУ$) = -14.363994892649536
correctionProbability (#ВАКАЕСИИ$ -> #ВАКАНСИИ$) = -8.17445288237775
correctionProbability (#ХАРИССА$ -> #ХАРИСА$) = -26.284522269216268
correctionProbability (#ЭРОТКА$ -> #ЭРОТИКА$) = -8.537396590269012
correctionProbability (#СЕСРЕНКА$ -> #СЕСТРЕНКА$) = -16.03169342891102
correctionProbability (#ЗГУСТКИ$ -> #СГУСТКИ$) = -20.120233585395376
correctionProbability (#ТЕРИТОРИАЛЬНЫЙ$ -> #ТЕРРИТОРИАЛЬНЫЙ$) = -27.041290496807022
correctionProbability (#БОМБОКС$ -> #БУМБОКС$) = -17.791463936924508
correctionProbability (#ПРИМЕНЯЮТЬСЯ$ -> #ПРИМЕНЯЮТСЯ$) = -24.7096259151637
correctionProbability (#CLANCYS$ -> #CLANCY$) = -21.952534674866204
correctionProbability (#ДЬЮТТИ$ -> #ДЬЮТИ$) = -15.05584659577018
correctionProbability (#TIETEN$ -> #MIETEN$) = -22.334357700538916
correctionProbability (#ГЕЕМИ$ -> #ГЕЯМИ$) = -17.631212771573583
correctionProbability (#ПОДРАСТКОВАЯ$ -> #ПОДРОСТКОВАЯ$) = -21.90063529586363
correctionProbability (#СТПР$ -> #СТАР$) = -9.487192339577891
correctionProbability (#РОЙЛ$ -> #РОЯЛ$) = -12.027840753284817
correctionProbability (#ЕЕАТЕРИНБУРГЕ$ -> #ЕКАТЕРИНБУРГЕ$) = -15.695963907900158
correctionProbability (#БОЛТИ$ -> #БОЛИТ$) = -77.42938510322242
correctionProbability (#ДОМАШНЕЕЕ$ -> #ДОМАШНЕЕ$) = -13.051961712934684
correctionProbability (#ИНФЕКЦИОНЫЙ$ -> #ИНФЕКЦИОННЫЙ$) = -24.31227945457836
correctionProbability (#ЧИТИ$ -> #ЧИТЫ$) = -9.089000351224922
correctionProbability (#ВИКМ$ -> #ВИКИ$) = -7.747166378559914
correctionProbability (#ПАСТЕНОРА$ -> #ПОСТИНОРА$) = -88.29001240256916
correctionProbability (#РОДЛОКС$ -> #РОБЛОКС$) = -7.323293789259971
correctionProbability (#НАЛОЖНЫМ$ -> #НАЛОЖЕННЫМ$) = -85.98366705299057
correctionProbability (#ДМИТРЕВА$ -> #ДМИТРИЕВА$) = -19.098939526412863
correctionProbability (#ПППАРАТ$ -> #АППАРАТ$) = -10.293085398872108
correctionProbability (#СПРАТОВ$ -> #САРАТОВ$) = -9.480471577981753
correctionProbability (#ЗОТЕЛ$ -> #ХОТЕЛ$) = -13.321943607097385
correctionProbability (#ЯЧЬМЕНЬ$ -> #ЯЧМЕНЬ$) = -18.109719052244703
correctionProbability (#СВЕРХЕСТЕСТВЕНОЕ$ -> #СВЕРХЪЕСТЕСТВЕННОЕ$) = -87.86406542169837
correctionProbability (#ТРЕИЛЕР$ -> #ТРЕЙЛЕР$) = -10.127352379179506
correctionProbability (#АНАНС$ -> #АНОНС$) = -12.664389915391613
correctionProbability (#ПЕНТАГРАМА$ -> #ПЕНТАГРАММА$) = -23.408601770583417
correctionProbability (#УЧАТИЕМ$ -> #УЧАСТИЕМ$) = -14.590190001027366
correctionProbability (#ИГНАРИНА$ -> #СИГНОРИНА$) = -92.23359185283817
correctionProbability (#ИЗМЕРЯЕТЬСЯ$ -> #ИЗМЕРЯЕТСЯ$) = -22.71465092133041
correctionProbability (#СИКРЕТНЫЙ$ -> #СЕКРЕТНЫЙ$) = -16.29360721673016
correctionProbability (#SRKS$ -> #SEKS$) = -8.850578194890204
correctionProbability (#REPAK$ -> #REPACK$) = -17.50493487996805
correctionProbability (#ЧИТП$ -> #ЧИТА$) = -8.817046894284598
correctionProbability (#WOKING$ -> #WORKING$) = -17.879311834970714
correctionProbability (#КАРОБЛЕ$ -> #КОРАБЛЕ$) = -81.7667603265027
correctionProbability (#АСТОАХАНЬ$ -> #АСТРАХАНЬ$) = -12.949879340729566
correctionProbability (#ЗАВЛЕНИЯ$ -> #ЗАЯВЛЕНИЯ$) = -14.85610992484687
correctionProbability (#СЕРИЕЛ$ -> #СЕРИАЛ$) = -4.11152416170351
correctionProbability (#КОМУНАРКА$ -> #КОММУНАРКА$) = -21.12392429366742
correctionProbability (#КЛАПОНОМ$ -> #КЛАПАНОМ$) = -19.618101079377574
correctionProbability (#ПРАГРОММАТОР$ -> #ПРОГРАММАТОР$) = -88.97518994515701
correctionProbability (#ГОЛАНДСКОЕ$ -> #ГОЛЛАНДСКОЕ$) = -28.493507221075838
correctionProbability (#КАРОБЛИ$ -> #КОРАБЛИ$) = -78.97096866858938
correctionProbability (#ХОЛОФАЙБЕР$ -> #ХОЛЛОФАЙБЕР$) = -24.742111900792366
correctionProbability (#АРНБИ$ -> #АРЕНБИ$) = -23.26912339653026
correctionProbability (#ППРЕВОДЧИК$ -> #ПЕРЕВОДЧИК$) = -8.678661074634157
correctionProbability (#РУСКОЯЗЫЧНЫЕ$ -> #РУССКОЯЗЫЧНЫЕ$) = -27.457155522011007
correctionProbability (#ЦЕРКВЬ$ -> #ЦЕРКОВЬ$) = -12.668885341181081
correctionProbability (#АНАУРИ$ -> #АНАНУРИ$) = -27.724884156885068
correctionProbability (#BKONTAKTE$ -> #VKONTAKTE$) = -16.088728613929035
correctionProbability (#GLOOGLE$ -> #GOOGLE$) = -8.352482448202469
correctionProbability (#РКССКИХ$ -> #РУССКИХ$) = -10.801354363160698
correctionProbability (#LIRYCS$ -> #LYRICS$) = -79.374198501088
correctionProbability (#МИКИНЕНО$ -> #МЯКИНИНО$) = -81.23255191550373
correctionProbability (#ПРОВЕРИТТ$ -> #ПРОВЕРИТЬ$) = -10.552537229969857
correctionProbability (#НАМЕРАМ$ -> #НОМЕРАМ$) = -13.756127039346225
correctionProbability (#ТЕПЛОКОМУНЕНЕРГО$ -> #ТЕПЛОКОММУНЭНЕРГО$) = -96.52326789814384
correctionProbability (#ЧЕЛЕВЕК$ -> #ЧЕЛОВЕК$) = -7.786695249497335
correctionProbability (#БЮЛЕТЕНЬ$ -> #БЮЛЛЕТЕНЬ$) = -20.67361223772925
correctionProbability (#ANDERES$ -> #ANDREAS$) = -81.95796127976956
correctionProbability (#ГЛОДКУ$ -> #ГЛОТКУ$) = -18.379327488257072
correctionProbability (#КАЖЕТЬСЯ$ -> #КАЖЕТСЯ$) = -19.237920931502885
correctionProbability (#ГАРМОНАЛЬНАЯ$ -> #ГОРМОНАЛЬНАЯ$) = -22.143566076980356
correctionProbability (#ХАУВЕЙ$ -> #ХУАВЕЙ$) = -80.30359547968484
correctionProbability (#JHONNY$ -> #JOHNNY$) = -84.3847287938968
correctionProbability (#ИМРЕРИЯ$ -> #ИМПЕРИЯ$) = -12.140387730226962
correctionProbability (#АДУЩКИНА$ -> #АДУШКИНА$) = -17.199874873724347
correctionProbability (#РУНЕТКЫ$ -> #РУНЕТКИ$) = -12.787165690006248
correctionProbability (#LIUBOV$ -> #LYUBOV$) = -16.72291960705478
correctionProbability (#SPEDDTEST$ -> #SPEEDTEST$) = -15.504520231628163
correctionProbability (#ПРАГРАМА$ -> #ПРОГРАММА$) = -73.87302006490376
correctionProbability (#ОБЬЕМНЫХ$ -> #ОБЪЕМНЫХ$) = -19.061191766120828
correctionProbability (#ВЛПДИМИР$ -> #ВЛАДИМИР$) = -10.17184225888699
correctionProbability (#VKONTARTE$ -> #VKONTAKTE$) = -16.089499807732352
correctionProbability (#СКААТ$ -> #СКАЧАТЬ$) = -68.35774469396664
correctionProbability (#АДАМГЕРШИЛИК$ -> #АДАМГЕРШІЛІК$) = -88.58059116286935
correctionProbability (#ГРИНЧЬ$ -> #ГРИНЧ$) = -15.015810771789898
correctionProbability (#АВАГАРД$ -> #АВАНГАРД$) = -13.594408412140801
correctionProbability (#РОМТ$ -> #РОСТ$) = -9.072024919537078
correctionProbability (#КРОСАВИЦА$ -> #КРАСАВИЦА$) = -13.531639318782958
correctionProbability (#COVERTER$ -> #CONVERTER$) = -17.24587715839786
correctionProbability (#SHILLER$ -> #SCHILLER$) = -21.57523506625367
correctionProbability (#РЕБЕГОК$ -> #РЕБЕНОК$) = -10.30168826206608
correctionProbability (#WORTATE$ -> #WORMATE$) = -20.012196012792018
correctionProbability (#АКЕРЫ$ -> #АКТЕРЫ$) = -9.40838564493649
correctionProbability (#ИКСЭЛЬ$ -> #ЭКСЕЛЬ$) = -78.05555754947915
correctionProbability (#DONCE$ -> #DANCE$) = -11.15281348862872
correctionProbability (#СПІЛЬНОКОРИНЕВІ$ -> #СПІЛЬНОКОРЕНЕВІ$) = -29.452641516823356
correctionProbability (#ВЫЛЕЧИТТ$ -> #ВЫЛЕЧИТЬ$) = -14.598081477622507
correctionProbability (#СТТХ$ -> #СТИХ$) = -8.518421300533326
correctionProbability (#ДОМАШНИЗ$ -> #ДОМАШНИХ$) = -8.340365239859572
correctionProbability (#ЦЕРКУЛЯЦИИ$ -> #ЦИРКУЛЯЦИИ$) = -23.667730457517656
correctionProbability (#ШИКОЛА$ -> #ШКОЛА$) = -7.974045584179276
correctionProbability (#СИНКВЕИН$ -> #СИНКВЕЙН$) = -17.01898409786417
correctionProbability (#ЗБРОИ$ -> #ЗБРОЇ$) = -20.802157071090082
correctionProbability (#ЗНЯТЬ$ -> #СНЯТЬ$) = -7.069678146420237
correctionProbability (#АДВАНЦ$ -> #АДВАНС$) = -15.82323352130258
correctionProbability (#РКССКИЕ$ -> #РУССКИЕ$) = -6.829100030995711
correctionProbability (#ПРОЦЕСОРОМ$ -> #ПРОЦЕССОРОМ$) = -25.95237812369301
correctionProbability (#MOLIVA$ -> #MOLITVA$) = -20.234993394476184
correctionProbability (#ПРУЖАНСКО$ -> #ПРУЖАНСКОГО$) = -92.09034747460352
correctionProbability (#ТВИТР$ -> #ТВИТТЕР$) = -79.12492398291616
correctionProbability (#ORUGIE$ -> #ORUJIE$) = -24.899143992234954
correctionProbability (#ВИНИ$ -> #ВИННИ$) = -12.142559777355277
correctionProbability (#ТРОСС$ -> #ТРОС$) = -15.41432446682148
correctionProbability (#ХАЙНАН$ -> #ХАЙНАНЬ$) = -14.315524307131739
correctionProbability (#XVIĎEOS$ -> #XVIDEOS$) = -11.514394210857375
correctionProbability (#АСИКАП$ -> #АЙСИКАП$) = -22.288096991361243
correctionProbability (#ВИНЛ$ -> #ВИНО$) = -8.951001717648321
correctionProbability (#ЛЕЬУАЛЬ$ -> #ЛЕТУАЛЬ$) = -11.882424799262601
correctionProbability (#МУЛЬТФИЛБМ$ -> #МУЛЬТФИЛЬМ$) = -9.106369333077446
correctionProbability (#AVTOSPOT$ -> #AUTOSPOT$) = -22.303330062357155
correctionProbability (#БАХАНОВА$ -> #БАЗАНОВА$) = -21.95464274383204
correctionProbability (#ИРИСОМ$ -> #РИСОМ$) = -15.17305484713992
correctionProbability (#ВАЛЕРЯНКА$ -> #ВАЛЕРЬЯНКА$) = -22.51964845694949
correctionProbability (#ТІКЕТС$ -> #ТИКЕТС$) = -17.17164089076196
correctionProbability (#СОЛОВА$ -> #СЛОВА$) = -8.409711896797326
correctionProbability (#КАРОБОК$ -> #КОРОБОК$) = -15.370457840230756
correctionProbability (#АДРОИДЕ$ -> #АНДРОИДЕ$) = -16.4852711165439
correctionProbability (#НЕИЗВЕСТНЙ$ -> #НЕИЗВЕСТНЫЙ$) = -21.081731908909568
correctionProbability (#ЯНДEКС$ -> #ЯНДЕКС$) = -2.2686864163538196
correctionProbability (#ОБЬЕМНЫЕ$ -> #ОБЪЕМНЫЕ$) = -15.295146269697959
correctionProbability (#КАМБАТ$ -> #КОМБАТ$) = -12.159496238485094
correctionProbability (#ВЫСОКМЙ$ -> #ВЫСОКИЙ$) = -13.931189617309144
correctionProbability (#СТТИ$ -> #СИТИ$) = -7.616725610782925
correctionProbability (#СОСКОВКИ$ -> #СОСНОВКИ$) = -24.12266388016277
correctionProbability (#ОБЬЕМНЫЙ$ -> #ОБЪЕМНЫЙ$) = -17.107251392333914
correctionProbability (#ГИАИЛ$ -> #ГМАИЛ$) = -12.737070455254436
correctionProbability (#АЙДИТЕ$ -> #НАЙДИТЕ$) = -12.562209255871018
correctionProbability (#АКТИВАЦИЙ$ -> #АКТИВАЦИИ$) = -15.062789292053829
correctionProbability (#СТРАЯ$ -> #СТАРАЯ$) = -11.867937798906478
correctionProbability (#ДОМАГАРОВ$ -> #ДОМОГАРОВ$) = -18.919419726331064
correctionProbability (#ДЕВАЧЬКИ$ -> #ДЕВОЧКИ$) = -75.78190879176933
correctionProbability (#АВТРАЛИЯ$ -> #АВСТРАЛИЯ$) = -16.524913328448378
correctionProbability (#КАНФЛИКТ$ -> #КОНФЛИКТ$) = -16.035141284408162
correctionProbability (#ВЫЧИТЫ$ -> #ВЫЧЕТЫ$) = -15.959399107942584
correctionProbability (#РОЛЫ$ -> #РОЛЛЫ$) = -10.87375035090415
correctionProbability (#ПРОИЗВОСТВО$ -> #ПРОИЗВОДСТВО$) = -16.136034903561097
correctionProbability (#ОТСАСАЛА$ -> #ОТСОСАЛА$) = -17.199681675526016
correctionProbability (#ЛЕТОЯНИ$ -> #ЛЕТОЯННИ$) = -28.67708016032023
correctionProbability (#ВЫКЛЮЧИТ$ -> #ВЫКЛЮЧИТЬ$) = -19.341775901830395
correctionProbability (#РЕГЕСТРАТУРЫ$ -> #РЕГИСТРАТУРЫ$) = -21.736186879190065
correctionProbability (#ПЕРУЛОК$ -> #ПЕРЕУЛОК$) = -15.544085730971481
correctionProbability (#ВОДОСЫ$ -> #ВОЛОСЫ$) = -8.734803048121325
correctionProbability (#SKRITAIA$ -> #SKRITAYA$) = -22.550307324918315
correctionProbability (#АНГЛИЙССКОМУ$ -> #АНГЛИЙСКОМУ$) = -15.636158884266514
correctionProbability (#СИМУЛЯТО$ -> #СИМУЛЯТОР$) = -13.587111499991018
correctionProbability (#ГРІНВЕЙ$ -> #ГРИНВЕЙ$) = -15.450778176078742
correctionProbability (#ТЕОЕПРОГРАММА$ -> #ТЕЛЕПРОГРАММА$) = -15.972428637808832
correctionProbability (#ВОТСА$ -> #ВАТСАП$) = -73.85539411932265
correctionProbability (#REPLEY$ -> #REPLAY$) = -17.501391745763545
correctionProbability (#СОЛОВО$ -> #СЛОВО$) = -10.15810354714404
correctionProbability (#SOLAT$ -> #SHOLAT$) = -25.59306795199784
correctionProbability (#ИНСТАГАМ$ -> #ИНСТАГРАМ$) = -9.1290837743839
correctionProbability (#НОГОЛОВАЯ$ -> #НАЛОГОВАЯ$) = -141.4999070839379
correctionProbability (#КОЛЛИЧЕСТВУ$ -> #КОЛИЧЕСТВУ$) = -24.02267977104828
correctionProbability (#ЭРОТИА$ -> #ЭРОТИКА$) = -8.540675564518196
correctionProbability (#ИСНТРУКЦИЯ$ -> #ИНСТРУКЦИЯ$) = -77.14896519224942
correctionProbability (#РУСУРСЫ$ -> #РЕСУРСЫ$) = -14.444505116548655
correctionProbability (#СОПНИК$ -> #СОННИК$) = -9.513366534975393
correctionProbability (#СТСТ$ -> #СТС$) = -10.80694098953764
correctionProbability (#ЛІТНЕТ$ -> #ЛИТНЕТ$) = -14.857341736280684
correctionProbability (#АСТЬ$ -> #ЧАСТЬ$) = -6.984017520575225
correctionProbability (#СТСС$ -> #СТС$) = -10.759993446474365
correctionProbability (#АРНДА$ -> #АРЕНДА$) = -7.913462397406686
correctionProbability (#САМОСТИЙНА$ -> #САМОСТІЙНА$) = -23.766719290715855
correctionProbability (#БОРОДАЧЬ$ -> #БОРОДАЧ$) = -18.046852875192748
correctionProbability (#НЕДНО$ -> #НЕЖНО$) = -13.199695082937655
correctionProbability (#ВГЕНИЙ$ -> #ЕВГЕНИЙ$) = -11.344676634766913
correctionProbability (#СОВСЕСТИМОСТЬ$ -> #СОВМЕСТИМОСТЬ$) = -18.044043954125627
correctionProbability (#КОЛЛИЧЕСТВО$ -> #КОЛИЧЕСТВО$) = -17.099882402753977
correctionProbability (#РАБОТОЕТ$ -> #РАБОТАЕТ$) = -11.217628350872594
correctionProbability (#СКЕЛЕТЕАЯ$ -> #СКЕЛЕТНАЯ$) = -24.587399236236017
correctionProbability (#ТЕРАСПОЛЬ$ -> #ТИРАСПОЛЬ$) = -15.967906348804767
correctionProbability (#СТРАС$ -> #СТАРС$) = -75.36928006271678
correctionProbability (#БОЛЕЗНЕНО$ -> #БОЛЕЗНЕННО$) = -26.504110841180953
correctionProbability (#КУПАРОСОМ$ -> #КУПОРОСОМ$) = -19.869672394748072
correctionProbability (#ВОТСП$ -> #ВАТСАП$) = -73.86666559452318
correctionProbability (#ТЕЛЕКОМУНИКАЦИОНЫХ$ -> #ТЕЛЕКОММУНИКАЦИОННЫХ$) = -102.24465403554335
correctionProbability (#РОЛБ$ -> #РОЛЬ$) = -9.948035599802079
correctionProbability (#ЦЕФИКОН$ -> #ЦЕФЕКОН$) = -20.358660865319465
correctionProbability (#ДЕЬСКАЯ$ -> #ДЕТСКАЯ$) = -8.976388588534697
correctionProbability (#АЛИЕКСПРЕС$ -> #АЛИЭКСПРЕСС$) = -76.61719312393441
correctionProbability (#АСТО$ -> #АВТО$) = -3.956026905851168
correctionProbability (#ПРОМКОД$ -> #ПРОМОКОД$) = -13.0500845308704
correctionProbability (#МАГЕИТ$ -> #МАГНИТ$) = -10.377480337240424
correctionProbability (#РАПОЛОЖЕНИЕ$ -> #РАСПОЛОЖЕНИЕ$) = -18.441377294684386
correctionProbability (#МУЖИКТ$ -> #МУЖИКИ$) = -13.28464054840892
correctionProbability (#ВЫКРОИКИ$ -> #ВЫКРОЙКИ$) = -13.129090889060357
correctionProbability (#ДОМАШНИЦ$ -> #ДОМАШНИЙ$) = -11.115131060025647
correctionProbability (#КАБИНЕЬ$ -> #КАБИНЕТ$) = -5.165169740721845
correctionProbability (#СТРАИ$ -> #СТРАЙК$) = -78.18850598190147
correctionProbability (#ДЕВЧКИ$ -> #ДЕВОЧКИ$) = -9.207648538493387
correctionProbability (#АСКОРІЛ$ -> #АСКОРИЛ$) = -17.40164047499178
correctionProbability (#АВТРАЛИИ$ -> #АВСТРАЛИИ$) = -16.1691884630251
correctionProbability (#ОНИГДОТЫ$ -> #АНЕКДОТЫ$) = -142.07174520491785
correctionProbability (#ПОЛОЛОЦК$ -> #ПОЛОЦК$) = -84.71329382055642
correctionProbability (#ПЕСЕНК$ -> #ПЕСЕНКИ$) = -10.695311364895957
correctionProbability (#АТОРВОСТАТИН$ -> #АТОРВАСТАТИН$) = -21.69129279604323
correctionProbability (#БЕРУТЬСЯ$ -> #БЕРУТСЯ$) = -20.634541103936954
correctionProbability (#ДЕУШКЕ$ -> #ДЕВУШКЕ$) = -12.648873205693647
correctionProbability (#FREEV$ -> #FREEU$) = -18.675678699311835
correctionProbability (#СДЕЛАТЬТ$ -> #СДЕЛАТЬ$) = -8.67374939871658
correctionProbability (#ЖЕКЛЕР$ -> #ЖИКЛЕР$) = -22.19402911574572
correctionProbability (#РПЗЛИЧИЯ$ -> #РАЗЛИЧИЯ$) = -16.58424171252971
correctionProbability (#ЦЕПРОЛЕТ$ -> #ЦИПРОЛЕТ$) = -17.516626214465404
correctionProbability (#LMANBEK$ -> #IMANBEK$) = -18.73822167636783
correctionProbability (#ТРАПЕЦИ$ -> #ТРАПЕЦИИ$) = -16.08933825774001
correctionProbability (#ГОСУСУЛГИ$ -> #ГОСУСЛУГИ$) = -76.99955629537641
correctionProbability (#ЧИМУ$ -> #ЧЕМУ$) = -7.92440974292964
correctionProbability (#ВЫЧИТА$ -> #ВЫЧЕТА$) = -15.644931400880484
correctionProbability (#АНДИЙСКИЙ$ -> #АНГЛИЙСКИЙ$) = -76.5093137613135
correctionProbability (#САШЫ$ -> #САШИ$) = -15.279155167691297
correctionProbability (#МОЯК$ -> #МАЯК$) = -11.125595606495526
correctionProbability (#КАККАЯ$ -> #КАКАЯ$) = -10.187961720504592
correctionProbability (#ДУШНВУЮ$ -> #ДУШЕВУЮ$) = -16.977526250453913
correctionProbability (#ЪРОТИКА$ -> #ЭРОТИКА$) = -7.931488847856997
correctionProbability (#НАХОДЯТЬСЯ$ -> #НАХОДЯТСЯ$) = -18.81722218198722
correctionProbability (#БРАЩЕРС$ -> #БРАЗЕРС$) = -13.000661086342546
correctionProbability (#АНОГРАММЫ$ -> #АНАГРАММЫ$) = -22.190453419495732
correctionProbability (#ВИЗВ$ -> #ВИЗА$) = -10.314378223522947
correctionProbability (#ЧАСНЕ$ -> #ЧАСТНОЕ$) = -77.28604674573943
correctionProbability (#ПИРОЖЕННОЕ$ -> #ПИРОЖНОЕ$) = -86.2259501269192
correctionProbability (#ДЖОКИР$ -> #ДЖОКЕР$) = -8.700317519294348
correctionProbability (#КАЗАНОВО$ -> #КАЗАНОВА$) = -17.303782663625377
correctionProbability (#SISTRU$ -> #SESTRU$) = -20.97383778110991
correctionProbability (#СЕОИЯ$ -> #СЕРИЯ$) = -2.284387526482579
correctionProbability (#ЕКАТКРИНБУРГ$ -> #ЕКАТЕРИНБУРГ$) = -12.961146056949694
correctionProbability (#ДАЙВЕ$ -> #ДРАЙВЕР$) = -76.33298276772774
correctionProbability (#МОХРОВЫЕ$ -> #МАХРОВЫЕ$) = -19.06010508018965
correctionProbability (#ПОДГОВИТЬ$ -> #ПОДГОТОВИТЬ$) = -84.3634920788191
correctionProbability (#БОЛЧТ$ -> #БОЛЯТ$) = -12.590345926628299
correctionProbability (#СТМИ$ -> #СТИМ$) = -76.38839680335731
correctionProbability (#СЕРИАН$ -> #СЕРИАЛ$) = -4.086755563183605
correctionProbability (#ФИЛИПИНЫ$ -> #ФИЛИППИНЫ$) = -19.333936747778075
correctionProbability (#ДЕКЛАРЦИИ$ -> #ДЕКЛАРАЦИИ$) = -16.891362841799214
correctionProbability (#БЕПЕМЕННОСТИ$ -> #БЕРЕМЕННОСТИ$) = -14.826631761484627
correctionProbability (#МИАНЬШАНЬ$ -> #АНЬШАНЬ$) = -97.0438983449392
correctionProbability (#ОБРАТЬТЬСЯ$ -> #ОБРАТИТЬСЯ$) = -18.76364070149429
correctionProbability (#ВИДИОИ$ -> #ВИДЕО$) = -68.93553926132594
correctionProbability (#НУЖЕ$ -> #НУЖЕН$) = -10.830384169902988
correctionProbability (#ЧИТАТАТЬ$ -> #ЧИТАТЬ$) = -76.92014930463107
correctionProbability (#ПОВЫШАЕТЬСЯ$ -> #ПОВЫШАЕТСЯ$) = -23.631602849541864
correctionProbability (#МОХРОВЫЙ$ -> #МАХРОВЫЙ$) = -18.84225919427452
correctionProbability (#КРИШКУ$ -> #КРЫШКУ$) = -14.627513730552469
correctionProbability (#ЕЗОЛОНГ$ -> #ЭЗОЛОНГ$) = -25.490242298388893
correctionProbability (#ОЕШУ$ -> #РЕШУ$) = -8.014799647161393
correctionProbability (#РУНЕТИК$ -> #РУНЕТКИ$) = -80.60942850132875
correctionProbability (#MOLODENKI$ -> #MOLODENKIE$) = -27.814669646816057
correctionProbability (#ЛУНОЧАРСКОГО$ -> #ЛУНАЧАРСКОГО$) = -22.545693270764083
correctionProbability (#ВЗРОСЛИХ$ -> #ВЗРОСЛЫХ$) = -9.648988577142923
correctionProbability (#ПРЕПИНАНИЕ$ -> #ПРЕПИНАНИЯ$) = -18.27971023221592
correctionProbability (#СЬЕЗД$ -> #СЪЕЗД$) = -16.11507418571553
correctionProbability (#СОТОГЕКСАЛ$ -> #СОТАГЕКСАЛ$) = -23.330658625690788
correctionProbability (#ВИЖЫ$ -> #ВИДЫ$) = -6.767483187503085
correctionProbability (#КОМАДИРОВАННЫЙ$ -> #КОМАНДИРОВАННЫЙ$) = -35.01715568556903
correctionProbability (#СТМА$ -> #СИМА$) = -9.567087916864512
correctionProbability (#СЕРВЕРИ$ -> #СЕРВЕРА$) = -12.36130637126044
correctionProbability (#ТЕХНОПОИТ$ -> #ТЕХНОПОИНТ$) = -17.246882332232595
correctionProbability (#ДИСЕРТАЦИЯ$ -> #ДИССЕРТАЦИЯ$) = -21.909532366827747
correctionProbability (#МЕДСЕСТР$ -> #МЕДСЕСТРЫ$) = -17.103374642931563
correctionProbability (#КРИШКИ$ -> #КРЫШКИ$) = -14.15831336375373
correctionProbability (#СЕРИАД$ -> #СЕРИАЛ$) = -4.079893853343183
correctionProbability (#PORNOHUBE$ -> #PORNOHUB$) = -17.997781380882877
correctionProbability (#СЕЛЬНЕЙШИЙ$ -> #СИЛЬНЕЙШИЙ$) = -19.206913549330473
correctionProbability (#УСИТЕЛЬ$ -> #УЧИТЕЛЬ$) = -11.797135430837777
correctionProbability (#ФЛЕШБЕК$ -> #ФЛЭШБЭК$) = -88.85418656348192
correctionProbability (#СТЛЫ$ -> #СИЛЫ$) = -10.666827477944405
correctionProbability (#АСНЕ$ -> #АСТАНЕ$) = -75.9542885721708
correctionProbability (#ЯЯНДЕКС$ -> #ЯНДЕКС$) = -4.7771715150578125
correctionProbability (#ГРРОД$ -> #ГОРОД$) = -5.110836372903048
correctionProbability (#УНТВЕРСИТЕТ$ -> #УНИВЕРСИТЕТ$) = -14.412892124722802
correctionProbability (#D700S$ -> #D700$) = -23.971875715194784
correctionProbability (#ТЕХНОПОИН$ -> #ТЕХНОПОИНТ$) = -17.260807968323462
correctionProbability (#XOSKER$ -> #XOSQER$) = -19.74389382689245
correctionProbability (#FREDY$ -> #FREDDY$) = -18.242382619235325
correctionProbability (#ЭЛЕКРИЧКА$ -> #ЭЛЕКТРИЧКА$) = -17.069847892335886
correctionProbability (#ВИДИОО$ -> #ВИДЕО$) = -68.93216211987381
correctionProbability (#КАРАБОЛЬ$ -> #КОРАБЛЬ$) = -79.13967399633292
correctionProbability (#ОГРАНИЧЕНЫМИ$ -> #ОГРАНИЧЕННЫМИ$) = -23.78878305603763
correctionProbability (#КИЛОМЕТРОА$ -> #КИЛОМЕТРОВ$) = -17.00079396455363
correctionProbability (#СУМАДШЕДШАЯ$ -> #СУМАСШЕДШАЯ$) = -20.813221904395988
correctionProbability (#КОЛЕКТОРОВ$ -> #КОЛЛЕКТОРОВ$) = -24.139033934922026
correctionProbability (#БЛОГИРЫ$ -> #БЛОГЕРЫ$) = -17.064142204676862
correctionProbability (#ОБОСОБЛЕНОЕ$ -> #ОБОСОБЛЕННОЕ$) = -23.724026047554013
correctionProbability (#ЭКСКУРИОННЫЙ$ -> #ЭКСКУРСИОННЫЙ$) = -24.304642741066132
correctionProbability (#БУССТАЙМ$ -> #БУСТАЙМ$) = -23.388391558269504
correctionProbability (#DOCHKIZINOCHKI$ -> #DOCHKISINOCHKI$) = -28.96546020519164
correctionProbability (#ВЗРОСЛИЕ$ -> #ВЗРОСЛЫЕ$) = -14.661175211341707
correctionProbability (#ЭРOТИKА$ -> #ЭРОТИКА$) = -72.77971126259133
correctionProbability (#СЕРИАЯ$ -> #СЕРИЯ$) = -4.760498657653326
correctionProbability (#ХАБЛ$ -> #ХАББЛ$) = -19.762109886955255
correctionProbability (#ВІТО$ -> #ВИТО$) = -13.945443355345265
correctionProbability (#СТОЕМОСТЬ$ -> #СТОИМОСТЬ$) = -9.35433769710039
correctionProbability (#ПРАГРАМЫ$ -> #ПРОГРАММЫ$) = -77.63829645058512
correctionProbability (#НЕВРОЛГИЮ$ -> #НЕВРАЛГИЮ$) = -24.273765287969297
correctionProbability (#ДЩОСТАВКА$ -> #ДОСТАВКА$) = -12.213239226224218
correctionProbability (#SUBASII$ -> #SUBASI$) = -34.77258301937874
correctionProbability (#КОТАЛОГ$ -> #КАТАЛОГ$) = -6.432020570059478
correctionProbability (#МОТЛАВЕ$ -> #МАТЛАБЕ$) = -88.09642692640267
correctionProbability (#ПАРТУГАЛИЯ$ -> #ПОРТУГАЛИЯ$) = -16.612930256959658
correctionProbability (#СЕРИАЫ$ -> #СЕРИАЛЫ$) = -8.069693764202825
correctionProbability (#ПАРТУГАЛИЮ$ -> #ПОРТУГАЛИЮ$) = -22.796252632854397
correctionProbability (#НАЙДИТИ$ -> #НАЙДИТЕ$) = -11.987537735411564
correctionProbability (#УСИТЕЛЯ$ -> #УЧИТЕЛЯ$) = -9.863369786276749
correctionProbability (#ВИЛЕО$ -> #ВИДЕО$) = -1.7050727201571014
correctionProbability (#БОТАРЕИ$ -> #БАТАРЕИ$) = -12.813057230868843
correctionProbability (#АЙТЮС$ -> #АЙТЮНС$) = -14.661957537620115
correctionProbability (#ТРПВЯНОЙ$ -> #ТРАВЯНОЙ$) = -20.124079894648503
correctionProbability (#СЕРВЕСЫ$ -> #СЕРВИСЫ$) = -14.530553198132552
correctionProbability (#ХУДЕНИЯ$ -> #ПОХУДЕНИЯ$) = -79.67828365484549
correctionProbability (#ПОЛУГОЛИХ$ -> #ПОЛУГОЛЫХ$) = -26.129163048882212
correctionProbability (#ПОТБОРКА$ -> #ПОДБОРКА$) = -14.27639691649162
correctionProbability (#РЕМЕРС$ -> #РЕММЕРС$) = -25.184410207056075
correctionProbability (#ЯНДЕХ$ -> #ЯНДЕКС$) = -67.5312589021046
correctionProbability (#ФОРМУА$ -> #ФОРМУЛА$) = -10.021879163527814
correctionProbability (#АНОГРАММА$ -> #АНАГРАММА$) = -19.78677978242979
correctionProbability (#ПЕРСООНАЖ$ -> #ПЕРСОНАЖ$) = -18.79687817297836
correctionProbability (#ХИЩЬНИКА$ -> #ХИЩНИКА$) = -18.321123146977783
correctionProbability (#СТРАНИА$ -> #СТРАНИЦА$) = -7.977835471153568
correctionProbability (#PORNIHUB$ -> #PORNOHUB$) = -15.451050880167124
correctionProbability (#ПРИЕМСТВЕННОСТЬ$ -> #ПРЕЕМСТВЕННОСТЬ$) = -27.288488869302228
correctionProbability (#ЗАПТСЬ$ -> #ЗАПИСЬ$) = -8.47032429364457
correctionProbability (#НАТСЯ$ -> #НАСТЯ$) = -75.58713044862517
correctionProbability (#МАЙНКРВФТ$ -> #МАЙНКРАФТ$) = -7.99429788907139
correctionProbability (#SAFIA$ -> #SOFIA$) = -15.030513806757721
correctionProbability (#ВЗРОСЛИЙ$ -> #ВЗРОСЛЫЙ$) = -15.868777002157323
correctionProbability (#КАРТЬИНКИ$ -> #КАРТИНКИ$) = -7.15497654773408
correctionProbability (#СУПЕРГЕРОЇ$ -> #СУПЕРГЕРОИ$) = -18.946479689653636
correctionProbability (#ДОЛЖОСТНЫЕ$ -> #ДОЛЖНОСТНЫЕ$) = -18.361550451162337
correctionProbability (#МААРОККО$ -> #МАРОККО$) = -17.974574946818166
correctionProbability (#АСКЛЕПІЙ$ -> #АСКЛЕПИЙ$) = -21.057919919704233
correctionProbability (#УПРОСТИТ$ -> #УПРОСТИТЬ$) = -21.621658693007987
correctionProbability (#ИСЛАМСКИ$ -> #ИСЛАМСКИЙ$) = -20.180732191216073
correctionProbability (#АКЕТЫ$ -> #АНКЕТЫ$) = -15.695123381261023
correctionProbability (#ТЕХНОЛОГИИИ$ -> #ТЕХНОЛОГИИ$) = -16.72036000879551
correctionProbability (#МАСУЛЬМАНКИ$ -> #МУСУЛЬМАНКИ$) = -22.70215656332922
correctionProbability (#ЮДМАРТ$ -> #ЮЛМАРТ$) = -12.535843832857996
correctionProbability (#НЕВРОЛГИИ$ -> #НЕВРАЛГИИ$) = -21.307693484613452
correctionProbability (#СТЛА$ -> #СИЛА$) = -9.303948036051256
correctionProbability (#ПРОЦЕСОВ$ -> #ПРОЦЕССОВ$) = -18.13388687142845
correctionProbability (#ЛЕЬАЛЬ$ -> #ЛЕЬААЛЬ$) = -27.351107104041127
correctionProbability (#МИШЕЛЕН$ -> #МИШЛЕН$) = -17.2937157072973
correctionProbability (#ЦЕНЫЕ$ -> #ЦЕННЫЕ$) = -17.08868924282557
correctionProbability (#КУРИКА$ -> #КУРТКА$) = -11.36898863588505
correctionProbability (#СОЕДЕНИТЕЛЬ$ -> #СОЕДИНИТЕЛЬ$) = -22.23632737021439
correctionProbability (#ТОРЕТО$ -> #ТОРЕТТО$) = -21.625709110597484
correctionProbability (#МИЛИОНЕР$ -> #МИЛЛИОНЕР$) = -17.069061588958483
correctionProbability (#БЛАГОДЕТЕЛЕ$ -> #БЛАГОДЕТЕЛИ$) = -36.703034204163956
correctionProbability (#РАСПРСАНИЕ$ -> #РАСПИСАНИЕ$) = -9.673829537612733
correctionProbability (#АНТЕВИРУС$ -> #АНТИВИРУС$) = -13.365384435138715
correctionProbability (#МИТАЛА$ -> #МЕТАЛЛА$) = -76.5508242368157
correctionProbability (#ПРОЦЕСОР$ -> #ПРОЦЕССОР$) = -16.531573851480452
correctionProbability (#СДЕЛАТЬЬ$ -> #СДЕЛАТЬ$) = -8.653978673463726
correctionProbability (#КОСАЛТИНГ$ -> #КОНСАЛТИНГ$) = -20.51694366545791
correctionProbability (#БАПУГАН$ -> #БАКУГАН$) = -15.827311865189564
correctionProbability (#БЕРДУАЛ$ -> #БЕРОДУАЛ$) = -18.626489500288564
correctionProbability (#РАСТЕЖЕНИЕ$ -> #РАСТЯЖЕНИЕ$) = -20.673517013387986
correctionProbability (#РТСУНКИ$ -> #РИСУНКИ$) = -6.776175695517942
correctionProbability (#ОЕЧИ$ -> #РЕЧИ$) = -9.005446594684422
correctionProbability (#АГРАРНИ$ -> #АГРАРНІ$) = -32.881799547300425
correctionProbability (#ГОДАТЬ$ -> #ГАДАТЬ$) = -13.93303161942352
correctionProbability (#ПРОЦЕСОМ$ -> #ПРОЦЕССОМ$) = -22.52633784339053
correctionProbability (#СЕАЛИС$ -> #СИАЛИС$) = -16.061102514317586
correctionProbability (#ДЕКЛАРЦИЮ$ -> #ДЕКЛАРАЦИЮ$) = -19.071656786460196
correctionProbability (#ВИНЛАЙ$ -> #ВИНЛАЙН$) = -15.767628183997843
correctionProbability (#ЯНДЕСКС$ -> #ЯНДЕКС$) = -4.714767622952788
correctionProbability (#БЛЕФОРОПЛАСТИКИ$ -> #БЛЕФАРОПЛАСТИКИ$) = -27.524794095432654
correctionProbability (#ТРИКАТАЖ$ -> #ТРИКОТАЖ$) = -13.511517914717025
correctionProbability (#СЕБОКСАРЫ$ -> #ЧЕБОКСАРЫ$) = -12.810564738205393
correctionProbability (#KERHONEN$ -> #KORHONEN$) = -34.06113924329653
correctionProbability (#СЕТРОЙ$ -> #СЕСТРОЙ$) = -13.834376555890245
correctionProbability (#АЫБРАТЬ$ -> #ВЫБРАТЬ$) = -10.798640243102902
correctionProbability (#ФОНТАЗИИ$ -> #ФАНТАЗИИ$) = -17.039309137872053
correctionProbability (#ВИДИЛО$ -> #ВИДЕО$) = -68.9471003479255
correctionProbability (#ГОСУДРАСТВА$ -> #ГОСУДАРСТВА$) = -84.50841911963718
correctionProbability (#ОМЕНА$ -> #ОТМЕНА$) = -15.022942061185585
correctionProbability (#ПРЕПОДОВАТЕЛИ$ -> #ПРЕПОДАВАТЕЛИ$) = -23.070872968877524
correctionProbability (#МУЖИНА$ -> #МУЖЧИНА$) = -10.975424222966318
correctionProbability (#МОГОДА$ -> #ПОГОДА$) = -1.1858875831470748
correctionProbability (#АССАССИН$ -> #АССАСИН$) = -16.574849751714538
correctionProbability (#VALRUS$ -> #WALRUS$) = -24.364405998758343
correctionProbability (#КОПУСТУ$ -> #КАПУСТУ$) = -12.187602571011155
correctionProbability (#БОЛЕНИ$ -> #БОЛЕЗНИ$) = -12.363982293358852
correctionProbability (#ДИКСАМЕТАЗОН$ -> #ДЕКСАМЕТАЗОН$) = -20.241056824166854
correctionProbability (#СТОТ$ -> #СТОИТ$) = -7.140749182161102
correctionProbability (#БЛЕФОРОПЛАСТИКА$ -> #БЛЕФАРОПЛАСТИКА$) = -23.81778726744055
correctionProbability (#OBNAVIT$ -> #OBNOVIT$) = -24.630084486072413
correctionProbability (#МАТЕАТИКА$ -> #МАТЕМАТИКА$) = -11.96553686303762
correctionProbability (#ТОРНАМЕНТ$ -> #ТУРНАМЕНТ$) = -23.211957308206365
correctionProbability (#РОИЛ$ -> #РОЯЛ$) = -12.023668557201145
correctionProbability (#DDOCHKISINOCHKI$ -> #DOCHKISINOCHKI$) = -31.522954301592137
correctionProbability (#ГЛАЛИОЛУСЫ$ -> #ГЛАДИОЛУСЫ$) = -19.471268048257464
correctionProbability (#ЩЕРКАЛО$ -> #ЗЕРКАЛО$) = -9.762423327287586
correctionProbability (#ОБЛИЧЧА$ -> #ОБЛИЧЧЯ$) = -20.392060163895373
correctionProbability (#UATAD$ -> #USTAD$) = -31.425465583941815
correctionProbability (#ПРЕДЛОГАЛ$ -> #ПРЕДЛАГАЛ$) = -24.738256577464348
correctionProbability (#ОБЬЯВЛЕН$ -> #ОБЪЯВЛЕН$) = -19.811109921560792
correctionProbability (#ПРОВЕРИТСЯ$ -> #ПРОВЕРИТЬСЯ$) = -24.896920607188704
correctionProbability (#НАСОСИ$ -> #НАСОСЫ$) = -13.535062002609447
correctionProbability (#КОГОТКАХ$ -> #КОЛГОТКАХ$) = -16.096877870580137
correctionProbability (#МУЖИНУ$ -> #МУЖЧИНУ$) = -13.406774129175446
correctionProbability (#БЕЗДРОЖЕВОЕ$ -> #БЕЗДРОЖЖЕВОЕ$) = -24.8790678243192
correctionProbability (#КРАИНЕ$ -> #УКРАИНЕ$) = -10.462559197366943
correctionProbability (#МАГИЗИНЫ$ -> #МАГАЗИНЫ$) = -10.71477718728427
correctionProbability (#СТРАНИК$ -> #СТРАННИК$) = -18.07422238351362
correctionProbability (#ВОДАХРОНИЛИЩЕ$ -> #ВОДОХРАНИЛИЩЕ$) = -86.42022821696307
correctionProbability (#СКПЧАТЬ$ -> #СКАЧАТЬ$) = -2.5299773021229424
correctionProbability (#ФАНСЕРАЛС$ -> #ФАНСЕРИАЛС$) = -18.42271114109404
correctionProbability (#ОННЕЛА$ -> #АНГЕЛА$) = -76.57885834313247
correctionProbability (#VAILA$ -> #WAILA$) = -18.746866945911325
correctionProbability (#БЕСПОАТНАЯ$ -> #БЕСПЛАТНАЯ$) = -14.824297369521787
correctionProbability (#ГАЛОВКИ$ -> #ГОЛОВКИ$) = -15.093503098286938
correctionProbability (#СТОЕ$ -> #СТОИТ$) = -71.83573555608785
correctionProbability (#ЧИЛА$ -> #ЧИСЛА$) = -9.236827768263499
correctionProbability (#КРАИНИ$ -> #КРАЇНИ$) = -17.30430947066574
correctionProbability (#ЛЕОНХОЛЬД$ -> #ЛЕОПОЛЬД$) = -83.20720062057042
correctionProbability (#СОСИНЕНИЕ$ -> #СОЧИНЕНИЕ$) = -12.249830227705722
correctionProbability (#ФІТНЕС$ -> #ФИТНЕС$) = -8.843261482356457
correctionProbability (#МУЖИНЫ$ -> #МУЖЧИНЫ$) = -10.661780026774608
correctionProbability (#СТОБ$ -> #ЧТОБЫ$) = -72.91305063173014
correctionProbability (#МЕРЬВЕЦЫ$ -> #МЕРТВЕЦЫ$) = -12.492126590520577
correctionProbability (#ЙВОН$ -> #ЭЙВОН$) = -9.238448970160444
correctionProbability (#ХАРОШЫЙ$ -> #ХОРОШИЙ$) = -75.82818295458485
correctionProbability (#СЕРИВЛ$ -> #СЕРИАЛ$) = -4.1135206091481
correctionProbability (#ОПТАМ$ -> #ОПТОМ$) = -5.698876232260847
correctionProbability (#АНТИРОБИЧЕСКИЙ$ -> #АНТИРАБИЧЕСКИЙ$) = -33.19529149430582
correctionProbability (#ПРОПЕКТ$ -> #ПРОСПЕКТ$) = -12.82335866700226
correctionProbability (#ИСМОТРЕТЬ$ -> #СМОТРЕТЬ$) = -4.870128649361481
correctionProbability (#JPAN$ -> #JAPAN$) = -13.476993257246345
correctionProbability (#ЭПЭЛ$ -> #ЭПЛ$) = -15.17694196832677
correctionProbability (#КУИТУНЕ$ -> #КУЙТУНЕ$) = -24.861561954196716
correctionProbability (#SISTRA$ -> #SESTRA$) = -17.345086974048886
correctionProbability (#STORI$ -> #STORY$) = -11.98702900428427
correctionProbability (#ОЗГАЧАЕТ$ -> #ОЗНАЧАЕТ$) = -12.165731399618153
correctionProbability (#ЮВСИ$ -> #ЮФСИ$) = -18.289853320699695
correctionProbability (#ГАУФФ$ -> #ГАУФ$) = -21.76009283640383
correctionProbability (#ПОРТЕБЛЕ$ -> #ПОРТАБЛЕ$) = -22.722011013547572
correctionProbability (#САЛОВАТ$ -> #САЛАВАТ$) = -13.466600817009365
correctionProbability (#ТЕБК$ -> #ТЕБЕ$) = -8.919177271603228
correctionProbability (#СЬЕЛА$ -> #СЪЕЛА$) = -17.671748156721048
correctionProbability (#ШВЕЦМЯ$ -> #ШВЕЦИЯ$) = -14.314075942473696
correctionProbability (#КОСНЕР$ -> #КОСТНЕР$) = -19.570623966975468
correctionProbability (#МУХХАБАТ$ -> #МУХАББАТ$) = -88.48260671819689
correctionProbability (#ЧАЦСКОГО$ -> #ЧАЦКОГО$) = -19.233860970987116
correctionProbability (#HANGRY$ -> #HUNGRY$) = -17.17159696253938
correctionProbability (#ТПКОЕ$ -> #ТАКОЕ$) = -5.1949140494904285
correctionProbability (#КАРАБЛ$ -> #КОРАБЛЬ$) = -77.17972031462516
correctionProbability (#ЦЕНАРИЙ$ -> #СЦЕНАРИЙ$) = -12.602051030102508
correctionProbability (#МАДАКАСКАР$ -> #МАДАГАСКАР$) = -16.109876623248766
correctionProbability (#ДРЧКИ$ -> #ДОЧКИ$) = -10.122018833103429
correctionProbability (#ОТКРЫВЕТСЯ$ -> #ОТКРЫВАЕТСЯ$) = -18.81490270919474
correctionProbability (#РАМАДИЛ$ -> #РИМАДИЛ$) = -21.148834762839563
correctionProbability (#АНРЕНАЛИН$ -> #АДРЕНАЛИН$) = -17.92830226163496
correctionProbability (#СЛУГАТЬ$ -> #СЛУШАТЬ$) = -5.113350752773213
correctionProbability (#ГРИГОРИ$ -> #ГРИГОРИЙ$) = -14.799646709260081
correctionProbability (#ПЛАНИРОЫАНТЕ$ -> #ПЛАНИРОВАНИЕ$) = -82.69053511405383
correctionProbability (#СКАЕП$ -> #СКАЙП$) = -10.051107056443524
correctionProbability (#УЧАСНИКОМ$ -> #УЧАСТНИКОМ$) = -23.084697207596513
correctionProbability (#DISCONT$ -> #DISCOUNT$) = -18.139657151625123
correctionProbability (#АБУРАН$ -> #БУРАН$) = -17.3830066630747
correctionProbability (#ТУРЕСТИЧЕСКИЙ$ -> #ТУРИСТИЧЕСКИЙ$) = -19.915586274726436
correctionProbability (#РИВНЕ$ -> #РІВНЕ$) = -13.407484636539333
correctionProbability (#РАНАЛДУ$ -> #РОНАЛДУ$) = -14.743826983237042
correctionProbability (#ПРЕДПЛЕЧИЯ$ -> #ПРЕДПЛЕЧЬЯ$) = -22.089938891243726
correctionProbability (#КЛИЦА$ -> #УЛИЦА$) = -8.716523507373335
correctionProbability (#СПАКЕЗ$ -> #СПАКЕС$) = -12.5109386358227
correctionProbability (#КАЛДЮТИ$ -> #КАЛАВДЮТИ$) = -85.33871063193463
correctionProbability (#АНГЛИКОМ$ -> #АНГЛИЙСКОМ$) = -77.81021966378577
correctionProbability (#КАБИНКТ$ -> #КАБИНЕТ$) = -5.179590550926919
correctionProbability (#ЖЕВОТНЫЕ$ -> #ЖИВОТНЫЕ$) = -10.609648613747332
correctionProbability (#РИВНИ$ -> #РІВНІ$) = -83.84034538026017
correctionProbability (#ХПРОСЬИТУТКИ$ -> #ПРОСТИТУТКИ$) = -81.65633906905086
correctionProbability (#ПЛЯЖНВЙ$ -> #ПЛЯЖНЫЙ$) = -15.27891546137986
correctionProbability (#РОЙЯЛ$ -> #РОЯЛ$) = -14.570684104235827
correctionProbability (#ЭЛЕТРОЭНЕРГИИ$ -> #ЭЛЕКТРОЭНЕРГИИ$) = -20.444141852549855
correctionProbability (#ТЕТРАДТЬ$ -> #ТЕТРАДЬ$) = -11.742031458938733
correctionProbability (#ENNERGIA$ -> #ENNERGIIA$) = -23.669904732538996
correctionProbability (#РОМАНТИЧНСКИЙ$ -> #РОМАНТИЧЕСКИЙ$) = -22.485102468500173
correctionProbability (#RTIPMYDREAM$ -> #TRIPMYDREAM$) = -89.20277503253988
correctionProbability (#ТАЛИЦИ$ -> #ТАЛИЦЫ$) = -21.2855315978879
correctionProbability (#СОВЕРШЕНОЛЕТИЕ$ -> #СОВЕРШЕННОЛЕТИЕ$) = -30.608261095446522
correctionProbability (#ПЕСЕНЮ$ -> #ПЕСНЮ$) = -8.14511133571202
correctionProbability (#МУЖШИНА$ -> #МУЖЧИНА$) = -10.376687921100086
correctionProbability (#МУСИЛМАНСКИЙ$ -> #МУСУЛЬМАНСКИЙ$) = -88.89362881792206
correctionProbability (#БТОЛОГИИ$ -> #БИОЛОГИИ$) = -12.372328654150046
correctionProbability (#КАТИНЫ$ -> #КАРТИНЫ$) = -9.986694267549794
correctionProbability (#ПЕСЕНЬ$ -> #ПЕСЕН$) = -12.38421810657206
correctionProbability (#АНАЛИЗИ$ -> #АНАЛИЗЫ$) = -12.34441063726105
correctionProbability (#СЕОМИ$ -> #КСИОМИ$) = -77.7254864086658
correctionProbability (#АВТОЗАПЧЕСТЕЙ$ -> #АВТОЗАПЧАСТЕЙ$) = -20.987419016362466
correctionProbability (#РОСМОЛОДЕЖ$ -> #РОСМОЛОДЕЖЬ$) = -25.428682588993183
correctionProbability (#ПАРИКМАХЕРЧКИХ$ -> #ПАРИКМАХЕРСКИХ$) = -25.125621567711512
correctionProbability (#ВАРФЭС$ -> #ВАРФЕЙС$) = -75.75037818638339
correctionProbability (#ГРІНВИЧ$ -> #ГРИНВИЧ$) = -18.32711269330113
correctionProbability (#ПАРАЗИТИ$ -> #ПАРАЗИТЫ$) = -15.595816206640983
correctionProbability (#КАЛИНИНГОАД$ -> #КАЛИНИНГРАД$) = -13.28202273381818
correctionProbability (#TEEM$ -> #TEAM$) = -12.313371698393215
correctionProbability (#МАТЕАТИКЕ$ -> #МАТЕМАТИКЕ$) = -11.53197315214014
correctionProbability (#ВУДМЕНА$ -> #ВУДМАНА$) = -14.816349279488662
correctionProbability (#ПРОМИЛЛИ$ -> #ПРОМИЛЛЕ$) = -19.801165139984683
correctionProbability (#СЕЯТИЕ$ -> #СНЯТИЕ$) = -12.548104469538973
correctionProbability (#КОССЕЛЬ$ -> #КАССЕЛЬ$) = -19.229708062531472
correctionProbability (#КАТИНГ$ -> #КАСТИНГ$) = -13.349747415358884
correctionProbability (#STORU$ -> #STORY$) = -11.99107847109494
correctionProbability (#СЛАТОЧНИК$ -> #СЛАБОТОЧНИК$) = -93.78423848357474
correctionProbability (#ШЛУШАТЬ$ -> #СЛУШАТЬ$) = -5.151281751634196
correctionProbability (#СЕАЧАТЬ$ -> #СКАЧАТЬ$) = -2.5144785925194864
correctionProbability (#UTORRE$ -> #UTORRENT$) = -82.30674071650911
correctionProbability (#КОИКСЫ$ -> #КОМИКСЫ$) = -12.353169022822485
correctionProbability (#ГАНБОЛУ$ -> #ГАНДБОЛУ$) = -23.13590946051422
correctionProbability (#ПЕАРЛ$ -> #ПЕРЛ$) = -15.791381153763172
correctionProbability (#ДЖАНДЖОЛИ$ -> #ДЖОНДЖОЛИ$) = -22.17493027369759
correctionProbability (#ТЕАТ$ -> #ТЕАТР$) = -8.25852347446651
correctionProbability (#РОЖЫ$ -> #РОЖИ$) = -17.067605294469754
correctionProbability (#GRANNU$ -> #GRANNY$) = -13.883195473551776
correctionProbability (#ОКРЕСНОСТЕЙ$ -> #ОКРЕСТНОСТЕЙ$) = -25.95080234725973
correctionProbability (#МАЙПЕКС$ -> #МАЙНПЛЕКС$) = -92.40944497958984
correctionProbability (#XXXTANTACION$ -> #XXXTENTACION$) = -21.80771264106864
correctionProbability (#ВИЛИКИХ$ -> #ВЕЛИКИХ$) = -14.210332372529635
correctionProbability (#ЕРНЕСТО$ -> #ЭРНЕСТО$) = -20.754063172643576
correctionProbability (#КАБЗОН$ -> #КОБЗОН$) = -15.748940068314031
correctionProbability (#БОЛЕНЬ$ -> #БОЛЕЗНЬ$) = -12.390919351659576
correctionProbability (#АЛЛИЭКСПРЕС$ -> #АЛИЭКСПРЕСС$) = -79.13814897734841
correctionProbability (#ДОМАШННЕ$ -> #ДОМАШНЕЕ$) = -10.576748581315513
correctionProbability (#SKOCHOT$ -> #SKACHAT$) = -76.39529041471829
correctionProbability (#МХЕАРТ$ -> #ХЕАРТ$) = -25.329297846829206
correctionProbability (#IHARB$ -> #IHERB$) = -13.153143510919048
correctionProbability (#БЕСПЛАГНО$ -> #БЕСПЛАТНО$) = -4.744463896477056
correctionProbability (#RYNAIR$ -> #RYANAIR$) = -18.691863715361876
correctionProbability (#ОФИУИАЛЬНАЯ$ -> #ОФИЦИАЛЬНАЯ$) = -19.439653195200826
correctionProbability (#ОЧИСТЕТЬ$ -> #ОЧИСТИТЬ$) = -13.5566276762327
correctionProbability (#ЕРЕВОДЧИК$ -> #ПЕРЕВОДЧИК$) = -9.240695527371614
correctionProbability (#МЕСЕСТРА$ -> #МЕДСЕСТРА$) = -16.813816058029055
correctionProbability (#ХЭЛОУИН$ -> #ХЭЛЛОУИН$) = -10.784619619097342
correctionProbability (#ЖИВОТНО$ -> #ЖИВОТНОЕ$) = -15.03816757757722
correctionProbability (#ТРИЛЬЯЖ$ -> #ТРЕЛЬЯЖ$) = -21.340738623577465
correctionProbability (#ПЕВЦИ$ -> #ПЕВЦЫ$) = -14.921879948528325
correctionProbability (#ВАКУУМНИЙ$ -> #ВАКУУМНЫЙ$) = -16.775468960678225
correctionProbability (#НАГАХ$ -> #НОГАХ$) = -11.676829016595438
correctionProbability (#ГРАФФ$ -> #ГРАФ$) = -14.73756708692876
correctionProbability (#АЕРОПЛАН$ -> #АЭРОПЛАН$) = -20.800213662782745
correctionProbability (#РОБЛОУС$ -> #РОБЛОКС$) = -7.341849279413886
correctionProbability (#ЕОЯБРЕ$ -> #НОЯБРЕ$) = -9.8390034655927
correctionProbability (#ДИСКРИМІНАНТ$ -> #ДИСКРИМИНАНТ$) = -23.775409555882256
correctionProbability (#БЕРЗОВОЙ$ -> #БЕРЕЗОВОЙ$) = -20.085424777448615
correctionProbability (#УЛИЙ$ -> #УЛЕЙ$) = -14.878315618724418
correctionProbability (#МАЛЕЙКУМ$ -> #АЛЕЙКУМ$) = -18.137800568935297
correctionProbability (#НАТЕЛА$ -> #НАТЕЛЛА$) = -21.107802046080756
correctionProbability (#КОРТДОР$ -> #КОРИДОР$) = -14.548261909802761
correctionProbability (#ЕМОДЗИ$ -> #ЭМОДЗИ$) = -15.63667749657559
correctionProbability (#INSTAL$ -> #INSTALL$) = -16.74546839951286
correctionProbability (#ТЕЕФОН$ -> #ТЕЛЕФОН$) = -8.011670045783113
correctionProbability (#ЛЕКГО$ -> #ЛЕГКО$) = -78.7683664358489
correctionProbability (#РАЗПАРОЛИТЬ$ -> #РАСПАРОЛИТЬ$) = -29.533347900158887
correctionProbability (#WABKO$ -> #WABCO$) = -20.809756734339846
correctionProbability (#ГЕОМЕТРИИИ$ -> #ГЕОМЕТРИИ$) = -15.570733602419672
correctionProbability (#АНФАП$ -> #АНВАП$) = -12.428142390958573
correctionProbability (#УСТОНОВИТ$ -> #УСТАНОВИТЬ$) = -77.31249262697872
correctionProbability (#ЛМДИЯ$ -> #ЛИДИЯ$) = -11.467835645715663
correctionProbability (#ТОИСК$ -> #ТОМСК$) = -9.238787977238548
correctionProbability (#СІНТАЙ$ -> #СИНТАЙ$) = -20.668580149105853
correctionProbability (#СИРЕНЕС$ -> #СИРЕНИС$) = -23.649328577062683
correctionProbability (#КЛИТИНА$ -> #КЛІТИНА$) = -21.162909881615747
correctionProbability (#БЕКТИМИР$ -> #БЕКТЕМИР$) = -26.238761236938487
correctionProbability (#SEVICH$ -> #SEVINCH$) = -20.893709092272175
correctionProbability (#CCLON$ -> #CCLOAN$) = -20.00577596504795
correctionProbability (#СУПЕРМАРКЕТИ$ -> #СУПЕРМАРКЕТЫ$) = -23.39715541685041
correctionProbability (#ВЕЛИБЕГ$ -> #ВЕЛОБЕГ$) = -25.284109019054547
correctionProbability (#УЛИА$ -> #УЛИЦА$) = -9.30634028328203
correctionProbability (#ТАНЦУЕЩИЕ$ -> #ТАНЦУЮЩИЕ$) = -19.661521158957036
correctionProbability (#МАГИНЕ$ -> #МАШИНЕ$) = -9.917425972217988
correctionProbability (#ПРОПУШЕНЫЕ$ -> #ПРОПУЩЕННЫЕ$) = -85.58003614318662
correctionProbability (#ШАЙГУ$ -> #ШОЙГУ$) = -14.114249645142511
correctionProbability (#ПАРИМАЧЬ$ -> #ПАРИМАТЧ$) = -83.05589362034459
correctionProbability (#ЕКАТРИНА$ -> #ЕКАТЕРИНА$) = -10.674681460848554
correctionProbability (#КРЁЖЕТОМ$ -> #КРУЖЕВОМ$) = -83.32506416269969
correctionProbability (#ГЛАВНЙ$ -> #ГЛАВНЫЙ$) = -12.460858340698692
correctionProbability (#ШУТОР$ -> #ШУТЕР$) = -14.753441245845234
correctionProbability (#СПИМОК$ -> #СПИСОК$) = -8.514289050108875
correctionProbability (#ЕНХЕЛЬ$ -> #ЭНХЕЛЬ$) = -23.360152129877832
correctionProbability (#ПЕРИВЕСТИ$ -> #ПЕРЕВЕСТИ$) = -12.696819081553812
correctionProbability (#ПРЛУЧИТЬ$ -> #ПОЛУЧИТЬ$) = -11.105218180265183
correctionProbability (#ОЩОН$ -> #ОЗОН$) = -6.725713951987796
correctionProbability (#ХАРДСТОУН$ -> #ХАРТСТОУН$) = -22.11873088796591
correctionProbability (#СУШИЛЬНА$ -> #СУШИЛЬНАЯ$) = -22.146691369164174
correctionProbability (#КРАНШТЕЙНЫ$ -> #КРОНШТЕЙНЫ$) = -20.235034111628586
correctionProbability (#МАГИНА$ -> #МАШИНА$) = -8.21877185877533
correctionProbability (#ДИЕСЛОВА$ -> #ДІЄСЛОВА$) = -86.26046363134097
correctionProbability (#МАТЕМАТКА$ -> #МАТЕМАТИКА$) = -11.962769810162591
correctionProbability (#МАССАЖЫ$ -> #МАССАЖ$) = -10.875754038782457
correctionProbability (#БЛАГОСЛАВИ$ -> #БЛАГОСЛОВИ$) = -24.156961313405702
correctionProbability (#МАЛЛЮСКИ$ -> #МОЛЛЮСКИ$) = -18.430507568357662
correctionProbability (#ЗНАКОМВСТВ$ -> #ЗНАКОМСТВ$) = -14.153458961422423
correctionProbability (#ГАРЯЧИХ$ -> #ГОРЯЧИХ$) = -17.28960864336063
correctionProbability (#МАСОНИ$ -> #МАСОНЫ$) = -19.38568913142871
correctionProbability (#МЕСЕЦЕВ$ -> #МЕСЯЦЕВ$) = -11.695904935711525
correctionProbability (#ПОЛЕЩНЫ$ -> #ПОЛЕЗНЫ$) = -16.646365637202862
correctionProbability (#ЧМСЛА$ -> #ЧИСЛА$) = -8.727636059895595
correctionProbability (#ДОЛГАТОВ$ -> #ДАЛГАТОВ$) = -22.434792929639343
correctionProbability (#ИВАНАВНА$ -> #ИВАНОВНА$) = -14.607579395808024
correctionProbability (#ОНЛПЦН$ -> #ОНЛАЙН$) = -65.40854016792125
correctionProbability (#ГРУППАВУХА$ -> #ГРУППОВУХА$) = -17.861895260535448
correctionProbability (#ВЗАРВЕМ$ -> #ВЗОРВЕМ$) = -18.15740033841135
correctionProbability (#ТЕЛАПИИ$ -> #ТИЛАПИИ$) = -23.050437028994352
correctionProbability (#УЛЬТРОФИОЛЕТА$ -> #УЛЬТРАФИОЛЕТА$) = -29.94953558132235
correctionProbability (#ИНЦИЕНТ$ -> #ИНЦИДЕНТ$) = -18.06815712315499
correctionProbability (#СЕМЕЙЕЫЙ$ -> #СЕМЕЙНЫЙ$) = -13.145375600348181
correctionProbability (#ЕВЕВРО$ -> #ЕВРО$) = -77.24148198348315
correctionProbability (#ГОСТТНИЦЫ$ -> #ГОСТИНИЦЫ$) = -14.028826709261224
correctionProbability (#КЛАВИШЫ$ -> #КЛАВИШИ$) = -16.424976816785325
correctionProbability (#ЭЛЕСТА$ -> #ЭЛИСТА$) = -14.764714952120489
correctionProbability (#ДОЛАРРА$ -> #ДОЛЛАРА$) = -77.3834150820971
correctionProbability (#КЛАВИШЬ$ -> #КЛАВИШ$) = -18.69312346329151
correctionProbability (#БЕРЕМЕННРСТИ$ -> #БЕРЕМЕННОСТИ$) = -14.842554985898936
correctionProbability (#БАРЯХТАР$ -> #БАРЬЯХТАР$) = -22.187232860559256
correctionProbability (#УДИЦЫ$ -> #УЛИЦЫ$) = -10.319789995216386
correctionProbability (#ТОЛСТОЛОБ$ -> #ТОЛСТОЛОБИК$) = -89.23227858896321
correctionProbability (#КЛЕНОВКИ$ -> #КАЛИНОВКИ$) = -100.02376602105278
correctionProbability (#ПИКАДИЛИ$ -> #ПИКАДИЛЛИ$) = -25.222446112933753
correctionProbability (#СКГОДНЯ$ -> #СЕГОДНЯ$) = -6.023778353226113
correctionProbability (#СЕРВЕТУТ$ -> #СЕРВИТУТ$) = -21.190776968988366
correctionProbability (#СЕРЛЦЕ$ -> #СЕРДЦЕ$) = -8.361928087890142
correctionProbability (#ПАРАБЕЛУМ$ -> #ПАРАБЕЛЛУМ$) = -24.172686259921235
correctionProbability (#PASLETNI$ -> #PASLEDNI$) = -27.96272985517266
correctionProbability (#НОВОАЛЕКСЕВКА$ -> #НОВОАЛЕКСЕЕВКА$) = -28.898209770153713
correctionProbability (#БИЛОРУССКИЙ$ -> #БЕЛОРУССКИЙ$) = -16.611428390209056
correctionProbability (#ПРЕДЛОЕНИЯ$ -> #ПРЕДЛОЖЕНИЯ$) = -16.12305464451898
correctionProbability (#ДЕСТВЕННОСТЬ$ -> #ДЕВСТВЕННОСТЬ$) = -24.4354932788127
correctionProbability (#ИГРАЬ$ -> #ИГРАТЬ$) = -6.33913071826716
correctionProbability (#ЕЛЛЕЙ$ -> #ЕЛЕЙ$) = -20.067386561344424
correctionProbability (#HAJASTANIZ$ -> #HAYASTANIC$) = -87.4658984240655
correctionProbability (#АБОНИМЕНТ$ -> #АБОНЕМЕНТ$) = -18.524694760069337
correctionProbability (#ПОЯЕМУ$ -> #ПОЧЕМУ$) = -6.637644207776734
correctionProbability (#ЖЕГУЛИ$ -> #ЖИГУЛИ$) = -14.37211420165021
correctionProbability (#НЕЖНЫ$ -> #НЕЖНЫЙ$) = -12.989931009379692
correctionProbability (#НОВОРОСИСК$ -> #НОВОРОССИЙСК$) = -82.90414418584308
correctionProbability (#ХОТЫНИ$ -> #ХАТЫНИ$) = -23.003104012249267
correctionProbability (#САХАЛНСКОЙ$ -> #САХАЛИНСКОЙ$) = -21.009726636034173
correctionProbability (#АКАУНТУ$ -> #АККАУНТУ$) = -22.245678550839152
correctionProbability (#МАЛОРКА$ -> #МАЛЬОРКА$) = -19.83109885264907
correctionProbability (#ВАЙТОВИЧ$ -> #ВОЙТОВИЧ$) = -23.902659049224944
correctionProbability (#ПРИНЕМАЮТ$ -> #ПРИНИМАЮТ$) = -17.81721127020444
correctionProbability (#ОРИГЕНАЛ$ -> #ОРИГИНАЛ$) = -13.419250348891225
correctionProbability (#ПРИОТОВИТЬ$ -> #ПРИГОТОВИТЬ$) = -12.968191326171343
correctionProbability (#КУИПИТЬ$ -> #КУПИТЬ$) = -3.892851429889621
correctionProbability (#ИНТЕРГЕТ$ -> #ИНТЕРНЕТ$) = -5.977438005111351
correctionProbability (#КУПРИТЬ$ -> #КУПИТЬ$) = -3.899324582853062
correctionProbability (#AКУРС$ -> #КУРС$) = -7.679368164026933
correctionProbability (#МАГАЗНЫ$ -> #МАГАЗИНЫ$) = -11.261263241717707
correctionProbability (#ЭКСПРЭСС$ -> #ЭКСПРЕСС$) = -11.149986680813136
correctionProbability (#ДЖОЛАБ$ -> #ДЖОБЛАБ$) = -16.810086943223766
correctionProbability (#РОСТОПИ$ -> #РАСТОПИ$) = -17.02338606734834
correctionProbability (#АРЕСТОТЕЛЬ$ -> #АРИСТОТЕЛЬ$) = -20.170895520383517
correctionProbability (#GANKI$ -> #GONKI$) = -19.6266875852877
correctionProbability (#МАТЕМАТИЕ$ -> #МАТЕМАТИКЕ$) = -11.527124211514
correctionProbability (#ALIBAB$ -> #ALIBABA$) = -19.435828627938108
correctionProbability (#ГЕРМОФРАДИТ$ -> #ГЕРМАФРОДИТ$) = -88.7664321251062
correctionProbability (#АНУДЕСК$ -> #АНИДЕСК$) = -17.630687327947626
correctionProbability (#ГООД$ -> #ГОРОД$) = -5.661660408844472
correctionProbability (#КОМПЮТОРНАЯ$ -> #КОМПЬЮТЕРНАЯ$) = -84.25375625763067
correctionProbability (#УЗОКОНИВАТЬ$ -> #УЗАКОНИВАТЬ$) = -36.69732194222237
correctionProbability (#КРОВЮ$ -> #КРОВЬЮ$) = -15.3118118579924
correctionProbability (#ВЗОЛОМ$ -> #ВЗЛОМ$) = -11.51608466018045
correctionProbability (#РКССКОМ$ -> #РУССКОМ$) = -6.5196900521359
correctionProbability (#ILLUSTRAROR$ -> #ILLUSTRATOR$) = -22.37707096747124
correctionProbability (#КОНВЕКТИРОВАТЬ$ -> #КОНВЕРТИРОВАТЬ$) = -19.944424095055915
correctionProbability (#ПЛПНЕТА$ -> #ПЛАНЕТА$) = -10.707278588573566
correctionProbability (#ВАТУТІНА$ -> #ВАТУТИНА$) = -20.06718104199637
correctionProbability (#ALQORITMIKA$ -> #ALGORITMIKA$) = -23.421346669467624
correctionProbability (#АКАУНТЕ$ -> #АККАУНТЕ$) = -21.14273170840773
correctionProbability (#АВТМИТИ$ -> #АВТМАТИ$) = -32.929492714335765
correctionProbability (#ПУЗЫКА$ -> #МУЗЫКА$) = -5.491541261978494
correctionProbability (#НЕЖНИ$ -> #НЕЖНЫЙ$) = -77.69946183725294
correctionProbability (#ЦЫФРУ$ -> #ЦИФРУ$) = -12.956142829434842
correctionProbability (#ДОЛАРРЫ$ -> #ДОЛЛАРЫ$) = -82.00694409771005
correctionProbability (#РВЗБОР$ -> #РАЗБОР$) = -9.945047168038162
correctionProbability (#ЦЫФРЫ$ -> #ЦИФРЫ$) = -9.28058733803029
correctionProbability (#МАНАШЕК$ -> #МОНАШЕК$) = -20.801726242259278
correctionProbability (#ЧЬОБЫ$ -> #ЧТОБЫ$) = -7.604294984173279
correctionProbability (#УСТАНОВК$ -> #УСТАНОВКА$) = -11.537734150841963
correctionProbability (#СИКАЧАД$ -> #СКАЧАТЬ$) = -135.03645891774735
correctionProbability (#ПРЕЕВОДЧИК$ -> #ПЕРЕВОДЧИК$) = -76.48661600202858
correctionProbability (#АКАУНТИ$ -> #АККАУНТЫ$) = -81.84163258630252
correctionProbability (#ТАКСИКОЗ$ -> #ТОКСИКОЗ$) = -20.212260541260427
correctionProbability (#ГОНО$ -> #ГОРНО$) = -15.427186785470557
correctionProbability (#ШУРУПАВЕРТ$ -> #ШУРУПОВЕРТ$) = -16.3997346943191
correctionProbability (#МАРКИС$ -> #МАРКЕС$) = -18.596643426601826
correctionProbability (#КРОВМ$ -> #КРОВИ$) = -3.8575207191246825
correctionProbability (#ЖИВОТНХ$ -> #ЖИВОТНЫХ$) = -10.121893098295068
correctionProbability (#ИВАЛИДОВ$ -> #ИНВАЛИДОВ$) = -14.56929579392088
correctionProbability (#ДЕЛАРАЦИЯ$ -> #ДЕКЛАРАЦИЯ$) = -17.26932919336207
correctionProbability (#КЛАФЕЛИН$ -> #КЛОФЕЛИН$) = -21.47365568803246
correctionProbability (#ПИСКОВ$ -> #ПЕСКОВ$) = -16.429744661739388
correctionProbability (#РЕМЕНТУ$ -> #РЕМОНТУ$) = -12.495589400804931
correctionProbability (#СПОРТИВНА$ -> #СПОРТИВНАЯ$) = -16.130450499100647
correctionProbability (#BRANLY$ -> #BRAINLY$) = -22.785818879196235
correctionProbability (#ОГРРОДА$ -> #ОГОРОДА$) = -16.06675044347577
correctionProbability (#АКАУНТА$ -> #АККАУНТА$) = -16.89585169480531
correctionProbability (#УСТАНОВА$ -> #УСТАНОВКА$) = -11.512876944355561
correctionProbability (#БАРАНЫВКА$ -> #БАРАНОВКА$) = -24.83604452612157
correctionProbability (#ВОЛАСАТЫЕ$ -> #ВОЛОСАТЫЕ$) = -14.938353994214928
correctionProbability (#РВСПИСАНИЕ$ -> #РАСПИСАНИЕ$) = -9.685681570169457
correctionProbability (#ТОРОСЕНКО$ -> #ТАРАСЕНКО$) = -84.82704767777267
correctionProbability (#ЖЛЬДОРАДО$ -> #ЭЛЬДОРАДО$) = -12.073719010916896
correctionProbability (#MATLHES$ -> #MATCHES$) = -13.897490259747507
correctionProbability (#ТАНЗИЛГОН$ -> #ТОНЗИЛГОН$) = -19.858123302466673
correctionProbability (#ЖЕНИНЫ$ -> #ЖЕНЩИНЫ$) = -8.906359093578821
correctionProbability (#ВАЙЛДБЕРРИС$ -> #ВАЙЛДБЕРРИЗ$) = -13.820279955929358
correctionProbability (#ВАДИЦА$ -> #ВОДИЦА$) = -16.456621538791065
correctionProbability (#РОБЛОСК$ -> #РОБЛОКС$) = -75.17182283519638
correctionProbability (#ЛЮБАШОВКА$ -> #ЛЮБАШЕВКА$) = -27.41941401360379
correctionProbability (#РЕВЬЕРА$ -> #РИВЬЕРА$) = -14.966731102713652
correctionProbability (#РАСРОЧКА$ -> #РАССРОЧКА$) = -17.184216675090006
correctionProbability (#ПОЕЗЛ$ -> #ПОЕЗД$) = -8.054930733289979
correctionProbability (#ПОЕЗЖ$ -> #ПОЕЗД$) = -8.061454336825943
correctionProbability (#САММЫЕ$ -> #САМЫЕ$) = -8.76701575068775
correctionProbability (#ПРОДОВЦА$ -> #ПРОДАВЦА$) = -16.959738544795165
correctionProbability (#ШАЙБИ$ -> #ШАЙБЫ$) = -16.879731507626335
correctionProbability (#ФРАНЩИЗА$ -> #ФРАНШИЗА$) = -16.039712578421792
correctionProbability (#ОБЯЗОННОСТИ$ -> #ОБЯЗАННОСТИ$) = -15.672622279094561
correctionProbability (#ГЛІНТВЕЙН$ -> #ГЛИНТВЕЙН$) = -19.9499534526204
correctionProbability (#ГРУММИНГ$ -> #ГРУМИНГ$) = -22.98719652101451
correctionProbability (#МАГИЛЕ$ -> #МОГИЛЕ$) = -16.854932654833252
correctionProbability (#ШЕРБАКОВ$ -> #ЩЕРБАКОВ$) = -15.6505339118211
correctionProbability (#ВЫДУТ$ -> #ВЫЙДУТ$) = -18.363411857452622
correctionProbability (#ШАФУТИНСКОГО$ -> #ШУФУТИНСКОГО$) = -23.799194904668916
correctionProbability (#ХАРАКТЕРНЕ$ -> #ХАРАКТЕРНЫЕ$) = -21.735740757948747
correctionProbability (#ХАРАКТЕРНИ$ -> #ХАРАКТЕРНІ$) = -24.112937132130213
correctionProbability (#ЩПИЦА$ -> #ШПИЦА$) = -13.75049306810585
correctionProbability (#ОФИЦАНТКОЙ$ -> #ОФИЦИАНТКОЙ$) = -28.8182999789325
correctionProbability (#MISIC$ -> #MUSIC$) = -10.70221620725314
correctionProbability (#РОНДОМ$ -> #РАНДОМ$) = -16.37763019298062
correctionProbability (#РЕВЬЕРЕ$ -> #РИВЬЕРЕ$) = -22.234204691186306
correctionProbability (#SIASIDE$ -> #SEASIDE$) = -22.246244810453746
correctionProbability (#XVIDES$ -> #XVIDEOS$) = -12.11484710260276
correctionProbability (#HENTAY$ -> #HENTAI$) = -11.548824527657825
correctionProbability (#РАПУНЦЫЛЬ$ -> #РАПУНЦЕЛЬ$) = -14.6725070287128
correctionProbability (#FILMEI$ -> #FILMEBI$) = -17.6735635846616
correctionProbability (#ОТКРОВЕНИЧАТЬ$ -> #ОТКРОВЕННИЧАТЬ$) = -40.24572515864118
correctionProbability (#BRIENNA$ -> #BRIANNA$) = -20.3819174728807
correctionProbability (#ИСКУСТВЕННОМУ$ -> #ИСКУССТВЕННОМУ$) = -31.76259321413319
correctionProbability (#КЕНЖАЛ$ -> #КИНЖАЛ$) = -17.552850681054526
correctionProbability (#ЭССУДАТИВНОМ$ -> #ЭКССУДАТИВНОМ$) = -32.518055269051345
correctionProbability (#РОБРАКС$ -> #РОБЛОКС$) = -72.02823841995921
correctionProbability (#САМАДОВ$ -> #САМЕДОВ$) = -19.628329636346912
correctionProbability (#МЭНИМЕН$ -> #МАНИМЕН$) = -14.934000250186486
correctionProbability (#ЗЕКАЛА$ -> #ЗЕРКАЛА$) = -13.94554536465973
correctionProbability (#ИНЖИНЕРНАЯ$ -> #ИНЖЕНЕРНАЯ$) = -19.787842154893056
correctionProbability (#ИАКС$ -> #МАКС$) = -6.216438893667043
correctionProbability (#УСТОНОВКЕ$ -> #УСТАНОВКЕ$) = -17.067969997337975
correctionProbability (#АТКРЫТКИ$ -> #ОТКРЫТКИ$) = -8.921713792101151
correctionProbability (#ФАЗРАХМАНОВ$ -> #ФАЙЗРАХМАНОВ$) = -29.350261171721634
correctionProbability (#ЗАРЕГИСТРИРОВАТСЯ$ -> #ЗАРЕГИСТРИРОВАТЬСЯ$) = -24.04513984601511
correctionProbability (#КҮНДЕЛЕК$ -> #КҮНДЕЛІК$) = -9.368648140290034
correctionProbability (#УСТОНОВКУ$ -> #УСТАНОВКУ$) = -17.11376771445036
correctionProbability (#ВЫДЕЛЕНЫЙ$ -> #ВЫДЕЛЕННЫЙ$) = -22.609171124739945
correctionProbability (#ДРКЛАД$ -> #ДОКЛАД$) = -10.617303459620192
correctionProbability (#РАСРАСКИ$ -> #РАСКРАСКИ$) = -9.65401990870975
correctionProbability (#ЮДУБ$ -> #ЮТУБ$) = -0.20610489380606722
correctionProbability (#ПРОНРАММИРОВАНИЕ$ -> #ПРОГРАММИРОВАНИЕ$) = -25.20833968157131
correctionProbability (#РЕЙНДЖ$ -> #РЕНДЖ$) = -16.89310390639734
correctionProbability (#СПАЙСИС$ -> #СПАЙСЕС$) = -18.922875634261175
correctionProbability (#БЕЛАЧ$ -> #БЕЛАЯ$) = -8.743426160612014
correctionProbability (#СЕПЧАТЬ$ -> #СКАЧАТЬ$) = -67.30259724765106
correctionProbability (#КОРЬЛЬ$ -> #КОРОЛЬ$) = -7.956413313883775
correctionProbability (#ФИОЬМ$ -> #ФИЛЬМ$) = -1.1749262530650455
correctionProbability (#БОГРАФИЯ$ -> #БИОГРАФИЯ$) = -10.955261454112062
correctionProbability (#АТКРЫТКА$ -> #ОТКРЫТКА$) = -10.64615223977966
correctionProbability (#ТУМБИ$ -> #ТУМБЫ$) = -14.144342231959225
correctionProbability (#ГУДВИЛ$ -> #ГУДВИЛЛ$) = -23.34023845698279
correctionProbability (#ГЕРАТИТ$ -> #ГЕПАТИТ$) = -14.244263676625138
correctionProbability (#БЕНЗІН$ -> #БЕНЗИН$) = -12.741893429912867
correctionProbability (#ИНЕКС$ -> #ИНДЕКС$) = -9.994023558463493
correctionProbability (#ГОРО$ -> #ГОРОД$) = -5.6504029023135836
correctionProbability (#БАРУТА$ -> #БОРУТО$) = -77.4685426994467
correctionProbability (#ГЛАВНЫ$ -> #ГЛАВНЫЙ$) = -12.425315721617025
correctionProbability (#ИМПУЛС$ -> #ИМПУЛЬС$) = -16.05756109909627
correctionProbability (#СЕРЦУ$ -> #СЕРДЦУ$) = -16.694359991824758
correctionProbability (#АЛИЕКС$ -> #АЛЕКС$) = -13.64788045231219
correctionProbability (#КРОССДРЕСИНГ$ -> #КРОССДРЕССИНГ$) = -26.974348893656064
correctionProbability (#РУССКРМУ$ -> #РУССКОМУ$) = -9.436398010871123
correctionProbability (#ШОУУ$ -> #ШОУ$) = -7.390941271182186
correctionProbability (#ЮДУП$ -> #ЮТУБ$) = -64.9524964058074
correctionProbability (#ВККА$ -> #ВКА$) = -13.981885190503984
correctionProbability (#БИОРГАФИЯ$ -> #БИОГРАФИЯ$) = -78.25199861258822
correctionProbability (#КЕНТУКИ$ -> #КЕНТУККИ$) = -25.618844662844353
correctionProbability (#ОРХИЕЯ$ -> #ОРХИДЕЯ$) = -14.61767192798672
correctionProbability (#ЗАКОЧАТЬ$ -> #ЗАКАЧАТЬ$) = -17.326120011068028
correctionProbability (#ОПЕРАЦЯ$ -> #ОПЕРАЦИЯ$) = -12.560981361607183
correctionProbability (#УКРАИА$ -> #УКРАИНА$) = -8.377442024320189
correctionProbability (#ВАКАЛОМ$ -> #ВОКАЛОМ$) = -21.027126818473633
correctionProbability (#ПРИДМЕТЫ$ -> #ПРЕДМЕТЫ$) = -13.73778367785308
correctionProbability (#РЕЮЕНОК$ -> #РЕБЕНОК$) = -10.263448288654168
correctionProbability (#ПОССАТ$ -> #ПАССАТ$) = -11.959280279230459
correctionProbability (#БАЗУА$ -> #БАЗУКА$) = -18.014398377299774
correctionProbability (#ОУКАМИ$ -> #РУКАМИ$) = -5.480740279622456
correctionProbability (#РАСРОЧКУ$ -> #РАССРОЧКУ$) = -16.676364681372604
correctionProbability (#СМОТРКИЬ$ -> #СМОТРЕТЬ$) = -67.17209304133314
correctionProbability (#БАЛАБА0ША$ -> #БАЛАБАҚША$) = -17.643446447627745
correctionProbability (#ГОРК$ -> #ГОРКИ$) = -13.082180023242618
correctionProbability (#WEATH$ -> #WEATHER$) = -82.5107454979182
correctionProbability (#КОЛЕГАМ$ -> #КОЛЛЕГАМ$) = -18.701141373367157
correctionProbability (#ВИСНИТ$ -> #ВИСНЕТ$) = -19.488040208163273
correctionProbability (#ГЛАВНО$ -> #ГЛАВНОЕ$) = -14.849441583711908
correctionProbability (#ВОНАРИК$ -> #ФОНАРИК$) = -15.599105954646348
correctionProbability (#ДЕВЧЁНОК$ -> #ДЕВЧОНОК$) = -17.36813296543388
correctionProbability (#КАЛЬЦЕМІН$ -> #КАЛЬЦЕМИН$) = -17.500251915124203
correctionProbability (#СЕРЦА$ -> #СЕРДЦА$) = -10.860542440754404
correctionProbability (#ГОПЫ$ -> #ГОРЫ$) = -9.700486422607593
correctionProbability (#СТЭТХЕМ$ -> #СТЭТХЭМ$) = -18.097164628324883
correctionProbability (#ГИМОГЛОБИН$ -> #ГЕМОГЛОБИН$) = -17.697690545009202
correctionProbability (#ИАЙЛ$ -> #МАЙЛ$) = -3.6617625337148745
correctionProbability (#РЕВОЛЮШН$ -> #РЕВОЛЮШЕН$) = -23.312570625593374
correctionProbability (#BLUSTACK$ -> #BLUESTACKS$) = -84.15351413985577
correctionProbability (#ЛЕУАОЬ$ -> #ЛЕТУАЛЬ$) = -77.19691964070536
correctionProbability (#ДЕЛИМОБИЛЕ$ -> #ДЕЛИМОБИЛЬ$) = -22.69400082800346
correctionProbability (#КОЕСЛО$ -> #КРЕСЛО$) = -10.65293834139332
correctionProbability (#ОЗАЧАЕТ$ -> #ОЗНАЧАЕТ$) = -12.680896024900385
correctionProbability (#DIAMON$ -> #DIAMOND$) = -15.940811452779599
correctionProbability (#ТОМПОНЫ$ -> #ТАМПОНЫ$) = -18.306464450002977
correctionProbability (#МАРИНОВАНОЕ$ -> #МАРИНОВАННОЕ$) = -28.107006350320475
correctionProbability (#ПРОФІНАНС$ -> #ПРОФИНАНС$) = -18.29751960448683
correctionProbability (#ГАРМОНОВ$ -> #ГОРМОНОВ$) = -16.066530366547433
correctionProbability (#КАЛИНИГРАДСКАЯ$ -> #КАЛИНИНГРАДСКАЯ$) = -22.48212596850294
correctionProbability (#ЗВЕРОШКИ$ -> #ЗВЕРЮШКИ$) = -19.053756324386875
correctionProbability (#АГГАРСК$ -> #АНГАРСК$) = -13.502299419036703
correctionProbability (#БОЕВІКИ$ -> #БОЕВИКИ$) = -9.186115109586865
correctionProbability (#ЦЕНТТР$ -> #ЦЕНТР$) = -8.064061526095415
correctionProbability (#ПЕДАГОГИКАЛЫК$ -> #ПЕДАГОГИКАЛЫҚ$) = -22.741227479572274
correctionProbability (#КРЕМЕНЧУКЕ$ -> #КРЕМЕНЧУГЕ$) = -20.45733437018299
correctionProbability (#BROWZER$ -> #BROWSER$) = -15.159486533980356
correctionProbability (#ПОССАД$ -> #ПОСАД$) = -14.054473102897592
correctionProbability (#OFKELI$ -> #ÖFKELI$) = -22.285308074087553
correctionProbability (#С4АЧАТ$ -> #СКАЧАТЬ$) = -67.7975310023552
correctionProbability (#SKKACHAT$ -> #SKACHAT$) = -14.198999539758972
correctionProbability (#УСЛКГУ$ -> #УСЛУГУ$) = -16.384205258314427
correctionProbability (#УЛИП$ -> #КЛИП$) = -5.945862498367415
correctionProbability (#ФАРЕЛЬ$ -> #ФОРЕЛЬ$) = -14.816970785195846
correctionProbability (#ХЭЛОИН$ -> #ХЭЛЛОУИН$) = -76.1320317031929
correctionProbability (#ПРОТИА$ -> #ПРОТИВ$) = -7.901617188581358
correctionProbability (#ВЕНЬЧЖОУ$ -> #ВЭНЬЧЖОУ$) = -33.92920695446733
correctionProbability (#ОТЩЗЫАЫ$ -> #ОТЗЫВЫ$) = -72.15786494396777
correctionProbability (#LIVESESCORE$ -> #LIVESCORE$) = -84.32887523267702
correctionProbability (#КАТАЛОГО$ -> #КАТАЛОГ$) = -8.961191601776697
correctionProbability (#ДИБЕРН$ -> #ДИББЕРН$) = -33.54609956291695
correctionProbability (#FILMEX$ -> #FILMIX$) = -16.497564529048898
correctionProbability (#ЛАТОРЕЯ$ -> #ЛОТЕРЕЯ$) = -78.02338599936422
correctionProbability (#СБЫВАЮТСЧ$ -> #СБЫВАЮТСЯ$) = -19.01837519366814
correctionProbability (#НИРВАННА$ -> #НИРВАНА$) = -18.825158206469993
correctionProbability (#МЕСЕЦАМ$ -> #МЕСЯЦАМ$) = -13.601823198883494
correctionProbability (#YOUYTUBE$ -> #YOUTUBE$) = -8.946883329934728
correctionProbability (#ФРАНКИНШТЕЙНА$ -> #ФРАНКЕНШТЕЙНА$) = -27.36912386769091
correctionProbability (#ИНСТЕТУТЕ$ -> #ИНСТИТУТЕ$) = -18.5652087098061
correctionProbability (#МИЛЬМ$ -> #ФИЛЬМ$) = -1.147972093927752
correctionProbability (#ДОЙКИИ$ -> #ДОЙКИ$) = -10.925799520733339
correctionProbability (#ФЛАМИНГА$ -> #ФЛАМИНГО$) = -15.526594143172971
correctionProbability (#ШОТЛАНСКАЯ$ -> #ШОТЛАНДСКАЯ$) = -21.84027917346934
correctionProbability (#ЗРАКОМСТВА$ -> #ЗНАКОМСТВА$) = -10.794244454355756
correctionProbability (#ЯИЦА$ -> #ЯЙЦА$) = -10.294213088504424
correctionProbability (#ПРОТЕВ$ -> #ПРОТИВ$) = -7.875248579167998
correctionProbability (#НАРАЩЕННЫЕ$ -> #НАРОЩЕННЫЕ$) = -19.31617906480544
correctionProbability (#СЕОГЕЙ$ -> #СЕРГЕЙ$) = -7.87393687828698
correctionProbability (#ЗАПОРОЖЬН$ -> #ЗАПОРОЖЬЕ$) = -13.823248692270703
correctionProbability (#ПИЧАТЬ$ -> #ПЕЧАТЬ$) = -9.754193111401616
correctionProbability (#ЦЕРКИ$ -> #ЦЕРКВИ$) = -13.24913885370491
correctionProbability (#ДТСК$ -> #ДИСК$) = -8.255795371312594
correctionProbability (#ПРОМОЕОД$ -> #ПРОМОКОД$) = -12.485286666714565
correctionProbability (#ГРОБОВОГО$ -> #ГРАБОВОГО$) = -24.65482808094618
correctionProbability (#РАШАН$ -> #РАШЕН$) = -15.589270832281418
correctionProbability (#КАСЕТА$ -> #КАССЕТА$) = -20.520512066005608
correctionProbability (#ЛИТРЭС$ -> #ЛИТРЕС$) = -12.976828858413317
correctionProbability (#XXXTENTATION$ -> #XXXTENTACION$) = -21.799984933393482
correctionProbability (#ДЕНССЕ$ -> #ДЕНСЕ$) = -27.627166568101813
correctionProbability (#САОПРОИЗВОЛЬНО$ -> #САМОПРОИЗВОЛЬНО$) = -29.608198242437823
correctionProbability (#RECAVER$ -> #RECOVERY$) = -82.21889437826395
correctionProbability (#ДЖУСТИАНО$ -> #ДЖУСТИНИАНО$) = -88.87352255132798
correctionProbability (#ТМАЙЛ$ -> #МАЙЛ$) = -6.161082789427933
correctionProbability (#ПОРОВОЗОВ$ -> #ПАРОВОЗОВ$) = -18.6154389212468
correctionProbability (#ФЙСБУК$ -> #ФЕЙСБУК$) = -7.628671067525715
correctionProbability (#РАМЮЛЕР$ -> #РАМБЛЕР$) = -7.933724266177947
correctionProbability (#ОРАНЬЖЕВОГО$ -> #ОРАНЖЕВОГО$) = -24.9201862604937
correctionProbability (#НАВЫЕ$ -> #НОВЫЕ$) = -3.913544538979597
correctionProbability (#ЯИЦО$ -> #ЯЙЦО$) = -11.73410713573097
correctionProbability (#ЖУНАЛЫ$ -> #ЖУРНАЛЫ$) = -14.169563752505482
correctionProbability (#ПРИТЕНЗИЮ$ -> #ПРЕТЕНЗИЮ$) = -19.588294353723285
correctionProbability (#ЛУЧШИЙЙ$ -> #ЛУЧШИЙ$) = -11.94216113733528
correctionProbability (#ГАЛОВКИН$ -> #ГОЛОВКИН$) = -14.210918955767006
correctionProbability (#РАССКАЗЫЫ$ -> #РАССКАЗЫ$) = -13.230170555501239
correctionProbability (#ЕКСПЛОЕР$ -> #ЭКСПЛОРЕР$) = -82.68816112778374
correctionProbability (#ПРАВОХРАНИТЕЛЬНЫЕ$ -> #ПРАВООХРАНИТЕЛЬНЫЕ$) = -31.808248305705384
correctionProbability (#КАЗАЧЕВ$ -> #КАЗАЧЬЕЙ$) = -86.0109564663141
correctionProbability (#АУЛИ$ -> #АУДИ$) = -8.490938717718468
correctionProbability (#OBNOKLASSNIKI$ -> #ODNOKLASSNIKI$) = -18.182434709470634
correctionProbability (#КОЗИНО$ -> #КАЗИНО$) = -10.290100910455681
correctionProbability (#WIRPOOL$ -> #WHIRLPOOL$) = -86.45768941747583
correctionProbability (#МЕСЯЦВ$ -> #МЕСЯЦА$) = -11.653678113770912
correctionProbability (#ЦЕРКВ$ -> #ЦЕРКВИ$) = -13.254588177879338
correctionProbability (#ЛЕГАЛПОРН$ -> #ЛЕГАЛПОРНО$) = -24.61205627314998
correctionProbability (#КОМСАМОЛЬСК$ -> #КОМСОМОЛЬСК$) = -17.96458990227316
correctionProbability (#УКРАИЫ$ -> #УКРАИНЫ$) = -10.545822590268983
correctionProbability (#РАЙНОВ$ -> #РАЙОНОВ$) = -15.997771075968167
correctionProbability (#ТЕРРАРИА$ -> #ТЕРРАРИЯ$) = -15.843886364756251
correctionProbability (#AЭРОФЛОТ$ -> #АЭРОФЛОТ$) = -12.05271024651335
correctionProbability (#РЕГЕОН$ -> #РЕГИОН$) = -10.252203689753497
correctionProbability (#ДРЕСИРОВЩИКА$ -> #ДРЕССИРОВЩИКА$) = -26.278214737717597
correctionProbability (#ПРАЗДНКИ$ -> #ПРАЗДНИКИ$) = -12.985205244803609
correctionProbability (#ВРЛОС$ -> #ВОЛОС$) = -7.297949500012901
correctionProbability (#СУНИТЫ$ -> #СУННИТЫ$) = -23.01001140313015
correctionProbability (#SYEAM$ -> #STEAM$) = -10.288445410128165
correctionProbability (#МІКРОСХЕМА$ -> #МИКРОСХЕМА$) = -19.18578669957514
correctionProbability (#ФИИЛЬМЫ$ -> #ФИЛЬМЫ$) = -6.064833363291346
correctionProbability (#НАТУРАЛНО$ -> #НАТУРАЛЬНО$) = -26.800164351166117
correctionProbability (#МЕСЯЦЬ$ -> #МЕСЯЦ$) = -11.281868085964778
correctionProbability (#АДВАКАТЫ$ -> #АДВОКАТЫ$) = -17.07730707376094
correctionProbability (#КИРП$ -> #КИПР$) = -77.46143003572404
correctionProbability (#СИКОЛКА$ -> #СКОЛЬКО$) = -138.48801365699472
correctionProbability (#КОЗИНІ$ -> #КОРЗИНЫ$) = -80.37371637460399
correctionProbability (#ДВУМИ$ -> #ДВУМЯ$) = -11.102493404154888
correctionProbability (#БОРТОВИЙ$ -> #БОРТОВОЙ$) = -16.53630720873678
correctionProbability (#ВЫЧЕ$ -> #ВЫЧЕТ$) = -13.094399149278875
correctionProbability (#РОССТОЯНИЯ$ -> #РАССТОЯНИЕ$) = -77.33626974931633
correctionProbability (#АММОРТИЗАЦИЮ$ -> #АМОРТИЗАЦИЮ$) = -26.64998133623841
correctionProbability (#СФЙТ$ -> #САЙТ$) = -0.5335208289653757
correctionProbability (#СТЕТХЕНОМ$ -> #СТЕТХЕМОМ$) = -18.94845000968928
correctionProbability (#БРИТОНИ$ -> #БРИТАНИ$) = -22.3080792895812
correctionProbability (#WANA$ -> #WANNA$) = -16.219819911275838
correctionProbability (#БАБАЧКИ$ -> #БАБОЧКИ$) = -11.918261914970365
correctionProbability (#РУБЛЕНЫЙ$ -> #РУБЛЕННЫЙ$) = -24.27694892738279
correctionProbability (#ГРАМАТЫ$ -> #ГРАМОТЫ$) = -13.628386886875816
correctionProbability (#КИРВ$ -> #КИРОВ$) = -9.464628859903005
correctionProbability (#КИРБ$ -> #КИРБИ$) = -17.43619704283326
correctionProbability (#ОЛИМПИЯДА$ -> #ОЛИМПИАДА$) = -12.720324965867086
correctionProbability (#КЛАСИЧЕСКОМ$ -> #КЛАССИЧЕСКОМ$) = -21.226591854962265
correctionProbability (#ДАБРАТСЯ$ -> #ДОБРАТЬСЯ$) = -78.9162323145744
correctionProbability (#ШОСЕ$ -> #ШОССЕ$) = -10.399390590382158
correctionProbability (#УКРАИН$ -> #УКРАИНА$) = -8.441208320461769
correctionProbability (#ПОПИНС$ -> #ПОППИНС$) = -17.112733458892542
correctionProbability (#ПАЛАГЕИ$ -> #ПЕЛАГЕИ$) = -19.469714445087583
correctionProbability (#СОУРУС$ -> #СОУРС$) = -17.46459895346958
correctionProbability (#ЭЛИКТРОННЫЙ$ -> #ЭЛЕКТРОННЫЙ$) = -12.07669169948285
correctionProbability (#ФЙЕСБУК$ -> #ФЕЙСБУК$) = -74.88621035049505
correctionProbability (#КИПЫ$ -> #КЛИПЫ$) = -6.960647970436934
correctionProbability (#ВЕСКАХ$ -> #ВИСКАХ$) = -19.45319997824831
correctionProbability (#ОЛЬМЕКО$ -> #ОЛМЕКО$) = -23.772533069020696
correctionProbability (#СКА4АТЬ$ -> #СКАЧАТЬ$) = -2.4819003779973254
correctionProbability (#УКРНЕ$ -> #УКРНЕТ$) = -10.393404287317946
correctionProbability (#БЕСМЕРТНА$ -> #БЕССМЕРТНА$) = -27.7019177056793
correctionProbability (#МЕЛЛЕРА$ -> #МИЛЛЕРА$) = -16.853925055007615
correctionProbability (#РУСНЕФТЬ$ -> #РОСНЕФТЬ$) = -15.88384172054078
correctionProbability (#СТОРІНКВ$ -> #СТОРІНКА$) = -15.481746017104818
correctionProbability (#ПАКАРИЛА$ -> #ПОКОРИЛА$) = -85.40661004828169
correctionProbability (#КОЛОФДЬЮТИ$ -> #КАЛОФДЬЮТИ$) = -22.40772834176567
correctionProbability (#НАЧМИДИН$ -> #НАЧМИДДИН$) = -26.247563694676856
correctionProbability (#КРАСНОЛАР$ -> #КРАСНОДАР$) = -9.839861843938479
correctionProbability (#LNSTAGRAM$ -> #INSTAGRAM$) = -12.97469320795755
correctionProbability (#VIKIN$ -> #VIKING$) = -16.638984405017506
correctionProbability (#МУЛЬТФМЛЬМ$ -> #МУЛЬТФИЛЬМ$) = -9.143886063750394
correctionProbability (#ЛМЦА$ -> #ЛИЦА$) = -6.413802683433321
correctionProbability (#АЛЬВАРЕ$ -> #АЛЬВАРЕС$) = -15.339989022417704
correctionProbability (#ШОСС$ -> #ШОССЕ$) = -10.458927637815126
correctionProbability (#ЛУЧШИИЕ$ -> #ЛУЧШИЕ$) = -9.363816095552199
correctionProbability (#МАНАШКИ$ -> #МОНАШКИ$) = -18.622371910632268
correctionProbability (#ЮДСМ$ -> #БДСМ$) = -9.782861160956525
correctionProbability (#МАМОЧКТ$ -> #МАМОЧКИ$) = -13.517292754118166
correctionProbability (#ОСОБЕННОТИ$ -> #ОСОБЕННОСТИ$) = -15.771785523754957
correctionProbability (#ЛЗНАЧАЕТ$ -> #ОЗНАЧАЕТ$) = -12.177228009755972
correctionProbability (#ЛЕГАНДА$ -> #ЛЕГЕНДА$) = -11.049482417065128
correctionProbability (#ДАСТВЕННУЮ$ -> #ДАРСТВЕННУЮ$) = -23.637528754212596
correctionProbability (#ИНОПЛОНЕТЯНИН$ -> #ИНОПЛАНЕТЯНИН$) = -23.3450744533383
correctionProbability (#ЦЭЛОК$ -> #ЦЕЛОК$) = -17.06933693310879
correctionProbability (#АВТОВЛКЗАЛ$ -> #АВТОВОКЗАЛ$) = -15.533752201673558
correctionProbability (#АДНАКЛАСНИКИ$ -> #ОДНОКЛАССНИКИ$) = -141.13617072171257
correctionProbability (#НЕГРИТЯЕКА$ -> #НЕГРИТЯНКА$) = -21.434266646839035
correctionProbability (#БЕЛВЙ$ -> #БЕЛЫЙ$) = -7.930062842108423
correctionProbability (#РУБЛЕНЫХ$ -> #РУБЛЕННЫХ$) = -25.487868077349823
correctionProbability (#ЖУРНА$ -> #ЖУРНАЛ$) = -8.789136071728475
correctionProbability (#AFTERBERNER$ -> #AFTERBURNER$) = -22.230191570413638
correctionProbability (#ШПУЛЧ$ -> #ШПУЛЯ$) = -20.786061883822274
correctionProbability (#РИХАННА$ -> #РИАННА$) = -19.36169442444403
correctionProbability (#ROUD$ -> #ROAD$) = -12.131260644829272
correctionProbability (#ЭЕКТРОННАЯ$ -> #ЭЛЕКТРОННАЯ$) = -13.984796286991518
correctionProbability (#РОЗВИТИЕ$ -> #РАЗВИТИЕ$) = -11.91302776536336
correctionProbability (#КАЙЗЕН$ -> #КАЙДЗЕН$) = -22.096907079413917
correctionProbability (#ЗЕРНОВИХ$ -> #ЗЕРНОВЫХ$) = -19.813558190787234
correctionProbability (#РОСХОД$ -> #РАСХОД$) = -12.042248263235269
correctionProbability (#ГОТОВИЕ$ -> #ГОТОВЫЕ$) = -12.498473182888787
correctionProbability (#СУРГУЬ$ -> #СУРГУТ$) = -10.261304593625159
correctionProbability (#ЛАХМАТКА$ -> #ЛОХМАТКА$) = -23.2136031552524
correctionProbability (#ШТОЛЕ$ -> #ШТОЛЛЕ$) = -18.588823736811523
correctionProbability (#КИРЖАЧЬ$ -> #КИРЖАЧ$) = -20.034346704578812
correctionProbability (#ДНЕЫНИК$ -> #ДНЕВНИК$) = -7.029405247958053
correctionProbability (#НЕОЖИДАНЫЙ$ -> #НЕОЖИДАННЫЙ$) = -23.978343438027125
correctionProbability (#АММОРТИЗАЦИИ$ -> #АМОРТИЗАЦИИ$) = -24.037378187316733
correctionProbability (#РАСКОЛИЛОСЬ$ -> #РАСКАЛИЛОСЬ$) = -28.49671063559233
correctionProbability (#RASKAZI$ -> #RASSKAZI$) = -22.237721863264078
correctionProbability (#СТРОЕТ$ -> #СТРОИТ$) = -16.919194309956826
correctionProbability (#XVIDEI$ -> #XVIDEO$) = -12.140496155214311
correctionProbability (#ПЕРЕСЕНЬ$ -> #ПЕРЕЧЕНЬ$) = -13.81418580255643
correctionProbability (#ПИЧАТИ$ -> #ПЕЧАТИ$) = -10.293602443757297
correctionProbability (#АНАЛАПРИЛ$ -> #ЭНАЛАПРИЛ$) = -19.133062352183053
correctionProbability (#ВОЛАСАТЫХ$ -> #ВОЛОСАТЫХ$) = -18.159999956506468
correctionProbability (#СОТРЕСЕНИЕ$ -> #СОТРЯСЕНИЕ$) = -21.776564622870147
correctionProbability (#ЭЛЕКТРООШЕЙК$ -> #ЭЛЕКТРООШЕЙНИК$) = -96.05323828697188
correctionProbability (#ЦЕНТРЛ$ -> #ЦЕНТРАЛ$) = -17.59015885869553
correctionProbability (#ЖУРНЛ$ -> #ЖУРНАЛ$) = -8.827535154671015
correctionProbability (#ГОТОАИТЬ$ -> #ГОТОВИТЬ$) = -13.25781378423423
correctionProbability (#ЧЕНГИЗ$ -> #ЧИНГИЗ$) = -16.770040455647464
correctionProbability (#СКООЬКО$ -> #СКОЛЬКО$) = -6.032888502091154
correctionProbability (#КАСЕТ$ -> #КАССЕТ$) = -21.91918471874367
correctionProbability (#TRIPMEADREAM$ -> #TRIPMYDREAM$) = -88.58919988950649
correctionProbability (#САБЛОЗНИЛА$ -> #СОБЛАЗНИЛА$) = -84.09993618120296
correctionProbability (#УЛЕКАЕВ$ -> #УЛЮКАЕВ$) = -22.80483937921614
correctionProbability (#КАПИТАЛС$ -> #КЭПИТАЛЗ$) = -84.33170442038363
correctionProbability (#СТРОЕН$ -> #СИТРОЕН$) = -14.23128744345616
correctionProbability (#НОРМАНОВ$ -> #НОРМАННОВ$) = -24.99812144550595
correctionProbability (#МОЛОДСТИ$ -> #МОЛОДОСТИ$) = -15.43158323124571
correctionProbability (#ПРИТЕНЗИИ$ -> #ПРЕТЕНЗИИ$) = -19.355615182945506
correctionProbability (#ПРОЗЬБА$ -> #ПРОСЬБА$) = -16.29883123228654
correctionProbability (#ЗНПК$ -> #ЗНАК$) = -7.718719598771525
correctionProbability (#ПРАВОХРАНИТЕЛЬНЫХ$ -> #ПРАВООХРАНИТЕЛЬНЫХ$) = -31.096319606564542
correctionProbability (#КАРЕЙСКОМ$ -> #КОРЕЙСКОМ$) = -20.328553316266472
correctionProbability (#ПРЕНОДЛЕЖИТ$ -> #ПРИНАДЛЕЖИТ$) = -83.82464678055389
correctionProbability (#ROUT$ -> #ROUTE$) = -17.44968216162714
correctionProbability (#ЭЛЬДОРПДО$ -> #ЭЛЬДОРАДО$) = -12.129902950411228
correctionProbability (#ГЛРОСКЛП$ -> #ГОРОСКОП$) = -74.10056791802353
correctionProbability (#КРАСНОЯСКОГО$ -> #КРАСНОЯРСКОГО$) = -19.740187330201273
correctionProbability (#ХОРАКТЕР$ -> #ХАРАКТЕР$) = -14.663165623521628
correctionProbability (#ЦЕНТРТ$ -> #ЦЕНТР$) = -8.074656092526812
correctionProbability (#ЗОЛОДНЫЕ$ -> #ХОЛОДНЫЕ$) = -11.735502394381804
correctionProbability (#УЛГАУ$ -> #УЛГТУ$) = -17.637877099869403
correctionProbability (#UNKNOW$ -> #UNKNOWN$) = -18.85980402055857
correctionProbability (#ДЕПАЗИТ$ -> #ДЕПОЗИТ$) = -15.092622106380489
correctionProbability (#ULTEMATE$ -> #ULTIMATE$) = -15.321523942788993
correctionProbability (#ДОБРОВОЛЬНОГОЬ$ -> #ДОБРОВОЛЬНОГО$) = -29.09613374307876
correctionProbability (#ПЯТОРОЧКА$ -> #ПЯТЕРОЧКА$) = -14.784476710133006
correctionProbability (#КОМПЬТЕРОВ$ -> #КОМПЬЮТЕРОВ$) = -17.73971134536214
correctionProbability (#CECS$ -> #SEKS$) = -73.58312382078643
correctionProbability (#БЭТСИТИ$ -> #БЕТСИТИ$) = -14.910296627647611
correctionProbability (#ИСНТАГРАММ$ -> #ИНСТАГРАМ$) = -143.57601029046444
correctionProbability (#БЕЛЕТ$ -> #БИЛЕТ$) = -7.092343138353666
correctionProbability (#ПРИМІЩEННЯ$ -> #ПРИМІЩЕННЯ$) = -24.445913218425737
correctionProbability (#КАРОВАННА$ -> #КАРАВАННАЯ$) = -92.94890346032805
correctionProbability (#АЛЕКЕЙ$ -> #АЛЕКСЕЙ$) = -10.226336044903434
correctionProbability (#ЮВИЛИРНЫЕ$ -> #ЮВЕЛИРНЫЕ$) = -16.590301965916765
correctionProbability (#ДОЧЕНКА$ -> #ДОЧЕНЬКА$) = -18.07965513768646
correctionProbability (#XHAMSTR$ -> #XHAMSTER$) = -15.166770056084196
correctionProbability (#ІКСВІДЕОС$ -> #ИКСВИДЕОС$) = -86.78012373434609
correctionProbability (#МАГАЗИТ$ -> #МАГАЗИН$) = -5.080474942192522
correctionProbability (#УРЕПЛАЗМОЗ$ -> #УРЕАПЛАЗМОЗ$) = -25.001056941255456
correctionProbability (#СТРЕПТОККОК$ -> #СТРЕПТОКОКК$) = -92.00343254002891
correctionProbability (#КРОВЕ$ -> #КРОВИ$) = -3.8030169583529876
correctionProbability (#ОБЛАСЧТИ$ -> #ОБЛАСТИ$) = -8.659553124392744
correctionProbability (#СУЖОКУ$ -> #СУДОКУ$) = -10.988077751819933
correctionProbability (#ПЛЯД$ -> #ПЛЯЖ$) = -10.508960307963473
correctionProbability (#PROGRAMING$ -> #PROGRAMMING$) = -24.459262800182444
correctionProbability (#МАГАЗИР$ -> #МАГАЗИН$) = -5.078700190282438
correctionProbability (#ПЭТФ$ -> #ПЭТ$) = -16.000732383312826
correctionProbability (#УГАРНИЙ$ -> #УГАРНЫЙ$) = -19.486358898395473
correctionProbability (#ЮВИЛИРНЫЙ$ -> #ЮВЕЛИРНЫЙ$) = -15.949277170936611
correctionProbability (#QLOBAL$ -> #GLOBAL$) = -13.915531786966657
correctionProbability (#ПОЖИЛИМИ$ -> #ПОЖИЛЫМИ$) = -17.998632435595546
correctionProbability (#КОММИСИОННЫЙ$ -> #КОМИССИОННЫЙ$) = -89.48107395395414
correctionProbability (#ПРЕНИУМ$ -> #ПРЕМИУМ$) = -12.874443729091908
correctionProbability (#КИТЬ$ -> #КУПИТЬ$) = -67.33028092974392
correctionProbability (#ПЕЖНЯЯ$ -> #ПЕЖНЯ$) = -14.73232898314983
correctionProbability (#ЭКСКУРСАВОДА$ -> #ЭКСКУРСОВОДА$) = -25.869111325187504
correctionProbability (#MOSGAS$ -> #MOSGAZ$) = -21.446123730908614
correctionProbability (#XHAMSTE$ -> #XHAMSTER$) = -15.176279275841075
correctionProbability (#КОРОЛЕНКА$ -> #КОРОЛЕНКО$) = -19.524848654112155
correctionProbability (#КАЗАХСЬАН$ -> #КАЗАХСТАН$) = -11.161560727901062
correctionProbability (#ВАЕНАЯ$ -> #ВОЕННАЯ$) = -77.75428974447863
correctionProbability (#ЛУТЧИЕ$ -> #ЛУЧШИЕ$) = -74.72954721925709
correctionProbability (#ГРУПОВОЕ$ -> #ГРУППОВОЕ$) = -16.322662919988524
correctionProbability (#РАДИОКТИВНЫЕ$ -> #РАДИОАКТИВНЫЕ$) = -27.615142154606815
correctionProbability (#ПОСТРЯННО$ -> #ПОСТОЯННО$) = -15.62194589757091
correctionProbability (#ПРЛМЕЖУТКА$ -> #ПРОМЕЖУТКА$) = -25.879881103572806
correctionProbability (#МШИТЬ$ -> #СШИТЬ$) = -9.598728269767772
correctionProbability (#ПЛЮЧ$ -> #ПЛЮС$) = -6.856240816675179
correctionProbability (#ВИНАЛ$ -> #ФИНАЛ$) = -8.530622459287283
correctionProbability (#НАПИСАЬ$ -> #НАПИСАТЬ$) = -12.042270681305752
correctionProbability (#КОДНКС$ -> #КОДЕКС$) = -10.365102736201056
correctionProbability (#ПРЛИТИКУС$ -> #ПОЛИТИКУС$) = -16.91445801077841
correctionProbability (#ЦИФЕКОН$ -> #ЦЕФЕКОН$) = -20.360379800479755
correctionProbability (#ПРИКПЗ$ -> #ПРИКАЗ$) = -9.010057781501143
correctionProbability (#ТЮЧЕВ$ -> #ТЮТЧЕВ$) = -16.08652710318444
correctionProbability (#ВИЛЕТЬ$ -> #ВИДЕТЬ$) = -12.202752723860531
correctionProbability (#СОСАЛКІНО$ -> #СОСАЛКИНО$) = -18.70448370633423
correctionProbability (#ОБМАНЬЩИЦЫ$ -> #ОБМАНЩИЦЫ$) = -21.304764631442133
correctionProbability (#КАФЕЛРА$ -> #КАФЕДРА$) = -14.545006494243538
correctionProbability (#НИТШЕ$ -> #НИЦШЕ$) = -16.84224970592972
correctionProbability (#ХАПЬКОВ$ -> #ХАРЬКОВ$) = -10.62515887136982
correctionProbability (#ЗАКАТЬ$ -> #ЗАКАЗАТЬ$) = -75.11151236347511
correctionProbability (#ЭНГРИБЁРС$ -> #ЭНГРИБЁРЦ$) = -22.604512935474602
correctionProbability (#ЛУТЧИЙ$ -> #ЛУЧШИЙ$) = -77.25476662532455
correctionProbability (#ГРУПОВОЙ$ -> #ГРУППОВОЙ$) = -17.282395909925675
correctionProbability (#ШКОЛЛЫ$ -> #ШКОЛЫ$) = -10.321712434521896
correctionProbability (#РАДИОКТИВНЫЙ$ -> #РАДИОАКТИВНЫЙ$) = -27.503648161033
correctionProbability (#БЕЛЕЕ$ -> #БОЛЕЕ$) = -11.880666459776283
correctionProbability (#ЖУМЫСЫНЫН$ -> #ЖҰМЫСЫНЫҢ$) = -85.40999695101742
correctionProbability (#МАРКНТ$ -> #МАРКЕТ$) = -9.602970857741514
correctionProbability (#ФАРАФУТДИНОВА$ -> #ШАРАФУТДИНОВА$) = -29.08297302913452
correctionProbability (#САЖЕНЦ$ -> #САЖЕНЦЫ$) = -14.18881005509327
correctionProbability (#JAQVALI$ -> #JADVALI$) = -22.713495766459197
correctionProbability (#ПЫЛИСОС$ -> #ПЫЛЕСОС$) = -11.526229911118484
correctionProbability (#КОМПЬТЕРОМ$ -> #КОМПЬЮТЕРОМ$) = -17.008669229776096
correctionProbability (#МАРФЕМНЫЙ$ -> #МОРФЕМНЫЙ$) = -17.01540013936721
correctionProbability (#ГРУПОВОМ$ -> #ГРУППОВОМ$) = -22.36214997696677
correctionProbability (#ЛНЕВНИК$ -> #ДНЕВНИК$) = -7.012715695133629
correctionProbability (#ПРНОС$ -> #ПОНОС$) = -14.051455006212553
correctionProbability (#ЧАЛНАХ$ -> #ЧЕЛНАХ$) = -13.21082844100641
correctionProbability (#VATSAB$ -> #WHATSAPP$) = -207.73853368899864
correctionProbability (#ЗІЗНАТИСЬ$ -> #ДІЗНАТИСЬ$) = -26.215219239428258
correctionProbability (#ЖУРНАЯ$ -> #ЖУРНАЛ$) = -8.234251547396372
correctionProbability (#ПЛАСТИКОАЫЕ$ -> #ПЛАСТИКОВЫЕ$) = -14.61179547388312
correctionProbability (#ZVERT$ -> #ZIVERT$) = -14.170629779097265
correctionProbability (#СИРОТИУС$ -> #СИРИУС$) = -83.6502568434562
correctionProbability (#НЕУРОХИРУРГОВ$ -> #НЕЙРОХИРУРГОВ$) = -30.982648612691634
correctionProbability (#ПРОСТІТУТКУ$ -> #ПРОСТИТУТКУ$) = -20.155332995287786
correctionProbability (#ПРИЗАГЛУШИТЬ$ -> #ПРИГЛУШИТЬ$) = -98.22967514191046
correctionProbability (#СЕВАСАПОЛЬСКАЯ$ -> #СЕВАСТОПОЛЬСКАЯ$) = -92.28560170436933
correctionProbability (#ZAHACH$ -> #ZHAHACH$) = -23.868430922003753
correctionProbability (#ДОЛАРОВ$ -> #ДОЛЛАРОВ$) = -14.373247963452705
correctionProbability (#НЕЖЕН$ -> #НУЖЕН$) = -10.27991450509165
correctionProbability (#DEVOCKA$ -> #DEVOCHKA$) = -21.155741493938415
correctionProbability (#ГИВКИ$ -> #ГИФКИ$) = -9.768532808158074
correctionProbability (#ОПЕРТОР$ -> #ОПЕРАТОР$) = -12.728507325617642
correctionProbability (#ЦЕНТОР$ -> #ЦЕНТР$) = -8.068215228710205
correctionProbability (#MAZILA$ -> #MOZILLA$) = -81.27738562382429
correctionProbability (#КОЙНКИПЕР$ -> #КОИНКИПЕР$) = -34.74692544430701
correctionProbability (#ПАТЕВКИ$ -> #ПУТЕВКИ$) = -12.45282041988608
correctionProbability (#ПРОСЛУШЕНО$ -> #ПОДСЛУШАНО$) = -146.21771821381665
correctionProbability (#КЛАВИОТУРУ$ -> #КЛАВИАТУРУ$) = -18.489073061346616
correctionProbability (#СЕТТЛЕРС$ -> #СЕТЛЕРС$) = -23.376374373892958
correctionProbability (#СПОРТРКЙДЖ$ -> #СПОРТЕЙДЖ$) = -83.02416870503944
correctionProbability (#КРАСІВОЙ$ -> #КРАСИВОЙ$) = -13.244141731323559
correctionProbability (#ТАШКЕНСКАЯ$ -> #ТАШКЕНТСКАЯ$) = -24.02073007754506
correctionProbability (#ЗИМНЮ$ -> #ЗИМНЮЮ$) = -13.200688799189951
correctionProbability (#КАРОВАНОВ$ -> #КАРАВАНОВ$) = -25.850791766507676
correctionProbability (#ЧЕЧЕЛ$ -> #ЧЕЧИЛ$) = -19.723904632720274
correctionProbability (#ВЗРСЛЫХ$ -> #ВЗРОСЛЫХ$) = -10.291542009610723
correctionProbability (#ПРИКАМЕЬЕ$ -> #ПРИКАМЬЕ$) = -21.432160606442842
correctionProbability (#МАРКОВНАЯ$ -> #МОРКОВНАЯ$) = -21.219126928371224
correctionProbability (#CREAT$ -> #CREATE$) = -15.81126145534024
correctionProbability (#ПАРТРОНИКА$ -> #ПАРКТРОНИКА$) = -24.30016184748729
correctionProbability (#ИВРИЬЕ$ -> #ИВРИТЕ$) = -18.39114468630053
correctionProbability (#ЧМСЛО$ -> #ЧИСЛО$) = -9.61255122107698
correctionProbability (#ILTS$ -> #IELTS$) = -15.011351549291131
correctionProbability (#BROUN$ -> #BROWN$) = -14.048802942879622
correctionProbability (#ANISA$ -> #ANISSA$) = -19.788130230433477
correctionProbability (#ВЕЗУВІЙ$ -> #ВЕЗУВИЙ$) = -18.926409744407636
correctionProbability (#КОНТОРОЛЬНАЯ$ -> #КОНТРОЛЬНАЯ$) = -17.853370779478922
correctionProbability (#БЛБДА$ -> #БЛЮДА$) = -8.846843020959799
correctionProbability (#ЖАРДЕН$ -> #ЖАРДИН$) = -20.352875550613316
correctionProbability (#РЕМІКС$ -> #РЕМИКС$) = -13.030725197387614
correctionProbability (#СИГИСТИК$ -> #ЛОГИСТИК$) = -83.63599979078563
correctionProbability (#СЕТВОЙ$ -> #СЕТЕВОЙ$) = -9.244095896033343
correctionProbability (#MANAGMENT$ -> #MANAGEMENT$) = -18.478207717740993
correctionProbability (#ВЩЯТЬ$ -> #ВЗЯТЬ$) = -9.004535252690761
correctionProbability (#ШОПП$ -> #ШОП$) = -11.507976453197326
correctionProbability (#ОСТЕРЦОВ$ -> #ОСТРЕЦОВ$) = -87.64651519337376
correctionProbability (#СУПЕРСИМЕЙКА$ -> #СУПЕРСЕМЕЙКА$) = -19.368892271573998
correctionProbability (#УЧНБНИК$ -> #УЧЕБНИК$) = -9.069881678730859
correctionProbability (#ЕВОЛЮЦИЯ$ -> #ЭВОЛЮЦИЯ$) = -15.038092218594905
correctionProbability (#ОТРЫВАТЬ$ -> #ОТКРЫВАТЬ$) = -18.233814410111307
correctionProbability (#ВОЕЕННЫЕ$ -> #ВОЕННЫЕ$) = -12.768603323415086
correctionProbability (#RAMILL$ -> #RAMIL$) = -19.614635294545845
correctionProbability (#НЕХСИЯ$ -> #НЕКСИЯ$) = -14.142719281121774
correctionProbability (#МАКАГОН$ -> #МАКОГОН$) = -22.128848675399993
correctionProbability (#МАТЕМАТКЕ$ -> #МАТЕМАТИКЕ$) = -11.52920609926511
correctionProbability (#MORTOL$ -> #MORTAL$) = -14.84251969223649
correctionProbability (#КЛАВИОТУРА$ -> #КЛАВИАТУРА$) = -15.761086691690288
correctionProbability (#ШИПОКАЯ$ -> #ШИРОКАЯ$) = -16.986724724491793
correctionProbability (#365Ъ$ -> #365$) = -9.27577530210758
correctionProbability (#KARBON$ -> #CARBON$) = -15.717779621998776
correctionProbability (#ТВОРОЖЕННАЯ$ -> #ТВОРОЖНАЯ$) = -85.84637426610183
correctionProbability (#ОЧИНЕНИЕ$ -> #СОЧИНЕНИЕ$) = -12.803771371004366
correctionProbability (#ГОЛУ$ -> #ГОДУ$) = -5.239747983609181
correctionProbability (#МАГАЗИЕ$ -> #МАГАЗИН$) = -5.07505193540972
correctionProbability (#ОЙЛЕКС$ -> #ОИЛИКС$) = -83.06991863916572
correctionProbability (#УСИПИЛ$ -> #УСЫПИЛ$) = -17.857966591355495
correctionProbability (#СВЯТОШИН$ -> #СВЯТОШИНО$) = -24.223744952511396
correctionProbability (#ГОЛХ$ -> #ГОЛЫХ$) = -10.853751235157102
correctionProbability (#ПАКОВКА$ -> #ПАРКОВКА$) = -16.04322080635297
correctionProbability (#УРИНОСТОП$ -> #РИНОСТОП$) = -23.386228230529568
correctionProbability (#МАНУРАЛ$ -> #МОНУРАЛ$) = -17.315779647789235
correctionProbability (#ПРЕВАРОТ$ -> #ПРИВОРОТ$) = -80.84300553138019
correctionProbability (#КАЗЛАТИН$ -> #КАЗЛАТЫН$) = -22.68333656954369
correctionProbability (#КАСЕТУ$ -> #КАССЕТУ$) = -22.016769257837268
correctionProbability (#CREAD$ -> #CREED$) = -13.015848528493581
correctionProbability (#ЗАХАДУМ$ -> #ЗАХОДОМ$) = -87.04767856149763
correctionProbability (#ИГРАЕ$ -> #ИГРАЕТ$) = -11.453257493107802
correctionProbability (#КҮНДЕЛИК$ -> #КҮНДЕЛІК$) = -9.356568728215628
correctionProbability (#УВЛЕЧЕНИЯМ$ -> #УВЛЕЧЕНИЯ$) = -23.662098151159718
correctionProbability (#КРАНШТЕЙНА$ -> #КРОНШТЕЙНА$) = -23.297702319405765
correctionProbability (#РАЗБОРННАЯ$ -> #РАЗБОРНАЯ$) = -24.732044755258457
correctionProbability (#HXMSTER$ -> #HXAMSTER$) = -26.61720112132698
correctionProbability (#ВЫШИ$ -> #ВЫШЕ$) = -11.87982865316776
correctionProbability (#РОДИВШИМ$ -> #РОДИВШИМСЯ$) = -87.34544344055277
correctionProbability (#УЖАСЬИК$ -> #УЖАСТИК$) = -16.34603310787007
correctionProbability (#ТАЬЯНА$ -> #ТАТЬЯНА$) = -10.38270371941855
correctionProbability (#КРОАИ$ -> #КРОВИ$) = -3.8375168960743906
correctionProbability (#ЕКВАЛАЙЗЕР$ -> #ЭКВАЛАЙЗЕР$) = -21.270472723982323
correctionProbability (#РОДИВШИЙ$ -> #РОДИВШИЙСЯ$) = -89.92197466963566
correctionProbability (#НУМЕР$ -> #НОМЕР$) = -6.356980417981102
correctionProbability (#COMISSION$ -> #COMMISSION$) = -25.134872552135633
correctionProbability (#МАГАЗИМ$ -> #МАГАЗИН$) = -5.079496628075686
correctionProbability (#ДЖЕРЖИНСКИЙ$ -> #ДЗЕРЖИНСКИЙ$) = -19.910986064074905
correctionProbability (#ЛЮЛБ$ -> #ЛЮБЛЮ$) = -74.56037748175501
correctionProbability (#VERTUS$ -> #VIRTUS$) = -20.032574792049896
correctionProbability (#ФОАНЦИЯ$ -> #ФРАНЦИЯ$) = -12.655130670099126
correctionProbability (#КЛНТАКТЕ$ -> #КОНТАКТЕ$) = -7.218202434474954
correctionProbability (#КТСЛОТА$ -> #КИСЛОТА$) = -12.140300807185639
correctionProbability (#OFFERUM$ -> #OFFER$) = -86.83361927911139
correctionProbability (#СВЯЗНОЙЙ$ -> #СВЯЗНОЙ$) = -15.587779573297112
correctionProbability (#КЛАВИОТУРЕ$ -> #КЛАВИАТУРЕ$) = -17.15578136938253
correctionProbability (#ДЕВЧЁНКИ$ -> #ДЕВЧОНКИ$) = -15.024554860725964
correctionProbability (#CEAT$ -> #CHEAT$) = -14.478072024081694
correctionProbability (#ИКОГДА$ -> #КОГДА$) = -8.270771299754909
correctionProbability (#ХHAMSTER$ -> #XHAMSTER$) = -14.56622115624095
correctionProbability (#ПЛОТОН$ -> #ПЛАТОН$) = -13.358604287477586
correctionProbability (#ТЕРИТОРИЙ$ -> #ТЕРРИТОРИЙ$) = -20.53797774958958
correctionProbability (#DIGS$ -> #DOGS$) = -13.589555603958477
correctionProbability (#TAILAND$ -> #THAILAND$) = -19.696990717761842
correctionProbability (#ПРЕДОЗРАНИТЕЛЬ$ -> #ПРЕДОХРАНИТЕЛЬ$) = -22.134478875418424
correctionProbability (#БЕЗШУМНЫЕ$ -> #БЕСШУМНЫЕ$) = -23.042462493718737
correctionProbability (#ДЕВЕРСАНТЫ$ -> #ДИВЕРСАНТЫ$) = -19.918358079568527
correctionProbability (#ДЕВСТВЕНИЦ$ -> #ДЕВСТВЕННИЦ$) = -23.14371495835684
correctionProbability (#ПЛАВНИЙ$ -> #ПЛАВНЫЙ$) = -20.260637433569194
correctionProbability (#АКТЕОЫ$ -> #АКТЕРЫ$) = -8.878153569433355
correctionProbability (#СМАТРИТЬ$ -> #СМОТРЕТЬ$) = -67.03106184379722
correctionProbability (#METIO$ -> #METEO$) = -14.716371036640783
correctionProbability (#ГРАМИ$ -> #ГРАММ$) = -11.734857595280705
correctionProbability (#БЕЗШУМНЫЙ$ -> #БЕСШУМНЫЙ$) = -22.902250648274098
correctionProbability (#СИМФЕОПОЛЬ$ -> #СИМФЕРОПОЛЬ$) = -13.255201882329871
correctionProbability (#ПЯТЕРОЧКТ$ -> #ПЯТЕРОЧКИ$) = -19.522071185652187
correctionProbability (#МИКРАСКОП$ -> #МИКРОСКОП$) = -16.842660211437973
correctionProbability (#ГОГАЛЯ$ -> #ГОГОЛЯ$) = -14.84307767355261
correctionProbability (#ГОГАМА$ -> #КОГАМА$) = -13.879523487328303
correctionProbability (#ЖЭНШИНУ$ -> #ЖЕНЩИНУ$) = -77.18028548459235
correctionProbability (#ЗАБОСТОВКИ$ -> #ЗАБАСТОВКИ$) = -23.42448662052115
correctionProbability (#ВКАН$ -> #ВКОН$) = -13.479892786112668
correctionProbability (#ХОБИТЫ$ -> #ХОББИТЫ$) = -22.75901027115208
correctionProbability (#АЙФРН$ -> #АЙФОН$) = -7.820745794119663
correctionProbability (#ЦЕРОЗ$ -> #ЦИРРОЗ$) = -82.28150855702147
correctionProbability (#ЩАНЯТОСТИ$ -> #ЗАНЯТОСТИ$) = -13.558355152303974
correctionProbability (#ЗАПОДНЯ$ -> #ЗАПАДНЯ$) = -18.240502720782608
correctionProbability (#РАБИТОР$ -> #РАДИАТОР$) = -79.19568399352688
correctionProbability (#РАЗРЕЗН$ -> #РАЗРЕЗЕ$) = -15.929530107214987
correctionProbability (#ГОЖУ$ -> #ГОДУ$) = -5.2484045404585515
correctionProbability (#ОВСЯННОЙ$ -> #ОВСЯНОЙ$) = -21.98917302014926
correctionProbability (#КАРТОФЕЛ$ -> #КАРТОФЕЛЯ$) = -16.306636625096964
correctionProbability (#ДОРСАНВАЛЬ$ -> #ДАРСОНВАЛЬ$) = -85.32655138601994
correctionProbability (#ТРЕДОВАНИЯ$ -> #ТРЕБОВАНИЯ$) = -14.40969655375428
correctionProbability (#ТЬОЩА$ -> #ТЕЩА$) = -80.87776739612809
correctionProbability (#УКРАНЕ$ -> #УКРАИНЕ$) = -10.459218746161227
correctionProbability (#ЗАГАВОР$ -> #ЗАГОВОР$) = -14.44666630362449
correctionProbability (#МОЖНАЯ$ -> #МОДНАЯ$) = -13.735282216231528
correctionProbability (#ДОРСО$ -> #ДЮРСО$) = -16.68485346929754
correctionProbability (#БЕЛІЕ$ -> #БЕЛЫЕ$) = -8.290357924590069
correctionProbability (#ALEJERI$ -> #ALEGERI$) = -18.443701781341154
correctionProbability (#ПРЛМОКОД$ -> #ПРОМОКОД$) = -12.509454208453342
correctionProbability (#ПРАВЕЛЬНЫЕ$ -> #ПРАВИЛЬНЫЕ$) = -20.01135662480563
correctionProbability (#МЕРЧЬ$ -> #МЕРЧ$) = -17.704445157837544
correctionProbability (#ЗНАЙОМСВА$ -> #ЗНАКОМСТВА$) = -76.11336659368347
correctionProbability (#ПОДТЕНУТЬ$ -> #ПОДТЯНУТЬ$) = -18.692746347244977
correctionProbability (#ПОТРОНА$ -> #ПАТРОНА$) = -18.547545963031823
correctionProbability (#ФОТОССЕСИЮ$ -> #ФОТОСЕССИЮ$) = -89.64244271139313
correctionProbability (#ВКАК$ -> #КАК$) = -1.615093099054004
correctionProbability (#BOUTIGUE$ -> #BOUTIQUE$) = -17.959080149134564
correctionProbability (#ФОТОССЕСИЯ$ -> #ФОТОСЕССИЯ$) = -83.78700628397742
correctionProbability (#ДЕВСТВЕНИК$ -> #ДЕВСТВЕННИК$) = -23.77311874871758
correctionProbability (#ПРОТАЛ$ -> #ПОРТАЛ$) = -74.89836430409912
correctionProbability (#АДМИНИСТРЦИЯ$ -> #АДМИНИСТРАЦИЯ$) = -17.480902232762702
correctionProbability (#АВТОГІДАС$ -> #АВТОГИДАС$) = -21.60693210359217
correctionProbability (#ГОЖА$ -> #ГОДА$) = -3.6198403682788474
correctionProbability (#РОБЛОКЦ$ -> #РОБЛОКС$) = -7.343134211577258
correctionProbability (#CHOST$ -> #GHOST$) = -13.105902600814805
correctionProbability (#ЖЕНСИНИ$ -> #ЖЕНЩИНЫ$) = -73.0144247608281
correctionProbability (#РОБЛОКЧ$ -> #РОБЛОКС$) = -7.341831374102874
correctionProbability (#МЕДЕЦИНА$ -> #МЕДИЦИНА$) = -13.657060027618016
correctionProbability (#ЗДРПВНИЦА$ -> #ЗДРАВНИЦА$) = -22.317551323806043
correctionProbability (#ИГРПТЬ$ -> #ИГРАТЬ$) = -5.819865822982042
correctionProbability (#ШТОРИ$ -> #ШТОРЫ$) = -9.537289926798795
correctionProbability (#ЗАПОДНО$ -> #ЗАПАДНО$) = -18.222554708020994
correctionProbability (#СТРАНЫХ$ -> #СТРАННЫХ$) = -17.322374211251862
correctionProbability (#КАДЬМАРЫ$ -> #КАЛЬМАРЫ$) = -17.612480895965227
correctionProbability (#ПЕРИНОТАЛЬНЫЙ$ -> #ПЕРИНАТАЛЬНЫЙ$) = -22.148085941517294
correctionProbability (#ІНСТАГРВМ$ -> #ІНСТАГРАМ$) = -16.973192714545853
correctionProbability (#АТЕРИ$ -> #МАТЕРИ$) = -9.441573232968619
correctionProbability (#ПЛОТОК$ -> #ПЛАТОК$) = -13.319734312401867
correctionProbability (#ПРЕИДНЕСТРОВЬИ$ -> #ПРИДНЕСТРОВЬЕ$) = -90.88708480135435
correctionProbability (#ЄГІПТУС$ -> #ЕГИПТУС$) = -81.64344988573755
correctionProbability (#ЛЬБОВЬ$ -> #ЛЮБОВЬ$) = -6.466063228802771
correctionProbability (#АПЕНДИЦИТА$ -> #АППЕНДИЦИТА$) = -22.356858557583955
correctionProbability (#СТОРОНЄ$ -> #СТОРОНЕ$) = -13.458134505568232
correctionProbability (#АХАРА$ -> #ОХАРА$) = -16.531405861165627
correctionProbability (#КАНДРИЛЬ$ -> #КАДРИЛЬ$) = -19.829530099404664
correctionProbability (#ПРОСТОКОР$ -> #ПРОСТАКОР$) = -24.107121062106884
correctionProbability (#ХРОШИЙ$ -> #ХОРОШИЙ$) = -11.703749371174347
correctionProbability (#OCHEV$ -> #OCHEN$) = -20.306703168554453
correctionProbability (#СТОРОНІ$ -> #СТОРОНЫ$) = -12.581681649687177
correctionProbability (#ВИННЫК$ -> #ВИННИК$) = -14.270753870273015
correctionProbability (#ВЯЗАННЫЙ$ -> #ВЯЗАНЫЙ$) = -15.703691449079749
correctionProbability (#ПРИКОЛЬНЫ$ -> #ПРИКОЛЬНЫЕ$) = -13.342511039158474
correctionProbability (#ШТОРВ$ -> #ШТОРЫ$) = -9.567625923407935
correctionProbability (#УДЛЕНИТЕЛЬ$ -> #УДЛИНИТЕЛЬ$) = -19.251142683492787
correctionProbability (#ДАЙМОНТ$ -> #ДАЙМОНД$) = -16.298055097301514
correctionProbability (#ТРОИЧНОГО$ -> #ТРОЙНИЧНОГО$) = -88.76306900656424
correctionProbability (#РОБЛОКВ$ -> #РОБЛОКС$) = -7.344547536931657
correctionProbability (#БИЛЛЕТЕР$ -> #БИЛЕТЕР$) = -21.63009254150731
correctionProbability (#ВЫРАЩЕВАНИЯ$ -> #ВЫРАЩИВАНИЯ$) = -20.28505164105168
correctionProbability (#ПОЛИЦЕЙСКИ$ -> #ПОЛИЦЕЙСКИЙ$) = -14.577452933244373
correctionProbability (#ЖУРАНАЛИСТОВ$ -> #ЖУРНАЛИСТОВ$) = -24.63635757496786
correctionProbability (#ЖЕЛАНИ$ -> #ЖЕЛАНИЙ$) = -13.69916500817073
correctionProbability (#G346$ -> #Q346$) = -22.91010789201617
correctionProbability (#ДДИСКОРД$ -> #ДИСКОРД$) = -14.280280710709576
correctionProbability (#МЕССИОНЕРСКАЯ$ -> #МИССИОНЕРСКАЯ$) = -25.859973654152185
correctionProbability (#EROTICHESKI$ -> #EROTICHESKIE$) = -25.991454969701657
correctionProbability (#ПУТУШЕСТВИЕ$ -> #ПУТЕШЕСТВИЕ$) = -15.309587499532952
correctionProbability (#ДЕНЬЬ$ -> #ДЕНЬ$) = -6.344792667999595
correctionProbability (#КЛАСИЧЕСКАЯ$ -> #КЛАССИЧЕСКАЯ$) = -19.457996259236374
correctionProbability (#СЕРМАЛ$ -> #СЕРИАЛ$) = -4.0975517781274355
correctionProbability (#ЗАПТСАТЬСЯ$ -> #ЗАПИСАТЬСЯ$) = -14.817761210247419
correctionProbability (#ГРАМЫ$ -> #ГРАММЫ$) = -19.897742687927693
correctionProbability (#ОДНОВО$ -> #ОДНОГО$) = -11.365746086338422
correctionProbability (#TELEGRM$ -> #TELEGRAM$) = -15.133218901952219
correctionProbability (#ЛИНОЛИУМА$ -> #ЛИНОЛЕУМА$) = -15.991265359431743
correctionProbability (#МАГАЗЗИН$ -> #МАГАЗИН$) = -7.591877419210611
correctionProbability (#ВЕЛБЕРЕС$ -> #ВИЛБЕРИС$) = -81.17266532865243
correctionProbability (#ЭНДИГМА$ -> #ЭНИГМА$) = -16.883797936826415
correctionProbability (#МГИМУ$ -> #МГМУ$) = -19.732308292541266
correctionProbability (#ЛИТВИЕНКО$ -> #ЛИТВИНЕНКО$) = -19.614703205426004
correctionProbability (#КОНСОЛЕ$ -> #КОНСОЛИ$) = -16.573605528189354
correctionProbability (#ПРАЗЛНИКИ$ -> #ПРАЗДНИКИ$) = -12.38079947957332
correctionProbability (#БИБЛЕОТЕКУ$ -> #БИБЛИОТЕКУ$) = -20.370514291536388
correctionProbability (#ХОРОШОГО$ -> #ХОРОШЕГО$) = -12.725714720695528
correctionProbability (#XETTON$ -> #HETTON$) = -32.22582587914276
correctionProbability (#ГВОЗДЬЕВ$ -> #ГВОЗДЕВ$) = -24.920594087532045
correctionProbability (#КОСОЧА$ -> #КОСАЧА$) = -24.0839988057692
correctionProbability (#КАСАЯ$ -> #КОСАЯ$) = -16.47590266726259
correctionProbability (#ЛМСК$ -> #ОМСК$) = -6.303756191816493
correctionProbability (#ПОРНЕТО$ -> #ПАРЕТО$) = -87.66866254860413
correctionProbability (#ЗИМИИ$ -> #ХИМИИ$) = -10.297186321018689
correctionProbability (#СОКРАЩЕНО$ -> #СОКРАЩЕННО$) = -23.080508964688377
correctionProbability (#МАЛЕНЬКАМИ$ -> #МАЛЕНЬКИМИ$) = -18.87791024846483
correctionProbability (#HYPEX$ -> #HYPERX$) = -18.447717339287497
correctionProbability (#ЛЕНКРУЗЕР$ -> #ЛАНКРУЗЕР$) = -22.708772110250656
correctionProbability (#ЛЮБИТЕЛЬСЕ$ -> #ЛЮБИТЕЛЬСКОЕ$) = -84.82174481239511
correctionProbability (#FACEBOK$ -> #FACEBOOK$) = -9.980445725389103
correctionProbability (#ДАЧЯ$ -> #ДАЧА$) = -9.315305539412211
correctionProbability (#ЕВКАЗОЛИН$ -> #ЭВКАЗОЛИН$) = -25.08552162547422
correctionProbability (#ПОМНИШ$ -> #ПОМНИШЬ$) = -17.410392632447646
correctionProbability (#НИЧЕПОРЕНКО$ -> #НЕЧИПОРЕНКО$) = -87.7884212842531
correctionProbability (#ПОЕВЛЯЕТСЯ$ -> #ПОЯВЛЯЕТСЯ$) = -18.533602256212625
correctionProbability (#TELEGRA$ -> #TELEGRAM$) = -15.128826872149283
correctionProbability (#ВНРХНЕУРАЛЬСКЕ$ -> #ВЕРХНЕУРАЛЬСКЕ$) = -29.679683414073722
correctionProbability (#КРЕМИНАЛЬНЫЙ$ -> #КРИМИНАЛЬНЫЙ$) = -19.815637258380356
correctionProbability (#ИНЦСТ$ -> #ИНЦЕСТ$) = -9.608124187741328
correctionProbability (#ШОНЭ$ -> #ШОНЕ$) = -18.931292078207154
correctionProbability (#PONOHUB$ -> #PORNOHUB$) = -16.050534043831725
correctionProbability (#ЛЮДТ$ -> #ЛЮДИ$) = -6.992434423248405
correctionProbability (#ОВЕРЛОГА$ -> #ОВЕРЛОКА$) = -21.31986288056438
correctionProbability (#ПОПУЛРНОЕ$ -> #ПОПУЛЯРНОЕ$) = -20.936804309073445
correctionProbability (#КРЕМИНАЛЬНЫЕ$ -> #КРИМИНАЛЬНЫЕ$) = -16.812485646783706
correctionProbability (#ФОТОССЕСИИ$ -> #ФОТОСЕССИИ$) = -85.1664759788182
correctionProbability (#HPAPARAK$ -> #HRAPARAK$) = -21.788437512929356
correctionProbability (#МЕНЕНДЖМЕНТ$ -> #МЕНЕДЖМЕНТ$) = -20.021975984558345
correctionProbability (#ПЕСЧПНОКОПСКОЕ$ -> #ПЕСЧАНОКОПСКОЕ$) = -28.841566032265717
correctionProbability (#ФИЗЕКЕ$ -> #ФИЗИКЕ$) = -10.654389409160348
correctionProbability (#БЕРЕМЕНЕТЬ$ -> #ЗАБЕРЕМЕНЕТЬ$) = -85.72587535529664
correctionProbability (#ПОТРОНЫ$ -> #ПАТРОНЫ$) = -15.85944366836118
correctionProbability (#FACEBOC$ -> #FACEBOOK$) = -74.72729311712324
correctionProbability (#СЦЕНАР$ -> #СЦЕНАРИЙ$) = -77.96864813154062
correctionProbability (#ИНФОРМА$ -> #ИНФОРМАЦИИ$) = -146.87958167284935
correctionProbability (#ЙАВИТО$ -> #АВИТО$) = -5.377889239444922
correctionProbability (#ЗНААОМСТВА$ -> #ЗНАКОМСТВА$) = -10.79408444359273
correctionProbability (#STAF$ -> #STAFF$) = -18.410665439425532
correctionProbability (#ЛЮИС$ -> #ЛЬЮИС$) = -16.09619186820932
correctionProbability (#ХИЖЕНА$ -> #ХИЖИНА$) = -14.59618927689414
correctionProbability (#МАЙНКРФТЕ$ -> #МАЙНКРАФТЕ$) = -13.288366001811774
correctionProbability (#IQRALNIX$ -> #IGRALNIX$) = -34.055612377795356
correctionProbability (#ЗВОНОЕ$ -> #ЗВОНОК$) = -11.393209302001171
correctionProbability (#ДОЛЬНАБОЙЩИКИ$ -> #ДАЛЬНОБОЙЩИКИ$) = -85.03735825581596
correctionProbability (#МОЖНГО$ -> #МОЖНО$) = -7.021210266804619
correctionProbability (#ЛБЬЕМ$ -> #ОБЪЕМ$) = -75.67155867602449
correctionProbability (#СИГМЕНТЫ$ -> #СЕГМЕНТЫ$) = -20.53848698471989
correctionProbability (#ROZE$ -> #ROSE$) = -12.52734397575826
correctionProbability (#ОДНОЛАССНИКИ$ -> #ОДНОКЛАССНИКИ$) = -11.803334516339277
correctionProbability (#ФРЭНДС$ -> #ФРЕНДС$) = -14.703045852058178
correctionProbability (#РОЗБОЛТОВКА$ -> #РАЗБОЛТОВКА$) = -21.43009140628928
correctionProbability (#КУТИНКА$ -> #КРУТИНКА$) = -23.967030891949143
correctionProbability (#GEMES$ -> #GAMES$) = -9.25795886200667
correctionProbability (#ДЕРЖИНСКИЙ$ -> #ДЗЕРЖИНСКИЙ$) = -20.505267663876865
correctionProbability (#AMEAS$ -> #AMES$) = -22.791151800437035
correctionProbability (#ВКЛБЧИТЬ$ -> #ВКЛЮЧИТЬ$) = -13.153657997207908
correctionProbability (#МАНЖОНГ$ -> #МАДЖОНГ$) = -10.928467514898692
correctionProbability (#STAM$ -> #STEAM$) = -10.876734015251916
correctionProbability (#ТУСКАН$ -> #ТУССАН$) = -16.31712364270778
correctionProbability (#МУДЧИНА$ -> #МУЖЧИНА$) = -10.37102680439839
correctionProbability (#ВЫРАЩЕВАНИЕ$ -> #ВЫРАЩИВАНИЕ$) = -16.533188555228506
correctionProbability (#ЙЕНТР$ -> #ЦЕНТР$) = -5.560766318958741
correctionProbability (#КАРДАШАН$ -> #КАРДАШЬЯН$) = -81.3449068515658
correctionProbability (#ПРИКЛЫ$ -> #ПРИКОЛЫ$) = -8.916672097088245
correctionProbability (#АРКНДА$ -> #АРЕНДА$) = -7.34921285553342
correctionProbability (#ЗНАКОМЧТВА$ -> #ЗНАКОМСТВА$) = -10.789601648413004
correctionProbability (#KUCHE$ -> #KÜCHE$) = -18.700727500144037
correctionProbability (#NEVACOLOR$ -> #NOVACOLOR$) = -35.039319244283185
correctionProbability (#ОГРОБЛЕНИЕ$ -> #ОГРАБЛЕНИЕ$) = -18.067352006175796
correctionProbability (#СОВРЕМЕННЕ$ -> #СОВРЕМЕННЫЕ$) = -15.774964859476682
correctionProbability (#CАЙТ$ -> #САЙТ$) = -0.5086560067495505
correctionProbability (#ПРОШОППЕР$ -> #ПРОШОПЕР$) = -20.83342453909777
correctionProbability (#МУЛЬТЫИЛЬМЫ$ -> #МУЛЬТФИЛЬМЫ$) = -11.310752237549664
correctionProbability (#CТАТЬЯ$ -> #СТАТЬЯ$) = -10.341945815136658
correctionProbability (#ПРИКОЛЬНА$ -> #ПРИКОЛЬНАЯ$) = -19.261016767832942
correctionProbability (#МУДЧИНЕ$ -> #МУЖЧИНЕ$) = -9.799129880564074
correctionProbability (#ШОПИН$ -> #ШОПЕН$) = -12.992202635973005
correctionProbability (#СОВРЕМЕНОЕ$ -> #СОВРЕМЕННОЕ$) = -20.135799163376703
correctionProbability (#ПАДЖОРО$ -> #ПАДЖЕРО$) = -13.859540722858476
correctionProbability (#МАЛОЧНИЦА$ -> #МОЛОЧНИЦА$) = -17.714315063509574
correctionProbability (#ПРОМОКД$ -> #ПРОМОКОД$) = -13.055990655972494
correctionProbability (#WATH$ -> #WATCH$) = -11.565516469272918
correctionProbability (#ХОРОШОВО$ -> #ХОРОШЕВО$) = -19.655646053572966
correctionProbability (#БАМБОЛБИ$ -> #БАМБЛБИ$) = -18.244015731961404
correctionProbability (#ЕСПИРИТ$ -> #ЭСПИРИТ$) = -22.64972382205316
correctionProbability (#ОБЬЯСНИТЬ$ -> #ОБЪЯСНИТЬ$) = -18.121580934109573
correctionProbability (#СУПЕРДЖОБС$ -> #СУПЕРДЖОБ$) = -17.871461900170416
correctionProbability (#GRANACE$ -> #GRANICE$) = -33.11524997981246
correctionProbability (#ПШОННАЯ$ -> #ПШЕННАЯ$) = -17.377987803744446
correctionProbability (#РУСССКИХ$ -> #РУССКИХ$) = -13.251119697912706
correctionProbability (#ГОНГОРЗОЛА$ -> #ГОРГОНЗОЛА$) = -88.61683598122067
correctionProbability (#ОУБЛЮ$ -> #РУБЛЮ$) = -10.602202720264803
correctionProbability (#РАСХОДЫЫ$ -> #РАСХОДЫ$) = -14.839373093102829
correctionProbability (#ЛИТЕРРАТУРА$ -> #ЛИТЕРАТУРА$) = -17.718310731742868
correctionProbability (#ПРИКОЛЬНИ$ -> #ПРИКОЛЬНЫЕ$) = -78.05204186703173
correctionProbability (#ВЫКЛЮЧАЕТ$ -> #ВЫКЛЮЧАЕТСЯ$) = -86.30495521204077
correctionProbability (#АКТЕРВ$ -> #АКТЕРЫ$) = -8.843221836207224
correctionProbability (#ПРИВЫСИТЬ$ -> #ПРЕВЫСИТЬ$) = -26.752164532874033
correctionProbability (#АЛЬЯН$ -> #АЛЬЯНС$) = -14.158888742691548
correctionProbability (#САУЗЛА$ -> #САНУЗЛА$) = -17.767955789778597
correctionProbability (#СМТРЕЬ$ -> #СМОТРЕТЬ$) = -68.28079195463616
correctionProbability (#РЕКБИ$ -> #РЕГБИ$) = -13.44537448942955
correctionProbability (#ДОРПС$ -> #ДРОПС$) = -85.72363132691554
correctionProbability (#МИНИВЕН$ -> #МИНИВЭН$) = -17.963328498790048
correctionProbability (#СВЕХЪЕСТЕСТВЕННОЕ$ -> #СВЕРХЪЕСТЕСТВЕННОЕ$) = -22.591256242960768
correctionProbability (#РОНДЕЛ$ -> #РОНДЕЛЛ$) = -23.324122271915
correctionProbability (#ДНЕПРОПЕТРОВС$ -> #ДНЕПРОПЕТРОВСК$) = -24.58205011913863
correctionProbability (#ВЕСТР$ -> #ВЕСТЕРН$) = -80.75699421791872
correctionProbability (#DERECTX$ -> #DIRECTX$) = -15.712828506568584
correctionProbability (#СПЕЙСІС$ -> #СПЕЙСИС$) = -20.043694560777766
correctionProbability (#МУДЧИНУ$ -> #МУЖЧИНУ$) = -12.802376710607518
correctionProbability (#ВЕЛБЕРИЗ$ -> #ВЕЛБЕРИС$) = -15.706988477355594
correctionProbability (#АРЦИБАШЕВА$ -> #АРЦЫБАШЕВА$) = -28.632229955513246
correctionProbability (#ОПЕНЕНГ$ -> #ОПЕНИНГ$) = -17.458825572092934
correctionProbability (#ТЕЛЕПРОГАММА$ -> #ТЕЛЕПРОГРАММА$) = -16.544025885349427
correctionProbability (#ЕЛЕКТРИКУ$ -> #ЭЛЕКТРИКУ$) = -21.381389031013192
correctionProbability (#VALTEK$ -> #VALTEC$) = -18.16165920838441
correctionProbability (#АНВЕЙ$ -> #АМВЕЙ$) = -12.463361166288689
correctionProbability (#ХРИСТИНИ$ -> #ХРИСТИНА$) = -20.956651787914062
correctionProbability (#СОЧИТАНИЯ$ -> #СОЧЕТАНИЯ$) = -18.62633873672356
correctionProbability (#КРУЧЕННАЯ$ -> #КРУЧЕНАЯ$) = -27.2710596130529
correctionProbability (#КЛАРЕТИН$ -> #КЛАРИТИН$) = -21.208198591914233
correctionProbability (#БИАТРИС$ -> #БЕАТРИС$) = -19.062635577422448
correctionProbability (#ДЮДМИЛА$ -> #ЛЮДМИЛА$) = -11.509530868501251
correctionProbability (#СОЛЕННЫЙ$ -> #СОЛЕНЫЙ$) = -21.477307991975657
correctionProbability (#МАГИЛЕВСКАЯ$ -> #МОГИЛЕВСКАЯ$) = -20.981169824205338
correctionProbability (#ШТОНЫ$ -> #ШТАНЫ$) = -10.792778917696499
correctionProbability (#WATS$ -> #WHATS$) = -17.58634473468975
correctionProbability (#МАРШЕЛА$ -> #МАРШАЛА$) = -15.931493238690045
correctionProbability (#ФИЛМАКС$ -> #ФИЛЬМИКС$) = -84.20809845086104
correctionProbability (#НЕЙРОФИЛЫ$ -> #НЕЙТРОФИЛЫ$) = -21.51636189506224
correctionProbability (#РЕГУЛЯРНА$ -> #РЕГУЛЯРНО$) = -22.729812670943552
correctionProbability (#ПАРКЕНСОНА$ -> #ПАРКИНСОНА$) = -19.620354153878814
correctionProbability (#КОЦЮБИНСКИЙ$ -> #КОЦЮБИНСЬКИЙ$) = -28.93395942101521
correctionProbability (#СКПЗКА$ -> #СКАЗКА$) = -8.338451615415199
correctionProbability (#ЗАЧВЕИ$ -> #ЗАЯВКИ$) = -79.8722588659602
correctionProbability (#КОЛЕГИЯ$ -> #КОЛЛЕГИЯ$) = -19.050460664146378
correctionProbability (#ДОРОА$ -> #ДОРОГА$) = -10.529835753841471
correctionProbability (#СЕРЯЛ$ -> #СЕРИАЛ$) = -69.46434005144243
correctionProbability (#ВИЛЬЕВНА$ -> #ВАСИЛЬЕВНА$) = -83.72544247772115
correctionProbability (#АБЦЕС$ -> #АБСЦЕСС$) = -83.48755103010932
correctionProbability (#УЛАУ$ -> #АУЛАУ$) = -22.671506683303207
correctionProbability (#ДОМПШНЕЕ$ -> #ДОМАШНЕЕ$) = -10.589670804281326
correctionProbability (#OFE$ -> #OF$) = -5.918882548912794
correctionProbability (#ТРАТОРИЯ$ -> #ТРАТТОРИЯ$) = -23.743760931641496
correctionProbability (#ПОВЕСИТСЮ$ -> #ПОВЕСИТСЯ$) = -25.374749520979726
correctionProbability (#КРАЛОВОМУ$ -> #КОРАЛЛОВОМУ$) = -102.5805597324985
correctionProbability (#ОШЫБКИ$ -> #ОШИБКИ$) = -12.51663896872589
correctionProbability (#ОКРЛО$ -> #ОКОЛО$) = -11.851393168102202
correctionProbability (#КИНЛ$ -> #КИНО$) = -3.4838289994180123
correctionProbability (#КАЗАХСКИИ$ -> #КАЗАХСКИЙ$) = -13.126372726907135
correctionProbability (#АЛЕКУМ$ -> #АЛЕЙКУМ$) = -16.17788707250105
correctionProbability (#БОТЕРФЛЯЙ$ -> #БАТТЕРФЛЯЙ$) = -82.16142167828333
correctionProbability (#INGEGO$ -> #INTEGO$) = -20.902732939740797
correctionProbability (#КРОХМАЛ$ -> #КРАХМАЛ$) = -17.531782993385903
correctionProbability (#АКТЕРІ$ -> #АКТЕРЫ$) = -8.846650019201295
correctionProbability (#КЧАЙНАЯ$ -> #ЧАЙНАЯ$) = -17.456231883159536
correctionProbability (#КИНТ$ -> #КИНО$) = -3.493063274897942
correctionProbability (#OFJ$ -> #OF$) = -5.931706208614106
correctionProbability (#ALISIA$ -> #ALICIA$) = -17.59478616362846
correctionProbability (#КИНР$ -> #КИНО$) = -3.4846910994031575
correctionProbability (#ДЕТССКИЙ$ -> #ДЕТСКИЙ$) = -10.264004683825135
correctionProbability (#БАХРАМА$ -> #БАХРОМА$) = -18.120048506347793
correctionProbability (#СКПЗКИ$ -> #СКАЗКИ$) = -8.700803341806651
correctionProbability (#КАНТЕКСТНОЙ$ -> #КОНТЕКСТНОЙ$) = -18.793571661313052
correctionProbability (#ПАЗДРОВЛЕНИЕ$ -> #ПОЗДРАВЛЕНИЕ$) = -78.32282818313743
correctionProbability (#МОДОДАЯ$ -> #МОЛОДАЯ$) = -12.794016002642948
correctionProbability (#ДРАЙВЕП$ -> #ДРАЙВЕР$) = -10.434054157500455
correctionProbability (#ПАКИМОН$ -> #ПОКЕМОН$) = -78.28472541341496
correctionProbability (#СУБЪУКТУ$ -> #СУБЪЕКТУ$) = -25.41052551923662
correctionProbability (#ПОДЪШИПНИКА$ -> #ПОДШИПНИКА$) = -20.495486278115273
correctionProbability (#ЧУНМИН$ -> #ЧУНМЕН$) = -32.07096495674183
correctionProbability (#DEVOCEK$ -> #DEVOCHEK$) = -22.178693822218783
correctionProbability (#JURNEY$ -> #JOURNEY$) = -17.879836989865517
correctionProbability (#СПОРТЭКСПРЕС$ -> #СПОРТЭКСПРЕССС$) = -86.01762221982037
correctionProbability (#ПРАМАЯ$ -> #ПРЯМАЯ$) = -9.548489378676532
correctionProbability (#ОТКТЫТЫЙ$ -> #ОТКРЫТЫЙ$) = -13.793505063951748
correctionProbability (#ИНТОРНЕТ$ -> #ИНТЕРНЕТ$) = -5.977150451381744
correctionProbability (#КАТИГОРИИ$ -> #КАТЕГОРИИ$) = -14.531857353442213
correctionProbability (#ФОКСФОР$ -> #ФОКСФОРД$) = -17.152321590366057
correctionProbability (#ОШЫБКА$ -> #ОШИБКА$) = -10.469373285695003
correctionProbability (#ДОРОЕ$ -> #ДОБРОЕ$) = -11.029022398615762
correctionProbability (#ГИПОТИТИТЕ$ -> #ГЕПАТИТЕ$) = -219.55091916179146
correctionProbability (#МОНТИРОВСТЬ$ -> #МОНТИРОВАТЬ$) = -21.859252223716943
correctionProbability (#ЗНАКОМСЬВА$ -> #ЗНАКОМСТВА$) = -10.787274519109722
correctionProbability (#АНИМОНДЫ$ -> #АНЕМОНЫ$) = -87.44377399605072
correctionProbability (#ТАВЬО$ -> #АВТО$) = -71.22237321909745
correctionProbability (#РАШИН$ -> #РАШЕН$) = -15.537295891461302
correctionProbability (#СТАРШИИ$ -> #СТАРШИЙ$) = -15.396817155716874
correctionProbability (#ЕКАТАЛОК$ -> #ЕКАТАЛОГ$) = -17.902145651556857
correctionProbability (#БОТАЛОВА$ -> #БАТАЛОВА$) = -21.913279463204553
correctionProbability (#СКАЧЕВАТЬ$ -> #СКАЧИВАТЬ$) = -17.851338940985748
correctionProbability (#ДРЕЗДАНА$ -> #ДРЕЗДЕНА$) = -22.455528039868156
correctionProbability (#AKTIVACI$ -> #AKTIVACII$) = -35.63231623331336
correctionProbability (#ЕНИГМА$ -> #ЭНИГМА$) = -14.297223897690937
correctionProbability (#EMIX$ -> #REMIX$) = -12.91077154459273
correctionProbability (#БРАЗЗЕРС$ -> #БРАЗЕРС$) = -15.558131794124293
correctionProbability (#ЧИТКА$ -> #ЧИСТКА$) = -11.518023314415853
correctionProbability (#АЛКОТЕСТОР$ -> #АЛКОТЕСТЕР$) = -21.893913864585997
correctionProbability (#ТЕРИТОРИЮ$ -> #ТЕРРИТОРИЮ$) = -20.21653776079644
correctionProbability (#LEANING$ -> #LEARNING$) = -18.290254657754907
correctionProbability (#УТРЕННЯ$ -> #УТРЕННЯЯ$) = -15.542617983761893
correctionProbability (#ПРДЛОЖЕНИЯ$ -> #ПРЕДЛОЖЕНИЯ$) = -16.129658033544047
correctionProbability (#ФОКСФОД$ -> #ФОКСФОРД$) = -17.15682958968675
correctionProbability (#KOLOR$ -> #COLOR$) = -13.098270108947634
correctionProbability (#ЛАЙХАКИ$ -> #ЛАЙФХАКИ$) = -14.663336853447156
correctionProbability (#НЕПОГАШЕНЫЙ$ -> #НЕПОГАШЕННЫЙ$) = -38.29222492760095
correctionProbability (#ПЕРЕХОДИТИ$ -> #ПЕРЕХОДИТЬ$) = -21.657954081987235
correctionProbability (#ЗАЖИГАНИ$ -> #ЗАЖИГАНИЯ$) = -15.007950623614185
correctionProbability (#КОЛЕГИИ$ -> #КОЛЛЕГИИ$) = -20.45924620567132
correctionProbability (#ЛАПУХИ$ -> #ЛОПУХИ$) = -22.666267292063708
correctionProbability (#БУЗИНОЙ$ -> #БУЗОВОЙ$) = -78.71135123586147
correctionProbability (#ВЕРХНОГО$ -> #ВЕРХНЕГО$) = -17.93893832712528
correctionProbability (#ПЕРВЫИ$ -> #ПЕРВЫЙ$) = -7.757249572524756
correctionProbability (#ПЛОТКИ$ -> #ПЛАТКИ$) = -14.965786873445179
correctionProbability (#ШИКОЛАД$ -> #ШОКОЛАД$) = -12.829763409921064
correctionProbability (#ПАРАНКИНА$ -> #БАРАНКИНА$) = -28.3985537261753
correctionProbability (#ДЕГЬГИ$ -> #ДЕНЬГИ$) = -7.697201540285718
correctionProbability (#ПРИНЕМАТЬ$ -> #ПРИНИМАТЬ$) = -13.270261995856721
correctionProbability (#МЕНЬЁНЫ$ -> #МИНЬОНЫ$) = -79.2755194430865
correctionProbability (#RAJDENYA$ -> #ROJDENIYA$) = -85.78944250665035
correctionProbability (#ХЭЛЛОУВИН$ -> #ХЭЛЛОУИН$) = -12.741419478431709
correctionProbability (#ЕРОНИ$ -> #ЭРОНИ$) = -17.289544900955367
correctionProbability (#WATCJ$ -> #WATCH$) = -10.96452622792135
correctionProbability (#ФЕМЕЛІ$ -> #ФЭМИЛИ$) = -140.57057911605278
correctionProbability (#БАССЕНДЖИ$ -> #БАСЕНДЖИ$) = -17.982456705687618
correctionProbability (#МАДЕЛЬКИ$ -> #МОДЕЛЬКИ$) = -17.95477550254153
correctionProbability (#СВОБ$ -> #СВОЮ$) = -8.81337867317231
correctionProbability (#ТПНЕЦ$ -> #ТАНЕЦ$) = -7.795102025997355
correctionProbability (#АДМИНЕСТРАЦИЯ$ -> #АДМИНИСТРАЦИЯ$) = -16.848187360550597
correctionProbability (#СТАМОТАЛОГИИ$ -> #СТОМАТОЛОГИИ$) = -148.30615253959223
correctionProbability (#ЕВПОТОРГ$ -> #ЕВПАТОРГ$) = -24.903663884568502
correctionProbability (#ГЕНЕРАЛИ$ -> #ГЕНЕРАЛЫ$) = -17.426766594556533
correctionProbability (#ВАСЕЛЕК$ -> #ВАСИЛЕК$) = -15.33146870098389
correctionProbability (#КИИВ$ -> #КИЕВ$) = -7.51537591831617
correctionProbability (#ЛАПУХА$ -> #ЛОПУХА$) = -17.091867166965155
correctionProbability (#МОНІТОР$ -> #МОНИТОР$) = -13.06103415427939
correctionProbability (#ЕВРОПИКСЕЛЬ$ -> #ЭРОПИКСЕЛЬ$) = -96.2936305734809
correctionProbability (#КАНШИН$ -> #КАШИН$) = -18.175228558648396
correctionProbability (#ПОЛЬЖУНТСЯ$ -> #ПОЛЬЗУЕТСЯ$) = -86.3873431458828
correctionProbability (#ТЕСТОР$ -> #ТЕСТЕР$) = -15.31093781732385
correctionProbability (#ИСОП$ -> #ИССОП$) = -19.75619201259281
correctionProbability (#САЯЗЬ$ -> #СВЯЗЬ$) = -10.031371511507249
correctionProbability (#ХМЕЛЬНИЦЬКОІ$ -> #ХМЕЛЬНИЦЬКОЇ$) = -27.12857308323681
correctionProbability (#МИЛФИ$ -> #МИЛФЫ$) = -14.19323795836397
correctionProbability (#БРЛЬШОМ$ -> #БОЛЬШОМ$) = -13.07189870203468
correctionProbability (#ПРИВЛЕЧЕМ$ -> #ПРИВЛЕЧЕНИЕ$) = -151.21908257460808
correctionProbability (#БЫСТОРО$ -> #БЫСТРО$) = -11.47180556653323
correctionProbability (#УКЕРГОВ$ -> #УКРГОУ$) = -87.6819546685111
correctionProbability (#ВАЙТБЕРИС$ -> #ВАЙБЕРИС$) = -19.189403119111013
correctionProbability (#ЖЕЛТЕЗНУ$ -> #ЖЕЛТИЗНУ$) = -22.326145427904777
correctionProbability (#КАРЬЫ$ -> #КАРТЫ$) = -5.97422676782395
correctionProbability (#ИЕГАФОН$ -> #МЕГАФОН$) = -9.155428126573284
correctionProbability (#АВТОМОТИЧЕСКИ$ -> #АВТОМАТИЧЕСКИ$) = -22.784064767729987
correctionProbability (#ГУНГЛ$ -> #ГУГЛ$) = -5.472059218985979
correctionProbability (#ЛИУВИДАЦИИ$ -> #ЛИКВИДАЦИИ$) = -17.904429776972023
correctionProbability (#СРЕСОВКА$ -> #СРИСОВКА$) = -16.983235903924466
correctionProbability (#СВНУ$ -> #СЫНУ$) = -11.611790972195056
correctionProbability (#КРЕАТИВНИЙ$ -> #КРЕАТИВНЫЙ$) = -20.40014922206212
correctionProbability (#ПРИДМЕТА$ -> #ПРЕДМЕТА$) = -17.16137972201674
correctionProbability (#МЕРФІ$ -> #МЕРФИ$) = -15.074265524050706
correctionProbability (#МАНИК$ -> #МАННИК$) = -14.933364748438887
correctionProbability (#HETAI$ -> #HENTAI$) = -12.149092531016496
correctionProbability (#ЛКТЯБРБ$ -> #ОКТЯБРЬ$) = -74.26708536604589
correctionProbability (#МАССАЛА$ -> #МАСАЛА$) = -22.750061176353398
correctionProbability (#СИМАК$ -> #СЕМАК$) = -15.627889692964157
correctionProbability (#ИНСПЕЦИЯ$ -> #ИНСПЕКЦИЯ$) = -14.842403848232102
correctionProbability (#САЯЗИ$ -> #СВЯЗИ$) = -9.400001271439873
correctionProbability (#ВАЙТБЕРИЗ$ -> #ВАЙЛДБЕРРИЗ$) = -144.50977663968192
correctionProbability (#OFV$ -> #OF$) = -5.931395263337972
correctionProbability (#SPREMANCY$ -> #SUPREMACY$) = -92.8968383593038
correctionProbability (#ОТКЛЮЧАЕТЬСЯ$ -> #ОТКЛЮЧАЕТСЯ$) = -23.498839017025027
correctionProbability (#BENEHART$ -> #BENEHEART$) = -35.61274587297253
correctionProbability (#ПАСИВНЫЕ$ -> #ПАССИВНЫЕ$) = -23.713236172266257
correctionProbability (#ПРИДМЕТИ$ -> #ПРЕДМЕТЫ$) = -78.44928144284829
correctionProbability (#ВЫЧЕТАТЬ$ -> #ВЫЧИТАТЬ$) = -22.154800949094202
correctionProbability (#ОБРАЗУЮТЬСЯ$ -> #ОБРАЗУЮТСЯ$) = -22.942153187042145
correctionProbability (#ПРЕСТОЛОВО$ -> #ПРЕСТОЛОВ$) = -14.103656714172338
correctionProbability (#ЗИМАНИНА$ -> #ЗИМОНИНА$) = -33.70736269861228
correctionProbability (#БИОГРФИЯ$ -> #БИОГРАФИЯ$) = -10.978364978059844
correctionProbability (#ПАЛАЕТ$ -> #ПАДАЕТ$) = -13.938348710510791
correctionProbability (#РЕШЕЬА$ -> #РЕШЕБА$) = -13.352222254494091
correctionProbability (#КОЛОКОЛЬЦИК$ -> #КОЛОКОЛЬЧИК$) = -19.42872391887211
correctionProbability (#ЛЮБВ$ -> #ЛЮБВИ$) = -7.868195101577825
correctionProbability (#ARIFLAME$ -> #ORIFLAME$) = -18.524463202745473
correctionProbability (#БЫВЩИЙ$ -> #БЫВШИЙ$) = -13.968434391854128
correctionProbability (#КУБИЗУМИЕ$ -> #КУБЕЗУМИЕ$) = -22.602132880084987
correctionProbability (#КААРТИНКИ$ -> #КАРТИНКИ$) = -7.186752112559837
correctionProbability (#ПОКІЙНИК$ -> #ПОКОЙНИК$) = -18.74863171062195
correctionProbability (#ОНЛЙН$ -> #ОНЛАЙН$) = -1.2346008804961954
correctionProbability (#СЕКЮРИТИ$ -> #СЕКЬЮРИТИ$) = -19.613466041135773
correctionProbability (#МЛАДЬШЕ$ -> #МЛАДШЕ$) = -19.303015495692964
correctionProbability (#БАСКАРУ$ -> #БАСҚАРУ$) = -18.224753959365366
correctionProbability (#КРАМНОЯРСК$ -> #КРАСНОЯРСК$) = -11.54658697566581
correctionProbability (#ШОТЛАНСКИЙ$ -> #ШОТЛАНДСКИЙ$) = -22.404234374181343
correctionProbability (#ИСТОИЮ$ -> #ИСТОРИЮ$) = -14.62091041835145
correctionProbability (#ПРЦЕНТОВ$ -> #ПРОЦЕНТОВ$) = -15.155285414384636
correctionProbability (#ПОВИЛЬОН$ -> #ПАВИЛЬОН$) = -17.908761921283123
correctionProbability (#МАЛИФЕЦЕНТА$ -> #МАЛЕФИСЕНТА$) = -143.34540209398298
correctionProbability (#БРЮСЕЛЬ$ -> #БРЮССЕЛЬ$) = -19.83916557495865
correctionProbability (#АОЕНКОМАТ$ -> #ВОЕНКОМАТ$) = -16.80005329341123
correctionProbability (#ПЕДОГОГИ$ -> #ПЕДАГОГИ$) = -19.763005949332047
correctionProbability (#СОВРЕМЕНОМ$ -> #СОВРЕМЕННОМ$) = -18.217411240103807
correctionProbability (#ЗОЛОТЫ$ -> #ЗОЛОТЫЕ$) = -12.834824575230122
correctionProbability (#ЖАХАНГИР$ -> #ЖАХОНГИР$) = -21.021463159564426
correctionProbability (#ВАХРОМЕЙКА$ -> #ВАХРОМЕЕВА$) = -91.97185086515543
correctionProbability (#ПАРОЬ$ -> #ПАРОЛЬ$) = -11.193833473684709
correctionProbability (#СФИЛЬМ$ -> #ФИЛЬМ$) = -3.6461505894656945
correctionProbability (#АВТОРЫА$ -> #АВТОРИА$) = -13.232030615273239
correctionProbability (#КОЛЕКЦИОННЫЕ$ -> #КОЛЛЕКЦИОННЫЕ$) = -25.18908557221576
correctionProbability (#КАРЬУ$ -> #КАРТУ$) = -7.652647162133537
correctionProbability (#ВЕРЕСТ$ -> #ЭВЕРЕСТ$) = -13.239045368178225
correctionProbability (#СПИТТЕСТ$ -> #СПИДТЕСТ$) = -14.525683402321242
correctionProbability (#ВИДЛЕО$ -> #ВИДЕО$) = -4.223249537807082
correctionProbability (#TELLSON$ -> #STRELLSON$) = -90.96577621472359
correctionProbability (#ИНЦНТ$ -> #ИНЦЕСТ$) = -74.3428720979383
correctionProbability (#СТОЙМОСТЬ$ -> #СТОИМОСТЬ$) = -9.407908176082344
correctionProbability (#ЛКТЯБРЯ$ -> #ОКТЯБРЯ$) = -8.437742533457268
correctionProbability (#КОКТЕЛЕЙ$ -> #КОКТЕЙЛЕЙ$) = -20.740637303176307
correctionProbability (#АЛЛОЕ$ -> #АЛОЭ$) = -79.0031830882575
correctionProbability (#ГРУПОВУХИ$ -> #ГРУППОВУХА$) = -83.30175280542416
correctionProbability (#ЗЕЛОНЫЙ$ -> #ЗЕЛЕНЫЙ$) = -11.66147466965866
correctionProbability (#REBMI$ -> #REDMI$) = -10.22368298051261
correctionProbability (#СМАРТФОНІ$ -> #СМАРТФОНЫ$) = -14.89212899426851
correctionProbability (#МАККРЕГОР$ -> #МАКГРЕГОР$) = -16.506539102521536
correctionProbability (#ПЕДОГОГА$ -> #ПЕДАГОГА$) = -15.268189025346373
correctionProbability (#ДОСТОПРИМЕЧАТОЛЬНОСТИ$ -> #ДОСТОПРИМЕЧАТЕЛЬНОСТИ$) = -24.953855210473975
correctionProbability (#СОСИАВ$ -> #СОСТАВ$) = -9.357940007804505
correctionProbability (#ФОДЬКСВАГЕН$ -> #ФОЛЬКСВАГЕН$) = -14.094493189269585
correctionProbability (#АСУАТ$ -> #АКСУАТ$) = -22.613451463256993
correctionProbability (#ПРИБОРИ$ -> #ПРИБОРЫ$) = -13.783906192492793
correctionProbability (#ХХВИДЕО$ -> #ХВИДЕО$) = -17.703512544489914
correctionProbability (#ПОРВАНАЯ$ -> #ПОРВАННАЯ$) = -26.513524342257845
correctionProbability (#REDTUDE$ -> #REDTUBE$) = -14.607895433017518
correctionProbability (#STEA$ -> #STEAM$) = -10.886628837102048
correctionProbability (#МШИНУ$ -> #МАШИНУ$) = -9.815039330606222
correctionProbability (#ЮДИЯ$ -> #ЮЛИЯ$) = -8.11338710456355
correctionProbability (#СИМБЛ$ -> #СИМБОЛ$) = -18.147746084883824
correctionProbability (#ДАФІ$ -> #ДАФИ$) = -17.379283083693057
correctionProbability (#ОБНАЖОНКА$ -> #ОБНАЖЕНКА$) = -20.277401505483304
correctionProbability (#ДЕРЖИНСКОМ$ -> #ДЗЕРЖИНСКОМ$) = -23.931984810282096
correctionProbability (#ЗАЯКИ$ -> #ЗАЯВКИ$) = -15.701819802398955
correctionProbability (#КУНДЕИЛИК$ -> #КҮНДЕЛІК$) = -141.33988746008788
correctionProbability (#КОЛОНХОЕ$ -> #КАЛАНХОЭ$) = -146.86088572564557
correctionProbability (#КОВПАКИ$ -> #КОЛПАКИ$) = -16.32159471076958
correctionProbability (#АПТНКАХ$ -> #АПТЕКАХ$) = -12.63447058681757
correctionProbability (#ВОССТОНОВЛЕНИЕ$ -> #ВОССТАНОВЛЕНИЕ$) = -19.113705911741974
correctionProbability (#ШОТЛАНСКИЕ$ -> #ШОТЛАНДСКИЕ$) = -22.082451993921012
correctionProbability (#CALLEREYA$ -> #GALEREYA$) = -90.32007622793554
correctionProbability (#ВЫХОДНЫЙ$ -> #ВЫХОДНЫЕ$) = -12.670523142284821
correctionProbability (#РЫГАТЬ$ -> #ПРЫГАТЬ$) = -18.79543676864401
correctionProbability (#НПРЬЯН$ -> #НАРЬЯН$) = -15.730976428506846
correctionProbability (#ТАПАЧКАМ$ -> #ТАПОЧКАМ$) = -26.331582409438788
correctionProbability (#БРЮСЕЛЕ$ -> #БРЮССЕЛЕ$) = -21.632352835212792
correctionProbability (#ЖЕТЛАЙН$ -> #ДЕДЛАЙН$) = -84.9396003684179
correctionProbability (#КОРЧАКОВСКАЯ$ -> #КОРСАКОВСКАЯ$) = -31.497096388492402
correctionProbability (#РЕСТОРА$ -> #РЕСТОРАН$) = -11.499955477062954
correctionProbability (#РОБЛОЕС$ -> #РОБЛОКС$) = -7.338792692896959
correctionProbability (#КАРЬЕ$ -> #КАРТЕ$) = -6.9923460013797545
correctionProbability (#СЕВЕРЕДОНЕТСКЕ$ -> #СЕВЕРОДОНЕЦКЕ$) = -157.02477738233085
correctionProbability (#АККОМПОНЕМЕНТ$ -> #АККОМПАНЕМЕНТ$) = -27.743709537610968
correctionProbability (#24VIDE$ -> #24VIDEO$) = -16.85477794820872
correctionProbability (#НАТЮРМОРД$ -> #НАТЮРМОРТ$) = -15.376177407921766
correctionProbability (#ОНЛИН$ -> #ОНЛАЙН$) = -65.98307384722524
correctionProbability (#ПЕРЕГОРОДЧНИЕ$ -> #ПЕРЕГОРОДОЧНЫЕ$) = -94.89956469840263
correctionProbability (#ЛЮДЙ$ -> #ЛЮДЕЙ$) = -8.865927815484984
correctionProbability (#GUST$ -> #JUST$) = -11.799088847236074
correctionProbability (#MMAIL$ -> #MAIL$) = -9.338420736702819
correctionProbability (#ПАРНЧ$ -> #ПАРНЯ$) = -10.212132745203522
correctionProbability (#САКАЧАТЬ$ -> #СКАЧАТЬ$) = -4.998021794569743
correctionProbability (#ЦЫКАДА$ -> #ЦИКАДА$) = -19.742984356726783
correctionProbability (#ЬЁШ$ -> #ПЬЁШЬ$) = -88.90871456473607
correctionProbability (#ПОРНОСАЕТА$ -> #ПОРНОСВЕТА$) = -17.647320051411448
correctionProbability (#МАРИНОВАНЫХ$ -> #МАРИНОВАННЫХ$) = -24.425296740077748
correctionProbability (#ИНЖИНЕРНОЕ$ -> #ИНЖЕНЕРНОЕ$) = -20.468713832388424
correctionProbability (#ОЗРН$ -> #ОЗОН$) = -6.775144953408702
correctionProbability (#ГРАЖДАНИ$ -> #ГРАЖДАНИН$) = -16.902168147479664
correctionProbability (#OIF$ -> #OF$) = -5.915169382549475
correctionProbability (#STER$ -> #STAR$) = -9.846151606419834
correctionProbability (#РИЦАРЯ$ -> #РЫЦАРЯ$) = -14.822456623739779
correctionProbability (#ЛЮДЕ$ -> #ЛЮДЕЙ$) = -8.835993255866402
correctionProbability (#ЛОЩАДИ$ -> #ЛОШАДИ$) = -12.367963035741564
correctionProbability (#ЩАРИК$ -> #ШАРИК$) = -10.806560414680408
correctionProbability (#КРАСКАПУЛЬТ$ -> #КРАСКОПУЛЬТ$) = -21.779230166313724
correctionProbability (#РАЗЕМЫ$ -> #РАЗЪЕМЫ$) = -19.246084253684366
correctionProbability (#СИГМАВИДНОЙ$ -> #СИГМОВИДНОЙ$) = -23.197539416245476
correctionProbability (#ОЗРО$ -> #ОЗЕРО$) = -10.23065579136006
correctionProbability (#ФИЗКУЛЬМИНУТКА$ -> #ФИЗКУЛЬТМИНУТКА$) = -25.864888829582853
correctionProbability (#ИНВИНТРО$ -> #ИНВИТРО$) = -15.760998911290713
correctionProbability (#ГУАНДЖОУ$ -> #ГУАНЧЖОУ$) = -18.841350092237725
correctionProbability (#ДРИВЕР$ -> #ДРАЙВЕР$) = -75.77142048443737
correctionProbability (#ЛИДУТ$ -> #ЛИЖУТ$) = -14.368119420499486
correctionProbability (#ГОДО$ -> #ГОДА$) = -3.591322431237817
correctionProbability (#МЕРТИ$ -> #СМЕРТИ$) = -9.980262600760152
correctionProbability (#ВОРЛДСКИЛС$ -> #ВОРЛДСКИЛЛС$) = -22.051021592578373
correctionProbability (#САЛЮТАБ$ -> #СОЛЮТАБ$) = -15.497282447935014
correctionProbability (#НИТРАЛКА$ -> #НЕЙТРАЛКА$) = -100.01475890020855
correctionProbability (#ФАЙРМОНТ$ -> #ФАИРМОНТ$) = -26.90782378531825
correctionProbability (#РОМАДА$ -> #РАМАДА$) = -17.9573220789422
correctionProbability (#ВЕЛВЕТ$ -> #ВЕЛЬВЕТ$) = -18.35389721955326
correctionProbability (#ПАРНЬ$ -> #ПАРЕНЬ$) = -10.508106186061855
correctionProbability (#КЛАСИЧЕСКИЙ$ -> #КЛАССИЧЕСКИЙ$) = -17.37941660814593
correctionProbability (#ЭССЭ$ -> #ЭССЕ$) = -10.612420660867802
correctionProbability (#ЛЕМУРРРР$ -> #ЛЕМУРРР$) = -23.47985782169461
correctionProbability (#ОКТЯЬРЕ$ -> #ОКТЯБРЕ$) = -10.72044215289678
correctionProbability (#ОТБОРИЧНИЙ$ -> #ОТБОРОЧНЫЙ$) = -83.1044770286417
correctionProbability (#ФАКУЛЬТЕТИ$ -> #ФАКУЛЬТЕТЫ$) = -18.343920790845743
correctionProbability (#ПАЛАДА$ -> #ПАЛЛАДА$) = -20.08832011845623
correctionProbability (#ОСКНЬ$ -> #ОСЕНЬ$) = -5.429271441875063
correctionProbability (#РУЧЬЕИ$ -> #РУЧЕЙ$) = -82.37672705668774
correctionProbability (#СВПЬ$ -> #СЫПЬ$) = -12.622220454154832
correctionProbability (#ДАНСКОЙ$ -> #ДОНСКОЙ$) = -15.546583531424218
correctionProbability (#КАПИЛЯРНЫЙ$ -> #КАПИЛЛЯРНЫЙ$) = -27.553469690951772
correctionProbability (#ВАКАНЬСИИ$ -> #ВАКАНСИИ$) = -10.625552899888667
correctionProbability (#ГОДЗ$ -> #ГДЗ$) = -6.028627926285804
correctionProbability (#КАРНОВАЛЬНАЯ$ -> #КАРНАВАЛЬНАЯ$) = -22.92671020101033
correctionProbability (#СТАФИЛАКОК$ -> #СТАФИЛОКОКК$) = -85.8136957804195
correctionProbability (#ВОССТОНОВЛЕНИЯ$ -> #ВОССТАНОВЛЕНИЯ$) = -21.751346858042062
correctionProbability (#ГОДИ$ -> #ГОДЫ$) = -9.751222606924383
correctionProbability (#ГОСТИНЦИЦЫ$ -> #ГОСТИНИЦЫ$) = -16.552473384944058
correctionProbability (#ОКТЯЬРЬ$ -> #ОКТЯБРЬ$) = -9.47684820426776
correctionProbability (#ИМТИМ$ -> #ИНТИМ$) = -10.313984327479279
correctionProbability (#ВОФКА$ -> #ВОФФКА$) = -21.306788841552102
correctionProbability (#МАНЬКРАВТ$ -> #МАЙНКРАФТ$) = -140.47577141235908
correctionProbability (#ELDARADO$ -> #ELDORADO$) = -16.292359707752695
correctionProbability (#КУННИЛИНГУСА$ -> #КУНИЛИНГУСА$) = -25.37061337582263
correctionProbability (#ЛЮДІ$ -> #ЛЮДИ$) = -6.980898375030648
correctionProbability (#ПАРНБ$ -> #ПАРНЮ$) = -11.464898848833567
correctionProbability (#ПАВОРОТ$ -> #ПОВОРОТ$) = -13.056765449051035
correctionProbability (#ЛЕЧЕНИК$ -> #ЛЕЧЕНИЕ$) = -7.115481452215818
correctionProbability (#СИМВО$ -> #СИМВОЛ$) = -11.558467023511657
correctionProbability (#ПРОХОЖЕНИЕ$ -> #ПРОХОЖДЕНИЕ$) = -14.646302754798825
correctionProbability (#АЛЬБМЫ$ -> #АЛЬБОМЫ$) = -14.445242258946067
correctionProbability (#ЧАГИНГТОН$ -> #ЧАГГИНГТОН$) = -22.85677901983454
correctionProbability (#КАТЛЕТЫ$ -> #КОТЛЕТЫ$) = -12.153425200924886
correctionProbability (#НУМЕРТЛОГИЯ$ -> #НУМЕРОЛОГИЯ$) = -18.334295042043088
correctionProbability (#ДРАЙВКР$ -> #ДРАЙВЕР$) = -10.439861953347467
correctionProbability (#МАССАЖИСКИ$ -> #МАССАЖИСТКИ$) = -20.72420353347387
correctionProbability (#РЕКЕР$ -> #РИКЕР$) = -15.890731272529653
correctionProbability (#СТОЕТЬ$ -> #СТОИТ$) = -73.74060108240528
correctionProbability (#АУДО$ -> #АУДИО$) = -11.69077798938999
correctionProbability (#ЧКАК$ -> #КАК$) = -1.634963931477234
correctionProbability (#ГРАНЛ$ -> #ГРАНД$) = -9.792423503880588
correctionProbability (#INCEZT$ -> #INCEST$) = -14.145110242012056
correctionProbability (#АНУДЕКС$ -> #ЯНДЕКС$) = -69.50855671515265
correctionProbability (#РАЗЕМА$ -> #РАЗЪЕМА$) = -18.537769705892785
correctionProbability (#ИЕЛЕФОНА$ -> #ТЕЛЕФОНА$) = -9.839591202575292
correctionProbability (#ЖЕЛАНТ$ -> #ЖЕЛАЕТ$) = -18.759158325506252
correctionProbability (#ГРОЗНЫ$ -> #ГРОЗНЫЙ$) = -14.712933191670771
correctionProbability (#ПЕРМАНЕНТЫЙ$ -> #ПЕРМАНЕНТНЫЙ$) = -21.505273301320678
correctionProbability (#ПАКАЗЫВАЕТ$ -> #ПОКАЗЫВАЕТ$) = -15.774887677055581
correctionProbability (#БЕСКВИТ$ -> #БИСКВИТ$) = -15.273695038065974
correctionProbability (#ГАБАНО$ -> #ГАББАНА$) = -81.23957872947192
correctionProbability (#ИМИГРАНТЫ$ -> #ЭМИГРАНТЫ$) = -23.155864875801974
correctionProbability (#ГРИПФЕРОН$ -> #ГРИППФЕРОН$) = -23.845781986395252
correctionProbability (#АНГГЛИЙСКОМ$ -> #АНГЛИЙСКОМ$) = -14.4886819171562
correctionProbability (#ПРАЗДНТК$ -> #ПРАЗДНИК$) = -10.905758978922663
correctionProbability (#ЧЕБАКСАРЫ$ -> #ЧЕБОКСАРЫ$) = -12.76379266015691
correctionProbability (#ОПЕРАТО$ -> #ОПЕРАТОР$) = -12.702829238984378
correctionProbability (#РОБЛОГС$ -> #РОБЛОКС$) = -7.344910409138059
correctionProbability (#АКВИТО$ -> #АВИТО$) = -5.346306106588155
correctionProbability (#ЭСТЬ$ -> #ЕСТЬ$) = -6.6206473712044875
correctionProbability (#ПЛАШАДКА$ -> #ПЛОЩАДКА$) = -78.00681358236257
correctionProbability (#АУДІ$ -> #АУДИ$) = -8.514522836921415
correctionProbability (#ВИСОКОМ$ -> #ВЫСОКОМ$) = -14.562239825840834
correctionProbability (#АККОМПОНЕМЕНТА$ -> #АККОМПАНЕМЕНТА$) = -33.76136533496333
correctionProbability (#CURELT$ -> #CUREIT$) = -16.299497561941553
correctionProbability (#МЕГАЫОН$ -> #МЕГАФОН$) = -9.137774405279593
correctionProbability (#КОНМПЕКТ$ -> #КОНСПЕКТ$) = -11.629446459274341
correctionProbability (#ЛЕЧЕНИЧ$ -> #ЛЕЧЕНИЯ$) = -12.02610600459542
correctionProbability (#ДОГОВАР$ -> #ДОГОВОР$) = -10.06737102930677
correctionProbability (#SURVIVA$ -> #SURVIVAL$) = -17.10247126290667
correctionProbability (#РАМШТЕЙН$ -> #РАМШТАЙН$) = -14.762911821006092
correctionProbability (#КАРАЧИНЦЕВ$ -> #КАРАЧЕНЦОВ$) = -83.30238111126584
correctionProbability (#WASSAP$ -> #WHATSAPP$) = -143.01025662024017
correctionProbability (#ФEЙСБУК$ -> #ФЕЙСБУК$) = -7.073367463697906
correctionProbability (#ФОЛЬМЫ$ -> #ФИЛЬМЫ$) = -3.613166075769051
correctionProbability (#БРОСЛЕТА$ -> #БРАСЛЕТА$) = -18.70656484927037
correctionProbability (#FREGATE$ -> #FRIGATE$) = -19.402640207176333
correctionProbability (#СТРАНЫЙ$ -> #СТРАННЫЙ$) = -18.12945532124167
correctionProbability (#ГРЕИТСЯ$ -> #ГРЕЕТСЯ$) = -17.322667890916804
correctionProbability (#АЛЬБАРАБЕЛЛА$ -> #АЛЬБЕРОБЕЛЛО$) = -158.64983364411512
correctionProbability (#НАЧИЛИ$ -> #НАЧАЛИ$) = -15.376468280324541
correctionProbability (#СТІРАЛЬНА$ -> #СТИРАЛЬНАЯ$) = -80.59288609465297
correctionProbability (#ВАФЕЙС$ -> #ВАРФЕЙС$) = -10.995935869673147
correctionProbability (#БОННЫ$ -> #БОНЫ$) = -18.645568291310543
correctionProbability (#КАТЛЕТИ$ -> #КОТЛЕТИ$) = -23.441275837874294
correctionProbability (#РУСССКОЕ$ -> #РУССКОЕ$) = -9.83707682435913
correctionProbability (#БОЛГАНДА$ -> #БОЛҒАНДА$) = -26.246479302235848
correctionProbability (#HEARTU$ -> #HEARTY$) = -22.14953505848112
correctionProbability (#СТРАНЫЕ$ -> #СТРАННЫЕ$) = -14.647252272731073
correctionProbability (#ЦЫКАВЫ$ -> #ЦІКАВІ$) = -80.85614779216132
correctionProbability (#МУЛЬТСЕРІАЛ$ -> #МУЛЬТСЕРИАЛ$) = -17.899174563200276
correctionProbability (#КАПИЛЯРНЫЕ$ -> #КАПИЛЛЯРНЫЕ$) = -27.869616793509692
correctionProbability (#АВИЬО$ -> #АВИТО$) = -2.856655298787576
correctionProbability (#МЕРХЛЯК$ -> #МЕРЗЛЯК$) = -10.809918228669837
correctionProbability (#ФИСМАН$ -> #ФИССМАН$) = -21.59478473139162
correctionProbability (#ЗАПИСАТЬС$ -> #ЗАПИСАТЬСЯ$) = -15.371221245279067
correctionProbability (#ШУБЕР$ -> #ШУБЕРТ$) = -16.97812722228959
correctionProbability (#ГРОМЫКА$ -> #ГРОМЫКО$) = -19.899390933268478
correctionProbability (#СПРОВЕДЛИВОСТИ$ -> #СПРАВЕДЛИВОСТИ$) = -21.008110096123282
correctionProbability (#РУСССКОЙ$ -> #РУССКОЙ$) = -13.38097801448805
correctionProbability (#ВЯЗНИКТ$ -> #ВЯЗНИКИ$) = -17.7176050451843
correctionProbability (#ДЕНЯГ$ -> #ДЕНЕГ$) = -8.54667868224396
correctionProbability (#ВАККУМНЫЙ$ -> #ВАКУУМНЫЙ$) = -16.816456333741392
correctionProbability (#ВЕТИЛИРУЕМОГО$ -> #ВЕНТИЛИРУЕМОГО$) = -28.548781397906218
correctionProbability (#ЭЛИМЕНТАМИ$ -> #ЭЛЕМЕНТАМИ$) = -18.65729460241682
correctionProbability (#УКРАМНА$ -> #УКРАИНА$) = -7.867300623055833
correctionProbability (#АЛЬБОИ$ -> #АЛЬБОМ$) = -11.485370276196438
correctionProbability (#МЕРТО$ -> #МЕТРО$) = -74.13133408255673
correctionProbability (#ТАДЖИКСИКИЙ$ -> #ТАДЖИКСКИЙ$) = -22.43323401781042
correctionProbability (#КРОССОВКМ$ -> #КРОССОВКИ$) = -12.88992085111601
correctionProbability (#ПИДКЛЮЧИТЬ$ -> #ПОДКЛЮЧИТЬ$) = -13.626968273932725
correctionProbability (#ОБНОЖЙОННОЙ$ -> #ОБНАЖЕННОЙ$) = -153.6173126782098
correctionProbability (#КИЙВ$ -> #КИЇВ$) = -12.019306624678489
correctionProbability (#ТЕТРАЕДР$ -> #ТЕТРАЭДР$) = -20.174629743671296
correctionProbability (#СВОЦ$ -> #СВОЙ$) = -8.817193196908075
correctionProbability (#ДОСТРОМЕЧАТЕЛЬНОСТИ$ -> #ДОСТОПРИМЕЧАТЕЛЬНОСТИ$) = -155.653402941983
correctionProbability (#РРАСПИСАНИЕ$ -> #РАСПИСАНИЕ$) = -12.13646507215713
correctionProbability (#СТПНИЦА$ -> #СТАНИЦА$) = -14.174660750535608
correctionProbability (#CСПОРТС$ -> #СПОРТС$) = -14.283320822203589
correctionProbability (#ЫСЕ$ -> #ВСЕ$) = -1.150773426617814
correctionProbability (#МЕСТОРОДДЕНИЕ$ -> #МЕСТОРОЖДЕНИЕ$) = -22.314631307221816
correctionProbability (#ГОРОХОВНЦ$ -> #ГОРОХОВЕЦ$) = -21.6053557818391
correctionProbability (#АНАЛИЩЕ$ -> #АНАЛИЗЕ$) = -16.260218981612667
correctionProbability (#FILMAX$ -> #FILMIX$) = -16.499772704025002
correctionProbability (#ХРОШЕМ$ -> #ХОРОШЕМ$) = -5.919741965720915
correctionProbability (#УКРПШЕНРЕ$ -> #УКРАШЕНИЕ$) = -79.29341098113296
correctionProbability (#МАРИНОВАНЫЙ$ -> #МАРИНОВАННЫЙ$) = -21.731772338968135
correctionProbability (#ПОСЛУЩАТЬ$ -> #ПОСЛУШАТЬ$) = -15.682656791062918
correctionProbability (#САОАТОВ$ -> #САРАТОВ$) = -9.470347881352353
correctionProbability (#ОАЙОН$ -> #РАЙОН$) = -6.499422209571588
correctionProbability (#ТУРГЕНЬЕВА$ -> #ТУРГЕНЕВА$) = -19.838552390077716
correctionProbability (#ЭДРПОУ$ -> #ЄДРПОУ$) = -19.99675350081272
correctionProbability (#ИГРОВЫЙ$ -> #ИГРОВЫЕ$) = -11.649842758035007
correctionProbability (#ВЫЛЕЛЕНИЯ$ -> #ВЫДЕЛЕНИЯ$) = -15.83377703056231
correctionProbability (#ПОЛИКОРБОНАТА$ -> #ПОЛИКАРБОНАТА$) = -19.29800334507489
correctionProbability (#КОМПАНТЯ$ -> #КОМПАНИЯ$) = -10.254193636967855
correctionProbability (#ТОПЛЕВНЫЕ$ -> #ТОПЛИВНЫЕ$) = -18.721439054317045
correctionProbability (#ДОРОНКИН$ -> #ДОРОНЬКИН$) = -25.087405863040857
correctionProbability (#ГАРЯЧАЯ$ -> #ГОРЯЧАЯ$) = -12.635641271915503
correctionProbability (#ЮРИДИЧИСКИЕ$ -> #ЮРИДИЧЕСКИЕ$) = -18.715815926757188
correctionProbability (#ЛОМИК$ -> #ДОМИК$) = -9.689643633138079
correctionProbability (#ОКЕОНАРИУМ$ -> #ОКЕАНАРИУМ$) = -18.762473914289608
correctionProbability (#ЗАПИСАТЬЯ$ -> #ЗАПИСАТЬСЯ$) = -15.332302205279426
correctionProbability (#МАРИНОВАНЫЕ$ -> #МАРИНОВАННЫЕ$) = -20.11450943073337
correctionProbability (#КАРЮК$ -> #КАРПЮК$) = -16.232709838946537
correctionProbability (#МАЙГКРАФТ$ -> #МАЙНКРАФТ$) = -7.97473707794132
correctionProbability (#СБАКУ$ -> #СОБАКУ$) = -12.619664442389617
correctionProbability (#ДЕРЕВЕНЧЕНКО$ -> #ДЕРЕВЯНЧЕНКО$) = -18.02039450581738
correctionProbability (#ОЗОТ$ -> #АЗОТ$) = -14.973659559717763
correctionProbability (#ХОЗЯЙСВУ$ -> #ХОЗЯЙСТВУ$) = -21.07107563864772
correctionProbability (#HEARTH$ -> #HEART$) = -15.165029949939818
correctionProbability (#БЫСТПО$ -> #БЫСТРО$) = -9.002104078429749
correctionProbability (#НЕТФЛЕКС$ -> #НЕТФЛИКС$) = -17.66079776786532
correctionProbability (#ВОЛОЕМОВ$ -> #ВОДОЕМОВ$) = -15.615906558530313
correctionProbability (#ДАРЬ$ -> #ДАРЬЯ$) = -10.450303329433748
correctionProbability (#ГІСМАТЕО$ -> #ГІСМЕТЕО$) = -20.780410284570138
correctionProbability (#АЛЬФО$ -> #АЛЬФА$) = -7.667381538546483
correctionProbability (#ЧЕРКЕСКЕ$ -> #ЧЕРКЕССКЕ$) = -20.57564513362655
correctionProbability (#РИЛОЖЕНИЕ$ -> #ПРИЛОЖЕНИЕ$) = -13.863332376217848
correctionProbability (#ГЕСМЕТЕО$ -> #ГИСМЕТЕО$) = -8.236638139866443
correctionProbability (#РОЖДЕНИЯЯ$ -> #РОЖДЕНИЯ$) = -9.252925856757571
correctionProbability (#МАНГП$ -> #МАНГА$) = -9.685982271030472
correctionProbability (#ФЕВРАЛ$ -> #ФЕВРАЛЯ$) = -14.842635757293095
correctionProbability (#МАДНЕС$ -> #МАДНЕСС$) = -24.94172288144601
correctionProbability (#ДАРЯ$ -> #ДАРЬЯ$) = -10.395250752464012
correctionProbability (#ЛОШОДЬ$ -> #ЛОШАДЬ$) = -12.373371751932655
correctionProbability (#ЕЛЬЗА$ -> #ЭЛЬЗА$) = -12.31262666392431
correctionProbability (#CKACHAT$ -> #SKACHAT$) = -11.640429811093554
correctionProbability (#РОТАВИРУСЕ$ -> #РОТОВИРУСЕ$) = -25.103738132527177
correctionProbability (#СТАНОВКА$ -> #УСТАНОВКА$) = -11.517840524952113
correctionProbability (#КОЖАННОГО$ -> #КОЖАНОГО$) = -21.58891821079095
correctionProbability (#НАСАТЬ$ -> #НАЧАТЬ$) = -12.048805659016569
correctionProbability (#САМСЦНГ$ -> #САМСУНГ$) = -9.45484776569748
correctionProbability (#ВЫБЕЛИТЬ$ -> #ОТБЕЛИТЬ$) = -82.19834335499402
correctionProbability (#КАТЭРИНА$ -> #КАТЕРИНА$) = -15.69458193823418
correctionProbability (#ДЕКСТРОНА$ -> #ДИКСТРОНА$) = -28.023780433064076
correctionProbability (#ПАРЛЬ$ -> #ПАРОЛЬ$) = -11.217636003904733
correctionProbability (#МЛІМЕТ$ -> #МӘЛІМЕТ$) = -15.709188873766074
correctionProbability (#ВИНТЕЛЯТОР$ -> #ВЕНТИЛЯТОР$) = -81.5987647654006
correctionProbability (#АВИОО$ -> #АВИТО$) = -2.8629028809368045
correctionProbability (#ДРЕВНИХТВ$ -> #ДРЕВНИХ$) = -84.16429473125802
correctionProbability (#ФИКСЕПЕЛКИ$ -> #ФИКСИПЕЛКИ$) = -20.435648556143974
correctionProbability (#РАЗНОРАБОЧИЙЙ$ -> #РАЗНОРАБОЧИЙ$) = -23.48451120971481
correctionProbability (#ОБЩЕСТВОЗНАЮ$ -> #ОБЩЕСТВОЗНАНИЮ$) = -86.19446908011216
correctionProbability (#ЮЕСПЛАТНО$ -> #БЕСПЛАТНО$) = -4.718012315323174
correctionProbability (#СИМЕР$ -> #САММЕР$) = -81.0191082038902
correctionProbability (#FUUNY$ -> #FUNNY$) = -12.706259757079696
correctionProbability (#ДИЛИВИРИ$ -> #ДЕЛИВЕРИ$) = -80.88113226072853
correctionProbability (#ЫТО$ -> #ЧТО$) = -1.3751603030683093
correctionProbability (#АЛЛБО$ -> #АЛБО$) = -16.91318527158526
correctionProbability (#ГАРМОНЫ$ -> #ГОРМОНЫ$) = -5.6890204474148245
correctionProbability (#КИГУ$ -> #КНИГУ$) = -10.042614849243353
correctionProbability (#ШОДА$ -> #ГОДА$) = -3.619581289668563
correctionProbability (#ЛЕКУАЛЬ$ -> #ЛЕТУАЛЬ$) = -11.886863565296593
correctionProbability (#PRATERITUM$ -> #PRÄTERITUM$) = -27.514127650649215
correctionProbability (#ОБНОРУЖИЛА$ -> #ОБНАРУЖИЛА$) = -23.314921144100595
correctionProbability (#ДУБРАВНОГО$ -> #ДУБРОВНОГО$) = -35.69791384120267
correctionProbability (#ЭЛИМАР$ -> #ЭЛЬМАР$) = -22.816450686784748
correctionProbability (#ИССКУСТВЕННАЯ$ -> #ИСКУССТВЕННАЯ$) = -90.44431070236736
correctionProbability (#ВЛАШАЛИЩЕ$ -> #ВЛАГАЛИЩЕ$) = -16.418335694786997
correctionProbability (#SIFREDI$ -> #SIFFREDI$) = -23.22952021519162
correctionProbability (#КУПАЮТЬСЯ$ -> #КУПАЮТСЯ$) = -20.723401107113553
correctionProbability (#SIMPEL$ -> #SIMPLE$) = -80.99071875869988
correctionProbability (#КЛОНДАЙКА$ -> #КЛОНДАЙК$) = -18.645979497992933
correctionProbability (#BATL$ -> #BATTLE$) = -79.28930180578932
correctionProbability (#КОРТИНКИ$ -> #КАРТИНКИ$) = -4.6620118210576305
correctionProbability (#ТЕРЕБУЮСЯ$ -> #ТРЕБУЮТСЯ$) = -86.74546324677442
correctionProbability (#ВКЛАДДЫ$ -> #ВКЛАДЫ$) = -12.916320543718488
correctionProbability (#АНГЛТЙСКОМ$ -> #АНГЛИЙСКОМ$) = -11.981405307909405
correctionProbability (#КОМЬПЬЮТЕР$ -> #КОМПЬЮТЕР$) = -13.790385804663252
correctionProbability (#ДЖАЙЛ$ -> #ДЖАИЛ$) = -21.188343171426002
correctionProbability (#АБАЗИЯ$ -> #АБХАЗИЯ$) = -15.654104995932393
correctionProbability (#NAITY$ -> #NAITI$) = -22.412029837542022
correctionProbability (#ИПЕРИЯ$ -> #ИМПЕРИЯ$) = -12.73445990058277
correctionProbability (#ОСОБЛИВОСТЫ$ -> #ОСОБЛИВОСТІ$) = -20.8804395878322
correctionProbability (#РАБОТАДАТЕЛЮ$ -> #РАБОТОДАТЕЛЮ$) = -22.87578812118288
correctionProbability (#ОТСУТСВУЕТ$ -> #ОТСУТСТВУЕТ$) = -21.072194699559773
correctionProbability (#АРОНЫ$ -> #АРЕНЫ$) = -15.101584758370766
correctionProbability (#ЮИОГРАФИЯ$ -> #БИОГРАФИЯ$) = -10.365608614229593
correctionProbability (#РМБЛЕР$ -> #РАМБЛЕР$) = -8.545537070833696
correctionProbability (#КОМЬЮТЕР$ -> #КОМПЬЮТЕР$) = -11.89844464160224
correctionProbability (#ХОТЬБЕ$ -> #ХОДЬБЕ$) = -16.42545742751457
correctionProbability (#МЕЛОДРАММУ$ -> #МЕЛОДРАМУ$) = -18.033027901641496
correctionProbability (#ГЕТАРУ$ -> #ГИТАРУ$) = -12.429464659649827
correctionProbability (#НАМТРОЙКА$ -> #НАСТРОЙКА$) = -13.780422243471008
correctionProbability (#ГИССЕО$ -> #ГИСЕО$) = -19.078553467609186
correctionProbability (#БЫСТРР$ -> #БЫСТРО$) = -9.017652495449209
correctionProbability (#ВЫДЕТ$ -> #ВЫЙДЕТ$) = -14.387038102667677
correctionProbability (#ЧЕМППИОН$ -> #ЧЕМПИОН$) = -16.343183399281166
correctionProbability (#ЦЕНАРИ$ -> #СЦЕНАРИЙ$) = -77.91859316245731
correctionProbability (#МУДЬТ$ -> #МУЛЬТ$) = -10.08048816551452
correctionProbability (#БЛУДНИЙ$ -> #БЛУДНЫЙ$) = -15.622148412257836
correctionProbability (#РОБПОКС$ -> #РОБЛОКС$) = -7.339057076934424
correctionProbability (#ОБЪЯСНИТСЯ$ -> #ОБЪЯСНЯЕТСЯ$) = -90.1056581369854
correctionProbability (#ПАСЕНОК$ -> #ПАСЫНОК$) = -18.578485819538813
correctionProbability (#ЕВЛЕЕВА$ -> #ИВЛЕЕВА$) = -14.675279129494967
correctionProbability (#ГРАДУ$ -> #ГРАДУС$) = -16.115795401055504
correctionProbability (#ПРОАЖА$ -> #ПРОДАЖА$) = -8.059096224282868
correctionProbability (#BAST$ -> #BEST$) = -9.799252507738789
correctionProbability (#РЕССИВЕРЕ$ -> #РЕСИВЕРЕ$) = -24.721065879751222
correctionProbability (#ЕСТЕТ$ -> #ЭСТЕТ$) = -16.927999422292633
correctionProbability (#YOUTU$ -> #YOUTUBE$) = -72.3266917494222
correctionProbability (#ДƏЛЕЛДЕГЕН$ -> #ДӘЛЕЛДЕГЕН$) = -29.9144179243037
correctionProbability (#МАЕРКА$ -> #МАЙОРКА$) = -82.34671179404445
correctionProbability (#МАРКІТ$ -> #МАРКЕТ$) = -9.611410239087466
correctionProbability (#YOUTV$ -> #YOUTUBE$) = -137.06721084588176
correctionProbability (#ДЕНАМО$ -> #ДИНАМО$) = -10.289340798100238
correctionProbability (#ЕСТЕР$ -> #ЭСТЕР$) = -18.745321697474036
correctionProbability (#БОЖЕСТВЕНЫЙ$ -> #БОЖЕСТВЕННЫЙ$) = -25.662228171492465
correctionProbability (#РЕФРИЖЕ$ -> #РЕФРИЖЕР$) = -34.43419693289015
correctionProbability (#СПОРИВНЫЙ$ -> #СПОРТИВНЫЙ$) = -15.835475944265504
correctionProbability (#НАДАНИЕ$ -> #ГАДАНИЕ$) = -9.053422891052072
correctionProbability (#ПАСАТИЖИ$ -> #ПАССАТИЖИ$) = -23.71675747312129
correctionProbability (#ПОЛИТЕКА$ -> #ПОЛИТИКА$) = -13.700059088040682
correctionProbability (#УАРИБСКОГО$ -> #КАРИБСКОГО$) = -15.082232096948253
correctionProbability (#МАНОМАХ$ -> #МОНОМАХ$) = -19.216188359039634
correctionProbability (#ГАРМОНА$ -> #ГОРМОНА$) = -20.107041048396418
correctionProbability (#ТЕЛОФОНА$ -> #ТЕЛЕФОНА$) = -9.846221287039604
correctionProbability (#ЛИЧЧНЫЙ$ -> #ЛИЧНЫЙ$) = -6.732031995084231
correctionProbability (#ДЕВИДЕНТЫ$ -> #ДИВИДЕНДЫ$) = -82.04676089457097
correctionProbability (#ДАКИК$ -> #ДАНИК$) = -13.208700891244096
correctionProbability (#НЕФТЕЮГАНС$ -> #НЕФТЕЮГАНСК$) = -19.015554065305537
correctionProbability (#YOUTO$ -> #YOUTUBE$) = -137.0666672001804
correctionProbability (#АДМИГО$ -> #АМИГО$) = -16.1330963297022
correctionProbability (#ПАПАДАНЦЫ$ -> #ПОПАДАНЦЫ$) = -18.2030174371058
correctionProbability (#ГИДРОДЕНИТ$ -> #ГИДРАДЕНИТ$) = -24.62176450519408
correctionProbability (#МЕСНОЕ$ -> #МЕСТНОЕ$) = -18.286234883131343
correctionProbability (#СВЕРЛОВСКАЯ$ -> #СВЕРДЛОВСКАЯ$) = -19.687446061683403
correctionProbability (#ОТЗЫВЫЮ$ -> #ОТЗЫВЫ$) = -7.398281264977971
correctionProbability (#ТАТТЯНА$ -> #ТАТЬЯНА$) = -9.806426026039858
correctionProbability (#SARM$ -> #SHARM$) = -15.666938748443389
correctionProbability (#СВИС$ -> #СВИСС$) = -20.56711992854842
correctionProbability (#DARKSITE$ -> #DARKSIDE$) = -18.764990858080793
correctionProbability (#УМЕНЬШИТ$ -> #УМЕНЬШИТЬ$) = -16.880234185444756
correctionProbability (#ОКУЛЕЛЕ$ -> #УКУЛЕЛЕ$) = -16.155006699473937
correctionProbability (#ОНГЛИСКИЙ$ -> #АНГЛИЙСКИЙ$) = -76.48095732901906
correctionProbability (#КАРЕЙСКАЯ$ -> #КОРЕЙСКАЯ$) = -15.784557442647937
correctionProbability (#HENTSI$ -> #HENTAI$) = -11.554599292925534
correctionProbability (#МАЙНКРАФФТ$ -> #МАЙНКРАФТ$) = -10.492672318495003
correctionProbability (#РОЖДЕНИЯМ$ -> #РОЖДЕНИЯ$) = -9.231262156753296
correctionProbability (#ОКИАНА$ -> #ОКЕАНА$) = -13.054724992705633
correctionProbability (#СИМПЕЛ$ -> #СИМПЛ$) = -17.469099808551288
correctionProbability (#АЧИТО$ -> #АВИТО$) = -2.8493705984731825
correctionProbability (#ФООЛЬСФАГЕН$ -> #ФОЛЬКСВАГЕН$) = -146.67739191753455
correctionProbability (#ПОВРЕЖДНЫ$ -> #ПОВРЕЖДЕНЫ$) = -26.15595533269005
correctionProbability (#ЛОШОДИ$ -> #ЛОШАДИ$) = -12.35538471833927
correctionProbability (#ЦВТАТЫ$ -> #ЦИТАТЫ$) = -9.744911651470371
correctionProbability (#РАБОТАДАТЕЛЕ$ -> #РАБОТОДАТЕЛЕ$) = -23.935645057845846
correctionProbability (#АЛГКБРА$ -> #АЛГЕБРА$) = -11.69710976792468
correctionProbability (#ПОТЕРЯНАЯ$ -> #ПОТЕРЯННАЯ$) = -22.390976836827797
correctionProbability (#РАБОТАДАТЕЛИ$ -> #РАБОТОДАТЕЛИ$) = -25.239815769869942
correctionProbability (#СВИЙ$ -> #СВІЙ$) = -17.984552595143075
correctionProbability (#ВИТАРЕ$ -> #ВИТАРА$) = -14.24011835898288
correctionProbability (#ОКИАНЕ$ -> #ОКЕАНЕ$) = -14.185573824661763
correctionProbability (#КОМУФЛЯЖНЫЙ$ -> #КАМУФЛЯЖНЫЙ$) = -24.911882092338757
correctionProbability (#УВЕЛИЧЕНЫЕ$ -> #УВЕЛИЧЕННЫЕ$) = -25.112086595538507
correctionProbability (#РОСРЕСР$ -> #РОСРЕЕСТР$) = -78.75131990343318
correctionProbability (#ХВОЩЬ$ -> #ХВОЩ$) = -20.351320084300678
correctionProbability (#НУЭНО$ -> #НУЖНО$) = -7.998717647481666
correctionProbability (#СВИГ$ -> #СВИНГ$) = -12.437737998110823
correctionProbability (#ДЕТАЛИЙ$ -> #ДЕТАЛЕЙ$) = -14.420855377071419
correctionProbability (#ХОЛОСТИХ$ -> #ХОЛОСТЫХ$) = -18.765477293256694
correctionProbability (#ОПУСК$ -> #ОТПУСК$) = -11.393777319500845
correctionProbability (#КАУ$ -> #КАК$) = 0.9011269780854541
correctionProbability (#НОМЕНР$ -> #НОМЕР$) = -8.77766206818698
correctionProbability (#ДОЛАРАВ$ -> #ДОЛЛАРОВ$) = -79.0724345375028
correctionProbability (#БАЛАБАКШАДА$ -> #БАЛАБАҚШАДА$) = -18.52845635401748
correctionProbability (#ПАЛЬМОГО$ -> #ПАЛЬМОВОГО$) = -87.27531273294372
correctionProbability (#ИЗБАВТЬСЯ$ -> #ИЗБАВИТЬСЯ$) = -15.119051626411924
correctionProbability (#ХРАКТЕРИСТИКИ$ -> #ХАРАКТЕРИСТИКИ$) = -17.5064965370279
correctionProbability (#DEMAIR$ -> #DEMIR$) = -22.067872370244984
correctionProbability (#ПОНАМАРЕНКО$ -> #ПОНОМАРЕНКО$) = -21.984963065818988
correctionProbability (#ЕСТЕЛ$ -> #ЭСТЕЛЬ$) = -79.57504542487048
correctionProbability (#БЕРСТАЙН$ -> #БЕРНСТАЙН$) = -25.494608750667226
correctionProbability (#ГРАСКОПУ$ -> #ГОРОСКОПУ$) = -81.45517293127618
correctionProbability (#BASFOR$ -> #BUSFOR$) = -21.480575345562105
correctionProbability (#КОРДИНАЛЬНО$ -> #КАРДИНАЛЬНО$) = -25.950801505101126
correctionProbability (#VALOS$ -> #VOLOS$) = -19.927542261021014
correctionProbability (#ЦЕНТАХ$ -> #ЦЕНТРАХ$) = -17.483775489991814
correctionProbability (#РАСЕКАЮЩИЙ$ -> #РАССЕКАЮЩИЙ$) = -18.55641292737249
correctionProbability (#ВЗЛОМАНОГО$ -> #ВЗЛОМАННОГО$) = -26.845321097024282
correctionProbability (#УВЕЛИЧТЬ$ -> #УВЕЛИЧИТЬ$) = -15.196990004465249
correctionProbability (#СЕЧЕНА$ -> #СЕЧИНА$) = -20.522765452570628
correctionProbability (#МАШИГЫ$ -> #МАШИНЫ$) = -7.906805074179548
correctionProbability (#НЕВСЕГДА$ -> #НАВСЕГДА$) = -14.570926478384344
correctionProbability (#TINNY$ -> #TINY$) = -17.124522877678555
correctionProbability (#ОТЗЫВЫВ$ -> #ОТЗЫВЫ$) = -7.377295582531747
correctionProbability (#УНДЕГРАУНД$ -> #АНДЕГРАУНД$) = -20.68842063681104
correctionProbability (#ПОДГОТОВТЕ$ -> #ПОДГОТОВЬТЕ$) = -22.595989599206035
correctionProbability (#СИЛИКОНОВИЕ$ -> #СИЛИКОНОВЫЕ$) = -18.49840257264016
correctionProbability (#ЧЕРКЕСИИ$ -> #ЧЕРКЕССИИ$) = -25.3120018181829
correctionProbability (#ВЫНА$ -> #ВИНА$) = -10.7864326351058
correctionProbability (#МЛЖНО$ -> #МОЖНО$) = -4.518626189673572
correctionProbability (#ДЖИДАИ$ -> #ДЖЕДАИ$) = -18.915905612032343
correctionProbability (#УОРДЕ$ -> #ВОРДЕ$) = -11.400000945428022
correctionProbability (#ХАБАРВСК$ -> #ХАБАРОВСК$) = -12.194832480700377
correctionProbability (#RДЕ$ -> #ГДЕ$) = -3.3226370678457045
correctionProbability (#ГОАД$ -> #ГОДА$) = -71.49451714124503
correctionProbability (#САНАНДРС$ -> #САНАНДРЕС$) = -17.149005094762614
correctionProbability (#ЗВАНКОВ$ -> #ЗВОНКОВ$) = -15.055804582167369
correctionProbability (#НЕРВАНА$ -> #НИРВАНА$) = -16.37607778052397
correctionProbability (#ВЕЛОСЕПЕДИСТА$ -> #ВЕЛОСИПЕДИСТА$) = -24.32907790615593
correctionProbability (#ЖЕЛТЕЮ$ -> #ЖЕЛТЕЮТ$) = -17.83026189520703
correctionProbability (#ГОАЗ$ -> #ГЛАЗ$) = -7.911598209037233
correctionProbability (#ИЗМПНЕННЫМ$ -> #ИЗМЕНЕННЫМ$) = -27.335075907893817
correctionProbability (#ПРИМОСКОМ$ -> #ПРИМОРСКОМ$) = -18.76640933231708
correctionProbability (#ИНТЕРПРИТАЦИЯ$ -> #ИНТЕРПРЕТАЦИЯ$) = -24.18535647196127
correctionProbability (#ДОЛАРАХ$ -> #ДОЛЛАРАХ$) = -17.402129419275283
correctionProbability (#SHAKRA$ -> #SHAKIRA$) = -19.580533701719503
correctionProbability (#ПОЛОГАЕТСЯ$ -> #ПОЛАГАЕТСЯ$) = -22.745081625160672
correctionProbability (#КАРЫТ$ -> #КАРТЫ$) = -73.76743533149703
correctionProbability (#ЗАГРЕЗНЯЮЩЕЙ$ -> #ЗАГРЯЗНЯЮЩЕЙ$) = -37.92575678650699
correctionProbability (#СИНПТИК$ -> #СИНОПТИК$) = -11.844825393576016
correctionProbability (#ГЕМОТОМА$ -> #ГЕМАТОМА$) = -19.21472222287332
correctionProbability (#БЕДАРУСЬ$ -> #БЕЛАРУСЬ$) = -11.360825569004042
correctionProbability (#МИФОДИЙ$ -> #МЕФОДИЙ$) = -18.419855641934866
correctionProbability (#МУЛЬТИТРОНИК$ -> #МУЛЬТИТРОНИКС$) = -25.334421727027745
correctionProbability (#АВЕСТО$ -> #АВЕСТА$) = -18.181056299673987
correctionProbability (#КИЕЫ$ -> #КИЕВ$) = -7.549686425057207
correctionProbability (#РЕГЕНИРАЦИЯ$ -> #РЕГЕНЕРАЦИЯ$) = -23.308682092231003
correctionProbability (#ВЛАДИВОСТОКН$ -> #ВЛАДИВОСТОКЕ$) = -16.970978842792867
correctionProbability (#УЛЬТРОЛАЙТ$ -> #УЛЬТРАЛАЙТ$) = -22.866627716664567
correctionProbability (#СМОРЕТ$ -> #СМОТРЕТЬ$) = -68.20985192151954
correctionProbability (#ГАГИНГ$ -> #ГАГГИНГ$) = -26.28836598399875
correctionProbability (#КЕЙСЕРИ$ -> #КАЙСЕРИ$) = -23.625380511345448
correctionProbability (#МУЛЬТИПЛЕК$ -> #МУЛЬТИПЛЕКС$) = -19.850889889818447
correctionProbability (#ГРАМАДА$ -> #ГРОМАДА$) = -20.103738092613476
correctionProbability (#МЕЛОДРАМІ$ -> #МЕЛОДРАМЫ$) = -10.473308006068727
correctionProbability (#КИЕО$ -> #КИНО$) = -3.4784069211525015
correctionProbability (#КРАШЕНОГО$ -> #КРАШЕННОГО$) = -27.2089182873777
correctionProbability (#ШАРХАН$ -> #ШЕРХАН$) = -16.60508817005091
correctionProbability (#ПРОТІВ$ -> #ПРОТИВ$) = -7.915716873694496
correctionProbability (#ШКРЛЕ$ -> #ШКОЛЕ$) = -8.03476893134609
correctionProbability (#ОТУЧЕНИЯ$ -> #ОБУЧЕНИЯ$) = -12.580576119887112
correctionProbability (#АППОЛИЯ$ -> #АППОЛОНИЯ$) = -93.0186814703364
correctionProbability (#ИГПРЫ$ -> #ИГРЫ$) = -4.931295699698541
correctionProbability (#БАРБЕШОП$ -> #БАРБЕРШОП$) = -19.979178168837244
correctionProbability (#ПОРНОЗУЙ$ -> #ПОРНОХУЙ$) = -18.33196569251421
correctionProbability (#СТАПВЕЙ$ -> #СТЕПВЕЙ$) = -15.625408372402546
correctionProbability (#DOQUM$ -> #DOGUM$) = -20.50712799426334
correctionProbability (#РЕДМАНГА$ -> #РИДМАНГА$) = -19.601989076795746
correctionProbability (#ПЕРВЕОДЧИК$ -> #ПЕРЕВОДЧИК$) = -76.49827097997098
correctionProbability (#ГВОЗДІК$ -> #ГВОЗДИК$) = -14.541230596883324
correctionProbability (#НОКОТЬ$ -> #НОГОТЬ$) = -15.163840094301658
correctionProbability (#ЯЙВСМЯТКУ$ -> #ВСМЯТКУ$) = -89.74899362691944
correctionProbability (#ROAL$ -> #ROYAL$) = -12.525969979619493
correctionProbability (#ТЕЛЕФОНЫЕ$ -> #ТЕЛЕФОННЫЕ$) = -20.736094210466753
correctionProbability (#ДДЕВУШКИ$ -> #ДЕВУШКИ$) = -10.3017416159419
correctionProbability (#ШКРЛА$ -> #ШКОЛА$) = -5.52625027339295
correctionProbability (#ROLOKI$ -> #ROLIKI$) = -18.69578846017311
correctionProbability (#HIHSCREEN$ -> #HIGHSCREEN$) = -21.157391117577312
correctionProbability (#ПРЭЗЕНТАЦЫЯ$ -> #ПРЕЗЕНТАЦИЯ$) = -76.93769896518042
correctionProbability (#НАТАДЬЯ$ -> #НАТАЛЬЯ$) = -9.590312321846298
correctionProbability (#ТАХОГРОФА$ -> #ТАХОГРАФА$) = -19.77087937034613
correctionProbability (#КАБИНТ$ -> #КАБИНЕТ$) = -5.745054476164681
correctionProbability (#СУПРИЗ$ -> #СЮРПРИЗ$) = -78.57136550060449
correctionProbability (#КАБАРЕТ$ -> #КАБАРЕ$) = -19.468188974179565
correctionProbability (#НЬОКИ$ -> #НЬОККИ$) = -22.616157203872447
correctionProbability (#РИККОТО$ -> #РИКОТТА$) = -151.68303939212922
correctionProbability (#ЕДШИ$ -> #ДШИ$) = -16.267913700144167
correctionProbability (#ФІЩИКА$ -> #ФІЗИКА$) = -16.909584970435734
correctionProbability (#ВАТЦАПЕ$ -> #ВАТСАПЕ$) = -16.475466390678584
correctionProbability (#КОЛЕНДАРЬ$ -> #КАЛЕНДАРЬ$) = -9.545641432241872
correctionProbability (#YTYBE$ -> #YOUTUBE$) = -137.07104113327256
correctionProbability (#МИКРОФО$ -> #МИКРОФОН$) = -14.829535949374367
correctionProbability (#ЩЕРБАКУЛЕ$ -> #ШЕРБАКУЛЕ$) = -23.774353343951788
correctionProbability (#ЭКСЛЮЗИВ$ -> #ЭКСКЛЮЗИВ$) = -19.593003611109495
correctionProbability (#УСЛГИ$ -> #УСЛУГИ$) = -8.763294447978684
correctionProbability (#ВИНОУС$ -> #ВИНДОВС$) = -75.15040259438885
correctionProbability (#ТАЁТА$ -> #ТОЙОТА$) = -138.93147243467632
correctionProbability (#ВАТЦАПУ$ -> #ВАТСАПУ$) = -20.457628711297566
correctionProbability (#БЕНЖАМИН$ -> #БЕНДЖАМИН$) = -20.843243481776504
correctionProbability (#ДТЕЙ$ -> #ДЕТЕЙ$) = -4.120638717001452
correctionProbability (#ИНСТРГРАМ$ -> #ИНСТАГРАМ$) = -8.591328629423437
correctionProbability (#РОАВИЛЬНО$ -> #ПРАВИЛЬНО$) = -77.4510928931315
correctionProbability (#ЛАСЬЕН$ -> #ЛОСЬОН$) = -80.49632488349995
correctionProbability (#СТАРЩЕ$ -> #СТАРШЕ$) = -14.481674029412456
correctionProbability (#СТЛКЕР$ -> #СТАЛКЕР$) = -10.752121275512927
correctionProbability (#МИЛОЯ$ -> #МИЛАЯ$) = -10.646458965699626
correctionProbability (#ЗАТОРЧАТЬ$ -> #ЗАТОЧИТЬ$) = -85.78244414153983
correctionProbability (#ОНЛПИН$ -> #ОНЛАЙН$) = -65.393532518627
correctionProbability (#МЕНКРАФТ$ -> #МАЙНКРАФТ$) = -73.30421202047224
correctionProbability (#МУРОВЕЙНИК$ -> #МУРАВЕЙНИК$) = -19.891322194518573
correctionProbability (#ТАГЕЦ$ -> #ТАНЕЦ$) = -7.782330108862066
correctionProbability (#REALY$ -> #REALLY$) = -17.684669740394003
correctionProbability (#BONGAKAMS$ -> #BONGACAMS$) = -16.872808937698686
correctionProbability (#ТАЁТЕ$ -> #ТОЙОТЕ$) = -147.21402644914255
correctionProbability (#ГАБУКАЯ$ -> #ГАБУКАЙ$) = -32.961431142418405
correctionProbability (#ЖУРНПЛ$ -> #ЖУРНАЛ$) = -8.260011128208738
correctionProbability (#МИЛЛИОННИ$ -> #МИЛЛИОН$) = -81.61899691551612
correctionProbability (#КУИТЬ$ -> #КУПИТЬ$) = -1.9882023316514186
correctionProbability (#GANZI$ -> #GANDZI$) = -32.83830530239041
correctionProbability (#ОБЬЕЗДНАЯ$ -> #ОБЪЕЗДНАЯ$) = -23.534149868590667
correctionProbability (#ГЕКСАГОАМ$ -> #ГЕКСАГРАММ$) = -90.6109479566421
correctionProbability (#ВИСОКАЯ$ -> #ВЫСОКАЯ$) = -14.883210851774706
correctionProbability (#ФАКУЛТАТИВ$ -> #ФАКУЛЬТАТИВ$) = -22.372958819172993
correctionProbability (#РУРКА$ -> #РУРК$) = -19.01697975123417
correctionProbability (#РИККОТЫ$ -> #РИКОТТЫ$) = -92.84240107046197
correctionProbability (#МАНГВ$ -> #МАНГА$) = -9.690221849112046
correctionProbability (#ПЕВОГО$ -> #ПЕРВОГО$) = -12.423000916413422
correctionProbability (#УТРЕНЕЙ$ -> #УТРЕННЕЙ$) = -19.22330406068722
correctionProbability (#ВНОСОВ$ -> #ВЗНОСОВ$) = -15.37822235688354
correctionProbability (#ЧИТТЬ$ -> #ЧИТАТЬ$) = -7.774374888675457
correctionProbability (#АТОКРАН$ -> #АВТОКРАН$) = -18.60612374420142
correctionProbability (#УВЕЛИЧТТ$ -> #УВЕЛИЧИТЬ$) = -79.92450151029816
correctionProbability (#БОНСАИ$ -> #БОНСАЙ$) = -16.51772135634359
correctionProbability (#ROBL$ -> #ROBLOX$) = -76.39233901828393
correctionProbability (#ВЕЛЕЧИН$ -> #ВЕЛИЧИН$) = -17.793339959252023
correctionProbability (#ЕКСПОРТ$ -> #ЭКСПОРТ$) = -15.826945000251726
correctionProbability (#ШВЕЦАРСКИЕ$ -> #ШВЕЙЦАРСКИЕ$) = -19.13985947112277
correctionProbability (#КИДМ$ -> #КИДС$) = -10.958537644319524
correctionProbability (#МОЕТЬСЯ$ -> #МОЕТСЯ$) = -20.703873090825358
correctionProbability (#МОСЭНЕРГОСБЫТА$ -> #МОСЭНЕРГОСБЫТ$) = -19.812126357622134
correctionProbability (#КАБИНИ$ -> #КАБИНЫ$) = -13.465508951742269
correctionProbability (#СЕМДЕСЯТ$ -> #СЕМЬДЕСЯТ$) = -22.697669558369277
correctionProbability (#МИНИАЛЬНЫЕ$ -> #МИНИМАЛЬНЫЕ$) = -22.123364566344634
correctionProbability (#ТАЁТУ$ -> #ТОЙОТУ$) = -145.5832915814376
correctionProbability (#ГОРДСТЬ$ -> #ГОРДОСТЬ$) = -14.8323388555526
correctionProbability (#ОДЕЕСКИЙ$ -> #ОДЕССКИЙ$) = -19.05849696867473
correctionProbability (#МИФОДИЮ$ -> #МЕФОДИЮ$) = -23.510198263784616
correctionProbability (#GROYP$ -> #GROUP$) = -12.025556017206721
correctionProbability (#РУСССКАЯ$ -> #РУССКАЯ$) = -10.951815726100996
correctionProbability (#ВИРОГРАДА$ -> #ВИНОГРАДА$) = -13.087833584394431
correctionProbability (#ПРОДОВЕЦ$ -> #ПРОДАВЕЦ$) = -14.608705498057262
correctionProbability (#LEGENS$ -> #LEGENDS$) = -14.709294107661705
correctionProbability (#КЕЛОУН$ -> #КЛОУН$) = -15.733136384322936
correctionProbability (#ФОЬО$ -> #ФОТО$) = -0.5854903719540019
correctionProbability (#СЕСИИ$ -> #СЕССИИ$) = -17.968118865547527
correctionProbability (#АКУМУЛЯТОРНЫЙ$ -> #АККУМУЛЯТОРНЫЙ$) = -23.04039508939043
correctionProbability (#ВМСЕТЕ$ -> #ВМЕСТЕ$) = -78.15121888914348
correctionProbability (#ЛИНОГО$ -> #ЛИЧНОГО$) = -14.892901127096849
correctionProbability (#ЩАВТРА$ -> #ЗАВТРА$) = -9.376572425057542
correctionProbability (#СВДЬБУ$ -> #СВАДЬБУ$) = -11.911147758756996
correctionProbability (#ВИТАМИ$ -> #ВИТАМИН$) = -13.220817862124385
correctionProbability (#ЛЮДМИЛИ$ -> #ЛЮДМИЛЫ$) = -17.264006556021172
correctionProbability (#НОМИДЕКС$ -> #НОМИДЕС$) = -24.140406226351217
correctionProbability (#ZAVOROTNUK$ -> #ZAVOROTNYUK$) = -24.903443258181767
correctionProbability (#ОТНОЩЕНИЙ$ -> #ОТНОШЕНИЙ$) = -14.387882735013243
correctionProbability (#ЦЕТА$ -> #ЦВЕТА$) = -9.127032129089269
correctionProbability (#РЕКЛА$ -> #РЕКЛАМА$) = -75.59702103402942
correctionProbability (#РПБОТЫ$ -> #РАБОТЫ$) = -6.879294096361459
correctionProbability (#ЗНАЕ$ -> #ЗНАЕТ$) = -11.782299621510678
correctionProbability (#ТРУПКУ$ -> #ТРУБКУ$) = -15.652966813266577
correctionProbability (#АСТАНКИНА$ -> #АСТАШКИНА$) = -27.123454520823465
correctionProbability (#ИСТОРИ$ -> #ИСТОРИИ$) = -9.67670563118061
correctionProbability (#ПОВОСТИ$ -> #НОВОСТИ$) = -4.281385149325436
correctionProbability (#ПИЛЕВИН$ -> #ПЕЛЕВИН$) = -18.906540900420048
correctionProbability (#HOMBANK$ -> #HOMEBANK$) = -19.322803098535516
correctionProbability (#ЭПИТИТЫ$ -> #ЭПИТЕТЫ$) = -17.722221181024132
correctionProbability (#ДЕНТГИ$ -> #ДЕНЬГИ$) = -7.654722306321407
correctionProbability (#СЫКТЫВКА$ -> #СЫКТЫВКАР$) = -15.625567153468772
correctionProbability (#ОВАНЕСЯН$ -> #ОГАНЕСЯН$) = -19.603588391510264
correctionProbability (#БАЛЕЗНЬ$ -> #БОЛЕЗНЬ$) = -11.747551703572832
correctionProbability (#УЛЬТРОЗВУКОВАЯ$ -> #УЛЬТРАЗВУКОВАЯ$) = -22.65890904310956
correctionProbability (#АВТУСЕ$ -> #АВТОБУСЕ$) = -80.29218148125494
correctionProbability (#ФЕСЙБУК$ -> #ФЕЙСБУК$) = -74.89454776928773
correctionProbability (#ЭКСТРАТОМ$ -> #ЭКСТРАКТОМ$) = -22.618671986885296
correctionProbability (#КОНСТИТУЦТЯ$ -> #КОНСТИТУЦИЯ$) = -18.597968196144407
correctionProbability (#ГРАЗУ$ -> #ГРОЗУ$) = -17.44968119291455
correctionProbability (#ЕКШЕН$ -> #ЭКШЕН$) = -12.724835370974414
correctionProbability (#ЛОГОДА$ -> #ПОГОДА$) = -1.1850126631036204
correctionProbability (#ДЖАНИ$ -> #ДЖАННИ$) = -17.140619408522458
correctionProbability (#ЕСТЛИ$ -> #ЕСЛИ$) = -7.500616867516467
correctionProbability (#ИАРШРУТ$ -> #МАРШРУТ$) = -10.87101347886891
correctionProbability (#БРАЗЗЕРЗ$ -> #БРАЗЕРС$) = -80.32222423133163
correctionProbability (#ТРЕЙЛР$ -> #ТРЕЙЛЕР$) = -10.753087799325165
correctionProbability (#ТОТАЛЛИ$ -> #ТОТАЛИ$) = -20.322860237519986
correctionProbability (#КДЗ$ -> #ГДЗ$) = -3.525682147981531
correctionProbability (#ВЫМАТЬ$ -> #ВЫМЫТЬ$) = -18.72782814833492
correctionProbability (#КАМЯАТКА$ -> #КАМЧАТКА$) = -16.229499043984518
correctionProbability (#ПРЕПРИЯТИЕ$ -> #ПРЕДПРИЯТИЕ$) = -17.892475385915148
correctionProbability (#СВЯАТЬ$ -> #СВЯЗАТЬ$) = -10.623880834852457
correctionProbability (#СТООЕРОЖА$ -> #СТОРОЖА$) = -86.34505712186561
correctionProbability (#ПОЛКЛИНИКА$ -> #ПОЛИКЛИНИКА$) = -14.039957181682539
correctionProbability (#ТЕЛФОНОВ$ -> #ТЕЛЕФОНОВ$) = -14.41681994429284
correctionProbability (#УКСУ$ -> #УКСУС$) = -14.061559173635185
correctionProbability (#ПОЛИЦИ$ -> #ПОЛИЦИИ$) = -13.365703942368285
correctionProbability (#ПУТЕШЕВСТВОВАТЬ$ -> #ПУТЕШЕСТВОВАТЬ$) = -28.184602299469127
correctionProbability (#КДЕ$ -> #ГДЕ$) = -3.3204948707219444
correctionProbability (#ОНЛПЙН$ -> #ОНЛАЙН$) = -0.6661460483398152
correctionProbability (#LIRICS$ -> #LYRICS$) = -14.62668730546709
correctionProbability (#ПРЕПРИЯТИЯ$ -> #ПРЕДПРИЯТИЯ$) = -17.060178978396195
correctionProbability (#MAKSIMA$ -> #MAXIMA$) = -85.65985964643096
correctionProbability (#ЭЛИПСОИД$ -> #ЭЛЛИПСОИД$) = -24.568384346882823
correctionProbability (#ФАКУЛТЕТ$ -> #ФАКУЛЬТЕТ$) = -16.121523771890516
correctionProbability (#ОСТАЮТЬСЯ$ -> #ОСТАЮТСЯ$) = -21.47337910027108
correctionProbability (#КДА$ -> #КУДА$) = -8.134733510662247
correctionProbability (#КОМПИНСАЦИИ$ -> #КОМПЕНСАЦИИ$) = -18.73226365237643
correctionProbability (#ЩЕРБАКУЛЬ$ -> #ШЕРБАКУЛЬ$) = -23.949697840510332
correctionProbability (#МЕРЛЕ$ -> #МЕРЛЕН$) = -9.66246962015018
correctionProbability (#РРАСПРОСТРОНИНЫ$ -> #РАСПРОСТРАНЕНЫ$) = -160.70968364598568
correctionProbability (#СЕЛЯБИНСК$ -> #ЧЕЛЯБИНСК$) = -10.284321084823794
correctionProbability (#МАЛДАВАНКИ$ -> #МОЛДАВАНКИ$) = -21.699090523212
correctionProbability (#ROSIJA$ -> #ROSSIYA$) = -83.44078718388806
correctionProbability (#OOF$ -> #OF$) = -5.919496799546355
correctionProbability (#ТГРАТЬ$ -> #ИГРАТЬ$) = -5.800114464145377
correctionProbability (#КАРФТ$ -> #КРАФТ$) = -79.39352756175172
correctionProbability (#МЕРЛИ$ -> #МЕРЛИН$) = -14.817535812337486
correctionProbability (#ВЫДИО$ -> #ВИДЕО$) = -66.46318012129306
correctionProbability (#ТЕМПКР$ -> #ТЕМПЕР$) = -21.94324924603797
correctionProbability (#КВАРТЫРЫ$ -> #КВАРТИРЫ$) = -9.10462889790518
correctionProbability (#ГОЛДАПЛ$ -> #ГОЛДАП$) = -25.638499520123233
correctionProbability (#АМЕРИКАНСКА$ -> #АМЕРИКАНСКАЯ$) = -18.077579249762742
correctionProbability (#КАЗАКТЕЛЕКОМА$ -> #КАЗАХТЕЛЕКОМА$) = -27.77886782323857
correctionProbability (#ДРУСКИНИСКАЙ$ -> #ДРУСКИНИНКАЙ$) = -24.820475201080747
correctionProbability (#МАГТУРОВО$ -> #МАНТУРОВО$) = -20.137010169283464
correctionProbability (#ГРАЗА$ -> #ГРОЗА$) = -12.193989732215446
correctionProbability (#УКРАЇН$ -> #УКРАЇНИ$) = -12.964569534748236
correctionProbability (#ДАКОИ$ -> #КАКОЙ$) = -70.30820642033856
correctionProbability (#ПРИКАХ$ -> #ПРИКАЗ$) = -8.961391133267579
correctionProbability (#АТЕЛЯ$ -> #ОТЕЛЯ$) = -13.492407390543999
correctionProbability (#МЕРЛН$ -> #МЕРЛЕН$) = -9.712415622565832
correctionProbability (#ЦЕТЫ$ -> #ЦВЕТЫ$) = -7.201655100696929
correctionProbability (#ВЫДИТ$ -> #ВЫЙДЕТ$) = -79.11204874783223
correctionProbability (#ЕЛЬФОВ$ -> #ЭЛЬФОВ$) = -17.511136052163383
correctionProbability (#АВТОВАГЗАЛ$ -> #АВТОВОКЗАЛ$) = -80.20526588820894
correctionProbability (#FRII$ -> #FREE$) = -71.45446666473124
correctionProbability (#DISCROD$ -> #DISCORD$) = -82.40052164388534
correctionProbability (#АЛЫАВИТ$ -> #АЛФАВИТ$) = -10.21657620735322
correctionProbability (#ИППОТЕКУ$ -> #ИПОТЕКУ$) = -16.402281051022605
correctionProbability (#АЙФЛН$ -> #АЙФОН$) = -7.8217644650461615
correctionProbability (#FRIB$ -> #FRIV$) = -11.264528910301099
correctionProbability (#ЛОТТЕРЕЯ$ -> #ЛОТЕРЕЯ$) = -15.795234357844123
correctionProbability (#ЭОЛТИКА$ -> #ЭРОТИКА$) = -75.79205352691923
correctionProbability (#CKACHATI$ -> #SKACHAT$) = -78.92785863998122
correctionProbability (#ЭСМС$ -> #СМС$) = -11.239969600666083
correctionProbability (#ВЕЛДБЕРРИС$ -> #ВИЛДБЕРРИС$) = -19.129549187155114
correctionProbability (#АВИТГ$ -> #АВИТО$) = -2.885016023232069
correctionProbability (#REEDEM$ -> #REDEEM$) = -87.59952155080354
correctionProbability (#ПОДЕЛКТ$ -> #ПОДЕЛКИ$) = -8.011714793110706
correctionProbability (#АТЕЛЕ$ -> #ОТЕЛЕ$) = -12.851990133944437
correctionProbability (#АНГЛИЙСЬКОЮ$ -> #АНГЛІЙСЬКОЮ$) = -23.387168380818657
correctionProbability (#ОБРАЗОВПНИЕ$ -> #ОБРАЗОВАНИЕ$) = -12.852037083173428
correctionProbability (#TANCKS$ -> #TANKS$) = -12.919156087800719
correctionProbability (#ЦЕЛУЮЦА$ -> #ЦЕЛУЮТСЯ$) = -147.3258714603509
correctionProbability (#МАНАЗ$ -> #МАННАЗ$) = -26.375553926410262
correctionProbability (#КОМУТАТОР$ -> #КОММУТАТОР$) = -20.387052546204956
correctionProbability (#ПРОСТИТУТКТИ$ -> #ПРОСТИТУТКИ$) = -16.829365005937788
correctionProbability (#РУСССКИЕ$ -> #РУССКИЕ$) = -9.27886536574772
correctionProbability (#СТАРЫН$ -> #СТАРЫЕ$) = -9.90023997630534
correctionProbability (#КАТЕГОРЯ$ -> #КАТЕГОРИЯ$) = -16.661955706900542
correctionProbability (#БОЛИНГ$ -> #БОУЛИНГ$) = -16.328089199369636
correctionProbability (#ДЕЙСВИЯ$ -> #ДЕЙСТВИЯ$) = -13.352148788024763
correctionProbability (#МАЛЕНКИМ$ -> #МАЛЕНЬКИМ$) = -18.577970584596173
correctionProbability (#УТРЕНИИ$ -> #УТРЕННИЙ$) = -82.4311671946476
correctionProbability (#ВЯЗАННОЕ$ -> #ВЯЗАНОЕ$) = -18.398080105689196
correctionProbability (#ЛЕВУШКОЙ$ -> #ДЕВУШКОЙ$) = -13.624924293976747
correctionProbability (#АТЕЛИ$ -> #ОТЕЛИ$) = -9.455650157100752
correctionProbability (#УТРЕНИЙ$ -> #УТРЕННИЙ$) = -17.60034513085281
correctionProbability (#КАРТИНАЯ$ -> #КАРТИННАЯ$) = -22.019254575675326
correctionProbability (#ВЫЕЗ$ -> #ВЫЕЗД$) = -13.842733532140105
correctionProbability (#БУЛЬВВР$ -> #БУЛЬВАР$) = -13.972227620900483
correctionProbability (#АККАРДЕОН$ -> #АККОРДЕОН$) = -17.57704642758042
correctionProbability (#КАРИЧНЕВЫЕ$ -> #КОРИЧНЕВЫЕ$) = -18.452929227230626
correctionProbability (#ВЕССА$ -> #ВЕСА$) = -14.246530544229277
correctionProbability (#ЦЕРЕЗІТ$ -> #ЦЕРЕЗИТ$) = -18.650102593429054
correctionProbability (#КЕМБЕЛ$ -> #КЭМПБЕЛЛ$) = -149.59132716526506
correctionProbability (#ЭРАТИЧНА$ -> #ЭРОТИЧНО$) = -86.72312295255301
correctionProbability (#АВИТР$ -> #АВИТО$) = -2.8764273233288087
correctionProbability (#ШИРЕНЕ$ -> #ШИРИНЕ$) = -18.741916347337746
correctionProbability (#MIAGI$ -> #MIYAGI$) = -16.126277499440253
correctionProbability (#МАНАЯ$ -> #МАННАЯ$) = -17.74013144336438
correctionProbability (#ДЫТЕЙ$ -> #ДІТЕЙ$) = -12.839793681254942
correctionProbability (#ВЫДЫ$ -> #ВИДЫ$) = -6.792624768166387
correctionProbability (#ГРАИК$ -> #ГРАФИК$) = -10.246216840563616
correctionProbability (#АТЕКО$ -> #АТЕГО$) = -18.700365348215282
correctionProbability (#ДАЛВ$ -> #ДАЛА$) = -11.850441950981466
correctionProbability (#РПРО$ -> #ПРО$) = -3.9143609734587237
correctionProbability (#КНОПАЧНЫЙ$ -> #КНОПОЧНЫЙ$) = -18.107187608300933
correctionProbability (#МАРЬЯМОВУ$ -> #МАРЬЯНОВУ$) = -19.711355593845603
correctionProbability (#ИППОТЕКА$ -> #ИПОТЕКА$) = -14.582260186200827
correctionProbability (#КОМЕНТАРІІ$ -> #КОММЕНТАРИИ$) = -149.07348984271545
correctionProbability (#РАССОНАГ$ -> #РОССОНАХ$) = -89.69183799935294
correctionProbability (#МИЛЛЯ$ -> #МИЛЯ$) = -14.300327562283666
correctionProbability (#РАЙЫМБЕКЛЫ$ -> #РАЙЫМБЕКҰЛЫ$) = -29.171039185012937
correctionProbability (#МИЛИМЕТР$ -> #МИЛЛИМЕТР$) = -24.632613187428014
correctionProbability (#РИЧЕРД$ -> #РИЧАРД$) = -14.744333400504377
correctionProbability (#ТРЕБУЮТЬСЯ$ -> #ТРЕБУЮТСЯ$) = -21.39307933032297
correctionProbability (#ГЕМОТОМЫ$ -> #ГЕМАТОМЫ$) = -22.206563758977417
correctionProbability (#АВИТИ$ -> #АВИТО$) = -2.8832778999671405
correctionProbability (#BSBI$ -> #BABY$) = -75.39402888400089
correctionProbability (#ЭТОЖА$ -> #ЭТАЖА$) = -13.662754216915626
correctionProbability (#FLACH$ -> #FLASH$) = -10.361783300673313
correctionProbability (#СНЕЛАСЬ$ -> #СНЯЛАСЬ$) = -20.24808091931243
correctionProbability (#РПРИ$ -> #ПРИ$) = -5.64665681548934
correctionProbability (#ПЕНЗИНСКОЙ$ -> #ПЕНЗЕНСКОЙ$) = -17.161347526268024
correctionProbability (#АВТОВОКЗА$ -> #АВТОВОКЗАЛ$) = -16.06752168265725
correctionProbability (#РПБОТА$ -> #РАБОТА$) = -4.996220304734635
correctionProbability (#РАССТЕНИЙ$ -> #РАСТЕНИЙ$) = -14.630308961903445
correctionProbability (#ПАРЖА$ -> #ПАРИЖА$) = -15.467251638915993
correctionProbability (#ПАРЕЯ$ -> #ПАРНЯ$) = -10.248889806975047
correctionProbability (#АВИТЕ$ -> #АВИТО$) = -2.878801681389273
correctionProbability (#БЕЛЙ$ -> #БЕЛЫЙ$) = -8.533618904388586
correctionProbability (#БЕЛЗ$ -> #БЕЛС$) = -18.10788800657622
correctionProbability (#КОРИСПОДЕНТ$ -> #КОРРЕСПОНДЕНТ$) = -150.40288884725203
correctionProbability (#АВИТЛ$ -> #АВИТО$) = -2.8766070017050005
correctionProbability (#ИППОТЕКЕ$ -> #ИПОТЕКЕ$) = -16.792877683872646
correctionProbability (#РИЧАГ$ -> #РЫЧАГ$) = -14.624746981395045
correctionProbability (#МИНУМУМ$ -> #МИНИМУМ$) = -14.472275558142485
correctionProbability (#МАГАЗЫН$ -> #МАГАЗИН$) = -5.073816730366806
correctionProbability (#ОРГАНДАРЫНЫ$ -> #ОРГАНДАРЫНЫҢ$) = -30.072385219487735
correctionProbability (#СВЗЬ$ -> #СВЯЗЬ$) = -10.611194057973808
correctionProbability (#ПОДРЯ$ -> #ПОДРЯД$) = -5.925134433825971
correctionProbability (#НОМЕРН$ -> #НОМЕР$) = -8.774946170059717
correctionProbability (#КОМПЪЮТЕРНЫХ$ -> #КОМПЬЮТЕРНЫХ$) = -21.43166282377704
correctionProbability (#КОЛОНДАЙК$ -> #КЛОНДАЙК$) = -18.645770166327715
correctionProbability (#АВТОРУМ$ -> #АВТОДРОМ$) = -81.2326887605376
correctionProbability (#НОМЕРМ$ -> #НОМЕР$) = -8.827009095741342
correctionProbability (#САУНДТРЭК$ -> #САУНДТРЕК$) = -17.843906702723956
correctionProbability (#ВАУАНСИИ$ -> #ВАКАНСИИ$) = -8.167875234521908
correctionProbability (#МАНИТОРИНГ$ -> #МОНИТОРИНГ$) = -15.940749376240241
correctionProbability (#ПОДГТОВКА$ -> #ПОДГОТОВКА$) = -15.002706095232348
correctionProbability (#МЕРИНОСВАЯ$ -> #МЕРИНОСОВАЯ$) = -26.91759390837639
correctionProbability (#СИСТРЫ$ -> #СЕСТРЫ$) = -11.51010025281376
correctionProbability (#МИЛЙН$ -> #МИЛАН$) = -13.768433088729456
correctionProbability (#АЙФОР$ -> #АЙФОН$) = -7.812815959592658
correctionProbability (#ДЕЛОПРОИЗВОДИТЬ$ -> #ДЕЛОПРОИЗВОДИТЕЛЬ$) = -92.31217734827166
correctionProbability (#KOMPANY$ -> #COMPANY$) = -14.8818449432871
correctionProbability (#ФАБЕЛИК$ -> #ФАБЕРЛИК$) = -11.515672726051413
correctionProbability (#КРЫССА$ -> #КРЫСА$) = -10.707963726175773
correctionProbability (#МАСОВО$ -> #МАССОВО$) = -18.935448963896064
correctionProbability (#IMAGIN$ -> #IMAGINE$) = -17.022528989524446
correctionProbability (#ПАРЕКМАХЕР$ -> #ПАРИКМАХЕР$) = -17.804766369616495
correctionProbability (#ГАСТРОФЛАТ$ -> #ГАСТРОФИТ$) = -95.31969553272752
correctionProbability (#ГОЛЕНКИЕ$ -> #ГОЛЕНЬКИЕ$) = -19.40566103670168
correctionProbability (#XHAMASTER$ -> #XHAMSTER$) = -17.12056221331172
correctionProbability (#МАМЬА$ -> #МАМБА$) = -8.97083097587782
correctionProbability (#САПНАТОРИИ$ -> #САНАТОРИИ$) = -15.746427759490928
correctionProbability (#КАСЫНКУ$ -> #КОСЫНКУ$) = -17.019198923139967
correctionProbability (#ГИМАТОМЫ$ -> #ГЕМАТОМЫ$) = -22.207456595245198
correctionProbability (#XVEDIO$ -> #XVIDEO$) = -76.88702416158442
correctionProbability (#РИЧАР$ -> #РИЧЕР$) = -15.233751127752672
correctionProbability (#ФОВАРИТ$ -> #ФАВОРИТ$) = -79.755621908302
correctionProbability (#ПЕРОВОТЧИК$ -> #ПЕРЕВОДЧИК$) = -73.41198298502671
correctionProbability (#ГАНОВЕР$ -> #ГАННОВЕР$) = -21.200941991281248
correctionProbability (#ТОВАРО$ -> #ТОВАРОВ$) = -10.245923026110198
correctionProbability (#ЗАГРУЗИТ$ -> #ЗАГРУЗИТЬ$) = -16.752619083019376
correctionProbability (#СЛЛОВА$ -> #СЛОВА$) = -8.394256772723654
correctionProbability (#ЭНДОКРИНОЛА$ -> #ЭНДОКРИНОЛОГ$) = -85.38069892093964
correctionProbability (#УАРТИНКИ$ -> #КАРТИНКИ$) = -4.716220747058971
correctionProbability (#ТЕЙКВАНДО$ -> #ТХЭКВОНДО$) = -147.8313594651621
correctionProbability (#ЕКСПЛОВЕР$ -> #ЭКСПЛОРЕР$) = -82.12840523689722
correctionProbability (#СУЙФЕНЬХЕ$ -> #СУЙФЭНЬХЭ$) = -87.87605676385611
correctionProbability (#ПРОФФЕСОР$ -> #ПРОФЕССОР$) = -83.81904770216862
correctionProbability (#МАТТИН$ -> #МАРТИН$) = -12.868856496982932
correctionProbability (#АЙФОЕ$ -> #АЙФОН$) = -7.808950138350333
correctionProbability (#ЭФЕЕКТИВНОГО$ -> #ЭФФЕКТИВНОГО$) = -24.019434641395442
correctionProbability (#СЕНДВИЧЬ$ -> #СЭНДВИЧ$) = -80.69097227626243
correctionProbability (#ПАРЕЙ$ -> #ПОРЕЙ$) = -16.22161282875656
correctionProbability (#ОДИМП$ -> #ОЛИМП$) = -10.101005117686174
correctionProbability (#ОБЬЯВЛЯЮ$ -> #ОБЪЯВЛЯЮ$) = -20.927930380598916
correctionProbability (#МАСОВОГО$ -> #МАССОВОГО$) = -20.775369845121638
correctionProbability (#РАПРОДАЖА$ -> #РАСПРОДАЖА$) = -15.461304143661799
correctionProbability (#ОНЛАН$ -> #ОНЛАЙН$) = -1.1836158262577108
correctionProbability (#КАТЕЛЬНАЯ$ -> #КОТЕЛЬНАЯ$) = -20.158533277970008
correctionProbability (#СЕКУТЬСЯ$ -> #СЕКУТСЯ$) = -25.26200292219538
correctionProbability (#СТОИМОСЬ$ -> #СТОИМОСТЬ$) = -9.939294928053009
correctionProbability (#ПЕРВФЙ$ -> #ПЕРВЫЙ$) = -7.772753207583353
correctionProbability (#КОНВЕТЕР$ -> #КОНВЕРТЕР$) = -15.352190775778332
correctionProbability (#RABIT$ -> #RABBIT$) = -18.358243926787456
correctionProbability (#СЕПТИФРИЛ$ -> #СЕПТЕФРИЛ$) = -23.314217976316613
correctionProbability (#ИНТЕРНЕИА$ -> #ИНТЕРНЕТА$) = -12.509360209265402
correctionProbability (#АБИБ$ -> #ХАБИБ$) = -13.180318532063534
correctionProbability (#РИМУНКИ$ -> #РИСУНКИ$) = -6.760801101215385
correctionProbability (#АСПЕРИН$ -> #АСПИРИН$) = -16.475493147907073
correctionProbability (#ПРНИМАТЬ$ -> #ПРИНИМАТЬ$) = -13.890445900747686
correctionProbability (#ОРЕФЛЕЙМ$ -> #ОРИФЛЕЙМ$) = -11.900593311802076
correctionProbability (#СТОЛИТТЯ$ -> #СТОЛІТТЯ$) = -18.408526996710336
correctionProbability (#ИЛЬЮШИНО$ -> #ИЛЬЮШИНА$) = -22.700740715499677
correctionProbability (#OQG$ -> #OGG$) = -18.928081979111543
correctionProbability (#ТРАДА$ -> #ТРУДА$) = -8.220822551943595
correctionProbability (#СИСТРИ$ -> #СЕСТРИ$) = -20.11008817211736
correctionProbability (#МУХАММЕДОВНА$ -> #МУХАМЕДОВНА$) = -32.0310430903254
correctionProbability (#ПРОДОЮТ$ -> #ПРОДАЮТ$) = -16.091184237763805
correctionProbability (#КОРШАГАН$ -> #ҚОРШАҒАН$) = -84.85925738916171
correctionProbability (#ИМЕНИМ$ -> #ИМЕНЕМ$) = -13.771261508983176
correctionProbability (#ППИСНИЛОСЬ$ -> #ПРИСНИЛОСЬ$) = -17.616981924180486
correctionProbability (#МВШИНОСТРОЕНИЯ$ -> #МАШИНОСТРОЕНИЯ$) = -24.842827031923015
correctionProbability (#IMGA$ -> #OMEGA$) = -79.46037273616918
correctionProbability (#ВОСПОЛИЛОСЬ$ -> #ВОСПАЛИЛОСЬ$) = -26.71350466290525
correctionProbability (#VMIDEO$ -> #MVIDEO$) = -80.89511519779622
correctionProbability (#СИСТРУ$ -> #СЕСТРУ$) = -12.064703695597249
correctionProbability (#PORNNUB$ -> #PORNHUB$) = -11.402610273784404
correctionProbability (#ЛАКРОС$ -> #ЛАКРОСС$) = -24.081797816393873
correctionProbability (#ФОНБКТ$ -> #ФОНБЕТ$) = -10.503030590081654
correctionProbability (#АРИВЕДЕРЧИ$ -> #АРИВИДЕРЧИ$) = -22.639535993252586
correctionProbability (#МАРСКИЕ$ -> #МОРСКИЕ$) = -11.207264637557216
correctionProbability (#ДЖАГИРА$ -> #ДЖАГЕРА$) = -25.850319327756125
correctionProbability (#ИОДЕЛЬ$ -> #МОДЕЛЬ$) = -9.869271416615906
correctionProbability (#АНТОНИМИ$ -> #АНТОНИМЫ$) = -16.64649142616917
correctionProbability (#АЛЬЫА$ -> #АЛЬФА$) = -7.681957347559088
correctionProbability (#ВЕСОК$ -> #ВИСОК$) = -18.724834617129854
correctionProbability (#НОМЕРЬ$ -> #НОМЕР$) = -8.786187101221085
correctionProbability (#АИРИС$ -> #АЙРИС$) = -16.374956237314453
correctionProbability (#АНЕЛИБРИЯ$ -> #АНИЛИБРИЯ$) = -18.619732978860377
correctionProbability (#ПОЖЫЛЫЕ$ -> #ПОЖИЛЫЕ$) = -15.544321332163982
correctionProbability (#ПОДРД$ -> #ПОДРЯД$) = -5.921700632447205
correctionProbability (#КАСЫНКА$ -> #КОСЫНКА$) = -9.740449638363941
correctionProbability (#ФАРМЕЛЬ$ -> #ФОРМЕЛЬ$) = -19.247964409872445
correctionProbability (#КОНСУЛТАЦИЯ$ -> #КОНСУЛЬТАЦИЯ$) = -17.140692634811984
correctionProbability (#ХУДОДНІЙ$ -> #ХУДОЖНІЙ$) = -21.803585883204654
correctionProbability (#ДЕРЕАНЯ$ -> #ДЕРЕВНЯ$) = -11.911400777596967
correctionProbability (#ЭКСТРАСЕНСЕВ$ -> #ЭКСТРАСЕНСОВ$) = -14.496901176699588
correctionProbability (#ЦЕРЫ$ -> #ЦЕНЫ$) = -4.146781029083119
correctionProbability (#ЧАДАЕВА$ -> #ЧААДАЕВА$) = -22.662876284354503
correctionProbability (#LYFE$ -> #LIFE$) = -8.575573039555909
correctionProbability (#КОТЕГОРИЯМ$ -> #КАТЕГОРИЯМ$) = -20.158098328918754
correctionProbability (#ГОСПАЖА$ -> #ГОСПОЖА$) = -13.94150373352933
correctionProbability (#АМЕРИКАНСИЕ$ -> #АМЕРИКАНСКИЕ$) = -18.29848788727835
correctionProbability (#ВЫНДОВС$ -> #ВИНДОВС$) = -9.831642090895343
correctionProbability (#МАЙНКРАФЫТ$ -> #МАЙНКРАФТ$) = -10.492512932728609
correctionProbability (#ЛИНОВО$ -> #ЛЕНОВО$) = -12.935035419064388
correctionProbability (#ЛИСНИК$ -> #ЛЕСНИК$) = -11.867582497991616
correctionProbability (#SELECTIV$ -> #SELECTIVE$) = -24.952708807579157
correctionProbability (#ДЕВАЧКА$ -> #ДЕВОЧКА$) = -9.17025286722513
correctionProbability (#ФОТОЛЕПЧИК$ -> #ФОТОШОПЧИК$) = -100.56951515271423
correctionProbability (#ГОСПАЖИ$ -> #ГОСПОЖИ$) = -16.448865656579223
correctionProbability (#ЗОЛОТОРЕВ$ -> #ЗОЛОТАРЕВ$) = -23.17672953684629
correctionProbability (#ПОЗНОВАШКА$ -> #ПОЗНАВАШКА$) = -19.385661113829535
correctionProbability (#АККУЛЕНОК$ -> #АКУЛЕНОК$) = -19.111060247567096
correctionProbability (#НЕДОРСЛЬ$ -> #НЕДОРОСЛЬ$) = -17.45249308428319
correctionProbability (#ПЛНА$ -> #ПЛАН$) = -74.44018860770345
correctionProbability (#ЧЕБОСАРЫ$ -> #ЧЕБОКСАРЫ$) = -13.408590436778177
correctionProbability (#РОСГОСТРАХ$ -> #РОСГОССТРАХ$) = -18.76102398606468
correctionProbability (#ПРЕПАД$ -> #ПРЕПОД$) = -15.755424758035506
correctionProbability (#АШНАМ$ -> #АШРАМ$) = -21.01120457030044
correctionProbability (#ВЗВЕШАННЫЕ$ -> #ВЗВЕШЕННЫЕ$) = -21.128834973184674
correctionProbability (#СИСТРЕ$ -> #СЕСТРЕ$) = -13.339274328071642
correctionProbability (#ЭСПРЕСО$ -> #ЭСПРЕССО$) = -20.600262415457394
correctionProbability (#РБЩАТЬСЯ$ -> #ОБЩАТЬСЯ$) = -16.770790428219485
correctionProbability (#КОМУНАЛЬНУЮ$ -> #КОММУНАЛЬНУЮ$) = -28.410544702899053
correctionProbability (#КЗТ$ -> #КЗ$) = -6.496551977723833
correctionProbability (#REALISTICK$ -> #REALISTIC$) = -25.30762642901785
correctionProbability (#РЕКОР$ -> #РЕКОРД$) = -12.31380361452526
correctionProbability (#YOURK$ -> #YORK$) = -15.319748939637382
correctionProbability (#СИМУЛЬТОР$ -> #СИМУЛЯТОР$) = -12.994602602552384
correctionProbability (#СЕНДВИЧА$ -> #СЭНДВИЧА$) = -23.576696704437126
correctionProbability (#KHORFACAN$ -> #KHORFAKKAN$) = -90.57221410570642
correctionProbability (#ДЕВАЧКИ$ -> #ДЕВОЧКИ$) = -8.553258960044694
correctionProbability (#CLIKER$ -> #CLICKER$) = -20.71758856786694
correctionProbability (#МАЛЕНИЕ$ -> #МАЛЕНЬКИЕ$) = -78.58283910523072
correctionProbability (#SNABTUBE$ -> #SNAPTUBE$) = -20.355391397987802
correctionProbability (#ДЕДПУЛ$ -> #ДЭДПУЛ$) = -11.314414819043076
correctionProbability (#INDIIA$ -> #INDIA$) = -16.965807744641307
correctionProbability (#SKOCAT$ -> #SKACHAT$) = -76.97960407052172
correctionProbability (#МИОДДО$ -> #МОЖНО$) = -136.5001666754922
correctionProbability (#СИСТРА$ -> #СЕСТРА$) = -10.473853467689121
correctionProbability (#ПОЕВЛЯЕТЬС$ -> #ПОЯВЛЯЕТСЯ$) = -151.0790239044613
correctionProbability (#СПАНЧЬ$ -> #СПАНЧ$) = -14.222498535077609
correctionProbability (#ЧАДАЕВУ$ -> #ЧААДАЕВУ$) = -21.89182662924584
correctionProbability (#ЗАНЯИЯ$ -> #ЗАНЯТИЯ$) = -12.155519454750966
correctionProbability (#KARCAM$ -> #CARCAM$) = -20.312622559733217
correctionProbability (#ПУЗЫР$ -> #ПУЗЫРЬ$) = -15.385833712680213
correctionProbability (#РЕКОВЕРИ$ -> #РЕКАВЕРИ$) = -20.24822929454494
correctionProbability (#КЗЗ$ -> #КЗ$) = -6.5386156674099745
correctionProbability (#ASXATANQ$ -> #ASHXATANQ$) = -22.359152536292733
correctionProbability (#VORLD$ -> #WORLD$) = -8.465328462050618
correctionProbability (#КЗЕ$ -> #КЗ$) = -6.499965710167025
correctionProbability (#ПРИМОСКИЙ$ -> #ПРИМОРСКИЙ$) = -15.465486741706243
correctionProbability (#ЛУТЧШЕ$ -> #ЛУЧШЕ$) = -9.879660536741458
correctionProbability (#ОБАЗНОЧЕНИЕ$ -> #ОБОЗНАЧЕНИЕ$) = -82.15162350165505
correctionProbability (#НОМЕРВ$ -> #НОМЕРА$) = -10.533176903497047
correctionProbability (#ПЩЕНИЦА$ -> #ПШЕНИЦА$) = -16.926487405147142
correctionProbability (#ЕЗДИТСКИЕ$ -> #ЕЗИДСКИЕ$) = -90.21777284002802
correctionProbability (#ЬИЛАЙН$ -> #БИЛАЙН$) = -9.023100972968127
correctionProbability (#ЕЛЬЗЫ$ -> #ЭЛЬЗЫ$) = -14.299840962001984
correctionProbability (#БОНДЫ$ -> #БАНДЫ$) = -14.08625413234856
correctionProbability (#СУШТ$ -> #СУШИ$) = -7.243275453747124
correctionProbability (#РАСТУШОВКА$ -> #РАСТУШЕВКА$) = -24.65830850667993
correctionProbability (#ЗАЄИГАЮТ$ -> #ЗАЖИГАЮТ$) = -19.983334672072736
correctionProbability (#ГОЛГОТКАХ$ -> #КОЛГОТКАХ$) = -15.553946799932412
correctionProbability (#ЖКНЩИНА$ -> #ЖЕНЩИНА$) = -9.160447967775461
correctionProbability (#ТРЕЙЛЕ$ -> #ТРЕЙЛЕР$) = -10.739832510012377
correctionProbability (#РАЙОГА$ -> #РАЙОНА$) = -7.338164690242547
correctionProbability (#АЛАДІНА$ -> #АЛЛАДИНА$) = -84.00855696921941
correctionProbability (#КИАЙ$ -> #КИТАЙ$) = -10.754230819412495
correctionProbability (#СТОИМОТЬ$ -> #СТОИМОСТЬ$) = -9.924831998639235
correctionProbability (#ГРАБЕР$ -> #ГРАББЕР$) = -25.12618782072613
correctionProbability (#BALU$ -> #BALLU$) = -17.053781202530264
correctionProbability (#КИАИ$ -> #КИВИ$) = -8.046087758513028
correctionProbability (#ДИФФЕРЕНЦИЯ$ -> #ДИФФЕРЕНЦИАЦИЯ$) = -156.05496625969016
correctionProbability (#УАКИЕ$ -> #КАКИЕ$) = -5.835914788343988
correctionProbability (#ОРИЕНТАЛЬЕАЯ$ -> #ОРИЕНТАЛЬНАЯ$) = -23.91924917279568
correctionProbability (#BALS$ -> #BALLS$) = -17.49678028889115
correctionProbability (#ПАПОВИЧ$ -> #ПОПОВИЧ$) = -14.965036139713362
correctionProbability (#КАРЕЙСКИХ$ -> #КОРЕЙСКИХ$) = -20.09748418562714
correctionProbability (#ЦИГАНУКА$ -> #ЦЫГАНКА$) = -81.09076468537683
correctionProbability (#ЩАНС$ -> #ШАНС$) = -12.178883971502483
correctionProbability (#PODREAD$ -> #PODRYAD$) = -22.664479886605037
correctionProbability (#СРИТСЯ$ -> #СНИТСЯ$) = -10.527213267414947
correctionProbability (#УЧИБНИК$ -> #УЧЕБНИК$) = -9.016229170546026
correctionProbability (#ЖИОТНЫХ$ -> #ЖИВОТНЫХ$) = -10.12009153883745
correctionProbability (#НОИЕР$ -> #НОМЕР$) = -6.308964961119745
correctionProbability (#БОЮКИ$ -> #БРЮКИ$) = -13.843702620038254
correctionProbability (#РАЙОНК$ -> #РАЙОНЕ$) = -9.404119566799356
correctionProbability (#БРИТАНИЕ$ -> #БРИТАНИИ$) = -17.52183833522698
correctionProbability (#FREV$ -> #FRIV$) = -11.271918117442073
correctionProbability (#РАЮОТЫ$ -> #РАБОТЫ$) = -6.832450564692397
correctionProbability (#СТМПОМЫ$ -> #СИМПТОМЫ$) = -76.09972159355908
correctionProbability (#СЛОВАРТ$ -> #СЛОВАРЬ$) = -12.044180912855182
correctionProbability (#ПОЖЕЛЕЕШЬ$ -> #ПОЖАЛЕЕШЬ$) = -25.20526725456164
correctionProbability (#СЫНКОМ$ -> #СЫНОМ$) = -14.40183505230117
correctionProbability (#ЛАВАЦА$ -> #ЛАВАЦЦА$) = -21.418449548324226
correctionProbability (#ЗАНИЙ$ -> #ЗНАНИЙ$) = -13.266717668920808
correctionProbability (#ЭЛИГАНТ$ -> #ЭЛЕГАНТ$) = -18.73121346038915
correctionProbability (#ДЖИПИЕС$ -> #ДЖИПИЭС$) = -21.730676091729542
correctionProbability (#РАЙОНГ$ -> #РАЙОН$) = -9.010290513425193
correctionProbability (#РИАЛТЕК$ -> #РЕАЛТЕК$) = -18.67605553514133
correctionProbability (#НАБИУЛИНА$ -> #НАБИУЛЛИНА$) = -21.436122785456753
correctionProbability (#КОЭФИЦИЭНТЫ$ -> #КОЭФФИЦИЕНТЫ$) = -87.42641587221789
correctionProbability (#ДОРАА$ -> #ДОРАМА$) = -9.91604572684248
correctionProbability (#ЗАРИСЬ$ -> #ЗАПИСЬ$) = -8.440578918641037
correctionProbability (#IMEL$ -> #IMEI$) = -15.203763959070802
correctionProbability (#FILIMLER$ -> #FILMLER$) = -21.251985251449305
correctionProbability (#АТОМОБИЛЕ$ -> #АВТОМОБИЛЕ$) = -16.498330273366584
correctionProbability (#ЗНАЧЕГИЯ$ -> #ЗНАЧЕНИЯ$) = -15.152202029845014
correctionProbability (#ПАЛИЦЕЙСКИЙ$ -> #ПОЛИЦЕЙСКИЙ$) = -13.953903151177343
correctionProbability (#АЛИГАРХОВ$ -> #ОЛИГАРХОВ$) = -22.737309529666184
correctionProbability (#TELIGRAM$ -> #TELEGRAM$) = -14.530842676100363
correctionProbability (#РАЮОТУ$ -> #РАБОТУ$) = -8.995730810241557
correctionProbability (#ПОДРАВЛЕНИЯ$ -> #ПОЗДРАВЛЕНИЯ$) = -13.957826753526057
correctionProbability (#РАЧПИСАНИЕ$ -> #РАСПИСАНИЕ$) = -9.657346025372824
correctionProbability (#ПАРГРАФ$ -> #ПАРАГРАФ$) = -16.03077116623352
correctionProbability (#СКВИДВАРТ$ -> #СКВИДВАРД$) = -21.662546303775116
correctionProbability (#ДЕВШКИ$ -> #ДЕВУШКИ$) = -8.36432452166342
correctionProbability (#ВЫХОВ$ -> #ВЫЗОВ$) = -11.421348173827948
correctionProbability (#ПРОСОМ$ -> #ПРОСТОМ$) = -20.4763011642833
correctionProbability (#БЕШЕННЫЙ$ -> #БЕШЕНЫЙ$) = -20.404757563933302
correctionProbability (#ПОДОН$ -> #ПОДДОН$) = -15.183953076432214
correctionProbability (#РИНКТОНЫ$ -> #РИНГТОНЫ$) = -14.837887906893428
correctionProbability (#ПОЗЛРАВЛЕНИЯ$ -> #ПОЗДРАВЛЕНИЯ$) = -13.361479555752204
correctionProbability (#ЖОРОГА$ -> #ДОРОГА$) = -9.937500358149006
correctionProbability (#КОНТВКТЕ$ -> #КОНТАКТЕ$) = -7.216534550132003
correctionProbability (#РОССКАЗ$ -> #РАССКАЗ$) = -10.386134736031806
correctionProbability (#МУЛЬИКИ$ -> #МУЛЬТИКИ$) = -7.367287034723255
correctionProbability (#ИСМАЙЛОВ$ -> #ИСМАИЛОВ$) = -19.92870997773995
correctionProbability (#ТЕТЕОЕ$ -> #ТЕТОК$) = -83.5201709443985
correctionProbability (#АТОМОБИЛЬ$ -> #АВТОМОБИЛЬ$) = -13.620066583792209
correctionProbability (#КОМИДИИ$ -> #КОМЕДИИ$) = -9.279880608643005
correctionProbability (#ПЛОЩЯДЬ$ -> #ПЛОЩАДЬ$) = -11.230910797865327
correctionProbability (#ДАИА$ -> #ДАТА$) = -8.949345386851984
correctionProbability (#ЧЕМПИОАТ$ -> #ЧЕМПИОНАТ$) = -11.83061853953761
correctionProbability (#GOSTMANE$ -> #GHOSTEMANE$) = -87.02155973562188
correctionProbability (#ИМУНОГЛОБУЛИНА$ -> #ИММУНОГЛОБУЛИНА$) = -32.32465924676253
correctionProbability (#ЦЕНЗУРЫВ$ -> #ЦЕНЗУРЫ$) = -15.025398781054044
correctionProbability (#ВАТПАД$ -> #ВАТТПАД$) = -21.24356263682556
correctionProbability (#ССОБЩЕНИЕ$ -> #СООБЩЕНИЕ$) = -12.764233027871917
correctionProbability (#ТРЕЛЕБУС$ -> #ТРОЛЛЕЙБУС$) = -149.24752563810367
correctionProbability (#РЕГИСТОР$ -> #РЕГИСТР$) = -18.90401178419021
correctionProbability (#КОНКУСЫ$ -> #КОНКУРСЫ$) = -14.354767707177224
correctionProbability (#ПЕЧЯТЬ$ -> #ПЕЧАТЬ$) = -9.826960058034818
correctionProbability (#НЮРБЕРГ$ -> #НЮРНБЕРГ$) = -21.317082087420744
correctionProbability (#КЛИНЕКА$ -> #КЛИНИКА$) = -9.598254555878462
correctionProbability (#МАМЫЕ$ -> #САМЫЕ$) = -6.275817124691372
correctionProbability (#СОСТАВТЬ$ -> #СОСТАВИТЬ$) = -13.550342031209176
correctionProbability (#КОМПАНИЕ$ -> #КОМПАНИИ$) = -11.305320252783723
correctionProbability (#ЛЕКАРСТВЕНЫЕ$ -> #ЛЕКАРСТВЕННЫЕ$) = -22.332379311469907
correctionProbability (#МИНИСТЕР$ -> #МИНИСТР$) = -16.600854056482113
correctionProbability (#PUBGE$ -> #PUBG$) = -12.726148009009766
correctionProbability (#ЧУРЧХЕЛЛА$ -> #ЧУРЧХЕЛА$) = -23.759568389150566
correctionProbability (#WIRAR$ -> #WINRAR$) = -14.745437817839974
correctionProbability (#ПРИСТИТУТКА$ -> #ПРОСТИТУТКА$) = -18.476705592100267
correctionProbability (#КАМПОСТ$ -> #КОМПОСТ$) = -19.092283678714892
correctionProbability (#РАЗМЕРВ$ -> #РАЗМЕРЫ$) = -10.11589522543101
correctionProbability (#МИЛИЕ$ -> #МИЛЫЕ$) = -10.147011413391954
correctionProbability (#СТАРОИ$ -> #СТАРОЙ$) = -12.54152941352655
correctionProbability (#ПЕТРАКОВСКОЙ$ -> #ПЕТРАНОВСКОЙ$) = -30.38129886713483
correctionProbability (#ПАЛЛАДИН$ -> #ПАЛАДИН$) = -22.519029146519465
correctionProbability (#КАРАРКЕ$ -> #КАРАОКЕ$) = -9.555940011888353
correctionProbability (#НЕВТЕХИМИК$ -> #НЕФТЕХИМИК$) = -21.15434488671655
correctionProbability (#РАСККАЗЫ$ -> #РАССКАЗЫ$) = -10.712048542619478
correctionProbability (#БЕЗЗ$ -> #БЕЗ$) = -4.816258216889555
correctionProbability (#ВЫГРАЛ$ -> #ВЫИГРАЛ$) = -17.838365213326227
correctionProbability (#CMATCH$ -> #CATCH$) = -17.66835414296305
correctionProbability (#ПРИКРЛЫ$ -> #ПРИКОЛЫ$) = -8.360553204519277
correctionProbability (#ЭНГЛИСА$ -> #ЭНГЕЛЬСА$) = -82.88625036312239
correctionProbability (#КВВАРТИРУ$ -> #КВАРТИРУ$) = -11.263241463033474
correctionProbability (#ВИДЕЧАТ$ -> #ВИДЕОЧАТ$) = -14.490873790936966
correctionProbability (#ЧЕЛАВЕК$ -> #ЧЕЛОВЕК$) = -7.687935515103341
correctionProbability (#ФЗЛОМ$ -> #ВЗЛОМ$) = -9.026308678472734
correctionProbability (#ГУМОС$ -> #ГУМУС$) = -21.033975914041537
correctionProbability (#ГЛАЩАМИ$ -> #ГЛАЗАМИ$) = -11.93578341528984
correctionProbability (#СВАЕ$ -> #СВОЕ$) = -11.71299246956568
correctionProbability (#СМЕНЫЙ$ -> #СМЕННЫЙ$) = -18.863215537527232
correctionProbability (#МАБАИЛ$ -> #МОБАЙЛ$) = -77.35624653212554
correctionProbability (#ФФФСБУФК$ -> #ФФФСБУК$) = -24.840608982682582
correctionProbability (#ЖОСТКО$ -> #ЖЕСТКО$) = -14.00441130659242
correctionProbability (#КОМПАЗИТОР$ -> #КОМПОЗИТОР$) = -17.244578883296256
correctionProbability (#ЛАБОДЫ$ -> #ЛОБОДЫ$) = -16.97373826352481
correctionProbability (#РЕАЛНО$ -> #РЕАЛЬНО$) = -15.030368224489074
correctionProbability (#ЖИТЛМИР$ -> #ЖИТОМИР$) = -14.243970988469918
correctionProbability (#ПЛЖЙ$ -> #ПЛЕЙ$) = -8.431892802551147
correctionProbability (#ANSWEAR$ -> #ANSWER$) = -19.11191815087275
correctionProbability (#КОРКАМ$ -> #КАРКАМ$) = -19.073809268612234
correctionProbability (#OUF$ -> #OF$) = -5.9271356702057965
correctionProbability (#РАЗМЕРІ$ -> #РАЗМЕРЫ$) = -10.119323408425075
correctionProbability (#ПОМЕНЯЬ$ -> #ПОМЕНЯТЬ$) = -12.349627812516452
correctionProbability (#МОРГЕНШТЕЙН$ -> #МОРГЕНШТЕРН$) = -18.866203323893146
correctionProbability (#СЕКСВАЛН$ -> #СЕКСВАЛНИ$) = -26.751546957200482
correctionProbability (#ZOOSCOOL$ -> #ZOOSKOOL$) = -19.168114199393465
correctionProbability (#ГЛОВА$ -> #ГЛАВА$) = -10.865666068904321
correctionProbability (#ФАКСТРОТ$ -> #ФОКСТРОТ$) = -16.701732310099494
correctionProbability (#АПЕТКАХ$ -> #АПТЕКАХ$) = -80.41224423128911
correctionProbability (#ПРИЗИРВАТИВ$ -> #ПРЕЗЕРВАТИВ$) = -85.69804303318253
correctionProbability (#MATTIN$ -> #MARTIN$) = -14.768168839198712
correctionProbability (#ИСАК$ -> #ИСААК$) = -16.76971194401438
correctionProbability (#ВЫГРАШ$ -> #ВЫИГРЫШ$) = -82.67285429205559
correctionProbability (#ПАСПАРТОВ$ -> #ПАСПОРТОВ$) = -20.344464402325436
correctionProbability (#ТОЙЛО$ -> #ТОЙЛА$) = -20.795106912872445
correctionProbability (#МЕТАЛА$ -> #МЕТАЛЛА$) = -11.824972394117523
correctionProbability (#КУЛТЕГИН$ -> #КҮЛТЕГІН$) = -86.69439840989861
correctionProbability (#МЕТАЛЕ$ -> #МЕТАЛЛЕ$) = -18.551685403561926
correctionProbability (#НАЗЫАНИЕ$ -> #НАЗВАНИЕ$) = -11.531424345767554
correctionProbability (#АБАС$ -> #АББАС$) = -21.630010337237184
correctionProbability (#KISLATA$ -> #KISLOTA$) = -23.963963074479956
correctionProbability (#РАСТОВЦЕВА$ -> #РОСТОВЦЕВА$) = -22.475912033512387
correctionProbability (#ГИБОН$ -> #ГИББОН$) = -22.56292059901078
correctionProbability (#ZAPCHAST$ -> #ZAPCHASTI$) = -26.713106445627147
correctionProbability (#СЕСОН$ -> #СЕЗОН$) = -2.1728812993448834
correctionProbability (#ПУЛЬМАНОЛОГИЯ$ -> #ПУЛЬМОНОЛОГИЯ$) = -27.257410282032588
correctionProbability (#ЗАНКИ$ -> #ЗНАКИ$) = -76.51324019392112
correctionProbability (#ПОЗЛРАВЛЕНИЕ$ -> #ПОЗДРАВЛЕНИЕ$) = -13.661001944425628
correctionProbability (#ЕМЕРАЛЬД$ -> #ЭМЕРАЛЬД$) = -20.54702099967038
correctionProbability (#РАДИССОН$ -> #РЭДИССОН$) = -18.03297292784972
correctionProbability (#АТУС$ -> #СТАТУС$) = -77.52196145817676
correctionProbability (#LOSST$ -> #LOST$) = -13.45753615263897
correctionProbability (#УТЕПЛЕНЫЙ$ -> #УТЕПЛЕННЫЙ$) = -21.723602449406137
correctionProbability (#MILLITARY$ -> #MILITARY$) = -22.016694884189548
correctionProbability (#ПЛОЩЯДИ$ -> #ПЛОЩАДИ$) = -13.132395633393266
correctionProbability (#ИНТТМСИТИ$ -> #ИНТИМСИТИ$) = -16.840317877027992
correctionProbability (#РАЮОТА$ -> #РАБОТА$) = -4.949376773065577
correctionProbability (#ОСКВУ$ -> #МОСКВУ$) = -12.394135374003117
correctionProbability (#ПОЦАН$ -> #ПАЦАН$) = -12.35946105448399
correctionProbability (#ИЗМИРЬ$ -> #ИЗМИР$) = -21.13962516079771
correctionProbability (#DEKATLON$ -> #DECATHLON$) = -86.03230829294188
correctionProbability (#БЕКВЫ$ -> #БУКВЫ$) = -7.93347472919362
correctionProbability (#ДОВИДКА$ -> #ДОВІДКА$) = -19.41810300481312
correctionProbability (#РАЙОНП$ -> #РАЙОНА$) = -7.346453525872249
correctionProbability (#АОРОНЕЖ$ -> #ВОРОНЕЖ$) = -8.945631601512687
correctionProbability (#МЕРИИ$ -> #МЭРИИ$) = -16.948625460052657
correctionProbability (#КЛБ$ -> #КЛУБ$) = -7.227035543151839
correctionProbability (#ХРИСТИЯН$ -> #ХРИСТИАН$) = -18.85096819300712
correctionProbability (#ПЕРВИЕ$ -> #ПЕРВЫЕ$) = -10.895982026731193
correctionProbability (#ХИДХАНТЕР$ -> #ХЕДХАНТЕР$) = -15.326899720211458
correctionProbability (#СТРЕЛЯКИ$ -> #СТРЕЛЯЛКИ$) = -14.181004060386122
correctionProbability (#GROOP$ -> #GROUP$) = -12.026014705759106
correctionProbability (#ОЮНОВИТЬ$ -> #ОБНОВИТЬ$) = -13.199087158623009
correctionProbability (#CLOSEA$ -> #CLOSE$) = -17.814597358328303
correctionProbability (#КЛА$ -> #КЛАСС$) = -68.25917624674517
correctionProbability (#СВЯТИХ$ -> #СВЯТЫХ$) = -14.742383589212114
correctionProbability (#РИЕЛТОРОВ$ -> #РИЭЛТОРОВ$) = -22.494278420942123
correctionProbability (#ТЕЧЕНЬЕ$ -> #ПЕЧЕНЬЕ$) = -12.400364216343966
correctionProbability (#ПРИМЬЕРА$ -> #ПРЕМЬЕРА$) = -15.248032150921858
correctionProbability (#ФОТА$ -> #ФОТО$) = -0.5093367839770302
correctionProbability (#СЕСРА$ -> #СЕСТРА$) = -11.059198172914353
correctionProbability (#ДЕКРАТИВНЫЕ$ -> #ДЕКОРАТИВНЫЕ$) = -18.498047601781956
correctionProbability (#ПЕНИАМИН$ -> #ПИНЕАМИН$) = -87.70320822056522
correctionProbability (#МЕРЕЛ$ -> #МЕРЕЛЛ$) = -23.570925705227225
correctionProbability (#ДИТОМИР$ -> #ЖИТОМИР$) = -14.183392458478636
correctionProbability (#BOLUMM$ -> #BOLUM$) = -15.447747230855033
correctionProbability (#ОАБОТАЕТ$ -> #РАБОТАЕТ$) = -11.274202204702952
correctionProbability (#РЕЗЕРФ$ -> #РЕЗЕРВ$) = -15.993911672481335
correctionProbability (#ИВАЛИД$ -> #ИНВАЛИД$) = -16.942298510783544
correctionProbability (#ФОТГ$ -> #ФОТО$) = -0.6140846156065614
correctionProbability (#СОСЬЕДПД$ -> #СОСЬЕДАД$) = -22.759629266128137
correctionProbability (#ШОПЕНГАУЕР$ -> #ШОПЕНГАУЭР$) = -23.180606438293673
correctionProbability (#ВАКАНСІІ$ -> #ВАКАНСІЇ$) = -21.06119494312643
correctionProbability (#САНАТОРИИМС$ -> #САНАТОРИИ$) = -82.96980241602854
correctionProbability (#ОСКВА$ -> #МОСКВА$) = -4.700100190455988
correctionProbability (#СДЕЛАТ$ -> #СДЕЛАТЬ$) = -6.695999449191262
correctionProbability (#ПОХДРАВЛЕНИЕ$ -> #ПОЗДРАВЛЕНИЕ$) = -13.661578437573517
correctionProbability (#STAEM$ -> #STEAM$) = -78.169114403661
correctionProbability (#ГЛАДИОЛОСОВ$ -> #ГЛАДИОЛУСОВ$) = -21.803086625199832
correctionProbability (#ШИРЕНУ$ -> #ШИРИНУ$) = -17.097213963413868
correctionProbability (#ЦЕЛЮ$ -> #ЦЕЛЬЮ$) = -14.974198086936784
correctionProbability (#INCENT$ -> #INCEST$) = -14.14573205674623
correctionProbability (#ЭСЕЕ$ -> #ЭССЕ$) = -10.60888161821983
correctionProbability (#ПОЯВЛЕТСЯ$ -> #ПОЯВЛЯЕТСЯ$) = -19.12239250440919
correctionProbability (#МУХАМОР$ -> #МУХОМОР$) = -16.053202745846882
correctionProbability (#MOSGEY$ -> #MOSGAY$) = -25.249604948927086
correctionProbability (#ВАИЛДБЕРЕС$ -> #ВИЛДБЕРИС$) = -81.93029351668936
correctionProbability (#ТЮРМАХ$ -> #ТЮРЬМАХ$) = -20.684371678955785
correctionProbability (#ВЕНЕСУЕЛА$ -> #ВЕНЕСУЭЛА$) = -20.350713582260376
correctionProbability (#ОЛМИМПОКС$ -> #ОЛИМПОКС$) = -20.167045600785244
correctionProbability (#ИМАИЛ$ -> #МАЙЛ$) = -70.88074780244628
correctionProbability (#СВІТШОТ$ -> #СВИТШОТ$) = -17.097661632067478
correctionProbability (#ЛОБНАЯС$ -> #ЛОБНАЯ$) = -22.456571544253592
correctionProbability (#ПРАЗДНИСНЫЕ$ -> #ПРАЗДНИЧНЫЕ$) = -16.584645623143373
correctionProbability (#ГЕОЛАНДЕР$ -> #ГЕОЛЕНДЕР$) = -27.033049650012167
correctionProbability (#КРЕВЕРКИ$ -> #КРЕВЕТКИ$) = -16.28977741507117
correctionProbability (#АЦИТЕЛЕН$ -> #АЦЕТИЛЕН$) = -86.68069008665147
correctionProbability (#РАБОЧАЯЯ$ -> #РАБОЧАЯ$) = -11.834813009658035
correctionProbability (#СДЕЛАИ$ -> #СДЕЛАЙ$) = -14.322986238687736
correctionProbability (#ЩАЛЬ$ -> #ШАЛЬ$) = -12.562863278757025
correctionProbability (#ТРАИЛ$ -> #ТРЕЙЛ$) = -78.28509903046007
correctionProbability (#ККЛ$ -> #ККАЛ$) = -15.51050763871638
correctionProbability (#ПРАВІЛЬНО$ -> #ПРАВИЛЬНО$) = -9.608265969577857
correctionProbability (#ИНГЛИШЬ$ -> #ИНГЛИШ$) = -17.074544413817332
correctionProbability (#ФОТР$ -> #ФОТО$) = -0.6054959157033046
correctionProbability (#ВКОНТАТКЕ$ -> #ВКОНТАКТЕ$) = -74.35812187990327
correctionProbability (#СОВРЕИЕННЫЕ$ -> #СОВРЕМЕННЫЕ$) = -15.183857521929227
correctionProbability (#ЦЕМИ$ -> #ЦЕПИ$) = -11.110560330035891
correctionProbability (#ДРОКОН$ -> #ДРАКОН$) = -11.762197443277604
correctionProbability (#МУЛЬТАТЕР$ -> #МУЛЬТАТОР$) = -24.249419169561378
correctionProbability (#АНТИВИРУ$ -> #АНТИВИРУС$) = -13.927453024291232
correctionProbability (#ДАЙФ$ -> #ЛАЙФ$) = -7.528533713707436
correctionProbability (#ПАПИЛОМОВИРУС$ -> #ПАПИЛЛОМАВИРУС$) = -93.6790585339222
correctionProbability (#ПОДЕЛУИ$ -> #ПОДЕЛКИ$) = -8.00391048428191
correctionProbability (#ТРАИХ$ -> #ТРОИХ$) = -13.635370515030562
correctionProbability (#ЗБЫРНИК$ -> #ЗБІРНИК$) = -18.73930657113379
correctionProbability (#МАЛЬЧТКА$ -> #МАЛЬЧИКА$) = -11.470278960437362
correctionProbability (#КАРТМ$ -> #КАРТА$) = -4.119645366960185
correctionProbability (#БЛЬШАЯ$ -> #БОЛЬШАЯ$) = -11.51872929494607
correctionProbability (#GLAUBERG$ -> #BLAUBERG$) = -26.844224870105315
correctionProbability (#ГЛЯСЕ$ -> #ГЛЯССЕ$) = -22.652194887140894
correctionProbability (#БУГГАТИ$ -> #БУГАТТИ$) = -84.16606624967366
correctionProbability (#МИРНІЙ$ -> #МИРНЫЙ$) = -14.421327970774822
correctionProbability (#КОЛИФОРНИИ$ -> #КАЛИФОРНИИ$) = -20.266673103237004
correctionProbability (#WEBKAM$ -> #WEBCAM$) = -13.900117619769606
correctionProbability (#ТРАИТ$ -> #ТРОИТ$) = -16.09528275656817
correctionProbability (#MATSH$ -> #MATCH$) = -12.187015397005315
correctionProbability (#РАЗМЕРИ$ -> #РАЗМЕРЫ$) = -10.085559228821872
correctionProbability (#WACH$ -> #WATCH$) = -11.56833806622534
correctionProbability (#САББУФЕРА$ -> #САБВУФЕРА$) = -20.116981718625162
correctionProbability (#КАМПАНИА$ -> #КОМПАНИЯ$) = -74.90433540475503
correctionProbability (#РИЕСТР$ -> #РЕЕСТР$) = -11.236137888806898
correctionProbability (#АНГЛТЙСКИЙ$ -> #АНГЛИЙСКИЙ$) = -11.218320155675983
correctionProbability (#ДОРОФЕЕФ$ -> #ДОРОФЕЕВ$) = -14.887723002839031
correctionProbability (#СНЕГЕРЕЙ$ -> #СНЕГИРЕЙ$) = -22.721110761676435
correctionProbability (#КАРТП$ -> #КАРТА$) = -4.107749476704736
correctionProbability (#ПІОНЕР$ -> #ПИОНЕР$) = -14.367444040056615
correctionProbability (#ВЯЗАННИЕ$ -> #ВЯЗАНИЕ$) = -11.393544049457304
correctionProbability (#МИЛИЦЫЮ$ -> #МИЛИЦИЮ$) = -17.303548782178197
correctionProbability (#CREATIV$ -> #CREATIVE$) = -18.634435739341626
correctionProbability (#БАГЕЕВА$ -> #БАГАЕВА$) = -23.932694694252433
correctionProbability (#МАШИНП$ -> #МАШИНА$) = -8.270500853795859
correctionProbability (#КОМИСАРЕНКО$ -> #КОМИССАРЕНКО$) = -27.108920223508676
correctionProbability (#ЗНАЧЕГИЕ$ -> #ЗНАЧЕНИЕ$) = -10.841847821440375
correctionProbability (#САЛИНТ$ -> #САЙЛЕНТ$) = -82.4310555518041
correctionProbability (#РАССПОЛОЖЕНИЕ$ -> #РАСПОЛОЖЕНИЕ$) = -20.35104242919133
correctionProbability (#ШИЛУХА$ -> #ШЕЛУХА$) = -18.802882378321986
correctionProbability (#АДРУС$ -> #АДРЕС$) = -8.11814428568221
correctionProbability (#СЕКСВАЙВ$ -> #СЕКСВАЙФ$) = -15.999904256411902
correctionProbability (#НАСАЛО$ -> #НАЧАЛО$) = -10.394482311214997
correctionProbability (#СКАЙВОКЕР$ -> #СКАЙУОКЕР$) = -23.035687500357362
correctionProbability (#ТАЛАНТИ$ -> #ТАЛАНТЫ$) = -16.12841877448757
correctionProbability (#НВЫЙ$ -> #НОВЫЙ$) = -5.8834622112614845
correctionProbability (#ДЕМИСИЗОННЫЕ$ -> #ДЕМИСЕЗОННЫЕ$) = -21.99837261110222
correctionProbability (#ХАРКОВ$ -> #ХАРЬКОВ$) = -11.122926398625566
correctionProbability (#OWF$ -> #OF$) = -5.932144913668438
correctionProbability (#МАМАШКАМИ$ -> #МАМОЧКАМИ$) = -86.11350116897255
correctionProbability (#АСТНА$ -> #АСТАНА$) = -9.649422899660774
correctionProbability (#ПЕСОЧНЕЦА$ -> #ПЕСОЧНИЦА$) = -18.428818723498622
correctionProbability (#БЕДАКУР$ -> #БЕДОКУР$) = -25.148395876798652
correctionProbability (#КЛЧ$ -> #КЛЮЧ$) = -7.184530826973482
correctionProbability (#ИЛЮМИНАТЫ$ -> #ИЛЛЮМИНАТЫ$) = -24.2815419510572
correctionProbability (#ЖОСТИК$ -> #ДЖОЙСТИК$) = -83.51974249814285
correctionProbability (#КЛЩ$ -> #КЛЕЩ$) = -14.328077949491952
correctionProbability (#ПРАИВЛЬНО$ -> #ПРАВИЛЬНО$) = -77.46740487024347
correctionProbability (#МИМИМИШ$ -> #МИМИМИШКИ$) = -78.48916916134182
correctionProbability (#ИНТЕРНЕНТ$ -> #ИНТЕРНЕТ$) = -8.417972290089814
correctionProbability (#ТОНОСОЛ$ -> #ТОНОСИЛ$) = -18.921537896704336
correctionProbability (#КЛШ$ -> #КЛЕШ$) = -12.95875492942314
correctionProbability (#КАРТВ$ -> #КАРТЫ$) = -5.949295145579146
correctionProbability (#ШОКОЛОДА$ -> #ШОКОЛАДА$) = -16.096424262340342
correctionProbability (#КИЛАЕТ$ -> #КИДАЕТ$) = -19.002184382637697
correctionProbability (#ПАДИНГТОНА$ -> #ПАДДИНГТОНА$) = -22.478147956935736
correctionProbability (#DREVER$ -> #DRIVER$) = -10.475922663723377
correctionProbability (#НВЫЕ$ -> #НОВЫЕ$) = -4.563189820243064
correctionProbability (#ИМАЙЛ$ -> #МАЙЛ$) = -6.152327107244744
correctionProbability (#ЦЕНВ$ -> #ЦЕНА$) = -2.2453893802372455
correctionProbability (#КАЛЯДКИ$ -> #КОЛЯДКИ$) = -19.98135919943975
correctionProbability (#САОЕЙ$ -> #СВОЕЙ$) = -11.169979940903506
correctionProbability (#АТЦА$ -> #ОТЦА$) = -10.9650623124713
correctionProbability (#ЧЕЛОВНКА$ -> #ЧЕЛОВЕКА$) = -8.87675336023765
correctionProbability (#КОСТАНТИН$ -> #КОНСТАНТИН$) = -15.125683170135396
correctionProbability (#ФОУМ$ -> #ФОРУМ$) = -6.974558798511129
correctionProbability (#СПОРБОКС$ -> #СПОРТБОКС$) = -12.81032530570954
correctionProbability (#НАПИСАНИ$ -> #НАПИСАНИЯ$) = -17.423039172567826
correctionProbability (#УОРЛД$ -> #ВОРЛД$) = -9.94347802315821
correctionProbability (#ПОЛЯШОВА$ -> #ПОЛЯКОВА$) = -15.445467889655113
correctionProbability (#АТОВОКЗАЛ$ -> #АВТОВОКЗАЛ$) = -16.080235476468722
correctionProbability (#АЛКОГАЛИЗМА$ -> #АЛКОГОЛИЗМА$) = -17.78417813662132
correctionProbability (#ОДНОКЛАСНИ$ -> #ОДНОКЛАССНИКИ$) = -142.42700735988547
correctionProbability (#ЛЕТКАЛЬ$ -> #ЛЕТУАЛЬ$) = -11.857882000300322
correctionProbability (#НАПИСТАЬ$ -> #НАПИСАТЬ$) = -79.33513127975152
correctionProbability (#ЕКВАДОР$ -> #ЭКВАДОР$) = -17.633771831815217
correctionProbability (#РАЙФАЙЗЕН$ -> #РАЙФФАЙЗЕН$) = -17.94859049305169
correctionProbability (#МОБЕЛ$ -> #МОБИЛ$) = -14.132993266637083
correctionProbability (#КАЧНОВА$ -> #КАЧАНОВА$) = -22.68162561675542
correctionProbability (#КЛАСИЧЕСКУЮ$ -> #КЛАССИЧЕСКУЮ$) = -23.24782885652258
correctionProbability (#СИМФОНИ$ -> #СИМФОНИЯ$) = -17.018067824056978
correctionProbability (#ЭЛЕКТРОФАРЕЗА$ -> #ЭЛЕКТРОФОРЕЗА$) = -26.855092768005832
correctionProbability (#ЦЕНИ$ -> #ЦЕНЫ$) = -4.067321942073054
correctionProbability (#ОТНОЩЕНИЯ$ -> #ОТНОШЕНИЯ$) = -13.289872561076372
correctionProbability (#КАСАМАРАТТИ$ -> #КАСАМОРАТТИ$) = -36.562682509909884
correctionProbability (#OVQ$ -> #OBQ$) = -20.465229535912524
correctionProbability (#КЦПИТИ$ -> #КУПИТЬ$) = -66.13888562981977
correctionProbability (#DITY$ -> #DUTY$) = -10.332520556496949
correctionProbability (#ИМЕННИ$ -> #ИМЕНИ$) = -11.102057034814269
correctionProbability (#НЕОВОСТИ$ -> #НОВОСТИ$) = -6.7558594878147105
correctionProbability (#ОНГЛИСКОМ$ -> #АНГЛИЙСКОМ$) = -77.24404248125248
correctionProbability (#ГЛИСТИ$ -> #ГЛИСТЫ$) = -15.265915406863844
correctionProbability (#СЫКТЫВКР$ -> #СЫКТЫВКАР$) = -15.652879708432714
correctionProbability (#КАРБИТ$ -> #КАРБИД$) = -19.636188220986316
correctionProbability (#ЦЕНМ$ -> #ЦЕНАМ$) = -14.002667561941667
correctionProbability (#ПРОСТИТУТКИЙ$ -> #ПРОСТИТУТКИ$) = -16.860510882969926
correctionProbability (#ИНФОМАТИКЕ$ -> #ИНФОРМАТИКЕ$) = -17.388837124007722
correctionProbability (#ФОНОТИЧЕСКИЙ$ -> #ФОНЕТИЧЕСКИЙ$) = -19.375361513802652
correctionProbability (#ОДНОКЛАССЕИКИ$ -> #ОДНОКЛАССНИКИ$) = -11.24858174955871
correctionProbability (#АМЕРКАНСКАЯ$ -> #АМЕРИКАНСКАЯ$) = -18.090044691930196
correctionProbability (#МАГАЩИН$ -> #МАГАЗИН$) = -5.0344297424508735
correctionProbability (#БЕЙД$ -> #БЛЕЙД$) = -13.660556710490486
correctionProbability (#АКТИВИРОВАНУЮ$ -> #АКТИВИРОВАННУЮ$) = -29.114396783569063
correctionProbability (#БОБРРВНИКОВО$ -> #БОБРОВНИКОВО$) = -29.859392361813796
correctionProbability (#ЦЕНР$ -> #ЦЕНТР$) = -6.126570372997296
correctionProbability (#ПЛПТИТЬ$ -> #ПЛАТИТЬ$) = -13.498061937824048
correctionProbability (#ИНСЬИТУТ$ -> #ИНСТИТУТ$) = -11.71366850379485
correctionProbability (#АМЕРИКАНСЬКИХ$ -> #АМЕРИКАНСКИХ$) = -23.967917397842875
correctionProbability (#ЦЕНС$ -> #ЦЕНА$) = -2.2518160911682124
correctionProbability (#STADY$ -> #STUDY$) = -15.28409655150109
correctionProbability (#КОМПЪЮТЕРЕ$ -> #КОМПЬЮТЕРЕ$) = -14.141986705118434
correctionProbability (#АЙТРЕКЕРЫ$ -> #ТРЕКЕРЫ$) = -89.05392642580803
correctionProbability (#РИЕЛТОРОМ$ -> #РИЭЛТОРОМ$) = -23.253451781408927
correctionProbability (#ЛИЦЕНЗИЕ$ -> #ЛИЦЕНЗИИ$) = -15.118762563887977
correctionProbability (#СІНОПНІК$ -> #СІНОПТІК$) = -17.56321797763607
correctionProbability (#БИТОВІ$ -> #БИТВІ$) = -27.31842709755702
correctionProbability (#КУЗНЕЧЕК$ -> #КУЗНЕЧИК$) = -17.099370379065896
correctionProbability (#ГОСУСЛУ$ -> #ГОСУСЛУГИ$) = -75.10128696508121
correctionProbability (#НООТБУК$ -> #НОУТБУК$) = -10.516195828868355
correctionProbability (#МЕСЕДЕС$ -> #МЕРСЕДЕС$) = -11.386450995142141
correctionProbability (#СЩВЕСТЬ$ -> #СОВЕСТЬ$) = -11.896242074542528
correctionProbability (#ЗЕРРО$ -> #ЗЕРО$) = -16.569437104569776
correctionProbability (#ИНДИН$ -> #ИНДИАН$) = -20.640679651059482
correctionProbability (#RКАК$ -> #КАК$) = -1.6364698757801328
correctionProbability (#ТРАСПОРТЕ$ -> #ТРАНСПОРТЕ$) = -17.316378661423975
correctionProbability (#ХАМИКОВ$ -> #ХОМЯКОВ$) = -80.39673465648107
correctionProbability (#КОМПРЕС$ -> #КОМПРЕСС$) = -19.1987956342576
correctionProbability (#SERIOS$ -> #SERIOUS$) = -19.32084684377095
correctionProbability (#РИЗИНЫ$ -> #РЕЗИНЫ$) = -14.37108514729383
correctionProbability (#ФРАНЦУСКАЯ$ -> #ФРАНЦУЗСКАЯ$) = -19.000036028848626
correctionProbability (#ЯЗЫУ$ -> #ЯЗЫКУ$) = -6.941142641388364
correctionProbability (#СИСТЕИЕ$ -> #СИСТЕМЕ$) = -12.583432558931122
correctionProbability (#ТКЛЕФОН$ -> #ТЕЛЕФОН$) = -7.468048849431241
correctionProbability (#ШЕНОК$ -> #ЩЕНОК$) = -12.791861986936357
correctionProbability (#ПРОПИСЮ$ -> #ПРОПИСЬЮ$) = -15.98540519328791
correctionProbability (#БОРДЕЛЕНС$ -> #БОРДЕРЛЕНДС$) = -87.49556998849869
correctionProbability (#ЕРНЫЙ$ -> #ЧЕРНЫЙ$) = -9.476470620283447
correctionProbability (#DOCHKLISINOCHKI$ -> #DOCHKISINOCHKI$) = -31.513720148241916
correctionProbability (#УСЛКГИ$ -> #УСЛУГИ$) = -8.16663564051434
correctionProbability (#ЗАГРУЗТЬ$ -> #ЗАГРУЗИТЬ$) = -16.817899019520404
correctionProbability (#БЕСКОНЕСНОСТИ$ -> #БЕСКОНЕЧНОСТИ$) = -18.229667698261878
correctionProbability (#СТУЛО$ -> #СТУЛА$) = -15.330252213920982
correctionProbability (#LOLLITA$ -> #LOLITA$) = -18.748620047852707
correctionProbability (#ПОЛИНЬ$ -> #ПОЛЫНЬ$) = -15.478584726823168
correctionProbability (#ИНТЕРНЕТЫ$ -> #ИНТЕРНЕТ$) = -8.492905885785355
correctionProbability (#FASEIT$ -> #FACEIT$) = -14.447392999059883
correctionProbability (#GROME$ -> #CHROME$) = -76.4924150136977
correctionProbability (#СУПР$ -> #СУПЕР$) = -7.674362780516443
correctionProbability (#КОТАЮТ$ -> #КАТАЮТ$) = -22.4874249478826
correctionProbability (#ЛУЧЬШИЕ$ -> #ЛУЧШИЕ$) = -9.357965444728539
correctionProbability (#ЬАМ$ -> #ТАМ$) = -8.59077646029758
correctionProbability (#БЛЕЗНЯШКАМИ$ -> #БЛИЗНЯШКАМИ$) = -27.088024926093546
correctionProbability (#АЛАДИНА$ -> #АЛЛАДИНА$) = -19.236721711888393
correctionProbability (#СЕНРИЯ$ -> #СЕРИЯ$) = -4.730799332431086
correctionProbability (#ФОРЖ$ -> #ФОРД$) = -7.648090118042806
correctionProbability (#МАГЕЛАН$ -> #МАГЕЛЛАН$) = -19.717766170319564
correctionProbability (#ЦИГАНКУ$ -> #ЦЫГАНКУ$) = -21.472977965914446
correctionProbability (#ИНСИАГРАММ$ -> #ИНСТАГРАМ$) = -75.82380640004519
correctionProbability (#ПЕРЕИТИ$ -> #ПЕРЕЙТИ$) = -14.449630799695555
correctionProbability (#ЖИДКОСТ$ -> #ЖИДКОСТЬ$) = -14.869543924344235
correctionProbability (#КЛЕНСИ$ -> #КЛЭНСИ$) = -20.446492801022263
correctionProbability (#ГРАДУСИ$ -> #ГРАДУСЫ$) = -17.49810916417526
correctionProbability (#ТРАКР$ -> #ТРАКТОР$) = -74.37488313401273
correctionProbability (#ЦЕКА$ -> #ЩЕКА$) = -15.874410866619488
correctionProbability (#ЛОРЕНГИТ$ -> #ЛАРИНГИТ$) = -83.01269211207928
correctionProbability (#ВАЗДУШНЫЙ$ -> #ВОЗДУШНЫЙ$) = -15.275296639210147
correctionProbability (#ЧАРВИКИ$ -> #ЧЕРВЯКИ$) = -83.42142525928742
correctionProbability (#АТРА$ -> #АСТРА$) = -11.708368989943597
correctionProbability (#РЕСИОРАНЫ$ -> #РЕСТОРАНЫ$) = -14.462191328551533
correctionProbability (#УВЕЛИЧИТ$ -> #УВЕЛИЧИТЬ$) = -15.134844553559383
correctionProbability (#ПАРФУН$ -> #ПАРФЮМ$) = -77.08993886925099
correctionProbability (#ФОРЛ$ -> #ФОРД$) = -7.641601972152305
correctionProbability (#ЬАГ$ -> #БАГ$) = -7.196882889913645
correctionProbability (#ЗАРЬКОВЕ$ -> #ХАРЬКОВЕ$) = -13.924645693356204
correctionProbability (#FAKTORY$ -> #FACTORY$) = -17.51418402778645
correctionProbability (#АРБИТРАЖНЫ$ -> #АРБИТРАЖНЫЙ$) = -15.239028990368048
correctionProbability (#ВНУТРИННИЕ$ -> #ВНУТРЕННИЕ$) = -17.821148744281167
correctionProbability (#СКОМАРОХИ$ -> #СКОМОРОХИ$) = -20.639379382693804
correctionProbability (#РАСПОЛОГАТЬСЯ$ -> #РАСПОЛАГАТЬСЯ$) = -27.402416593397874
correctionProbability (#БАНГАКАМС$ -> #БОНГАКАМС$) = -15.65121768489761
correctionProbability (#БЕСЛПАТНЫЕ$ -> #БЕСПЛАТНЫЕ$) = -80.25718332696422
correctionProbability (#ОИЧНЫЙ$ -> #ЛИЧНЫЙ$) = -4.20038821999977
correctionProbability (#ФОРУ$ -> #ФОРУМ$) = -6.9731476169139555
correctionProbability (#СИНИЦИНА$ -> #СИНИЦЫНА$) = -20.9760971473382
correctionProbability (#ГИМНАТИКА$ -> #ГИМНАСТИКА$) = -13.209823988895344
correctionProbability (#ПОЕВЛЯЮТСЯ$ -> #ПОЯВЛЯЮТСЯ$) = -18.707853299900826
correctionProbability (#ПРАВОХРАНИТЕЛЬНАЯ$ -> #ПРАВООХРАНИТЕЛЬНАЯ$) = -32.68849732797878
correctionProbability (#КМЖ$ -> #ҚМЖ$) = -11.004019707497878
correctionProbability (#ГЕМНАСТИКА$ -> #ГИМНАСТИКА$) = -12.641390102560337
correctionProbability (#ОЛОВЯГНАЯ$ -> #ОЛОВЯННАЯ$) = -22.453423111572434
correctionProbability (#ОПЛАТИТИ$ -> #ОПЛАТИТЬ$) = -13.812745776758156
correctionProbability (#МЕСНЫЕ$ -> #МЕСТНЫЕ$) = -18.23693619871615
correctionProbability (#ГАРЯЧУЮ$ -> #ГОРЯЧУЮ$) = -16.98159069678232
correctionProbability (#ПЛВН$ -> #ПЛАН$) = -6.619799270017882
correctionProbability (#БИМЕТРИИ$ -> #БИОМЕТРИИ$) = -25.50807223170049
correctionProbability (#КРАСНОДОАК$ -> #КРАСНОДАР$) = -77.13830144186927
correctionProbability (#PRODOJA$ -> #PRODAJA$) = -22.141733675243763
correctionProbability (#ТУРБОКОНТРОЛЛЕР$ -> #ТЕРМОКОНТРОЛЛЕР$) = -105.50504736785541
correctionProbability (#РЕПРЕСИРОВАННЫХ$ -> #РЕПРЕССИРОВАННЫХ$) = -29.55263551894491
correctionProbability (#YOUTABE$ -> #YOUTUBE$) = -6.388310019563811
correctionProbability (#ДОРГА$ -> #ДОРОГА$) = -10.526307628975385
correctionProbability (#ЧЛОВА$ -> #СЛОВА$) = -5.931926911891548
correctionProbability (#ПОТЕРЯНОМ$ -> #ПОТЕРЯННОМ$) = -21.74381381718998
correctionProbability (#ПРЛСЬИТУТОК$ -> #ПРОСТИТУТОК$) = -85.35803348936085
correctionProbability (#СЯШНЫЕ$ -> #СМЕШНЫЕ$) = -74.4051864498714
correctionProbability (#ЗАНЕЛ$ -> #ЗАНЯЛ$) = -19.022144086295274
correctionProbability (#ӨНДІРІСТІ$ -> #ӨНДІРІСТІК$) = -23.851738377137345
correctionProbability (#JASTCASE$ -> #JUSTCASE$) = -20.262985830630498
correctionProbability (#ДКРЕВНЯ$ -> #ДЕРЕВНЯ$) = -11.947328733515015
correctionProbability (#МЕСНЫЙ$ -> #МЕСТНЫЙ$) = -17.516913418582796
correctionProbability (#ЛИДЛВИТОГО$ -> #ЛЕДОВИТОГО$) = -86.66820905776035
correctionProbability (#УАКОМ$ -> #КАКОМ$) = -8.721176313810894
correctionProbability (#ДЕВИДЕНТОВ$ -> #ДИВИДЕНДОВ$) = -84.04641509426818
correctionProbability (#ГЛОЗА$ -> #ГЛАЗА$) = -8.69779145654434
correctionProbability (#РОТИКА$ -> #ЭРОТИКА$) = -8.530971398768465
correctionProbability (#УАКОЙ$ -> #КАКОЙ$) = -5.571469914554907
correctionProbability (#ЭКЛПЛУАТАЦИЮ$ -> #ЭКСПЛУАТАЦИЮ$) = -21.37742825243879
correctionProbability (#ВЕСИИ$ -> #ВЕРСИИ$) = -12.935372165475744
correctionProbability (#СМАРТОН$ -> #СМАРТФОН$) = -12.882532272456224
correctionProbability (#УЧИТИЛЕЙ$ -> #УЧИТЕЛЕЙ$) = -13.899209491741402
correctionProbability (#РОСТОВП$ -> #РОСТОВА$) = -12.173749471678882
correctionProbability (#EVERAL$ -> #EVERALL$) = -23.92393926279837
correctionProbability (#MIDVEDI$ -> #MEDVED$) = -81.89643121521674
correctionProbability (#АЛГБРА$ -> #АЛГЕБРА$) = -12.263836618286518
correctionProbability (#OYN$ -> #OYUN$) = -15.68841284175527
correctionProbability (#МАГАЗТН$ -> #МАГАЗИН$) = -5.074594585058916
correctionProbability (#ROLS$ -> #ROLLS$) = -18.762530570978644
correctionProbability (#ЛИДЕТ$ -> #ЛИЖЕТ$) = -12.605904299598354
correctionProbability (#ЭКСКОВАТОРЫ$ -> #ЭКСКАВАТОРЫ$) = -20.75175942538783
correctionProbability (#БЛАГОВЕШЕНСК$ -> #БЛАГОВЕЩЕНСК$) = -17.141408176624985
correctionProbability (#КАРТИНКІ$ -> #КАРТИНКИ$) = -4.705634597869588
correctionProbability (#ЧЛОВО$ -> #СЛОВО$) = -7.680318562238266
correctionProbability (#СТУЛЬ$ -> #СТУЛЬЯ$) = -12.489523594814049
correctionProbability (#ЭЛЕКТРОДВИЛАТЕЛЯ$ -> #ЭЛЕКТРОДВИГАТЕЛЯ$) = -25.83004243137548
correctionProbability (#ПРОСЛЕ$ -> #ПОСЛЕ$) = -7.908217709391664
correctionProbability (#ПОДИЯ$ -> #ПОДІЯ$) = -20.89930533549006
correctionProbability (#МУЛЬТФИЛЬИ$ -> #МУЛЬТФИЛЬМ$) = -9.114089126129933
correctionProbability (#ЕДИТ$ -> #ЕДЕТ$) = -10.686800420409138
correctionProbability (#ГААНИЕ$ -> #ГАДАНИЕ$) = -9.647939871853694
correctionProbability (#НАСИНАЮЩИХ$ -> #НАЧИНАЮЩИХ$) = -12.51272320875632
correctionProbability (#СЕСТУ$ -> #СЕСТРУ$) = -12.673507465656694
correctionProbability (#НАТАРИАЛЬНАЯ$ -> #НОТАРИАЛЬНАЯ$) = -21.182927499258298
correctionProbability (#POLLI$ -> #POLLY$) = -18.97624902789318
correctionProbability (#РАСПСАНИЕ$ -> #РАСПИСАНИЕ$) = -10.228812066367666
correctionProbability (#ГОРОШОК$ -> #ГОРОШЕК$) = -16.376051359536334
correctionProbability (#РЕПРЕСИРОВАННЫЕ$ -> #РЕПРЕССИРОВАННЫЕ$) = -31.47193886399515
correctionProbability (#ТРАЙЛ$ -> #ТРЕЙЛ$) = -13.556678335258542
correctionProbability (#НЕДОРАГО$ -> #НЕДОРОГО$) = -8.730924381178603
correctionProbability (#АНТИРЫНОК$ -> #АВТОРЫНОК$) = -80.33836533827485
correctionProbability (#ПРОСТИТУТККИ$ -> #ПРОСТИТУТКИ$) = -16.821960927739376
correctionProbability (#СТУЛЯ$ -> #СТУЛЬЯ$) = -12.446905407062577
correctionProbability (#ПЕРВИМ$ -> #ПЕРВЫМ$) = -14.066644074100868
correctionProbability (#КАГОТКА$ -> #КОЛГОТКИ$) = -144.13598877410905
correctionProbability (#ТАНЦУЮШИЕ$ -> #ТАНЦУЮЩИЕ$) = -19.65246990647657
correctionProbability (#ВЕРНУТСЯ$ -> #ВЕРНУТЬСЯ$) = -19.022948179925557
correctionProbability (#ОБЬЯТИЯХ$ -> #ОБЪЯТИЯХ$) = -18.990556823824306
correctionProbability (#ПОТЕРЯНОЕ$ -> #ПОТЕРЯННОЕ$) = -21.324335311632908
correctionProbability (#КНО$ -> #КИНО$) = -4.040208595650629
correctionProbability (#ГАФСКАЯ$ -> #ГАФФСКАЯ$) = -19.759668612570444
correctionProbability (#TRIPMYADREAM$ -> #TRIPMYDREAM$) = -23.852274024192383
correctionProbability (#РИСТОРАН$ -> #РЕСТОРАН$) = -10.92018894263964
correctionProbability (#ДАВЙ$ -> #ДАВАЙ$) = -10.441947396545888
correctionProbability (#ХВВТИТ$ -> #ХВАТИТ$) = -14.370499264194681
correctionProbability (#ПОПУЛРНЫЕ$ -> #ПОПУЛЯРНЫЕ$) = -15.095479660603822
correctionProbability (#КОНСЕРВИ$ -> #КОНСЕРВЫ$) = -16.816932935498777
correctionProbability (#ПЕРВИЙ$ -> #ПЕРВЫЙ$) = -7.735584692792973
correctionProbability (#ЭРОТИЧКИЙ$ -> #ЭРОТИЧЕСКИЙ$) = -81.68326624885232
correctionProbability (#ИНСТАА$ -> #ИНСТА$) = -14.24333674279345
correctionProbability (#ВЕСИЯ$ -> #ВЕРСИЯ$) = -9.066084415252757
correctionProbability (#ПЕРЕВЕЧТИ$ -> #ПЕРЕВЕСТИ$) = -12.748805593895788
correctionProbability (#СИСТЕИА$ -> #СИСТЕМА$) = -8.933367999253662
correctionProbability (#СИГМЕННТНОЙ$ -> #СЕГМЕНТНОЙ$) = -96.71110399580976
correctionProbability (#НАТУРАЛЬНАЕЯ$ -> #НАТУРАЛЬНАЯ$) = -21.004635089231037
correctionProbability (#ИНДКС$ -> #ИНДЕКС$) = -10.00338832163013
correctionProbability (#ПЛЕУ$ -> #ПЛЕЙ$) = -8.387616257267641
correctionProbability (#ТРАМЕ$ -> #ТРАВМЕ$) = -18.675058790164346
correctionProbability (#КАРОО$ -> #КАРО$) = -14.045427238242706
correctionProbability (#ПЛЕЦ$ -> #ПЛЕЙ$) = -8.38367190722268
correctionProbability (#ПОДРАСТКОВЫЙ$ -> #ПОДРОСТКОВЫЙ$) = -21.756321004812285
correctionProbability (#ПОЛНАСТЮ$ -> #ПОЛНОСТЬЮ$) = -78.24464567373187
correctionProbability (#КАРОЛ$ -> #КОРОЛЬ$) = -73.12147684207123
correctionProbability (#ЮЛТМАРТ$ -> #ЮЛМАРТ$) = -15.03348536489344
correctionProbability (#ОТФАРМАТИРОВАТЬ$ -> #ОТФОРМАТИРОВАТЬ$) = -25.861435495884365
correctionProbability (#ПЛЕР$ -> #ПЛЕЕР$) = -11.501885169717301
correctionProbability (#РЕЛІФ$ -> #РЕЛИФ$) = -15.756204758543408
correctionProbability (#ЛАКТОЦИД$ -> #ЛАКТАЦИД$) = -22.175989926172853
correctionProbability (#КРУТЫЙ$ -> #КРУТЫЕ$) = -9.81409669041216
correctionProbability (#ЖИТТ$ -> #ЖИТЬ$) = -9.045849319654668
correctionProbability (#КОШКІНА$ -> #КОШКИНА$) = -14.872792502877154
correctionProbability (#КОНТАТК$ -> #КОНТАКТ$) = -76.33336901250019
correctionProbability (#ВОРЛНЕЖ$ -> #ВОРОНЕЖ$) = -8.984365208613077
correctionProbability (#РАЗЬЕМОВ$ -> #РАЗЪЕМОВ$) = -20.77317410754901
correctionProbability (#СРЕДННГО$ -> #СРЕДНЕГО$) = -15.206430462081094
correctionProbability (#КАМИЛЬФО$ -> #КОМИЛЬФО$) = -20.709931780023588
correctionProbability (#КОРПАРОТИВА$ -> #КОРПОРАТИВА$) = -85.79995788764813
correctionProbability (#КЛЕНОК$ -> #КЛИНОК$) = -13.67189258701642
correctionProbability (#МОТУЛ$ -> #МОТЮЛЬ$) = -84.36119002395104
correctionProbability (#МРЕМ$ -> #МОЕМ$) = -12.450748082383573
correctionProbability (#КОЬ$ -> #КОТ$) = -5.793441945028242
correctionProbability (#АЙНКРАФТ$ -> #МАЙНКРАФТ$) = -8.541076819153012
correctionProbability (#ТРОЛЕБУС$ -> #ТРОЛЛЕЙБУС$) = -84.44810752123452
correctionProbability (#ВСЕЛЕНЫЕ$ -> #ВСЕЛЕННЫЕ$) = -17.762243602994154
correctionProbability (#ИМТОРИЯ$ -> #ИСТОРИЯ$) = -8.120313327925196
correctionProbability (#ПАЗДНИКОВА$ -> #ПОЗДНЯКОВА$) = -87.64802786506864
correctionProbability (#ІМЕНИК$ -> #ІМЕННИК$) = -22.488577260902233
correctionProbability (#КАСЕЛЬ$ -> #КАССЕЛЬ$) = -19.78006727467529
correctionProbability (#ПРИВЫВКИ$ -> #ПРИВИВКИ$) = -15.93965239858273
correctionProbability (#НОМИРАМ$ -> #НОМЕРОМ$) = -80.41214103885254
correctionProbability (#ГАНДОПАС$ -> #ГАНДАПАС$) = -20.132215767548352
correctionProbability (#ЗЮМА$ -> #ЗУМА$) = -11.376428289544105
correctionProbability (#СКАЯТЬ$ -> #СКАЧАТЬ$) = -67.83459748119213
correctionProbability (#ГЕЛЕНТВАГИН$ -> #ГЕЛЕНДВАГЕН$) = -84.92653184905149
correctionProbability (#БИМИДЖИ$ -> #БИМЕНДЖИ$) = -83.48641861803114
correctionProbability (#КОНТАТА$ -> #КАНТАТА$) = -18.46830939204321
correctionProbability (#МЕЛОДРАИА$ -> #МЕЛОДРАМА$) = -10.969462806656445
correctionProbability (#ДЕВОЧЕЕК$ -> #ДЕВОЧЕК$) = -10.158310529048933
correctionProbability (#ИЗЧЕЗАЕТ$ -> #ИСЧЕЗАЕТ$) = -20.580724102108654
correctionProbability (#АПЕРАТОРА$ -> #ОПЕРАТОРА$) = -15.819692895530615
correctionProbability (#OYS$ -> #BOYS$) = -11.847339211687025
correctionProbability (#СИСИТЕМА$ -> #СИСТЕМА$) = -11.427311680667245
correctionProbability (#ЖИСЬ$ -> #ЖИЗНЬ$) = -71.4876173626646
correctionProbability (#АЛЬТУФЬЕВО$ -> #АЛТУФЬЕВО$) = -20.552609290041794
correctionProbability (#ФЛЬМА$ -> #ФИЛЬМА$) = -9.97597850564166
correctionProbability (#ПЛЕЕ$ -> #ПЛЕЕР$) = -11.495642330616246
correctionProbability (#ЛОБОВОВА$ -> #ЛОБОВОГО$) = -81.7164205719609
correctionProbability (#КЛАВИТУРЫ$ -> #КЛАВИАТУРЫ$) = -17.93343207319362
correctionProbability (#ИНСТАЛЯЦИЯ$ -> #ИНСТАЛЛЯЦИЯ$) = -21.590899129453362
correctionProbability (#POLIC$ -> #POLICE$) = -16.248711686781736
correctionProbability (#ЛЭСТ$ -> #ЛАСТ$) = -13.54373763216434
correctionProbability (#KARTULAD$ -> #QARTULAD$) = -16.021929763139205
correctionProbability (#ТОЙТЫ$ -> #ТОЙОТЫ$) = -17.13291803453561
correctionProbability (#ИМТОРИИ$ -> #ИСТОРИИ$) = -9.108854994489157
correctionProbability (#АКИПРЕС$ -> #АКИПРЕСС$) = -14.655686455698309
correctionProbability (#УЖАСВ$ -> #УЖАСОВ$) = -10.90230838150902
correctionProbability (#РАСОЛЬНИК$ -> #РАССОЛЬНИК$) = -19.119575728187634
correctionProbability (#МОТТО$ -> #МОТО$) = -13.854357648959432
correctionProbability (#ЖИТІ$ -> #ЖИТТІ$) = -17.871969044695202
correctionProbability (#АОЧТА$ -> #ПОЧТА$) = -3.8955072901587506
correctionProbability (#АЛЬТФ$ -> #АЛЬФА$) = -75.55283617949507
correctionProbability (#ЗАВИСИТЬ$ -> #ЗАВИСИТ$) = -17.938253140159105
correctionProbability (#ДАЕН$ -> #ДАЙН$) = -17.46293727393328
correctionProbability (#НИМСАН$ -> #НИССАН$) = -9.35478092580438
correctionProbability (#ФЛЬМИ$ -> #ФИЛЬМЫ$) = -68.88601007595591
correctionProbability (#ВКЮЧАЕТСЯ$ -> #ВКЛЮЧАЕТСЯ$) = -16.9216758035055
correctionProbability (#ФАХРДИН$ -> #ФАХРИДДИН$) = -89.50085827774933
correctionProbability (#КІЕВ$ -> #КИЕВ$) = -7.556384270468829
correctionProbability (#БЕНЗИНОВИЙ$ -> #БЕНЗИНОВЫЙ$) = -19.253998156581922
correctionProbability (#ДВЕРНА$ -> #ДВЕРНАЯ$) = -18.023389033262262
correctionProbability (#БАСЕЕН$ -> #БАССЕЙН$) = -77.60713666029756
correctionProbability (#VEERBE$ -> #VERBEE$) = -84.83146847014463
correctionProbability (#КОО$ -> #КТО$) = -4.678007898862088
correctionProbability (#МОБАВ$ -> #МОБОВ$) = -16.817228276124577
correctionProbability (#ЕЙЛЕРА$ -> #ЭЙЛЕРА$) = -17.421765450219436
correctionProbability (#ФИКСКИ$ -> #ФИКСИКИ$) = -10.469099693396686
correctionProbability (#РОССИЙСКА$ -> #РОССИЙСКАЯ$) = -16.79826481368699
correctionProbability (#СИТЕМУ$ -> #СИСТЕМУ$) = -11.815270470925626
correctionProbability (#ПОДРАСТКОВЫЕ$ -> #ПОДРОСТКОВЫЕ$) = -21.999648991626877
correctionProbability (#РЕННАЙ$ -> #РИННАЙ$) = -19.080519575402807
correctionProbability (#SQACHAT$ -> #SKACHAT$) = -11.636150150044855
correctionProbability (#АТИФРИЗ$ -> #АНТИФРИЗ$) = -16.33685874691858
correctionProbability (#ЭКСТРОВЕРТ$ -> #ЭКСТРАВЕРТ$) = -21.901539964877138
correctionProbability (#МУЛЬТИЕДИИ$ -> #МУЛЬТИМЕДИА$) = -87.17897326788803
correctionProbability (#СИТЕМА$ -> #СИСТЕМА$) = -9.471734024418673
correctionProbability (#НИТАК$ -> #НИТОК$) = -12.466829041474025
correctionProbability (#МНОГОГОЛОСНЫЙ$ -> #МНОГОГОЛОСЫЙ$) = -28.341570336919048
correctionProbability (#СИНІЙ$ -> #СИНИЙ$) = -7.2576617355942545
correctionProbability (#ЦИГАНОК$ -> #ЦЫГАНОК$) = -21.790403669624226
correctionProbability (#СТЕВОЙ$ -> #СЕТЕВОЙ$) = -9.235468163289482
correctionProbability (#ПИЛОРАМИ$ -> #ПИЛОРАМЫ$) = -20.20966637443805
correctionProbability (#ВАРШИП$ -> #ВАРШИПС$) = -18.463044852633345
correctionProbability (#КЕНЕТА$ -> #КЕННЕТА$) = -23.269063282928222
correctionProbability (#СОЦИАЛЬНЦМ$ -> #СОЦИАЛЬНЫМ$) = -22.12337236241246
correctionProbability (#ИМАЕЛ$ -> #МАЙЛ$) = -70.89259710917158
correctionProbability (#ЛЕФАНТОНА$ -> #ЛАФОНТЕНА$) = -152.88344204258465
correctionProbability (#PRODAJ$ -> #PRODAJA$) = -22.73956099681652
correctionProbability (#СОЕДЕНИТЕЛЬНАЯ$ -> #СОЕДИНИТЕЛЬНАЯ$) = -24.794805917125665
correctionProbability (#МАЙНКРАФТЫ$ -> #МАЙНКРАФТ$) = -10.491901724328798
correctionProbability (#ФОРТНАЙ$ -> #ФОРТНАЙТ$) = -13.603671304066339
correctionProbability (#ДРИМКАСС$ -> #ДРИМКАС$) = -22.152100574281377
correctionProbability (#ГИБСА$ -> #ГИББСА$) = -22.465479757565916
correctionProbability (#МАЙНКРАФТЬ$ -> #МАЙНКРАФТ$) = -10.409858246461084
correctionProbability (#САМОКЛЕЯЩЕЙСЯ$ -> #САМОКЛЕЮЩЕЙСЯ$) = -23.905480727886626
correctionProbability (#КЕЛИСИМ$ -> #КЕЛІСІМ$) = -83.46025811128858
correctionProbability (#ТИРАНО$ -> #ТЕРРАНО$) = -81.20640399307435
correctionProbability (#АЛЮМЕНИЙ$ -> #АЛЮМИНИЙ$) = -16.55700676554789
correctionProbability (#РИЧКА$ -> #РІЧКА$) = -18.975442468774947
correctionProbability (#ВОСТОКП$ -> #ВОСТОКА$) = -14.97466501943947
correctionProbability (#КІДС$ -> #КИДС$) = -10.963639398353994
correctionProbability (#АГНЕША$ -> #АГНЕШКА$) = -23.227638078400673
correctionProbability (#ПОПУЧИК$ -> #ПОПУТЧИК$) = -19.456465345713617
correctionProbability (#РЕЖЕСЕРСКАЯ$ -> #РЕЖИССЕРСКАЯ$) = -86.46346263365595
correctionProbability (#BADO$ -> #BADOO$) = -13.20439619308505
correctionProbability (#БАРБАШ$ -> #БАРАБАШ$) = -19.98939691627463
correctionProbability (#СУРО$ -> #СУРА$) = -12.23167664135681
correctionProbability (#СИТЕМЕ$ -> #СИСТЕМЕ$) = -13.124067717261283
correctionProbability (#ОДИМПИАД$ -> #ОЛИМПИАД$) = -18.68885205339255
correctionProbability (#ЧКРЕШНЮ$ -> #ЧЕРЕШНЮ$) = -20.645901892527284
correctionProbability (#ФЛЬМЫ$ -> #ФИЛЬМЫ$) = -4.172673693343935
correctionProbability (#СИСИТЕМЕ$ -> #СИСТЕМЕ$) = -15.079645373509855
correctionProbability (#ЛУНАХОДЫ$ -> #ЛУНОХОДЫ$) = -22.83056883313798
correctionProbability (#ВСЕРОССИЙСКА$ -> #ВСЕРОССИЙСКАЯ$) = -20.949220536142093
correctionProbability (#КАЛИНИСКОМ$ -> #КАЛИНИНСКОМ$) = -23.93214721608568
correctionProbability (#СТИКМАНОВ$ -> #СТИКМЕНОВ$) = -22.85482660506994
correctionProbability (#КОНСПЕКИ$ -> #КОНСПЕКТ$) = -11.63118276168327
correctionProbability (#УЗБКИСТОН$ -> #УЗБЕКИСТАН$) = -81.50668674678921
correctionProbability (#ДЕНОЙ$ -> #ЖЕНОЙ$) = -10.638479861115048
correctionProbability (#ПРИНТЕРИ$ -> #ПРИНТЕРЕ$) = -15.97433693781516
correctionProbability (#СРМАЛИ$ -> #СОМАЛИ$) = -19.315886937959117
correctionProbability (#АЛГКБОА$ -> #АЛГЕБРА$) = -76.4740894690555
correctionProbability (#ЭКСТРАССЕНСЫ$ -> #ЭКСТРАСЕНСЫ$) = -19.44766218745692
correctionProbability (#ПРЕЗИДЕНСТСКАЯ$ -> #ПРЕЗИДЕНТСКАЯ$) = -28.27823246762663
correctionProbability (#ЦЕНТЕР$ -> #ЦЕНТР$) = -8.073370987202424
correctionProbability (#ЗАПИСАННОНО$ -> #ЗАПИСАННОГО$) = -27.60381842455233
correctionProbability (#ПРЕВОЧИК$ -> #ПЕРЕВОДЧИК$) = -74.56950079138775
correctionProbability (#ФЙЛЬМЫ$ -> #ФИЛЬМЫ$) = -3.6146669909442686
correctionProbability (#САМОТОНИРУЮЩИЕСЯ$ -> #САМОТОНИРУЮЩИЕ$) = -109.54355950792535
correctionProbability (#КАРЕЙСКИЙ$ -> #КОРЕЙСКИЙ$) = -15.26468094775909
correctionProbability (#СВИНГЛАФ$ -> #СВИНГЛАЙФ$) = -21.32949323156808
correctionProbability (#БЕДС$ -> #БЕРДС$) = -12.76977257927351
correctionProbability (#ФОКСВОД$ -> #ФОКСФОРД$) = -81.88948357196247
correctionProbability (#VIVASEL$ -> #VIVACELL$) = -88.31800183886476
correctionProbability (#МАГИНЫ$ -> #МАШИНЫ$) = -7.860788158407551
correctionProbability (#ВИТМИНЫ$ -> #ВИТАМИНЫ$) = -13.698295498196458
correctionProbability (#ОРБОКАЙТЕ$ -> #ОРБАКАЙТЕ$) = -16.468337674491885
correctionProbability (#ЯЗЫЙ$ -> #ЯЗЫК$) = -5.774867894231651
correctionProbability (#СОНИКК$ -> #СОННИК$) = -77.2703549412543
correctionProbability (#HERCAYI$ -> #HERCAI$) = -18.967779188397262
correctionProbability (#КРНЕТ$ -> #УКРНЕТ$) = -10.421810765509424
correctionProbability (#ИТАЛЬЯНКОЙ$ -> #ИТАЛЬЯНСКОЙ$) = -21.461428129356406
correctionProbability (#КАКОШНИКА$ -> #КОКОШНИКА$) = -22.975113440907847
correctionProbability (#АОЕНДА$ -> #АРЕНДА$) = -7.338686523078788
correctionProbability (#ТРАЛЛЕЙБУС$ -> #ТРОЛЛЕЙБУС$) = -18.51068432041634
correctionProbability (#МАГИНУ$ -> #МАШИНУ$) = -9.20233468335228
correctionProbability (#ЗЛЖУР$ -> #ЭЛЖУР$) = -12.54400231652954
correctionProbability (#ТОЙТА$ -> #ТОЙОТА$) = -9.48018129680008
correctionProbability (#НАУТО$ -> #НАРУТО$) = -10.273915810579556
correctionProbability (#DIKFLASH$ -> #DICKFLASH$) = -35.65186647101995
correctionProbability (#WAHT$ -> #WHAT$) = -77.69488836558168
correctionProbability (#АГЕНСКИЙ$ -> #АГЕНТСКИЙ$) = -21.327369436344412
correctionProbability (#ТЕАТЕР$ -> #ТЕАТР$) = -10.174235703646485
correctionProbability (#УСЕЛИТЕЛЬ$ -> #УСИЛИТЕЛЬ$) = -15.448593577805276
correctionProbability (#МАТБ$ -> #МАТЬ$) = -8.616236423074785
correctionProbability (#ВЛИЯТ$ -> #ВЛИЯЕТ$) = -13.919146701361338
correctionProbability (#ЕЛЕКТРО$ -> #ЭЛЕКТРО$) = -14.309006065989905
correctionProbability (#ЛЭНДИНГОВ$ -> #ЛЕНДИНГОВ$) = -24.75688942401954
correctionProbability (#ВОРОТЫ$ -> #ВОРОТА$) = -10.62212584776957
correctionProbability (#БОЛШОМ$ -> #БОЛЬШОМ$) = -13.564135006875588
correctionProbability (#УЗБКИСТАН$ -> #УЗБЕКИСТАН$) = -16.78068239933102
correctionProbability (#КОРПОРОТИВЕ$ -> #КОРПОРАТИВЕ$) = -22.334123994906847
correctionProbability (#ТИСОТ$ -> #ТИССОТ$) = -13.23922063038643
correctionProbability (#АЛТАЙМЕ$ -> #АЛТАЙ$) = -81.87796206997203
correctionProbability (#НОАИНИ$ -> #НОВИНИ$) = -12.036704863510206
correctionProbability (#МАШИНІСТОМ$ -> #МАШИНИСТОМ$) = -24.06908225990295
correctionProbability (#ВКОНТВКТЕ$ -> #ВКОНТАКТЕ$) = -6.553612024535468
correctionProbability (#СЕВАСТОПЛЬ$ -> #СЕВАСТОПОЛЬ$) = -15.303562036180992
correctionProbability (#РОДРЕГЕЗ$ -> #РОДРИГЕЗ$) = -19.779759099463845
correctionProbability (#КАТОР$ -> #КАТАР$) = -15.265533315275679
correctionProbability (#ХИММИИ$ -> #ХИМИИ$) = -12.81695329154007
correctionProbability (#ПАТАЯ$ -> #ПАТТАЙЯ$) = -80.31752188038631
correctionProbability (#КЛЭНС$ -> #КЛАНС$) = -14.36955980698956
correctionProbability (#АНИБЕСТ$ -> #АНИМЕВОСТ$) = -148.19850968003186
correctionProbability (#АЛТАЙМА$ -> #АЛТАЙМАГ$) = -27.30762819020243
correctionProbability (#МОСЕВЕ$ -> #МОСКВЕ$) = -4.071918798458967
correctionProbability (#СААНДРЕАС$ -> #САНАНДРЕС$) = -84.36559792641428
correctionProbability (#СДЕЛАТБ$ -> #СДЕЛАТЬ$) = -6.161889304245598
correctionProbability (#СОЛЕННАЯ$ -> #СОЛЕНАЯ$) = -19.19625830763924
correctionProbability (#КОНЧЕННАЯ$ -> #КОНЧЕНАЯ$) = -24.488983185840823
correctionProbability (#ЙЕТА$ -> #ЙОТА$) = -12.49255656701688
correctionProbability (#НОВОСИБИСК$ -> #НОВОСИБИРСК$) = -12.970609089500542
correctionProbability (#ВЕУСНО$ -> #ВКУСНО$) = -10.507562823296052
correctionProbability (#ЭНДЕКРИНОЛОГА$ -> #ЭНДОКРИНОЛОГА$) = -24.924844438695075
correctionProbability (#ДВЕЬ$ -> #ДВЕРЬ$) = -9.20427579182488
correctionProbability (#ПРЕДНОЗНОЧЕНИЕ$ -> #ПРЕДНАЗНАЧЕНИЕ$) = -89.71265652627937
correctionProbability (#МОСЕВА$ -> #МОСКВА$) = -4.123922925501759
correctionProbability (#GERS$ -> #GEARS$) = -17.58092366729114
correctionProbability (#ЕЛЕКТРА$ -> #ЭЛЕКТРА$) = -18.002909561825703
correctionProbability (#МЕЛАНКО$ -> #МИЛАНКО$) = -26.3969152311714
correctionProbability (#ИТЮБ$ -> #ЮТУБ$) = -64.9274693400409
correctionProbability (#СВИНГРЫ$ -> #СВИНГЕРЫ$) = -14.52795668381814
correctionProbability (#ПАТАИ$ -> #ПАТТАЙИ$) = -83.7124547062662
correctionProbability (#ХАЛОДИЛЬНЫЙ$ -> #ХОЛОДИЛЬНЫЙ$) = -23.011234237705096
correctionProbability (#ГРАТОЛ$ -> #ГРАТТОЛ$) = -23.61688703903409
correctionProbability (#АЫГЛЯДИТ$ -> #ВЫГЛЯДИТ$) = -11.943670607522876
correctionProbability (#МАСУЛИЯТИ$ -> #МАСЪУЛИЯТИ$) = -28.489343951332593
correctionProbability (#ӘЛУМЕТТІК$ -> #ӘЛЕУМЕТТІК$) = -19.595000043235707
correctionProbability (#БЕЗШУМНАЯ$ -> #БЕСШУМНАЯ$) = -23.431636227068992
correctionProbability (#АФТА$ -> #АВТО$) = -68.65586613976811
correctionProbability (#ТАБЛЕИКИ$ -> #ТАБЛЕТКИ$) = -9.603637767111294
correctionProbability (#АЭРОПОТРА$ -> #АЭРОПОРТА$) = -82.11207243426496
correctionProbability (#ВАЗДУШНОЙ$ -> #ВОЗДУШНОЙ$) = -19.304560272668176
correctionProbability (#СКАЯАТ$ -> #СКАЧАТЬ$) = -67.75786053359205
correctionProbability (#КОЛИСО$ -> #КОЛЕСО$) = -10.932040914761945
correctionProbability (#CFLL$ -> #CALL$) = -9.65391508909119
correctionProbability (#НОВОСИБИРС$ -> #НОВОСИБИРСК$) = -12.979733756857755
correctionProbability (#ОДНОГОТКИ$ -> #ОДНОГОДКИ$) = -28.38381600764609
correctionProbability (#РОЛЕР$ -> #РОЛЛЕР$) = -20.475065228000982
correctionProbability (#T27H390SIX$ -> #LT27H390SIX$) = -37.71123405263494
correctionProbability (#ОПAЛУБКИ$ -> #ОПАЛУБКИ$) = -15.934903128768582
correctionProbability (#ЮТУЦБ$ -> #ЮТУБ$) = -2.740772073606376
correctionProbability (#ДОМИНИААНЫ$ -> #ДОМИНИКАНЫ$) = -22.208203969744453
correctionProbability (#ХИРАСИМА$ -> #ХИРОСИМА$) = -20.73887702578822
correctionProbability (#ПРОШЕ$ -> #ПРОЩЕ$) = -16.38086514655281
correctionProbability (#ХОЛОТО$ -> #ЗОЛОТО$) = -10.638473229494327
correctionProbability (#САЛОМАТИНА$ -> #СОЛОМАТИНА$) = -23.904985585600222
correctionProbability (#МАСО$ -> #МАСЛО$) = -8.264927929886511
correctionProbability (#АЛТАЙМУ$ -> #АЛТАЙ$) = -81.91103416673631
correctionProbability (#ХАМУРАПИ$ -> #ХАММУРАПИ$) = -21.71028061708821
correctionProbability (#ДРАЦВЕРА$ -> #ДРАЙВЕРА$) = -12.235810505501313
correctionProbability (#MICROSOFR$ -> #MICROSOFT$) = -14.469608263178749
correctionProbability (#ПОЗДРПВЛЕНИЯ$ -> #ПОЗДРАВЛЕНИЯ$) = -13.412274977590805
correctionProbability (#АКВАДЕТРИН$ -> #АКВАДЕТРИМ$) = -19.981012714805942
correctionProbability (#ГАТАУЛИН$ -> #ГАТАУЛЛИН$) = -25.88837418233988
correctionProbability (#ПЕРЕДЕЛАНЫЙ$ -> #ПЕРЕДЕЛАННЫЙ$) = -26.73483121550867
correctionProbability (#ВОЗРОСТНЫЕ$ -> #ВОЗРАСТНЫЕ$) = -19.422260071808672
correctionProbability (#СТРИКОЗА$ -> #СТРЕКОЗА$) = -15.696522039439664
correctionProbability (#ВЫПЕСАТЬ$ -> #ВЫПИСАТЬ$) = -16.444147223884322
correctionProbability (#РАДИТЕЛЕЙ$ -> #РОДИТЕЛЕЙ$) = -12.935279874412593
correctionProbability (#ДВУХСТРОННЕГО$ -> #ДВУХСТОРОННЕГО$) = -29.353295930171242
correctionProbability (#КОЛЕДЖИ$ -> #КОЛЛЕДЖИ$) = -15.517899335830407
correctionProbability (#СИЛЬВЕ$ -> #СИЛЬВЕР$) = -16.652338303891582
correctionProbability (#СВЕНЬЯ$ -> #СВИНЬЯ$) = -13.74048505702645
correctionProbability (#ШАУРУМ$ -> #ШОУРУМ$) = -18.019554591146257
correctionProbability (#РОСМЕШИ$ -> #РАССМЕШИ$) = -83.42041040794157
correctionProbability (#АПОКАЛИПС$ -> #АПОКАЛИПСИС$) = -81.80547458249184
correctionProbability (#ВОРОСЫ$ -> #ВОПРОСЫ$) = -11.933371686508153
correctionProbability (#ДИПИЛЯЦИЯ$ -> #ДЕПИЛЯЦИЯ$) = -16.37734314150225
correctionProbability (#ХРОМИРОВАНЫЙ$ -> #ХРОМИРОВАННЫЙ$) = -27.12633470722831
correctionProbability (#БОЛШОЙ$ -> #БОЛЬШОЙ$) = -9.879476159365097
correctionProbability (#КОРПОРОТИВА$ -> #КОРПОРАТИВА$) = -21.106514797607403
correctionProbability (#БОЛШОИ$ -> #БОЛЬШОЙ$) = -74.61297025861845
correctionProbability (#KEYOCERA$ -> #KYOCERA$) = -18.925588990264274
correctionProbability (#МАСЖ$ -> #МАССАЖ$) = -74.20583005000078
correctionProbability (#ПЕРЕДЕЛАНЫЕ$ -> #ПЕРЕДЕЛАННЫЕ$) = -23.358611859733507
correctionProbability (#ПАТАЙ$ -> #ПАТТАЙЯ$) = -80.33237955751166
correctionProbability (#ВЫСКАЧИЛ$ -> #ВЫСКОЧИЛ$) = -22.404572325519176
correctionProbability (#МОСЕВЫ$ -> #МОСКВЫ$) = -6.507608697043064
correctionProbability (#COROLA$ -> #COROLLA$) = -18.210258232320925
correctionProbability (#КРПЖИ$ -> #КРАЖИ$) = -17.69806930526339
correctionProbability (#ПЮТУБ$ -> #ЮТУБ$) = -2.7170539663224353
correctionProbability (#ХАРИТИ$ -> #ХАРИТАИ$) = -25.18470459246283
correctionProbability (#МАРЯ$ -> #МАРИЯ$) = -8.662574661349726
correctionProbability (#ПОРЯОК$ -> #ПОРЯДОК$) = -11.995013894882405
correctionProbability (#КАРТИННО$ -> #КАРТИННОЙ$) = -24.63165495368108
correctionProbability (#ДОЛЖЕНА$ -> #ДОЛЖНА$) = -14.964388181764594
correctionProbability (#СИДЕЛЬКА$ -> #СИДЕЛКА$) = -17.957195093841825
correctionProbability (#ТАБОВ$ -> #ТАМБОВ$) = -11.535785478250919
correctionProbability (#КОЛЕДЖА$ -> #КОЛЛЕДЖА$) = -16.578252958015923
correctionProbability (#БЫСРЫЙ$ -> #БЫСТРЫЙ$) = -13.602126713656041
correctionProbability (#ШИФТОВЫЕ$ -> #ШРИФТОВЫЕ$) = -26.38632121095128
correctionProbability (#ЛУТЬШИЙ$ -> #ЛУЧШИЙ$) = -76.61075072535535
correctionProbability (#ГИМНИИ$ -> #ГИМНАЗИИ$) = -82.62739600135316
correctionProbability (#ОТНОСИШСЯ$ -> #ОТНОСИШЬСЯ$) = -26.01984053626503
correctionProbability (#ЧЕТВЕРЬ$ -> #ЧЕТВЕРТЬ$) = -13.649864992434608
correctionProbability (#СОВМЕСТИМОСТТ$ -> #СОВМЕСТИМОСТЬ$) = -18.02627943177812
correctionProbability (#МОНЛОАДЕР$ -> #МОДЛОАДЕР$) = -24.274153442381603
correctionProbability (#ЬЕЩ$ -> #БЕЗ$) = -67.00645631238487
correctionProbability (#ПОСЛЕДСТИЯ$ -> #ПОСЛЕДСТВИЯ$) = -17.260378613328584
correctionProbability (#АДМИНИТСРАЦИИ$ -> #АДМИНИСТРАЦИИ$) = -85.71756770362244
correctionProbability (#ГУЛИВЕРЕ$ -> #ГУЛЛИВЕРЕ$) = -25.04950066355125
correctionProbability (#НАМОЗА$ -> #НАМАЗА$) = -13.530054785791204
correctionProbability (#ТАБОЙ$ -> #ТОБОЙ$) = -10.01246489982309
correctionProbability (#ЯНААРЕ$ -> #ЯНВАРЕ$) = -12.543318057662848
correctionProbability (#ЛЕЧЕНЬЕ$ -> #ЛЕЧЕНИЕ$) = -7.126462950874377
correctionProbability (#АФАНАСІЙ$ -> #АФАНАСИЙ$) = -18.358125349412127
correctionProbability (#АНДРЕСС$ -> #АНДРЕАС$) = -11.837185827754134
correctionProbability (#ЙОХОНСОН$ -> #ЙОХАНССОН$) = -83.47133759019344
correctionProbability (#РЕГДОЛ$ -> #РЭГДОЛЛ$) = -85.23506484337385
correctionProbability (#UNISTALER$ -> #UNINSTALLER$) = -86.43134444034074
correctionProbability (#ПРИМЕНИЮ$ -> #ПРИМЕНЕНИЮ$) = -76.12418175938323
correctionProbability (#АРМЧНКИ$ -> #АРМЯНКИ$) = -18.375521821767087
correctionProbability (#TERMEX$ -> #THERMEX$) = -20.42610246924079
correctionProbability (#ТАБОП$ -> #ТАБОР$) = -7.9230446386972915
correctionProbability (#САМЕР$ -> #САММЕР$) = -16.216889106254914
correctionProbability (#НОВОСИБИРК$ -> #НОВОСИБИРСК$) = -12.927001674059042
correctionProbability (#ПРИМЕНИЯ$ -> #ПРИМЕНЕНИЯ$) = -82.70847206194554
correctionProbability (#ВЕНТЕЛЯ$ -> #ВЕНТИЛЯ$) = -21.25710387489793
correctionProbability (#КОММУНАРА$ -> #КОММУНАРКА$) = -21.122785567992253
correctionProbability (#КРЯТОР$ -> #КРЕАТОР$) = -79.9303178519214
correctionProbability (#КАЛИПМО$ -> #КАЛИПСО$) = -18.2846161372837
correctionProbability (#ЖЕЛЕЗНІЙ$ -> #ЖЕЛЕЗНЫЙ$) = -13.622402537629206
correctionProbability (#ЦЕРЬКОВЬ$ -> #ЦЕРКОВЬ$) = -14.543130497105409
correctionProbability (#ВЛЕКСАНДР$ -> #АЛЕКСАНДР$) = -10.236614478892449
correctionProbability (#НУТРІЛОН$ -> #НУТРИЛОН$) = -19.668536482247873
correctionProbability (#ЧЕГОДНЯ$ -> #СЕГОДНЯ$) = -6.017519750743595
correctionProbability (#АХУНЦ$ -> #ШАХУНЦ$) = -18.46421379387056
correctionProbability (#УСЕЛИТЕЛИ$ -> #УСИЛИТЕЛИ$) = -19.473214690194027
correctionProbability (#МВАРИТЬ$ -> #СВАРИТЬ$) = -13.275414772857978
correctionProbability (#СИСТЕМВ$ -> #СИСТЕМЫ$) = -9.889497137684401
correctionProbability (#ГОРБКО$ -> #ГОРЬКО$) = -15.882339612175688
correctionProbability (#ФРУМ$ -> #ФОРУМ$) = -6.9769297728291235
correctionProbability (#МАНАЩИН$ -> #МАГАЗИН$) = -69.77730617372386
correctionProbability (#СЕМЕНООВИЧ$ -> #СЕМЕНОВИЧ$) = -18.674033705864588
correctionProbability (#DEFENS$ -> #DEFENSE$) = -19.315525374916596
correctionProbability (#ПРИМЕНИЕ$ -> #ПРИМЕНЕНИЕ$) = -80.01428797860432
correctionProbability (#ЫКОНТАКТЕ$ -> #ВКОНТАКТЕ$) = -6.5218198696121945
correctionProbability (#КАРУСЕЛЕ$ -> #КАРУСЕЛИ$) = -18.799831777916374
correctionProbability (#ПАДРАБОТКА$ -> #ПОДРАБОТКА$) = -15.574095783521145
correctionProbability (#ПОРОЛЕМ$ -> #ПАРОЛЕМ$) = -18.137750744681767
correctionProbability (#FALKON$ -> #FALCON$) = -14.947545273212857
correctionProbability (#ТОПИАРИИИ$ -> #ТОПИАРИИ$) = -23.062007126255594
correctionProbability (#КРЕСНОГО$ -> #КРЕСТНОГО$) = -20.956559438114716
correctionProbability (#BASCINO$ -> #BASKINO$) = -16.97035575683897
correctionProbability (#ПЕРМСТАТ$ -> #ПЕРМЬСТАТ$) = -25.85313012521714
correctionProbability (#ЦУЗУКИ$ -> #СУЗУКИ$) = -12.267369273468955
correctionProbability (#СОЯИНЕНИЕ$ -> #СОЧИНЕНИЕ$) = -12.253883405719527
correctionProbability (#СДЕЛАТТ$ -> #СДЕЛАТЬ$) = -6.158999963893997
correctionProbability (#МАГЗИН$ -> #МАГАЗИН$) = -5.646787573733457
correctionProbability (#РОДИКЛВЫЙ$ -> #РОДНИКОВЫЙ$) = -91.65424108386779
correctionProbability (#СРАВКА$ -> #СПРАВКА$) = -11.439616690988927
correctionProbability (#СМОЛЕСК$ -> #СМОЛЕНСК$) = -13.015986292652975
correctionProbability (#ТАБОЮ$ -> #ТОБОЮ$) = -14.238117140799464
correctionProbability (#АДМИНИТСРАЦИЯ$ -> #АДМИНИСТРАЦИЯ$) = -84.65103839758359
correctionProbability (#ЕКРАНОМ$ -> #ЭКРАНОМ$) = -16.806710393672695
correctionProbability (#ИНСТГАРМ$ -> #ИНСТАГРАМ$) = -141.7470191916423
correctionProbability (#ПООУЧИТЬ$ -> #ПОЛУЧИТЬ$) = -11.074603941322145
correctionProbability (#ФИТЛЬМЫ$ -> #ФИЛЬМЫ$) = -6.08488336356498
correctionProbability (#ОСТХИМ$ -> #ОСТХЕМ$) = -32.04625010818482
correctionProbability (#ТХЕКВОНДО$ -> #ТХЭКВОНДО$) = -18.376408392385663
correctionProbability (#NOBIEL$ -> #NOBEL$) = -19.049311584428647
correctionProbability (#KRYSTALL$ -> #KRYSTALLL$) = -22.260313470669487
correctionProbability (#КИЛЛОГРАМ$ -> #КИЛОГРАММ$) = -86.41300765618314
correctionProbability (#КАНКУЛЯТОР$ -> #КАЛЬКУЛЯТОР$) = -77.46636052742316
correctionProbability (#КАРТИНКМ$ -> #КАРТИНКИ$) = -4.721481542860152
correctionProbability (#РЕЕФЕРАТОВ$ -> #РЕФЕРАТОВ$) = -23.37924930020973
correctionProbability (#МУЖОМ$ -> #МУЖЕМ$) = -12.56860379191296
correctionProbability (#СОРОВСКОГО$ -> #САРОВСКОГО$) = -22.289896695811038
correctionProbability (#КАРТИНКО$ -> #КАРТИНКА$) = -7.219266779637529
correctionProbability (#КАРТИНКТ$ -> #КАРТИНКИ$) = -4.7169486718401625
correctionProbability (#ЬУКВА$ -> #БУКВА$) = -8.850415424816727
correctionProbability (#ХЭНДАЙ$ -> #ХЕНДАЙ$) = -10.166187927691926
correctionProbability (#MASSCARE$ -> #MASCARA$) = -87.45477352635505
correctionProbability (#ЧЕРНІВЦІЄ$ -> #ЧЕРНІВЦІ$) = -19.776866290949485
correctionProbability (#СЕВАСТОПОЛ$ -> #СЕВАСТОПОЛЬ$) = -15.247449134906148
correctionProbability (#ПОСАСИ$ -> #ПОСОСИ$) = -21.109532524069582
correctionProbability (#АККАМУЛЯТОРА$ -> #АККУМУЛЯТОРА$) = -18.92744142440761
correctionProbability (#ГОНЬЩИК$ -> #ГОНЩИК$) = -15.8100213023251
correctionProbability (#ВЕДЬМАЧКА$ -> #ВЕДЬМОЧКА$) = -22.029965069352954
correctionProbability (#КРАСНЛЯРСК$ -> #КРАСНОЯРСК$) = -11.5728890698907
correctionProbability (#СЛУШВТЬ$ -> #СЛУШАТЬ$) = -5.169812756328488
correctionProbability (#СТЕЛИТСЯ$ -> #СТЕЛЕТСЯ$) = -21.961276523828012
correctionProbability (#ЮТУУБ$ -> #ЮТУБ$) = -2.7261753163233102
correctionProbability (#РАПСЧИТАТЬ$ -> #РАССЧИТАТЬ$) = -13.651790248179886
correctionProbability (#NOODI$ -> #NOORDI$) = -24.016355674908226
correctionProbability (#ДИКИИ$ -> #ДИКИЕ$) = -10.86016477670486
correctionProbability (#ОСОБЕНОСТИ$ -> #ОСОБЕННОСТИ$) = -15.749963019205708
correctionProbability (#ВОДЯННОЙ$ -> #ВОДЯНОЙ$) = -16.06712484744589
correctionProbability (#АВТОКОСМЕТИКЕ$ -> #АВТОКОСМЕТИКА$) = -28.408704449731502
correctionProbability (#НАПОЛИОНА$ -> #НАПОЛЕОНА$) = -17.48722215133764
correctionProbability (#АККАМУЛЯТОРЕ$ -> #АККУМУЛЯТОРЕ$) = -22.195448910219163
correctionProbability (#ЗАПИЬ$ -> #ЗАПИСЬ$) = -8.986171869167865
correctionProbability (#STRONHOLD$ -> #STRONGHOLD$) = -22.103733633065083
correctionProbability (#ПНЗА$ -> #ПЕНЗА$) = -9.811767618708476
correctionProbability (#НЕНАВЕСТИ$ -> #НЕНАВИСТИ$) = -18.721516206847298
correctionProbability (#ПАЛЕОНИТА$ -> #ПАЛЕОЛИТА$) = -23.44312708518258
correctionProbability (#МИЛИОН$ -> #МИЛЛИОН$) = -12.510990314273727
correctionProbability (#ВОСМЕРИЧНУЮ$ -> #ВОСЬМЕРИЧНУЮ$) = -26.263594080624934
correctionProbability (#СДАЧ$ -> #СДАЧИ$) = -11.532888193977097
correctionProbability (#МЕТОКЛОПРОМИД$ -> #МЕТОКЛОПРАМИД$) = -25.54062701018259
correctionProbability (#БАРТУЧЧИ$ -> #БЕРЛУЧЧИ$) = -86.87355271960757
correctionProbability (#КТЮ$ -> #КЬЮ$) = -17.15403226576502
correctionProbability (#STIKCAM$ -> #STICKAM$) = -87.11621532395007
correctionProbability (#ПАСЬЯ$ -> #ПАСЬЯНС$) = -74.49800723252808
correctionProbability (#MYCHEL$ -> #MICHAEL$) = -79.43109850469443
correctionProbability (#BONGOCAM$ -> #BONGACAMS$) = -82.22607161454023
correctionProbability (#ВИЛЛИДЖ$ -> #ВИЛЛАДЖ$) = -18.316353176882345
correctionProbability (#INCHEST$ -> #INCEST$) = -16.69908822247616
correctionProbability (#СДАТ$ -> #СДАТЬ$) = -10.492612467881674
correctionProbability (#ЛОБА$ -> #ЛАБА$) = -15.04144894800461
correctionProbability (#БЕЗРБАТНО$ -> #БЕСПЛАТНО$) = -134.25248388706837
correctionProbability (#МАМКАЙ$ -> #МАМКОЙ$) = -16.015876224990098
correctionProbability (#ГОЛИВУДСКИ$ -> #ГОЛЛИВУДСКИ$) = -27.624326210259746
correctionProbability (#ZOBA$ -> #ZONA$) = -12.137619399796552
correctionProbability (#MARCHES$ -> #MATCHES$) = -13.900873957242688
correctionProbability (#ЛЕЛАЮТ$ -> #ДЕЛАЮТ$) = -10.755289452083606
correctionProbability (#КЛЕЕННОГО$ -> #КЛЕЕНОГО$) = -18.158958164364414
correctionProbability (#ТИМОЩЕНКО$ -> #ТИМОШЕНКО$) = -18.36745584373807
correctionProbability (#ПРОФЕСИОНАЛЬНО$ -> #ПРОФЕССИОНАЛЬНО$) = -28.018758394243875
correctionProbability (#BESPLOTNO$ -> #BESPLATNO$) = -17.27146909868081
correctionProbability (#ПЕРЕШОЛ$ -> #ПЕРЕШЕЛ$) = -20.81565882360305
correctionProbability (#CHEINSIDE$ -> #SHEINSIDE$) = -23.702093934269676
correctionProbability (#XXHX$ -> #XXX$) = -9.917028051633725
correctionProbability (#RASBERRY$ -> #RASPBERRY$) = -21.2724659730654
correctionProbability (#АНТИЦЕЛЮЛИТНЫЙ$ -> #АНТИЦЕЛЛЮЛИТНЫЙ$) = -25.827692324416482
correctionProbability (#ВАЙБИРИС$ -> #ВАЙБЕРИС$) = -16.664565270328303
correctionProbability (#МАЛЬЧКИ$ -> #МАЛЬЧИКИ$) = -14.018252302708675
correctionProbability (#ПИШЕЦА$ -> #ПИШЕТСЯ$) = -141.65792116342027
correctionProbability (#МОСВОДОЛКАНАЛЕ$ -> #МОСВОДОКАНАЛЕ$) = -32.57979046207639
correctionProbability (#MONTAL$ -> #MONTALE$) = -20.814853960370137
correctionProbability (#БЕРЕМЕНИХ$ -> #БЕРЕМЕННЫХ$) = -80.62631369520474
correctionProbability (#КАЗАГИ$ -> #КАЗАНИ$) = -9.348155920803809
correctionProbability (#ГОСУДОРСТВА$ -> #ГОСУДАРСТВА$) = -16.617782254774248
correctionProbability (#КОНАСУБА$ -> #КОНОСУБА$) = -18.92156633089376
correctionProbability (#КАТРЕ$ -> #КАРТЕ$) = -74.81399449708431
correctionProbability (#РУЛИВАЯ$ -> #РУЛЕВАЯ$) = -16.146727056413702
correctionProbability (#МАНГРАФТ$ -> #МАЙНКРАФТ$) = -73.27733216016817
correctionProbability (#ЛАБОВОЕ$ -> #ЛОБОВОЕ$) = -16.093253376530527
correctionProbability (#ТОБОТИ$ -> #ТОБОТЫ$) = -12.875825798990295
correctionProbability (#ПОЧЬА$ -> #ПОЧТА$) = -3.900035387636695
correctionProbability (#КОСТРОМК$ -> #КОСТРОМЕ$) = -15.833555301812687
correctionProbability (#ЮННОСТЬ$ -> #ЮНОСТЬ$) = -16.326700103159464
correctionProbability (#ЦИГАНКА$ -> #ЦЫГАНКА$) = -13.798704301276558
correctionProbability (#БЕЗСМЕРТНИЙ$ -> #БЕССМЕРТНЫЙ$) = -84.6561773392813
correctionProbability (#GVAJDI$ -> #DVAJDI$) = -32.243824772875215
correctionProbability (#АКУЛЕЛЕ$ -> #УКУЛЕЛЕ$) = -16.15646878965014
correctionProbability (#НОГОВИЦЫН$ -> #НАГОВИЦЫН$) = -18.786024034499576
correctionProbability (#КАЛИНСКИЙ$ -> #КАЛИНИНСКИЙ$) = -86.23278547315275
correctionProbability (#МАТЫМАТЫКА$ -> #МАТЕМАТИКА$) = -76.18949178144481
correctionProbability (#EROTEKA$ -> #EROTIKA$) = -14.382059052488444
correctionProbability (#МАТЯ$ -> #МАТЧ$) = -7.137034670153007
correctionProbability (#МАСТЕРП$ -> #МАСТЕР$) = -10.569349141714628
correctionProbability (#КОНВЕНТОР$ -> #КОНВЕРТЕР$) = -79.57505249534857
correctionProbability (#ИБНЕ$ -> #ИЮНЕ$) = -13.354561755775723
correctionProbability (#ЛЕЗУНЫ$ -> #ЛИЗУНЫ$) = -14.422746040922465
correctionProbability (#РАЗРАБОЧИКА$ -> #РАЗРАБОТЧИКА$) = -24.512377383106
correctionProbability (#ПРЕДПОЛАГАЕМЯХ$ -> #ПРЕДПОЛАГАЕМЫХ$) = -32.50226288992587
correctionProbability (#МАДЖЕНГ$ -> #МАДЖОНГ$) = -10.96057601987907
correctionProbability (#МУЛЛЬТИКИ$ -> #МУЛЬТИКИ$) = -9.290297642231977
correctionProbability (#ЧЕТВЕТЬ$ -> #ЧЕТВЕРТЬ$) = -13.683988924391947
correctionProbability (#ЦИГАНКИ$ -> #ЦЫГАНКИ$) = -17.99809538469154
correctionProbability (#SHUGAR$ -> #SUGAR$) = -17.309214470196356
correctionProbability (#МАТЦ$ -> #МАТЧ$) = -7.137542155573694
correctionProbability (#ОДНОКЛАСНИКИИ$ -> #ОДНОКЛАССНИКИ$) = -78.97519889775326
correctionProbability (#СКУБІ$ -> #СКУБИ$) = -12.048477330607074
correctionProbability (#МАЛИНАВЫЙ$ -> #МАЛИНОВЫЙ$) = -17.569271867702632
correctionProbability (#ОКУЛЫК$ -> #ОҚУЛЫҚ$) = -82.2519801199434
correctionProbability (#ШЕЛАКА$ -> #ШЕЛЛАКА$) = -20.708605529977063
correctionProbability (#СНЯТТ$ -> #СНЯТЬ$) = -7.040236813449333
correctionProbability (#СЕМИЧКИ$ -> #СЕМЕЧКИ$) = -15.69731545743307
correctionProbability (#ЛИНИВЫЕ$ -> #ЛЕНИВЫЕ$) = -14.65760002131671
correctionProbability (#СВЕНЬИ$ -> #СВИНЬИ$) = -14.817387963184142
correctionProbability (#DF331DWAE$ -> #DF331DWYE$) = -28.35013314128328
correctionProbability (#ОСОБЕНОСТЬ$ -> #ОСОБЕННОСТЬ$) = -22.18534746751041
correctionProbability (#ЭНРИКИ$ -> #ЭНРИКЕ$) = -15.016466735445643
correctionProbability (#ОБСЛУЗИВАНИЕ$ -> #ОБСЛУЖИВАНИЕ$) = -16.604785872400463
correctionProbability (#ОНДЛАЙН$ -> #ОНЛАЙН$) = -3.1616771360241103
correctionProbability (#BOKSER$ -> #BOXER$) = -84.99824516992257
correctionProbability (#КАВАЛЕВА$ -> #КОВАЛЕВА$) = -16.300311992908554
correctionProbability (#КОШОК$ -> #КОШЕК$) = -8.876404754960529
correctionProbability (#РАССТОЯГИЕ$ -> #РАССТОЯНИЕ$) = -12.612963841962348
correctionProbability (#ТБМЕНИ$ -> #ТЮМЕНИ$) = -9.84640356493843
correctionProbability (#ГОСТИНЦА$ -> #ГОСТИНИЦА$) = -13.743922866536522
correctionProbability (#КОМЕЛИЯ$ -> #КОМЕДИЯ$) = -11.340377084737085
correctionProbability (#OLINE$ -> #ONLINE$) = -8.808065040576377
correctionProbability (#ОБЯСНИТЕ$ -> #ОБЪЯСНИТЕ$) = -18.290031615729937
correctionProbability (#ВЛАДИВАСТОКЕ$ -> #ВЛАДИВОСТОКЕ$) = -16.88610974410608
correctionProbability (#ДУШЫ$ -> #ДУШИ$) = -8.376323947776648
correctionProbability (#ИСПОЛЬЗУЕТЬСЯ$ -> #ИСПОЛЬЗУЕТСЯ$) = -22.778412058420393
correctionProbability (#АЭРОФЛО$ -> #АЭРОФЛОТ$) = -12.563268054738693
correctionProbability (#РАЦЫЮ$ -> #РАЦИЮ$) = -17.93820612713903
correctionProbability (#ОСНОВЫХ$ -> #ОСНОВНЫХ$) = -14.845907176343424
correctionProbability (#КЕДИТ$ -> #КРЕДИТ$) = -7.862534988907996
correctionProbability (#МАРКСИДСКОЙ$ -> #МАРКСИСТСКОЙ$) = -90.97528080401446
correctionProbability (#DRAVER$ -> #DRIVER$) = -10.478386894965912
correctionProbability (#КРАСОДАРСКОГО$ -> #КРАСНОДАРСКОГО$) = -19.09378159905826
correctionProbability (#ЗНАНІЯ$ -> #ЗНАНИЯ$) = -14.064878099446947
correctionProbability (#ШКОЛНИКОВ$ -> #ШКОЛЬНИКОВ$) = -14.660799202143195
correctionProbability (#ДЖУНАРИК$ -> #ДЖУНГАРИК$) = -25.22495800752567
correctionProbability (#МАФИНЫ$ -> #МАФФИНЫ$) = -18.23924553197798
correctionProbability (#ГРУЗОПЕРИВОЗКИ$ -> #ГРУЗОПЕРЕВОЗКИ$) = -18.750503977000946
correctionProbability (#КРАСНОЯРСАИЙ$ -> #КРАСНОЯРСКИЙ$) = -18.284010796207646
correctionProbability (#КОАСНОЙ$ -> #КРАСНОЙ$) = -11.8587374136265
correctionProbability (#ПОЛЬАВА$ -> #ПОЛТАВА$) = -13.61473213110645
correctionProbability (#СУДБИ$ -> #СУДЬБЫ$) = -75.44570091666426
correctionProbability (#ПРИЗЕДЕНТОМ$ -> #ПРЕЗИДЕНТОМ$) = -86.51053614357356
correctionProbability (#OККУПАЙ$ -> #ОККУПАЙ$) = -23.471508082539984
correctionProbability (#СЕБОЗОЛ$ -> #СЕБАЗОЛ$) = -23.49031305500722
correctionProbability (#СКАНИА$ -> #СКАНИЯ$) = -15.272146679815133
correctionProbability (#СУММИРОВАНОМ$ -> #СУММИРОВАННОМ$) = -27.86385548158887
correctionProbability (#МОССАЖИСТКА$ -> #МАССАЖИСТКА$) = -22.18953408314588
correctionProbability (#ЭДЖУР$ -> #ЭЛЖУР$) = -12.56427458961075
correctionProbability (#ШПАШКАХ$ -> #ШПАЖКАХ$) = -18.26680463480819
correctionProbability (#КЕМПБЕЛЛ$ -> #КЭМПБЕЛЛ$) = -18.931857192511487
correctionProbability (#СТАРЛА$ -> #СТАРЛАЙН$) = -79.12522506672742
correctionProbability (#КОАСНОЕ$ -> #КРАСНОЕ$) = -12.726891254207395
correctionProbability (#СРЕДНЕВИКОВЬЕ$ -> #СРЕДНЕВЕКОВЬЕ$) = -21.25426010517502
correctionProbability (#ЮЕУБ$ -> #ЮТУБ$) = -0.21068330655588952
correctionProbability (#ГРУПУ$ -> #ГРУППУ$) = -13.518775029163596
correctionProbability (#АМОРАНТ$ -> #АМАРАНТ$) = -17.97512262858813
correctionProbability (#ВЛАДИВАСТОКА$ -> #ВЛАДИВОСТОКА$) = -18.066204606025686
correctionProbability (#БИЛЬДИБИ$ -> #БЕЛЬДИБИ$) = -19.88243902281343
correctionProbability (#УДАЧНИКОМ$ -> #НЕУДАЧНИКОМ$) = -102.6231608696795
correctionProbability (#ВИЖИВШИЙ$ -> #ВЫЖИВШИЙ$) = -15.312202193777047
correctionProbability (#ПЙФОН$ -> #АЙФОН$) = -7.821693589855169
correctionProbability (#КОКОРНИТ$ -> #КОКАРНИТ$) = -20.378100480464774
correctionProbability (#ПЕРЕВОДЦИК$ -> #ПЕРЕВОДЧИК$) = -8.631210509354979
correctionProbability (#СУДБА$ -> #СУДЬБА$) = -11.43450419462231
correctionProbability (#ФОРМУВАНЯ$ -> #ФОРМУВАННЯ$) = -22.057505276003617
correctionProbability (#РИАЛЬНЫЙ$ -> #РЕАЛЬНЫЙ$) = -15.273450125318838
correctionProbability (#МИСТАРИ$ -> #МИСТЕРИ$) = -18.13312045290921
correctionProbability (#САМИТ$ -> #САММИТ$) = -17.008379231196816
correctionProbability (#КОНТРОЛИРУЮЩ$ -> #КОНТРОЛИРУЮЩИЙ$) = -97.66505082827459
correctionProbability (#СЕРІІ$ -> #СЕРІЇ$) = -15.12647318730254
correctionProbability (#ГОМЕЬПАТИЯ$ -> #ГОМЕОПАТИЯ$) = -20.307710767778723
correctionProbability (#ЛЕЬУЛЬ$ -> #ЛЕТУАЛЬ$) = -77.2422924951809
correctionProbability (#ЗНААКОМСТВА$ -> #ЗНАКОМСТВА$) = -13.264675326536036
correctionProbability (#ИПАТЕЧНЫЙ$ -> #ИПОТЕЧНЫЙ$) = -16.851874134686867
correctionProbability (#АМЕТИС$ -> #АМЕТИСТ$) = -17.954365300936175
correctionProbability (#ОКУРАТНО$ -> #АККУРАТНО$) = -86.15998894832752
correctionProbability (#КАЛИНЕНСКОМ$ -> #КАЛИНИНСКОМ$) = -23.359641553302936
correctionProbability (#JAPANISE$ -> #JAPANESE$) = -16.210283309200157
correctionProbability (#ЦННТР$ -> #ЦЕНТР$) = -5.602704511529211
correctionProbability (#ЕВРОПВ$ -> #ЕВРОПЫ$) = -9.997511640854217
correctionProbability (#ГОЛВХ$ -> #ГОЛЫХ$) = -10.251070136471885
correctionProbability (#ДЖАСТИНИАНО$ -> #ДЖУСТИНИАНО$) = -22.973860559036133
correctionProbability (#СХМЫ$ -> #СХЕМЫ$) = -8.282943455805476
correctionProbability (#ВСВАДЬБА$ -> #СВАДЬБА$) = -13.04596755589371
correctionProbability (#BABUSQA$ -> #BABUSHKA$) = -87.70922162027603
correctionProbability (#STRES$ -> #STRESS$) = -18.536047944656747
correctionProbability (#ВСЕЛЕНУЮ$ -> #ВСЕЛЕННУЮ$) = -17.835837006087267
correctionProbability (#БЕСБАРМАК$ -> #БЕШБАРМАК$) = -20.457234397486175
correctionProbability (#РУССКАВА$ -> #РУССКОГО$) = -140.04819297056744
correctionProbability (#ТИАМ$ -> #ТЕАМ$) = -16.54746943538345
correctionProbability (#СТУДГОРОДКУ$ -> #СТУДГОРОДКЕ$) = -30.348533647660993
correctionProbability (#МСЯЦ$ -> #МЕСЯЦ$) = -9.390078275490811
correctionProbability (#ФРОД$ -> #ФОРД$) = -75.49355871961257
correctionProbability (#МОЛОГВАРДЕЙЦЕВ$ -> #МОЛОДОГВАРДЕЙЦЕВ$) = -95.30324833567659
correctionProbability (#РУСАКИЙ$ -> #РУССКИЙ$) = -6.791242944239784
correctionProbability (#ПРИСТАВОА$ -> #ПРИСТАВОВ$) = -13.920077435607219
correctionProbability (#МАКВІН$ -> #МАКВИН$) = -13.050144920870796
correctionProbability (#ALLEXPRES$ -> #ALIEXPRESS$) = -79.90148742841046
correctionProbability (#ТОКСАН$ -> #ТОҚСАН$) = -17.018610983906004
correctionProbability (#STREM$ -> #STREAM$) = -16.276867330991582
correctionProbability (#ОМИРИ$ -> #ӨМІРІ$) = -147.5872585791538
correctionProbability (#ДЕВВОЧЕК$ -> #ДЕВОЧЕК$) = -10.181172936854011
correctionProbability (#СИНОНОМ$ -> #СИНОНИМ$) = -12.703262624978919
correctionProbability (#АКРЕСНОСТЯХ$ -> #ОКРЕСТНОСТЯХ$) = -89.29962822006777
correctionProbability (#XHAMER$ -> #XHAMSTER$) = -80.51409896195015
correctionProbability (#ROYLE$ -> #ROYALE$) = -15.824271399648087
correctionProbability (#ОЛАЙНІ$ -> #ОНЛАЙН$) = -68.47356790988353
correctionProbability (#МЕЛАНЕТ$ -> #МЕЛАННЕТ$) = -22.3502091110051
correctionProbability (#HATAB$ -> #XATAB$) = -16.809381371473375
correctionProbability (#САМИЕ$ -> #САМЫЕ$) = -6.220622123689722
correctionProbability (#МАМЬ$ -> #МАТЬ$) = -8.65129421813289
correctionProbability (#ПООЕКТ$ -> #ПРОЕКТ$) = -8.311875806706865
correctionProbability (#СЁМНИК$ -> #СЪЕМНИК$) = -82.21638978072572
correctionProbability (#ОДНОКЛАСНИКОВ$ -> #ОДНОКЛАССНИКОВ$) = -22.352505017297652
correctionProbability (#МЕСЯУ$ -> #МЕСЯЦ$) = -8.78475420743747
correctionProbability (#ГАДАУТЫ$ -> #ГУДАУТЫ$) = -20.69128603866399
correctionProbability (#ЖЕНКСКАЯ$ -> #ЖЕНСКАЯ$) = -12.64183163404548
correctionProbability (#MENCER$ -> #MENECER$) = -33.698248869293806
correctionProbability (#ПОЛОЧНУЮ$ -> #ПОТОЛОЧНУЮ$) = -88.3967948103323
correctionProbability (#ДАУНТОЕ$ -> #ДАУНТОН$) = -15.346562525725162
correctionProbability (#КНИШКИ$ -> #КНИЖКИ$) = -13.139580293703286
correctionProbability (#ЦЕВИЛИЗАЦИИ$ -> #ЦИВИЛИЗАЦИИ$) = -20.32564419680753
correctionProbability (#HEATS$ -> #HEARTS$) = -16.29560069594758
correctionProbability (#ЖКНА$ -> #ЖЕНА$) = -7.1824190662774505
correctionProbability (#АНИМОТРОНИКИ$ -> #АНИМАТРОНИКИ$) = -18.403335618338765
correctionProbability (#СЕРЕЗНЫХ$ -> #СЕРЬЕЗНЫХ$) = -17.874192386344085
correctionProbability (#ВЗОРЗЛЫХ$ -> #ВЗРОСЛЫХ$) = -142.3520390743001
correctionProbability (#ГАГОСТЕВЫЕ$ -> #ГОСТЕВЫЕ$) = -88.36541865972814
correctionProbability (#МАВРОДИЙ$ -> #МАВРОДИ$) = -22.82304125530105
correctionProbability (#LIQUIDWB$ -> #LIQUIDWEB$) = -22.07638004563062
correctionProbability (#УСТАЕОВИТЬ$ -> #УСТАНОВИТЬ$) = -12.095859527559774
correctionProbability (#TEIPMYDREAMS$ -> #TRIPMYDREAM$) = -88.59746190520983
correctionProbability (#КАЛИНИСКИЙ$ -> #КАЛИНИНСКИЙ$) = -20.89262160508882
correctionProbability (#ЛЬВВВ$ -> #ЛЬВІВ$) = -11.430025646239667
correctionProbability (#ЗАЧЕПИЛА$ -> #ЗАЦЕПИЛА$) = -13.043805800826298
correctionProbability (#DRAIVERPACK$ -> #DRIVERPACK$) = -18.97917087407597
correctionProbability (#РОЛКИ$ -> #РОЛИКИ$) = -10.266060702396747
correctionProbability (#НЛВОСИБИРСК$ -> #НОВОСИБИРСК$) = -12.438050071248682
correctionProbability (#АГОНИ$ -> #ОГОНЬ$) = -74.17551539589903
correctionProbability (#РАБОАТ$ -> #РАБОТА$) = -72.77447654468082
correctionProbability (#АДВГЕИ$ -> #АДЫГЕИ$) = -17.417244353893434
correctionProbability (#ВЫНЛЯДИТ$ -> #ВЫГЛЯДИТ$) = -11.932765084192923
correctionProbability (#НОРМСАЛЬНОМ$ -> #НОРМАЛЬНОМ$) = -24.402680009472952
correctionProbability (#СИНОНМЫ$ -> #СИНОНИМЫ$) = -14.895279415058788
correctionProbability (#МАМП$ -> #МАМА$) = -6.049211785306554
correctionProbability (#ОМЕЛЬЯНЕНКО$ -> #ЕМЕЛЬЯНЕНКО$) = -17.52309805021349
correctionProbability (#ОДЫХЕ$ -> #ОТДЫХЕ$) = -14.218839994400408
correctionProbability (#СОТИТ$ -> #СТОИТ$) = -74.36757435999647
correctionProbability (#КРАСВАЯ$ -> #КРАСИВАЯ$) = -11.382222669787502
correctionProbability (#СООБЩНИЕ$ -> #СООБЩЕНИЕ$) = -13.318365051094915
correctionProbability (#ЕВРОПИ$ -> #ЕВРОПЫ$) = -9.969913872294843
correctionProbability (#CСМОТРЕТЬ$ -> #СМОТРЕТЬ$) = -4.925615453545488
correctionProbability (#СНОВП$ -> #СНОВА$) = -11.190598990387866
correctionProbability (#СМОЛЕНС$ -> #СМОЛЕНСК$) = -13.058120722778646
correctionProbability (#ТІМА$ -> #ТИМА$) = -10.083032451970762
correctionProbability (#МАМК$ -> #МАМКИ$) = -11.480997668404644
correctionProbability (#УКРАЙІНСЬКА$ -> #УКРАЇНСЬКА$) = -84.61593191489047
correctionProbability (#РИКВИЗИТЫ$ -> #РЕКВИЗИТЫ$) = -15.748635982188667
correctionProbability (#ПОДКЮЧИТЬ$ -> #ПОДКЛЮЧИТЬ$) = -14.148979301231819
correctionProbability (#БЕЛЛИВЕР$ -> #БЕЛИВЕР$) = -21.780485197963188
correctionProbability (#ТИКИТОН$ -> #ТИКЕТОН$) = -17.47340422223975
correctionProbability (#БЫВШОЙ$ -> #БЫВШЕЙ$) = -16.90952764603367
correctionProbability (#ВИДКРИТТЯ$ -> #ВІДКРИТТЯ$) = -21.442973980298753
correctionProbability (#АНАДИЗ$ -> #АНАЛИЗ$) = -4.5746672488348
correctionProbability (#СОСТОЧНИЕ$ -> #СОСТОЯНИЕ$) = -14.54803437720419
correctionProbability (#МОБИЛЬН$ -> #МОБИЛЬНЫЙ$) = -80.33001234280806
correctionProbability (#АВТОМОБМЛЯ$ -> #АВТОМОБИЛЯ$) = -12.046874083194524
correctionProbability (#ТИСТО$ -> #ТЕСТО$) = -9.368254171192849
correctionProbability (#ТИКИТОК$ -> #ТИКЕТОК$) = -22.908235003702522
correctionProbability (#ЛУТОВИНОВКЕ$ -> #ЛУТОВИНОВЕ$) = -38.209346860515815
correctionProbability (#СВЕЩЕННАЯ$ -> #СВЯЩЕННАЯ$) = -20.037688947706776
correctionProbability (#ЧЕРНОБИЛЬ$ -> #ЧЕРНОБЫЛЬ$) = -12.017605080212377
correctionProbability (#GEME$ -> #GAME$) = -6.79570031842216
correctionProbability (#ПАЛИАТИВНАЯ$ -> #ПАЛЛИАТИВНАЯ$) = -24.483322047103172
correctionProbability (#СЕРЕЗНЫЙ$ -> #СЕРЬЕЗНЫЙ$) = -21.254963130345267
correctionProbability (#ЦЕВИЛИЗАЦИЯ$ -> #ЦИВИЛИЗАЦИЯ$) = -19.98347585390401
correctionProbability (#ДВАЙ$ -> #ДАВАЙ$) = -10.438031045454661
correctionProbability (#ПОСТАНОВЛЕНИЯМ$ -> #ПОСТАНОВЛЕНИЕМ$) = -23.055969511354164
correctionProbability (#ЬОЖНО$ -> #МОЖНО$) = -4.493283195031477
correctionProbability (#ОБЯЗАТЬНЫМ$ -> #ОБЯЗАТЕЛЬНЫМ$) = -90.09792071718326
correctionProbability (#МАКУНЯН$ -> #МАНУКЯН$) = -80.99424284928446
correctionProbability (#АСТРОХАНЬ$ -> #АСТРАХАНЬ$) = -12.891589297729972
correctionProbability (#СТАРЙК$ -> #СТРАЙК$) = -80.71627443484742
correctionProbability (#AQUEL$ -> #AQUAEL$) = -21.499331018752738
correctionProbability (#СУДБЫ$ -> #СУДЬБЫ$) = -10.731906840761727
correctionProbability (#ЛЮЬВИ$ -> #ЛЮБВИ$) = -7.26745749541147
correctionProbability (#ГІПЮР$ -> #ГИПЮР$) = -17.14645197814858
correctionProbability (#СЛОГАЕМОЕ$ -> #СЛАГАЕМОЕ$) = -21.796358470305478
correctionProbability (#ДЕНБГИ$ -> #ДЕНЬГИ$) = -7.656268241080053
correctionProbability (#БИЛАТОР$ -> #БЕЛЛАТОР$) = -85.53329074889218
correctionProbability (#ТЕКСИЛЬ$ -> #ТЕКСТИЛЬ$) = -16.296133798835193
correctionProbability (#ПИТЕРАА$ -> #ПИТЕРА$) = -16.058995208056263
correctionProbability (#СБЕБАНК$ -> #СБЕРБАНК$) = -6.588810307777884
correctionProbability (#УНЕВЕРСАЛ$ -> #УНИВЕРСАЛ$) = -15.288686562896395
correctionProbability (#DOLLIR$ -> #DOLLAR$) = -15.999758362796907
correctionProbability (#РУКОВОВ$ -> #РУКАВОВ$) = -17.151159513560714
correctionProbability (#СЕРГЕЕНКО$ -> #СЕРГИЕНКО$) = -19.809595254010055
correctionProbability (#СУВЧАТЬ$ -> #СКАЧАТЬ$) = -67.30816718480598
correctionProbability (#ЛЕШИЛАСЬ$ -> #ЛИШИЛАСЬ$) = -22.736364827859944
correctionProbability (#СУДБУ$ -> #СУДЬБУ$) = -16.377363364274483
correctionProbability (#KRUKER$ -> #KRUNKER$) = -18.748048087599315
correctionProbability (#ЩАРИКИ$ -> #ШАРИКИ$) = -8.831533568650134
correctionProbability (#ГРУПЫ$ -> #ГРУППЫ$) = -9.601455021607148
correctionProbability (#ИНСАГРАМ$ -> #ИНСТАГРАМ$) = -9.107874874358195
correctionProbability (#ПОЛЬБА$ -> #ПАЛЬБА$) = -18.030525004771082
correctionProbability (#ДЫЛДЫЫ$ -> #ДЫЛДЫ$) = -10.359618949837174
correctionProbability (#УТАНОВИТЬ$ -> #УСТАНОВИТЬ$) = -12.604207294546946
correctionProbability (#БЕЗПЛАТНИЙ$ -> #БЕСПЛАТНЫЙ$) = -79.59328966894182
correctionProbability (#ТОЩИИ$ -> #ТОЩИЕ$) = -16.931382884582806
correctionProbability (#КОМПАСС$ -> #КОМПАС$) = -15.63135583652863
correctionProbability (#ЮТУПБ$ -> #ЮТУБ$) = -2.7212382124731214
correctionProbability (#ШЕЛОК$ -> #ШЕРЛОК$) = -12.136137670642047
correctionProbability (#ОЧИТИТЬ$ -> #ОЧИСТИТЬ$) = -14.12503599258627
correctionProbability (#ТИГА$ -> #ТИГО$) = -13.295428021819323
correctionProbability (#АРМЕНИ$ -> #АРМЕНИИ$) = -13.24057207921723
correctionProbability (#ВЫЖЫТЬ$ -> #ВЫЖИТЬ$) = -13.661670111371219
correctionProbability (#ЛИМУЗЕНА$ -> #ЛИМУЗИНА$) = -17.217758248541834
correctionProbability (#ЯЫКУ$ -> #ЯЗЫКУ$) = -6.940705395957245
correctionProbability (#GELL$ -> #CELL$) = -14.12732429178914
correctionProbability (#БЕЗПЛАТНИЕ$ -> #БЕСПЛАТНЫЕ$) = -77.10276739719988
correctionProbability (#СРВЕСТЬ$ -> #СОВЕСТЬ$) = -11.887031620632335
correctionProbability (#POPRIKOLU$ -> #PAPRIKOLU$) = -27.48329813556986
correctionProbability (#БЛОГЕР51$ -> #БЛОГГЕР51$) = -23.982252061414776
correctionProbability (#GIDONLAIN$ -> #GIDONLINE$) = -87.15143033610856
correctionProbability (#БЕНЗАНАСОС$ -> #БЕНЗОНАСОС$) = -19.136166504393763
correctionProbability (#ПРОТВ$ -> #ПРОТИВ$) = -8.490233241232442
correctionProbability (#ЛОБКОВСКИЙ$ -> #ЛАБКОВСКИЙ$) = -18.945637550528026
correctionProbability (#ГАЕВЕ$ -> #ГАЙВЕ$) = -20.56667007704377
correctionProbability (#ТЕЛЕФОННЫ$ -> #ТЕЛЕФОНЫ$) = -14.91120340956487
correctionProbability (#ЧЕТВЕРТ$ -> #ЧЕТВЕРТЬ$) = -13.635590704200489
correctionProbability (#РЕБНОК$ -> #РЕБЕНОК$) = -10.863591923645075
correctionProbability (#YOUBE$ -> #YOUTUBE$) = -72.33461351809161
correctionProbability (#ПОЖЕТ$ -> #МОЖЕТ$) = -7.98386579001539
correctionProbability (#МОРТИН$ -> #МАРТИН$) = -12.809540640077127
correctionProbability (#ОФШОРЫ$ -> #ОФФШОРЫ$) = -21.73692421126203
correctionProbability (#РАБОАЯ$ -> #РАБОЧАЯ$) = -9.881949860322749
correctionProbability (#БУКВАЙ$ -> #БУКВОЙ$) = -13.489580614440161
correctionProbability (#ПРОСИТУТКИ$ -> #ПРОСТИТУТКИ$) = -14.886193553862654
correctionProbability (#ПРОСЬ$ -> #ПРОЧЬ$) = -13.760457380382231
correctionProbability (#ЗАБОРИ$ -> #ЗАБОРЫ$) = -13.171335158359444
correctionProbability (#ТЕЛЕФОНОА$ -> #ТЕЛЕФОНОВ$) = -13.832508342179146
correctionProbability (#ЗКЛЕНЫЕ$ -> #ЗЕЛЕНЫЕ$) = -13.222035960664229
correctionProbability (#АБРОКСОЛ$ -> #АМБРОКСОЛ$) = -19.382237149611413
correctionProbability (#СЕРІЯ$ -> #СЕРИЯ$) = -2.273455863528479
correctionProbability (#МУЛЬИПЛЕКС$ -> #МУЛЬТИПЛЕКС$) = -19.884925684814178
correctionProbability (#ЧЮДОВИЩЕ$ -> #ЧУДОВИЩЕ$) = -13.943223500427713
correctionProbability (#STOKING$ -> #STOCKING$) = -21.33327346425574
correctionProbability (#ПРОДОНО$ -> #ПРОДАНО$) = -20.221035638562412
correctionProbability (#МАПИ$ -> #МАРИ$) = -11.651575157217014
correctionProbability (#ВТОРОЦ$ -> #ВТОРОЙ$) = -9.66614295912878
correctionProbability (#ДИДУЛЯ$ -> #ДИДЮЛЯ$) = -13.986881635944105
correctionProbability (#ФФФСБУФФК$ -> #ФФФСБУК$) = -92.13694040298557
correctionProbability (#SAVONE$ -> #SAVONA$) = -23.562577441638197
correctionProbability (#GADMOCERA$ -> #GADMOWERA$) = -23.789485162297545
correctionProbability (#ВИЗЕЙР$ -> #ВИЗЭЙР$) = -19.998765492260194
correctionProbability (#РАМБЛНР$ -> #РАМБЛЕР$) = -7.976350473609884
correctionProbability (#УМИР$ -> #УМЕР$) = -10.115890241262822
correctionProbability (#BATLLE$ -> #BATTLE$) = -13.355372256063927
correctionProbability (#СТАРНА$ -> #СТРАНА$) = -77.56614050542863
correctionProbability (#СЬЕМКАХ$ -> #СЪЕМКАХ$) = -20.419248906506887
correctionProbability (#ФОТОТРАНА$ -> #ФОТОСТРАНА$) = -10.566032837836936
correctionProbability (#СИДАЛИЩНОГО$ -> #СЕДАЛИЩНОГО$) = -21.04291841812912
correctionProbability (#ВАРЕЙС$ -> #ВАРФЕЙС$) = -10.989325601776166
correctionProbability (#ТЕЛЕФОНОЙ$ -> #ТЕЛЕФОННОЙ$) = -22.370488549698393
correctionProbability (#ДАЛЬНАБОЙ$ -> #ДАЛЬНОБОЙ$) = -17.182441416843083
correctionProbability (#ТРАТУАРА$ -> #ТРОТУАРА$) = -22.13882027992279
correctionProbability (#ПРОГГРАММУ$ -> #ПРОГРАММУ$) = -15.844407225389446
correctionProbability (#TRIPMYGREAM$ -> #TRIPMYDREAM$) = -21.2992506865898
correctionProbability (#ШЕРЕМЕТЬЕАО$ -> #ШЕРЕМЕТЬЕВО$) = -16.249960603242158
correctionProbability (#АППРАТА$ -> #АППАРАТА$) = -15.616738292653842
correctionProbability (#ОРСКИЕ$ -> #МОРСКИЕ$) = -11.860573695173017
correctionProbability (#ПРЕВОДЕ$ -> #ПЕРЕВОДЕ$) = -16.124528353051872
correctionProbability (#ПОТВЕРЖДЕНИЕ$ -> #ПОДТВЕРЖДЕНИЕ$) = -23.263381735010817
correctionProbability (#ВТОРОЯ$ -> #ВТОРАЯ$) = -11.391425642725533
correctionProbability (#ЩВЕЦ$ -> #ШВЕЦ$) = -13.401983256623463
correctionProbability (#ТРАВЯННОЙ$ -> #ТРАВЯНОЙ$) = -22.50239129924328
correctionProbability (#НОГОВИЦЫНА$ -> #НАГОВИЦЫНА$) = -21.025986654716554
correctionProbability (#КОЛИТЬ$ -> #КОЛИТ$) = -17.207548476643264
correctionProbability (#ЛЕЙКАЦИТЫ$ -> #ЛЕЙКОЦИТЫ$) = -17.759686259125054
correctionProbability (#ИНОВАЦИИ$ -> #ИННОВАЦИИ$) = -19.00374195841559
correctionProbability (#КРИТИНИЗМ$ -> #КРЕТИНИЗМ$) = -23.856108104471332
correctionProbability (#ГОЛВЕ$ -> #ГОЛЫЕ$) = -6.4669309088290206
correctionProbability (#ТРАВАЛАТА$ -> #ТРАВЕЛАТА$) = -16.345346588746025
correctionProbability (#ЛУЧЬШАЯ$ -> #ЛУЧШАЯ$) = -13.464713001169034
correctionProbability (#ЛАНДИШИ$ -> #ЛАНДЫШИ$) = -17.131539867469016
correctionProbability (#ТИБЯ$ -> #ТЕБЯ$) = -6.698014069574079
correctionProbability (#ВТОРОИ$ -> #ВТОРОЙ$) = -9.65629915770769
correctionProbability (#КАТЛЕ$ -> #КОТЛЕ$) = -15.03531185519093
correctionProbability (#ДВУХКОМФОРНАЯ$ -> #ДВУХКОМФОРОЧНАЯ$) = -94.73094614679998
correctionProbability (#МРЗЛЯК$ -> #МЕРЗЛЯК$) = -11.414316916230057
correctionProbability (#ТОРЕННТОМ$ -> #ТОРРЕНТОМ$) = -83.11859045187322
correctionProbability (#JINSI$ -> #JINSIY$) = -20.40120948488075
correctionProbability (#КАЛИНИГРАДА$ -> #КАЛИНИНГРАДА$) = -19.076297596622815
correctionProbability (#ОДЕСАА$ -> #ОДЕССА$) = -9.462921561019602
correctionProbability (#СУВОВЕ$ -> #СУВОРОВЕ$) = -87.89010609806093
correctionProbability (#МАПЕДЫ$ -> #МОПЕДЫ$) = -17.74806020288354
correctionProbability (#ТИМВЬЮЕР$ -> #ТИМВЬЮВЕР$) = -21.65774632648374
correctionProbability (#ПЕСИМИСТ$ -> #ПЕССИМИСТ$) = -24.6372282005345
correctionProbability (#TECTUR$ -> #TEXTURE$) = -84.2649204194281
correctionProbability (#ПРОГГРАММА$ -> #ПРОГРАММА$) = -11.130857416153127
correctionProbability (#ИЗБРАНОЕ$ -> #ИЗБРАННОЕ$) = -19.68058089511357
correctionProbability (#DOCHKISINOXHKI$ -> #DOCHKISINOCHKI$) = -28.962200536926005
correctionProbability (#ОСЛЕЖИВАНИЕ$ -> #ОТСЛЕЖИВАНИЕ$) = -13.712769754430752
correctionProbability (#НУМЕРАЛОГИЯ$ -> #НУМЕРОЛОГИЯ$) = -18.219066100731716
correctionProbability (#РОЛЛЯ$ -> #РОЛЛЫ$) = -10.30745399323595
correctionProbability (#ПРОФЕСОРА$ -> #ПРОФЕССОРА$) = -19.631868239744776
correctionProbability (#РАЕНЕ$ -> #РАЙОНЕ$) = -74.70732185260054
correctionProbability (#РАСПЕАТАТЬ$ -> #РАСПЕЧАТАТЬ$) = -12.36719119772787
correctionProbability (#ВОЗРАЩЕНИЕ$ -> #ВОЗВРАЩЕНИЕ$) = -16.147132519188034
correctionProbability (#АКТОНАВТИ$ -> #ОКТОНАВТЫ$) = -83.80983411375357
correctionProbability (#ОТТИРЕТЬ$ -> #ОТТЕРЕТЬ$) = -19.94435408418395
correctionProbability (#ЧЛМУ$ -> #ЧОМУ$) = -13.000817577790148
correctionProbability (#КВАДРТА$ -> #КВАДРАТА$) = -16.953584341075036
correctionProbability (#МАОР$ -> #МАЙОР$) = -12.681223522058179
correctionProbability (#ОЛИМПИДА$ -> #ОЛИМПИАДА$) = -13.280663113554645
correctionProbability (#МЕСЯЧНЫЗ$ -> #МЕСЯЧНЫХ$) = -14.88487393642005
correctionProbability (#ОДНОКЛАССС$ -> #ОДНОКЛАСС$) = -21.709047528487822
correctionProbability (#МУЛЬТВИЛЬМ$ -> #МУЛЬТФИЛЬМ$) = -9.096380294921111
correctionProbability (#КОРПОРОТИВЫ$ -> #КОРПОРАТИВЫ$) = -22.398531789895642
correctionProbability (#ПОТВЕРЖДЕНИЯ$ -> #ПОДТВЕРЖДЕНИЯ$) = -22.369947818811895
correctionProbability (#АСКАРУТИН$ -> #АСКОРУТИН$) = -19.10612455449357
correctionProbability (#ФЕОЛЕТОВЫЙ$ -> #ФИОЛЕТОВЫЙ$) = -17.330075111732477
correctionProbability (#ИЧНАЯ$ -> #ЛИЧНАЯ$) = -9.380107457424689
correctionProbability (#ПРОМСВЯЗБАНК$ -> #ПРОМСВЯЗЬБАНК$) = -19.446643766959653
correctionProbability (#ВАРЕИС$ -> #ВАРФЕЙС$) = -75.7195630892703
correctionProbability (#ОБЕЗБОЛИВАЕТ$ -> #ОБЕЗБАЛИВАЕТ$) = -31.343461790247062
correctionProbability (#ДЫВЧАТОК$ -> #ДІВЧАТОК$) = -20.670554199870303
correctionProbability (#ВОЗМЕТ$ -> #ВОЗЬМЕТ$) = -21.059968280129837
correctionProbability (#БУТЕТ$ -> #БУДЕТ$) = -7.739906703250849
correctionProbability (#АДОПТАЦИИ$ -> #АДАПТАЦИИ$) = -18.150587093814863
correctionProbability (#ПРИМЄР$ -> #ПРЕМЬЕР$) = -141.42688245307926
correctionProbability (#АЛМЕРА$ -> #АЛЬМЕРА$) = -15.495228923530604
correctionProbability (#МАСКОВСКОЙ$ -> #МОСКОВСКОЙ$) = -12.374853889873549
correctionProbability (#ХУАВЭЙ$ -> #ХУАВЕЙ$) = -12.442654065627824
correctionProbability (#КАПИЛЯРНАЯ$ -> #КАПИЛЛЯРНАЯ$) = -27.41231407779445
correctionProbability (#ВИОДЕ$ -> #ВИДЕО$) = -69.56166902466282
correctionProbability (#СПОКОЙСТВИК$ -> #СПОКОЙСТВИЕ$) = -22.713612759871623
correctionProbability (#КЕДДИ$ -> #КАДДИ$) = -16.642425534938962
correctionProbability (#АКРАБАТИКА$ -> #АКРОБАТИКА$) = -21.121663370860283
correctionProbability (#ВНГЛИЙСКОМУ$ -> #АНГЛИЙСКОМУ$) = -13.235808284345126
correctionProbability (#ПРАВОДА$ -> #ПРОВОДА$) = -12.82494513904701
correctionProbability (#УБОАТЬ$ -> #УБРАТЬ$) = -9.753254699928842
correctionProbability (#ТИБЕ$ -> #ТЕБЕ$) = -8.86838419332544
correctionProbability (#УЗБЕЧОК$ -> #УЗБЕЧЕК$) = -21.895789254433737
correctionProbability (#LIHT$ -> #LIGHT$) = -12.55870063439794
correctionProbability (#ШАИБА$ -> #ШАЙБА$) = -13.746035109069513
correctionProbability (#XIAMENE$ -> #XIAMEN$) = -25.448564755706116
correctionProbability (#ИНОВАЦИЯ$ -> #ИННОВАЦИЯ$) = -21.009064333587496
correctionProbability (#ЛЕЗДИЯНКИ$ -> #ЛЕСБИЯНКИ$) = -78.76435295290254
correctionProbability (#РАПУНСЕЛЬ$ -> #РАПУНЦЕЛЬ$) = -14.620675358167261
correctionProbability (#ЗАПЕС$ -> #ЗАПИСЬ$) = -73.69786546830706
correctionProbability (#МУЖИЕ$ -> #МУЖИК$) = -11.20254346360036
correctionProbability (#СТОПЛИТ$ -> #СТОЛПЛИТ$) = -17.071652094386046
correctionProbability (#КОТОСТРОФЫ$ -> #КАТАСТРОФЫ$) = -81.13044192269074
correctionProbability (#ОАТИКИ$ -> #ОПТИКИ$) = -17.022913998064904
correctionProbability (#МЯУКАНИЕ$ -> #МЯУКАНЬЕ$) = -20.089578110875117
correctionProbability (#ПТЕКА$ -> #АПТЕКА$) = -8.585061650605052
correctionProbability (#ВИАЛЕТТА$ -> #ВИОЛЕТТА$) = -16.279569476998645
correctionProbability (#БИОТЕХНОЛОГ$ -> #БИОТЕХНОЛОГИЯ$) = -91.70296548813258
correctionProbability (#МАЙТ$ -> #САЙТ$) = -0.4992813548598001
correctionProbability (#ЮТУЮЕ$ -> #ЮТУБЕ$) = -6.429455418329532
correctionProbability (#ЖЁСКИЙ$ -> #ЖЕСТКИЙ$) = -78.27292037547257
correctionProbability (#STRIK$ -> #STRIKE$) = -10.65283917011396
correctionProbability (#ИГРЫИ$ -> #ИГРЫ$) = -4.900084810921339
correctionProbability (#ВОЛШЕБНЫК$ -> #ВОЛШЕБНИК$) = -15.820396693345863
correctionProbability (#VALEY$ -> #VALLEY$) = -11.857501701632334
correctionProbability (#СЛОГАЕМЫЕ$ -> #СЛАГАЕМЫЕ$) = -22.199756423810157
correctionProbability (#ТАЖИКИ$ -> #ТАДЖИКИ$) = -18.916899965948254
correctionProbability (#КОЛОВДЮТИ$ -> #КАЛАВДЮТИ$) = -84.08200880421975
correctionProbability (#ИГРЫЙ$ -> #ИГРЫ$) = -4.939564609739211
correctionProbability (#РАЖАЕТ$ -> #РОЖАЕТ$) = -17.249015073241036
correctionProbability (#МУЖИН$ -> #МУЖЧИН$) = -9.1785617104205
correctionProbability (#СМСМОТРЕТЬ$ -> #СМОТРЕТЬ$) = -72.13065089691861
correctionProbability (#ВРЕМЕНОГО$ -> #ВРЕМЕННОГО$) = -21.246520976155487
correctionProbability (#ХАЛЕРА$ -> #ХОЛЕРА$) = -18.331316070939064
correctionProbability (#ВИТОРИО$ -> #ВИТТОРИО$) = -24.71101831140779
correctionProbability (#ПУКЕТЕ$ -> #ПХУКЕТЕ$) = -16.78939364326778
correctionProbability (#ВАРИАЕТ$ -> #ВАРИАНТ$) = -12.872841968942893
correctionProbability (#ГОЛІЕ$ -> #ГОЛЫЕ$) = -6.472357806703155
correctionProbability (#SUCURY$ -> #SUCURI$) = -17.778191062628007
correctionProbability (#РАЕОН$ -> #РАЙОН$) = -6.464020412310543
correctionProbability (#НАХОДТЬСЯ$ -> #НАХОДИТСЯ$) = -79.87272181284045
correctionProbability (#ДВИДЕНИЕ$ -> #ДВИЖЕНИЕ$) = -12.883209482380536
correctionProbability (#КАЗАБАНА$ -> #АЗКАБАНА$) = -82.8491547509116
correctionProbability (#СУТЬБЫ$ -> #СУДЬБЫ$) = -10.192407086315672
correctionProbability (#PDALUFE$ -> #PDALIFE$) = -17.433913855458634
correctionProbability (#ЗАВТРО$ -> #ЗАВТРА$) = -9.352971487584941
correctionProbability (#МОНОМЕТР$ -> #МАНОМЕТР$) = -16.900351656802286
correctionProbability (#EVROPABETI$ -> #EVROPABET$) = -24.208924292328696
correctionProbability (#ДИГАТЕЛЯ$ -> #ДВИГАТЕЛЯ$) = -12.894354227378187
correctionProbability (#ИНГАВЕРИН$ -> #ИНГАВИРИН$) = -19.51639338271982
correctionProbability (#ПАРАЛЛЕПИПЕДА$ -> #ПАРАЛЛЕЛЕПИПЕДА$) = -92.1337648491725
correctionProbability (#ДВИДЕНИИ$ -> #ДВИЖЕНИИ$) = -15.712928755176641
correctionProbability (#РОМТОВЕ$ -> #РОСТОВЕ$) = -11.079740945421712
correctionProbability (#ADALT$ -> #ADULT$) = -14.265990071052965
correctionProbability (#ANIMATRONICKS$ -> #ANIMATRONICS$) = -28.309868326009116
correctionProbability (#ЭФЕКТЫ$ -> #ЭФФЕКТЫ$) = -16.25106219818366
correctionProbability (#ЭЛЕКТРОКАТЕЛ$ -> #ЭЛЕКТРОКОТЕЛ$) = -22.65381161796352
correctionProbability (#ФИБРОС$ -> #ФИБРОЗ$) = -17.790269332244225
correctionProbability (#ДКТОР$ -> #ДОКТОР$) = -8.428423158503957
correctionProbability (#ВАКАНСИЕ$ -> #ВАКАНСИИ$) = -8.12140857261113
correctionProbability (#КАТЕЖ$ -> #КОТТЕДЖ$) = -143.32802759880443
correctionProbability (#EVOGUE$ -> #EVOQUE$) = -14.84005006857696
correctionProbability (#МАЙА$ -> #МАЙЯ$) = -11.975614865490993
correctionProbability (#БАРБАБОС$ -> #БАРБАДОС$) = -21.338786520500143
correctionProbability (#РОЖДЕНИЧЯ$ -> #РОЖДЕНИЯ$) = -9.256105605043082
correctionProbability (#ЛЕМЕНТ$ -> #ЭЛЕМЕНТ$) = -13.712143108944169
correctionProbability (#ТВИТЕРЕ$ -> #ТВИТТЕРЕ$) = -21.469182601687997
correctionProbability (#ПОТЕРЯНЫХ$ -> #ПОТЕРЯННЫХ$) = -23.097325900305805
correctionProbability (#РИАЛЬНОЙ$ -> #РЕАЛЬНОЙ$) = -15.740086624775465
correctionProbability (#ДИГАТЕЛЬ$ -> #ДВИГАТЕЛЬ$) = -12.93856397557932
correctionProbability (#ТУОПЕРАТОР$ -> #ТУРОПЕРАТОР$) = -16.618614195001747
correctionProbability (#ПОРАВОЗИК$ -> #ПАРОВОЗИК$) = -79.51704700176761
correctionProbability (#FEISBOOK$ -> #FACEBOOK$) = -138.8756274188214
correctionProbability (#РАСТОМОЖКИ$ -> #РАСТАМОЖКИ$) = -19.65149245797967
correctionProbability (#ОТДЕЛКНИЕ$ -> #ОТДЕЛЕНИЕ$) = -13.992803665922132
correctionProbability (#ВЕСЕНЯЯ$ -> #ВЕСЕННЯЯ$) = -17.765046349873728
correctionProbability (#КАТЕЛ$ -> #КОТЕЛ$) = -9.52221540706633
correctionProbability (#ИНСОГРАММ$ -> #ИНСТАГРАМ$) = -141.18100092534522
correctionProbability (#ПРОДИВАЕТ$ -> #ПРОЖИВАЕТ$) = -19.407271633041
correctionProbability (#МАЙГРАФТ$ -> #МАЙНКРАФТ$) = -73.31476123133773
correctionProbability (#МАИЫ$ -> #МАМЫ$) = -8.6275195191852
correctionProbability (#ВОЛЬТОРЕН$ -> #ВОЛЬТАРЕН$) = -18.88045812880766
correctionProbability (#ИСКУСТНИЦА$ -> #ИСКУСНИЦА$) = -23.60509014767053
correctionProbability (#ТВИТЕРА$ -> #ТВИТТЕРА$) = -22.517127315477424
correctionProbability (#ДИОЛОГОМ$ -> #ДИАЛОГОМ$) = -21.20853025494967
correctionProbability (#ИНТЕЛЕКТУАЛ$ -> #ИНТЕЛЛЕКТУАЛ$) = -28.4228812319473
correctionProbability (#РИАЛЬНОЕ$ -> #РЕАЛЬНОЕ$) = -14.823203652005638
correctionProbability (#СМЫСО$ -> #СМЫСЛ$) = -12.024743666721537
correctionProbability (#PEO$ -> #PRO$) = -7.177664329835508
correctionProbability (#ЧИСКА$ -> #ЧИСТКА$) = -11.531720998738162
correctionProbability (#КОММЕНТАОРЫ$ -> #КОММЕНТАТОРЫ$) = -27.61233478675149
correctionProbability (#МАИЧ$ -> #МАТЧ$) = -7.164232891353887
correctionProbability (#КУРАЖОВОЙ$ -> #КУРАЖЕВОЙ$) = -28.925994879565856
correctionProbability (#ПЕНЕВАЙЗА$ -> #ПЕННИВАЙЗА$) = -86.6953074730805
correctionProbability (#ПАМЕТЬ$ -> #ПАМЯТЬ$) = -11.439610203378674
correctionProbability (#КЕРАСИНОМ$ -> #КЕРОСИНОМ$) = -23.16228108361326
correctionProbability (#ЭРАГЕНАЯ$ -> #ЭРОГЕННАЯ$) = -90.80076662439156
correctionProbability (#ЦИФРАВОЕ$ -> #ЦИФРОВОЕ$) = -15.485153741953411
correctionProbability (#ПОЗДРОВОК$ -> #ПОЗДРАВОК$) = -19.361084024113183
correctionProbability (#КИРГЫСТАНА$ -> #КЫРГЫЗСТАНА$) = -83.6119737487161
correctionProbability (#ВАКАНСИР$ -> #ВАКАНСИИ$) = -8.178216404057608
correctionProbability (#ОТСЛЕЖИВПНИЕ$ -> #ОТСЛЕЖИВАНИЕ$) = -13.202350971284474
correctionProbability (#РАСШИФРОКА$ -> #РАСШИФРОВКА$) = -16.442464119727745
correctionProbability (#ТРОИКУРОВА$ -> #ТРОЕКУРОВА$) = -20.56571201247317
correctionProbability (#ЖЕНЩИА$ -> #ЖЕНЩИНА$) = -9.685975559244099
correctionProbability (#ЛЕДЗАА$ -> #ЛИДЗАВА$) = -91.97436187267921
correctionProbability (#ЖЕНЩИГ$ -> #ЖЕНЩИН$) = -7.18538687464731
correctionProbability (#ДРУЖИНИННО$ -> #ДРУЖИНИНО$) = -27.734563978705232
correctionProbability (#ВАЛЯЛОЛИД$ -> #ВАЛЬЯДОЛИД$) = -87.67835888605396
correctionProbability (#МАЯГОВСКО$ -> #МАЯКОВСКОЙ$) = -87.7527644428212
correctionProbability (#БАБКИИ$ -> #БАБКИ$) = -14.634300873762715
correctionProbability (#САЧИНЕНИЕ$ -> #СОЧИНЕНИЕ$) = -12.205021596115735
correctionProbability (#SCOU$ -> #SCHOU$) = -24.367602802487113
correctionProbability (#ТУЛГА$ -> #ТҰЛҒА$) = -82.13309888283577
correctionProbability (#ПЕРЕЗДА$ -> #ПЕРЕЕЗДА$) = -16.99726783623037
correctionProbability (#СДЕЛАЬБ$ -> #СДЕЛАТЬ$) = -74.03453737720335
correctionProbability (#КОЛОРИЙНОСТЬ$ -> #КАЛОРИЙНОСТЬ$) = -18.980132147493258
correctionProbability (#КОШДА$ -> #КОГДА$) = -5.770809252244238
correctionProbability (#SCOT$ -> #SCOTT$) = -15.775858071324055
correctionProbability (#SCOR$ -> #SCORE$) = -14.168479332599805
correctionProbability (#КАТОРЫХ$ -> #КОТОРЫХ$) = -12.25636871756948
correctionProbability (#МАИР$ -> #МАЙЛ$) = -68.39796714367259
correctionProbability (#АФИЫ$ -> #АФИНЫ$) = -16.227918059814424
correctionProbability (#ОПТИНСКИИ$ -> #ОПТИНСКИЙ$) = -23.18605236715088
correctionProbability (#АВИОТО$ -> #АВИТО$) = -5.340792678566022
correctionProbability (#JAPEN$ -> #JAPAN$) = -12.877220479583261
correctionProbability (#ПАДЕЛКУ$ -> #ПОДЕЛКУ$) = -15.061804899521078
correctionProbability (#RASSI$ -> #ROSSII$) = -83.478516955969
correctionProbability (#SERIAS$ -> #SERIES$) = -9.576170818989443
correctionProbability (#POKUS$ -> #POCUS$) = -23.340874024540668
correctionProbability (#ПРОПА$ -> #ПРОПАЛ$) = -14.521974863391716
correctionProbability (#ГИОМЕТРИИ$ -> #ГЕОМЕТРИИ$) = -13.06196759571803
correctionProbability (#МАИЕ$ -> #МАМЕ$) = -9.764685932726412
correctionProbability (#ЬОЙ$ -> #БОЙ$) = -6.794701332602408
correctionProbability (#АУТСТАФИНГ$ -> #АУТСТАФФИНГ$) = -24.502528630247056
correctionProbability (#ИГРЫЫ$ -> #ИГРЫ$) = -4.944476361747515
correctionProbability (#ПРИЛОДЕНИЕ$ -> #ПРИЛОЖЕНИЕ$) = -13.24826479006979
correctionProbability (#МЕДЬЯТ$ -> #МИДЬЯТ$) = -25.937456711784392
correctionProbability (#ПИТЕРСОН$ -> #ПЕТЕРСОН$) = -15.417501835806462
correctionProbability (#КВАРТИНА$ -> #КВАРТИРА$) = -11.902767952094926
correctionProbability (#ВЕДЕНСКИЙ$ -> #ВВЕДЕНСКИЙ$) = -24.274256739306374
correctionProbability (#ИГРЫЭ$ -> #ИГРЫ$) = -4.952044549852047
correctionProbability (#МЮСИК$ -> #МЬЮЗИК$) = -81.24275581248588
correctionProbability (#КАТОРЫМ$ -> #КОТОРЫМ$) = -15.410712050590384
correctionProbability (#DAIVE$ -> #DRIVE$) = -11.523087433850524
correctionProbability (#МАОРА$ -> #МАЙОРА$) = -10.063920602127386
correctionProbability (#РЕАЛИЗОВАТЬСЯ$ -> #РЕАЛИЗОВАТЬ$) = -94.06445771524432
correctionProbability (#ТЕРОРИСТА$ -> #ТЕРРОРИСТА$) = -24.95382167793972
correctionProbability (#АДАМНЫН$ -> #АДАМНЫҢ$) = -17.42526839904521
correctionProbability (#ХОЛАТ$ -> #ХАЛАТ$) = -13.07860206651635
correctionProbability (#ПОДКАЧНОМ$ -> #ПОДКАТНОЙ$) = -84.76486200302455
correctionProbability (#УВАРТИРУ$ -> #КВАРТИРУ$) = -8.758647805017354
correctionProbability (#МАШЕНИКИ$ -> #МОШЕННИКИ$) = -82.57248206184751
correctionProbability (#ФОЛЬЦВОГЕН$ -> #ФОЛЬКСВАГЕН$) = -144.11760049642814
correctionProbability (#ШЛАКБАУМ$ -> #ШЛАГБАУМ$) = -18.539691725781744
correctionProbability (#ELICENCE$ -> #ELICENSE$) = -21.092002682536275
correctionProbability (#КАРАНДАШЬ$ -> #КАРАНДАШ$) = -17.07433440344382
correctionProbability (#ЛАМІНАТ$ -> #ЛАМИНАТ$) = -12.34963734814638
correctionProbability (#SPORTERO$ -> #SPORTER$) = -29.883692955579704
correctionProbability (#РЕСТОВРАТОР$ -> #РЕСТАВРАТОР$) = -25.620373062914936
correctionProbability (#КАМИТЕТА$ -> #КОМИТЕТА$) = -16.097169709917758
correctionProbability (#МАИД$ -> #МАЙЛ$) = -68.39164543924535
correctionProbability (#ИГРЫФ$ -> #ИГРЫ$) = -4.949567001356488
correctionProbability (#BIOSHOK$ -> #BIOSHOCK$) = -21.446413137889884
correctionProbability (#КАМУНИЗМ$ -> #КОММУНИЗМ$) = -87.09703530401167
correctionProbability (#CESRA$ -> #CERA$) = -23.35628998281618
correctionProbability (#ФОНТАСТИКА$ -> #ФАНТАСТИКА$) = -13.457620659840117
correctionProbability (#ЦАРИЦИНО$ -> #ЦАРИЦЫНО$) = -16.405612862366148
correctionProbability (#ГЛИНЯНИЙ$ -> #ГЛИНЯНЫЙ$) = -21.247804511170777
correctionProbability (#ПОСНИМАЕМ$ -> #ПОНИМАЕМ$) = -26.71546048969713
correctionProbability (#ИГРЫЦ$ -> #ИГРЫ$) = -4.953440873094976
correctionProbability (#ЗАНОВЕСОК$ -> #ЗАНАВЕСОК$) = -22.70698812210437
correctionProbability (#UNKOWN$ -> #UNKNOWN$) = -18.860668996448183
correctionProbability (#ПОННХАБ$ -> #ПОРНХАБ$) = -13.07479418312385
correctionProbability (#ТЕРОРИСТОВ$ -> #ТЕРРОРИСТОВ$) = -23.720729577243702
correctionProbability (#ЧИСЛЕННСТЬ$ -> #ЧИСЛЕННОСТЬ$) = -18.57835181468006
correctionProbability (#ПАДЕЛКИ$ -> #ПОДЕЛКИ$) = -7.926830918271051
correctionProbability (#МАИА$ -> #МАМА$) = -6.017150523166709
correctionProbability (#ЗООО$ -> #ЗОО$) = -13.680888260009713
correctionProbability (#СЛОЁННОГО$ -> #СЛОЕНОГО$) = -82.97795160665851
correctionProbability (#ИЗУВЕЧ$ -> #ИЗУВЕЧЬ$) = -24.570753268681095
correctionProbability (#МЕЙДЖЕРЕ$ -> #МЕЙДЖОРЕ$) = -27.635235475596218
correctionProbability (#КРАСНОДАРСКИИ$ -> #КРАСНОДАРСКИЙ$) = -16.888906496654357
correctionProbability (#ИГРЫЪ$ -> #ИГРЫ$) = -4.953751432103683
correctionProbability (#КЛАСССЕ$ -> #КЛАССЕ$) = -13.057687352139663
correctionProbability (#ОЩУЧЕНЫЕ$ -> #ОЩУЩЕНИЕ$) = -82.60007794560445
correctionProbability (#НАЙКАВА$ -> #НАЙКОВА$) = -15.020313837930232
correctionProbability (#ИГРЫМ$ -> #ИГРЫ$) = -4.925576241156886
correctionProbability (#WANPING$ -> #WALKING$) = -80.60057409501847
correctionProbability (#ЬАБЛЕТКИ$ -> #ТАБЛЕТКИ$) = -9.609968769950946
correctionProbability (#ХАЛАЙНЕР$ -> #ХАЙЛАЙТЕР$) = -84.62623340434281
correctionProbability (#СЕОСПРИН$ -> #СЕОСПРИНТ$) = -17.820242648393183
correctionProbability (#ДЖЕФОРСЕ$ -> #ДЖИФОРС$) = -87.0926139012065
correctionProbability (#ОБНОЖЕНЫЕ$ -> #ОБНАЖЕННЫЕ$) = -83.38334575203379
correctionProbability (#ЛАПРАСКОПИИ$ -> #ЛАПАРОСКОПИИ$) = -89.94559151598247
correctionProbability (#САММЕТ$ -> #САММИТ$) = -16.40061082900586
correctionProbability (#КИЛЛОГРАММА$ -> #КИЛОГРАММА$) = -25.67687808925934
correctionProbability (#SEASONWAR$ -> #SEASONVAR$) = -18.853415042050933
correctionProbability (#ИГРЫТ$ -> #ИГРЫ$) = -4.906434038599993
correctionProbability (#ПРСТАВИТЬ$ -> #ПОСТАВИТЬ$) = -12.789495959567695
correctionProbability (#СКАЙЛАНД$ -> #СКАЙЛАЙН$) = -85.65903479267898
correctionProbability (#ДАСТОР$ -> #ДАСТЕР$) = -12.207871451883843
correctionProbability (#ИГРЫС$ -> #ИГРЫ$) = -4.889251737624502
correctionProbability (#МАЗТ$ -> #МАЗЬ$) = -8.828174647756935
correctionProbability (#МОБИЛЬНИЙ$ -> #МОБИЛЬНЫЙ$) = -14.37037710314653
correctionProbability (#ОБМЕНКАХ$ -> #ОБМЕННИКАХ$) = -83.24576631081953
correctionProbability (#СЕРЕГЕЙ$ -> #СЕРГЕЙ$) = -10.357320849550138
correctionProbability (#HENATI$ -> #HENTAI$) = -79.44471674869368
correctionProbability (#МИЛЬТИК$ -> #МУЛЬТИК$) = -6.826535849023578
correctionProbability (#ПРОМЫШЛЕНЫЙ$ -> #ПРОМЫШЛЕННЫЙ$) = -19.68237656066006
correctionProbability (#КВАРТИПЫ$ -> #КВАРТИРЫ$) = -9.100958740437022
correctionProbability (#ПОТЕНЦИАА$ -> #ПОТЕНЦИАЛА$) = -22.232136785274847
correctionProbability (#ДУТИ$ -> #ДЬЮТИ$) = -77.8958728871711
correctionProbability (#НИВЕА$ -> #НИВЕЯ$) = -16.665302582199626
correctionProbability (#ХОККЕИ$ -> #ХОККЕЙ$) = -10.425399976144742
correctionProbability (#ЛАГОВСКАЯ$ -> #ЛУГОВСКАЯ$) = -25.060836294346714
correctionProbability (#ЛКСБИЯНКИ$ -> #ЛЕСБИЯНКИ$) = -14.035973345013751
correctionProbability (#ЭРОЬИКА$ -> #ЭРОТИКА$) = -7.963636833823067
correctionProbability (#ЮТУЬБ$ -> #ЮТУБ$) = -2.6737711976212815
correctionProbability (#ДИСТРИБЮТОР$ -> #ДИСТРИБЬЮТОР$) = -24.95266780721299
correctionProbability (#КЫЗЫЛЬСКИЙ$ -> #КЫЗЫЛСКИЙ$) = -28.525990932497827
correctionProbability (#РУГАТСЯ$ -> #РУГАТЬСЯ$) = -22.438577234671705
correctionProbability (#MYSTERI$ -> #MYSTERY$) = -15.552005570823553
correctionProbability (#ГАЛЧЕНОК$ -> #ГАЛЧОНОК$) = -21.800809360821454
correctionProbability (#ЧВСТАЯ$ -> #ЧАСТАЯ$) = -19.260794409035352
correctionProbability (#ТЕРОРИСТЫ$ -> #ТЕРРОРИСТЫ$) = -22.673154156520212
correctionProbability (#АЛИАЭКСПРЕС$ -> #АЛИЭКСПРЕСС$) = -79.1576372525139
correctionProbability (#ВЕЛЕЖОВА$ -> #ВЕЛЕЖЕВА$) = -14.71570410925002
correctionProbability (#YKRAINA$ -> #UKRAINA$) = -16.56852316205815
correctionProbability (#ЭКСКУРЦИЯ$ -> #ЭКСКУРСИЯ$) = -15.162173850264878
correctionProbability (#БРОНХИПРЕД$ -> #БРОНХИПРЕТ$) = -22.87734131095221
correctionProbability (#ЬПО$ -> #ПО$) = -2.185279345722769
correctionProbability (#ВЫБИРПТЬ$ -> #ВЫБИРАТЬ$) = -19.292047034310926
correctionProbability (#РАЗВОЕЧЬСЯ$ -> #РАЗВЛЕЧЬСЯ$) = -24.530758153931366
correctionProbability (#КУПИЬТЬ$ -> #КУПИТЬ$) = -3.8810707851491344
correctionProbability (#АНТИДЕПРИСАНТ$ -> #АНТИДЕПРЕССАНТ$) = -93.42374842427711
correctionProbability (#ОКРУЖАЕЩИМУ$ -> #ОКРУЖАЮЩЕМУ$) = -81.44246275167015
correctionProbability (#TODEY$ -> #TODAY$) = -9.39715107535083
correctionProbability (#ПОДЕНИЯ$ -> #ПАДЕНИЯ$) = -15.197163312277311
correctionProbability (#СУКУЛЕНТЫ$ -> #СУККУЛЕНТЫ$) = -20.988624416080945
correctionProbability (#ИДГРУ$ -> #ИГРУ$) = -9.186523099555924
correctionProbability (#КЛАСССА$ -> #КЛАССА$) = -10.086596727422897
correctionProbability (#ХОККЕЦ$ -> #ХОККЕЙ$) = -10.435783240788862
correctionProbability (#СИСТМЫ$ -> #СИСТЕМЫ$) = -10.495885355244859
correctionProbability (#НАРМАЛЬНО$ -> #НОРМАЛЬНО$) = -17.40707105655961
correctionProbability (#ВЛЕШ$ -> #ФЛЕШ$) = -8.87282481186919
correctionProbability (#МАЛЬБОРА$ -> #МАЛЬБОРО$) = -18.380439403046218
correctionProbability (#ТЕЛЕФОНАЯ$ -> #ТЕЛЕФОННАЯ$) = -20.84622189923143
correctionProbability (#КИТОЯНКОЙ$ -> #КИТАЯНКОЙ$) = -23.60701948601259
correctionProbability (#СПОРИДНЕНИ$ -> #СПОРІДНЕНІ$) = -91.11703182855099
correctionProbability (#КВАРТИРВ$ -> #КВАРТИРЫ$) = -9.067432326648103
correctionProbability (#ОЮЛАСТИ$ -> #ОБЛАСТИ$) = -6.102609387659946
correctionProbability (#МАЛЬЧТК$ -> #МАЛЬЧИК$) = -10.84469654991711
correctionProbability (#КОШКАЙ$ -> #КАШКАЙ$) = -13.437199271438079
correctionProbability (#КАРТИНУИ$ -> #КАРТИНКИ$) = -4.709857804102375
correctionProbability (#ROCHKISINOCHKI$ -> #DOCHKISINOCHKI$) = -28.961273141716276
correctionProbability (#ПСТРОЛОГИЧ$ -> #АСТРОЛОГИЯ$) = -83.16807119418405
correctionProbability (#HEALT$ -> #HEALTH$) = -16.460864107869565
correctionProbability (#ДОРОГАЖ$ -> #ДОРОГАХ$) = -13.989308829531844
correctionProbability (#ЖУРАВЛИННОЙ$ -> #ЖУРАВЛИНОЙ$) = -31.073970893273874
correctionProbability (#ГОНОМЕРУ$ -> #НОМЕРУ$) = -79.04593394351274
correctionProbability (#САМОЛ$ -> #САМОЛЕТ$) = -75.95282881457184
correctionProbability (#ПЕТРАХОВОДСК$ -> #ПЕТРОЗАВОДСК$) = -146.8765627384224
correctionProbability (#КАСИЧКАМИ$ -> #КОСИЧКАМИ$) = -21.17176145710453
correctionProbability (#ПОРНХБ$ -> #ПОРНХАБ$) = -13.651467009918015
correctionProbability (#ЛОДОШКЕ$ -> #ЛАДОШКЕ$) = -20.774713416260568
correctionProbability (#РЯМОЙ$ -> #ПРЯМОЙ$) = -7.4256655742078195
correctionProbability (#КЛИКАВ$ -> #КЛИКОВ$) = -20.368952848164046
correctionProbability (#DOCHKISINOCYKI$ -> #DOCHKISINOCHKI$) = -28.960592777229564
correctionProbability (#ЗВЕЩД$ -> #ЗВЕЗД$) = -10.943984673297255
correctionProbability (#ПЮРЭ$ -> #ПЮРЕ$) = -11.686437127983712
correctionProbability (#СИСТМА$ -> #СИСТЕМА$) = -9.524248626315071
correctionProbability (#НАССОС$ -> #НАСОС$) = -12.059279427164729
correctionProbability (#СТАРАЖ$ -> #СТРАЖИ$) = -80.0048821973974
correctionProbability (#ВИНОДОВС$ -> #ВИНДОВС$) = -12.303785531091279
correctionProbability (#ТАУОЕ$ -> #ТАКОЕ$) = -5.177433350925842
correctionProbability (#СИМПАЛ$ -> #СИМПЛ$) = -17.465645478076322
correctionProbability (#ОТКТЯБРЯ$ -> #ОКТЯБРЯ$) = -10.900204018929713
correctionProbability (#КАТАЛАГ$ -> #КАТАЛОГ$) = -6.402453707184968
correctionProbability (#ГЕБРИТ$ -> #ГИБРИД$) = -79.94801396395899
correctionProbability (#ИНДЕЙСКАЯ$ -> #ИНДИЙСКАЯ$) = -17.650344317031234
correctionProbability (#РДЕЖДА$ -> #ОДЕЖДА$) = -7.620198002408085
correctionProbability (#ЛИСОБАКТ$ -> #ЛИЗОБАКТ$) = -18.14684636376147
correctionProbability (#ПРОМЫШЛЕНЫХ$ -> #ПРОМЫШЛЕННЫХ$) = -21.12818391357643
correctionProbability (#КАZКА$ -> #КАЗКА$) = -13.677550678553605
correctionProbability (#РІНГЕРА$ -> #РИНГЕРА$) = -20.499175172179882
correctionProbability (#ЗАВОДИТСА$ -> #ЗАВОДИТСЯ$) = -16.599502259450396
correctionProbability (#РОСРЕЕС$ -> #РОСРЕЕСТР$) = -78.73976593989535
correctionProbability (#ГУСИНИЦАХ$ -> #ГУСЕНИЦАХ$) = -21.059975554990558
correctionProbability (#ФОНТАСТИКУ$ -> #ФАНТАСТИКУ$) = -16.828843996907125
correctionProbability (#ЗАПАЗ$ -> #ЗАПАХ$) = -11.180923768520191
correctionProbability (#ТРИПМАЙ$ -> #ТРИМАЙ$) = -21.614041103226857
correctionProbability (#YUKLA$ -> #YUKLE$) = -13.579732898820279
correctionProbability (#ХАЗБУЛАТ$ -> #ХАСБУЛАТ$) = -23.574719644009832
correctionProbability (#НИКОЛЬСКИ$ -> #НИКОЛЬСКИЙ$) = -16.414281585309475
correctionProbability (#МАГАЗИНИ$ -> #МАГАЗИНЫ$) = -10.627185140956982
correctionProbability (#ВОЗМИТЕ$ -> #ВОЗЬМИТЕ$) = -21.97703175564481
correctionProbability (#ОНЙЛАЙН$ -> #ОНЛАЙН$) = -3.16317715857852
correctionProbability (#ПРИЩИКИ$ -> #ПРЫЩИКИ$) = -17.90256734944351
correctionProbability (#АНАНАСВ$ -> #АНАНАСОВ$) = -22.524742564788838
correctionProbability (#ИНТЕРПЛЕТАЦИЯ$ -> #ИНТЕРПРЕТАЦИЯ$) = -24.24202203821183
correctionProbability (#МАРГРУТОК$ -> #МАРШРУТОК$) = -18.715340102427696
correctionProbability (#ОСКОТИНЕВШЕЕСЯ$ -> #ОСКОТИНИВШИЕСЯ$) = -104.44940559410622
correctionProbability (#ФРИИ$ -> #ФРИ$) = -12.189848170425119
correctionProbability (#СМЕНИТ$ -> #СМЕНИТЬ$) = -14.694280260984755
correctionProbability (#TODDY$ -> #TODAY$) = -9.40255609696369
correctionProbability (#МЕРТВИЦЫ$ -> #МЕРТВЕЦЫ$) = -12.450928928417781
correctionProbability (#УЧАТЬСЯ$ -> #УЧАТСЯ$) = -19.414745072798414
correctionProbability (#ЮБТЮБ$ -> #ЮТУБ$) = -67.4915486912453
correctionProbability (#РОЗМАЛЬВКА$ -> #РОЗМАЛЬОВКА$) = -21.22388176142306
correctionProbability (#СТАВИ$ -> #СТАВКИ$) = -11.454770416535549
correctionProbability (#МАГАЗИНН$ -> #МАГАЗИН$) = -7.467096143044294
correctionProbability (#МАКЛ$ -> #МАЙКЛ$) = -11.973582200375365
correctionProbability (#САМРА$ -> #САМАРА$) = -8.39564641682518
correctionProbability (#СРЕДСВА$ -> #СРЕДСТВА$) = -12.199814060166425
correctionProbability (#ШПОК$ -> #ШПАК$) = -14.90297647805296
correctionProbability (#ЭКСПЕСС$ -> #ЭКСПРЕСС$) = -11.707348049553438
correctionProbability (#ШКЛОЛЬНИЦ$ -> #ШКОЛЬНИЦ$) = -18.445447331876316
correctionProbability (#ЬРИ$ -> #ТРИ$) = -4.534654034609545
correctionProbability (#ЮНЕСКА$ -> #ЮНЕСКО$) = -17.014766305894458
correctionProbability (#ЕЖДУ$ -> #МЕЖДУ$) = -8.276362899719377
correctionProbability (#ВЛАДИКОВКАЗ$ -> #ВЛАДИКАВКАЗ$) = -17.855453493477896
correctionProbability (#СОЛОВЬВЫМ$ -> #СОЛОВЬЕВЫМ$) = -16.822300556585205
correctionProbability (#АСТРАНОМИЯ$ -> #АСТРОНОМИЯ$) = -19.706542012282014
correctionProbability (#САМРЕ$ -> #САМАРЕ$) = -10.350762907547757
correctionProbability (#ПРЕВОЗЕ$ -> #ПЕРЕВОЗКЕ$) = -85.2432114547726
correctionProbability (#ЛЕТУВЛЬ$ -> #ЛЕТУАЛЬ$) = -11.909121689610998
correctionProbability (#ТАШЛИНЕ$ -> #ТАЛЛИННЕ$) = -84.13368923975929
correctionProbability (#ТОНЗИЛИТЕ$ -> #ТОНЗИЛЛИТЕ$) = -24.96907983917341
correctionProbability (#ТЕЛЕФОНАВ$ -> #ТЕЛЕФОНОВ$) = -13.777956314230899
correctionProbability (#CHATRULET$ -> #CHATROULETTE$) = -156.0714144729792
correctionProbability (#MATCE$ -> #MATCHES$) = -79.83359983891916
correctionProbability (#ПРИОБРАЖЕНИЕ$ -> #ПРЕОБРАЖЕНИЕ$) = -22.907425719067476
correctionProbability (#ОБОЗНАЦЕНИЯ$ -> #ОБОЗНАЧЕНИЯ$) = -18.011665993874388
correctionProbability (#ВАЛЬБЕРИЗ$ -> #ВАЙЛДБЕРРИЗ$) = -144.47506916015575
correctionProbability (#ТРИНАЖОР$ -> #ТРЕНАЖЕР$) = -78.64419234080745
correctionProbability (#ТРЕХКОЛЕСНЫЙЮ$ -> #ТРЕХКОЛЕСНЫЙ$) = -24.41853610048134
correctionProbability (#ALLTRIME$ -> #ALLTIME$) = -22.081334838265605
correctionProbability (#ВАЖДЕНИЯ$ -> #ВОЖДЕНИЯ$) = -16.555772814790622
correctionProbability (#МАЙЬ$ -> #МАЙ$) = -10.610171689469322
correctionProbability (#ПЕРХОД$ -> #ПЕРЕХОД$) = -14.195930501426446
correctionProbability (#ИГРОТЬ$ -> #ИГРАТЬ$) = -5.744282194780464
correctionProbability (#СУБУРАНА$ -> #СУБУРБАН$) = -91.18984527440321
correctionProbability (#МСТИТЕЛ$ -> #МСТИТЕЛИ$) = -11.846947716917178
correctionProbability (#УЗНВТЬ$ -> #УЗНАТЬ$) = -8.703556019951574
correctionProbability (#МУЛЬТФЫЛЬМЫ$ -> #МУЛЬТФИЛЬМЫ$) = -11.34831653460708
correctionProbability (#XONOR$ -> #HONOR$) = -10.790546914493536
correctionProbability (#ПОРЕОХАБ$ -> #ПОРНОХАБ$) = -13.839905047476982
correctionProbability (#MICECRAFT$ -> #MINECRAFT$) = -12.534303190382815
correctionProbability (#ТУРИСТИЧНИ$ -> #ТУРИСТИЧНІ$) = -25.992519824379194
correctionProbability (#ГРУБИ$ -> #ГРУДИ$) = -9.383167335181863
correctionProbability (#СУДОРГАМИ$ -> #СУДОРОГАМИ$) = -26.4362055760673
correctionProbability (#АГРОТЕХСЕРВІС$ -> #АГРОТЕХСЕРВИС$) = -38.74809045883521
correctionProbability (#ТИРАЛИДЖЕН$ -> #ТЕРАЛИДЖЕН$) = -21.77005382639176
correctionProbability (#КОШЕЛ$ -> #КОШЕЛЕК$) = -76.76157943581825
correctionProbability (#УСТНОВКА$ -> #УСТАНОВКА$) = -11.539224377326562
correctionProbability (#ЭФЕРАЛГАН$ -> #ЭФФЕРАЛГАН$) = -25.49760013253111
correctionProbability (#ВЕЙПАРК$ -> #ВЭЙПАРК$) = -22.718875186238023
correctionProbability (#ПРЫРОДЕ$ -> #ПРИРОДЕ$) = -11.638256156119759
correctionProbability (#КААТЬ$ -> #СКАЧАТЬ$) = -68.37523858384502
correctionProbability (#АЧТРОНОМИЯ$ -> #АСТРОНОМИЯ$) = -19.793301739508905
correctionProbability (#РАЗДЕВАЕТЬСЯ$ -> #РАЗДЕВАЕТСЯ$) = -22.745372618774418
correctionProbability (#МАГАЗИНГ$ -> #МАГАЗИН$) = -7.583107457623939
correctionProbability (#ТОНЗИЛИТА$ -> #ТОНЗИЛЛИТА$) = -24.563196164952608
correctionProbability (#ОРТОСТ$ -> #ФОРПОСТ$) = -79.00699274252555
correctionProbability (#СОВМЕСТИМОСЬЬ$ -> #СОВМЕСТИМОСТЬ$) = -18.05862325272669
correctionProbability (#ФРАНФУРТА$ -> #ФРАНКФУРТА$) = -24.1698491924394
correctionProbability (#РАЧЕТ$ -> #РАСЧЕТ$) = -10.01244686050406
correctionProbability (#ОИЦА$ -> #ЛИЦА$) = -6.39525199646469
correctionProbability (#ТУЛЕТ$ -> #ТУАЛЕТ$) = -12.847532729423218
correctionProbability (#ВДИСПЕТЧЕСКОЙ$ -> #ДИСПЕТЧЕРСКОЙ$) = -95.1487255658463
correctionProbability (#МАГАЗИНВ$ -> #МАГАЗИНЫ$) = -10.662362157861374
correctionProbability (#АРХОИЗМЫ$ -> #АРХАИЗМЫ$) = -20.599307035925932
correctionProbability (#РАБОИА$ -> #РАБОТА$) = -4.9752739493289795
correctionProbability (#ДЖУМИ$ -> #ДЖУМ$) = -12.66908791244639
correctionProbability (#ОМСКМАМ$ -> #ОМСКМАМА$) = -16.461718578721545
correctionProbability (#ПЧИЛАВОД$ -> #ПЧЕЛОВОД$) = -75.7334137375197
correctionProbability (#БАГДАНА$ -> #БОГДАНА$) = -16.171357973581372
correctionProbability (#ВАЛЬБЕРЕС$ -> #ВАЛБЕРИС$) = -79.64522788093208
correctionProbability (#РАЗРЕЖАЕТСЯ$ -> #РАЗРЯЖАЕТСЯ$) = -23.55919666199145
correctionProbability (#УОМПАНИЯ$ -> #КОМПАНИЯ$) = -10.252256680459531
correctionProbability (#ФРАЗЕОЛАГИЗМЫ$ -> #ФРАЗЕОЛОГИЗМЫ$) = -19.96850464907535
correctionProbability (#ФАВАРИТ$ -> #ФАВОРИТ$) = -15.037475260548419
correctionProbability (#БРИЛИАНТОМ$ -> #БРИЛЛИАНТОМ$) = -21.984963209931493
correctionProbability (#АДЫГЕЙСА$ -> #АДЫГЕЙСКА$) = -29.324238732276918
correctionProbability (#РАЕНОВ$ -> #РАЙОНОВ$) = -80.73580012618494
correctionProbability (#ДУЛЬ$ -> #ДУБЛЬ$) = -11.17969695856478
correctionProbability (#ГАЗАЕТІ$ -> #ГАЗЕТІ$) = -19.85019698131344
correctionProbability (#КАСПЕРСККОГО$ -> #КАСПЕРСКОГО$) = -19.788309187730917
correctionProbability (#СИМПСОНИ$ -> #СИМПСОНЫ$) = -14.732952342975452
correctionProbability (#АЛЕКСАНДОРОВНА$ -> #АЛЕКСАНДРОВНА$) = -21.52118269016063
correctionProbability (#СНИПЕР$ -> #СНАЙПЕР$) = -78.8004798022014
correctionProbability (#FRRS$ -> #FORS$) = -20.653318332020692
correctionProbability (#ВЫРОСТИТЬ$ -> #ВЫРАСТИТЬ$) = -15.606082981695558
correctionProbability (#КЕТАНАЛ$ -> #КЕТОНАЛ$) = -17.27415636743585
correctionProbability (#ГИЗАТУЛИН$ -> #ГИЗАТУЛЛИН$) = -26.700574574166424
correctionProbability (#СОМОУБИЙСТВА$ -> #САМОУБИЙСТВА$) = -23.199076187503664
correctionProbability (#СИМТЕМЫ$ -> #СИСТЕМЫ$) = -9.92002847772686
correctionProbability (#КХАТЬ$ -> #ЕХАТЬ$) = -11.5066930606087
correctionProbability (#ВИНЫЕ$ -> #ВИННЫЕ$) = -17.29117617807977
correctionProbability (#НЕБАСКРЕБ$ -> #НЕБОСКРЕБ$) = -18.848203174933573
correctionProbability (#КИРРИЛА$ -> #КИРИЛЛА$) = -83.42508205986006
correctionProbability (#ОИСК$ -> #ОМСК$) = -6.26245637009804
correctionProbability (#СТЕКЛОПОЪЕМНИКА$ -> #СТЕКЛОПОДЪЕМНИКА$) = -28.162848553683055
correctionProbability (#АВТЛ$ -> #АВТО$) = -3.991105958975144
correctionProbability (#КОМУНАЛЬНИК$ -> #КОММУНАЛЬНИК$) = -25.621146213618985
correctionProbability (#СОТРА$ -> #СОРТА$) = -77.45288774341986
correctionProbability (#КАЙЛОВЕРЫ$ -> #КОЙЛОВЕРЫ$) = -24.849810335676914
correctionProbability (#АДИЛАС$ -> #АДИДАС$) = -11.700427248129007
correctionProbability (#НОУБУКОВ$ -> #НОУТБУКОВ$) = -15.249610912101595
correctionProbability (#АИССТ$ -> #АИСТ$) = -15.677418025206425
correctionProbability (#YOUTBUE$ -> #YOUTUBE$) = -74.29357583099042
correctionProbability (#ВИНЫК$ -> #ВИННИК$) = -79.62126881406387
correctionProbability (#СФЕТОФОРОВ$ -> #СВЕТОФОРОВ$) = -23.94487130012925
correctionProbability (#МАДЫ$ -> #МОДЫ$) = -7.6231732282933
correctionProbability (#ПЕРСНАЛА$ -> #ПЕРСОНАЛА$) = -14.822496473180628
correctionProbability (#ГОЛЯШОМ$ -> #ГОЛЫШОМ$) = -14.87980281787896
correctionProbability (#ЧЬЧЧ$ -> #ЧТЧЧ$) = -14.104953552527565
correctionProbability (#ХОЛИДЭЙ$ -> #ХОЛИДЕЙ$) = -16.293929771276908
correctionProbability (#HOSPORT$ -> #HOTSPOT$) = -79.09590930055897
correctionProbability (#RECORDES$ -> #RECORDS$) = -22.52611632659392
correctionProbability (#DOVNLOAD$ -> #DOWNLOAD$) = -11.035060408974239
correctionProbability (#РЫНЛК$ -> #РЫНОК$) = -9.994080591460861
correctionProbability (#ГРОСМАН$ -> #ГРОССМАН$) = -22.56986508428033
correctionProbability (#LETYSHOP$ -> #LETYSHOPS$) = -20.300109880640726
correctionProbability (#TYME$ -> #TIME$) = -9.18073280047643
correctionProbability (#ДОМИНИКАН$ -> #ДОМИНИКАНА$) = -18.30705016619602
correctionProbability (#ВОКЩАЛ$ -> #ВОКЗАЛ$) = -11.281218579814368
correctionProbability (#ЭМЕИЛ$ -> #ЭМЭИЛ$) = -20.83151345899247
correctionProbability (#СДЭКА$ -> #СДЭК$) = -12.079391725157581
correctionProbability (#ДАРОГИ$ -> #ДОРОГИ$) = -10.80987130232776
correctionProbability (#РЫНКН$ -> #РЫНКЕ$) = -12.67062637419669
correctionProbability (#FRRE$ -> #FREE$) = -6.710558681401832
correctionProbability (#АВСТ$ -> #АВАСТ$) = -13.807736131271756
correctionProbability (#НОВОПОСИТ$ -> #НОВОПАССИТ$) = -86.3884319451763
correctionProbability (#ЩЕБЕТАТ$ -> #ЩЕБЕТАТЬ$) = -34.39895227265319
correctionProbability (#PINTERES$ -> #PINTEREST$) = -17.357178297817917
correctionProbability (#ПЕКИНКА$ -> #ПЕКИНСКАЯ$) = -86.18531613247909
correctionProbability (#СИНГАРУРЕ$ -> #СИНГАПУРЕ$) = -20.415264401919863
correctionProbability (#ПЕРЕЧИСЛЯТ$ -> #ПЕРЕЧИСЛЯТЬ$) = -24.296180943969304
correctionProbability (#ДЕПАРТАМЕН$ -> #ДЕПАРТАМЕНТ$) = -16.864779456803454
correctionProbability (#ИОГУРТ$ -> #ЙОГУРТ$) = -15.436106924914046
correctionProbability (#АЛИНИНГРАД$ -> #КАЛИНИНГРАД$) = -13.852492266814153
correctionProbability (#УЖОСОВ$ -> #УЖАСОВ$) = -10.275608878487159
correctionProbability (#РАСТРОЧКУ$ -> #РАССРОЧКУ$) = -16.16949156072181
correctionProbability (#МАНОСИ$ -> #МАЪНОСИ$) = -23.469367565712176
correctionProbability (#НОКІЯ$ -> #НОКИА$) = -76.16307861362966
correctionProbability (#СТАРВЙ$ -> #СТАРЫЙ$) = -10.164450354498488
correctionProbability (#ДАРОГА$ -> #ДОРОГА$) = -9.879519198627083
correctionProbability (#ЕДИНІЙ$ -> #ЕДИНЫЙ$) = -11.633186079077436
correctionProbability (#КОЛИНЗ$ -> #КОЛЛИНЗ$) = -18.120099338542914
correctionProbability (#ОФЕЦИАЛЬНЫЙ$ -> #ОФИЦИАЛЬНЫЙ$) = -6.9260621714137685
correctionProbability (#КОНДИЦЕОНЕР$ -> #КОНДИЦИОНЕР$) = -15.485777208067475
correctionProbability (#TALIJANSKI$ -> #ITALIJANSKI$) = -37.64939724369271
correctionProbability (#ДАРОГЕ$ -> #ДОРОГЕ$) = -12.071184262765815
correctionProbability (#ЭБЕЙ$ -> #ЕБЕЙ$) = -13.521295542127678
correctionProbability (#ИНСТВГРАММ$ -> #ИНСТАГРАМ$) = -75.84360008393868
correctionProbability (#НАЗЫВАЮТЬСЯ$ -> #НАЗЫВАЮТСЯ$) = -19.89956634288435
correctionProbability (#ШУГАРИН$ -> #ШУГАРИНГ$) = -16.978893311433275
correctionProbability (#СНОВИДЕНИ$ -> #СНОВИДЕНИЙ$) = -20.437359685972027
correctionProbability (#CHELAVEK$ -> #CHELOVEK$) = -20.293634348057736
correctionProbability (#КЛЕЕННЫЙ$ -> #КЛЕЕНЫЙ$) = -18.221817245800295
correctionProbability (#АНТИКОРОЗИЙНОЕ$ -> #АНТИКОРРОЗИЙНОЕ$) = -31.90889728428653
correctionProbability (#ПАВСЮДУ$ -> #ПОВСЮДУ$) = -15.033699103695895
correctionProbability (#FLASHSKORE$ -> #FLASHSCORE$) = -20.072414084931417
correctionProbability (#ПИШЕТС$ -> #ПИШЕТСЯ$) = -12.113965981924046
correctionProbability (#МАРЬЕНО$ -> #МАРЬИНО$) = -15.245434026529715
correctionProbability (#ИТРЫ$ -> #ИГРЫ$) = -2.396989890411305
correctionProbability (#АДАЧИ$ -> #ЗАДАЧИ$) = -10.844961407887265
correctionProbability (#ГОРМАНАЛЬНЫЙ$ -> #ГОРМОНАЛЬНЫЙ$) = -23.796846946061812
correctionProbability (#АТЕСТАЦИЮ$ -> #АТТЕСТАЦИЮ$) = -21.49813986206363
correctionProbability (#ЧЕТЫРЕСТО$ -> #ЧЕТЫРЕСТА$) = -22.25964717738693
correctionProbability (#ЗЕЙНАП$ -> #ЗЕЙНЕП$) = -20.061132511433097
correctionProbability (#ПРИГОВРИЛ$ -> #ПРИГОВОРИЛ$) = -29.70798716182611
correctionProbability (#КОТЗИМА$ -> #КОДЗИМА$) = -17.419862271770633
correctionProbability (#КУСПИТ$ -> #КУПИТЬ$) = -69.160740811195
correctionProbability (#ПРТМЕТЫ$ -> #ПРИМЕТЫ$) = -12.689012976333807
correctionProbability (#ОКСИДЕНТАЛ$ -> #ОКСИДЕНТАЛЬ$) = -28.088750729829684
correctionProbability (#МИНСКК$ -> #МИНСКЕ$) = -8.935909241665843
correctionProbability (#БЕЛЫЦ$ -> #БЕЛЫЙ$) = -7.929566062160507
correctionProbability (#МОНЕМЕН$ -> #МАНИМЕН$) = -79.5815359206972
correctionProbability (#ЖЕНЩНЫ$ -> #ЖЕНЩИНЫ$) = -8.916058734031608
correctionProbability (#ОПРЕДЕНИЕ$ -> #ОПРЕДЕЛЕНИЕ$) = -81.28130056364986
correctionProbability (#САТТЕЛИТ$ -> #САТЕЛЛИТ$) = -87.21757823588324
correctionProbability (#ТОАКОЕ$ -> #ТАКОЕ$) = -7.656691974303069
correctionProbability (#ЛИЧНЙ$ -> #ЛИЧНЫЙ$) = -4.785220027353045
correctionProbability (#СКУЛЛ$ -> #СКУЛ$) = -15.456974596407246
correctionProbability (#МКАЧАТЬ$ -> #СКАЧАТЬ$) = -2.5131255085519424
correctionProbability (#РАБОИЫ$ -> #РАБОТЫ$) = -6.855663147346863
correctionProbability (#ПОЛКЛЮЧИТЬ$ -> #ПОДКЛЮЧИТЬ$) = -13.570794371696266
correctionProbability (#НЕЖВИЖИМОСТИ$ -> #НЕДВИЖИМОСТИ$) = -15.413088486760707
correctionProbability (#ВОДИЧУА$ -> #ВОДИЧКА$) = -21.089590856492933
correctionProbability (#ФАРПРСТ$ -> #ФАРПОСТ$) = -11.589834306945491
correctionProbability (#ПОЕЭД$ -> #ПОЕЗД$) = -8.056953309270124
correctionProbability (#NVITI$ -> #NVUTI$) = -14.077428206741278
correctionProbability (#ЭКОЛГИЯ$ -> #ЭКОЛОГИЯ$) = -15.56721475226562
correctionProbability (#КВАРТИРИ$ -> #КВАРТИРЫ$) = -9.037096330038963
correctionProbability (#КРАСУЛА$ -> #КРАССУЛА$) = -22.02759355345831
correctionProbability (#ГОСЗАКУ$ -> #ГОСЗАКУП$) = -15.184510020902557
correctionProbability (#КАЛЕНДПРЬ$ -> #КАЛЕНДАРЬ$) = -9.61160054756467
correctionProbability (#ЭЛЕКТРИЧЕСК$ -> #ЭЛЕКТРИЧЕК$) = -15.859365090728708
correctionProbability (#НЛВОСИБИРСКЕ$ -> #НОВОСИБИРСКЕ$) = -15.188288593539497
correctionProbability (#ВЫЧИТ$ -> #ВЫЧЕТ$) = -12.50631700822851
correctionProbability (#КВАРТИРК$ -> #КВАРТИРУ$) = -8.73867981716944
correctionProbability (#РАБОИУ$ -> #РАБОТУ$) = -9.019159697662868
correctionProbability (#КЫЛМЫСТЫК$ -> #ҚЫЛМЫСТЫҚ$) = -86.30794064426509
correctionProbability (#PJW$ -> #PJV$) = -19.76707762665644
correctionProbability (#ПОДАРНИКИ$ -> #ПОЖАРНИКИ$) = -23.039187598010834
correctionProbability (#ЖЁСКОЕ$ -> #ЖЕСТКОЕ$) = -79.29823178062635
correctionProbability (#SVIFT$ -> #SWIFT$) = -15.70634988763722
correctionProbability (#КИНОКАМЕДИЯ$ -> #КИНОКОМЕДИЯ$) = -19.303589954031935
correctionProbability (#ЭКОНМ$ -> #ЭКОНОМ$) = -13.789284303093606
correctionProbability (#ЛИПХЕР$ -> #ЛИБХЕР$) = -16.179875623358395
correctionProbability (#ЬУКВУ$ -> #БУКВУ$) = -10.435841207722465
correctionProbability (#РАЗОБЛОЧЕНИЕ$ -> #РАЗОБЛАЧЕНИЕ$) = -23.1406796634189
correctionProbability (#ЖИЬИКАРА$ -> #ЖИТИКАРА$) = -20.694777793295373
correctionProbability (#ПОМОЗИ$ -> #ПОМОЩИ$) = -11.156147706029326
correctionProbability (#MASTERBAITING$ -> #MASTURBATING$) = -92.69947376854665
correctionProbability (#БЕЙБЛЕЙДЫ$ -> #БЕЙБЛЭЙД$) = -81.89096528982377
correctionProbability (#ПРОКА$ -> #ПРОКАТ$) = -12.449576691803333
correctionProbability (#ЭКОНО$ -> #ЭКОНОМ$) = -13.7888083123045
correctionProbability (#ТАХАЦУ$ -> #ТОХАТСУ$) = -144.99929109327877
correctionProbability (#ИТРА$ -> #ИГРА$) = -4.079561135816498
correctionProbability (#ЛИЧНЫ$ -> #ЛИЧНЫЙ$) = -4.7494796299802005
correctionProbability (#МИМФЫ$ -> #МИЛФЫ$) = -14.246880713797747
correctionProbability (#МИНИМОМУ$ -> #МИНИМУМУ$) = -21.704851335601155
correctionProbability (#НОВАСИБ$ -> #НОВОСИБ$) = -18.464322263159197
correctionProbability (#ИРАЮТ$ -> #ИГРАЮТ$) = -12.029142960670985
correctionProbability (#ЛУЧЩИЕ$ -> #ЛУЧШИЕ$) = -6.866383473984651
correctionProbability (#SVESDNIE$ -> #ZVEZDNIE$) = -87.9997836752534
correctionProbability (#СДЛАТЬ$ -> #СДЕЛАТЬ$) = -6.767530454995814
correctionProbability (#ХОЛВА$ -> #ХАЛВА$) = -11.65216195168372
correctionProbability (#DILSÒZ$ -> #DILSOZ$) = -24.021989604380423
correctionProbability (#КИНОКАМЕДИИ$ -> #КИНОКОМЕДИИ$) = -18.315209246870353
correctionProbability (#ИРТИКА$ -> #ЭРОТИКА$) = -73.28046469737474
correctionProbability (#СИРАФИМА$ -> #СЕРАФИМА$) = -17.9678348514335
correctionProbability (#ОБИЧНОГО$ -> #ОБЫЧНОГО$) = -18.412331628443084
correctionProbability (#EROCOMIKSI$ -> #EROKOMIKSI$) = -24.165598660953336
correctionProbability (#КОНЦПЕКТ$ -> #КОНСПЕКТ$) = -11.634400783562285
correctionProbability (#КОМПАИЯ$ -> #КОМПАНИЯ$) = -10.783258892018928
correctionProbability (#SUHT$ -> #SUCHT$) = -18.766786748665208
correctionProbability (#ПОЛЬСКА$ -> #ПОЛЬСКАЯ$) = -18.70054769474833
correctionProbability (#КРМИНАЛ$ -> #КРИМИНАЛ$) = -14.360505935118034
correctionProbability (#УИРЕНУ$ -> #УЙРЕНУ$) = -18.943348303642342
correctionProbability (#РАЗШИРИТЬ$ -> #РАСШИРИТЬ$) = -19.33732661557798
correctionProbability (#ЕКАТЕРИНБУГЕ$ -> #ЕКАТЕРИНБУРГЕ$) = -16.25873421925249
correctionProbability (#СКОЧЯТЬ$ -> #СКАЧАТЬ$) = -67.2592651422185
correctionProbability (#ПОРЯДО$ -> #ПОРЯДОК$) = -12.000763521815884
correctionProbability (#ПУТЕШЕСТВЕНИКИ$ -> #ПУТЕШЕСТВЕННИКИ$) = -26.582938460048382
correctionProbability (#ДЕСТКАЯ$ -> #ДЕТСКАЯ$) = -76.7745099653724
correctionProbability (#ГРАТАЖ$ -> #ГРАТТАЖ$) = -21.342279583801762
correctionProbability (#ПОКАРИЛА$ -> #ПОКОРИЛА$) = -20.713315823193334
correctionProbability (#ДАРЯТЬ$ -> #ДАРЯТ$) = -17.892700520473202
correctionProbability (#КААРИ$ -> #КАРИ$) = -13.388704621581713
correctionProbability (#ЛАМПОЧКИН$ -> #ЛАМПОЧКИ$) = -17.511752428135964
correctionProbability (#ПАДЕЛКА$ -> #ПОДЕЛКА$) = -10.478240948747697
correctionProbability (#СПЕЕЦ$ -> #СПЕЦ$) = -15.717977411230283
correctionProbability (#КАРДОБА$ -> #КОРДОБА$) = -20.966043087806923
correctionProbability (#САЛОДЧА$ -> #СОЛОДЧА$) = -24.82877498375813
correctionProbability (#ГРУДТ$ -> #ГРУДЬ$) = -10.122876364728395
correctionProbability (#ПАССА$ -> #ПАССАТ$) = -12.55581285353465
correctionProbability (#ТЕОРИТИЧЕСКИЙ$ -> #ТЕОРЕТИЧЕСКИЙ$) = -26.10044102210363
correctionProbability (#ПРЕТОЛОВ$ -> #ПРЕСТОЛОВ$) = -12.143824658406821
correctionProbability (#СВЕЩЕННИК$ -> #СВЯЩЕННИК$) = -18.81426461228471
correctionProbability (#ГОССУЛУГИ$ -> #ГОСУСЛУГИ$) = -77.05624021528034
correctionProbability (#МАЗБ$ -> #МАЗЬ$) = -8.829801810886465
correctionProbability (#ENJA$ -> #ENNJA$) = -32.01896356697809
correctionProbability (#СЕРАЛ$ -> #СЕРИАЛ$) = -4.650950233845133
correctionProbability (#УРЕОПЛАЗМЫ$ -> #УРЕАПЛАЗМЫ$) = -24.844413150073784
correctionProbability (#ЧЕЙЧАС$ -> #СЕЙЧАС$) = -8.14252988776527
correctionProbability (#МОСЕДО$ -> #МОСЭДО$) = -20.30045145294699
correctionProbability (#ОНЛСЙН$ -> #ОНЛАЙН$) = -0.6770615730076699
correctionProbability (#BEATIFUL$ -> #BEAUTIFUL$) = -18.23376870285609
correctionProbability (#ЗАВОРОТНБК$ -> #ЗАВОРОТНЮК$) = -11.778201340283253
correctionProbability (#ТАШНИТ$ -> #ТОШНИТ$) = -15.91994279421601
correctionProbability (#ПРОВИТЕЛЬ$ -> #ПРАВИТЕЛЬ$) = -19.886955742771733
correctionProbability (#ТУРАГЕНТСВО$ -> #ТУРАГЕНТСТВО$) = -20.247186275322235
correctionProbability (#ПЛАСТИКОВИЕ$ -> #ПЛАСТИКОВЫЕ$) = -14.563240718743245
correctionProbability (#MOZER$ -> #MOSER$) = -17.825883793759363
correctionProbability (#ДИАГОСТИНИ$ -> #ДЕАГОСТИНИ$) = -20.336175899479777
correctionProbability (#ФАЕСБУК$ -> #ФЕЙСБУК$) = -74.86322113960404
correctionProbability (#ЗИНИЕ$ -> #ЗИМНИЕ$) = -9.860700805936542
correctionProbability (#ЬАГАЖА$ -> #БАГАЖА$) = -14.825813347449557
correctionProbability (#TRANSL$ -> #TRANSLATE$) = -144.59803348275088
correctionProbability (#ПОРЯДК$ -> #ПОРЯДКА$) = -16.371219582622622
correctionProbability (#ЗАВТОА$ -> #ЗАВТРА$) = -9.412097840840222
correctionProbability (#БАГАТЫЕ$ -> #БОГАТЫЕ$) = -14.660333144725413
correctionProbability (#ОЗНАЧЄ$ -> #ОЗНАЧАЄ$) = -18.105342561066195
correctionProbability (#БОМБАКАМС$ -> #БОНГАКАМС$) = -80.49279511429579
correctionProbability (#ГЕПОТИТЕ$ -> #ГЕПАТИТЕ$) = -20.325748712074834
correctionProbability (#ДЕОЕВА$ -> #ДЕРЕВА$) = -9.449549224605622
correctionProbability (#ЕPOТИКА$ -> #ЭРOТИКА$) = -97.68049552567344
correctionProbability (#ПЕТРОВИЧЬ$ -> #ПЕТРОВИЧ$) = -15.952931051212538
correctionProbability (#ДЕНТОЛ$ -> #ДЕНТАЛ$) = -16.78223275846037
correctionProbability (#ГПЗА$ -> #ГАЗА$) = -8.43996361417792
correctionProbability (#ГОРМОНЬ$ -> #ГАРМОНЬ$) = -13.839004575656212
correctionProbability (#ИТУБ$ -> #ЮТУБ$) = -0.17386351418417334
correctionProbability (#СВИНГЕЫ$ -> #СВИНГЕРЫ$) = -14.52466522487429
correctionProbability (#ОРГАНЕЛ$ -> #ОРГАНЕЛЛ$) = -26.096964736989342
correctionProbability (#ВИКАТАТЬ$ -> #ВЫКАТАТЬ$) = -26.140959602334064
correctionProbability (#ЯНЕДКС$ -> #ЯНДЕКС$) = -70.10654517348661
correctionProbability (#НОВОКУЗНЕЦКИ$ -> #НОВОКУЗНЕЦКЕ$) = -18.434334441320296
correctionProbability (#INTIMSITY$ -> #INTIMCITY$) = -21.430074571649207
correctionProbability (#БИЛАЦН$ -> #БИЛАЙН$) = -9.018667757422943
correctionProbability (#ЧЕЧНСКАЯ$ -> #ЧЕЧЕНСКАЯ$) = -17.79113688841813
correctionProbability (#DOCHNKISINOCHKI$ -> #DOCHKISINOCHKI$) = -31.52038670332466
correctionProbability (#ОПЕРАТИВНИЙ$ -> #ОПЕРАТИВНЫЙ$) = -22.697893416181714
correctionProbability (#ВОНТАКТЕ$ -> #ВКОНТАКТЕ$) = -7.0985770229062055
correctionProbability (#НЕЖВИЖИМОСТЬ$ -> #НЕДВИЖИМОСТЬ$) = -13.236500619768051
correctionProbability (#TRANSS$ -> #TRANS$) = -17.445847986173266
correctionProbability (#WASAP$ -> #WHATSAPP$) = -143.60835917066944
correctionProbability (#ДЭМАСТЕР$ -> #ДЕМАСТЕР$) = -17.925506678198786
correctionProbability (#ЗИНИХ$ -> #ЗИМНИХ$) = -14.722318673352074
correctionProbability (#КУЧЮГУРЫ$ -> #КУЧУГУРЫ$) = -20.509248231698557
correctionProbability (#ИАЯК$ -> #МАЯК$) = -11.158857716703547
correctionProbability (#КОЖОЙ$ -> #КОЖЕЙ$) = -12.822041896889377
correctionProbability (#ТЕННИСИТ$ -> #ТЕННИСИСТ$) = -20.534105364611662
correctionProbability (#КЗАХСТАНА$ -> #КАЗАХСТАНА$) = -13.268076046828334
correctionProbability (#РЕВМОТОЛОГИИ$ -> #РЕВМАТОЛОГИИ$) = -25.151984201089952
correctionProbability (#ОРОБЛОКС$ -> #РОБЛОКС$) = -9.828036000999148
correctionProbability (#ГЕПВТИТ$ -> #ГЕПАТИТ$) = -14.295237486680591
correctionProbability (#РЕКЛАММЫ$ -> #РЕКЛАМЫ$) = -13.660334251604183
correctionProbability (#БЕДГОРОД$ -> #БЕЛГОРОД$) = -12.08436758657335
correctionProbability (#АНАНИМНЫЕ$ -> #АНОНИМНЫЕ$) = -20.77566160800839
correctionProbability (#СИМТЕМА$ -> #СИСТЕМА$) = -8.948391748797064
correctionProbability (#ДУМЯ$ -> #ДВУМЯ$) = -11.69922140228837
correctionProbability (#ДУНА$ -> #ЛУНА$) = -9.085169399754164
correctionProbability (#СИЛАЯ$ -> #МИЛАЯ$) = -10.683549541392392
correctionProbability (#АВАРИЧ$ -> #АВАРИЯ$) = -10.727200481030398
correctionProbability (#LІCHESS$ -> #LICHESS$) = -19.345989559877324
correctionProbability (#КАРПАРАТИВ$ -> #КОРПОРАТИВ$) = -82.51655018163976
correctionProbability (#ЗИНИТ$ -> #ЗЕНИТ$) = -9.486962893670412
correctionProbability (#АКВАЭРОБИКА$ -> #АКВААЭРОБИКА$) = -23.09531571643413
correctionProbability (#ЩУРА$ -> #ШУРА$) = -14.3383836277233
correctionProbability (#СОЬАКИ$ -> #СОБАКИ$) = -9.638913041359618
correctionProbability (#ЛЕСИЦА$ -> #ЛИСИЦА$) = -13.98989807773673
correctionProbability (#ХЛОРФИЛИПТ$ -> #ХЛОРОФИЛЛИПТ$) = -88.44271967744203
correctionProbability (#ЛРАЙВЕР$ -> #ДРАЙВЕР$) = -10.402268293680926
correctionProbability (#ДЕОЕВО$ -> #ДЕРЕВО$) = -9.09954072534634
correctionProbability (#ЛВЕ$ -> #ДВЕ$) = -7.590957748163891
correctionProbability (#МАШИАН$ -> #МАШИНА$) = -76.00844458558699
correctionProbability (#СОЬАКЕ$ -> #СОБАКЕ$) = -14.46748780892825
correctionProbability (#УВСИН$ -> #УФСИН$) = -14.107701012379746
correctionProbability (#АХОГРАФ$ -> #ТАХОГРАФ$) = -18.147734417946957
correctionProbability (#TRANSE$ -> #TRANCE$) = -18.56644344286492
correctionProbability (#ПАРАЗДНИК$ -> #ПРАЗДНИК$) = -13.377159307137184
correctionProbability (#ЕСКАВАТОР$ -> #ЭКСКАВАТОР$) = -81.30129250404084
correctionProbability (#РЕКЛАММУ$ -> #РЕКЛАМУ$) = -16.251829177595795
correctionProbability (#ЛБЛАСТЬ$ -> #ОБЛАСТЬ$) = -7.490928210323887
correctionProbability (#ПOДСЕЛЮСЬ$ -> #ПОДСЕЛЮСЬ$) = -34.90531726602568
correctionProbability (#ПИКЕНЕС$ -> #ПЕКИНЕС$) = -83.74652741455077
correctionProbability (#ПРАВИТЕЛЬСВО$ -> #ПРАВИТЕЛЬСТВО$) = -18.996823866760778
correctionProbability (#UNIGLO$ -> #UNIQLO$) = -17.09077258692766
correctionProbability (#АФАНАСЕВ$ -> #АФАНАСЬЕВА$) = -81.843224807077
correctionProbability (#ЧЫРНОБЛЬ$ -> #ЧЕРНОБЫЛЬ$) = -77.443126119267
correctionProbability (#ТЕОРИТИЧЕСКИЕ$ -> #ТЕОРЕТИЧЕСКИЕ$) = -23.909627508168974
correctionProbability (#УЧИЕЛЯ$ -> #УЧИТЕЛЯ$) = -10.44120793994346
correctionProbability (#РЕКЛАММЕ$ -> #РЕКЛАМЕ$) = -17.92058064541198
correctionProbability (#ШПКИ$ -> #ШАПКИ$) = -9.618458641365084
correctionProbability (#СТАЖИ$ -> #СТРАЖИ$) = -12.751270720978678
correctionProbability (#НДЛЯ$ -> #ДЛЯ$) = -0.735279187688402
correctionProbability (#АБРРЕВЕАТУРА$ -> #АББРЕВИАТУРА$) = -88.22219167970616
correctionProbability (#ОФОРМЛЕИЯ$ -> #ОФОРМЛЕНИЯ$) = -14.811687855216057
correctionProbability (#ЭЛЕТРОНАСОСА$ -> #ЭЛЕКТРОНАСОСА$) = -31.211819923851017
correctionProbability (#ЕТРЕНЫЙ$ -> #ВЕТРЕНЫЙ$) = -12.701670168930214
correctionProbability (#MENAGER$ -> #MANAGER$) = -14.784486958977318
correctionProbability (#ЧИСЛП$ -> #ЧИСЛА$) = -8.735280435558078
correctionProbability (#АВТТ$ -> #АВТО$) = -3.999333784973622
correctionProbability (#ПЕНХАУС$ -> #ПЕНТХАУС$) = -18.69014722934957
correctionProbability (#АВГОНОВА$ -> #АВГАНОВА$) = -33.72580562179832
correctionProbability (#УРЕОПЛАЗМА$ -> #УРЕАПЛАЗМА$) = -21.868313129780596
correctionProbability (#УЖОДЯЩАЯ$ -> #УХОДЯЩАЯ$) = -22.2592738246289
correctionProbability (#ОЬДЫХ$ -> #ОТДЫХ$) = -7.269449992253815
correctionProbability (#ТАУСИ$ -> #ТАКСИ$) = -6.330901704271074
correctionProbability (#АНАНИМНЫЙ$ -> #АНОНИМНЫЙ$) = -19.02358888772428
correctionProbability (#BABUSKI$ -> #BABUSHKI$) = -22.494095419573817
correctionProbability (#КЗАХСТАНЕ$ -> #КАЗАХСТАНЕ$) = -12.998583085545654
correctionProbability (#МАЕР$ -> #МАЙЕР$) = -14.284756525428737
correctionProbability (#ЧИСЛВ$ -> #ЧИСЛА$) = -8.73994948114104
correctionProbability (#ПЕНХАУЗ$ -> #ПЕНТХАУС$) = -83.45452815145471
correctionProbability (#КВАРТИТЫ$ -> #КВАРТИРЫ$) = -9.104246304888072
correctionProbability (#ПАМЕЛО$ -> #ПОМЕЛО$) = -17.84790554373203
correctionProbability (#МАКДОНАЛЬДЗ$ -> #МАКДОНАЛЬДС$) = -18.010343901531996
correctionProbability (#УРАВЕНЬ$ -> #УРОВЕНЬ$) = -11.026009118873858
correctionProbability (#ПИКСЕЛ$ -> #ПИКСЕЛЬ$) = -16.088480318088315
correctionProbability (#ПРАВИТЕЛЬСВА$ -> #ПРАВИТЕЛЬСТВА$) = -18.241943549069866
correctionProbability (#ЭМЕЙЛ$ -> #ЕМЕЙЛ$) = -16.428673127252846
correctionProbability (#КАНТАКТ$ -> #КОНТАКТ$) = -8.41951293159741
correctionProbability (#GIGPORN$ -> #GIGPORNO$) = -20.46689666888748
correctionProbability (#КАТЛЕТ$ -> #КОТЛЕТ$) = -15.665934807319818
correctionProbability (#КВАРТИТУ$ -> #КВАРТИРУ$) = -8.76592935062419
correctionProbability (#ЛЕСИЦЫ$ -> #ЛИСИЦЫ$) = -15.995532879004895
correctionProbability (#LIQE$ -> #LIKE$) = -10.908946261405024
correctionProbability (#4371W2$ -> #4371Р2$) = -24.08697665301304
correctionProbability (#МАЕН$ -> #МАЙН$) = -12.372461058519225
correctionProbability (#МЕСЦА$ -> #МЕСЯЦА$) = -12.192765997474257
correctionProbability (#СХЕА$ -> #СХЕМА$) = -6.621369309004891
correctionProbability (#ГЕМОРАГИЧЕСКИЙ$ -> #ГЕМОРРАГИЧЕСКИЙ$) = -27.100970788917635
correctionProbability (#ДННПР$ -> #ДНЕПР$) = -10.529465022326765
correctionProbability (#ВОГОН$ -> #ВАГОН$) = -13.160514157265059
correctionProbability (#ОПСНОСТЬ$ -> #ОПАСНОСТЬ$) = -19.149527110296688
correctionProbability (#МУРОВЕЙ$ -> #МУРАВЕЙ$) = -14.054286443801573
correctionProbability (#МАБА$ -> #МАМБА$) = -9.568747123866036
correctionProbability (#ВИДИОРЕГИСТРАТОР$ -> #ВИДЕОРЕГИСТРАТОР$) = -21.746848975513437
correctionProbability (#ЮТТУБЕ$ -> #ЮТУБЕ$) = -8.926262881771475
correctionProbability (#ДАЖИНКИ$ -> #ДОЖИНКИ$) = -18.788203954568758
correctionProbability (#KАКИЕ$ -> #КАКИЕ$) = -5.841314621617347
correctionProbability (#КВАЛИФИКАЦИ$ -> #КВАЛИФИКАЦИИ$) = -17.073452895164245
correctionProbability (#ОБСОЛЮТНО$ -> #АБСОЛЮТНО$) = -19.57711201933838
correctionProbability (#ТБОРОЧНЫЙ$ -> #ОТБОРОЧНЫЙ$) = -18.940383905632025
correctionProbability (#ОТНОШЕН$ -> #ОТНОШЕНИЙ$) = -80.31231728065869
correctionProbability (#ХАРАКТЕРИСТКА$ -> #ХАРАКТЕРИСТИКА$) = -17.69442514752913
correctionProbability (#КАРИДОРЕ$ -> #КОРИДОРЕ$) = -17.017149376232425
correctionProbability (#КАПУЧІНО$ -> #КАПУЧИНО$) = -18.04698422380484
correctionProbability (#УНІТАЗ$ -> #УНИТАЗ$) = -12.425487778025893
correctionProbability (#САБАКА$ -> #СОБАКА$) = -9.67053948084705
correctionProbability (#ЕСТРАДА$ -> #ЭСТРАДА$) = -16.224442060473706
correctionProbability (#СЕРВЕ$ -> #СЕРВЕР$) = -11.317188980346675
correctionProbability (#ДКТЕЙ$ -> #ДЕТЕЙ$) = -3.55758598843148
correctionProbability (#СЕРВИ$ -> #СЕРВИС$) = -9.67348835164589
correctionProbability (#ХЕЛЕКС$ -> #ХЕЛИКС$) = -15.521939576001717
correctionProbability (#НИКОГЛА$ -> #НИКОГДА$) = -12.806436449751132
correctionProbability (#ȘTIRELE$ -> #STIRILE$) = -85.78923242787205
correctionProbability (#ЖЕНЩЕНЕ$ -> #ЖЕНЩИНЕ$) = -8.449402704259583
correctionProbability (#МОНЕКА$ -> #МОНИКА$) = -13.864910397430652
correctionProbability (#АМОФОС$ -> #АММОФОС$) = -24.73136436301629
correctionProbability (#ЭТУБ$ -> #ЮТУБ$) = -0.17754657202690893
correctionProbability (#ЛЕТНИЯ$ -> #ЛЕТНЯЯ$) = -12.735351154992944
correctionProbability (#ТРАВЕЛАТВ$ -> #ТРАВЕЛАТА$) = -16.36036059897061
correctionProbability (#РУССБОНД$ -> #РУСБОНД$) = -29.512640320987323
correctionProbability (#РЕПРЕСИИ$ -> #РЕПРЕССИИ$) = -20.579122238720153
correctionProbability (#TARCOV$ -> #TARKOV$) = -17.679947097854384
correctionProbability (#КЛКАСС$ -> #КЛАСС$) = -4.933868828612351
correctionProbability (#ЖЕНЩЕНА$ -> #ЖЕНЩИНА$) = -9.104117481169233
correctionProbability (#ЭВРОДИСКИ$ -> #ЕВРОДИСКИ$) = -24.347218509607465
correctionProbability (#АДАЛИ$ -> #АДАЛИЯ$) = -19.192977228645272
correctionProbability (#БУТУЛИЗМ$ -> #БОТУЛИЗМ$) = -21.166423228387337
correctionProbability (#САБАКИ$ -> #СОБАКИ$) = -9.588208907214511
correctionProbability (#ПЕРЕВОДЧІК$ -> #ПЕРЕВОДЧИК$) = -8.657910063477082
correctionProbability (#ТИАНО$ -> #ТИАНА$) = -17.29924357167725
correctionProbability (#123MOVIE$ -> #123MOVIES$) = -23.93979205294992
correctionProbability (#ТОРРЕНТЬ$ -> #ТОРРЕНТ$) = -9.980125036791613
correctionProbability (#ДННЕМ$ -> #ДНЕМ$) = -6.613514454078523
correctionProbability (#СВЕНТОК$ -> #ЦВЕТОК$) = -76.91605243395414
correctionProbability (#SABAHT$ -> #SABBATH$) = -153.82434248613373
correctionProbability (#ВТОПЫМ$ -> #ВТОРЫМ$) = -17.556625951719457
correctionProbability (#КАПЕЛЛО$ -> #КАПЕЛЛА$) = -17.732252339367214
correctionProbability (#LINDSIE$ -> #LINDSEY$) = -88.13793400004758
correctionProbability (#НИНДЗА$ -> #НИНДЗЯ$) = -9.718884965913805
correctionProbability (#КРОХМАЛЕВА$ -> #КРАХМАЛЕВА$) = -28.200157190167424
correctionProbability (#ОЕНЬЮ$ -> #ОСЕНЬЮ$) = -9.19048024660265
correctionProbability (#РУССКРМ$ -> #РУССКОМ$) = -6.5661260497524765
correctionProbability (#АДНОКЛАССНИКИ$ -> #ОДНОКЛАССНИКИ$) = -11.163505961747106
correctionProbability (#БРОЗЭКС$ -> #БРОЗЕКС$) = -20.21730332681186
correctionProbability (#AVIABILET$ -> #AVIABILETI$) = -23.994615181752444
correctionProbability (#ФИЛОСОВСКИЙ$ -> #ФИЛОСОФСКИЙ$) = -16.57671376146765
correctionProbability (#СЕКВОЯ$ -> #СЕКВОЙЯ$) = -19.79247958732919
correctionProbability (#NAIKED$ -> #NAKED$) = -14.913372916813795
correctionProbability (#МААЛ$ -> #МАҚАЛ$) = -15.872447528771783
correctionProbability (#САРМАЛИН$ -> #КАРМАЛИН$) = -33.78691392769855
correctionProbability (#КАРНЕТИН$ -> #КАРНИТИН$) = -20.135334085607404
correctionProbability (#КАЛИМУЛИН$ -> #КАЛИМУЛЛИН$) = -27.256621385008316
correctionProbability (#КАЛОРИРОВАНИЕ$ -> #КОЛОРИРОВАНИЕ$) = -24.014635444027277
correctionProbability (#СШЕТЧИКИ$ -> #СЧЕТЧИКИ$) = -17.33364537373228
correctionProbability (#САБАКУ$ -> #СОБАКУ$) = -11.972384628042253
correctionProbability (#ЛИЧИТ$ -> #ЛЕЧИТЬ$) = -75.14522580574513
correctionProbability (#ОТМАЧИТЬ$ -> #ОТМОЧИТЬ$) = -26.312951423109396
correctionProbability (#ДДИМЕЙЛ$ -> #ДЖИМЕЙЛ$) = -14.974128259849337
correctionProbability (#KAMEDIYA$ -> #KOMEDIYA$) = -20.699837216065667
correctionProbability (#КПКОЙ$ -> #КАКОЙ$) = -5.587072428027419
correctionProbability (#МИНЕСОТА$ -> #МИННЕСОТА$) = -23.65676363186828
correctionProbability (#EROTISKIY$ -> #EROTICHESKIY$) = -163.08845064324376
correctionProbability (#СКАЧАПТЬ$ -> #СКАЧАТЬ$) = -5.022970802824295
correctionProbability (#XIKOYALAR$ -> #HIKOYALAR$) = -22.013316046640156
correctionProbability (#БОГОТЫРЬ$ -> #БОГАТЫРЬ$) = -14.19769374393875
correctionProbability (#СЛЖБУ$ -> #СЛУЖБУ$) = -14.932701435395035
correctionProbability (#АЛЬМЕРО$ -> #АЛЬМЕРА$) = -14.9359052550965
correctionProbability (#АЛНКСЕЙ$ -> #АЛЕКСЕЙ$) = -9.728824775579469
correctionProbability (#СМОТРЧТ$ -> #СМОТРЯТ$) = -15.880927278009018
correctionProbability (#БОГОТЫРЯ$ -> #БОГАТЫРЯ$) = -12.04482749919142
correctionProbability (#TRYPMYDREAM$ -> #TRIPMYDREAM$) = -21.30611147496157
correctionProbability (#СЕРВА$ -> #СЕРВЕРА$) = -78.24872349429926
correctionProbability (#БАКЛАЖЕНЫ$ -> #БАКЛАЖАНЫ$) = -15.302232937374349
correctionProbability (#ОЧЕВИДЕ$ -> #ОЧЕВИДЕЦ$) = -18.984331317303266
correctionProbability (#ПОЧНА$ -> #ПОЧТА$) = -3.9001931249376263
correctionProbability (#АЛЕУМЕТТИК$ -> #ӘЛЕУМЕТТІК$) = -83.70128871946905
correctionProbability (#ОИМЕ$ -> #РИМЕ$) = -12.559360218544501
correctionProbability (#ФЕРЕРО$ -> #ФЕРРЕРО$) = -21.405676064072047
correctionProbability (#СМОТПЕТЬ$ -> #СМОТРЕТЬ$) = -2.3969736877912293
correctionProbability (#ПИТАНИЧ$ -> #ПИТАНИЯ$) = -10.94168142661389
correctionProbability (#КОМСОМОЛЬСКАЧ$ -> #КОМСОМОЛЬСКАЯ$) = -18.351615708802242
correctionProbability (#ЛДО$ -> #ДО$) = -6.117468172632094
correctionProbability (#ГАДОУ$ -> #ГОДОВ$) = -74.21268503860739
correctionProbability (#ФОНПРИК$ -> #ФОНАРИК$) = -15.658215887083244
correctionProbability (#ДЕВИДА$ -> #ДЭВИДА$) = -17.485942967255806
correctionProbability (#НОВОСИТИ$ -> #НОВОСТИ$) = -6.745697189406201
correctionProbability (#ТЕПЛИЙ$ -> #ТЕПЛЫЙ$) = -11.677095829004035
correctionProbability (#РУССКТЕ$ -> #РУССКИЕ$) = -6.853997028867894
correctionProbability (#ЖЫТЬ$ -> #ЖИТЬ$) = -9.081739417460593
correctionProbability (#КПКОЕ$ -> #КАКОЕ$) = -8.550768365625746
correctionProbability (#РОСГОСТРАХА$ -> #РОСГОССТРАХА$) = -28.93005675946305
correctionProbability (#КАЛЬКУТА$ -> #КАЛЬКУТТА$) = -24.985574242513117
correctionProbability (#SKACAYT$ -> #SKACHAT$) = -79.52619056203436
correctionProbability (#ЛАБАНОВ$ -> #ЛОБАНОВ$) = -18.789578811164986
correctionProbability (#ПРОВЕРК$ -> #ПРОВЕРКА$) = -11.479991904747187
correctionProbability (#КАРИНКИ$ -> #КАРТИНКИ$) = -5.241246891359308
correctionProbability (#ОХРАНИКОМ$ -> #ОХРАННИКОМ$) = -18.492844163922747
correctionProbability (#ЖЕНЩЕНЫ$ -> #ЖЕНЩИНЫ$) = -8.297271110517421
correctionProbability (#БАРДАЧЕК$ -> #БАРДАЧОК$) = -21.781164780430217
correctionProbability (#БОЛНЗНИ$ -> #БОЛЕЗНИ$) = -11.809705374997904
correctionProbability (#ЗАВАРОТНЮК$ -> #ЗАВОРОТНЮК$) = -11.733742030254028
correctionProbability (#БЕЛОЯ$ -> #БЕЛАЯ$) = -8.725961901467269
correctionProbability (#ПОЕЩД$ -> #ПОЕЗД$) = -8.052320866559114
correctionProbability (#ЛСБОРНАЯ$ -> #СБОРНАЯ$) = -15.387778700137645
correctionProbability (#РРЕЙТИНГ$ -> #РЕЙТИНГ$) = -12.710256608923103
correctionProbability (#ЖИЛЕЙНИЙ$ -> #ЖЕЛЕЙНЫЙ$) = -76.86591027828864
correctionProbability (#МЕТАЛОПЛАСТ$ -> #МЕТАЛЛОПЛАСТ$) = -29.65424221454232
correctionProbability (#СМЕТАНОМ$ -> #СМЕТАННОМ$) = -21.01349530583449
correctionProbability (#ПОЧМУ$ -> #ПОЧЕМУ$) = -7.238123811956381
correctionProbability (#ИНДЕФИКАЦИОННЫЙ$ -> #ИНДИФИКАЦИОННЫЙ$) = -31.3286287209431
correctionProbability (#МУЛТЬИКИ$ -> #МУЛЬТИКИ$) = -74.55945929164488
correctionProbability (#КАТАРАМИ$ -> #КОТОРЫМИ$) = -146.7263750840262
correctionProbability (#СКВЧАТЬ$ -> #СКАЧАТЬ$) = -2.535928181533782
correctionProbability (#HRESKA$ -> #HDREZKA$) = -79.23788991803507
correctionProbability (#МУЛЬТТИК$ -> #МУЛЬТИК$) = -9.317706849626077
correctionProbability (#КРАКОЗЯЬРЫ$ -> #КРАКОЗЯБРЫ$) = -35.78749771815014
correctionProbability (#ПРОЖИ$ -> #ПРОДАЖИ$) = -77.43017183936999
correctionProbability (#БАБКАЙ$ -> #БАБКОЙ$) = -18.865801576219678
correctionProbability (#СЛОБОЖАНСКЕ$ -> #СЛОБОЖАНСКОЕ$) = -29.78610424707417
correctionProbability (#ПРИСТОВА$ -> #ПРИСТАВА$) = -17.69413722751299
correctionProbability (#ДЕОЧКА$ -> #ДЕВОЧКА$) = -9.823966755175235
correctionProbability (#АЛЬПАРІ$ -> #АЛЬПАРИ$) = -15.065381162721565
correctionProbability (#ЛДА$ -> #ЛАДА$) = -8.164591001278911
correctionProbability (#ЛЕТНИИ$ -> #ЛЕТНИЕ$) = -11.582652344480703
correctionProbability (#ОИЛХ$ -> #ОЛХ$) = -8.61544290189422
correctionProbability (#ALPSALINE$ -> #ALPHALINE$) = -28.028568697346785
correctionProbability (#ОТВЕТСТВЕНОСТИ$ -> #ОТВЕТСТВЕННОСТИ$) = -22.965607189929386
correctionProbability (#СИРНИЙ$ -> #СЫРНЫЙ$) = -80.46897985752716
correctionProbability (#СПЕИС$ -> #СПЕЙС$) = -12.791376851131407
correctionProbability (#VOIC$ -> #VOICE$) = -7.052259210346762
correctionProbability (#НОВСИБИРСКЕ$ -> #НОВОСИБИРСКЕ$) = -15.726222231959774
correctionProbability (#ДРУАЗАТЬ$ -> #ДОКАЗАТЬ$) = -82.7178448132996
correctionProbability (#ЯСЕНА$ -> #ЯСЕНЯ$) = -17.136266622905683
correctionProbability (#ТОРРЕНТО$ -> #ТОРРЕНТ$) = -10.01728146139115
correctionProbability (#ЕЛЕЗАВЕКИ$ -> #ЕЛИЗАВЕТКИ$) = -101.00882876032674
correctionProbability (#ЖНЩИНА$ -> #ЖЕНЩИНА$) = -9.721521349632113
correctionProbability (#STIC$ -> #STICK$) = -15.845128376697811
correctionProbability (#СТАИТ$ -> #СТОИТ$) = -6.495015038680695
correctionProbability (#ТОРРЕНТТ$ -> #ТОРРЕНТ$) = -10.010967660224395
correctionProbability (#КААИЕ$ -> #КАКИЕ$) = -5.832987323655733
correctionProbability (#ООРОД$ -> #ГОРОД$) = -5.068328784411506
correctionProbability (#МАТЕРШИНЫЙ$ -> #МАТЕРШИННЫЙ$) = -28.387773147214382
correctionProbability (#ГЕНИОЛОГИЧЕСКОЕ$ -> #ГЕНЕАЛОГИЧЕСКОЕ$) = -88.34753115322391
correctionProbability (#ТДРОЖЖЕВОГО$ -> #ДРОЖЖЕВОГО$) = -20.54904057160119
correctionProbability (#МИАКАРДА$ -> #МИОКАРДА$) = -17.625548076889892
correctionProbability (#НАРКОМАНИ$ -> #НАРКОМАНИИ$) = -18.543116130042982
correctionProbability (#СОСТОВЛЯЮЩИЕ$ -> #СОСТАВЛЯЮЩИЕ$) = -23.003206425209655
correctionProbability (#ФРАЦУЗСКОГО$ -> #ФРАНЦУЗСКОГО$) = -20.52042291206275
correctionProbability (#БЕЛОН$ -> #БЕЛОЕ$) = -10.396371185133813
correctionProbability (#БЫВШЫЙ$ -> #БЫВШИЙ$) = -14.00465650411211
correctionProbability (#ТЕПЛИЕ$ -> #ТЕПЛЫЕ$) = -13.02420789252658
correctionProbability (#УСТАНОВАИТЬ$ -> #УСТАНОВИТЬ$) = -14.565010774143985
correctionProbability (#ПОВЗКА$ -> #ПОВЯЗКА$) = -15.781547742297342
correctionProbability (#КАБОЧКА$ -> #КАБАЧКА$) = -16.441784352281495
correctionProbability (#КАМЕНСКИ$ -> #КАМЕНСКИХ$) = -17.81297898159051
correctionProbability (#ИАША$ -> #МАША$) = -2.8264967628439486
correctionProbability (#СЭНДБОКС$ -> #САНДБОКС$) = -21.76817504060955
correctionProbability (#СЫНЫП0А$ -> #СЫНЫПҚА$) = -16.742330364089682
correctionProbability (#ИГРТЬ$ -> #ИГРАТЬ$) = -6.388192079718433
correctionProbability (#КОЛЛИНЕАРНАЧ$ -> #КОЛЛИНЕАРНАЯ$) = -37.63670765352186
correctionProbability (#СЕРЕДНЬОІ$ -> #СЕРЕДНЬОЇ$) = -23.86371452836473
correctionProbability (#ИФИЛЬМ$ -> #ФИЛЬМ$) = -3.6563845135443884
correctionProbability (#КОНСПЕК$ -> #КОНСПЕКТ$) = -12.166104176509883
correctionProbability (#НДЕК$ -> #ЯНДЕКС$) = -68.08889355984923
correctionProbability (#ВАСПИТАЛА$ -> #ВОСПИТАЛА$) = -23.57463518072754
correctionProbability (#СЕРГА$ -> #СЕРЬГА$) = -18.11773867272112
correctionProbability (#ИГРУА$ -> #ИГРУХА$) = -15.578385979143153
correctionProbability (#ФАЛЛАУТ$ -> #ФОЛЛАУТ$) = -14.98828283493711
correctionProbability (#БЕРСЕРГ$ -> #БЕРСЕРК$) = -16.50835793865798
correctionProbability (#SAMSYNG$ -> #SAMSUNG$) = -9.908627407811828
correctionProbability (#МЕРИЕТ$ -> #МЕРЯЕТ$) = -21.921808995275345
correctionProbability (#ИНСТРУКЦ$ -> #ИНСТРУКЦИЯ$) = -75.2928397698945
correctionProbability (#СОЕДЕНИТЬ$ -> #СОЕДИНИТЬ$) = -16.60733737364187
correctionProbability (#АБЕЛА$ -> #АБЕЛЛА$) = -20.494986479249814
correctionProbability (#ДОШКОЛЬНОГОГ$ -> #ДОШКОЛЬНОГО$) = -19.86673841797058
correctionProbability (#ООРНО$ -> #ОПОРНО$) = -16.177285121135608
correctionProbability (#ПРОГЛАТИТЬ$ -> #ПРОГЛОТИТЬ$) = -24.082551987205967
correctionProbability (#ВЫЙДТИ$ -> #ВЫЙТИ$) = -14.151098056343361
correctionProbability (#ДЕСТКОЕ$ -> #ЖЕСТКОЕ$) = -13.931586038293908
correctionProbability (#SMESH$ -> #SMASH$) = -16.490823730093883
correctionProbability (#КРОССОВРД$ -> #КРОССВОРД$) = -81.80016101829993
correctionProbability (#МАЙНРАФТ$ -> #МАЙНКРАФТ$) = -8.539055092297495
correctionProbability (#САЛОВОДА$ -> #САДОВОДА$) = -15.902418027334072
correctionProbability (#ГАЛОГРАММА$ -> #ГОЛОГРАММА$) = -22.06893057375553
correctionProbability (#МУЛБТФИЛЬМ$ -> #МУЛЬТФИЛЬМ$) = -9.106443590609075
correctionProbability (#TRUCKMEN$ -> #TRUCKMAN$) = -34.072628242527124
correctionProbability (#ИГРФЫ$ -> #ИГРЫ$) = -4.95063793694268
correctionProbability (#ДОБРАТСЯ$ -> #ДОБРАТЬСЯ$) = -14.218473826579519
correctionProbability (#STIDIO$ -> #STUDIO$) = -9.997921615521637
correctionProbability (#ДЕСТКОЙ$ -> #ДЕТСКОЙ$) = -79.38444329843192
correctionProbability (#ПРВОТЧИК$ -> #ПЕРЕВОДЧИК$) = -139.33243736518722
correctionProbability (#ЛОТЕРИ$ -> #ЛОТЕРЕИ$) = -16.35296862745573
correctionProbability (#ОНЛАВЙН$ -> #ОНЛАЙН$) = -3.1532317301288195
correctionProbability (#1AVP$ -> #1AV$) = -25.886080234541865
correctionProbability (#ДОГОАОР$ -> #ДОГОВОР$) = -10.13635156516613
correctionProbability (#ПЕРВОЧИК$ -> #ПЕРЕВОДЧИК$) = -74.57218655404029
correctionProbability (#IMGRS$ -> #IMGSRC$) = -79.98416553838153
correctionProbability (#МУТИКИ$ -> #МУЛЬТИКИ$) = -72.66646981847677
correctionProbability (#БЛЛЬШИЕ$ -> #БОЛЬШИЕ$) = -9.893792707464627
correctionProbability (#ФИОМА$ -> #ФИРМА$) = -10.739172325332657
correctionProbability (#ВОРНЕЖЕ$ -> #ВОРОНЕЖЕ$) = -12.838395864185138
correctionProbability (#ОСТЕОМЕЛИТ$ -> #ОСТЕОМИЕЛИТ$) = -23.3351347247377
correctionProbability (#ОГЕНТ$ -> #АГЕНТ$) = -10.931317845247268
correctionProbability (#МОЛООЙ$ -> #МОЛОДОЙ$) = -12.655587804014147
correctionProbability (#СЕКСЛОН$ -> #СЕКССЛОН$) = -27.231297340097136
correctionProbability (#КОНОАФИША$ -> #КИНОАФИША$) = -14.579162163156646
correctionProbability (#ПОВЕРИЯ$ -> #ПОВЕРЬЯ$) = -23.04004772904623
correctionProbability (#ЕКАТЕРИНБУРЕ$ -> #ЕКАТЕРИНБУРГЕ$) = -16.261172074346
correctionProbability (#ГУРУДИ$ -> #ГРУДИ$) = -11.920262258498301
correctionProbability (#ГОАЖДАНСТВО$ -> #ГРАЖДАНСТВО$) = -18.93730416354954
correctionProbability (#HANUKAYEV$ -> #HANUKAEV$) = -36.616246051068465
correctionProbability (#ВКЛЮЧАЕТЬСЯ$ -> #ВКЛЮЧАЕТСЯ$) = -18.81333910227645
correctionProbability (#МАКАРЫВЕЧ$ -> #МАКАРЫЧЕВ$) = -79.66426545540982
correctionProbability (#ПРРЙТИ$ -> #ПРОЙТИ$) = -10.65179257349276
correctionProbability (#ПРОЕЗ$ -> #ПРОЕЗД$) = -12.845864584162538
correctionProbability (#КУХОНИ$ -> #КУХНИ$) = -9.36393676133169
correctionProbability (#ПРОЕД$ -> #ПРОЕЗД$) = -12.853884334214268
correctionProbability (#АКТЮБИНСКИ$ -> #АКТЮБИНСКЕ$) = -26.967919557181894
correctionProbability (#УВИЗИТЕ$ -> #УВЕЗИТЕ$) = -16.078164902859534
correctionProbability (#БЕЛОРУСЬБАНКЕ$ -> #БЕЛАРУСБАНКЕ$) = -92.67085325640878
correctionProbability (#МЗИКА$ -> #МУЗЫКА$) = -70.78509304065787
correctionProbability (#ЛДЯ$ -> #ДЛЯ$) = -66.13466608015693
correctionProbability (#ТАШКЕНСКОЙ$ -> #ТАШКЕНТСКОЙ$) = -24.87780019405841
correctionProbability (#ДОРЖКИ$ -> #ДОРОЖКИ$) = -15.233565795728921
correctionProbability (#МАНЕЙВЕО$ -> #МОНЕЙВЕО$) = -23.307778158134546
correctionProbability (#СВАЛЬБА$ -> #СВАДЬБА$) = -10.502076018831858
correctionProbability (#КРОСОТКИ$ -> #КРАСОТКИ$) = -15.570873687490092
correctionProbability (#АНЬАСЦЕ$ -> #АНАСЦЕ$) = -15.789491433591696
correctionProbability (#ПОВЕРИШ$ -> #ПОВЕРИШЬ$) = -18.57127591831067
correctionProbability (#НЕУМЫВАЙКИН$ -> #НЕУМЫВАКИН$) = -22.286951436262278
correctionProbability (#SANDUGACH$ -> #SANDUGASH$) = -35.040164549618396
correctionProbability (#ЕКСКАВАТОРА$ -> #ЭКСКАВАТОРА$) = -16.947122211928402
correctionProbability (#ОЛТАЙЙМ$ -> #ОЛТАЙМ$) = -24.98867340328212
correctionProbability (#БОЛЬШИВИКОВ$ -> #БОЛЬШЕВИКОВ$) = -21.861016830375448
correctionProbability (#АВТАБИЛЕТЫ$ -> #АВИАБИЛЕТЫ$) = -10.540607203990959
correctionProbability (#ДИСТИЛЯЦИЯ$ -> #ДИСТИЛЛЯЦИЯ$) = -28.260587028046835
correctionProbability (#ТАЛДЫКУРГАНА$ -> #ТАЛДЫКОРГАНА$) = -25.427525986374306
correctionProbability (#HЮЛМАРТ$ -> #ЮЛМАРТ$) = -15.078343667993234
correctionProbability (#ЬОЛИ$ -> #БОЛИ$) = -10.132302853017155
correctionProbability (#ПЕРЕВИСТИ$ -> #ПЕРЕВЕСТИ$) = -12.698909889543216
correctionProbability (#ЗВЕРК$ -> #ЗВЕРЕК$) = -17.640153255837912
correctionProbability (#DORSEL$ -> #DORCEL$) = -17.935886762986332
correctionProbability (#СЕРДЕ$ -> #СЕРДЦЕ$) = -8.957140194053476
correctionProbability (#КЛЕЕВЫЙ$ -> #КЛЕЕВОЙ$) = -19.16806526222554
correctionProbability (#КОСТРАЦИЯ$ -> #КАСТРАЦИЯ$) = -19.96538142703836
correctionProbability (#КАНТРАКТ$ -> #КОНТРАКТ$) = -15.946861026391936
correctionProbability (#ПУССАН$ -> #ПУСАН$) = -17.871268213450445
correctionProbability (#НОГОВИЦИН$ -> #НАГОВИЦЫН$) = -83.4920824980971
correctionProbability (#ТІБЯ$ -> #ТЕБЯ$) = -6.75941896349703
correctionProbability (#БУМИРАНГ$ -> #БУМЕРАНГ$) = -18.187412853117173
correctionProbability (#ЕЗИПЕЙ$ -> #ИЗИПЕЙ$) = -20.91602122324588
correctionProbability (#МАЙИНКРАФТ$ -> #МАЙНКРАФТ$) = -10.439653076223685
correctionProbability (#ЕВОЧКИ$ -> #ДЕВОЧКИ$) = -9.197952613721398
correctionProbability (#СТАЙК$ -> #СТРАЙК$) = -13.457456621055282
correctionProbability (#ПРИПОРАТЫ$ -> #ПРЕПАРАТЫ$) = -78.63783351453387
correctionProbability (#ЕКАТЕРИНБУРШ$ -> #ЕКАТЕРИНБУРГ$) = -12.922680209791103
correctionProbability (#СОВМЕТИМОСТЬ$ -> #СОВМЕСТИМОСТЬ$) = -18.583515157307012
correctionProbability (#СТРЛИЦА$ -> #СТОЛИЦА$) = -12.009260270442041
correctionProbability (#MAATE$ -> #MATE$) = -16.363005294622635
correctionProbability (#ОНДАСЕТРОН$ -> #ОНДАНСЕТРОН$) = -26.649122368973046
correctionProbability (#ПУПИТЬ$ -> #КУПИТЬ$) = -1.420811668828346
correctionProbability (#ЕРОТИЧЕСКОЕ$ -> #ЭРОТИЧЕСКОЕ$) = -17.850200042557958
correctionProbability (#РАБОЧЯ$ -> #РАБОЧАЯ$) = -9.895079298813897
correctionProbability (#СТАЛЕ$ -> #СТОЛЕ$) = -11.945393007065281
correctionProbability (#ГИПАТИТЕ$ -> #ГЕПАТИТЕ$) = -20.330005345395655
correctionProbability (#XVITEO$ -> #XVIDEO$) = -12.134833440414848
correctionProbability (#BANCE$ -> #DANCE$) = -11.143794690843524
correctionProbability (#ЮТВУБ$ -> #ЮТУБ$) = -2.7182829455755844
correctionProbability (#ПРОЗОДИТ$ -> #ПРОХОДИТ$) = -14.478411217309201
correctionProbability (#СИКУНДУ$ -> #СЕКУНДУ$) = -16.37060033337405
correctionProbability (#ШАМЕЛЬ$ -> #ШАМИЛЬ$) = -15.60497380752911
correctionProbability (#ДЕВСВЕННОСТИ$ -> #ДЕВСТВЕННОСТИ$) = -22.467302198394776
correctionProbability (#ХАТСОН$ -> #ХАТСАН$) = -17.322659034438527
correctionProbability (#ХАРАКТЕРИСТИ$ -> #ХАРАКТЕРИСТИКИ$) = -82.83930170624353
correctionProbability (#ЛЖО$ -> #ДЖО$) = -10.84607411388799
correctionProbability (#КРАСНРЯРСК$ -> #КРАСНОЯРСК$) = -11.574378236311603
correctionProbability (#ПРОВИЛЬНО$ -> #ПРАВИЛЬНО$) = -9.55452841886867
correctionProbability (#МАВА$ -> #МОВА$) = -10.750282784845847
correctionProbability (#ХВТК$ -> #ВТК$) = -19.9327299084545
correctionProbability (#ТЫСЯЧЬ$ -> #ТЫСЯЧ$) = -14.872656247706079
correctionProbability (#ИНЦИКЛОПЕДИЯ$ -> #ЭНЦИКЛОПЕДИЯ$) = -18.942923061799398
correctionProbability (#ТЕГРИЦА$ -> #ТИГРИЦА$) = -20.919445982920905
correctionProbability (#ЛЕКУС$ -> #ЛЕКСУС$) = -12.176804615054888
correctionProbability (#СУТИНЕР$ -> #СУТЕНЕР$) = -21.881118544211205
correctionProbability (#СЛОВЕСТНЫЙ$ -> #СЛОВЕСНЫЙ$) = -20.182184369009228
correctionProbability (#РЭДМИ$ -> #РЕДМИ$) = -10.802286296121505
correctionProbability (#ЛИКИРОВАННЫЙ$ -> #ГЛИКИРОВАННЫЙ$) = -25.970621756220638
correctionProbability (#КАДИРОВКА$ -> #КОДИРОВКА$) = -18.46844942778702
correctionProbability (#ВОРОВТ$ -> #ВОРОТ$) = -14.78244126201906
correctionProbability (#БИМЕТАЛИЧЕСКИЕ$ -> #БИМЕТАЛЛИЧЕСКИЕ$) = -24.183278569188857
correctionProbability (#ГОРЯШИЙ$ -> #ГОРЯЩИЙ$) = -15.087276603683762
correctionProbability (#ЩВОНОК$ -> #ЗВОНОК$) = -11.368210066730345
correctionProbability (#РЕФЕРАД$ -> #РЕФЕРАТ$) = -10.716014213663215
correctionProbability (#ЮЛМПРТ$ -> #ЮЛМАРТ$) = -12.569954283250883
correctionProbability (#ДАЙХАЦУ$ -> #ДАЙХАТСУ$) = -84.09121600188452
correctionProbability (#ССБЕРБАНК$ -> #СБЕРБАНК$) = -8.449016453240482
correctionProbability (#ТРАНССЫ$ -> #ТРАНСЫ$) = -14.414094645282294
correctionProbability (#ЬОЛЬ$ -> #БОЛЬ$) = -9.259643707610511
correctionProbability (#YUKILE$ -> #YUKLE$) = -16.11882007459467
correctionProbability (#АРОНЕН$ -> #АРОНЯН$) = -26.210523868943838
correctionProbability (#DRIBLE$ -> #DRIBBLE$) = -24.05513614288354
correctionProbability (#ПЕРИВОД$ -> #ПЕРЕВОД$) = -8.304431765767035
correctionProbability (#ВЪЕТНАМ$ -> #ВЬЕТНАМ$) = -12.903899313322384
correctionProbability (#ПРИПОРАТА$ -> #ПРЕПАРАТА$) = -82.95314420813808
correctionProbability (#ANASCE$ -> #ANHASCE$) = -14.44365628603763
correctionProbability (#СЭЛКА$ -> #СЕЛКА$) = -15.557595142917005
correctionProbability (#ПЕРЕЗОД$ -> #ПЕРЕХОД$) = -13.590798568810783
correctionProbability (#КІЛЕР$ -> #КИЛЛЕР$) = -80.83650826039877
correctionProbability (#ДIТЕЙ$ -> #ДІТЕЙ$) = -12.841369622082933
correctionProbability (#МБАНКИНГ$ -> #БАНКИНГ$) = -13.049646272118054
correctionProbability (#ИМЕРИТЕНКЕ$ -> #ИМЕРЕТИНКЕ$) = -92.47983465496367
correctionProbability (#ИСОРИИ$ -> #ИСТОРИИ$) = -9.65505042830457
correctionProbability (#ХООКЕЙ$ -> #ХОККЕЙ$) = -10.463076283417639
correctionProbability (#РИГИНА$ -> #РЕГИНА$) = -12.753033349937727
correctionProbability (#ВИНОК$ -> #ВЕНОК$) = -12.880684089541798
correctionProbability (#АЕНОЛАЙФ$ -> #ВЕНОЛАЙФ$) = -24.360094388849895
correctionProbability (#КРЕСТАЛЫ$ -> #КРИСТАЛЛЫ$) = -83.14767402437086
correctionProbability (#ВЕТОР$ -> #ВЕКТОР$) = -12.82664657873833
correctionProbability (#АЛГВРУ$ -> #АЛГЕБРЕ$) = -140.47400117509645
correctionProbability (#ДОРОБОТКИ$ -> #ДОРАБОТКИ$) = -22.489541501951933
correctionProbability (#УЭНИ$ -> #ЭНИ$) = -16.94928332342094
correctionProbability (#IMGRC$ -> #IMGSRC$) = -15.246993152093165
correctionProbability (#СЕРЕИ$ -> #СЕРИИ$) = -2.7674066645684015
correctionProbability (#ЛЕЬ$ -> #ЛЕТ$) = -3.4516107393069966
correctionProbability (#СТАКИ$ -> #СТАВКИ$) = -11.457370569730106
correctionProbability (#НЕГИТЯНКОМИ$ -> #НЕГРИТЯНКАМИ$) = -89.2517310294291
correctionProbability (#СПЕКТ$ -> #СПЕКТР$) = -15.481334639369027
correctionProbability (#ДНЕВНТК$ -> #ДНЕВНИК$) = -7.048626144106741
correctionProbability (#ИПЕСНИ$ -> #ПЕСНИ$) = -5.77254421946823
correctionProbability (#НАКЛЕЕТЬ$ -> #НАКЛЕИТЬ$) = -17.0964446938589
correctionProbability (#РАБОЧЙ$ -> #РАБОЧИЙ$) = -8.71045479464528
correctionProbability (#ГОПОДА$ -> #ГОРОДА$) = -7.55751584162989
correctionProbability (#ПЕРЕНОСЯТЬ$ -> #ПЕРЕНОСЯТ$) = -24.726221243167608
correctionProbability (#ПИРИВОДЧИК$ -> #ПЕРЕВОДЧИК$) = -73.34465835308461
correctionProbability (#РЕНЖЕРЫ$ -> #РЕЙНДЖЕРЫ$) = -83.94230057322763
correctionProbability (#РАБОЧИ$ -> #РАБОЧИЙ$) = -8.688849486495918
correctionProbability (#ЛАССУЭЛ$ -> #ЛАССУЭЛЛ$) = -34.462586224275725
correctionProbability (#КАТАЛЛГ$ -> #КАТАЛОГ$) = -6.500447006445704
correctionProbability (#КУРКИНЕ$ -> #КУРКИНО$) = -17.168930722139685
correctionProbability (#АВИАСЕИЛ$ -> #АВИАСЕЙЛС$) = -80.01271330195671
correctionProbability (#КМЕДИИ$ -> #КОМЕДИИ$) = -9.904517953540271
correctionProbability (#РАНЕННЫЕ$ -> #РАНЕНЫЕ$) = -20.25953587499778
correctionProbability (#БЕРЕМЕНЫЕ$ -> #БЕРЕМЕННЫЕ$) = -19.56617530435338
correctionProbability (#ПАСИВА$ -> #ПАССИВА$) = -21.62474818802353
correctionProbability (#ГОНЧИК$ -> #ГОНЩИК$) = -13.314984481914369
correctionProbability (#ФЕНОЗЕПАМ$ -> #ФЕНАЗЕПАМ$) = -18.364284898927913
correctionProbability (#КАТРИДЖ$ -> #КАРТРИДЖ$) = -13.250267528965153
correctionProbability (#ДЖЕКЕР$ -> #ДЖОКЕР$) = -8.75825377907071
correctionProbability (#СКАНІЯ$ -> #СКАНИЯ$) = -15.299223111344038
correctionProbability (#YUTYUBE$ -> #YOUTUBE$) = -74.28784099441997
correctionProbability (#ОЛЕНКА$ -> #АЛЕНКА$) = -14.008403928900602
correctionProbability (#ЧЕЛОЕК$ -> #ЧЕЛОВЕК$) = -8.339575260044114
correctionProbability (#НАЙТТИ$ -> #НАЙТИ$) = -9.397359787762287
correctionProbability (#ЭТОЛ$ -> #ЭТО$) = -5.342498296754975
correctionProbability (#ТАВЕР$ -> #ТОВЕР$) = -18.565700892474208
correctionProbability (#УСТАНОВЛЕНОЕ$ -> #УСТАНОВЛЕННОЕ$) = -27.544670111620157
correctionProbability (#ПРВЗДНИКИ$ -> #ПРАЗДНИКИ$) = -12.435284393273498
correctionProbability (#РАЙНЕЙР$ -> #РАЙНЭЙР$) = -21.79804736527852
correctionProbability (#МНГНОВЕНЬЯ$ -> #МГНОВЕНЬЕ$) = -86.9588006445254
correctionProbability (#СЕЛЕГЕР$ -> #СЕЛИГЕР$) = -17.479279443503295
correctionProbability (#ОРРЕНТ$ -> #ТОРРЕНТ$) = -8.082731682822214
correctionProbability (#ЗБРОСА$ -> #СБРОСА$) = -16.241064503774236
correctionProbability (#ТЕЕСТ$ -> #ТЕКСТ$) = -5.931141021511241
correctionProbability (#МАДАГОСКАР$ -> #МАДАГАСКАР$) = -16.090801822660815
correctionProbability (#ОДНАКЛАСС$ -> #ОДНОКЛАСС$) = -19.205944637801977
correctionProbability (#ДАВИЛЬ$ -> #ДОВИЛЬ$) = -20.026318055549954
correctionProbability (#МІЛОВАНОВ$ -> #МИЛОВАНОВ$) = -23.395396471956737
correctionProbability (#ПАСКИ$ -> #ПАСХИ$) = -16.66108030607184
correctionProbability (#ЭТОО$ -> #ЭТО$) = -5.329663422620847
correctionProbability (#ЕСКЕЙП$ -> #ЭСКЕЙП$) = -18.258706543214448
correctionProbability (#БОКАРДИ$ -> #БАКАРДИ$) = -18.010378945856665
correctionProbability (#УЧЕРЕЖДЕНИИ$ -> #УЧРЕЖДЕНИИ$) = -20.85623113030359
correctionProbability (#МИЛЬТФИЛЬМ$ -> #МУЛЬТФИЛЬМ$) = -9.114308036880288
correctionProbability (#БЕРИСКЛЕТ$ -> #БЕРЕСКЛЕТ$) = -19.63633989462864
correctionProbability (#БЛУЗУ$ -> #БЛУЗКУ$) = -17.218394304213792
correctionProbability (#VIGATEL$ -> #VEGATEL$) = -19.243039981340708
correctionProbability (#ПРИСТОВАТЬ$ -> #ПРИСТАВАТЬ$) = -25.764171427702962
correctionProbability (#БЕРЕМЕНЫЙ$ -> #БЕРЕМЕННЫЙ$) = -23.492870694623676
correctionProbability (#SETTERS$ -> #SETTLERS$) = -22.187421756708254
correctionProbability (#СУСПЕНЗІЯ$ -> #СУСПЕНЗИЯ$) = -17.93657712893041
correctionProbability (#ОТСЛЕДИТТ$ -> #ОТСЛЕДИТЬ$) = -12.430854391702091
correctionProbability (#ПОМЯТЬ$ -> #ПАМЯТЬ$) = -11.421059409141801
correctionProbability (#ЛАПОРОСКОПИИ$ -> #ЛАПАРОСКОПИИ$) = -24.618555880593384
correctionProbability (#БЕРЕМЕНЫМ$ -> #БЕРЕМЕННЫМ$) = -19.230025486992538
correctionProbability (#CHERNI$ -> #CHERNIY$) = -25.633651530811406
correctionProbability (#ІГОРА$ -> #ІГОРЯ$) = -20.202068894123645
correctionProbability (#МИРОМИСТИН$ -> #МИРАМИСТИН$) = -19.222352595720203
correctionProbability (#РАБОРА$ -> #РАБОТА$) = -4.972873546748826
correctionProbability (#РАНЕННЫХ$ -> #РАНЕНЫХ$) = -24.471782295188945
correctionProbability (#ГОЫХ$ -> #ГОЛЫХ$) = -10.834131001625995
correctionProbability (#MONCEY$ -> #MONKEY$) = -13.417228028610356
correctionProbability (#ДНОКЛАССНИКИ$ -> #ОДНОКЛАССНИКИ$) = -11.812235242927528
correctionProbability (#ДОМАВЕНОК$ -> #ДОМОВЕНОК$) = -14.97946921696412
correctionProbability (#СЧЕТЧИ$ -> #СЧЕТЧИК$) = -14.037229259505906
correctionProbability (#ЕНДЕРМЕН$ -> #ЭНДЕРМЕН$) = -20.218168314424766
correctionProbability (#АВИЯ$ -> #АВИА$) = -12.202822439514495
correctionProbability (#РАЗВИВАЮШИЕ$ -> #РАЗВИВАЮЩИЕ$) = -15.316914199526295
correctionProbability (#YOUNGBLUD$ -> #YOUNGBLOOD$) = -89.6275005326421
correctionProbability (#ЯПОНЯ$ -> #ЯПОНИЯ$) = -12.295435580183213
correctionProbability (#БРЕЛОКОВ$ -> #БРЕЛКОВ$) = -20.730411979334107
correctionProbability (#ЗААОРОТНЮК$ -> #ЗАВОРОТНЮК$) = -11.797755692930814
correctionProbability (#ПРОСИТАЙТЕ$ -> #ПРОЧИТАЙТЕ$) = -18.31468523291354
correctionProbability (#МАНЯКА$ -> #МАНЬЯКА$) = -18.58365820142535
correctionProbability (#БЕЛКОВИЙ$ -> #БЕЛКОВЫЙ$) = -19.92837092243314
correctionProbability (#ИНИСТИТУТ$ -> #ИНСТИТУТ$) = -14.18581841664193
correctionProbability (#МИНИМАЛЬНОЫЙ$ -> #МИНИМАЛЬНЫЙ$) = -21.98987830715852
correctionProbability (#LSLAND$ -> #ISLAND$) = -13.332016207093208
correctionProbability (#ВОРОЕЖ$ -> #ВОРОНЕЖ$) = -9.488797696338587
correctionProbability (#ПОМЯТИ$ -> #ПАМЯТИ$) = -10.640595440868847
correctionProbability (#АРГАЗМОМ$ -> #ОРГАЗМОМ$) = -19.841951286059874
correctionProbability (#ПОКЕТЫ$ -> #ПАКЕТЫ$) = -13.34692772211206
correctionProbability (#ИТИМ$ -> #ИНТИМ$) = -10.82552283185635
correctionProbability (#БРЕДШОУ$ -> #БРЭДШОУ$) = -23.74734084696133
correctionProbability (#PROFFESOR$ -> #PROFESSOR$) = -89.3722401758908
correctionProbability (#ПЕТРОВСКИИ$ -> #ПЕТРОВСКИЙ$) = -18.822447959928645
correctionProbability (#РЕЕНКА$ -> #РЕБЕНКА$) = -8.790490970651106
correctionProbability (#СЕТТКА$ -> #СЕТКА$) = -13.152642621644464
correctionProbability (#ОГУРЦИ$ -> #ОГУРЦЫ$) = -13.609243493600726
correctionProbability (#EXTENTION$ -> #EXTENSION$) = -20.280843623164074
correctionProbability (#КОРРОЛЬ$ -> #КОРОЛЬ$) = -10.398539240940291
correctionProbability (#VETRINIY$ -> #VETRENNIY$) = -87.80540199641091
correctionProbability (#УМИРЛА$ -> #УМЕРЛА$) = -12.763511988594775
correctionProbability (#ПАСКА$ -> #ПАСХА$) = -13.428696874331639
correctionProbability (#ДВАЙВЕРА$ -> #ДРАЙВЕРА$) = -12.272698234192994
correctionProbability (#ПРИЛЕТАЛИ$ -> #ПРИЛЕТЕЛИ$) = -21.426831568238114
correctionProbability (#ЬЫЛ$ -> #БЫЛ$) = -8.379268664791283
correctionProbability (#SHEISIDE$ -> #SHEINSIDE$) = -24.30338837865343
correctionProbability (#БАТОЛФИЛД$ -> #БАТЕЛФИЛД$) = -18.910724187322742
correctionProbability (#ЭЛЕКТРОСТАЛЕ$ -> #ЭЛЕКТРОСТАЛИ$) = -20.800136066252044
correctionProbability (#РИГИОН$ -> #РЕГИОН$) = -10.247348338116158
correctionProbability (#КОРЕКТНО$ -> #КОРРЕКТНО$) = -25.0707757145223
correctionProbability (#TENKA$ -> #TENCA$) = -17.37192902357697
correctionProbability (#ЖИГИТЕР$ -> #ЖИГИТТЕР$) = -22.449951234796053
correctionProbability (#ВЕЛСБЕРИ$ -> #ВЕЛСБЕРРИ$) = -24.991044320654517
correctionProbability (#ГОЫЕ$ -> #ГОЛЫЕ$) = -7.0520396323624865
correctionProbability (#РАБОЧЯЯ$ -> #РАБОЧАЯ$) = -9.334865856174034
correctionProbability (#ОБЬЕМЕ$ -> #ОБЪЕМЕ$) = -16.839650983119245
correctionProbability (#МИНИСТЕРСВА$ -> #МИНИСТЕРСТВА$) = -18.08614783297225
correctionProbability (#КВИРТ$ -> #СКВИРТ$) = -13.879202152459914
correctionProbability (#ПУГОЧЕВА$ -> #ПУГАЧЕВА$) = -13.668363288189333
correctionProbability (#ИЖДЕВЕНИИ$ -> #ИЖДИВЕНИИ$) = -24.23012765893673
correctionProbability (#АЛИГАТОР$ -> #АЛЛИГАТОР$) = -19.963021594807856
correctionProbability (#КОВЕРТ$ -> #КОНВЕРТ$) = -13.830289828922709
correctionProbability (#СУБТИТР$ -> #СУБТИТРЫ$) = -16.074184460973342
correctionProbability (#РОНЕТКИ$ -> #РАНЕТКИ$) = -15.655159714125638
correctionProbability (#ВАДЯНОЙ$ -> #ВОДЯНОЙ$) = -13.588206503540391
correctionProbability (#ВАКАНСИИИ$ -> #ВАКАНСИИ$) = -10.627421080629965
correctionProbability (#ЛЕНИГРАДСКОЙ$ -> #ЛЕНИНГРАДСКОЙ$) = -19.1769419158299
correctionProbability (#ОКТЯЮРЬ$ -> #ОКТЯБРЬ$) = -9.478715277542975
correctionProbability (#ОТРИЦАТЕЬНЫЕ$ -> #ОТРИЦАТЕЛЬНЫЕ$) = -22.483073285889446
correctionProbability (#ТАПКОЕ$ -> #ТАКОЕ$) = -7.685223959641821
correctionProbability (#СВЕРХЬЕСТЕСТВЕНОЕ$ -> #СВЕРХЪЕСТЕСТВЕННОЕ$) = -87.25762895016771
correctionProbability (#ВЕЕРМЕР$ -> #ВЕРМЕЕР$) = -89.95963552160157
correctionProbability (#БАИВИКИ$ -> #БОЕВИКИ$) = -73.84136046049719
correctionProbability (#TENKI$ -> #TANKI$) = -12.906268765325986
correctionProbability (#КООГДА$ -> #КОГДА$) = -8.266522002030111
correctionProbability (#ПОРНЕЙ$ -> #ПАРНЕЙ$) = -12.303793055718554
correctionProbability (#ТОРРЕННТ$ -> #ТОРРЕНТ$) = -9.940473184469212
correctionProbability (#ЖЕЛЕТ$ -> #ЖИЛЕТ$) = -12.206422310186685
correctionProbability (#ОТКРЫТЫЙЕ$ -> #ОТКРЫТЫЕ$) = -18.59679534907621
correctionProbability (#ДАЕХАТ$ -> #ДОЕХАТЬ$) = -76.67872777518515
correctionProbability (#ДРИИМ$ -> #ДРИМ$) = -16.226718693600905
correctionProbability (#СОХРОНЁНЫЕ$ -> #СОХРАНЕННЫЕ$) = -153.8553877821546
correctionProbability (#ВКЛАДЫШЬ$ -> #ВКЛАДЫШ$) = -19.152464003435156
correctionProbability (#ЕВОЧЕК$ -> #ДЕВОЧЕК$) = -8.243787133196008
correctionProbability (#ДОЧКАХЕ$ -> #ДОЧКЕ$) = -84.24148101629271
correctionProbability (#ЛЕКСУ$ -> #ЛЕКСУС$) = -12.188869973325428
correctionProbability (#АХОТНИЧИЙ$ -> #ОХОТНИЧИЙ$) = -18.115785277380304
correctionProbability (#ЛЬУДИ$ -> #ЛЮДИ$) = -74.24623454917084
correctionProbability (#ИТАЛИИИ$ -> #ИТАЛИИ$) = -13.694926474257688
correctionProbability (#АВТОДРОН$ -> #АВТОДРОМ$) = -15.854888093672052
correctionProbability (#СЕМАШКА$ -> #СЕМАШКО$) = -16.66142744608957
correctionProbability (#ОКСИЛЕНИЯ$ -> #ОКИСЛЕНИЯ$) = -86.8237846058814
correctionProbability (#ВАПИР$ -> #ВАМПИР$) = -14.331411921700688
correctionProbability (#ALTERNATIV$ -> #ALTERNATIVE$) = -23.19493555098255
correctionProbability (#ТВКСИ$ -> #ТАКСИ$) = -6.359549596475329
correctionProbability (#ПОССЛЕ$ -> #ПОСЛЕ$) = -7.8532931676981015
correctionProbability (#ДРАЙВРА$ -> #ДРАЙВЕРА$) = -12.846816490619226
correctionProbability (#СТАНБУЛА$ -> #СТАМБУЛА$) = -15.320497991578208
correctionProbability (#БОЛГАРИ$ -> #БОЛГАРИИ$) = -14.385082703173772
correctionProbability (#ОБЬЕМУ$ -> #ОБЪЕМУ$) = -17.54762733916378
correctionProbability (#БИСОПРОЛ$ -> #БИСОПРОЛОЛ$) = -84.56916778972966
correctionProbability (#АНГЛИЦСКИЙ$ -> #АНГЛИЙСКИЙ$) = -11.181053028662525
correctionProbability (#ГВОЗДТЬ$ -> #ГВОЗДЬ$) = -19.285989361673234
correctionProbability (#ЛЕКАРСВА$ -> #ЛЕКАРСТВА$) = -14.516885645484066
correctionProbability (#ЗОБИ$ -> #ЗОМБИ$) = -8.751172774934108
correctionProbability (#ДУБЛ$ -> #ДУБЛЬ$) = -11.125983919732935
correctionProbability (#МЕМОРИАЛТНАЯ$ -> #МЕМОРИАЛЬНАЯ$) = -25.14712516495519
correctionProbability (#ИНГОЛЯТОРА$ -> #ИНГАЛЯТОРА$) = -24.414267047322276
correctionProbability (#УСТАНОВЛЕННО$ -> #УСТАНОВЛЕНО$) = -25.415312898227832
correctionProbability (#НАПИСА$ -> #НАПИСАТЬ$) = -77.32983796266
correctionProbability (#НЕШНЛ$ -> #НЭШНЛ$) = -19.28600540071349
correctionProbability (#WARFA$ -> #WARFACE$) = -79.4069060828646
correctionProbability (#БРАНДМАУЗЕР$ -> #БРАНДМАУЭР$) = -89.9912536566744
correctionProbability (#ПОЧИА$ -> #ПОЧТА$) = -3.901129810705143
correctionProbability (#ЩУКЙ$ -> #ЩУКИ$) = -12.189315671959701
correctionProbability (#АЛМИН$ -> #АДМИН$) = -14.532034478032056
correctionProbability (#КЕРСАНОВ$ -> #КИРСАНОВ$) = -19.339998291347385
correctionProbability (#ПЛЕМЯНИЦЕЙ$ -> #ПЛЕМЯННИЦЕЙ$) = -26.161935950105374
correctionProbability (#АРХИТИПЫ$ -> #АРХЕТИПЫ$) = -22.900783969960095
correctionProbability (#КАЛЬКУОР$ -> #КАЛЬКУЛЯТОР$) = -143.385848694879
correctionProbability (#ДЕСТВУЕТ$ -> #ДЕЙСТВУЕТ$) = -17.48607761515155
correctionProbability (#РАСОДНИКИ$ -> #РАСХОДНИКИ$) = -23.76657735645393
correctionProbability (#ЦЕЛЬНОМЕТАЛИЧЕСКАЯ$ -> #ЦЕЛЬНОМЕТАЛЛИЧЕСКАЯ$) = -32.331636439918185
correctionProbability (#САНЙОНГ$ -> #САНЬЕНГ$) = -82.50434963007483
correctionProbability (#ТЕКСТУРКИ$ -> #ТЕКСТУРЫ$) = -83.9712652932765
correctionProbability (#TUKCE$ -> #TURKCE$) = -16.6216970854306
correctionProbability (#ТОРОТУАР$ -> #ТРОТУАР$) = -22.690288396929745
correctionProbability (#БИШКЕ$ -> #БИШКЕК$) = -13.07508799490645
correctionProbability (#ЭНТЕРОСКОПЫ$ -> #ЭНТЕРОСКОПИЯ$) = -103.08621239076098
correctionProbability (#РОЛЬК$ -> #РОЛИК$) = -11.20875580478577
correctionProbability (#АЛЛИЕКСПРЕСС$ -> #АЛИЭКСПРЕСС$) = -78.57462427432465
correctionProbability (#СОЛЖЕНИЦИН$ -> #СОЛЖЕНИЦЫН$) = -22.036218231339262
correctionProbability (#ПРОБК$ -> #ПРОБКИ$) = -12.222952474833331
correctionProbability (#НОМЕРОЛОГИЯ$ -> #НУМЕРОЛОГИЯ$) = -18.275360642854253
correctionProbability (#МАНЕКУР$ -> #МАНИКЮР$) = -74.43126249819208
correctionProbability (#РАБОТС$ -> #РАБОТА$) = -5.003665102317438
correctionProbability (#КОРЕКТОР$ -> #КОРРЕКТОР$) = -19.44703012390037
correctionProbability (#ДРАВЙВЕР$ -> #ДРАЙВЕР$) = -12.93460610367842
correctionProbability (#СЕРИТ$ -> #СЕРИИ$) = -2.8185565891028865
correctionProbability (#РОЗОВЕ$ -> #РОЗОВОЕ$) = -16.295412655463224
correctionProbability (#ШКОЛЬН$ -> #ШКОЛЬНЫЙ$) = -76.72228776304905
correctionProbability (#САМЫЦ$ -> #САМЫЙ$) = -7.357377581387627
correctionProbability (#СДЕЛАЬЬ$ -> #СДЕЛАТЬ$) = -6.189806797347579
correctionProbability (#ДАЛОС$ -> #ДАЛЛАС$) = -81.85036837797999
correctionProbability (#МАРЯНСКИЙ$ -> #МАРЬИНСКИЙ$) = -90.83981451275702
correctionProbability (#МИРОЛЛА$ -> #МИРРОЛЛА$) = -24.17748096303975
correctionProbability (#ФАРТПОСТ$ -> #ФАРПОСТ$) = -14.050832831984522
correctionProbability (#НЕОФИЦАЛЬНЫЙ$ -> #НЕОФИЦИАЛЬНЫЙ$) = -22.503859982754406
correctionProbability (#ЖЕЛЕЗНВЙ$ -> #ЖЕЛЕЗНЫЙ$) = -13.61932899796971
correctionProbability (#ЧИЬАТЬ$ -> #ЧИТАТЬ$) = -7.183828092102228
correctionProbability (#АРГАНЗЫ$ -> #ОРГАНЗЫ$) = -18.953377929707244
correctionProbability (#ТСКАЧАТЬ$ -> #СКАЧАТЬ$) = -4.99780551949179
correctionProbability (#КАЗАЗСТАН$ -> #КАЗАХСТАН$) = -11.126441665923963
correctionProbability (#KALAMPIR$ -> #QALAMPIR$) = -20.596974405625097
correctionProbability (#ЛАЗАРТАН$ -> #ЛОЗАРТАН$) = -18.16979883726836
correctionProbability (#МРЛИТВА$ -> #МОЛИТВА$) = -11.272526830600341
correctionProbability (#ХИМИЧНИ$ -> #ХІМІЧНІ$) = -149.65170151314263
correctionProbability (#РАБОТО$ -> #РАБОТА$) = -4.924810132644769
correctionProbability (#ФЄЙСБУК$ -> #ФЕЙСБУК$) = -7.073367778923078
correctionProbability (#ЛЕКОЙ$ -> #ЛЕГКОЙ$) = -14.56064793764261
correctionProbability (#КЛААССА$ -> #КЛАССА$) = -10.13398534966704
correctionProbability (#НИКОЛАЕКА$ -> #НИКОЛАЕВКА$) = -21.818929373883442
correctionProbability (#ЛЙК$ -> #ЛАЙК$) = -10.127799485182184
correctionProbability (#TTRIPMYDREAM$ -> #TRIPMYDREAM$) = -23.857261690095882
correctionProbability (#ВОДЯННЫЕ$ -> #ВОДЯНЫЕ$) = -17.674907850580233
correctionProbability (#СПЕНЫ$ -> #СПИНЫ$) = -11.483914697113573
correctionProbability (#ГЕНЕРАТО$ -> #ГЕНЕРАТОР$) = -14.646025268802092
correctionProbability (#СЕРИЕ$ -> #СЕРИИ$) = -2.771096475276014
correctionProbability (#КАСИВЫЙ$ -> #КРАСИВЫЙ$) = -11.552139322126187
correctionProbability (#ВДОЛИ$ -> #ВДАЛИ$) = -10.75670809594892
correctionProbability (#РАБОТВ$ -> #РАБОТА$) = -4.997093969888191
correctionProbability (#ЛИКАЛО$ -> #ЛЕКАЛО$) = -16.985141721639696
correctionProbability (#КУПИПИТЬ$ -> #КУПИТЬ$) = -71.17555349866834
correctionProbability (#ПАТРЮЛЬ$ -> #ПАТРУЛЬ$) = -8.422475984478233
correctionProbability (#CHOIC$ -> #CHOICE$) = -17.543150878501844
correctionProbability (#ДБСМ$ -> #БДСМ$) = -77.68039848913499
correctionProbability (#СЕРИА$ -> #СЕРИЯ$) = -2.247371770585527
correctionProbability (#КАСИВЫЕ$ -> #КРАСИВЫЕ$) = -7.965720984035279
correctionProbability (#РЕФЕРВТ$ -> #РЕФЕРАТ$) = -10.745732585284664
correctionProbability (#АВАСИТИ$ -> #АКВАСИТИ$) = -24.729606684191232
correctionProbability (#ОБОРТ$ -> #АБОРТ$) = -13.81347850659878
correctionProbability (#БУСТР$ -> #БУСТЕР$) = -14.025710870010872
correctionProbability (#ПГЕНТСТВО$ -> #АГЕНТСТВО$) = -12.95518864093603
correctionProbability (#ГЕНЕРАТР$ -> #ГЕНЕРАТОР$) = -14.654700343120759
correctionProbability (#СТАНЫ$ -> #СТРАНЫ$) = -10.91220071006143
correctionProbability (#VLINKS$ -> #LINKS$) = -19.19509079818238
correctionProbability (#SHATURBATE$ -> #CHATURBATE$) = -18.775805012124927
correctionProbability (#ПРОШЫВКУ$ -> #ПРОШИВКУ$) = -16.99309494398402
correctionProbability (#МОЛОКП$ -> #МОЛОКА$) = -12.577605436277448
correctionProbability (#ТЕОЕФОН$ -> #ТЕЛЕФОН$) = -7.450654249172587
correctionProbability (#ВСЕЛЕНАЯ$ -> #ВСЕЛЕННАЯ$) = -16.57430485525183
correctionProbability (#ОБОСАЛ$ -> #ОБОССАЛ$) = -23.995477252167873
correctionProbability (#МАЛЕВАНА$ -> #МАЛЕВАННАЯ$) = -92.6594668117118
correctionProbability (#АОЗЛЕ$ -> #ВОЗЛЕ$) = -11.309515312706932
correctionProbability (#ЕРЕСПАЛ$ -> #ЭРЕСПАЛ$) = -18.56095797254639
correctionProbability (#ТЕМПЕРАТКРА$ -> #ТЕМПЕРАТУРА$) = -14.886052362346987
correctionProbability (#УСИЛИНОЙ$ -> #УСИЛЕННОЙ$) = -88.58859328361183
correctionProbability (#БЕСПЛАТННАЯ$ -> #БЕСПЛАТНАЯ$) = -17.233733089729462
correctionProbability (#СЕРИЛ$ -> #СЕРИАЛ$) = -4.673526378113305
correctionProbability (#ЛИМПИАДА$ -> #ОЛИМПИАДА$) = -13.273073586227554
correctionProbability (#БРУНДУКИ$ -> #БУРУНДУКИ$) = -16.52320081551659
correctionProbability (#ОРГАНИКАЛЫК$ -> #ОРГАНИКАЛЫҚ$) = -24.674864599008004
correctionProbability (#ОДЕССВ$ -> #ОДЕССА$) = -9.484779377151302
correctionProbability (#БУГИНГ$ -> #БУКИНГ$) = -10.916819353417107
correctionProbability (#СТАФИЛОККОК$ -> #СТАФИЛОКОКК$) = -88.36901676458658
correctionProbability (#ЛІСБІЯНОК$ -> #ЛІЗБІЯНОК$) = -27.158874448821223
correctionProbability (#МЕЕНКРАФТ$ -> #МАЙНКРАФТ$) = -72.73157928361975
correctionProbability (#РАЙНАХ$ -> #РАЙОНАХ$) = -18.17045329107067
correctionProbability (#СОЛУТИОН$ -> #СОЛЮТИОН$) = -24.678598822735616
correctionProbability (#АВИАСЕЙЛ$ -> #АВИАСЕЙЛС$) = -15.289601481527633
correctionProbability (#ЯСНДЕКС$ -> #ЯНДЕКС$) = -4.719535894286938
correctionProbability (#CVIDEOS$ -> #XVIDEOS$) = -11.509717229652793
correctionProbability (#СЕЛОЧКИ$ -> #ЦЕЛОЧКИ$) = -19.039035485027043
correctionProbability (#ВИДЬМЫ$ -> #ВЕДЬМЫ$) = -13.50070222384458
correctionProbability (#КОЛЕНДУЛЫ$ -> #КАЛЕНДУЛЫ$) = -20.836610480681266
correctionProbability (#УЗБЕЧА$ -> #УЗБЕКЧА$) = -16.783954647687693
correctionProbability (#ВЛЮЧИТЬ$ -> #ВКЛЮЧИТЬ$) = -13.7530727602009
correctionProbability (#СЛЫШЕШЬ$ -> #СЛЫШИШЬ$) = -18.20032974969442
correctionProbability (#МИЧЕТЬ$ -> #МЕЧЕТЬ$) = -14.838153509105762
correctionProbability (#АБРЕВИАТУРА$ -> #АББРЕВИАТУРА$) = -24.090935670957542
correctionProbability (#ДРАВИНГ$ -> #ДРАЙВИНГ$) = -17.995683261237183
correctionProbability (#КОПРЕСОР$ -> #КОМПРЕССОР$) = -82.33851497390569
correctionProbability (#ПАРАКСЕТИН$ -> #ПАРОКСЕТИН$) = -24.51977842593162
correctionProbability (#ТИАТР$ -> #ТЕАТР$) = -7.648112675688225
correctionProbability (#СУБТИРЫ$ -> #СУБТИТРЫ$) = -16.043259477753175
correctionProbability (#УЛЦА$ -> #УЛИЦА$) = -9.310262188940253
correctionProbability (#ТОХОГРАФА$ -> #ТАХОГРАФА$) = -19.774641472451272
correctionProbability (#MAMASGA$ -> #MAMASHA$) = -24.788498803490683
correctionProbability (#КАНТРАКИТ$ -> #КОНТРАКТ$) = -83.19205200644622
correctionProbability (#GOLGEN$ -> #GOLDEN$) = -13.376018982943659
correctionProbability (#SPRIT$ -> #SPIRIT$) = -15.961187785678629
correctionProbability (#КАПУСТВ$ -> #КАПУСТЫ$) = -11.24979337893852
correctionProbability (#ДЕВСТВЕНЕЦ$ -> #ДЕВСТВЕННИЦ$) = -87.99121501845315
correctionProbability (#ОДЕССН$ -> #ОДЕССЕ$) = -12.68574563501743
correctionProbability (#БЕССТИЖИЕ$ -> #БЕССТЫЖИЕ$) = -16.229425999701952
correctionProbability (#АБДУЛАЕВИЧ$ -> #АБДУЛЛАЕВИЧ$) = -28.721284295626624
correctionProbability (#ЛКТ$ -> #ЛЕТ$) = -3.466887756194776
correctionProbability (#ШКЛЬНЫЙ$ -> #ШКОЛЬНЫЙ$) = -11.410246820650364
correctionProbability (#ОТПОМ$ -> #ОПТОМ$) = -73.62792799963883
correctionProbability (#СРИАЛЫ$ -> #СЕРИАЛЫ$) = -8.098530708173065
correctionProbability (#МАОАЯ$ -> #МАЛАЯ$) = -12.145336223865403
correctionProbability (#ТОДЖИКИ$ -> #ТАДЖИКИ$) = -18.30170537441486
correctionProbability (#ЛЕТНЕЯ$ -> #ЛЕТНЯЯ$) = -12.733412905545368
correctionProbability (#БЕССТЫLДНИКИ$ -> #БЕССТЫДНИКИ$) = -22.890184093731747
correctionProbability (#INSPEKTOR$ -> #INSPECTOR$) = -21.52670154050697
correctionProbability (#SALLTIME$ -> #ALLTIME$) = -22.07444556336597
correctionProbability (#ОКТЯЯБРЯ$ -> #ОКТЯБРЯ$) = -10.94162429065031
correctionProbability (#КОСАТЕЛЬНОЙ$ -> #КАСАТЕЛЬНОЙ$) = -24.17187706918783
correctionProbability (#ІНЖЕКТОР$ -> #ИНЖЕКТОР$) = -15.236728708247348
correctionProbability (#FAVE$ -> #FIVE$) = -13.385569583450287
correctionProbability (#ХАЕМИ$ -> #ХАОМИ$) = -17.454507475101114
correctionProbability (#РАМАШКИ$ -> #РОМАШКИ$) = -14.042928750230551
correctionProbability (#BIOLOGE$ -> #BIOLAGE$) = -23.740180433626314
correctionProbability (#СОЧИНЕРИЯ$ -> #СОЧИНЕНИЯ$) = -16.353870808641275
correctionProbability (#YOTOB$ -> #YOUTUBE$) = -137.0642329807732
correctionProbability (#БУСОЛЬ$ -> #БУССОЛЬ$) = -24.152081671366247
correctionProbability (#ОДНАКОМНАТНЫХ$ -> #ОДНОКОМНАТНЫХ$) = -23.46823252982869
correctionProbability (#КВИТИ$ -> #КВІТИ$) = -16.257690413519438
correctionProbability (#ПОВЕДНИЯ$ -> #ПОВЕДЕНИЯ$) = -13.827515462128765
correctionProbability (#TUBEPLEASHURE$ -> #TUBEPLEASURE$) = -32.26799936108758
correctionProbability (#НАГГАНО$ -> #НОГГАНО$) = -19.231504589961325
correctionProbability (#ПЕГАМ$ -> #ПЕГАС$) = -10.368453477402387
correctionProbability (#СЛАВАР$ -> #СЛОВАРЬ$) = -77.28023142985847
correctionProbability (#ДЕТСТВЕННОСТИ$ -> #ДЕВСТВЕННОСТИ$) = -21.914058097489324
correctionProbability (#ПРОШЫВКА$ -> #ПРОШИВКА$) = -14.174422256586645
correctionProbability (#ОТЧАЯНЫХ$ -> #ОТЧАЯННЫХ$) = -22.286792302234865
correctionProbability (#ВУМОНС$ -> #ВУМЕНС$) = -17.179731930528607
correctionProbability (#ХВОС$ -> #ХВОСТ$) = -11.419839163292597
correctionProbability (#СРЕДНЯЯЯ$ -> #СРЕДНЯЯ$) = -14.48173198543865
correctionProbability (#ДВИДЕНИЯ$ -> #ДВИЖЕНИЯ$) = -11.974688036725482
correctionProbability (#МУЛЬТТКИ$ -> #МУЛЬТИКИ$) = -6.834690259607129
correctionProbability (#БЕСПЛАНТЫЕ$ -> #БЕСПЛАТНЫЕ$) = -80.19481311642573
correctionProbability (#TAYORLANADI$ -> #TAYYORLANADI$) = -38.67997450190784
correctionProbability (#МЕСНИ$ -> #ПЕСНИ$) = -3.2783901875737094
correctionProbability (#ТРЕУГОЛЬНИЧКИ$ -> #ТРЕУГОЛЬНИКИ$) = -24.489939759914236
correctionProbability (#GENESYS$ -> #GENESIS$) = -17.274948067306198
correctionProbability (#РАБОТЬ$ -> #РАБОТАТЬ$) = -79.07278097491285
correctionProbability (#BONGACSMS$ -> #BONGACAMS$) = -16.88933950337126
correctionProbability (#ПРАВИЛНОЕ$ -> #ПРАВИЛЬНОЕ$) = -17.05486957064688
correctionProbability (#СТАОС$ -> #СТАРС$) = -7.527179435290488
correctionProbability (#ФОТОАБОИ$ -> #ФОТООБОИ$) = -13.781610776930812
correctionProbability (#ПРИДЕЛАХ$ -> #ПРЕДЕЛАХ$) = -15.274882415456837
correctionProbability (#ФЕКТОВАНИЯ$ -> #ФЕХТОВАНИЯ$) = -22.366379381023613
correctionProbability (#УСТАНОАКА$ -> #УСТАНОВКА$) = -10.933239634610544
correctionProbability (#МАНУМЕНТ$ -> #МОНУМЕНТ$) = -19.76244048997721
correctionProbability (#ЭТОГ$ -> #ЭТО$) = -5.374481713803345
correctionProbability (#ИГРРЫ$ -> #ИГРЫ$) = -4.900379231650682
correctionProbability (#ДЕСТКИЕ$ -> #ДЕТСКИЕ$) = -75.44727819684238
correctionProbability (#РИМЛЯНИ$ -> #РИМЛЯНЕ$) = -22.021314828163916
correctionProbability (#ДРАЙФЕР$ -> #ДРАЙВЕР$) = -10.416238911344294
correctionProbability (#ВЫСТВАВИЛИ$ -> #ВЫСТАВИЛИ$) = -26.730514191658308
correctionProbability (#ТИФАНИ$ -> #ТИФФАНИ$) = -16.619173054016684
correctionProbability (#МЕЛОТАНИН$ -> #МЕЛАТОНИН$) = -84.46745663759792
correctionProbability (#НАССАН$ -> #НИССАН$) = -9.37645922534863
correctionProbability (#ДЕФРОГМИНТАЦИЯ$ -> #ДЕФРАГМЕНТАЦИЯ$) = -92.20544649005612
correctionProbability (#ЛЛЯ$ -> #ДЛЯ$) = 1.7438227790883367
correctionProbability (#ЗНАЧЕНЕ$ -> #ЗНАЧЕНИЕ$) = -11.395585027416708
correctionProbability (#МАЛЕНЬ$ -> #МАЛЕНЬКИЙ$) = -144.03628161828604
correctionProbability (#ПОТРЕСАЮЩЕЕ$ -> #ПОТРЯСАЮЩЕЕ$) = -28.64583296598886
correctionProbability (#ТЕЛНПЕРЕДАЧ$ -> #ТЕЛЕПЕРЕДАЧ$) = -16.517029205452346
correctionProbability (#ПОЧЕУ$ -> #ПОЧЕМУ$) = -7.236859086325683
correctionProbability (#БОРОККО$ -> #БАРОККО$) = -16.534914270866466
correctionProbability (#СЕАНСИ$ -> #СЕАНСЫ$) = -14.35762106909257
correctionProbability (#РУССКИК$ -> #РУССКИЕ$) = -6.855934230762408
correctionProbability (#ПРОТТВ$ -> #ПРОТИВ$) = -7.926624139480332
correctionProbability (#СТАРН$ -> #СТРАН$) = -78.66829891844412
correctionProbability (#ЖЫЛИ$ -> #ЖИЛИ$) = -12.75881158805689
correctionProbability (#ТЫКВИ$ -> #ТЫКВЫ$) = -9.526099448443038
correctionProbability (#РИДМИ$ -> #РЕДМИ$) = -10.747514955663423
correctionProbability (#ДИСТИЛЯТОРЫ$ -> #ДИСТИЛЛЯТОРЫ$) = -29.068273216293953
correctionProbability (#ПЛОТЯТ$ -> #ПЛАТЯТ$) = -14.506738719957252
correctionProbability (#ПОЛРУГУ$ -> #ПОДРУГУ$) = -14.105970972585972
correctionProbability (#СТАРУ$ -> #СТАРУЮ$) = -14.074659757910172
correctionProbability (#ТЫКВВ$ -> #ТЫКВЫ$) = -9.555569734256597
correctionProbability (#БЕРЕМЕНОЙ$ -> #БЕРЕМЕННОЙ$) = -17.99514023061736
correctionProbability (#ZNACOMSTVO$ -> #ZNAKOMSTVA$) = -84.3888478818374
correctionProbability (#КАЩАНОВА$ -> #КАЗАНОВА$) = -17.319599536659574
correctionProbability (#НОУТУК$ -> #НОУТБУК$) = -11.112160258004494
correctionProbability (#TEXURE$ -> #TEXTURE$) = -19.536232299692642
correctionProbability (#УКРАЩЕНИЕ$ -> #УКРОЩЕНИЕ$) = -18.31883867113912
correctionProbability (#УЛЕЛЕЛЕ$ -> #УЛЕТЕЛИ$) = -82.94254118934585
correctionProbability (#ТЕЛЕАПОГРАММА$ -> #ТЕЛЕПРОГРАММА$) = -83.80431322469927
correctionProbability (#МИЛЛИРОВАНИЕ$ -> #МЕЛИРОВАНИЕ$) = -86.35751237698048
correctionProbability (#ЗДРАВСТУЙ$ -> #ЗДРАВСТВУЙ$) = -18.00611412475341
correctionProbability (#АНГЛИССКИЙ$ -> #АНГЛИЙСКИЙ$) = -11.18436366075094
correctionProbability (#ФИОТМ$ -> #ФИЛЬМ$) = -65.91496701082376
correctionProbability (#ПРОСТИТУТИ$ -> #ПРОСТИТУТКИ$) = -14.912766248894002
correctionProbability (#БЕЗПЛАТНЫЙ$ -> #БЕСПЛАТНЫЙ$) = -14.884236776672779
correctionProbability (#ДЮШЕННА$ -> #ДЮШЕНА$) = -22.796486903721387
correctionProbability (#ФЛУКОНОЗОЛ$ -> #ФЛУКОНАЗОЛ$) = -18.907662754462606
correctionProbability (#ВОТСАПЕ$ -> #ВАТСАПЕ$) = -16.434679065206375
correctionProbability (#БАЩНЯ$ -> #БАШНЯ$) = -11.86790947398855
correctionProbability (#ТАТЛИТУГ$ -> #ТАТЛЫТУГ$) = -20.299598987437484
correctionProbability (#СРЕДСТА$ -> #СРЕДСТВА$) = -12.223456289033713
correctionProbability (#АЛЛЫЕ$ -> #АЛЫЕ$) = -15.178603506041544
correctionProbability (#КАМЯНСКОЕ$ -> #КАМЕНСКОЕ$) = -19.123596434209915
correctionProbability (#ПРОСТИТУТК$ -> #ПРОСТИТУТКИ$) = -14.918118395777604
correctionProbability (#БЕЛИЄ$ -> #БЕЛЫЕ$) = -73.0413553483998
correctionProbability (#ЧЕРНОБІЛЬ$ -> #ЧЕРНОБЫЛЬ$) = -12.050763201456412
correctionProbability (#КРАСНОЯРСКН$ -> #КРАСНОЯРСКЕ$) = -14.975713136983885
correctionProbability (#ПОЛРУГИ$ -> #ПОДРУГИ$) = -13.860328627663506
correctionProbability (#ЛДЖЕЯ$ -> #ЭЛДЖЕЯ$) = -17.637700593653594
correctionProbability (#КОМПЕСАЦИЯ$ -> #КОМПЕНСАЦИЯ$) = -19.34129769300919
correctionProbability (#БТЛАЙН$ -> #БИЛАЙН$) = -9.05396806562823
correctionProbability (#СУРУГТ$ -> #СУРГУТ$) = -78.12964171164616
correctionProbability (#СЫЗРАНЕ$ -> #СЫЗРАНИ$) = -15.98884893241113
correctionProbability (#ДЕПЕЛЯЦИЯ$ -> #ДЕПИЛЯЦИЯ$) = -16.378417148980667
correctionProbability (#ВЫРАСЛИ$ -> #ВЫРОСЛИ$) = -17.588924883726527
correctionProbability (#AIROPORT$ -> #AIRPORT$) = -20.231125601250085
correctionProbability (#КРАСНОЯРСКИ$ -> #КРАСНОЯРСКИЙ$) = -18.820831696432798
correctionProbability (#РЕКОАМА$ -> #РЕКЛАМА$) = -9.659308579777594
correctionProbability (#ФЕРОМОНИ$ -> #ФЕРОМОНЫ$) = -19.69011506575292
correctionProbability (#ИГРУШОК$ -> #ИГРУШЕК$) = -11.620258580251857
correctionProbability (#СМЫСЕЛ$ -> #СМЫСЛ$) = -14.520061206848982
correctionProbability (#КАМЯНСКОМ$ -> #КАМЕНСКОМ$) = -21.76887342380636
correctionProbability (#ПРИДОНИЯ$ -> #ПРИДОНЬЯ$) = -22.41699450664317
correctionProbability (#ПКРВЫЙ$ -> #ПЕРВЫЙ$) = -7.807426983948044
correctionProbability (#ОДЕСКА$ -> #ОДЕССКАЯ$) = -83.70810672488648
correctionProbability (#М30С$ -> #М30$) = -20.32177613410639
correctionProbability (#ИСТИХАРУ$ -> #ИСТИХАРА$) = -22.916395066240064
correctionProbability (#РЕАКИЯ$ -> #РЕАКЦИЯ$) = -14.510616040305969
correctionProbability (#РАБОЬЫ$ -> #РАБОТЫ$) = -6.853578142741043
correctionProbability (#НОВОКУЩНЕЦК$ -> #НОВОКУЗНЕЦК$) = -15.044773607659145
correctionProbability (#ЛНДИ$ -> #ЛЕДИ$) = -6.193351068526898
correctionProbability (#ПАСЕР$ -> #ПАРСЕР$) = -18.468529171785786
correctionProbability (#ФУДЖЕРА$ -> #ФУДЖЕЙРА$) = -19.735070553993346
correctionProbability (#HUAWEY$ -> #HUAWEI$) = -11.327300487722102
correctionProbability (#FOLOW$ -> #FOLLOW$) = -17.214490806424838
correctionProbability (#СОТНИКАВА$ -> #СОТНИКОВА$) = -18.78687929717912
correctionProbability (#СЧЕТКИ$ -> #ЩЕТКИ$) = -80.93379191856266
correctionProbability (#ПАВИЛЬНО$ -> #ПРАВИЛЬНО$) = -10.180361715834074
correctionProbability (#МЕДЛЕННЫ$ -> #МЕДЛЕННЫЙ$) = -19.993884621605083
correctionProbability (#НИФРИТ$ -> #НЕФРИТ$) = -16.951187829715
correctionProbability (#ТОЕОТА$ -> #ТОЙОТА$) = -8.888786511737376
correctionProbability (#ЗАТЕРЕНЫЙ$ -> #ЗАТЕРЯННЫЙ$) = -83.1202095364477
correctionProbability (#КИЭВ$ -> #КИЕВ$) = -7.564909083792717
correctionProbability (#СТРЕПТОКОК$ -> #СТРЕПТОКОКК$) = -24.753789315650472
correctionProbability (#ПЛЕМБОЙ$ -> #ПЛЕЙБОЙ$) = -14.963646820137988
correctionProbability (#РУССКИИ$ -> #РУССКИЙ$) = -6.75236561636828
correctionProbability (#НЬЯЧАНГ$ -> #НЯЧАНГ$) = -16.354193025909428
correctionProbability (#ПЕРКЛАД$ -> #ПЕРЕКЛАД$) = -18.682275352177463
correctionProbability (#УКРАЩЕНИЯ$ -> #УКРАШЕНИЯ$) = -13.767235960413203
correctionProbability (#ХРЕСТИАНСТВА$ -> #ХРИСТИАНСТВА$) = -22.667384399344897
correctionProbability (#ОПУХОЛЕ$ -> #ОПУХОЛИ$) = -16.671416183445032
correctionProbability (#АВИАСЕЛС$ -> #АВИАСЕЙЛС$) = -15.311461867268015
correctionProbability (#АНГЛИИЙСКИЙ$ -> #АНГЛИЙСКИЙ$) = -13.671706661621577
correctionProbability (#DRUVERS$ -> #DRIVERS$) = -13.641449719986646
correctionProbability (#МОТОСАБАКУ$ -> #МОТОСОБАКУ$) = -25.139543881925526
correctionProbability (#СЧЕТКА$ -> #ЩЕТКА$) = -80.75016780067658
correctionProbability (#КАРДОНА$ -> #КАРТОНА$) = -12.56899438212389
correctionProbability (#КРАСНОЗЕРСК$ -> #КРАСНОЗЕРСКИЙ$) = -94.12051121840928
correctionProbability (#СТАТНОЙ$ -> #СТРАСТНОЙ$) = -88.389663280193
correctionProbability (#НЕЖЕЛЮ$ -> #НЕДЕЛЮ$) = -8.468397074622548
correctionProbability (#ОПЛАЧИВЫЕМЫЕ$ -> #ОПЛАЧИВАЕМЫЕ$) = -26.07260504537294
correctionProbability (#ПАСЕВ$ -> #ПОСЕВ$) = -15.075537416261366
correctionProbability (#КЮЧКОМ$ -> #КРЮЧКОМ$) = -9.230804699423516
correctionProbability (#ААТОР$ -> #АВТОР$) = -10.04411473975431
correctionProbability (#АКСЕСУАР$ -> #АКСЕССУАР$) = -22.34221410128975
correctionProbability (#РЕЙНЖ$ -> #РЕНДЖ$) = -82.23036423082569
correctionProbability (#ТАМОЖЕНОГО$ -> #ТАМОЖЕННОГО$) = -20.4624785714592
correctionProbability (#ЕХАТЯ$ -> #ЕХАТЬ$) = -11.473862840433515
correctionProbability (#ПРЕНАДЛЕЖНОСТЕЙ$ -> #ПРИНАДЛЕЖНОСТЕЙ$) = -25.625746936161384
correctionProbability (#ВОЗРАИТЕ$ -> #ВОЗРАСТЕ$) = -14.06664156923717
correctionProbability (#СИНЕСТЕР$ -> #СИНИСТЕР$) = -18.47718216744566
correctionProbability (#УКРАЙИНЫ$ -> #УКРАИНЫ$) = -12.5373209397154
correctionProbability (#РИЦАР$ -> #РЫЦАРЬ$) = -75.4676326942091
correctionProbability (#ФАРЕЛ$ -> #ФАРРЕЛЛ$) = -86.40849967834569
correctionProbability (#ДМИЬРИЙ$ -> #ДМИТРИЙ$) = -9.987149293013232
correctionProbability (#РАСЧИТАТЬСЯ$ -> #РАССЧИТАТЬСЯ$) = -28.217537715511433
correctionProbability (#МУЖКОЙ$ -> #МУЖСКОЙ$) = -11.604376872136783
correctionProbability (#СКАРПИОНА$ -> #СКОРПИОНА$) = -16.729551983894105
correctionProbability (#КИРОВОГРАДИ$ -> #КИРОВОГРАДЕ$) = -23.99870791399242
correctionProbability (#ЕЛЕЗАВЕТА$ -> #ЕЛИЗАВЕТА$) = -15.190304946752384
correctionProbability (#АНТИКОРОЗИЙНАЯ$ -> #АНТИКОРРОЗИЙНАЯ$) = -28.48061238489794
correctionProbability (#ЭТЛО$ -> #ЭТО$) = -5.348104837637248
correctionProbability (#МОБІЛЕ$ -> #МОБИЛЕ$) = -16.29052571127578
correctionProbability (#РАСШИФРЛВКА$ -> #РАСШИФРОВКА$) = -15.897439569225973
correctionProbability (#МИЦУБИШИ$ -> #МИЦУБИСИ$) = -14.158511413745579
correctionProbability (#СВЕНЦА$ -> #СВИНЦА$) = -16.910475692230865
correctionProbability (#ПОЛИСАЙД$ -> #ПАЛИСАД$) = -88.56067770762705
correctionProbability (#ЗНАЧЕНЯ$ -> #ЗНАЧЕННЯ$) = -17.82959543650307
correctionProbability (#КОАСНАЯ$ -> #КРАСНАЯ$) = -10.135185008198988
correctionProbability (#ПОДРУГАЙ$ -> #ПОДРУГОЙ$) = -16.344607783415974
correctionProbability (#ДОРОФЕВ$ -> #ДОРОФЕЕВ$) = -15.471148736500545
correctionProbability (#КОНЕВСКИМ$ -> #КАНЕВСКИМ$) = -15.491436723840806
correctionProbability (#ПОРНАС$ -> #ПАРНАС$) = -16.30027902962394
correctionProbability (#СТАРЯ$ -> #СТАРАЯ$) = -11.866969902398946
correctionProbability (#РГАНИЗАЦИЯ$ -> #ОРГАНИЗАЦИЯ$) = -16.30250685241812
correctionProbability (#МАТУРКИ$ -> #МАТЮРКИ$) = -19.435594923403293
correctionProbability (#ПОВІДОМЛЕНЯ$ -> #ПОВІДОМЛЕННЯ$) = -23.99969804132106
correctionProbability (#BLUSUSTEM$ -> #BLUESYSTEM$) = -84.56020738770218
correctionProbability (#ОГЛАЙН$ -> #ОНЛАЙН$) = -0.6538022165936681
correctionProbability (#БАРТОВОЕ$ -> #БОРТОВОЙ$) = -81.17844717761943
correctionProbability (#ВОТСАПА$ -> #ВАТСАПА$) = -17.745990254405818
correctionProbability (#МОБІЛА$ -> #МОБИЛЕ$) = -81.07335575665412
correctionProbability (#РУССКИЯ$ -> #РУССКИЙ$) = -6.765261584144952
correctionProbability (#ИНТЕСТ$ -> #ИНЦЕСТ$) = -8.99947067862335
correctionProbability (#ЧНДЕКС$ -> #ЯНДЕКС$) = -2.221401093880072
correctionProbability (#ОРЕНБУРК$ -> #ОРЕНБУРГ$) = -10.974966310200024
correctionProbability (#БЕСЕРА$ -> #БИСЕРА$) = -11.083396386376084
correctionProbability (#ЧИЛИПИЗИК$ -> #ЧИЛИПИЗДРИК$) = -93.9564990824727
correctionProbability (#PYRE$ -> #PURE$) = -13.978415141053166
correctionProbability (#УКРАЙИНИ$ -> #УКРАЇНИ$) = -79.59445301634639
correctionProbability (#ЕНЦЕФАЛОПАТИЯ$ -> #ЭНЦЕФАЛОПАТИЯ$) = -23.227647866097072
correctionProbability (#КМНОТЕАТР$ -> #КИНОТЕАТР$) = -11.353110334393897
correctionProbability (#НАЛОГОПЛАТЕЛЬШИКА$ -> #НАЛОГОПЛАТЕЛЬЩИКА$) = -20.573301402443693
correctionProbability (#КАСТИ$ -> #КОСТИ$) = -10.945351816345063
correctionProbability (#БАНККОМАТЕ$ -> #БАНКОМАТЕ$) = -23.692197320221332
correctionProbability (#АКАМУЛЯТОР$ -> #АККУМУЛЯТОР$) = -80.5480383668799
correctionProbability (#СДЕПАТЬ$ -> #СДЕЛАТЬ$) = -6.190031642169693
correctionProbability (#СУХОЖАРОВЫЙ$ -> #СУХОЖАРОВОЙ$) = -21.966354232675457
correctionProbability (#ЛЕНИГРАДСКАЯ$ -> #ЛЕНИНГРАДСКАЯ$) = -20.51648444078066
correctionProbability (#ВАРБЕНД$ -> #ВАРБАНД$) = -20.500233627667193
correctionProbability (#NORTHON$ -> #NORTON$) = -20.631392788990443
correctionProbability (#ПАТЁМКИНУ$ -> #ПОТЁМКИНУ$) = -34.75885626139457
correctionProbability (#РУССКЙИ$ -> #РУССКИЙ$) = -74.61298450651157
correctionProbability (#БИОТЛОНЕ$ -> #БИАТЛОНЕ$) = -23.06802478683911
correctionProbability (#УЛУБ$ -> #КЛУБ$) = -6.65090584907605
correctionProbability (#VORD$ -> #WORD$) = -9.299665691213182
correctionProbability (#СТАТУ$ -> #СТАТУС$) = -12.200674647567258
correctionProbability (#СТАПОН$ -> #СТРАПОН$) = -14.750417395040216
correctionProbability (#ДИСКРИМЕНАНТ$ -> #ДИСКРИМИНАНТ$) = -23.73112169223502
correctionProbability (#ШВЕЦАРИИ$ -> #ШВЕЙЦАРИИ$) = -18.50812377982045
correctionProbability (#CINAMON$ -> #CINNAMON$) = -23.495203206024506
correctionProbability (#ДОРСТАВКИ$ -> #ДОСТАВКИ$) = -17.33521228280987
correctionProbability (#ГОРНЕЧНУЮ$ -> #ГОРНИЧНУЮ$) = -23.2782571914259
correctionProbability (#ВООТЦАБА$ -> #ВАТСАПА$) = -214.51533628042978
correctionProbability (#ЛНЯ$ -> #ДНЯ$) = -6.074037910772223
correctionProbability (#SKACATI$ -> #SCACIATI$) = -82.7564865134163
correctionProbability (#ЛОТОРЕЮ$ -> #ЛОТЕРЕЮ$) = -17.12415529890133
correctionProbability (#ПИСЬИО$ -> #ПИСЬМО$) = -9.46627960664225
correctionProbability (#МУЧЕНИЦІ$ -> #МУЧЕНИЦЫ$) = -20.275183135538377
correctionProbability (#ДЕСТВЕ$ -> #ДЕТСТВЕ$) = -15.670426048299468
correctionProbability (#ТОБЛИЦА$ -> #ТАБЛИЦА$) = -7.799769287018215
correctionProbability (#ОБОРТА$ -> #АБОРТА$) = -16.728271006877375
correctionProbability (#ПСЬЯНС$ -> #ПАСЬЯНС$) = -9.258732671803116
correctionProbability (#ЛОПАДКАМИ$ -> #ЛОПАТКАМИ$) = -22.83669398975414
correctionProbability (#ПНАСТАСИЯ$ -> #АНАСТАСИЯ$) = -11.213996158982795
correctionProbability (#ФРІК$ -> #ФРИК$) = -17.802590697115424
correctionProbability (#ТОШНАТУ$ -> #ТОШНОТУ$) = -22.62156569251681
correctionProbability (#ДНЕВНИЕ$ -> #ДНЕВНИК$) = -7.034231138859425
correctionProbability (#СИЛНА$ -> #СИЛЬНО$) = -77.58653934687209
correctionProbability (#MENAMEBOOK$ -> #MYNAMEBOOK$) = -24.457156573088064
correctionProbability (#АМРЕЙ$ -> #АНДРЕЙ$) = -74.008830008158
correctionProbability (#ЛЧЕНИЕ$ -> #ЛЕЧЕНИЕ$) = -7.6799931381335895
correctionProbability (#MMVIDEO$ -> #MVIDEO$) = -15.548286221599806
correctionProbability (#SKACATC$ -> #SKACHAT$) = -79.52915558811468
correctionProbability (#ПРОСВЯЩЕНИЕ$ -> #ПРОСВЕЩЕНИЕ$) = -19.24378786531844
correctionProbability (#ИНЕСТ$ -> #ИНЦЕСТ$) = -9.603336106287717
correctionProbability (#УСТАНОКА$ -> #УСТАНОВКА$) = -11.524672248375076
correctionProbability (#ИССКУСТВ$ -> #ИСКУССТВ$) = -82.50248341253477
correctionProbability (#ИНПЕКТОР$ -> #ИНСПЕКТОР$) = -17.405605353999434
correctionProbability (#ЛЕТНУЮ$ -> #ЛЕТНЮЮ$) = -15.509173326980079
correctionProbability (#КРЕСТИАНКА$ -> #КРЕСТЬЯНКА$) = -82.76184150211641
correctionProbability (#ВИНДС$ -> #ВИНДОВС$) = -75.74914747797561
correctionProbability (#ТНДЕР$ -> #ТЕНДЕР$) = -13.512585221740569
correctionProbability (#ВАРЕНЯ$ -> #ВАРЕНЬЯ$) = -16.660551663380843
correctionProbability (#СПЕТИ$ -> #СПЕТЬ$) = -16.66822715244113
correctionProbability (#МОНЕРТ$ -> #МОНЕТ$) = -14.396112943370074
correctionProbability (#НООПЕТ$ -> #НООПЕПТ$) = -18.427276443111936
correctionProbability (#ФОНВИЗЕНСКАЯ$ -> #ФОНВИЗИНСКАЯ$) = -26.88512172954166
correctionProbability (#RASKAJI$ -> #RASSKAJI$) = -24.095116322129876
correctionProbability (#ДЕМИКСИД$ -> #ДИМЕКСИД$) = -82.37552496545953
correctionProbability (#СЬЕЖИЛСЯ$ -> #СЪЕЖИЛСЯ$) = -26.733714822364313
correctionProbability (#ЖЫНА$ -> #ЖЕНА$) = -7.189235690986891
correctionProbability (#АЛМЕКО$ -> #ОЛМЕКО$) = -21.239071036271053
correctionProbability (#ОЛИПИАДЫ$ -> #ОЛИМПИАДЫ$) = -16.06538686438858
correctionProbability (#ИАТЧ$ -> #МАТЧ$) = -7.154320319896559
correctionProbability (#ЛОГАРИФМИ$ -> #ЛОГАРИФМЫ$) = -20.454265957514764
correctionProbability (#ЛНИ$ -> #ДНИ$) = -7.301157764206028
correctionProbability (#КЕРАСТАС$ -> #КЕРАСТАЗ$) = -22.549123865298718
correctionProbability (#ЛИЕКО$ -> #ЛЕЕКО$) = -23.090126608548488
correctionProbability (#ОРЕРАТОР$ -> #ОПЕРАТОР$) = -12.11260094512793
correctionProbability (#ДНЕВНИУ$ -> #ДНЕВНИК$) = -7.0354584429155835
correctionProbability (#PIONERY$ -> #PIONEER$) = -83.69941843799785
correctionProbability (#ИНЕСА$ -> #ИНЕССА$) = -17.62769058124775
correctionProbability (#ВОЛЖСКОВА$ -> #ВОЛЖСКОГО$) = -83.9322466584306
correctionProbability (#СОБЛЬ$ -> #СОБОЛЬ$) = -14.361615818123742
correctionProbability (#НОВОЧЕРКАСК$ -> #НОВОЧЕРКАССК$) = -20.63047048445531
correctionProbability (#САМОДЕЛЬНИЕ$ -> #САМОДЕЛЬНЫЕ$) = -17.037293155909985
correctionProbability (#SONIK$ -> #SONIC$) = -13.889908928053888
correctionProbability (#ЗЯТЪ$ -> #ЗЯТЬ$) = -13.523150929666539
correctionProbability (#ВОАСТИ$ -> #ВЛАСТИ$) = -12.610405335429032
correctionProbability (#ROSHER$ -> #ROCHER$) = -16.58057177099459
correctionProbability (#СРАШНЫЕ$ -> #СТРАШНЫЕ$) = -12.980508946974105
correctionProbability (#КАРЬИНКА$ -> #КАРТИНКА$) = -7.264734143205068
correctionProbability (#ДВУМЧ$ -> #ДВУМЯ$) = -11.099132542346194
correctionProbability (#ИРАТЬ$ -> #ИГРАТЬ$) = -6.365301134862737
correctionProbability (#РЛССИЯ$ -> #РОССИЯ$) = -6.220763426224348
correctionProbability (#ОЛИМПЕАДЫ$ -> #ОЛИМПИАДЫ$) = -15.451178724405189
correctionProbability (#РЕНГЕНОГРАФИЯ$ -> #РЕНТГЕНОГРАФИЯ$) = -25.780477399409314
correctionProbability (#ТЕРАННО$ -> #ТЕРРАНО$) = -83.64316238686438
correctionProbability (#ГОЛИВУДА$ -> #ГОЛЛИВУДА$) = -20.1429127910284
correctionProbability (#ДЕПЕЛЯЦИИ$ -> #ДЕПИЛЯЦИИ$) = -18.804817398389794
correctionProbability (#РАЙООНЫЙ$ -> #РАЙОННЫЙ$) = -12.018384311938483
correctionProbability (#ВИННИЙ$ -> #ВИННЫЙ$) = -15.462763017387001
correctionProbability (#ДАЛАС$ -> #ДАЛЛАС$) = -17.042473337346966
correctionProbability (#МУЧИН$ -> #МУЖЧИН$) = -9.179646462811217
correctionProbability (#ДВИЖЕТЬСЯ$ -> #ДВИЖЕТСЯ$) = -19.529119451142428
correctionProbability (#ДЬГОТНИКОВ$ -> #ЛЬГОТНИКОВ$) = -24.601021346272546
correctionProbability (#НИБУЬ$ -> #НИБУДЬ$) = -14.899579604527037
correctionProbability (#СТОУНХЕДЖ$ -> #СТОУНХЕНДЖ$) = -23.672460399447573
correctionProbability (#ТИТКИ$ -> #ТИТЬКИ$) = -15.75057502759422
correctionProbability (#ОФОРИЗМЫ$ -> #АФОРИЗМЫ$) = -14.134124234115895
correctionProbability (#РЕСЛЕР$ -> #РЕСТЛЕР$) = -21.842109892794184
correctionProbability (#МОСКОЛЕНКО$ -> #МОСКАЛЕНКО$) = -21.681440083302412
correctionProbability (#VILLIANS$ -> #VILLAINS$) = -89.06377864479583
correctionProbability (#КУШКЛАР$ -> #КУШИКЛАР$) = -21.599036427325203
correctionProbability (#ИЖДЕВЕНЕЦ$ -> #ИЖДИВЕНЕЦ$) = -26.35322201149875
correctionProbability (#ЖЕНЩІНАМИ$ -> #ЖЕНЩИНАМИ$) = -15.2486674458819
correctionProbability (#POKERSTAR$ -> #POKERSTARS$) = -22.659946910739684
correctionProbability (#СКИНАСИ$ -> #СКИНАМИ$) = -16.769901476044048
correctionProbability (#ИЗОТЕРИКА$ -> #ЭЗОТЕРИКА$) = -18.994615558810914
correctionProbability (#KISSNMG$ -> #KISSING$) = -87.46465431960685
correctionProbability (#ТЕРТЕЛЬНИК$ -> #ТРДЕЛЬНИК$) = -93.65933112590032
correctionProbability (#ДРАБОВСЬКИЙ$ -> #ДРАБІВСЬКИЙ$) = -31.28645236223913
correctionProbability (#БЕЛИХ$ -> #БЕЛЫХ$) = -11.685363201473212
correctionProbability (#ЭРОТИЧ5СКИЕ$ -> #ЭРОТИЧЕСКИЕ$) = -14.784015359198904
correctionProbability (#СТАУС$ -> #СТАТУС$) = -12.223374209995331
correctionProbability (#ДІТEЙ$ -> #ДІТЕЙ$) = -12.892332731522178
correctionProbability (#ЭКСПАНДЕРА$ -> #ЭСПАНДЕРА$) = -29.901566512208767
correctionProbability (#АНАНИМНОЕ$ -> #АНОНИМНОЕ$) = -21.007265097788846
correctionProbability (#ГОЛИВУДЕ$ -> #ГОЛЛИВУДЕ$) = -16.03120291314955
correctionProbability (#ЛОТОРЕЕ$ -> #ЛОТЕРЕЕ$) = -20.283721783769394
correctionProbability (#ПОЛЕДНИЕ$ -> #ПОСЛЕДНИЕ$) = -9.882159537885052
correctionProbability (#ВИННИЦ$ -> #ВИННИЦА$) = -16.148140272406252
correctionProbability (#UZDEK$ -> #UZBEK$) = -11.880700990585513
correctionProbability (#ПРОЕТОВ$ -> #ПРОЕКТОВ$) = -16.04401817166967
correctionProbability (#ЛОФ$ -> #ЛОФТ$) = -11.842515485688995
correctionProbability (#БЕЛИЙ$ -> #БЕЛЫЙ$) = -7.898876019764426
correctionProbability (#РРСТ$ -> #РОСТ$) = -9.095761811990304
correctionProbability (#ДЕСТВО$ -> #ДЕТСТВО$) = -13.129382769639996
correctionProbability (#БОЧЕЛИ$ -> #БОЧЕЛЛИ$) = -19.140480899633744
correctionProbability (#ВИНЕЦ$ -> #ВЕНЕЦ$) = -16.076471847090257
correctionProbability (#МАРДЖАНЖІ$ -> #МАРДЖАНДЖА$) = -89.05743413038127
correctionProbability (#ЛОТОРЕИ$ -> #ЛОТЕРЕИ$) = -15.792702085590648
correctionProbability (#СИМПАТИИЙ$ -> #СИМПАТИЕЙ$) = -34.75161169706398
correctionProbability (#АКУТАЛА$ -> #ОКУТАЛА$) = -19.62903919621038
correctionProbability (#ЛАНГВАМАНИЯ$ -> #ЛИНГВАМАНИЯ$) = -36.75146953999905
correctionProbability (#ЧАТУРБАТЫ$ -> #ЧАТУРБАТЕ$) = -20.400270312384812
correctionProbability (#ПОССИЯ$ -> #РОССИЯ$) = -6.201549077937596
correctionProbability (#TUAREG$ -> #TOUAREG$) = -19.31270886853217
correctionProbability (#MALCIC$ -> #MALCHIK$) = -87.90144783310696
correctionProbability (#СРЕДСТО$ -> #СРЕДСТВО$) = -12.862579704406137
correctionProbability (#КУРЬКИ$ -> #КУРТКИ$) = -11.122350278448298
correctionProbability (#МСЛО$ -> #МАСЛО$) = -8.307271217188475
correctionProbability (#ЛДЖЕЙ$ -> #ЭЛДЖЕЙ$) = -13.599170468321322
correctionProbability (#ПАЛАЧЬ$ -> #ПАЛАЧ$) = -15.502847439886427
correctionProbability (#ПЕВЫЙ$ -> #ПЕРВЫЙ$) = -8.36192759198546
correctionProbability (#МАКДОНАЛЬСЕ$ -> #МАКДОНАЛЬДСЕ$) = -24.44510584234834
correctionProbability (#FAQS$ -> #FAQ$) = -16.816161650381442
correctionProbability (#РАСПИСАТСЯ$ -> #РАСПИСАТЬСЯ$) = -26.26756077878305
correctionProbability (#БАРСУЧЕГО$ -> #БАРСУЧЬЕГО$) = -26.31373816209709
correctionProbability (#МВТЕМАТИКЕ$ -> #МАТЕМАТИКЕ$) = -10.9843091416666
correctionProbability (#НАХОЖИТСЯ$ -> #НАХОДИТСЯ$) = -12.068864737622754
correctionProbability (#ЛУНТЫК$ -> #ЛУНТИК$) = -8.083609342980264
correctionProbability (#ОСТЕОПАРОЗЕ$ -> #ОСТЕОПОРОЗЕ$) = -24.116692544627284
correctionProbability (#УСКИЕ$ -> #УЗКИЕ$) = -15.112128854410333
correctionProbability (#ПЛОГИАТ$ -> #ПЛАГИАТ$) = -17.622319383117954
correctionProbability (#ПРЕСТОЛОФФ$ -> #ПРЕСТОЛОВ$) = -78.91268568821238
correctionProbability (#ГЛАЗОЛИН$ -> #ГАЛАЗОЛИН$) = -24.743856187209985
correctionProbability (#КРУГДЫЙ$ -> #КРУГЛЫЙ$) = -13.753157939135704
correctionProbability (#КАПТОФЕЛЯ$ -> #КАРТОФЕЛЯ$) = -15.754127847636347
correctionProbability (#PASIVE$ -> #PASSIVE$) = -19.341386185204236
correctionProbability (#ЭДАБРИ$ -> #ЭДАРБИ$) = -84.45623367681746
correctionProbability (#МАНЬК$ -> #МАНЬЯК$) = -14.28670932539774
correctionProbability (#ПЕКЛАДАЧ$ -> #ПЕРЕКЛАДАЧ$) = -82.55794506433769
correctionProbability (#КАТАЛРГ$ -> #КАТАЛОГ$) = -6.49977489285579
correctionProbability (#НОВАСТЬ$ -> #НОВОСТИ$) = -68.9755255549004
correctionProbability (#РЛССИИ$ -> #РОССИИ$) = -4.611478883905203
correctionProbability (#ГРУППАВОЙ$ -> #ГРУППОВОЙ$) = -16.638419094749715
correctionProbability (#БЕЛИЕ$ -> #БЕЛЫЕ$) = -8.256487514268908
correctionProbability (#ГАФРИРОВАННОЙ$ -> #ГОФРИРОВАННОЙ$) = -21.289449300863893
correctionProbability (#BONGAGAMS$ -> #BONGACAMS$) = -16.878039016414583
correctionProbability (#ВИНЕО$ -> #ВИДЕО$) = -1.715347808836004
correctionProbability (#МОРТЕЛ$ -> #МОРТАЛ$) = -12.478513311314007
correctionProbability (#ДИСТИЛЯТОРА$ -> #ДИСТИЛЛЯТОРА$) = -29.110650391966338
correctionProbability (#ОТЗЫВАЫ$ -> #ОТЗЫВЫ$) = -7.355456867064429
correctionProbability (#МОНЕТВ$ -> #МОНЕТЫ$) = -9.96575584753791
correctionProbability (#РУССКЛМ$ -> #РУССКОМ$) = -6.566543267805187
correctionProbability (#РУППА$ -> #ГРУППА$) = -8.140336457321279
correctionProbability (#ИТЕЛ$ -> #ИНТЕЛ$) = -16.102176594922764
correctionProbability (#ГРУППАВОЕ$ -> #ГРУППОВОЕ$) = -15.678686104812563
correctionProbability (#TAYOTA$ -> #TOYOTA$) = -11.91335401883686
correctionProbability (#СОБРАНЫЙ$ -> #СОБРАННЫЙ$) = -25.4683492663533
correctionProbability (#ЛРИ$ -> #ПРИ$) = -3.143019322384692
correctionProbability (#НИГРИТЯНКИ$ -> #НЕГРИТЯНКИ$) = -19.180903279701944
correctionProbability (#МАНАСТИР$ -> #МОНАСТИР$) = -20.22470278530576
correctionProbability (#INDR$ -> #INDIR$) = -13.753123983343126
correctionProbability (#РУППЫ$ -> #ГРУППЫ$) = -9.600746982174751
correctionProbability (#НОЧАЛА$ -> #НАЧАЛА$) = -12.557450401396022
correctionProbability (#РАЙТИНГ$ -> #РЕЙТИНГ$) = -10.243191735060556
correctionProbability (#ТОКСИМО$ -> #ТАКСИМО$) = -20.2806486044992
correctionProbability (#ПЕТЕРБУРСКИЙ$ -> #ПЕТЕРБУРГСКИЙ$) = -23.383035985638074
correctionProbability (#KVHN$ -> #KVFHN$) = -26.055321218431146
correctionProbability (#СВЯИ$ -> #СВЯЗИ$) = -9.992639519558143
correctionProbability (#КТЕВЕ$ -> #КИЕВЕ$) = -10.861756402042975
correctionProbability (#СКВИТ$ -> #СКВИРТ$) = -13.918542952980427
correctionProbability (#ПОБЛИЗОСТМ$ -> #ПОБЛИЗОСТИ$) = -22.123357358513935
correctionProbability (#ЭФИКТИВНОЕ$ -> #ЭФФЕКТИВНОЕ$) = -84.69220222958398
correctionProbability (#DOCHKISINOCHKJ$ -> #DOCHKISINOCHKI$) = -28.968704845225275
correctionProbability (#ДОРИММА$ -> #ДОРАМА$) = -76.63064047908459
correctionProbability (#СТТИМ$ -> #СТИМ$) = -11.04080360218013
correctionProbability (#ОРГОНИЗМА$ -> #ОРГАНИЗМА$) = -14.142771342500197
correctionProbability (#СВЯЗ$ -> #СВЯЗЬ$) = -10.568187889092027
correctionProbability (#БАНДАРЕНКО$ -> #БОНДАРЕНКО$) = -17.258622465463567
correctionProbability (#AUTUM$ -> #AUTUMN$) = -16.973087825064734
correctionProbability (#ПОРАБОТКА$ -> #ПОДРАБОТКА$) = -16.2120947654969
correctionProbability (#КОЛИЧЕСВО$ -> #КОЛИЧЕСТВО$) = -15.171685294151978
correctionProbability (#ЗНКОМСТВА$ -> #ЗНАКОМСТВА$) = -11.377819141951015
correctionProbability (#ÜHATSAPP$ -> #WHATSAPP$) = -12.328763705624162
correctionProbability (#ПЕРЕДВОДЧИК$ -> #ПЕРЕВОДЧИК$) = -11.179236973902832
correctionProbability (#ГАЛЕРТ$ -> #ГЕЛЛЕРТ$) = -89.22103813708806
correctionProbability (#СВЕТОЫОР$ -> #СВЕТОФОР$) = -13.856260308665135
correctionProbability (#СВЕТОГОРСКА$ -> #СВЕТЛОГОРСКА$) = -25.377776187554907
correctionProbability (#ИАМЫ$ -> #МАМЫ$) = -8.631013831519173
correctionProbability (#ОФИССЕ$ -> #ОФИСЕ$) = -14.988528377777033
correctionProbability (#ЫПРИМОРСКОМ$ -> #ПРИМОРСКОМ$) = -20.734420181178336
correctionProbability (#ИГРЕТ$ -> #ИГРАЕТ$) = -11.505303818539023
correctionProbability (#ОЛИМПЕАДЕ$ -> #ОЛИМПИАДЕ$) = -18.050578743765094
correctionProbability (#ВЕЧЕРНИИ$ -> #ВЕЧЕРНИЕ$) = -13.954218966983397
correctionProbability (#ПРИКОЛТНЫЕ$ -> #ПРИКОЛЬНЫЕ$) = -12.744279513224548
correctionProbability (#CASHBAKA$ -> #CASHBACK$) = -87.70604435384452
correctionProbability (#TROUGH$ -> #THROUGH$) = -17.169878539531027
correctionProbability (#ПРЕЦИОСА$ -> #ПРЕЦИОЗА$) = -20.525827306283027
correctionProbability (#АЙКАСА$ -> #АЙКОСА$) = -19.946501656082287
correctionProbability (#МАНЕКЮР$ -> #МАНИКЮР$) = -9.696177668504873
correctionProbability (#ТУРЗМИ$ -> #ТУРИЗМЕ$) = -84.41478742233878
correctionProbability (#ГОРЧИШНИКИ$ -> #ГОРЧИЧНИКИ$) = -22.487963042458603
correctionProbability (#ГРУЗНСКОЙ$ -> #ГРУЗИНСКОЙ$) = -22.60176041613672
correctionProbability (#ТУРЕСКИЙ$ -> #ТУРЕЦКИЙ$) = -9.70569948011157
correctionProbability (#АКВАРІУМА$ -> #АКВАРИУМА$) = -16.7741016124656
correctionProbability (#ЮННОСТИ$ -> #ЮНОСТИ$) = -18.617737859461197
correctionProbability (#МАКЭФОЙ$ -> #МАКЭВОЙ$) = -19.091864410564725
correctionProbability (#РКСКОЕ$ -> #РУССКОЕ$) = -72.67969986238941
correctionProbability (#ПОДМИРЬЕ$ -> #ПОДДОРЬЕ$) = -89.93645215505721
correctionProbability (#СОЧИЕНИЕ$ -> #СОЧИНЕНИЕ$) = -12.815981612312179
correctionProbability (#РУССКМЕ$ -> #РУССКИЕ$) = -6.860029379063704
correctionProbability (#ПОСТРИЧ$ -> #ПОДСТРИЧЬ$) = -84.64827353346438
correctionProbability (#МАКТЯЖ$ -> #МАКИЯЖ$) = -11.095586335015529
correctionProbability (#ЧИТАТ$ -> #ЧИТАТЬ$) = -7.688627155851503
correctionProbability (#КОЭФФИЦЕНТЫ$ -> #КОЭФФИЦИЕНТЫ$) = -22.647602636608042
correctionProbability (#ПРЯМЯ$ -> #ПРЯМАЯ$) = -10.171979434809518
correctionProbability (#ОВСЯННЫЕ$ -> #ОВСЯНЫЕ$) = -21.730187077331365
correctionProbability (#АВАП$ -> #АНВАП$) = -12.963853949963113
correctionProbability (#SESONVAR$ -> #SEASONVAR$) = -19.463382866845926
correctionProbability (#ОБЬЕМНОГО$ -> #ОБЪЕМНОГО$) = -21.961360184475737
correctionProbability (#ПАСИКА$ -> #ПАСЕКА$) = -17.6744153370401
correctionProbability (#LIKAY$ -> #ILKAY$) = -86.47167627113708
correctionProbability (#ПАДВОДНИКАХ$ -> #ПОДВОДНИКАХ$) = -25.723257483850396
correctionProbability (#ПРАВЕЛЬНОЕ$ -> #ПРАВИЛЬНОЕ$) = -16.49747482952501
correctionProbability (#CARIGNA$ -> #KARINA$) = -86.35019945046885
correctionProbability (#МАНЯТЬ$ -> #МЕНЯТЬ$) = -13.23451401132434
correctionProbability (#ЛЕКИЙ$ -> #ЛЕГКИЙ$) = -13.180358922636902
correctionProbability (#ШИКОЛАДКА$ -> #ШОКОЛАДКА$) = -20.016480257428817
correctionProbability (#ПАЛАЦО$ -> #ПАЛАЦЦО$) = -20.33025601169146
correctionProbability (#WILBERRIS$ -> #WILDBERRIES$) = -81.29273990663445
correctionProbability (#ЧИТАМ$ -> #ЧИТАМИ$) = -12.973627665975432
correctionProbability (#ЭЙФОРИ$ -> #ЭЙФОРИЯ$) = -14.96903871388919
correctionProbability (#ЗНАМЕНИТОЧТИ$ -> #ЗНАМЕНИТОСТИ$) = -19.186818331241227
correctionProbability (#РЕЙСИ$ -> #РЕЙСЫ$) = -11.26499959463067
correctionProbability (#ТРЁХКОМНАТНОЙ$ -> #ДВУХКОМНАТНОЙ$) = -150.152133123981
correctionProbability (#ААЛЕКСАНДР$ -> #АЛЕКСАНДР$) = -12.68603428493487
correctionProbability (#АНИМАЦЫЮ$ -> #АНИМАЦИЮ$) = -19.140621514268865
correctionProbability (#КАРЦЕНОМА$ -> #КАРЦИНОМА$) = -20.92322419957093
correctionProbability (#ПРАВЕЛЬНОЙ$ -> #ПРАВИЛЬНОЙ$) = -20.043848483791095
correctionProbability (#АЛЮМИНИВАЯ$ -> #АЛЮМИНИЕВАЯ$) = -19.595273825750404
correctionProbability (#ОДЕСЕЯ$ -> #ОДИССЕЯ$) = -80.98646997289197
correctionProbability (#ПРАВИТЕЛЬСТА$ -> #ПРАВИТЕЛЬСТВА$) = -18.264901208722264
correctionProbability (#ТЕЧОТ$ -> #ТЕЧЕТ$) = -13.4792889361465
correctionProbability (#ОТЗЫВИК$ -> #ОТЗЫВЫ$) = -72.07122264764904
correctionProbability (#АУДИОСКАСКА$ -> #АУДИОСКАЗКА$) = -19.147397390816998
correctionProbability (#ИЗВЕСНАЯ$ -> #ИЗВЕСТНАЯ$) = -20.63650320712801
correctionProbability (#БЛАКНОТ$ -> #БЛОКНОТ$) = -12.788516463307175
correctionProbability (#УКРЕТ$ -> #УКРНЕТ$) = -10.375707470197664
correctionProbability (#МАЛЬЧИЕ$ -> #МАЛЬЧИК$) = -10.83412156767185
correctionProbability (#СОЕДСТВО$ -> #СРЕДСТВО$) = -12.29509385380959
correctionProbability (#ЩУБА$ -> #ЗУБА$) = -10.796868809894338
correctionProbability (#СОЕДСТВА$ -> #СРЕДСТВА$) = -11.654173617435212
correctionProbability (#РЕГИСТРАЦИЧ$ -> #РЕГИСТРАЦИЯ$) = -13.893553637921812
correctionProbability (#ЛИВЧИКЕ$ -> #ЛИФЧИКЕ$) = -18.596056361033774
correctionProbability (#КРЫТКИ$ -> #ОТКРЫТКИ$) = -74.88181515324061
correctionProbability (#СЕЙФУЛИНА$ -> #СЕЙФУЛЛИНА$) = -22.11038214179912
correctionProbability (#ПОЕМУ$ -> #ПОЧЕМУ$) = -7.236240188590127
correctionProbability (#РАВИЛЕВИЧ$ -> #РАВИЛЬЕВИЧ$) = -26.33827452948197
correctionProbability (#МИКРАРАЙОН$ -> #МИКРОРАЙОН$) = -17.80642077514262
correctionProbability (#ВДОЕМ$ -> #ВДВОЕМ$) = -13.91971796490849
correctionProbability (#ИФИНИЬИ$ -> #ИНФИНИТИ$) = -79.37851351455646
correctionProbability (#ЮРМАР$ -> #ЮЛМАРТ$) = -77.84516144311448
correctionProbability (#ФИЛДЬМ$ -> #ФИЛЬМ$) = -3.7001900542101787
correctionProbability (#СУДЬБ$ -> #СУДЬБЕ$) = -17.057993969537907
correctionProbability (#ДУДУНХАЙ$ -> #ДАДУНХАЙ$) = -19.261597127336373
correctionProbability (#БОЯРТ$ -> #БОЯРД$) = -9.39549284980394
correctionProbability (#СХАРАКТЕРЕЗУЙТЕ$ -> #СХАРАКТЕРИЗУЙТЕ$) = -32.07666559826859
correctionProbability (#МИКССИТ$ -> #МИКСИТ$) = -17.770191027950037
correctionProbability (#ВОЗРОСТНОЙ$ -> #ВОЗРАСТНОЙ$) = -20.911723329021363
correctionProbability (#ЛЭНДИНГА$ -> #ЛЕНДИНГА$) = -21.162570268614886
correctionProbability (#КПКАЯ$ -> #КАКАЯ$) = -7.73244446010386
correctionProbability (#ТРАВМОТОЛОГИЯ$ -> #ТРАВМАТОЛОГИЯ$) = -24.41216063335112
correctionProbability (#KANALARI$ -> #KANALLARI$) = -23.189470923365306
correctionProbability (#ГОТИ$ -> #ГОТТИ$) = -19.965188829464946
correctionProbability (#ПОГЛДА$ -> #ПОГОДА$) = -1.216265109536156
correctionProbability (#РАССКРАССКИ$ -> #РАСКРАСКИ$) = -78.71263205610441
correctionProbability (#ЗЕАКОМСТВА$ -> #ЗНАКОМСТВА$) = -10.797424933154893
correctionProbability (#ТРОЛИНГА$ -> #ТРОЛЛИНГА$) = -22.026555021271825
correctionProbability (#КОНДЕЛАКИ$ -> #КАНДЕЛАКИ$) = -18.101922591490364
correctionProbability (#ПРОДОВО$ -> #ПЛОДОВО$) = -22.827667043422508
correctionProbability (#ШАЛОБОЛИХИНСКАЯ$ -> #ШЕЛАБОЛИХИНСКАЯ$) = -105.5646675308663
correctionProbability (#ААУСТРОФОБИЯ$ -> #КЛАУСТРОФОБИЯ$) = -90.4034990591153
correctionProbability (#ГЕЛЕНЖДЖИК$ -> #ГЕЛЕНДЖИК$) = -17.706080359926027
correctionProbability (#МСЕК$ -> #МСЭК$) = -17.680227837011326
correctionProbability (#РУССКОГ$ -> #РУССКОГО$) = -11.253768480010343
correctionProbability (#АКУМУЛЯТОРЫ$ -> #АККУМУЛЯТОРЫ$) = -19.927033718414727
correctionProbability (#АЙХЕР$ -> #АЙХЕРБ$) = -14.206365951788651
correctionProbability (#ОНОСТИТСЯ$ -> #ОТНОСИТСЯ$) = -82.44265306488491
correctionProbability (#ВОРОНЕ$ -> #ВОРОНЕЖ$) = -9.529643597072571
correctionProbability (#ТЕМРЕРАТУРА$ -> #ТЕМПЕРАТУРА$) = -14.882597433866493
correctionProbability (#AFTERSHOK$ -> #AFTERSHOCK$) = -26.346801151414347
correctionProbability (#ПОЧЕНИТЬ$ -> #ПОЧИНИТЬ$) = -16.410756031155245
correctionProbability (#ИСЦЕС$ -> #ИНЦЕСТ$) = -74.36043473250616
correctionProbability (#АКУМУЛЯТОРА$ -> #АККУМУЛЯТОРА$) = -19.512774043991904
correctionProbability (#TENSA$ -> #TENCA$) = -17.373405317412978
correctionProbability (#ПАСАЖ$ -> #ПАССАЖ$) = -17.50184380317666
correctionProbability (#ПРЕДОСТАВЯТЬ$ -> #ПРЕДОСТАВЛЯТЬ$) = -25.64670474640029
correctionProbability (#РЕЙСЯ$ -> #РЕЙСЫ$) = -11.29875732236594
correctionProbability (#РАЗНИЦВ$ -> #РАЗНИЦА$) = -12.385838912230767
correctionProbability (#НХЛИ$ -> #НХЛ$) = -10.843511547708868
correctionProbability (#КАМИКАДЗЕДЭД$ -> #КАМИКАДЗЭДЭД$) = -37.818013866444815
correctionProbability (#ШКОЛНИЦА$ -> #ШКОЛЬНИЦА$) = -16.233667284944936
correctionProbability (#КАРОБКАХ$ -> #КОРОБКАХ$) = -18.69263118268664
correctionProbability (#GRATIES$ -> #GRATIS$) = -14.892708037615687
correctionProbability (#NNVIDEO$ -> #NVIDIA$) = -143.9428792696737
correctionProbability (#НИКОЛАЕВИ$ -> #НИКОЛАЕВИЧ$) = -15.829756615327739
correctionProbability (#ПАСАТ$ -> #ПАССАТ$) = -12.513657551557674
correctionProbability (#СЕВАСТОПОЬ$ -> #СЕВАСТОПОЛЬ$) = -15.291353519600875
correctionProbability (#ПРОШЫТЬ$ -> #ПРОШИТЬ$) = -15.667105011668681
correctionProbability (#ПРОДОЕТСЯ$ -> #ПРОДАЕТСЯ$) = -16.91478817381033
correctionProbability (#ВКЛЮСИТЬ$ -> #ВКЛЮЧИТЬ$) = -13.154217221169297
correctionProbability (#GAMME$ -> #GAME$) = -9.347810571243603
correctionProbability (#ЛОМАНОСОВ$ -> #ЛОМОНОСОВ$) = -16.539182748874822
correctionProbability (#ГИДРОУСЕЛИТЕЛЯ$ -> #ГИДРОУСИЛИТЕЛЯ$) = -24.731545277251506
correctionProbability (#ПАСТРОЙКИ$ -> #ПОСТРОЙКИ$) = -16.38401115743121
correctionProbability (#СНЕСНАРОД$ -> #СЕКСНАРОД$) = -89.8487512584279
correctionProbability (#СМЫСАЛ$ -> #СМЫСЛ$) = -14.516457000877015
correctionProbability (#ГАДКИ$ -> #ГАДКИЙ$) = -12.767474021574234
correctionProbability (#SHUTERSTOCK$ -> #SHUTTERSTOCK$) = -23.506915178102936
correctionProbability (#ДИЛЛЕРСКИЙ$ -> #ДИЛЕРСКИЙ$) = -24.279157513015853
correctionProbability (#БАРСЕЛРНЕ$ -> #БАРСЕЛОНЕ$) = -17.00693502835083
correctionProbability (#ДРИАМ$ -> #ДРИМ$) = -16.24772246775453
correctionProbability (#ЗАЩИМИЛО$ -> #ЗАЩЕМИЛО$) = -22.563852818420322
correctionProbability (#НУУТБУК$ -> #НОУТБУК$) = -10.569084155687761
correctionProbability (#ПОРНАБ$ -> #ПОРНХАБ$) = -13.634601319353173
correctionProbability (#BRENDI$ -> #BRANDI$) = -19.171947743221676
correctionProbability (#САДЖЕНЦІ$ -> #САДЖАНЦІ$) = -23.69775485636456
correctionProbability (#РУССКОЦ$ -> #РУССКОЙ$) = -10.922649721400589
correctionProbability (#ВИНИК$ -> #ВИННИК$) = -14.783893237633183
correctionProbability (#MANGALIT$ -> #MANGALIB$) = -21.84305443942722
correctionProbability (#УКСАХАЙ$ -> #УГСАХАЙ$) = -32.97435235144481
correctionProbability (#ПРИЛИЧНОМИ$ -> #ПРИЛИЧНОМ$) = -37.266861927954146
correctionProbability (#РАСЛЕДОВАНИЕ$ -> #РАССЛЕДОВАНИЕ$) = -20.89579908860904
correctionProbability (#БЕЛОИ$ -> #БЕЛОЙ$) = -11.652683943832383
correctionProbability (#ФУУТБОЛ$ -> #ФУТБОЛ$) = -9.417191674232445
correctionProbability (#DOWNLAND$ -> #DOWNLOAD$) = -78.94150050176427
correctionProbability (#ДРОПШИПИНГ$ -> #ДРОПШИППИНГ$) = -22.773710081334293
correctionProbability (#ПАПАДАНКАХ$ -> #ПОПАДАНКАХ$) = -35.65935849568944
correctionProbability (#ПАКРЫШКИ$ -> #ПОКРЫШКИ$) = -18.0293441725349
correctionProbability (#МЕТАЛАЛОМА$ -> #МЕТАЛЛОЛОМА$) = -85.79709470934361
correctionProbability (#ОБНАЖОНЫЕ$ -> #ОБНАЖЕННЫЕ$) = -83.45379463739465
correctionProbability (#СРВМЕСТИМРСЬ$ -> #СОВМЕСТИМОСТЬ$) = -148.19584007864404
correctionProbability (#РУССКОЯ$ -> #РУССКАЯ$) = -8.477031624371534
correctionProbability (#МАЛЧИК$ -> #МАЛЬЧИК$) = -11.345089540231385
correctionProbability (#НЛВГОРОД$ -> #НОВГОРОД$) = -9.835776640521736
correctionProbability (#РОЗЕМБАУМА$ -> #РОЗЕНБАУМА$) = -20.88723819736058
correctionProbability (#АМОТРИЗАЦИИ$ -> #АМОРТИЗАЦИИ$) = -89.37290186303112
correctionProbability (#РАЗИЕЛЬ$ -> #РАЗИЭЛЬ$) = -32.937794147155444
correctionProbability (#БРОЛЛЕРОВ$ -> #БРОЙЛЕРОВ$) = -19.825661724030773
correctionProbability (#ЯНДКЕКС$ -> #ЯНДЕКС$) = -4.744171640908078
correctionProbability (#KOMMENDER$ -> #COMMANDER$) = -84.03560582135668
correctionProbability (#ЗАЦИПИЛА$ -> #ЗАЦЕПИЛА$) = -13.03213293695596
correctionProbability (#DOCHKISINOCHMI$ -> #DOCHKISINOCHKI$) = -28.95996519849851
correctionProbability (#POKET$ -> #POCKET$) = -16.783882924334304
correctionProbability (#АЛШЕБРЕ$ -> #АЛГЕБРЕ$) = -10.29930530322585
correctionProbability (#ТРАГСЛЯЦИЯ$ -> #ТРАНСЛЯЦИЯ$) = -12.99812067072967
correctionProbability (#РУССКОИ$ -> #РУССКОМ$) = -6.524069030381092
correctionProbability (#MESENJER$ -> #MESSENGER$) = -84.35466248845947
correctionProbability (#МАРКСИСТСКЙ$ -> #МАРКСИСТСКОЙ$) = -26.237630551261724
correctionProbability (#БІБЛІІ$ -> #БІБЛІЇ$) = -21.187032164540003
correctionProbability (#УСАСТОК$ -> #УЧАСТОК$) = -11.669586354033157
correctionProbability (#РЕЗАНОВА$ -> #РЯЗАНОВА$) = -18.951413855688124
correctionProbability (#КАЛОДКИ$ -> #КОЛОДКИ$) = -14.138482617677226
correctionProbability (#OCCURED$ -> #OCCURRED$) = -22.121463855628924
correctionProbability (#ПОДЬЕЗДНЫЕ$ -> #ПОДЪЕЗДНЫЕ$) = -23.781383739723232
correctionProbability (#ПХУХЕТ$ -> #ПХУКЕТ$) = -12.742823189033121
correctionProbability (#МАРАКУИ$ -> #МАРАКУЙИ$) = -27.44963624863741
correctionProbability (#АРИФУРЕТТА$ -> #АРИФУРЭТА$) = -87.20760731764781
correctionProbability (#СТРАПОМ$ -> #СТРАПОН$) = -14.197310121280424
correctionProbability (#ИССЛЕДОВАНИ$ -> #ИССЛЕДОВАНИЯ$) = -19.37384918733494
correctionProbability (#REALTEC$ -> #REALTEK$) = -16.068162530128483
correctionProbability (#РУССКОС$ -> #РУССКОМ$) = -6.528475437626383
correctionProbability (#ГАРБУШИ$ -> #ГОРБУШИ$) = -16.456920238798965
correctionProbability (#ЭАРЯ$ -> #ЗАРЯ$) = -12.957097771500091
correctionProbability (#ЗЕМЛЕТРИСЕНИЕ$ -> #ЗЕМЛЕТРЯСЕНИЕ$) = -21.057259124623194
correctionProbability (#ПОИСКАВОЙ$ -> #ПОИСКОВОЙ$) = -20.72552486297632
correctionProbability (#ЕЖЕНОК$ -> #ЕЖОНОК$) = -20.843398873339734
correctionProbability (#ГЕОЗАВИСИМЫЙ$ -> #НЕЗАВИСИМЫЙ$) = -88.11208835322886
correctionProbability (#ЧИНИКИ$ -> #ЧИННИКИ$) = -21.382455813588045
correctionProbability (#РУССКОО$ -> #РУССКОГО$) = -11.265254759335257
correctionProbability (#БЕСЕНДЖИ$ -> #БАСЕНДЖИ$) = -15.575523744530813
correctionProbability (#КАЛБАСОЙ$ -> #КОЛБАСОЙ$) = -17.220118989036656
correctionProbability (#РУССКОХ$ -> #РУССКИХ$) = -10.838201019169375
correctionProbability (#НВЛОГ$ -> #НАЛОГ$) = -8.658763985918725
correctionProbability (#КРОКА$ -> #УРОКА$) = -9.601924638218204
correctionProbability (#БПАТЬ$ -> #БРАТЬ$) = -12.093049795146808
correctionProbability (#РУССКОУ$ -> #РУССКОМУ$) = -9.983196374086788
correctionProbability (#УСТОРЕВШИЕ$ -> #УСТАРЕВШИЕ$) = -21.058078279127116
correctionProbability (#ЛИТРОВОЮ$ -> #ЛИТРОВУЮ$) = -20.26170470667426
correctionProbability (#РУКОВИЦ$ -> #РУКАВИЦ$) = -20.567690075374216
correctionProbability (#ЗАКАНЧИВАЮЩИЕ$ -> #ЗАКАНЧИВАЮЩИЕСЯ$) = -95.13494607263209
correctionProbability (#РАБОТАДАТЕЛЕЙ$ -> #РАБОТОДАТЕЛЕЙ$) = -18.239978362027088
correctionProbability (#ЮБЬЯВЛЕНИЯ$ -> #ОБЪЯВЛЕНИЯ$) = -76.99927304880609
correctionProbability (#АНЫКТАМА$ -> #АНЫҚТАМА$) = -19.89726907661963
correctionProbability (#БИОЛОГИ$ -> #БИОЛОГИИ$) = -12.941564127267156
correctionProbability (#ЬРЕЙЛЕР$ -> #ТРЕЙЛЕР$) = -10.1691858860733
correctionProbability (#ЛАПОРАСКОПИЯ$ -> #ЛАПАРОСКОПИЯ$) = -86.88147129660229
correctionProbability (#ВКОТ$ -> #КОТ$) = -8.310324204618155
correctionProbability (#ПОЕКТ$ -> #ПРОЕКТ$) = -8.871138236388102
correctionProbability (#КАПИШОН$ -> #КАПЮШОН$) = -16.796597234578947
correctionProbability (#ФИДЬМЕ$ -> #ФИЛЬМЕ$) = -11.949595810210102
correctionProbability (#ОВСЯННЫХ$ -> #ОВСЯНЫХ$) = -21.557461012020283
correctionProbability (#ДЕМИЕВСКАЯ$ -> #ДЕМЕЕВСКАЯ$) = -28.160333368555833
correctionProbability (#РАЗВЛЕКАТЕЛЬЕЫЙ$ -> #РАЗВЛЕКАТЕЛЬНЫЙ$) = -25.108249779206858
correctionProbability (#ПРІНЦЕСА$ -> #ПРИНЦЕССА$) = -77.77250565386808
correctionProbability (#ЛУЙ$ -> #ЛУИ$) = -11.079771913826473
correctionProbability (#ФИДЬМА$ -> #ФИЛЬМА$) = -9.39863366052327
correctionProbability (#ДАЛДЫ$ -> #ДАЛИДЫ$) = -23.355717904117384
correctionProbability (#ПУСТАТУ$ -> #ПУСТОТУ$) = -17.392707591057224
correctionProbability (#ЙОРДАНСКИЙ$ -> #ИОРДАНСКИЙ$) = -28.86931448139525
correctionProbability (#РУССКРЕ$ -> #РУССКОЕ$) = -7.426936098962017
correctionProbability (#БЕРЕМЕНУЮ$ -> #БЕРЕМЕННУЮ$) = -20.489234394175405
correctionProbability (#НИКОЛАЕВИЧЬ$ -> #НИКОЛАЕВИЧ$) = -17.71491857169577
correctionProbability (#BILIE$ -> #BILLIE$) = -15.352088167040147
correctionProbability (#РЕШЕБНІК$ -> #РЕШЕБНИК$) = -11.352631427989195
correctionProbability (#ЖЕННЩИН$ -> #ЖЕНЩИН$) = -9.576781872131402
correctionProbability (#ЛЕЙБЦИГ$ -> #ЛЕЙПЦИГ$) = -16.286025212262288
correctionProbability (#БОРАНОВА$ -> #БАРАНОВА$) = -16.65584588227815
correctionProbability (#ЛУЕ$ -> #ЛУИ$) = -11.027065189090326
correctionProbability (#САЛЮТТЕ$ -> #САЛЮТЕ$) = -24.9293717660794
correctionProbability (#DOWNLAOD$ -> #DOWNLOAD$) = -78.93912953858035
correctionProbability (#КИНОСОТИК$ -> #КИНОСИТИ$) = -88.17229289625803
correctionProbability (#ПЕРЕОЛЕВАНИЕ$ -> #ПЕРЕОДЕВАНИЕ$) = -24.698912062397135
correctionProbability (#БОЛЩИМ$ -> #БОЛЬШИМ$) = -79.08609531599151
correctionProbability (#СПЕЧЬ$ -> #ИСПЕЧЬ$) = -14.719348086912962
correctionProbability (#ИГРИЫ$ -> #ИГРЫ$) = -4.898529987703231
correctionProbability (#АПТЕКП$ -> #АПТЕКА$) = -8.02631655872679
correctionProbability (#ПРКРАШИВАЮТСЯ$ -> #ПРОКРАШИВАЮТСЯ$) = -40.40609258197102
correctionProbability (#ATRACTION$ -> #ATTRACTION$) = -22.01061658947632
correctionProbability (#РАБОЬА$ -> #РАБОТА$) = -4.973855556183775
correctionProbability (#ИНДЕЙСКОЕ$ -> #ИНДИЙСКОЕ$) = -17.477600269975774
correctionProbability (#ABDULLAEVA$ -> #ABDULLAYEVA$) = -25.460728786270565
correctionProbability (#ИГРИП$ -> #ЕГРИП$) = -16.928701852422453
correctionProbability (#ЗВЕДЫ$ -> #ЗВЕЗДЫ$) = -10.975793429243996
correctionProbability (#ДИПЛОДЕНИЯ$ -> #ДИПЛАДЕНИЯ$) = -24.230023110367313
correctionProbability (#ПОЛГОЛУНИЕ$ -> #ПОЛНОЛУНИЕ$) = -17.46422076051713
correctionProbability (#ТРАНСКРИП$ -> #ТРАНСКРИПЦИЯ$) = -150.0439377404946
correctionProbability (#УКРАИНСКА$ -> #УКРАЇНСЬКА$) = -82.58802980113087
correctionProbability (#ЛАДИЖЕНСКАЯ$ -> #ЛАДЫЖЕНСКАЯ$) = -15.276832300344353
correctionProbability (#ПОЗДРАВЛЕРИЕ$ -> #ПОЗДРАВЛЕНИЕ$) = -13.703358386388317
correctionProbability (#ВКОНТА$ -> #ВКОНТАКТЕ$) = -137.7558083206412
correctionProbability (#ВЕЛТБЕРИС$ -> #ВИЛДБЕРИС$) = -79.42106101196929
correctionProbability (#ЧУСТВОВАТЬ$ -> #ЧУВСТВОВАТЬ$) = -23.633250072804437
correctionProbability (#ЫИШУРГОЕ$ -> #ФИГУРНОЕ$) = -141.26865271440838
correctionProbability (#ЧЕТИРИ$ -> #ЧЕТЫРЕ$) = -76.15077779880018
correctionProbability (#XVIBEO$ -> #XVIDEO$) = -12.135880566615267
correctionProbability (#ВИНКА$ -> #СВИНКА$) = -9.70042200508924
correctionProbability (#ЭКСПИРЕМЕНТЫ$ -> #ЭКСПЕРИМЕНТЫ$) = -86.05454749469743
correctionProbability (#КИЪВ$ -> #КИЇВ$) = -12.019591518158311
correctionProbability (#БИАРИТЗ$ -> #БИАРИТЦ$) = -32.909716720327125
correctionProbability (#ЛЕРЕВО$ -> #ДЕРЕВО$) = -9.065204891411543
correctionProbability (#ОСТОРОВА$ -> #ОСТРОВА$) = -14.76163794648113
correctionProbability (#МАЛИШАРИКИ$ -> #МАЛЫШАРИКИ$) = -14.129649207402515
correctionProbability (#СОЛЕННОЕ$ -> #СОЛЕНОЕ$) = -19.53390034290443
correctionProbability (#RICKLING$ -> #TICKLING$) = -21.89190339553597
correctionProbability (#ТРЕИНЕР$ -> #ТРЕЙНЕР$) = -15.099187572234051
correctionProbability (#ГЛПЗА$ -> #ГЛАЗА$) = -8.766524283656299
correctionProbability (#PINTERST$ -> #PINTEREST$) = -17.34887815810304
correctionProbability (#НОВАГО$ -> #НОВОГО$) = -10.708823630767501
correctionProbability (#VTARHE$ -> #VTRAHE$) = -83.85172449454375
correctionProbability (#МАРАКУЯ$ -> #МАРАКУЙЯ$) = -20.749606085058332
correctionProbability (#САИНОГОРСК$ -> #САЯНОГОРСК$) = -19.988642111695164
correctionProbability (#АЦЕНТ$ -> #АКЦЕНТ$) = -15.283207958708555
correctionProbability (#BILIT$ -> #BILET$) = -17.17815521649707
correctionProbability (#РАЖИО$ -> #РАДИО$) = -5.114187725055135
correctionProbability (#КАЧЯТЬ$ -> #СКАЧАТЬ$) = -67.82988544964415
correctionProbability (#САДИТСА$ -> #САДИТСЯ$) = -15.757597433475311
correctionProbability (#МАНША$ -> #МАНГА$) = -9.645932844559429
correctionProbability (#ЛАПОРАСКОПИИ$ -> #ЛАПАРОСКОПИИ$) = -89.31203833215073
correctionProbability (#ГРУДУСОВ$ -> #ГРАДУСОВ$) = -13.934280236465142
correctionProbability (#СОЛЕННОЙ$ -> #СОЛЕНОЙ$) = -20.7358020879038
correctionProbability (#РЗАНЬ$ -> #РЯЗАНЬ$) = -10.851586562046787
correctionProbability (#КОРЛЕВ$ -> #КОРОЛЕВ$) = -14.044224039383693
correctionProbability (#ПРФИЛЬ$ -> #ПРОФИЛЬ$) = -11.431876441024883
correctionProbability (#ПАРАФАМ$ -> #ПРАВАМ$) = -82.6043256733471
correctionProbability (#ПЛЕМЯНИЦЫ$ -> #ПЛЕМЯННИЦЫ$) = -22.06793296205263
correctionProbability (#ЛИННИИ$ -> #ЛИНИИ$) = -11.617149534630304
correctionProbability (#НРУТО$ -> #НАРУТО$) = -10.291964168647471
correctionProbability (#ПОИС$ -> #ПОИСК$) = -7.808460363877089
correctionProbability (#ELECTRONIKS$ -> #ELECTRONICS$) = -21.992122401457962
correctionProbability (#FOXFOORD$ -> #FOXFORD$) = -20.87579669323079
correctionProbability (#AEROBUS$ -> #AIRBUS$) = -84.70595913265014
correctionProbability (#ОНЛАЙП$ -> #ОНЛАЙН$) = -0.6554749612758393
correctionProbability (#ВЮГА$ -> #ВЬЮГА$) = -16.123965128245306
correctionProbability (#ОНЛАЙМ$ -> #ОНЛАЙН$) = -0.6543877683007402
correctionProbability (#ФАМИЛЯ$ -> #ФАМИЛИЯ$) = -13.949831517874912
correctionProbability (#МЕТАЛОБАЗА$ -> #МЕТАЛЛОБАЗА$) = -22.00689605005269
correctionProbability (#ПУГОВИУЫ$ -> #ПУГОВИЦЫ$) = -18.099373455997238
correctionProbability (#БРУСКЕТЫ$ -> #БРУСКЕТТЫ$) = -26.344295810009363
correctionProbability (#ЧЕЛАВЕКА$ -> #ЧЕЛОВЕКА$) = -8.796046762332288
correctionProbability (#БЕНЕТ$ -> #БЕННЕТ$) = -21.97572250811888
correctionProbability (#ДЕСЁНКА$ -> #ЛЕСЕНКА$) = -81.83193141788998
correctionProbability (#ПЛЕСЕПЬЮ$ -> #ПЛЕСЕНЬЮ$) = -20.061175059957456
correctionProbability (#ФОНОГРАМА$ -> #ФОНОГРАММА$) = -23.083594522722365
correctionProbability (#ПНАЛИЗ$ -> #АНАЛИЗ$) = -4.607090094580521
correctionProbability (#ФУКОК$ -> #ФУКУОК$) = -15.955648654177597
correctionProbability (#ОКВД$ -> #ОКВЭД$) = -13.154453693654023
correctionProbability (#ПОИИ$ -> #ПОНИ$) = -7.334093646923801
correctionProbability (#АНОЛОГ$ -> #АНАЛОГ$) = -12.552621520001875
correctionProbability (#РЫБВЛКА$ -> #РЫБАЛКА$) = -9.547015342755763
correctionProbability (#ЭИОТИЧЕСКИЕ$ -> #ЭРОТИЧЕСКИЕ$) = -14.776628508130344
correctionProbability (#ОРАЛЬНЫИ$ -> #ОРАЛЬНЫЙ$) = -17.109199634973614
correctionProbability (#МЕДЕЦИНСКИ$ -> #МЕДИЦИНСКИЙ$) = -79.76255046708317
correctionProbability (#СЕФРИДИ$ -> #СИФФРЕДИ$) = -151.09424305299524
correctionProbability (#СЕБЫ$ -> #СЕБЯ$) = -8.319994115965198
correctionProbability (#ИВОЮ$ -> #СВОЮ$) = -8.850769606327471
correctionProbability (#МАЙКРАВТ$ -> #МАЙНКРАФТ$) = -73.21855579129297
correctionProbability (#СТРОПАЛЬИК$ -> #СТРОПАЛЬЩИК$) = -21.43969938993061
correctionProbability (#БЕТМЕН$ -> #БЭТМЕН$) = -11.606083250384717
correctionProbability (#СДЛЕАТЬ$ -> #СДЕЛАТЬ$) = -74.03082979027583
correctionProbability (#РАЙХЕНХАЛЛЕ$ -> #РАЙХЕНХАЛЬ$) = -103.04591155371294
correctionProbability (#BLUETOOCH$ -> #BLUETOOTH$) = -16.876591476638005
correctionProbability (#МЮТУБ$ -> #ЮТУБ$) = -2.711462717168029
correctionProbability (#КОРАБОЯ$ -> #КОРАБЛЯ$) = -15.452053630284958
correctionProbability (#ПИГЕТСЯ$ -> #ПИШЕТСЯ$) = -11.52414115333388
correctionProbability (#РАСТОЧНИЕ$ -> #РАССТОЯНИЕ$) = -77.84612445573957
correctionProbability (#УЮРАТЬ$ -> #УБРАТЬ$) = -9.72294532309311
correctionProbability (#ПЛАЦЕНТИ$ -> #ПЛАЦЕНТЫ$) = -19.927881965823723
correctionProbability (#КОРРЕКИРОВОЧНЫЕ$ -> #КОРРЕКТИРОВОЧНЫЕ$) = -32.583556985817985
correctionProbability (#ВЫЗАДА$ -> #ВЫХОДА$) = -75.44678679044485
correctionProbability (#ТАРТФЫ$ -> #ТАРИФЫ$) = -9.96834963938544
correctionProbability (#ПЕНТАЛЬГИН$ -> #ПЕНТАЛГИН$) = -22.03585417386052
correctionProbability (#СМАРФОН$ -> #СМАРТФОН$) = -12.852629949633574
correctionProbability (#СКВАРЦОВА$ -> #СКВОРЦОВА$) = -18.971253099331285
correctionProbability (#ЖИЛЕТИ$ -> #ЖИЛЕТЫ$) = -15.40070027521293
correctionProbability (#PLSUZ$ -> #PULSUZ$) = -20.778005250057564
correctionProbability (#ПОКРОВП$ -> #ПОКРОВА$) = -12.941593617165694
correctionProbability (#АВТОБСА$ -> #АВТОБУСА$) = -12.715134274096705
correctionProbability (#КАНАЛИЗАЦИЙ$ -> #КАНАЛИЗАЦИИ$) = -17.10645327242824
correctionProbability (#BRAZZERSS$ -> #BRAZZERS$) = -16.646232863728393
correctionProbability (#ВЫЛЕЗЕТ$ -> #ВЫЛЕЗАЕТ$) = -22.042673204458623
correctionProbability (#ИППОХОНДРИЯ$ -> #ИПОХОНДРИЯ$) = -28.430679422934723
correctionProbability (#ПРИЛОЖЕНІЄ$ -> #ПРИЛОЖЕНИЕ$) = -78.06606374187074
correctionProbability (#ВАРЧУ$ -> #ВРАЧУ$) = -75.97167561716742
correctionProbability (#ПАРАЛЛЕЛОГРАМА$ -> #ПАРАЛЛЕЛОГРАММА$) = -24.205447721632922
correctionProbability (#ПРОДАЖЫ$ -> #ПРОДАЖИ$) = -11.51136888082992
correctionProbability (#ЭНЕРГИ$ -> #ЭНЕРГИИ$) = -14.79408603649648
correctionProbability (#РОЗВОДИТЬ$ -> #РАЗВОДИТЬ$) = -17.99796328266038
correctionProbability (#УЧРЖДЕНИЙ$ -> #УЧРЕЖДЕНИЙ$) = -18.296106928472902
correctionProbability (#КОРЕИСКИЕ$ -> #КОРЕЙСКИЕ$) = -14.956813684084068
correctionProbability (#ИНСТАГАРАМ$ -> #ИНСТАГРАМ$) = -11.040735089822682
correctionProbability (#ПОПУГАНЫ$ -> #ПАПУГАНЫ$) = -23.292629375172687
correctionProbability (#ДАРОГАХ$ -> #ДОРОГАХ$) = -13.943000311036315
correctionProbability (#МУЛЬКИК$ -> #МУЛЬТИК$) = -6.843806772119898
correctionProbability (#ЗОЛОТНОШЕ$ -> #ЗОЛОТОНОШЕ$) = -27.594373144468328
correctionProbability (#ЗАВОРОТНЮУ$ -> #ЗАВОРОТНЮК$) = -11.80599464056121
correctionProbability (#ЛЕТОУАЛЬ$ -> #ЛЕТУАЛЬ$) = -14.364745117909507
correctionProbability (#МІР$ -> #МИР$) = -4.663815421998411
correctionProbability (#БИИГ$ -> #БИГ$) = -13.01851196089282
correctionProbability (#МАНЕМЕН$ -> #МАНИМЕН$) = -14.854871977017773
correctionProbability (#RIZAEVA$ -> #RIZAYEVA$) = -21.304588135417042
correctionProbability (#ЗАПЧАЧСТЕЙ$ -> #ЗАПЧАСТЕЙ$) = -17.55417267233924
correctionProbability (#МАГПЗИНЕ$ -> #МАГАЗИНЕ$) = -11.157520756337703
correctionProbability (#POIMEY$ -> #POIMEL$) = -17.259700887082648
correctionProbability (#КУНДЕЛИКК$ -> #КҮНДЕЛІК$) = -141.33881433000576
correctionProbability (#ПРИСТАКА$ -> #ПРИСТАВКА$) = -16.649821010487884
correctionProbability (#CONSOL$ -> #CONSOLE$) = -19.725622944839486
correctionProbability (#ЗЕЛЕНВЕ$ -> #ЗЕЛЕНЫЕ$) = -13.184836066694913
correctionProbability (#СКАЧЧТЬ$ -> #СКАЧАТЬ$) = -2.5414150934474
correctionProbability (#СУЛЬПАК$ -> #СУЛПАК$) = -17.22960486089376
correctionProbability (#КУНДЕЛИКУ$ -> #КҮНДЕЛІК$) = -141.3799674564483
correctionProbability (#НОЛЕЙ$ -> #НУЛЕЙ$) = -18.407480981244166
correctionProbability (#КИРОТЕАТР$ -> #КИНОТЕАТР$) = -11.348682504822087
correctionProbability (#МЕДСЕСТИНСЬКИЙ$ -> #МЕДСЕСТРИНСЬКИЙ$) = -35.76163268588226
correctionProbability (#СМОТРЕРТЬ$ -> #СМОТРЕТЬ$) = -4.878985690567172
correctionProbability (#ТРУДВ$ -> #ТРУДА$) = -8.26069624165391
correctionProbability (#ПОЗЗ$ -> #ПОЗЗИ$) = -10.894383879920486
correctionProbability (#БАТАЛФИЛД$ -> #БАТЕЛФИЛД$) = -18.914545880593714
correctionProbability (#ПОЗВ$ -> #ПОЗЫ$) = -10.794133244545545
correctionProbability (#СОРОКАУСТ$ -> #СОРОКОУСТ$) = -22.181180865837128
correctionProbability (#ВАККНСИИ$ -> #ВАКАНСИИ$) = -8.20426631743333
correctionProbability (#ЛЕМИНГ$ -> #ЛЕММИНГ$) = -20.77077185056514
correctionProbability (#ГУППА$ -> #ГРУППА$) = -8.131195273020044
correctionProbability (#TEOSIA$ -> #TEORIA$) = -20.223785078992396
correctionProbability (#МУЗЙ$ -> #МУЗЕЙ$) = -9.639520478084737
correctionProbability (#АВИБИЛЕТ$ -> #АВИАБИЛЕТ$) = -17.645270360394484
correctionProbability (#БРУСКЕТА$ -> #БРУСКЕТТА$) = -23.747302948448535
correctionProbability (#ТЯГУГЕ$ -> #ТЯГУНЕ$) = -26.598938195640343
correctionProbability (#ПОЗД$ -> #ПОЕЗД$) = -8.65582464934014
correctionProbability (#ТАНЦЫВАЛЬНАЯ$ -> #ТАНЦЕВАЛЬНАЯ$) = -19.694482776863147
correctionProbability (#ПОДУШКАЙ$ -> #ПОДУШКОЙ$) = -21.087036568381563
correctionProbability (#ПИСОК$ -> #СПИСОК$) = -9.03670222753048
correctionProbability (#КУПИЛЬ$ -> #КУПИТЬ$) = -1.4149543272848248
correctionProbability (#БРИЛОК$ -> #БРЕЛОК$) = -13.859742829804556
correctionProbability (#ГАДАЕНЕ$ -> #ГАДАНИЕ$) = -76.90891039520756
correctionProbability (#ПИРИОД$ -> #ПЕРИОД$) = -10.112558154820238
correctionProbability (#СТОМОТОЛОГИЧЕСКОЙ$ -> #СТОМАТОЛОГИЧЕСКОЙ$) = -29.0056702627858
correctionProbability (#ЛУКЪЯНЦЕВ$ -> #ЛУКЬЯНЦЕВ$) = -28.451553374275335
correctionProbability (#АКТИВАЦИ$ -> #АКТИВАЦИИ$) = -15.623777763801222
correctionProbability (#КОНТАР$ -> #КОНТР$) = -15.494118897364974
correctionProbability (#РАЗВИДЕНИЕ$ -> #РАЗВЕДЕНИЕ$) = -17.872463322555
correctionProbability (#КВИТАНЦІЇ$ -> #КВИТАНЦИИ$) = -83.30111013338099
correctionProbability (#ПАССПОРТА$ -> #ПАСПОРТА$) = -16.51605759396432
correctionProbability (#ФАНЬТЕТ$ -> #ФАНТЬЕТ$) = -86.76823343732347
correctionProbability (#FEMILY$ -> #FAMILY$) = -10.226026557520033
correctionProbability (#ЗОМБТЛЕНД$ -> #ЗОМБИЛЕНД$) = -14.909318412728723
correctionProbability (#KLASIKO$ -> #CLASICO$) = -89.83033657735594
correctionProbability (#ВЫЗАВУ$ -> #ВЫЗОВУ$) = -13.838962715079038
correctionProbability (#ПРОДАЕШ$ -> #ПРОДАЕШЬ$) = -26.034462580442977
correctionProbability (#ГЛАДИАТР$ -> #ГЛАДИАТОР$) = -16.662069351958102
correctionProbability (#ФАРМКОСМЕТИКА$ -> #ФАРМАКОСМЕТИКА$) = -27.545885072398043
correctionProbability (#ПИСНЯ$ -> #ПЕСНЯ$) = -3.685116295650186
correctionProbability (#КОМПЮТОР$ -> #КОМПЬЮТЕР$) = -76.62262250722272
correctionProbability (#РЕЬЕНКОМ$ -> #РЕБЕНКОМ$) = -13.269753287473577
correctionProbability (#ВЛАДВОСТОК$ -> #ВЛАДИВОСТОК$) = -13.935516202786744
correctionProbability (#ОСТРОВК$ -> #ОСТРОВЕ$) = -14.035346572991926
correctionProbability (#КИСЬКУ$ -> #КИСКУ$) = -16.074760019817997
correctionProbability (#МЕЛИТОПОЛ$ -> #МЕЛИТОПОЛЬ$) = -18.997240253701484
correctionProbability (#ДЖОНЕС$ -> #ДЖОНС$) = -14.48228846947448
correctionProbability (#БЫСТР$ -> #БЫСТРО$) = -9.574810552408056
correctionProbability (#МИХАНИКОВ$ -> #МЕХАНИКОВ$) = -18.840844729146127
correctionProbability (#БАЛТОВ$ -> #БОЛТОВ$) = -16.383932197700194
correctionProbability (#СКАЛИОЗ$ -> #СКОЛИОЗ$) = -17.404155022425122
correctionProbability (#СЕВОСТОПОЛЕ$ -> #СЕВАСТОПОЛЕ$) = -16.321592278063157
correctionProbability (#РОСТЕЛКОМ$ -> #РОСТЕЛЕКОМ$) = -14.319786542682458
correctionProbability (#МАЛАДЫМИ$ -> #МОЛОДЫМИ$) = -80.06341792736362
correctionProbability (#ОБГРЕЙД$ -> #АПГРЕЙД$) = -80.65718825470192
correctionProbability (#МОДЕР$ -> #МОДЕРН$) = -12.564058307879368
correctionProbability (#MEDIGET$ -> #MEDIAGET$) = -18.04147369419669
correctionProbability (#SINOPTIC$ -> #SINOPTIK$) = -17.827333823252097
correctionProbability (#СМЕРКИ$ -> #СУМЕРКИ$) = -11.08987859723591
correctionProbability (#ВОЛОСЯ$ -> #ВОЛОССЯ$) = -18.747192563134263
correctionProbability (#МОДЕТ$ -> #МОЖЕТ$) = -7.95752919058663
correctionProbability (#ЧЕМПИРНАТ$ -> #ЧЕМПИОНАТ$) = -11.320079664124933
correctionProbability (#ЕЛИЗАБЕТ$ -> #ЭЛИЗАБЕТ$) = -15.922709347159483
correctionProbability (#СЕДИ$ -> #СРЕДИ$) = -11.723330729645934
correctionProbability (#КАМПОТНЫЙ$ -> #КОМПОТНЫЙ$) = -34.736561608776135
correctionProbability (#ТЕМПЕРТУРА$ -> #ТЕМПЕРАТУРА$) = -15.499828917796833
correctionProbability (#ZNAKOMSTVO$ -> #ZNAKOMSTVA$) = -19.651414288942
correctionProbability (#ПОЗНО$ -> #ПОЗДНО$) = -16.576424360664046
correctionProbability (#ПОКТ$ -> #ПОЕТ$) = -9.882253370563188
correctionProbability (#НОВОЛУНИК$ -> #НОВОЛУНИЕ$) = -16.81957992212174
correctionProbability (#ИНСАГРАММ$ -> #ИНСТАГРАМ$) = -76.36712858151773
correctionProbability (#ИРКУТСЕ$ -> #ИРКУТСКЕ$) = -13.659928689280584
correctionProbability (#GELIOT$ -> #GALLIOT$) = -89.35297244789925
correctionProbability (#УСТОНОВЩИК$ -> #УСТАНОВЩИК$) = -20.31726118287763
correctionProbability (#ТВОРЧИСТВО$ -> #ТВОРЧЕСТВО$) = -16.492020789050663
correctionProbability (#КИТАЦ$ -> #КИТАЙ$) = -10.178433387213605
correctionProbability (#ЗВЗДЫ$ -> #ЗВЕЗДЫ$) = -10.981721007880349
correctionProbability (#ТРАНСКАРД$ -> #ТРАНСКАРТ$) = -24.82814668739696
correctionProbability (#ФОРМИТЬ$ -> #ОФОРМИТЬ$) = -11.938897277735641
correctionProbability (#КИТАЧ$ -> #КИТАЯ$) = -10.432312486263175
correctionProbability (#КРОСДРЕСЕРЫ$ -> #КРОССДРЕССЕРЫ$) = -91.19039232092221
correctionProbability (#ZNAKOMSTVE$ -> #ZNAKOMSTVA$) = -19.649065979548027
correctionProbability (#АДЕЛ$ -> #АДЕЛЬ$) = -14.488707079700387
correctionProbability (#ИНТРУКЦИЯ$ -> #ИНСТРУКЦИЯ$) = -9.912082926623263
correctionProbability (#ЗЕЛЕННАЯ$ -> #ЗЕЛЕНАЯ$) = -15.008808926067445
correctionProbability (#БИЛО$ -> #БЫЛО$) = -8.46673244655214
correctionProbability (#ЭЛКТРОННАЯ$ -> #ЭЛЕКТРОННАЯ$) = -14.011521653498761
correctionProbability (#ДЕРБЕТОВ$ -> #ДЕРБЕТОВКА$) = -101.65820947167384
correctionProbability (#TERNER$ -> #TURNER$) = -18.484490194244795
correctionProbability (#МУЩЕИ$ -> #МУЗЕИ$) = -12.380532334536749
correctionProbability (#ЧМТЫ$ -> #ЧИТЫ$) = -9.161140150457694
correctionProbability (#ТОДЬКІ$ -> #ТОЛЬКІ$) = -25.01135211031641
correctionProbability (#БЛАНОК$ -> #БЛАНК$) = -11.323283794907457
correctionProbability (#КОРИСНИ$ -> #КОРИСНІ$) = -18.87889522003931
correctionProbability (#ПИСНИ$ -> #ПЕСНИ$) = -3.2440407841526593
correctionProbability (#КРАЙЗЕС$ -> #КРАЙЗИС$) = -18.848215451322403
correctionProbability (#УПОКОВЩИЦА$ -> #УПАКОВЩИЦА$) = -19.71337279929083
correctionProbability (#ПРЧЕМУ$ -> #ПОЧЕМУ$) = -6.684870500344449
correctionProbability (#ВОРАЛД$ -> #ВОРЛД$) = -12.425743241804103
correctionProbability (#HIDEN$ -> #HIDDEN$) = -16.227266915611654
correctionProbability (#ЛЕСИЧКА$ -> #ЛИСИЧКА$) = -14.770068286805305
correctionProbability (#СОГЛАЧНЫЕ$ -> #СОГЛАСНЫЕ$) = -15.864884747951614
correctionProbability (#ONLAYNE$ -> #ONLINE$) = -75.509558704205
correctionProbability (#ОСТАНЕТЬСЯ$ -> #ОСТАНЕТСЯ$) = -22.172951106365268
correctionProbability (#КАНИШИ$ -> #КНИГИ$) = -74.18916531992876
correctionProbability (#ВЕРОКОЛ$ -> #ВЕРАКОЛ$) = -22.999217360146496
correctionProbability (#БУКЕНЫ$ -> #БУКИНЫ$) = -16.7474009394624
correctionProbability (#BELIVER$ -> #BELIEVER$) = -19.644553287384305
correctionProbability (#КОРАБЛЕКУШЕНИЯ$ -> #КОРАБЛЕКРУШЕНИЯ$) = -30.74984808023632
correctionProbability (#ВОЛОСФ$ -> #ВОЛОСЫ$) = -8.71843091960665
correctionProbability (#НАХОЛИТСЯ$ -> #НАХОДИТСЯ$) = -12.057350344015951
correctionProbability (#ЦИНА$ -> #ЦЕНА$) = -2.1761250308045987
correctionProbability (#ГРЫДОВА$ -> #КРЫЛОВА$) = -77.48378537015638
correctionProbability (#ЖИЩНИ$ -> #ЖИЗНИ$) = -6.947810964489221
correctionProbability (#РЕКУПИРАТОР$ -> #РЕКУПЕРАТОР$) = -24.696791803352795
correctionProbability (#ВНТОН$ -> #АНТОН$) = -11.052049310269059
correctionProbability (#ПУГАЧОВ$ -> #ПУГАЧЕВ$) = -16.455414905409043
correctionProbability (#КИТАИ$ -> #КИТАЙ$) = -10.166409050381436
correctionProbability (#МАШЕННИКОВ$ -> #МОШЕННИКОВ$) = -21.623292837380767
correctionProbability (#ТРИНАДЦЯТЬ$ -> #ТРИНАДЦАТЬ$) = -22.039604243349892
correctionProbability (#СИНЫЙ$ -> #СИНИЙ$) = -7.26688431991958
correctionProbability (#ŸUTUBE$ -> #YOUTUBE$) = -71.72827137687726
correctionProbability (#ГАРИФУЛИНА$ -> #ГАРИФУЛЛИНА$) = -22.785243399337958
correctionProbability (#АКУШЕРСВО$ -> #АКУШЕРСТВО$) = -19.58130090987507
correctionProbability (#СКAЧАТЬ$ -> #СКАЧАТЬ$) = -2.543302543340358
correctionProbability (#СИАФОР$ -> #СИОФОР$) = -18.46985719565767
correctionProbability (#ХВАЛЫНСЕ$ -> #ХВАЛЫНСК$) = -20.746162163777008
correctionProbability (#САЙТИНГ$ -> #САЙДИНГ$) = -15.016115260413144
correctionProbability (#ОТМЕТТЕ$ -> #ОТМЕТЬТЕ$) = -19.365357070315014
correctionProbability (#БИКЮ$ -> #БИКЬЮ$) = -21.853773407712392
correctionProbability (#BIOMS$ -> #BIOMES$) = -21.42705910773559
correctionProbability (#ДЕВИЦИ$ -> #ДЕВИЦЫ$) = -15.471562646662985
correctionProbability (#КАШМАРЫ$ -> #КОШМАРЫ$) = -18.27508729268591
correctionProbability (#ОТАЯННЫЕ$ -> #ОТЧАЯННЫЕ$) = -13.14139687799804
correctionProbability (#АВТОБУМ$ -> #АВТОБУС$) = -10.090697590442787
correctionProbability (#НЕЬО$ -> #НЕБО$) = -8.57603324119697
correctionProbability (#ДИЛЛЬ$ -> #БИЛЛЬ$) = -20.416826629144477
correctionProbability (#КОРИСНЫ$ -> #КОРИСНІ$) = -18.887041170504737
correctionProbability (#ВИКТРИЯ$ -> #ВИКТОРИЯ$) = -12.632982544475361
correctionProbability (#ЦИНИ$ -> #ЦІНИ$) = -15.26495698101333
correctionProbability (#JOICASINO$ -> #JOYCASINO$) = -21.47920168700768
correctionProbability (#ПЛЕТНИ$ -> #СПЛЕТНИ$) = -15.51823566817729
correctionProbability (#ПРТВАТ$ -> #ПРИВАТ$) = -10.994093088465338
correctionProbability (#ОФИЦИАЛЬЫЙ$ -> #ОФИЦИАЛЬНЫЙ$) = -7.4992200812292396
correctionProbability (#ПРОСТОМОЛ$ -> #ПРОСТАМОЛ$) = -20.21682039989775
correctionProbability (#ДИМЕНЦИЯ$ -> #ДЕМЕНЦИЯ$) = -18.524102194304795
correctionProbability (#SEKAS$ -> #SEKS$) = -11.39219127759576
correctionProbability (#ФОРТРЕС$ -> #ФОРТРЕСС$) = -21.350667494157392
correctionProbability (#ПРИЗЕНТАЦІЯ$ -> #ПРЕЗЕНТАЦІЯ$) = -19.85386733557874
correctionProbability (#КУНДЕЛИИК$ -> #КҮНДЕЛІК$) = -141.32362712221223
correctionProbability (#ЖДИНС$ -> #ДЖИНС$) = -80.66124922291598
correctionProbability (#ХАБАООВСК$ -> #ХАБАРОВСК$) = -11.618212099090208
correctionProbability (#ВИНТУРА$ -> #ВЕНТУРА$) = -16.464018644812306
correctionProbability (#XAYOTI$ -> #HAYOTI$) = -19.00451031804393
correctionProbability (#ПИСНІ$ -> #ПІСНІ$) = -12.11900742945566
correctionProbability (#ДЕРЖИНЕЦ$ -> #ДЗЕРЖИНЕЦ$) = -23.705056702563517
correctionProbability (#ВАННОИ$ -> #ВАННОЙ$) = -9.307583483444223
correctionProbability (#ZNAKOMSTWO$ -> #ZNAKOMSTVA$) = -84.3884397467914
correctionProbability (#ЗПЛАТИТЬ$ -> #ЗАПЛАТИТЬ$) = -18.807589103397405
correctionProbability (#QCU$ -> #QCY$) = -18.326381102338214
correctionProbability (#ДОЛЖОСТНА$ -> #ДОЛЖНОСТНАЯ$) = -82.24894385270332
correctionProbability (#СОДИТЬ$ -> #САДИТЬ$) = -14.432975370632125
correctionProbability (#КАМЧАТСКЕ$ -> #КАМЧАТСКИЙ$) = -83.3783039925694
correctionProbability (#ВОЛОСВ$ -> #ВОЛОСЫ$) = -8.713154243949415
correctionProbability (#FECBUK$ -> #FESBUK$) = -16.640109427878958
correctionProbability (#ВСКАЧАТЬ$ -> #СКАЧАТЬ$) = -5.021797863304945
correctionProbability (#EКАПУСТА$ -> #ЕКАПУСТА$) = -15.66278384722505
correctionProbability (#ЮРМАЛЬ$ -> #ЮРМАЛТ$) = -21.029088301198303
correctionProbability (#TRIPMYDREAN$ -> #TRIPMYDREAM$) = -21.2998166838384
correctionProbability (#ХДОЖЕСТВЕННЫЙ$ -> #ХУДОЖЕСТВЕННЫЙ$) = -20.332665296458558
correctionProbability (#АНГЛИЙКОГО$ -> #АНГЛИЙСКОГО$) = -13.95714688723843
correctionProbability (#ЕГЛОНІЛ$ -> #ЭГЛОНИЛ$) = -84.07006516929944
correctionProbability (#ЗАЛИВАТИ$ -> #ЗАЛИВАТЬ$) = -16.537316827415076
correctionProbability (#ПИСМО$ -> #ПИСЬМО$) = -9.990018893903194
correctionProbability (#ОНСПЕКТ$ -> #КОНСПЕКТ$) = -12.212244584507374
correctionProbability (#СТАРШОГО$ -> #СТАРШЕГО$) = -16.72647810032303
correctionProbability (#КУРУМЫЧ$ -> #КУРУМОЧ$) = -17.88745129654488
correctionProbability (#RADICULE$ -> #RADICAL$) = -88.79377375577839
correctionProbability (#АДАНИЕ$ -> #ЗАДАНИЕ$) = -11.781482538796517
correctionProbability (#БАШКОРТАСТАН$ -> #БАШКОРТОСТАН$) = -16.83866157934944
correctionProbability (#ВОЛОСІ$ -> #ВОЛОСЫ$) = -8.716222893805952
correctionProbability (#КОНАЛЫ$ -> #КАНАЛЫ$) = -10.63533583914214
correctionProbability (#ГОМЕЛИ$ -> #ГОМЕЛЕ$) = -12.523265854365508
correctionProbability (#ELETRONICA$ -> #ELECTRONICA$) = -22.847654738057074
correctionProbability (#BRAWSER$ -> #BROWSER$) = -15.157769259513032
correctionProbability (#ПЕРЕДЕВАЮТСЯ$ -> #ПЕРЕОДЕВАЮТСЯ$) = -26.697021398967934
correctionProbability (#ПРИМЫХ$ -> #ПРЯМЫХ$) = -11.508848464984734
correctionProbability (#ПОМИЩЕНИЕ$ -> #ПОМЕЩЕНИЕ$) = -15.673237509200696
correctionProbability (#ОДНОКЛАССНАААХ$ -> #ОДНОКЛАССНИКАХ$) = -83.19147857481626
correctionProbability (#МИЛИМЕТРОВ$ -> #МИЛЛИМЕТРОВ$) = -23.953622395939746
correctionProbability (#ЗОЛОПЕН$ -> #ЗОЛОПЕНТ$) = -24.739765644871717
correctionProbability (#ОКГА$ -> #ОКНА$) = -2.61765343625542
correctionProbability (#ВКЛНТАКТЕ$ -> #ВКОНТАКТЕ$) = -6.555279908878418
correctionProbability (#АЛЮМИНИВЫЙ$ -> #АЛЮМИНИЕВЫЙ$) = -17.457755755301022
correctionProbability (#БЕРГОЛЬЦ$ -> #БЕРГГОЛЬЦ$) = -24.23205272289713
correctionProbability (#ПРОГОАММА$ -> #ПРОГРАММА$) = -8.619701175936285
correctionProbability (#ALLIBBABA$ -> #ALIBABA$) = -88.68187182783369
correctionProbability (#МОДЕЬ$ -> #МОДЕЛЬ$) = -10.440157309522764
correctionProbability (#ШОСЕЕ$ -> #ШОССЕ$) = -9.88675278874521
correctionProbability (#СПЕДСТВО$ -> #СРЕДСТВО$) = -12.297623480277771
correctionProbability (#ALLKTIME$ -> #ALLTIME$) = -22.08576463433735
correctionProbability (#ПЕРЕЗД$ -> #ПЕРЕЕЗД$) = -14.167084928162069
correctionProbability (#НОВРОЖДЕННЫХ$ -> #НОВОРОЖДЕННЫХ$) = -18.58867167800127
correctionProbability (#МАЛАДЕНЬКИЕ$ -> #МОЛОДЕНЬКИЕ$) = -83.41208688945059
correctionProbability (#БЕЛЛУЧИ$ -> #БЕЛУЧЧИ$) = -83.31547693014363
correctionProbability (#АВИАСЕИЛСЯ$ -> #АВИАСЕЙЛС$) = -82.02604557031573
correctionProbability (#БРОШЕНЫХ$ -> #БРОШЕННЫХ$) = -23.70404353536042
correctionProbability (#ВТКИПЕДИЯ$ -> #ВИКИПЕДИЯ$) = -9.446570273474379
correctionProbability (#ПИИКАП$ -> #ПИКАП$) = -14.028492971318268
correctionProbability (#ОНЛАНН$ -> #ОНЛАЙН$) = -0.618982140084885
correctionProbability (#МЕЛИСЫ$ -> #МЕЛИССЫ$) = -23.418093026066387
correctionProbability (#СТУЛИЯ$ -> #СТУДИЯ$) = -11.205087629650716
correctionProbability (#АВТОБИЛЕТЫ$ -> #АВИАБИЛЕТЫ$) = -75.2628011852423
correctionProbability (#СВИНШОТ$ -> #СВИТШОТ$) = -17.10330831737565
correctionProbability (#ПИСМА$ -> #ПИСЬМА$) = -11.966199810471455
correctionProbability (#ПИСЛЯ$ -> #ПІСЛЯ$) = -15.573227901971155
correctionProbability (#БЫСРО$ -> #БЫСТРО$) = -9.545939240599534
correctionProbability (#СОСЬАВ$ -> #СОСТАВ$) = -9.356559337545175
correctionProbability (#ХАЦУНИ$ -> #ХАЦУНЭ$) = -20.89787792126973
correctionProbability (#КОАСНОЯРСКОМ$ -> #КРАСНОЯРСКОМ$) = -20.37569223157218
correctionProbability (#ИВПН$ -> #ИВАН$) = -7.821777107061163
correctionProbability (#SKAAT$ -> #SKACHAT$) = -77.57255659056551
correctionProbability (#ХРЕЗИПТЕР$ -> #ХРИЗИПТЕРА$) = -101.0874909350955
correctionProbability (#ЛОВАНДОЙ$ -> #ЛАВАНДОЙ$) = -20.52902307445578
correctionProbability (#БИДЭ$ -> #БИДЕ$) = -14.94352015660974
correctionProbability (#ПЕРЕПЕШИТЕ$ -> #ПЕРЕПИШИТЕ$) = -24.06223744337381
correctionProbability (#DOSCH$ -> #BOSCH$) = -11.36427079563904
correctionProbability (#ИНТЭРНЭТ$ -> #ИНТЕРНЕТ$) = -70.76151041722026
correctionProbability (#ИНОСТРАНЫЕ$ -> #ИНОСТРАННЫЕ$) = -20.191807902922797
correctionProbability (#ПРИСТАНЕ$ -> #ПРИСТАНИ$) = -18.867087592954256
correctionProbability (#ПОДЛ$ -> #ПОД$) = -6.099276928879515
correctionProbability (#СИКАЧАТЬ$ -> #СКАЧАТЬ$) = -4.987583813390868
correctionProbability (#ФОТГРАФИИ$ -> #ФОТОГРАФИИ$) = -13.078381536272907
correctionProbability (#SEKIC$ -> #SEKIS$) = -13.44124891349843
correctionProbability (#ЗНАКТ$ -> #ЗНАКИ$) = -8.772792321061036
correctionProbability (#ГОНААРОВА$ -> #ГОНЧАРОВА$) = -17.758836570177323
correctionProbability (#ПРОГНОХ$ -> #ПРОГНОЗ$) = -8.383539110579093
correctionProbability (#ЕЛЕКТРОДУХОВКИ$ -> #ЭЛЕКТРОДУХОВКИ$) = -29.69847445171724
correctionProbability (#ЧЕРЕПИЦЯ$ -> #ЧЕРЕПИЦА$) = -17.80662864846927
correctionProbability (#ХИНКЕВИЧ$ -> #ХИЛЬКЕВИЧ$) = -84.12948397117309
correctionProbability (#ВАКАНСЙ$ -> #ВАКАНСИИ$) = -73.51525320024095
correctionProbability (#МОДЖНО$ -> #МОЖНО$) = -7.016385639763744
correctionProbability (#НАПРИЖЕНИЯ$ -> #НАПРЯЖЕНИЯ$) = -16.402773130332086
correctionProbability (#ВАКАНСИ$ -> #ВАКАНСИИ$) = -8.732380764334273
correctionProbability (#РЭНЧЕР$ -> #РАНЧЕР$) = -17.011650876979
correctionProbability (#РЕВМОТОИДНЫЙ$ -> #РЕВМАТОИДНЫЙ$) = -22.63012285927725
correctionProbability (#ПОМЕШЕНИЯ$ -> #ПОМЕЩЕНИЯ$) = -14.879494978284946
correctionProbability (#ОЖВАТ$ -> #ОХВАТ$) = -20.449662204491784
correctionProbability (#РЕГІСТРАТУРА$ -> #РЕГИСТРАТУРА$) = -16.545123308172244
correctionProbability (#КОМНЯХ$ -> #КАМНЯХ$) = -14.913902689719247
correctionProbability (#ЦИКО$ -> #ЦИКЛ$) = -12.125696603116982
correctionProbability (#ПОЗЖРАВЛЕНИЕ$ -> #ПОЗДРАВЛЕНИЕ$) = -13.667543258269205
correctionProbability (#ГРОКАМ$ -> #ИГРОКАМ$) = -22.627587608669273
correctionProbability (#ГРОПРИНАЗИН$ -> #ГРОПРИНОСИН$) = -87.31477880628883
correctionProbability (#ТРАВНИНСКОЕ$ -> #ТРАВИНСКОЕ$) = -38.13081921104009
correctionProbability (#СИНОНОИМ$ -> #СИНОНИМ$) = -15.176696967521778
correctionProbability (#СОЧТАВ$ -> #СОСТАВ$) = -9.358866455109162
correctionProbability (#ПШОНО$ -> #ПШЕНО$) = -16.593502443910776
correctionProbability (#ДОГООВРА$ -> #ДОГОВОРА$) = -80.68992966673619
correctionProbability (#МОЛОЛЕДКА$ -> #МАЛОЛЕТКА$) = -80.95084180728615
correctionProbability (#ВОРМУЛА$ -> #ФОРМУЛА$) = -9.431401580073072
correctionProbability (#МЕЖРАССТВТЕ$ -> #МЕЖРАССОВОЕ$) = -88.33980996183544
correctionProbability (#ЭВРО$ -> #ЕВРО$) = -7.479347472903694
correctionProbability (#EKATIRINA$ -> #EKATERINA$) = -20.079630284612477
correctionProbability (#БРИЛКЕ$ -> #БРЕЛКЕ$) = -18.83231026209469
correctionProbability (#ПРАВЕЛЬНА$ -> #ПРАВИЛЬНО$) = -74.26532315478289
correctionProbability (#ЖЕСКАЯ$ -> #ЖЕСТКАЯ$) = -17.70152734749137
correctionProbability (#СТОМОТОЛОГИЮ$ -> #СТОМАТОЛОГИЮ$) = -21.837277622581674
correctionProbability (#ИНОСТРАНЫЙ$ -> #ИНОСТРАННЫЙ$) = -21.156392013622224
correctionProbability (#ЖЕЩИНЫ$ -> #ЖЕНЩИНЫ$) = -8.873545365119597
correctionProbability (#ЬЫСТРО$ -> #БЫСТРО$) = -8.970168469979978
correctionProbability (#ГРИВНИ$ -> #ГРИВНЫ$) = -13.918595159626218
correctionProbability (#СТОМОТОЛОГИЯ$ -> #СТОМАТОЛОГИЯ$) = -15.026059357115209
correctionProbability (#РЕМАМ$ -> #КРЕМОМ$) = -80.12044277061513
correctionProbability (#М1СЯЦ1В$ -> #МЕСЯЦЕВ$) = -76.53492267057548
correctionProbability (#КРАИСВЫЕ$ -> #КРАСИВЫЕ$) = -75.16579320819139
correctionProbability (#ОЗНАСАЕТ$ -> #ОЗНАЧАЕТ$) = -12.12446243176985
correctionProbability (#ТЭГОС$ -> #ТЕГОС$) = -14.363609026847495
correctionProbability (#РОЖЛЕНИЕ$ -> #РОЖДЕНИЕ$) = -13.02336028637803
correctionProbability (#ПРОНРАММЫ$ -> #ПРОГРАММЫ$) = -12.357662850022187
correctionProbability (#НЕСОВЕРШЕНОЛЕТНЕМУ$ -> #НЕСОВЕРШЕННОЛЕТНЕМУ$) = -33.37858632485866
correctionProbability (#ЛШИ$ -> #ЛИ$) = -6.2364787009971465
correctionProbability (#РАЗКАЗИ$ -> #РАССКАЗЫ$) = -140.6955137125206
correctionProbability (#ВАТСВП$ -> #ВАТСАП$) = -8.575245211525274
correctionProbability (#PIONER$ -> #PIONEER$) = -16.401235165313786
correctionProbability (#ПВЛЕСОС$ -> #ПЫЛЕСОС$) = -11.541272642875704
correctionProbability (#ИГРАКУ$ -> #ИГРОКУ$) = -13.788894286913102
correctionProbability (#ПЕНРЕСЧЕТ$ -> #ПЕРЕСЧЕТ$) = -23.15673533543677
correctionProbability (#МИНАЕВОЙ$ -> #МИНЯЕВОЙ$) = -19.831765989567558
correctionProbability (#RINAIR$ -> #RYANAIR$) = -83.4232207011777
correctionProbability (#ВЕРИАЛ$ -> #СЕРИАЛ$) = -4.093300185548092
correctionProbability (#МАЛЧИКОВ$ -> #МАЛЬЧИКОВ$) = -11.078417292097186
correctionProbability (#ЛИЗЕТ$ -> #ЛИЖЕТ$) = -12.611359990768893
correctionProbability (#ЭКСПР$ -> #ЭКСПРЕСС$) = -142.30392909235565
correctionProbability (#ПРЕОБРЕСТИ$ -> #ПРИОБРЕСТИ$) = -18.036757550178876
correctionProbability (#ЮТЕИР$ -> #ЮТЕЙР$) = -15.526831601376148
correctionProbability (#СЕРЯЛЬ$ -> #СЕРИАЛ$) = -136.69301570511186
correctionProbability (#ВЫИДЕТ$ -> #ВЫЙДЕТ$) = -13.802258566210345
correctionProbability (#ЕСТЕЙТ$ -> #ЭСТЕЙТ$) = -19.788330888695075
correctionProbability (#XXAMSTER$ -> #XHAMSTER$) = -14.568501509372027
correctionProbability (#МЕТАЛУРГ$ -> #МЕТАЛЛУРГ$) = -17.905379987292193
correctionProbability (#КУКЛІНА$ -> #КУКЛИНА$) = -13.912457206612878
correctionProbability (#YOUTUBW$ -> #YOUTUBE$) = -6.39870228538684
correctionProbability (#НАДУВА$ -> #НАДДУВА$) = -22.312499852419123
correctionProbability (#ПРОГНОЭ$ -> #ПРОГНОЗ$) = -8.384589778211932
correctionProbability (#ПОМЕШЕНИЙ$ -> #ПОМЕЩЕНИЙ$) = -14.445154292586004
correctionProbability (#КУПИИТ$ -> #КУПИТЬ$) = -69.15678317534223
correctionProbability (#АРОМАШЭВО$ -> #АРОМАШЕВО$) = -23.11621035771769
correctionProbability (#БРИТАННИКА$ -> #БРИТАНИКА$) = -26.243949638414726
correctionProbability (#ПІСЬНЮ$ -> #ПІСНЮ$) = -15.70481845902044
correctionProbability (#БЕТХВЕНА$ -> #БЕТХОВЕНА$) = -19.70292092081079
correctionProbability (#БАЛОНЬЕЗА$ -> #БОЛОНЬЕЗЕ$) = -85.59951969772172
correctionProbability (#ФРТНАЙТ$ -> #ФОРТНАЙТ$) = -13.645602410861983
correctionProbability (#КНОПОЧ$ -> #КНОПОЧНЫЙ$) = -149.37461330307266
correctionProbability (#YOUTUBT$ -> #YOUTUBE$) = -6.398811077611931
correctionProbability (#НАЗОВІ$ -> #НАЗОВИ$) = -14.817546268836185
correctionProbability (#КОМСОМЛЬСКАЯ$ -> #КОМСОМОЛЬСКАЯ$) = -18.94961269837261
correctionProbability (#ХАРАКИЕРИСТИКИ$ -> #ХАРАКТЕРИСТИКИ$) = -16.921748102102065
correctionProbability (#БИСТРОГО$ -> #БЫСТРОГО$) = -15.147984489026712
correctionProbability (#СОГОДНІ$ -> #СЬОГОДНІ$) = -17.77410819572617
correctionProbability (#ПИКИНСКОЙ$ -> #ПЕКИНСКОЙ$) = -18.642617183544616
correctionProbability (#ПРОНРАММА$ -> #ПРОГРАММА$) = -8.592386464340827
correctionProbability (#ДЕТЕТЙ$ -> #ДЕТЕЙ$) = -6.031354541058256
correctionProbability (#ГРРИ$ -> #ГАРРИ$) = -7.983860758241054
correctionProbability (#РАЗЬЕМА$ -> #РАЗЪЕМА$) = -17.931393201759107
correctionProbability (#ГОРИЗАНТАЛИ$ -> #ГОРИЗОНТАЛИ$) = -22.789973572872654
correctionProbability (#ГОРДОЯ$ -> #ГОРДАЯ$) = -14.61935301432312
correctionProbability (#UNDEGRAUND$ -> #UNDERGROUND$) = -86.09747268468817
correctionProbability (#ОЦИНКОВАНЫЙ$ -> #ОЦИНКОВАННЫЙ$) = -21.88168019157039
correctionProbability (#НЕМЕТСКИЕ$ -> #НЕМЕЦКИЕ$) = -81.51173416584685
correctionProbability (#ХАЙНЯНЬ$ -> #ХАЙНАНЬ$) = -13.84576676895989
correctionProbability (#ОТСЕТ$ -> #ОТЧЕТ$) = -10.47913278100754
correctionProbability (#ИЛЮЗИЙ$ -> #ИЛЛЮЗИЙ$) = -18.385127835117316
correctionProbability (#БОНГАСАМС$ -> #БОНГАКАМС$) = -15.736471264728024
correctionProbability (#ВЫЗДОРОВИТЬ$ -> #ВЫЗДОРОВЕТЬ$) = -26.676220277414487
correctionProbability (#РОСССИИИ$ -> #РОССИИ$) = -74.2500230171242
correctionProbability (#СТОМОТОЛОГИИ$ -> #СТОМАТОЛОГИИ$) = -18.913980610006085
correctionProbability (#ТОЬОЙ$ -> #ТОБОЙ$) = -10.061739095228699
correctionProbability (#ГРАММОТНЫЙ$ -> #ГРАМОТНЫЙ$) = -25.291303665971526
correctionProbability (#ФЛИПЕР$ -> #ФЛИППЕР$) = -21.25099913021627
correctionProbability (#ОЛАДИКИ$ -> #ОЛАДЬИ$) = -79.41266172091649
correctionProbability (#ХАРАКИЕРИСТИКА$ -> #ХАРАКТЕРИСТИКА$) = -17.119211256664748
correctionProbability (#ПЛОЩЯДКА$ -> #ПЛОЩАДКА$) = -13.378258422076613
correctionProbability (#БОНШАКАМС$ -> #БОНГАКАМС$) = -15.708687222512921
correctionProbability (#АЛЕКСИР$ -> #ЭЛИКСИР$) = -82.69377171917156
correctionProbability (#СИЗОНА$ -> #СЕЗОНА$) = -12.463140865582542
correctionProbability (#РЕЕРАТ$ -> #РЕФЕРАТ$) = -11.282264823191674
correctionProbability (#FORSDROP$ -> #FORCEDROP$) = -84.65428750141042
correctionProbability (#ИНЦЕДЕНТ$ -> #ИНЦИДЕНТ$) = -17.458351801803936
correctionProbability (#ПЛОСКАСТИ$ -> #ПЛОСКОСТИ$) = -16.639663968819562
correctionProbability (#ВИГАТЧИНО$ -> #ГАТЧИНА$) = -149.7119372830413
correctionProbability (#ХОЕНШВАНГАУ$ -> #ХОЭНШВАНГАУ$) = -30.031955294742566
correctionProbability (#БЛИМАЛ$ -> #БИЛИМАЛ$) = -13.58274691065565
correctionProbability (#ODYSEY$ -> #ODYSSEY$) = -18.219828178044395
correctionProbability (#РАЗЬЕМЕ$ -> #РАЗЪЕМЕ$) = -23.362995722775224
correctionProbability (#1BET$ -> #1XBET$) = -10.456997870471259
correctionProbability (#ТРАНСПОРНОГО$ -> #ТРАНСПОРТНОГО$) = -21.15148751412206
correctionProbability (#ПОХАТЬ$ -> #ПАХАТЬ$) = -19.418828532258946
correctionProbability (#АРСКА$ -> #ОРСКА$) = -14.423750283986667
correctionProbability (#ТЕОЕГРАМ$ -> #ТЕЛЕГРАММ$) = -79.7552179377643
correctionProbability (#ЦЕТРЫ$ -> #ЦЕНТРЫ$) = -12.211977113301682
correctionProbability (#ГРУСНИЕ$ -> #ГРУСТНЫЕ$) = -80.46425815610262
correctionProbability (#НИЖНИГО$ -> #НИЖНЕГО$) = -12.39421564856805
correctionProbability (#ТАКСОПЛАЗМОЗ$ -> #ТОКСОПЛАЗМОЗ$) = -23.46035660672441
correctionProbability (#ДОВАВИТЬ$ -> #ДОБАВИТЬ$) = -13.410191289151214
correctionProbability (#КРКОСОВОЕ$ -> #КОКОСОВОЕ$) = -18.80693707981016
correctionProbability (#АВТОБЦС$ -> #АВТОБУС$) = -10.081090777817252
correctionProbability (#SINEMA$ -> #CINEMA$) = -14.418652061254246
correctionProbability (#УНИТ$ -> #ЮНИТ$) = -17.54248426708634
correctionProbability (#КУЫРШАК$ -> #ҚУЫРШАҚ$) = -85.22108086361996
correctionProbability (#ПЕРЕВОДЧКИ$ -> #ПЕРЕВОДЧИК$) = -76.48156037843749
correctionProbability (#НАВИГАТО$ -> #НАВИГАТОР$) = -14.893582908702733
correctionProbability (#ННОВОСТИ$ -> #НОВОСТИ$) = -6.668130570634965
correctionProbability (#САМОСДЕЛКИ$ -> #САМОДЕЛКИ$) = -17.220805250362723
correctionProbability (#ODPUSKAY$ -> #OTPUSKAY$) = -23.3640732396804
correctionProbability (#ЖЕЩИНА$ -> #ЖЕНЩИНА$) = -9.680391735771408
correctionProbability (#ВАРЙЕЙС$ -> #ВАРФЕЙС$) = -10.397785076882236
correctionProbability (#БОЛИШИЕ$ -> #БОЛЬШИЕ$) = -9.844162085042399
correctionProbability (#ПЕЩЕВОЙ$ -> #ПИЩЕВОЙ$) = -15.125512684746028
correctionProbability (#ЭФЕР$ -> #ЭФИР$) = -5.697993226986927
correctionProbability (#QEL$ -> #GEL$) = -13.660176552723886
correctionProbability (#ДРАЖЖЕ$ -> #ДРАЖЕ$) = -19.56574510207486
correctionProbability (#DRAVING$ -> #DRIVING$) = -15.952631046814211
correctionProbability (#ОЦИНКОВАНЫЕ$ -> #ОЦИНКОВАННЫЕ$) = -23.106342168217317
correctionProbability (#ДЕРЕВЕЯ$ -> #ДЕРЕВНЯ$) = -11.940237980756038
correctionProbability (#ГРПП$ -> #ГРУПП$) = -11.51320134698933
correctionProbability (#БУКЕНГ$ -> #БУКИНГ$) = -10.87580804129708
correctionProbability (#СЕРИФИКАТ$ -> #СЕРТИФИКАТ$) = -14.719901175811259
correctionProbability (#РЕНОМЭ$ -> #РЕНОМЕ$) = -20.979391869220887
correctionProbability (#ОУТБЕК$ -> #АУТБЕК$) = -16.887095761588608
correctionProbability (#ТАМОГОЧИ$ -> #ТАМАГОЧИ$) = -18.179256230392646
correctionProbability (#КАУЛЫ$ -> #ҚАУЛЫ$) = -19.828905230703658
correctionProbability (#ЭВТОНАЗИЯ$ -> #ЭВТАНАЗИЯ$) = -21.23567396079433
correctionProbability (#ТЕТАНОВ$ -> #ТИТАНОВ$) = -13.946899282636927
correctionProbability (#ВАКАНСЯ$ -> #ВАКАНСИЯ$) = -13.491907678651522
correctionProbability (#TRIPMUYDREAM$ -> #TRIPMYDREAM$) = -23.860741245929944
correctionProbability (#РЕТЦЕПТ$ -> #РЕЦЕПТ$) = -8.710945559274908
correctionProbability (#РАЗКАЗЫ$ -> #РАССКАЗЫ$) = -75.9817369178703
correctionProbability (#НАСЛЕДНИЕ$ -> #НАСЛЕДИЕ$) = -16.270666636285682
correctionProbability (#ПОДСЛУШ$ -> #ПОДСЛУШАНО$) = -144.8489028287297
correctionProbability (#МАНДИГО$ -> #МАНДИНГО$) = -25.308034409903847
correctionProbability (#ВЕТРЯНИЙ$ -> #ВЕТРЕНЫЙ$) = -76.85745310731522
correctionProbability (#ЭВИРЕСТ$ -> #ЭВЕРЕСТ$) = -12.632422693031998
correctionProbability (#ГОВЯЖЕГО$ -> #ГОВЯЖЬЕГО$) = -21.435689053901953
correctionProbability (#ВНООСИТЬ$ -> #ВНОСИТЬ$) = -20.591657211323906
correctionProbability (#СЕРЕБРЯНИКОВ$ -> #СЕРЕБРЕННИКОВ$) = -90.72986326852066
correctionProbability (#АЛЕКСЕВ$ -> #АЛЕКСЕЕВ$) = -16.561394213092846
correctionProbability (#ОПЕРАЦЫЯ$ -> #ОПЕРАЦИЯ$) = -11.994653171843275
correctionProbability (#ЭОО$ -> #ЭТО$) = -2.859177650393459
correctionProbability (#ДЯВОЛ$ -> #ДЬЯВОЛ$) = -13.588047610275712
correctionProbability (#ПІЛЬНИЙ$ -> #СПІЛЬНИЙ$) = -25.601467029698483
correctionProbability (#ТРУЛИ$ -> #ТРУЛЛИ$) = -26.053103335449578
correctionProbability (#SPOTJIGHT$ -> #SPOTLIGHT$) = -15.789217482242215
correctionProbability (#ЧЕРЕМХОВА$ -> #ЧЕРЕМХОВО$) = -18.689342490225876
correctionProbability (#ПАРЕНЮ$ -> #ПАРЕНЬ$) = -9.900311205836527
correctionProbability (#CENTRY$ -> #CENTURY$) = -17.233760482852006
correctionProbability (#АМПИЦИЛИН$ -> #АМПИЦИЛЛИН$) = -23.87092849595205
correctionProbability (#ОКАЗ$ -> #ОТКАЗ$) = -13.293221913355058
correctionProbability (#УХОЖИВАЛИ$ -> #УХАЖИВАЛИ$) = -27.207869079148956
correctionProbability (#БОВАРИИ$ -> #БАВАРИИ$) = -19.348845812359386
correctionProbability (#ПРОДАДИ$ -> #ПРОДАЖИ$) = -11.474421995438497
correctionProbability (#МАЙКРАСОФТ$ -> #МАЙКРОСОФТ$) = -16.81389687317705
correctionProbability (#ГОРДОВ$ -> #ГОРОДОВ$) = -13.874116401816572
correctionProbability (#КЛИНИКАЛ$ -> #КЛИНИКА$) = -12.130296307307773
correctionProbability (#ГРУГ$ -> #КРУГ$) = -8.526895251488572
correctionProbability (#АМАТЫ$ -> #АЛМАТЫ$) = -7.7619626255788
correctionProbability (#КАЛИНИНГРПД$ -> #КАЛИНИНГРАД$) = -13.299884120119877
correctionProbability (#ПОЖЕ$ -> #ПОЗЖЕ$) = -16.474528919714306
correctionProbability (#ЛАЗЕРЬ$ -> #ЛАЗЕР$) = -16.00693534176352
correctionProbability (#НОВОККЗНЕЦК$ -> #НОВОКУЗНЕЦК$) = -15.05640581532164
correctionProbability (#ДЕФФЕКТ$ -> #ДЕФЕКТ$) = -20.657813059091804
correctionProbability (#ПОЖА$ -> #ПОЖАР$) = -11.719673086854204
correctionProbability (#ВАТСАР$ -> #ВАТСАП$) = -8.532397694445795
correctionProbability (#INSATGRAM$ -> #INSTAGRAM$) = -80.86993591515215
correctionProbability (#ЭЛЕКТРОЦИТЫ$ -> #ЭРИТРОЦИТЫ$) = -152.2789365062275
correctionProbability (#ПРОДАДА$ -> #ПРОДАЖА$) = -7.456626754810735
correctionProbability (#АНДРИАНО$ -> #АДРИАНО$) = -19.39416201143551
correctionProbability (#ПРЫДОК$ -> #ПРЫЖОК$) = -14.839371416878446
correctionProbability (#АЗИЗЯНЕР$ -> #АЗИЗЯННЕР$) = -23.30716880326669
correctionProbability (#ИМКОСМЕТПК$ -> #ИМКОСМЕТИК$) = -24.52768961210701
correctionProbability (#QFF$ -> #OFF$) = -12.067618554962994
correctionProbability (#INSTAGRAMA$ -> #INSTAGRAM$) = -15.517232521894108
correctionProbability (#ЩАЦЕПИЛА$ -> #ЗАЦЕПИЛА$) = -13.048725253713052
correctionProbability (#ЗАЩИМЛЕНИИ$ -> #ЗАЩЕМЛЕНИИ$) = -23.38610510575719
correctionProbability (#ВАТСАМ$ -> #ВАТСАП$) = -8.535040851840282
correctionProbability (#БІТЬ$ -> #БЫТЬ$) = -7.402965707644839
correctionProbability (#ЗНАНИ$ -> #ЗНАНИЙ$) = -13.284108892986357
correctionProbability (#КРИМСКИЙ$ -> #КРЫМСКИЙ$) = -14.883958035497493
correctionProbability (#ВЗЛАМ$ -> #ВЗЛОМ$) = -8.958900508594898
correctionProbability (#ОПТИУМ$ -> #ОПТИМУМ$) = -20.87723341476614
correctionProbability (#RASSEL$ -> #RUSSELL$) = -83.44781414248861
correctionProbability (#ШАЛЛЕ$ -> #ШАЛЕ$) = -17.03944268599592
correctionProbability (#ЭЛДЕЙ$ -> #ЭЛДЖЕЙ$) = -13.600532935348863
correctionProbability (#ХЬЮНДАЙ$ -> #ХУНДАЙ$) = -80.03216851499981
correctionProbability (#INSTAGRAME$ -> #INSTAGRAM$) = -15.516618742528514
correctionProbability (#ДЖЕЙСЕН$ -> #ДЖЕЙСОН$) = -14.955338795347025
correctionProbability (#ТРЕПЬЕВА$ -> #ОТРЕПЬЕВА$) = -35.35023076005074
correctionProbability (#ПРИОБРАЗОВАТЬ$ -> #ПРЕОБРАЗОВАТЬ$) = -21.939577080323062
correctionProbability (#МАТНКРАФТ$ -> #МАЙНКРАФТ$) = -7.942882103523225
correctionProbability (#НОВОРОСИЙСКА$ -> #НОВОРОССИЙСКА$) = -22.051233760307213
correctionProbability (#ПЕРЕВОДЧИЧ$ -> #ПЕРЕВОДЧИК$) = -8.662613095200506
correctionProbability (#ТРОФОРЕТ$ -> #ТРАФАРЕТ$) = -76.77806388309341
correctionProbability (#НАЦТИ$ -> #НАЙТИ$) = -6.8961284287862945
correctionProbability (#СТЕЦЕНКА$ -> #СТЕЦЕНКО$) = -21.38527384384431
correctionProbability (#BELARUSPARTISAN$ -> #BELARUSPARTIZAN$) = -34.7946079712076
correctionProbability (#РЕБКНКА$ -> #РЕБЕНКА$) = -8.2283872745749
correctionProbability (#ОБСАЛЮТНО$ -> #АБСОЛЮТНО$) = -84.27122022334463
correctionProbability (#ПОЛЬЗВАТЬСЯ$ -> #ПОЛЬЗОВАТЬСЯ$) = -17.068758931718158
correctionProbability (#ЕОТОРЫЙ$ -> #КОТОРЫЙ$) = -10.949053753925455
correctionProbability (#ROBERTINI$ -> #ROBERTINO$) = -28.511043202500353
correctionProbability (#ЕОТОРЫЕ$ -> #КОТОРЫЕ$) = -9.396896167786238
correctionProbability (#МАТЕРИЛОВ$ -> #МАТЕРИАЛОВ$) = -15.708321413022638
correctionProbability (#ХХХН$ -> #ХХХ$) = -9.617386731139376
correctionProbability (#ПОЕС$ -> #ПОЯС$) = -11.470112182064785
correctionProbability (#ХАИДА$ -> #ХАКИДА$) = -17.794668169967768
correctionProbability (#УЧЕТНИК$ -> #УЧЕБНИК$) = -9.036419501698937
correctionProbability (#ЛИСТВИНИЦА$ -> #ЛИСТВЕННИЦА$) = -85.96635190614276
correctionProbability (#УЛЬТРОЗВУК$ -> #УЛЬТРАЗВУК$) = -21.301017057657454
correctionProbability (#ПОЕР$ -> #ПОВЕР$) = -14.140849314208833
correctionProbability (#МАЛИФИСИЕНТА$ -> #МАЛЕФИСЕНТА$) = -81.0929507661432
correctionProbability (#REDIM$ -> #REDMI$) = -78.12833365676595
correctionProbability (#RICON$ -> #RICOH$) = -16.400050538176277
correctionProbability (#ПОМЕШЕНИЕ$ -> #ПОМЕЩЕНИЕ$) = -15.677540963939443
correctionProbability (#ПОЕК$ -> #ПАЕК$) = -18.497092602108562
correctionProbability (#ONLAYIN$ -> #ONLAYN$) = -18.058941522222522
correctionProbability (#БЭСПЛАТНИ$ -> #БЕСПЛАТНИ$) = -23.712860332032243
correctionProbability (#ГОМЕЛ$ -> #ГОМЕЛЬ$) = -11.639690709774424
correctionProbability (#ПЕРЕВОДЧИТ$ -> #ПЕРЕВОДЧИК$) = -8.662395498913291
correctionProbability (#БИТКОЙНОВ$ -> #БИТКОИНОВ$) = -20.383660329689278
correctionProbability (#ДОГООВРУ$ -> #ДОГОВОРУ$) = -82.19306964518327
correctionProbability (#ВЫЗАВ$ -> #ВЫЗОВ$) = -11.380152688581735
correctionProbability (#КУЙБВШЕВ$ -> #КУЙБЫШЕВ$) = -19.183181242691383
correctionProbability (#YOUTUBI$ -> #YOUTUBE$) = -6.395082633988487
correctionProbability (#МИКРАЙОН$ -> #МИКРОРАЙОН$) = -83.80369333292839
correctionProbability (#СВОРИТЬ$ -> #СВАРИТЬ$) = -13.232550918807576
correctionProbability (#КВКИЕ$ -> #КАКИЕ$) = -5.856912783746839
correctionProbability (#АРКХЭМА$ -> #АРКХЕМА$) = -23.815137582591042
correctionProbability (#HUSHH$ -> #HUSH$) = -20.99616675690824
correctionProbability (#SEKES$ -> #SEKS$) = -11.390363828874978
correctionProbability (#ГАВСКАЯ$ -> #ГАЕВСКАЯ$) = -27.25569488456678
correctionProbability (#РАЧУ$ -> #ВРАЧУ$) = -8.723086431516506
correctionProbability (#ПОЕД$ -> #ПОЕЗД$) = -8.65225432098558
correctionProbability (#ПАРКОВСКИЙ$ -> #ПАШКОВСКИЙ$) = -21.870335716591867
correctionProbability (#READERA$ -> #READER$) = -16.890512476124517
correctionProbability (#СТАФИЛОКОКА$ -> #СТАФИЛОКОККА$) = -22.45538464337821
correctionProbability (#ЛЫТ$ -> #ЛІТ$) = -16.81044530784386
correctionProbability (#ФАБИА$ -> #ФАБИЯ$) = -15.430884462896078
correctionProbability (#ПЛЭЙЛИСТ$ -> #ПЛЕЙЛИСТ$) = -16.171069247168376
correctionProbability (#ГОМЕЗ$ -> #ГОМЕС$) = -14.062682687874432
correctionProbability (#ШВЕТСКАЯ$ -> #ШВЕДСКАЯ$) = -16.663431264017667
correctionProbability (#НОВОСТБИРСКЕ$ -> #НОВОСИБИРСКЕ$) = -15.162436843187486
correctionProbability (#СОВМЕСНЫЕ$ -> #СОВМЕСТНЫЕ$) = -14.051675646374697
correctionProbability (#ЦЭНТР$ -> #ЦЕНТР$) = -5.600370481676848
correctionProbability (#КОНАРА$ -> #КОНОРА$) = -16.55775585415765
correctionProbability (#ХУНЗЯО$ -> #ХУНЦЯО$) = -32.1367165897161
correctionProbability (#ЗІВЕРТ$ -> #ЗИВЕРТ$) = -12.552060745957956
correctionProbability (#КАПЛУКАХ$ -> #КАБЛУКАХ$) = -18.1355050146447
correctionProbability (#ДГЕМ$ -> #ДНЕМ$) = -4.219267825327979
correctionProbability (#УТАНОВКА$ -> #УСТАНОВКА$) = -11.47275114195238
correctionProbability (#ПЕСЕНЬКИ$ -> #ПЕСЕНКИ$) = -12.58264990313252
correctionProbability (#ПРСМОТРА$ -> #ПРОСМОТРА$) = -16.95596369572219
correctionProbability (#СКРОЛЬКО$ -> #СКОЛЬКО$) = -8.52653301594951
correctionProbability (#ФУДБОЛ$ -> #ФУТБОЛ$) = -6.896595187864815
correctionProbability (#CHATERBATE$ -> #CHATURBATE$) = -18.775656986438122
correctionProbability (#ВЛВДИВОСТОКЕ$ -> #ВЛАДИВОСТОКЕ$) = -16.988486108558362
correctionProbability (#СГРУПИРУЙТЕ$ -> #СГРУППИРУЙТЕ$) = -28.03328218659346
correctionProbability (#ВАЛШЕБНАЯ$ -> #ВОЛШЕБНАЯ$) = -16.537802451363362
correctionProbability (#ВАНЯЕТ$ -> #ВОНЯЕТ$) = -17.50394319472377
correctionProbability (#ПЕРЕЛО$ -> #ПЕРЕЛОМ$) = -14.448397219106624
correctionProbability (#ЖЕЛЕЗНОГРСК$ -> #ЖЕЛЕЗНОГОРСК$) = -20.926745363288767
correctionProbability (#БОЛЬШИМЫ$ -> #БОЛЬШИМИ$) = -13.91106478609045
correctionProbability (#ТЕЛЕПООГРАММА$ -> #ТЕЛЕПРОГРАММА$) = -15.984275069415084
correctionProbability (#ЧЕЛАВЕКУ$ -> #ЧЕЛОВЕКУ$) = -14.742924606183443
correctionProbability (#ОПЕРАЦЫИ$ -> #ОПЕРАЦИИ$) = -12.004726674171579
correctionProbability (#LALALEND$ -> #LALALAND$) = -34.04831774734952
correctionProbability (#ПЕРЕВОДЧИЕ$ -> #ПЕРЕВОДЧИК$) = -8.657223416566119
correctionProbability (#ПОРТФОЛЕО$ -> #ПОРТФОЛИО$) = -13.88674302957066
correctionProbability (#ФЕМІЛІ$ -> #ФЭМИЛИ$) = -140.61243513504277
correctionProbability (#ЗАМОРИНОВАТЬ$ -> #ЗАМАРИНОВАТЬ$) = -20.519674605526667
correctionProbability (#ВАТСААП$ -> #ВАТСАП$) = -11.029993342282712
correctionProbability (#ФЛЭШЬ$ -> #ФЛЭШ$) = -13.78221838879907
correctionProbability (#ПЕСЕНЬКА$ -> #ПЕСЕНКА$) = -14.51210142090273
correctionProbability (#АВАРІЙКИ$ -> #АВАРИЙКИ$) = -22.418708888470583
correctionProbability (#ПЕРЕЛИ$ -> #ПИРЕЛЛИ$) = -82.06957879955324
correctionProbability (#ДОЛИМАНО$ -> #ДЕЛИМАНО$) = -21.126526588131263
correctionProbability (#ПЛЕТКИ$ -> #ПЛИТКИ$) = -11.834503155509953
correctionProbability (#РИССИИ$ -> #РОССИИ$) = -4.616167027785089
correctionProbability (#ФУДБОД$ -> #ФУТБОЛ$) = -71.65856765254522
correctionProbability (#ЗНАНЯ$ -> #ЗНАНИЯ$) = -14.638960860414354
correctionProbability (#ЛОГОНАКИ$ -> #ЛАГОНАКИ$) = -18.945347476268196
correctionProbability (#ОПРДЕЛИТЬ$ -> #ОПРЕДЕЛИТЬ$) = -14.29232852963893
correctionProbability (#СДЭЕ$ -> #СДЭК$) = -9.592005331820989
correctionProbability (#ДГЕЙ$ -> #ДНЕЙ$) = -4.825505567267868
correctionProbability (#ДОБРАТЬЯ$ -> #ДОБРАТЬСЯ$) = -14.234402416005231
correctionProbability (#МИКРОРАЙН$ -> #МИКРОРАЙОН$) = -18.458857691537474
correctionProbability (#ЭОТ$ -> #ЭТО$) = -70.6511677248734
correctionProbability (#СЬУШАТЬ$ -> #СЛУШАТЬ$) = -5.140521201140837
correctionProbability (#JAMP$ -> #JUMP$) = -15.463852442017856
correctionProbability (#ВЛАГАЛИЩЕЙ$ -> #ВЛАГАЛИЩЕ$) = -18.955482431171404
correctionProbability (#DELET$ -> #DELETE$) = -18.244331822863405
correctionProbability (#МИРИДОНОВА$ -> #СПИРИДОНОВА$) = -86.87208717748419
correctionProbability (#БИСПЛАТНЫЕ$ -> #БЕСПЛАТНЫЕ$) = -12.354913013325174
correctionProbability (#ИНОСТРАНОМ$ -> #ИНОСТРАННОМ$) = -24.345651515008086
correctionProbability (#КРИМЕНАЛ$ -> #КРИМИНАЛ$) = -13.741569800861953
correctionProbability (#ДЕПИЛАЙТ$ -> #ДЕЛАЙТ$) = -88.74792250994123
correctionProbability (#ПОТЕРА$ -> #ПОТТЕРА$) = -16.07554148810886
correctionProbability (#ИНОСТРАНОЙ$ -> #ИНОСТРАННОЙ$) = -22.33538386445578
correctionProbability (#НРУППА$ -> #ГРУППА$) = -7.547098399416203
correctionProbability (#ИАСТОПАТИЯ$ -> #МАСТОПАТИЯ$) = -20.229439127305547
correctionProbability (#ЕБОЛОВО$ -> #ЕБАЛОВО$) = -15.88276188108592
correctionProbability (#МАСТОПОТИЯ$ -> #МАСТОПАТИЯ$) = -20.19208780388886
correctionProbability (#ПАСПИСАНИЕ$ -> #РАСПИСАНИЕ$) = -9.666623737054259
correctionProbability (#РАССПИСАНИ$ -> #РАСПИСАНИЕ$) = -77.4300065054525
correctionProbability (#КОМЧАТКЕ$ -> #КАМЧАТКЕ$) = -18.227723419179355
correctionProbability (#МОДЕЛЬЯНИ$ -> #МОДИЛЬЯНИ$) = -22.376977842999338
correctionProbability (#HUSEN$ -> #HUSEYN$) = -21.115859816402494
correctionProbability (#ЗАРАС$ -> #ЗАПАС$) = -14.400451024548442
correctionProbability (#НЕТО$ -> #НЕТТО$) = -18.480477728425623
correctionProbability (#КЕШБЭК$ -> #КЭШБЭК$) = -9.069598981056789
correctionProbability (#ЛЕМБИ$ -> #ЛЕСБИ$) = -9.695324637966326
correctionProbability (#ВАРОТ$ -> #ВОРОТ$) = -12.198161214991305
correctionProbability (#КОРПОРОТИВ$ -> #КОРПОРАТИВ$) = -17.857152155201128
correctionProbability (#КВАДРАЦИКЛА$ -> #КВАДРОЦИКЛА$) = -18.734867807510426
correctionProbability (#ЭКСКОВАТОРЩИКОМ$ -> #ЭКСКАВАТОРЩИКОМ$) = -31.799109871036862
correctionProbability (#МАТРЕНЕ$ -> #МАТРОНЕ$) = -18.482413447611364
correctionProbability (#ДИЛЛЕРА$ -> #ДИЛЕРА$) = -15.651930276499176
correctionProbability (#XVIFEO$ -> #XVIDEO$) = -12.136693424825626
correctionProbability (#DESTENY$ -> #DESTINY$) = -16.052911059688768
correctionProbability (#ВАРОН$ -> #ВОРОН$) = -11.94315062328089
correctionProbability (#ВАСИЛЬВИЧ$ -> #ВАСИЛЬЕВИЧ$) = -16.52167041824815
correctionProbability (#ДИЛЛЕРИ$ -> #ДИЛЛЕРЫ$) = -21.621706851423582
correctionProbability (#ОНЛАТН$ -> #ОНЛАЙН$) = -0.6204440459496148
correctionProbability (#ЧМСТКА$ -> #ЧИСТКА$) = -11.003628720913259
correctionProbability (#MODELES$ -> #MODELS$) = -15.208991641436914
correctionProbability (#ZONBI$ -> #ZOMBI$) = -17.67123292882579
correctionProbability (#ШИННИЙ$ -> #ШИННЫЙ$) = -15.01077246179408
correctionProbability (#ЗАШИТЫ$ -> #ЗАЩИТЫ$) = -11.317544316365943
correctionProbability (#ELIZABET$ -> #ELIZABETH$) = -20.410912567997407
correctionProbability (#ГОМЗЕЛЕВА$ -> #ГАМЗЕЛЕВА$) = -34.75316596721955
correctionProbability (#ВАЛШЕБНИК$ -> #ВОЛШЕБНИК$) = -15.73143476524892
correctionProbability (#РЕДМИР$ -> #РАДМИР$) = -13.057479384181509
correctionProbability (#ЛЕСНИЦЫ$ -> #ЛЕСТНИЦЫ$) = -13.241833573302792
correctionProbability (#КВАТИРУ$ -> #КВАРТИРУ$) = -9.32288462374516
correctionProbability (#ЕКСЕЛЬ$ -> #ЭКСЕЛЬ$) = -13.252327330496268
correctionProbability (#РАСЧЕТНЫ$ -> #РАСЧЕТНЫЙ$) = -14.657528062789218
correctionProbability (#РОДИЛЬСЯ$ -> #РОДИЛСЯ$) = -16.661710900217116
correctionProbability (#TORENTOM$ -> #TORRENTOM$) = -26.499774326494723
correctionProbability (#АНГИЙСКИ$ -> #АНГЛИЙСКИ$) = -14.778345470399152
correctionProbability (#ВЕТРИН$ -> #ВИТРИН$) = -17.16171250162513
correctionProbability (#ФОРРУМ$ -> #ФОРУМ$) = -8.882074314342976
correctionProbability (#ККТО$ -> #КТО$) = -7.151237429803988
correctionProbability (#ЭСКАЧАТЬ$ -> #СКАЧАТЬ$) = -5.045895713483864
correctionProbability (#ЯКШО$ -> #ЯКЩО$) = -14.028606817836806
correctionProbability (#МУЗКУ$ -> #МУЗЫКУ$) = -7.492763178925632
correctionProbability (#REDNI$ -> #REDMI$) = -10.223222131128221
correctionProbability (#КРЫВОМ$ -> #КРИВОМ$) = -16.192938907331243
correctionProbability (#ХЕЛУВІН$ -> #ХЕЛОВІН$) = -18.117152640226735
correctionProbability (#VOXIDJON$ -> #VOHIDJON$) = -25.098980916220576
correctionProbability (#ХАРАКТРИСТИКА$ -> #ХАРАКТЕРИСТИКА$) = -17.700778581520254
correctionProbability (#MICRSOFT$ -> #MICROSOFT$) = -15.069204762313909
correctionProbability (#ДИРКТОР$ -> #ДИРЕКТОР$) = -13.917489199362052
correctionProbability (#СНИМАТСЯ$ -> #СНИМАТЬСЯ$) = -23.952814698868345
correctionProbability (#РУССОГО$ -> #РУССКОГО$) = -11.26659966399621
correctionProbability (#ЗАШИТНЫЕ$ -> #ЗАЩИТНЫЕ$) = -17.454366671812124
correctionProbability (#СОБСВЕННОМ$ -> #СОБСТВЕННОМ$) = -22.2297490276883
correctionProbability (#ІІЛЬМИ$ -> #ФІЛЬМИ$) = -13.582765286476299
correctionProbability (#ВТРАХЕР$ -> #ВТРАХЕ$) = -17.943816759243557
correctionProbability (#МОЛОКОСОСС$ -> #МОЛОКОСОС$) = -17.137791048752185
correctionProbability (#СМНИЙ$ -> #СИНИЙ$) = -7.275027908108978
correctionProbability (#СБКРБАНК$ -> #СБЕРБАНК$) = -6.031355258334642
correctionProbability (#ЮРМАРТ$ -> #ЮЛМАРТ$) = -12.54106705192331
correctionProbability (#ИВАНЕТЕЕВКЕ$ -> #ИВАНТЕЕВКЕ$) = -22.80389311677093
correctionProbability (#СПИИД$ -> #СПИД$) = -14.207605059128145
correctionProbability (#ГРИВИН$ -> #ГРИВЕН$) = -15.419390586075156
correctionProbability (#ТЕЛЕРЕДАЧ$ -> #ТЕЛЕПЕРЕДАЧ$) = -82.42514796807552
correctionProbability (#ВОЦНЫ$ -> #ВОЙНЫ$) = -7.688998126503144
correctionProbability (#ЛЬВ$ -> #ЛЕВ$) = -6.0334394057974166
correctionProbability (#ЗЕМЛЕИ$ -> #ЗЕМЛЕЙ$) = -15.145458229227156
correctionProbability (#КРОТКО$ -> #КРАТКО$) = -11.444109509874227
correctionProbability (#FAIHA$ -> #FATIHA$) = -25.306212400497714
correctionProbability (#ВЧЗАНИЕ$ -> #ВЯЗАНИЕ$) = -8.960933717310589
correctionProbability (#VETRINNI$ -> #VETRENNI$) = -23.841485532002288
correctionProbability (#АХМА$ -> #АХМАТ$) = -15.419558931689853
correctionProbability (#ИНЖЕНИРИНГ$ -> #ИНЖИНИРИНГ$) = -20.803056224526294
correctionProbability (#INSTAGRAMS$ -> #INSTAGRAM$) = -15.516005339656957
correctionProbability (#ЗЕРКЛЕ$ -> #ЗЕРКАЛЕ$) = -16.77780513786648
correctionProbability (#ТНТЕРНЕТ$ -> #ИНТЕРНЕТ$) = -5.979492009674777
correctionProbability (#МЕХАНИЗ$ -> #МЕХАНИЗМ$) = -15.20495168329981
correctionProbability (#КОМИСИОННЫЕ$ -> #КОМИССИОННЫЕ$) = -24.789367257831408
correctionProbability (#ОЛУЧИТЬ$ -> #ПОЛУЧИТЬ$) = -11.660962112291834
correctionProbability (#ЭСС$ -> #ЭССЕ$) = -11.18105646728974
correctionProbability (#ЗАНАДКА$ -> #ЗАГАДКА$) = -13.735314210943294
correctionProbability (#ВСПОМИНАПТ$ -> #ВСПОМИНАЕТ$) = -21.3648395958164
correctionProbability (#РАСЛ$ -> #РАССЕЛ$) = -80.31898039628582
correctionProbability (#ЛОЧЬ$ -> #ДОЧЬ$) = -8.388538372996369
correctionProbability (#БИРУЛИН$ -> #БИРЮЛИН$) = -32.92979381538121
correctionProbability (#СОВКОБАНК$ -> #СОВКОМБАНК$) = -15.8024901310283
correctionProbability (#ЕКСЕЛЕ$ -> #ЭКСЕЛЕ$) = -14.76829768588016
correctionProbability (#ГАБДУЛИНА$ -> #ГАБДУЛЛИНА$) = -25.738617180766845
correctionProbability (#ЛЕСНИЦУ$ -> #ЛЕСТНИЦУ$) = -16.72371344558374
correctionProbability (#ПРУЖИНИ$ -> #ПРУЖИНЫ$) = -15.413748687318389
correctionProbability (#МАТЕМТИКЕ$ -> #МАТЕМАТИКЕ$) = -11.54888385386458
correctionProbability (#ЯВЛЧЕТСЯ$ -> #ЯВЛЯЕТСЯ$) = -12.72715479032319
correctionProbability (#РАСИ$ -> #РОССИЯ$) = -136.7225758089127
correctionProbability (#ТИХАС$ -> #ТЕХАС$) = -16.411904405441877
correctionProbability (#ПОСИЛКА$ -> #ПОСЫЛКА$) = -13.196360482372427
correctionProbability (#ОПРИСИВАНИЯ$ -> #ОПРЫСКИВАНИЯ$) = -91.2098159263839
correctionProbability (#КОИОЛЬ$ -> #КОРОЛЬ$) = -7.9366236156009045
correctionProbability (#МЕТЯЯ$ -> #МИТЯЯ$) = -15.269292048274263
correctionProbability (#ПОТВЕРДИТЬ$ -> #ПОДТВЕРДИТЬ$) = -21.98354454753604
correctionProbability (#INSTAGRAMM$ -> #INSTAGRAM$) = -15.524472790756057
correctionProbability (#КАУИЕ$ -> #КАКИЕ$) = -5.830392448887103
correctionProbability (#ЗАНАДКИ$ -> #ЗАГАДКИ$) = -11.423189499092928
correctionProbability (#ПОДЬЕМУ$ -> #ПОДЪЕМУ$) = -24.387472338864114
correctionProbability (#АКАУНТОМ$ -> #АККАУНТОМ$) = -24.83055060624347
correctionProbability (#ЕЗЕТ$ -> #ЕСЕТ$) = -14.351085561917035
correctionProbability (#МАТЕМАТ$ -> #МАТЕМАТИКА$) = -142.65735971847616
correctionProbability (#ОНЛАУН$ -> #ОНЛАЙН$) = -0.6206045148794068
correctionProbability (#ЗЕРКЛО$ -> #ЗЕРКАЛО$) = -10.385277346394119
correctionProbability (#ПАЛУЧАЕТ$ -> #ПОЛУЧАЕТ$) = -16.645469002245612
correctionProbability (#ОТРЯТ$ -> #ОТРЯД$) = -10.493382189070442
correctionProbability (#ЭСЕ$ -> #ЭССЕ$) = -11.12906570688489
correctionProbability (#ДИЛДИ$ -> #ДИЛДО$) = -13.860250272597757
correctionProbability (#СЕРВЬКИНОЙ$ -> #СЕРЯБКИНОЙ$) = -88.49335967575435
correctionProbability (#ВІТАНЯ$ -> #ВІТАННЯ$) = -16.95501696127691
correctionProbability (#ДИЛЛЕРЫ$ -> #ДИЛЕРЫ$) = -15.995835298519072
correctionProbability (#MUSIK$ -> #MUSIC$) = -10.697946066777082
correctionProbability (#ЛКЕТУАЛЬ$ -> #ЛЕТУАЛЬ$) = -14.378178361728658
correctionProbability (#БІЛО$ -> #БЫЛО$) = -8.499890567796179
correctionProbability (#ОЛБОРГ$ -> #ОЛЬБОРГ$) = -23.9083702995851
correctionProbability (#КАСАДАКА$ -> #КОСАДАКА$) = -21.94078003644225
correctionProbability (#РАРЫ$ -> #ПАРЫ$) = -9.645500289343229
correctionProbability (#DRAYVER$ -> #DRIVER$) = -77.77517471839984
correctionProbability (#БОЛКОН$ -> #БАЛКОН$) = -12.95680981395159
correctionProbability (#СТЕФАНЕЛ$ -> #СТЕФАНЕЛЬ$) = -26.751338380037332
correctionProbability (#ПРИХОДОВАТЬ$ -> #ОПРИХОДОВАТЬ$) = -24.236813987023687
correctionProbability (#РАССШИРЕНИЕ$ -> #РАСШИРЕНИЕ$) = -19.333331533871153
correctionProbability (#МЕДСВИС$ -> #МЕДСВИСС$) = -23.914193784933097
correctionProbability (#ФЕНОЗЕПАМА$ -> #ФЕНАЗЕПАМА$) = -25.5785775817058
correctionProbability (#СООЬЩИЛИ$ -> #СООБЩИЛИ$) = -17.42222089000375
correctionProbability (#КАЛАСС$ -> #КЛАСС$) = -4.922985424696936
correctionProbability (#КОМЧАТКИ$ -> #КАМЧАТКИ$) = -17.59411638413109
correctionProbability (#БЕАПЛАТНЫЕ$ -> #БЕСПЛАТНЫЕ$) = -12.39953722859265
correctionProbability (#СУПЕРМЭНА$ -> #СУПЕРМЕНА$) = -18.152517682657127
correctionProbability (#ДЕЛЬТО$ -> #ДЕЛЬТА$) = -13.557170986739028
correctionProbability (#МОРШИНЫ$ -> #МОРЩИНЫ$) = -17.64855842664926
correctionProbability (#БОЕВЫК$ -> #БОЕВИК$) = -10.55969242941637
correctionProbability (#ОБЛОСТИ$ -> #ОБЛАСТИ$) = -6.0773946496119535
correctionProbability (#САХАОА$ -> #САХАРА$) = -12.429359535310017
correctionProbability (#МУЗМА$ -> #МУЗМО$) = -14.118512038107031
correctionProbability (#ВОЗРОСТАНИЯ$ -> #ВОЗРАСТАНИЯ$) = -22.689612333823433
correctionProbability (#ОФШОРНЫЕ$ -> #ОФФШОРНЫЕ$) = -24.048086901194452
correctionProbability (#CURICULUM$ -> #CURRICULUM$) = -24.441771995359808
correctionProbability (#ПОВЕ$ -> #ПОВЕР$) = -14.12896679345035
correctionProbability (#ЧАСТОТИ$ -> #ЧАСТОТЫ$) = -15.90837126054133
correctionProbability (#ГАБДУЛА$ -> #ГАБДУЛЛА$) = -22.956301546247303
correctionProbability (#ЗАДНІХ$ -> #ЗАДНИХ$) = -13.981035751705175
correctionProbability (#ПРОГРРАММА$ -> #ПРОГРАММА$) = -11.092743275446104
correctionProbability (#ФИЛОСОВСКОЕ$ -> #ФИЛОСОФСКОЕ$) = -24.35561178366364
correctionProbability (#METODIKI$ -> #METODIK$) = -22.935614422528914
correctionProbability (#СНИТСА$ -> #СНИТСЯ$) = -10.488200344141607
correctionProbability (#ОБЛОСТТ$ -> #ОБЛАСТИ$) = -70.85587649118825
correctionProbability (#ВИДОБРАЖЕННЯ$ -> #ВІДОБРАЖЕННЯ$) = -26.16906870952368
correctionProbability (#БАРХОТ$ -> #БАРХАТ$) = -15.251694860415899
correctionProbability (#ХАРЬУОВ$ -> #ХАРЬКОВ$) = -10.622011036459035
correctionProbability (#ЭТТ$ -> #ЭТО$) = -2.8842850039657897
correctionProbability (#ПОНТЕЛЕИМОН$ -> #ПАНТЕЛЕЙМОН$) = -89.51911030199153
correctionProbability (#ЧЕРАТО$ -> #ЦЕРАТО$) = -15.012314807013606
correctionProbability (#ТРАНСВИСТИТОМ$ -> #ТРАНСВЕСТИТОМ$) = -29.490851124575144
correctionProbability (#БИГГ$ -> #БИГ$) = -13.07240206419402
correctionProbability (#УЗНАТЬТ$ -> #УЗНАТЬ$) = -11.157821494887866
correctionProbability (#ЭТР$ -> #ЭТО$) = -2.875877499591123
correctionProbability (#ШПРДЖА$ -> #ШАРДЖА$) = -15.085078886063979
correctionProbability (#ПОСТРИМСКАЯ$ -> #КОСТРОМСКАЯ$) = -85.6978647830963
correctionProbability (#ОНЛАФН$ -> #ОНЛАЙН$) = -0.6213341484822585
correctionProbability (#ROKET$ -> #ROCKET$) = -17.521145457759
correctionProbability (#FACESITING$ -> #FACESITTING$) = -23.01259908803594
correctionProbability (#МАТЕРАЛЫ$ -> #МАТЕРИАЛЫ$) = -13.925569649759417
correctionProbability (#ШТРФЫ$ -> #ШТРАФЫ$) = -11.638533705707733
correctionProbability (#КАСИЧКУ$ -> #КОСИЧКУ$) = -19.16504905359662
correctionProbability (#ПЬЯНУ$ -> #ПЬЯНУЮ$) = -14.893023457943873
correctionProbability (#ЭТЛ$ -> #ЭТО$) = -2.8760571779673114
correctionProbability (#TRANFER$ -> #TRANSFER$) = -19.653164269553116
correctionProbability (#ГРПА$ -> #ГРУППА$) = -73.49161738442535
correctionProbability (#ДИКЛОРАЦИИ$ -> #ДЕКЛАРАЦИИ$) = -80.98011077258087
correctionProbability (#МЗЫКА$ -> #МУЗЫКА$) = -6.074848813082642
correctionProbability (#ТРАНСВИСТИТОВ$ -> #ТРАНСВЕСТИТОВ$) = -25.35286723600788
correctionProbability (#ИНТОГРАММ$ -> #ИНСТАГРАМ$) = -141.06000998215194
correctionProbability (#ОБРАХ$ -> #ОБРАЗ$) = -10.094719125720577
correctionProbability (#ЮТЮБЮТ$ -> #ЮТУБ$) = -134.74714177238187
correctionProbability (#ПРАВИНЦИЯ$ -> #ПРОВИНЦИЯ$) = -17.538462794264
correctionProbability (#ДРАГОНА$ -> #ДРАКОНА$) = -10.0533906922294
correctionProbability (#ЛЮХ$ -> #ШЛЮХ$) = -15.477854949853384
correctionProbability (#SINEVO$ -> #SYNEVO$) = -22.601071052831855
correctionProbability (#POZNANI$ -> #POZNANIU$) = -28.226271690695278
correctionProbability (#БРОЛЛЕР$ -> #БРОЙЛЕР$) = -19.124303865747905
correctionProbability (#CORSAR$ -> #CORSAIR$) = -20.592260677294753
correctionProbability (#ИТЕРНЕТ$ -> #ИНТЕРНЕТ$) = -6.497025822341172
correctionProbability (#ANYTRAINE$ -> #ANYTRANS$) = -93.4741347749086
correctionProbability (#MASAJNIY$ -> #MASSAJNIY$) = -35.633632398051056
correctionProbability (#ДАГДАРЫС$ -> #ДАҒДАРЫС$) = -22.87224448406692
correctionProbability (#ДИБИЛОВ$ -> #ДЕБИЛОВ$) = -21.48720594870457
correctionProbability (#ГРУЗОВИХ$ -> #ГРУЗОВЫХ$) = -13.27360451226474
correctionProbability (#CRHOME$ -> #CHROME$) = -79.05218865705312
correctionProbability (#КОЗЕЛКИНА$ -> #КОЗЕЛЬКИНА$) = -36.24787323161009
correctionProbability (#ASAKIRA$ -> #ASAKURA$) = -25.199619650605726
correctionProbability (#ПЕРЕВЕОДЧИК$ -> #ПЕРЕВОДЧИК$) = -11.151432203977926
correctionProbability (#ЗАДНІЙ$ -> #ЗАДНИЙ$) = -12.364980569616872
correctionProbability (#ПРЕССО$ -> #ПРЕССОМ$) = -20.415687553968887
correctionProbability (#УЛЬЧНОВСК$ -> #УЛЬЯНОВСК$) = -12.158518247086292
correctionProbability (#ФЕЛЬШЕР$ -> #ФЕЛЬДШЕР$) = -17.98473183601518
correctionProbability (#САДАВОДА$ -> #САДОВОДА$) = -15.862600616999167
correctionProbability (#ИГРАИТ$ -> #ИГРАЕТ$) = -10.874947135263415
correctionProbability (#САДАВОДЕ$ -> #САДОВОДЕ$) = -20.09313214905535
correctionProbability (#БЕСПОЛАТНО$ -> #БЕСПЛАТНО$) = -7.2201623078564765
correctionProbability (#ШРАУМАН$ -> #ШТРАУМАН$) = -25.38790378285244
correctionProbability (#ОНОНИМ$ -> #АНОНИМ$) = -17.681949831696418
correctionProbability (#АНЛИСКИЙ$ -> #АНГЛИЙСКИЙ$) = -77.09524652780173
correctionProbability (#ПРОГРАИМА$ -> #ПРОГРАММА$) = -8.596188143190894
correctionProbability (#БЭБИБЛОГ$ -> #БЕБИБЛОГ$) = -19.351998188549622
correctionProbability (#ПРИДОЖЕНИЯ$ -> #ПРИЛОЖЕНИЯ$) = -15.832555952959822
correctionProbability (#СЕСТОЙ$ -> #СЕСТРОЙ$) = -13.875543362054017
correctionProbability (#ДАТЕКТИВ$ -> #ДЕТЕКТИВ$) = -12.352558772133527
correctionProbability (#САМАСВАЛ$ -> #САМОСВАЛ$) = -16.134453429631456
correctionProbability (#ЖЕТСКИЕ$ -> #ДЕТСКИЕ$) = -7.635561082153366
correctionProbability (#ПОДЬЕМЕ$ -> #ПОДЪЕМЕ$) = -20.297593913782677
correctionProbability (#ТЕРІКОН$ -> #ТЕРРІКОН$) = -34.38596147870792
correctionProbability (#КОВЕРТИРОВАТЬ$ -> #КОНВЕРТИРОВАТЬ$) = -20.45258308102501
correctionProbability (#ЯКОГАМА$ -> #ЙОКОГАМА$) = -83.36022681987899
correctionProbability (#УНИЗОО$ -> #ЮНИЗОО$) = -20.65497494425298
correctionProbability (#ФИЛОСОВСКОЙ$ -> #ФИЛОСОФСКОЙ$) = -24.734199371950837
correctionProbability (#АЗОНА$ -> #ОЗОНА$) = -18.070584958342447
correctionProbability (#ГЕНАДИЕВНА$ -> #ГЕННАДЬЕВНА$) = -85.67362591608389
correctionProbability (#ГРОС$ -> #ГРОСС$) = -18.45016783272653
correctionProbability (#ПУГАЧЕЙ$ -> #ПУГАЧЕВОЙ$) = -82.67140023360842
correctionProbability (#ЗНАИТ$ -> #ЗНАЧИТ$) = -10.074559702590424
correctionProbability (#КУПІТЬ$ -> #КУПИТЬ$) = -1.4108722491841519
correctionProbability (#ГКОМЕТРИИ$ -> #ГЕОМЕТРИИ$) = -13.107293778173819
correctionProbability (#ЭЛЬДЕБОТЭ$ -> #ИЛЬДЕБОТЕ$) = -86.6554331911168
correctionProbability (#TUREZKI$ -> #TURECKIE$) = -83.48340010994217
correctionProbability (#ДИСПЕЧЕРА$ -> #ДИСПЕТЧЕРА$) = -21.5798194227279
correctionProbability (#СКСЧАТЬ$ -> #СКАЧАТЬ$) = -2.5420254704044876
correctionProbability (#ПОЗДА$ -> #ПОЕЗДА$) = -10.811202928269854
correctionProbability (#ПОБЕ$ -> #ПОБЕГ$) = -11.084849408888974
correctionProbability (#АХОД$ -> #ВХОД$) = -3.653189113680451
correctionProbability (#JAPANIS$ -> #JAPANESE$) = -81.54319658768102
correctionProbability (#СЕЛЬПО$ -> #СИЛЬПО$) = -16.721035049170116
correctionProbability (#REDMY$ -> #REDMI$) = -10.229757512537535
correctionProbability (#ВДАДИМИР$ -> #ВЛАДИМИР$) = -10.1404474614584
correctionProbability (#ПОДХЛДИТ$ -> #ПОДХОДИТ$) = -15.323354988285402
correctionProbability (#АРИФУЭТА$ -> #АРИФУРЭТА$) = -20.585413600425078
correctionProbability (#ЧЕРКИЗОВСОЕ$ -> #ЧЕРКИЗОВСКОЕ$) = -32.04517645676942
correctionProbability (#ДЕДЕКТИВЫ$ -> #ДЕТЕКТИВЫ$) = -13.010072400755426
correctionProbability (#СЕТЕВО$ -> #СЕТЕВОЙ$) = -9.217050785129942
correctionProbability (#ГАБДУЛЫ$ -> #ГАБДУЛЛЫ$) = -24.12370664612292
correctionProbability (#МУЗКА$ -> #МУЗЫКА$) = -6.073174998636528
correctionProbability (#АРТИНКИ$ -> #КАРТИНКИ$) = -5.285356709219011
correctionProbability (#РЕБЕНКАМ$ -> #РЕБЕНКОМ$) = -13.213992385559116
correctionProbability (#ДЕРВА$ -> #ДЕРЕВА$) = -10.017403953037036
correctionProbability (#СИНГЕРЫ$ -> #СВИНГЕРЫ$) = -14.523107756525114
correctionProbability (#ЕЛЬЦЫН$ -> #ЕЛЬЦИН$) = -16.455138546369025
correctionProbability (#МУХАМАДА$ -> #МУХАММАДА$) = -22.08465969744673
correctionProbability (#МПЙНКРАФТ$ -> #МАЙНКРАФТ$) = -7.988797263867106
correctionProbability (#ИГРАКИ$ -> #ИГРОКИ$) = -15.766081200069817
correctionProbability (#НЕМЕТСКОЕ$ -> #НЕМЕЦКОЕ$) = -83.40647741318887
correctionProbability (#МРШРУТ$ -> #МАРШРУТ$) = -11.469719114927102
correctionProbability (#КВАДРАТНИЙ$ -> #КВАДРАТНЫЙ$) = -16.289598332978606
correctionProbability (#БАКТЕРИ$ -> #БАКТЕРИИ$) = -16.90143869803179
correctionProbability (#ХУАВЕ$ -> #ХУАВЕЙ$) = -12.983009352229619
correctionProbability (#ОДЕАЛО$ -> #ОДЕЯЛО$) = -12.947804060487488
correctionProbability (#ВРЕИЕНИ$ -> #ВРЕМЕНИ$) = -8.985441589160345
correctionProbability (#НАПРИЖЕНИЕ$ -> #НАПРЯЖЕНИЕ$) = -17.813585314930265
correctionProbability (#ДЕТМКИЙ$ -> #ДЕТСКИЙ$) = -7.83254701993512
correctionProbability (#СТОМОТОЛОГИЧЕСКИХ$ -> #СТОМАТОЛОГИЧЕСКИХ$) = -26.992097547630493
correctionProbability (#КРСНОДАР$ -> #КРАСНОДАР$) = -10.46069115594063
correctionProbability (#МУЗКИ$ -> #МУЗЫКИ$) = -10.979189277209958
correctionProbability (#REDMO$ -> #REDMI$) = -10.231206210773589
correctionProbability (#АПЕРАТОР$ -> #ОПЕРАТОР$) = -12.059725177275858
correctionProbability (#БЕЛОРУСКОМУ$ -> #БЕЛОРУССКОМУ$) = -21.63129483813544
correctionProbability (#МАГНИТРОН$ -> #МАГНЕТРОН$) = -22.492198214281146
correctionProbability (#ОБАРУДОВАНИЯ$ -> #ОБОРУДОВАНИЯ$) = -16.9158800088509
correctionProbability (#СМЕРТЕ$ -> #СМЕРТИ$) = -9.418357938442494
correctionProbability (#ПАКИМОНЫ$ -> #ПОКЕМОНЫ$) = -80.04599211109394
correctionProbability (#КАСИЧКИ$ -> #КОСИЧКИ$) = -15.877479161083627
correctionProbability (#PIUS$ -> #PLUS$) = -9.592326964304636
correctionProbability (#ОБЫЛЫСЫ$ -> #ОБЛЫСЫ$) = -19.39778659490479
correctionProbability (#ЗАШИТЕ$ -> #ЗАЩИТЕ$) = -13.400808075242448
correctionProbability (#МЕТЬЮ$ -> #МЭТЬЮ$) = -18.37183319049662
correctionProbability (#СТРОЙТЕЛЬНЫЙ$ -> #СТРОИТЕЛЬНЫЙ$) = -17.44682788654017
correctionProbability (#ПОЕАЗАНИЯ$ -> #ПОКАЗАНИЯ$) = -10.306981943064436
correctionProbability (#КОММИССИОНЫЙ$ -> #КОМИССИОННЫЙ$) = -89.48982604502834
correctionProbability (#ТОЬЯТТИ$ -> #ТОЛЬЯТТИ$) = -11.815417568243355
correctionProbability (#ЗАШИТА$ -> #ЗАЩИТА$) = -11.176164866050105
correctionProbability (#РІЧЧАМ$ -> #РІЧЧЯМ$) = -20.741556306134296
correctionProbability (#ВОЦНА$ -> #ВОЙНА$) = -7.6189951782748615
correctionProbability (#КОАСОТЫ$ -> #КРАСОТЫ$) = -11.321057564112245
correctionProbability (#МАССАД$ -> #МАССАЖ$) = -8.316527089821484
correctionProbability (#МАССАЗ$ -> #МАССАЖ$) = -8.319604739479967
correctionProbability (#ЭРЦГЕБЮРГЕ$ -> #ЭРЦГЕБИРГЕ$) = -26.686582514027833
correctionProbability (#СКВЧВТЬ$ -> #СКАЧАТЬ$) = -67.33206430627088
correctionProbability (#КУЛВК$ -> #КУЛАК$) = -14.510975734799363
correctionProbability (#ГЕЙЕВ$ -> #ГЕЕВ$) = -13.981247929176103
correctionProbability (#КОТПОИНТ$ -> #ХОТПОИНТ$) = -20.133994865569626
correctionProbability (#ПРОХАДИМЕЦ$ -> #ПРОХОДИМЕЦ$) = -18.021150488692953
correctionProbability (#ИСТРИИ$ -> #ИСТОРИИ$) = -9.684442654983442
correctionProbability (#ГОВОРИШ$ -> #ГОВОРИШЬ$) = -21.01937604272566
correctionProbability (#ЖИРНИМИ$ -> #ЖИРНЫМИ$) = -19.646072911233176
correctionProbability (#ИНДАСТРЕЛ$ -> #ИНДАСТРИАЛ$) = -86.51754768746761
correctionProbability (#ДЖУМАНДИ$ -> #ДЖУМАНДЖИ$) = -16.637444536459533
correctionProbability (#ШАЛОН$ -> #ШАБЛОН$) = -9.011985691778275
correctionProbability (#ЛЕТУЧИЯ$ -> #ЛЕТУЧАЯ$) = -14.480827770674779
correctionProbability (#РАБОТАНТ$ -> #РАБОТАЕТ$) = -11.275920527554007
correctionProbability (#АНГЛИЙКОМУ$ -> #АНГЛИЙСКОМУ$) = -13.725893093247862
correctionProbability (#КАЧЕСВЕ$ -> #КАЧЕСТВЕ$) = -6.724662519099915
correctionProbability (#ПУТЕШЕСВИЕ$ -> #ПУТЕШЕСТВИЕ$) = -15.830391277257263
correctionProbability (#СТОМОТОЛОГИЧЕСКИЕ$ -> #СТОМАТОЛОГИЧЕСКИЕ$) = -25.236597930568223
correctionProbability (#ЗАШИТИ$ -> #ЗАЩИТИ$) = -20.421003920664614
correctionProbability (#ЭТЬ$ -> #ЭТО$) = -2.88486494526299
correctionProbability (#МАЙРОСОФТ$ -> #МАЙКРОСОФТ$) = -17.459432772016193
correctionProbability (#НЕТЬ$ -> #НЕТ$) = -7.7155275139346315
correctionProbability (#РУУСКОМ$ -> #РУССКОМ$) = -6.5383155367608765
correctionProbability (#АХОТНИКАМ$ -> #ОХОТНИКАМ$) = -28.076261910380907
correctionProbability (#ПАТЧІ$ -> #ПАТЧИ$) = -13.252607846427093
correctionProbability (#РЕМИК$ -> #РЕМИКС$) = -13.547485145906098
correctionProbability (#МИКРАЙОНЕ$ -> #МИКРОРАЙОНЕ$) = -87.89531839892126
correctionProbability (#ПАПИЛОМАВИРУС$ -> #ПАПИЛЛОМАВИРУС$) = -28.96175194249774
correctionProbability (#ЛИЖЫТ$ -> #ЛИЖЕТ$) = -12.659629790226251
correctionProbability (#ЛEДІ$ -> #ЛЕДІ$) = -16.752735775370713
correctionProbability (#МАДОНА$ -> #МАДОННА$) = -16.076512136865333
correctionProbability (#ДЖЕКОБ$ -> #ДЖЕЙКОБ$) = -20.72945600831099
correctionProbability (#МОХНО$ -> #МОЖНО$) = -4.468566639849726
correctionProbability (#ENGLISG$ -> #ENGLISH$) = -11.070110333595807
correctionProbability (#ПРЕГАБОЛИН$ -> #ПРЕГАБАЛИН$) = -21.228773536931755
correctionProbability (#НСТАГРАМ$ -> #ИНСТАГРАМ$) = -9.134529315928027
correctionProbability (#МАТЕМАТИЧЕСКИИЙ$ -> #МАТЕМАТИЧЕСКИЙ$) = -25.218007552079897
correctionProbability (#ПСТАВИТЬ$ -> #ПОСТАВИТЬ$) = -13.342093136818548
correctionProbability (#ИТTRIPMYDREAM$ -> #TRIPMYDREAM$) = -91.05934274339396
correctionProbability (#ФОТАШОП$ -> #ФОТОШОП$) = -12.2449134475819
correctionProbability (#АКТИВАТР$ -> #АКТИВАТОР$) = -16.126278015925713
correctionProbability (#НЕСОВЕРШЕНОЛЕТНЕГО$ -> #НЕСОВЕРШЕННОЛЕТНЕГО$) = -30.50889117665382
correctionProbability (#ТАМОЖЕНЫЕ$ -> #ТАМОЖЕННЫЕ$) = -20.515274385103943
correctionProbability (#РАСЧАТЬ$ -> #РАССЧИТАТЬ$) = -144.8106217087257
correctionProbability (#БРИТЛИНГ$ -> #БРАЙТЛИНГ$) = -85.40189407353395
correctionProbability (#ТЕРРОН$ -> #ТЕРОН$) = -16.900000479847424
correctionProbability (#ЕНДЖОЙ$ -> #ЭНДЖОЙ$) = -20.101505799061446
correctionProbability (#SIMANO$ -> #SHIMANO$) = -18.373425192951693
correctionProbability (#DAUGTER$ -> #DAUGHTER$) = -18.805385626901355
correctionProbability (#СБЕРБАНКК$ -> #СБЕРБАНК$) = -8.496993483857004
correctionProbability (#ХОДЧИЕ$ -> #ХОДЯЧИЕ$) = -12.26231832833151
correctionProbability (#OLIMPIADS$ -> #OLIMPIADA$) = -22.31749255480105
correctionProbability (#ККОЙ$ -> #КАКОЙ$) = -6.150832422473375
correctionProbability (#ЗААНИЯ$ -> #ЗАДАНИЯ$) = -10.788142505170988
correctionProbability (#ПОДРЯЛ$ -> #ПОДРЯД$) = -5.335405392139645
correctionProbability (#ПОСПЕКТ$ -> #ПРОСПЕКТ$) = -12.869065692590873
correctionProbability (#УВЕЛИЧЕВАЕТ$ -> #УВЕЛИЧИВАЕТ$) = -23.9792898571216
correctionProbability (#ЭФР$ -> #ЭФИР$) = -6.319359729209008
correctionProbability (#КОНАКТ$ -> #КОНТАКТ$) = -9.040832972832163
correctionProbability (#РАЗБЛОКТРОВКА$ -> #РАЗБЛОКИРОВКА$) = -24.198582020787867
correctionProbability (#БАТРУДИНОВА$ -> #БАТРУТДИНОВА$) = -27.324536665970804
correctionProbability (#СЕЛИФОНОВ$ -> #СЕЛИВАНОВ$) = -87.70405366296883
correctionProbability (#ПРИКЛЕПЛЕНЫ$ -> #ПРИКРЕПЛЕНЫ$) = -27.768694885002468
correctionProbability (#AVTOGIDAS$ -> #AUTOGIDAS$) = -23.596712149033664
correctionProbability (#БАЛАМИ$ -> #БАЛЛАМИ$) = -19.69927015415086
correctionProbability (#DOWNOLOAD$ -> #DOWNLOAD$) = -13.59615309739032
correctionProbability (#ЛОФИ$ -> #ЛОФТ$) = -11.304302587091502
correctionProbability (#ПИРИЛА$ -> #ПЕРИЛА$) = -14.23135095820773
correctionProbability (#ИММУЩЕСТВА$ -> #ИМУЩЕСТВА$) = -17.803129820558475
correctionProbability (#СЧАТЬЯ$ -> #СЧАСТЬЯ$) = -13.803032460358516
correctionProbability (#БИСТРОМУ$ -> #БЫСТРОМУ$) = -17.739508472159677
correctionProbability (#КАСИБИ$ -> #КӘСІБИ$) = -82.61812479116695
correctionProbability (#ЛЬВЫВ$ -> #ЛЬВІВ$) = -11.427281721643457
correctionProbability (#БАХЧИВАНЖИ$ -> #БАХЧИВАНДЖИ$) = -25.940251298072866
correctionProbability (#VTRAHEND$ -> #VTRAHEHD$) = -24.36188207819216
correctionProbability (#ТОЛЧЕНКОВА$ -> #ТОЛЧЕННИКОВА$) = -103.5237021987389
correctionProbability (#ДАИГАТЕЛЯ$ -> #ДВИГАТЕЛЯ$) = -12.308165000290344
correctionProbability (#ГИЧТОООГИЮ$ -> #ГИСТОЛОГИЮ$) = -90.22499349464769
correctionProbability (#ПРОСТИЬУТКИ$ -> #ПРОСТИТУТКИ$) = -14.34157287545645
correctionProbability (#ВАКАНИИ$ -> #ВАКАНСИИ$) = -8.664345521746746
correctionProbability (#НЕНЬ$ -> #ДЕНЬ$) = -3.865578000954212
correctionProbability (#ТАЗОБЕДРЕНОГО$ -> #ТАЗОБЕДРЕННОГО$) = -22.97997547468082
correctionProbability (#РАСОЛА$ -> #РАССОЛА$) = -20.671820845988876
correctionProbability (#ЙОРИКА$ -> #ЙОРКА$) = -16.32622948503551
correctionProbability (#РАСОЛЕ$ -> #РАССОЛЕ$) = -16.518694990391005
correctionProbability (#ОКАЭУ$ -> #ОКАЖУ$) = -22.66532505716647
correctionProbability (#ФАЄР$ -> #ФАЕР$) = -10.88473400339856
correctionProbability (#ДИФТИРИЯ$ -> #ДИФТЕРИЯ$) = -18.377227902846293
correctionProbability (#КРИМЕЛЬ$ -> #КРЕМЛЬ$) = -80.87344507742692
correctionProbability (#СВЕТИЛЬНТК$ -> #СВЕТИЛЬНИК$) = -15.154777336610529
correctionProbability (#АВИОКОМПАНИИ$ -> #АВИАКОМПАНИИ$) = -21.064916268855377
correctionProbability (#ВЯЛЕННУЮ$ -> #ВЯЛЕНУЮ$) = -25.534418985070907
correctionProbability (#АЛЕКСАНДРЛВИЧ$ -> #АЛЕКСАНДРОВИЧ$) = -18.433718129061205
correctionProbability (#DKCHKISINOCHKI$ -> #DOCHKISINOCHKI$) = -28.9668695430695
correctionProbability (#ВОЦТИ$ -> #ВОЙТИ$) = -7.990878360276678
correctionProbability (#ВТДЕО$ -> #ВИДЕО$) = -1.7407684216694754
correctionProbability (#СМОТРЕ5ТЬ$ -> #СМОТРЕТЬ$) = -4.927802840417209
correctionProbability (#БЕНАР$ -> #БИНАР$) = -15.716631991961894
correctionProbability (#ОТЛАЙН$ -> #ОНЛАЙН$) = -0.6585303321780991
correctionProbability (#РУБЕНШТЕЙН$ -> #РУБИНШТЕЙН$) = -22.5508278971799
correctionProbability (#TRIPMYDREAB$ -> #TRIPMYDREAM$) = -21.30075925931422
correctionProbability (#ОТЛАЙМ$ -> #ОНЛАЙН$) = -65.43901525986043
correctionProbability (#КЫЗМЕТКЕРЛЕРДИ$ -> #ҚЫЗМЕТКЕРЛЕРДІ$) = -96.43230683158228
correctionProbability (#СИЛНЫЙ$ -> #СИЛЬНЫЙ$) = -14.700538597613885
correctionProbability (#ЭВИР$ -> #ЭФИР$) = -5.709889610692034
correctionProbability (#ЭСЭРЫ$ -> #ЭСЕРЫ$) = -22.070578908902576
correctionProbability (#ПОГАДАТ$ -> #ПОГАДАТЬ$) = -18.106180032049046
correctionProbability (#SKAPE$ -> #SKYPE$) = -12.450119216441951
correctionProbability (#АЛАДУШЕК$ -> #ОЛАДУШЕК$) = -21.351704477898963
correctionProbability (#ФАКУЛЬЕТЫ$ -> #ФАКУЛЬТЕТЫ$) = -18.946727402560235
correctionProbability (#GREGTCH$ -> #GREGTECH$) = -25.335861317368234
correctionProbability (#КОМПИЛЛЯТОР$ -> #КОМПИЛЯТОР$) = -25.36127627002609
correctionProbability (#ВОСТОНОВЛЕНИЕ$ -> #ВОССТАНОВЛЕНИЕ$) = -84.39818140618026
correctionProbability (#ГОСУДАРСВА$ -> #ГОСУДАРСТВА$) = -17.21028013963266
correctionProbability (#ДОРОЖИВ$ -> #ДОРОЖКИ$) = -82.51068094409806
correctionProbability (#МАИСЕЕНКО$ -> #МОИСЕЕНКО$) = -19.70004863576655
correctionProbability (#ТОЛСТВЕ$ -> #ТОЛСТЫЕ$) = -13.634175386365662
correctionProbability (#ГРИНВЕЙН$ -> #ГРИНВЕЙ$) = -17.90202253407844
correctionProbability (#ОАЗРАБОТАЛ$ -> #РАЗРАБОТАЛ$) = -21.55872088263886
correctionProbability (#АЕРОЗОЛЬ$ -> #АЭРОЗОЛЬ$) = -18.12571644503401
correctionProbability (#ПРЕПЕРАТЫ$ -> #ПРЕПАРАТЫ$) = -13.987015148307997
correctionProbability (#BALOON$ -> #BALLOON$) = -20.666599192035335
correctionProbability (#ПОЛЬШІ$ -> #ПОЛЬЩІ$) = -17.749791276459217
correctionProbability (#NAKE$ -> #NAKED$) = -12.969540232412765
correctionProbability (#ЕНДАМ$ -> #ЭНДАМ$) = -31.27342029421476
correctionProbability (#РИВЕРСАЙТ$ -> #РИВЕРСАЙД$) = -23.311488355528915
correctionProbability (#СЭКОНД$ -> #СЕКОНД$) = -14.724492590486928
correctionProbability (#МУЛЬТИТКИ$ -> #МУЛЬТИКИ$) = -9.308356247770114
correctionProbability (#СИОИТ$ -> #СТОИТ$) = -6.5752739834879
correctionProbability (#КЛАСИЦИЗМ$ -> #КЛАССИЦИЗМ$) = -21.319770561926077
correctionProbability (#БЕПЛАТНАЯ$ -> #БЕСПЛАТНАЯ$) = -15.354821907306345
correctionProbability (#MATUYE$ -> #MATURE$) = -12.161261827254418
correctionProbability (#ВЫТОЧКЕ$ -> #ВЫТАЧКИ$) = -87.22526413975255
correctionProbability (#СТОМАТЛОГИЯ$ -> #СТОМАТОЛОГИЯ$) = -15.65113960315555
correctionProbability (#МАССВЖ$ -> #МАССАЖ$) = -8.37302725798904
correctionProbability (#КЗЫЛОРДЕ$ -> #КЫЗЫЛОРДЕ$) = -19.265318582115576
correctionProbability (#СУРУХАНОВ$ -> #САРУХАНОВ$) = -19.392885096622486
correctionProbability (#РАЙОНАЯ$ -> #РАЙОННАЯ$) = -17.097555417445285
correctionProbability (#НРУДЬ$ -> #ГРУДЬ$) = -10.132678708411742
correctionProbability (#БАЛОНАХ$ -> #БАЛЛОНАХ$) = -21.91936156189864
correctionProbability (#ПОВНИСТЮ$ -> #ПОВНІСТЮ$) = -21.59726512664652
correctionProbability (#КОПЛЕКТ$ -> #КОМПЛЕКТ$) = -13.819571784576766
correctionProbability (#РЕШЕБНКИ$ -> #РЕШЕБНИК$) = -79.17793037024882
correctionProbability (#КУКУРУЗИ$ -> #КУКУРУЗЫ$) = -17.16292120067549
correctionProbability (#СӨЗОН$ -> #СЕЗОН$) = -2.219686398692609
correctionProbability (#FERARRI$ -> #FERRARI$) = -85.3178903197065
correctionProbability (#ПДАТЬЯ$ -> #ПЛАТЬЯ$) = -8.840457326153082
correctionProbability (#ПОРНАХАБ$ -> #ПОРНОХАБ$) = -13.753827156399431
correctionProbability (#БІЗЕ$ -> #БИЗЕ$) = -17.188728332903526
correctionProbability (#ГОСУДАРСВО$ -> #ГОСУДАРСТВО$) = -18.468869449274692
correctionProbability (#FECBOK$ -> #FACEBOOK$) = -140.0604341497172
correctionProbability (#ПРЕПРАВА$ -> #ПРИПРАВА$) = -17.24270367717731
correctionProbability (#ТАМБОЙ$ -> #ТОМБОЙ$) = -18.651365882751893
correctionProbability (#АГАЖАНОВ$ -> #АГАДЖАНОВ$) = -28.33639637374838
correctionProbability (#ВЫТОЧКИ$ -> #ВЫТАЧКИ$) = -22.493639978716615
correctionProbability (#БАЛЛАНС$ -> #БАЛАНС$) = -14.221844947770695
correctionProbability (#КАЦЕЛЯРСКАЯ$ -> #КАНЦЕЛЯРСКАЯ$) = -15.566906216706123
correctionProbability (#УРОЛАМИ$ -> #УКОЛАМИ$) = -20.8132107575115
correctionProbability (#RUSSIYA$ -> #RUSSIA$) = -15.406728941281958
correctionProbability (#NINUKA$ -> #NUNUKA$) = -32.232905737871334
correctionProbability (#ВРНМЯ$ -> #ВРЕМЯ$) = -5.983199602634539
correctionProbability (#ВВЗОВ$ -> #ВЫЗОВ$) = -11.420111810475635
correctionProbability (#GRENNIY$ -> #GRANNY$) = -81.18113010584308
correctionProbability (#ПОРИВНЯЛЬНА$ -> #ПОРІВНЯЛЬНА$) = -24.869370636174537
correctionProbability (#ДЕВИСА$ -> #ДЭВИСА$) = -21.308722098933313
correctionProbability (#ПРОДУКЦЫЯ$ -> #ПРОДУКЦИЯ$) = -15.514062293670996
correctionProbability (#СЕЛИКОНОМ$ -> #СИЛИКОНОМ$) = -22.558414134804345
correctionProbability (#QND$ -> #AND$) = -4.143888505662215
correctionProbability (#ПОЗДНЕР$ -> #ПОЗНЕР$) = -17.79936561958198
correctionProbability (#ТРУСИ$ -> #ТРУСЫ$) = -11.25559508251214
correctionProbability (#ПАНКРИАТИТЕ$ -> #ПАНКРЕАТИТЕ$) = -20.046824713174523
correctionProbability (#АВТОРИНОК$ -> #АВТОРЫНОК$) = -15.479445256105507
correctionProbability (#КУЗАВЛЕВ$ -> #КУЗОВЛЕВ$) = -15.70806508947937
correctionProbability (#РУССОКЕ$ -> #РУССКОЕ$) = -75.24830802593759
correctionProbability (#БАЛАШИХЫ$ -> #БАЛАШИХИ$) = -19.953970418752988
correctionProbability (#ОЕБЕНКА$ -> #РЕБЕНКА$) = -8.218687232332343
correctionProbability (#РІВЕР$ -> #РИВЕР$) = -14.287725000003544
correctionProbability (#РОБОЛКС$ -> #РОБЛОКС$) = -75.14991789584197
correctionProbability (#РУБИЛЬ$ -> #РУБЛЬ$) = -14.018294520343911
correctionProbability (#СДЕШЛАТЬ$ -> #СДЕЛАТЬ$) = -8.725462542592552
correctionProbability (#ЗЕЛЬСИНЬКИ$ -> #ХЕЛЬСИНКИ$) = -84.70576958565219
correctionProbability (#АНДРЭ$ -> #АНДРЕ$) = -15.745495967964455
correctionProbability (#АНДРЮ$ -> #ЭНДРЮ$) = -15.920644866120274
correctionProbability (#БЕЛЬГИЧ$ -> #БЕЛЬГИЯ$) = -14.92592943961283
correctionProbability (#МАИОРА$ -> #МАЙОРА$) = -9.475810558771013
correctionProbability (#ФЕНІБУТ$ -> #ФЕНИБУТ$) = -15.456842647241196
correctionProbability (#ПЕРЕВОДЧТК$ -> #ПЕРЕВОДЧИК$) = -8.667798398811371
correctionProbability (#ТОМСКВОДОКАНАЛ$ -> #ОМСКВОДОКАНАЛ$) = -26.400704483497933
correctionProbability (#ДЕРЖИНСК$ -> #ДЗЕРЖИНСК$) = -16.274150159926407
correctionProbability (#РАРК$ -> #ПАРК$) = -6.690629285346414
correctionProbability (#ЗДОРОВИЯ$ -> #ЗДОРОВЬЯ$) = -11.578886586579173
correctionProbability (#UPSTEAM$ -> #UPSTREAM$) = -21.875382669221835
correctionProbability (#ИРУХА$ -> #ИГРУХА$) = -15.5752420167786
correctionProbability (#ОКТОР$ -> #ДОКТОР$) = -8.42118158409464
correctionProbability (#ОФИЦИАЛЬНЫ$ -> #ОФИЦИАЛЬНЫЙ$) = -7.512374575821802
correctionProbability (#ДЕВУШКОЦ$ -> #ДЕВУШКОЙ$) = -13.623613981024334
correctionProbability (#КОЛГОТИ$ -> #КОЛГОТКИ$) = -14.673698385151141
correctionProbability (#ТЕЛЕВИЗОВ$ -> #ТЕЛЕВИЗОР$) = -12.709663829923578
correctionProbability (#МЕРОВОЙ$ -> #МИРОВОЙ$) = -12.120986502107705
correctionProbability (#КАНИБАЛОВ$ -> #КАННИБАЛОВ$) = -22.00731673058109
correctionProbability (#ТЁТЬКИ$ -> #ТЁТКИ$) = -17.33588458711535
correctionProbability (#ГЕНИАЛОГИЧЕСКОЕ$ -> #ГЕНЕАЛОГИЧЕСКОЕ$) = -23.622305880295244
correctionProbability (#ПОТЕНТ$ -> #ПАТЕНТ$) = -14.77747957301317
correctionProbability (#ОБЕСПИЧЕНИЯ$ -> #ОБЕСПЕЧЕНИЯ$) = -17.925996577067338
correctionProbability (#ВОСТОНОВЛЕНИЯ$ -> #ВОССТАНОВЛЕНИЯ$) = -87.03582235248035
correctionProbability (#ЦВЄТНА$ -> #ЦВЕТНАЯ$) = -78.73384817406351
correctionProbability (#СВЕТЛАГА$ -> #СВЕТЛАНА$) = -11.30438513366694
correctionProbability (#МЕБЕЬ$ -> #МЕБЕЛЬ$) = -7.960484563674779
correctionProbability (#АМОНИМЫ$ -> #ОМОНИМЫ$) = -17.656114414915713
correctionProbability (#ПАЛАЧКА$ -> #ПАЛОЧКА$) = -16.118901964266087
correctionProbability (#ПОДЬЕЗД$ -> #ПОДЪЕЗД$) = -16.904786072583583
correctionProbability (#QOT$ -> #GOT$) = -10.756805547199864
correctionProbability (#ГЕМЕННИ$ -> #ГЕМИНИ$) = -79.7578924141887
correctionProbability (#ОТРЫЕ$ -> #ОСТРЫЕ$) = -10.442795637786485
correctionProbability (#КОЛЬЯНА$ -> #КАЛЬЯНА$) = -17.79908984681019
correctionProbability (#ККРС$ -> #КУРС$) = -5.131077287059835
correctionProbability (#МУРМАНКЕ$ -> #МУРМАНСКЕ$) = -16.706781285351042
correctionProbability (#ІНГАЛЯТОР$ -> #ИНГАЛЯТОР$) = -18.69777027831197
correctionProbability (#КОРЗАКОВ$ -> #КОРСАКОВ$) = -16.464809099868987
correctionProbability (#ОТОРВАСТАТИН$ -> #АТОРВАСТАТИН$) = -21.6922945049839
correctionProbability (#ЖИЗНІ$ -> #ЖИЗНИ$) = -6.973954148732528
correctionProbability (#КАТАООГ$ -> #КАТАЛОГ$) = -6.47416714309454
correctionProbability (#МГЯ$ -> #МОЯ$) = -3.508387711019246
correctionProbability (#СОПУНА$ -> #САПУНА$) = -20.08439257564927
correctionProbability (#ИДЕАЛЬНИЙ$ -> #ИДЕАЛЬНЫЙ$) = -16.028126287182396
correctionProbability (#DILINE$ -> #DILINDE$) = -20.005190612208217
correctionProbability (#АНГАРС$ -> #АНГАРСК$) = -14.062531989369631
correctionProbability (#BILETIC$ -> #BILETIK$) = -25.211277173358795
correctionProbability (#ОБЕСПИЧЕНИЕ$ -> #ОБЕСПЕЧЕНИЕ$) = -17.55171263116904
correctionProbability (#БЛЕСТЯШИЕ$ -> #БЛЕСТЯЩИЕ$) = -18.687016499977204
correctionProbability (#ПРОПОРЦІЇ$ -> #ПРОПОРЦИИ$) = -82.28744881507275
correctionProbability (#ОЯТУЛ$ -> #АЯТУЛЬ$) = -81.98929724320057
correctionProbability (#ТАНСУЮЩИЕ$ -> #ТАНЦУЮЩИЕ$) = -19.65834704317318
correctionProbability (#ТЕЛЕПРАГРАММА$ -> #ТЕЛЕПРОГРАММА$) = -15.900901992793216
correctionProbability (#ПИСАТ$ -> #ПИСАТЬ$) = -11.382082553145342
correctionProbability (#ГАТОВЫЕ$ -> #ГОТОВЫЕ$) = -12.481757382451619
correctionProbability (#ЦЛИЦА$ -> #УЛИЦА$) = -8.719996963932171
correctionProbability (#ОТЧАЕНЫЕ$ -> #ОТЧАЯННЫЕ$) = -77.81706819044635
correctionProbability (#ЕЗДИ$ -> #ЕЗДЫ$) = -15.649695262152495
correctionProbability (#СТМВОЛЫ$ -> #СИМВОЛЫ$) = -13.38953669586413
correctionProbability (#ГУБАЙДУЛИНА$ -> #ГУБАЙДУЛЛИНА$) = -28.059018885466287
correctionProbability (#САЧЫНЕНЕ$ -> #САЧЫНЕННЕ$) = -22.76400648630618
correctionProbability (#ПАДРОСТКИ$ -> #ПОДРОСТКИ$) = -14.380933779533365
correctionProbability (#СОБСТЕННОСТИ$ -> #СОБСТВЕННОСТИ$) = -20.35557520264102
correctionProbability (#ДОМАШНИЕЕ$ -> #ДОМАШНЕЕ$) = -13.047142987938777
correctionProbability (#ПРЕСНИ$ -> #ПЕСНИ$) = -5.77433146041373
correctionProbability (#АНАЛИТИКАК$ -> #АНАЛИТИКА$) = -19.780622915034137
correctionProbability (#ВЗАИМОДЕСТВИЕ$ -> #ВЗАИМОДЕЙСТВИЕ$) = -22.975780939577554
correctionProbability (#ПАПУГА$ -> #ПОПУГАЙ$) = -79.17476377678032
correctionProbability (#КРУГЛОСУТОНЫЕ$ -> #КРУГЛОСУТОЧНЫЕ$) = -25.296107292043402
correctionProbability (#РЕЗЕРВД$ -> #РЕЗЕРВЕД$) = -18.258169216586523
correctionProbability (#АНТМСТРЕСС$ -> #АНТИСТРЕСС$) = -15.835486310825338
correctionProbability (#МЕТАЛОДЕТЕКТОР$ -> #МЕТАЛЛОДЕТЕКТОР$) = -28.521854379139555
correctionProbability (#ЖИЗНБ$ -> #ЖИЗНЬ$) = -6.193490683543381
correctionProbability (#НЕПЫ$ -> #НЕРПЫ$) = -20.66944746065838
correctionProbability (#КОЩЕК$ -> #КОШЕК$) = -8.83827608022462
correctionProbability (#САМПРА$ -> #САМАРА$) = -7.8292259077670145
correctionProbability (#МЕБЕЛ$ -> #МЕБЕЛЬ$) = -7.914119618459363
correctionProbability (#ПРОВИНЦЫЯ$ -> #ПРОВИНЦИЯ$) = -17.613026001203046
correctionProbability (#МУЗДО$ -> #МУЗЛО$) = -16.007699092668584
correctionProbability (#ДИВОТНЫХ$ -> #ЖИВОТНЫХ$) = -9.508241090864537
correctionProbability (#АПУЧИНО$ -> #КАПУЧИНО$) = -18.623083813758036
correctionProbability (#ККУПИТ$ -> #КУПИТЬ$) = -69.17197038313574
correctionProbability (#СКРИТЫЙ$ -> #СКРЫТЫЙ$) = -16.962228778718796
correctionProbability (#ЖИЗНЕ$ -> #ЖИЗНИ$) = -6.935789677122774
correctionProbability (#ПРОЦЕСЫ$ -> #ПРОЦЕССЫ$) = -17.039472915746487
correctionProbability (#DOCHKISINOLCHKI$ -> #DOCHKISINOCHKI$) = -31.51427209775744
correctionProbability (#ЫНТЕРНЕТ$ -> #ИНТЕРНЕТ$) = -5.978857995506621
correctionProbability (#ВИДРАЖНЫЙ$ -> #ВИТРАЖНЫЙ$) = -23.904068105573366
correctionProbability (#ЗДАРОВЯ$ -> #ЗДОРОВЬЯ$) = -76.81836569980462
correctionProbability (#ЕВГЕНЕВНА$ -> #ЕВГЕНЬЕВНА$) = -19.853491524115384
correctionProbability (#SEVGELIM$ -> #SEVGILIM$) = -22.457093914182103
correctionProbability (#ЖИЛИШНАЯ$ -> #ЖИЛИЩНАЯ$) = -15.029700020638948
correctionProbability (#ТИТАННИК$ -> #ТИТАНИК$) = -14.36461870337424
correctionProbability (#РЕЗОТТО$ -> #РИЗОТТО$) = -18.189030480851166
correctionProbability (#САНБАКА$ -> #СОБАКА$) = -76.89216344292156
correctionProbability (#КОЖАННАЯ$ -> #КОЖАНАЯ$) = -17.337868257634355
correctionProbability (#КВАТИРА$ -> #КВАРТИРА$) = -12.459472555043199
correctionProbability (#БОСАМИ$ -> #БАСАМИ$) = -17.790017543867027
correctionProbability (#ПОДРОСТА$ -> #ПОДРОСТКА$) = -15.636411604470815
correctionProbability (#СІРОЧЫ$ -> #СИРОЧЫ$) = -26.543667372959746
correctionProbability (#ЗЗОЛОТО$ -> #ЗОЛОТО$) = -13.19133776964814
correctionProbability (#ВИТАМИНВ$ -> #ВИТАМИНЫ$) = -13.08138978703164
correctionProbability (#ВСТРЕЧАЮТЬСЯ$ -> #ВСТРЕЧАЮТСЯ$) = -23.84080428241893
correctionProbability (#БЕСАЛАТНО$ -> #БЕСПЛАТНО$) = -4.717269189831031
correctionProbability (#РАБОТАТЕ$ -> #РАБОТАЕТ$) = -79.09528917764712
correctionProbability (#ГАСПАЖИ$ -> #ГОСПОЖИ$) = -81.1470059975477
correctionProbability (#ПРЕЗИНТАЦІЯ$ -> #ПРЕЗЕНТАЦІЯ$) = -19.857585995326446
correctionProbability (#КАНТИМИРОВСКОЙ$ -> #КАНТЕМИРОВСКОЙ$) = -26.554369924922923
correctionProbability (#REVER$ -> #RIVER$) = -14.501870412020583
correctionProbability (#ПРЕЗИНТАЦІЮ$ -> #ПРЕЗЕНТАЦІЮ$) = -25.332338966820473
correctionProbability (#PISARONI$ -> #PIZZARONI$) = -100.37382123270665
correctionProbability (#АВИАСЭЙЛЗ$ -> #АВИАСЕЙЛС$) = -79.53752123443581
correctionProbability (#АКАДЕМЯ$ -> #АКАДЕМИЯ$) = -12.497976187592101
correctionProbability (#ОВОШЕЙ$ -> #ОВОЩЕЙ$) = -10.585290591603854
correctionProbability (#ТРОЛЕЙБУСНОЕ$ -> #ТРОЛЛЕЙБУСНОЕ$) = -29.194062890856387
correctionProbability (#ЗПИСЬ$ -> #ЗАПИСЬ$) = -9.044524845629784
correctionProbability (#БАТМЕН$ -> #БЭТМЕН$) = -11.623372689173156
correctionProbability (#КАЬАНИЕ$ -> #КАТАНИЕ$) = -10.774330059897913
correctionProbability (#НІМЕСИЛ$ -> #НИМЕСИЛ$) = -15.552309629201545
correctionProbability (#СЬОТРЕТЬ$ -> #СМОТРЕТЬ$) = -2.379495174616343
correctionProbability (#СОСТОВНЫЕ$ -> #СОСТАВНЫЕ$) = -20.01636722093987
correctionProbability (#ЭЛЕКТИЧКИ$ -> #ЭЛЕКТРИЧКИ$) = -16.26901925291807
correctionProbability (#РАДОНИТА$ -> #РОДОНИТА$) = -27.1642879045991
correctionProbability (#МУЛЬТИВАРККЕ$ -> #МУЛЬТИВАРКЕ$) = -18.828575241722568
correctionProbability (#ЖИЗНТ$ -> #ЖИЗНИ$) = -6.985869244033431
correctionProbability (#МЕЕ$ -> #МНЕ$) = -6.414801934898694
correctionProbability (#ТОПЛЕВНОГО$ -> #ТОПЛИВНОГО$) = -18.1690117604523
correctionProbability (#НАЙДТИ$ -> #НАЙТИ$) = -9.442195884742905
correctionProbability (#SIMLATOR$ -> #SIMULATOR$) = -14.929762768359225
correctionProbability (#ЗППР$ -> #ЗПР$) = -16.32400402731508
correctionProbability (#СТЕРПНОВ$ -> #СТЕПАНОВ$) = -85.72053418739556
correctionProbability (#НИВЕСТА$ -> #НЕВЕСТА$) = -12.2943718043784
correctionProbability (#ИМУНОЛОГОВ$ -> #ИММУНОЛОГОВ$) = -26.49148993964765
correctionProbability (#ЖЕВАГО$ -> #ЖИВАГО$) = -16.820332032301014
correctionProbability (#ВУМБИЛИНГ$ -> #ВУМБИЛДИНГ$) = -25.002123317685452
correctionProbability (#ОЩЕСТВЕННЫЕ$ -> #ОБЩЕСТВЕННЫЕ$) = -22.19144094832115
correctionProbability (#ХЕЕТАЙ$ -> #ХЕНТАЙ$) = -8.591088865866983
correctionProbability (#НЕПА$ -> #НЭПА$) = -19.723257998419772
correctionProbability (#ТРЕЛИР$ -> #ТРЕЙЛЕР$) = -75.44075609025572
correctionProbability (#ПАТРФИЗИОЛОГИИ$ -> #ПАТОФИЗИОЛОГИИ$) = -32.73230939477795
correctionProbability (#GMAAIL$ -> #GMAIL$) = -10.917495793797283
correctionProbability (#ВЕРЕМЕНКО$ -> #ВЕРЕМЕЕНКО$) = -28.046478350531643
correctionProbability (#АНДРОИИД$ -> #АНДРОИД$) = -11.591529634033904
correctionProbability (#ЮЖНЕ$ -> #ЮЖНОЕ$) = -14.244923048748792
correctionProbability (#ТРИЛОГИ$ -> #ТРИЛОГИЯ$) = -19.584313851244396
correctionProbability (#АЛТАЙСУИЙ$ -> #АЛТАЙСКИЙ$) = -14.054016798695358
correctionProbability (#ПОДРЯТ$ -> #ПОДРЯД$) = -5.3383203739608085
correctionProbability (#ПИОНЕЕР$ -> #ПИОНЕР$) = -16.854968588045868
correctionProbability (#ОЕБЕНКУ$ -> #РЕБЕНКУ$) = -11.343864312348714
correctionProbability (#МЕОЗЛЯК$ -> #МЕРЗЛЯК$) = -10.840449578021158
correctionProbability (#ЛИВЕРПУЛ$ -> #ЛИВЕРПУЛЬ$) = -16.497006473269387
correctionProbability (#НОУБУК$ -> #НОУТБУК$) = -11.07263754198106
correctionProbability (#РИШЕДЛИ$ -> #РИГЕЛИ$) = -91.24911643523282
correctionProbability (#ЗГЛАЗ$ -> #СГЛАЗ$) = -17.536390482965803
correctionProbability (#ГОЛЫК$ -> #ГОЛЫЕ$) = -6.504656604862625
correctionProbability (#ПОСОБИН$ -> #ПОСОБИЕ$) = -12.352144986561846
correctionProbability (#ЖИЗНЮ$ -> #ЖИЗНЬЮ$) = -15.288566470179124
correctionProbability (#ИНДАКС$ -> #ИНДЕКС$) = -9.439735403984113
correctionProbability (#ГОЛЫН$ -> #ГОЛЫЕ$) = -6.505736518574487
correctionProbability (#УГЛЕРОДОВ$ -> #УГЛЕВОДОВ$) = -19.582416599701453
correctionProbability (#ТРЮКАВЫЕ$ -> #ТРЮКОВЫЕ$) = -19.19071554322879
correctionProbability (#ПОЛЬЩИ$ -> #ПОЛЬШИ$) = -13.987753099871956
correctionProbability (#ЗДАЕШЬ$ -> #СДАЕШЬ$) = -22.619020602972597
correctionProbability (#ТАКСИКОЗА$ -> #ТОКСИКОЗА$) = -23.270973562195884
correctionProbability (#ПРОЦЕСА$ -> #ПРОЦЕССА$) = -15.626687967696192
correctionProbability (#ПРЕСОМ$ -> #ПРЕССОМ$) = -20.350702873212967
correctionProbability (#ОБЩЕЖИТ$ -> #ОБЩЕЖИТИЯ$) = -85.19182846221426
correctionProbability (#ОФИЦИАЛЬНЙ$ -> #ОФИЦИАЛЬНЫЙ$) = -7.547983116654372
correctionProbability (#ПОЛЬЩЕ$ -> #ПОЛЬШЕ$) = -13.676098779684661
correctionProbability (#ПРИИМАЕТ$ -> #ПРИНИМАЕТ$) = -17.86785581256259
correctionProbability (#ГРФИК$ -> #ГРАФИК$) = -10.270165013025522
correctionProbability (#ИНЦЕСС$ -> #ИНЦЕСТ$) = -9.04217596352051
correctionProbability (#BIRGIR$ -> #BURGER$) = -82.35564583653534
correctionProbability (#СКАЧАТЬЛ$ -> #СКАЧАТЬ$) = -5.00108586455943
correctionProbability (#KONOGO$ -> #KINOGO$) = -13.871507969043794
correctionProbability (#ВВРЕМЯ$ -> #ВРЕМЯ$) = -8.474930938166285
correctionProbability (#ЗАШЕМЛЕНИЕ$ -> #ЗАЩЕМЛЕНИЕ$) = -21.034323238597118
correctionProbability (#ПЛАСТИКОВОЮ$ -> #ПЛАСТИКОВУЮ$) = -20.43693405075871
correctionProbability (#СКАЧАТЬМ$ -> #СКАЧАТЬ$) = -5.012643216467504
correctionProbability (#ЛЕГУШКИ$ -> #ЛЯГУШКИ$) = -15.494300361722118
correctionProbability (#CYTY$ -> #CITY$) = -7.587939630041589
correctionProbability (#ФРАЗИОЛОГИЗМОМ$ -> #ФРАЗЕОЛОГИЗМОМ$) = -27.42654867223459
correctionProbability (#РУСМКОЕ$ -> #РУССКОЕ$) = -7.405693084795693
correctionProbability (#ДОТОР$ -> #ДОКТОР$) = -8.425165591683584
correctionProbability (#ДОГОАОРУ$ -> #ДОГОВОРУ$) = -14.320008612187543
correctionProbability (#ЖЕСКОЕ$ -> #ЖЕСТКОЕ$) = -14.499272612889165
correctionProbability (#ТОЙОТО$ -> #ТОЙОТА$) = -8.866324289124147
correctionProbability (#СКАЧАТЬО$ -> #СКАЧАТЬ$) = -4.992467683432247
correctionProbability (#ДІЄГО$ -> #ДИЕГО$) = -80.05165693909842
correctionProbability (#ОТЛИЧТЕ$ -> #ОТЛИЧИЕ$) = -13.309527881991038
correctionProbability (#ASDASADDSA$ -> #ASDSADSA$) = -103.9010571108769
correctionProbability (#ЛОЛСТИМ$ -> #ЛОЛЗТИМ$) = -21.571503560083208
correctionProbability (#GOOGGLE$ -> #GOOGLE$) = -8.362122850871831
correctionProbability (#СПИСО$ -> #СПИСОК$) = -9.090233257571956
correctionProbability (#ЭЛЬДОРАДР$ -> #ЭЛЬДОРАДО$) = -12.124479868613683
correctionProbability (#АНТИФРІЗ$ -> #АНТИФРИЗ$) = -15.805970033057449
correctionProbability (#ЫИНАЛГОН$ -> #ФИНАЛГОН$) = -21.798307015328582
correctionProbability (#ВОТОШОП$ -> #ФОТОШОП$) = -12.284649166929754
correctionProbability (#ПЕРЕОДИЧЕСКОЕ$ -> #ПЕРИОДИЧЕСКОЕ$) = -26.616921837218577
correctionProbability (#ТИЦА$ -> #ПТИЦА$) = -10.003239705623347
correctionProbability (#ЗIРКАМИ$ -> #ЗІРКАМИ$) = -16.701828829355954
correctionProbability (#GALAKSI$ -> #GALAXY$) = -143.05417653804875
correctionProbability (#СВЯЩЕНІ$ -> #СВЯЩЕННІ$) = -27.010990408952814
correctionProbability (#ДЕРЖИНСКЕ$ -> #ДЗЕРЖИНСКЕ$) = -19.77319974465364
correctionProbability (#LEGENTI$ -> #LEGENDS$) = -78.8509490945318
correctionProbability (#НОВОКУЗНЕЦЕ$ -> #НОВОКУЗНЕЦК$) = -15.069148825951672
correctionProbability (#ДЕВОЯКА$ -> #ДЕВОЧКА$) = -9.219206066558868
correctionProbability (#РЕШКБНИК$ -> #РЕШЕБНИК$) = -11.35982607449629
correctionProbability (#СКАЧАТЬС$ -> #СКАЧАТЬ$) = -4.9758874488685105
correctionProbability (#КИТАЙЦІ$ -> #КИТАЙЦЫ$) = -16.790049616077013
correctionProbability (#ПРЕНАТАЛЬ$ -> #ПРЕНАТАЛ$) = -24.033236876140265
correctionProbability (#ДЕРЕВЬЕ$ -> #ДЕРЕВЬЕВ$) = -13.96218618382347
correctionProbability (#АЛАДИМИР$ -> #ВЛАДИМИР$) = -10.130516121491283
correctionProbability (#ТОЛКИ$ -> #ТЕЛКИ$) = -13.126873710829859
correctionProbability (#МОРОВОЙ$ -> #МИРОВОЙ$) = -12.18104194020335
correctionProbability (#СТРОПОЛЬЩИКОМ$ -> #СТРОПАЛЬЩИКОМ$) = -26.05366362922662
correctionProbability (#ЮЖКА$ -> #ЮШКА$) = -17.935112776011888
correctionProbability (#РАБОТАБТ$ -> #РАБОТАЮТ$) = -14.872047076788654
correctionProbability (#ВАСТЬЯНОВ$ -> #СЕВАСТЬЯНОВ$) = -91.441354548493
correctionProbability (#DEAWOO$ -> #DAEWOO$) = -83.55130904272241
correctionProbability (#ПЕРЕВОДЯТЬСЯ$ -> #ПЕРЕВОДЯТСЯ$) = -28.591831930442055
correctionProbability (#ЭМЕРЕТИНСКОЕ$ -> #ИМЕРЕТИНСКОЙ$) = -93.80474625851974
correctionProbability (#ГАРИСОН$ -> #ГАРРИСОН$) = -23.306036161678705
correctionProbability (#LABARIN$ -> #LABIRINT$) = -86.46502907678247
correctionProbability (#ЯЗЫЧЕК$ -> #ЯЗЫЧОК$) = -18.873426653436443
correctionProbability (#ГУБКАК$ -> #ГУБКА$) = -12.489161378531161
correctionProbability (#NICITO$ -> #NIKITA$) = -83.69705545301325
correctionProbability (#КУКОВКЕ$ -> #КУККОВКЕ$) = -28.421519042381362
correctionProbability (#САИДАНИЯ$ -> #СВИДАНИЯ$) = -17.241983963531034
correctionProbability (#НАЙЛЕВНА$ -> #НАИЛЕВНА$) = -23.463248800884863
correctionProbability (#ИНТЕТНЕТ$ -> #ИНТЕРНЕТ$) = -5.981149412319395
correctionProbability (#ВАТСПА$ -> #ВАТСАП$) = -76.39367593563303
correctionProbability (#МАСЛЯННОГО$ -> #МАСЛЯНОГО$) = -21.49076569216019
correctionProbability (#ЛАКАЛЬНОЙ$ -> #ЛОКАЛЬНОЙ$) = -19.702547437364572
correctionProbability (#КОЗЫРИ$ -> #КОЗЫРЬКИ$) = -77.6719861036982
correctionProbability (#HOLLI$ -> #HOLLY$) = -16.868991344402037
correctionProbability (#ЯВЛЯЮТЯ$ -> #ЯВЛЯЮТСЯ$) = -16.02958190941986
correctionProbability (#ВИЕТТА$ -> #ВИЕТА$) = -20.781038771210223
correctionProbability (#КАМЕНТОН$ -> #КАМЕТОН$) = -22.34537007946031
correctionProbability (#КРОКОЛОТЬ$ -> #ПРОКОЛОТЬ$) = -20.40985714976763
correctionProbability (#ТОЛКО$ -> #ТОЛЬКО$) = -9.921922155358008
correctionProbability (#ЛЕГУШКА$ -> #ЛЯГУШКА$) = -13.183502062713913
correctionProbability (#ХАРКОВЕ$ -> #ХАРЬКОВЕ$) = -14.461437267045959
correctionProbability (#РАССКПЗ$ -> #РАССКАЗ$) = -10.460438759494636
correctionProbability (#КАШЕРИНГ$ -> #КАРШЕРИНГ$) = -19.078834836009413
correctionProbability (#ШЕРВАНОВКА$ -> #ШИРВАНОВКА$) = -28.793021628245604
correctionProbability (#СКАЧАТЬА$ -> #СКАЧАТЬ$) = -4.995727911571938
correctionProbability (#KAMPUTER$ -> #KOMPUTER$) = -21.946627468889126
correctionProbability (#ПЛЕСИНИ$ -> #ПЛЕСЕНИ$) = -17.77523547432036
correctionProbability (#ОЗНОЧАЕТ$ -> #ОЗНАЧАЕТ$) = -12.110433728091145
correctionProbability (#АГРУ$ -> #ИГРУ$) = -6.681623424156715
correctionProbability (#ГРУСНУЮ$ -> #ГРУСТНУЮ$) = -22.60447269945466
correctionProbability (#АНИМЕДЖИК$ -> #АНИМЭДЖИК$) = -22.510626857532827
correctionProbability (#КАДЕТИ$ -> #КАДЕТЫ$) = -17.908338730136546
correctionProbability (#БОЛЬГИЦА$ -> #БОЛЬНИЦА$) = -11.364219263891108
correctionProbability (#СКАЧАТЬБ$ -> #СКАЧАТЬ$) = -5.036475691835603
correctionProbability (#DOCHKISINOCHI$ -> #DOCHKISINOCHKI$) = -29.563636709949158
correctionProbability (#УПРАЖЕНЕНИЯ$ -> #УПРАЖНЕНИЯ$) = -15.56221409584554
correctionProbability (#КОАСНЫЙ$ -> #КРАСНЫЙ$) = -10.227810571534029
correctionProbability (#БИЛИАРДНЫЕ$ -> #БИЛЬЯРДНЫЕ$) = -89.37176864127406
correctionProbability (#МЕНРОТ$ -> #МЕТРО$) = -73.59450731472121
correctionProbability (#HOLMS$ -> #HOLMES$) = -17.35964066698133
correctionProbability (#СПОРЦМЕНКА$ -> #СПОРТСМЕНКА$) = -88.46165647768728
correctionProbability (#ЗАПЕКАНЕА$ -> #ЗАПЕКАНКА$) = -14.370313120556887
correctionProbability (#ТЕЛЕФОНОАМИ$ -> #ТЕЛЕФОНАМИ$) = -22.227372268452548
correctionProbability (#КОГОЦЕЛ$ -> #КАГОЦЕЛ$) = -16.676008936473302
correctionProbability (#НАКДАУНОВ$ -> #НОКДАУНОВ$) = -34.67550472429773
correctionProbability (#ПРИКОЛНЫЕ$ -> #ПРИКОЛЬНЫЕ$) = -13.287601860220661
correctionProbability (#ТИХИ$ -> #СТИХИ$) = -7.46745007292191
correctionProbability (#MMONEY$ -> #MONEY$) = -14.031845181853274
correctionProbability (#МОСКОВСКИ$ -> #МОСКОВСКИЙ$) = -14.452984973986716
correctionProbability (#КДАСС$ -> #КЛАСС$) = -2.4353036767815404
correctionProbability (#МАНЮКЮР$ -> #МАНИКЮР$) = -9.758906781193915
correctionProbability (#КОЛИЧЕТВО$ -> #КОЛИЧЕСТВО$) = -15.160107192727047
correctionProbability (#ПАТРУ$ -> #ПАТРУЛЬ$) = -74.28134161899055
correctionProbability (#ELSHOOL$ -> #ELSCHOOL$) = -19.884377628619426
correctionProbability (#КРАССНАЯ$ -> #КРАСНАЯ$) = -12.559803773400873
correctionProbability (#ФЕОФЕЛАКТОВА$ -> #ФЕОФИЛАКТОВА$) = -22.739710531877044
correctionProbability (#РАИЫ$ -> #РАЙЫ$) = -14.976478687356437
correctionProbability (#МАЙКРАФТ$ -> #МАЙНКРАФТ$) = -8.482570110613885
correctionProbability (#ПАПАРАЦ$ -> #ПАПАРАЦЦИ$) = -82.9461938618749
correctionProbability (#ГЛАЖКОЙ$ -> #ГЛАДКОЙ$) = -19.34602436485335
correctionProbability (#ЦЫТАТЫ$ -> #ЦИТАТЫ$) = -9.731041773027048
correctionProbability (#ИГРУЩКИ$ -> #ИГРУШКИ$) = -9.592888228794536
correctionProbability (#ОЛМПИАДА$ -> #ОЛИМПИАДА$) = -13.268954644972276
correctionProbability (#SHERLOK$ -> #SHERLOCK$) = -19.2823669950086
correctionProbability (#МОСКОВСКА$ -> #МОСКОВСКАЯ$) = -13.925753279948502
correctionProbability (#БЕРЕМЕНННОСТИ$ -> #БЕРЕМЕННОСТИ$) = -17.218949451972215
correctionProbability (#АВИОРЕЙСЫ$ -> #АВИАРЕЙСЫ$) = -19.73741529150137
correctionProbability (#905I$ -> #905$) = -19.072096687389116
correctionProbability (#РЕШИОН$ -> #РЕГИОН$) = -10.271889873765492
correctionProbability (#ОПАЛАТА$ -> #ОПЛАТА$) = -13.107433749827326
correctionProbability (#ДВИГОДЕЛЬ$ -> #ДВИГАТЕЛЬ$) = -77.09441384110748
correctionProbability (#XXXC$ -> #XXX$) = -9.916321453113351
correctionProbability (#ИРЕУТСК$ -> #ИРКУТСК$) = -9.251712090126865
correctionProbability (#WEBMANY$ -> #WEBMONEY$) = -83.30747948730935
correctionProbability (#ОРАЛЬНИИ$ -> #ОРАЛЬНЫЙ$) = -81.81833668453896
correctionProbability (#БЕРЕМЕНННОСТЬ$ -> #БЕРЕМЕННОСТЬ$) = -18.784394209557412
correctionProbability (#ПАТРИ$ -> #ПАТРИК$) = -14.519894325485328
correctionProbability (#ГОЛРС$ -> #ГОЛОС$) = -8.417918689732705
correctionProbability (#ПОРОМЕ$ -> #ПАРОМЕ$) = -18.015948153133802
correctionProbability (#СЕРЯАЛ$ -> #СЕРИАЛ$) = -4.10601907946646
correctionProbability (#РАИО$ -> #РАДИО$) = -5.698226547123145
correctionProbability (#РЕМОТ$ -> #РЕМОНТ$) = -5.590458307315043
correctionProbability (#СИМПАТИЧНИХ$ -> #СИМПАТИЧНЫХ$) = -25.584436361913916
correctionProbability (#TYRK$ -> #TURK$) = -13.603657477547554
correctionProbability (#РАИМ$ -> #РАЙМ$) = -15.715624125711447
correctionProbability (#СДОР$ -> #СБОР$) = -11.43370964458541
correctionProbability (#КИНОРЕЖИСЕР$ -> #КИНОРЕЖИССЕР$) = -26.703245838918512
correctionProbability (#ОСНОВЫЕЕ$ -> #ОСНОВНЫЕ$) = -79.95421706447001
correctionProbability (#РЕМОН$ -> #РЕМОНТ$) = -5.597659510049311
correctionProbability (#АНДАР$ -> #АҢДАР$) = -19.930979329176612
correctionProbability (#ПОРУГАЛАСЯ$ -> #ПОРУГАЛАСЬ$) = -26.91339957461617
correctionProbability (#ВАРЬЯТИ$ -> #ВАРЬЯТЫ$) = -23.28574469085953
correctionProbability (#ВЕЛИНГТОН$ -> #ВЕЛЛИНГТОН$) = -24.104319157385284
correctionProbability (#СИОМИ$ -> #КСИОМИ$) = -12.997727874125328
correctionProbability (#ПОРОЛЬ$ -> #ПАРОЛЬ$) = -10.585022499307588
correctionProbability (#СТАТЬЧ$ -> #СТАТЬЯ$) = -10.300794506353373
correctionProbability (#ЛУСШЕ$ -> #ЛУЧШЕ$) = -7.363823575901346
correctionProbability (#ЦЫТАТИ$ -> #ЦИТАТЫ$) = -74.44253953802226
correctionProbability (#ЖЕСКОМ$ -> #ЖЕСТКОМ$) = -20.48458448432597
correctionProbability (#FLESHKORE$ -> #FLESHCKORE$) = -25.455477369537597
correctionProbability (#ПОРОЛЮ$ -> #ПАРОЛЮ$) = -18.30970340524414
correctionProbability (#БЕЗЛЕМИТ$ -> #БЕЗЛИМИТ$) = -18.898639214615095
correctionProbability (#КРОССОРД$ -> #КРОССВОРД$) = -14.519063481827793
correctionProbability (#ИНЖЫР$ -> #ИНЖИР$) = -14.944873685406282
correctionProbability (#БЛЕМОРЕН$ -> #БЛЕМАРЕН$) = -20.066022355399106
correctionProbability (#GNAIL$ -> #GMAIL$) = -8.364554147106194
correctionProbability (#ХАРОНИЯ$ -> #ГАРМОНИЯ$) = -81.5361248490339
correctionProbability (#СУФИКСЫ$ -> #СУФФИКСЫ$) = -18.868713618432686
correctionProbability (#КРАСНОЯРК$ -> #КРАСНОЯРСК$) = -12.077873052465222
correctionProbability (#СЛЧИНЕНИЕ$ -> #СОЧИНЕНИЕ$) = -12.300541612347239
correctionProbability (#ЖЕСКОЙ$ -> #ЖЕНСКОЙ$) = -12.765727128439373
correctionProbability (#КОРДИОЛОГ$ -> #КАРДИОЛОГ$) = -16.833367708424348
correctionProbability (#ПОСЛНДНИЙ$ -> #ПОСЛЕДНИЙ$) = -10.50786679617007
correctionProbability (#ЦЫТАТА$ -> #ЦИТАТА$) = -14.814918793037524
correctionProbability (#ДЕОЛОГИ$ -> #ДИАЛОГИ$) = -80.35496735368291
correctionProbability (#ВЫЖИТ$ -> #ВЫЖИТЬ$) = -14.165436199322311
correctionProbability (#СОРЕТЬ$ -> #СМОТРЕТЬ$) = -68.27249236198728
correctionProbability (#ПОСЛНДНИЕ$ -> #ПОСЛЕДНИЕ$) = -9.37330841712265
correctionProbability (#ИВАЛ$ -> #ИВЕЛ$) = -17.886764531671393
correctionProbability (#РИЕЛТОРСКАЯ$ -> #РИЭЛТОРСКАЯ$) = -25.56133901389577
correctionProbability (#ПУКИН$ -> #ПУШКИН$) = -11.236293274072569
correctionProbability (#PREZENT$ -> #PRESENT$) = -14.533282175954973
correctionProbability (#СЕРВИРОВ$ -> #СЕРВЕРОВ$) = -16.10844441659483
correctionProbability (#НОКТИ$ -> #НОГТИ$) = -9.322879438524996
correctionProbability (#ЯКОІ$ -> #ЯКОЇ$) = -16.674546736301618
correctionProbability (#ДЖЕПЕТТО$ -> #ДЖЕППЕТТО$) = -35.41841528138388
correctionProbability (#ХОЛОФАЙБЕРА$ -> #ХОЛЛОФАЙБЕРА$) = -29.849360990283934
correctionProbability (#МОЛЮСКИ$ -> #МОЛЛЮСКИ$) = -19.054570619489567
correctionProbability (#ЖЕНСКИИ$ -> #ЖЕНСКИЕ$) = -8.586959681962725
correctionProbability (#РАЙРНА$ -> #РАЙОНА$) = -7.34491170745882
correctionProbability (#ИНОПЛАНЕТЯНИ$ -> #ИНОПЛАНЕТЯНЕ$) = -21.852840417138417
correctionProbability (#ВЕТСАП$ -> #ВАТСАП$) = -8.579602332041436
correctionProbability (#КАРАТИН$ -> #КАРАНТИН$) = -19.181035409494037
correctionProbability (#УДЛИННЕНЫЕ$ -> #УДЛИНЕННЫЕ$) = -89.91198904934834
correctionProbability (#КИСЛОТНИЙ$ -> #КИСЛОТНЫЙ$) = -20.939814235178368
correctionProbability (#ГАНКСТЕР$ -> #ГАНГСТЕР$) = -18.457826548098723
correctionProbability (#КОЛЛМНЫ$ -> #КОЛОМНЫ$) = -18.910468953755874
correctionProbability (#ЧЕЛЯБЕНСКЕ$ -> #ЧЕЛЯБИНСКЕ$) = -13.58810278627135
correctionProbability (#ПОЛИКЛИНЕКЕ$ -> #ПОЛИКЛИНИКЕ$) = -19.50214648906583
correctionProbability (#ЖЕНСКИК$ -> #ЖЕНСКИЕ$) = -8.637931039981183
correctionProbability (#СЛШАТЬ$ -> #СЛУШАТЬ$) = -5.722077069506474
correctionProbability (#ПИТЕРГОФ$ -> #ПЕТЕРГОФ$) = -17.436073383781896
correctionProbability (#VAYLUTA$ -> #VALYUTA$) = -87.74850186293547
correctionProbability (#КОСТНАЙ$ -> #КОСТАНАЙ$) = -13.398755189362234
correctionProbability (#ДОКМЕНТЫ$ -> #ДОКУМЕНТЫ$) = -13.069971635038108
correctionProbability (#ДЕКАБРСКОЕ$ -> #ДЕКАБРЬСКОЕ$) = -24.143029272889805
correctionProbability (#СУБОТНИЙ$ -> #СУББОТНИЙ$) = -20.7042545223107
correctionProbability (#ИИГРЫ$ -> #ИГРЫ$) = -4.884603269056516
correctionProbability (#СПЕДОМЕТР$ -> #СПИДОМЕТР$) = -18.838696960331667
correctionProbability (#СЕГОДГЯ$ -> #СЕГОДНЯ$) = -6.022037052241984
correctionProbability (#НАПЕЗКА$ -> #НАРЕЗКА$) = -14.188699421364383
correctionProbability (#МИЖ$ -> #МІЖ$) = -14.651137211685604
correctionProbability (#АНТЕРНЕТ$ -> #ИНТЕРНЕТ$) = -5.981660435327926
correctionProbability (#ОРТАМОЛ$ -> #ОРТОМОЛ$) = -21.228292845820505
correctionProbability (#ЛОТЕ$ -> #ЛОТТЕ$) = -20.276558021180296
correctionProbability (#НЕЛЬ$ -> #ГЕЛЬ$) = -8.659773403291322
correctionProbability (#ПОШОЛ$ -> #ПОШЕЛ$) = -14.493130187032794
correctionProbability (#IUTUUB$ -> #IUTUB$) = -19.422930377890683
correctionProbability (#ФАНАРИКИ$ -> #ФОНАРИКИ$) = -18.557829121818365
correctionProbability (#БУТСИ$ -> #БУТСЫ$) = -15.515771194839086
correctionProbability (#КАТРИДЖЕЙ$ -> #КАРТРИДЖЕЙ$) = -19.15447952613396
correctionProbability (#СОВРЕМЕНОСТИ$ -> #СОВРЕМЕННОСТИ$) = -24.430847202514457
correctionProbability (#ЯКОИ$ -> #ЯКОЇ$) = -16.676285237282773
correctionProbability (#ДЕЙСВУЕТ$ -> #ДЕЙСТВУЕТ$) = -17.489140829556526
correctionProbability (#МИНУМ$ -> #МИНУС$) = -9.0244276303935
correctionProbability (#РАЛЛ$ -> #РАЛ$) = -17.213810112696134
correctionProbability (#РОУЛТЕР$ -> #РОУТЕР$) = -14.832896045238282
correctionProbability (#СТАФИЛЛОКОК$ -> #СТАФИЛОКОКК$) = -88.35644166102097
correctionProbability (#СУБЬЕКТОВ$ -> #СУБЪЕКТОВ$) = -17.686802455610696
correctionProbability (#МАЛЬЧЫК$ -> #МАЛЬЧИК$) = -10.844101784997328
correctionProbability (#ТУРЕЦКЕ$ -> #ТУРЕЦКИЕ$) = -13.089889854831519
correctionProbability (#СЛАГТЕРА$ -> #СЛАГТЕРРА$) = -23.03774715019253
correctionProbability (#ФАНАРИКА$ -> #ФОНАРИКА$) = -19.757261323147482
correctionProbability (#НОДНОСТИ$ -> #ГОДНОСТИ$) = -16.549170729096048
correctionProbability (#ОБЕДИНИТЬ$ -> #ОБЪЕДИНИТЬ$) = -18.672524407551272
correctionProbability (#ДЁЖА$ -> #ЛЁЖА$) = -17.17082968854677
correctionProbability (#ВЫЖИВАЕ$ -> #ВЫЖИВАЕТ$) = -22.410598670473327
correctionProbability (#АВЕРНУСА$ -> #ВЕРНУСЬ$) = -83.66459193426611
correctionProbability (#ОТЗАВЫ$ -> #ОТЗЫВЫ$) = -4.842763362924934
correctionProbability (#СКАЛАДРОМ$ -> #СКАЛОДРОМ$) = -22.1170979049609
correctionProbability (#НЕЛИ$ -> #НЕЛЛИ$) = -14.529379886883365
correctionProbability (#DOTABAFF$ -> #DOTABUFF$) = -19.916327746416947
correctionProbability (#САМБРЕРО$ -> #СОМБРЕРО$) = -19.401940861011646
correctionProbability (#МИТЕЛЬ$ -> #МЕТЕЛЬ$) = -14.914387661452
correctionProbability (#РАБОТАЕИ$ -> #РАБОТАЕТ$) = -11.264730501341283
correctionProbability (#КАКТАЛОГ$ -> #КАТАЛОГ$) = -8.96918601462626
correctionProbability (#ПАРМЕТРЫ$ -> #ПАРАМЕТРЫ$) = -16.524832987606565
correctionProbability (#ЛАИКИ$ -> #ЛАЙКИ$) = -12.42282262492741
correctionProbability (#ЛЕТИРАТУРА$ -> #ЛИТЕРАТУРА$) = -79.92718764604523
correctionProbability (#ШРИФ$ -> #ШРИФТ$) = -12.603023349988067
correctionProbability (#ОПУШЕНИЕ$ -> #ОПУЩЕНИЕ$) = -18.248127286531464
correctionProbability (#НЕСВИТ$ -> #НЕСВІТ$) = -18.087778200127193
correctionProbability (#ОТВЕТЬЕ$ -> #ОТВЕТЬТЕ$) = -20.643015626100706
correctionProbability (#ЦЕЛЮЛОЗА$ -> #ЦЕЛЛЮЛОЗА$) = -22.693316007654367
correctionProbability (#СВЕДИНЬЯ$ -> #СВЕДЕНИЯ$) = -79.18687924069297
correctionProbability (#ІГРАШКОВИ$ -> #ІГРАШКОВІ$) = -26.930444847689635
correctionProbability (#RLCRAFT$ -> #RAILCRAFT$) = -91.50678662185328
correctionProbability (#RADMI$ -> #REDMI$) = -10.232224329788881
correctionProbability (#ГРЕЦ$ -> #ГРЕЙ$) = -11.538332679941508
correctionProbability (#АНДРОИНД$ -> #АНДРОИД$) = -11.577208573032472
correctionProbability (#МЕЧЕТЕ$ -> #МЕЧЕТИ$) = -16.073929904049148
correctionProbability (#ДОКОЗАТЬ$ -> #ДОКАЗАТЬ$) = -17.878136752484345
correctionProbability (#ОТЛИЧАЮТЬСЯ$ -> #ОТЛИЧАЮТСЯ$) = -20.445011979675478
correctionProbability (#УЛЕЦЕ$ -> #УЛИЦЕ$) = -9.58895222153458
correctionProbability (#СКАНСКАНЕР$ -> #СКАЙСКАНЕР$) = -15.916684129642938
correctionProbability (#КОНЦЕТРАТ$ -> #КОНЦЕНТРАТ$) = -20.85855620898797
correctionProbability (#ТЕКТАНИЧЕСКУЮ$ -> #ТЕКТОНИЧЕСКУЮ$) = -31.781114040105166
correctionProbability (#СТРИПТИС$ -> #СТРИПТИЗ$) = -14.111856659954633
correctionProbability (#СУМСКОЬ$ -> #СУМСКОЙ$) = -18.665068761581352
correctionProbability (#ДЕТЕЛЬНОСТИ$ -> #ДЕЯТЕЛЬНОСТИ$) = -16.386323394413644
correctionProbability (#ПОНАМОРЕВ$ -> #ПОНОМАРЕВ$) = -85.5019046101895
correctionProbability (#СТРЕЖИВОЙ$ -> #СТРЕЖЕВОЙ$) = -18.978801199882504
correctionProbability (#КОТЕЛНИКИ$ -> #КОТЕЛЬНИКИ$) = -19.944147141263166
correctionProbability (#EXERSISES$ -> #EXERCISES$) = -19.407420468225908
correctionProbability (#ПАЛЗУЧАЯ$ -> #ПОЛЗУЧАЯ$) = -22.337259000852136
correctionProbability (#ГРЕМ$ -> #ГРЭМ$) = -15.360390134832922
correctionProbability (#КАСТЮМА$ -> #КОСТЮМА$) = -14.339334091737328
correctionProbability (#СОВМЕСНОЙ$ -> #СОВМЕСТНОЙ$) = -18.232449210939308
correctionProbability (#РИНТОН$ -> #РИНГТОН$) = -13.414740086528035
correctionProbability (#ГРЕН$ -> #ГРИН$) = -10.104975042046593
correctionProbability (#СИЛНИЙ$ -> #СИЛЬНЫЙ$) = -79.40959148988294
correctionProbability (#КОМБОЛИПЕН$ -> #КОМБИЛИПЕН$) = -19.29451259643627
correctionProbability (#ПНЕВМАНИЮ$ -> #ПНЕВМОНИЮ$) = -23.25940806794842
correctionProbability (#ОСТРОВСЬКИЙ$ -> #ОСТРОВСКИЙ$) = -20.304286557892432
correctionProbability (#СЕКСАЛНИ$ -> #СЕКСУАЛНИ$) = -24.6489170174767
correctionProbability (#КОМПАНЬЕНЫ$ -> #КОМПАНЬОНЫ$) = -23.57484885771536
correctionProbability (#ГОРДАН$ -> #ГОРДОН$) = -13.854701491292918
correctionProbability (#ШИНШИЛОЕ$ -> #ШИНШИЛЛЕ$) = -24.900095555586745
correctionProbability (#ПРЕДЛЖЕНИЯ$ -> #ПРЕДЛОЖЕНИЯ$) = -16.12930102580242
correctionProbability (#НОКСТ$ -> #НОКС$) = -17.02957957406989
correctionProbability (#АКУШЕРСТВ$ -> #АКУШЕРСТВО$) = -19.61177471217305
correctionProbability (#КІЛОВАТ$ -> #КИЛОВАТТ$) = -84.82521257573163
correctionProbability (#НЕКТ$ -> #НЕКСТ$) = -12.14468270666848
correctionProbability (#ГОВАРИЛА$ -> #ГОВОРИЛА$) = -17.88235799899764
correctionProbability (#ВЭСТ$ -> #ВЕСТ$) = -13.39282216575327
correctionProbability (#ТАККОЕ$ -> #ТАКОЕ$) = -7.651351097448828
correctionProbability (#АКУШЕРСТА$ -> #АКУШЕРСТВО$) = -84.36506985988234
correctionProbability (#ЭЛЕКТИЧЕК$ -> #ЭЛЕКТРИЧЕК$) = -13.96242874089669
correctionProbability (#ТОАМВА$ -> #ТРАМВАЙ$) = -79.4389593272122
correctionProbability (#ОСТЕХОНДРОЗ$ -> #ОСТЕОХОНДРОЗ$) = -20.845736108838764
correctionProbability (#РИЦОЛЛИ$ -> #РИЦЦОЛИ$) = -86.17443430869703
correctionProbability (#БРИНТЕЛИКС$ -> #БРИНТЕЛЛИКС$) = -27.336981748500378
correctionProbability (#БИФУНГИН$ -> #БЕФУНГИН$) = -20.960627409912313
correctionProbability (#ДЕВОЛЬВАЦИЯ$ -> #ДЕВАЛЬВАЦИЯ$) = -23.99791444690011
correctionProbability (#ПАТОМ$ -> #ПОТОМ$) = -12.256500556618594
correctionProbability (#ФРАЗИОЛОГИЗМОВ$ -> #ФРАЗЕОЛОГИЗМОВ$) = -24.38760881809145
correctionProbability (#ТЕЛЕФНА$ -> #ТЕЛЕФОНА$) = -10.415619622462508
correctionProbability (#ОПОРНИЙ$ -> #ОПОРНЫЙ$) = -17.615793698139832
correctionProbability (#КОРММТ$ -> #КОРМИТ$) = -17.21925924764398
correctionProbability (#РАКМ$ -> #РАКОМ$) = -11.409081736203976
correctionProbability (#ОБЩИТОЙ$ -> #ОБШИТОЙ$) = -27.38516521142445
correctionProbability (#ТАКЫРЫП$ -> #ТАҚЫРЫП$) = -20.432793947452637
correctionProbability (#ПАНАКОТЕ$ -> #ПАНАКОТА$) = -21.096994209620867
correctionProbability (#ТАЦУЮЩИЕ$ -> #ТАНЦУЮЩИЕ$) = -20.22540985435046
correctionProbability (#ДРЯНЫЕ$ -> #ДРЯННЫЕ$) = -18.981239722203867
correctionProbability (#НЕКС$ -> #НЕКСТ$) = -12.177396564880144
correctionProbability (#СУБЬЕКТИВНОЕ$ -> #СУБЪЕКТИВНОЕ$) = -27.826040834174712
correctionProbability (#ГОЛОК$ -> #УГОЛОК$) = -11.424251811744956
correctionProbability (#БУБАА$ -> #БУБА$) = -9.350777926635917
correctionProbability (#SUNY$ -> #SUNNY$) = -16.419361692194347
correctionProbability (#УСЛОАНЫМ$ -> #УСЛОВНЫМ$) = -23.689250817084123
correctionProbability (#РССФИНАНС$ -> #РУСФИНАНС$) = -17.70839277881062
correctionProbability (#ДИСТРУКЦИЯ$ -> #ДЕСТРУКЦИЯ$) = -24.47069107719598
correctionProbability (#КАЗАХСЬАНЕ$ -> #КАЗАХСТАНЕ$) = -12.416259315884545
correctionProbability (#ЮЛМАРТА$ -> #ЮЛМАРТ$) = -15.032289545010375
correctionProbability (#МОСККВА$ -> #МОСКВА$) = -6.605737955008639
correctionProbability (#НЕГРЕТЯТ$ -> #НЕГРИТЯТ$) = -20.06006933391864
correctionProbability (#КУКУЮ$ -> #КАКУЮ$) = -9.556770708094295
correctionProbability (#СКРИТУЮ$ -> #СКРЫТУЮ$) = -15.77264151438073
correctionProbability (#HENESSY$ -> #HENNESSY$) = -22.192654583943693
correctionProbability (#ПРОФЕССТОНАЛЬНЫЙ$ -> #ПРОФЕССИОНАЛЬНЫЙ$) = -22.478047361524986
correctionProbability (#HUSZT$ -> #HOST$) = -83.21270845086298
correctionProbability (#ОБТЯВЛЕНИЕ$ -> #ОБЪЯВЛЕНИЕ$) = -14.61349062487946
correctionProbability (#НАЙЛИТЕ$ -> #НАЙДИТЕ$) = -12.00120318004494
correctionProbability (#PORNSVETA$ -> #PORNOSVETA$) = -21.97467153939504
correctionProbability (#ХЕММЕНГУЭЙ$ -> #ХЕМИНГУЭЙ$) = -88.51200213403477
correctionProbability (#БАЛАДЕ$ -> #БАЛЛАДЕ$) = -18.958014324935064
correctionProbability (#ГОЛЕВУДЕ$ -> #ГОЛЛИВУДЕ$) = -80.82692790797005
correctionProbability (#ДВИЖЕНИЧ$ -> #ДВИЖЕНИЯ$) = -11.980850772332197
correctionProbability (#МКЧ$ -> #МЕЧ$) = -9.172936365354449
correctionProbability (#МОСККВЕ$ -> #МОСКВЕ$) = -6.553733827965846
correctionProbability (#ТЕЛЕФОЕ$ -> #ТЕЛЕФОН$) = -7.463779051589576
correctionProbability (#МУЗТКА$ -> #МУЗЫКА$) = -5.475257083049243
correctionProbability (#ВАИТЕЛИ$ -> #ВОИТЕЛИ$) = -15.463285430369304
correctionProbability (#КОЛДАНУ$ -> #ҚОЛДАНУ$) = -19.103716651179823
correctionProbability (#ТАНЦЮЮ$ -> #ТАНЦУЮ$) = -13.296652960354695
correctionProbability (#СИСЛЕННОСТЬ$ -> #ЧИСЛЕННОСТЬ$) = -17.964266983022362
correctionProbability (#ПАРОЛОН$ -> #ПОРОЛОН$) = -18.42775326677274
correctionProbability (#СЕНЬЁРИТА$ -> #СЕНЬОРИТА$) = -17.138208047131563
correctionProbability (#КАПИТАНИОС$ -> #КАПИТАНИУС$) = -26.830430519650925
correctionProbability (#РАФЕРАТ$ -> #РЕФЕРАТ$) = -10.727339690646701
correctionProbability (#СТАЦИОННАЯ$ -> #СТАНЦИОННАЯ$) = -25.864546109653773
correctionProbability (#ТЕЛЕФОТ$ -> #ТЕЛЕФОН$) = -7.4689851371007805
correctionProbability (#ВИЗЕРСПУН$ -> #УИЗЕРСПУН$) = -17.873615756415028
correctionProbability (#БОСТЕР$ -> #БУСТЕР$) = -13.424777248458707
correctionProbability (#МАРГАРИТ$ -> #МАРГАРИТА$) = -14.426569822757436
correctionProbability (#NACIONALB$ -> #NACIONAL$) = -24.179128927522804
correctionProbability (#ЗАГОРЕТСЯ$ -> #ЗАГОРЕТЬСЯ$) = -28.750415698052507
correctionProbability (#ИСТИНАЯ$ -> #ИСТИННАЯ$) = -21.20294446931858
correctionProbability (#ЦВЕТРВ$ -> #ЦВЕТОВ$) = -8.935715069006566
correctionProbability (#РАЕН$ -> #РАЙОН$) = -71.80378984130962
correctionProbability (#ВОЛОГА$ -> #ВОЛОГДА$) = -12.816806654063868
correctionProbability (#КОПТИЛКИ$ -> #КОПТИЛЬНИ$) = -86.45940999373103
correctionProbability (#СУМКРКИ$ -> #СУМЕРКИ$) = -10.528318979296046
correctionProbability (#ОЙЛХ$ -> #ОЛХ$) = -8.65728988801639
correctionProbability (#CHROM$ -> #CHROME$) = -11.753200843834843
correctionProbability (#OТЗЫВЫ$ -> #ОТЗЫВЫ$) = -4.900797183166251
correctionProbability (#ТЕРИТОРИЯХ$ -> #ТЕРРИТОРИЯХ$) = -25.426691644774053
correctionProbability (#ИНДАСТРИЛ$ -> #ИНДАСТРИАЛ$) = -21.794726343799766
correctionProbability (#ПИРОЖКО$ -> #ПИРОЖКОВ$) = -12.956663163900565
correctionProbability (#УКРГІДРОМЕТЕОЦЕНТР$ -> #УКРГИДРОМЕТЕОЦЕНТР$) = -43.94446812577605
correctionProbability (#РАБОТАЕШ$ -> #РАБОТАЕШЬ$) = -22.091744578261824
correctionProbability (#ПЛМОЩЬЮ$ -> #ПОМОЩЬЮ$) = -12.164994209743895
correctionProbability (#GICITORI$ -> #GHICITORI$) = -24.84812742109542
correctionProbability (#ІНЦЕСТ$ -> #ИНЦЕСТ$) = -9.035886479774735
correctionProbability (#МИНСА$ -> #МИНСКА$) = -11.721825573226813
correctionProbability (#КРИМЕНАЛЬНЫЙ$ -> #КРИМИНАЛЬНЫЙ$) = -19.819339960038263
correctionProbability (#КОНЫЕТЫ$ -> #КОНФЕТЫ$) = -13.25129794065063
correctionProbability (#ДИНАЗАВР$ -> #ДИНОЗАВР$) = -15.104218356703718
correctionProbability (#SERGACHEVA$ -> #DERGACHEVA$) = -36.036382251025195
correctionProbability (#ХАНСКЯ$ -> #ХАНСКАЯ$) = -23.373208432162635
correctionProbability (#ПАРЕХМАХЕРСКАЯ$ -> #ПАРИКМАХЕРСКАЯ$) = -85.46191174716017
correctionProbability (#БАЛОВНОМ$ -> #ГОЛОВНОМ$) = -85.57275124097521
correctionProbability (#ЛЕНИНГРА$ -> #ЛЕНИНГРАД$) = -13.823147395192933
correctionProbability (#ЕНДЖЕЙ$ -> #ЭНДЖОЙ$) = -84.89204667377801
correctionProbability (#КАЛЕННДАРЬ$ -> #КАЛЕНДАРЬ$) = -11.99435731955446
correctionProbability (#ДРОБОКС$ -> #ДРОПБОКС$) = -21.480648839051966
correctionProbability (#КРИМЕНАЛЬНЫЕ$ -> #КРИМИНАЛЬНЫЕ$) = -16.816188348441607
correctionProbability (#КАЗАНТ$ -> #КАЗАНЬ$) = -7.437706505874431
correctionProbability (#РИЕЛТОРСКИЕ$ -> #РИЭЛТОРСКИЕ$) = -26.192003908781004
correctionProbability (#XVIDEOC$ -> #XVIDEOS$) = -11.516423778871832
correctionProbability (#ПИКАПП$ -> #ПИКАП$) = -14.067505010593283
correctionProbability (#ЧEЛЯБИНСК$ -> #ЧЕЛЯБИНСК$) = -10.332481935085575
correctionProbability (#КОМАРОВСЬКИЙ$ -> #КОМАРОВСКИЙ$) = -22.63532255547331
correctionProbability (#ЮЛМАРТЬ$ -> #ЮЛМАРТ$) = -14.990704415209539
correctionProbability (#ЗАДНИЯ$ -> #ЗАДАНИЯ$) = -10.80679117798229
correctionProbability (#ВИТАННЯ$ -> #ВІТАННЯ$) = -16.39253086053266
correctionProbability (#ПУКЕТ$ -> #ПХУКЕТ$) = -13.3162182219118
correctionProbability (#ЩЕТОВИДНОЙ$ -> #ЩИТОВИДНОЙ$) = -8.535551913392588
correctionProbability (#КОНСЕРВИРУВАНИЕ$ -> #КОНСЕРВИРОВАНИЕ$) = -26.29609256693938
correctionProbability (#SCANER$ -> #SCANNER$) = -19.011567116613918
correctionProbability (#КАЧЕСТЕ$ -> #КАЧЕСТВЕ$) = -6.755305141141463
correctionProbability (#РАССТРЕЛЯНЫХ$ -> #РАССТРЕЛЯННЫХ$) = -30.177387028188008
correctionProbability (#ОТЛЕЛЕНИЯ$ -> #ОТДЕЛЕНИЯ$) = -15.86952020652626
correctionProbability (#РОСРОЧКУ$ -> #РАССРОЧКУ$) = -81.40622357792672
correctionProbability (#ИНТЕРАКТИВЕУЮ$ -> #ИНТЕРАКТИВНУЮ$) = -27.49068612449284
correctionProbability (#ОННИК$ -> #СОННИК$) = -10.019983891381859
correctionProbability (#БАЙКЫ$ -> #БАЙКИ$) = -13.904956988415893
correctionProbability (#СПМОУБИЙСТВО$ -> #САМОУБИЙСТВО$) = -23.25052474990933
correctionProbability (#ATTAK$ -> #ATTACK$) = -16.3675848148054
correctionProbability (#ДИБИЛЫ$ -> #ДЕБИЛЫ$) = -17.71289447387721
correctionProbability (#ЗАРОБОТНАЯ$ -> #ЗАРАБОТНАЯ$) = -18.641816369460052
correctionProbability (#VOLKSVAGEN$ -> #VOLKSWAGEN$) = -16.34106653335018
correctionProbability (#ДИБИЛА$ -> #ДЕБИЛА$) = -20.906146302386208
correctionProbability (#ПАНСТОНАТ$ -> #ПАНСИОНАТ$) = -15.315143812154268
correctionProbability (#БУДУШЕМ$ -> #БУДУЩЕМ$) = -16.298335586164065
correctionProbability (#СОКОЛОВИ$ -> #СОКОЛОВЫ$) = -23.36529383178405
correctionProbability (#ВОЛОВА$ -> #ВОЛОВО$) = -20.040663455873545
correctionProbability (#ОРЕНДА$ -> #АРЕНДА$) = -7.28746003142081
correctionProbability (#САКЧАТЬ$ -> #СКАЧАТЬ$) = -70.34604660149712
correctionProbability (#БУБЕТ$ -> #БУДЕТ$) = -7.748535190703354
correctionProbability (#ФУДБОЛКИ$ -> #ФУТБОЛКИ$) = -15.2395188784877
correctionProbability (#ФАЙЛБЕЙС$ -> #ФАЙЛБЭЙС$) = -33.94146548934686
correctionProbability (#ДЖОКEР$ -> #ДЖОКЕР$) = -8.760332821217492
correctionProbability (#ДЕДАЕВ$ -> #ДАДАЕВ$) = -22.532953788016385
correctionProbability (#МАЙКРАСОВТ$ -> #МАЙКРОСОФТ$) = -81.55048376949384
correctionProbability (#ГЕЛИУС$ -> #ГЕЛИОС$) = -16.39734453194252
correctionProbability (#НПДЕЖДУ$ -> #НАДЕЖДУ$) = -19.009655789678156
correctionProbability (#НАЦЫОНАЛЬНА$ -> #НАЦІОНАЛЬНА$) = -23.83160024508453
correctionProbability (#DOCHKISINOCVHKI$ -> #DOCHKISINOCHKI$) = -31.525718629593015
correctionProbability (#СЛОВОСОЧИТАНИЯ$ -> #СЛОВОСОЧЕТАНИЯ$) = -23.109229948691443
correctionProbability (#ОДЕТСЯ$ -> #ОДЕТЬСЯ$) = -18.031181640868454
correctionProbability (#КОТУШКИ$ -> #КАТУШКИ$) = -15.294225742904878
correctionProbability (#КАКНАЛ$ -> #КАНАЛ$) = -8.259473211013976
correctionProbability (#ЛОЛД$ -> #ЛОЛ$) = -9.041138882491683
correctionProbability (#ЗИНЯЯ$ -> #ЗИМНЯЯ$) = -10.5605270756982
correctionProbability (#АНИМАНГ$ -> #АНИМАН$) = -34.517007201050745
correctionProbability (#ПРОСТЫЙ$ -> #ПРОСТЫЕ$) = -11.13773701447387
correctionProbability (#ДОЖНОСТНАЯ$ -> #ДОЛЖНОСТНАЯ$) = -16.941630070079995
correctionProbability (#МАШИНОГО$ -> #МАШИННОГО$) = -21.435142376591635
correctionProbability (#МОСКОВСОЙ$ -> #МОСКОВСКОЙ$) = -13.034309101233433
correctionProbability (#КАЗАНЕ$ -> #КАЗАНИ$) = -9.290608902730032
correctionProbability (#МАКСИМАЛЬНИЙ$ -> #МАКСИМАЛЬНЫЙ$) = -20.622579244929554
correctionProbability (#ЬУЗЫКА$ -> #МУЗЫКА$) = -5.492187695921256
correctionProbability (#ОТКЛЮЧАЕТ$ -> #ОТКЛЮЧАЕТСЯ$) = -86.89528448729783
correctionProbability (#ФУДБОЛКА$ -> #ФУТБОЛКА$) = -15.069422302039541
correctionProbability (#МАЭЛ$ -> #МАЙЛ$) = -3.649190662563928
correctionProbability (#СКАЗАННО$ -> #СКАЗАНО$) = -22.428675781327904
correctionProbability (#MEUZU$ -> #MEIZU$) = -12.761736068441028
correctionProbability (#ЕШЛИ$ -> #ЭШЛИ$) = -13.921592001978862
correctionProbability (#ПЛЕТЕННОЙ$ -> #ПЛЕТЕНОЙ$) = -24.039901654369082
correctionProbability (#НЕВРАПАТОЛОГ$ -> #НЕВРОПАТОЛОГ$) = -23.268600986471412
correctionProbability (#АФТОБИОГРАФИЯ$ -> #АВТОБИОГРАФИЯ$) = -21.23830730876584
correctionProbability (#ВИКИРЕДИЯ$ -> #ВИКИПЕДИЯ$) = -9.414650861210518
correctionProbability (#СТУДЕНТСКО$ -> #СТУДЕНТСЬКА$) = -93.25301549480949
correctionProbability (#СДКО$ -> #САДКО$) = -13.745248557507995
correctionProbability (#SUPR$ -> #SUPER$) = -11.203593138868673
correctionProbability (#ЦВЕТКАНИ$ -> #ЦВЕТКАМИ$) = -22.036179177199863
correctionProbability (#ТАЕОЕ$ -> #ТАКОЕ$) = -5.17602766035299
correctionProbability (#МИТЧЕЛ$ -> #МИТЧЕЛЛ$) = -20.174066376380402
correctionProbability (#ВІЙТИ$ -> #ВЫЙТИ$) = -11.609052579578492
correctionProbability (#БРЕНЧАНИНОВ$ -> #БРЯНЧАНИНОВ$) = -25.387654368529148
correctionProbability (#SARGISYAN$ -> #SARGSYAN$) = -22.78936310217805
correctionProbability (#МЛЙ$ -> #МОЙ$) = -5.410534598795607
correctionProbability (#ONLIENE$ -> #ONLINE$) = -10.754605971511733
correctionProbability (#ШАХЕРЕЗАД$ -> #ШАХЕРЕЗАДА$) = -18.769100461957855
correctionProbability (#ЖУВАЧКА$ -> #ЖВАЧКА$) = -20.159191229251835
correctionProbability (#ГАЛГОФА$ -> #ГОЛГОФА$) = -20.549299491297525
correctionProbability (#БЫСТРОЯ$ -> #БЫСТРАЯ$) = -15.044160761524026
correctionProbability (#СПИЦИ$ -> #СПИЦЫ$) = -14.51820193887394
correctionProbability (#МЛИ$ -> #ИЛИ$) = -4.500240101597807
correctionProbability (#БАЗОВИЙ$ -> #БАЗОВЫЙ$) = -15.319199840127538
correctionProbability (#ПЕРЕВОРД$ -> #ПЕРЕВОД$) = -10.839046178827616
correctionProbability (#БАЛАДЫ$ -> #БАЛЛАДЫ$) = -17.845654729472734
correctionProbability (#АВОМОБИЛЯ$ -> #АВТОМОБИЛЯ$) = -12.568296247218768
correctionProbability (#ПЕРЕВОДЧЫК$ -> #ПЕРЕВОДЧИК$) = -8.667203633891596
correctionProbability (#МИРОМЕСТИН$ -> #МИРАМИСТИН$) = -83.95004575351042
correctionProbability (#БЕЗБОЛЕЗНЕНО$ -> #БЕЗБОЛЕЗНЕННО$) = -26.083842975696406
correctionProbability (#ТИРИ$ -> #ТРИ$) = -7.010957359574949
correctionProbability (#ТАКЫРЫБЫ$ -> #ТАҚЫРЫБЫ$) = -19.585361781479897
correctionProbability (#КУКОДЬНЫЕ$ -> #КУКОЛЬНЫЕ$) = -21.02517450098663
correctionProbability (#ПАРОДИСТЫХ$ -> #ПОРОДИСТЫХ$) = -23.230201894798277
correctionProbability (#ЛОРОТАДИН$ -> #ЛОРАТАДИН$) = -19.083349881752014
correctionProbability (#УКРСИБАНК$ -> #УКРСИББАНК$) = -22.137340804121088
correctionProbability (#KASINKA$ -> #KOSINKA$) = -20.013381958504475
correctionProbability (#РУУСКИЕ$ -> #РУССКИЕ$) = -6.847725515620681
correctionProbability (#ОЙКИ$ -> #ДОЙКИ$) = -9.027280813823335
correctionProbability (#ФОБРИКА$ -> #ФАБРИКА$) = -10.784963139279974
correctionProbability (#ПОДБОКИ$ -> #ПОДБОРКИ$) = -16.78309060286083
correctionProbability (#МОСКОСКАЯ$ -> #МОСКОВСКАЯ$) = -13.943153241330997
correctionProbability (#АСАССИН$ -> #АССАСИН$) = -81.84895120860396
correctionProbability (#УБЕБНИЕ$ -> #УЧЕБНИК$) = -73.80122779505494
correctionProbability (#НАЦДИ$ -> #НАЙДИ$) = -11.05778703700621
correctionProbability (#ФУДБОЛКУ$ -> #ФУТБОЛКУ$) = -17.070564968253287
correctionProbability (#РЕШЕБНТК$ -> #РЕШЕБНИК$) = -11.363932886767465
correctionProbability (#DOCHKJSINOCHKI$ -> #DOCHKISINOCHKI$) = -28.969632426069396
correctionProbability (#МТРО$ -> #МЕТРО$) = -6.90799784978277
correctionProbability (#УМИВАЛЬНИК$ -> #УМЫВАЛЬНИК$) = -20.10441317680084
correctionProbability (#МАЛОДЕНКИЕ$ -> #МОЛОДЕНЬКИЕ$) = -83.9944721818867
correctionProbability (#ОШИЬКА$ -> #ОШИБКА$) = -10.439081710447585
correctionProbability (#КЛЭШЬ$ -> #КЛЕШ$) = -79.62123116621869
correctionProbability (#НАЗАБИНО$ -> #НАХАБИНО$) = -16.794309240899757
correctionProbability (#ММЮ$ -> #ММ$) = -10.129552936262957
correctionProbability (#КОСЕРВИРОВАННАЯ$ -> #КОНСЕРВИРОВАННАЯ$) = -29.408627780434692
correctionProbability (#ДЕКАРАТИВНАЯ$ -> #ДЕКОРАТИВНАЯ$) = -18.24726838190564
correctionProbability (#НЕФРОЛОГА$ -> #НЕВРОЛОГА$) = -19.579359914516203
correctionProbability (#СЕРЦЕЕД$ -> #СЕРДЦЕЕД$) = -22.28070562482074
correctionProbability (#ВЫШАЛ$ -> #ВЫШЕЛ$) = -13.581234543230057
correctionProbability (#СЛОВОСОЧИТАНИЕ$ -> #СЛОВОСОЧЕТАНИЕ$) = -22.838957948189993
correctionProbability (#МЕНЕДЖАР$ -> #МЕНЕДЖЕР$) = -13.705637374556254
correctionProbability (#КРАСОТАК$ -> #КРАСОТОК$) = -18.994733083581856
correctionProbability (#СДОВ$ -> #СЛОВ$) = -8.65244391206571
correctionProbability (#МАРКЕРОВКА$ -> #МАРКИРОВКА$) = -16.375691485731792
correctionProbability (#БРИЛИАНТ$ -> #БРИЛЛИАНТ$) = -18.975215994050238
correctionProbability (#ДРЕХАТЬ$ -> #ДОЕХАТЬ$) = -11.490368948632437
correctionProbability (#ОДЕЛЬНО$ -> #ОТДЕЛЬНО$) = -17.338717240612873
correctionProbability (#ТАЛДЫКОРГАНИ$ -> #ТАЛДЫКОРГАНЕ$) = -21.50940911338217
correctionProbability (#ЛОБРАДОР$ -> #ЛАБРАДОР$) = -17.248118599030384
correctionProbability (#КОЗЫРКИ$ -> #КОЗЫРЬКИ$) = -12.330730663034899
correctionProbability (#ТРЭЙЛЕР$ -> #ТРЕЙЛЕР$) = -10.175836269987187
correctionProbability (#ФЗИЧЕСКИЕ$ -> #ФИЗИЧЕСКИЕ$) = -18.89529611107414
correctionProbability (#САМЛУБИЙСЬВЛ$ -> #САМОУБИЙСТВО$) = -152.8105051165122
correctionProbability (#НАЗНОЧЕНИЯ$ -> #НАЗНАЧЕНИЯ$) = -15.327199281988726
correctionProbability (#OOGLE$ -> #GOOGLE$) = -6.401946089779468
correctionProbability (#НЕБЕЛЬ$ -> #МЕБЕЛЬ$) = -7.393514686257813
correctionProbability (#MEDIK$ -> #MEDIC$) = -19.9766220456597
correctionProbability (#ПРИКАСКИ$ -> #ПРИКАЗКИ$) = -22.04902561644152
correctionProbability (#САМАРКАНТ$ -> #САМАРКАНД$) = -18.410624510874932
correctionProbability (#БОГДАНОВИЧЬ$ -> #БОГДАНОВИЧ$) = -21.865769444004748
correctionProbability (#РОЛИВЫЕ$ -> #РОЛЕВЫЕ$) = -17.396997669968258
correctionProbability (#МКЛЬТИКИ$ -> #МУЛЬТИКИ$) = -6.805056765568011
correctionProbability (#ДОЛГЫЙ$ -> #ДОЛГИЙ$) = -15.757075797107365
correctionProbability (#ИНЦЕЧТ$ -> #ИНЦЕСТ$) = -9.040617002154352
correctionProbability (#XVIDEPS$ -> #XVIDEOS$) = -11.519002192359139
correctionProbability (#WIZAIR$ -> #WIZZAIR$) = -18.660024316392935
correctionProbability (#PLASA$ -> #PLAZA$) = -15.174441057918013
correctionProbability (#ИИЗНАНОЧНЫХ$ -> #ИЗНАНОЧНЫХ$) = -24.91665521370934
correctionProbability (#БЕСПДАЬНО$ -> #БЕСПЛАТНО$) = -69.49761190517962
correctionProbability (#ЦЕРЮЛЬНИК$ -> #ЦИРЮЛЬНИК$) = -18.64039769422329
correctionProbability (#ВАСЮРЕНСКОЙ$ -> #ВАСЮРИНСКОЙ$) = -26.707632217208243
correctionProbability (#РИМВОРД$ -> #РИМВОРЛД$) = -22.41628769554567
correctionProbability (#РЕПЕЦТ$ -> #РЕЦЕПТ$) = -70.95033873664563
correctionProbability (#PLASE$ -> #PLACE$) = -13.580304526194698
correctionProbability (#ПЕРЕЕВОДЧИК$ -> #ПЕРЕВОДЧИК$) = -11.14246298868806
correctionProbability (#ПОРОЛИ$ -> #ПАРОЛИ$) = -15.286913260035252
correctionProbability (#ДОСЯГНЕНЯ$ -> #ДОСЯГНЕННЯ$) = -24.66028949203089
correctionProbability (#САМОТРЕТЬ$ -> #СМОТРЕТЬ$) = -4.8728468163033565
correctionProbability (#ВАЛОСАТОЙ$ -> #ВОЛОСАТОЙ$) = -17.98621398558786
correctionProbability (#ALURE$ -> #ALLURE$) = -19.324168379985334
correctionProbability (#МИЧУРИНС$ -> #МИЧУРИНСК$) = -18.903982740976588
correctionProbability (#БРАТОНЫ$ -> #БРАТАНЫ$) = -13.818099247732306
correctionProbability (#ОЫБА$ -> #РЫБА$) = -8.925840773510917
correctionProbability (#НЕФРОЛОГИ$ -> #НЕВРОЛОГИ$) = -21.21817966206973
correctionProbability (#ВТОБУС$ -> #АВТОБУС$) = -10.682747207034716
correctionProbability (#СИДОРЕНКИ$ -> #СИДОРЕНКО$) = -19.714836800760956
correctionProbability (#ПОСЛЕДСВИЯ$ -> #ПОСЛЕДСТВИЯ$) = -17.23883288696291
correctionProbability (#ЭРОТТИЧЕСКИЕ$ -> #ЭРОТИЧЕСКИЕ$) = -17.237999409305267
correctionProbability (#VITERO$ -> #VITRO$) = -23.474717862768188
correctionProbability (#ANDOID$ -> #ANDROID$) = -11.922972808594572
correctionProbability (#ТОЛСТИХ$ -> #ТОЛСТЫХ$) = -14.974775487725815
correctionProbability (#ОРИГИНА$ -> #ОРИГИНАЛ$) = -14.0171159490613
correctionProbability (#КУЛИТЬ$ -> #КУПИТЬ$) = -1.3934096207810605
correctionProbability (#ПОРОЛА$ -> #ПОРОДА$) = -11.676998235356645
correctionProbability (#ПЕРЕОДИЧЕСКУЮ$ -> #ПЕРИОДИЧЕСКУЮ$) = -23.919634957039435
correctionProbability (#ОМАНСКАЯ$ -> #ОСМАНСКАЯ$) = -22.21360636406815
correctionProbability (#ПЕВЕСТИ$ -> #ПЕРЕВЕСТИ$) = -78.66221014971174
correctionProbability (#ОБЖАРЕНЫЙ$ -> #ОБЖАРЕННЫЙ$) = -27.36118809355154
correctionProbability (#ЛЕКАРТВА$ -> #ЛЕКАРСТВА$) = -14.479170271787055
correctionProbability (#ЗЕЛЕННОЙ$ -> #ЗЕЛЕНОЙ$) = -18.6029808353317
correctionProbability (#СЛОВОСОЧИТАНИЙ$ -> #СЛОВОСОЧЕТАНИЙ$) = -25.606454994202835
correctionProbability (#КОТУШКА$ -> #КАТУШКА$) = -14.876365773769386
correctionProbability (#УСНОЕ$ -> #УСТНОЕ$) = -17.680263636036454
correctionProbability (#РАМБОЕР$ -> #РАМБЛЕР$) = -7.951018773307894
correctionProbability (#ПОСТОРИТЬ$ -> #ПОСТРОИТЬ$) = -81.46464651028123
correctionProbability (#МЛЯ$ -> #МОЯ$) = -3.4985693575416796
correctionProbability (#АГОН$ -> #ОГОНЬ$) = -74.71695578026271
correctionProbability (#ГРВППОВУХА$ -> #ГРУППОВУХА$) = -17.918087775738023
correctionProbability (#ЯЗУКУ$ -> #ЯЗЫКУ$) = -6.345794532852608
correctionProbability (#ОЦИНКОВАНИЙ$ -> #ОЦИНКОВАННЫЙ$) = -86.72476963399873
correctionProbability (#КИТАЙЦИ$ -> #КИТАЙЦЫ$) = -16.75768087756984
correctionProbability (#СЕТЕАОЙ$ -> #СЕТЕВОЙ$) = -8.656691411853274
correctionProbability (#ЧАРИНСКИЙ$ -> #ЧАРЫНСКИЙ$) = -23.17377417766766
correctionProbability (#ТЕНДЕТ$ -> #ТЕНДЕР$) = -12.947781389439431
correctionProbability (#ВАНДРУКИ$ -> #ВАНДРОУКИ$) = -22.569044741264015
correctionProbability (#МАЛПЕНСА$ -> #МАЛЬПЕНСА$) = -24.966153171688624
correctionProbability (#МНЯ$ -> #МЕНЯ$) = -6.62813740177554
correctionProbability (#THET$ -> #THAT$) = -10.832365660998487
correctionProbability (#УПРЖНЕНИЯ$ -> #УПРАЖНЕНИЯ$) = -13.671707110181252
correctionProbability (#МАРТИНОВ$ -> #МАРТЫНОВ$) = -17.835942605411525
correctionProbability (#ТИОТРИОЗОЛИН$ -> #ТИОТРИАЗОЛИН$) = -25.042493603895302
correctionProbability (#КРАМАЗОВЫ$ -> #КАРАМАЗОВЫ$) = -22.643467638702248
correctionProbability (#РЕГИСТРЦИИ$ -> #РЕГИСТРАЦИИ$) = -12.872569594569441
correctionProbability (#EXPLOLER$ -> #EXPLORER$) = -15.919275581004783
correctionProbability (#ТРАТУАРНАЯ$ -> #ТРОТУАРНАЯ$) = -18.702104771249495
correctionProbability (#ELEKTROLUX$ -> #ELECTROLUX$) = -18.509398174786853
correctionProbability (#ГИПАТИТОМ$ -> #ГЕПАТИТОМ$) = -22.178812674702918
correctionProbability (#ЗМНИЮ$ -> #ЗИМНЮЮ$) = -77.94026733300207
correctionProbability (#ПРАВЛЬНО$ -> #ПРАВИЛЬНО$) = -10.182250500183038
correctionProbability (#ЕБАЛОВ$ -> #ЕБАЛОВО$) = -16.495218544093532
correctionProbability (#НЕРОСТАМОЖЕНЫЕ$ -> #НЕРАСТАМОЖЕННЫЕ$) = -95.1921702392651
correctionProbability (#ХАОАКТЕРИСТИКА$ -> #ХАРАКТЕРИСТИКА$) = -17.12978973300214
correctionProbability (#СМОТЕТ$ -> #СМОТРЕТЬ$) = -68.2338782843234
correctionProbability (#ВСКОЛЬКО$ -> #СКОЛЬКО$) = -8.549047299989184
correctionProbability (#ФРЭШ$ -> #ФРЕШ$) = -11.972224980686324
correctionProbability (#СПКТАКЛЬ$ -> #СПЕКТАКЛЬ$) = -15.076773363740244
correctionProbability (#ЗАПАРОЖЕЦ$ -> #ЗАПОРОЖЕЦ$) = -20.52431433848981
correctionProbability (#DRAGEN$ -> #DRAGON$) = -12.337484051949819
correctionProbability (#ПРИМЕН$ -> #ПРИМЕР$) = -10.401643655554981
correctionProbability (#ЖИЗЕИ$ -> #ЖИЗНИ$) = -6.988009307525825
correctionProbability (#КАНКУЛЯТР$ -> #КАЛЬКУЛЯТОР$) = -142.8188466175368
correctionProbability (#ПРИВЕЗИТИ$ -> #ПРИВЕЗТИ$) = -18.175087375651216
correctionProbability (#PAYPALL$ -> #PAYPAL$) = -16.074337300326267
correctionProbability (#СОВРОТИЛА$ -> #СОВРАТИЛА$) = -20.97784007375933
correctionProbability (#СИГОРЕТА$ -> #СИГАРЕТА$) = -17.560533420055314
correctionProbability (#ФЛОРЕНЦИ$ -> #ФЛОРЕНЦИИ$) = -19.568026707911322
correctionProbability (#ПРИМЕО$ -> #ПРИМЕР$) = -10.394824340282927
correctionProbability (#SCELETON$ -> #SKELETON$) = -21.080527991597727
correctionProbability (#СЕРЕНЕТИ$ -> #СЕРЕНИТИ$) = -20.738904202699494
correctionProbability (#ЧАСТНЫИ$ -> #ЧАСТНЫЙ$) = -12.743483549379206
correctionProbability (#СКЕМА$ -> #СХЕМА$) = -6.014649706874021
correctionProbability (#ЮКРЕНІАН$ -> #ЮКРЕЙНИАН$) = -94.00530594440242
correctionProbability (#СИЛИКОВАЯ$ -> #СИЛИКОНОВАЯ$) = -84.70254505894879
correctionProbability (#ПЯЖИ$ -> #ПЛЯЖИ$) = -12.866618812818434
correctionProbability (#ГРУСНЫЕ$ -> #ГРУСТНЫЕ$) = -15.755203630679844
correctionProbability (#DRIWER$ -> #DRIVER$) = -10.467639786228563
correctionProbability (#ВНАПЕ$ -> #АНАПЕ$) = -12.261869072413791
correctionProbability (#АЙШВАРИ$ -> #АЙШВАРИЯ$) = -19.409741366747923
correctionProbability (#NURNBERG$ -> #NÜRNBERG$) = -22.003001309096398
correctionProbability (#ЕНДЖИН$ -> #ЭНДЖИН$) = -19.28543300755454
correctionProbability (#ТАЕРС$ -> #ТАЙЕРС$) = -22.51156559543665
correctionProbability (#МЕТРЛ$ -> #МЕТРО$) = -6.357071685335356
correctionProbability (#ПОАВИЛА$ -> #ПРАВИЛА$) = -9.347560681835446
correctionProbability (#VITESS$ -> #VITESSE$) = -21.520637232223173
correctionProbability (#АССАЦИАЦИЯ$ -> #АССОЦИАЦИЯ$) = -17.344869595185678
correctionProbability (#ПРОВЕР$ -> #ПРОВЕРЬ$) = -17.10352056345134
correctionProbability (#ЛЕМУРРУ$ -> #ЛЕМУРРР$) = -21.00716647158835
correctionProbability (#МЕТРР$ -> #МЕТРО$) = -6.357502673382111
correctionProbability (#БЕОПАСНОСТИ$ -> #БЕЗОПАСНОСТИ$) = -15.615553665550614
correctionProbability (#FRANSE$ -> #FRANCE$) = -14.088768728899385
correctionProbability (#ВИБИНАРЫ$ -> #ВЕБИНАРЫ$) = -18.531905944348175
correctionProbability (#БУТЦЫ$ -> #БУТСЫ$) = -15.570653121386645
correctionProbability (#БАРБОСИНЫ$ -> #БАРБОСКИНЫ$) = -12.83038049535108
correctionProbability (#ДВУЗ$ -> #ДВУХ$) = -8.755770957125304
correctionProbability (#ПРИМЕЫ$ -> #ПРИМЕРЫ$) = -10.707111206519144
correctionProbability (#КАТЛОВ$ -> #КОТЛОВ$) = -14.219290648688396
correctionProbability (#DILDI$ -> #DILDO$) = -14.807113543833541
correctionProbability (#ВОДИЯ$ -> #ВОДІЯ$) = -19.152876531262773
correctionProbability (#МПБ$ -> #СПБ$) = -3.0177227423782718
correctionProbability (#БУТКИ$ -> #БУДКИ$) = -16.727972411267277
correctionProbability (#КАРЧЕВСКИЙ$ -> #КОРЧЕВСКИЙ$) = -23.866704174217368
correctionProbability (#TEILOR$ -> #TAYLOR$) = -80.55488413331445
correctionProbability (#БЕСТСЕЛЕР$ -> #БЕСТСЕЛЛЕР$) = -21.147444232935207
correctionProbability (#РОБЬЛОКС$ -> #РОБЛОКС$) = -9.80967638682327
correctionProbability (#ЮВС$ -> #ЮФС$) = -12.282748183584399
correctionProbability (#СИНТИЗАТОР$ -> #СИНТЕЗАТОР$) = -19.53658445853179
correctionProbability (#ЗРЕДЫЕ$ -> #ЗРЕЛЫЕ$) = -10.11874750553731
correctionProbability (#ЭРОТЕКА$ -> #ЭРОТИКА$) = -7.922831387556684
correctionProbability (#ЛТНИИ$ -> #ЛИНИИ$) = -9.227502800383494
correctionProbability (#НІФУРОКСАЗІД$ -> #НИФУРОКСАЗИД$) = -89.77734597592598
correctionProbability (#ЦЕСКАРИДЗЕ$ -> #ЦИСКАРИДЗЕ$) = -19.517907019666332
correctionProbability (#АРДЫНКА$ -> #ОРДЫНКА$) = -19.663149622772515
correctionProbability (#ГОЛАНТ$ -> #ГАЛАНТ$) = -16.260884083480118
correctionProbability (#БОБРУЙСКЕЕ$ -> #БОБРУЙСКЕ$) = -20.455491842728186
correctionProbability (#ЭЛЕТРИЧКА$ -> #ЭЛЕКТРИЧКА$) = -17.103152571212142
correctionProbability (#PLAYE$ -> #PLAYER$) = -11.150994234319068
correctionProbability (#МУЗАКА$ -> #МУЗЫКА$) = -5.4727006566970005
correctionProbability (#ЗАПОП$ -> #ЗАПОР$) = -15.559620535035979
correctionProbability (#УКРЗАЛИЗНИЦА$ -> #УКРЗАЛІЗНИЦЯ$) = -85.57901743290392
correctionProbability (#МОЫ$ -> #МОДЫ$) = -8.270410872139905
correctionProbability (#ДЕТСОГО$ -> #ДЕТСКОГО$) = -11.728940588381576
correctionProbability (#НОВАТЕКС$ -> #НОВОТЕКС$) = -23.606641142839592
correctionProbability (#МОЧ$ -> #МОЯ$) = -3.450296290218173
correctionProbability (#ПЛЗДРАВЛЕНИЯ$ -> #ПОЗДРАВЛЕНИЯ$) = -13.408998673123065
correctionProbability (#НЕБР$ -> #НЕБО$) = -8.620326954410256
correctionProbability (#ЬРУДА$ -> #ТРУДА$) = -8.2394305638358
correctionProbability (#МОДЕЛЬНИЙ$ -> #МОДЕЛЬНЫЙ$) = -15.346494280328706
correctionProbability (#ЩЕТОВИДНАЯ$ -> #ЩИТОВИДНАЯ$) = -18.15997320944269
correctionProbability (#ЕКАТЕРНА$ -> #ЕКАТЕРИНА$) = -10.669814214394528
correctionProbability (#БУТКУ$ -> #БУДКУ$) = -16.908327986326643
correctionProbability (#ПРОДУКЦИЙ$ -> #ПРОДУКЦИИ$) = -15.026490239497
correctionProbability (#НЕБЛ$ -> #НЕБО$) = -8.620506632786448
correctionProbability (#ЭЛЕТРИЧКИ$ -> #ЭЛЕКТРИЧКИ$) = -16.269441823125945
correctionProbability (#ПЕРЕОДИВАЕТСЯ$ -> #ПЕРЕОДЕВАЕТСЯ$) = -26.17508481255605
correctionProbability (#БАСТАГАН$ -> #БАСТАҒАН$) = -21.569063505243932
correctionProbability (#WHATSAP$ -> #WHATSAPP$) = -12.934079377293315
correctionProbability (#СЕГОДНЧ$ -> #СЕГОДНЯ$) = -5.985199170194933
correctionProbability (#ХАПИСИ$ -> #ЗАПИСИ$) = -11.62508668306771
correctionProbability (#ПРОСТОКВАШЕНО$ -> #ПРОСТОКВАШИНО$) = -17.44392528933166
correctionProbability (#МОХАВ$ -> #МОХАВЕ$) = -17.389147462476107
correctionProbability (#НАЧЛЬНИК$ -> #НАЧАЛЬНИК$) = -15.184729575981073
correctionProbability (#МИНСТРУАЦИЯ$ -> #МЕНСТРУАЦИЯ$) = -23.42701813375505
correctionProbability (#QYM$ -> #GYM$) = -15.258481201422999
correctionProbability (#АМЕРЛЕН$ -> #МЕРЛЕН$) = -11.618058649587777
correctionProbability (#КИНОВАСИК$ -> #КИНОВАСЕК$) = -21.48415629964193
correctionProbability (#ПОСМОТРЕТТ$ -> #ПОСМОТРЕТЬ$) = -11.657478943253103
correctionProbability (#БОРОЛО$ -> #БАРОЛО$) = -25.61843687829237
correctionProbability (#ПРИВИЛЬНО$ -> #ПРАВИЛЬНО$) = -9.643026823430418
correctionProbability (#ЗАДНЕИ$ -> #ЗАДНЕЙ$) = -13.370245492264178
correctionProbability (#ОТТОМОТО$ -> #ОТОМОТО$) = -21.405789174521864
correctionProbability (#GOLOSZA$ -> #GOLOSA$) = -27.737852772639272
correctionProbability (#YOUTTUB$ -> #YOUTUBE$) = -74.28086470758765
correctionProbability (#WATTSAPP$ -> #WHATSAPP$) = -80.22042089610343
correctionProbability (#ДЕДСКИ$ -> #ДЕТСКИЙ$) = -73.14936924230821
correctionProbability (#АНЛРЕЙ$ -> #АНДРЕЙ$) = -8.633133740637245
correctionProbability (#NEFLIX$ -> #NETFLIX$) = -11.84408667737408
correctionProbability (#КРОСОВЕР$ -> #КРОССОВЕР$) = -18.43140506861399
correctionProbability (#МЕНЧЕНДАЙЗЕР$ -> #МЕРЧЕНДАЙЗЕР$) = -20.96925449560029
correctionProbability (#ПОШИА$ -> #ПОШТА$) = -12.349171867740768
correctionProbability (#ККАЯ$ -> #КАКАЯ$) = -8.29620445454982
correctionProbability (#ВЕДЬМИ$ -> #ВЕДЬМЫ$) = -13.487203102071955
correctionProbability (#МУЗАКУ$ -> #МУЗЫКУ$) = -6.892288836986108
correctionProbability (#ЛАДЫЖЕНКАЯ$ -> #ЛАДЫЖЕНСКАЯ$) = -15.848593200461387
correctionProbability (#КОНТАКТНЫЗ$ -> #КОНТАКТНЫХ$) = -23.070579927149872
correctionProbability (#МЕТОР$ -> #МЕТР$) = -12.495988365236048
correctionProbability (#ПРЕМЄРА$ -> #ПРЕМЬЕРА$) = -80.62011001056047
correctionProbability (#ПЛЗДРАВЛЕНИЕ$ -> #ПОЗДРАВЛЕНИЕ$) = -13.708521061796489
correctionProbability (#БРАСЛЕТИ$ -> #БРАСЛЕТЫ$) = -15.052968817544304
correctionProbability (#БАРДЕЛЬ$ -> #БОРДЕЛЬ$) = -18.811636376465174
correctionProbability (#МЕТОТ$ -> #МЕТОД$) = -10.090678982960402
correctionProbability (#ПАЛИТИКА$ -> #ПОЛИТИКА$) = -13.662162456723408
correctionProbability (#СИСИТЕМ$ -> #СИСТЕМ$) = -13.993975261570686
correctionProbability (#МРД$ -> #МОД$) = -7.153011541587212
correctionProbability (#ПЕПЕДАЧ$ -> #ПЕРЕДАЧ$) = -9.652924418653775
correctionProbability (#СЕНГЕЛЕЕВКИ$ -> #СЕНГИЛЕЕВСКИЙ$) = -160.75233114491192
correctionProbability (#ИАСТЕР$ -> #МАСТЕР$) = -8.046667143042466
correctionProbability (#ISTOPIA$ -> #ISTORIA$) = -20.39787953915222
correctionProbability (#КРАСНАДАРСКИЙ$ -> #КРАСНОДАРСКИЙ$) = -16.854276693241985
correctionProbability (#ГОЛИХ$ -> #ГОЛЫХ$) = -10.221160593354359
correctionProbability (#ПРАХАЖДЕНИЕ$ -> #ПРОХОЖДЕНИЕ$) = -78.69940084042645
correctionProbability (#ПРМОКОД$ -> #ПРОМОКОД$) = -13.064548344094042
correctionProbability (#ЗАРПЛАТІ$ -> #ЗАРПЛАТЫ$) = -14.013266005156396
correctionProbability (#СПРИНТОР$ -> #СПРИНТЕР$) = -16.197962438914182
correctionProbability (#ДЕНОЗАВР$ -> #ДИНОЗАВР$) = -15.131895369842944
correctionProbability (#МРА$ -> #МИРА$) = -6.4487905313468055
correctionProbability (#КРОСДРЕССЕРЫ$ -> #КРОССДРЕССЕРЫ$) = -25.910755350499613
correctionProbability (#ПАЛАНЧИКИ$ -> #БАЛЛОНЧИКИ$) = -154.22005871460905
correctionProbability (#ПЛЕССЕ$ -> #ПЛИССЕ$) = -17.070151553420285
correctionProbability (#ГЕМОРОЕ$ -> #ГЕМОРРОЕ$) = -19.297280502856644
correctionProbability (#РБЛОКС$ -> #РОБЛОКС$) = -7.921394366896898
correctionProbability (#АПЕНДЕЦИТА$ -> #АППЕНДИЦИТА$) = -87.08325170003579
correctionProbability (#ПРИЙОМА$ -> #ПРИЕМА$) = -79.18523246535554
correctionProbability (#MACBOOCK$ -> #MACBOOK$) = -18.005783053702302
correctionProbability (#ГОЛИЙ$ -> #ГОЛЫЙ$) = -11.86763564668804
correctionProbability (#ОДЬГА$ -> #ОЛЬГА$) = -7.349057824312293
correctionProbability (#МАЩИ$ -> #МАЗИ$) = -13.28277467232655
correctionProbability (#BUDY$ -> #BUDDY$) = -15.616626767435069
correctionProbability (#НРАВИТСА$ -> #НРАВИТСЯ$) = -15.138427626737865
correctionProbability (#КYНДЕЛИК$ -> #КҮНДЕЛІК$) = -74.09189170558008
correctionProbability (#НСЕКС$ -> #ЯНДЕКС$) = -67.56411593575271
correctionProbability (#КАМЯНСК$ -> #КАМЕНСК$) = -15.068013457025685
correctionProbability (#АЕНГЛИЙСКОМ$ -> #АНГЛИЙСКОМ$) = -14.460321941055234
correctionProbability (#ПИШИТСА$ -> #ПИШЕТСЯ$) = -76.25313252040068
correctionProbability (#АСАРТИМЕНТ$ -> #АССОРТИМЕНТ$) = -85.03878903746467
correctionProbability (#САВИДИ$ -> #САВВИДИ$) = -21.068128523378462
correctionProbability (#КАЛКНДАРЬ$ -> #КАЛЕНДАРЬ$) = -9.607910375615312
correctionProbability (#ОССЕНЯЯ$ -> #ОСЕННЯЯ$) = -79.32577515741578
correctionProbability (#НЕМЕЦОМУ$ -> #НЕМЕЦКОМУ$) = -16.66902768292443
correctionProbability (#ПРИСТААЫ$ -> #ПРИСТАВЫ$) = -13.103528481546363
correctionProbability (#LOOSING$ -> #LOSING$) = -19.300979966515005
correctionProbability (#ДИКТЙ$ -> #ДИКИЙ$) = -10.712074458765908
correctionProbability (#ФЕРСТАПЕНА$ -> #ФЕРСТАППЕНА$) = -30.713148058940085
correctionProbability (#ПРОШНОЗ$ -> #ПРОГНОЗ$) = -8.38872963385846
correctionProbability (#ТРАВЕЛЛАТА$ -> #ТРАВЕЛАТА$) = -18.8021662184821
correctionProbability (#КОМБИЛЕПЕН$ -> #КОМБИЛИПЕН$) = -19.237697362373936
correctionProbability (#ЗАРОБОТНОЙ$ -> #ЗАРАБОТНОЙ$) = -16.427396961662673
correctionProbability (#НОВОСТРОЕ$ -> #НОВОСТРОЙКЕ$) = -83.47517746439648
correctionProbability (#ТАЕТР$ -> #ТЕАТР$) = -75.51972400214659
correctionProbability (#GIOGG$ -> #GIOGGG$) = -21.965721389243175
correctionProbability (#ГОЛИЕ$ -> #ГОЛЫЕ$) = -6.438487396381991
correctionProbability (#ОСВИЩЕНИЯ$ -> #ОСВЕЩЕНИЯ$) = -16.60281213663005
correctionProbability (#МАШЫ$ -> #МАШИ$) = -11.370877324838819
correctionProbability (#ГОЛИИ$ -> #ГОЛЫЕ$) = -71.16625109714013
correctionProbability (#ЛЕГИНСЫ$ -> #ЛЕГГИНСЫ$) = -19.622836525009653
correctionProbability (#ДЗЕРЖИНС$ -> #ДЗЕРЖИНСК$) = -16.27893927171278
correctionProbability (#ШЕРДОК$ -> #ШЕРЛОК$) = -11.5572143072954
correctionProbability (#КОНФЕГЕНУИЯ$ -> #КОНФЕРЕНЦИЯ$) = -81.87329184491244
correctionProbability (#FOTOSHOP$ -> #PHOTOSHOP$) = -81.48792712793686
correctionProbability (#КАРСУНЬ$ -> #КОРСУНЬ$) = -21.20174036847687
correctionProbability (#МЕТОЖ$ -> #МЕТОД$) = -10.094429979207238
correctionProbability (#ALLTIMF$ -> #ALLTIME$) = -19.532971008846417
correctionProbability (#МЕТОЗ$ -> #МИТОЗ$) = -16.30546700285218
correctionProbability (#МАНДЖУРИИ$ -> #МАНЬЧЖУРИИ$) = -87.78563687856563
correctionProbability (#ЖОСТКОГО$ -> #ЖЕСТКОГО$) = -17.124509147119
correctionProbability (#СПІЛЬНОКОРЕНЕВЕ$ -> #СПІЛЬНОКОРЕНЕВІ$) = -29.467774009541642
correctionProbability (#БЕНЗАПИЛА$ -> #БЕНЗОПИЛА$) = -17.201493948021344
correctionProbability (#ALLTIMD$ -> #ALLTIME$) = -19.532971008846417
correctionProbability (#SHANEL$ -> #CHANEL$) = -15.360335343461887
correctionProbability (#ЗАПОРЖКАЯ$ -> #ЗАПОРОЖСКАЯ$) = -87.54962380025125
correctionProbability (#БОЛЬГАЯ$ -> #БОЛЬШАЯ$) = -10.91379502825039
correctionProbability (#ЕТУППП$ -> #ЮТУБ$) = -199.46680453820358
correctionProbability (#МИНОГ$ -> #МИНОУГ$) = -18.88733644372947
correctionProbability (#ВАГЗАЛ$ -> #ВОКЗАЛ$) = -76.00277835933171
correctionProbability (#СЕГОДНЕ$ -> #СЕГОДНЯ$) = -5.984658230027753
correctionProbability (#МЕТОО$ -> #МЕТРО$) = -6.342116114829988
correctionProbability (#МПЕ$ -> #МНЕ$) = -6.418103299358492
correctionProbability (#ПЛЕТЕННАЯ$ -> #ПЛЕТЕНАЯ$) = -22.104311502466956
correctionProbability (#ТАЕТЫ$ -> #ТОЙОТЫ$) = -146.57783766004368
correctionProbability (#НЕТИШИН$ -> #НЕТІШИН$) = -21.799504934058554
correctionProbability (#РЫБЛКА$ -> #РЫБАЛКА$) = -10.111579547339602
correctionProbability (#BATMEN$ -> #BATMAN$) = -15.48551421970394
correctionProbability (#ПРОВАМ$ -> #ПРАВАМ$) = -15.298410464033747
correctionProbability (#ЗОЛОТОРЕВА$ -> #ЗОЛОТАРЕВА$) = -24.256841557000307
correctionProbability (#НЕРЧЕНСК$ -> #НЕРЧИНСК$) = -21.640566886328536
correctionProbability (#ИНШИХ$ -> #ІНШИХ$) = -18.921253672367275
correctionProbability (#ОТРОВ$ -> #ОСТРОВ$) = -10.066435706543121
correctionProbability (#ЗВУЧКОЙ$ -> #ОЗВУЧКОЙ$) = -13.747693279456946
correctionProbability (#АНДРОЇДА$ -> #АНДРОИДА$) = -16.56092928412597
correctionProbability (#ОГРОМЕННЫЕ$ -> #ОГРОМНЫЕ$) = -85.1916320085783
correctionProbability (#УОТУБ$ -> #ЮТУБ$) = -67.42870171936765
correctionProbability (#SAMSUNGA$ -> #SAMSUNG$) = -12.462685383148695
correctionProbability (#ЛИВЧИК$ -> #ЛИФЧИК$) = -16.08848172751981
correctionProbability (#ALLTIMR$ -> #ALLTIME$) = -19.532753412559202
correctionProbability (#ПЕЛИМЕНИ$ -> #ПЕЛЬМЕНИ$) = -11.076021070080195
correctionProbability (#КАРПАРОТИВНОЙ$ -> #КОРПОРАТИВНОЙ$) = -153.5984350761596
correctionProbability (#СОБИТИЯ$ -> #СОБЫТИЯ$) = -12.665103224799921
correctionProbability (#АЙТУНЕС$ -> #АЙТЮНС$) = -81.35268925815645
correctionProbability (#ККДА$ -> #КУДА$) = -7.539579261564011
correctionProbability (#ЭЛИОТА$ -> #ЭЛЛИОТА$) = -24.64201532678939
correctionProbability (#ВЫГЛЯДЕТ$ -> #ВЫГЛЯДИТ$) = -11.912129053304128
correctionProbability (#SAMSUNGE$ -> #SAMSUNG$) = -12.460688301295917
correctionProbability (#ТЕМАЕВ$ -> #ТЯМАЕВ$) = -17.34651927844924
correctionProbability (#СУПРАСТІН$ -> #СУПРАСТИН$) = -18.702724842364304
correctionProbability (#ГРУППРАЙЗ$ -> #ГРУППРАЙС$) = -18.4744104820796
correctionProbability (#ПАЦИЕНТО$ -> #ПАЦИЕНТОМ$) = -22.107402239168216
correctionProbability (#ЧЕРНЕЧИ$ -> #ЧЕРНЕЧІ$) = -32.95435116052462
correctionProbability (#ALLTIMW$ -> #ALLTIME$) = -19.532753412559202
correctionProbability (#МИЛИОНЕРЫ$ -> #МИЛЛИОНЕРЫ$) = -23.265426458638096
correctionProbability (#МУЖЧИ$ -> #МУЖЧИН$) = -9.142174694739598
correctionProbability (#ПАЕЛЬЯ$ -> #ПАЭЛЬЯ$) = -19.46520538119933
correctionProbability (#ГИННКОЛОГЕ$ -> #ГИНЕКОЛОГЕ$) = -27.989959574243905
correctionProbability (#SAMSUNGI$ -> #SAMSUNG$) = -12.457929678856836
correctionProbability (#ПИШИТСЯ$ -> #ПИШЕТСЯ$) = -11.510601640331103
correctionProbability (#МТББАНК$ -> #МТБАНК$) = -17.491953479967496
correctionProbability (#ПРИМАЯ$ -> #ПРЯМАЯ$) = -9.551781554962897
correctionProbability (#ARKET$ -> #MARKET$) = -12.180588793274648
correctionProbability (#КСУША$ -> #КСЮША$) = -13.149353940653096
correctionProbability (#БЛИЗНИЦОВ$ -> #БЛИЗНЕЦОВ$) = -18.3639659601957
correctionProbability (#РОССИСКОГО$ -> #РОССИЙСКОГО$) = -17.22320226671691
correctionProbability (#РУСМКИЕ$ -> #РУССКИЕ$) = -6.847481626184276
correctionProbability (#КРАКОДИЛ$ -> #КРОКОДИЛ$) = -14.345532183266855
correctionProbability (#ОГРОМЕННЫЙ$ -> #ОГРОМНЫЙ$) = -85.25887499879308
correctionProbability (#ДЕФЕРЕНЦИАЛА$ -> #ДИФФЕРЕНЦИАЛА$) = -90.76265414846547
correctionProbability (#ЗАКААТЬ$ -> #ЗАКАЗАТЬ$) = -9.75747219846847
correctionProbability (#TOCURI$ -> #JOCURI$) = -14.938360047204046
correctionProbability (#ПРОЩАДЬ$ -> #ПЛОЩАДЬ$) = -11.197435618114753
correctionProbability (#КОНДИТЕРСЬКИЙ$ -> #КОНДИТЕРСКИЙ$) = -24.25765058562775
correctionProbability (#ФГОСС$ -> #ФГОС$) = -11.729556952861525
correctionProbability (#РУЧНОИ$ -> #РУЧНОЙ$) = -10.916250972634632
correctionProbability (#НЕГЛ$ -> #НЕГО$) = -11.062777408548424
correctionProbability (#ПОЧИМУ$ -> #ПОЧЕМУ$) = -6.619583542093
correctionProbability (#БАРДЕЛИ$ -> #БОРДЕЛИ$) = -21.27518202240151
correctionProbability (#ПЕДАЛ$ -> #ПЕДАЛЬ$) = -16.159582372982623
correctionProbability (#НЕГРЕТЯНОК$ -> #НЕГРИТЯНОК$) = -22.121062937085533
correctionProbability (#БРОШЕНАЯ$ -> #БРОШЕННАЯ$) = -21.8039824581994
correctionProbability (#ОСТАННИЙ$ -> #ОСТАННІЙ$) = -20.009554672739704
correctionProbability (#АЛИАЭКСПРЕСС$ -> #АЛИЭКСПРЕСС$) = -13.878000282091307
correctionProbability (#ТОРМОЗИШ$ -> #ТОРМОЗИШЬ$) = -35.34417500617421
correctionProbability (#VZQLJAD$ -> #VZGLJAD$) = -33.144302938514784
correctionProbability (#УТЕПЛЕНЯ$ -> #УТЕПЛЕНИЯ$) = -19.93996775296423
correctionProbability (#РЕСОРЫ$ -> #РЕССОРЫ$) = -18.751229386341883
correctionProbability (#ГАХОДИТЬСЯ$ -> #НАХОДИТСЯ$) = -79.31207306683925
correctionProbability (#АЛИЕВИЧЬ$ -> #АЛИЕВИЧ$) = -24.66404524019947
correctionProbability (#САСАТЬ$ -> #СОСАТЬ$) = -14.460986299603217
correctionProbability (#РАСКРАШКИ$ -> #РАСКРАСКИ$) = -9.087567908800679
correctionProbability (#ИАЙНКРАФТ$ -> #МАЙНКРАФТ$) = -7.955753569604106
correctionProbability (#ГОРОСЕОП$ -> #ГОРОСКОП$) = -9.284897851998203
correctionProbability (#ДТСКИ$ -> #ДИСКИ$) = -9.656010718858308
correctionProbability (#МРЙ$ -> #МОЙ$) = -5.410642090598447
correctionProbability (#КАРИБЕАН$ -> #КАРИБИАН$) = -23.018651356898097
correctionProbability (#РВБОТЫ$ -> #РАБОТЫ$) = -6.883566165330986
correctionProbability (#ПАКРЕАТИТЕ$ -> #ПАНКРЕАТИТЕ$) = -20.627913758511156
correctionProbability (#ERKYSOV$ -> #ERKUSOV$) = -15.814594578290354
correctionProbability (#ЛАПЕРААНТЫ$ -> #ЛАППЕЕНРАНТЫ$) = -227.35645229910315
correctionProbability (#ГАЛЛАКТИКА$ -> #ГАЛАКТИКА$) = -18.795334648651227
correctionProbability (#МОГКТ$ -> #МОГУТ$) = -10.387139427948195
correctionProbability (#НАУШЕИКИ$ -> #НАУШНИКИ$) = -12.836065103846074
correctionProbability (#ЖЕСКИМИ$ -> #ЖЕСТКИМИ$) = -22.923374273117567
correctionProbability (#УНІВ$ -> #УЧНІВ$) = -17.97645942563067
correctionProbability (#ЛЮББОВЬ$ -> #ЛЮБОВЬ$) = -9.02419931008573
correctionProbability (#ЗИМНЫЙ$ -> #ЗИМНИЙ$) = -11.17474706719813
correctionProbability (#АКАМУЛЯТОРНЫЙ$ -> #АККУМУЛЯТОРНЫЙ$) = -87.81776616422849
correctionProbability (#ВЕЩЕВСТВ$ -> #ВЕЩЕСТВ$) = -16.695776405032277
correctionProbability (#ЖЕНЩИНІ$ -> #ЖЕНЩИНЫ$) = -8.316907496361239
correctionProbability (#АКАМУЛЯТОРНЫЕ$ -> #АККУМУЛЯТОРНЫЕ$) = -89.25381892916651
correctionProbability (#ЗАПСЬ$ -> #ЗАПИСЬ$) = -9.032921874822005
correctionProbability (#РАВТ$ -> #РАФТ$) = -15.971553062236811
correctionProbability (#ВИДИОХОСТИНГ$ -> #ВИДЕОХОСТИНГ$) = -15.200650802065823
correctionProbability (#ВЛАДИМЕРОВНА$ -> #ВЛАДИМИРОВНА$) = -18.133126994351315
correctionProbability (#ВОЛЖСКИИ$ -> #ВОЛЖСКИЙ$) = -13.506525728740165
correctionProbability (#ПОДОРОК$ -> #ПОДАРОК$) = -10.460743777591048
correctionProbability (#АНДРОЙІТ$ -> #АНДРОИД$) = -141.14794778568415
correctionProbability (#ЗАВОДИШ$ -> #ЗАВОДИШЬ$) = -24.744750475195538
correctionProbability (#ТРВМЫ$ -> #ТРАВМЫ$) = -16.446933960560177
correctionProbability (#TORNET$ -> #TORRENT$) = -77.99613514923126
correctionProbability (#ГРУТЬ$ -> #ГРУДЬ$) = -10.1282478765381
correctionProbability (#НОКИО$ -> #НОКИА$) = -11.324702670774844
correctionProbability (#ЗВЕГИНЦЕВА$ -> #ЗВЯГИНЦЕВА$) = -22.996002566213853
correctionProbability (#МИНМК$ -> #МИНСК$) = -7.703706973891244
correctionProbability (#МОГЛЬ$ -> #МОГОЛЬ$) = -17.913431260430247
correctionProbability (#ПЛЭЕР$ -> #ПЛЕЕР$) = -10.935201746976038
correctionProbability (#РВБОТА$ -> #РАБОТА$) = -5.000492373704166
correctionProbability (#ОСТЕХАНДРОЗ$ -> #ОСТЕОХОНДРОЗ$) = -85.53908254803827
correctionProbability (#ИКАРИИ$ -> #ИКАРИИН$) = -33.38219382550358
correctionProbability (#ВВКОНТАКТЕ$ -> #ВКОНТАКТЕ$) = -9.033216274171778
correctionProbability (#ФУНЦИЯ$ -> #ФУНКЦИЯ$) = -14.53699731460673
correctionProbability (#РУБЕЙ$ -> #РУБЛЕЙ$) = -10.573997837516611
correctionProbability (#ПОДРАВНЯТЬ$ -> #ПОДРОВНЯТЬ$) = -25.669257106201023
correctionProbability (#РАДОНИТ$ -> #РОДОНИТ$) = -21.260776976385884
correctionProbability (#ШРАН$ -> #ГРАН$) = -9.216807359231293
correctionProbability (#СЕЛЬНЕЕ$ -> #СИЛЬНЕЕ$) = -15.857881597638155
correctionProbability (#РУССЕОМУ$ -> #РУССКОМУ$) = -9.415472650842695
correctionProbability (#ОТДЕЛЬ$ -> #ОТДЕЛ$) = -12.5781599772743
correctionProbability (#КИРИЛОВ$ -> #КИРИЛЛОВ$) = -20.731223341468002
correctionProbability (#РАВЕ$ -> #РАВЕН$) = -12.29402001128624
correctionProbability (#МАКАРЫЧКВ$ -> #МАКАРЫЧЕВ$) = -14.939282106414325
correctionProbability (#РАЙНЕ$ -> #РАЙОНЕ$) = -9.96929280238378
correctionProbability (#РУСМКИЙ$ -> #РУССКИЙ$) = -6.7883816887199515
correctionProbability (#ПИТАЕТЬСЯ$ -> #ПИТАЕТСЯ$) = -21.08775133438293
correctionProbability (#СЕРЯЛА$ -> #СЕРИАЛА$) = -77.50351326903207
correctionProbability (#РПРОГРАММЫ$ -> #ПРОГРАММЫ$) = -14.876912733416873
correctionProbability (#ВЕРТУАЛЬНОЙ$ -> #ВИРТУАЛЬНОЙ$) = -20.461140755530238
correctionProbability (#BUBG$ -> #PUBG$) = -10.175036644947536
correctionProbability (#РАЗНАРАБОЧИ$ -> #РАЗНОРАБОЧИЙ$) = -86.21558533076873
correctionProbability (#ЮЕЗ$ -> #БЕЗ$) = -2.2681242141110936
correctionProbability (#КЕНСАРЫ$ -> #КЕНЕСАРЫ$) = -21.014998929339903
correctionProbability (#РАЙНА$ -> #РАЙОНА$) = -7.89944836558233
correctionProbability (#ПОРНОКАПИЛКА$ -> #ПОРНОКОПИЛКА$) = -23.720693035099025
correctionProbability (#ЗИМНЫХ$ -> #ЗИМНИХ$) = -14.163800585377498
correctionProbability (#ЖЕНЩИНВ$ -> #ЖЕНЩИНЫ$) = -8.313732775992122
correctionProbability (#МУЛЬТЫИЛЬМ$ -> #МУЛЬТФИЛЬМ$) = -9.100423158112712
correctionProbability (#ГАБРИЛЯН$ -> #ГАБРИЕЛЯН$) = -18.016756905672935
correctionProbability (#GISMEТEO$ -> #GISMETEO$) = -14.24273048687646
correctionProbability (#РАБЭ$ -> #РАБЕ$) = -20.461176505893466
correctionProbability (#ПРЕДРЕЙСОВОЙ$ -> #ПРЕДРЕЙСОВЫЙ$) = -23.837016292568173
correctionProbability (#ФИОЛЕТОВА$ -> #ФИОЛЕТОВО$) = -17.868979207897134
correctionProbability (#WATTSAP$ -> #WHATSAPP$) = -145.562918800538
correctionProbability (#ГИРОЯВ$ -> #ГЕРОЕВ$) = -76.28570502059239
correctionProbability (#ТРОЕНИЕ$ -> #СТРОЕНИЕ$) = -12.281487757916722
correctionProbability (#РАЙНО$ -> #РАЙОН$) = -74.32101123098887
correctionProbability (#КАКОРИН$ -> #КОКОРИН$) = -18.597299418226676
correctionProbability (#ЖЕНЩИНП$ -> #ЖЕНЩИНА$) = -9.168223550350177
correctionProbability (#ШЕРЕМЕТЬЕГО$ -> #ШЕРЕМЕТЬЕВО$) = -16.25521772625862
correctionProbability (#РАССКРАСКУ$ -> #РАСКРАСКУ$) = -19.91939686520623
correctionProbability (#YOOTUB$ -> #YOUTUBE$) = -71.72245458532353
correctionProbability (#ВЫЛЕЗАЛ$ -> #ВЫЛИЗАЛ$) = -19.897844822127396
correctionProbability (#WINDOWNS$ -> #WINDOWS$) = -11.332451932361117
correctionProbability (#ЛИЧЕЫЙ$ -> #ЛИЧНЫЙ$) = -4.215518050505533
correctionProbability (#КЛОАСС$ -> #КЛАСС$) = -4.932508690033334
correctionProbability (#СМОТТЬ$ -> #СМОТРЕТЬ$) = -68.30273792417728
correctionProbability (#ЗОРПЛАТЫ$ -> #ЗАРПЛАТЫ$) = -13.994602713896406
correctionProbability (#DOWLOAND$ -> #DOWNLOAD$) = -78.94368695671066
correctionProbability (#SGARD$ -> #OSGARD$) = -26.940601578835384
correctionProbability (#ОБЬЯТЬЯХ$ -> #ОБЪЯТИЯХ$) = -83.77873456348333
correctionProbability (#ЖЕНЩИНИ$ -> #ЖЕНЩИНЫ$) = -8.27855575908773
correctionProbability (#РАССКЗЫ$ -> #РАССКАЗЫ$) = -11.298090523628076
correctionProbability (#РЕСОПТ$ -> #РЕЗОРТ$) = -76.95128403996043
correctionProbability (#ПЛРТАМТ$ -> #ПОРТАМИ$) = -87.00330539017307
correctionProbability (#ДВОЯ$ -> #ДВОЕ$) = -12.184335545065796
correctionProbability (#ЧИСТИТБ$ -> #ЧИСТИТЬ$) = -14.303708608065072
correctionProbability (#ДИРЕКТРИКС$ -> #ДЕРЕКТРИКС$) = -27.511259456757102
correctionProbability (#БЕСТИЖИЕ$ -> #БЕССТЫЖИЕ$) = -81.50906297012455
correctionProbability (#НЕДВИИМОСТЬ$ -> #НЕДВИЖИМОСТЬ$) = -13.827687789282344
correctionProbability (#МАЦЛ$ -> #МАЙЛ$) = -3.6454135232659866
correctionProbability (#КИРГИЗИ$ -> #КИРГИЗИИ$) = -18.106465413376604
correctionProbability (#ВИЛИДЖ$ -> #ВИЛЛИДЖ$) = -24.87492893050424
correctionProbability (#МУШИН$ -> #МУЖЧИН$) = -73.91755974598685
correctionProbability (#ВЛОДИМИР$ -> #ВЛАДИМИР$) = -10.101473895309866
correctionProbability (#УМПУ$ -> #УМРУ$) = -16.325123733531004
correctionProbability (#НЕБЕСНЕ$ -> #НЕБЕСНОЕ$) = -17.529487854601705
correctionProbability (#ТЕРИОДИТ$ -> #ТИРЕОИДИТ$) = -146.12480936889847
correctionProbability (#КАЛЫБЕЛЬНЫЕ$ -> #КОЛЫБЕЛЬНЫЕ$) = -18.638660003814394
correctionProbability (#SKCHAT$ -> #SKACHAT$) = -12.243694139930192
correctionProbability (#РАЙНУ$ -> #РАЙОНУ$) = -13.827294126288894
correctionProbability (#ОМИРГЕ$ -> #ӨМІРГЕ$) = -86.97518322182336
correctionProbability (#АКАУНД$ -> #АККАУНТ$) = -76.81923750942163
correctionProbability (#ФИАНН$ -> #ФИОН$) = -81.6080697561339
correctionProbability (#ХАКТЕРЫ$ -> #АКТЁРЫ$) = -77.86130461278545
correctionProbability (#ОДНОКЛАНИКИ$ -> #ОДНОКЛАССНИКИ$) = -77.04532389811631
correctionProbability (#НАЧНЕТЦЯ$ -> #НАЧНЕТСЯ$) = -18.605698978272713
correctionProbability (#ВЕЛИКОБРЕТАНИИ$ -> #ВЕЛИКОБРИТАНИИ$) = -21.156462059931272
correctionProbability (#БОЛЬОЙ$ -> #БОЛЬШОЙ$) = -9.938460231031875
correctionProbability (#РОВЕРКА$ -> #ПРОВЕРКА$) = -11.469856768679108
correctionProbability (#ОЦИНКОВАНАЯ$ -> #ОЦИНКОВАННАЯ$) = -22.739628979795526
correctionProbability (#РОСТОСКАЯ$ -> #РОСТОВСКАЯ$) = -16.955741261508557
correctionProbability (#ОНЛАЕН$ -> #ОНЛАЙН$) = -0.6119318908351694
correctionProbability (#АЛРЕСА$ -> #АДРЕСА$) = -9.6149952573308
correctionProbability (#МАХЬ$ -> #МАЗЬ$) = -8.833342926574584
correctionProbability (#УЛЯНОВСКЕ$ -> #УЛЬЯНОВСКЕ$) = -16.741919018146454
correctionProbability (#ТУРАТЫН$ -> #ТҰРАТЫН$) = -21.80557265765875
correctionProbability (#ПОМОЩЮ$ -> #ПОМОЩЬЮ$) = -12.651242111717721
correctionProbability (#ИНДЕКСИ$ -> #ИНДЕКСЫ$) = -14.015123672846286
correctionProbability (#ТНВАТНЕР$ -> #ЦНВАЦНЕР$) = -80.92179924101416
correctionProbability (#БАЛАБАША$ -> #БАЛАБАҚША$) = -18.24811604166007
correctionProbability (#БЕСТИЖИЄ$ -> #БЕССТЫЖИЕ$) = -146.29393080425547
correctionProbability (#МАЛОЛЕТАК$ -> #МАЛОЛЕТОК$) = -16.466795269589802
correctionProbability (#ЛОМБАР$ -> #ЛОМБАРД$) = -14.261719618925795
correctionProbability (#РУУСКАЯ$ -> #РУССКАЯ$) = -8.520675875973964
correctionProbability (#ОРАНИЗАЦИИ$ -> #ОРГАНИЗАЦИИ$) = -15.027746353198168
correctionProbability (#МУСЫРМАНСКЕЙ$ -> #МУСУЛЬМАНСКИЙ$) = -218.40293755892475
correctionProbability (#ОЙГА$ -> #ЙОГА$) = -77.86971089619458
correctionProbability (#ФИАНЕ$ -> #ЦИАНЕ$) = -15.686563000415138
correctionProbability (#НЕЖИТТ$ -> #НЕЖИТЬ$) = -20.470054288153424
correctionProbability (#ОСОБИННОСТИ$ -> #ОСОБЕННОСТИ$) = -15.20007731283674
correctionProbability (#ПАНЗОИТ$ -> #ПАНЗОИД$) = -18.996218916580816
correctionProbability (#ДЕУКАМ$ -> #ДЕВУШКАМ$) = -82.45264217384062
correctionProbability (#ВЫГЛЯДИД$ -> #ВЫГЛЯДИТ$) = -11.957171715280644
correctionProbability (#СВАНДОН$ -> #СВАНДОР$) = -20.680619231622856
correctionProbability (#ВЫГЛЯДИЛ$ -> #ВЫГЛЯДЕЛ$) = -20.769804874568656
correctionProbability (#КУКЛВ$ -> #КУКЛЫ$) = -8.329793316862872
correctionProbability (#КАЛЬКЛУЯТОР$ -> #КАЛЬКУЛЯТОР$) = -80.06123134493629
correctionProbability (#БЕРЕДУАЛ$ -> #БЕРОДУАЛ$) = -18.071031833400824
correctionProbability (#ЗАШИТНОЕ$ -> #ЗАЩИТНОЕ$) = -16.743232202863133
correctionProbability (#АВАТРИЯ$ -> #АВАТАРИЯ$) = -14.856678166828765
correctionProbability (#КИОСАКИ$ -> #КИЙОСАКИ$) = -20.82727158371079
correctionProbability (#ОКРЫТИЕ$ -> #ОТКРЫТИЕ$) = -11.87662356957216
correctionProbability (#РАЙОЕ$ -> #РАЙОН$) = -6.500016762271169
correctionProbability (#СЕНТЕНИАЛ$ -> #СЕНТЕННИАЛ$) = -36.17829833608039
correctionProbability (#СЕНАТОРГА$ -> #СЕНАТОРА$) = -22.41022933677265
correctionProbability (#КРОССОУТ$ -> #КРОССАУТ$) = -17.40124975503887
correctionProbability (#ОДНОЕЛАСНИКИ$ -> #ОДНОКЛАССНИКИ$) = -76.50473213416687
correctionProbability (#HGOOGLE$ -> #GOOGLE$) = -8.36069840477342
correctionProbability (#BRAZERRS$ -> #BRAZZERS$) = -81.99844383468337
correctionProbability (#STYDIO$ -> #STUDIO$) = -9.997349453558162
correctionProbability (#ALLPTIME$ -> #ALLTIME$) = -22.087640189439725
correctionProbability (#FRANKO$ -> #FRANCO$) = -20.835730553208766
correctionProbability (#ЩЕТОВИТКИ$ -> #ЩИТОВИДКИ$) = -82.56060112527217
correctionProbability (#АРХИЗЕ$ -> #АРХЫЗЕ$) = -19.22000276699534
correctionProbability (#ШОРОВА$ -> #ШАРОВА$) = -19.855593306780765
correctionProbability (#БАРАНОВИЧИСКИЙ$ -> #БАРАНОВИЧСКИЙ$) = -29.07611205759163
correctionProbability (#СИАСОНВАР$ -> #СЕАСОНВАР$) = -20.774702966614477
correctionProbability (#ЛОМБАЙ$ -> #ДОМБАЙ$) = -15.525227210508316
correctionProbability (#ШУДАН$ -> #ШУУДАН$) = -19.098023498109082
correctionProbability (#ПОРНЯМ$ -> #ПАРНЯМ$) = -15.771021524525334
correctionProbability (#ALTERIUM$ -> #ALTIUM$) = -92.88435161344948
correctionProbability (#МАЗЫКА$ -> #МУЗЫКА$) = -5.479977268201036
correctionProbability (#ВАЛЕРЯ$ -> #ВАЛЕРИЯ$) = -13.483845574757453
correctionProbability (#ДЖУСАН$ -> #ЖУСАН$) = -20.22771451899335
correctionProbability (#ФИОЛЕТОГО$ -> #ФИОЛЕТОВОГО$) = -88.12353826884795
correctionProbability (#МИЛИОНЕРА$ -> #МИЛЛИОНЕРА$) = -19.95923116669045
correctionProbability (#ЭРОТЧАТ$ -> #ЭРОЧАТ$) = -18.961338979051465
correctionProbability (#МИНКЕ$ -> #МИНСКЕ$) = -9.448920812919052
correctionProbability (#РУССКАМИ$ -> #РУССКИМИ$) = -14.448216205761703
correctionProbability (#ENGLICH$ -> #ENGLISH$) = -11.074160377500675
correctionProbability (#ПОМОЩБ$ -> #ПОМОЩЬ$) = -9.222213397802758
correctionProbability (#CONTER$ -> #COUNTER$) = -16.76652433980395
correctionProbability (#PASKAL$ -> #PASCAL$) = -16.797530881887813
correctionProbability (#СКАЧЕТЬ$ -> #СКАЧАТЬ$) = -2.5316142144781377
correctionProbability (#ГРУЩИ$ -> #ГРУШИ$) = -13.375441574434245
correctionProbability (#ПРОЩИБКА$ -> #ПРОШИВКА$) = -78.90055813153593
correctionProbability (#УДАЧНИЙ$ -> #УДАЧНЫЙ$) = -18.302323863370617
correctionProbability (#МТИХ$ -> #СТИХ$) = -8.515802413697578
correctionProbability (#НОВАШАХТИНСК$ -> #НОВОШАХТИНСК$) = -22.206803859577455
correctionProbability (#ЕРТЕНІМІН$ -> #ЕРТЕҢІМІН$) = -19.059608988234487
correctionProbability (#УМОН$ -> #УММОН$) = -20.598166248664395
correctionProbability (#ВАРИЬЬ$ -> #ВАРИТЬ$) = -11.558041841375886
correctionProbability (#РАССКАЫ$ -> #РАССКАЗЫ$) = -11.279892650588558
correctionProbability (#ГРУШЫ$ -> #ГРУШИ$) = -13.411162359835014
correctionProbability (#ЛИНКОНЕТ$ -> #ТИНКОНЕТ$) = -26.03595593022768
correctionProbability (#УПОЛЕАВСКАЯ$ -> #ПОЛТАВСКАЯ$) = -88.06910482844495
correctionProbability (#FREMWORK$ -> #FRAMEWORK$) = -82.84495410028904
correctionProbability (#КІНОМАКС$ -> #КИНОМАКС$) = -14.90701684676798
correctionProbability (#СМОТРН$ -> #СМОТРЕТЬ$) = -133.00519634616754
correctionProbability (#РАССКАЩ$ -> #РАССКАЗ$) = -10.407762062716273
correctionProbability (#УСТРОЙСТ$ -> #УСТРОЙСТВ$) = -18.383880413980172
correctionProbability (#КЕФАЛОГЕМОТОМУ$ -> #КЕФАЛОГЕМАТОМУ$) = -39.737709245760826
correctionProbability (#КОМНДЫ$ -> #КОМАНДЫ$) = -13.26757570624713
correctionProbability (#СИАВКК$ -> #СТАВКА$) = -76.38880930177802
correctionProbability (#FOOTB$ -> #FOOTBALL$) = -144.77413256891893
correctionProbability (#МИНКС$ -> #МИНУС$) = -9.011398243603285
correctionProbability (#ФОТОМАГАЗИНЫ$ -> #АВТОМАГАЗИНЫ$) = -89.64541885368064
correctionProbability (#ПРОВОЩИТЬ$ -> #ПРОВОЗИТЬ$) = -19.79654560995258
correctionProbability (#РЕВЕРАТ$ -> #РЕФЕРАТ$) = -10.67923062105936
correctionProbability (#ПОМОШЬ$ -> #ПОМОЩЬ$) = -9.211033794060189
correctionProbability (#СЕГАРЕТ$ -> #СИГАРЕТ$) = -14.415437857488222
correctionProbability (#ЗНАМИНИТОСТЕЙ$ -> #ЗНАМЕНИТОСТЕЙ$) = -20.641918656686094
correctionProbability (#КРИМЕНАЛЬНУЮ$ -> #КРИМИНАЛЬНУЮ$) = -25.687729623374672
correctionProbability (#КАМПЬЮТЕРНАЯ$ -> #КОМПЬЮТЕРНАЯ$) = -18.874989677477167
correctionProbability (#ПОЛОЖЕННА$ -> #ПОЛОЖЕНА$) = -20.545614632740104
correctionProbability (#BULDING$ -> #BUILDING$) = -19.11756939438591
correctionProbability (#БЕСПЛААТНО$ -> #БЕСПЛАТНО$) = -7.216554361994703
correctionProbability (#КАНСОЛИ$ -> #КОНСОЛИ$) = -16.53192139206645
correctionProbability (#ЗЕЛЕЙНЫЙ$ -> #ЗЕЛЕНЫЙ$) = -14.171446073575837
correctionProbability (#СНОТВОРНЕ$ -> #СНОТВОРНОЕ$) = -22.357683636565397
correctionProbability (#КАТРЫ$ -> #КАРТЫ$) = -73.79928237770163
correctionProbability (#DASRAN$ -> #DASARAN$) = -16.71838510216608
correctionProbability (#МВЕЧИ$ -> #СВЕЧИ$) = -9.496347562961052
correctionProbability (#DOCHKISJNOCHKI$ -> #DOCHKISINOCHKI$) = -28.970878325657488
correctionProbability (#ЩАРЯДКИ$ -> #ЗАРЯДКИ$) = -14.463122964690058
correctionProbability (#ААМАРЕ$ -> #САМАРЕ$) = -9.769660565269572
correctionProbability (#ФУТБОЛНЫЙ$ -> #ФУТБОЛЬНЫЙ$) = -16.82941256301968
correctionProbability (#ЛОФФЕРВ$ -> #ЛОФЕРЫ$) = -86.02114940786171
correctionProbability (#ПАРЕЕЬ$ -> #ПАРЕНЬ$) = -9.938528229506776
correctionProbability (#ПЕРИВОЧИК$ -> #ПЕРЕВОДЧИК$) = -73.94989423062448
correctionProbability (#ГЕРМАНИЧ$ -> #ГЕРМАНИЯ$) = -13.24640857551583
correctionProbability (#BUSSINES$ -> #BUSINESS$) = -83.045437230568
correctionProbability (#ШЕЛКУНЧИК$ -> #ЩЕЛКУНЧИК$) = -16.49382122758785
correctionProbability (#MUJEREES$ -> #MUJERES$) = -19.459853320820905
correctionProbability (#СМОТРЬ$ -> #СМОТРЕТЬ$) = -68.28146514798529
correctionProbability (#BКУПИТЬ$ -> #КУПИТЬ$) = -3.9552463903931887
correctionProbability (#ШИЗЛОНГ$ -> #ШЕЗЛОНГ$) = -18.87107964070097
correctionProbability (#РЕСОНТ$ -> #РЕМОНТ$) = -5.049544288969951
correctionProbability (#WHATAPP$ -> #WHATSAPP$) = -12.930975816092364
correctionProbability (#ПОМОШИ$ -> #ПОМОЩИ$) = -11.149430967734187
correctionProbability (#FOODCRAFT$ -> #WOODCRAFT$) = -27.619271936954675
correctionProbability (#ПОЗАННО$ -> #ПОЗЗАНО$) = -93.85888783323402
correctionProbability (#КАБАРДИНА$ -> #КАБАРДИНО$) = -20.267558581571038
correctionProbability (#АВАТРИИ$ -> #АВАТАРИИ$) = -16.66456942217232
correctionProbability (#КИРГИЗЯ$ -> #КИРГИЗИЯ$) = -18.51158848678709
correctionProbability (#РСКОЕ$ -> #РУССКОЕ$) = -73.2725399736296
correctionProbability (#ФУТБОЛЬ$ -> #ФУТБОЛ$) = -9.356909212892614
correctionProbability (#ВОДОС$ -> #ВОЛОС$) = -7.266184679992801
correctionProbability (#БИЗНЕ$ -> #БИЗНЕС$) = -7.0628095733616725
correctionProbability (#DOCHJKISINOCHKI$ -> #DOCHKISINOCHKI$) = -31.52518659171048
correctionProbability (#FITNES$ -> #FITNESS$) = -15.504961228826303
correctionProbability (#МАШН$ -> #МАШИН$) = -9.422947015407647
correctionProbability (#NOVATURS$ -> #NOVATOURS$) = -25.14259525962232
correctionProbability (#ПРЕЗИНТАЦИЯ$ -> #ПРЕЗЕНТАЦИЯ$) = -12.112677220477266
correctionProbability (#ЭБУК$ -> #ЕБУК$) = -24.26072903746669
correctionProbability (#ИУЖА$ -> #МУЖА$) = -9.391942274297879
correctionProbability (#ЗАПОДНЫЙ$ -> #ЗАПАДНЫЙ$) = -17.022773371566906
correctionProbability (#ЭДИССОН$ -> #ЭДИСОН$) = -14.976312160225323
correctionProbability (#НЯНЬЩАНЬ$ -> #НАНЬШАНЬ$) = -91.01548187713544
correctionProbability (#PARADICE$ -> #PARADISE$) = -16.81974133412679
correctionProbability (#РАБАТА$ -> #РАБОТА$) = -4.89456502456915
correctionProbability (#СЧЕТСЧИК$ -> #СЧЕТЧИК$) = -15.925738898734153
correctionProbability (#ИРКУСТК$ -> #ИРКУТСК$) = -77.04975978265142
correctionProbability (#МАШЛ$ -> #МАЙЛ$) = -3.649725937589114
correctionProbability (#ПЕРЕКОАДАЧ$ -> #ПЕРЕКЛАДАЧ$) = -16.63281151987176
correctionProbability (#РАСССКАЗ$ -> #РАССКАЗ$) = -12.868316070788453
correctionProbability (#RUNNIN$ -> #RUNNING$) = -17.490683100835625
correctionProbability (#КРПНО$ -> #КРУПНО$) = -14.129236647343102
correctionProbability (#БЮСТГАЛТЕР$ -> #БЮСТГАЛЬТЕР$) = -20.905852802054213
correctionProbability (#ПОЛИКЛИКА$ -> #ПОЛИКЛИНИКА$) = -79.34326722082025
correctionProbability (#КАБИНЕТЕГА$ -> #КАБИНЕТ$) = -142.2031897811923
correctionProbability (#ТОРГОВЕЛЬНЫЕ$ -> #ТРОГАТЕЛЬНЫЕ$) = -218.04033214705197
correctionProbability (#МОГЗА$ -> #МОЗГА$) = -78.28109611467708
correctionProbability (#ОПРЕДЕДЕНИЕ$ -> #ОПРЕДЕЛЕНИЕ$) = -15.372095910494053
correctionProbability (#ЛИЧЫЙ$ -> #ЛИЧНЫЙ$) = -4.732295254257927
correctionProbability (#ФУТБОЛНЫХ$ -> #ФУТБОЛЬНЫХ$) = -19.055364698151628
correctionProbability (#ПРЕПАРАТВ$ -> #ПРЕПАРАТЫ$) = -13.936289823478198
correctionProbability (#АРОПОРТ$ -> #АЭРОПОРТ$) = -11.397029410523054
correctionProbability (#НИЖНЕКМСК$ -> #НИЖНЕКАМСК$) = -17.476085586201428
correctionProbability (#ВАКПНСИИ$ -> #ВАКАНСИИ$) = -8.1918995905341
correctionProbability (#ЖЕНЩИРА$ -> #ЖЕНЩИНА$) = -9.159841460800777
correctionProbability (#AФИЛЬМЫ$ -> #ФИЛЬМЫ$) = -6.125657051210691
correctionProbability (#ПОЛИЦАЯ$ -> #ПОЛИЦИЯ$) = -12.825249883869574
correctionProbability (#ПАРТНЕРИ$ -> #ПАРТНЕРЫ$) = -15.668889383533518
correctionProbability (#ЭКСПЛУТАЦИЯ$ -> #ЭКСПЛУАТАЦИЯ$) = -21.602616320493603
correctionProbability (#ПРОВЕЛЬНО$ -> #ПРАВИЛЬНО$) = -74.28044698987064
correctionProbability (#СДЕД$ -> #СЛЕД$) = -8.684728554413898
correctionProbability (#КОЖЕННАЯ$ -> #КОЖАНАЯ$) = -82.13152137353272
correctionProbability (#БРАЗЕРСЕ$ -> #БРАЗЕРС$) = -15.518738729170849
correctionProbability (#МАЧЬ$ -> #МАТЧ$) = -74.9382621053302
correctionProbability (#СМОТРЕ$ -> #СМОТРЕТЬ$) = -68.22239652988537
correctionProbability (#СУПОУГУ$ -> #СУПРУГУ$) = -20.757273946200016
correctionProbability (#СКИЛЬКИ$ -> #СКІЛЬКИ$) = -15.698241946695461
correctionProbability (#БЕРЕННОСТИ$ -> #БЕРЕМЕННОСТИ$) = -80.73274563109047
correctionProbability (#МЕДАСИСТ$ -> #МЕДАССИСТ$) = -23.498856110118027
correctionProbability (#БОТЕГА$ -> #БОТТЕГА$) = -23.50997624619346
correctionProbability (#ПАТВИ$ -> #ПАТВИЦ$) = -13.367222284454787
correctionProbability (#СКУШАТЬ$ -> #КУШАТЬ$) = -15.858177238175752
correctionProbability (#ЭКСПЛУТАЦИИ$ -> #ЭКСПЛУАТАЦИИ$) = -17.638325845294766
correctionProbability (#ВЯЛЕННАЯ$ -> #ВЯЛЕНАЯ$) = -21.28115635312483
correctionProbability (#ПОЛЬЗОВАТТСЯ$ -> #ПОЛЬЗОВАТЬСЯ$) = -16.45432371202238
correctionProbability (#CLITHING$ -> #CLOTHING$) = -18.191033402057137
correctionProbability (#ТИЛА$ -> #ТІЛА$) = -14.700695660053487
correctionProbability (#РУЦЕПТЫ$ -> #РЕЦЕПТЫ$) = -8.211502879266831
correctionProbability (#ОПЛОЧЕНО$ -> #ОПЛАЧЕНО$) = -19.271496405817054
correctionProbability (#КАЗАНСКИ$ -> #КАЗАНСКИЙ$) = -17.608349839666545
correctionProbability (#РЕГУЛИРУЮТЬСЯ$ -> #РЕГУЛИРУЮТСЯ$) = -28.916852815032378
correctionProbability (#МОГУТЬ$ -> #МОГУТ$) = -12.849650988028696
correctionProbability (#СКИЛЬКО$ -> #СКОЛЬКО$) = -6.068147646833623
correctionProbability (#НЕГРЕТЯНКА$ -> #НЕГРИТЯНКА$) = -21.382464952481875
correctionProbability (#МОШЕНИЦЫ$ -> #МОШЕННИЦЫ$) = -17.798105549167495
correctionProbability (#КЕШБЕК$ -> #КЭШБЭК$) = -73.78584780264663
correctionProbability (#ЙАМАХА$ -> #ЯМАХА$) = -80.01174361695146
correctionProbability (#ПСИХОЛОГИЧЕСИКЙ$ -> #ПСИХОЛОГИЧЕСКИЙ$) = -91.82988856411271
correctionProbability (#ДОЛГАПРУДНЫЙ$ -> #ДОЛГОПРУДНЫЙ$) = -17.653887274808547
correctionProbability (#ЖИНОЧИ$ -> #ЖІНОЧІ$) = -82.96277022777507
correctionProbability (#ULTA$ -> #ULTRA$) = -14.032408423140712
correctionProbability (#КРОСОУТ$ -> #КРОССАУТ$) = -82.80180348114223
correctionProbability (#УНИВЕРСТИТЕТ$ -> #УНИВЕРСИТЕТ$) = -16.879061773802505
correctionProbability (#МОДЕЛИРОВАНИ$ -> #МОДЕЛИРОВАНИЕ$) = -20.572736195292038
correctionProbability (#МАДМОЗЕЛЬ$ -> #МАДМУАЗЕЛЬ$) = -85.88962217018482
correctionProbability (#ЗАСТАВЛАЕТ$ -> #ЗАСТАВЛЯЕТ$) = -19.524341018240683
correctionProbability (#ГОЛИЭ$ -> #ГОЛЫЕ$) = -71.21406255450783
correctionProbability (#ВЕРТУАЛЬНУЮ$ -> #ВИРТУАЛЬНУЮ$) = -22.63544220311431
correctionProbability (#РССА$ -> #РСА$) = -14.089559244455966
correctionProbability (#ЕКРАНЕ$ -> #ЭКРАНЕ$) = -14.292591830846991
correctionProbability (#МАЧТ$ -> #МАТЧ$) = -74.96542895788552
correctionProbability (#ВЛАДИМЕРОВИЧ$ -> #ВЛАДИМИРОВИЧ$) = -17.46948128729884
correctionProbability (#КОЗАЛ$ -> #КОРАЛ$) = -12.226737299137628
correctionProbability (#ПЕРСИНГ$ -> #ПИРСИНГ$) = -15.560037682566339
correctionProbability (#КУЗМИНКИ$ -> #КУЗЬМИНКИ$) = -18.894786154580046
correctionProbability (#РОСКАЗИ$ -> #РАССКАЗЫ$) = -140.65357859431919
correctionProbability (#СВЯЗАНЫЕ$ -> #СВЯЗАННЫЕ$) = -17.106791887037097
correctionProbability (#ОНЛАИМ$ -> #ОНЛАЙН$) = -65.38509661032141
correctionProbability (#DOCHMISINOCHKI$ -> #DOCHKISINOCHKI$) = -28.95996519849851
correctionProbability (#ЗЗЕЛЕНСЕИЙ$ -> #ЗЕЛЕНСКИЙ$) = -83.19251668209483
correctionProbability (#РАСПОКОВКИ$ -> #РАСПАКОВКИ$) = -22.439540009875444
correctionProbability (#ЦЮТУБ$ -> #ЮТУБ$) = -2.7408364172336057
correctionProbability (#ВАЛИБОЛ$ -> #ВОЛЕЙБОЛ$) = -143.32778950345818
correctionProbability (#ВАРАМ$ -> #ВОРАМ$) = -17.745848738299944
correctionProbability (#РАБАТЫ$ -> #РАБОТЫ$) = -6.777638816195971
correctionProbability (#ДРЛЛАРА$ -> #ДОЛЛАРА$) = -9.612971198328907
correctionProbability (#БРАЗЕРРС$ -> #БРАЗЕРС$) = -15.509717001190381
correctionProbability (#БРОВЕЦ$ -> #БРОВЕЙ$) = -12.050667859193002
correctionProbability (#АБИГЕЙЛ$ -> #ЭБИГЕЙЛ$) = -15.971754708538029
correctionProbability (#ЛЕДОКОИНОМ$ -> #ЛИДОКАИНОМ$) = -88.678850589961
correctionProbability (#ПЕРЕВОЧИ$ -> #ПЕРЕВОДЧИК$) = -74.56887197178827
correctionProbability (#ЯКI$ -> #ЯКІ$) = -11.705498652641293
correctionProbability (#ЕАГЕНИЯ$ -> #ЕВГЕНИЯ$) = -11.902565787977409
correctionProbability (#КАЗАША$ -> #КАЗАКША$) = -11.8279994063423
correctionProbability (#COMPAN$ -> #COMPANY$) = -15.485036301192189
correctionProbability (#МЦЖ$ -> #МУЖ$) = -7.928256925376235
correctionProbability (#ПАЛИЦИЯ$ -> #ПОЛИЦИЯ$) = -12.73427053726013
correctionProbability (#ТЕНДОР$ -> #ТЕНДЕР$) = -12.944248476625877
correctionProbability (#АМИЛЬКА$ -> #АМЕЛЬКА$) = -14.611198583300698
correctionProbability (#СНАХА$ -> #СНОХА$) = -17.661105372534703
correctionProbability (#МИНСТРУАЦИИ$ -> #МЕНСТРУАЦИИ$) = -22.28407034053587
correctionProbability (#КОРМИШ$ -> #КОРМИШЬ$) = -23.549742831432553
correctionProbability (#БОЛИШОИ$ -> #БОЛЬШОЙ$) = -74.07084048559507
correctionProbability (#ЖЕЛЬЯ$ -> #ЖИЛЬЯ$) = -11.909869799727847
correctionProbability (#ГОЛКУ$ -> #ИГОЛКУ$) = -19.321591031068028
correctionProbability (#ПРОЫИЛЬ$ -> #ПРОФИЛЬ$) = -10.8213185437464
correctionProbability (#СПИСАНЫХ$ -> #СПИСАННЫХ$) = -26.80549950112882
correctionProbability (#ФУТБООА$ -> #ФУТБОЛА$) = -11.606421087014446
correctionProbability (#БОРОХОЛКА$ -> #БАРАХОЛКА$) = -79.64492937228108
correctionProbability (#КАЛЕШИНА$ -> #КАЛИНИНА$) = -80.3790119103474
correctionProbability (#КОСТРИРОВАТЬ$ -> #КАСТРИРОВАТЬ$) = -24.59948633102944
correctionProbability (#АЛКАГАЛИЧКА$ -> #АЛКОГОЛИЧКА$) = -80.88164992419524
correctionProbability (#ПОДЛЕЖАТЬ$ -> #ПОДЛЕЖАТ$) = -21.55067850022383
correctionProbability (#ИСКВССТВЕ$ -> #ИСКУССТВЕ$) = -17.889526870486193
correctionProbability (#ТРУФЕЛЬ$ -> #ТРЮФЕЛЬ$) = -18.64947298467147
correctionProbability (#СЕВИС$ -> #СЕРВИС$) = -9.714926410055785
correctionProbability (#ЛОДЕ$ -> #ЛОДЭ$) = -17.329458115178024
correctionProbability (#СКАРИМ$ -> #СКАЙРИМ$) = -13.702967998831213
correctionProbability (#ЗАСИМОВ$ -> #ЗОСИМОВ$) = -26.766555510577057
correctionProbability (#ГРЕМЛЕНЫ$ -> #ГРЕМЛИНЫ$) = -20.37942005388817
correctionProbability (#COMPAG$ -> #COMPAQ$) = -17.80413702401319
correctionProbability (#СКАЧАТЬЪ$ -> #СКАЧАТЬ$) = -5.040969384994417
correctionProbability (#ЕАГЕНИЙ$ -> #ЕВГЕНИЙ$) = -10.754379854581472
correctionProbability (#SPOTLINGHT$ -> #SPOTLIGHT$) = -18.34415652396475
correctionProbability (#СТЕЛЯЛКИ$ -> #СТРЕЛЯЛКИ$) = -14.194615738179593
correctionProbability (#ВАКПНСИЯ$ -> #ВАКАНСИЯ$) = -12.948463165982197
correctionProbability (#КАТИНКИ$ -> #КАРТИНКИ$) = -5.273194256573552
correctionProbability (#ОНЛАЙД$ -> #ОНЛАЙН$) = -0.6556925417814874
correctionProbability (#ТОЛЧЕК$ -> #ТОЛЧОК$) = -20.923119787883568
correctionProbability (#ШПАШКИ$ -> #ШПАЖКИ$) = -20.426629515897037
correctionProbability (#КАМАРОВА$ -> #КОМАРОВА$) = -15.645341302799942
correctionProbability (#МОРДОКОВИЧ$ -> #МОРДКОВИЧ$) = -18.874712020564225
correctionProbability (#ПРЫГАЮЩЕИ$ -> #ПРЫГАЮЩИЕ$) = -90.36077632167273
correctionProbability (#КОМПАНЕНТ$ -> #КОМПОНЕНТ$) = -18.980077046716467
correctionProbability (#ЗАПОД$ -> #ЗАПАД$) = -12.159827862975309
correctionProbability (#ВИНИМАЯ$ -> #ВЫНИМАЯ$) = -18.120069044850055
correctionProbability (#ЛЕРМОНТЕВЕ$ -> #ЛЕРМОНТОВЕ$) = -20.55740818287299
correctionProbability (#БИЗНЕССА$ -> #БИЗНЕСА$) = -13.558534412166289
correctionProbability (#ПРЕЗИНТАЦИЙ$ -> #ПРЕЗЕНТАЦИЙ$) = -17.01458908757253
correctionProbability (#ДЖМЕИЛ$ -> #ДЖИМЕЙЛ$) = -80.311888167357
correctionProbability (#ДОМИНИКО$ -> #ДОМЕНИКО$) = -19.33035851669146
correctionProbability (#COTOBAGO$ -> #COTOBACO$) = -25.623167910398514
correctionProbability (#БЫСТРИЙ$ -> #БЫСТРЫЙ$) = -12.990401956304282
correctionProbability (#ПОЛЬЗЯ$ -> #ПОЛЬЗА$) = -9.890913786676453
correctionProbability (#ЛАГОТИПОМ$ -> #ЛОГОТИПОМ$) = -15.965594782550234
correctionProbability (#ЕДИНИЙ$ -> #ЕДИНЫЙ$) = -11.592847475872684
correctionProbability (#ПРЕЗИНТАЦИИ$ -> #ПРЕЗЕНТАЦИИ$) = -13.904446817874046
correctionProbability (#ЗИМНЯЧ$ -> #ЗИМНЯЯ$) = -9.964392926492852
correctionProbability (#ПРОФИСИОНАЛЬНОЙ$ -> #ПРОФЕССИОНАЛЬНОЙ$) = -89.2820061626255
correctionProbability (#КРОСОВОК$ -> #КРОССОВОК$) = -19.53733383753596
correctionProbability (#ИНДИСКИИ$ -> #ИНДИЙСКИЙ$) = -78.60761175854675
correctionProbability (#БАНККА$ -> #БАНКА$) = -11.720824256910479
correctionProbability (#ВАЄНГИ$ -> #ВАЕНГИ$) = -17.012924613135556
correctionProbability (#ГАВАРИЛА$ -> #ГОВОРИЛА$) = -82.58620246245887
correctionProbability (#ХЕЛО$ -> #ХЕЛЛО$) = -16.65574657033341
correctionProbability (#MOTOROLLA$ -> #MOTOROLA$) = -19.398786499041258
correctionProbability (#ПАМЯТНМК$ -> #ПАМЯТНИК$) = -12.722779871935302
correctionProbability (#ККЛАСС$ -> #КЛАСС$) = -4.923837028277486
correctionProbability (#ИНДИСКИЕ$ -> #ИНДИЙСКИЕ$) = -14.37081928299147
correctionProbability (#СЬИХИ$ -> #СТИХИ$) = -6.9434712381217985
correctionProbability (#СЕМЕНАР$ -> #СЕМИНАР$) = -15.344585738348982
correctionProbability (#НАЛОГОБЛОЖЕНИЕ$ -> #НАЛОГООБЛОЖЕНИЕ$) = -24.77540579141231
correctionProbability (#ВЕШАНКАМИ$ -> #ВЕШЕНКАМИ$) = -23.742944314029693
correctionProbability (#КАЛЕСНЫЕ$ -> #КОЛЕСНЫЕ$) = -17.83664076513739
correctionProbability (#ТАБЛИЦВ$ -> #ТАБЛИЦА$) = -7.8691747157718765
correctionProbability (#ЭОТИКА$ -> #ЭРОТИКА$) = -8.530746010722694
correctionProbability (#РАЗВАЛЕНЫ$ -> #РАЗВАЛИНЫ$) = -20.853252536340115
correctionProbability (#SCATE$ -> #SKATE$) = -15.513796059437372
correctionProbability (#КЛЮС$ -> #КЛЮЧ$) = -6.583371479368598
correctionProbability (#TMOLL$ -> #TMALL$) = -17.41509249582651
correctionProbability (#АНГЛИСКАМУ$ -> #АНГЛИЙСКОМУ$) = -78.43785637810603
correctionProbability (#ВХОДИШ$ -> #ВХОДИШЬ$) = -22.843892580709003
correctionProbability (#КАВРОВ$ -> #КОВРОВ$) = -13.03472848250377
correctionProbability (#ПРОПАДАЄ$ -> #ПРОПАДАЕТ$) = -84.2223263611836
correctionProbability (#CRUIZER$ -> #CRUISER$) = -15.861052693170329
correctionProbability (#МЫШЦИ$ -> #МЫШЦЫ$) = -12.045503190205114
correctionProbability (#ДОСЛИДЖЕННЯ$ -> #ДОСЛІДЖЕННЯ$) = -22.442322730969117
correctionProbability (#АЕРОБИКА$ -> #АЭРОБИКА$) = -17.029130578200366
correctionProbability (#ПРИЕОЛЫ$ -> #ПРИКОЛЫ$) = -8.336963542729954
correctionProbability (#ОБСТРАКЦИЯ$ -> #АБСТРАКЦИЯ$) = -18.48365265276351
correctionProbability (#КОЭФИЦИЭНТ$ -> #КОЭФФИЦИЕНТ$) = -83.15712065455422
correctionProbability (#РОЗДЕЛАСЬ$ -> #РАЗДЕЛАСЬ$) = -18.239705238435796
correctionProbability (#ADREAS$ -> #ANDREAS$) = -14.668338483819966
correctionProbability (#SELS$ -> #SEKS$) = -8.840151974652603
correctionProbability (#КАРАЛЛОВЫЙ$ -> #КОРАЛЛОВЫЙ$) = -20.398504846985475
correctionProbability (#ЦЫЕТ$ -> #ЦВЕТ$) = -7.459914554946113
correctionProbability (#РУСК$ -> #РУССКИЙ$) = -137.96772023807034
correctionProbability (#AYUTO$ -> #AUTO$) = -13.614237338301482
correctionProbability (#МЕЖРАСОВОЕ$ -> #МЕЖРАССОВОЕ$) = -24.011420811528893
correctionProbability (#ТКЛА$ -> #ТУЛА$) = -8.348874511556645
correctionProbability (#СВЕГО$ -> #СВОЕГО$) = -12.595593876943784
correctionProbability (#БЕНЩИН$ -> #БЕНЗИН$) = -12.711538142164212
correctionProbability (#ДЕКИНГОВУЮ$ -> #ТРЕКИНГОВУЮ$) = -102.11199133527641
correctionProbability (#SEASONWARS$ -> #SEASONVAR$) = -86.14375151703028
correctionProbability (#ОТЧАЕНИЕ$ -> #ОТЧАЯНИЕ$) = -18.01538809844694
correctionProbability (#ПОИТИ$ -> #ПОЙТИ$) = -12.717279687287398
correctionProbability (#РОДСТВЕНИКАМИ$ -> #РОДСТВЕННИКАМИ$) = -25.029141279778543
correctionProbability (#ФРАНЦУСКОЙ$ -> #ФРАНЦУЗСКОЙ$) = -21.145079737113456
correctionProbability (#KRANKER$ -> #KRUNKER$) = -18.140965342523536
correctionProbability (#ЗИМНАЯ$ -> #ЗИМНЯЯ$) = -9.962690912845506
correctionProbability (#ФИЛЬТЕР$ -> #ФИЛЬТР$) = -12.813244724875428
correctionProbability (#СТАРОПОЛЬ$ -> #СТАВРОПОЛЬ$) = -14.696047441894933
correctionProbability (#VARFACE$ -> #WARFACE$) = -13.465065767967857
correctionProbability (#СЧЕИУ$ -> #СЧЕТУ$) = -13.86753978383771
correctionProbability (#БУЛИТЫ$ -> #БУЛЛИТЫ$) = -24.538991183352906
correctionProbability (#ФРАНЦУСКОЕ$ -> #ФРАНЦУЗСКОЕ$) = -22.26226648164834
correctionProbability (#ПЕРЕВОДЛ$ -> #ПЕРЕВОД$) = -10.842561897416928
correctionProbability (#ГАЗЕЛ$ -> #ГАЗЕЛЬ$) = -10.978409290399224
correctionProbability (#СТОМОЛОГИЧЕСКАЯ$ -> #СТОМАТОЛОГИЧЕСКАЯ$) = -89.1705326669073
correctionProbability (#ПЕРТНАТЛЬНЫЙ$ -> #ПЕРИНАТАЛЬНЫЙ$) = -87.56390432104956
correctionProbability (#ХУКСВАРНА$ -> #ХУСКВАРНА$) = -86.72614264724822
correctionProbability (#ВАЙКОФА$ -> #ВАЙКОФФА$) = -28.556335021801083
correctionProbability (#CHRO$ -> #CHROME$) = -77.09842520760256
correctionProbability (#ЩАПИСАТЬСЯ$ -> #ЗАПИСАТЬСЯ$) = -14.783258720322245
correctionProbability (#DAMASHNIY$ -> #DOMASHNIY$) = -22.816438397090437
correctionProbability (#ОРТРОЗ$ -> #АРТРОЗ$) = -14.499785631347624
correctionProbability (#OBNOKLASNIK$ -> #ODNOKLASSNIKI$) = -148.86720587966192
correctionProbability (#AVIAM$ -> #AVIA$) = -18.638471997571994
correctionProbability (#ОНКОЛОГИЧЕЧСКИЙ$ -> #ОНКОЛОГИЧЕСКИЙ$) = -25.119306481187934
correctionProbability (#ДЕПОНОВАНА$ -> #ДЕПОНИРОВАНА$) = -97.87982630753874
correctionProbability (#INSTAGRA$ -> #INSTAGRAM$) = -13.57023936008639
correctionProbability (#ПЕРЕВОДЧ$ -> #ПЕРЕВОДЧИК$) = -74.57420406539859
correctionProbability (#БЫТАВОЙ$ -> #БЫТОВОЙ$) = -13.45114108321549
correctionProbability (#FIRFOX$ -> #FIREFOX$) = -15.39552574176897
correctionProbability (#COLAGEN$ -> #COLLAGEN$) = -20.19088257462245
correctionProbability (#КУЕПИТЬ$ -> #КУПИТЬ$) = -3.9025277098864315
correctionProbability (#ДДЕЛАТЬ$ -> #ДЕЛАТЬ$) = -9.70751025185378
correctionProbability (#РАЗМР$ -> #РАЗМЕР$) = -9.591167167587468
correctionProbability (#ГЛОССАРИИ$ -> #ГЛОССАРИЙ$) = -20.892726444481852
correctionProbability (#ТУПЦИЯ$ -> #ТУРЦИЯ$) = -9.584895298658143
correctionProbability (#ЦИБУЛЬСКИЙ$ -> #ЦЫБУЛЬСКИЙ$) = -27.033392129036066
correctionProbability (#ФАЛЬКЛЕР$ -> #ФОЛЬКЛОР$) = -82.76014077420521
correctionProbability (#ГОССУСЛУГ$ -> #ГОСУСЛУГ$) = -15.558530959947134
correctionProbability (#ЭПИДИМИОЛОГИИ$ -> #ЭПИДЕМИОЛОГИИ$) = -23.228935791951102
correctionProbability (#ЛОПЕРАМІД$ -> #ЛОПЕРАМИД$) = -19.36878913673287
correctionProbability (#РУБЛОВКИ$ -> #РУБЛЕВКИ$) = -13.348664580952374
correctionProbability (#УОРТ$ -> #УОРД$) = -13.43188787395
correctionProbability (#ТАБЛИЧА$ -> #ТАБЛИЦА$) = -7.817284914134056
correctionProbability (#АИРПОТС$ -> #АИРПОДС$) = -18.0656200664841
correctionProbability (#НОВОВСТИ$ -> #НОВОСТИ$) = -6.772816698552141
correctionProbability (#ГЕРЛЯНДЫ$ -> #ГИРЛЯНДЫ$) = -17.876863282960862
correctionProbability (#ПАПЕНДИЦИТ$ -> #АППЕНДИЦИТ$) = -87.76612317174173
correctionProbability (#КОЛЬКО$ -> #СКОЛЬКО$) = -6.559165202479242
correctionProbability (#МУЛТФИЛМЫ$ -> #МУЛЬТФИЛЬМЫ$) = -77.14249143852439
correctionProbability (#ПОКАЛЕНИЯ$ -> #ПОКОЛЕНИЯ$) = -15.62799645918453
correctionProbability (#ГАРДАМАРИНЫ$ -> #ГАРДЕМАРИНЫ$) = -20.542340065679127
correctionProbability (#КОЛЕКТОРСКОЕ$ -> #КОЛЛЕКТОРСКОЕ$) = -24.757320691631122
correctionProbability (#ГОСТРОЛИ$ -> #ГАСТРОЛИ$) = -18.74885512168442
correctionProbability (#РАЗВТИЕ$ -> #РАЗВИТИЕ$) = -12.539497467450552
correctionProbability (#КЛІЗМА$ -> #КЛИЗМА$) = -15.43538143172572
correctionProbability (#КОМПЬЮТОРУ$ -> #КОМПЬЮТЕРУ$) = -17.908938532433787
correctionProbability (#KINIGO$ -> #KINOGO$) = -13.868213065628073
correctionProbability (#АЛЕРГИЧЕСКАЯ$ -> #АЛЛЕРГИЧЕСКАЯ$) = -26.386387072751987
correctionProbability (#ПРОИЗНОСИТЬСЯ$ -> #ПРОИЗНОСИТСЯ$) = -25.467399882658725
correctionProbability (#МОЖЕРНИЗАЦИЯ$ -> #МОДЕРНИЗАЦИЯ$) = -22.255185114992763
correctionProbability (#РОСТЛЕКОМ$ -> #РОСТЕЛЕКОМ$) = -14.324726531996674
correctionProbability (#TUNDER$ -> #THUNDER$) = -16.348506458234723
correctionProbability (#РАДЕЛИТЬ$ -> #РАЗДЕЛИТЬ$) = -16.81615698740154
correctionProbability (#ИНДУСТРИАЛ$ -> #ИНДАСТРИАЛ$) = -21.23920840626181
correctionProbability (#ПЯННЫЕ$ -> #ПЬЯНЫЕ$) = -80.2524887873048
correctionProbability (#IPEG$ -> #JPEG$) = -14.944145161072289
correctionProbability (#ALIANCE$ -> #ALLIANCE$) = -20.90937740457281
correctionProbability (#КОЦЕНТРАТ$ -> #КОНЦЕНТРАТ$) = -20.855755966498407
correctionProbability (#УСРЕДИТЕЛИ$ -> #УЧРЕДИТЕЛИ$) = -22.872985671017503
correctionProbability (#ИГРЪ$ -> #ИГРЫ$) = -2.398715662615441
correctionProbability (#МАНЬКРАФТ$ -> #МАЙНКРАФТ$) = -75.73978573167997
correctionProbability (#КАМЕТЫ$ -> #КОМЕТЫ$) = -18.84290933287198
correctionProbability (#DESING$ -> #DESIGN$) = -82.26093032518732
correctionProbability (#РЕСТРАН$ -> #РЕСТОРАН$) = -11.544562273516995
correctionProbability (#ИГРЯ$ -> #ИГРЫ$) = -2.3982442467272485
correctionProbability (#ЛАМПАЧКА$ -> #ЛАМПОЧКА$) = -15.66115261457599
correctionProbability (#НОЧБРЯ$ -> #НОЯБРЯ$) = -9.451265496808094
correctionProbability (#СНАЧАЛО$ -> #СНАЧАЛА$) = -14.059162993697775
correctionProbability (#ВЬЕТНАМИ$ -> #ВЬЕТНАМЕ$) = -16.32108724830453
correctionProbability (#ЗОМБІЛЕНД$ -> #ЗОМБИЛЕНД$) = -14.897680817090013
correctionProbability (#ДВИГИТЕЛЬ$ -> #ДВИГАТЕЛЬ$) = -12.394996117338792
correctionProbability (#ВЫСОТСКАЯ$ -> #ВЫСОЦКАЯ$) = -83.6640737887784
correctionProbability (#РАЩАТ$ -> #РАШАТ$) = -25.458910579927576
correctionProbability (#БІЛЬЯРД$ -> #БИЛЬЯРД$) = -13.263055997748296
correctionProbability (#ПОИСЕ$ -> #ПОИСК$) = -7.233857238776743
correctionProbability (#ГАДО$ -> #НАДО$) = -7.603847109416979
correctionProbability (#ХЕНА$ -> #ЖЕНА$) = -7.1391326046774175
correctionProbability (#ШТАМ$ -> #ШТАМП$) = -15.411364473434862
correctionProbability (#КАЛЬКУЛЯЬОР$ -> #КАЛЬКУЛЯТОР$) = -12.18833218449565
correctionProbability (#ПРОДАШ$ -> #ПРОДАЖ$) = -11.92179540198254
correctionProbability (#ИГРР$ -> #ИГРЫ$) = -2.398715662615441
correctionProbability (#МПШИНА$ -> #МАШИНА$) = -8.26948175932026
correctionProbability (#ЖУЛЬЕМ$ -> #ЖУЛЬЕН$) = -16.124957115248886
correctionProbability (#ХОККИНГ$ -> #ХОКИНГ$) = -20.824859851643286
correctionProbability (#ЗАДЕРКУ$ -> #ЗАДЕРЖКУ$) = -20.249444975965567
correctionProbability (#ИГРЦ$ -> #ИГРЫ$) = -2.398570587901709
correctionProbability (#CIMENAPARK$ -> #CINEMAPARK$) = -91.77484122686883
correctionProbability (#МША$ -> #МАША$) = -3.4204119921491554
correctionProbability (#ПРОДАТ$ -> #ПРОДАТЬ$) = -11.583780318431273
correctionProbability (#ОНЛШАЙН$ -> #ОНЛАЙН$) = -3.178806520044283
correctionProbability (#ЛУТШИЕ$ -> #ЛУЧШИЕ$) = -6.872078243101885
correctionProbability (#ПРИКРАСНАЯ$ -> #ПРЕКРАСНАЯ$) = -15.621168312999508
correctionProbability (#TITD$ -> #TITS$) = -12.207775643011924
correctionProbability (#ПОИСА$ -> #ПОИСК$) = -7.238230291879599
correctionProbability (#ИГРФ$ -> #ИГРЫ$) = -2.3978092907596817
correctionProbability (#ДОЧЕРМИ$ -> #ДОЧЕРЬМИ$) = -23.385496889343628
correctionProbability (#КАЛОФДЮТИ$ -> #КАЛОФДЬЮТИ$) = -22.971175559964635
correctionProbability (#МАРЯМ$ -> #МАРЬЯМ$) = -18.58446686998894
correctionProbability (#ВЙФОН$ -> #АЙФОН$) = -7.82613436680948
correctionProbability (#БУЗЫВА$ -> #БУЗОВА$) = -11.1167136904285
correctionProbability (#БЭКХЕМ$ -> #БЕКХЭМ$) = -81.84326915418744
correctionProbability (#МАРЯК$ -> #МОРЯК$) = -15.2502698933237
correctionProbability (#ШТАФ$ -> #ШТРАФ$) = -11.754648813127577
correctionProbability (#ДОМРОБОТЕИЦА$ -> #ДОМРАБОТНИЦА$) = -87.31885187649479
correctionProbability (#СТРУИЦА$ -> #СТРАНИЦА$) = -72.7488431612182
correctionProbability (#ФИПЬМ$ -> #ФИЛЬМ$) = -1.1798283751642238
correctionProbability (#АВТОМАГНИТОЛЛЫ$ -> #АВТОМАГНИТОЛЫ$) = -24.25942182454544
correctionProbability (#БОЛОНИЯ$ -> #БОЛОНЬЯ$) = -19.049764832167774
correctionProbability (#ИГРЙ$ -> #ИГРЫ$) = -2.398679391963835
correctionProbability (#SANSET$ -> #SUNSET$) = -16.978220756117576
correctionProbability (#ТККОЕ$ -> #ТАКОЕ$) = -5.206061254322538
correctionProbability (#АЛБОМЫ$ -> #АЛЬБОМЫ$) = -14.373688544247102
correctionProbability (#БРИЗГОВИКИ$ -> #БРЫЗГОВИКИ$) = -20.21797290668418
correctionProbability (#МПШИНЕ$ -> #МАШИНЕ$) = -9.968135872762918
correctionProbability (#ОРКАЛ$ -> #ОРАКАЛ$) = -20.027417614515453
correctionProbability (#СВЕДЫ$ -> #ЦВЕТЫ$) = -71.36809480264651
correctionProbability (#БОРЕЛІОЗ$ -> #БОРРЕЛИОЗ$) = -86.91970090203442
correctionProbability (#ER14505M$ -> #ER14505$) = -26.4205232904117
correctionProbability (#КРАСЫВЫЕ$ -> #КРАСИВЫЕ$) = -7.409778426618004
correctionProbability (#ВАСЮРЕНСКАЯ$ -> #ВАСЮРИНСКАЯ$) = -24.894784385694074
correctionProbability (#КАГДА$ -> #КОГДА$) = -5.710515656815371
correctionProbability (#РАЗНЫ$ -> #РАЗНЫХ$) = -11.948419198901565
correctionProbability (#ХАРСТОУН$ -> #ХАРТСТОУН$) = -22.653572627560933
correctionProbability (#ЖЕНЩИГА$ -> #ЖЕНЩИНА$) = -9.162008531605409
correctionProbability (#САМОКЛЕЮЩИЙ$ -> #САМОКЛЕЮЩИЙСЯ$) = -90.49171340704427
correctionProbability (#БОРЬЩ$ -> #БОРЩ$) = -14.779642253792826
correctionProbability (#ДИМОМ$ -> #ДЫМОМ$) = -13.835858268509664
correctionProbability (#КОАСКА$ -> #КРАСКА$) = -10.225174942856992
correctionProbability (#СМОТНРЕТЬ$ -> #СМОТРЕТЬ$) = -4.844784619958817
correctionProbability (#ПЛГЛДА$ -> #ПОГОДА$) = -66.01039674933754
correctionProbability (#ЭРГОФЛЕКС$ -> #ЭНЕРГОФЛЕКС$) = -92.17130952774174
correctionProbability (#КРИПОСНА$ -> #КРЕПОСТНАЯ$) = -147.31452961223766
correctionProbability (#СТУДЕНТО$ -> #СТУДЕНТОВ$) = -15.75373500650263
correctionProbability (#ДДОН$ -> #ДЖОН$) = -8.356994898016165
correctionProbability (#МАУНФЕЛД$ -> #МАУНФИЛД$) = -23.609019013429858
correctionProbability (#НОВОСИЬИРСК$ -> #НОВОСИБИРСК$) = -12.38042409294485
correctionProbability (#ГЕРМАНИЕ$ -> #ГЕРМАНИИ$) = -12.144163048429022
correctionProbability (#ГОНГИ$ -> #ГОНКИ$) = -8.885318054724028
correctionProbability (#МЕГАГРИН$ -> #МЕГАГРИНН$) = -23.512886627969117
correctionProbability (#НАРУТТО$ -> #НАРУТО$) = -12.176553040195653
correctionProbability (#PGODA$ -> #POGODA$) = -14.243828473961297
correctionProbability (#ОКАЦИЯ$ -> #АКАЦИЯ$) = -17.061324760873827
correctionProbability (#SEPARTOR$ -> #SEPARATOR$) = -28.293582009784153
correctionProbability (#ШКРЛЬНИКОВ$ -> #ШКОЛЬНИКОВ$) = -14.17309973740084
correctionProbability (#МЭЙДЖЕР$ -> #МЭЙДЖОР$) = -15.161862046397218
correctionProbability (#ПЕРЕПРДАЖУ$ -> #ПЕРЕПРОДАЖУ$) = -37.35204121482724
correctionProbability (#INDISKIYE$ -> #INDISKIE$) = -21.671962602901367
correctionProbability (#РАВНОБЕДРЕНОГО$ -> #РАВНОБЕДРЕННОГО$) = -26.672805291655003
correctionProbability (#PINELOPA$ -> #PENELOPE$) = -85.93641610344244
correctionProbability (#ОТКРЫВАЕТЬСЯ$ -> #ОТКРЫВАЕТСЯ$) = -20.66908638587499
correctionProbability (#ЧАРУТИ$ -> #ЧАРУТТИ$) = -20.502685755815612
correctionProbability (#ЗОБОЛОТНИЙ$ -> #ЗАБОЛОТНИЙ$) = -19.77881830697295
correctionProbability (#МОНИПУЛЯТОР$ -> #МАНИПУЛЯТОР$) = -17.55954776226281
correctionProbability (#МФНС$ -> #ИФНС$) = -9.85276940241086
correctionProbability (#МАТЕРИАЛЛА$ -> #МАТЕРИАЛА$) = -16.24708146926573
correctionProbability (#РВБА$ -> #РЫБА$) = -8.89446061730316
correctionProbability (#МЩЙ$ -> #МОЙ$) = -5.419748452541487
correctionProbability (#СЧАСЬЕ$ -> #СЧАСТЬЕ$) = -12.770760311329902
correctionProbability (#ЗАСОЛ$ -> #ЗАСОЛКА$) = -80.32249439707347
correctionProbability (#ЭЛЛЕКТРИЧЕК$ -> #ЭЛЕКТРИЧЕК$) = -15.862197279331873
correctionProbability (#САЕДИНИТЕЛЬ$ -> #СОЕДИНИТЕЛЬ$) = -22.206009140123243
correctionProbability (#САНАТА$ -> #СОНАТА$) = -13.716326716182675
correctionProbability (#ДОНБАСЕ$ -> #ДОНБАССЕ$) = -17.748384597501044
correctionProbability (#ГАИД$ -> #ГАЙД$) = -11.85106536178218
correctionProbability (#ДОНБАСА$ -> #ДОНБАССА$) = -16.632010265033315
correctionProbability (#НИВАВОДОВ$ -> #НИВОВОДОВ$) = -28.579474443981702
correctionProbability (#КЛИМОТ$ -> #КЛИМАТ$) = -13.876287420990327
correctionProbability (#МОДЕРМ$ -> #МОДЕРН$) = -12.06976911155758
correctionProbability (#ДОРИВНЮЕ$ -> #ДОРІВНЮЄ$) = -84.4807469516585
correctionProbability (#РАССКАС$ -> #РАССКАЗ$) = -10.409602520824066
correctionProbability (#МАЧЕТО$ -> #МАЧЕТЕ$) = -16.693480524149717
correctionProbability (#ALLTIEM$ -> #ALLTIME$) = -87.42826897112222
correctionProbability (#ХЭЛОУИНА$ -> #ХЭЛЛОУИНА$) = -16.876151724187345
correctionProbability (#ПЕРВОВО$ -> #ПЕРВОГО$) = -11.83384380233494
correctionProbability (#DRYSON$ -> #BRYSON$) = -23.918344813257505
correctionProbability (#ТАДЖИКСТАНА$ -> #ТАДЖИКИСТАНА$) = -20.516928959994928
correctionProbability (#ЗАЦЕПИЛО$ -> #ЗАЦЕПИЛА$) = -13.02798656851521
correctionProbability (#PANTYHOSEN$ -> #PANTYHOSE$) = -21.718315694050908
correctionProbability (#НОВОКУЗНЕ$ -> #НОВОКУЗНЕЦК$) = -80.98361423613697
correctionProbability (#ГЕЛІКЕ$ -> #ГЕЛИКЕ$) = -15.44963065958466
correctionProbability (#КАППУЧИНО$ -> #КАПУЧИНО$) = -20.54889245695273
correctionProbability (#WIMEWORLD$ -> #VIMEWORLD$) = -18.95826704314166
correctionProbability (#OFIC$ -> #OFFICE$) = -77.75154778115377
correctionProbability (#МОРГАЗ$ -> #МОСГАЗ$) = -9.865265929070507
correctionProbability (#МАТЕРИАЛЛЫ$ -> #МАТЕРИАЛЫ$) = -15.828649170840812
correctionProbability (#ПРОСТИТУТЕИ$ -> #ПРОСТИТУТКИ$) = -14.342786652182255
correctionProbability (#ПЛКАЗАТЕЛИ$ -> #ПОКАЗАТЕЛИ$) = -17.11060216415479
correctionProbability (#ПЕРЕРВОД$ -> #ПЕРЕВОД$) = -10.840639740533959
correctionProbability (#ДИМОШ$ -> #ДИМАШ$) = -9.698133728419794
correctionProbability (#ИГУР$ -> #ИГРУ$) = -74.49546176095721
correctionProbability (#ДОЛЖНГСТЕЙ$ -> #ДОЛЖНОСТЕЙ$) = -19.064304641594426
correctionProbability (#ГОСТИННИЦАМИ$ -> #ГОСТИНИЦАМИ$) = -29.44011021258939
correctionProbability (#МАРШМЭЛОУ$ -> #МАРШМЕЛЛОУ$) = -84.09803643157603
correctionProbability (#ЖЕНЩИГЫ$ -> #ЖЕНЩИНЫ$) = -8.355665100449833
correctionProbability (#НАЧИНАЕТС$ -> #НАЧИНАЕТСЯ$) = -17.124381258250487
correctionProbability (#ПАРАЦЕТАМ$ -> #ПИРАЦЕТАМ$) = -18.383210904403633
correctionProbability (#ТРАСЕ$ -> #ТРАССЕ$) = -14.36018793870942
correctionProbability (#ФОКЧФОРД$ -> #ФОКСФОРД$) = -16.58638745048593
correctionProbability (#НАКЛЕИКИ$ -> #НАКЛЕЙКИ$) = -13.162414835259867
correctionProbability (#ЗНАКЛМСТВА$ -> #ЗНАКОМСТВА$) = -10.814374585209173
correctionProbability (#ТККСТ$ -> #ТЕКСТ$) = -5.948660307533345
correctionProbability (#ЭВАКУТОР$ -> #ЭВАКУАТОР$) = -15.480816299859718
correctionProbability (#НАЗАРЯИ$ -> #НАЗАРИЯИ$) = -27.865288886449186
correctionProbability (#АЙЗЕБАРЖАНУ$ -> #АЙЗЕБАРДЖАНА$) = -103.13061777086529
correctionProbability (#АКТИСА$ -> #АКТРИСА$) = -11.200560767088845
correctionProbability (#ДЕФДОРАЦИЯ$ -> #ДЕФЛОРАЦИЯ$) = -20.43810218890703
correctionProbability (#СТУДЕНТИ$ -> #СТУДЕНТЫ$) = -15.778575268237766
correctionProbability (#ПОЛОЖЕНТЕ$ -> #ПОЛОЖЕНИЕ$) = -13.73983169833567
correctionProbability (#АКРАДЫ$ -> #АРКАДЫ$) = -81.66129813908816
correctionProbability (#САОМИ$ -> #СЯОМИ$) = -12.673422989744463
correctionProbability (#ЛУГОВА$ -> #ЛУГОВАЯ$) = -18.84759707635505
correctionProbability (#РИЧОС$ -> #РИЧЕС$) = -22.928424863713417
correctionProbability (#ФУДЖИРА$ -> #ФУДЖЕЙРА$) = -84.46689419903305
correctionProbability (#ФЕИЗБУК$ -> #ФЕЙСБУК$) = -71.78309587712222
correctionProbability (#ФЬЛЬМ$ -> #ФИЛЬМ$) = -1.1947526205813936
correctionProbability (#ЖЕНЩЕНОЙ$ -> #ЖЕНЩИНОЙ$) = -14.66902845783796
correctionProbability (#ХАРЬКА$ -> #ХОРЬКА$) = -18.7715642994503
correctionProbability (#АЫПИТЬ$ -> #ВЫПИТЬ$) = -15.570326982766037
correctionProbability (#ЛУТШЕЙ$ -> #ЛУЧШЕЙ$) = -15.304788065667044
correctionProbability (#MATCAD$ -> #MATHCAD$) = -21.08176712381131
correctionProbability (#ЦЕФРОВЕ$ -> #ЦИФРОВЫЕ$) = -81.67058876947385
correctionProbability (#СУМЕКА$ -> #СУМКА$) = -12.842570430141752
correctionProbability (#СОВРЕМЕНОГО$ -> #СОВРЕМЕННОГО$) = -20.087843418737954
correctionProbability (#БИЗРЕСУРС$ -> #БИОРЕСУРСЫ$) = -93.50580486514762
correctionProbability (#ПОДГЛЯДОВАНИЯ$ -> #ПОДГЛЯДЫВАНИЕ$) = -86.19011708457957
correctionProbability (#ВОЬЕЙБОЛ$ -> #ВОЛЕЙБОЛ$) = -13.366144770896113
correctionProbability (#ЮОЙ$ -> #БОЙ$) = -6.7968756733877065
correctionProbability (#АССАИН$ -> #АССАСИН$) = -14.66769009134017
correctionProbability (#РEМОНТ$ -> #РЕМОНТ$) = -5.080569010025602
correctionProbability (#КАРВАЛОЛ$ -> #КОРВАЛОЛ$) = -18.4865339578569
correctionProbability (#ПРОСТРЙ$ -> #ПРОСТОЙ$) = -11.59457313469521
correctionProbability (#ИНВЕНТОРНЫЙ$ -> #ИНВЕРТОРНЫЙ$) = -18.753876996220875
correctionProbability (#ФРАЗИОЛОГИЗМ$ -> #ФРАЗЕОЛОГИЗМ$) = -19.641636869146275
correctionProbability (#ЕКАТЕРИА$ -> #ЕКАТЕРИНА$) = -10.632200349345112
correctionProbability (#ГОЛАВА$ -> #ГОЛОВА$) = -11.428703621921333
correctionProbability (#КЕОСЕРА$ -> #КУОСЕРА$) = -20.17352229821786
correctionProbability (#ИССКУСТВЕННОЕ$ -> #ИСКУССТВЕННОЕ$) = -91.79427212772816
correctionProbability (#ПАСЬНС$ -> #ПАСЬЯНС$) = -9.234557418834548
correctionProbability (#ALLBIXING$ -> #ALLBOXING$) = -19.134866347045765
correctionProbability (#РЕКРУНДИНГОВЫЙ$ -> #РЕКРУТИНГОВЫЙ$) = -100.32189334210825
correctionProbability (#MILENIUM$ -> #MILLENNIUM$) = -87.6241544001554
correctionProbability (#ПЛЕЩЕВА$ -> #ПЛЕЩЕЕВА$) = -22.412929918038238
correctionProbability (#РУТТ$ -> #РУТ$) = -16.434321790744097
correctionProbability (#ЭРОТИКАА$ -> #ЭРОТИКА$) = -10.441381566334982
correctionProbability (#МОТРОСОВА$ -> #МАТРОСОВА$) = -20.708892196330602
correctionProbability (#ИНСТРАМ$ -> #ИНСТАГРАМ$) = -74.48790935512126
correctionProbability (#ЛОКАМОТИВ$ -> #ЛОКОМОТИВ$) = -14.511540415764713
correctionProbability (#ПОГОЛА$ -> #ПОГОДА$) = -1.165009582194294
correctionProbability (#ДРОЗЖАХ$ -> #ДРОЖЖАХ$) = -17.13201276711716
correctionProbability (#ЗАПРОСИТ$ -> #ЗАПРОСИТЬ$) = -20.730987944224147
correctionProbability (#ТЫШКАН$ -> #ТЫШҚАН$) = -20.55569355201813
correctionProbability (#НАПИЧАТАТЬ$ -> #НАПЕЧАТАТЬ$) = -17.817342175508266
correctionProbability (#ОФИЦЕАЛЬНЫЙ$ -> #ОФИЦИАЛЬНЫЙ$) = -6.925980317942603
correctionProbability (#ИТМАН$ -> #ХИТМАН$) = -16.47367010598762
correctionProbability (#ТАТУЕРОВКА$ -> #ТАТУИРОВКА$) = -17.44526424073083
correctionProbability (#МОШНОСТЬ$ -> #МОЩНОСТЬ$) = -15.593660072721278
correctionProbability (#CONNEKT$ -> #CONNECT$) = -16.36795311973006
correctionProbability (#КЛЮЯ$ -> #КЛЮЧ$) = -6.585181827811905
correctionProbability (#МИХАИЛОВ$ -> #МИХАЙЛОВ$) = -12.919115105981845
correctionProbability (#ГЕОМНТРИИ$ -> #ГЕОМЕТРИИ$) = -13.118857717561404
correctionProbability (#ВИГИНГ$ -> #ВИКИНГ$) = -13.913554957687598
correctionProbability (#БАНКИН$ -> #БАНКИНГ$) = -11.11434832281246
correctionProbability (#КОМЕНТАРИЯ$ -> #КОММЕНТАРИИ$) = -84.32644479422575
correctionProbability (#ВЬЕХАТЬ$ -> #ВЪЕХАТЬ$) = -22.02100928094984
correctionProbability (#ПРОВИСТИ$ -> #ПРОВЕСТИ$) = -13.929895507358822
correctionProbability (#ЕСЕДОЙ$ -> #СЕДОЙ$) = -18.8694535778305
correctionProbability (#КАКЛЕТЫ$ -> #КОТЛЕТЫ$) = -76.92828982603541
correctionProbability (#ИНЕКЦИЙ$ -> #ИНЪЕКЦИЙ$) = -19.452382129479673
correctionProbability (#ДОРАДУРА$ -> #ТОРАДОРА$) = -86.64032899353913
correctionProbability (#КОПАНИИ$ -> #КОМПАНИИ$) = -11.919574395969846
correctionProbability (#СЖЕЧ$ -> #СЖЕЧЬ$) = -16.448780463671174
correctionProbability (#ДОРИВНЮЭ$ -> #ДОРІВНЮЄ$) = -84.48100073576211
correctionProbability (#ФИСТЕВАЛЬ$ -> #ФЕСТИВАЛЬ$) = -79.69566485925142
correctionProbability (#СУЖЕТ$ -> #СЮЖЕТ$) = -12.679544771808576
correctionProbability (#ЯИЦАХ$ -> #ЯЙЦАХ$) = -17.40718116735872
correctionProbability (#ОРФОРГРАММЫ$ -> #ОРФОГРАММЫ$) = -23.223397298645203
correctionProbability (#МОЖНЫЙ$ -> #МОДНЫЙ$) = -11.94658310136435
correctionProbability (#ЭДМУЕД$ -> #ЭДМУНД$) = -20.820192850492862
correctionProbability (#ПЕТРАЗАВОДСК$ -> #ПЕТРОЗАВОДСК$) = -17.411012363530432
correctionProbability (#ЦЫТАТАМИ$ -> #ЦИТАТАМИ$) = -18.97272197282681
correctionProbability (#СУМЕКИ$ -> #СУМЕРКИ$) = -11.083634981548542
correctionProbability (#ТЕЛЕВИЗ$ -> #ТЕЛЕВИЗОР$) = -78.61307321934838
correctionProbability (#МАШЫНА$ -> #МАШИНА$) = -8.257116058013196
correctionProbability (#ЭРОТИКАК$ -> #ЭРОТИКА$) = -10.452174899473569
correctionProbability (#ВЗЛЯД$ -> #ВЗГЛЯД$) = -11.037124161574017
correctionProbability (#ЖИСТОКОЕ$ -> #ЖЕСТОКОЕ$) = -17.336673029005247
correctionProbability (#ШЕВРАЛЕТ$ -> #ШЕВРОЛЕ$) = -78.37605091740097
correctionProbability (#ПРОВИЛА$ -> #ПРАВИЛА$) = -9.28275201584443
correctionProbability (#ОЗБЕЧА$ -> #УЗБЕКЧА$) = -81.5355564666634
correctionProbability (#МАКАСИНЫ$ -> #МОКАСИНЫ$) = -19.030124242533404
correctionProbability (#ЛИГЕНДЫ$ -> #ЛЕГЕНДЫ$) = -12.48730759622552
correctionProbability (#МЕТАЛЛАЛОМ$ -> #МЕТАЛЛОЛОМ$) = -20.509620009084962
correctionProbability (#ИССКУССТВО$ -> #ИСКУССТВО$) = -17.02964499115776
correctionProbability (#BLAKED$ -> #BLACKED$) = -19.501389807970483
correctionProbability (#КРАССОВЕРЫ$ -> #КРОССОВЕРЫ$) = -19.892336827814113
correctionProbability (#РАСЗВИТИЯ$ -> #РАЗВИТИЯ$) = -13.978525546740634
correctionProbability (#МАЛИФИСТЕНТА$ -> #МАЛЕФИСЕНТА$) = -81.09123194764707
correctionProbability (#БИСКИТ$ -> #БИСКВИТ$) = -15.884722238714502
correctionProbability (#ПЕРЕОДИЧНОСТЬ$ -> #ПЕРИОДИЧНОСТЬ$) = -22.911920952381188
correctionProbability (#DLUE$ -> #BLUE$) = -10.35567061642757
correctionProbability (#ПОЖЕЛОЙ$ -> #ПОЖИЛОЙ$) = -16.603583906047007
correctionProbability (#МЕДИАТР$ -> #МЕДИАТОР$) = -16.019739460848065
correctionProbability (#ДОЛЛЛАРА$ -> #ДОЛЛАРА$) = -12.05632685451922
correctionProbability (#СТРАНИЧА$ -> #СТРАНИЦА$) = -7.375493134399434
correctionProbability (#ПЫЛНАЯ$ -> #ПЫЛЬНАЯ$) = -21.575480508214675
correctionProbability (#СЕРЮИИ$ -> #СЕРБИИ$) = -16.314336447368472
correctionProbability (#ДВУСТВОРЧАТАЯ$ -> #ДВУХСТВОРЧАТАЯ$) = -29.17070449692035
correctionProbability (#СЕЛДЕРЕЙ$ -> #СЕЛЬДЕРЕЙ$) = -19.29474884872456
correctionProbability (#ЗНОКОМСТВА$ -> #ЗНАКОМСТВА$) = -10.741645580678544
correctionProbability (#ХОРРОШЕМ$ -> #ХОРОШЕМ$) = -7.824511089701424
correctionProbability (#ВЛЮБЛЯЕТ$ -> #ВЛЮБЛЯЕТСЯ$) = -89.38787029233316
correctionProbability (#МАШЫНЫ$ -> #МАШИНЫ$) = -7.899132357645417
correctionProbability (#ИГОА$ -> #ИГРА$) = -4.109908377546059
correctionProbability (#ЛИМФОТИЧЕСКИЕ$ -> #ЛИМФАТИЧЕСКИЕ$) = -26.239121399685388
correctionProbability (#КРОСОВКИ$ -> #КРОССОВКИ$) = -13.390612099247925
correctionProbability (#GENNY$ -> #JENNY$) = -16.412587150145587
correctionProbability (#КРАІН$ -> #КРАЇН$) = -17.73939163370922
correctionProbability (#РИСУНЛК$ -> #РИСУНОК$) = -6.644374621154839
correctionProbability (#ТОНЗЕЛИТ$ -> #ТОНЗИЛЛИТ$) = -85.03381253722742
correctionProbability (#ЗААЩИЩЕНЫЕ$ -> #ЗАЩИЩЕННЫЕ$) = -91.59228153939335
correctionProbability (#ФРИДЕРИК$ -> #ФРЕДЕРИК$) = -18.207584490797963
correctionProbability (#МЫФ$ -> #МЫ$) = -9.030740452191385
correctionProbability (#XHAMPSTER$ -> #XHAMSTER$) = -17.134618905847887
correctionProbability (#ГРАДУСИВ$ -> #ГРАДУСІВ$) = -22.146643501613504
correctionProbability (#ЛИМФОТИЧЕСКИЙ$ -> #ЛИМФАТИЧЕСКИЙ$) = -26.615675627690962
correctionProbability (#АЛИЭКСПРЕССС$ -> #АЛИЭКСПРЕСС$) = -13.823110079874894
correctionProbability (#ШПУНТОВАЯ$ -> #ШПУНТОВАННАЯ$) = -154.1253340385836
correctionProbability (#ОЛАЯ$ -> #ГОЛАЯ$) = -7.945732563890516
correctionProbability (#КАМЕРІ$ -> #КАМЕРЫ$) = -10.149210124275964
correctionProbability (#БРЕВІАРІЙ$ -> #БРЕВИАРИЙ$) = -99.54584017040433
correctionProbability (#РАЗРЕ$ -> #РАЗРЕЗ$) = -16.12463601606481
correctionProbability (#ВЫЗВАЮТ$ -> #ВЫЗЫВАЮТ$) = -19.106932951121202
correctionProbability (#КРИЛЬЯ$ -> #КРЫЛЬЯ$) = -11.320740323729677
correctionProbability (#НОМЕН$ -> #НОМЕР$) = -6.334121923701915
correctionProbability (#IUTUBE$ -> #YOUTUBE$) = -71.72351396336288
correctionProbability (#ПОЖЕЛОМ$ -> #ПОЖИЛОМ$) = -17.69775773393593
correctionProbability (#ВЯЗОНОМ$ -> #ВЯЗАНОМ$) = -20.806440170104153
correctionProbability (#ЮОЯ$ -> #ЮЛЯ$) = -10.624305929905876
correctionProbability (#ТАИБОВ$ -> #ТАМБОВ$) = -10.947943864668769
correctionProbability (#НЕТФЛІКС$ -> #НЕТФЛИКС$) = -17.70319685045647
correctionProbability (#МАШЫНУ$ -> #МАШИНУ$) = -9.240678882590142
correctionProbability (#EXTREAM$ -> #EXTREME$) = -83.16245088295283
correctionProbability (#ЗНОКОМСТВО$ -> #ЗНАКОМСТВО$) = -15.230296191658134
correctionProbability (#КОПЕРАЙТИНГ$ -> #КОПИРАЙТИНГ$) = -21.61274554709391
correctionProbability (#ПЕЧОК$ -> #ПЕЧЕК$) = -20.31189451283976
correctionProbability (#MUSIQLAR$ -> #MUSIQALAR$) = -26.574871070393478
correctionProbability (#БАЛАД$ -> #БАЛЛАД$) = -22.183581327395217
correctionProbability (#НОМЕТ$ -> #НОМЕР$) = -6.335208644087064
correctionProbability (#СТРИЖЕВОЙ$ -> #СТРЕЖЕВОЙ$) = -18.974441879812424
correctionProbability (#ДИЗИЛЬНЫИИ$ -> #ДИЗЕЛЬНЫМИ$) = -93.82320348948708
correctionProbability (#НОМЕО$ -> #НОМЕР$) = -6.327302608429861
correctionProbability (#ЛБОВЬ$ -> #ЛЮБОВЬ$) = -7.067824155778343
correctionProbability (#АЕРТРОНИК$ -> #АИРТРОНИК$) = -28.659925223305727
correctionProbability (#ПИТЕРСОНА$ -> #ПЕТЕРСОНА$) = -25.343804613864158
correctionProbability (#ОРЕНЮУРГ$ -> #ОРЕНБУРГ$) = -10.974072330292778
correctionProbability (#ЛАПРОСКОПИЯ$ -> #ЛАПАРОСКОПИЯ$) = -22.821542028876657
correctionProbability (#НОМЕП$ -> #НОМЕР$) = -6.330508027968644
correctionProbability (#ЕКАТЕРИН$ -> #ЕКАТЕРИНА$) = -10.6842586058915
correctionProbability (#СОХРОНИТЬ$ -> #СОХРАНИТЬ$) = -14.481072058016416
correctionProbability (#НИКЛАЙ$ -> #НИКОЛАЙ$) = -11.12939713909293
correctionProbability (#СЧЕМЫ$ -> #СХЕМЫ$) = -7.67917349529117
correctionProbability (#ПЕРЕОДИЧЕСКАЯ$ -> #ПЕРИОДИЧЕСКАЯ$) = -22.09041670162007
correctionProbability (#PROTITUTKI$ -> #PROSTITUTKI$) = -25.54975982122714
correctionProbability (#ПОЛАРОЙД$ -> #ПОЛАРОИД$) = -19.006863395016076
correctionProbability (#КАХАСТАН$ -> #КАЗАХСТАН$) = -76.47605915798276
correctionProbability (#СВЕИА$ -> #СВЕТА$) = -8.301185720592876
correctionProbability (#СНУКОМ$ -> #ВНУКОМ$) = -17.335148726513747
correctionProbability (#МИСТОР$ -> #МИСТЕР$) = -9.059712670121119
correctionProbability (#APLICATION$ -> #APPLICATION$) = -21.79863622544557
correctionProbability (#ПЕЧАТЬЬ$ -> #ПЕЧАТЬ$) = -12.264026269012387
correctionProbability (#ПЕСКУН$ -> #ПИСКУН$) = -17.67475733656357
correctionProbability (#МЕРВЕЦЫ$ -> #МЕРТВЕЦЫ$) = -13.028571722451169
correctionProbability (#РОБОКСЫ$ -> #РОБУКСЫ$) = -16.646691235878613
correctionProbability (#TELEQRAM$ -> #TELEGRAM$) = -14.52218161946552
correctionProbability (#БЭЙТС$ -> #БЕЙТС$) = -18.459234275567116
correctionProbability (#КАНАПЛИ$ -> #КОНОПЛИ$) = -82.8425319428077
correctionProbability (#BAYRAG$ -> #BAYRAQ$) = -18.905061490910615
correctionProbability (#ЗАБЕРЕМИНИТЬ$ -> #ЗАБЕРЕМЕНЕТЬ$) = -84.48017298559773
correctionProbability (#АРАКАЛ$ -> #ОРАКАЛ$) = -19.361539284063564
correctionProbability (#ПАЛАДИЙ$ -> #ПАЛЛАДИЙ$) = -20.21317697207423
correctionProbability (#ЭЛЕКТРОИНЕРГИИ$ -> #ЭЛЕКТРОЭНЕРГИИ$) = -19.8367602932762
correctionProbability (#ПОГОДО$ -> #ПОГОДА$) = -1.147645109701358
correctionProbability (#ДОМАШНХ$ -> #ДОМАШНИХ$) = -8.94894285314755
correctionProbability (#ПОГОДП$ -> #ПОГОДА$) = -1.2116166732458389
correctionProbability (#ВАЛЬГАЛА$ -> #ВАЛЬГАЛЛА$) = -25.795611278252217
correctionProbability (#САДОАОДА$ -> #САДОВОДА$) = -15.922298420450716
correctionProbability (#ОЛАЗ$ -> #ГЛАЗ$) = -7.894313758068229
correctionProbability (#СОХДАТЬ$ -> #СОЗДАТЬ$) = -10.143985703249022
correctionProbability (#ТРЕМЕСТРЕ$ -> #ТРИМЕСТРЕ$) = -20.1339327514836
correctionProbability (#ПОГОДК$ -> #ПОГОДА$) = -1.2225008402320192
correctionProbability (#МУЛТФИЛИМ$ -> #МУЛЬТФИЛЬМ$) = -74.39201772813823
correctionProbability (#ДНТСКИЙ$ -> #ДЕТСКИЙ$) = -7.844186494644511
correctionProbability (#ЕСЕНТУКИ$ -> #ЕССЕНТУКИ$) = -16.476211471873214
correctionProbability (#ТРАСК$ -> #ТРАК$) = -15.547789606708033
correctionProbability (#ЕКАТЕРИЕА$ -> #ЕКАТЕРИНА$) = -10.111679612411244
correctionProbability (#ВЛАДИМЕР$ -> #ВЛАДИМИР$) = -10.102537065116657
correctionProbability (#СНРИЯ$ -> #СЕРИЯ$) = -2.2915991263538125
correctionProbability (#ЮРЙ$ -> #ЮРИЙ$) = -8.923695627108081
correctionProbability (#ИНЦЕСТИКО$ -> #ИНЦЕСТИК$) = -23.62026801228034
correctionProbability (#ФРАНЦУСКИЙ$ -> #ФРАНЦУЗСКИЙ$) = -17.18236991758579
correctionProbability (#МАЛИМЕТ$ -> #МӘЛІМЕТ$) = -79.82435272276693
correctionProbability (#ПЕЧНЮ$ -> #ПЕСНЮ$) = -5.661162194592752
correctionProbability (#SWEN$ -> #SVEN$) = -14.657574319087711
correctionProbability (#ИГРРЫЫ$ -> #ИГРЫ$) = -72.19470834092658
correctionProbability (#РАЗПИСАНИЕ$ -> #РАСПИСАНИЕ$) = -9.653347821378041
correctionProbability (#ЙИЛЬМ$ -> #ФИЛЬМ$) = -1.1511075528867245
correctionProbability (#НАПИАТЬ$ -> #НАПИСАТЬ$) = -12.018927276042987
correctionProbability (#ПОИНД$ -> #ПОИНТ$) = -12.915955854960881
correctionProbability (#ЗАХАРИНА$ -> #ЗАХАРЬИНА$) = -23.010807526578752
correctionProbability (#ЕУФОРБІУМ$ -> #ЭУФОРБИУМ$) = -88.82924961063802
correctionProbability (#БИЙЛИ$ -> #БИЛЛИ$) = -11.118071031850494
correctionProbability (#КЭМЛ$ -> #КЭМЕЛ$) = -20.57977182936138
correctionProbability (#ВАТАП$ -> #ВАТСАП$) = -9.052510887639162
correctionProbability (#ВЕНЕРЕЧЕСКИЕ$ -> #ВЕНЕРИЧЕСКИЕ$) = -24.21325629260776
correctionProbability (#РАССПАДА$ -> #РАСПАДА$) = -21.462392269209417
correctionProbability (#ДОМАШНИ$ -> #ДОМАШНИЙ$) = -11.68755833348893
correctionProbability (#МЬС$ -> #МТС$) = -6.621657451397656
correctionProbability (#ШАИН$ -> #ШАЙН$) = -13.666043511372546
correctionProbability (#ПАЛАВІНА$ -> #ПОЛОВИНА$) = -146.0118501941736
correctionProbability (#ПЕСИОНЕРАМ$ -> #ПЕНСИОНЕРАМ$) = -17.34449243399869
correctionProbability (#ДВОРНЯШКА$ -> #ДВОРНЯЖКА$) = -21.197796678384897
correctionProbability (#СУМЕРК$ -> #СУМЕРКИ$) = -11.088043863398447
correctionProbability (#ПОГОДФ$ -> #ПОГОДЫ$) = -8.605055236114186
correctionProbability (#PORTMANE$ -> #PORTMONE$) = -24.585457909114034
correctionProbability (#MITON$ -> #MILTON$) = -21.817013960847415
correctionProbability (#СТРАИТЕЛЬ$ -> #СТРОИТЕЛЬ$) = -17.15505189581352
correctionProbability (#ИНВЕСТИН$ -> #ИНВЕСТИНГ$) = -17.252759244203894
correctionProbability (#ИНИНА$ -> #ИРИНА$) = -7.596971292555839
correctionProbability (#НІСАН$ -> #НИССАН$) = -74.6518056934998
correctionProbability (#ДОЛДНА$ -> #ДОЛЖНА$) = -12.448025219503737
correctionProbability (#СЕЮС$ -> #СНЮС$) = -12.110501679838652
correctionProbability (#САОАТОВЕ$ -> #САРАТОВЕ$) = -12.665401927422444
correctionProbability (#ЖЕНЬШИНУ$ -> #ЖЕНЩИНУ$) = -79.70884538592797
correctionProbability (#ПСИХОМАТИКА$ -> #ПСИХОСОМАТИКА$) = -88.16766613005072
correctionProbability (#БЕРЕМННЫХ$ -> #БЕРЕМЕННЫХ$) = -15.843894150764072
correctionProbability (#ДОСМАН$ -> #ДОСТМАН$) = -21.893145803544016
correctionProbability (#КИРИЛИЦЫ$ -> #КИРИЛЛИЦЫ$) = -22.995995610666107
correctionProbability (#КОМУНИСТОВ$ -> #КОММУНИСТОВ$) = -26.398378919722532
correctionProbability (#ШИНОМОНТОЖА$ -> #ШИНОМОНТАЖА$) = -20.191305149741012
correctionProbability (#МИХАИЛОВИЧ$ -> #МИХАЙЛОВИЧ$) = -16.492197673078927
correctionProbability (#МАЬЕМАТИКЕ$ -> #МАТЕМАТИКЕ$) = -10.958654664828195
correctionProbability (#МЕАЧАТЬ$ -> #СКАЧАТЬ$) = -67.28523888600988
correctionProbability (#ДОМАШНЮ$ -> #ДОМАШНЮЮ$) = -18.39918124301814
correctionProbability (#НАОСНЫЕ$ -> #НАСОСНЫЕ$) = -20.421912354759385
correctionProbability (#DEVYSHKI$ -> #DEVUSHKI$) = -18.979721106616452
correctionProbability (#ВЛЮБИТСЯ$ -> #ВЛЮБИТЬСЯ$) = -21.095833118297335
correctionProbability (#ГОНКІ$ -> #ГОНКИ$) = -8.880455381248968
correctionProbability (#КОСЮМОВ$ -> #КОСТЮМОВ$) = -16.502132450597607
correctionProbability (#ГОВОСТИ$ -> #НОВОСТИ$) = -4.276988071789104
correctionProbability (#ИЛЮСТРАЦИЙ$ -> #ИЛЛЮСТРАЦИЙ$) = -24.989339616983635
correctionProbability (#VILLF$ -> #VILLA$) = -15.504025799786657
correctionProbability (#КОНСЕРВИРОВАНАЯ$ -> #КОНСЕРВИРОВАННАЯ$) = -29.397103602678676
correctionProbability (#ОСАТКИ$ -> #ОСАДКИ$) = -16.11205428111376
correctionProbability (#АЛИЭКСПРЕССЫ$ -> #АЛИЭКСПРЕСС$) = -13.917775306415976
correctionProbability (#РАФАЕЛЛО$ -> #РАФАЭЛЛО$) = -19.2351736146528
correctionProbability (#СОРКИКИ$ -> #СЫРНИКИ$) = -78.44654434584606
correctionProbability (#MUTFILM$ -> #MULTFILM$) = -19.06885301750397
correctionProbability (#ПАРАХОД$ -> #ПАРОХОД$) = -17.920161247206607
correctionProbability (#СПИЛЬНОКОРЕНЕВИ$ -> #СПІЛЬНОКОРЕНЕВІ$) = -94.1834167908351
correctionProbability (#ТОЛЬКОВ$ -> #ТАЛЬКОВ$) = -14.925281943751067
correctionProbability (#СТРАНИЦК$ -> #СТРАНИЦУ$) = -12.159926021608946
correctionProbability (#MULTIC$ -> #MULTIK$) = -14.954760070357029
correctionProbability (#ИЛЬИНИШНА$ -> #ИЛЬИНИЧНА$) = -21.50455384708797
correctionProbability (#ИГРВ$ -> #ИГРЫ$) = -2.391883775716142
correctionProbability (#WOTSPIK$ -> #WOTSPEAK$) = -83.20421056176023
correctionProbability (#РАСТОВА$ -> #РОСТОВА$) = -12.075946185755143
correctionProbability (#ПОИМК$ -> #ПОИСК$) = -7.23512456370398
correctionProbability (#СЕНАДО$ -> #СЕНАДЕ$) = -18.89200600913807
correctionProbability (#СУБЬЕКТИВНЫЕ$ -> #СУБЪЕКТИВНЫЕ$) = -27.38496292610143
correctionProbability (#ФЛЬФА$ -> #АЛЬФА$) = -7.750240623375458
correctionProbability (#ПОРВАНЫЕ$ -> #ПОРВАННЫЕ$) = -24.640566661491896
correctionProbability (#ЭРОТИЧЕМКИЕ$ -> #ЭРОТИЧЕСКИЕ$) = -14.765354955459351
correctionProbability (#ВОСТАННОВИТЬ$ -> #ВОССТАНОВИТЬ$) = -84.19236052041128
correctionProbability (#КАМЕСТАД$ -> #КАМИСТАД$) = -21.850407152235285
correctionProbability (#РОЗГОВОРАМИ$ -> #РАЗГОВОРАМИ$) = -17.89145154037115
correctionProbability (#УЛТТЫҚ$ -> #ҰЛТТЫҚ$) = -14.298508193096477
correctionProbability (#МАСЛЯНИЙ$ -> #МАСЛЯНЫЙ$) = -15.727345559942982
correctionProbability (#ЕКАТЕРНБУРГ$ -> #ЕКАТЕРИНБУРГ$) = -13.520265789291209
correctionProbability (#ПАНКРИАТИН$ -> #ПАНКРЕАТИН$) = -19.001894998773118
correctionProbability (#СВЯЗАНУЮ$ -> #СВЯЗАННУЮ$) = -22.78417800439582
correctionProbability (#ПОРВАНЫЙ$ -> #ПОРВАННЫЙ$) = -25.510925836567907
correctionProbability (#ПРИНЦЕСУ$ -> #ПРИНЦЕССУ$) = -19.779647388946664
correctionProbability (#ПРЕПАРА$ -> #ПРЕПАРАТ$) = -12.718759950338061
correctionProbability (#ОДНССА$ -> #ОДЕССА$) = -9.47296944732118
correctionProbability (#БЛЬШОЙ$ -> #БОЛЬШОЙ$) = -9.9383671707171
correctionProbability (#ПРИСТОЛІВ$ -> #ПРЕСТОЛІВ$) = -22.96991012623569
correctionProbability (#EROTICDESIRI$ -> #EROTICDESIRE$) = -38.07604796779762
correctionProbability (#ВОРСАЖ$ -> #ФОРСАЖ$) = -8.42359720386014
correctionProbability (#БИТОНА$ -> #БЕТОНА$) = -12.096850646098407
correctionProbability (#СТОЛОВА$ -> #СТОЛОВАЯ$) = -16.64248358306076
correctionProbability (#ДОНОМЯТСЯ$ -> #ДОНОСЯТСЯ$) = -34.8139942747241
correctionProbability (#ТАЙЕТА$ -> #ТОЙОТА$) = -73.62951569446535
correctionProbability (#ПОДКИДОИ$ -> #ПОДКИДНОЙ$) = -81.15431936396611
correctionProbability (#РУПИ$ -> #РУПИЙ$) = -19.475808652853463
correctionProbability (#ЗАЯВЛЕНЕ$ -> #ЗАЯВЛЕНИЕ$) = -13.10057482342166
correctionProbability (#ИРКУСКЕ$ -> #ИРКУТСКЕ$) = -13.627908920677577
correctionProbability (#БЕНИФИС$ -> #БЕНЕФИС$) = -17.384636088511954
correctionProbability (#ХУРМИ$ -> #ХУРМЫ$) = -16.511871973786175
correctionProbability (#АКККОРДЫ$ -> #АККОРДЫ$) = -14.257604604714246
correctionProbability (#ИГПЫ$ -> #ИГРЫ$) = -2.424754553765329
correctionProbability (#УРАНИЛ$ -> #УРОНИЛ$) = -20.57310092700933
correctionProbability (#ДОЛДНО$ -> #ДОЛЖНО$) = -13.020472401269462
correctionProbability (#ЯБЛУЧНОГО$ -> #ЯБЛОЧНОГО$) = -18.949404644911056
correctionProbability (#ОЛГА$ -> #ОЛЬГА$) = -7.868296069898765
correctionProbability (#ВЗОМКА$ -> #ВЗЛОМКА$) = -16.113546688978985
correctionProbability (#СРЕЛЬЦОВ$ -> #СТРЕЛЬЦОВ$) = -21.34775955263615
correctionProbability (#ПОКОЗАТ$ -> #ПОКАЗАТЬ$) = -77.09550302318314
correctionProbability (#WETER$ -> #WETTER$) = -16.93637579167655
correctionProbability (#РЕВИЗИТЫ$ -> #РЕКВИЗИТЫ$) = -16.36446972059489
correctionProbability (#ПРИНЦЕСЫ$ -> #ПРИНЦЕССЫ$) = -16.019822208008456
correctionProbability (#ЕКАТЕРИБУРГ$ -> #ЕКАТЕРИНБУРГ$) = -13.477375809892216
correctionProbability (#ООБОИ$ -> #ОБОИ$) = -7.609718825428168
correctionProbability (#НЕЧАЕННАЯ$ -> #НЕЧАЯННАЯ$) = -22.33855152165372
correctionProbability (#ПРЕМЕРА$ -> #ПРЕМЬЕРА$) = -15.800166081324711
correctionProbability (#GROBINJA$ -> #GROBINA$) = -35.678959007889674
correctionProbability (#ВЕЗАНИЕ$ -> #ВЯЗАНИЕ$) = -8.959181839384286
correctionProbability (#SESK$ -> #SEKS$) = -76.74580766374466
correctionProbability (#ВВДЕЛЕНИЯ$ -> #ВЫДЕЛЕНИЯ$) = -15.833899697189587
correctionProbability (#ИГРІ$ -> #ИГРЫ$) = -2.395311958710213
correctionProbability (#АЕГЛ$ -> #АНГЛ$) = -10.874910836263869
correctionProbability (#ЗАЯВЛЕНЯ$ -> #ЗАЯВЛЕНИЯ$) = -14.86792623624411
correctionProbability (#АЛЬДДЕБАРАН$ -> #АЛЬДЕБАРАН$) = -26.100395002648185
correctionProbability (#ЮПИТИРА$ -> #ЮПИТЕРА$) = -17.740134283854417
correctionProbability (#КАРЕЙСКИ$ -> #КОРЕЙСКИ$) = -15.47893156893587
correctionProbability (#АНДРОЙДА$ -> #АНДРОИДА$) = -16.555806888945533
correctionProbability (#МОДЕЛЫ$ -> #МОДЕЛИ$) = -9.491545575087631
correctionProbability (#ГОТУШОП$ -> #ГОТОШОП$) = -18.650151678127912
correctionProbability (#DOCHKISINOCJKI$ -> #DOCHKISINOCHKI$) = -28.960464629170303
correctionProbability (#ТЕНЕРИФ$ -> #ТЕНЕРИФЕ$) = -16.86899736029188
correctionProbability (#ФАНТЕСКИ$ -> #ФАНТИКИ$) = -88.63036763799532
correctionProbability (#КИНОКРАТ$ -> #КИНОКРАД$) = -15.391243935059002
correctionProbability (#ЮЛАМАРТ$ -> #ЮЛМАРТ$) = -15.031712546173797
correctionProbability (#ГИЛЛЕР$ -> #ГЕЛЛЕР$) = -20.586852214085415
correctionProbability (#ТРРЕНТ$ -> #ТОРРЕНТ$) = -8.112334458871793
correctionProbability (#КЛЫП$ -> #КЛИП$) = -5.952997005200086
correctionProbability (#БЕРЕГОВЕ$ -> #БЕРЕГОВОЕ$) = -22.63070139629511
correctionProbability (#ДЕБИТКОИН$ -> #БИТКОИН$) = -82.46637216735436
correctionProbability (#КРИЛЯХ$ -> #КРЫЛЬЯХ$) = -82.34282015336716
correctionProbability (#ALLTIJE$ -> #ALLTIME$) = -19.524591194914876
correctionProbability (#DVLOTERRY$ -> #DVLOTTERY$) = -86.42637754751621
correctionProbability (#АНДРОЙДЕ$ -> #АНДРОИДЕ$) = -15.965067867108658
correctionProbability (#РЕАКЦЫЯ$ -> #РЕАКЦИЯ$) = -13.946601646587645
correctionProbability (#ВЕТЕРНЫЕ$ -> #ВЕТРЕНЫЙ$) = -144.6974497988984
correctionProbability (#ЛИМАСОЛ$ -> #ЛИМАССОЛ$) = -19.851017088194872
correctionProbability (#СКОЛБКО$ -> #СКОЛЬКО$) = -6.010132668874661
correctionProbability (#СИМЬИ$ -> #СЕМЬИ$) = -9.56018389711804
correctionProbability (#TYCCON$ -> #TYCOON$) = -16.51457430340213
correctionProbability (#ФТТО$ -> #ФОТО$) = -0.6127516038577134
correctionProbability (#МИЛЬМЫ$ -> #ФИЛЬМЫ$) = -3.570276268921095
correctionProbability (#ГАГЛ$ -> #ГУГЛ$) = -3.0004117535200336
correctionProbability (#АПППАРАТ$ -> #АППАРАТ$) = -12.775043877821467
correctionProbability (#ЧЕШИТ$ -> #ЧЕШЕТ$) = -18.91829373594516
correctionProbability (#ИГПА$ -> #ИГРА$) = -4.111544688360368
correctionProbability (#ПОГОЖУ$ -> #ПОГОДУ$) = -15.06974117694448
correctionProbability (#ЗИМНЕЮ$ -> #ЗИМНЮЮ$) = -12.599162934262
correctionProbability (#ВЕРТУАЛЬНЫХ$ -> #ВИРТУАЛЬНЫХ$) = -24.425205494151676
correctionProbability (#НДЕКС$ -> #ЯНДЕКС$) = -2.808871841540846
correctionProbability (#ЗИМНЕЯ$ -> #ЗИМНЯЯ$) = -9.964090692971215
correctionProbability (#КАЗЕМИР$ -> #КАЗИМИР$) = -20.15375300437598
correctionProbability (#ПРОСТИТУТАК$ -> #ПРОСТИТУТОК$) = -20.481756850989335
correctionProbability (#МАЛИЕВ$ -> #МАЛЕЕВ$) = -18.792778911952905
correctionProbability (#ИВАНГАРД$ -> #АВАНГАРД$) = -13.089410373908564
correctionProbability (#ПРАЛЕНИЯ$ -> #ПРАВЛЕНИЯ$) = -17.10529756877049
correctionProbability (#КИEВ$ -> #КИЕВ$) = -7.574592643794823
correctionProbability (#ЮЛИАРТ$ -> #ЮЛМАРТ$) = -12.533415990612792
correctionProbability (#ПРАВОСЛАВНИЕ$ -> #ПРАВОСЛАВНЫЕ$) = -18.34164745023886
correctionProbability (#ПОНХАБ$ -> #ПОРНХАБ$) = -13.631729774190639
correctionProbability (#МАРШР$ -> #МАРШРУТ$) = -76.77479632922272
correctionProbability (#ПРОИЗВОЛСТВО$ -> #ПРОИЗВОДСТВО$) = -15.546281596282945
correctionProbability (#РОЗКРАСКИ$ -> #РАСКРАСКИ$) = -73.80142218032701
correctionProbability (#ИГРКШКИ$ -> #ИГРУШКИ$) = -9.607632540074164
correctionProbability (#ТРЕНЕРОВАЧНЫЕ$ -> #ТРЕНИРОВОЧНЫЕ$) = -85.90110889557205
correctionProbability (#КОМЕНТАРИЕВ$ -> #КОММЕНТАРИЕВ$) = -25.731241413924486
correctionProbability (#XXXHAMSTER$ -> #XHAMSTER$) = -84.43401604308468
correctionProbability (#VETYVER$ -> #VETIVER$) = -23.910026524020374
correctionProbability (#НЕДИЖИМОСТИ$ -> #НЕДВИЖИМОСТИ$) = -16.004750128248297
correctionProbability (#КРОССДРЕС$ -> #КРОССДРЕССЕР$) = -155.08691010784514
correctionProbability (#КАРТАТЕКА$ -> #КАРТОТЕКА$) = -15.200423358597966
correctionProbability (#МОЛОЛЕТНЯЯ$ -> #МАЛОЛЕТНЯЯ$) = -21.21258324599095
correctionProbability (#КОПКАН$ -> #КАПКАН$) = -12.862325269971041
correctionProbability (#КОМЕНТАРИЕМ$ -> #КОММЕНТАРИЕМ$) = -27.083525198822727
correctionProbability (#МФИЛ$ -> #МАЙЛ$) = -68.43729394014942
correctionProbability (#ГИДРОКАРТИЗОН$ -> #ГИДРОКОРТИЗОН$) = -24.427785389867907
correctionProbability (#ЗВИЗДА$ -> #ЗВЕЗДА$) = -9.946936909816298
correctionProbability (#МССКИЛ$ -> #МССКИЛЛ$) = -24.233737652431373
correctionProbability (#КРСКА$ -> #КРАСКА$) = -10.811351497077613
correctionProbability (#MEFAFON$ -> #MEGAFON$) = -14.393763691889049
correctionProbability (#ОХЛОЖДЕНИЯ$ -> #ОХЛАЖДЕНИЯ$) = -16.090936990764625
correctionProbability (#RIBLE$ -> #RIPPLE$) = -86.64516775384968
correctionProbability (#RSAK$ -> #RSAC$) = -14.975734145840075
correctionProbability (#ОКСЕСУАРЫ$ -> #АКСЕССУАРЫ$) = -81.19433572938075
correctionProbability (#НУТДИЗМ$ -> #НУДИЗМ$) = -15.986000447620203
correctionProbability (#СДЕЛВТЬ$ -> #СДЕЛАТЬ$) = -6.218189267944858
correctionProbability (#ГЕЛІК$ -> #ГЕЛИК$) = -13.645247608089232
correctionProbability (#ИГОЬ$ -> #ИГОРЬ$) = -9.118710633107423
correctionProbability (#ЗБОРНАЯ$ -> #СБОРНАЯ$) = -12.886351739359043
correctionProbability (#УАNDEX$ -> #YANDEX$) = -74.3469569305167
correctionProbability (#ПОЛЕЛКИ$ -> #ПОДЕЛКИ$) = -7.97516470148895
correctionProbability (#АЛЕКСАННДРИИ$ -> #АЛЕКСАНДРИИ$) = -25.571946622665543
correctionProbability (#МEРЗЛЯК$ -> #МЕРЗЛЯК$) = -10.85904810432897
correctionProbability (#МИНЕСТЕРСТВЕ$ -> #МИНИСТЕРСТВЕ$) = -24.328426976290523
correctionProbability (#ФТУБ$ -> #ЮТУБ$) = -0.17742126131937397
correctionProbability (#БРЕСКИЕ$ -> #БРЕСТСКИЕ$) = -90.9221062005088
correctionProbability (#РАССТАМОЖКИ$ -> #РАСТАМОЖКИ$) = -22.13137235592503
correctionProbability (#ФАБРИА$ -> #ФАБРИКА$) = -11.409362254113375
correctionProbability (#СТРИПИЗ$ -> #СТРИПТИЗ$) = -14.681337465577357
correctionProbability (#ОЗДАТЬ$ -> #СОЗДАТЬ$) = -10.692727875109824
correctionProbability (#БЕСКАНЕЧНОСТИ$ -> #БЕСКОНЕЧНОСТИ$) = -18.17357627431005
correctionProbability (#ВЫСОТСКИЙ$ -> #ВЫСОЦКИЙ$) = -81.78263782227907
correctionProbability (#ПРАВОСЛАВНИХ$ -> #ПРАВОСЛАВНЫХ$) = -21.397368040104503
correctionProbability (#ВЕЛЕНКИН$ -> #ВИЛЕНКИН$) = -15.151595953524499
correctionProbability (#МИНЕСТЕРСТВА$ -> #МИНИСТЕРСТВА$) = -17.498095093783775
correctionProbability (#ВИТТОН$ -> #ВИТОН$) = -18.200209264837415
correctionProbability (#КРОВАЯ$ -> #КРОВАВАЯ$) = -82.31875795391966
correctionProbability (#ЦЫАН$ -> #ЦИАН$) = -7.976650930144633
correctionProbability (#ИГОУ$ -> #ИГРУ$) = -6.66905564913473
correctionProbability (#ПОЛИУРИТАНОВЫЙ$ -> #ПОЛИУРЕТАНОВЫЙ$) = -25.02271978675411
correctionProbability (#ВЕРТУАЛЬНЫЕ$ -> #ВИРТУАЛЬНЫЕ$) = -20.790617871082837
correctionProbability (#СВЕРЗУ$ -> #СВЕРХУ$) = -11.975006603871616
correctionProbability (#БОРДЖИЯ$ -> #БОРДЖИА$) = -17.896504200974945
correctionProbability (#ГАЗИТ$ -> #ГАЗЕТ$) = -15.216954274839733
correctionProbability (#ПОГОЖА$ -> #ПОГОДА$) = -1.176163046742385
correctionProbability (#РОБОКОР$ -> #РОБОКАР$) = -13.518010881091591
correctionProbability (#РЕЛАХ$ -> #РЕЛАКС$) = -77.79952797983563
correctionProbability (#РАСЧИТЫВАЕТСЯ$ -> #РАССЧИТЫВАЕТСЯ$) = -24.873338925591526
correctionProbability (#ПОЛЕЛКА$ -> #ПОДЕЛКА$) = -10.526574731965596
correctionProbability (#ОУТЛАСТ$ -> #АУТЛАСТ$) = -18.912823730887858
correctionProbability (#СВАДТБЫ$ -> #СВАДЬБЫ$) = -11.074646397439714
correctionProbability (#БРАЗИЛИІ$ -> #БРАЗИЛИИ$) = -16.12582175301118
correctionProbability (#КАРНОВАЛЬНЫЙ$ -> #КАРНАВАЛЬНЫЙ$) = -22.32113073640386
correctionProbability (#БРОНИЖИЛЕТ$ -> #БРОНЕЖИЛЕТ$) = -21.835373213105818
correctionProbability (#СДАВАТТ$ -> #СДАВАТЬ$) = -13.71864926908011
correctionProbability (#МЕТОЛИЧЕСКИЕ$ -> #МЕТАЛЛИЧЕСКИЕ$) = -82.64213302660545
correctionProbability (#МЕДУНАРОДНЫЙ$ -> #МЕЖДУНАРОДНЫЙ$) = -19.415406542736775
correctionProbability (#АЛЕКСАДРА$ -> #АЛЕКСАНДРА$) = -13.881452788371867
correctionProbability (#МАРШЫ$ -> #МАРШИ$) = -16.866695267641045
correctionProbability (#ОБЬЕЗДНОЙ$ -> #ОБЪЕЗДНОЙ$) = -24.066391906786457
correctionProbability (#ХОШТОН$ -> #ХОРТОН$) = -18.276519605361703
correctionProbability (#ПЕРЕЛОВКУ$ -> #ПЕРЛОВКУ$) = -22.10658846021053
correctionProbability (#НОТРДАМ$ -> #НОТЕРДАМ$) = -20.691517600986884
correctionProbability (#АРТИРИТА$ -> #АРТРИТА$) = -21.41738881309294
correctionProbability (#ИВАНИН$ -> #ИВАНОВ$) = -77.55315944702893
correctionProbability (#ПОСТОМАТ$ -> #ПОСТАМАТ$) = -18.399005492193943
correctionProbability (#СМГТРЕТЬ$ -> #СМОТРЕТЬ$) = -2.4200245112312597
correctionProbability (#ЧЕЛОАЕКА$ -> #ЧЕЛОВЕКА$) = -8.856502423241672
correctionProbability (#МЕГАРЕШЕЬА$ -> #МЕГАРЕШЕБА$) = -18.944270648192024
correctionProbability (#ИНСТИГРАМ$ -> #ИНСТАГРАМ$) = -8.58738904929556
correctionProbability (#ПОКЦПАТЬ$ -> #ПОКУПАТЬ$) = -15.154888853214004
correctionProbability (#СИМИНОВИЧ$ -> #СЕМЕНОВИЧ$) = -80.88001897721865
correctionProbability (#ПРАВОСЛАВНИЙ$ -> #ПРАВОСЛАВНЫЙ$) = -18.21386715370098
correctionProbability (#КАМЕРВ$ -> #КАМЕРЫ$) = -10.1457819412819
correctionProbability (#РАЗВЕВАЕТСЯ$ -> #РАЗВИВАЕТСЯ$) = -21.956402304395468
correctionProbability (#ГИДРОМЕЦЕНТР$ -> #ГИДРОМЕТЦЕНТР$) = -20.887617050226943
correctionProbability (#ПРИНЦЕПИ$ -> #ПРИНЦИПИ$) = -20.46025567217147
correctionProbability (#ИНТИМСИТТ$ -> #ИНТИМСИТИ$) = -16.838482637689374
correctionProbability (#РОЗКТКА$ -> #РОЗЕТКА$) = -12.915851728884881
correctionProbability (#КАЛЕГДАРЬ$ -> #КАЛЕНДАРЬ$) = -9.604117237916533
correctionProbability (#TRANI$ -> #TRANNY$) = -81.99945264496544
correctionProbability (#ПАНАМЕРО$ -> #ПАНАМЕРА$) = -16.96808464966673
correctionProbability (#САЯНАРА$ -> #САЙОНАРА$) = -84.36734252868314
correctionProbability (#ЛИЦЕНЗИРОВАНЕ$ -> #ЛИЦЕНЗИРОВАНИЕ$) = -22.739414330588595
correctionProbability (#HMASTER$ -> #XHAMSTER$) = -147.80983014813089
correctionProbability (#МОЛТДЕШКА$ -> #МОЛОДЕЖКА$) = -79.8542323403368
correctionProbability (#ЗАРАБОТАННОЙ$ -> #ЗАРАБОТНОЙ$) = -86.13109149194307
correctionProbability (#ИНВЕНТОРЯ$ -> #ИНВЕНТАРЯ$) = -18.905450265966998
correctionProbability (#МАИЕМАТИКЕ$ -> #МАТЕМАТИКЕ$) = -10.958829708252516
correctionProbability (#ГРУЗОВИЧЕК$ -> #ГРУЗОВИЧОК$) = -14.828029254554743
correctionProbability (#ЩДНОКЛАССНИКИ$ -> #ОДНОКЛАССНИКИ$) = -11.269665263717066
correctionProbability (#МУЖЧИГА$ -> #МУЖЧИНА$) = -10.420253722931555
correctionProbability (#МАИЕМАТИКА$ -> #МАТЕМАТИКА$) = -11.392393419149997
correctionProbability (#ЗИМНИЯ$ -> #ЗИМНЯЯ$) = -9.966028942418799
correctionProbability (#ДОМАШИЕ$ -> #ДОМАШНИЕ$) = -12.608967353755027
correctionProbability (#СЕРИАЛВ$ -> #СЕРИАЛЫ$) = -7.493375812427274
correctionProbability (#ПОПУЛЯРНИХ$ -> #ПОПУЛЯРНЫХ$) = -19.11436652568846
correctionProbability (#КЛЦБ$ -> #КЛУБ$) = -6.633716656490353
correctionProbability (#МУЖЧИГЕ$ -> #МУЖЧИНЕ$) = -9.846943487555123
correctionProbability (#НАЭ$ -> #НА$) = 0.13250942165732127
correctionProbability (#КЭЙТ$ -> #КЕЙТ$) = -11.286445231740753
correctionProbability (#ОПЛПТА$ -> #ОПЛАТА$) = -10.649972325831573
correctionProbability (#ОТКРЫИКИ$ -> #ОТКРЫТКИ$) = -8.99167597081442
correctionProbability (#ХОБАРОВСК$ -> #ХАБАРОВСК$) = -11.562043050778492
correctionProbability (#ГРАФМК$ -> #ГРАФИК$) = -9.691279304200922
correctionProbability (#ИНТЕРНОМЕТР$ -> #ИНТЕРНЕТОМЕТР$) = -91.61411319798096
correctionProbability (#КЭЙС$ -> #КЕЙС$) = -12.029838301803846
correctionProbability (#ЗАВЫШЕН$ -> #ПОВЫШЕН$) = -80.47985142480202
correctionProbability (#УСЛЫШ$ -> #УСЛЫШЬ$) = -20.79955304562242
correctionProbability (#СЕРИАЛІ$ -> #СЕРИАЛЫ$) = -7.496191800424803
correctionProbability (#РАБРТЕ$ -> #РАБОТЕ$) = -10.057674613338659
correctionProbability (#ЭКСЭЛЬ$ -> #ЭКСЕЛЬ$) = -13.322118393604232
correctionProbability (#НАЬ$ -> #НА$) = 0.1984904764822879
correctionProbability (#REVERS$ -> #REVERSE$) = -20.401059778362978
correctionProbability (#УЛОВИЯ$ -> #УСЛОВИЯ$) = -12.192186390532633
correctionProbability (#ОЗВУЧКАЙ$ -> #ОЗВУЧКОЙ$) = -13.090720213766978
correctionProbability (#ФОГРАММА$ -> #ФОНОГРАММА$) = -88.40347321928955
correctionProbability (#RADEN$ -> #RADEON$) = -13.943361192064149
correctionProbability (#ЗИМНИЮ$ -> #ЗИМНЮЮ$) = -12.59883903560262
correctionProbability (#ДЭЖАВЮ$ -> #ДЕЖАВЮ$) = -14.908495916126586
correctionProbability (#СТРИПТИ$ -> #СТРИПТИЗ$) = -14.712953580273606
correctionProbability (#ПОЖЕЛЫЕ$ -> #ПОЖИЛЫЕ$) = -15.495269734115979
correctionProbability (#TRAND$ -> #TREND$) = -14.650426914348817
correctionProbability (#ФОЛИКУЛ$ -> #ФОЛЛИКУЛ$) = -23.59128329933104
correctionProbability (#ПИТКИ$ -> #ПЫТКИ$) = -15.255955580161807
correctionProbability (#ОЬНЛАЙН$ -> #ОНЛАЙН$) = -3.111835102799123
correctionProbability (#ОТКРЫИКА$ -> #ОТКРЫТКА$) = -10.716114418492928
correctionProbability (#ПРЕЗИНТАЦЫЮ$ -> #ПРЕЗЕНТАЦИЮ$) = -81.98749351088544
correctionProbability (#АВИОБУС$ -> #АВТОБУС$) = -10.096966861701873
correctionProbability (#КАДЕНДАРЬ$ -> #КАЛЕНДАРЬ$) = -9.584921148757942
correctionProbability (#СПАКОЙНАЯ$ -> #СПОКОЙНАЯ$) = -17.55312865139674
correctionProbability (#ФЕДИРАЦИИ$ -> #ФЕДЕРАЦИИ$) = -13.853961468091335
correctionProbability (#ИУБЕЮОМ$ -> #РУБЕЖОМ$) = -80.14676925233184
correctionProbability (#MOUS$ -> #MOUSE$) = -13.785255137784535
correctionProbability (#ПАРИЛЛОМА$ -> #ПАПИЛЛОМА$) = -19.80416441837744
correctionProbability (#ВЛАДТВОСТОК$ -> #ВЛАДИВОСТОК$) = -13.373111157553708
correctionProbability (#ЛОТЕРИИ$ -> #ЛОТЕРЕИ$) = -15.735757274765014
correctionProbability (#БЫААЕТ$ -> #БЫВАЕТ$) = -12.324851354143302
correctionProbability (#АЛГЕРО$ -> #АЛЬГЕРО$) = -33.42930501249819
correctionProbability (#ПРАСТУТКИ$ -> #ПРОСТИТУТКИ$) = -144.92329352103087
correctionProbability (#ПОЛЯЧКОВ$ -> #ПОЛЯКОВ$) = -19.091920656151146
correctionProbability (#СУЗУКІ$ -> #СУЗУКИ$) = -12.258791081177986
correctionProbability (#ТИНЭЙДЖЕРЫ$ -> #ТИНЕЙДЖЕРЫ$) = -21.602353321041562
correctionProbability (#СПИНИГ$ -> #СПИННИНГ$) = -81.4100258071111
correctionProbability (#ДОМАШИХ$ -> #ДОМАШНИХ$) = -8.89018616350144
correctionProbability (#ЭНТОРОСГЕЛЬ$ -> #ЭНТЕРОСГЕЛЬ$) = -20.758873088898362
correctionProbability (#ХАЛАТАКЕ$ -> #ХАЛАТИКЕ$) = -21.999737589074456
correctionProbability (#НВИНКИ$ -> #НОВИНКИ$) = -7.940033156282524
correctionProbability (#PRIPERTY$ -> #PROPERTY$) = -18.80625347797804
correctionProbability (#ПОГОБА$ -> #ПОГОДА$) = -1.1778470936494436
correctionProbability (#СЕМЕНКА$ -> #СЕМЕЙКА$) = -11.038996404708818
correctionProbability (#КОВРАЛИНА$ -> #КОВРОЛИНА$) = -20.254624320823986
correctionProbability (#КУКЛАВОД$ -> #КУКЛОВОД$) = -20.442092324101026
correctionProbability (#ВАРЮШКИ$ -> #ВАРЕЖКИ$) = -78.97188620286057
correctionProbability (#СЧОТ$ -> #СЧЕТ$) = -7.266625307962439
correctionProbability (#КОСАПА$ -> #КОСА$) = -82.30601346856554
correctionProbability (#NIVIDIA$ -> #NVIDIA$) = -14.436540483478073
correctionProbability (#CROKOBET$ -> #CROCOBET$) = -21.135561777943295
correctionProbability (#ДИМИТ$ -> #ДЫМИТ$) = -16.59321946544721
correctionProbability (#ТКБЯ$ -> #ТЕБЯ$) = -6.751522437328521
correctionProbability (#ВЬЕХАЛА$ -> #ВЪЕХАЛА$) = -24.636339838609814
correctionProbability (#ПАРАДАЙ$ -> #ПАРАДАЙЗ$) = -20.59945339189605
correctionProbability (#ЛТПРАВЛЯЕТ$ -> #ОТПРАВЛЯЕТ$) = -22.996939883502925
correctionProbability (#ФЕНИЧКИ$ -> #ФЕНЕЧКИ$) = -19.357804759451376
correctionProbability (#SWIN$ -> #SWING$) = -15.887814530444079
correctionProbability (#РУИЗ$ -> #РУИС$) = -18.294349525018074
correctionProbability (#ИЖОГИ$ -> #ИЗЖОГИ$) = -17.710904382602084
correctionProbability (#SHEIB$ -> #SHEIN$) = -12.49457828080261
correctionProbability (#ПАЧЕРИЦУ$ -> #ПАДЧЕРИЦУ$) = -23.17174154680435
correctionProbability (#БЕСМЕРТНЫЙ$ -> #БЕССМЕРТНЫЙ$) = -20.46120248239751
correctionProbability (#ВОКАНСИИ$ -> #ВАКАНСИИ$) = -8.120625490340998
correctionProbability (#EROTYKA$ -> #EROTIKA$) = -14.382957870416163
correctionProbability (#СУЗУКЕ$ -> #СУЗУКИ$) = -12.222477940898134
correctionProbability (#ФЕЙВЕРК$ -> #ФЕЙЕРВЕРК$) = -85.47655463238941
correctionProbability (#ВЫВКСТИ$ -> #ВЫВЕСТИ$) = -13.321373016314766
correctionProbability (#ИНЦЕННТ$ -> #ИНЦЕСТ$) = -76.21542862502478
correctionProbability (#ENTRA$ -> #ENTRAR$) = -20.103492874278846
correctionProbability (#ПОГОАД$ -> #ПОГОДА$) = -69.05083981970857
correctionProbability (#ЧАСТНРЕ$ -> #ЧАСТНОЕ$) = -11.420602902378278
correctionProbability (#МИХАЕЛ$ -> #МИХАИЛ$) = -9.069339898943607
correctionProbability (#БЕСМЕРТНЫЕ$ -> #БЕССМЕРТНЫЕ$) = -23.64655570265308
correctionProbability (#ПОАТЯТ$ -> #ПЛАТЯТ$) = -14.546484220983022
correctionProbability (#НБЮ$ -> #НЬЮ$) = -10.033972073614205
correctionProbability (#ИЖОГА$ -> #ИЗЖОГА$) = -16.65114086403513
correctionProbability (#ВНИХ$ -> #ВНИЗ$) = -13.095863896308916
correctionProbability (#ТЕРАРИЕ$ -> #ТЕРРАРИИ$) = -82.66164254485868
correctionProbability (#ЗАВТРЕШНЕГО$ -> #ЗАВТРАШНЕГО$) = -22.421298118580495
correctionProbability (#WMAIL$ -> #WMMAIL$) = -21.39960254244639
correctionProbability (#СЁДНЯ$ -> #СЕГОДНЯ$) = -136.72161146393347
correctionProbability (#СЕРИАЛЬ$ -> #СЕРИАЛ$) = -6.545637287783105
correctionProbability (#СКАЧАТТЬ$ -> #СКАЧАТЬ$) = -4.981725177064197
correctionProbability (#КОВАЛЕР$ -> #КАВАЛЕР$) = -17.215030114692915
correctionProbability (#САМОЛИ$ -> #СОМАЛИ$) = -83.94304653537942
correctionProbability (#ОБЛАМТЬ$ -> #ОБЛАСТЬ$) = -7.470845758068293
correctionProbability (#ПЕРИВОТЧИК$ -> #ПЕРЕВОДЧИК$) = -73.36175352769996
correctionProbability (#ЕМУЛЯТОРА$ -> #ЭМУЛЯТОРА$) = -21.9100535208757
correctionProbability (#МВОЙ$ -> #СВОЙ$) = -8.844230711627606
correctionProbability (#ТЕРАРИА$ -> #ТЕРРАРИЯ$) = -81.17504881201448
correctionProbability (#АНЕМЭ$ -> #АНИМЕ$) = -70.66602915561985
correctionProbability (#ПАСЬЯНСІ$ -> #ПАСЬЯНСЫ$) = -11.906169533557339
correctionProbability (#САМОЛЕ$ -> #САМОЛЕТ$) = -10.612132597717036
correctionProbability (#КОМПУКТЕР$ -> #КОМПЬЮТЕР$) = -76.03798445012167
correctionProbability (#МЕДЕЦИНСКОМ$ -> #МЕДИЦИНСКОМ$) = -21.935255465830977
correctionProbability (#АДМИНИСТРАТИВНОГ$ -> #АДМИНИСТРАТИВНОГО$) = -26.770779211662585
correctionProbability (#ПАЧЕРИЦА$ -> #ПАДЧЕРИЦА$) = -21.570721192924374
correctionProbability (#САЛКЕР$ -> #СТАЛКЕР$) = -10.707305719035439
correctionProbability (#ИВАНОВИЧЬ$ -> #ИВАНОВИЧ$) = -16.17292829463669
correctionProbability (#БЕТЕРБЕЕВ$ -> #БЕТЕРБИЕВ$) = -16.281695028763394
correctionProbability (#ДРЛАРА$ -> #ДОЛЛАРА$) = -74.9342608080999
correctionProbability (#МЕДЕЦИНСКОЙ$ -> #МЕДИЦИНСКОЙ$) = -17.23659249826001
correctionProbability (#ЗАНОВА$ -> #ЗАНОВО$) = -14.129790210619507
correctionProbability (#РРЖДЕНИИ$ -> #РОЖДЕНИИ$) = -14.784503261717639
correctionProbability (#СОЧИНИНИЕ$ -> #СОЧИНЕНИЕ$) = -12.23559622172612
correctionProbability (#ИСТИНОЕ$ -> #ИСТИННОЕ$) = -21.6494230089127
correctionProbability (#РИВЕРИ$ -> #РИВЕР$) = -16.766591343664427
correctionProbability (#СЬАРОСТБ$ -> #СТАРОСТЬ$) = -82.60270158126353
correctionProbability (#ШАДО$ -> #ШАДОУ$) = -15.7106096830416
correctionProbability (#ДАВИДОФ$ -> #ДАВИДОФФ$) = -25.977083378065906
correctionProbability (#СЕРИАЛТ$ -> #СЕРИАЛ$) = -6.573248420242084
correctionProbability (#ТЕЛЕВОН$ -> #ТЕЛЕФОН$) = -7.418491309296186
correctionProbability (#МЕДЕЦИНСКОЕ$ -> #МЕДИЦИНСКОЕ$) = -18.42431745256802
correctionProbability (#ТЕРАРИУМ$ -> #ТЕРРАРИУМ$) = -21.24496059936125
correctionProbability (#ЛЕХТЕНШТИН$ -> #ЛИХТЕНШТЕЙН$) = -150.72362347861977
correctionProbability (#AALLTIME$ -> #ALLTIME$) = -22.0759309885281
correctionProbability (#АОЙТИ$ -> #ВОЙТИ$) = -8.006385106068972
correctionProbability (#SPINER$ -> #SPINNER$) = -18.36501180147286
correctionProbability (#БИВАЕТ$ -> #БЫВАЕТ$) = -12.279135409844809
correctionProbability (#ВОКАНСИЯ$ -> #ВАКАНСИЯ$) = -12.877189065789103
correctionProbability (#БЛАТНОИ$ -> #БЛАТНОЙ$) = -17.510355736080868
correctionProbability (#ГОСТИНЕИЦА$ -> #ГОСТИНИЦА$) = -15.660921904659688
correctionProbability (#ПОВИЩАЕТ$ -> #ПОВЫШАЕТ$) = -83.18276936902542
correctionProbability (#РАБРТЫ$ -> #РАБОТЫ$) = -6.875690809879767
correctionProbability (#СЕРИАЛЛ$ -> #СЕРИАЛ$) = -6.554029754926528
correctionProbability (#КОСТБМ$ -> #КОСТЮМ$) = -8.478332612591469
correctionProbability (#ЛАЙВКАП$ -> #ЛАВКА$) = -83.25478191655736
correctionProbability (#ПРЕМЕРЫ$ -> #ПРИМЕРЫ$) = -10.08859883992379
correctionProbability (#MATCHE$ -> #MATCHES$) = -14.49853680953845
correctionProbability (#ЬСТАРЫЕ$ -> #СТАРЫЕ$) = -12.362764494554934
correctionProbability (#СЛОБОДСКОИ$ -> #СЛОБОДСКОЙ$) = -20.90286580551986
correctionProbability (#TRAVELLATA$ -> #TRAVELATA$) = -24.270478298549143
correctionProbability (#АНАСТСИЯ$ -> #АНАСТАСИЯ$) = -11.776844335346034
correctionProbability (#РАДІАТОРА$ -> #РАДИАТОРА$) = -12.889838164072593
correctionProbability (#ПОКААТЬ$ -> #ПОКАЗАТЬ$) = -12.439627900852031
correctionProbability (#ЛЕТПИС$ -> #ЛЕТОПИСЬ$) = -85.70758679488412
correctionProbability (#ГЕМОГЛАБИНЕ$ -> #ГЕМОГЛОБИНЕ$) = -24.428235991028473
correctionProbability (#МАЙСОР$ -> #МАЙСКОР$) = -16.878221970013648
correctionProbability (#КИРИЛИЦЕ$ -> #КИРИЛЛИЦЕ$) = -25.269121814852333
correctionProbability (#ПАВИЦ$ -> #ПАТВИЦ$) = -13.339355482693602
correctionProbability (#ЦВЕТНО$ -> #ЦВЕТНОЙ$) = -12.455540327404577
correctionProbability (#ТОКАЕ$ -> #ТАКОЕ$) = -69.81304583892525
correctionProbability (#YOUTOUBE$ -> #YOUTUBE$) = -8.94502506139822
correctionProbability (#АНКАЛОГИЯ$ -> #ОНКОЛОГИЯ$) = -82.01170429482637
correctionProbability (#КОРОТКИИ$ -> #КОРОТКИЕ$) = -11.167293063566973
correctionProbability (#КАЛИНИНГАДЕ$ -> #КАЛИНИНГРАДЕ$) = -16.64260424596675
correctionProbability (#HKTV$ -> #HLTV$) = -14.317181954230687
correctionProbability (#ГИРОЙСКАЯ$ -> #ГЕРОЙСКАЯ$) = -16.08837111443325
correctionProbability (#КОРОТКИН$ -> #КОРОТКИЕ$) = -11.219415956492632
correctionProbability (#ЛАНГИДАЗА$ -> #ЛОНГИДАЗА$) = -18.84572684534934
correctionProbability (#ЗОЧЕТ$ -> #ХОЧЕТ$) = -10.467411378273791
correctionProbability (#БОЛНИЦА$ -> #БОЛЬНИЦА$) = -11.868691516892603
correctionProbability (#НАЙТИНГЕЙЛЬ$ -> #НАЙТИНГЕЙЛ$) = -28.755299610170972
correctionProbability (#СТРОЮТ$ -> #СТРОЯТ$) = -15.215583090517999
correctionProbability (#OHLINE$ -> #ONLINE$) = -8.209223714467914
correctionProbability (#ТАМАНЪ$ -> #ТАМАНЬ$) = -16.404402369524565
correctionProbability (#НГА$ -> #НА$) = 0.14070815049247543
correctionProbability (#МАЛАСИМЕЙКУ$ -> #МАЛОСЕМЕЙКУ$) = -89.89143102366101
correctionProbability (#КИНОТЯТР$ -> #КИНОТЕАТР$) = -76.71007930624816
correctionProbability (#УЗЛОВО$ -> #УЗЛОВОЙ$) = -14.968150169844236
correctionProbability (#КЭЛЛ$ -> #КАЛЛ$) = -14.009165709994637
correctionProbability (#СЕРЕДНИИКОВО$ -> #СЕРЕДНИКОВО$) = -28.411728396302976
correctionProbability (#БАРДЮР$ -> #БОРДЮР$) = -16.369623861854937
correctionProbability (#HAVAI$ -> #NAVAI$) = -14.72824841745923
correctionProbability (#МАЗЕРКЕЯ$ -> #МАЗЕКЕЯ$) = -21.339143511981355
correctionProbability (#КАЛУМБ$ -> #КОЛУМБ$) = -16.29548312316869
correctionProbability (#ФЛОРЕНТЫ$ -> #ФОРИНТЫ$) = -90.90734869420223
correctionProbability (#КИРИЛИЦУ$ -> #КИРИЛЛИЦУ$) = -25.97923802509859
correctionProbability (#ЗАПАРОЖЬЕ$ -> #ЗАПОРОЖЬЕ$) = -13.738000309771643
correctionProbability (#ЖЫЛДАМДЫК$ -> #ЖЫЛДАМДЫҚ$) = -22.240752816182777
correctionProbability (#РСЧИТАТЬ$ -> #РАССЧИТАТЬ$) = -79.52576342119804
correctionProbability (#ВЗРОСЫХ$ -> #ВЗРОСЛЫХ$) = -10.250117907506706
correctionProbability (#MATCHS$ -> #MATCHES$) = -14.491817747066094
correctionProbability (#ПРЕСПОСОБЛЕНИЯ$ -> #ПРИСПОСОБЛЕНИЯ$) = -21.992993225425025
correctionProbability (#МИАССС$ -> #МИАСС$) = -13.980081640574138
correctionProbability (#АЛОХО$ -> #ПЛОХО$) = -11.343984834631488
correctionProbability (#СТУДЕНКИ$ -> #СТУДЕНТКИ$) = -17.723322884853786
correctionProbability (#ЛЕХКИХ$ -> #ЛЕГКИХ$) = -12.797081825902705
correctionProbability (#ГЛАЗВ$ -> #ГЛАЗА$) = -8.76800366697299
correctionProbability (#ИТЭКО$ -> #ИТЕКО$) = -15.796045800967715
correctionProbability (#РУКЫ$ -> #РУКИ$) = -7.876699576726466
correctionProbability (#ТАНЦИИ$ -> #СТАНЦИИ$) = -13.276483742234099
correctionProbability (#ОПРЫСКИААТЬ$ -> #ОПРЫСКИВАТЬ$) = -22.963040424235047
correctionProbability (#ЖАЛУСЬ$ -> #ЖАЛУЮСЬ$) = -33.61444579850699
correctionProbability (#КАСПЕРСКИ$ -> #КАСПЕРСКИЙ$) = -16.797552727758756
correctionProbability (#ОТВЕТТЕ$ -> #ОТВЕТЬТЕ$) = -20.608725900683183
correctionProbability (#ВАЛДБЕРРИЗ$ -> #ВАЙЛДБЕРРИЗ$) = -14.390606213169434
correctionProbability (#УЙРОНУ$ -> #УЙРОНУУ$) = -21.780431664088567
correctionProbability (#ПЕЧАЕТ$ -> #ПЕЧАТАЕТ$) = -83.6802231135878
correctionProbability (#КАСЕЕРСКОГО$ -> #КАСПЕРСКОГО$) = -17.29499439469724
correctionProbability (#KRASIVUE$ -> #KRASIVIE$) = -19.01704726732924
correctionProbability (#ОДНОКЛАССНИКЕ$ -> #ОДНОКЛАССНИКИ$) = -11.198265585314871
correctionProbability (#ВЗРОСЫЗ$ -> #ВЗРОСЛЫХ$) = -74.98998467241066
correctionProbability (#МОДЕШЬ$ -> #МОЖЕШЬ$) = -15.809793883606577
correctionProbability (#ИНТАГРАММА$ -> #ИНСТАГРАММА$) = -19.52931498958506
correctionProbability (#СКРТЫТЫХ$ -> #СКРЫТЫХ$) = -19.695976967752294
correctionProbability (#СЕРНЕЙ$ -> #СЕРГЕЙ$) = -7.845041166372454
correctionProbability (#ХОНДО$ -> #ХОНДА$) = -9.792435362696
correctionProbability (#РАСНОЕ$ -> #КРАСНОЕ$) = -13.292643903841771
correctionProbability (#ЭУТЕРОКС$ -> #ЭУТИРОКС$) = -14.93388818812651
correctionProbability (#FLAST$ -> #FLASH$) = -10.35803248396876
correctionProbability (#МУЖЧИЕЫ$ -> #МУЖЧИНЫ$) = -10.106506984963431
correctionProbability (#РАССТОРГНУТЬ$ -> #РАСТОРГНУТЬ$) = -24.324689679167136
correctionProbability (#ВОЛГОДОЕСКЕ$ -> #ВОЛГОДОНСКЕ$) = -20.04098016866284
correctionProbability (#АННИСА$ -> #АНИССА$) = -87.27330675533497
correctionProbability (#ОНУЛИРОВАТЬ$ -> #АННУЛИРОВАТЬ$) = -90.07406146899137
correctionProbability (#ЛИБЕРТО$ -> #ЛИБЕРТА$) = -20.7280601774831
correctionProbability (#НЕДОСТРОЕНЫЙ$ -> #НЕДОСТРОЕННЫЙ$) = -29.3288481376093
correctionProbability (#ЭВАКУАТР$ -> #ЭВАКУАТОР$) = -15.471444569464914
correctionProbability (#DIAGNOSTIK$ -> #DIAGNOSTIC$) = -24.08130781692899
correctionProbability (#INSPIRION$ -> #INSPIRON$) = -20.853677687717628
correctionProbability (#БАНДЕРОСА$ -> #БАНДЕРАСА$) = -25.566680133641952
correctionProbability (#ВИЛЬНУСЕ$ -> #ВИЛЬНЮСЕ$) = -19.475528428021676
correctionProbability (#ТОКАЯ$ -> #ТАКАЯ$) = -11.297671999353856
correctionProbability (#ПЕРЕВОЛД$ -> #ПЕРЕВОД$) = -10.841140878070291
correctionProbability (#ПРИСТЯЖНЮК$ -> #ПРИСЯЖНЮК$) = -28.09861920258883
correctionProbability (#ЗЕЛЕННЫЕ$ -> #ЗЕЛЕНЫЕ$) = -15.615125283570514
correctionProbability (#ПРИГОТОТОВИТЬ$ -> #ПРИГОТОВИТЬ$) = -82.12692076817288
correctionProbability (#КИРИЛИЦА$ -> #КИРИЛЛИЦА$) = -20.732357775857928
correctionProbability (#РАДМІР$ -> #РАДМИР$) = -13.026292946760517
correctionProbability (#MALENAKARA$ -> #MALENKAYA$) = -92.30544667029658
correctionProbability (#ППДД$ -> #ПДД$) = -10.240205652756767
correctionProbability (#ЖЕНОИ$ -> #ЖЕНОЙ$) = -10.636559711869229
correctionProbability (#СЧАСТЯ$ -> #СЧАСТЬЯ$) = -13.79603006225581
correctionProbability (#HUIWEI$ -> #HUAWEI$) = -11.332666180081095
correctionProbability (#ОДНОКЛАССНИКТ$ -> #ОДНОКЛАССНИКИ$) = -11.245892799565297
correctionProbability (#ВАЙЛБЕРИ$ -> #ВАЙЛДБЕРРИЗ$) = -145.08669102783134
correctionProbability (#МАРФИ$ -> #МЕРФИ$) = -15.092202234032396
correctionProbability (#НДЗ$ -> #ГДЗ$) = -3.523238007814161
correctionProbability (#УОКА$ -> #УРОКА$) = -10.189852151034518
correctionProbability (#МЕРЕЗЛЯК$ -> #МЕРЗЛЯК$) = -13.321778919871846
correctionProbability (#МEЖДУ$ -> #МЕЖДУ$) = -7.7157959475424
correctionProbability (#ПЕРТУСИН$ -> #ПЕРТУССИН$) = -21.87078427934518
correctionProbability (#ПУЛТЬ$ -> #ПУЛЬТ$) = -79.66035371786288
correctionProbability (#ПРЕМЕУМ$ -> #ПРЕМИУМ$) = -12.846244724468804
correctionProbability (#БЮЖЕТЕРИЯ$ -> #БИЖУТЕРИЯ$) = -82.5113206165718
correctionProbability (#ОТЗВАЫ$ -> #ОТЗЫВЫ$) = -72.70021002405045
correctionProbability (#РАЙФФАЗЕНБАНК$ -> #РАЙФФАЙЗЕНБАНК$) = -19.8797187381478
correctionProbability (#РРУССКИЙ$ -> #РУССКИЙ$) = -9.268331213700549
correctionProbability (#ДЫМАХОД$ -> #ДЫМОХОД$) = -15.519305982841423
correctionProbability (#КУМЕТ$ -> #КУМИТ$) = -15.53975809498765
correctionProbability (#WIBER$ -> #VIBER$) = -12.946121737431074
correctionProbability (#ЛЕГЕДА$ -> #ЛЕГЕНДА$) = -11.57474048782069
correctionProbability (#SIYAHASI$ -> #SIYAHISI$) = -24.694561811048096
correctionProbability (#РЕАЛЬН$ -> #РЕАЛЬНО$) = -15.101672336952987
correctionProbability (#ERAZANKNERI$ -> #ERAZANQNERI$) = -25.651216458607152
correctionProbability (#РОКНРОЛ$ -> #РОКНРОЛЛ$) = -23.587667877433077
correctionProbability (#НГЭ$ -> #ЕГЭ$) = -7.232456394884128
correctionProbability (#ПРОВОЗКИ$ -> #ПЕРЕВОЗКИ$) = -78.00036270059788
correctionProbability (#АМОКСИЦИКЛИН$ -> #АМОКСИЦИЛЛИН$) = -21.076443638425097
correctionProbability (#РЕСТОРАНЫИ$ -> #РЕСТОРАНЫ$) = -16.935849376858464
correctionProbability (#АГРИО$ -> #АГАРИО$) = -14.588440534519808
correctionProbability (#ФОСОВЩИК$ -> #ФАСОВЩИК$) = -20.067808675212895
correctionProbability (#БЕЛОПУСИ$ -> #БЕЛАРУСИ$) = -76.17664961964722
correctionProbability (#ПРЕССБРЛ$ -> #ПРЕССБОЛ$) = -15.968542344742254
correctionProbability (#СТУДЕНКУ$ -> #СТУДЕНТКУ$) = -20.321023141587418
correctionProbability (#CHATURDATE$ -> #CHATURBATE$) = -18.775390820068957
correctionProbability (#ЧИНКВИ$ -> #ЧИНКВЕ$) = -20.836217598905886
correctionProbability (#ВСТРА$ -> #АСТРА$) = -11.209647108290273
correctionProbability (#ОШИБК$ -> #ОШИБКА$) = -11.059073364823409
correctionProbability (#ЭКСКВАТОРА$ -> #ЭКСКАВАТОРА$) = -17.60049559871929
correctionProbability (#ПОПУЛЯРНИЙ$ -> #ПОПУЛЯРНЫЙ$) = -19.514269244114622
correctionProbability (#ХТМКТ$ -> #ХИМКИ$) = -76.21791740886181
correctionProbability (#LOLIPOP$ -> #LOLLIPOP$) = -23.313981991533502
correctionProbability (#TINIES$ -> #TEENIES$) = -91.44334096050083
correctionProbability (#КАЧЕСТВЕН$ -> #КАЧЕСТВЕ$) = -8.634859285688805
correctionProbability (#ДВІГОТЕЛЯ$ -> #ДВИГАТЕЛЯ$) = -77.04423639728644
correctionProbability (#ТЕРРИТОРИИИ$ -> #ТЕРРИТОРИИ$) = -17.976889710408066
correctionProbability (#ПРОБЛЕМВ$ -> #ПРОБЛЕМЫ$) = -13.055726089052776
correctionProbability (#GONZALES$ -> #GONZALEZ$) = -23.632625210601944
correctionProbability (#LIVESCHORE$ -> #LIVESCORE$) = -17.047623866844567
correctionProbability (#САОЕГО$ -> #СВОЕГО$) = -12.00822135218841
correctionProbability (#СЕЬЕ$ -> #СЕБЕ$) = -9.138568702788852
correctionProbability (#ИДЕАЛЬНЫ$ -> #ИДЕАЛЬНЫЙ$) = -16.63424101779666
correctionProbability (#ВАППОРЕТО$ -> #ВАПОРЕТТО$) = -93.76712027725328
correctionProbability (#ПЕПЕВОД$ -> #ПЕРЕВОД$) = -8.361433118648847
correctionProbability (#ОСИРОВА$ -> #ОСТРОВА$) = -12.28733005188706
correctionProbability (#БОРТО$ -> #БАРТО$) = -14.86776045421664
correctionProbability (#MYNEMEBOOK$ -> #MYNAMEBOOK$) = -24.46805489644879
correctionProbability (#СУЖОЕ$ -> #ЧУЖОЕ$) = -14.977137584533477
correctionProbability (#ОНЙЛАН$ -> #ОНЛАЙН$) = -68.47289014421783
correctionProbability (#ВКЛЮЧАЕШ$ -> #ВКЛЮЧАЕШЬ$) = -24.204091436394393
correctionProbability (#ГЛАЗП$ -> #ГЛАЗА$) = -8.76394351372102
correctionProbability (#АМАНАКОВА$ -> #МАНАКОВА$) = -27.648622415085804
correctionProbability (#POLISE$ -> #POLICE$) = -15.653818770626597
correctionProbability (#АГЕНТСВО$ -> #АГЕНТСТВО$) = -13.48058308125865
correctionProbability (#ПРОСВЕШЕНИЕ$ -> #ПРОСВЕЩЕНИЕ$) = -19.1874205230093
correctionProbability (#ХИТХАНТЕР$ -> #ХЕДХАНТЕР$) = -80.07403093582455
correctionProbability (#SALINEE$ -> #SALINE$) = -24.724129875292803
correctionProbability (#KLOESTER$ -> #KLOSTER$) = -27.722721781998345
correctionProbability (#ТОВАРЕЩИСКИЙ$ -> #ТОВАРИЩЕСКИЙ$) = -90.78570559724375
correctionProbability (#ШОТЛАНСКИ$ -> #ШОТЛАНДСКИЙ$) = -87.72039216215886
correctionProbability (#ВНЕМАНИЕ$ -> #ВНИМАНИЕ$) = -13.026553814014925
correctionProbability (#РЕГИСТРАЦ$ -> #РЕГИСТРАЦИИ$) = -78.18640067433218
correctionProbability (#КОМБИЕИРОВАННЫЙ$ -> #КОМБИНИРОВАННЫЙ$) = -25.332600261910912
correctionProbability (#ВЗРЛСЛЫХ$ -> #ВЗРОСЛЫХ$) = -9.733535566482281
correctionProbability (#МИНУСИ$ -> #МИНУСЫ$) = -12.925433781125843
correctionProbability (#МУИКА$ -> #МУЖИКА$) = -14.40556330671679
correctionProbability (#РОЯЛЛ$ -> #РОЯЛ$) = -14.518876175964596
correctionProbability (#АРТЕЗ$ -> #ОРТЕЗ$) = -17.115003096630613
correctionProbability (#МЕДЕЦИНСКИМ$ -> #МЕДИЦИНСКИМ$) = -20.97956594412068
correctionProbability (#ЗЕЛЕННУЮ$ -> #ЗЕЛЕНУЮ$) = -21.267887063776364
correctionProbability (#ГРАФИЕ$ -> #ГРАФИК$) = -9.67579700372968
correctionProbability (#ОБРИКОС$ -> #АБРИКОС$) = -16.556457651205626
correctionProbability (#КОЛАГЕН$ -> #КОЛЛАГЕН$) = -17.979918820032495
correctionProbability (#ПОАТЬЕ$ -> #ПЛАТЬЕ$) = -8.491287069457695
correctionProbability (#ПЕРЕРБУРГЕ$ -> #ПЕТЕРБУРГЕ$) = -14.402440996759942
correctionProbability (#ГРАФИГ$ -> #ГРАФИК$) = -9.679157622644045
correctionProbability (#КРАСНОАР$ -> #КРАСНОДАР$) = -10.437976504603022
correctionProbability (#ЗАНЯТИ$ -> #ЗАНЯТИЯ$) = -12.171631460881656
correctionProbability (#RASE$ -> #RACE$) = -13.675622356620007
correctionProbability (#ПРОТИТУТКИ$ -> #ПРОСТИТУТКИ$) = -14.868775544467127
correctionProbability (#ОТТКРЫТКА$ -> #ОТКРЫТКА$) = -13.196336968094279
correctionProbability (#RPQ$ -> #RPG$) = -13.171700116658311
correctionProbability (#ТРАСПОРТ$ -> #ТРАНСПОРТ$) = -14.738360569843636
correctionProbability (#РАСШИРЕНАЯ$ -> #РАСШИРЕННАЯ$) = -22.008965973191003
correctionProbability (#DETISKIY$ -> #DETSKIY$) = -24.49693784183335
correctionProbability (#GGLE$ -> #GOOGLE$) = -71.74045530416457
correctionProbability (#СТАТИЯ$ -> #СТАТЬЯ$) = -10.299105927051112
correctionProbability (#СЕРИАОЫ$ -> #СЕРИАЛЫ$) = -7.517001082425132
correctionProbability (#ШОРТИ$ -> #ШОРТЫ$) = -13.40868179979881
correctionProbability (#МАМОСТОЯТЕЛЬНО$ -> #САМОСТОЯТЕЛЬНО$) = -19.281208351357435
correctionProbability (#КЛСС$ -> #КЛАСС$) = -3.0351106240491212
correctionProbability (#HENDAI$ -> #HYUNDAI$) = -77.35333581989978
correctionProbability (#САМОНАДУВАЮЩИЙ$ -> #САМОНАДУВАЮЩИЙСЯ$) = -98.69901524170255
correctionProbability (#SCACIAT$ -> #SCACIATI$) = -18.02179016582408
correctionProbability (#ĹETOILE$ -> #ETOILE$) = -18.94044310255153
correctionProbability (#ЦИРУКАЛ$ -> #ЦЕРУКАЛ$) = -17.841660295867257
correctionProbability (#ПРЕДОХРАНЯТСЯ$ -> #ПРЕДОХРАНЯТЬСЯ$) = -29.63835168126176
correctionProbability (#НАТАРИУС$ -> #НОТАРИУС$) = -14.368542714393193
correctionProbability (#ПРОТЕЗИ$ -> #ПРОТЕЗЫ$) = -14.643152958862615
correctionProbability (#РЕЖИСЁРСКАЯ$ -> #РЕЖИССЕРСКАЯ$) = -86.57826356107591
correctionProbability (#9900KS$ -> #9900K$) = -23.499910881750196
correctionProbability (#ПСИХОЛОГИЧСКИМ$ -> #ПСИХОЛОГИЧЕСКИМ$) = -32.149752935035764
correctionProbability (#ФИМЛЬМ$ -> #ФИЛЬМ$) = -3.684003830427624
correctionProbability (#РЭЙЧЕР$ -> #РЭЙЧЕЛ$) = -16.929068806067225
correctionProbability (#ХОЛОЛНЫЕ$ -> #ХОЛОДНЫЕ$) = -11.740390719343317
correctionProbability (#ПОИЕМ$ -> #ПРИЕМ$) = -8.469977526103111
correctionProbability (#ЩАНИМАТЬСЯ$ -> #ЗАНИМАТЬСЯ$) = -16.386437022870396
correctionProbability (#ЧЕМПИОНИ$ -> #ЧЕМПИОНЫ$) = -17.53280533781308
correctionProbability (#ПРИНТЕ$ -> #ПРИНТЕР$) = -12.369288293668944
correctionProbability (#СВЯЗАННЫ$ -> #СВЯЗАНЫ$) = -19.560365200898282
correctionProbability (#ПДЕЧОМ$ -> #ПЛЕЧОМ$) = -19.52386176018283
correctionProbability (#ВЫЗЫАТЬ$ -> #ВЫЗВАТЬ$) = -13.237450939720624
correctionProbability (#ШОРТА$ -> #ШОРТЫ$) = -13.444982134410413
correctionProbability (#СВЕРЕ$ -> #СФЕРЕ$) = -12.169165029822974
correctionProbability (#СКАЧАТОЬ$ -> #СКАЧАТЬ$) = -4.989944225585637
correctionProbability (#ЧУЖЕСТРАНКИ$ -> #ЧУЖЕСТРАНКА$) = -18.01964369261667
correctionProbability (#ПАНСІОНАТ$ -> #ПАНСИОНАТ$) = -15.309068319493228
correctionProbability (#ЕКАТЕРИНВ$ -> #ЕКАТЕРИНА$) = -10.12093805838127
correctionProbability (#АТОМАН$ -> #АТАМАН$) = -16.32826971864551
correctionProbability (#ФОТИМА$ -> #ФАТИМА$) = -16.487658533754146
correctionProbability (#MESSANGER$ -> #MESSENGER$) = -19.022619785690217
correctionProbability (#УПРТРЕБЛЯЮТСЯ$ -> #УПОТРЕБЛЯЮТСЯ$) = -27.04472206701282
correctionProbability (#ТЮФТЕЛИ$ -> #ТЕФТЕЛИ$) = -15.502951783777178
correctionProbability (#БЫТРО$ -> #БЫСТРО$) = -9.521684710999143
correctionProbability (#ДИАДОГ$ -> #ДИАЛОГ$) = -13.525474879902337
correctionProbability (#RAST$ -> #RUST$) = -13.58732329936392
correctionProbability (#КЛИРИНГОВЫЕ$ -> #КЛИНИНГОВЫЕ$) = -22.40087162255628
correctionProbability (#УОДА$ -> #УХОДА$) = -14.587830727615898
correctionProbability (#СТРОЕНЕ$ -> #СТРОЕНИЕ$) = -12.323265321943161
correctionProbability (#МЕДЕЦИНСКИХ$ -> #МЕДИЦИНСКИХ$) = -17.296467424894786
correctionProbability (#СПОРЦМЕНОВ$ -> #СПОРТСМЕНОВ$) = -85.63904793934802
correctionProbability (#CУД$ -> #СУД$) = -5.726252424376057
correctionProbability (#КАРДОНОМ$ -> #КОРДОНОМ$) = -21.766874053877203
correctionProbability (#ДЕПОЗИТИ$ -> #ДЕПОЗИТЫ$) = -16.992608937737963
correctionProbability (#МАЙНСРУФТ$ -> #МАЙНКРАФТ$) = -72.77335108045872
correctionProbability (#БЛЕКБЕРРИ$ -> #БЛЭКБЕРРИ$) = -23.624447270789673
correctionProbability (#НДО$ -> #НАДО$) = -8.17564078766539
correctionProbability (#РРОБЛОКС$ -> #РОБЛОКС$) = -9.82383216051506
correctionProbability (#БЕСПЛПАТНО$ -> #БЕСПЛАТНО$) = -7.25210400540162
correctionProbability (#ИНЕКЦИЯ$ -> #ИНЪЕКЦИЯ$) = -21.597516313376545
correctionProbability (#РОБОТАЕТ$ -> #РАБОТАЕТ$) = -11.214521420590849
correctionProbability (#СВЯЗАНОЙ$ -> #СВЯЗАННОЙ$) = -22.194369287606733
correctionProbability (#УНИВЕРСИТНТ$ -> #УНИВЕРСИТЕТ$) = -14.415935901586892
correctionProbability (#ДІФТЕРІЯ$ -> #ДИФТЕРІЯ$) = -21.664789414315287
correctionProbability (#КАМПЬЮТЕРА$ -> #КОМПЬЮТЕРА$) = -13.219935236452834
correctionProbability (#ОСВЕШЕНИЯ$ -> #ОСВЕЩЕНИЯ$) = -16.606425770216205
correctionProbability (#ПРИГТТОВИТЬ$ -> #ПРИГОТОВИТЬ$) = -12.424521351930515
correctionProbability (#ИНЖЕНИКУМА$ -> #ИНЖЕКУМА$) = -103.5545857397237
correctionProbability (#ПЕРВОДЧИК$ -> #ПЕРЕВОДЧИК$) = -9.235677702019487
correctionProbability (#ПОІСК$ -> #ПОИСК$) = -7.23090150051139
correctionProbability (#ДОМАШЕЕ$ -> #ДОМАШНЕЕ$) = -11.08549516815652
correctionProbability (#ПРОСТИТУТКЫ$ -> #ПРОСТИТУТКИ$) = -14.350349435062483
correctionProbability (#ROBLOXX$ -> #ROBLOX$) = -13.010042101139351
correctionProbability (#ПАВЕР$ -> #ПОВЕР$) = -13.487792322871893
correctionProbability (#6312B5$ -> #6312В5$) = -32.27533763313639
correctionProbability (#КИБАБ$ -> #КЕБАБ$) = -16.094333346657695
correctionProbability (#ПЕЧЕН$ -> #ПЕЧЕНЬ$) = -12.863247474750292
correctionProbability (#АРЕНДВ$ -> #АРЕНДА$) = -7.354380372628068
correctionProbability (#VIENOR$ -> #VIANOR$) = -18.028001007354273
correctionProbability (#АСТРАЛИИ$ -> #АВСТРАЛИИ$) = -16.22960460500162
correctionProbability (#6312B9$ -> #6312В9$) = -26.609515996554492
correctionProbability (#ГУЛИВЕР$ -> #ГУЛЛИВЕР$) = -18.32386867050323
correctionProbability (#МОЛДОВИ$ -> #МОЛДОВЫ$) = -14.652929086443088
correctionProbability (#КАНЬЁН$ -> #КАНЬОН$) = -15.571775127193984
correctionProbability (#ОГЕНСТВО$ -> #АГЕНТСТВО$) = -78.19004316322844
correctionProbability (#TERARIA$ -> #TERRARIA$) = -18.406560884046804
correctionProbability (#АРЕНДО$ -> #АРЕНДА$) = -7.28631412285532
correctionProbability (#АЛИМПИАДНЫЕ$ -> #ОЛИМПИАДНЫЕ$) = -20.375468366978104
correctionProbability (#ЭИОТИКА$ -> #ЭРОТИКА$) = -7.9753158208558474
correctionProbability (#УОГО$ -> #КОГО$) = -9.669457271455276
correctionProbability (#ИНЦЕНСТ$ -> #ИНЦЕСТ$) = -11.484256681698898
correctionProbability (#ФОТОГРОФ$ -> #ФОТОГРАФ$) = -14.267855657629
correctionProbability (#ПОЦАНОК$ -> #ПАЦАНОК$) = -18.92730601646123
correctionProbability (#МУЬТ$ -> #МУЛЬТ$) = -10.643069185299847
correctionProbability (#ЛОТМАНОВСКИЙ$ -> #РОМАНОВСКИЙ$) = -90.88555889557327
correctionProbability (#ХОНЛА$ -> #ХОНДА$) = -9.81031929083996
correctionProbability (#ROBLOXR$ -> #ROBLOX$) = -13.00694516462882
correctionProbability (#СПИНОИ$ -> #СПИНОЙ$) = -11.945799541813106
correctionProbability (#ВОРКРАФТ$ -> #ВАРКРАФТ$) = -14.595949056989511
correctionProbability (#КУХОННИХ$ -> #КУХОННЫХ$) = -17.007627008065406
correctionProbability (#КРОСОВКАМИ$ -> #КРОССОВКАМИ$) = -24.42971776258591
correctionProbability (#ГРАНДОКСИН$ -> #ГРАНДАКСИН$) = -19.687384580159126
correctionProbability (#MANHEIM$ -> #MANNHEIM$) = -24.120832952303523
correctionProbability (#ПЕРЕОДИЧЕСКИХ$ -> #ПЕРИОДИЧЕСКИХ$) = -25.350105793611547
correctionProbability (#ИОСКВЕ$ -> #МОСКВЕ$) = -4.061738169112072
correctionProbability (#ИВАНВО$ -> #ИВАНОВО$) = -10.725740786312045
correctionProbability (#ЕМИРАТЫ$ -> #ЭМИРАТЫ$) = -15.596699527234662
correctionProbability (#СОВЕРШДНО$ -> #СОВЕРШЕНО$) = -25.46775877680097
correctionProbability (#ЧНМУ$ -> #ЧЕМУ$) = -7.979608046226478
correctionProbability (#ОТПРАВТЕ$ -> #ОТПРАВЬТЕ$) = -23.653290998112034
correctionProbability (#КОСТЕМ$ -> #КОСТЮМ$) = -8.477043229963055
correctionProbability (#АТИВИРОВАТЬ$ -> #АКТИВИРОВАТЬ$) = -18.590697768648873
correctionProbability (#ОБЬЕКТЫ$ -> #ОБЪЕКТЫ$) = -14.393060336745798
correctionProbability (#ИСТРУМЕНТЫ$ -> #ИНСТРУМЕНТЫ$) = -16.333197780416157
correctionProbability (#ПАЛАРОИД$ -> #ПОЛАРОИД$) = -18.918414934542433
correctionProbability (#ТИБИЛИИ$ -> #ТБИЛИСИ$) = -82.47931475094121
correctionProbability (#ПЕЧАНИ$ -> #ПЕЧЕНИ$) = -11.160389762937715
correctionProbability (#ИОСКВА$ -> #МОСКВА$) = -4.113742296154864
correctionProbability (#СЕТЕВ$ -> #СЕТЕВОЙ$) = -74.56654526599046
correctionProbability (#СКИНАРЕН$ -> #СКИНОРЕН$) = -21.378191139675295
correctionProbability (#ПОМОГАЕ$ -> #ПОМОГАЕТ$) = -15.006596439757423
correctionProbability (#XVIDIEOS$ -> #XVIDEOS$) = -14.061739804649207
correctionProbability (#ГАРТЕНЗИИ$ -> #ГОРТЕНЗИИ$) = -17.421638025404484
correctionProbability (#НОЛЫЕ$ -> #ГОЛЫЕ$) = -6.471045143265176
correctionProbability (#СВЕРЛОВСКОЙ$ -> #СВЕРДЛОВСКОЙ$) = -18.181496526000153
correctionProbability (#ЭЕКТРОННЫЙ$ -> #ЭЛЕКТРОННЫЙ$) = -12.675709466371401
correctionProbability (#УКРАСИТИ$ -> #УКРАСИТЬ$) = -13.252072259715796
correctionProbability (#ДАГАМЫС$ -> #ДАГОМЫС$) = -18.15183783846409
correctionProbability (#КОСТЕТ$ -> #КАСТЕТ$) = -17.773409776212052
correctionProbability (#FRENDS$ -> #FRIENDS$) = -14.258120035258337
correctionProbability (#ВЫГЛЧДИТ$ -> #ВЫГЛЯДИТ$) = -11.928084613441385
correctionProbability (#ЖЕНКАЯ$ -> #ЖЕНСКАЯ$) = -10.664945848105646
correctionProbability (#РАНОБЕ$ -> #РАНОБЭ$) = -16.393563478322687
correctionProbability (#ШАЙДУЛИН$ -> #ШАЙДУЛЛИН$) = -27.065374913854633
correctionProbability (#ОБНАЖЕНА$ -> #ОБНАЖЕННАЯ$) = -84.45115589274745
correctionProbability (#ХОНЛР$ -> #ХОНОР$) = -10.376917685932245
correctionProbability (#АРГИНАЛ$ -> #ОРИГИНАЛ$) = -78.72885001628079
correctionProbability (#СТУДЕНОК$ -> #СТУДЕНТОК$) = -19.97523111378912
correctionProbability (#TRANSLAYT$ -> #TRANSLATE$) = -81.20319490553406
correctionProbability (#НЕЗМАНОВА$ -> #НЕЗНАНОВА$) = -34.71271887163832
correctionProbability (#СОДИРЖАНИЕ$ -> #СОДЕРЖАНИЕ$) = -13.388167273590987
correctionProbability (#ИНСАТГРАМ$ -> #ИНСТАГРАМ$) = -76.36247241189157
correctionProbability (#СЕКЕНД$ -> #СЕКОНД$) = -14.742466156283744
correctionProbability (#SERIALY$ -> #SERIALI$) = -14.74689616228568
correctionProbability (#ИМЕРИИ$ -> #ИМПЕРИИ$) = -14.077521306450436
correctionProbability (#ВАЕНЫЕ$ -> #ВОЕННЫЕ$) = -75.48626120713811
correctionProbability (#ПОДЫМАЕТСЯ$ -> #ПОДНИМАЕТСЯ$) = -86.40411039148142
correctionProbability (#РУЖЯ$ -> #РУЖЬЯ$) = -14.7978834997859
correctionProbability (#ОДНОКЛАССНИЕИ$ -> #ОДНОКЛАССНИКИ$) = -11.23976454166879
correctionProbability (#ИЗАЙМОВ$ -> #ЗАЙМОВ$) = -20.594206153221396
correctionProbability (#VIDIOLAR$ -> #VIDEOLAR$) = -19.620688974440846
correctionProbability (#ГИДРООКСИД$ -> #ГИДРОКСИД$) = -22.332143496549328
correctionProbability (#ЧЕМПИОАНАТ$ -> #ЧЕМПИОНАТ$) = -13.783083210044062
correctionProbability (#КЛУЬ$ -> #КЛУБ$) = -6.623147769432595
correctionProbability (#ПРИМРСКИАЙ$ -> #ПРИМОРСКИЙ$) = -82.7372987275993
correctionProbability (#ЗАРАБАТАТ$ -> #ЗАРАБОТАТЬ$) = -77.96699804761326
correctionProbability (#ПАРТРОНИК$ -> #ПАРКТРОНИК$) = -22.13366013180974
correctionProbability (#ВАЕНЫЙ$ -> #ВОЕННЫЙ$) = -76.82140598698697
correctionProbability (#ИСЛЕДОВАТЬ$ -> #ИССЛЕДОВАТЬ$) = -24.696971505431982
correctionProbability (#ТРАМБОЦИТЫ$ -> #ТРОМБОЦИТЫ$) = -20.012879916108396
correctionProbability (#ЯЗАКУ$ -> #ЯЗЫКУ$) = -6.343913549614047
correctionProbability (#ПЛОСТИЛИНА$ -> #ПЛАСТИЛИНА$) = -14.208298076255822
correctionProbability (#ЛЕСКОУКЛАДОВАТЕЛЯ$ -> #ЛЕСКОУКЛАДЫВАТЕЛЯ$) = -35.789098389451695
correctionProbability (#КОЛЬЕО$ -> #СКОЛЬКО$) = -71.3319246119561
correctionProbability (#МАКДОНАЛС$ -> #МАКДОНАЛЬДС$) = -83.85843323502839
correctionProbability (#КАНДИТЕРСКИЕ$ -> #КОНДИТЕРСКИЕ$) = -21.649733397907447
correctionProbability (#ПОПУЛЯРНВЕ$ -> #ПОПУЛЯРНЫЕ$) = -14.507090281378872
correctionProbability (#МИКОЗОН$ -> #МИКОЗАН$) = -21.79953867068516
correctionProbability (#КЛУП$ -> #КЛУБ$) = -6.625858826778163
correctionProbability (#АРМЯНСКИИ$ -> #АРМЯНСКИЕ$) = -15.369059742841138
correctionProbability (#MIKROSOFT$ -> #MICROSOFT$) = -14.460663986068475
correctionProbability (#АВЫИТО$ -> #АВИТО$) = -5.3823190463798944
correctionProbability (#ЗАФІРА$ -> #ЗАФИРА$) = -15.13982897736889
correctionProbability (#СМОТРЕПТЬ$ -> #СМОТРЕТЬ$) = -4.904686460998169
correctionProbability (#MAXMUDOV$ -> #MAHMUDOV$) = -25.759023580078335
correctionProbability (#СВЕРХЕСТЕСТВИНОЕ$ -> #СВЕРХЪЕСТЕСТВЕННОЕ$) = -152.60903564295646
correctionProbability (#БЕРГЕА$ -> #БЕРЕГА$) = -77.55967940736218
correctionProbability (#МАРИАРТИ$ -> #МОРИАРТИ$) = -20.977016347276873
correctionProbability (#ТУЛЕТЕ$ -> #ТУАЛЕТЕ$) = -13.939527957117576
correctionProbability (#РИЕЛТОРСКОЕ$ -> #РИЭЛТОРСКОЕ$) = -29.43940839367277
correctionProbability (#ИНОПРИШЕЛЕНЕЦ$ -> #ИНОПРИШЕЛЕНЦЫ$) = -101.07389615695773
correctionProbability (#SHELD$ -> #SHIELD$) = -10.762880708138365
correctionProbability (#ПЕРЕВОЗК$ -> #ПЕРЕВОЗКИ$) = -13.22812037756696
correctionProbability (#ПОШОДА$ -> #ПОГОДА$) = -1.176065248934698
correctionProbability (#ТКАН$ -> #ТКАНЬ$) = -10.843460620966642
correctionProbability (#ЭЛЛЕКТРОННАЯ$ -> #ЭЛЕКТРОННАЯ$) = -15.898156679605023
correctionProbability (#МЫШИННОЙ$ -> #МЫШИНОЙ$) = -23.62899084078164
correctionProbability (#САКРАТИТЬ$ -> #СОКРАТИТЬ$) = -19.089502293312115
correctionProbability (#ADLOCK$ -> #ADBLOCK$) = -16.197408773126426
correctionProbability (#ПРОИЗАЕДЕНИЯ$ -> #ПРОИЗВЕДЕНИЯ$) = -17.8538964253627
correctionProbability (#ЕХАЬТЬ$ -> #ЕХАТЬ$) = -13.968533259271016
correctionProbability (#МЕЛАКСИКАМ$ -> #МЕЛОКСИКАМ$) = -18.662929259903557
correctionProbability (#МЕТАЛОМ$ -> #МЕТАЛЛОМ$) = -21.60841340640721
correctionProbability (#РЕЛИК$ -> #РОЛИК$) = -11.21560580661539
correctionProbability (#ОПЕЛА$ -> #ОПЕЛЬ$) = -9.831124751710387
correctionProbability (#РИЖИЙ$ -> #РЫЖИЙ$) = -12.164832923611126
correctionProbability (#РИЖИК$ -> #РЫЖИК$) = -14.673745002221441
correctionProbability (#ХЕЛЛОУИНЕ$ -> #ХЭЛЛОУИНЕ$) = -23.928069159274024
correctionProbability (#ГИБДДД$ -> #ГИБДД$) = -10.985452432366241
correctionProbability (#ДЕПЛОМ$ -> #ДИПЛОМ$) = -12.764160087837798
correctionProbability (#СВЕТР$ -> #СВЕТ$) = -11.906592524521333
correctionProbability (#ТЕПЧАЙА$ -> #ТЕПЧАЙЯ$) = -32.98090368349751
correctionProbability (#БЕЗПЕРСПЕКТИВНА$ -> #БЕСПЕРСПЕКТИВНО$) = -105.5203585542427
correctionProbability (#САМУЙЛОВА$ -> #САМОЙЛОВА$) = -18.335500107168393
correctionProbability (#АЛАКОЛ$ -> #АЛАКОЛЬ$) = -21.133610033564267
correctionProbability (#ЭФЫР$ -> #ЭФИР$) = -5.750822076945841
correctionProbability (#УСТАНОВИТ$ -> #УСТАНОВИТЬ$) = -12.58648827952053
correctionProbability (#ТЕРАРИЙ$ -> #ТЕРРАРИИ$) = -82.7139641169718
correctionProbability (#СПАЗМАТОН$ -> #СПАЗМАЛГОН$) = -86.82618988771829
correctionProbability (#БЕССПЛАТНО$ -> #БЕСПЛАТНО$) = -7.169165739750561
correctionProbability (#ВОЛНЫЙ$ -> #ВОЛЬНЫЙ$) = -18.737659037251184
correctionProbability (#МАСТІКА$ -> #МАСТИКА$) = -16.90483620157842
correctionProbability (#ПОЯЖ$ -> #ПЛЯЖ$) = -10.533579940325513
correctionProbability (#ИЗОБЕЛЫ$ -> #ИЗАБЕЛЛЫ$) = -85.00146684376702
correctionProbability (#ТОКЕЙ$ -> #ОКЕЙ$) = -13.047102362894737
correctionProbability (#СЕМЯНИ$ -> #СЕМЕНИ$) = -17.334566889209196
correctionProbability (#ЗДРАВСВУЙ$ -> #ЗДРАВСТВУЙ$) = -17.983406629169828
correctionProbability (#СИНЕЯ$ -> #СИНЯЯ$) = -10.845662318991987
correctionProbability (#БЕСАРАБКА$ -> #БЕССАРАБКА$) = -27.88341738281067
correctionProbability (#LOUND$ -> #LOUD$) = -20.066267582604684
correctionProbability (#АВИАГРЕГАТ$ -> #АВИААГРЕГАТ$) = -31.001922429806697
correctionProbability (#ОПЕЛИ$ -> #ОПЕЛЬ$) = -9.826926866198566
correctionProbability (#ДЕВРЧЕК$ -> #ДЕВОЧЕК$) = -7.696858952447684
correctionProbability (#РУСКУАЯ$ -> #РУССКАЯ$) = -76.33533964842424
correctionProbability (#БИРЕМЕННОСТИ$ -> #БЕРЕМЕННОСТИ$) = -14.776789249278359
correctionProbability (#БАЛТУШКА$ -> #БОЛТУШКА$) = -16.85276609839643
correctionProbability (#ФАБРАМ$ -> #ФАБАРМ$) = -89.5616276972001
correctionProbability (#НЯГАНЕ$ -> #НЯГАНИ$) = -16.964423023682034
correctionProbability (#ЛОМБАОРД$ -> #ЛОМБАРД$) = -16.185733738799513
correctionProbability (#JONATAN$ -> #JONATHAN$) = -19.59664278730257
correctionProbability (#СООТВЕСТВУЕТ$ -> #СООТВЕТСТВУЕТ$) = -22.79538625071237
correctionProbability (#ПЕЦЕПТЫ$ -> #РЕЦЕПТЫ$) = -8.200720013648784
correctionProbability (#KAJGER$ -> #KAYQER$) = -87.46012591317991
correctionProbability (#КЛУБНІКА$ -> #КЛУБНИКА$) = -15.268735111314363
correctionProbability (#НИМИСУЛИД$ -> #НИМЕСУЛИД$) = -18.651701573860123
correctionProbability (#ВААНСИИ$ -> #ВАКАНСИИ$) = -8.741268020736037
correctionProbability (#ГИОГРАФИЯ$ -> #ГЕОГРАФИЯ$) = -14.198973895922428
correctionProbability (#ЦИТАТНИЙ$ -> #ЦИТАТНЫЙ$) = -20.699704016538867
correctionProbability (#ПЕФЕКТ$ -> #ПЕРФЕКТ$) = -16.435901179973996
correctionProbability (#ПРДУКТЫ$ -> #ПРОДУКТЫ$) = -13.302456014315261
correctionProbability (#МУИИЯ$ -> #МУМИЯ$) = -12.68580490806838
correctionProbability (#РВБОЛОВНЫЙ$ -> #РЫБОЛОВНЫЙ$) = -17.86863216739399
correctionProbability (#БЕДРУНОВА$ -> #БЕЗРУКОВА$) = -83.29449279201337
correctionProbability (#UNIU$ -> #UNUI$) = -86.20610928416833
correctionProbability (#ЕМКАСТЬ$ -> #ЕМКОСТЬ$) = -14.918680309941827
correctionProbability (#МНКРАВТ$ -> #МАЙНКРАФТ$) = -138.60446317276532
correctionProbability (#ПЯТСОТ$ -> #ПЯТЬСОТ$) = -21.31689245895396
correctionProbability (#УКОНЕТ$ -> #УКРНЕТ$) = -9.846801736043762
correctionProbability (#КОРИТНА$ -> #КАРИНА$) = -79.52236303250426
correctionProbability (#БОБСОКЕР$ -> #БОБСОККЕР$) = -18.7459586899816
correctionProbability (#ПАТВИЦИ$ -> #ПАТВИЦ$) = -15.274815292768292
correctionProbability (#ЫОТОСТРСНА$ -> #ФОТОСТРАНА$) = -74.81813231848338
correctionProbability (#АПЯТЬ$ -> #ОПЯТЬ$) = -12.833466613377457
correctionProbability (#ОКСААНА$ -> #ОКСАНА$) = -13.460421334703828
correctionProbability (#РАФАЭЛО$ -> #РАФАЭЛЛО$) = -19.84157866032801
correctionProbability (#КЛЯИН$ -> #КЛЯЙН$) = -15.795764033156953
correctionProbability (#ВЯЗАТ$ -> #ВЯЗАТЬ$) = -11.422715055016031
correctionProbability (#МЕТАЛОВ$ -> #МЕТАЛЛОВ$) = -16.122447168461015
correctionProbability (#КОПЕРФИЛЬД$ -> #КОППЕРФИЛЬД$) = -26.02660701847794
correctionProbability (#КЛТП$ -> #КЛИП$) = -5.954070611611474
correctionProbability (#ZNAKOMSTBA$ -> #ZNAKOMSTVA$) = -19.640327909691713
correctionProbability (#ПОДАЛЯК$ -> #ПОДОЛЯК$) = -25.06095717989121
correctionProbability (#СКЛОНЕННИЕ$ -> #СКЛОНЕНИЕ$) = -18.124102775749428
correctionProbability (#ПЕРЕКЛАДА$ -> #ПЕРЕКЛАДАЧ$) = -17.210711068465606
correctionProbability (#ОЙЛИКС$ -> #ОИЛИКС$) = -18.342028212896086
correctionProbability (#ТЫСЯ$ -> #ТЫСЯЧ$) = -12.985725627296315
correctionProbability (#HOVHANES$ -> #HOVHANNES$) = -21.975305788064638
correctionProbability (#НОМИРА$ -> #НОМЕРА$) = -10.4663528923336
correctionProbability (#СТАМАТОЛОГИИ$ -> #СТОМАТОЛОГИИ$) = -18.88570479033268
correctionProbability (#MAYTYBE$ -> #MYTUBE$) = -87.65974304039352
correctionProbability (#ПРЕДПЕНСИООНОГО$ -> #ПРЕДПЕНСИОННОГО$) = -26.904160657874648
correctionProbability (#СВЧЗЬ$ -> #СВЯЗЬ$) = -10.022143883566198
correctionProbability (#ЧЕДОВЕКА$ -> #ЧЕЛОВЕКА$) = -8.858892340527397
correctionProbability (#ТРАФАРЕТИ$ -> #ТРАФАРЕТЫ$) = -13.379814269988358
correctionProbability (#ЛОПСА$ -> #ЛОПЕС$) = -81.52086912364963
correctionProbability (#МЕЛАТАНИН$ -> #МЕЛАТОНИН$) = -19.7427723628847
correctionProbability (#ЗУЛЬФИНЯ$ -> #ЗУЛЬФИЯ$) = -22.001800897362763
correctionProbability (#МИЛЬФЫ$ -> #МИЛФЫ$) = -16.707556514566118
correctionProbability (#ПОСЛЕНЯЯ$ -> #ПОСЛЕДНЯЯ$) = -13.478867738412546
correctionProbability (#ПОЮС$ -> #ПЛЮС$) = -6.850393161561573
correctionProbability (#СОУШАТЬ$ -> #СЛУШАТЬ$) = -5.134982792699523
correctionProbability (#ЧЕППЕР$ -> #ЧОППЕР$) = -19.0208352778135
correctionProbability (#РАБОТУЕЩИМ$ -> #РАБОТАЮЩИМ$) = -83.53788610880319
correctionProbability (#РУЖЁ$ -> #РУЖЬЕ$) = -78.82965724003027
correctionProbability (#ВАРАДЕО$ -> #ВАРАДЕРО$) = -17.786143249787195
correctionProbability (#СЕМНЫЕ$ -> #СЪЕМНЫЕ$) = -17.687649075208547
correctionProbability (#ТРИБИНГ$ -> #ТРИББИНГ$) = -25.853548685300986
correctionProbability (#БЛАГОСЛОВЛЕНИЕ$ -> #БЛАГОСЛОВЕНИЕ$) = -27.783666924128283
correctionProbability (#РАЗРЕЖЕНИЯ$ -> #РАЗРЕШЕНИЯ$) = -17.518353697623617
correctionProbability (#ГИОГРАФИИ$ -> #ГЕОГРАФИИ$) = -13.539560481863361
correctionProbability (#ЭРОТЧЕСКИЙ$ -> #ЭРОТИЧЕСКИЙ$) = -16.388086131982952
correctionProbability (#ТРЕТЕГО$ -> #ТРЕТЬЕГО$) = -16.23849147075878
correctionProbability (#ТV1000$ -> #TV1000$) = -18.28808585500818
correctionProbability (#РАБОЧЕВА$ -> #РАБОЧЕГО$) = -75.47327932431135
correctionProbability (#МОЛИНЕЗ$ -> #МОЛЛИНЕЗИИ$) = -155.40567167780304
correctionProbability (#ОТЕЛЛЬ$ -> #ОТЕЛЬ$) = -9.476779412595963
correctionProbability (#ИГУАН$ -> #ТИГУАН$) = -13.439023177147636
correctionProbability (#КАРАБЕЛЬНАЯ$ -> #КОРАБЕЛЬНАЯ$) = -23.89996183713
correctionProbability (#МОТОРНЕ$ -> #МОТОРНОЕ$) = -15.857813003344326
correctionProbability (#НИДЗИ$ -> #НИНДЗЯ$) = -75.02447683031978
correctionProbability (#CREZY$ -> #CRAZY$) = -12.623651742164203
correctionProbability (#МУЛЬТФЛЬМЫ$ -> #МУЛЬТФИЛЬМЫ$) = -11.915703356340714
correctionProbability (#MARITANA$ -> #MARIANA$) = -23.752914788122226
correctionProbability (#ISABELL$ -> #ISABEL$) = -23.748653528722144
correctionProbability (#ЖУКОВСКИ$ -> #ЖУКОВСКИЙ$) = -15.813487935425186
correctionProbability (#ПРИСНИЛОСТ$ -> #ПРИСНИЛОСЬ$) = -17.578986400822565
correctionProbability (#ЛИПЕЦГ$ -> #ЛИПЕЦК$) = -10.576940954586735
correctionProbability (#ПОХОМОВ$ -> #ПАХОМОВ$) = -18.40338519279397
correctionProbability (#АЛЕРГИЧЕСКИЙ$ -> #АЛЛЕРГИЧЕСКИЙ$) = -24.080303115497372
correctionProbability (#ГАЛЕВУДЕ$ -> #ГОЛЛИВУДЕ$) = -145.52366088505008
correctionProbability (#ЛИПЕЦЕ$ -> #ЛИПЕЦК$) = -10.573904624764399
correctionProbability (#ФИРМИ$ -> #ФИРМЫ$) = -10.408101983613566
correctionProbability (#УСМАНЕ$ -> #УСМАНИ$) = -18.787824995421456
correctionProbability (#УЧЕМСЯ$ -> #УЧИМСЯ$) = -12.822668874232885
correctionProbability (#ПОАСТЫРЬ$ -> #ПЛАСТЫРЬ$) = -16.80085993781787
correctionProbability (#ПОДАРК$ -> #ПОДАРОК$) = -11.086036441667012
correctionProbability (#RECOVERI$ -> #RECOVERY$) = -16.869222366443104
correctionProbability (#КЛУБНІКУ$ -> #КЛУБНИКУ$) = -17.259758392187173
correctionProbability (#ПОАТЬЯ$ -> #ПЛАТЬЯ$) = -8.843646768937536
correctionProbability (#ПОСИАВИТЬ$ -> #ПОСТАВИТЬ$) = -12.771985747601782
correctionProbability (#ЖЕНИЯ$ -> #ЖЖЕНИЯ$) = -20.772420256438
correctionProbability (#ИНОФРМАТИКЕ$ -> #ИНФОРМАТИКЕ$) = -84.68654906739306
correctionProbability (#КОПРЕССОР$ -> #КОМПРЕССОР$) = -17.058878003483095
correctionProbability (#ВАРИАН$ -> #ВАРИАНТ$) = -13.39661567398727
correctionProbability (#ЧЯСЬТЬ$ -> #ЧАСТЬ$) = -73.67617500944753
correctionProbability (#REPAIRE$ -> #REPAIR$) = -18.757349820310974
correctionProbability (#МИЛИРОВАНИЯ$ -> #МЕЛИРОВАНИЯ$) = -22.96218037010548
correctionProbability (#ФРАЗЕОЛОГIЗМ$ -> #ФРАЗЕОЛОГІЗМ$) = -24.18037876030464
correctionProbability (#CALENDER$ -> #CALENDAR$) = -17.847488713676128
correctionProbability (#ТЮЛПАНЫ$ -> #ТЮЛЬПАНЫ$) = -15.064847585041235
correctionProbability (#МАТЕММАТИКА$ -> #МАТЕМАТИКА$) = -13.878277554643951
correctionProbability (#НОВГОРЕ$ -> #НОВГОРОДЕ$) = -78.98683403881387
correctionProbability (#ПРОГОЗ$ -> #ПРОГНОЗ$) = -8.9346142282295
correctionProbability (#СИБЕКО$ -> #СИБЭКО$) = -19.308464962688173
correctionProbability (#ЭКСПИРИЯ$ -> #ИКСПЕРИЯ$) = -83.9781231328666
correctionProbability (#АВСТРИ$ -> #АВСТРИИ$) = -16.838677041349797
correctionProbability (#YOUTUPE$ -> #YOUTUBE$) = -6.387838447050008
correctionProbability (#ГЕРПЕВІР$ -> #ГЕРПЕВИР$) = -24.471054200611256
correctionProbability (#УОАН$ -> #УЛАН$) = -10.150339502748036
correctionProbability (#ВЫЗОА$ -> #ВЫЗОВ$) = -11.437194723876214
correctionProbability (#ДЕВУШКИИ$ -> #ДЕВУШКИ$) = -10.250448321554344
correctionProbability (#СПЗОН$ -> #СЕЗОН$) = -2.21871039022324
correctionProbability (#ИМПЕРИ$ -> #ИМПЕРИЯ$) = -12.723880170922683
correctionProbability (#ДЕВУШКИЙ$ -> #ДЕВУШКИ$) = -10.304185484578426
correctionProbability (#ГОРМОНИЯ$ -> #ГАРМОНИЯ$) = -16.176115578973956
correctionProbability (#ЬЕЛЕФОНЕ$ -> #ТЕЛЕФОНЕ$) = -12.654534728978078
correctionProbability (#САМОСТЯГИВАЮЩИЙСЯ$ -> #САМОРАСТЯГИВАЮЩИЙСЯ$) = -111.0072549111932
correctionProbability (#МАТЕММАТИКЕ$ -> #МАТЕМАТИКЕ$) = -13.444713843746477
correctionProbability (#АВТОМОТИЧЕСКОГО$ -> #АВТОМАТИЧЕСКОГО$) = -25.214187817970327
correctionProbability (#ВЫЗОД$ -> #ВЫХОД$) = -11.311331878095434
correctionProbability (#ИНСТЕРЕСЕАЯ$ -> #ИНТЕРЕСНАЯ$) = -86.85437312293475
correctionProbability (#ВЗЛОС$ -> #ВЗЛОМ$) = -9.023978546293879
correctionProbability (#МОЛОЛЕЧНО$ -> #МОЛОДЕЧНО$) = -16.767228530733746
correctionProbability (#FECEBOK$ -> #FACEBOOK$) = -74.72663548567212
correctionProbability (#TEENDA$ -> #TENDA$) = -21.36859083554896
correctionProbability (#ИНОФРМАТИКА$ -> #ИНФОРМАТИКА$) = -84.5157044366484
correctionProbability (#ВИСОЛИЙ$ -> #ВЫСОКИЙ$) = -78.62849272936445
correctionProbability (#ЭЛИКТРИЧЕСКИЙ$ -> #ЭЛЕКТРИЧЕСКИЙ$) = -17.182995396637537
correctionProbability (#ПРРНР$ -> #ПОРНР$) = -15.055581314263254
correctionProbability (#ИНСТПГРАММ$ -> #ИНСТАГРАМ$) = -75.8394072719334
correctionProbability (#ЕВАНГЛИЕ$ -> #ЕВАНГЕЛИЕ$) = -18.525706156337073
correctionProbability (#СНАТИЯ$ -> #СНЯТИЯ$) = -13.030480975325649
correctionProbability (#СБЕРБАНЕ$ -> #СБЕРБАНК$) = -6.013853405251055
correctionProbability (#ЖЫЛДАРДАГЫ$ -> #ЖЫЛДАРДАҒЫ$) = -23.912247244894544
correctionProbability (#АНЖЕЛЕС$ -> #АНДЖЕЛЕС$) = -17.98260032132834
correctionProbability (#РАСТОЯНИЯ$ -> #РАССТОЯНИЯ$) = -19.867368750710057
correctionProbability (#КОРОНОВАНЫЙ$ -> #КОРОНОВАННЫЙ$) = -29.13524870245248
correctionProbability (#ИНСТРУКУИЯ$ -> #ИНСТРУКЦИЯ$) = -9.360301565590682
correctionProbability (#ПОЖЕЛАЯ$ -> #ПОЖИЛАЯ$) = -17.88731062140863
correctionProbability (#СБЕРБАНГ$ -> #СБЕРБАНК$) = -6.016600262551421
correctionProbability (#МАГНИТОГОРСКЪ$ -> #МАГНИТОГОРСК$) = -19.076801231930837
correctionProbability (#КАЛЕНДАРНИЙ$ -> #КАЛЕНДАРНЫЙ$) = -21.05433767012873
correctionProbability (#ЖЕНИН$ -> #ЖЕНЩИН$) = -7.740250538549084
correctionProbability (#ЛОВПЛАНЕТ$ -> #ЛАВПЛАНЕТ$) = -18.07004315824259
correctionProbability (#KUNDEL$ -> #KUNDELIK$) = -80.17483058278812
correctionProbability (#ПРОГНО$ -> #ПРОГНОЗ$) = -8.982087414498388
correctionProbability (#СИНОПИК$ -> #СИНОПТИК$) = -11.79960104953473
correctionProbability (#ЛЮБМКА$ -> #ЛЮБИМКА$) = -14.447770269998365
correctionProbability (#УИНСБРУК$ -> #ИНСБРУК$) = -23.7210578470065
correctionProbability (#ПАРРАЛЕЛЬ$ -> #ПАРАЛЛЕЛЬ$) = -88.73118021696118
correctionProbability (#XVIDYO$ -> #XVIDEO$) = -12.145854231853878
correctionProbability (#МОЛАДЫМИ$ -> #МОЛОДЫМИ$) = -15.373556609283881
correctionProbability (#СЕТТ$ -> #СЕТЬ$) = -8.025638082324885
correctionProbability (#WUTH$ -> #WITH$) = -7.302944794099744
correctionProbability (#УМЕНШИТЬ$ -> #УМЕНЬШИТЬ$) = -16.879076699269042
correctionProbability (#АГЛИСКОМУ$ -> #АНГЛИЙСКОМУ$) = -79.05045916320475
correctionProbability (#ДЕВИЗИИ$ -> #ДИВИЗИИ$) = -17.719403277596122
correctionProbability (#ОЩИБКА$ -> #ОШИБКА$) = -10.432944384181152
correctionProbability (#КЛМУ$ -> #КОМУ$) = -9.814086811469313
correctionProbability (#АКОМУЛЯТОРЕ$ -> #АККУМУЛЯТОРЕ$) = -87.55833729767954
correctionProbability (#ЖЕНИЗ$ -> #ЖЕНИХ$) = -13.392098873567551
correctionProbability (#ПРЕСВЯТОМУ$ -> #СВЯТОМУ$) = -154.04806022308225
correctionProbability (#ПРИОРОВ$ -> #ПРИБОРОВ$) = -14.986498199308848
correctionProbability (#ПАЛАЦИО$ -> #ПАЛАЦЦО$) = -19.72779547905229
correctionProbability (#ФРАНСКОЕ$ -> #ФРАНКСКОЕ$) = -26.008366482437538
correctionProbability (#ОЗОБОЧЕНЫЕ$ -> #ОЗАБОЧЕННЫЕ$) = -89.05750935657109
correctionProbability (#КАКОИН$ -> #КОКАИН$) = -81.62224461069842
correctionProbability (#СЕСРОЙ$ -> #СЕСТРОЙ$) = -13.850107536158902
correctionProbability (#АТЕМАТИКЕ$ -> #МАТЕМАТИКЕ$) = -11.530196057547933
correctionProbability (#БРИДСТОУН$ -> #БРИДЖСТОУН$) = -19.38029130426488
correctionProbability (#НИМЕЦКОМУ$ -> #НЕМЕЦКОМУ$) = -16.049004702315777
correctionProbability (#ДЕВСТВИННОСТИ$ -> #ДЕВСТВЕННОСТИ$) = -21.876094641692035
correctionProbability (#HOKIA$ -> #NOKIA$) = -11.485349609049802
correctionProbability (#ZIVER$ -> #ZIVERT$) = -14.169181514999483
correctionProbability (#ЧИСТУШКИ$ -> #ЧАСТУШКИ$) = -14.970430501494427
correctionProbability (#ВЕТРАЖ$ -> #ВИТРАЖ$) = -16.64360998159444
correctionProbability (#КОНБАН$ -> #КАНБАН$) = -22.244375092613453
correctionProbability (#МЕДЖЕМЕНТА$ -> #МЕНЕДЖМЕНТА$) = -153.1468245855796
correctionProbability (#ПИНОБУ$ -> #ПИКАБУ$) = -77.91260370188645
correctionProbability (#МАРНА$ -> #МАРИНА$) = -9.783788235154791
correctionProbability (#ADRESS$ -> #ADDRESS$) = -15.603516014337643
correctionProbability (#МАТИМАТИКУ$ -> #МАТЕМАТИКУ$) = -20.550724348458836
correctionProbability (#СКОЛТКИ$ -> #СКОЛЬКИ$) = -13.47162343719502
correctionProbability (#АСТРОВА$ -> #ОСТРОВА$) = -12.209636678984914
correctionProbability (#ВЛАСНОСТИ$ -> #ВЛАСНОСТІ$) = -21.96946692903797
correctionProbability (#ПОШТ$ -> #ПОШТА$) = -12.938959747928255
correctionProbability (#ОБНАЖЕНЫЕ$ -> #ОБНАЖЕННЫЕ$) = -18.657573611208882
correctionProbability (#РУСКМ$ -> #РУССКОМ$) = -72.40863925206874
correctionProbability (#КРАСНЯОРСК$ -> #КРАСНОЯРСК$) = -79.37969523686303
correctionProbability (#КОЗЛАВ$ -> #КОЗЛОВ$) = -16.029771260773597
correctionProbability (#ROBLOCS$ -> #ROBLOX$) = -77.7351566609401
correctionProbability (#ДИКТАНТИ$ -> #ДИКТАНТЫ$) = -16.154294171431452
correctionProbability (#ЖЕГЩИНЫ$ -> #ЖЕНЩИНЫ$) = -8.351296855003568
correctionProbability (#GODLE$ -> #GOOGLE$) = -71.1474384155652
correctionProbability (#МУШТ$ -> #СУШИ$) = -72.01287592520991
correctionProbability (#EONLINE$ -> #ONLINE$) = -10.754788768824962
correctionProbability (#ЦЕРОЗА$ -> #ЦИРРОЗА$) = -85.030465276672
correctionProbability (#ЗАПЕШИ$ -> #ЗАПИШИ$) = -14.661088803127786
correctionProbability (#KPHOTO$ -> #PHOTO$) = -13.769643628445
correctionProbability (#ЛЕНОЛЕУМА$ -> #ЛИНОЛЕУМА$) = -15.991337651400272
correctionProbability (#БУХГАЛТЕСКИЙ$ -> #БУХГАЛТЕРСКИЙ$) = -21.01693456505067
correctionProbability (#ПИЛЕТЫ$ -> #БИЛЕТЫ$) = -7.4791022950365935
correctionProbability (#ЦВЕИЫ$ -> #ЦВЕТЫ$) = -6.629704846954024
correctionProbability (#МЕНАЛИН$ -> #МЕНАЛИНД$) = -26.11656301858661
correctionProbability (#НОВОСИИРСКЕ$ -> #НОВОСИБИРСКЕ$) = -15.732555699188744
correctionProbability (#НЕЛЬЩЯ$ -> #НЕЛЬЗЯ$) = -10.733002944289506
correctionProbability (#АДУИ$ -> #АУДИ$) = -76.38749605875098
correctionProbability (#ЦЕФТРИОКСОН$ -> #ЦЕФТРИАКСОН$) = -19.79168559176307
correctionProbability (#ЦЕРОЗЕ$ -> #ЦИРРОЗЕ$) = -85.01305805051817
correctionProbability (#ТАНЦЫВАТЬ$ -> #ТАНЦЕВАТЬ$) = -16.726622862719204
correctionProbability (#AГЅDYMLAR$ -> #AYDYMLAR$) = -93.24913559646475
correctionProbability (#ПОЦАНКИ$ -> #ПАЦАНКИ$) = -10.905798833270829
correctionProbability (#ИНГЕБОРКА$ -> #ИНГЕБОРГА$) = -22.572390891232132
correctionProbability (#ЗАБЕРАЮТ$ -> #ЗАБИРАЮТ$) = -20.573809562754334
correctionProbability (#РЕЕПТЫ$ -> #РЕЦЕПТЫ$) = -8.764913680422062
correctionProbability (#НАРВЕГИЯ$ -> #НОРВЕГИЯ$) = -15.899560723244868
correctionProbability (#РОБОТАТЬ$ -> #РАБОТАТЬ$) = -13.124658968068516
correctionProbability (#ОБРЫЙ$ -> #ДОБРЫЙ$) = -12.388576617937677
correctionProbability (#РАСНОДАР$ -> #КРАСНОДАР$) = -10.440267251354392
correctionProbability (#ВАСКА$ -> #ВАСКО$) = -16.258831803867768
correctionProbability (#АЛЛЮМИНИЯ$ -> #АЛЮМИНИЯ$) = -18.3520170342017
correctionProbability (#ЕРСИЮ$ -> #ВЕРСИЮ$) = -11.447504122396726
correctionProbability (#RESPEKT$ -> #RESPECT$) = -18.713336419279102
correctionProbability (#РУСКА$ -> #РУССКАЯ$) = -74.36871841292289
correctionProbability (#РАССЧЕТНЫЙ$ -> #РАСЧЕТНЫЙ$) = -16.54402663366782
correctionProbability (#UNIZIO$ -> #INIZIO$) = -25.49860109238186
correctionProbability (#ШИПИЛОВСЕОЙ$ -> #ШИПИЛОВСКОЙ$) = -26.6985962519406
correctionProbability (#ЭЛЛЕКТРИЧЕСКАЯ$ -> #ЭЛЕКТРИЧЕСКАЯ$) = -20.963104953086514
correctionProbability (#КДЕРЖИВАЮТ$ -> #УДЕРЖИВАЮТ$) = -25.111254143035467
correctionProbability (#КАСИНГ$ -> #КАСТИНГ$) = -13.364410050242242
correctionProbability (#FECEBOC$ -> #FACEBOOK$) = -139.47348287740627
correctionProbability (#ПРАСМОТР$ -> #ПРОСМОТР$) = -13.226271382198597
correctionProbability (#КОСМЕТАЛОГИЯЕСКИЕ$ -> #КОСМЕТОЛОГИЧЕСКИЕ$) = -90.95027048548634
correctionProbability (#ВЗЛРМ$ -> #ВЗЛОМ$) = -9.057993872204907
correctionProbability (#ХЭЛОВИН$ -> #ХЭЛЛОУИН$) = -75.53562551879266
correctionProbability (#ЦВЕИА$ -> #ЦВЕТА$) = -8.557766468955304
correctionProbability (#ДИГНИДАТ$ -> #ДИГНИДАД$) = -20.509621330195493
correctionProbability (#СМОТИРЕТЬ$ -> #СМОТРЕТЬ$) = -4.866633504719045
correctionProbability (#ОБНАЖЕНЫХ$ -> #ОБНАЖЕННЫХ$) = -20.56637492381683
correctionProbability (#КОНЫЛИКТ$ -> #КОНФЛИКТ$) = -16.0888537251725
correctionProbability (#ФЕРМИРА$ -> #ФЕРМЕРА$) = -19.03201514331274
correctionProbability (#ПАРТМАНЕ$ -> #ПОРТМОНЕ$) = -82.3105709531763
correctionProbability (#ИМПЕРАТРИЙЦА$ -> #ИМПЕРАТРИЦА$) = -21.17006553575642
correctionProbability (#АРФЕЙС$ -> #ВАРФЕЙС$) = -11.003618727887911
correctionProbability (#МАРОЗ$ -> #МОРОЗ$) = -11.00435491867773
correctionProbability (#ГОСТИНЫЦЫ$ -> #ГОСТИНИЦЫ$) = -14.024641928436644
correctionProbability (#МИЛИРОВАНИЕ$ -> #МЕЛИРОВАНИЕ$) = -19.12044425616766
correctionProbability (#ЧЕРКАССОВА$ -> #ЧЕРКАСОВА$) = -14.639032720958348
correctionProbability (#СИНУВОВАЯ$ -> #СИНУСОВАЯ$) = -21.196197873872556
correctionProbability (#ROUALE$ -> #ROYALE$) = -15.212766066024361
correctionProbability (#КОЛЕКТОР$ -> #КОЛЛЕКТОР$) = -18.137536538107064
correctionProbability (#ВЕТЕРИНАРІЯ$ -> #ВЕТЕРИНАРИЯ$) = -21.99561129074425
correctionProbability (#ВАТСАПП$ -> #ВАТСАП$) = -11.054406582136576
correctionProbability (#ТОКСАКОРОЗ$ -> #ТОКСОКАРОЗ$) = -88.9844631932934
correctionProbability (#ПОЧТ$ -> #ПОЧТА$) = -4.490978479068662
correctionProbability (#NAHIDA$ -> #NAHIDE$) = -20.526520086034278
correctionProbability (#ЛЮМИА$ -> #ЛЮМИЯ$) = -17.0764801799242
correctionProbability (#ЕФРОН$ -> #ЭФРОН$) = -17.302825745107302
correctionProbability (#КРЕПОСНАЯ$ -> #КРЕПОСТНАЯ$) = -17.2630561916531
correctionProbability (#HANKOK$ -> #HANKOOK$) = -17.31229247649312
correctionProbability (#ПОЧУ$ -> #ПОЧТУ$) = -10.85465625689977
correctionProbability (#КОЖДИСПАНСЕР$ -> #КОЖВЕНДИСПАНСЕР$) = -157.41443710192183
correctionProbability (#ПОЦИЛУЙ$ -> #ПОЦЕЛУЙ$) = -13.200220617710116
correctionProbability (#ВАКАЛА$ -> #ВОКАЛА$) = -17.776762132375698
correctionProbability (#КЛЯЕВ$ -> #КАЛЯЕВ$) = -17.56436707894598
correctionProbability (#СМАРТФОНИ$ -> #СМАРТФОНЫ$) = -14.85377725699501
correctionProbability (#КРАСЕАЯ$ -> #КРАСНАЯ$) = -10.139941664875934
correctionProbability (#МВЙЛ$ -> #МАЙЛ$) = -3.6988523376980673
correctionProbability (#ТАЛЕТКИ$ -> #ТАБЛЕТКИ$) = -10.179091699947527
correctionProbability (#ФЕРМИНГ$ -> #ФАРМИНГ$) = -16.841537432609897
correctionProbability (#ТЕТРАБАРАТА$ -> #ТЕТРАБОРАТА$) = -19.513302616325205
correctionProbability (#ПРОСТАН$ -> #ПРОСПАН$) = -19.12286399769289
correctionProbability (#ПСИХОЛГИНИ$ -> #ПСИХОЛОГИНИ$) = -18.349884069030253
correctionProbability (#МИМОКИ$ -> #МИМАКИ$) = -25.825454936606505
correctionProbability (#ОДНОКЛАСМНИКИ$ -> #ОДНОКЛАССНИКИ$) = -11.231411850678597
correctionProbability (#WATRE$ -> #WATER$) = -81.04198179864596
correctionProbability (#ПОЩТА$ -> #ПОШТА$) = -12.315243451726065
correctionProbability (#СТОМОТОЛОГИЧЕСКАЯ$ -> #СТОМАТОЛОГИЧЕСКАЯ$) = -23.22696552551534
correctionProbability (#ОФИЦИАЬНЫЙ$ -> #ОФИЦИАЛЬНЫЙ$) = -7.519103232981578
correctionProbability (#ПРОТИВОПОКАЩАНИЯ$ -> #ПРОТИВОПОКАЗАНИЯ$) = -20.84463123320034
correctionProbability (#ГОССУСЛУГИ$ -> #ГОСУСЛУГИ$) = -11.618373389315046
correctionProbability (#КАПАДО$ -> #ЗАПАДА$) = -80.42036994393834
correctionProbability (#ТРАСПОРТНАЯ$ -> #ТРАНСПОРТНАЯ$) = -17.93079694062441
correctionProbability (#ОТВАРЕННЫХ$ -> #ОТВАРНЫХ$) = -94.04961572079182
correctionProbability (#БОНДИКАМ$ -> #БАНДИКАМ$) = -17.239368801273685
correctionProbability (#СКАЛЬНИКАМ$ -> #ШКОЛЬНИКАМ$) = -86.10951229114707
correctionProbability (#FUUL$ -> #FULL$) = -9.403994718780783
correctionProbability (#ИРУСАЛИМЕ$ -> #ИЕРУСАЛИМЕ$) = -21.04022905780846
correctionProbability (#ГОДЕКС$ -> #КОДЕКС$) = -10.362716554932906
correctionProbability (#ВНГЛ$ -> #АНГЛ$) = -10.893575332819783
correctionProbability (#СООНЦЕ$ -> #СОЛНЦЕ$) = -10.26452565306268
correctionProbability (#РЕШЕЮНИК$ -> #РЕШЕБНИК$) = -11.326865278416733
correctionProbability (#ПАПУРИ$ -> #ПОПУРРИ$) = -82.96780987316767
correctionProbability (#МАРКП$ -> #МАРКЛ$) = -13.853756132556288
correctionProbability (#РЕЛМИ$ -> #РЕДМИ$) = -10.767837455134465
correctionProbability (#МАРКМ$ -> #МАРКИ$) = -10.990699333514957
correctionProbability (#FIGNT$ -> #FIGHT$) = -11.095946879866748
correctionProbability (#ВЫКИПЕДИЯ$ -> #ВИКИПЕДИЯ$) = -9.445258003967652
correctionProbability (#ОАССТРОИЛСЯ$ -> #РАССТРОИЛСЯ$) = -28.350273479733474
correctionProbability (#ЛЮДОВИГ$ -> #ЛЮДОВИК$) = -18.879665035487676
correctionProbability (#ТФАИЛ$ -> #ТФАЙЛ$) = -17.523076284991635
correctionProbability (#ПЛЮСЬ$ -> #ПЛЮС$) = -9.31730647737523
correctionProbability (#БАНКИНК$ -> #БАНКИНГ$) = -10.518880855125445
correctionProbability (#ЦКРАИНЕ$ -> #УКРАИНЕ$) = -9.874973862646556
correctionProbability (#ТРАНСКРИПЦЫЯ$ -> #ТРАНСКРИПЦИЯ$) = -18.80565874215994
correctionProbability (#YOOTOBE$ -> #YOUTUBE$) = -71.12849254494952
correctionProbability (#ПОПРОБОВАТТ$ -> #ПОПРОБОВАТЬ$) = -22.24331479603969
correctionProbability (#ТЕРАДЬ$ -> #ТЕТРАДЬ$) = -9.797344504239788
correctionProbability (#МИЗАПРО$ -> #БИЗЗАРРО$) = -155.3982726534759
correctionProbability (#ANGLSKI$ -> #ANGLISKI$) = -25.46995082744374
correctionProbability (#САДЕРЖАНИЕ$ -> #СОДЕРЖАНИЕ$) = -13.354293722901865
correctionProbability (#ЗАЙНЯТОСТИ$ -> #ЗАНЯТОСТИ$) = -16.10774317765079
correctionProbability (#БЕВУШКА$ -> #ДЕВУШКА$) = -8.578154564174234
correctionProbability (#КМПЬЮТЕР$ -> #КОМПЬЮТЕР$) = -11.905724894724443
correctionProbability (#ШЕРЕКА$ -> #ШРЕКА$) = -18.627684295918296
correctionProbability (#ОДЁЖДА$ -> #ОДЕЖДА$) = -7.613927303201201
correctionProbability (#ЗАСВЕТИ$ -> #ЗАСВЕТЫ$) = -14.324120489772973
correctionProbability (#ВИТИМЫНА$ -> #ВИТАМИНА$) = -81.77395155412681
correctionProbability (#ЖЫВОТНЫХ$ -> #ЖИВОТНЫХ$) = -9.546621820241263
correctionProbability (#БАЛОНЧИК$ -> #БАЛЛОНЧИК$) = -20.461873677053205
correctionProbability (#KAHOT$ -> #KAHOOT$) = -17.99218808622908
correctionProbability (#СТРИГУЧИЙ$ -> #СТРИГУЩИЙ$) = -21.415402671710723
correctionProbability (#СИНКИ$ -> #СВИНКИ$) = -16.171424878685794
correctionProbability (#ЦЕЛЬКИ$ -> #ЦЕЛКИ$) = -15.739939211629963
correctionProbability (#АОЙНА$ -> #ВОЙНА$) = -7.634235046026308
correctionProbability (#РЕСОВАТЬ$ -> #РИСОВАТЬ$) = -11.0646655690257
correctionProbability (#ООЧЕНЬ$ -> #ОЧЕНЬ$) = -9.602193640445858
correctionProbability (#АЛЛЮМИНИЙ$ -> #АЛЮМИНИЙ$) = -19.066196196437488
correctionProbability (#ШТАНМАЙЕРА$ -> #ШТАЙНМАЙЕРА$) = -22.530772465502096
correctionProbability (#РУБЯ$ -> #РУБЛЯ$) = -11.608827653224754
correctionProbability (#АГУРЕЦ$ -> #ОГУРЕЦ$) = -14.073004635941334
correctionProbability (#СБЕРББАНК$ -> #СБЕРБАНК$) = -8.54553353216263
correctionProbability (#СТОРАНЫ$ -> #СТОРОНЫ$) = -12.523628306335553
correctionProbability (#КОНЕФРОН$ -> #КАНЕФРОН$) = -16.29999595356174
correctionProbability (#SETINGS$ -> #SETTINGS$) = -19.8115810447134
correctionProbability (#МВИЛ$ -> #МАЙЛ$) = -68.42974400814273
correctionProbability (#НОГОДНИЙ$ -> #НОВОГОДНИЙ$) = -79.61495395889384
correctionProbability (#MUZIKY$ -> #MUZIKU$) = -18.214648336168327
correctionProbability (#ЧЕЛЯБИНСЕ$ -> #ЧЕЛЯБИНСК$) = -10.313562808415611
correctionProbability (#ПАСТАВИТЬ$ -> #ПОСТАВИТЬ$) = -12.68942179070796
correctionProbability (#ЮТЮБЕР$ -> #ЮТУБЕР$) = -16.757767721719798
correctionProbability (#КАФЕЛ$ -> #КАФЕЛЬ$) = -15.775046232301793
correctionProbability (#ЛУТШЕ$ -> #ЛУЧШЕ$) = -7.366192746877818
correctionProbability (#СПАЛЬНА$ -> #СПАЛЬНЯ$) = -13.249399712362788
correctionProbability (#ПРВЕРОЧНЫЕ$ -> #ПРОВЕРОЧНЫЕ$) = -19.279507648156198
correctionProbability (#ДИЛЬЯ$ -> #ЖИЛЬЯ$) = -11.919551491979082
correctionProbability (#ПРИСТУПЛЕНИЕ$ -> #ПРЕСТУПЛЕНИЕ$) = -19.476638528588182
correctionProbability (#БЕЗДЕОПОЗИТНЫМ$ -> #БЕЗДЕПОЗИТНЫМ$) = -28.60404572260952
correctionProbability (#CALACATA$ -> #CALACATTA$) = -26.87839077245257
correctionProbability (#МОВКСКАМ$ -> #МОВИКСИКАМ$) = -93.35488845468883
correctionProbability (#ТАЛЕТЛК$ -> #ТАБЛЕТОК$) = -81.73545618014546
correctionProbability (#НЯДЕКС$ -> #ЯНДЕКС$) = -70.10926555112103
correctionProbability (#АМУЛЯТОР$ -> #ЭМУЛЯТОР$) = -15.527008036340284
correctionProbability (#ШЕНЯЧИЙ$ -> #ЩЕНЯЧИЙ$) = -9.094162981803414
correctionProbability (#ВИХОДА$ -> #ВЫХОДА$) = -10.722734564559463
correctionProbability (#КАМЕДІ$ -> #КАМЕДИ$) = -9.882530601386524
correctionProbability (#ТАШКЕТЕ$ -> #ТАШКЕНТЕ$) = -14.080339742342716
correctionProbability (#МИЛИАРДЕРЫ$ -> #МИЛЛИАРДЕРЫ$) = -25.73506309128939
correctionProbability (#СПОТЛАЙН$ -> #СПОТЛАЙТ$) = -16.24063602552041
correctionProbability (#АВСЯНИКОВА$ -> #ОВСЯННИКОВА$) = -88.93775209468848
correctionProbability (#ЭМИГРАЦИОННАЯ$ -> #МИГРАЦИОННАЯ$) = -23.87633420629907
correctionProbability (#КРИМЕНАЛЬНАЯ$ -> #КРИМИНАЛЬНАЯ$) = -18.632078560681983
correctionProbability (#СПАЛЬНЫ$ -> #СПАЛЬНИ$) = -12.535165757964236
correctionProbability (#КЛОТ$ -> #КЛОД$) = -13.508372974668308
correctionProbability (#ТЕРАДИ$ -> #ТЕТРАДИ$) = -13.937529997441828
correctionProbability (#ТРИЛЛЕРИ$ -> #ТРИЛЛЕРЫ$) = -14.081902858564938
correctionProbability (#ЗРОМ$ -> #ХРОМ$) = -9.494310090205165
correctionProbability (#HOOGLE$ -> #GOOGLE$) = -5.798848188328943
correctionProbability (#ТОКИА$ -> #ТОКИО$) = -12.108387355129931
correctionProbability (#ИСПОЛЬЗЫВАТЬ$ -> #ИСПОЛЬЗОВАТЬ$) = -17.29098177814852
correctionProbability (#КАСИРА$ -> #КАССИРА$) = -18.04920167214999
correctionProbability (#ГЕРМАНІІ$ -> #ГЕРМАНИИ$) = -76.94871822271737
correctionProbability (#КОНТРО$ -> #КОНТРА$) = -14.880190972000054
correctionProbability (#ОЩИБКУ$ -> #ОШИБКУ$) = -13.83848282778516
correctionProbability (#ГЕРМАНІЇ$ -> #ГЕРМАНИИ$) = -76.9686388426882
correctionProbability (#ДЮСЕЛЬДОРФА$ -> #ДЮССЕЛЬДОРФА$) = -26.846124401870448
correctionProbability (#ФЭСБУК$ -> #ФЕЙСБУК$) = -72.38153538783851
correctionProbability (#ТРАВЯНИСТИХ$ -> #ТРАВЯНИСТЫХ$) = -27.284450554286103
correctionProbability (#БРЮНЕТОЧКИ$ -> #БРЮНЕТКИ$) = -85.88308399893126
correctionProbability (#КАДАСТРОВИЙ$ -> #КАДАСТРОВЫЙ$) = -19.375042350896287
correctionProbability (#ГРЕНЕВА$ -> #ГРИНЕВА$) = -17.693213254154315
correctionProbability (#ИНСТАГНРАМ$ -> #ИНСТАГРАМ$) = -11.013249034208926
correctionProbability (#TRANSLET$ -> #TRANSLATE$) = -78.6515057596799
correctionProbability (#ПРОГНЗ$ -> #ПРОГНОЗ$) = -8.991992647797943
correctionProbability (#КОНТРИ$ -> #КАНТРИ$) = -14.58999975555081
correctionProbability (#ПРОМОТР$ -> #ПРОСМОТР$) = -13.821555667148566
correctionProbability (#КОМБИГРИП$ -> #КОМБИГРИПП$) = -29.336123094076193
correctionProbability (#ПОВЕТОВ$ -> #ПОЛЕТОВ$) = -17.825796369147987
correctionProbability (#РУБЛ$ -> #РУБЛЬ$) = -12.062427389452044
correctionProbability (#ФОЛЬВАГЕН$ -> #ФОЛЬКСВАГЕН$) = -79.95901853471942
correctionProbability (#КОМУНИСТ$ -> #КОММУНИСТ$) = -23.958552161261558
correctionProbability (#ПОПОВНИТЬ$ -> #ПОПОЛНИТЬ$) = -15.777322374461036
correctionProbability (#ХЯОМИ$ -> #СЯОМИ$) = -12.709364552768601
correctionProbability (#SLUSAT$ -> #SLUSHAT$) = -21.82264190159937
correctionProbability (#ДОБЫМ$ -> #ДОБРЫМ$) = -11.298191914053792
correctionProbability (#МОССЕНТ$ -> #МОМЕНТ$) = -79.59867350041752
correctionProbability (#ХОЗЯСТВА$ -> #ХОЗЯЙСТВА$) = -15.036995000787726
correctionProbability (#ПОБЕЛЫ$ -> #ПОБЕДЫ$) = -11.078554520642943
correctionProbability (#ВЗЛОИ$ -> #ВЗЛОМ$) = -9.019572139048588
correctionProbability (#СЕВОСТОПЛЬ$ -> #СЕВАСТОПОЛЬ$) = -80.03050131776632
correctionProbability (#УКАМИ$ -> #РУКАМИ$) = -6.045801088347485
correctionProbability (#ОТАЕТ$ -> #ОТВЕТ$) = -10.188080707176315
correctionProbability (#ФАРКРАФТ$ -> #ВАРКРАФТ$) = -14.635983686983003
correctionProbability (#ФАУС$ -> #ФАУСТ$) = -17.150498179878543
correctionProbability (#MAUNT$ -> #MOUNT$) = -14.3285756377843
correctionProbability (#КОИПЫ$ -> #КЛИПЫ$) = -6.40587942645519
correctionProbability (#ПОЧМАЕР$ -> #ПОЧАЕВ$) = -89.76414882587149
correctionProbability (#GOOGFLE$ -> #GOOGLE$) = -8.36382769787523
correctionProbability (#НОВГОРО$ -> #НОВГОРОД$) = -10.369694310171269
correctionProbability (#КОЛАБРИИ$ -> #КАЛАБРИИ$) = -22.72085367558315
correctionProbability (#ПРИСТУПЛЕНИЯ$ -> #ПРЕСТУПЛЕНИЯ$) = -18.816938358159597
correctionProbability (#ЕЙЧАС$ -> #СЕЙЧАС$) = -8.665611487765918
correctionProbability (#ЕЛЕКТРОЧАЙНИК$ -> #ЭЛЕКТРОЧАЙНИК$) = -24.482330645129196
correctionProbability (#ЕМТАС$ -> #ЕМИАС$) = -11.598712304729514
correctionProbability (#БАЛГАРКЕ$ -> #БОЛГАРКИ$) = -81.48036720343
correctionProbability (#КАКОЙЦ$ -> #КАКОЙ$) = -8.095929622081332
correctionProbability (#ПЕРЕЧИСЛЕНЫХ$ -> #ПЕРЕЧИСЛЕННЫХ$) = -22.121696437989485
correctionProbability (#ОРУЖАЮЩИЙ$ -> #ОКРУЖАЮЩИЙ$) = -14.851032342401034
correctionProbability (#ПОЩЫ$ -> #ПОЗЫ$) = -10.793737897354351
correctionProbability (#ТЕНДЕНЦИ$ -> #ТЕНДЕНЦИИ$) = -17.158193426827893
correctionProbability (#ДЕВИЗИЯ$ -> #ДИВИЗИЯ$) = -16.536082458877736
correctionProbability (#HENDAY$ -> #HYUNDAI$) = -142.09942370053867
correctionProbability (#МУХЗЫКА$ -> #МУЗЫКА$) = -8.02943776942416
correctionProbability (#КЕТЛЕВКА$ -> #КЕТТЛЕВКА$) = -24.622455560565705
correctionProbability (#ПСПОРТ$ -> #ПАСПОРТ$) = -12.209724571973354
correctionProbability (#АТИТА$ -> #ОТИТА$) = -18.674220894594487
correctionProbability (#ОГРЕСИВНЫЙ$ -> #АГРЕССИВНЫЙ$) = -89.96183487415534
correctionProbability (#СМАРТФООН$ -> #СМАРТФОН$) = -14.794479742067253
correctionProbability (#ВАЧЕРИНКИ$ -> #ВЕЧЕРИНКИ$) = -16.94667307020584
correctionProbability (#SASINELEBATA$ -> #SASHINELEBATA$) = -27.878767740185374
correctionProbability (#РАБЬОТА$ -> #РАБОТА$) = -7.438736213164919
correctionProbability (#RXX$ -> #RX$) = -14.64353095645551
correctionProbability (#ОФИСИ$ -> #ОФИСЫ$) = -12.94245272881609
correctionProbability (#ФЕМИЛИ$ -> #ФЭМИЛИ$) = -11.07725540516957
correctionProbability (#PLA2X$ -> #PLAY2X$) = -16.804833483970466
correctionProbability (#РАСТРОЙСТВОМ$ -> #РАССТРОЙСТВОМ$) = -28.948102169783652
correctionProbability (#BESPILATNI$ -> #BESPLATNO$) = -84.55456708491319
correctionProbability (#ЦЕТРАЛЬНОГО$ -> #ЦЕНТРАЛЬНОГО$) = -19.92120681422587
correctionProbability (#БЛАКИРУЕТ$ -> #БЛОКИРУЕТ$) = -21.566842203190234
correctionProbability (#МАГАМАЕВА$ -> #МАГОМАЕВА$) = -19.825474779232174
correctionProbability (#GOODLE$ -> #GOOGLE$) = -5.798028486849507
correctionProbability (#РЭКИТИР$ -> #РЭКЕТИР$) = -17.755347353750622
correctionProbability (#КРАНАР$ -> #КРОНАР$) = -26.37226889566456
correctionProbability (#СЕРЬЯЛЫ$ -> #СЕРИАЛЫ$) = -72.33816250650654
correctionProbability (#УХАЖИВАТЪ$ -> #УХАЖИВАТЬ$) = -15.503229489308339
correctionProbability (#ЛОВИТЬСА$ -> #ЛОВИТЬСЯ$) = -23.252472689251313
correctionProbability (#ДАВЛЕКНОВО$ -> #ДАВЛЕКАНОВО$) = -23.563820167980424
correctionProbability (#ИДЕИИ$ -> #ИДЕИ$) = -10.994954421567595
correctionProbability (#МЕДИАКОНВЕРТОР$ -> #МЕДИАКОНВЕРТЕР$) = -29.17218824187627
correctionProbability (#ЖЕННА$ -> #ЖЕНА$) = -9.571707896314944
correctionProbability (#КОМПЬЮТОРНОГО$ -> #КОМПЬЮТЕРНОГО$) = -23.454523339887942
correctionProbability (#ТАЧКРИН$ -> #ТАЧСКРИН$) = -16.77578571806886
correctionProbability (#АССАЛОМУ$ -> #АССАЛАМУ$) = -23.704182180734705
correctionProbability (#ПИСЬМ$ -> #ПИСЬМО$) = -10.059316306150766
correctionProbability (#ЕРСОН$ -> #ЭПСОН$) = -79.99551352685278
correctionProbability (#МОЖНЕО$ -> #МОЖНО$) = -6.989528454304082
correctionProbability (#ПОДПШЕВЛЕ$ -> #ПОДЕШЕВЛЕ$) = -20.573232171112863
correctionProbability (#PIERE$ -> #PIERRE$) = -18.96685210513088
correctionProbability (#ПАКАЗАНИЕ$ -> #ПОКАЗАНИЯ$) = -74.96877944879162
correctionProbability (#КАРАБЕЛЬНЫЙ$ -> #КОРАБЕЛЬНЫЙ$) = -24.81702841543069
correctionProbability (#ГЕЛЕЖИК$ -> #ГЕЛЕНДЖИК$) = -81.04192626502193
correctionProbability (#НИКАЛАЕВЕ$ -> #НИКОЛАЕВЕ$) = -17.67787905622724
correctionProbability (#EZAIN$ -> #EZAEM$) = -81.73456155055473
correctionProbability (#ЯПОНКИЙ$ -> #ЯПОНСКИЙ$) = -14.121314392733062
correctionProbability (#ОКУЛА$ -> #АКУЛА$) = -11.62982366332503
correctionProbability (#ОФИСС$ -> #ОФИС$) = -10.808148495640271
correctionProbability (#ВАЙЛБДЕРИЗ$ -> #ВАЙЛДБЕРРИЗ$) = -147.03257303674698
correctionProbability (#УХАЖИВАТТ$ -> #УХАЖИВАТЬ$) = -15.498240144564285
correctionProbability (#СВАДББА$ -> #СВАДЬБА$) = -10.503094638495618
correctionProbability (#НОЧКОВО$ -> #НОЧНОГО$) = -80.80976228324532
correctionProbability (#ВЕДМІТЬ$ -> #ВЕДМІДЬ$) = -18.030234861931255
correctionProbability (#ГАЛИАФ$ -> #ГОЛИАФ$) = -17.705834343942367
correctionProbability (#ЦИГАНСКАЯ$ -> #ЦЫГАНСКАЯ$) = -18.67618794587581
correctionProbability (#ЧЕЛЕВЕКА$ -> #ЧЕЛОВЕКА$) = -8.894806496726282
correctionProbability (#ЯПОНКИЕ$ -> #ЯПОНСКИЕ$) = -12.746774113823683
correctionProbability (#МИНИСТТЕРСТВА$ -> #МИНИСТЕРСТВА$) = -20.013034988133818
correctionProbability (#РУСОЕ$ -> #РУССКОЕ$) = -73.2733159897425
correctionProbability (#ВОЙДТИ$ -> #ВОЙТИ$) = -10.536449748728092
correctionProbability (#ВОЛЮТА$ -> #ВАЛЮТА$) = -13.101515160044325
correctionProbability (#КРОСССФАЕР$ -> #КРОССФАЕР$) = -22.061920723865732
correctionProbability (#ПОДАЖУ$ -> #ПРОДАЖУ$) = -14.962634785476205
correctionProbability (#БИДЬБАО$ -> #БИЛЬБАО$) = -19.93912109814856
correctionProbability (#EGIPT$ -> #EGYPT$) = -17.96530390760641
correctionProbability (#ЮТУ4Б$ -> #ЮТУБ$) = -2.7438947158437905
correctionProbability (#ОКУЛЫ$ -> #АКУЛЫ$) = -13.545453667161585
correctionProbability (#СОЧИНЕН$ -> #СОЧИНЕНИЕ$) = -78.19265135308582
correctionProbability (#СЕЛИЧИ$ -> #СИЛИЧИ$) = -22.764736558852974
correctionProbability (#ЛАЙНОВ$ -> #ЛАЙКОВ$) = -15.160876733865909
correctionProbability (#НИХТО$ -> #НІХТО$) = -20.988152820770598
correctionProbability (#ДИВИШНИК$ -> #ДЕВИШНИК$) = -21.114263069190933
correctionProbability (#КРАНАЯ$ -> #КРАСНАЯ$) = -10.643701228769885
correctionProbability (#ПОЗДРАВИТЕОЛЬНЫЕ$ -> #ПОЗДРАВИТЕЛЬНЫЕ$) = -25.986727735258754
correctionProbability (#ГОУППА$ -> #ГРУППА$) = -7.569427656626647
correctionProbability (#БЕПЛАТНЫЕ$ -> #БЕСПЛАТНЫЕ$) = -12.922797040947081
correctionProbability (#STUDIA$ -> #STUDIO$) = -10.000909171775529
correctionProbability (#МАРШРУКИ$ -> #МАРШРУТКИ$) = -17.520950123207207
correctionProbability (#БЛИЗНЕЦИ$ -> #БЛИЗНЕЦЫ$) = -14.237556658426122
correctionProbability (#БЕПЛАТНЫЙ$ -> #БЕСПЛАТНЫЙ$) = -15.413320945842749
correctionProbability (#РЕАКЦИЫ$ -> #РЕАКЦИЯ$) = -13.920491665520885
correctionProbability (#ЯАС$ -> #ЧАС$) = -7.92783669689657
correctionProbability (#ТАМПОНИ$ -> #ТАМПОНЫ$) = -18.29420898205968
correctionProbability (#НЕВИДЕМОСТИ$ -> #НЕВИДИМОСТИ$) = -25.896037830689153
correctionProbability (#СК4АЧАТЬ$ -> #СКАЧАТЬ$) = -5.050297043059016
correctionProbability (#MOVENPIC$ -> #MÖVENPICK$) = -84.61221103420661
correctionProbability (#UNIZOK$ -> #UNISOC$) = -89.40335153926738
correctionProbability (#КАВКР$ -> #КАВЕР$) = -14.450652915071732
correctionProbability (#AFTOBUS$ -> #AVTOBUS$) = -20.954953117881736
correctionProbability (#КАРТИРКА$ -> #КАРТИНКА$) = -7.280953066052717
correctionProbability (#ФМИЛЬМЫ$ -> #ФИЛЬМЫ$) = -6.103594697220597
correctionProbability (#МЫЗЫКАЛЬНЫЕ$ -> #МУЗЫКАЛЬНЫЕ$) = -15.711411634348963
correctionProbability (#ПОДАЖА$ -> #ПРОДАЖА$) = -8.058314992209901
correctionProbability (#ШЕНКОВ$ -> #ЩЕНКОВ$) = -14.50033582167885
correctionProbability (#ДЕВКОЙ$ -> #ДЕВУШКОЙ$) = -79.57309507911367
correctionProbability (#BENGGOOD$ -> #BANGGOOD$) = -21.285763748435315
correctionProbability (#АХИЛЕСОВА$ -> #АХИЛЛЕСОВА$) = -24.749980209241834
correctionProbability (#ДЕВКОМ$ -> #ДЕВКАМ$) = -21.24930815843548
correctionProbability (#КЛИБ$ -> #КЛИП$) = -5.927534557664831
correctionProbability (#КОНДУКТТРА$ -> #КОНДУКТОРА$) = -25.517958598225995
correctionProbability (#УТРОИ$ -> #УТРОМ$) = -9.448352427566181
correctionProbability (#АВТОМОДЕЛЕЙ$ -> #АВТОМОБИЛЕЙ$) = -78.50242209811984
correctionProbability (#НОЬ$ -> #НОЧЬ$) = -8.000433719194614
correctionProbability (#ВЛАГАЩЕ$ -> #ВЛАГАЛИЩЕ$) = -82.34092847239829
correctionProbability (#МУТФИЛМ$ -> #МУЛЬТФИЛЬМ$) = -140.2564521370996
correctionProbability (#ITUNS$ -> #ITUNES$) = -13.811475856265954
correctionProbability (#ВАСНЯ$ -> #ВАНЯ$) = -14.300841393576786
correctionProbability (#РУНЕТК$ -> #РУНЕТКИ$) = -13.354934650721376
correctionProbability (#КОЛЛЕДЖЫ$ -> #КОЛЛЕДЖИ$) = -14.976841103668072
correctionProbability (#ВЫПТСКА$ -> #ВЫПИСКА$) = -12.628300995869623
correctionProbability (#ХИНУЛЬ$ -> #ЖИГУЛЬ$) = -84.94350846219389
correctionProbability (#КДАССА$ -> #КЛАССА$) = -7.646040406543474
correctionProbability (#КАРДАШЯН$ -> #КАРДАШЬЯН$) = -16.552179329353827
correctionProbability (#НОЧ$ -> #НОЧЬ$) = -7.938903323139073
correctionProbability (#ЭЕРОТИКА$ -> #ЭРОТИКА$) = -10.445911024189478
correctionProbability (#ОЕНЛАЙН$ -> #ОНЛАЙН$) = -3.1313091656164147
correctionProbability (#СНРЕБРО$ -> #СЕРЕБРО$) = -12.607460580099428
correctionProbability (#ISTARINA$ -> #ISTORIA$) = -87.69148246642231
correctionProbability (#LANGUGE$ -> #LANGUAGE$) = -17.7394286806363
correctionProbability (#НАРЕЗАНЫАНОЕ$ -> #НАРЕЗАННОЕ$) = -97.85885025033008
correctionProbability (#МИХАЛОВИЧ$ -> #МИХАЙЛОВИЧ$) = -17.078357924392087
correctionProbability (#ЛИГИОН$ -> #ЛЕГИОН$) = -14.487413767677925
correctionProbability (#ТБИЛИСМ$ -> #ТБИЛИСИ$) = -14.719946579796684
correctionProbability (#ОСНАСКА$ -> #ОСНАСТКА$) = -17.964913503393497
correctionProbability (#WHATCAPP$ -> #WHATSAPP$) = -12.334873517656334
correctionProbability (#БИБЛТОТЕКА$ -> #БИБЛИОТЕКА$) = -14.494985431674074
correctionProbability (#ОСВИТИ$ -> #ОСВІТИ$) = -16.13617919653822
correctionProbability (#ТЕГРАМ$ -> #ТЕЛЕГРАММ$) = -145.65970356475373
correctionProbability (#БЛАГОВЕЩЕНСКИ$ -> #БЛАГОВЕЩЕНСКЕ$) = -20.830934066540166
correctionProbability (#РИБОЛОВНИЙ$ -> #РЫБОЛОВНЫЙ$) = -82.54682584492352
correctionProbability (#КАВКА$ -> #КАФКА$) = -17.6802011281416
correctionProbability (#СЕНСЕР$ -> #СЕНСОР$) = -16.340869393631703
correctionProbability (#НООТБУКА$ -> #НОУТБУКА$) = -12.886944572927732
correctionProbability (#ОБУЧЕНЕ$ -> #ОБУЧЕНИЕ$) = -11.1795970417569
correctionProbability (#ОТЛАТЫ$ -> #ОПЛАТЫ$) = -12.4161996572326
correctionProbability (#МОНИКЕН$ -> #МАНЕКЕН$) = -80.63611853382706
correctionProbability (#МАСКИТЫ$ -> #МОСКИТЫ$) = -24.67112909215406
correctionProbability (#ОБУЧЕНИ$ -> #ОБУЧЕНИЯ$) = -13.158420595603594
correctionProbability (#РЫБЫЛКЕ$ -> #РЫБАЛКЕ$) = -14.520477831699125
correctionProbability (#ЛЕЕНТА$ -> #ЛЕНТА$) = -10.425221031490128
correctionProbability (#ЛЕНОБОД$ -> #ЛЕНОВО$) = -80.26879568164661
correctionProbability (#ЙОДАМАРИН$ -> #ЙОДОМАРИН$) = -20.673579034574693
correctionProbability (#СТАНОЧКИ$ -> #СТАНКИ$) = -83.3508328956631
correctionProbability (#ЭЛЬДАРИЯ$ -> #ЭЛДАРИЯ$) = -21.864301221603817
correctionProbability (#ДОЕЖАТЬ$ -> #ДОЕХАТЬ$) = -11.446814502068285
correctionProbability (#БУКВЕНЫЙ$ -> #БУКВЕННЫЙ$) = -18.298803630999686
correctionProbability (#РОССНЕФТЬ$ -> #РОСНЕФТЬ$) = -18.281098071305813
correctionProbability (#АВТОМБИЛЬ$ -> #АВТОМОБИЛЬ$) = -13.6193262311468
correctionProbability (#RYS$ -> #RUS$) = -10.635520214778435
correctionProbability (#ПОУК$ -> #ПАУК$) = -6.241181394048436
correctionProbability (#АДОН$ -> #АДДОН$) = -17.576178688148207
correctionProbability (#СЧАС$ -> #СЕЙЧАС$) = -74.02851022013904
correctionProbability (#ЛУТЧЕ$ -> #ЛУЧШЕ$) = -75.22278484502242
correctionProbability (#ФІЛЬТРА$ -> #ФИЛЬТРА$) = -13.398940693688722
correctionProbability (#ИНТИМИСИТИ$ -> #ИНТИМСИТИ$) = -19.305190577018344
correctionProbability (#МЕНЬЕНЫ$ -> #МИНЬОНЫ$) = -79.26244089200928
correctionProbability (#МЕДИКОМЕНТОЗНОЕ$ -> #МЕДИКАМЕНТОЗНОЕ$) = -27.468304510007805
correctionProbability (#СКАЧАСТЬ$ -> #СКАЧАТЬ$) = -4.972176266641865
correctionProbability (#ЭЛЕКТОРННАЯ$ -> #ЭЛЕКТРОННАЯ$) = -81.26003755846023
correctionProbability (#ПАДОЛЬСК$ -> #ПОДОЛЬСК$) = -13.600646555060415
correctionProbability (#НРА$ -> #НА$) = 0.17471298229555643
correctionProbability (#ЗДАЧЕЙ$ -> #СДАЧЕЙ$) = -18.475432347253072
correctionProbability (#БЕКИНСЭЙЛ$ -> #БЕКИНСЕЙЛ$) = -20.577719946711618
correctionProbability (#ДЕКОРОТИВНО$ -> #ДЕКОРАТИВНО$) = -21.80164287636532
correctionProbability (#ДАДРОСТКИ$ -> #ПОДРОСТКИ$) = -79.14873875776736
correctionProbability (#НИВНИК$ -> #ДНЕВНИК$) = -72.32753747730474
correctionProbability (#ПОЧК$ -> #ПОЧКИ$) = -13.183246446180494
correctionProbability (#ВЛАДИМРСКАЯ$ -> #ВЛАДИМИРСКАЯ$) = -20.96702301960564
correctionProbability (#АДМИНИСТАРЦИЯ$ -> #АДМИНИСТРАЦИЯ$) = -84.71350235760508
correctionProbability (#ФЛЮРОГРАФ$ -> #ФЛЮОРОГРАФ$) = -28.16866500408235
correctionProbability (#МЕТРАЛЬНОГО$ -> #МИТРАЛЬНОГО$) = -23.640026265374487
correctionProbability (#СЕСОНВАР$ -> #СЕЗОНВАР$) = -18.647224368470653
correctionProbability (#ДЕСТАНЦИИ$ -> #ДИСТАНЦИИ$) = -20.148985883663258
correctionProbability (#НОРИПРЕЛ$ -> #НОЛИПРЕЛ$) = -18.936634480224555
correctionProbability (#РАСКОТОВ$ -> #РАСХОДОВ$) = -79.62728424203422
correctionProbability (#КУПИЬТ$ -> #КУПИТЬ$) = -69.21422194429636
correctionProbability (#НАУЧИТЬСЧ$ -> #НАУЧИТЬСЯ$) = -14.258394777512102
correctionProbability (#РАМКЕНСКОЕ$ -> #РАМЕНСКОЕ$) = -16.26909937403446
correctionProbability (#ДИВИТИС$ -> #ДИВИТИСЬ$) = -17.156449857677607
correctionProbability (#СЕРЮ$ -> #СЕРИЯ$) = -67.62563920940686
correctionProbability (#ПОДРЛСТКИ$ -> #ПОДРОСТКИ$) = -14.484144356214458
correctionProbability (#ВАСИЛЕВО$ -> #ВАСИЛЬЕВА$) = -81.61412868541993
correctionProbability (#ОБАЛСТЬ$ -> #ОБЛАСТЬ$) = -75.28006886426196
correctionProbability (#БЕЛЛОРУСКИЕ$ -> #БЕЛОРУССКИЕ$) = -86.4482301078445
correctionProbability (#ФАРИКА$ -> #ФАБРИКА$) = -11.403968535880495
correctionProbability (#КУПИЬИ$ -> #КУПИТЬ$) = -69.20920570480179
correctionProbability (#ДИКЛОФИНАКА$ -> #ДИКЛОФЕНАКА$) = -26.330506688805606
correctionProbability (#КРИЛОВ$ -> #КРЫЛОВ$) = -13.985246390019338
correctionProbability (#МНДВЕДЬ$ -> #МЕДВЕДЬ$) = -5.150227979126276
correctionProbability (#ПОДКЛЮЧИТТ$ -> #ПОДКЛЮЧИТЬ$) = -13.566890831618373
correctionProbability (#САЛЕНТБЛОКОВ$ -> #САЙЛЕНТБЛОКОВ$) = -24.1630409250549
correctionProbability (#АНДЕАС$ -> #АНДРЕАС$) = -12.375067990241135
correctionProbability (#ПРЕЗЕНТПЦИЯ$ -> #ПРЕЗЕНТАЦИЯ$) = -12.177723903770556
correctionProbability (#AHY$ -> #AJY$) = -16.4363274779822
correctionProbability (#ГЛАВЫЙ$ -> #ГЛАВНЫЙ$) = -12.398295584132569
correctionProbability (#MANGROWE$ -> #MANGROVE$) = -23.151317287576475
correctionProbability (#УРСОСАЛ$ -> #УРСОСАН$) = -15.666023811056107
correctionProbability (#ПОЧА$ -> #ПОЧТА$) = -4.43912046578302
correctionProbability (#СУСПИЛЬСТВО$ -> #СУСПІЛЬСТВО$) = -25.50024521767274
correctionProbability (#ЛИБЕРЕЯ$ -> #ЛИБЕРИЯ$) = -19.036039409674892
correctionProbability (#КОФЕМАШИНКА$ -> #КОФЕМАШИНА$) = -20.13610803327615
correctionProbability (#СЕПИАЛ$ -> #СЕРИАЛ$) = -4.0987272878538725
correctionProbability (#ЗАПЕСИ$ -> #ЗАПИСИ$) = -11.604667691899596
correctionProbability (#МАЕКРАФТ$ -> #МАЙНКРАФТ$) = -73.224694854909
correctionProbability (#ВНИМАЕТЕ$ -> #ВНИМАНИЕ$) = -77.85793433341938
correctionProbability (#АЛВАНТ$ -> #АДВАНТ$) = -20.65943751463868
correctionProbability (#ПУЧИНИ$ -> #ПУЧЧИНИ$) = -22.16698661617926
correctionProbability (#SEKSLER$ -> #SEKISLER$) = -16.868360233276782
correctionProbability (#АНАНТАВАТІ$ -> #АНАНТАВАТИ$) = -26.27729847176247
correctionProbability (#ПРОИШЕСТВ$ -> #ПРОИСШЕСТВИЯ$) = -148.09304427792966
correctionProbability (#ТОЕРНТ$ -> #ТОРРЕНТ$) = -72.89191800680354
correctionProbability (#ЗАДАНОЙ$ -> #ЗАДАННОЙ$) = -20.85334114692732
correctionProbability (#РАОЧЕРОВАНИЕ$ -> #РАЗОЧАРОВАНИЕ$) = -88.72827289848435
correctionProbability (#БИШКЕККЕ$ -> #БИШКЕКЕ$) = -16.319041097311427
correctionProbability (#ПОЗНОВАТЕЛЬНОГО$ -> #ПОЗНАВАТЕЛЬНОГО$) = -28.582130650321574
correctionProbability (#СИМУЛАТР$ -> #СИМУЛЯТОР$) = -78.33421059983364
correctionProbability (#ШАКЩЕ$ -> #ШАКШЕ$) = -21.37601046017576
correctionProbability (#ПРИМЕРЗАНИЯ$ -> #ПРОМЕРЗАНИЯ$) = -23.116179691648412
correctionProbability (#РРУССКОЕ$ -> #РУССКОЕ$) = -9.88564260977629
correctionProbability (#ПОСЛЕНИЕ$ -> #ПОСЛЕДНИЕ$) = -9.921965099900838
correctionProbability (#РЕИНКОРНАЦИЯ$ -> #РЕИНКАРНАЦИЯ$) = -21.821087081630814
correctionProbability (#ФАРД$ -> #ФОРД$) = -7.593791780770335
correctionProbability (#СЕЗДИТЬ$ -> #СЪЕЗДИТЬ$) = -18.96824189172677
correctionProbability (#АДМИНИСТАРЦИИ$ -> #АДМИНИСТРАЦИИ$) = -85.78003166364392
correctionProbability (#СЕРИ$ -> #СЕРИЯ$) = -2.836544827408691
correctionProbability (#ВАСИЛЕВА$ -> #ВАСИЛЬЕВА$) = -16.886561857472678
correctionProbability (#ЛЕПТУАЛЬ$ -> #ЛЕТУАЛЬ$) = -14.399079292507963
correctionProbability (#АНЕЛИ$ -> #ПАНЕЛИ$) = -10.839566997093382
correctionProbability (#КИСЛОЬА$ -> #КИСЛОТА$) = -12.131182888059342
correctionProbability (#ЬРАВЛ$ -> #БРАВЛ$) = -7.724466462453858
correctionProbability (#КАЛАШЬ$ -> #КАЛАШ$) = -19.645088331365418
correctionProbability (#СИНОЙ$ -> #СПИНОЙ$) = -12.556269034872134
correctionProbability (#ВРОДИ$ -> #ВРОДЕ$) = -17.260965629621925
correctionProbability (#CENTAR$ -> #CENTER$) = -14.734791894667314
correctionProbability (#DOWNLOADERS$ -> #DOWNLOADER$) = -20.203115608483053
correctionProbability (#ОТРАВИТСЯ$ -> #ОТРАВИТЬСЯ$) = -24.626175480169763
correctionProbability (#СИНОК$ -> #СЫНОК$) = -12.80955489239425
correctionProbability (#ВАДРЕСА$ -> #АДРЕСА$) = -12.146481201030245
correctionProbability (#ПРОЧИТАНОМ$ -> #ПРОЧИТАННОМ$) = -27.213461821692547
correctionProbability (#СУБАЧЕВ$ -> #СУБОЧЕВ$) = -32.9144363627028
correctionProbability (#СУШПИ$ -> #СУШИ$) = -9.750082064665836
correctionProbability (#КРАСНОКУТСЬК$ -> #КРАСНОКУТСК$) = -29.797023456816376
correctionProbability (#ЖЕНКИЙ$ -> #ЖЕНСКИЙ$) = -10.73223341275638
correctionProbability (#ХЭЛЛОВИН$ -> #ХЭЛЛОУИН$) = -10.214588609762167
correctionProbability (#ДУРАВИТ$ -> #ДЮРАВИТ$) = -25.49681885347244
correctionProbability (#ОСТИОХОНДРОЗ$ -> #ОСТЕОХОНДРОЗ$) = -20.22823863893256
correctionProbability (#БЕРГОФ$ -> #БЕРГОФФ$) = -24.01877090293651
correctionProbability (#СЕТРА$ -> #СЕСТРА$) = -11.043467192645696
correctionProbability (#АРХЕТИКТУРЫ$ -> #АРХИТЕКТУРЫ$) = -83.87566337662236
correctionProbability (#ОССЕНИЕ$ -> #ОСЕННИЕ$) = -77.16555609942058
correctionProbability (#ИССКУСТВЕННЫЙ$ -> #ИСКУССТВЕННЫЙ$) = -88.33415138540863
correctionProbability (#МАРШРУКА$ -> #МАРШРУТКА$) = -16.38763808457719
correctionProbability (#УТРРМ$ -> #УТРОМ$) = -9.489832058037397
correctionProbability (#ФРІБІТКОЙН$ -> #ФРИБИТКОИН$) = -153.41827957933165
correctionProbability (#МУЖСКОВО$ -> #МУЖСКОГО$) = -16.264081664189185
correctionProbability (#ПОЛІЦЕЙСЬКІЙ$ -> #ПОЛІЦЕЙСЬКИЙ$) = -27.230977929398883
correctionProbability (#ЖЕНКИЕ$ -> #ЖЕНСКИЕ$) = -9.144499756890546
correctionProbability (#ЭКЗОДУС$ -> #ЭКСОДУС$) = -19.445794547027376
correctionProbability (#МАЛЮСКОВ$ -> #МОЛЛЮСКОВ$) = -86.19260285029245
correctionProbability (#КЛКИ$ -> #ЕЛКИ$) = -12.05084198062315
correctionProbability (#ИССКУСТВЕННЫЕ$ -> #ИСКУССТВЕННЫЕ$) = -89.23208588751594
correctionProbability (#ДИЧНЫЙ$ -> #ЛИЧНЫЙ$) = -4.19651820466461
correctionProbability (#БОЛКОНЕ$ -> #БАЛКОНЕ$) = -14.839861535728225
correctionProbability (#ЗАПЕСЬ$ -> #ЗАПИСЬ$) = -8.419144178606032
correctionProbability (#АСВАЛЬТ$ -> #АСФАЛЬТ$) = -16.024735525493526
correctionProbability (#ШЕРЕМЕНТЬЕВО$ -> #ШЕРЕМЕТЬЕВО$) = -18.712301321100313
correctionProbability (#КОМТРОМА$ -> #КОСТРОМА$) = -12.818946403428036
correctionProbability (#КАПСТА$ -> #КАПУСТА$) = -11.503725478955658
correctionProbability (#OFFICAL$ -> #OFFICIAL$) = -17.731762051967515
correctionProbability (#ЛОПИС$ -> #ЛОПЕС$) = -13.644349773214405
correctionProbability (#НАИКРОТЧАЙШЕЕ$ -> #НАИКРАТЧАЙШЕЕ$) = -38.69504972335423
correctionProbability (#АДИНОКИЙ$ -> #ОДИНОКИЙ$) = -14.757016266292524
correctionProbability (#ЛАВЛЕНИЕ$ -> #ДАВЛЕНИЕ$) = -12.378048243460682
correctionProbability (#ДОВАЛ$ -> #ДАВАЛ$) = -19.71093495026754
correctionProbability (#ПЕРЕВООДЧИК$ -> #ПЕРЕВОДЧИК$) = -11.134663670218082
correctionProbability (#МЕТОСТАЗ$ -> #МЕТАСТАЗ$) = -22.728382665528237
correctionProbability (#ТЕРАСНАЯ$ -> #ТЕРРАСНАЯ$) = -18.98258240582188
correctionProbability (#НОВЛСИБИРСК$ -> #НОВОСИБИРСК$) = -12.430108581539685
correctionProbability (#ЧУНЖА$ -> #ЧУНДЖА$) = -18.98641123672221
correctionProbability (#ПРРВЕРИТЬ$ -> #ПРОВЕРИТЬ$) = -10.615246734743586
correctionProbability (#ПОЛИЭСТР$ -> #ПОЛИЭСТЕР$) = -20.727740176603852
correctionProbability (#ДЕВУШКЕЙ$ -> #ДЕВУШКОЙ$) = -13.678869964073229
correctionProbability (#ЗАПЛОТИЛ$ -> #ЗАПЛАТИЛ$) = -21.242824468890795
correctionProbability (#КЛКБ$ -> #КЛУБ$) = -6.63135910942988
correctionProbability (#АЛЬБОМИ$ -> #АЛЬБОМЫ$) = -13.807730452639362
correctionProbability (#ЖЭНШИНЫ$ -> #ЖЕНЩИНЫ$) = -73.08003994239066
correctionProbability (#UNIZLO$ -> #UNIQLO$) = -17.09170187960395
correctionProbability (#ВАКАНС$ -> #ВАКАНСИИ$) = -74.07531038248527
correctionProbability (#ЛУТШЫЕ$ -> #ЛУЧШИЕ$) = -71.64554565935373
correctionProbability (#ВАКАНТ$ -> #ВАКАНСИИ$) = -138.84677743741884
correctionProbability (#ЛАЙКІ$ -> #ЛАЙКИ$) = -12.463362147534088
correctionProbability (#НЕМЕЦКА$ -> #НЕМЕЦКАЯ$) = -15.83254375571483
correctionProbability (#МЕЛЕНЬКИЙ$ -> #МАЛЕНЬКИЙ$) = -12.834686894900436
correctionProbability (#МАРИА$ -> #МОРИА$) = -14.744325311767835
correctionProbability (#MVDEO$ -> #MVIDEO$) = -13.595076333716047
correctionProbability (#КРЕПЯТЬСЯ$ -> #КРЕПЯТСЯ$) = -22.761851345322647
correctionProbability (#СБЕРБАКА$ -> #СБЕРБАНКА$) = -13.15728814119364
correctionProbability (#ШИРИФТ$ -> #ШРИФТ$) = -14.541413231210893
correctionProbability (#ИССКУСТВЕННЫХ$ -> #ИСКУССТВЕННЫХ$) = -90.39870832680914
correctionProbability (#АДРЕ$ -> #АДРЕС$) = -8.619617713300958
correctionProbability (#ХУАБАОШИ$ -> #ХУАБОШИ$) = -35.48236716768248
correctionProbability (#CENPION$ -> #CHAMPION$) = -144.7122899859114
correctionProbability (#ПОЗЕТИВ$ -> #ПОЗИТИВ$) = -16.958961439221945
correctionProbability (#ВАРЕННОГО$ -> #ВАРЕНОГО$) = -23.364333993814334
correctionProbability (#ОСННЬ$ -> #ОСЕНЬ$) = -5.427863720918957
correctionProbability (#ЛУБВИ$ -> #ЛЮБВИ$) = -7.260321538309068
correctionProbability (#МАРИИНСКИХ$ -> #МАРИАНСКИХ$) = -24.498100539267725
correctionProbability (#ОБАЛСТИ$ -> #ОБЛАСТИ$) = -73.93717645830559
correctionProbability (#WESTI$ -> #VESTI$) = -16.67262415302878
correctionProbability (#СТЕРАТЕЛИ$ -> #СТИРАТЕЛИ$) = -19.37216228753558
correctionProbability (#ИМЕНИНИКЕ$ -> #ИМЕНИННИКЕ$) = -36.20827721355165
correctionProbability (#ЛЕЯТЕЛЬНОСТИ$ -> #ДЕЯТЕЛЬНОСТИ$) = -15.803469860520316
correctionProbability (#ДЕСБИ$ -> #ЛЕСБИ$) = -9.691260792269919
correctionProbability (#СПЕЦАЛЬНОСТИ$ -> #СПЕЦИАЛЬНОСТИ$) = -20.932421158802995
correctionProbability (#ТУАЛЕТИ$ -> #ТУАЛЕТЕ$) = -13.309050546615964
correctionProbability (#СИГОРЕТ$ -> #СИГАРЕТ$) = -14.412096108648655
correctionProbability (#ПОХО$ -> #ПЛОХО$) = -11.906779050973359
correctionProbability (#СОЕДЕНИТЕЛЬНЫЙ$ -> #СОЕДИНИТЕЛЬНЫЙ$) = -25.89620943318684
correctionProbability (#СТРАСНО$ -> #СТРАСТНО$) = -20.64673060169539
correctionProbability (#АДРС$ -> #АДРЕС$) = -8.679171465280099
correctionProbability (#КОЛЬПІТ$ -> #КОЛЬПИТ$) = -16.02077071854862
correctionProbability (#AII$ -> #ALL$) = -72.39355074118795
correctionProbability (#ИВАЛИДНОСТИ$ -> #ИНВАЛИДНОСТИ$) = -20.904283112605654
correctionProbability (#ПРИГОТОВЛЕНИ$ -> #ПРИГОТОВЛЕНИЯ$) = -18.079555085815834
correctionProbability (#БУЛЕМИЯ$ -> #БУЛИМИЯ$) = -20.047996727949517
correctionProbability (#АДИНОКИХ$ -> #ОДИНОКИХ$) = -18.427710464246523
correctionProbability (#ИЗУМРУТ$ -> #ИЗУМРУД$) = -16.56381887824095
correctionProbability (#ИГОТОВЛЕНИЕ$ -> #ИЗГОТОВЛЕНИЕ$) = -15.887175622718495
correctionProbability (#ИНДЕНТИФИКАЦИЯ$ -> #ИДЕНТИФИКАЦИЯ$) = -25.18718056884059
correctionProbability (#ВАСАЛ$ -> #ВАССАЛ$) = -21.50663033327292
correctionProbability (#HAZIMA$ -> #NAZIMA$) = -23.250801814085932
correctionProbability (#ЦЕПЛЕНИЯ$ -> #СЦЕПЛЕНИЯ$) = -16.18713276654102
correctionProbability (#РУССЬ$ -> #РУСЬ$) = -13.037575715400767
correctionProbability (#ПИОНИСТЫЕ$ -> #ПИАНИСТЫ$) = -90.28205797472549
correctionProbability (#ЧИКАТИЛА$ -> #ЧИКАТИЛО$) = -18.80538467940388
correctionProbability (#ДЕЛЬНИЙ$ -> #ДЕЛЬНЫЙ$) = -18.435797436534216
correctionProbability (#ЧЕЗОЛ$ -> #ЧЕХОЛ$) = -9.980222245994153
correctionProbability (#ЧЕЗОН$ -> #СЕЗОН$) = -2.205112441691032
correctionProbability (#СЕТРЫ$ -> #СЕСТРЫ$) = -12.079713977770343
correctionProbability (#ANHSCCE$ -> #ANHASCE$) = -81.75962005776839
correctionProbability (#МАЛІБУ$ -> #МАЛИБУ$) = -13.71369421744284
correctionProbability (#ОПРЕДЕЛНИЯ$ -> #ОПРЕДЕЛЕНИЯ$) = -17.86593087149572
correctionProbability (#УОТОРЫЙ$ -> #КОТОРЫЙ$) = -10.949917581054557
correctionProbability (#AJU$ -> #AJY$) = -16.436681051057345
correctionProbability (#ДАНКА$ -> #ДАНКО$) = -16.659204996350862
correctionProbability (#БЪЕТ$ -> #БЬЕТ$) = -14.2391729943857
correctionProbability (#МОДРН$ -> #МОДЕРН$) = -12.638373240664212
correctionProbability (#РУССС$ -> #РУСС$) = -16.02255101719452
correctionProbability (#УКРГЕТ$ -> #УКРНЕТ$) = -9.859326530359215
correctionProbability (#ТОРФЭЙС$ -> #ТОПФЕЙС$) = -80.04241188124689
correctionProbability (#ЧЕЛЯБИНКЕ$ -> #ЧЕЛЯБИНСКЕ$) = -14.152354716677934
correctionProbability (#ГНИДИ$ -> #ГНИДЫ$) = -17.736260873158127
correctionProbability (#РАЗРУШЕЙ$ -> #РАЗРУШАЙ$) = -28.3729433008572
correctionProbability (#КАЖДАМУ$ -> #КАЖДОМУ$) = -14.313936857887597
correctionProbability (#ЯЕМ$ -> #ЧЕМ$) = -4.719169396380696
correctionProbability (#ПРВЕЗТИ$ -> #ПРИВЕЗТИ$) = -16.274976289854123
correctionProbability (#БРУСОВЫЙ$ -> #БРУСОВОЙ$) = -24.065943224538636
correctionProbability (#ДОКТЕР$ -> #ДОКТОР$) = -7.878311046474561
correctionProbability (#SINORITA$ -> #SENORITA$) = -18.76065806539885
correctionProbability (#ДЕЛАТЬТ$ -> #ДЕЛАТЬ$) = -9.676567560960901
correctionProbability (#НАПИТСЯ$ -> #НАПИТЬСЯ$) = -23.115597747878887
correctionProbability (#ЧЕРВИЮ$ -> #ЧЕРВИ$) = -15.331578233698284
correctionProbability (#ОТКПЫТЬ$ -> #ОТКРЫТЬ$) = -10.147531550532968
correctionProbability (#СКЕЙТАМ$ -> #СКЕЙТОМ$) = -24.18055826397007
correctionProbability (#КРССВОРДЫ$ -> #КРОССВОРДЫ$) = -15.607177375270702
correctionProbability (#МЕДИКОМЕНТЫ$ -> #МЕДИКАМЕНТЫ$) = -23.459952278531198
correctionProbability (#ВОЕМЧ$ -> #ВРЕМЯ$) = -70.71229614945324
correctionProbability (#SPCES$ -> #SPACES$) = -13.23645012907021
correctionProbability (#ПОРНОАКТРИСС$ -> #ПОРНОАКТРИС$) = -27.358588733021065
correctionProbability (#ОРЕОНА$ -> #ОРИОНА$) = -16.60193393472723
correctionProbability (#ОККИ$ -> #ОКИ$) = -16.490693642733245
correctionProbability (#ВИНЕКНЕННЯ$ -> #ВИНИКНЕННЯ$) = -21.841700725991338
correctionProbability (#СОТРУДНЕЧЕСТВО$ -> #СОТРУДНИЧЕСТВО$) = -24.093035536983948
correctionProbability (#ОБМКНА$ -> #ОБМЕНА$) = -11.46672423884333
correctionProbability (#БЕПЛАТНОЕ$ -> #БЕСПЛАТНОЕ$) = -15.257851326277127
correctionProbability (#СЕТРО$ -> #МЕТРО$) = -6.32564760365366
correctionProbability (#КРАССНЫЕ$ -> #КРАСНЫЕ$) = -14.756682050911863
correctionProbability (#МАРИНСКОЕ$ -> #МАРИИНСКОЕ$) = -29.96826110581867
correctionProbability (#SHARFMODA$ -> #SHAREMODS$) = -99.78629241597788
correctionProbability (#УЧЕНИЦИ$ -> #УЧЕНИЦЫ$) = -18.8151324281178
correctionProbability (#НАХОДИШСЯ$ -> #НАХОДИШЬСЯ$) = -25.02558614453647
correctionProbability (#LINKOLN$ -> #LINCOLN$) = -19.018161809909223
correctionProbability (#УСЛОВЕЯХ$ -> #УСЛОВИЯХ$) = -8.881275184745924
correctionProbability (#ЗОВОДСКИХ$ -> #ЗАВОДСКИХ$) = -19.175207728853223
correctionProbability (#МАРДУ$ -> #МААРДУ$) = -23.277276225131615
correctionProbability (#СОПРОВАЖДАЮЩАЯ$ -> #СОПРОВОЖДАЮЩАЯ$) = -29.65844530869869
correctionProbability (#ЗАДОЛЖНОСТЬ$ -> #ЗАДОЛЖЕННОСТЬ$) = -84.15790398736542
correctionProbability (#ЗНАЧТ$ -> #ЗНАЧИТ$) = -10.072708148791921
correctionProbability (#СТЕРИАЛИЗАЦИИ$ -> #СТЕРИЛИЗАЦИИ$) = -22.807157313072942
correctionProbability (#YOTYBE$ -> #YOUTUBE$) = -71.73024652560643
correctionProbability (#WAFACE$ -> #WARFACE$) = -14.07699639386066
correctionProbability (#СВЕДИНЕЙ$ -> #СВЕДЕНИЙ$) = -81.09696957278491
correctionProbability (#MORDER$ -> #MURDER$) = -17.486381616049886
correctionProbability (#КАКОСА$ -> #КОКОСА$) = -19.53465447722935
correctionProbability (#ПОЕДИТ$ -> #ПОЕДЕТ$) = -19.43417849033209
correctionProbability (#ПЕРЕГРУСКА$ -> #ПЕРЕГРУЗКА$) = -24.402147456945286
correctionProbability (#ОПРЕДЕЛНИЕ$ -> #ОПРЕДЕЛЕНИЕ$) = -15.958450289457907
correctionProbability (#ПЕРЗЕНТАЦИЯ$ -> #ПРЕЗЕНТАЦИЯ$) = -79.9822841418549
correctionProbability (#WILDBERIES$ -> #WILDBERRIES$) = -15.959017890674573
correctionProbability (#КАКОРЙ$ -> #КАКОЙ$) = -8.052440880091464
correctionProbability (#ФРАНТОНА$ -> #ФРОНТОНА$) = -21.693713197568066
correctionProbability (#ОВЕЧЕЙ$ -> #ОВЕЧЬЕЙ$) = -18.91463735225542
correctionProbability (#АНГДИЙСКОМ$ -> #АНГЛИЙСКОМ$) = -11.961533229475428
correctionProbability (#ВРЯМЯ$ -> #ВРЕМЯ$) = -5.98852251508244
correctionProbability (#ПЕРЕОД$ -> #ПЕРЕВОД$) = -8.926257112669624
correctionProbability (#ПРОМЫШЛЕННЛСТЬ$ -> #ПРОМЫШЛЕННОСТЬ$) = -23.046399969493393
correctionProbability (#AYDIO$ -> #AUDIO$) = -12.642652879200316
correctionProbability (#OMLINE$ -> #ONLINE$) = -8.208933059452303
correctionProbability (#ЦЕПЛЕНКА$ -> #ЦЫПЛЕНКА$) = -18.34690789848689
correctionProbability (#ПОСЛЕНИЙ$ -> #ПОСЛЕДНИЙ$) = -11.056523478948257
correctionProbability (#СЕЙТ$ -> #САЙТ$) = -0.5260435021111576
correctionProbability (#ИСТАНБУЛА$ -> #СТАМБУЛА$) = -82.57212723142622
correctionProbability (#СЕНАРИЙ$ -> #СЦЕНАРИЙ$) = -12.647815892824937
correctionProbability (#НАВИЩО$ -> #НАВІЩО$) = -22.13685539341033
correctionProbability (#АНДЕРЫ$ -> #АНДЕРИ$) = -16.441182696671095
correctionProbability (#ОБРАЗРВАНИЯ$ -> #ОБРАЗОВАНИЯ$) = -13.461346727970444
correctionProbability (#ИМГРЫ$ -> #ИГРЫ$) = -4.92435714498146
correctionProbability (#БИЦЕЛИН$ -> #БИЦИЛЛИН$) = -87.2047073267841
correctionProbability (#МАРЕЙ$ -> #МОРЕЙ$) = -13.804344102979986
correctionProbability (#КОМПЬЮТЕРНИЙ$ -> #КОМПЬЮТЕРНЫЙ$) = -18.450841869181325
correctionProbability (#CEVIN$ -> #KEVIN$) = -14.284035656530545
correctionProbability (#СТАРЗИТ$ -> #СТАРХИТ$) = -12.592572738791603
correctionProbability (#MINEQRAFT$ -> #MINECRAFT$) = -12.527808405273582
correctionProbability (#АМЕРКАН$ -> #АМЕРИКАН$) = -18.855006808183028
correctionProbability (#РАСКАКСОВКА$ -> #РАСКОКСОВКА$) = -23.13294261140412
correctionProbability (#ПЭСНЯ$ -> #ПЕСНЯ$) = -3.7372705946502194
correctionProbability (#ТОКОЙ$ -> #ТАКОЙ$) = -9.979523681478678
correctionProbability (#САКЧАТ$ -> #СКАЧАТЬ$) = -135.62310327205137
correctionProbability (#МОЛОЛЕТНИХ$ -> #МАЛОЛЕТНИХ$) = -21.5072734290208
correctionProbability (#ВОЕНА$ -> #ВОЙНА$) = -7.6149668474792165
correctionProbability (#ПЕРЕНЬ$ -> #ПАРЕНЬ$) = -9.94892136951822
correctionProbability (#MIKROSOVT$ -> #MICROSOFT$) = -79.19870370976324
correctionProbability (#ФАЙЕ$ -> #ФОЙЕ$) = -17.077932539726437
correctionProbability (#САМОСТАЯТЕЛЬНАЯ$ -> #САМОСТОЯТЕЛЬНАЯ$) = -22.646344430815645
correctionProbability (#ЛПЙФ$ -> #ЛАЙФ$) = -7.558952023734136
correctionProbability (#МИДСУБИСИ$ -> #МИТСУБИСИ$) = -14.81376498848406
correctionProbability (#ЕЛКАТЦ$ -> #ЕЛКАТС$) = -25.182168516076345
correctionProbability (#СБЕРБАГК$ -> #СБЕРБАНК$) = -6.031685914182475
correctionProbability (#СЛИСЬ$ -> #СЛИЗЬ$) = -14.281452686066206
correctionProbability (#ТЕРАРІЮ$ -> #ТЕРРАРИЮ$) = -82.0132179946229
correctionProbability (#ДУХЛЕС$ -> #ДУХЛЕСС$) = -19.53877558394983
correctionProbability (#СКАЧАТБЬ$ -> #СКАЧАТЬ$) = -5.039281860318466
correctionProbability (#БЕЗОПЛАТНО$ -> #БЕСПЛАТНО$) = -71.98850581429762
correctionProbability (#ПРАВИТЕЛБСТВА$ -> #ПРАВИТЕЛЬСТВА$) = -17.66832879621083
correctionProbability (#ТАНОМЕТРЫ$ -> #ТОНОМЕТРЫ$) = -20.498549972248647
correctionProbability (#РАСПИСПНИЕ$ -> #РАСПИСАНИЕ$) = -9.68211561934843
correctionProbability (#ЖЕНКОЕ$ -> #ЖЕНСКОЕ$) = -10.900474501799188
correctionProbability (#ХЭЛПЕР$ -> #ХЕЛПЕР$) = -18.572162996794315
correctionProbability (#АВТОБИГРАФИЯ$ -> #АВТОБИОГРАФИЯ$) = -21.82599298438049
correctionProbability (#ИНСАНТИУМ$ -> #ИНСАЙТИУМ$) = -23.24292269985353
correctionProbability (#ЕФФЕКТИВНЫИ$ -> #ЭФФЕКТИВНЫЙ$) = -85.92587980428029
correctionProbability (#СТАРШЫЙ$ -> #СТАРШИЙ$) = -15.436019823275664
correctionProbability (#АЛЕНЕМЕР$ -> #ОЛЕНЕМЕР$) = -19.822524908429806
correctionProbability (#ПОЛИЦЫИ$ -> #ПОЛИЦИИ$) = -12.79663738847647
correctionProbability (#КЛГО$ -> #КОГО$) = -9.687828524679961
correctionProbability (#ЮЛМАОТ$ -> #ЮЛМАРТ$) = -12.549524100832269
correctionProbability (#МИСТАР$ -> #МИСТЕР$) = -9.064369447522328
correctionProbability (#МЕНЯТСЯ$ -> #МЕНЯТЬСЯ$) = -22.265076602655505
correctionProbability (#СИНСК$ -> #МИНСК$) = -7.6951334225182535
correctionProbability (#KRASNADAR$ -> #KRASNODAR$) = -19.53729655046481
correctionProbability (#МАЛОЛЄТКІ$ -> #МАЛОЛЕТКИ$) = -79.27251044609706
correctionProbability (#НАПЕСАТЬ$ -> #НАПИСАТЬ$) = -11.451143129854337
correctionProbability (#МОБИЛЬНТМУ$ -> #МОБИЛЬНОМУ$) = -22.15567633023221
correctionProbability (#КЛЮЧЯ$ -> #КЛЮЧА$) = -13.244310639374465
correctionProbability (#РЕСОРАН$ -> #РЕСТОРАН$) = -11.50737587154024
correctionProbability (#ПРОИЗВОЛИТЕЛЬ$ -> #ПРОИЗВОДИТЕЛЬ$) = -18.321602468328578
correctionProbability (#ПРОКРАСИТЬ$ -> #ПОКРАСИТЬ$) = -17.663065395752106
correctionProbability (#КЛУСТРОФОБИЯ$ -> #КЛАУСТРОФОБИЯ$) = -25.66155322778223
correctionProbability (#УСТАНОВИТТ$ -> #УСТАНОВИТЬ$) = -12.046832093763506
correctionProbability (#СОВРЕМЕНЫХ$ -> #СОВРЕМЕННЫХ$) = -18.89694175678757
correctionProbability (#КЛЮЧТ$ -> #КЛЮЧИ$) = -9.769729420203124
correctionProbability (#БОЕВКИ$ -> #БОЕВИКИ$) = -9.75898304535793
correctionProbability (#ZRELIYE$ -> #ZRELIE$) = -21.839588149374013
correctionProbability (#ВОСМЕДИСЯТЫЕ$ -> #ВОСЬМИДЕСЯТЫЕ$) = -149.80893394258646
correctionProbability (#НЕДОРГИЕ$ -> #НЕДОРОГИЕ$) = -14.97706530398991
correctionProbability (#ЛУБАЕ$ -> #ДУБАЕ$) = -13.426469769531824
correctionProbability (#ROBLOKC$ -> #ROBLOX$) = -77.74475295951318
correctionProbability (#МОЛОЛЕТНИЕ$ -> #МАЛОЛЕТНИЕ$) = -20.595820152101446
correctionProbability (#ОКТТЯБРЯ$ -> #ОКТЯБРЯ$) = -10.889344438037469
correctionProbability (#ШВЕЙНА$ -> #ШВЕЙНАЯ$) = -14.677812546604954
correctionProbability (#МАРЕТ$ -> #МАРКЕТ$) = -10.156409403034008
correctionProbability (#СОГЛОШЕНИЕ$ -> #СОГЛАШЕНИЕ$) = -17.02535480665135
correctionProbability (#ВЫХЛДНОЙ$ -> #ВЫХОДНОЙ$) = -15.909135606511875
correctionProbability (#ЗУГРЕС$ -> #ЗУГРЭС$) = -21.634120785975387
correctionProbability (#КРСНЫЙ$ -> #КРАСНЫЙ$) = -10.81398712575465
correctionProbability (#ФАИТ$ -> #ФАЙТ$) = -12.962493285193577
correctionProbability (#ДРКГОГО$ -> #ДРУГОГО$) = -14.237299279825656
correctionProbability (#АВГАНЕЦ$ -> #АФГАНЕЦ$) = -20.689051561875402
correctionProbability (#ВСПОМИНВЕТ$ -> #ВСПОМИНАЕТ$) = -21.371171309377523
correctionProbability (#ZOMBILEND$ -> #ZOMBIELAND$) = -89.52991498945876
correctionProbability (#ЯЛИА$ -> #ЯЛТА$) = -10.702876452421126
correctionProbability (#ЯЗЫ$ -> #ЯЗЫК$) = -6.344397744999565
correctionProbability (#ПОЛУСИТЬ$ -> #ПОЛУЧИТЬ$) = -11.049556339931733
correctionProbability (#БРЕСЛЕН$ -> #БРЕСЛИН$) = -22.12412037236367
correctionProbability (#ПУЛЬМОКОРТ$ -> #ПУЛЬМИКОРТ$) = -19.681211928892495
correctionProbability (#ТАВИГИЛ$ -> #ТАВЕГИЛ$) = -20.11348583281834
correctionProbability (#ШЕОЛА$ -> #ШКОЛА$) = -5.499937540674974
correctionProbability (#МУУН$ -> #МУН$) = -16.181862689503564
correctionProbability (#БОЛОНОВ$ -> #БАЛЛОНОВ$) = -83.31685542278099
correctionProbability (#KLASH$ -> #CLASH$) = -7.9099930648664625
correctionProbability (#АДНУ$ -> #ОДНУ$) = -11.021799659001406
correctionProbability (#МОЬАЙЛ$ -> #МОБАЙЛ$) = -12.68277685699562
correctionProbability (#ЗРІЛИХ$ -> #ЗРЕЛЫХ$) = -75.9871121154562
correctionProbability (#ЗООСТРИЙСКИЙ$ -> #ЗОРОАСТРИЙСКИЙ$) = -96.31781265978873
correctionProbability (#ТУРЫИВ$ -> #ТУРЫ$) = -76.20518964367925
correctionProbability (#НООТБУКЕ$ -> #НОУТБУКЕ$) = -13.523782058734731
correctionProbability (#ВКУССВИЛЛ$ -> #ВКУСВИЛЛ$) = -20.47391561428136
correctionProbability (#УЛЬЯНЛВСК$ -> #УЛЬЯНОВСК$) = -12.2202005817335
correctionProbability (#АМОКСИЦИКЛИНОМ$ -> #АМОКСИЦИЛЛИНОМ$) = -33.16119438702191
correctionProbability (#СЛОЖШНЕЙШИХ$ -> #СЛОЖНЕЙШИХ$) = -38.37985343008761
correctionProbability (#СКИНУТ$ -> #СКИНУТЬ$) = -16.495611811855348
correctionProbability (#ПОЖЕЛИЕ$ -> #ПОЖИЛЫЕ$) = -80.20771899419557
correctionProbability (#МИНИХАНОВ$ -> #МИННИХАНОВ$) = -25.493974574702037
correctionProbability (#TR8PMYDREAM$ -> #TRIPMYDREAM$) = -21.308490875858766
correctionProbability (#СЕМУ$ -> #ЧЕМУ$) = -7.938577818001807
correctionProbability (#СОВРЕМЕННИЙ$ -> #СОВРЕМЕННЫЙ$) = -17.11735109254277
correctionProbability (#ОСФАЛЬТА$ -> #АСФАЛЬТА$) = -17.7368035334001
correctionProbability (#НПЗВАНИЕ$ -> #НАЗВАНИЕ$) = -11.55955862267065
correctionProbability (#РАСМЕШИ$ -> #РАССМЕШИ$) = -18.69055151138746
correctionProbability (#АЛЬБИОНИ$ -> #АЛЬБИНОНИ$) = -21.370714049494147
correctionProbability (#ДАНИЕ$ -> #ДАННЫЕ$) = -77.45094835307334
correctionProbability (#НАЧАО$ -> #НАЧАЛО$) = -10.984795975234125
correctionProbability (#СУШТИ$ -> #СУШИ$) = -9.72076167367506
correctionProbability (#ЭЗАМЕНЫ$ -> #ЭКЗАМЕНЫ$) = -15.776057509469084
correctionProbability (#ACOUNT$ -> #ACCOUNT$) = -14.113498987466393
correctionProbability (#СТРОНЕ$ -> #СТРАНЕ$) = -11.195794434291773
correctionProbability (#ОТСРС$ -> #ОТСОС$) = -14.291371582801236
correctionProbability (#ХЁНТАИ$ -> #ХЕНТАЙ$) = -73.33220364207632
correctionProbability (#АНИДУБ$ -> #АНИДАБ$) = -15.33674852055616
correctionProbability (#YOUTUVE$ -> #YOUTUBE$) = -6.387990313423153
correctionProbability (#VTRAHVIP$ -> #VTRAHEVIP$) = -23.27631637959137
correctionProbability (#HUBCULTURE$ -> #SUBCULTURE$) = -29.32541087489676
correctionProbability (#ЯЗК$ -> #ЯЗЫК$) = -6.350084892687267
correctionProbability (#ТЕРАНО$ -> #ТЕРРАНО$) = -16.46929689091771
correctionProbability (#ЕСТЕЛЬ$ -> #ЭСТЕЛЬ$) = -14.292813734473956
correctionProbability (#АЛГЕБР$ -> #АЛГЕБРЕ$) = -10.901132583473071
correctionProbability (#ДОГОВЛР$ -> #ДОГОВОР$) = -10.169769160267037
correctionProbability (#ПРЕЗНТАЦИЯ$ -> #ПРЕЗЕНТАЦИЯ$) = -12.731977146387003
correctionProbability (#ШИЙКИ$ -> #ШЕЙКИ$) = -12.043257961715415
correctionProbability (#ДРАЙВЕПА$ -> #ДРАЙВЕРА$) = -12.27690922399956
correctionProbability (#ПЯТИГОРС$ -> #ПЯТИГОРСК$) = -15.531380153346085
correctionProbability (#МОДНЛ$ -> #МОЖНО$) = -69.25792773387407
correctionProbability (#ВИБАСТА$ -> #ВЕБАСТО$) = -79.97622480209516
correctionProbability (#АНАМТАРА$ -> #АНАНТАРА$) = -25.402584415384062
correctionProbability (#АСЦЕНДКНТОМ$ -> #АСЦЕНДЕНТОМ$) = -28.425003932874233
correctionProbability (#ДЕСКОРД$ -> #ДИСКОРД$) = -11.720096130443636
correctionProbability (#ЕМГРАНД$ -> #ЭМГРАНД$) = -18.129202270045624
correctionProbability (#НОАОГОДНИЕ$ -> #НОВОГОДНИЕ$) = -12.914987200993252
correctionProbability (#ЯЗЗ$ -> #ЯЗ$) = -14.23928146428808
correctionProbability (#РЕФРЕЖИРАТОР$ -> #РЕФРИЖЕРАТОР$) = -88.2839907258078
correctionProbability (#СИСТИРА$ -> #СЕСТРА$) = -77.72198756289471
correctionProbability (#РОСПИСАНИЯ$ -> #РАСПИСАНИЕ$) = -74.39105631474372
correctionProbability (#BULET$ -> #BULLET$) = -17.74119045821561
correctionProbability (#АККАРДИОН$ -> #АККОРДЕОН$) = -82.30131374376197
correctionProbability (#МОДНО$ -> #МОЖНО$) = -4.464192432239965
correctionProbability (#LICHNII$ -> #LICHNIY$) = -22.474524970643664
correctionProbability (#СТРОНА$ -> #СТРАНА$) = -9.689512686421555
correctionProbability (#БАРИЛОВКЕ$ -> #БОРИСОВКЕ$) = -89.34600670426342
correctionProbability (#РОДЗИНСКИЙ$ -> #РАДЗИНСКИЙ$) = -21.671665316870495
correctionProbability (#ПОТМ$ -> #ПОТОМ$) = -12.907686449031974
correctionProbability (#ЗЕЛЕНЫИ$ -> #ЗЕЛЕНЫЙ$) = -11.613263449295971
correctionProbability (#МУТТ$ -> #МУТИ$) = -15.586337444671923
correctionProbability (#КАПТАН$ -> #КАПИТАН$) = -12.803928515723996
correctionProbability (#КАМЕНА$ -> #КАМЕРА$) = -9.076273673673445
correctionProbability (#ПРЕДНОЗНАЧЕНИЕ$ -> #ПРЕДНАЗНАЧЕНИЕ$) = -24.987164592580022
correctionProbability (#MONEYMAH$ -> #MONEYMAN$) = -16.34123719265002
correctionProbability (#ГРАМОТИЧЕСКАЯ$ -> #ГРАММАТИЧЕСКАЯ$) = -90.42000157397723
correctionProbability (#ЄНИСТОН$ -> #ЭНИСТОН$) = -15.670726279516515
correctionProbability (#КИНАЛАР$ -> #КИНОЛАР$) = -17.086184679120663
correctionProbability (#ПЕЛЛАРГОНИИ$ -> #ПЕЛАРГОНИИ$) = -23.763901699374166
correctionProbability (#ФАЛЫ$ -> #ФАЙЛЫ$) = -12.658695956887183
correctionProbability (#МЫСХАКА$ -> #МЫСХАКО$) = -20.772865496935864
correctionProbability (#ИНТЕРЕРЫ$ -> #ИНТЕРЬЕРЫ$) = -17.65434781966748
correctionProbability (#ЯЗА$ -> #ЯЗЫК$) = -71.09117707148657
correctionProbability (#АМСТРОНГ$ -> #АРМСТРОНГ$) = -17.89078526352148
correctionProbability (#ЕМАЕЛ$ -> #ЕМАЙЛ$) = -13.596255726509316
correctionProbability (#АЛГЕБЕ$ -> #АЛГЕБРЕ$) = -10.887264391074993
correctionProbability (#ДНИВНИКИ$ -> #ДНЕВНИКИ$) = -12.59663966315204
correctionProbability (#МАРВЛ$ -> #МАРВЕЛ$) = -12.045107892176805
correctionProbability (#НАСТРЙОКА$ -> #НАСТРОЙКА$) = -81.61590003277777
correctionProbability (#ШЛЫНОВА$ -> #ШЛЫКОВА$) = -24.272385972308562
correctionProbability (#ПРОСТИР$ -> #ПРОСТІР$) = -22.369950812395437
correctionProbability (#ОКУДА$ -> #ОТКУДА$) = -12.810790129341914
correctionProbability (#НОВОСЬТИ$ -> #НОВОСТИ$) = -6.728903576440452
correctionProbability (#СТАСУС$ -> #СТАТУС$) = -11.684340324959766
correctionProbability (#ПОЕДКА$ -> #ПОЕЗДКА$) = -14.9252265182365
correctionProbability (#БИТЧ$ -> #БИЧ$) = -12.879699413890801
correctionProbability (#ИАССАЖ$ -> #МАССАЖ$) = -8.338681099774842
correctionProbability (#ЗИЛЕЦИНО$ -> #ЗЕЛЕЦИНО$) = -33.798065960534906
correctionProbability (#БОКАЛЬСКОЙ$ -> #БАКАЛЬСКОЙ$) = -35.72548405091721
correctionProbability (#АЛГЕБА$ -> #АЛГЕБРА$) = -12.255550226625843
correctionProbability (#ОДНАМУ$ -> #ОДНОМУ$) = -14.066726957175423
correctionProbability (#СМАИЛИКИ$ -> #СМАЙЛИКИ$) = -13.546263268756881
correctionProbability (#ВИБАСТО$ -> #ВЕБАСТО$) = -15.280345112659504
correctionProbability (#ПІУСЕЛІ$ -> #ПІКСЕЛІ$) = -33.022801352024956
correctionProbability (#НОЛОГОВУЮ$ -> #НАЛОГОВУЮ$) = -16.288015155405738
correctionProbability (#КОРЕСПОНДЕНЦИЯ$ -> #КОРРЕСПОНДЕНЦИЯ$) = -29.66668414847208
correctionProbability (#БЕЛГРАДА$ -> #БЕЛГОРОДА$) = -82.86673300772362
correctionProbability (#РОКСОЛАНИ$ -> #РОКСОЛАНА$) = -19.52804511972664
correctionProbability (#ЛУТШОЕ$ -> #ЛУЧШЕЕ$) = -74.29148391036776
correctionProbability (#ПОЕДКИ$ -> #ПОЕЗДКИ$) = -14.945572037372507
correctionProbability (#СБЕРБАЕК$ -> #СБЕРБАНК$) = -6.0290667019364435
correctionProbability (#ПРОСТИЕ$ -> #ПРОСТЫЕ$) = -11.063063400235606
correctionProbability (#АВВИТО$ -> #АВИТО$) = -5.360874972633599
correctionProbability (#ШИЙКА$ -> #ШЕЙКА$) = -14.61175510760329
correctionProbability (#ФИЛШЬМ$ -> #ФИЛЬМ$) = -3.7138769082797225
correctionProbability (#МЕГОТОП$ -> #МЕГАТОП$) = -18.756145057236644
correctionProbability (#ЖЭТО$ -> #ЭТО$) = -5.3870345803892725
correctionProbability (#ИЗБЕЖАТТ$ -> #ИЗБЕЖАТЬ$) = -15.087696874022576
correctionProbability (#BELKONTI$ -> #BELCONTI$) = -24.563404049031384
correctionProbability (#ЬРАНС$ -> #ТРАНС$) = -10.993348160338616
correctionProbability (#ГЛАЗИРОВАНЫЕ$ -> #ГЛАЗИРОВАННЫЕ$) = -29.003119512872345
correctionProbability (#АТИКА$ -> #АТТИКА$) = -22.092901127396757
correctionProbability (#БИБЛИТЕКА$ -> #БИБЛИОТЕКА$) = -15.064670324101762
correctionProbability (#РОСПИСАНИЕ$ -> #РАСПИСАНИЕ$) = -9.60571795198333
correctionProbability (#A320I$ -> #A320M$) = -22.858927532590982
correctionProbability (#FUKS$ -> #FUCKS$) = -18.075467695440654
correctionProbability (#МУЗЫК$ -> #МУЗЫКА$) = -6.090938230068211
correctionProbability (#ОКЛО$ -> #ОКОЛО$) = -12.397405293001388
correctionProbability (#НОВИТЕЛ$ -> #НАВИТЕЛ$) = -15.69143990284941
correctionProbability (#РАШЕНСУКИ$ -> #РАШЕНСУКА$) = -34.7979725724227
correctionProbability (#КАКОШНИК$ -> #КОКОШНИК$) = -18.276576832816637
correctionProbability (#БИТЗ$ -> #БИТЛЗ$) = -14.975482194459456
correctionProbability (#ГАЛИМЗИНОВА$ -> #ГАЛИМЗЯНОВА$) = -29.454496901836677
correctionProbability (#ВОАРОСЫ$ -> #ВОПРОСЫ$) = -11.341580747629337
correctionProbability (#ДОРАЖОТКА$ -> #ДОРАБОТКА$) = -20.117042214201753
correctionProbability (#ГНИГА$ -> #КНИГА$) = -7.3099476694236465
correctionProbability (#АТОМАТИЧЕСКОЕ$ -> #АВТОМАТИЧЕСКОЕ$) = -25.235962177291
correctionProbability (#ЭГЗИСТ$ -> #ЭКЗИСТ$) = -13.793012182889765
correctionProbability (#КАРИТИНКИ$ -> #КАРТИНКИ$) = -7.182922322288476
correctionProbability (#ДРЕВИСИНА$ -> #ДРЕВЕСИНА$) = -20.841206005318128
correctionProbability (#SHEIINSIDE$ -> #SHEINSIDE$) = -26.244839436938406
correctionProbability (#ИНТЭРНЭТА$ -> #ИНТЕРНЕТА$) = -77.30018576001136
correctionProbability (#ФАРФЕЙС$ -> #ВАРФЕЙС$) = -10.424373022290908
correctionProbability (#ПОСК$ -> #ПОИСК$) = -7.8033534922033
correctionProbability (#РАСПИСАННИЕ$ -> #РАСПИСАНИЕ$) = -12.060098588924724
correctionProbability (#БІСЕПТОЛ$ -> #БИСЕПТОЛ$) = -17.8285089225324
correctionProbability (#ЭКСТРАССЕНСОВ$ -> #ЭКСТРАСЕНСОВ$) = -16.900782399129092
correctionProbability (#МУЗЫА$ -> #МУЗЫКА$) = -6.074735556884686
correctionProbability (#ПЕНАПЛЕКС$ -> #ПЕНОПЛЕКС$) = -19.00837222187662
correctionProbability (#ЕТЕКСТ$ -> #ТЕКСТ$) = -8.42469283403636
correctionProbability (#ЛІФАН$ -> #ЛИФАН$) = -13.147799345877306
correctionProbability (#MAIJOR$ -> #MAJOR$) = -16.79996701592889
correctionProbability (#HРЕШУ$ -> #РЕШУ$) = -10.543826454922414
correctionProbability (#МАНГОЛИИ$ -> #МОНГОЛИИ$) = -18.228689264149914
correctionProbability (#KABIET$ -> #KABINET$) = -18.887093334950848
correctionProbability (#ОЛАЛЬИ$ -> #ОЛАДЬИ$) = -12.157345786258421
correctionProbability (#СТРЕГУТ$ -> #СТРИГУТ$) = -20.75197336738099
correctionProbability (#ПОСЕ$ -> #ПОСЛЕ$) = -5.9680038629737595
correctionProbability (#AMQ$ -> #AMG$) = -13.263148102201864
correctionProbability (#ДЕЙСТВОВАТ$ -> #ДЕЙСТВОВАТЬ$) = -22.596679223535745
correctionProbability (#ТРБОВАНИЯ$ -> #ТРЕБОВАНИЯ$) = -15.010752001840963
correctionProbability (#ХОЗЯСТВО$ -> #ХОЗЯЙСТВО$) = -17.17270253414108
correctionProbability (#ESTÉE$ -> #ESTEE$) = -17.692325401192026
correctionProbability (#МОДЛЬ$ -> #МОДЕЛЬ$) = -10.45945222597091
correctionProbability (#ДЯВОЛЫ$ -> #ДЬЯВОЛЫ$) = -13.331166665773075
correctionProbability (#ПАВАЛИ$ -> #ПОВАЛИЙ$) = -80.8563365540716
correctionProbability (#БИНН$ -> #БИН$) = -14.209119354956801
correctionProbability (#РАЯЛ$ -> #РОЯЛ$) = -11.972150659422272
correctionProbability (#ЕКСПРЕС$ -> #ЭКСПРЕСС$) = -76.35882394066458
correctionProbability (#АПЛОДИПИН$ -> #АМЛОДИПИН$) = -17.82039066532039
correctionProbability (#КЛАС$ -> #КЛАСС$) = -2.9482952607884805
correctionProbability (#КУПИСЬ$ -> #КУПИТЬ$) = -1.4184284691648976
correctionProbability (#ГОСУДАРСТА$ -> #ГОСУДАРСТВА$) = -17.23491726971372
correctionProbability (#TOFAY$ -> #TODAY$) = -9.391004415088478
correctionProbability (#УСТРОИНЫ$ -> #УСТРОЕНЫ$) = -21.424533868199
correctionProbability (#ЭКЛСТОУН$ -> #ЭККЛСТОУН$) = -35.40991915223806
correctionProbability (#ДАЛТНЕГО$ -> #ДАЛЬНЕГО$) = -16.177269230942294
correctionProbability (#МЕРТВИЕ$ -> #МЕРТВЫЕ$) = -15.496113252464887
correctionProbability (#БАЛАШИЗА$ -> #БАЛАШИХА$) = -14.312912529772852
correctionProbability (#РЕБЕНКОИ$ -> #РЕБЕНКОМ$) = -13.281358162340169
correctionProbability (#ЖЭНА$ -> #ЖЕНА$) = -7.178426401385405
correctionProbability (#ПОМУ$ -> #ПОЧЕМУ$) = -72.57906187042492
correctionProbability (#ТАПУРИЯ$ -> #ТОПУРИЯ$) = -17.679416824751
correctionProbability (#ЗДОРОВЬИ$ -> #ЗДОРОВЬЕ$) = -11.307126071793064
correctionProbability (#ВЛАДИВАСТОК$ -> #ВЛАДИВОСТОК$) = -13.289648912170065
correctionProbability (#ЭФМР$ -> #ЭФИР$) = -5.756836423890704
correctionProbability (#КАКОНО$ -> #КАКОГО$) = -8.90426855209056
correctionProbability (#ИНТИЛЕКТ$ -> #ИНТЕЛЛЕКТ$) = -82.7809307202795
correctionProbability (#ЯНДУКС$ -> #ЯНДЕКС$) = -2.2682952411360198
correctionProbability (#ДАФЛКОТА$ -> #ДАФЛКОТ$) = -25.16423234136765
correctionProbability (#КЛАР$ -> #КЛАРК$) = -14.4362124615168
correctionProbability (#MARATON$ -> #MARATHON$) = -20.64299711764297
correctionProbability (#СОПАГИ$ -> #САПОГИ$) = -75.74971366512138
correctionProbability (#ТОРХОТЕЛС$ -> #ТОПХОТЕЛС$) = -17.248042594185037
correctionProbability (#ГРАНЕННЫЙ$ -> #ГРАНЕНЫЙ$) = -25.08033761229408
correctionProbability (#ПУСТЫН$ -> #ПУСТЫНИ$) = -15.469886949908712
correctionProbability (#РАЩМЕР$ -> #РАЗМЕР$) = -8.978609415414997
correctionProbability (#БЛЮСИСТЕ$ -> #БЛЮСИСТЕМ$) = -16.249863496218723
correctionProbability (#ПОСАНКА$ -> #ПОСАДКА$) = -11.135240119908488
correctionProbability (#СЕМПАНТИЛ$ -> #СИМПАТИЛ$) = -91.34666011943054
correctionProbability (#ФЛОЕМА$ -> #ФЛОЭМА$) = -22.1437262263851
correctionProbability (#ХАЛИДИ$ -> #ХОЛИДЕЙ$) = -146.25625473575388
correctionProbability (#СОЛНЫШЕО$ -> #СОЛНЫШКО$) = -14.130514250094414
correctionProbability (#РОЗТАМОЖКИ$ -> #РАСТАМОЖКИ$) = -84.42270945699734
correctionProbability (#МУМО$ -> #МОМО$) = -11.554824949523425
correctionProbability (#ПЧЕЛИННАЯ$ -> #ПЧЕЛИНАЯ$) = -22.893201243480753
correctionProbability (#МЯНДЕКС$ -> #ЯНДЕКС$) = -4.754762481918913
correctionProbability (#ШТАНМАЙЕР$ -> #ШТАЙНМАЙЕР$) = -25.972858688398915
correctionProbability (#ПЕРВОРДДЫЕ$ -> #ПЕРВОРОДНЫЕ$) = -86.80639968949885
correctionProbability (#ЛИСТОПАТ$ -> #ЛИСТОПАД$) = -15.0062009524774
correctionProbability (#КЛАА$ -> #КЛАСС$) = -67.71998042027556
correctionProbability (#ОКЕЯ$ -> #ИКЕЯ$) = -9.858051320014201
correctionProbability (#ЗРАМ$ -> #ХРАМ$) = -9.586189113699294
correctionProbability (#AMARICAN$ -> #AMERICAN$) = -15.323745590462408
correctionProbability (#ЬРАЗЕРС$ -> #БРАЗЕРС$) = -13.007177848219698
correctionProbability (#ЗНВЧИТ$ -> #ЗНАЧИТ$) = -9.528425501867734
correctionProbability (#ТРУБВ$ -> #ТРУБЫ$) = -9.237405197142149
correctionProbability (#ГЛЮКАЗАМИН$ -> #ГЛЮКОЗАМИН$) = -20.42358223985987
correctionProbability (#НООСТИ$ -> #НОВОСТИ$) = -4.84819396589401
correctionProbability (#СЕРВИСЫЙ$ -> #СЕРВИСНЫЙ$) = -15.237011882826884
correctionProbability (#ДИТЕРАТУРА$ -> #ЛИТЕРАТУРА$) = -15.230284950131512
correctionProbability (#ЕВГЕНЬЕВ$ -> #ЕВГЕНЬЕВИЧ$) = -84.63649484970804
correctionProbability (#ПОСИРЕНИНА$ -> #ПОЛИРЕЗИНА$) = -100.44721304581262
correctionProbability (#НАСТИНЬКА$ -> #НАСТЕНЬКА$) = -18.840912585959863
correctionProbability (#NAKET$ -> #NAKED$) = -12.36522028033303
correctionProbability (#ЗЕЛЕНЯ$ -> #ЗЕЛЕНАЯ$) = -13.197559829961577
correctionProbability (#ЧЕТЫРЕХДОМНЫЙ$ -> #ЧЕТЫРЕХТОМНЫЙ$) = -38.8728892492835
correctionProbability (#РЕБИЛИТАЦИОННЫЙ$ -> #РЕАБИЛИТАЦИОННЫЙ$) = -24.642720042700546
correctionProbability (#РЕМОНТАННУЮ$ -> #РЕМОНТАНТНУЮ$) = -24.536844323160743
correctionProbability (#МЕМОПЛВНТ$ -> #МЕМОПЛАНТ$) = -23.60151712526313
correctionProbability (#ЛЕГЕНА$ -> #ЛЕГЕНДА$) = -11.600800430403588
correctionProbability (#ФИЗКУЛТУРЕ$ -> #ФИЗКУЛЬТУРЕ$) = -19.260196499768902
correctionProbability (#ЛЕДАВИКА$ -> #ЛЮДОВИКА$) = -85.45419727577938
correctionProbability (#ЗАПЛАТИТИ$ -> #ЗАПЛАТИТЬ$) = -18.19602364064179
correctionProbability (#КОЛИТСЯ$ -> #КОЛЕТСЯ$) = -23.047143795110863
correctionProbability (#ТРИПМПЙДРИМ$ -> #ТРИПМАЙДРИМ$) = -25.89084766886951
correctionProbability (#КРАНЕКС$ -> #КРАНЭКС$) = -24.273307227897384
correctionProbability (#ПРОСТВЕ$ -> #ПРОСТЫЕ$) = -11.09317870344777
correctionProbability (#ФАЕЛ$ -> #ФАЙЛ$) = -10.548867450015901
correctionProbability (#БЕЛЛОРУСКАЯ$ -> #БЕЛОРУССКАЯ$) = -85.76595763359173
correctionProbability (#МАКУЛАТУРИ$ -> #МАКУЛАТУРЫ$) = -19.235338449954945
correctionProbability (#КВКОЙ$ -> #КАКОЙ$) = -5.592467909957758
correctionProbability (#ПЕРЕВОДЩИК$ -> #ПЕРЕВОДЧИК$) = -8.631857398453967
correctionProbability (#ФОРСАШ$ -> #ФОРСАЖ$) = -8.427533150282077
correctionProbability (#ПОЖАЙЛУСТА$ -> #ПОЖАЛУЙСТА$) = -84.8447019437805
correctionProbability (#БЕСПАЛАТНО$ -> #БЕСПЛАТНО$) = -7.219678698862886
correctionProbability (#ДАННА$ -> #ДАНА$) = -14.347274922108252
correctionProbability (#КУАПИТЬ$ -> #КУПИТЬ$) = -3.8999778994072862
correctionProbability (#ЕДОДИЛ$ -> #ЕДАДИЛ$) = -14.709724438156737
correctionProbability (#ИСКРЕВЛЕНИЕ$ -> #ИСКРИВЛЕНИЕ$) = -22.718126503220347
correctionProbability (#ЭКСПЕРЕМЕНТАЛЬНАЯ$ -> #ЭКСПЕРИМЕНТАЛЬНАЯ$) = -29.694519680649094
correctionProbability (#ГЛІНКИ$ -> #ГЛИНКИ$) = -17.061983768225755
correctionProbability (#БЕСПЛАЬНЫЕ$ -> #БЕСПЛАТНЫЕ$) = -12.396714753659971
correctionProbability (#ДАННЕ$ -> #ДАННЫЕ$) = -12.6670277821264
correctionProbability (#БАЛГАРИЯ$ -> #БОЛГАРИЯ$) = -14.932424353363587
correctionProbability (#СИМУЛТОР$ -> #СИМУЛЯТОР$) = -13.579502941634722
correctionProbability (#ИНТСТАГРАМ$ -> #ИНСТАГРАМ$) = -11.044310526774538
correctionProbability (#СИЧЕНИЕ$ -> #СЕЧЕНИЕ$) = -15.160933290868712
correctionProbability (#МССАЖ$ -> #МАССАЖ$) = -8.934855101636305
correctionProbability (#ИНТЕРЕРЕ$ -> #ИНТЕРЬЕРЕ$) = -14.322826891815836
correctionProbability (#ЗАКУПК$ -> #ЗАКУПКИ$) = -11.383125572095125
correctionProbability (#MODIFLYELI$ -> #MODIFIYELI$) = -28.723243431313556
correctionProbability (#БИШКЕКЕК$ -> #БИШКЕКЕ$) = -16.33013834813329
correctionProbability (#ПЕРЕВОДИЧИК$ -> #ПЕРЕВОДЧИК$) = -11.137410885445284
correctionProbability (#ОКЕР$ -> #УОКЕР$) = -15.000357909732525
correctionProbability (#ВАСЕР$ -> #ВАССЕР$) = -24.360912174853567
correctionProbability (#ВОСТАНАВИТЬ$ -> #ВОССТАНОВИТЬ$) = -81.72348359474404
correctionProbability (#ЧПОКИН$ -> #ЧПОКИНГ$) = -16.467398206621553
correctionProbability (#АСТАРХАН$ -> #АСТРАХАНЬ$) = -146.04154460469329
correctionProbability (#ПОЛВЕРКА$ -> #ПРОВЕРКА$) = -78.72468803031424
correctionProbability (#РАСПИСАГИЕ$ -> #РАСПИСАНИЕ$) = -9.673501143316521
correctionProbability (#ОКЕН$ -> #ОКЕАН$) = -11.795149718260777
correctionProbability (#СКРЭТЧ$ -> #СКРЕТЧ$) = -15.705858693346055
correctionProbability (#HOSTPOT$ -> #HOTSPOT$) = -79.09657681011896
correctionProbability (#НУЖДАЮЩИЕ$ -> #НУЖДАЮЩИЕСЯ$) = -93.13756694153176
correctionProbability (#ВЫБИСЫ$ -> #ВУБИСЫ$) = -23.185154928355615
correctionProbability (#РАХМАТУЛИН$ -> #РАХМАТУЛЛИН$) = -25.201301414220637
correctionProbability (#НЫЗЫВАЕТСЯ$ -> #НАЗЫВАЕТСЯ$) = -14.019677756560156
correctionProbability (#ПОДВИСНОЙ$ -> #ПОДВЕСНОЙ$) = -16.399400678036926
correctionProbability (#БУТИЛОЧКА$ -> #БУТЫЛОЧКА$) = -19.949463044859478
correctionProbability (#МУЛТ$ -> #МУЛЬТ$) = -10.605706808785019
correctionProbability (#ПИСТЬ$ -> #ПИСАТЬ$) = -11.459040761833347
correctionProbability (#РУНЕКИ$ -> #РУНЕТКИ$) = -13.321836045428881
correctionProbability (#ЖАЩИТЫ$ -> #ЗАЩИТЫ$) = -11.336387901130355
correctionProbability (#ГИДРОМЕДЦЕНТР$ -> #ГИДРОМЕТЦЕНТР$) = -20.344200329269754
correctionProbability (#SANSAY$ -> #SUNSAY$) = -25.005717097692084
correctionProbability (#ОРГАНИЗАЦИИИ$ -> #ОРГАНИЗАЦИИ$) = -16.924208099827467
correctionProbability (#SEVDIYIN$ -> #SEVDIYIM$) = -23.52179701292863
correctionProbability (#ЮТЕБЕ$ -> #ЮТУБЕ$) = -6.436437781890785
correctionProbability (#ИОСКОВСКОГО$ -> #МОСКОВСКОГО$) = -17.106142383328525
correctionProbability (#CHTULHU$ -> #CTHULHU$) = -90.43881053714372
correctionProbability (#ГЕМНАСТКИ$ -> #ГИМНАСТКИ$) = -17.14805313675666
correctionProbability (#ЕКАТЕРНБУРГЕ$ -> #ЕКАТЕРИНБУРГЕ$) = -16.26726582607757
correctionProbability (#ОКЕА$ -> #ОКЕАН$) = -11.72181774011408
correctionProbability (#ТІРАДС$ -> #ТИРАДС$) = -32.05469046805693
correctionProbability (#ПАЛИКЛИНИКА$ -> #ПОЛИКЛИНИКА$) = -13.386739290668096
correctionProbability (#ТАУЭЕР$ -> #ТАУЭР$) = -19.847282098284193
correctionProbability (#ЛЭДУАЛЬ$ -> #ЛЕТУАЛЬ$) = -76.6617728624767
correctionProbability (#ГИЧМЕТЕО$ -> #ГИСМЕТЕО$) = -8.279004515435012
correctionProbability (#TRANSLTE$ -> #TRANSLATE$) = -13.91879521818101
correctionProbability (#ЧЕБОКСА$ -> #ЧЕБОКСАРЫ$) = -78.75200242559085
correctionProbability (#ВЫТАШИТЬ$ -> #ВЫТАЩИТЬ$) = -17.217912823733464
correctionProbability (#УЛЬТРОЗВУКОВЫЕ$ -> #УЛЬТРАЗВУКОВЫЕ$) = -25.923566373500478
correctionProbability (#МУЩЕНАМИ$ -> #МУЖЧИНАМИ$) = -148.51516782833775
correctionProbability (#МАЗАГИН$ -> #МАГАЗИН$) = -69.78849289288472
correctionProbability (#TIPE$ -> #TYPE$) = -13.020496519062878
correctionProbability (#БИЛЯ$ -> #БІЛЯ$) = -16.919684274048794
correctionProbability (#ГОВОРЧТ$ -> #ГОВОРЯТ$) = -11.234234392936415
correctionProbability (#ИСТИНЫЕ$ -> #ИСТИННЫЕ$) = -22.05979526904281
correctionProbability (#КАЙРБЕК$ -> #КАИРБЕК$) = -25.264854176847784
correctionProbability (#ПАРИХМАКЕРСКАЯ$ -> #ПАРИКМАХЕРСКАЯ$) = -85.47890194058897
correctionProbability (#КИНСМАН$ -> #КИНГСМАН$) = -18.15779203673852
correctionProbability (#СЕДО$ -> #СЕЛО$) = -9.014139060468747
correctionProbability (#БЕЛАИН$ -> #БИЛАЙН$) = -73.72641604441328
correctionProbability (#МИЛЬЕН$ -> #МИЛЬОН$) = -19.024086015437707
correctionProbability (#СОСИСА$ -> #СОСИСКА$) = -18.7383343220152
correctionProbability (#ДЯВОЛА$ -> #ДЬЯВОЛА$) = -14.539859684082671
correctionProbability (#ФИНЛЯДИЯ$ -> #ФИНЛЯНДИЯ$) = -16.90148285652259
correctionProbability (#ЮЛМАТР$ -> #ЮЛМАРТ$) = -80.37074436252509
correctionProbability (#СЕИФ$ -> #СЕЙФ$) = -9.708592753754491
correctionProbability (#ОБРАЗОВАНИ$ -> #ОБРАЗОВАНИЯ$) = -13.990936120466017
correctionProbability (#ПРИНОТОВИТЬ$ -> #ПРИГОТОВИТЬ$) = -12.365215357115368
correctionProbability (#EFECT$ -> #EFFECT$) = -16.00450093417898
correctionProbability (#МЕХОВА$ -> #МЕХОВАЯ$) = -16.832427446572467
correctionProbability (#СЕИЕВОЙ$ -> #СЕТЕВОЙ$) = -8.670395220985505
correctionProbability (#ЦВКТОТИП$ -> #ЦВЕТОТИП$) = -18.57751479667572
correctionProbability (#СЕИС$ -> #СЕКИС$) = -13.318508529466452
correctionProbability (#ОРТАНГЫ$ -> #ОРТАҢҒЫ$) = -84.56643465517537
correctionProbability (#ЧАСТНВЙ$ -> #ЧАСТНЫЙ$) = -12.755619280643003
correctionProbability (#УНИВИРСИТАРИО$ -> #УНИВЕРСИТАРИО$) = -38.647067735010985
correctionProbability (#САРАСНК$ -> #САРАНСК$) = -80.1976182604655
correctionProbability (#ПРАЗНУЮТ$ -> #ПРАЗДНУЮТ$) = -20.826456259405553
correctionProbability (#СЕРИААЛ$ -> #СЕРИАЛ$) = -6.566016450119758
correctionProbability (#КАРБИСКОГО$ -> #КАРИБСКОГО$) = -82.8923291383881
correctionProbability (#МАЛЕНИКИЕ$ -> #МАЛЕНЬКИЕ$) = -12.703365826490447
correctionProbability (#УЧИШСЯ$ -> #УЧИШЬСЯ$) = -23.18787733539648
correctionProbability (#BUKING$ -> #BOOKING$) = -78.09975183451722
correctionProbability (#ТРАНСПАРТЕР$ -> #ТРАНСПОРТЕР$) = -19.714809005663575
correctionProbability (#ЦИГАНСКИЕ$ -> #ЦЫГАНСКИЕ$) = -17.231173387262466
correctionProbability (#ФІКБУК$ -> #ФИКБУК$) = -14.452646241497309
correctionProbability (#ШАФЕРА$ -> #ШОФЕРА$) = -16.494755782579265
correctionProbability (#МАРИНЛВАННАЯ$ -> #МАРИНОВАННАЯ$) = -19.320901962399553
correctionProbability (#МЛУШАТЬ$ -> #СЛУШАТЬ$) = -5.144146777770443
correctionProbability (#РАЗДВЕЖНЫЕ$ -> #РАЗДВИЖНЫЕ$) = -17.067247687015218
correctionProbability (#ЦВЕТО$ -> #ЦВЕТА$) = -8.507405326187488
correctionProbability (#ПООГРАММА$ -> #ПРОГРАММА$) = -8.620835984828567
correctionProbability (#DAMAHNI$ -> #DAMASHNI$) = -23.814225140834942
correctionProbability (#ОШТБКА$ -> #ОШИБКА$) = -10.472460860214351
correctionProbability (#СЬЕМНАЯ$ -> #СЪЕМНАЯ$) = -19.720172795560828
correctionProbability (#БЕРЕКГА$ -> #БЕРЕГА$) = -12.215459064431574
correctionProbability (#МЕСЕНЖЕР$ -> #МЕССЕНДЖЕР$) = -86.2445247584474
correctionProbability (#СИАТЬЯ$ -> #СТАТЬЯ$) = -10.336346612589669
correctionProbability (#АНАГРАМА$ -> #АНАГРАММА$) = -20.39850217407121
correctionProbability (#РОЗКАЗЫ$ -> #РАССКАЗЫ$) = -140.71243945241002
correctionProbability (#ДОГОВРЕ$ -> #ДОГОВОРЕ$) = -17.525062867190073
correctionProbability (#МАГПЗИНЫ$ -> #МАГАЗИНЫ$) = -10.70843480707184
correctionProbability (#МИТСУБИМИ$ -> #МИТСУБИСИ$) = -14.807239524218694
correctionProbability (#TLAUCHER$ -> #TLAUNCHER$) = -18.05498309656401
correctionProbability (#ПОТЧТА$ -> #ПОЧТА$) = -6.385155766037759
correctionProbability (#ИФИР$ -> #ЭФИР$) = -5.711107519872687
correctionProbability (#ШАРЕМЕТЬЕВА$ -> #ШЕРЕМЕТЬЕВО$) = -80.96678304750192
correctionProbability (#БЕЛАЙН$ -> #БИЛАЙН$) = -9.001488255688326
correctionProbability (#KLANS$ -> #CLANS$) = -7.86732636828409
correctionProbability (#ТЕНДЕНИТ$ -> #ТЕНДИНИТ$) = -22.398439409473646
correctionProbability (#ПООО$ -> #ООО$) = -8.021728602530668
correctionProbability (#ЛИМАФАРЕН$ -> #ЛИМОФОРЕН$) = -99.37324406219086
correctionProbability (#BROZERS$ -> #BRAZZERS$) = -79.45077860408387
correctionProbability (#МАТИМАТИКЕ$ -> #МАТЕМАТИКЕ$) = -10.913471013994922
correctionProbability (#ВОЛГЛГРАДЕ$ -> #ВОЛГОГРАДЕ$) = -15.567615396701662
correctionProbability (#DAVLAD$ -> #DAVLAT$) = -19.112319146252855
correctionProbability (#ДОГОВРА$ -> #ДОГОВОРА$) = -13.396795270208557
correctionProbability (#ХУДОЖЭСТВЕННЫЕ$ -> #ХУДОЖЕСТВЕННЫЕ$) = -18.755436026249228
correctionProbability (#СКВОРОДЕ$ -> #СКОВОРОДЕ$) = -15.105708124295184
correctionProbability (#ASASINS$ -> #ASSASSINS$) = -83.83454460520937
correctionProbability (#АКСКССУАРЫ$ -> #АКСЕССУАРЫ$) = -15.968966432182619
correctionProbability (#МАЛЕНИКИХ$ -> #МАЛЕНЬКИХ$) = -11.353575344897742
correctionProbability (#ПЕНТИНГ$ -> #ПЕТТИНГ$) = -18.256349006613192
correctionProbability (#С2032$ -> #СР2032$) = -32.78641129034331
correctionProbability (#ПООД$ -> #ПОД$) = -6.0824250888440226
correctionProbability (#РАЗДВЕЖНЫХ$ -> #РАЗДВИЖНЫХ$) = -20.359203806614467
correctionProbability (#СЕРЕБРЯННОГО$ -> #СЕРЕБРЯНОГО$) = -24.48045893029009
correctionProbability (#ОБРИСОВАЛА$ -> #НАРИСОВАЛА$) = -90.07679404114357
correctionProbability (#CEMPIONAT$ -> #CHEMPIONAT$) = -22.015824380173967
correctionProbability (#ТАРТУГА$ -> #ТОРТУГА$) = -21.230703873644515
correctionProbability (#ЛЕЗБИАНОК$ -> #ЛЕСБИЯНОК$) = -82.09919432464052
correctionProbability (#ДЕВЧТВЕННИЦ$ -> #ДЕВСТВЕННИЦ$) = -22.64188920765001
correctionProbability (#БЕССЕКТРИСА$ -> #БИССЕКТРИСА$) = -21.217896118283136
correctionProbability (#ПЕРЕВАОДЧИК$ -> #ПЕРЕВОДЧИК$) = -11.148292182888675
correctionProbability (#SEKC$ -> #SEKS$) = -8.843565699752986
correctionProbability (#МЕЛЛИСА$ -> #МЕЛИССА$) = -84.79357619691223
correctionProbability (#ГРИНЧЕНКА$ -> #ГРИНЧЕНКО$) = -24.20513084152381
correctionProbability (#SCANS$ -> #SANS$) = -16.536640595494244
correctionProbability (#SEKA$ -> #SEKS$) = -8.845340966056227
correctionProbability (#КОМПОЗИЦІІ$ -> #КОМПОЗИЦІЇ$) = -23.398848026063206
correctionProbability (#БУХРАМ$ -> #БАХРАМ$) = -22.811078701823234
correctionProbability (#ИССКУСТВЕННУЮ$ -> #ИСКУССТВЕННУЮ$) = -92.41347981952269
correctionProbability (#ПАУЕР$ -> #ПАУЭР$) = -14.742169921043772
correctionProbability (#МАКСИМИЛЛИАНС$ -> #МАКСИМИЛИАНС$) = -25.324261225719404
correctionProbability (#ТАПЕВАРОВСКАЯ$ -> #ТУПЕРВАРОВСКАЯ$) = -96.97441500789779
correctionProbability (#РЕСПУЛИКА$ -> #РЕСПУБЛИКА$) = -15.564851078475279
correctionProbability (#ПАСАЖИРСКОГО$ -> #ПАССАЖИРСКОГО$) = -23.696334408960567
correctionProbability (#ДРАЙЕВР$ -> #ДРАЙВЕР$) = -78.2864791178647
correctionProbability (#ИНТЕЛИГЕНТ$ -> #ИНТЕЛЛИГЕНТ$) = -26.705038908455712
correctionProbability (#ДИРУНИ$ -> #ДЕРУНИ$) = -23.318823382640645
correctionProbability (#ЛАВУРА$ -> #ЛАУРА$) = -17.223047188548502
correctionProbability (#ЭКСКОВАТОРОВ$ -> #ЭКСКАВАТОРОВ$) = -23.23527494683546
correctionProbability (#АПНОЕ$ -> #АПНОЭ$) = -18.83899453425845
correctionProbability (#МУЛЬТФИМ$ -> #МУЛЬТФИЛЬМ$) = -74.97551722855471
correctionProbability (#ИНСТРУМЕНТАЛЬНЫИ$ -> #ИНСТРУМЕНТАЛЬНЫЙ$) = -28.32923557764689
correctionProbability (#РАТАНА$ -> #РОТАНА$) = -18.365905399726902
correctionProbability (#СЕЛЕГЕРСКАЯ$ -> #СЕЛИГЕРСКАЯ$) = -24.189476248776373
correctionProbability (#РЕГІДРОН$ -> #РЕГИДРОН$) = -18.847360632125095
correctionProbability (#ШИЛЕРА$ -> #ШИЛЛЕРА$) = -21.17740364979585
correctionProbability (#СЕЗН$ -> #СЕЗОН$) = -2.780159595132922
correctionProbability (#КЛБЧ$ -> #КЛЮЧ$) = -6.5820436723792035
correctionProbability (#АНГДИЙСКИЙ$ -> #АНГЛИЙСКИЙ$) = -11.198448077241999
correctionProbability (#ЗАНОСИ$ -> #ЗАНУССИ$) = -83.41938784993845
correctionProbability (#КУПИТТ$ -> #КУПИТЬ$) = -1.382670973000291
correctionProbability (#ТУРОПРАТОРЫ$ -> #ТУРОПЕРАТОРЫ$) = -22.27768173080721
correctionProbability (#ПРАСТЬТУТКИ$ -> #ПРОСТИТУТКИ$) = -79.05545158685821
correctionProbability (#ХИМИЯТЕРАПИЯ$ -> #ХИМИОТЕРАПИЯ$) = -23.49715437012376
correctionProbability (#РЕНОБЭ$ -> #РАНОБЭ$) = -16.474936733205514
correctionProbability (#ЖЕГСКИЕ$ -> #ЖЕНСКИЕ$) = -8.643290565038178
correctionProbability (#СПОРТРИЖ$ -> #СПОРТЕЙДЖ$) = -145.82880822024808
correctionProbability (#ОЛЕТА$ -> #АЛЕТТА$) = -84.19973989792202
correctionProbability (#ПАВЛОЛАР$ -> #ПАВЛОДАР$) = -13.483003562858592
correctionProbability (#РЦЭЦЭС$ -> #РЦЭЦС$) = -33.93951842813814
correctionProbability (#АКТАНАВТЫ$ -> #ОКТОНАВТЫ$) = -83.79119035479373
correctionProbability (#ВЫГРЫШ$ -> #ВЫИГРЫШ$) = -17.925641483174154
correctionProbability (#МАТЕТИКЕ$ -> #МАТЕМАТИКЕ$) = -76.88778021957074
correctionProbability (#АНТИБИОТКИ$ -> #АНТИБИОТИКИ$) = -19.053387539953476
correctionProbability (#НАУШНІКИ$ -> #НАУШНИКИ$) = -12.825839688094327
correctionProbability (#ПОНН$ -> #ПОНИ$) = -7.334680858918002
correctionProbability (#ДОЛАРРАХ$ -> #ДОЛЛАРАХ$) = -84.65236139845435
correctionProbability (#CHECIK$ -> #CHECHIK$) = -21.049258154498744
correctionProbability (#ДСОКА$ -> #ДОСКА$) = -75.84224871693344
correctionProbability (#ПОНР$ -> #ПОРНР$) = -15.59647420952395
correctionProbability (#АБЗОР$ -> #ОБЗОР$) = -8.034067906342074
correctionProbability (#КОМПРЕСИОННЫЙ$ -> #КОМПРЕССИОННЫЙ$) = -26.261597054521076
correctionProbability (#YUITUB$ -> #YOUTUBE$) = -139.61198488579072
correctionProbability (#ГРАНЕННЫЕ$ -> #ГРАНЕНЫЕ$) = -24.539747217868445
correctionProbability (#ЕНДОР$ -> #ЭНДЕР$) = -81.58530110934782
correctionProbability (#ПОЛЬЗОВОТЬСЯ$ -> #ПОЛЬЗОВАТЬСЯ$) = -16.443771403966913
correctionProbability (#КУПИТИ$ -> #КУПИТЬ$) = -1.3834647097378543
correctionProbability (#АНГЛИЙСКГО$ -> #АНГЛИЙСКОГО$) = -14.017925868173549
correctionProbability (#КРОПЕВНИЦКИЙ$ -> #КРОПИВНИЦКИЙ$) = -22.270296581904
correctionProbability (#МОДИТВА$ -> #МОЛИТВА$) = -11.242462592689925
correctionProbability (#ПЛАЧТИНЧАТЫЙ$ -> #ПЛАСТИНЧАТЫЙ$) = -23.593531585839777
correctionProbability (#АПАРАТОМ$ -> #АППАРАТОМ$) = -21.124151602618234
correctionProbability (#ОБЪСНИТЕ$ -> #ОБЪЯСНИТЕ$) = -18.285000642639694
correctionProbability (#СОЛВЬЕВА$ -> #СОЛОВЬЕВА$) = -17.709368222651236
correctionProbability (#ЖЭНЬ$ -> #ЖЕНЬ$) = -21.097114865800965
correctionProbability (#АГАЗИН$ -> #МАГАЗИН$) = -5.637966568058625
correctionProbability (#SEKZ$ -> #SEKS$) = -8.84439859556242
correctionProbability (#ПОНЕ$ -> #ПОНИ$) = -7.274175700200409
correctionProbability (#КУПИТО$ -> #КУПИТЬ$) = -1.3879865761076111
correctionProbability (#ЕМАИЛ$ -> #ЕМАЙЛ$) = -13.584406419784006
correctionProbability (#КИСЛОТВ$ -> #КИСЛОТЫ$) = -14.330006202023995
correctionProbability (#КУПИТБ$ -> #КУПИТЬ$) = -1.385560313351899
correctionProbability (#ОКТЯБ$ -> #ОКТЯБРЯ$) = -74.31319623310668
correctionProbability (#ПГОДА$ -> #ПОГОДА$) = -1.7688979413863954
correctionProbability (#ПЕЛЛОПОНЕС$ -> #ПЕЛОПОННЕС$) = -94.1476189366883
correctionProbability (#ЦВЕТЯ$ -> #ЦВЕТЫ$) = -6.60721022292644
correctionProbability (#ВОСЬМЕДИСЯТЫЕ$ -> #ВОСЬМИДЕСЯТЫЕ$) = -84.52735810326995
correctionProbability (#MOLI$ -> #MOLY$) = -15.76461596377386
correctionProbability (#AQU$ -> #AQUA$) = -13.292023869702515
correctionProbability (#КИСЛОТП$ -> #КИСЛОТА$) = -12.150183855124382
correctionProbability (#НАУШНІКІ$ -> #НАУШНИКИ$) = -77.59377698941012
correctionProbability (#МОЖНОО$ -> #МОЖНО$) = -6.973758785369338
correctionProbability (#ЖЭНУ$ -> #ЖЕНУ$) = -9.488823602283109
correctionProbability (#ВЫБИРИ$ -> #ВЫБЕРИ$) = -15.762811826955573
correctionProbability (#НАСТЬЯ$ -> #НАСТЯ$) = -10.273322926112161
correctionProbability (#ЛОПАС$ -> #ЛОПЕС$) = -13.698656807746776
correctionProbability (#BODOO$ -> #BADOO$) = -12.611193366452174
correctionProbability (#НЕМЕТСКАЯ$ -> #НЕМЕЦКАЯ$) = -82.4665012928271
correctionProbability (#DIANNA$ -> #DIANA$) = -17.970934194793525
correctionProbability (#ЕМАИС$ -> #ЕМИАС$) = -79.40975511316613
correctionProbability (#ЮЛМАРО$ -> #ЮЛМАРТ$) = -12.549550511156685
correctionProbability (#ПРИВЕЛИТЕ$ -> #ПРИВЕДИТЕ$) = -17.473526470201783
correctionProbability (#КЛАЮ$ -> #КЛАБ$) = -8.752665726561062
correctionProbability (#МОЖНОЛ$ -> #МОЖНО$) = -6.986593659503466
correctionProbability (#СЕЖУ$ -> #СИЖУ$) = -15.310725856700376
correctionProbability (#ПРОЧ$ -> #ПРОЧЬ$) = -14.301434826909041
correctionProbability (#ОДКЖДА$ -> #ОДЕЖДА$) = -7.606428743752474
correctionProbability (#ГИНЕРАЛ$ -> #ГЕНЕРАЛ$) = -14.133678541340224
correctionProbability (#ПЕКСНИ$ -> #ПЕСНИ$) = -5.779804121300117
correctionProbability (#GUNUM$ -> #GUNUN$) = -18.344436521974355
correctionProbability (#ЯОИ$ -> #ЯОЙ$) = -11.324450429289922
correctionProbability (#НОЛОГОВЫЙ$ -> #НАЛОГОВЫЙ$) = -14.950995960935046
correctionProbability (#ВРЕЕНИ$ -> #ВРЕМЕНИ$) = -9.57523746571485
correctionProbability (#ПИСТАЛЕТА$ -> #ПИСТОЛЕТА$) = -17.321740730596353
correctionProbability (#ГАБОЗОВА$ -> #ГОБОЗОВА$) = -24.25315816929497
correctionProbability (#КОНФИК$ -> #КОНФИГ$) = -16.18650046702658
correctionProbability (#ОТЗВЫВ$ -> #ОТЗЫВЫ$) = -72.72204873951777
correctionProbability (#КОТРОЛЯ$ -> #КОНТРОЛЯ$) = -14.182434709854036
correctionProbability (#ГЕЗМЕТЕО$ -> #ГИСМЕТЕО$) = -73.00143711306103
correctionProbability (#ИИГГГРРЫ$ -> #ИИГГРРЫЫ$) = -93.10417520829341
correctionProbability (#КОИЕДИИ$ -> #КОМЕДИИ$) = -9.310968801894553
correctionProbability (#ЗАПИ$ -> #ЗАПИСЬ$) = -74.27474268623659
correctionProbability (#ИМЕНО$ -> #ИМЕННО$) = -15.78776679214899
correctionProbability (#СВИНК$ -> #СВИНКА$) = -9.770656962248953
correctionProbability (#DONWLOOD$ -> #DOWNLOAD$) = -143.69456900285707
correctionProbability (#ДЕПА$ -> #ДЕППА$) = -20.000358688300448
correctionProbability (#ПОСЛЕДНИК$ -> #ПОСЛЕДНИЕ$) = -9.369796708125968
correctionProbability (#ПРОО$ -> #ПРО$) = -3.891060666181918
correctionProbability (#CONON$ -> #CANON$) = -10.2648460774106
correctionProbability (#ЖЕЕСКИЕ$ -> #ЖЕНСКИЕ$) = -8.640172059135516
correctionProbability (#ПРОС$ -> #ПРО$) = -3.8837581654964133
correctionProbability (#ПЛАСМАСОВЫХ$ -> #ПЛАСТМАССОВЫХ$) = -90.64221879003267
correctionProbability (#МЕНУЕТ$ -> #МЕНУЭТ$) = -18.46380198126391
correctionProbability (#ФОЛИМАГ$ -> #ФОЛЛИМАГ$) = -34.41694715208503
correctionProbability (#ЛСИТ$ -> #ЛИСТ$) = -74.77636034058446
correctionProbability (#ИЗМЕНЕНИ$ -> #ИЗМЕНЕНИЯ$) = -14.727698345676458
correctionProbability (#НАЛГООБЛОЖЕНИЕ$ -> #НАЛОГООБЛОЖЕНИЕ$) = -24.778196682537967
correctionProbability (#ГРЕБЫ$ -> #ГРИБЫ$) = -8.700431079699602
correctionProbability (#УОСТЮМ$ -> #КОСТЮМ$) = -8.519190198914519
correctionProbability (#ИЦЕФАЛАПОТИИ$ -> #ЭНЦЕФАЛОПАТИИ$) = -222.584126702074
correctionProbability (#КОСЬЯНОВА$ -> #КАСЬЯНОВА$) = -22.12541688413183
correctionProbability (#ФРЕМВОРК$ -> #ФРЕЙМВОРК$) = -24.004686388413113
correctionProbability (#СКАСАТЬ$ -> #СКАЧАТЬ$) = -2.4768858427403924
correctionProbability (#СКЕПТИКА$ -> #СЕПТИКА$) = -19.527837072917926
correctionProbability (#ЗАОС$ -> #ХАОС$) = -15.091723721616763
correctionProbability (#МОЖНЛ$ -> #МОЖНО$) = -4.521669342811787
correctionProbability (#ТРЕНЕРИ$ -> #ТРЕНЕР$) = -14.654935648812977
correctionProbability (#ПРОИ$ -> #ПРИ$) = -5.634808059514089
correctionProbability (#КРЕДИТОРРЫ$ -> #КРЕДИТОРЫ$) = -26.985184722932793
correctionProbability (#ЭРОКИКА$ -> #ЭРОТИКА$) = -7.965359018842086
correctionProbability (#РАССКАЗИ$ -> #РАССКАЗЫ$) = -10.649618240875647
correctionProbability (#ХОЛОДИЛЬНТК$ -> #ХОЛОДИЛЬНИК$) = -14.826247075428938
correctionProbability (#ОБДАСТИ$ -> #ОБЛАСТИ$) = -6.1161120206030475
correctionProbability (#МФЕОДИЙ$ -> #МЕФОДИЙ$) = -86.29670654256537
correctionProbability (#ПОСЛЕДНИЦ$ -> #ПОСЛЕДНИЙ$) = -10.468838313421003
correctionProbability (#FAMALY$ -> #FAMILY$) = -10.226795918244502
correctionProbability (#РИЧЕСКА$ -> #ПРИЧЕСКА$) = -14.905992933387758
correctionProbability (#FANAARLAR$ -> #CANAVARLAR$) = -93.9319945601218
correctionProbability (#САСУД$ -> #СОСУД$) = -15.648999160045921
correctionProbability (#РНФЕРАТ$ -> #РЕФЕРАТ$) = -10.727147647072897
correctionProbability (#CONSECUTIVO$ -> #CONSECUTIVE$) = -31.07727059449566
correctionProbability (#КОЕДИТ$ -> #КРЕДИТ$) = -7.299944679843254
correctionProbability (#ЭКСПЕРЕМЕНТ$ -> #ЭКСПЕРИМЕНТ$) = -19.211538458856495
correctionProbability (#НАКАНУНУ$ -> #НАКАНУНЕ$) = -19.55049973420075
correctionProbability (#ПОРГХАБ$ -> #ПОРНХАБ$) = -13.07217749769164
correctionProbability (#НАЙНТОН$ -> #НАЙТОН$) = -25.142220233465054
correctionProbability (#ПОСЛЕДНИЮ$ -> #ПОСЛЕДНЮЮ$) = -15.831516601496752
correctionProbability (#СИМСАНОВ$ -> #СИМПСОНОВ$) = -86.5003730948393
correctionProbability (#ЗАОН$ -> #ЗАКОН$) = -8.581570382189458
correctionProbability (#РАЙФФАЙЗЕНБАНКА$ -> #РАЙФФАЙЗЕНБАНК$) = -21.81513703191635
correctionProbability (#РОБЛКС$ -> #РОБЛОКС$) = -7.924293317033779
correctionProbability (#ЗАЛОЖИЛР$ -> #ЗАЛОЖИЛО$) = -20.789362149431277
correctionProbability (#РОСИЕЙ$ -> #РОССИЕЙ$) = -16.670296438499143
correctionProbability (#МОЖНР$ -> #МОЖНО$) = -4.522531442796929
correctionProbability (#РОСІІ$ -> #РОСІЇ$) = -18.941795523535337
correctionProbability (#БЕЗПЛАТ$ -> #БЕСПЛАТНО$) = -135.36791216466165
correctionProbability (#ЖЕРЕБЕС$ -> #ЖЕРЕБЕЦ$) = -19.335392115800346
correctionProbability (#ЧУСТВИТЕЛЬНОСТЬ$ -> #ЧУВСТВИТЕЛЬНОСТЬ$) = -27.34101498139478
correctionProbability (#УЛЮСОЙ$ -> #УЛУСОЙ$) = -20.437504341530175
correctionProbability (#ПРИЛОЖННИЕ$ -> #ПРИЛОЖЕНИЕ$) = -13.296442983901315
correctionProbability (#ТОЛЕЦКОЕ$ -> #ТЕЛЕЦКОЕ$) = -21.180627615579766
correctionProbability (#MICHAL$ -> #MICHAEL$) = -14.670600650373466
correctionProbability (#ИДИЛИЯ$ -> #ИДИЛЛИЯ$) = -19.064818573855355
correctionProbability (#РАСТАЛИСЬ$ -> #РАССТАЛИСЬ$) = -21.49272319469243
correctionProbability (#ПАРАШУТ$ -> #ПАРАШЮТ$) = -18.228260531769784
correctionProbability (#СПАДЧИНА$ -> #СПАДЧЫНА$) = -22.598991739909344
correctionProbability (#ГРОМКА$ -> #ГРОМКО$) = -15.532834960033167
correctionProbability (#ВОЗРОСТЕ$ -> #ВОЗРАСТЕ$) = -14.009728392339476
correctionProbability (#КАЗХАСТАНЕ$ -> #КАЗАХСТАНЕ$) = -80.24954900205299
correctionProbability (#ЗАВОПОТНЮК$ -> #ЗАВОРОТНЮК$) = -11.820006110579577
correctionProbability (#ПРЕДНОЗНАЧЕН$ -> #ПРЕДНАЗНАЧЕН$) = -24.12309289032273
correctionProbability (#УЧЕЮНИК$ -> #УЧЕБНИК$) = -9.034944888876282
correctionProbability (#ДОБРОК$ -> #ДОБРОЕ$) = -10.464147492211776
correctionProbability (#МОЛОДОЯ$ -> #МОЛОДАЯ$) = -12.758091180892109
correctionProbability (#ЗАНЫ$ -> #ЗАҢЫ$) = -15.348923596489005
correctionProbability (#ВСРЕЧА$ -> #ВСТРЕЧА$) = -13.780163577721815
correctionProbability (#ДЕНЯ$ -> #ДЕНЬ$) = -3.8538501374006238
correctionProbability (#МОНЬЯК$ -> #МАНЬЯК$) = -13.688262325054712
correctionProbability (#КАСТРУЛЯ$ -> #КАСТРЮЛЯ$) = -17.773272354959623
correctionProbability (#ПОСТАНОВЛЕНИ$ -> #ПОСТАНОВЛЕНИЕ$) = -17.6592163608425
correctionProbability (#АНАСТАСІЯ$ -> #АНАСТАСИЯ$) = -11.18372269237495
correctionProbability (#НАВЕСЕОЙ$ -> #НАВЕСНОЙ$) = -16.410058370846706
correctionProbability (#НІНО$ -> #НИНО$) = -14.707300302050985
correctionProbability (#КОЕДИИ$ -> #КОМЕДИИ$) = -9.89931967568657
correctionProbability (#СЕГОН$ -> #СЕЗОН$) = -2.175100769499469
correctionProbability (#ПРОИЗВОДИТЕЛЕЦ$ -> #ПРОИЗВОДИТЕЛЕЙ$) = -22.921902823737895
correctionProbability (#ОПЕРАЦИОНОЙ$ -> #ОПЕРАЦИОННОЙ$) = -22.33431839455546
correctionProbability (#CASTELOS$ -> #CASTELLO$) = -91.35289653883504
correctionProbability (#ДРЯПОК$ -> #ТРЯПОК$) = -20.37194243868792
correctionProbability (#ЯНЛЕК$ -> #ЯНДЕКС$) = -67.50377414836716
correctionProbability (#ДЕНЦ$ -> #ДЭНС$) = -76.15551600272984
correctionProbability (#МОЛОДОЦ$ -> #МОЛОДОЙ$) = -12.05948649336301
correctionProbability (#ОРИФЛЭМ$ -> #ОРИФЛЕЙМ$) = -77.26948609502189
correctionProbability (#БИЛЕЬА$ -> #БИЛЕТА$) = -11.940307642208634
correctionProbability (#ВРАФЕЙС$ -> #ВАРФЕЙС$) = -78.2710335219732
correctionProbability (#ПСМАТРЕТЬ$ -> #СМОТРЕТЬ$) = -69.59421309024559
correctionProbability (#МАРКОВКА$ -> #МОРКОВКА$) = -17.384552313464432
correctionProbability (#УКРАДЕНЫЕ$ -> #УКРАДЕННЫЕ$) = -21.19523617269899
correctionProbability (#БЕСПЛТНОЕ$ -> #БЕСПЛАТНОЕ$) = -15.325972358781108
correctionProbability (#АНГЛИЙСКОГ$ -> #АНГЛИЙСКОГО$) = -14.003511046211159
correctionProbability (#ЗАЧАРОВАНЫЙ$ -> #ЗАЧАРОВАННЫЙ$) = -27.601990551879304
correctionProbability (#СВИНЮ$ -> #СВИНЬЮ$) = -17.950745451922327
correctionProbability (#ВОЗЛИ$ -> #ВОЗЛЕ$) = -11.276584129308699
correctionProbability (#МАТЕОИ$ -> #МАТЕРИ$) = -8.876356489609908
correctionProbability (#МЛЬТИК$ -> #МУЛЬТИК$) = -7.421113624831271
correctionProbability (#LOGING$ -> #LOGIN$) = -13.865547106177306
correctionProbability (#КАПИЛКА$ -> #КОПИЛКА$) = -15.308650721310904
correctionProbability (#ПРЕМЪЕР$ -> #ПРЕМЬЕР$) = -11.351483258765256
correctionProbability (#ДЕНЫ$ -> #ЖЕНЫ$) = -9.200696999851804
correctionProbability (#ПЛАСМАССЫ$ -> #ПЛАСТМАССЫ$) = -21.1348103422552
correctionProbability (#BENS$ -> #BENZ$) = -12.70848426546397
correctionProbability (#IZNOSILOVANIE$ -> #IZNASILOVANIE$) = -26.020738035613356
correctionProbability (#ЗВАТАЕТ$ -> #ХВАТАЕТ$) = -15.512403325088812
correctionProbability (#РАУЗЕР$ -> #БРАУЗЕР$) = -10.852130472285367
correctionProbability (#ANTALIA$ -> #ANTALYA$) = -19.983348976771204
correctionProbability (#ПОЛЕТИЧЕСКИХ$ -> #ПОЛИТИЧЕСКИХ$) = -20.982583461641966
correctionProbability (#ЭСКУРСИИ$ -> #ЭКСКУРСИИ$) = -13.999702477102261
correctionProbability (#ДЕНМ$ -> #ДНЕМ$) = -71.9568097189212
correctionProbability (#ВЕШНЕВСКОГО$ -> #ВИШНЕВСКОГО$) = -21.134099065605
correctionProbability (#TRASLATE$ -> #TRANSLATE$) = -13.91572473109354
correctionProbability (#ЗАПИСЕ$ -> #ЗАПИСИ$) = -11.60485253792763
correctionProbability (#ТЕЛЕВИДЕНЬЕ$ -> #ТЕЛЕВИДЕНИЕ$) = -16.077410674995726
correctionProbability (#ВЬЕТНА$ -> #ВЬЕТНАМ$) = -13.504088081766682
correctionProbability (#ПРМЬ$ -> #ПЕРМЬ$) = -8.211361896423778
correctionProbability (#НАЗАВАЕТСЯ$ -> #НАЗЫВАЕТСЯ$) = -13.95951273121451
correctionProbability (#СВИНЯ$ -> #СВИНЬЯ$) = -14.291237567443535
correctionProbability (#ПОМАЛА$ -> #ПОМАДА$) = -13.488828877328306
correctionProbability (#АЕИМЕ$ -> #АНИМЕ$) = -5.948425102519749
correctionProbability (#CKAЧАТЬ$ -> #СКАЧАТЬ$) = -132.09465345788917
correctionProbability (#СПРАЗДНОВАТЬ$ -> #ОТПРАЗДНОВАТЬ$) = -90.28842583154803
correctionProbability (#УТБОЛ$ -> #ФУТБОЛ$) = -7.466091464812738
correctionProbability (#КАМЕНАЯ$ -> #КАМЕННАЯ$) = -18.060373303874627
correctionProbability (#SANDR$ -> #SANDRA$) = -14.827370045725306
correctionProbability (#ПРОСТОКВАШИНА$ -> #ПРОСТОКВАШИНО$) = -17.41414736348802
correctionProbability (#ГЕПНОЗОМ$ -> #ГИПНОЗОМ$) = -15.209991535894055
correctionProbability (#ПЛОЩАТЬ$ -> #ПЛОЩАДЬ$) = -11.181395002491243
correctionProbability (#КАПИЛКИ$ -> #КОПИЛКИ$) = -20.40241189568208
correctionProbability (#НИКОЛАЕА$ -> #НИКОЛАЕВ$) = -13.99851726628814
correctionProbability (#АДАМАНСКОЕ$ -> #АНДАМАНСКОЕ$) = -29.057148529996418
correctionProbability (#SOLUCTION$ -> #SOLUTION$) = -17.449143667196843
correctionProbability (#КАБЯКОВ$ -> #КОБЯКОВ$) = -13.999089764092716
correctionProbability (#НКОКОНСЕРВАТИЗМ$ -> #НЕОКОНСЕРВАТИЗМ$) = -34.01665837445445
correctionProbability (#ТЕЛАУНЧЕР$ -> #ТЛАУНЧЕР$) = -18.559000983601095
correctionProbability (#ТЕТЕРАДЬ$ -> #ТЕТРАДЬ$) = -11.741219900138049
correctionProbability (#МАГНИТНА$ -> #МАГНИТНАЯ$) = -18.223316477342856
correctionProbability (#МИКОЛЕЗ$ -> #МИКРОЛИЗ$) = -90.6329782811543
correctionProbability (#YNDX$ -> #YANDEX$) = -75.5381543064725
correctionProbability (#CITI$ -> #CITY$) = -7.574526949456789
correctionProbability (#СЗКС$ -> #СЭКС$) = -10.420897973695066
correctionProbability (#АККУМУЛЧТОРНУЮ$ -> #АККУМУЛЯТОРНУЮ$) = -27.56789904688914
correctionProbability (#СЛЛВО$ -> #СЛОВО$) = -7.7057058842495145
correctionProbability (#SCALIGER$ -> #SCALIGERI$) = -35.62614606068512
correctionProbability (#РАСАПИСАНИЕ$ -> #РАСПИСАНИЕ$) = -12.14325000063618
correctionProbability (#BENC$ -> #BENZ$) = -12.709463076106015
correctionProbability (#РЕЭЛТОР$ -> #РИЭЛТОР$) = -15.898829125254437
correctionProbability (#КАСТРУЛИ$ -> #КАСТРЮЛИ$) = -16.963706634834267
correctionProbability (#НEТІШИН$ -> #НЕТІШИН$) = -21.8612696343853
correctionProbability (#СМОТИРИТ$ -> #СМОТРЕТЬ$) = -134.8699777914818
correctionProbability (#КАЛЕКЦЫЯ$ -> #КОЛЛЕКЦИЯ$) = -144.47546361093728
correctionProbability (#КОПРДИНАТЫ$ -> #КООРДИНАТЫ$) = -17.032062437107406
correctionProbability (#СЕКИСЬ$ -> #СЕКИС$) = -15.2006245732201
correctionProbability (#ОБРОЗОВАЛСЯ$ -> #ОБРАЗОВАЛСЯ$) = -23.162155530742766
correctionProbability (#PRONHUB$ -> #PORNHUB$) = -79.30016021810398
correctionProbability (#ЛАМБОРЖИНИ$ -> #ЛАМБОРДЖИНИ$) = -20.358394794753387
correctionProbability (#КРЕПОСНОЕ$ -> #КРЕПОСТНОЕ$) = -22.94222745466545
correctionProbability (#РАССЛАБСЯ$ -> #РАССЛАБЬСЯ$) = -27.761604033289963
correctionProbability (#WNDOWS$ -> #WINDOWS$) = -9.378508358115766
correctionProbability (#ДАРСЕЛ$ -> #ДОРСЕЛЬ$) = -85.1933255131799
correctionProbability (#ВНУКОВА$ -> #ВНУКОВО$) = -12.945376544599355
correctionProbability (#ЛАУНЧИР$ -> #ЛАУНЧЕР$) = -14.209694909018019
correctionProbability (#ПРРО$ -> #ПРО$) = -3.8954679011693223
correctionProbability (#СМЕТРИ$ -> #СМЕРТИ$) = -77.28486841556985
correctionProbability (#МЕЛЬКА$ -> #МАЛЬКА$) = -19.03161851522852
correctionProbability (#МПГАЗИНЫ$ -> #МАГАЗИНЫ$) = -10.709469711186323
correctionProbability (#КРЕПОСНОЙ$ -> #КРЕПОСТНОЙ$) = -24.681682497526566
correctionProbability (#МАГНИТНЕ$ -> #МАГНИТНОЕ$) = -20.06799483381176
correctionProbability (#ФАИЛОВ$ -> #ФАЙЛОВ$) = -14.058616521265908
correctionProbability (#КРЕТИТ$ -> #КРЕДИТ$) = -7.27240870765009
correctionProbability (#ООНЛАЙН$ -> #ОНЛАЙН$) = -3.119727584810061
correctionProbability (#КАСТРУЛЬ$ -> #КАСТРЮЛЬ$) = -17.9748933360978
correctionProbability (#ОМКЕ$ -> #ОМСКЕ$) = -9.431090150921296
correctionProbability (#ИННСТАГРАМ$ -> #ИНСТАГРАМ$) = -10.961838862139537
correctionProbability (#ИПОДРОМ$ -> #ИППОДРОМ$) = -20.344377920378342
correctionProbability (#СВОИМИМ$ -> #СВОИМИ$) = -7.92692503137372
correctionProbability (#КАСТРУЛЮ$ -> #КАСТРЮЛЮ$) = -19.08357095177024
correctionProbability (#ЛОЧНЫХ$ -> #ЛИЧНЫХ$) = -15.70612145327841
correctionProbability (#КРОСОВЕРЫ$ -> #КРОССОВЕРЫ$) = -20.48332987069505
correctionProbability (#MILLENIERE$ -> #MILLENAIRE$) = -92.43792047802256
correctionProbability (#ВИСИО$ -> #ВИЗИО$) = -18.002959715017415
correctionProbability (#ШТРАВБАТ$ -> #ШТРАФБАТ$) = -15.129818595000103
correctionProbability (#МЫЩЦЫ$ -> #МЫШЦЫ$) = -12.070479711176358
correctionProbability (#DOCHKISINOCHKIRK$ -> #DOCHKISINOCHKI$) = -98.8226862889933
correctionProbability (#ЛОБЛОКС$ -> #РОБЛОКС$) = -7.356898961844699
correctionProbability (#МКЗЕЙ$ -> #МУЗЕЙ$) = -9.044774290731755
correctionProbability (#ЧКАЧАТ$ -> #СКАЧАТЬ$) = -67.7937560976297
correctionProbability (#КЕЛОМЕТРОВ$ -> #КИЛОМЕТРОВ$) = -16.971510149815522
correctionProbability (#МИКСЕДОЛ$ -> #МЕКСИДОЛ$) = -80.04501320111045
correctionProbability (#ВСТРОЕНЫМИ$ -> #ВСТРОЕННЫМИ$) = -23.91840164156322
correctionProbability (#КРАСОВЕР$ -> #КРОССОВЕР$) = -83.11451348262247
correctionProbability (#ПЛМЕНЯТЬ$ -> #ПОМЕНЯТЬ$) = -11.831606378919822
correctionProbability (#ВЫСТОВОК$ -> #ВЫСТАВОК$) = -18.308911647278087
correctionProbability (#MPS3$ -> #MP3$) = -9.597040027416622
correctionProbability (#ПАЙНТЕ$ -> #ПАИНТЕ$) = -19.243479733948146
correctionProbability (#НАЗЫААЮТ$ -> #НАЗЫВАЮТ$) = -15.113918733748818
correctionProbability (#SHAMSHER$ -> #SHAMSHIR$) = -34.06267595151791
correctionProbability (#СТЕРЛИТОМАК$ -> #СТЕРЛИТАМАК$) = -16.91125068295922
correctionProbability (#ДИКОРАТИВНАЯ$ -> #ДЕКОРАТИВНАЯ$) = -18.282786428722503
correctionProbability (#ФОЛЬКЛЕРНЫЙ$ -> #ФОЛЬКЛОРНЫЙ$) = -24.301212937780207
correctionProbability (#PIZZE$ -> #PIZZA$) = -14.205853773802719
correctionProbability (#ПИВАТ$ -> #ПРИВАТ$) = -11.551838135018517
correctionProbability (#GOGAL$ -> #GOOGLE$) = -139.0282621746889
correctionProbability (#РЕТУАЛЬНЫЕ$ -> #РИТУАЛЬНЫЕ$) = -18.123828202299705
correctionProbability (#СВОЕЗАЛА$ -> #ВОКЗАЛА$) = -80.401506450367
correctionProbability (#ФЕРАНТЕ$ -> #ФЕРРАНТЕ$) = -27.311835237957204
correctionProbability (#МЭРРИ$ -> #МЭРИ$) = -14.091672094017408
correctionProbability (#БАНКРОТСВА$ -> #БАНКРОТСТВА$) = -20.588507266695657
correctionProbability (#ПРИСТИЖИО$ -> #ПРЕСТИЖИО$) = -19.69080309957149
correctionProbability (#МАНЙКРАФТ$ -> #МАЙНКРАФТ$) = -75.79817174419885
correctionProbability (#ЖУХАЙ$ -> #ЧЖУХАЙ$) = -22.919522875669657
correctionProbability (#КОЭФФИЦИЭНТ$ -> #КОЭФФИЦИЕНТ$) = -17.820228030195267
correctionProbability (#ТАПЕРВАР$ -> #ТАПЕРВЕР$) = -19.271911510130828
correctionProbability (#ТОБАКО$ -> #ТОБАККО$) = -24.84918127121331
correctionProbability (#ФОТОАПОРАТ$ -> #ФОТОАППАРАТ$) = -82.96638407782685
correctionProbability (#ОКОДЕМИЯ$ -> #АКАДЕМИЯ$) = -76.60701470165932
correctionProbability (#ACTREES$ -> #ACTRESS$) = -20.08432774985002
correctionProbability (#СЬЕМНОЕ$ -> #СЪЕМНОЕ$) = -20.463905875906683
correctionProbability (#АПИШИТЕ$ -> #НАПИШИТЕ$) = -16.42437039288729
correctionProbability (#НИГР$ -> #НЕГР$) = -12.144619670343513
correctionProbability (#СТАБЛАЙН$ -> #СТАРЛАЙН$) = -13.29451649654451
correctionProbability (#РАССКАЗФ$ -> #РАССКАЗЫ$) = -10.682657007878575
correctionProbability (#КВПРТИР$ -> #КВАРТИР$) = -9.38727233775193
correctionProbability (#ФРУКТРВЫЕ$ -> #ФРУКТОВЫЕ$) = -19.387582101879154
correctionProbability (#ЦМФРОВОЙ$ -> #ЦИФРОВОЙ$) = -14.501834150972982
correctionProbability (#ПРАСТИТУТКАМИ$ -> #ПРОСТИТУТКАМИ$) = -26.123373007207746
correctionProbability (#СПОРТУИКЕНД$ -> #СПОРТУИКЭНД$) = -23.114603429114524
correctionProbability (#ПОКОЗАЛА$ -> #ПОКАЗАЛА$) = -15.10173848152914
correctionProbability (#ШАКРИМА$ -> #ШАКАРИМА$) = -22.41341824075885
correctionProbability (#ОЛІВЄ$ -> #ОЛИВЬЕ$) = -144.6736232323916
correctionProbability (#СМАКОВАЯ$ -> #МАКОВАЯ$) = -26.139467144486233
correctionProbability (#ПЕРЕГРУЗИТЬ$ -> #ПЕРЕЗАГРУЗИТЬ$) = -89.12125582844949
correctionProbability (#ACTON$ -> #ACTION$) = -15.017197194979065
correctionProbability (#ЦИРУЛЬНИК$ -> #ЦИРЮЛЬНИК$) = -18.652041939495177
correctionProbability (#ГЛУЗО$ -> #ГЛУХОЙ$) = -82.51941846568145
correctionProbability (#REGISTRATSI$ -> #REGISTRATSIYA$) = -95.05585625303588
correctionProbability (#ТАВАРИЩИСКИ$ -> #ТОВАРИЩЕСКИЙ$) = -156.07987013072622
correctionProbability (#TURESKIY$ -> #TURECKIY$) = -22.102561608371047
correctionProbability (#САИАРА$ -> #САМАРА$) = -7.795057683500321
correctionProbability (#АВОТАРКУ$ -> #АВАТАРКУ$) = -15.722129425492554
correctionProbability (#МАЛЬБАРА$ -> #МАЛЬБОРО$) = -83.07493784270346
correctionProbability (#СВИРТ$ -> #СКВИРТ$) = -13.927694541707812
correctionProbability (#СОКОЛТНИКИ$ -> #СОКОЛЬНИКИ$) = -19.66501497993324
correctionProbability (#ТУРЕТЦКИЕ$ -> #ТУРЕЦКИЕ$) = -14.997705171313271
correctionProbability (#ЕНЖИН$ -> #ЭНДЖИН$) = -84.62016439376121
correctionProbability (#DISENE$ -> #DESENE$) = -12.759005486099586
correctionProbability (#ГТЭА$ -> #ГТА$) = -8.156794970804992
correctionProbability (#ШЫГАРМА$ -> #ШЫҒАРМА$) = -18.9869539373096
correctionProbability (#БЛЕЙБЛЕЙД$ -> #БЕЙБЛЭЙД$) = -81.85553855515388
correctionProbability (#ПОЖЕЛЫМИ$ -> #ПОЖИЛЫМИ$) = -18.012840797828794
correctionProbability (#RUTUB$ -> #RUTUBE$) = -16.85305178790195
correctionProbability (#ШУБВ$ -> #ШУБЫ$) = -10.721204568817964
correctionProbability (#НИГИ$ -> #КНИГИ$) = -7.536955987329716
correctionProbability (#ЭКВАЛИПТ$ -> #ЭВКАЛИПТ$) = -86.99072239196514
correctionProbability (#ОЛИМПИАЛЫ$ -> #ОЛИМПИАДЫ$) = -15.467989502731697
correctionProbability (#МОЖНГ$ -> #МОЖНО$) = -4.531121072627162
correctionProbability (#ТУРЕТЦКИЙ$ -> #ТУРЕЦКИЙ$) = -12.227244757636662
correctionProbability (#МАТИМАТИЧЕСКИЙ$ -> #МАТЕМАТИЧЕСКИЙ$) = -22.71156241290298
correctionProbability (#АВОТАРКИ$ -> #АВАТАРКИ$) = -13.341729852940837
correctionProbability (#TABLISA$ -> #TABLICA$) = -21.233262505133695
correctionProbability (#МАНОПОЛИЯ$ -> #МОНОПОЛИЯ$) = -17.807520944928292
correctionProbability (#BELS$ -> #BELLS$) = -18.412814632112063
correctionProbability (#ЕУПИТЬ$ -> #КУПИТЬ$) = -1.4160834966861593
correctionProbability (#СОННМК$ -> #СОННИК$) = -9.514198239979567
correctionProbability (#VARS$ -> #WARS$) = -11.929516536261762
correctionProbability (#ПОЛТОВА$ -> #ПОЛТАВА$) = -13.56153457781214
correctionProbability (#ПРЕРУЧИТЬ$ -> #ПРИРУЧИТЬ$) = -13.520791934726994
correctionProbability (#РУГУЛИРОВКА$ -> #РЕГУЛИРОВКА$) = -16.56967812523051
correctionProbability (#СРЕДЕЗЕМЬЕ$ -> #СРЕДИЗЕМЬЕ$) = -22.913484704232538
correctionProbability (#АКСЕНТ$ -> #АКЦЕНТ$) = -14.681638187825374
correctionProbability (#NAVALI$ -> #NAVAI$) = -17.27485855544646
correctionProbability (#МАРКАРОВА$ -> #МАКАРОВА$) = -18.68199772465786
correctionProbability (#ПРПО$ -> #ПРО$) = -3.9304393621365037
correctionProbability (#ДИЛВЕРЕ$ -> #ДЕЛИВЕРИ$) = -146.21753861224465
correctionProbability (#TURESKIE$ -> #TURECKIE$) = -18.14486613834965
correctionProbability (#МАЕНКРАФТ$ -> #МАЙНКРАФТ$) = -7.934369948408779
correctionProbability (#АЛГЕБЕРЕ$ -> #АЛГЕБРЕ$) = -12.80616223024419
correctionProbability (#МАТЕРТ$ -> #МАТЕРИ$) = -8.87579214441897
correctionProbability (#ЕУПИТИ$ -> #КУПИТЬ$) = -66.1569344186807
correctionProbability (#КНГА$ -> #КНИГА$) = -7.88202520623609
correctionProbability (#ВІЙСКА$ -> #ВІЙСЬКА$) = -22.526022995696508
correctionProbability (#СОННМУ$ -> #СОННИК$) = -74.28053663514113
correctionProbability (#КНГИ$ -> #КНИГИ$) = -7.542107006921601
correctionProbability (#ЗАРЕЖАТЬ$ -> #ЗАРЯЖАТЬ$) = -18.20474010947924
correctionProbability (#ПРИМЕНЕИЯ$ -> #ПРИМЕНЕНИЯ$) = -17.393438230581673
correctionProbability (#ГИРАНД$ -> #ГРАНД$) = -12.296912584809046
correctionProbability (#АНАСТАСІЇ$ -> #АНАСТАСИЯ$) = -75.92984948304148
correctionProbability (#КРТВОЙ$ -> #КРИВОЙ$) = -11.985996642559552
correctionProbability (#ФЛОИД$ -> #ФЛОЙД$) = -13.992358661240122
correctionProbability (#МУВАВИ$ -> #МОВАВИ$) = -17.986271284457604
correctionProbability (#УЗБЕКСТАН$ -> #УЗБЕКИСТАН$) = -16.77469014378535
correctionProbability (#АРХАНГЕЛЬК$ -> #АРХАНГЕЛЬСК$) = -17.783826927451273
correctionProbability (#АКВАНРИММ$ -> #АКВАГРИМ$) = -84.68862072849912
correctionProbability (#ТАНБАСЫ$ -> #ТАҢБАСЫ$) = -21.12339307075578
correctionProbability (#РУСЮТОС$ -> #РУСТЬЮТОРС$) = -151.48241630972518
correctionProbability (#PRAGRAMA$ -> #PROGRAMMA$) = -85.29475387649329
correctionProbability (#МАИКАФТ$ -> #МАЙНКРАФТ$) = -138.54692365500486
correctionProbability (#СОРТИВНЫЕ$ -> #СПОРТИВНЫЕ$) = -14.094876864966501
correctionProbability (#ДЫВЧАТ$ -> #ДІВЧАТ$) = -16.643835428289254
correctionProbability (#ОДНОЕЛАССНИКИ$ -> #ОДНОКЛАССНИКИ$) = -11.230630677277446
correctionProbability (#САСТНОЕ$ -> #ЧАСТНОЕ$) = -11.369121131826184
correctionProbability (#WOLSVAGEN$ -> #VOLKSWAGEN$) = -146.42128689646964
correctionProbability (#СИНИПТИК$ -> #СИНОПТИК$) = -11.293896392175405
correctionProbability (#COLLAPS$ -> #COLLAPSE$) = -23.190669838453346
correctionProbability (#КАВАКОЙ$ -> #КАКОЙ$) = -75.32648211334492
correctionProbability (#ЕЛЕКТРОН$ -> #ЭЛЕКТРОН$) = -17.73346074901925
correctionProbability (#АПАРАТНЫЙ$ -> #АППАРАТНЫЙ$) = -21.230640208855917
correctionProbability (#ПРПА$ -> #ПАПА$) = -6.6331582294839
correctionProbability (#РИСУКИ$ -> #РИСУНКИ$) = -7.294490863214108
correctionProbability (#ОХОНИ$ -> #ОХОТНИК$) = -78.6170700432047
correctionProbability (#МАТЕРЫ$ -> #МАТЕРИ$) = -8.8745363811985
correctionProbability (#UNINSTALER$ -> #UNINSTALLER$) = -21.085189295134064
correctionProbability (#ВСТАИВАЕМАЯ$ -> #ВСТРАИВАЕМАЯ$) = -21.536120229000673
correctionProbability (#РАССКАЗЯ$ -> #РАССКАЗЫ$) = -10.683200692989558
correctionProbability (#ПРОПЛАТА$ -> #ОПЛАТА$) = -80.39075703151765
correctionProbability (#ДВАРЦИ$ -> #ДВОРЦЫ$) = -82.53265106941588
correctionProbability (#ГОСУДАРТСВЕННЫЙ$ -> #ГОСУДАРСТВЕННЫЙ$) = -87.72971315051657
correctionProbability (#ОДНОЦ$ -> #ОДНОЙ$) = -10.091585936047135
correctionProbability (#ПРЕДКИВ$ -> #ПРЕДКІВ$) = -21.70060694077212
correctionProbability (#ВОЗВРАЕНИЕ$ -> #ВОЗВРАЩЕНИЕ$) = -16.145888821892513
correctionProbability (#ЛЮМИЛА$ -> #ЛЮДМИЛА$) = -12.08386975629692
correctionProbability (#ПРОЬ$ -> #ПРО$) = -3.880561882083697
correctionProbability (#ЧЕРЕЗВУЧАЙНЫЕ$ -> #ЧРЕЗВЫЧАЙНЫЕ$) = -90.24020962569662
correctionProbability (#ВНУКОГО$ -> #ВНУКОВО$) = -13.020673662504606
correctionProbability (#ДИНОЗАВРИ$ -> #ДИНОЗАВРЫ$) = -14.784146718354584
correctionProbability (#ГВИНЕД$ -> #ГВИНЕТ$) = -19.076295796987775
correctionProbability (#КРИДИТНОЙ$ -> #КРЕДИТНОЙ$) = -16.052033505736937
correctionProbability (#МУСКИЕ$ -> #МУЖСКИЕ$) = -10.04268618680004
correctionProbability (#СПЯЩЕМИ$ -> #СПЯЩИМИ$) = -16.66694888344346
correctionProbability (#УЧЕБН$ -> #УЧЕБНИК$) = -74.97953544256377
correctionProbability (#МАЛИФИСЕНТО$ -> #МАЛЕФИСЕНТА$) = -78.56810542108673
correctionProbability (#ЯТО$ -> #ЧТО$) = -1.3738589023079086
correctionProbability (#КАЛОНКАХ$ -> #КОЛОНКАХ$) = -21.345366028834484
correctionProbability (#ПЕРЕПЕЛОК$ -> #ПЕРЕПЕЛОВ$) = -18.73835236658781
correctionProbability (#GARRI$ -> #GARRY$) = -17.100067538378244
correctionProbability (#ОСНОВЫНЫЕ$ -> #ОСНОВНЫЕ$) = -14.700566765094464
correctionProbability (#КИНОПОЙСК$ -> #КИНОПОИСК$) = -14.631274528004077
correctionProbability (#СЕЛЕШУК$ -> #СЕЛЕЩУК$) = -32.93908580589959
correctionProbability (#HENDREX$ -> #HENDRIX$) = -21.695019695921744
correctionProbability (#ГРОПОВУХА$ -> #ГРУППОВУХА$) = -83.2566873749638
correctionProbability (#ПОЙСК$ -> #ПОИСК$) = -7.245696499976493
correctionProbability (#ФЮЖЕН$ -> #ФЬЮЖЕН$) = -16.617706484962657
correctionProbability (#БЕЛАРСКИ$ -> #БЕЛОРУССКИЙ$) = -212.53327957317484
correctionProbability (#СРОРТ$ -> #СПОРТ$) = -6.853610883939826
correctionProbability (#МАРСЕНКО$ -> #МАРЧЕНКО$) = -18.431804884351074
correctionProbability (#МОДИУС$ -> #МОДИС$) = -18.51114679849476
correctionProbability (#ЗАСИПАЙ$ -> #ЗАСЫПАЙ$) = -19.484056498826774
correctionProbability (#CARELLO$ -> #CARRELLO$) = -24.589123059778714
correctionProbability (#РОМИДОРЫ$ -> #ПОМИДОРЫ$) = -13.650654824128985
correctionProbability (#РОМАНОВІ$ -> #РОМАНОВЫ$) = -18.01358837227587
correctionProbability (#БЛЮТУС$ -> #БЛЮТУЗ$) = -13.142561217264774
correctionProbability (#ОЛИМПИАЛА$ -> #ОЛИМПИАДА$) = -12.667363515000325
correctionProbability (#РОСИИЮ$ -> #РОССИЮ$) = -11.920435471197383
correctionProbability (#НЯГАНСКАЯ$ -> #НЯГАНЬСКАЯ$) = -27.701500019610314
correctionProbability (#ЯНДЕКА$ -> #ЯНДЕКС$) = -2.250500377612507
correctionProbability (#МАШТАБНЫЕ$ -> #МАСШТАБНЫЕ$) = -22.485233251324935
correctionProbability (#ЬАРО$ -> #ТАРО$) = -8.409675374512268
correctionProbability (#BELIVE$ -> #BELIEVE$) = -18.76884895859888
correctionProbability (#НЮС$ -> #НЬЮС$) = -9.489474013026236
correctionProbability (#ЯАБЛОКА$ -> #ЯБЛОКА$) = -17.70872236434658
correctionProbability (#ПАРАТГАРМОН$ -> #ПАРАТГОРМОН$) = -25.1292407641633
correctionProbability (#ПОТОЛОКА$ -> #ПОТОЛКА$) = -14.91448717045727
correctionProbability (#МАШТАБНЫЙ$ -> #МАСШТАБНЫЙ$) = -26.80004312270335
correctionProbability (#ЯНДЕ$ -> #ЯНДЕКС$) = -68.1150563107678
correctionProbability (#РЕШКБА$ -> #РЕШЕБА$) = -13.385617871569725
correctionProbability (#СВЕРХЕСТЕСТВЕННОЕ$ -> #СВЕРХЪЕСТЕСТВЕННОЕ$) = -22.587294961560765
correctionProbability (#ПРИСШЕСТВИЯ$ -> #ПРОИСШЕСТВИЯ$) = -17.478326221752226
correctionProbability (#МИНИАТЬРНЫЕ$ -> #МИНИАТЮРНЫЕ$) = -21.592787302628096
correctionProbability (#УКРАСКАЙ$ -> #УКРАИНСКОЙ$) = -150.38159152629382
correctionProbability (#ПРИНОТОВЛЕНИЕ$ -> #ПРИГОТОВЛЕНИЕ$) = -18.6019529115581
correctionProbability (#AMENIA$ -> #ARMENIA$) = -15.522788987432385
correctionProbability (#ЛАСОСЯ$ -> #ЛОСОСЯ$) = -17.065533073192295
correctionProbability (#ЯНДК$ -> #ЯНДЕКС$) = -68.1182320751493
correctionProbability (#КАЛНМБОЛОСКОЙ$ -> #КАЛНИБОЛОТСКОЙ$) = -97.84056041605734
correctionProbability (#ОТРЕТЬ$ -> #СМОТРЕТЬ$) = -68.2534038875703
correctionProbability (#ДЖЕМИ$ -> #ДЖЕЙМИ$) = -16.83060872901527
correctionProbability (#ЖУЙЕСЫ$ -> #ЖҮЙЕСІ$) = -79.95796380208252
correctionProbability (#ДАЛЬНЕБОЙЩИК$ -> #ДАЛЬНОБОЙЩИК$) = -22.898672274417528
correctionProbability (#ЬАРЫ$ -> #БАРЫ$) = -14.324602337253172
correctionProbability (#ФЕЙСБУУК$ -> #ФЕЙСБУК$) = -9.576942147418208
correctionProbability (#НЯЧПНГ$ -> #НЯЧАНГ$) = -13.91756180588725
correctionProbability (#DOUCHLAND$ -> #DEUTSCHLAND$) = -150.8389479046902
correctionProbability (#РОБЛОХ$ -> #РОБЛОКС$) = -72.6293985748651
correctionProbability (#BROZZERS$ -> #BRAZZERS$) = -14.108815578400055
correctionProbability (#ЕРТЕГЫЛЕР$ -> #ЕРТЕГІЛЕР$) = -18.953317606832137
correctionProbability (#МОЛОДУХ$ -> #МОЛОДЫХ$) = -12.603607568543708
correctionProbability (#ЗАКЗ$ -> #ЗАКАЗ$) = -7.927621896423293
correctionProbability (#ВОРФ$ -> #ВАРФ$) = -17.30776493532633
correctionProbability (#ЦЕРЕТЕЛЛИ$ -> #ЦЕРЕТЕЛИ$) = -24.212819917338912
correctionProbability (#КАМШЕТ$ -> #КАМШОТ$) = -16.606124576580232
correctionProbability (#МАЛЬНЬКИЕ$ -> #МАЛЕНЬКИЕ$) = -12.75987475090809
correctionProbability (#МОКРИЕ$ -> #МОКРЫЕ$) = -14.726548239359236
correctionProbability (#SKACHAY$ -> #SKACHAT$) = -11.640813450840668
correctionProbability (#ЛИМОЛИНК$ -> #ДОМОЛИНК$) = -89.95445558844973
correctionProbability (#ПОЛАЖИТЬ$ -> #ПОЛОЖИТЬ$) = -15.318323504353344
correctionProbability (#МЕСТРО$ -> #МЕТРО$) = -8.797880135181106
correctionProbability (#ГИГАНСКАМИ$ -> #ГИГАНСКИМИ$) = -27.193439858603455
correctionProbability (#АПЛИКАТОР$ -> #АППЛИКАТОР$) = -18.75661738138718
correctionProbability (#СУДЬБИ$ -> #СУДЬБЫ$) = -10.160881783961646
correctionProbability (#БККВ$ -> #БУКВ$) = -6.4845314032341825
correctionProbability (#ИДРА$ -> #ИГРА$) = -4.082152001371437
correctionProbability (#БИССИКТРИСА$ -> #БИССЕКТРИСА$) = -21.215138800618988
correctionProbability (#ШЮРЛЕ$ -> #ШЮРРЛЕ$) = -22.86427740468706
correctionProbability (#СВИТУ$ -> #СВІТУ$) = -15.38119258378126
correctionProbability (#ОТКРИТАЯ$ -> #ОТКРЫТАЯ$) = -16.284907884535116
correctionProbability (#МУЫКИ$ -> #МУЗЫКИ$) = -10.976961630793955
correctionProbability (#РАНЬОГО$ -> #РАННЬОГО$) = -24.008805559392947
correctionProbability (#СВИТР$ -> #СВИТЕР$) = -12.273177923688447
correctionProbability (#MBETON$ -> #ABLETON$) = -84.28668601311998
correctionProbability (#ЕКОМЕД$ -> #ЭКОМЕД$) = -20.35709719960934
correctionProbability (#КАЛЕНАРЬ$ -> #КАЛЕНДАРЬ$) = -10.151306782991874
correctionProbability (#ВОРН$ -> #ВОРОН$) = -12.59300760328394
correctionProbability (#ЗАБЛОКИРОВАНЫЙ$ -> #ЗАБЛОКИРОВАННЫЙ$) = -29.354153747213104
correctionProbability (#ЯНДС$ -> #ЯНДЕКС$) = -68.16439396668785
correctionProbability (#БИЬВА$ -> #БИТВА$) = -7.117827577919272
correctionProbability (#ВИШНЕВСЬКОГО$ -> #ВИШНЕВСКОГО$) = -23.640469129856
correctionProbability (#ПТИЦИ$ -> #ПТИЦЫ$) = -9.30430095468073
correctionProbability (#АБОНИМЕНТА$ -> #АБОНЕМЕНТА$) = -24.284137424271748
correctionProbability (#ЗАЙТ$ -> #САЙТ$) = -0.5000855508016642
correctionProbability (#УНИВЕРИТЕТ$ -> #УНИВЕРСИТЕТ$) = -14.909576479514278
correctionProbability (#КОПТОГАЙ$ -> #КОКТОГАЙ$) = -25.062132567380267
correctionProbability (#WOLRD$ -> #WORLD$) = -76.37495320804902
correctionProbability (#ПРИСТИЖНЫЕ$ -> #ПРЕСТИЖНЫЕ$) = -22.92238459291206
correctionProbability (#ИНДИВИЛУАЛКИ$ -> #ИНДИВИДУАЛКИ$) = -18.372411451056657
correctionProbability (#АОЕКСАНДР$ -> #АЛЕКСАНДР$) = -10.204687691239357
correctionProbability (#ВТАРАЯ$ -> #ВТОРАЯ$) = -11.364735892472769
correctionProbability (#ПЛРЯДОК$ -> #ПОРЯДОК$) = -11.455751895263134
correctionProbability (#БАЛОТНАЯ$ -> #БОЛОТНАЯ$) = -16.999782347378293
correctionProbability (#МІЛЕН$ -> #МИЛЕН$) = -14.277179087663985
correctionProbability (#ИСОЛЬЗОВАТЬ$ -> #ИСПОЛЬЗОВАТЬ$) = -17.831382846334805
correctionProbability (#ДРАИВЕР$ -> #ДРАЙВЕР$) = -10.38437610500413
correctionProbability (#ВАРАКОВО$ -> #БАЛАКОВО$) = -78.75983246038652
correctionProbability (#ГРЕЗИ$ -> #ГРЯЗИ$) = -12.14696800506864
correctionProbability (#ОРЕБУРГЕ$ -> #ОРЕНБУРГЕ$) = -14.965438302986414
correctionProbability (#ЖОШКОЛБНОЕ$ -> #ДОШКОЛЬНОЕ$) = -84.96580132479095
correctionProbability (#ОБАЯНЬ$ -> #ОБОЯНЬ$) = -19.912603360373073
correctionProbability (#СОЖЕТ$ -> #МОЖЕТ$) = -7.984411737063503
correctionProbability (#СЕРГИЕВКЕ$ -> #СЕРГЕЕВКЕ$) = -22.534919493702418
correctionProbability (#ВЫРАВНИТЬ$ -> #ВЫРОВНЯТЬ$) = -83.32836019387784
correctionProbability (#ПЕРСОНАЛЬНВМ$ -> #ПЕРСОНАЛЬНЫМ$) = -25.296791849175214
correctionProbability (#САНОДЕЛЬНЫЙ$ -> #САМОДЕЛЬНЫЙ$) = -17.441695458100057
correctionProbability (#ГЕРМАНИИИ$ -> #ГЕРМАНИИ$) = -14.650175556447849
correctionProbability (#ЯНДЕКТ$ -> #ЯНДЕКС$) = -2.2514065195038313
correctionProbability (#ХУВЕЙ$ -> #ХУАВЕЙ$) = -13.023736387931688
correctionProbability (#ИНСТАРАММ$ -> #ИНСТАГРАМ$) = -76.38709833009345
correctionProbability (#РАЗВЕВАЮТСЯ$ -> #РАЗВИВАЮТСЯ$) = -23.722473529953135
correctionProbability (#SKACHAD$ -> #SKACHAT$) = -11.640813450840668
correctionProbability (#МИТИКА$ -> #МИСТИКА$) = -15.203290418685384
correctionProbability (#ДМИТОИЙ$ -> #ДМИТРИЙ$) = -9.992250205080765
correctionProbability (#НАГРЕЕТЬСЯ$ -> #НАГРЕЕТСЯ$) = -26.613774276472448
correctionProbability (#СКЛАДАЭТЬСЯ$ -> #СКЛАДАЄТЬСЯ$) = -23.95771814149893
correctionProbability (#ФЛООР$ -> #ФЛОР$) = -19.722293879455368
correctionProbability (#БЕРОЗИНИ$ -> #БЕРЕЗИНЕ$) = -90.90766382149499
correctionProbability (#ГІЛМОР$ -> #ГИЛМОР$) = -18.97035107486901
correctionProbability (#ОАН$ -> #ВАН$) = -8.899285117635031
correctionProbability (#ВАЛАСАТЫЕ$ -> #ВОЛОСАТЫЕ$) = -79.63154165171986
correctionProbability (#НЭКСИЯ$ -> #НЕКСИЯ$) = -14.14930335052171
correctionProbability (#ПРИЦ$ -> #ПРИНЦ$) = -10.649028913905294
correctionProbability (#МЫЩЦА$ -> #МЫШЦА$) = -15.101722733118752
correctionProbability (#BITKOIN$ -> #BITCOIN$) = -13.107546889858028
correctionProbability (#ПРОДУКЦИ$ -> #ПРОДУКЦИИ$) = -15.587478711244394
correctionProbability (#ПРИЩ$ -> #ПРЫЩ$) = -15.361385912814473
correctionProbability (#РЕДНЯЯ$ -> #СРЕДНЯЯ$) = -12.476954952598945
correctionProbability (#АВНСА$ -> #АВАНСА$) = -16.71199414623958
correctionProbability (#ЙУТУБИ$ -> #ЙУТУБЕ$) = -18.60748282402032
correctionProbability (#ЭКЕРСЛИ$ -> #ЭККЕРСЛИ$) = -28.26175708665555
correctionProbability (#ЯНДЕКК$ -> #ЯНДЕКС$) = -2.2513702580588095
correctionProbability (#МАЛДОВЕ$ -> #МОЛДОВЕ$) = -14.440968847446726
correctionProbability (#ОАЗ$ -> #РАЗ$) = -8.051425305998084
correctionProbability (#СИРЕЦ$ -> #СЫРЕЦ$) = -21.134479805716506
correctionProbability (#ОАИ$ -> #ОАЭ$) = -10.473467258799094
correctionProbability (#ЛУУОЙЛ$ -> #ЛУКОЙЛ$) = -12.527394677946294
correctionProbability (#НАШЫХ$ -> #НАШИХ$) = -13.417804856939345
correctionProbability (#ЕТСКИЙ$ -> #ДЕТСКИЙ$) = -8.401439156871945
correctionProbability (#ШЫКАРНЫЕ$ -> #ШИКАРНЫЕ$) = -17.03019909764633
correctionProbability (#ARVL$ -> #ARAVEL$) = -78.94955110066597
correctionProbability (#ЭКИПЕРОВКА$ -> #ЭКИПИРОВКА$) = -20.689449792308025
correctionProbability (#ПРИП$ -> #ПРИ$) = -5.660386716966958
correctionProbability (#ОХОАНЕ$ -> #ОХРАНЕ$) = -11.36966617247121
correctionProbability (#ХОТПОЙНТ$ -> #ХОТПОИНТ$) = -20.183359745412126
correctionProbability (#ПРЕДЬЯВЛЕНИЕ$ -> #ПРЕДЪЯВЛЕНИЕ$) = -26.92224047402378
correctionProbability (#МТЕРИ$ -> #МАТЕРИ$) = -9.454017118866947
correctionProbability (#АЗИАТАМИ$ -> #АЗИАТКАМИ$) = -20.36414804894028
correctionProbability (#БИТКОЙНЫ$ -> #БИТКОИНЫ$) = -18.22388483797463
correctionProbability (#СЕРРАЛ$ -> #СЕРИАЛ$) = -4.0994597275982265
correctionProbability (#ТРЕНИР$ -> #ТРЕНЕР$) = -12.138366708153196
correctionProbability (#ЯНЕК$ -> #ЯНДЕКС$) = -68.09670766703489
correctionProbability (#ДАЙНЕКА$ -> #ДАЙНЕКО$) = -17.518370626405428
correctionProbability (#КИЖУЧЬ$ -> #КИЖУЧ$) = -21.598347759450792
correctionProbability (#ЗАЗНАЮТСЯ$ -> #ПОЗНАЮТСЯ$) = -89.37422315340349
correctionProbability (#RAMSTEIN$ -> #RAMMSTEIN$) = -17.928321573084595
correctionProbability (#ВИДЕНАБЛЮДЕНИЯ$ -> #ВИДЕОНАБЛЮДЕНИЯ$) = -21.643375530234742
correctionProbability (#BESDEPOSITNIM$ -> #BEZDEPOZITNIM$) = -103.88559264897985
correctionProbability (#ТАТТУАЖ$ -> #ТАТУАЖ$) = -14.859439605265049
correctionProbability (#РАСПИЧАНИЕ$ -> #РАСПИСАНИЕ$) = -9.656732600816532
correctionProbability (#ВИТДЕО$ -> #ВИДЕО$) = -4.215373749999358
correctionProbability (#САМАДЕЛЬНАЯ$ -> #САМОДЕЛЬНАЯ$) = -19.056012552077455
correctionProbability (#ПОСЛЕДНЕЯ$ -> #ПОСЛЕДНЯЯ$) = -12.888557486377067
correctionProbability (#LUNNI$ -> #LUNNIY$) = -23.294770486684442
correctionProbability (#КНАЛ$ -> #КАНАЛ$) = -6.355353578488952
correctionProbability (#ПОСЛЕДНЕЮ$ -> #ПОСЛЕДНЮЮ$) = -15.831840500156133
correctionProbability (#ТАХОГРОВ$ -> #ТАХОГРАФ$) = -82.28923705658153
correctionProbability (#БАМЖА$ -> #БОМЖА$) = -14.415434778242183
correctionProbability (#ПРМО$ -> #ПРОМО$) = -13.37541285570494
correctionProbability (#ЗАПИТУЮ$ -> #ЗАПЯТУЮ$) = -19.56820003633552
correctionProbability (#РАКЫМ$ -> #РАХЫМ$) = -15.23814949040327
correctionProbability (#БРАДИЛКИ$ -> #БРОДИЛКИ$) = -19.18542494934791
correctionProbability (#ПРАГРАММУ$ -> #ПРОГРАММУ$) = -13.251012717443011
correctionProbability (#ЗЕМНИЙ$ -> #ЗИМНИЙ$) = -11.12398513630281
correctionProbability (#УПРОЖНЕНИЯ$ -> #УПРАЖНЕНИЯ$) = -13.0295216549219
correctionProbability (#ДЖЕЙТ$ -> #ДЖЕЙД$) = -18.861220475622748
correctionProbability (#KASTING$ -> #CASTING$) = -16.305607683005455
correctionProbability (#ОУЧШИЕ$ -> #ЛУЧШИЕ$) = -6.892131117945677
correctionProbability (#БАНАТЫРЯ$ -> #БОГАТЫРЯ$) = -76.75869182113685
correctionProbability (#ДЄВУШКА$ -> #ДЕВУШКА$) = -8.609855749952729
correctionProbability (#АМЕРИКАНА$ -> #АМЕРИКАНО$) = -21.2950701159674
correctionProbability (#LARON$ -> #LARSON$) = -23.527310278601263
correctionProbability (#ГРЕДА$ -> #ГРЯДА$) = -18.4509830899779
correctionProbability (#САМСНГ$ -> #САМСУНГ$) = -10.048968060005919
correctionProbability (#БЕРЕМИНЫХ$ -> #БЕРЕМЕННЫХ$) = -80.51653551910543
correctionProbability (#КОМПАЗИЦИЯ$ -> #КОМПОЗИЦИЯ$) = -17.109541274961842
correctionProbability (#МОРОЖЕННУЮ$ -> #ЗАМОРОЖЕННУЮ$) = -91.0037615553382
correctionProbability (#ВОЛОКАЛАМСКОЕ$ -> #ВОЛОКОЛАМСКОЕ$) = -24.407002550515514
correctionProbability (#СТАТУСИ$ -> #СТАТУСЫ$) = -12.241958158716216
correctionProbability (#КОНЬЮНКЦИЯ$ -> #КОНЪЮНКЦИЯ$) = -25.023461185187756
correctionProbability (#БИТКОЙНА$ -> #БИТКОИНА$) = -15.136198650549453
correctionProbability (#КАРКАСОН$ -> #КАРКАССОН$) = -24.253439262187726
correctionProbability (#ГОЛУБИНА$ -> #ГОЛУБКИНА$) = -20.259908992801876
correctionProbability (#ОКУПАЙ$ -> #ОККУПАЙ$) = -24.004617688344823
correctionProbability (#СОБСТВЕНИКИ$ -> #СОБСТВЕННИКИ$) = -25.924085657724653
correctionProbability (#ХАККИ$ -> #ХАКИ$) = -17.609827255315604
correctionProbability (#АВТОНОММННОГО$ -> #АВТОНОМНОГО$) = -90.33574721292595
correctionProbability (#ХАРАКТЕРТСЬИКИ$ -> #ХАРАКТЕРИСТИКИ$) = -81.7067805870199
correctionProbability (#ТЕКТС$ -> #ТЕКСТ$) = -73.68323758592831
correctionProbability (#ЕСПУМІЗАН$ -> #ЭСПУМИЗАН$) = -83.44143720094657
correctionProbability (#СХАМА$ -> #СХЕМА$) = -6.052481937220218
correctionProbability (#ИГРВТЬ$ -> #ИГРАТЬ$) = -5.823996977765688
correctionProbability (#ЖЕНЮСС$ -> #ЖЕНЮСЬ$) = -14.608707844807089
correctionProbability (#ТЕЛЕВИДЕНЬЯ$ -> #ТЕЛЕВИДЕНИЯ$) = -18.334299925582343
correctionProbability (#ПАПИЛОМУ$ -> #ПАПИЛЛОМУ$) = -24.762325838778978
correctionProbability (#СТАРДАНТНЫЕ$ -> #СТАНДАРТНЫЕ$) = -84.80819739468419
correctionProbability (#ОЙНЛАЙН$ -> #ОНЛАЙН$) = -3.1661182174941764
correctionProbability (#ЛОЖНАЧ$ -> #ЛОЖНАЯ$) = -17.56233667193744
correctionProbability (#САМАРАНД$ -> #САМАРКАНД$) = -19.000566320726215
correctionProbability (#SASHKI$ -> #SHASHKI$) = -26.097889492896172
correctionProbability (#НЕКСЯ$ -> #НЕКСИЯ$) = -14.714592643506823
correctionProbability (#МАРТЫШОВ$ -> #МАРТЫНОВ$) = -17.918705119173225
correctionProbability (#СКЛИФОСОФСКИЙ$ -> #СКЛИФОСОВСКИЙ$) = -20.730483143161457
correctionProbability (#АНТИВИР$ -> #АНТИВИРУС$) = -79.27318110791613
correctionProbability (#КОЛИБРОВКА$ -> #КАЛИБРОВКА$) = -20.82331410824691
correctionProbability (#ИЗМИНИТЬ$ -> #ИЗМЕНИТЬ$) = -13.173026499633401
correctionProbability (#ИНОПЛАНЕТЯНЕН$ -> #ИНОПЛАНЕТЯНИН$) = -23.348679721780876
correctionProbability (#БАТЕРФЛЯЙ$ -> #БАТТЕРФЛЯЙ$) = -17.43294867310604
correctionProbability (#ОМЕС$ -> #ОМЕЗ$) = -13.395726718899585
correctionProbability (#АНГЛИЙСКМЭ$ -> #АНГЛИЙСКОМ$) = -79.85523416903015
correctionProbability (#ФАЛИКУЛ$ -> #ФОЛЛИКУЛ$) = -88.2844585426235
correctionProbability (#ПОЛИСАНДР$ -> #ПАЛИСАНДР$) = -24.531090075035003
correctionProbability (#ЦКПИ$ -> #ЦЕПИ$) = -11.137288647483171
correctionProbability (#РСБОТА$ -> #РАБОТА$) = -5.007336121441302
correctionProbability (#ЗАМК$ -> #ЗАМОК$) = -9.505905680168564
correctionProbability (#ЯНДЕЛС$ -> #ЯНДЕКС$) = -2.253773822224222
correctionProbability (#ФИЛЬМАКС$ -> #ФИЛЬМИКС$) = -18.926005676600006
correctionProbability (#ПРАИЗ$ -> #ПРАЙС$) = -74.25618530630109
correctionProbability (#РИСУНИ$ -> #РИСУНКИ$) = -7.334585749421031
correctionProbability (#ОГЕ$ -> #ОГЭ$) = -7.303429742519359
correctionProbability (#ДЕРЕВЯНИЙ$ -> #ДЕРЕВЯННЫЙ$) = -81.13081902405636
correctionProbability (#ЧИЩЕНАЯ$ -> #ОЧИЩЕННАЯ$) = -90.86673607938813
correctionProbability (#ЯНДЕНК$ -> #ЯНДЕКС$) = -69.99257685029563
correctionProbability (#ЕОСАГО$ -> #ОСАГО$) = -11.386572631087166
correctionProbability (#ВОТО$ -> #ФОТО$) = -0.5488063727152088
correctionProbability (#ЖАРИТИ$ -> #ЖАРИТЬ$) = -14.582451525878898
correctionProbability (#СЕМЕНЫЕ$ -> #СЕМЕЙНЫЕ$) = -14.684717774855507
correctionProbability (#ДЖЕИН$ -> #ДЖЕЙН$) = -12.6254622388828
correctionProbability (#ПРОТИВОВОСПОЛИТЕЛЬНЫЕ$ -> #ПРОТИВОВОСПАЛИТЕЛЬНЫЕ$) = -32.53933547676311
correctionProbability (#УТРИНИЙ$ -> #УТРЕННИЙ$) = -82.34240460400886
correctionProbability (#ЗНАЧЕИВЙ$ -> #ЗНАЧЕНИЙ$) = -84.91202451926935
correctionProbability (#РАДЕАТОР$ -> #РАДИАТОР$) = -13.80894340876322
correctionProbability (#РФСР$ -> #РСФСР$) = -16.379865669103165
correctionProbability (#РОБЛОС$ -> #РОБЛОКС$) = -7.911082359996094
correctionProbability (#ЛЕВИОФАН$ -> #ЛЕВИАФАН$) = -19.042966173925045
correctionProbability (#ПРЛО$ -> #ПРО$) = -3.9122245568310525
correctionProbability (#CКОЛЬКО$ -> #СКОЛЬКО$) = -6.046047758297341
correctionProbability (#САСЫЙ$ -> #САМЫЙ$) = -7.373824465208571
correctionProbability (#СТАРГРАД$ -> #СТАТГРАД$) = -18.73534395416123
correctionProbability (#НОУНБУК$ -> #НОУТБУК$) = -10.538878751590453
correctionProbability (#МАТЧИВ$ -> #МАТЧІВ$) = -21.05133084684002
correctionProbability (#СИРИЙ$ -> #СЕРИЙ$) = -7.428710038786104
correctionProbability (#НАРКОМАНИЕ$ -> #НАРКОМАНИИ$) = -17.931007287528104
correctionProbability (#EXVIDEOS$ -> #XVIDEOS$) = -14.064208098424928
correctionProbability (#МИРИЯ$ -> #МАРИЯ$) = -8.121819233364665
correctionProbability (#ТЕКСИ$ -> #ТЕКСТ$) = -5.938343149094095
correctionProbability (#ВОИТИЛИ$ -> #ВОИТЕЛИ$) = -15.498542601443333
correctionProbability (#ПЕНЗЕНСК$ -> #ПЕНЗЕНСКОЙ$) = -83.10231326538003
correctionProbability (#DLOCHKISINOCHKI$ -> #DOCHKISINOCHKI$) = -31.513932433697292
correctionProbability (#CINO$ -> #KINO$) = -9.375749511369317
correctionProbability (#ВОТИ$ -> #ВОЙТИ$) = -8.563308464734543
correctionProbability (#КАНТЕЙНЕР$ -> #КОНТЕЙНЕР$) = -14.261220245456208
correctionProbability (#ВОЗМУ$ -> #ВОЗЬМУ$) = -17.005293194216843
correctionProbability (#ДЕЛЯ$ -> #ДЛЯ$) = -0.765796911505138
correctionProbability (#БОАТЬЯ$ -> #БРАТЬЯ$) = -11.841468961683884
correctionProbability (#РОБЛОК$ -> #РОБЛОКС$) = -7.8584604236600555
correctionProbability (#БАТАНИКА$ -> #БОТАНИКА$) = -18.891657443763712
correctionProbability (#САЛНИК$ -> #САЛЬНИК$) = -16.319231367115535
correctionProbability (#MAYVIDEO$ -> #MYVIDEO$) = -21.818223487640978
correctionProbability (#АМАЙЗИНГ$ -> #АМАЗИНГ$) = -19.20318192726384
correctionProbability (#ДЄВУШКИ$ -> #ДЕВУШКИ$) = -7.804623102229584
correctionProbability (#ИСПОЬЗУЕТ$ -> #ИСПОЛЬЗУЕТ$) = -21.025309861614843
correctionProbability (#ЛАМИНИРОВПНИЕ$ -> #ЛАМИНИРОВАНИЕ$) = -21.943924444004736
correctionProbability (#НАКОЧАТЬ$ -> #НАКАЧАТЬ$) = -16.743453003687776
correctionProbability (#ЛИЗЕНЗИЯ$ -> #ЛИЦЕНЗИЯ$) = -15.258177428120085
correctionProbability (#НЕГРТЯНКИ$ -> #НЕГРИТЯНКИ$) = -19.802823067041878
correctionProbability (#ГООЛЕ$ -> #ГООГЛЕ$) = -14.07732364385905
correctionProbability (#ОДНОКЛАССНОИКИ$ -> #ОДНОКЛАССНИКИ$) = -13.727080123138137
correctionProbability (#VМАИЛ$ -> #МАЙЛ$) = -70.94011502234605
correctionProbability (#ВИБРАЦИЛ$ -> #ВИБРОЦИЛ$) = -20.067374437531974
correctionProbability (#СМОТТЕТЬ$ -> #СМОТРЕТЬ$) = -2.399074910003348
correctionProbability (#МАГАЭИН$ -> #МАГАЗИН$) = -5.040556217843223
correctionProbability (#ХАКАСКИЙ$ -> #ХАКАССКИЙ$) = -23.39136515333407
correctionProbability (#ФОЛЛЬКСВАГЕН$ -> #ФОЛЬКСВАГЕН$) = -16.565512225623948
correctionProbability (#ПОАЕДЕНИЯ$ -> #ПОВЕДЕНИЯ$) = -13.240989749426468
correctionProbability (#ПОЙНТ$ -> #ПОИНТ$) = -12.9326149606343
correctionProbability (#НИЖНАЯ$ -> #НИЖНЯЯ$) = -14.457054485360818
correctionProbability (#ЦЕТРАЛЬНАЯ$ -> #ЦЕНТРАЛЬНАЯ$) = -18.49958208421876
correctionProbability (#MORGIM$ -> #MORJIM$) = -20.21599518637345
correctionProbability (#ТУРАГЕНСТВО$ -> #ТУРАГЕНТСТВО$) = -20.23251169058154
correctionProbability (#ВСЕВОЛЖСК$ -> #ВСЕВОЛОЖСК$) = -20.345651907779384
correctionProbability (#ЕЛЕТРОННОЕ$ -> #ЭЛЕКТРОННОЕ$) = -80.34397728889493
correctionProbability (#ПРАЗИ$ -> #ПРОЗЕ$) = -75.03358014050052
correctionProbability (#MOSKOV$ -> #MOSCOW$) = -79.29168448396278
correctionProbability (#ВЛОСАТЫЕ$ -> #ВОЛОСАТЫЕ$) = -15.589730239725334
correctionProbability (#УПРФ$ -> #УПФР$) = -84.97657010429137
correctionProbability (#ОДНКР$ -> #ОДНКНР$) = -18.46027843330194
correctionProbability (#КОКАО$ -> #КАКАО$) = -13.193477006026857
correctionProbability (#БЕРЕМИНЫЕ$ -> #БЕРЕМЕННЫЕ$) = -84.31045570445887
correctionProbability (#ТЕКТА$ -> #ТЕКСТА$) = -10.867171689565541
correctionProbability (#АУТБЭК$ -> #АУТБЕК$) = -16.93762377952837
correctionProbability (#ТЕКСЬ$ -> #ТЕКСТ$) = -5.936289575335461
correctionProbability (#КОРТОШКОЙ$ -> #КАРТОШКОЙ$) = -15.150442526410018
correctionProbability (#ЧЕРНИГО$ -> #ЧЕРНИГОВ$) = -16.29638735670909
correctionProbability (#ДЕЛР$ -> #ДЕЛО$) = -7.305729449367892
correctionProbability (#ЧУСОВЫЕ$ -> #ЧУМОВЫЕ$) = -24.302055710070505
correctionProbability (#КРОКЕРЫ$ -> #КРОКЕТЫ$) = -22.15663398032646
correctionProbability (#ФОТАЮТСЯ$ -> #ФОТКАЮТСЯ$) = -27.71930771133497
correctionProbability (#КРНСПЕКТ$ -> #КОНСПЕКТ$) = -11.660869885514664
correctionProbability (#ДЖУЧИИНИАНО$ -> #ДЖУСТИНИАНО$) = -87.76829078652733
correctionProbability (#МАТЫЛЬКИ$ -> #МОТЫЛЬКИ$) = -18.561143486752407
correctionProbability (#СААЙТ$ -> #САЙТ$) = -2.9802810897026966
correctionProbability (#TROPMYDREAM$ -> #TRIPMYDREAM$) = -21.307584110837666
correctionProbability (#ХОДЯЧИИ$ -> #ХОДЯЧИЕ$) = -11.659502567657142
correctionProbability (#МОЖЕЛ$ -> #МОЖЕТ$) = -7.9971741909966525
correctionProbability (#СВЕДЕТЕЛЬСТВО$ -> #СВИДЕТЕЛЬСТВО$) = -20.2856922900735
correctionProbability (#БУДЬВАРЕ$ -> #БУЛЬВАРЕ$) = -17.305378112993772
correctionProbability (#ЗОРОСТРИЙСКИЙ$ -> #ЗОРОАСТРИЙСКИЙ$) = -30.970186896506632
correctionProbability (#ВЫРОСТИТ$ -> #ВЫРАСТЕТ$) = -84.18769441066262
correctionProbability (#НОНДА$ -> #ХОНДА$) = -9.804604730593685
correctionProbability (#ТУРКИС$ -> #ТУРКИШ$) = -18.493719432004877
correctionProbability (#БИСТРИЙ$ -> #БЫСТРЫЙ$) = -77.70176052072236
correctionProbability (#ТАТЬЯН$ -> #ТАТЬЯНА$) = -10.428225629495167
correctionProbability (#ROBLAX$ -> #ROBLOX$) = -10.450320134873092
correctionProbability (#ЧОТО$ -> #ЧТО$) = -3.8854293347463447
correctionProbability (#МЕЛЕФЕСЕНТА$ -> #МАЛЕФИСЕНТА$) = -78.64417007303504
correctionProbability (#ROMNA$ -> #ROMANA$) = -17.544326159426365
correctionProbability (#РІДЕР$ -> #РИДЕР$) = -15.526292229182847
correctionProbability (#КОМСЬЕРЖКА$ -> #КОНСЬЕРЖКА$) = -26.439006407942593
correctionProbability (#СТЭФАН$ -> #СТЕФАН$) = -16.82067438972044
correctionProbability (#ЗООЛОГИЧЕСКИЕ$ -> #ЭКОЛОГИЧЕСКИЕ$) = -85.57641390155827
correctionProbability (#ЯЦО$ -> #ЯЙЦО$) = -12.319483737109156
correctionProbability (#ИНФИНИТ$ -> #ИНФИНИТИ$) = -14.64743811775238
correctionProbability (#ПАГОД$ -> #ПОГОДА$) = -66.47349667834793
correctionProbability (#НАЗАРХОН$ -> #НАЗАРХАН$) = -21.99727128745355
correctionProbability (#MYAVTO$ -> #MYAUTO$) = -18.560731031994155
correctionProbability (#ВЫСТАКИ$ -> #ВЫСТАВКИ$) = -14.551757975204971
correctionProbability (#ЩОЙГУ$ -> #ШОЙГУ$) = -14.153772621849559
correctionProbability (#RAXMATULLAEV$ -> #RAHMATULLAYEV$) = -92.144256809414
correctionProbability (#AKADEMY$ -> #ACADEMY$) = -16.90017065460981
correctionProbability (#САМСУН$ -> #САМСУНГ$) = -10.04348576908265
correctionProbability (#CCLINER$ -> #CCLEANER$) = -80.95963662104538
correctionProbability (#ТАРГОВАЯ$ -> #ТОРГОВАЯ$) = -13.678511796306601
correctionProbability (#МАНАЛИТ$ -> #МОНОЛИТ$) = -81.70585939618722
correctionProbability (#ОБОАЗОВАНИЯ$ -> #ОБРАЗОВАНИЯ$) = -13.440910732864793
correctionProbability (#РИВЕРДЙЛ$ -> #РИВЕРДЕЙЛ$) = -14.219472353213298
correctionProbability (#LIVESKOR$ -> #LIVESCORE$) = -79.81715877232065
correctionProbability (#CUKOLD$ -> #CUCKOLD$) = -17.84903458785378
correctionProbability (#АМБРЭЛЛА$ -> #АМБРЕЛЛА$) = -19.367825069744903
correctionProbability (#СНАТВОРНОЕ$ -> #СНОТВОРНОЕ$) = -21.705002204736957
correctionProbability (#ЛОТАРЕИ$ -> #ЛОТЕРЕИ$) = -15.797358862991857
correctionProbability (#АРМИИИ$ -> #АРМИИ$) = -13.467178982517265
correctionProbability (#ВИЗОРИА$ -> #ВИЗОРИЯ$) = -20.714499416218707
correctionProbability (#WOMAM$ -> #WOMAN$) = -12.688271185099456
correctionProbability (#ВЫСТАКА$ -> #ВЫСТАВКА$) = -13.47801508339991
correctionProbability (#ПРАРОК$ -> #ПРОРОК$) = -14.62009995455195
correctionProbability (#POSUDATALER$ -> #POSUDATALLER$) = -28.11489154948704
correctionProbability (#ВУАЙРИСТ$ -> #ВУАЙЕРИСТ$) = -22.726622081075654
correctionProbability (#РОБЛАКСА$ -> #РОБЛОКСА$) = -18.473160996997244
correctionProbability (#БЕЛОСНЕШКА$ -> #БЕЛОСНЕЖКА$) = -16.69310781014166
correctionProbability (#ФИЗИЯЕСКИХ$ -> #ФИЗИЧЕСКИХ$) = -14.342560159674314
correctionProbability (#ИМЕДЖ$ -> #ИМИДЖ$) = -15.380923006423433
correctionProbability (#КАРПОРАТИВЫ$ -> #КОРПОРАТИВЫ$) = -22.36448672629355
correctionProbability (#МІЛАН$ -> #МИЛАН$) = -13.727694595959345
correctionProbability (#АЙКЛОУД$ -> #АЙКЛАУД$) = -16.29925334954219
correctionProbability (#СИМУЛЯТАР$ -> #СИМУЛЯТОР$) = -12.943309020900607
correctionProbability (#ДЖУМАНДЖІ$ -> #ДЖУМАНДЖИ$) = -16.060640845904587
correctionProbability (#ЯНДЕНС$ -> #ЯНДЕКС$) = -2.251840724825154
correctionProbability (#РАДИОТЕНИКЕ$ -> #РАДИОТЕХНИКЕ$) = -29.503159942601307
correctionProbability (#ЛАНИСТЕР$ -> #ЛАННИСТЕР$) = -24.471622838652628
correctionProbability (#КРЕЛИТНЫЙ$ -> #КРЕДИТНЫЙ$) = -14.171908052979752
correctionProbability (#РОБЛАКСЕ$ -> #РОБЛОКСЕ$) = -16.029774053196746
correctionProbability (#МАГИКАН$ -> #МАГИКЯН$) = -18.093491706465862
correctionProbability (#СЦИПЛЕНИЯ$ -> #СЦЕПЛЕНИЯ$) = -15.61933824117326
correctionProbability (#КЕДИТОРСКАЯ$ -> #КРЕДИТОРСКАЯ$) = -26.173188186178912
correctionProbability (#BETCSGO$ -> #BETSCSGO$) = -21.90757511154755
correctionProbability (#ПОГПДА$ -> #ПОГОДА$) = -1.2259148302864524
correctionProbability (#ОБЛИЦОВАЧНЫЙ$ -> #ОБЛИЦОВОЧНЫЙ$) = -22.78915126050253
correctionProbability (#СЕНЕРИТА$ -> #СЕНЬОРИТА$) = -82.4244443681464
correctionProbability (#ЧУВАРКИ$ -> #ЧУВАКИ$) = -25.63819966516074
correctionProbability (#AKADEMI$ -> #ACADEMY$) = -81.63372269002319
correctionProbability (#ОГЗ$ -> #ОГЭ$) = -7.321889595134465
correctionProbability (#ДИНАЗАВРОВ$ -> #ДИНОЗАВРОВ$) = -14.89883774136431
correctionProbability (#МИРЕН$ -> #МИРРЕН$) = -18.628757673162443
correctionProbability (#ПЛОГОДА$ -> #ПОГОДА$) = -3.686494776194607
correctionProbability (#АРХАНГЕЛСК$ -> #АРХАНГЕЛЬСК$) = -17.769929186295457
correctionProbability (#ТОСТУШКИ$ -> #ТОЛСТУШКИ$) = -16.734138670984215
correctionProbability (#IGTOLS$ -> #IGTOOLS$) = -21.73960238641292
correctionProbability (#КОСТОРОВОЕ$ -> #КАСТОРОВОЕ$) = -20.311178974954323
correctionProbability (#ХОРРО$ -> #ХОРРОР$) = -15.570286418153604
correctionProbability (#ДЖЕМСА$ -> #ДЖЕЙМСА$) = -18.726102956459144
correctionProbability (#ПАРИКМАЗЕРСКАЯ$ -> #ПАРИКМАХЕРСКАЯ$) = -20.705136189476534
correctionProbability (#ДЯВОЛОВ$ -> #ДЬЯВОЛОВ$) = -23.490343027206897
correctionProbability (#СПЕРМАТОЗОЙДЫ$ -> #СПЕРМАТОЗОИДЫ$) = -25.25627864137789
correctionProbability (#ЧЕРНОБЫЛИТ$ -> #ЧЕРНОБЫЛЬ$) = -79.30190525262519
correctionProbability (#ИОГУРТА$ -> #ЙОГУРТА$) = -18.59479182369933
correctionProbability (#LPAHOS$ -> #LRAHOS$) = -22.813152184686643
correctionProbability (#ДЕЕЬ$ -> #ДЕНЬ$) = -3.8923572894547185
correctionProbability (#ПИССИМИСТ$ -> #ПЕССИМИСТ$) = -24.08422919724169
correctionProbability (#КОМПЬЮЕР$ -> #КОМПЬЮТЕР$) = -11.871753854882314
correctionProbability (#АВГАНИСТАНА$ -> #АФГАНИСТАНА$) = -22.00641074359332
correctionProbability (#СПИЦИНА$ -> #СПИЦЫНА$) = -22.301270769212664
correctionProbability (#ЬАНГ$ -> #БАНГ$) = -14.15243381033179
correctionProbability (#ВЫЗДОРОВИЛ$ -> #ВЫЗДОРОВЕЛ$) = -26.96122486080698
correctionProbability (#ВАРХАМЕР$ -> #ВАРХАММЕР$) = -19.865060464932
correctionProbability (#ШИППУДЕН$ -> #ШИПУДЕН$) = -22.989663293604096
correctionProbability (#ФЛОТО$ -> #ФОТО$) = -3.074135920402231
correctionProbability (#СОВВЕСТЬ$ -> #СОВЕСТЬ$) = -14.365171998635077
correctionProbability (#МІЛАЯ$ -> #МИЛАЯ$) = -10.689454761279467
correctionProbability (#WRITTING$ -> #WRITING$) = -19.301013154758685
correctionProbability (#БАГЕМСКАЯ$ -> #БОГЕМСКАЯ$) = -17.529073504389622
correctionProbability (#ФВЛЬМ$ -> #ФИЛЬМ$) = -1.195837320636901
correctionProbability (#МОСКЫВ$ -> #МОСКВЫ$) = -74.36128170427692
correctionProbability (#САСЭТ$ -> #СОСЕД$) = -138.52983890255769
correctionProbability (#АВГАНИСТАНЕ$ -> #АФГАНИСТАНЕ$) = -20.496689570398217
correctionProbability (#КОМИССИОНЫЕ$ -> #КОМИССИОННЫЕ$) = -24.798119348905608
correctionProbability (#СЕОИАЛ$ -> #СЕРИАЛ$) = -4.096480811715992
correctionProbability (#ACTIN$ -> #ACTION$) = -15.01366946157098
correctionProbability (#LEGALAIZER$ -> #LEGALIZER$) = -28.039109972642386
correctionProbability (#МАНУЭЛ$ -> #МАНУЭЛЬ$) = -20.44351134290754
correctionProbability (#КПКОМУ$ -> #КАКОМУ$) = -12.604126495151096
correctionProbability (#МАШНКИ$ -> #МАШИНКИ$) = -8.32112488764163
correctionProbability (#ОСТЕОПАРОЗ$ -> #ОСТЕОПОРОЗ$) = -19.440899484336356
correctionProbability (#LOGITEC$ -> #LOGITECH$) = -17.314070581898633
correctionProbability (#СЕКСОФОН$ -> #САКСОФОН$) = -16.217072387891314
correctionProbability (#КРАТЫ$ -> #КАРТЫ$) = -73.81854787440705
correctionProbability (#МАРВЕЛЛ$ -> #МАРВЕЛ$) = -13.933924999154232
correctionProbability (#СДАНТАРТНЫЕ$ -> #СТАНДАРТНЫЕ$) = -84.76252490517808
correctionProbability (#ТРЕСУТСЯ$ -> #ТРЯСУТСЯ$) = -20.927322014230278
correctionProbability (#МКРТЧАН$ -> #МКРТЧЯН$) = -20.902027874953845
correctionProbability (#ГРУНЫМ$ -> #ГРУДНЫМ$) = -19.724570145178923
correctionProbability (#ЩКОЛЬНЫЙ$ -> #ШКОЛЬНЫЙ$) = -10.791400449644833
correctionProbability (#КИННОО$ -> #КИНО$) = -73.10978393792223
correctionProbability (#КАМУТАТОР$ -> #КОММУТАТОР$) = -85.07266766128924
correctionProbability (#ЦКНЫ$ -> #ЦЕНЫ$) = -4.142201657558182
correctionProbability (#OGSR$ -> #OGSE$) = -16.661311317987273
correctionProbability (#ФРИСКИ$ -> #ФРИСКЕ$) = -14.307623819580673
correctionProbability (#ДЕЕМ$ -> #ДНЕМ$) = -4.21942374863524
correctionProbability (#ДЖУМАНДЖЫ$ -> #ДЖУМАНДЖИ$) = -16.068346363482675
correctionProbability (#TLLAUNCHER$ -> #TLAUNCHER$) = -19.99940865878775
correctionProbability (#LOGITEK$ -> #LOGITECH$) = -82.04975817168824
correctionProbability (#КИЛЛОМЕТРОВ$ -> #КИЛОМЕТРОВ$) = -19.47832148713878
correctionProbability (#MUSHCHINA$ -> #MUZHCHINA$) = -27.224818326757564
correctionProbability (#ЖИВОТНІХ$ -> #ЖИВОТНЫХ$) = -9.521272924226047
correctionProbability (#АБЛЕТКИ$ -> #ТАБЛЕТКИ$) = -10.152469026509372
correctionProbability (#ИНТНРЬЕР$ -> #ИНТЕРЬЕР$) = -12.449794501753153
correctionProbability (#ACVARIO$ -> #AQUARIO$) = -89.13168417684315
correctionProbability (#КРАТУ$ -> #КАРТУ$) = -75.49661949835658
correctionProbability (#GRAZY$ -> #CRAZY$) = -12.618219229348359
correctionProbability (#STOR77$ -> #STORE77$) = -19.97739964132016
correctionProbability (#ОБОАЗОВАНИЕ$ -> #ОБРАЗОВАНИЕ$) = -12.830741362553745
correctionProbability (#ЗАДЭ$ -> #ЗАДЕ$) = -16.318577662812128
correctionProbability (#ГООАД$ -> #ГОРОД$) = -72.92040923217097
correctionProbability (#ВЫРОСТИЛ$ -> #ВЫРАСТИЛ$) = -24.77217464931767
correctionProbability (#БИРИЛЮСКОГО$ -> #БИРИЛЮССКОГО$) = -32.02759023875604
correctionProbability (#ЖОСТКІЙ$ -> #ЖЕСТКИЙ$) = -77.71566473425737
correctionProbability (#ЧЕМПИОНАТТ$ -> #ЧЕМПИОНАТ$) = -13.77269971882938
correctionProbability (#КОНТЕКТ$ -> #КОНТАКТ$) = -8.531448516990778
correctionProbability (#ПРОТИВОПОКАЗАНИЕ$ -> #ПРОТИВОПОКАЗАНИЯ$) = -20.843354164307577
correctionProbability (#ФУРИ$ -> #ФУРРИ$) = -14.016167027545226
correctionProbability (#ЕРЛЁНИНГ$ -> #ЕЛЕНИНГ$) = -88.90670794031351
correctionProbability (#KAPOLEVA$ -> #KOROLEVA$) = -86.08828446755133
correctionProbability (#ФОРБЕС$ -> #ФОРБС$) = -17.786896545909674
correctionProbability (#ЮИЦБ$ -> #ЮТУБ$) = -64.9594775895438
correctionProbability (#ПНРИОБРЕТЕНИЯ$ -> #ПРИОБРЕТЕНИЯ$) = -26.05652820718432
correctionProbability (#ХИНДАЙ$ -> #ХЕНДАЙ$) = -10.113009057401523
correctionProbability (#НИДЕРЛАНДА$ -> #НИДЕРЛАНДЫ$) = -18.747301741975114
correctionProbability (#ВЕДМА$ -> #ВЕДЬМА$) = -13.271116356054218
correctionProbability (#ГЭЛАКСИ$ -> #ГАЛАКСИ$) = -13.068387729167782
correctionProbability (#ПРЕИМУШЕСТВО$ -> #ПРЕИМУЩЕСТВО$) = -23.25668807971197
correctionProbability (#ПРОТИВОАЛЕРГЕННЫЙ$ -> #ПРОТИВОАЛЛЕРГЕННЫЙ$) = -37.86779000943974
correctionProbability (#ПОЛИКЛИЕИКА$ -> #ПОЛИКЛИНИКА$) = -13.481419876478668
correctionProbability (#ПРАДЫ$ -> #ПРАВДЫ$) = -17.187940615425962
correctionProbability (#TMAIL$ -> #TMALL$) = -17.408352959612866
correctionProbability (#ГОВАРИ$ -> #ГОВОРИ$) = -13.513749396787329
correctionProbability (#BERDS$ -> #BIRDS$) = -12.735518847325071
correctionProbability (#BEET$ -> #BEAT$) = -14.795013764836217
correctionProbability (#НЕСЧАСНЫЙ$ -> #НЕСЧАСТНЫЙ$) = -21.118312269990135
correctionProbability (#БАЛШИ$ -> #БОЛЬШИЕ$) = -140.42068323213954
correctionProbability (#КТОРЫЙ$ -> #КОТОРЫЙ$) = -11.518839543999846
correctionProbability (#КАПАТЕЛЕЙ$ -> #КОПАТЕЛЕЙ$) = -22.76478400904802
correctionProbability (#СТМПТОМЫ$ -> #СИМПТОМЫ$) = -10.788195371225662
correctionProbability (#ПРИИ$ -> #ПРИ$) = -5.611987780605773
correctionProbability (#СВАРИТ$ -> #СВАРИТЬ$) = -13.784752728478011
correctionProbability (#СКАРЛУПЫ$ -> #СКОРЛУПЫ$) = -18.37776687322016
correctionProbability (#РАММШТАЙНА$ -> #РАМШТАЙН$) = -84.48153637928638
correctionProbability (#SQO$ -> #SGO$) = -16.6525930438594
correctionProbability (#МГРАТЬ$ -> #ИГРАТЬ$) = -5.804421870051296
correctionProbability (#ЧОРО$ -> #ЧОРРО$) = -25.029988488622138
correctionProbability (#СЫРКОМ$ -> #СЫРОМ$) = -14.200897595104298
correctionProbability (#ПОЗНОКОМИТСЮ$ -> #ПОЗНАКОМИТСЯ$) = -87.21871507770803
correctionProbability (#CAZASTAN$ -> #KAZAKHSTAN$) = -148.93649196447547
correctionProbability (#ПЧЕЛОВОТ$ -> #ПЧЕЛОВОД$) = -11.052795366290916
correctionProbability (#РОБЛАК$ -> #РОБЛОКС$) = -72.54240862632257
correctionProbability (#ДАБАВИТЬ$ -> #ДОБАВИТЬ$) = -13.36196487529908
correctionProbability (#ДИНИЯ$ -> #ЛИНИЯ$) = -9.179219525426394
correctionProbability (#ПОЛУКОМЕРЧЕСКИЙ$ -> #ПОЛУКОММЕРЧЕСКИЙ$) = -31.83980301177801
correctionProbability (#АМАКСИКЛАВ$ -> #АМОКСИКЛАВ$) = -17.868964660201748
correctionProbability (#PICTURS$ -> #PICTURES$) = -16.473911571323363
correctionProbability (#ЗАДАНЫХ$ -> #ЗАДАННЫХ$) = -15.326803114707651
correctionProbability (#ГОЗЗАКУП$ -> #ГОСЗАКУП$) = -14.606854144419337
correctionProbability (#ПРИА$ -> #ПРИ$) = -5.634114846447716
correctionProbability (#АЙЛИШЬ$ -> #АЙЛИШ$) = -14.060548263919483
correctionProbability (#ДЕИЛ$ -> #ДЕЙЛ$) = -12.324380074593197
correctionProbability (#СПЯЩЕЮ$ -> #СПЯЩУЮ$) = -14.465438143332786
correctionProbability (#СКАРЛУПУ$ -> #СКОРЛУПУ$) = -22.594050163735155
correctionProbability (#ЖОСКО$ -> #ЖЕСТКО$) = -79.31109238042478
correctionProbability (#АБЦИССОЙ$ -> #АБСЦИССОЙ$) = -27.3598230238603
correctionProbability (#ОМУЛЕТ$ -> #АМУЛЕТ$) = -15.39664322470647
correctionProbability (#ЕКЛАТ$ -> #ЭКЛАТ$) = -18.088059111300442
correctionProbability (#БАЗИЛОМА$ -> #БАЗАЛИОМА$) = -86.18157537099042
correctionProbability (#СРКДСТВА$ -> #СРЕДСТВА$) = -11.664599089507199
correctionProbability (#ДИОЛОГ$ -> #ДИАЛОГ$) = -13.486273077320593
correctionProbability (#ЗАРИГИСТРИРОВАТЬ$ -> #ЗАРЕГИСТРИРОВАТЬ$) = -23.152951231119346
correctionProbability (#ВСТОЛЬ$ -> #СТОЛЬ$) = -20.173110649578103
correctionProbability (#МЕИРАМ$ -> #МЕЙРАМ$) = -19.59819345781089
correctionProbability (#ODNOKLSSNIK$ -> #ODNOKLASSNIKI$) = -84.13697118535023
correctionProbability (#ЗАИМ$ -> #ЗАЙМ$) = -8.766370837467601
correctionProbability (#ТЕРИСТОР$ -> #ТИРИСТОР$) = -21.194867021846484
correctionProbability (#ДЕТЕТИВ$ -> #ДЕТЕКТИВ$) = -12.910658801467513
correctionProbability (#ДЕИС$ -> #ДЕНИС$) = -11.008867313915577
correctionProbability (#САБИБОР$ -> #СОБИБОР$) = -17.23093817287343
correctionProbability (#ОЕТ$ -> #ЛЕТ$) = -3.448420891914811
correctionProbability (#МАТЕШИ$ -> #МАТЕШЕ$) = -21.28620053164997
correctionProbability (#GRESSA$ -> #GRESSO$) = -23.389086822666016
correctionProbability (#КАХАВАЙ$ -> #КАРАВАЙ$) = -16.252432306796244
correctionProbability (#ДАМАШНЕ$ -> #ДОМАШНЕЕ$) = -75.83706336479474
correctionProbability (#АКРИЛОВА$ -> #АКРИЛОВАЯ$) = -18.021181903415368
correctionProbability (#ОБЪЕДЕНЕНИЯ$ -> #ОБЪЕДИНЕНИЯ$) = -20.88971725993521
correctionProbability (#СТИРИЛИЗАЦЫЙ$ -> #СТЕРИЛИЗАЦИИ$) = -149.83950245752453
correctionProbability (#НОВГСТИ$ -> #НОВОСТИ$) = -4.297877384422831
correctionProbability (#ОПРЕДЛЕНИЕ$ -> #ОПРЕДЕЛЕНИЕ$) = -15.954370085638786
correctionProbability (#CLAUD$ -> #CLOUD$) = -14.66352837909422
correctionProbability (#ДАМАШНИ$ -> #ДОМАШНИЙ$) = -76.38572450691858
correctionProbability (#ЦВІТИ$ -> #КВІТИ$) = -16.310039767545778
correctionProbability (#РАССКАЗФВАЛ$ -> #РАССКАЗЫВАЛ$) = -25.311008987037575
correctionProbability (#ОМБИ$ -> #ЗОМБИ$) = -8.748567274262644
correctionProbability (#ВООС$ -> #ВОЛОС$) = -7.830663316520951
correctionProbability (#РОСАН$ -> #РОМАН$) = -8.844230752544757
correctionProbability (#МАТАЦЫКЛЫ$ -> #МОТОЦИКЛЫ$) = -145.5252748817281
correctionProbability (#ГПДАНИЕ$ -> #ГАДАНИЕ$) = -9.099535901984346
correctionProbability (#МУРЖСКИЕ$ -> #МУЖСКИЕ$) = -11.961810858767379
correctionProbability (#ВООТ$ -> #ВОТ$) = -11.224830121020847
correctionProbability (#ВЗАИМООТНОШЕНИЮ$ -> #ВЗАИМООТНОШЕНИЯ$) = -25.790259047486913
correctionProbability (#ФЕЙСБКУ$ -> #ФЕЙСБУК$) = -74.92763445934871
correctionProbability (#СОЛФЕТОК$ -> #САЛФЕТОК$) = -15.292945836929114
correctionProbability (#СПЯЩИЄ$ -> #СПЯЩИЕ$) = -14.156470188348518
correctionProbability (#ФЛАБЕР$ -> #ФЛОБЕР$) = -19.0966294807322
correctionProbability (#ОБЪЕДЕНЕНИЕ$ -> #ОБЪЕДИНЕНИЕ$) = -19.36110703308428
correctionProbability (#ПРФЮМКА$ -> #ПАРФЮМКА$) = -28.117042622256164
correctionProbability (#РАСТАВЛЯТЬ$ -> #РАССТАВЛЯТЬ$) = -26.715440666404042
correctionProbability (#РОСРЕЕТР$ -> #РОСРЕЕСТР$) = -13.382022636597263
correctionProbability (#GENEZIS$ -> #GENESIS$) = -17.272997150772554
correctionProbability (#ЛЭЙЛА$ -> #ЛЕЙЛА$) = -14.277429449160703
correctionProbability (#ОРОСЕПТ$ -> #ОРАСЕПТ$) = -22.192705616433955
correctionProbability (#ФІЕСТА$ -> #ФИЕСТА$) = -16.3764369757308
correctionProbability (#MOUTAIN$ -> #MOUNTAIN$) = -19.07660667517267
correctionProbability (#МАГНИТАФОН$ -> #МАГНИТОФОН$) = -19.83898500766947
correctionProbability (#ГЕОЛОГИЧЕСКИЕХ$ -> #ГЕОЛОГИЧЕСКИХ$) = -28.526967463169946
correctionProbability (#САОИМИ$ -> #СВОИМИ$) = -5.4099068728864275
correctionProbability (#WIDOWS$ -> #WINDOWS$) = -9.379413323401025
correctionProbability (#ОПТИМИЗЦИЯ$ -> #ОПТИМИЗАЦИЯ$) = -17.404522887032314
correctionProbability (#ЯНДЕСК$ -> #ЯНДЕКС$) = -70.08124060924739
correctionProbability (#СМОТЕТЬ$ -> #СМОТРЕТЬ$) = -2.953917419186114
correctionProbability (#ИЗЬЯТИЯ$ -> #ИЗЪЯТИЯ$) = -20.90620106346693
correctionProbability (#ЛЕСБЬЯНКИ$ -> #ЛЕСБИЯНКИ$) = -14.039174369635823
correctionProbability (#ПРОСТУТКА$ -> #ПРОСТИТУТКА$) = -84.33193273720514
correctionProbability (#ТУРКЕН$ -> #ТУРКМЕН$) = -20.94158240156851
correctionProbability (#ЗПОЛНИТЬ$ -> #ЗАПОЛНИТЬ$) = -15.204856731071878
correctionProbability (#ХАМСТЕЛ$ -> #ХАМСТЕР$) = -16.28742401633376
correctionProbability (#УСТРЙСТВО$ -> #УСТРОЙСТВО$) = -13.908912079867122
correctionProbability (#СЕГАРЕТА$ -> #СИГАРЕТА$) = -17.56387516889488
correctionProbability (#НУРМИНСЬКИЙ$ -> #НУРМИНСКИЙ$) = -20.222123357865136
correctionProbability (#ВЕЦАП$ -> #ВАЦАП$) = -10.994267361930074
correctionProbability (#НЕОБЪЯНИМО$ -> #НЕОБЪЯСНИМО$) = -25.325085138512847
correctionProbability (#ТОНИС$ -> #ТУНИС$) = -12.285450347018116
correctionProbability (#XVAYUNGI$ -> #XVAYUGI$) = -35.69982926085619
correctionProbability (#ПЕЖАМА$ -> #ПИЖАМА$) = -15.226454838826033
correctionProbability (#ПОДСЛУШИНО$ -> #ПОДСЛУШАНО$) = -13.63071030255663
correctionProbability (#ГЕРОЙВ$ -> #ГЕРОЕВ$) = -11.555471389095356
correctionProbability (#ВРПМЯ$ -> #ВРЕМЯ$) = -5.989428503128686
correctionProbability (#ВИСТРІЛА$ -> #ВЫСТРЕЛА$) = -85.03889693275539
correctionProbability (#ДНВНИК$ -> #ДНЕВНИК$) = -7.6161860299220905
correctionProbability (#МОНИПУЛЯТОРА$ -> #МАНИПУЛЯТОРА$) = -21.892584248622065
correctionProbability (#ИИИГРЫ$ -> #ИГРЫ$) = -72.11905928564141
correctionProbability (#МАТЕМАЬИКЕ$ -> #МАТЕМАТИКЕ$) = -10.958407801422602
correctionProbability (#ДИШАТЬ$ -> #ДЫШАТЬ$) = -15.96556865966588
correctionProbability (#ПОМАГАЕТ$ -> #ПОМОГАЕТ$) = -14.392967893066825
correctionProbability (#БЕРЕМИНОЙ$ -> #БЕРЕМЕННОЙ$) = -82.73942063072286
correctionProbability (#ВИБРАТЬ$ -> #ВЫБРАТЬ$) = -10.75401295079432
correctionProbability (#ACRONICS$ -> #ACRONIS$) = -21.068037003265978
correctionProbability (#АДМИНИСТРАТОРАМ$ -> #АДМИНИСТРАТОРОМ$) = -25.352835088137866
correctionProbability (#ФАРСУНКА$ -> #ФОРСУНКА$) = -18.634642462086553
correctionProbability (#CONIK$ -> #SONIC$) = -78.63443208026007
correctionProbability (#ПОМАДИ$ -> #ПОМАДЫ$) = -16.714567242369764
correctionProbability (#ПЕБЕНКА$ -> #РЕБЕНКА$) = -8.221178055654711
correctionProbability (#КИВИЪ$ -> #КИВИ$) = -10.593049288241527
correctionProbability (#КИЕВВОДОКОНАЛ$ -> #КИЕВВОДОКАНАЛ$) = -26.995890795187137
correctionProbability (#СУШОНЫЙ$ -> #СУШЕНЫЙ$) = -18.233831311999687
correctionProbability (#ДЕЛНИД$ -> #ЛЕОНИД$) = -76.44621499632196
correctionProbability (#ИНТЕРЬВЬЮ$ -> #ИНТЕРВЬЮ$) = -16.326306917033
correctionProbability (#ЗБОРНИКУ$ -> #СБОРНИКУ$) = -20.605224881714925
correctionProbability (#CISINAU$ -> #CHISINAU$) = -18.22308075130713
correctionProbability (#КУВИТЬ$ -> #КУПИТЬ$) = -1.3954161433306105
correctionProbability (#ОБЛОСТНАЯ$ -> #ОБЛАСТНАЯ$) = -15.328665024072087
correctionProbability (#ПОДІЛЬСЬК$ -> #ПОДІЛЬСЬКИЙ$) = -90.08484673454278
correctionProbability (#ROBLEX$ -> #ROBLOX$) = -10.45375851506947
correctionProbability (#LAPTOR$ -> #LAPTOP$) = -15.222436195634156
correctionProbability (#ДИНИС$ -> #ДЕНИС$) = -10.423892744927638
correctionProbability (#ФОРТЕПЬЯНО$ -> #ФОРТЕПИАНО$) = -81.23100813280956
correctionProbability (#БЫВАЕ$ -> #БЫВАЕТ$) = -12.873001672301353
correctionProbability (#ЗБЕРБАНКЕ$ -> #СБЕРБАНКЕ$) = -14.615503260831176
correctionProbability (#СИРЕАЛЫ$ -> #СЕРИАЛЫ$) = -72.20696327259658
correctionProbability (#ЮИУЬ$ -> #ЮТУБ$) = -64.94954381149753
correctionProbability (#REGERTS$ -> #REGRETS$) = -91.98826809597122
correctionProbability (#ИДИО$ -> #ВИДЕО$) = -67.03257021725128
correctionProbability (#ПЕНЗАИН$ -> #ПЕНЗАИНФ$) = -34.42003285091226
correctionProbability (#ЭПОТИЧЕСКИЙ$ -> #ЭРОТИЧЕСКИЙ$) = -15.82004922142265
correctionProbability (#TEHNIKALAR$ -> #TEXNIKALAR$) = -30.23955767551829
correctionProbability (#СКАЛЬКО$ -> #СКОЛЬКО$) = -5.9515565167527225
correctionProbability (#РАЗНОРАБОЧИ$ -> #РАЗНОРАБОЧИЙ$) = -21.516873162740318
correctionProbability (#LENNOVO$ -> #LENOVO$) = -13.921048228453255
correctionProbability (#АЛЛАБАЙ$ -> #АЛАБАЙ$) = -18.05566988147537
correctionProbability (#АВИАБЕЛИТ$ -> #АВИАБИЛЕТ$) = -81.74104359746384
correctionProbability (#ДЕВХ$ -> #ДЕВАХ$) = -22.782379082402898
correctionProbability (#СКАЛЬКИ$ -> #СКОЛЬКИ$) = -13.415679140051068
correctionProbability (#ПРОЛУКТОВ$ -> #ПРОДУКТОВ$) = -14.440214876940239
correctionProbability (#МОРИНОВАНЫМИ$ -> #МАРИНОВАННЫМИ$) = -91.28995897583995
correctionProbability (#АФТОР$ -> #АВТОР$) = -10.054770353099645
correctionProbability (#КОНЦЕЛЯРИИ$ -> #КАНЦЕЛЯРИИ$) = -20.595316849097387
correctionProbability (#DASTAVKA$ -> #DOSTAVKA$) = -24.468722819820677
correctionProbability (#BECH$ -> #BEACH$) = -10.900373177981056
correctionProbability (#СКЛАДЫВАЕ$ -> #СКЛАДЫВАЕТ$) = -26.598873186504953
correctionProbability (#ДЕВСТВЕНОСТИ$ -> #ДЕВСТВЕННОСТИ$) = -22.426413373395988
correctionProbability (#РЕЗЕТКА$ -> #РОЗЕТКА$) = -12.932721756124096
correctionProbability (#ЗАВИ$ -> #ЗОВИ$) = -15.722298808571775
correctionProbability (#ОТЕЖЕЛИТЕЛИ$ -> #УТЯЖЕЛИТЕЛИ$) = -87.48220939384788
correctionProbability (#ЗИРОК$ -> #ЗІРОК$) = -19.981283082567547
correctionProbability (#ПРЕДАХРАНИТЕЛЬ$ -> #ПРЕДОХРАНИТЕЛЬ$) = -22.091236726500753
correctionProbability (#СПЯЩИИ$ -> #СПЯЩИЕ$) = -14.099366054975757
correctionProbability (#СТЭНДОВ$ -> #СТЕНДОВ$) = -16.456817891584947
correctionProbability (#ПРАВЛ$ -> #ПРАВО$) = -9.626272656579655
correctionProbability (#ЗБЕРБАНКА$ -> #СБЕРБАНКА$) = -12.622663998358028
correctionProbability (#ЖНЕВНИК$ -> #ДНЕВНИК$) = -7.019342987609278
correctionProbability (#CONGUEST$ -> #CONQUEST$) = -19.62108004451244
correctionProbability (#ФИНИБУТ$ -> #ФЕНИБУТ$) = -15.415290644056228
correctionProbability (#АРГАНИЗМ$ -> #ОРГАНИЗМ$) = -15.131358837255242
correctionProbability (#ВЕЛЕКОЛЕПНЫЙ$ -> #ВЕЛИКОЛЕПНЫЙ$) = -15.605199502722265
correctionProbability (#НОЯБРРЕ$ -> #НОЯБРЕ$) = -12.303636385741118
correctionProbability (#BEBY$ -> #BABY$) = -10.655429226717313
correctionProbability (#АЛЛАЛИНА$ -> #АЛЛАДИНА$) = -18.667735703651452
correctionProbability (#PAGODA$ -> #POGODA$) = -13.645186932253285
correctionProbability (#ПЕШИЯ$ -> #ПЕШАЯ$) = -23.276761522749126
correctionProbability (#ВАСИЛІСА$ -> #ВАСИЛИСА$) = -15.65417482474723
correctionProbability (#РЕЗЕТКИ$ -> #РОЗЕТКИ$) = -15.056096651916342
correctionProbability (#ИЗЬЯТИЕ$ -> #ИЗЪЯТИЕ$) = -20.852665174666562
correctionProbability (#ПОПУЛЧРНЫЕ$ -> #ПОПУЛЯРНЫЕ$) = -14.505179209292955
correctionProbability (#ХАЛІБ$ -> #ХАЛИБ$) = -17.344901015686975
correctionProbability (#БЫВАТ$ -> #БЫВАЮТ$) = -11.588601087705744
correctionProbability (#ДЕВВ$ -> #ДЕВА$) = -11.392557431319208
correctionProbability (#БОГОДА$ -> #ПОГОДА$) = -1.1864950737112032
correctionProbability (#РЦССКИЙ$ -> #РУССКИЙ$) = -6.774238401467706
correctionProbability (#ПРИЛАЖЕНИЯ$ -> #ПРИЛОЖЕНИЯ$) = -15.764761384472884
correctionProbability (#ФОРТАЙТ$ -> #ФОРТНАЙТ$) = -13.599138619152136
correctionProbability (#МЕРОУД$ -> #МЭНРОУД$) = -98.23044890256675
correctionProbability (#ОТСАСАЛ$ -> #ОТСОСАЛ$) = -20.516498342602034
correctionProbability (#ИМУНИТЕТ$ -> #ИММУНИТЕТ$) = -18.717470623231563
correctionProbability (#СПРАВЖНЕ$ -> #СПРАВЖНЄ$) = -25.26812796769955
correctionProbability (#КОНВЕРТИРОВАТ$ -> #КОНВЕРТИРОВАТЬ$) = -20.43760665775615
correctionProbability (#ЯСКАЧАТЬ$ -> #СКАЧАТЬ$) = -5.042730760711782
correctionProbability (#МАМОПЛАСТИКИ$ -> #МАММОПЛАСТИКИ$) = -26.950762903238783
correctionProbability (#ЬАИЛ$ -> #МАЙЛ$) = -68.39757581087986
correctionProbability (#ФЕНЕСТИЛ$ -> #ФЕНИСТИЛ$) = -19.14962551518569
correctionProbability (#СВОЕСТЬ$ -> #СОВЕСТЬ$) = -79.69388896707879
correctionProbability (#NETVORK$ -> #NETWORK$) = -14.897420710639864
correctionProbability (#РВЙОНЕ$ -> #РАЙОНЕ$) = -9.423135989929111
correctionProbability (#MUXABBAT$ -> #MUHABBAT$) = -22.556421903396974
correctionProbability (#МАЛЕКУЛА$ -> #МОЛЕКУЛА$) = -16.808266934958247
correctionProbability (#ОБЗАТЕЛЬНОГО$ -> #ОБЯЗАТЕЛЬНОГО$) = -24.21283426393893
correctionProbability (#КОРИЧНЕВА$ -> #КОРИЧНЕВАЯ$) = -20.266138128406787
correctionProbability (#КАЛЬКУДЯТОР$ -> #КАЛЬКУЛЯТОР$) = -12.178688387171398
correctionProbability (#ПИСМЕННОСТИ$ -> #ПИСЬМЕННОСТИ$) = -24.122787216045033
correctionProbability (#ФЕЙСБУКФ$ -> #ФЕЙСБУК$) = -9.587558448373258
correctionProbability (#СВИЩЬ$ -> #СВИЩ$) = -18.233045474000992
correctionProbability (#STRANISA$ -> #STRANIZA$) = -28.25702733934014
correctionProbability (#КЭВИН$ -> #КЕВИН$) = -14.768737424206844
correctionProbability (#ЯПОСКИЙ$ -> #ЯПОНСКИЙ$) = -14.131189058755702
correctionProbability (#МИХАЙОВ$ -> #МИХАЙЛОВ$) = -13.50516528135038
correctionProbability (#КАЛОМЕНСКИЙ$ -> #КОЛОМЕНСКИЙ$) = -23.116744872792516
correctionProbability (#SHAINSIDE$ -> #SHEINSIDE$) = -23.70538897508144
correctionProbability (#АХИДЖАКОВА$ -> #АХЕДЖАКОВА$) = -22.938808268231234
correctionProbability (#ЛЕМЕНГИ$ -> #ЛЕММИНГИ$) = -84.65142808022816
correctionProbability (#РВЙОНА$ -> #РАЙОНА$) = -7.353291553127665
correctionProbability (#ЧЛОВЕКА$ -> #ЧЕЛОВЕКА$) = -9.43993220617702
correctionProbability (#МОРОЖЕННЫМ$ -> #МОРОЖЕНЫМ$) = -24.25587136588984
correctionProbability (#КОМПАНИИИ$ -> #КОМПАНИИ$) = -13.81133276080255
correctionProbability (#ИРЛАНСКИЙ$ -> #ИРЛАНДСКИЙ$) = -20.25681221592145
correctionProbability (#РОТАВИРУСНОЙ$ -> #РОТОВИРУСНОЙ$) = -26.250283069324347
correctionProbability (#СЕНХАЙЗЕР$ -> #СИНХАЙЗЕР$) = -25.084454508778677
correctionProbability (#СТРОИТЕЛЬНЫ$ -> #СТРОИТЕЛЬНЫЙ$) = -17.978944748891784
correctionProbability (#ПЕРСКАЗ$ -> #ПЕРЕСКАЗ$) = -16.937458813578516
correctionProbability (#ВКУСНВЕ$ -> #ВКУСНЫЕ$) = -11.73553785789285
correctionProbability (#ЗДЕДАТЬ$ -> #СДЕЛАТЬ$) = -70.95173495938955
correctionProbability (#ДОВОЕННОГ$ -> #ДОВОЕННОГО$) = -28.97113451893066
correctionProbability (#ПЕРПЕКТИВА$ -> #ПЕРСПЕКТИВА$) = -18.48121330290998
correctionProbability (#КУЛЬТУ$ -> #КУЛЬТУРЫ$) = -77.78543329628232
correctionProbability (#СЕТЕФОЙ$ -> #СЕТЕВОЙ$) = -8.662708544391123
correctionProbability (#СЛАИМЫ$ -> #СЛАЙМЫ$) = -11.592714899392913
correctionProbability (#GUNIN$ -> #GUNUN$) = -18.33732100017227
correctionProbability (#ПОКОЯНИЕ$ -> #ПОКАЯНИЕ$) = -21.410271957571965
correctionProbability (#ДОСТОЕНСТВО$ -> #ДОСТОИНСТВО$) = -22.083540596696785
correctionProbability (#SHAREME$ -> #SHAREMAN$) = -86.83697944067349
correctionProbability (#0Х80240017$ -> #0X80240017$) = -26.91729844428739
correctionProbability (#QALBIMI$ -> #QELBIMI$) = -24.06861772297522
correctionProbability (#ГОСУДАРСТВЕНЫХ$ -> #ГОСУДАРСТВЕННЫХ$) = -22.098901583821927
correctionProbability (#ВЫГРАЛА$ -> #ВЫИГРАЛА$) = -21.46273246436018
correctionProbability (#ШДЮХИ$ -> #ШЛЮХИ$) = -11.465773033335555
correctionProbability (#АМЕДИЯ$ -> #АМЕДИА$) = -20.31651022816966
correctionProbability (#ДЕВЧЕНОК$ -> #ДЕВЧОНОК$) = -17.354371324762077
correctionProbability (#АНАСТАСИ$ -> #АНАСТАСИЯ$) = -11.748262626697162
correctionProbability (#SERYALI$ -> #SERIALI$) = -14.747107841437852
correctionProbability (#СЕРРИИ$ -> #СЕРИИ$) = -5.292884945889011
correctionProbability (#ПРАО$ -> #ПРАВО$) = -10.181738603876685
correctionProbability (#БАНКРОТСВУ$ -> #БАНКРОТСТВУ$) = -23.1239271835517
correctionProbability (#ПЕРЕДИЛИ$ -> #ПЕРЕЖИЛИ$) = -24.923377931307115
correctionProbability (#SPSASES$ -> #SPACES$) = -79.91650227100901
correctionProbability (#ПРАС$ -> #ПРАЙС$) = -10.076167527573094
correctionProbability (#СМОТРEТЬ$ -> #СМОТРЕТЬ$) = -2.4100191303454945
correctionProbability (#ЖИАОТА$ -> #ЖИВОТА$) = -11.670601571689776
correctionProbability (#ЗАСАЛИТЬ$ -> #ЗАСОЛИТЬ$) = -15.21924941439935
correctionProbability (#ВКОНТАЕТЕ$ -> #ВКОНТАКТЕ$) = -6.521695427204399
correctionProbability (#БРАЗЕРМ$ -> #БРАЗЕРС$) = -13.023901777702228
correctionProbability (#ПОДГЛЯДЫВАНЬЕ$ -> #ПОДГЛЯДЫВАНИЕ$) = -21.45563779855651
correctionProbability (#РОССИЙКОГО$ -> #РОССИЙСКОГО$) = -17.19842155121499
correctionProbability (#СПОРТБОХ$ -> #СПОРТБОКС$) = -77.56002938674551
correctionProbability (#ЭНЭРГИЯ$ -> #ЭНЕРГИЯ$) = -12.961440193782252
correctionProbability (#ПРАК$ -> #ПАРК$) = -74.54382979118229
correctionProbability (#ПАСТЕРИЗАН$ -> #ПОСТЕРИЗАН$) = -23.721994625829403
correctionProbability (#ТОДЖИТСКИЕ$ -> #ТАДЖИТСКИЕ$) = -35.71293730672014
correctionProbability (#АРМЕНИЙ$ -> #АРМЕНИИ$) = -12.680784808815467
correctionProbability (#ДВИДЕТСЯ$ -> #ДВИЖЕТСЯ$) = -17.050236213211953
correctionProbability (#CИНОПТИК$ -> #СИНОПТИК$) = -11.268967266743154
correctionProbability (#ДЭКАРТ$ -> #ДЕКАРТ$) = -17.33287665733376
correctionProbability (#АППАТ$ -> #АППАРТ$) = -22.732221123989234
correctionProbability (#ЗАМАСКА$ -> #ЗАМАЗКА$) = -21.063307809841795
correctionProbability (#НОЯБРСК$ -> #НОЯБРЬСК$) = -15.719233520624492
correctionProbability (#АНТИПЛАГИЯТ$ -> #АНТИПЛАГИАТ$) = -17.982528364587054
correctionProbability (#ЖИВОТННЫХ$ -> #ЖИВОТНЫХ$) = -11.94632722982066
correctionProbability (#ЗАКАЗАЬЬ$ -> #ЗАКАЗАТЬ$) = -9.182201226123915
correctionProbability (#БРАЗЕРЕ$ -> #БРАУЗЕРЕ$) = -16.744087589065856
correctionProbability (#СОСЕТКОЙ$ -> #СОСЕДКОЙ$) = -18.619618798622916
correctionProbability (#ДИЗБИОЗ$ -> #ДИСБИОЗ$) = -19.35987317422733
correctionProbability (#ІИЗНАЧЕННЯ$ -> #ВИЗНАЧЕННЯ$) = -20.76242586410234
correctionProbability (#МУЩИНЕ$ -> #МУЖЧИНЕ$) = -75.14369265139008
correctionProbability (#СЕХОЛ$ -> #ЧЕХОЛ$) = -9.981978355680855
correctionProbability (#ДЕВСТВЕНОСТЬ$ -> #ДЕВСТВЕННОСТЬ$) = -24.36899047767099
correctionProbability (#ЯЫК$ -> #ЯЗЫК$) = -6.3461387187769525
correctionProbability (#ИСТОЛЬЗОВАНИИ$ -> #ИСПОЛЬЗОВАНИЕ$) = -83.8827430504283
correctionProbability (#HIGWAY$ -> #HIGHWAY$) = -19.792424003595727
correctionProbability (#СОЖНО$ -> #МОЖНО$) = -4.489879537739842
correctionProbability (#НАЗАТ$ -> #НАЗАД$) = -10.85006698497121
correctionProbability (#КРВЛАТСКИЕ$ -> #КРЫЛАТСКИЕ$) = -24.99521700275651
correctionProbability (#ЗАМАСКИ$ -> #ЗАМАЗКИ$) = -21.52416635563396
correctionProbability (#СПЯЩИЯ$ -> #СПЯЩАЯ$) = -13.279460173927166
correctionProbability (#МАРЧЕЛО$ -> #МАРЧЕЛЛО$) = -22.980271851697943
correctionProbability (#ИПСУН$ -> #ИПСУМ$) = -16.660767724641868
correctionProbability (#ПЛОЗО$ -> #ПЛОХО$) = -11.32636424369807
correctionProbability (#СТАРЛАЙ$ -> #СТАРЛАЙН$) = -13.797275755401486
correctionProbability (#BILIMLEND$ -> #BILIMLAND$) = -21.015876916006924
correctionProbability (#СПОРТБОК$ -> #СПОРТБОКС$) = -12.789091235540475
correctionProbability (#NOVOCTI$ -> #NOVOSTI$) = -14.072726103487291
correctionProbability (#ПРИЛАЖЕНИЕ$ -> #ПРИЛОЖЕНИЕ$) = -13.20777700951951
correctionProbability (#ВИЕВЕР$ -> #ВИВЕР$) = -15.861578358494494
correctionProbability (#AMERKANSKI$ -> #AMERIKANSKI$) = -26.045459310802073
correctionProbability (#ПРАА$ -> #ПРАВА$) = -9.646127927562151
correctionProbability (#ОИС$ -> #ОФИС$) = -8.945600803984636
correctionProbability (#СОЦИАЛЬНА$ -> #СОЦИАЛЬНАЯ$) = -13.936628637475359
correctionProbability (#ПРАЗНОВАТЬ$ -> #ПРАЗДНОВАТЬ$) = -24.411972037580185
correctionProbability (#НОЯБОЕ$ -> #НОЯБРЕ$) = -9.82691059860348
correctionProbability (#ВЯЧИСЛАВ$ -> #ВЯЧЕСЛАВ$) = -13.498801838475117
correctionProbability (#СМОТРЕТЬТ$ -> #СМОТРЕТЬ$) = -4.873306029593026
correctionProbability (#BEAH$ -> #BEACH$) = -10.893939702252023
correctionProbability (#ТРОКТОР$ -> #ТРАКТОР$) = -8.440964336743512
correctionProbability (#ФУТЗАЛЬНЫЕ$ -> #ФУТБОЛЬНЫЕ$) = -81.09133832352033
correctionProbability (#ГАЯЗОВС$ -> #ГАЯЗОВ$) = -21.011723294152315
correctionProbability (#СМОТРЕТЬО$ -> #СМОТРЕТЬ$) = -4.87360188758335
correctionProbability (#ИНЕРВАЦИЯ$ -> #ИННЕРВАЦИЯ$) = -24.330692153909084
correctionProbability (#КОНСЕРВИРОВАНЫЙ$ -> #КОНСЕРВИРОВАННЫЙ$) = -29.714188482074334
correctionProbability (#КЛАБИЩЕ$ -> #КЛАДБИЩЕ$) = -13.900556303492344
correctionProbability (#ФУТЗАЛЬНЫЙ$ -> #ФУТБОЛЬНЫЙ$) = -80.98654933076864
correctionProbability (#ПАЕХАТЬ$ -> #ПОЕХАТЬ$) = -13.828360175728733
correctionProbability (#СААРА$ -> #САМАРА$) = -8.383670174661145
correctionProbability (#НИЖНИЦ$ -> #НИЖНИЙ$) = -7.9914067463589795
correctionProbability (#ВОЛД$ -> #ВОРЛД$) = -10.5106721914152
correctionProbability (#КОНСЕРВИРОВАНЫЕ$ -> #КОНСЕРВИРОВАННЫЕ$) = -28.740570840706184
correctionProbability (#ВОСТАНОВИТЕЛЬ$ -> #ВОССТАНОВИТЕЛЬ$) = -28.7713453031174
correctionProbability (#НИЖНИЯ$ -> #НИЖНЯЯ$) = -14.460392514934103
correctionProbability (#ОКРЯБРЯ$ -> #ОКТЯБРЯ$) = -8.416741977053633
correctionProbability (#СЕКРИТАРШИ$ -> #СЕКРЕТАРШИ$) = -20.332387471456535
correctionProbability (#ФОРМАЦЕВТИКА$ -> #ФАРМАЦЕВТИКА$) = -27.349313715084577
correctionProbability (#ЭМУЛЯТР$ -> #ЭМУЛЯТОР$) = -16.1449648286317
correctionProbability (#ОБЕЗБРЛИВАНИЕ$ -> #ОБЕЗБОЛИВАНИЕ$) = -26.723827418622598
correctionProbability (#КРАСНЯРСК$ -> #КРАСНОЯРСК$) = -12.128015812679436
correctionProbability (#ДЕДО$ -> #ДЕЛО$) = -7.2780198290600175
correctionProbability (#ХОКЕИСТ$ -> #ХОККЕИСТ$) = -17.31473590394372
correctionProbability (#СКВИРИНГ$ -> #СКВИРТИНГ$) = -22.016098604692857
correctionProbability (#GALAXI$ -> #GALAXY$) = -11.024793465936906
correctionProbability (#ПОЗДРААЛЕНИЕ$ -> #ПОЗДРАВЛЕНИЕ$) = -13.666185460014624
correctionProbability (#МАНУИЛОВ$ -> #МАНУЙЛОВ$) = -25.917275715883953
correctionProbability (#ОЛНОГО$ -> #ОДНОГО$) = -11.360965073257365
correctionProbability (#ЛАСКОВЫ$ -> #ЛАСКОВЫЙ$) = -16.037982686658275
correctionProbability (#ЛАКОМОТИВ$ -> #ЛОКОМОТИВ$) = -14.51694859550203
correctionProbability (#ФЫЛМИ$ -> #ФИЛЬМЫ$) = -133.61281021989817
correctionProbability (#ВОСПОЛИЛАСЬ$ -> #ВОСПАЛИЛАСЬ$) = -23.82706619334337
correctionProbability (#ЧЕРНИЛО$ -> #ЧЕРНИЛА$) = -16.35602968618265
correctionProbability (#ЧЕРЧЕЖАХ$ -> #ЧЕРТЕЖАХ$) = -18.803975834421493
correctionProbability (#НАЗЫВАЕТСА$ -> #НАЗЫВАЕТСЯ$) = -13.957213402943516
correctionProbability (#НИЖНИИ$ -> #НИЖНИЙ$) = -7.982454843181557
correctionProbability (#ЧИЧЕНСКИЙ$ -> #ЧЕЧЕНСКИЙ$) = -18.749707858487206
correctionProbability (#УРОГАН$ -> #УРАГАН$) = -14.49345962347255
correctionProbability (#SKIRIM$ -> #SKYRIM$) = -14.783629434799575
correctionProbability (#ИВАЦЕВИЧ$ -> #ИВАЦЕВИЧИ$) = -21.65078128904807
correctionProbability (#ЛТЮАЛЬ$ -> #ЛЕТУАЛЬ$) = -77.21216154892437
correctionProbability (#AUSLANDER$ -> #AUSLÄNDER$) = -24.91927996810361
correctionProbability (#ТЕХВАНДО$ -> #ТХЭКВОНДО$) = -216.28858110358826
correctionProbability (#ПУССКОГО$ -> #РУССКОГО$) = -10.692682431946288
correctionProbability (#ГАЛЮЦИНАЦИИ$ -> #ГАЛЛЮЦИНАЦИИ$) = -24.25984621541074
correctionProbability (#ГОРИЛЛАЗ$ -> #ГОРИЛАЗ$) = -23.679488371895438
correctionProbability (#VIDEOCAT$ -> #VIDEOCHAT$) = -21.006405157383277
correctionProbability (#МАСТР$ -> #МАСТЕР$) = -8.637282065428113
correctionProbability (#ВАЗЕКТОМИИ$ -> #ВАЗЭКТОМИИ$) = -35.73092644604059
correctionProbability (#ИНТЕЛЕГЕНЦИЯ$ -> #ИНТЕЛЛИГЕНЦИЯ$) = -93.24186638065538
correctionProbability (#ФРАНТОН$ -> #ФРОНТОН$) = -19.68402732099397
correctionProbability (#РЮНОСКЕ$ -> #РЮНОСКЭ$) = -24.53991746911847
correctionProbability (#МУЛЬТИВЭН$ -> #МУЛЬТИВЕН$) = -20.486560827756854
correctionProbability (#БУТЫРОК$ -> #БУТЫЛОК$) = -14.008898633238317
correctionProbability (#ЖЭНЧИНА$ -> #ЖЕНЩИНА$) = -73.8926940262146
correctionProbability (#CKAJAT$ -> #SKACHAT$) = -141.71528615362678
correctionProbability (#АБДУЛИН$ -> #АБДУЛЛИН$) = -17.90396648962664
correctionProbability (#ЛЕСБІЯНКА$ -> #ЛЕСБИЯНКА$) = -18.5696561325327
correctionProbability (#ПРСТО$ -> #ПРОСТО$) = -10.328501144275815
correctionProbability (#ГОСУДАРСТВЕНЫЕ$ -> #ГОСУДАРСТВЕННЫЕ$) = -23.016881896559184
correctionProbability (#MINNING$ -> #MINING$) = -21.10785268196945
correctionProbability (#УПРАЩЕННЫЙ$ -> #УПРОЩЕННЫЙ$) = -22.543437918011932
correctionProbability (#ОЛЬА$ -> #ОЛЬГА$) = -7.926990890621962
correctionProbability (#ПРЕПОРАТАМИ$ -> #ПРЕПАРАТАМИ$) = -22.57871883063016
correctionProbability (#SHAMSHAN$ -> #SHAMSHYAN$) = -20.476028741325692
correctionProbability (#ZOLFEST$ -> #COLDEST$) = -91.5060749013773
correctionProbability (#ИНДАМЕТАЦИН$ -> #ИНДОМЕТАЦИН$) = -22.045677491907114
correctionProbability (#ОЛЬГ$ -> #ОЛЬГА$) = -7.940781620261102
correctionProbability (#ЛАУЧЕР$ -> #ЛАУНЧЕР$) = -14.763059051017969
correctionProbability (#ДВИГАЕТЬСЯ$ -> #ДВИГАЕТСЯ$) = -23.516577229674255
correctionProbability (#КЕЗЕН$ -> #КЕЗЕҢ$) = -20.956599994407203
correctionProbability (#ОПРЕДИЛИТЕЛЬ$ -> #ОПРЕДЕЛИТЕЛЬ$) = -21.516504012656718
correctionProbability (#ИКСПЕРИА$ -> #ИКСПЕРИЯ$) = -19.200441604912577
correctionProbability (#РОЗЕТКК$ -> #РОЗЕТКА$) = -12.939962501372875
correctionProbability (#НАПРАВОЕНИЯ$ -> #НАПРАВЛЕНИЯ$) = -16.916723528641583
correctionProbability (#ОПСТАВИТЬ$ -> #ПОСТАВИТЬ$) = -80.63265685082578
correctionProbability (#ПИТЕРЕСТ$ -> #ПИНТЕРЕСТ$) = -15.405664192411933
correctionProbability (#РАМОТНО$ -> #ГРАМОТНО$) = -19.029709429428713
correctionProbability (#FESEBOOK$ -> #FACEBOOK$) = -74.12194514129038
correctionProbability (#САККУРА$ -> #САКУРА$) = -16.437281918583974
correctionProbability (#ЗАРЕЖАЕТ$ -> #ЗАРЯЖАЕТСЯ$) = -149.62767779247756
correctionProbability (#РОЗЕТКП$ -> #РОЗЕТКА$) = -12.92757844217315
correctionProbability (#ТУРКМАНИСТАН$ -> #ТУРКМЕНИСТАН$) = -22.270556885570947
correctionProbability (#ТОПЛЕВО$ -> #ТОПЛИВО$) = -15.930231858592322
correctionProbability (#ИСПАНИИИ$ -> #ИСПАНИИ$) = -15.107356662944014
correctionProbability (#PENSIL$ -> #PENCIL$) = -18.866626727777156
correctionProbability (#FUNMARK$ -> #FURMARK$) = -20.65244701088774
correctionProbability (#МОЛОДИХ$ -> #МОЛОДЫХ$) = -12.569394333468892
correctionProbability (#ДЕТМИ$ -> #ДЕТЬМИ$) = -10.514979949546596
correctionProbability (#ESSENSE$ -> #ESSENCE$) = -18.405965365847642
correctionProbability (#МЕХАННИКИ$ -> #МЕХАНИКИ$) = -19.406848666860547
correctionProbability (#КАРПОРАТИВЕ$ -> #КОРПОРАТИВЕ$) = -22.300078931304753
correctionProbability (#ПЕРЕГАРАЕТ$ -> #ПЕРЕГОРАЕТ$) = -23.856420055577118
correctionProbability (#SANNY$ -> #SUNNY$) = -15.812415859511606
correctionProbability (#UNLOK$ -> #UNLOCK$) = -17.49927809008317
correctionProbability (#ЖУПНАЛ$ -> #ЖУРНАЛ$) = -8.23895896251085
correctionProbability (#ПРИЛОГАТЕЛЬНЫЕ$ -> #ПРИЛАГАТЕЛЬНЫЕ$) = -23.481671167243448
correctionProbability (#ПИСУАРА$ -> #ПИССУАРА$) = -24.072557807298736
correctionProbability (#СЕЛЮШЕН$ -> #СОЛЮШЕН$) = -17.18237469986971
correctionProbability (#ИГРАТЬЬ$ -> #ИГРАТЬ$) = -8.257496067168724
correctionProbability (#МИРАО$ -> #МИРА$) = -8.361749534931608
correctionProbability (#ЯНДЕХС$ -> #ЯНДЕКС$) = -2.252554914440619
correctionProbability (#ЯННТАРЬ$ -> #ЯНТАРЬ$) = -17.37948614600396
correctionProbability (#КИПРИЯНА$ -> #КИПРИАНА$) = -22.00947528724665
correctionProbability (#ДЕГО$ -> #ЛЕГО$) = -7.290940759650088
correctionProbability (#ВАЦАПП$ -> #ВАЦАП$) = -13.469826758342332
correctionProbability (#SXSI$ -> #SEXSI$) = -17.92079979687944
correctionProbability (#ЗАГЗ$ -> #ЗАГС$) = -11.777495747202597
correctionProbability (#ВИГОТОВЛЕНЯ$ -> #ВИГОТОВЛЕННЯ$) = -25.035407104230423
correctionProbability (#РОСЕЕСТР$ -> #РОСРЕЕСТР$) = -13.431657180851381
correctionProbability (#ОЛЗ$ -> #ОЛХ$) = -6.103638731517247
correctionProbability (#БЕСПРЕЛЕЛ$ -> #БЕСПРЕДЕЛ$) = -13.989395141105376
correctionProbability (#ЗОПАРК$ -> #ЗООПАРК$) = -14.300878580391498
correctionProbability (#ТОННИ$ -> #ТОНИ$) = -13.913652868654399
correctionProbability (#ЬАЗА$ -> #БАЗА$) = -8.282807600020277
correctionProbability (#ВАЗЕКТОМИЯ$ -> #ВАЗЭКТОМИЯ$) = -22.97145690534031
correctionProbability (#КАРЛИЦАМИ$ -> #КАРЛИКАМИ$) = -22.077248470543275
correctionProbability (#БОНГМА$ -> #БОНГА$) = -15.757384924024425
correctionProbability (#ПЕРЕРБУРГ$ -> #ПЕТЕРБУРГ$) = -11.394127211449046
correctionProbability (#СЛРВАМИ$ -> #СЛОВАМИ$) = -11.605608218890282
correctionProbability (#ОЛГ$ -> #ОЛЕГ$) = -9.121585558726
correctionProbability (#ИМТИМНОЕ$ -> #ИНТИМНОЕ$) = -19.721702516254425
correctionProbability (#СМОТРЕТЬБ$ -> #СМОТРЕТЬ$) = -4.917609895986706
correctionProbability (#КПРТИНКА$ -> #КАРТИНКА$) = -7.288948792876475
correctionProbability (#ПРОГРАА$ -> #ПРОГРАММА$) = -74.53071926928811
correctionProbability (#СЕИАЛЫ$ -> #СЕРИАЛЫ$) = -8.093628261944957
correctionProbability (#CLASSROM$ -> #CLASSROOM$) = -19.441297697448583
correctionProbability (#ДИВЕДЕНТЫ$ -> #ДИВИДЕНДЫ$) = -82.04880285379458
correctionProbability (#PLAG$ -> #PLUG$) = -16.858955973096077
correctionProbability (#ПОКАЯННИЙ$ -> #ПОКАЯННЫЙ$) = -21.64315791943124
correctionProbability (#ТНЛАЙН$ -> #ОНЛАЙН$) = -0.6762401004359511
correctionProbability (#ДАДУШК$ -> #ДЕДУШКА$) = -79.52199946349448
correctionProbability (#CARKAM$ -> #CARCAM$) = -20.312113070937396
correctionProbability (#ПОЧЬТА$ -> #ПОЧТА$) = -6.358790969255299
correctionProbability (#ИНДЕНЕР$ -> #ИНЖЕНЕР$) = -12.867812997416685
correctionProbability (#ПРЕМИНЕНИЯ$ -> #ПРИМЕНЕНИЯ$) = -81.53487821692045
correctionProbability (#РИСОНОК$ -> #РИСУНОК$) = -6.597535166724512
correctionProbability (#КЭРОЛЛ$ -> #КЭРРОЛЛ$) = -21.8106848973092
correctionProbability (#РОССОШЕ$ -> #РОССОШИ$) = -19.410148153661225
correctionProbability (#СКЗКА$ -> #СКАЗКА$) = -8.906911810349843
correctionProbability (#ТЕСТОВЫ$ -> #ТЕСТОВЫЙ$) = -18.516273131303116
correctionProbability (#КАЛИНГРАДСКАЯ$ -> #КАЛИНИНГРАДСКАЯ$) = -87.82133580306333
correctionProbability (#ЗМАКОМСТВА$ -> #ЗНАКОМСТВА$) = -10.797906979189378
correctionProbability (#УВИДЕМСЯ$ -> #УВИДИМСЯ$) = -22.61329564075136
correctionProbability (#ФОТОКНИГЕ$ -> #ФОТОКНИГИ$) = -21.107984657863263
correctionProbability (#МИРАГ$ -> #МИРАЖ$) = -10.899228670530949
correctionProbability (#СОННИУ$ -> #СОННИК$) = -9.495518351455747
correctionProbability (#ИГРАТЬТ$ -> #ИГРАТЬ$) = -8.277266792421575
correctionProbability (#ЛАКАЛУТ$ -> #ЛАКАЛЮТ$) = -21.937869828578968
correctionProbability (#ВОЙЗ$ -> #ВОЙС$) = -17.982411694790333
correctionProbability (#КЛЕТОР$ -> #КЛИТОР$) = -13.838928545519206
correctionProbability (#МАРОФОН$ -> #МАРАФОН$) = -13.726590322199044
correctionProbability (#РКАМИ$ -> #РУКАМИ$) = -6.054155177845811
correctionProbability (#СПОКОНОЙ$ -> #СПОКОЙНОЙ$) = -14.629049285890623
correctionProbability (#NIKKAI$ -> #NIKKI$) = -19.815550165872505
correctionProbability (#ІХЕРБ$ -> #ИХЕРБ$) = -19.83241178299649
correctionProbability (#CLASSRUM$ -> #CLASSROOM$) = -84.18745880352233
correctionProbability (#ИФОРМАТИКА$ -> #ИНФОРМАТИКА$) = -17.181253502661647
correctionProbability (#ОДИКОЛОН$ -> #ОДЕКОЛОН$) = -19.273245863253692
correctionProbability (#АДВАНСЕТ$ -> #АДВАНСЕД$) = -21.82004582775408
correctionProbability (#ИНДУТКА$ -> #ИНДОУТКА$) = -23.305753686633352
correctionProbability (#DOCHKIZSINOCHKI$ -> #DOCHKISINOCHKI$) = -31.526055210362287
correctionProbability (#АИФОН$ -> #АЙФОН$) = -7.759825940662097
correctionProbability (#ВЕЛЕКАН$ -> #ВЕЛИКАН$) = -16.126413383311643
correctionProbability (#САУНДРЕК$ -> #САУНДТРЕК$) = -18.3782480306756
correctionProbability (#КОСТЬМ$ -> #КОСТЮМ$) = -8.479169916032706
correctionProbability (#СИБШАХТСЕРВИС$ -> #СИБШАХТОСЕРВИС$) = -40.40129512297234
correctionProbability (#РУКОВА$ -> #РУКАВА$) = -14.465333456175859
correctionProbability (#ВИРША$ -> #ВІРША$) = -17.95016059442594
correctionProbability (#СУШОНАЯ$ -> #СУШЕНАЯ$) = -18.743176920793864
correctionProbability (#КАЛЕНДАРІ$ -> #КАЛЕНДАРЬ$) = -9.564456249094818
correctionProbability (#ОАЗБОР$ -> #РАЗБОР$) = -9.92493412419643
correctionProbability (#ONLAINE$ -> #ONLINE$) = -10.756743328723008
correctionProbability (#РУКОВЕ$ -> #РУКАВЕ$) = -15.348316488392665
correctionProbability (#МАСТИВ$ -> #МАСТИФ$) = -16.756338650327105
correctionProbability (#ПИДКОВА$ -> #ПІДКОВА$) = -23.394836250218894
correctionProbability (#КОРОСТИШЕВ$ -> #КОРОСТЫШЕВ$) = -26.745085408306522
correctionProbability (#ЖУРВВЛИК$ -> #ЖУРАВЛИК$) = -19.720937859319683
correctionProbability (#ALLTI9ME$ -> #ALLTIME$) = -22.08895659347717
correctionProbability (#XHUMSTER$ -> #XHAMSTER$) = -14.58164031240618
correctionProbability (#СТРАКУ$ -> #СТРОКУ$) = -15.42258753215211
correctionProbability (#RUUSIAN$ -> #RUSSIAN$) = -13.074207979306053
correctionProbability (#БАГЫТТАРЫ$ -> #БАҒЫТТАРЫ$) = -23.072634928406195
correctionProbability (#ПЛОДЬ$ -> #ПЛОД$) = -13.76928397596004
correctionProbability (#ИФОРМАТИКЕ$ -> #ИНФОРМАТИКЕ$) = -17.3520981334063
correctionProbability (#НИНТЕНДА$ -> #НИНТЕНДО$) = -18.4530602605395
correctionProbability (#БАКТЕРИЦИДНІ$ -> #БАКТЕРИЦИДНЫЕ$) = -90.35683027360807
correctionProbability (#КОМЛЕКТЫ$ -> #КОМПЛЕКТЫ$) = -18.894171532178895
correctionProbability (#ВОДК$ -> #ВОДУ$) = -8.894315509449264
correctionProbability (#КАЛЕНДАПЬ$ -> #КАЛЕНДАРЬ$) = -9.597877184996584
correctionProbability (#ЕЙДЖ$ -> #ЭЙДЖ$) = -15.588832678393874
correctionProbability (#НАШОЛ$ -> #НАШЕЛ$) = -14.593707163067439
correctionProbability (#КАЗАХСТА$ -> #КАЗАХСТАН$) = -11.690766114136913
correctionProbability (#АРАПСКИЙ$ -> #АРАБСКИЙ$) = -16.051716063954657
correctionProbability (#AVIOBILETI$ -> #AVIABILETI$) = -23.398600114336013
correctionProbability (#ХАЛАДИЛЬНИК$ -> #ХОЛОДИЛЬНИК$) = -79.43445540028489
correctionProbability (#ЗАПИТАЯ$ -> #ЗАПЯТАЯ$) = -16.433632718557632
correctionProbability (#ВИЛИАНТ$ -> #ВАЛИАНТ$) = -22.6230186437327
correctionProbability (#ВЕДЕО$ -> #ВИДЕО$) = -1.6888568093181284
correctionProbability (#ТЕЛЕПОРТИРОВАТСЯ$ -> #ТЕЛЕПОРТИРОВАТЬСЯ$) = -31.43635048617115
correctionProbability (#ИЗУИТОВ$ -> #ИЕЗУИТОВ$) = -22.928848397753683
correctionProbability (#СВЕРХЕСТЕСТВЕННЫЕ$ -> #СВЕРХЪЕСТЕСТВЕННОЕ$) = -87.39035002502507
correctionProbability (#КАЛЕНДАРБ$ -> #КАЛЕНДАРЬ$) = -9.562174011512354
correctionProbability (#ЛЕЙСБИЯНОК$ -> #ЛЕСБИЯНОК$) = -19.887344855638396
correctionProbability (#УКАЗАНЫХ$ -> #УКАЗАННЫХ$) = -20.433374987266767
correctionProbability (#ВОДП$ -> #ВОДА$) = -7.198784577105563
correctionProbability (#ЧЕСРЕЗАЛТ$ -> #ЧЕССРЕЗАЛТ$) = -26.196743532519704
correctionProbability (#ЛАКТА$ -> #ЛАКТО$) = -20.39757034841585
correctionProbability (#КАТЕРПИЛЕР$ -> #КАТЕРПИЛЛЕР$) = -24.634986376701335
correctionProbability (#ПОССМОТРЕТЬ$ -> #ПОСМОТРЕТЬ$) = -14.119087951758019
correctionProbability (#КАРЕЛЕ$ -> #КОРЕЛЕ$) = -19.783882242594647
correctionProbability (#НЛАИН$ -> #ОНЛАЙН$) = -65.94611608428959
correctionProbability (#ДВОЧКИ$ -> #ДЕВОЧКИ$) = -9.202554599504701
correctionProbability (#ЕДИНАБОРСТВА$ -> #ЕДИНОБОРСТВА$) = -22.4101046372231
correctionProbability (#ФОМУЛИ$ -> #ФОРМУЛЫ$) = -77.24906631023578
correctionProbability (#ВОДВ$ -> #ВОДЫ$) = -6.2951479077361086
correctionProbability (#TASHKENTA$ -> #TASHKENTE$) = -22.177276989358923
correctionProbability (#КАКПЛИ$ -> #КАПЛИ$) = -12.116072889969853
correctionProbability (#АНТИПАПИЛОМОМ$ -> #АНТИПАПИЛЛОМ$) = -97.37050345203403
correctionProbability (#ЕНЩИНЫ$ -> #ЖЕНЩИНЫ$) = -8.913133744821039
correctionProbability (#HUDRA$ -> #HYDRA$) = -12.472229300532536
correctionProbability (#NTEL$ -> #INTEL$) = -12.011754998077098
correctionProbability (#ПЕРЕГАРАЮТ$ -> #ПЕРЕГОРАЮТ$) = -25.57220080303732
correctionProbability (#ГИППОАЛЕРГЕННЫЙ$ -> #ГИПОАЛЛЕРГЕННЫЙ$) = -95.72506506817601
correctionProbability (#ВИВИЕН$ -> #ВИВЬЕН$) = -16.494047678478037
correctionProbability (#ГОСТИННОЙ$ -> #ГОСТИНОЙ$) = -15.4172531607935
correctionProbability (#ВИРШИ$ -> #ВІРШІ$) = -80.18340132884889
correctionProbability (#СЬАЛКЕР$ -> #СТАЛКЕР$) = -10.164404501686448
correctionProbability (#ШТРФ$ -> #ШТРАФ$) = -11.774525097520847
correctionProbability (#СМЕШНЫЙИ$ -> #СМЕШНЫЕ$) = -76.33567200776307
correctionProbability (#ДОЛЖЕГ$ -> #ДОЛЖЕН$) = -10.72418338324761
correctionProbability (#ПУЛЕВОМУ$ -> #НУЛЕВОМУ$) = -26.459288018026257
correctionProbability (#ПЕРШОІ$ -> #ПЕРШОЇ$) = -18.741451662671654
correctionProbability (#АЧКО$ -> #ОЧКО$) = -12.847717923656536
correctionProbability (#ТХЕКВАНДО$ -> #ТХЭКВОНДО$) = -83.06735018401686
correctionProbability (#ПОДШИБНИКОВ$ -> #ПОДШИПНИКОВ$) = -18.533668587909318
correctionProbability (#ФОМУЛА$ -> #ФОРМУЛА$) = -10.03359428022398
correctionProbability (#АЛИЭКСПЕРЕСС$ -> #АЛИЭКСПРЕСС$) = -13.876446401462971
correctionProbability (#ХОЛЕСТИРИН$ -> #ХОЛЕСТЕРИН$) = -17.546080136472533
correctionProbability (#ТЕЛЕВІЗОРА$ -> #ТЕЛЕВИЗОРА$) = -15.537455145841363
correctionProbability (#СПОРТОВАРЫ$ -> #СПОРТТОВАРЫ$) = -25.300241636161147
correctionProbability (#STELA$ -> #STELLA$) = -17.654984397218332
correctionProbability (#ТУРЕТСКИ$ -> #ТУРЕЦКИЙ$) = -142.25410601831655
correctionProbability (#АНАРЕКСИИ$ -> #АНОРЕКСИИ$) = -23.031172473258408
correctionProbability (#СИМВАЛ$ -> #СИМВОЛ$) = -10.926912846474696
correctionProbability (#ЖУРАВЛИНИЙ$ -> #ЖУРАВЛИНЫЙ$) = -23.092178244407172
correctionProbability (#ВЕДЕЮ$ -> #ВИДЕО$) = -66.48609574851768
correctionProbability (#САРАТОА$ -> #САРАТОВ$) = -9.449012371981631
correctionProbability (#КПКОГО$ -> #КАКОГО$) = -8.953262551161917
correctionProbability (#САБАГЫНАН$ -> #САБАҒЫНАН$) = -24.205549473163806
correctionProbability (#УНИВЕРСАЛНЫЙ$ -> #УНИВЕРСАЛЬНЫЙ$) = -20.542293448033575
correctionProbability (#WEEB$ -> #WEB$) = -10.532582099491133
correctionProbability (#ОКЛЮЧИТЬ$ -> #ОТКЛЮЧИТЬ$) = -14.789589824050715
correctionProbability (#ПРОМТИТУТКИ$ -> #ПРОСТИТУТКИ$) = -14.345815042394477
correctionProbability (#ГЕНЕРАЛИСИМУС$ -> #ГЕНЕРАЛИССИМУС$) = -30.065114338449987
correctionProbability (#ЕСТОНІЇ$ -> #ІСПАНІЇ$) = -151.44604574286345
correctionProbability (#ЗАРАБАТОК$ -> #ЗАРАБОТОК$) = -11.374881229140307
correctionProbability (#MOLDINCOMBANC$ -> #MOLDINCOMBANK$) = -30.677298925084713
correctionProbability (#ЗАЧИСЛЯТЬ$ -> #НАЧИСЛЯТЬ$) = -20.781164143639295
correctionProbability (#ГОЛВЫЕ$ -> #ГОЛЫЕ$) = -9.005552426627762
correctionProbability (#1198S$ -> #1198$) = -23.213718735892726
correctionProbability (#ИГРУШЕ$ -> #ИГРУШЕК$) = -12.187090636598498
correctionProbability (#АЛЬЭКСПРЕСС$ -> #АЛИЭКСПРЕСС$) = -11.408685905816029
correctionProbability (#ЧЕРЕМУШНОЕ$ -> #ЧЕРЕМОШНОЕ$) = -35.76699112047972
correctionProbability (#КОПЧЕННОЙ$ -> #КОПЧЕНОЙ$) = -19.954897251888326
correctionProbability (#БЕЛОКАЧАННАЯ$ -> #БЕЛОКОЧАННАЯ$) = -25.59547529964609
correctionProbability (#АКОММУЛЯТОР$ -> #АККУМУЛЯТОР$) = -79.96022010953347
correctionProbability (#ШАРАРАРМ$ -> #ШАРАРАМ$) = -16.626562285302334
correctionProbability (#КУРГАГЕ$ -> #КУРГАНЕ$) = -13.693245121404964
correctionProbability (#RHOADS$ -> #RHOADES$) = -19.359148816920055
correctionProbability (#РЕКЦИЯ$ -> #РЕАКЦИЯ$) = -14.526440256849234
correctionProbability (#ГОСКОП$ -> #ГОРОСКОП$) = -75.20082481976262
correctionProbability (#РАЛИО$ -> #РАДИО$) = -5.103421717903654
correctionProbability (#АВТОЗАВОДСТКА$ -> #АВТОЗАВОДСКАЯ$) = -91.56685814557879
correctionProbability (#ДИФИЦИТ$ -> #ДЕФИЦИТ$) = -17.83949748894156
correctionProbability (#ПОЗНЯЯ$ -> #ПОЗДНЯЯ$) = -15.909817510166036
correctionProbability (#BRATHER$ -> #BROTHER$) = -14.242501975283218
correctionProbability (#CRISTALBET$ -> #CRYSTALBET$) = -21.19503314254336
correctionProbability (#МУРЗЛКА$ -> #МУРЗИЛКА$) = -22.041278679030214
correctionProbability (#КОМПАМПАНИЯ$ -> #КОМПАНИЯ$) = -147.28628279796592
correctionProbability (#ВЫИТИ$ -> #ВЫЙТИ$) = -11.593079512236816
correctionProbability (#NILLS$ -> #NULLS$) = -16.349617643950378
correctionProbability (#ДЖАХАРИ$ -> #ДЖОХАРИ$) = -25.139577873850286
correctionProbability (#ГОНЧЕ$ -> #ГОНЧЕЙ$) = -19.364063235128118
correctionProbability (#КОМИСАРОВОЙ$ -> #КОМИССАРОВОЙ$) = -32.11019426865621
correctionProbability (#ВИРШЫ$ -> #ВІРШІ$) = -80.19100976724675
correctionProbability (#КАМЕНЬЩИКИ$ -> #КАМЕНЩИКИ$) = -26.394922388174535
correctionProbability (#МПССАЖ$ -> #МАССАЖ$) = -8.372956672786625
correctionProbability (#ГЕЛЕК$ -> #ГЕЛИК$) = -13.602848525498079
correctionProbability (#ПРЕВАТ$ -> #ПРИВАТ$) = -10.93743890261877
correctionProbability (#СТЕДЯННОЙ$ -> #СТЕКЛЯННОЙ$) = -84.362114796361
correctionProbability (#ВАТААРА$ -> #ВАТАВАРА$) = -34.3249855668996
correctionProbability (#ОБЪКТОВ$ -> #ОБЪЕКТОВ$) = -14.815362492420732
correctionProbability (#СМОТРЕТИЬ$ -> #СМОТРЕТЬ$) = -4.867107085358752
correctionProbability (#СЕКРИТАРША$ -> #СЕКРЕТАРША$) = -20.08292907771753
correctionProbability (#MODAUT$ -> #MADOUT$) = -84.22783537048403
correctionProbability (#РКБЕНКА$ -> #РЕБЕНКА$) = -8.225245740010124
correctionProbability (#СТОИМОСТТ$ -> #СТОИМОСТЬ$) = -9.366112996318215
correctionProbability (#ЛЕНЯЕ$ -> #ЛИНЯЕТ$) = -85.78261524941134
correctionProbability (#ПРОЦЕН$ -> #ПРОЦЕНТ$) = -13.811323983215715
correctionProbability (#ЕКАТАЛО$ -> #ЕКАТАЛОГ$) = -18.498007104408863
correctionProbability (#КРОПИВА$ -> #КРАПИВА$) = -17.79946534396936
correctionProbability (#ГОТИНИЦА$ -> #ГОСТИНИЦА$) = -13.699861538214385
correctionProbability (#NVIDIO$ -> #NVIDIA$) = -11.898341008632496
correctionProbability (#OACKS$ -> #PACKS$) = -20.353053563917346
correctionProbability (#ОРКСЕ$ -> #ОРКСЭ$) = -15.814263572160176
correctionProbability (#ШАРІКИ$ -> #ШАРИКИ$) = -8.864309038364208
correctionProbability (#ПЕКПНЕС$ -> #ПЕКИНЕС$) = -19.086016126126488
correctionProbability (#СААТЬ$ -> #СКАЧАТЬ$) = -68.4286726817213
correctionProbability (#НЕСВОЕВРЕМЕНУЮ$ -> #НЕСВОЕВРЕМЕННУЮ$) = -27.211121729818373
correctionProbability (#ЛИОНАРДО$ -> #ЛЕОНАРДО$) = -12.30610011866684
correctionProbability (#КОСМАНАВТ$ -> #КОСМОНАВТ$) = -16.159782235088848
correctionProbability (#КОНТИНЕНТИ$ -> #КОНТИНЕНТЕ$) = -23.093858619598556
correctionProbability (#ТРИЦЫКЛ$ -> #ТРИЦИКЛ$) = -19.372508375429575
correctionProbability (#МАССЖ$ -> #МАССАЖ$) = -8.935385826521252
correctionProbability (#СПИНЕРЫ$ -> #СПИННЕРЫ$) = -21.3030422938631
correctionProbability (#CCLENER$ -> #CCLEANER$) = -16.213140854268744
correctionProbability (#СОТРУДНТК$ -> #СОТРУДНИК$) = -16.809367711295643
correctionProbability (#ХЕППИВИАР$ -> #ХЕППИВЕАР$) = -18.684985673792447
correctionProbability (#ПЦИЦА$ -> #ПТИЦА$) = -9.429803725033626
correctionProbability (#ПРОЦЕС$ -> #ПРОЦЕСС$) = -13.832055942312508
correctionProbability (#МОСКВВ$ -> #МОСКВЫ$) = -6.482246068407996
correctionProbability (#КРЕСЦА$ -> #КРЕСТЦА$) = -22.052095517571992
correctionProbability (#БАЛЕНСЬЯГА$ -> #БАЛЕНСИАГА$) = -86.53536308626575
correctionProbability (#GILF$ -> #MILF$) = -11.429447271038693
correctionProbability (#ПИШУТЬСЯ$ -> #ПИШУТСЯ$) = -20.72287480670643
correctionProbability (#ОЛИМПМАДЫ$ -> #ОЛИМПИАДЫ$) = -15.500883522607182
correctionProbability (#КОРПАРОТИВ$ -> #КОРПОРАТИВ$) = -82.55059524524185
correctionProbability (#ДИНАМ$ -> #ДИНАМО$) = -10.907797825698626
correctionProbability (#ПОДУЧИТЬ$ -> #ПОЛУЧИТЬ$) = -11.072009121136368
correctionProbability (#РАССКАЩЫ$ -> #РАССКАЗЫ$) = -10.67728013746872
correctionProbability (#КККОЙ$ -> #КАКОЙ$) = -5.599432807273097
correctionProbability (#RAYN$ -> #RYAN$) = -81.24864825678172
correctionProbability (#РАИОНЕ$ -> #РАЙОНЕ$) = -9.353797768543767
correctionProbability (#ДЕСЯТ$ -> #ДЕСЯТЬ$) = -14.725755380300246
correctionProbability (#ДЕАНА$ -> #ДИАНА$) = -7.901582882783927
correctionProbability (#ПОИТКА$ -> #ПЛИТКА$) = -10.342402951523471
correctionProbability (#ВЫПУСНИКОВ$ -> #ВЫПУСКНИКОВ$) = -20.5807776780033
correctionProbability (#РАСПИАСНИЕ$ -> #РАСПИСАНИЕ$) = -77.42442104671468
correctionProbability (#ВЛЕЯНИЕ$ -> #ВЛИЯНИЕ$) = -13.142214638482962
correctionProbability (#NILON$ -> #NYLON$) = -16.623943627980285
correctionProbability (#ОРУХИЕ$ -> #ОРУЖИЕ$) = -10.379608540108169
correctionProbability (#БЕЗДАЙ$ -> #БЕЗДЕЙ$) = -19.984691209642296
correctionProbability (#КЛЕНДАРЬ$ -> #КАЛЕНДАРЬ$) = -10.18031439322207
correctionProbability (#РАССАТ$ -> #ПАССАТ$) = -11.992998737066298
correctionProbability (#РОЗЛИВНОЕ$ -> #РАЗЛИВНОЕ$) = -21.848756376781928
correctionProbability (#ЭКЗЕЛЕ$ -> #ЭКСЕЛЕ$) = -14.824822962773457
correctionProbability (#КСПУСТА$ -> #КАПУСТА$) = -10.958491105079702
correctionProbability (#ГОСУДАРСТВЕННЫ$ -> #ГОСУДАРСТВЕННЫЙ$) = -20.532676330593688
correctionProbability (#ГАЩА$ -> #ГАЗА$) = -8.392566821171268
correctionProbability (#КУНІЛІНГУСОМ$ -> #КУНИЛИНГУСОМ$) = -92.65236843863056
correctionProbability (#GERLS$ -> #GIRLS$) = -9.863598118644067
correctionProbability (#КОНСЕРВИРОВАНОЙ$ -> #КОНСЕРВИРОВАННОЙ$) = -26.67903812900675
correctionProbability (#КУРОКУ$ -> #КУРОКО$) = -15.943302963127255
correctionProbability (#ШТОБ$ -> #ЧТОБЫ$) = -72.9221104156079
correctionProbability (#ООТ$ -> #ОТ$) = -4.198358997273822
correctionProbability (#WARFACA$ -> #WARFACE$) = -13.478700836954772
correctionProbability (#REALTECK$ -> #REALTEK$) = -18.630762678215405
correctionProbability (#TUECKI$ -> #TURECKI$) = -16.72690296171023
correctionProbability (#ОЕЛАЙН$ -> #ОНЛАЙН$) = -0.6495986820012867
correctionProbability (#ЗАТАР$ -> #ЗАТТАР$) = -17.950052415962777
correctionProbability (#САНОТОРНО$ -> #САНАТОРНО$) = -19.86778815135097
correctionProbability (#ПОМОЩЬНИК$ -> #ПОМОЩНИК$) = -16.46852541471207
correctionProbability (#ЗАСОДИЛ$ -> #ЗАСАДИЛ$) = -18.79163428890577
correctionProbability (#ОБЕССА$ -> #ОДЕССА$) = -9.447525629031947
correctionProbability (#ЦЫФР$ -> #ЦИФР$) = -12.081607891676587
correctionProbability (#ТИКСТУРЫ$ -> #ТЕКСТУРЫ$) = -16.702001888898117
correctionProbability (#ПАСЬЯН$ -> #ПАСЬЯНС$) = -9.198421609137121
correctionProbability (#ИДЕШ$ -> #ИДЕШЬ$) = -18.879230154838186
correctionProbability (#РЕЦЕПТВ$ -> #РЕЦЕПТЫ$) = -8.164962524206587
correctionProbability (#ОАЛАТА$ -> #ОПЛАТА$) = -10.605490353593577
correctionProbability (#КРАСОФКИ$ -> #КРОССОВКИ$) = -142.84191833831667
correctionProbability (#РЕКЦИИ$ -> #РЕАКЦИИ$) = -14.240617119817202
correctionProbability (#НАДВОДНИКА$ -> #ПОДВОДНИКА$) = -88.90071829051537
correctionProbability (#ЗАНТИЯ$ -> #ЗАНЯТИЯ$) = -12.170034714525293
correctionProbability (#АЛИЭСКПРЕСС$ -> #АЛИЭКСПРЕСС$) = -79.22391626856957
correctionProbability (#СОВЕСТКОГО$ -> #СОВЕТСКОГО$) = -84.06860908790135
correctionProbability (#FACTBOOK$ -> #FACEBOOK$) = -9.388480478669088
correctionProbability (#БЕОЫЙ$ -> #БЕЛЫЙ$) = -7.950848035714376
correctionProbability (#CАМЫЕ$ -> #САМЫЕ$) = -6.285191776581126
correctionProbability (#СЛЕЛАЛ$ -> #СДЕЛАЛ$) = -14.598391252229508
correctionProbability (#ПРСОЕ$ -> #ПОСЛЕ$) = -70.20932185879104
correctionProbability (#КОСТАРАМА$ -> #КАСТОРАМА$) = -81.43116175906849
correctionProbability (#ПРОРОСТАНИЕ$ -> #ПРОРАСТАНИЕ$) = -24.723993069029234
correctionProbability (#ИМТИМНЫХ$ -> #ИНТИМНЫХ$) = -18.94881248317764
correctionProbability (#ПАРЧЕВОГО$ -> #ПАРЧОВОГО$) = -34.78876263084824
correctionProbability (#KUNNING$ -> #CUNNING$) = -27.45413933931102
correctionProbability (#ТРАКОР$ -> #ТРАКТОР$) = -9.021811716036268
correctionProbability (#ДИРЕТИКС$ -> #ДЕРЕТИКС$) = -24.71736178527047
correctionProbability (#КРАОКЕ$ -> #КАРАОКЕ$) = -10.12579498283408
correctionProbability (#ТАБИТУРИЕНТ$ -> #АБИТУРИЕНТ$) = -26.530383833814923
correctionProbability (#СКВАЧАТЬ$ -> #СКАЧАТЬ$) = -5.019334761947851
correctionProbability (#БАГДАН$ -> #БОГДАН$) = -10.938348779805839
correctionProbability (#АИВЭЙ$ -> #АМВЕЙ$) = -77.2349823881824
correctionProbability (#РОСИЮ$ -> #РОССИЮ$) = -12.433216529927439
correctionProbability (#ЭЛЕКТРОМАНТЕР$ -> #ЭЛЕКТРОМОНТЕР$) = -22.27269502499432
correctionProbability (#ГОСУДАРСТВЕНОЙ$ -> #ГОСУДАРСТВЕННОЙ$) = -21.353092545414086
correctionProbability (#ВАРФАЙС$ -> #ВАРФЕЙС$) = -10.436186214211517
correctionProbability (#ВАЗАНИЕ$ -> #ВЯЗАНИЕ$) = -8.960048623873483
correctionProbability (#ВАРФАЙР$ -> #ВАРФАЕР$) = -17.759644563517362
correctionProbability (#КОРОСТИШИВ$ -> #КОРОСТИШІВ$) = -25.11935543166215
correctionProbability (#ОНЭ$ -> #ОГЭ$) = -7.333403474732361
correctionProbability (#CПИСОК$ -> #СПИСОК$) = -8.525638959935126
correctionProbability (#ПОСТАНВЛЕНИЕ$ -> #ПОСТАНОВЛЕНИЕ$) = -17.674428732772043
correctionProbability (#ТИМУРОВА$ -> #ТЕЙМУРОВА$) = -87.35116111207518
correctionProbability (#АСТРОГАЛ$ -> #АСТРАГАЛ$) = -20.78643381535396
correctionProbability (#РОУТОРЕ$ -> #РОУТЕРЕ$) = -18.75674265778848
correctionProbability (#KYFAR$ -> #KUFAR$) = -17.448551383456223
correctionProbability (#КРЕЛИТНАЯ$ -> #КРЕДИТНАЯ$) = -14.904623518653288
correctionProbability (#ДЕЗАЙНА$ -> #ДИЗАЙНА$) = -13.323937975279541
correctionProbability (#ЕРОТИК$ -> #ЭРОТИКА$) = -73.25783454133739
correctionProbability (#КАННАДА$ -> #КАНАДА$) = -15.055039848193612
correctionProbability (#ИДЕО$ -> #ВИДЕО$) = -2.308302901069741
correctionProbability (#ВКЛЧАЕТСЯ$ -> #ВКЛЮЧАЕТСЯ$) = -16.94104469329168
correctionProbability (#КАЛЕНДАТЬ$ -> #КАЛЕНДАРЬ$) = -9.600905493947756
correctionProbability (#РОСТЕЛЕКОИ$ -> #РОСТЕЛЕКОМ$) = -13.730759716507968
correctionProbability (#БЕШАНАА$ -> #БЕШЕНАЯ$) = -82.86793085686102
correctionProbability (#КИНГУРУМИ$ -> #КИГУРУМИ$) = -18.875431277314796
correctionProbability (#КОРШКОВА$ -> #ГОРШКОВА$) = -19.16910595186424
correctionProbability (#ПРОПЛАВИЛСЯ$ -> #ПРОСЛАВИЛСЯ$) = -25.295312640582083
correctionProbability (#НОЯБРТ$ -> #НОЯБРЬ$) = -9.474229429790622
correctionProbability (#ЗАРОРОЖЬЕ$ -> #ЗАПОРОЖЬЕ$) = -13.792907617838061
correctionProbability (#ПЕТРОПАВЛОВС$ -> #ПЕТРОПАВЛОВСК$) = -18.81624653743357
correctionProbability (#МВЙБОКС$ -> #МАЙБОКС$) = -15.801443894489154
correctionProbability (#ВОРУТА$ -> #ВОРКУТА$) = -15.872810533018395
correctionProbability (#СПОПОСОБЫ$ -> #СПОСОБЫ$) = -81.74217571260236
correctionProbability (#БЫТИ$ -> #БЫТЬ$) = -7.399160221376373
correctionProbability (#ДЭНДИ$ -> #ДЕНДИ$) = -14.346178094953043
correctionProbability (#СМАРЕТЬ$ -> #СМОТРЕТЬ$) = -67.62058745859224
correctionProbability (#OMERZITELNAJA$ -> #OMERZITELNAYA$) = -39.12224504115149
correctionProbability (#ВЫКЛЮЧАЕТЬСЯ$ -> #ВЫКЛЮЧАЕТСЯ$) = -22.908509741767972
correctionProbability (#ДЕЛАВЕР$ -> #ДЕЛАВЭР$) = -27.24400293354381
correctionProbability (#ВЕЛЕКОЛЕПНАЯ$ -> #ВЕЛИКОЛЕПНАЯ$) = -20.658009620427073
correctionProbability (#ОБЩЯГЕ$ -> #ОБЩАГЕ$) = -16.284361052342636
correctionProbability (#МИНЕНГИТ$ -> #МЕНИНГИТ$) = -83.16422172232484
correctionProbability (#ОБЩЯГА$ -> #ОБЩАГА$) = -13.18471585891611
correctionProbability (#САЛДАТЫ$ -> #СОЛДАТЫ$) = -12.656511739690615
correctionProbability (#РОУТОРА$ -> #РОУТЕРА$) = -15.946642646792185
correctionProbability (#ЗАНТИЕ$ -> #ЗАНЯТИЕ$) = -13.226170943800959
correctionProbability (#ЦЕФРОВЫХ$ -> #ЦИФРОВЫХ$) = -15.751844478646625
correctionProbability (#ПОЧТОВИЙ$ -> #ПОЧТОВЫЙ$) = -13.498620401140386
correctionProbability (#МАГНИИ$ -> #МАГНИЙ$) = -14.22791187422622
correctionProbability (#КОХАНІ$ -> #КОХАННІ$) = -26.171206853672828
correctionProbability (#ПОРТНЕР$ -> #ПАРТНЕР$) = -13.791158973859048
correctionProbability (#SX65$ -> #CX65$) = -30.77065579276588
correctionProbability (#МЕСЕЧНЫЕ$ -> #МЕСЯЧНЫЕ$) = -15.307193114412321
correctionProbability (#РОУТОРУ$ -> #РОУТЕРУ$) = -20.576351096898954
correctionProbability (#АРЕШКИН$ -> #ОРЕШКИН$) = -20.00703400693925
correctionProbability (#ТОАДИЦИОННЫЙ$ -> #ТРАДИЦИОННЫЙ$) = -23.383489056928795
correctionProbability (#САЛДАТА$ -> #СОЛДАТА$) = -15.16517980411836
correctionProbability (#ВОЕД$ -> #ВРЕД$) = -9.028678189575782
correctionProbability (#ЧОЙЗ$ -> #ЧОЙС$) = -18.792162617891687
correctionProbability (#ДЕКТАНТ$ -> #ДИКТАНТ$) = -11.927081043214855
correctionProbability (#ПОЛНИЙ$ -> #ПОЛНЫЙ$) = -10.150586586462854
correctionProbability (#ПАКУПАТЬ$ -> #ПОКУПАТЬ$) = -15.092762158220452
correctionProbability (#АГЕНСТО$ -> #АГЕНТСТВО$) = -78.80622162213733
correctionProbability (#БАЛОВ$ -> #БАЛЛОВ$) = -15.109242270194624
correctionProbability (#ПАБОТЫ$ -> #РАБОТЫ$) = -6.865295904289869
correctionProbability (#ПАБОТУ$ -> #РАБОТУ$) = -9.028576149839022
correctionProbability (#GASHA$ -> #GACHA$) = -15.159180146919713
correctionProbability (#ПОСТРИЧЬСЯ$ -> #ПОДСТРИЧЬСЯ$) = -24.39896258204695
correctionProbability (#D0OCHKISINOCHKI$ -> #DOCHKISINOCHKI$) = -31.52701106194776
correctionProbability (#КЛОУД$ -> #КЛАУД$) = -17.489225281168107
correctionProbability (#ОКАЛТНА$ -> #ОКАЛИНА$) = -23.826954688692346
correctionProbability (#АЗАТКИ$ -> #АЗИАТКИ$) = -15.040927760355594
correctionProbability (#ПИТЕВОЙ$ -> #ПИТЬЕВОЙ$) = -17.195312326659526
correctionProbability (#ПОЛНИЕ$ -> #ПОЛНЫЕ$) = -13.263388908372267
correctionProbability (#АКЦИИИ$ -> #АКЦИИ$) = -9.688428431266292
correctionProbability (#ПЕТРОПАВЛОВК$ -> #ПЕТРОПАВЛОВСК$) = -18.761136424916685
correctionProbability (#ДЕЛОВЫ$ -> #ДЕЛОВЫЕ$) = -13.086294034284876
correctionProbability (#ПРЕЗЕНТАТСИЯ$ -> #ПРЕЗЕНТАЦИЯ$) = -79.35656899500745
correctionProbability (#НИКАТИН$ -> #НИКОТИН$) = -16.814841741802404
correctionProbability (#УБИЙСВО$ -> #УБИЙСТВО$) = -12.975075167901537
correctionProbability (#РУЛТКА$ -> #РУЛЕТКА$) = -12.355159218550327
correctionProbability (#РАССАЗ$ -> #РАССКАЗ$) = -11.016622863507322
correctionProbability (#СЕНСАМИ$ -> #СЕАНСАМИ$) = -26.38339744611322
correctionProbability (#ХИЛОВА$ -> #ХИЛОВО$) = -16.295148085335608
correctionProbability (#МУЛЬТИФИЛЬМ$ -> #МУЛЬТФИЛЬМ$) = -11.607473346985152
correctionProbability (#ИНТЕЛЕГЕНТ$ -> #ИНТЕЛЛИГЕНТ$) = -91.49959549274983
correctionProbability (#СОЕДНЯЯ$ -> #СРЕДНЯЯ$) = -11.95791943614681
correctionProbability (#IRAKIN$ -> #IRAKAN$) = -26.23264094207927
correctionProbability (#СЛУШИТЬ$ -> #СЛУШАТЬ$) = -5.170224480589679
correctionProbability (#ХЬЕГО$ -> #ХЬЮГО$) = -17.143349456823092
correctionProbability (#СЕДЛАТЬ$ -> #СДЕЛАТЬ$) = -74.04675875593013
correctionProbability (#СПИРАТЬ$ -> #СПИРАЛЬ$) = -15.575117328479621
correctionProbability (#РАССАЛ$ -> #РАССЕЛ$) = -14.477296846926794
correctionProbability (#ДОЛЖИН$ -> #ДОЛЖЕН$) = -10.668961291899091
correctionProbability (#НОЯБРК$ -> #НОЯБРЕ$) = -9.834944844810433
correctionProbability (#ВОДЯ$ -> #ВОДЫ$) = -6.300751378465055
correctionProbability (#РЕЦЕПРТ$ -> #РЕЦЕПТ$) = -8.715608102891284
correctionProbability (#ХЭЛЛУИНСКАЯ$ -> #ХЭЛЛОУИНСКАЯ$) = -26.198023358200665
correctionProbability (#СЬЮИТ$ -> #СЬЮТ$) = -21.575473107002995
correctionProbability (#МЭЙКЕР$ -> #МЕЙКЕР$) = -18.77369825379215
correctionProbability (#РОСТАТА$ -> #РОССТАТА$) = -20.11637539428309
correctionProbability (#ДРОЖЕВОЕ$ -> #ДРОЖЖЕВОЕ$) = -17.99255689505967
correctionProbability (#РАДОМШЛІ$ -> #РАДОМИШЛІ$) = -35.40666710859106
correctionProbability (#DARYOMANE$ -> #DARYOMANEY$) = -36.63215150398308
correctionProbability (#СКААТЬ$ -> #СКАЧАТЬ$) = -3.0806880234123692
correctionProbability (#ВЯТЬ$ -> #ВЗЯТЬ$) = -9.604942075661274
correctionProbability (#ДВОЧЕК$ -> #ДЕВОЧЕК$) = -8.248389118979318
correctionProbability (#ДРОЖЕВОЙ$ -> #ДРОЖЖЕВОЙ$) = -22.58312736522207
correctionProbability (#АСЕТО$ -> #АССЕТТО$) = -90.67362945310475
correctionProbability (#XINT$ -> #XIND$) = -19.0576430118517
correctionProbability (#ФОБИИИ$ -> #ФОБИИ$) = -20.998664637882545
correctionProbability (#ОМЕПРОЗОЛ$ -> #ОМЕПРАЗОЛ$) = -17.145018333771894
correctionProbability (#МАСЛР$ -> #МАСЛО$) = -7.742987249832634
correctionProbability (#ВВПЛАТЫ$ -> #ВЫПЛАТЫ$) = -12.459597009087283
correctionProbability (#ДУБНИТСКИЙ$ -> #ДУБНИЦКИЙ$) = -93.20187548254533
correctionProbability (#РАЗКАС$ -> #РАССКАЗ$) = -140.45549799246902
correctionProbability (#МОНТАНО$ -> #МОНТАНА$) = -17.012520095334907
correctionProbability (#ИМЕННИНИЦА$ -> #ИМЕНИННИЦА$) = -92.35998386940382
correctionProbability (#ЮХОТСКОЕ$ -> #ОХОТСКОЕ$) = -22.297355227775093
correctionProbability (#КАРАГНДЕ$ -> #КАРАГАНДЕ$) = -14.57312999430227
correctionProbability (#ОБЛАСЬТЬ$ -> #ОБЛАСТЬ$) = -9.932578446040466
correctionProbability (#РОСТОВАНИЕ$ -> #РАССТАВАНИЕ$) = -151.62080077339024
correctionProbability (#БЕЛАСНЕЖКА$ -> #БЕЛОСНЕЖКА$) = -16.64943950173197
correctionProbability (#КОЙНЫ$ -> #КОИНЫ$) = -21.277888719175326
correctionProbability (#ДЯДЕИ$ -> #ДЯДЕЙ$) = -19.11102006181188
correctionProbability (#STUDING$ -> #STUDYING$) = -23.224685513624813
correctionProbability (#МОЛЫШКА$ -> #МАЛЫШКА$) = -14.812738903345966
correctionProbability (#КРИСТАЛИЗАЦИИ$ -> #КРИСТАЛЛИЗАЦИИ$) = -29.04009459365112
correctionProbability (#КОПЕРНАУМ$ -> #КАПЕРНАУМ$) = -20.382164030862747
correctionProbability (#АЛИЛЛУЙЯ$ -> #АЛЛИЛУЙЯ$) = -86.81711919667163
correctionProbability (#БАНЬКП$ -> #БАНЬКА$) = -15.627515211966436
correctionProbability (#КИНОТАТР$ -> #КИНОТЕАТР$) = -11.9048425053794
correctionProbability (#ТАНСПОЛ$ -> #ТАНЦПОЛ$) = -17.413005065564818
correctionProbability (#АККУСТИКИ$ -> #АКУСТИКИ$) = -22.095532344791273
correctionProbability (#ОБРАЗОАНИЯ$ -> #ОБРАЗОВАНИЯ$) = -14.020697342066633
correctionProbability (#КОНРОЛЯ$ -> #КОНТРОЛЯ$) = -14.193174777573525
correctionProbability (#ПРИУЧИТ$ -> #ПРИУЧИТЬ$) = -17.64782606566296
correctionProbability (#АКЬЯР$ -> #АКЪЯР$) = -19.790852071333543
correctionProbability (#РАБОТУЮТ$ -> #РАБОТАЮТ$) = -14.93388596852325
correctionProbability (#БАРБАРОСА$ -> #БАРБАРОССА$) = -23.61584997762789
correctionProbability (#IRKUTSKI$ -> #IRKUTSK$) = -26.20388308909392
correctionProbability (#РУКАВОДСТВА$ -> #РУКОВОДСТВА$) = -22.13266705090328
correctionProbability (#СТНДОФФ$ -> #СТАНДОФФ$) = -15.148184113028286
correctionProbability (#МЕЖДУНАРОДНИЙ$ -> #МЕЖДУНАРОДНЫЙ$) = -18.782960962358715
correctionProbability (#ЖИВОТНВХ$ -> #ЖИВОТНЫХ$) = -9.518085871324416
correctionProbability (#СНАХОЙ$ -> #СНОХОЙ$) = -22.06638538259294
correctionProbability (#НЕЗАБУТКА$ -> #НЕЗАБУДКА$) = -15.811073728662016
correctionProbability (#СЕМФИПОЛЯ$ -> #СИМФЕРОПОЛЯ$) = -212.56776087017582
correctionProbability (#ПРЫЖЕК$ -> #ПРЫЖОК$) = -14.894161725768424
correctionProbability (#FECE$ -> #FACE$) = -8.579366198399079
correctionProbability (#РАСШИРЕНЫЕ$ -> #РАСШИРЕННЫЕ$) = -24.028311407429726
correctionProbability (#ХОЛЕЦЕСТИТ$ -> #ХОЛЕЦИСТИТ$) = -20.208341415825622
correctionProbability (#ТРОМБОАС$ -> #ТРОМБОАСС$) = -25.29712985145472
correctionProbability (#ЭРОТИЧЕКИЙ$ -> #ЭРОТИЧЕСКИЙ$) = -16.342199421870504
correctionProbability (#ПАБОТА$ -> #РАБОТА$) = -4.982222112663045
correctionProbability (#СЕМЕНОЙ$ -> #СЕМЕЙНОЙ$) = -17.578059638390634
correctionProbability (#TRANLATE$ -> #TRANSLATE$) = -13.909893180960246
correctionProbability (#КОНФЕРНЕЦИЯ$ -> #КОНФЕРЕНЦИЯ$) = -84.94954368308626
correctionProbability (#БЕЛГИИ$ -> #БЕЛЬГИИ$) = -17.979773758108507
correctionProbability (#КОНСТАНИН$ -> #КОНСТАНТИН$) = -15.13002439518727
correctionProbability (#ЬРУЖИЕ$ -> #ОРУЖИЕ$) = -10.444806618791905
correctionProbability (#TRIPMTDREAM$ -> #TRIPMYDREAM$) = -21.2974639926031
correctionProbability (#КИРИЛЕ$ -> #КИРИЛЛЕ$) = -22.25930039464633
correctionProbability (#РАСШИРЕНЫЙ$ -> #РАСШИРЕННЫЙ$) = -23.63587048703309
correctionProbability (#ИЗПОЛЬЗОВАТЬ$ -> #ИСПОЛЬЗОВАТЬ$) = -17.251858719606098
correctionProbability (#МАРОЗА$ -> #МОРОЗА$) = -12.986752402870682
correctionProbability (#ЖМИРАТАХ$ -> #ЭМИРАТАХ$) = -18.103244574423897
correctionProbability (#ВИНЕГЕРТ$ -> #ВИНЕГРЕТ$) = -84.5369468089952
correctionProbability (#ПОАВДА$ -> #ПРАВДА$) = -9.797592036196452
correctionProbability (#НООВОСТИ$ -> #НОВОСТИ$) = -6.740089818879966
correctionProbability (#ЛЮЛМИЛА$ -> #ЛЮДМИЛА$) = -11.492740998012628
correctionProbability (#РОЛУЧИТЬ$ -> #ПОЛУЧИТЬ$) = -11.065387547044686
correctionProbability (#РИНЕТТА$ -> #РИНИТА$) = -87.60938041864975
correctionProbability (#КРАСИВЫ$ -> #КРАСИВЫЕ$) = -7.97779683400271
correctionProbability (#ПРОРОСТАНИЯ$ -> #ПРОРАСТАНИЯ$) = -24.16022466814188
correctionProbability (#ВИЛЬЕМ$ -> #ВИЛЬЯМ$) = -17.999028886950786
correctionProbability (#EDITON$ -> #EDITION$) = -13.65522418042675
correctionProbability (#РЕЦЕПТТ$ -> #РЕЦЕПТ$) = -8.701176543803737
correctionProbability (#БЫЛР$ -> #БЫЛО$) = -8.546524202305307
correctionProbability (#ДЕТЕЦ$ -> #ДЕТЕЙ$) = -3.5187760603580713
correctionProbability (#ЗАРАБАТКА$ -> #ЗАРАБОТКА$) = -14.139223379309776
correctionProbability (#SEKEISH$ -> #SEKIS$) = -83.28890643009618
correctionProbability (#УСПАКОИТЬ$ -> #УСПОКОИТЬ$) = -20.00024408050625
correctionProbability (#ОЦИНЮВАННЯ$ -> #ОЦІНЮВАННЯ$) = -22.84571528292676
correctionProbability (#КРАСИВЯ$ -> #КРАСИВАЯ$) = -11.404070520151073
correctionProbability (#BILAYN$ -> #BILAIN$) = -21.11315018084073
correctionProbability (#КРАСНОДАРП$ -> #КРАСНОДАРА$) = -15.314239908838623
correctionProbability (#ОТЗФВЫ$ -> #ОТЗЫВЫ$) = -4.845237598366882
correctionProbability (#АЬЕТНАМ$ -> #ВЬЕТНАМ$) = -12.916076213958576
correctionProbability (#ЖНЕМ$ -> #ДНЕМ$) = -4.193145297421406
correctionProbability (#CORPARATION$ -> #CORPORATION$) = -21.961968628984877
correctionProbability (#РОЖДЕННИЕ$ -> #РОЖДЕНИЕ$) = -15.454841163727636
correctionProbability (#ДУШЕЙ$ -> #ДУШОЙ$) = -16.303511220047735
correctionProbability (#ХАРАКТЕРИТИКА$ -> #ХАРАКТЕРИСТИКА$) = -17.643792593001905
correctionProbability (#КИЇВОДОКАНАЛ$ -> #КИЇВВОДОКАНАЛ$) = -29.259059000722743
correctionProbability (#СУБУРГА$ -> #СУБУРГАН$) = -34.43342843651333
correctionProbability (#КРАСИВУ$ -> #КРАСИВУЮ$) = -15.384377710252188
correctionProbability (#ЛЕШИТЬ$ -> #ЛИШИТЬ$) = -18.62437891082236
correctionProbability (#ЫАБРИКА$ -> #ФАБРИКА$) = -10.80152865258166
correctionProbability (#ОСТАВТЕ$ -> #ОСТАВЬТЕ$) = -22.53110382107257
correctionProbability (#ПРОВАДОВ$ -> #ПРОВОДОВ$) = -15.463815033481723
correctionProbability (#ПРОДОМ$ -> #ПРОДАМ$) = -11.4698400493814
correctionProbability (#РОСТОВАНИЯ$ -> #РАССТАВАНИЯ$) = -152.31970890048936
correctionProbability (#АДИНОК$ -> #ОДИНОК$) = -19.156100266255248
correctionProbability (#ОПИСНИЕ$ -> #ОПИСАНИЕ$) = -10.652059088306729
correctionProbability (#ЗОЛАТА$ -> #ЗОЛОТА$) = -11.735284576846762
correctionProbability (#ХЕРОКС$ -> #КСЕРОКС$) = -84.15786442348265
correctionProbability (#BJX$ -> #BOX$) = -10.904332503152506
correctionProbability (#ХЕРСОНСКПЯ$ -> #ХЕРСОНСКАЯ$) = -22.31575979270857
correctionProbability (#СУХАРЕКИ$ -> #СУХАРИКИ$) = -18.60632640632695
correctionProbability (#ЭФОРИЯ$ -> #ЭЙФОРИЯ$) = -14.955095059101794
correctionProbability (#КУЛИКОКОВКЕ$ -> #КУЛИКОВКЕ$) = -98.53399915734276
correctionProbability (#XNNXX$ -> #XNXX$) = -11.229451158315495
correctionProbability (#СЕРИДИНЕ$ -> #СЕРЕДИНЕ$) = -16.86617781648593
correctionProbability (#ЭКСПЕРЕМЕНТАЛЬНЫЕ$ -> #ЭКСПЕРИМЕНТАЛЬНЫЕ$) = -32.540126251902336
correctionProbability (#КОРОШЬ$ -> #КОРОЛЬ$) = -7.921999082705096
correctionProbability (#ППОРНОХАБ$ -> #ПОРНОХАБ$) = -16.32947462109029
correctionProbability (#РКБЕНОК$ -> #РЕБЕНОК$) = -10.298157155322471
correctionProbability (#ПАНКРЕОТИТЕ$ -> #ПАНКРЕАТИТЕ$) = -20.05053067558866
correctionProbability (#ПРСЛЕ$ -> #ПОСЛЕ$) = -5.445716512594885
correctionProbability (#PITBUL$ -> #PITBULL$) = -18.389712477329624
correctionProbability (#КРАСИВЙ$ -> #КРАСИВЫЙ$) = -11.567324034231035
correctionProbability (#ДЕАТЬ$ -> #ДЕЛАТЬ$) = -7.749864252081924
correctionProbability (#MPE3$ -> #MP3$) = -9.598114530263796
correctionProbability (#БАРБОСКІНИ$ -> #БАРБОСКИНЫ$) = -76.9697389888389
correctionProbability (#ДЖАТЕЛЬ$ -> #ДЕРЖАТЕЛЬ$) = -82.13919243923743
correctionProbability (#КРИСТАЛИЗАЦИЯ$ -> #КРИСТАЛЛИЗАЦИЯ$) = -28.701302337393727
correctionProbability (#РВКЕ$ -> #РУКЕ$) = -10.522489156336238
correctionProbability (#МУДЬТФИЛЬМЫ$ -> #МУЛЬТФИЛЬМЫ$) = -11.335180020992837
correctionProbability (#ZOOSKOL$ -> #ZOOSKOOL$) = -19.77393730562782
correctionProbability (#СЦЕГА$ -> #СЦЕНА$) = -12.185062782911505
correctionProbability (#КАЛИНИНРАД$ -> #КАЛИНИНГРАД$) = -13.848765927797999
correctionProbability (#ВОПРОМЫ$ -> #ВОПРОСЫ$) = -11.356076132679135
correctionProbability (#ТЕХОРЕЦК$ -> #ТИХОРЕЦК$) = -17.201920696448376
correctionProbability (#АСИНИЗАТОР$ -> #АССЕНИЗАТОР$) = -89.92857564265285
correctionProbability (#ЛОРОК$ -> #ЛОРАК$) = -11.418080929310012
correctionProbability (#SCANDIK$ -> #SCANDIC$) = -23.6381980993049
correctionProbability (#КАПИЛЯР$ -> #КАПИЛЛЯР$) = -24.187502623856837
correctionProbability (#ПУНАЧЕВА$ -> #ПУГАЧЕВА$) = -13.687236535899707
correctionProbability (#ЧТОИМОСТЬ$ -> #СТОИМОСТЬ$) = -9.406631858389787
correctionProbability (#ЖАНҒЫРУ$ -> #ЖАҢҒЫРУ$) = -15.955294536979494
correctionProbability (#ЭКСПЕРЕМЕНТАЛЬНЫЙ$ -> #ЭКСПЕРИМЕНТАЛЬНЫЙ$) = -30.98952885436333
correctionProbability (#ВАКВНСИИ$ -> #ВАКАНСИИ$) = -8.197178914243729
correctionProbability (#VINDOWS$ -> #WINDOWS$) = -8.766845737986259
correctionProbability (#ОПОЧЕСКИЙ$ -> #ОПОЧЕЦКИЙ$) = -27.421463024548785
correctionProbability (#СТРАНВ$ -> #СТРАНЫ$) = -10.319789266568815
correctionProbability (#РОЖДЕННИЯ$ -> #РОЖДЕНИЯ$) = -9.130151528389547
correctionProbability (#КОСТЮС$ -> #КОСТЮМ$) = -8.496650391029771
correctionProbability (#ЗАДНИТСА$ -> #ЗАДНИЦА$) = -85.7723306961928
correctionProbability (#МУЛЬТВАРКИ$ -> #МУЛЬТИВАРКИ$) = -21.1685652980743
correctionProbability (#КТОРОМ$ -> #КОТОРОМ$) = -14.081193813804063
correctionProbability (#САЙДИН$ -> #САЙДИНГ$) = -15.613563734105249
correctionProbability (#ЧЕЛЯБИНК$ -> #ЧЕЛЯБИНСК$) = -10.83491930627558
correctionProbability (#ВОВО$ -> #ВОВ$) = -10.44197637537965
correctionProbability (#ОРОДСКАЯ$ -> #ГОРОДСКАЯ$) = -15.073675702505483
correctionProbability (#СУРАКТАРГА$ -> #СҰРАҚТАРҒА$) = -155.71679302479205
correctionProbability (#АЙЗИК$ -> #АЙЗЕК$) = -16.57006916252735
correctionProbability (#КРАКА$ -> #КРАСКА$) = -10.743768255101205
correctionProbability (#ЗАГОВОРИ$ -> #ЗАГОВОРЫ$) = -17.377165898350405
correctionProbability (#ФІШИНГ$ -> #ФИШИНГ$) = -16.56721318877044
correctionProbability (#ЛАЙФАКИ$ -> #ЛАЙФХАКИ$) = -14.671999024301634
correctionProbability (#САНОТОРИЯ$ -> #САНАТОРИЯ$) = -17.256723883445055
correctionProbability (#ASHK$ -> #ASK$) = -15.107665546755353
correctionProbability (#БОНГОКАМС$ -> #БОНГАКАМС$) = -15.68373616564709
correctionProbability (#ЧЕРРОГОРИЯ$ -> #ЧЕРНОГОРИЯ$) = -17.660539732445308
correctionProbability (#ДЕЛОЕТ$ -> #ДЕЛАЕТ$) = -12.077757662507917
correctionProbability (#POIMELL$ -> #POIMEL$) = -19.803616928773035
correctionProbability (#СТРАМПОНОМ$ -> #СТРАПОНОМ$) = -20.817074527580978
correctionProbability (#ИНВЕРТАРЬ$ -> #ИНВЕНТАРЬ$) = -16.54903737785316
correctionProbability (#CENTRCREDIT$ -> #CENTERCREDIT$) = -30.09258121303963
correctionProbability (#АНЛАЙН$ -> #ОНЛАЙН$) = -0.5667620176766199
correctionProbability (#ПОДОДРЯД$ -> #ПОДРЯД$) = -75.13613662972476
correctionProbability (#ОТСЛЕДИВАНИЕ$ -> #ОТСЛЕЖИВАНИЕ$) = -13.13959918117444
correctionProbability (#ПОГОЩА$ -> #ПОГОДА$) = -1.18045353815819
correctionProbability (#ГЕМПАД$ -> #ГЕЙМПАД$) = -18.19676054793875
correctionProbability (#МАЛИФИСЕНДА$ -> #МАЛЕФИСЕНТА$) = -78.61671343015654
correctionProbability (#ПЕТОМЦЕВ$ -> #ПИТОМЦЕВ$) = -20.53712566272499
correctionProbability (#ИНТЕРЕСНВЕ$ -> #ИНТЕРЕСНЫЕ$) = -13.32394070329881
correctionProbability (#ИТАЛИАНСКОЕ$ -> #ИТАЛЬЯНСКОЕ$) = -84.93211822442368
correctionProbability (#MAGIK$ -> #MAGIC$) = -12.226832081161607
correctionProbability (#КТОРОЙ$ -> #КОТОРОЙ$) = -13.512316892591983
correctionProbability (#КАЛОВРАТ$ -> #КОЛОВРАТ$) = -17.981103706147174
correctionProbability (#КАМЕДИЙНЫЕ$ -> #КОМЕДИЙНЫЕ$) = -19.091226085440965
correctionProbability (#RESOULTS$ -> #RESULTS$) = -16.21592841336436
correctionProbability (#ЖЫВОТЕ$ -> #ЖИВОТЕ$) = -13.349696437342221
correctionProbability (#КАРАГАН$ -> #КАРАГАНДА$) = -79.54269760422017
correctionProbability (#ЦЫЕТОК$ -> #ЦВЕТОК$) = -9.718849056293852
correctionProbability (#ГЕРКУЛКС$ -> #ГЕРКУЛЕС$) = -17.020869882703956
correctionProbability (#HOURSE$ -> #HORSE$) = -16.73007880094144
correctionProbability (#ЛАНЧЕРА$ -> #ЛАУНЧЕРА$) = -21.65147301063668
correctionProbability (#ДЕТЕИ$ -> #ДЕТЕЙ$) = -3.5083927957139522
correctionProbability (#ОФИЦИАЛНЫЙ$ -> #ОФИЦИАЛЬНЫЙ$) = -7.477863564602579
correctionProbability (#ПРАСТИТУКА$ -> #ПРОСТИТУТКА$) = -83.67863117165173
correctionProbability (#САМООЕТ$ -> #САМОЛЕТ$) = -10.06542980748086
correctionProbability (#СЬЕМНЫЙ$ -> #СЪЕМНЫЙ$) = -18.17274726426104
correctionProbability (#МИРОТОРГЕ$ -> #МИРАТОРГЕ$) = -26.6057867437718
correctionProbability (#ВДАВА$ -> #ВДОВА$) = -13.977996768144582
correctionProbability (#КОММИКС$ -> #КОМИКС$) = -14.496864097846977
correctionProbability (#KONOHOV$ -> #KONONOV$) = -27.462710362840305
correctionProbability (#БЕПАН$ -> #БПАН$) = -16.921669352416625
correctionProbability (#АВТОМАТИ$ -> #АВТОМАТЫ$) = -12.64163365622889
correctionProbability (#СТРАРС$ -> #СТАРС$) = -10.010218547814677
correctionProbability (#ВІЛЬНЮС$ -> #ВИЛЬНЮС$) = -16.62975945941038
correctionProbability (#КУШЕЛЕВКВ$ -> #КУШЕЛЕВКА$) = -26.31417462890861
correctionProbability (#ЦЫЕТОВ$ -> #ЦВЕТОВ$) = -8.896821486955464
correctionProbability (#ВЕДИО$ -> #ВИДЕО$) = -66.41312412549968
correctionProbability (#ВАНЦЕТИ$ -> #ВАНЦЕТТИ$) = -23.07856308840254
correctionProbability (#ЦИВИЛЬНОГО$ -> #ЦИВІЛЬНОГО$) = -23.62465947471391
correctionProbability (#ГАЛАМАРКТ$ -> #ГАЛАМАРТ$) = -19.221883928970847
correctionProbability (#МЮЛЬБЕРГИИ$ -> #МЮЛЕНБЕРГИИ$) = -102.12042095761915
correctionProbability (#АНТИБІОТИК$ -> #АНТИБИОТИК$) = -18.301269520133303
correctionProbability (#BIRAT$ -> #BRAT$) = -17.962451129445842
correctionProbability (#ЧЕРВОЕІ$ -> #ЧЕРВОНІ$) = -22.175999877199096
correctionProbability (#КУНДУЛИК$ -> #КҮНДЕЛІК$) = -138.87804029009584
correctionProbability (#РАССКАХЫ$ -> #РАССКАЗЫ$) = -10.681283579353156
correctionProbability (#КСТАЛОГ$ -> #КАТАЛОГ$) = -6.507723253674143
correctionProbability (#PKET$ -> #PAKET$) = -21.283689479136374
correctionProbability (#КОСТЮИ$ -> #КОСТЮМ$) = -8.492747382930997
correctionProbability (#ПАДРУШКА$ -> #ПОДРУЖКА$) = -80.68940301719462
correctionProbability (#ДЕВСВЕНИЦУ$ -> #ДЕВСТВЕННИЦУ$) = -90.48698932064244
correctionProbability (#ОТКРЫВАЕТЯ$ -> #ОТКРЫВАЕТСЯ$) = -18.735720609876225
correctionProbability (#АНУЛИРОВАТЬ$ -> #АННУЛИРОВАТЬ$) = -25.337155385171876
correctionProbability (#РЕЫЕПТ$ -> #РЕЦЕПТ$) = -6.196424593773738
correctionProbability (#ПЕЕВМАТ$ -> #ПНЕВМАТ$) = -20.272985265181013
correctionProbability (#UNAITED$ -> #UNITED$) = -17.035411430719638
correctionProbability (#СЕШНЫЕ$ -> #СМЕШНЫЕ$) = -9.642940991508937
correctionProbability (#ЗАКАЗАТТ$ -> #ЗАКАЗАТЬ$) = -9.151394392670333
correctionProbability (#ПЕЗДОВ$ -> #ПОЕЗДОВ$) = -12.303781317650476
correctionProbability (#MUCIK$ -> #MUSIC$) = -75.4418634993964
correctionProbability (#КОНСТРУКЦИ$ -> #КОНСТРУКЦИИ$) = -19.30062402204274
correctionProbability (#ВКОТАКТЕ$ -> #ВКОНТАКТЕ$) = -7.056438805327225
correctionProbability (#ЕНЕРГИЮ$ -> #ЭНЕРГИЮ$) = -17.111094608116794
correctionProbability (#ПАРАЛЕЛОГРАММ$ -> #ПАРАЛЛЕЛОГРАММ$) = -25.307898655558283
correctionProbability (#ВИДЕКАРТЫ$ -> #ВИДЕОКАРТЫ$) = -17.988283417009335
correctionProbability (#КОРТИНЕ$ -> #КАРТИНЕ$) = -14.871498136287236
correctionProbability (#ГЕОИЕТРИЯ$ -> #ГЕОМЕТРИЯ$) = -13.947383161512597
correctionProbability (#БИНЗОПИЛА$ -> #БЕНЗОПИЛА$) = -17.231463294748742
correctionProbability (#ЕДЕНИЦИ$ -> #ЕДИНИЦЫ$) = -79.74273513814354
correctionProbability (#СМОТРЕТБЬ$ -> #СМОТРЕТЬ$) = -4.920416064469569
correctionProbability (#РОЗВАЛ$ -> #РАЗВАЛ$) = -14.660269397780358
correctionProbability (#ОН6ЛАЙН$ -> #ОНЛАЙН$) = -3.1802387312675044
correctionProbability (#ВОШОЛ$ -> #ВОШЕЛ$) = -17.109308885756423
correctionProbability (#ГЕРОЕА$ -> #ГЕРОЕВ$) = -11.521421486322975
correctionProbability (#УРОВЕН$ -> #УРОВЕНЬ$) = -11.605395209378102
correctionProbability (#ЖИВОТНВЕ$ -> #ЖИВОТНЫЕ$) = -10.62688074555821
correctionProbability (#РОБЛУКС$ -> #РОБЛОКС$) = -7.3734323846270655
correctionProbability (#DOCHKISINNOCHKI$ -> #DOCHKISINOCHKI$) = -31.519082829470477
correctionProbability (#DOCHKISINO0CHKI$ -> #DOCHKISINOCHKI$) = -31.526859320138882
correctionProbability (#КЛЮЧКОМ$ -> #КРЮЧКОМ$) = -8.675241790911002
correctionProbability (#QOLD$ -> #GOLD$) = -11.061888394596966
correctionProbability (#КЛИНЕТ$ -> #КЛИЕНТ$) = -79.42126839003183
correctionProbability (#RESUITS$ -> #RESULTS$) = -13.662309988609238
correctionProbability (#ДИШЕВЛЕ$ -> #ДЕШЕВЛЕ$) = -14.223371938330168
correctionProbability (#ПОЗАОНИТЬ$ -> #ПОЗВОНИТЬ$) = -15.578944676366
correctionProbability (#ГОМТИНИЦЫ$ -> #ГОСТИНИЦЫ$) = -14.0185957675764
correctionProbability (#МЕМЛЕКТТІК$ -> #МЕМЛЕКЕТТІК$) = -20.16331993259955
correctionProbability (#КОЛИРУЮЩЕЕ$ -> #КОДИРУЮЩЕЕ$) = -35.78185694777971
correctionProbability (#ЮМАЛТ$ -> #ЮЛМАРТ$) = -77.87915411424365
correctionProbability (#ПЛОЩАДТ$ -> #ПЛОЩАДЬ$) = -11.175186858985327
correctionProbability (#РОБООКС$ -> #РОБЛОКС$) = -7.33761509239001
correctionProbability (#ФОРМУЛАИ$ -> #ФОРМУЛА$) = -11.944960069893853
correctionProbability (#GETING$ -> #GETTING$) = -16.19724609092539
correctionProbability (#DINAST$ -> #DYNAST$) = -21.717696936521147
correctionProbability (#ЛРУГ$ -> #ДРУГ$) = -8.308739234257214
correctionProbability (#КСІОМИ$ -> #КСИОМИ$) = -12.425700565811706
correctionProbability (#БУРАТІНО$ -> #БУРАТИНО$) = -14.532138305077105
correctionProbability (#РАУМЕНТ$ -> #ПАУМЕНТ$) = -22.74624229583833
correctionProbability (#ПОЖЫЛИ$ -> #ПОЖИЛЫЕ$) = -145.60242189415436
correctionProbability (#МЕТАЛОСАЙДИНГ$ -> #МЕТАЛЛОСАЙДИНГ$) = -26.932377434109725
correctionProbability (#STELL$ -> #STEEL$) = -14.219433759060475
correctionProbability (#СИБИРЕ$ -> #СИБИРИ$) = -12.030648892819503
correctionProbability (#ТАКСОМИТОР$ -> #ТАКСОМЕТР$) = -89.38817740843335
correctionProbability (#НЕДВИЖИМАСТИ$ -> #НЕДВИЖИМОСТИ$) = -15.352276527765618
correctionProbability (#АОКАЛИПСИС$ -> #АПОКАЛИПСИС$) = -16.517842889829744
correctionProbability (#БЕРЕМЕНЫМИ$ -> #БЕРЕМЕННЫМИ$) = -23.16553782391584
correctionProbability (#ФЕСТИЫАЛЬ$ -> #ФЕСТИВАЛЬ$) = -15.008217623435861
correctionProbability (#ОУС$ -> #РУС$) = -10.44228268623954
correctionProbability (#MAGIS$ -> #MAGIC$) = -12.229719752818806
correctionProbability (#ОУТ$ -> #АУТ$) = -14.939961688982802
correctionProbability (#MAGIT$ -> #MAGNIT$) = -19.450640452123874
correctionProbability (#СИБИРЯ$ -> #СИБИРЯК$) = -18.68747997955804
correctionProbability (#ГАУС$ -> #ГАУСС$) = -19.658022338577876
correctionProbability (#УТРАЖЕСТАН$ -> #УТРОЖЕСТАН$) = -20.67164441363787
correctionProbability (#КАРАГНДА$ -> #КАРАГАНДА$) = -14.215821953285364
correctionProbability (#АХЕНОМ$ -> #АГЕНТОМ$) = -84.53269320631289
correctionProbability (#OZBEKCHA$ -> #UZBEKCHA$) = -18.917656560400225
correctionProbability (#STEME$ -> #STEAM$) = -78.18134379735169
correctionProbability (#БАРУСИЯ$ -> #БОРУССИЯ$) = -84.3677156497022
correctionProbability (#КОЛОРИЗАТОР$ -> #КАЛОРИЗАТОР$) = -22.89270558879622
correctionProbability (#ПЛОЩАДЕ$ -> #ПЛОЩАДИ$) = -13.062589513685793
correctionProbability (#КОРЗИНЩИКИ$ -> #КОРЗИНКИ$) = -87.05888121287686
correctionProbability (#АРБНБ$ -> #АИРБНБ$) = -19.66672836586685
correctionProbability (#ПАРАЛЕЛОГРАМЕ$ -> #ПАРАЛЛЕЛОГРАММЕ$) = -92.76983266131394
correctionProbability (#РОСОВ$ -> #РОСТОВ$) = -8.835888429792863
correctionProbability (#КАТАЛЛОГИ$ -> #КАТАЛОГИ$) = -16.80590543698255
correctionProbability (#ПОЖЕЛЫХ$ -> #ПОЖИЛЫХ$) = -11.573874040128743
correctionProbability (#БАНДЕРАСОМ$ -> #БАНДЕРОСОМ$) = -24.201537416036395
correctionProbability (#ПРЕМІУМ$ -> #ПРЕМИУМ$) = -12.884477518532279
correctionProbability (#ЕНТОНИ$ -> #ЭНТОНИ$) = -15.48450380283212
correctionProbability (#ОТКЛЯМИ$ -> #ОТЕЛЯМИ$) = -18.910264768629666
correctionProbability (#ВОАЧ$ -> #ВРАЧ$) = -8.665334225526966
correctionProbability (#ВЫДУБЫЧИ$ -> #ВЫДУБИЧИ$) = -25.037717108871433
correctionProbability (#ДЭТПУЛ$ -> #ДЭДПУЛ$) = -11.344543286148653
correctionProbability (#СТОЙИТ$ -> #СТОИТ$) = -9.088065594446025
correctionProbability (#ФИЛИМА$ -> #ФИЛЬМА$) = -9.375630302316022
correctionProbability (#АРТРОДОЛ$ -> #АРТРАДОЛ$) = -23.236921449485045
correctionProbability (#АФИРМАЦИЯ$ -> #АФФИРМАЦИЯ$) = -22.96478379348877
correctionProbability (#ДЕЛИЖАНС$ -> #ДИЛИЖАНС$) = -20.066308742675858
correctionProbability (#ОПТСАНИЕ$ -> #ОПИСАНИЕ$) = -10.067703013287371
correctionProbability (#МОНОСТЫРИ$ -> #МОНАСТЫРИ$) = -19.594240177002398
correctionProbability (#СИНОТИК$ -> #СИНОПТИК$) = -11.835248375909686
correctionProbability (#МАРОКО$ -> #МАРОККО$) = -16.0608433865128
correctionProbability (#ЙДНЕЙ$ -> #ДНЕЙ$) = -7.3388216827968655
correctionProbability (#BMV$ -> #BMW$) = -9.152378939608138
correctionProbability (#ЗАПИЧЬ$ -> #ЗАПИСЬ$) = -8.462050500005272
correctionProbability (#КАРЛОВО$ -> #КАРЛОВЫ$) = -16.568817195720882
correctionProbability (#КОНЮКТИВИТ$ -> #КОНЬЮКТИВИТ$) = -21.658953662239185
correctionProbability (#YZBEK$ -> #UZBEK$) = -11.881809058115177
correctionProbability (#СИНТОНИМЫ$ -> #СИНОНИМЫ$) = -16.807161701688024
correctionProbability (#INTIMISSIMO$ -> #INTIMISSIMI$) = -24.61072768316523
correctionProbability (#БЬЕРК$ -> #БЬОРК$) = -21.36676301193761
correctionProbability (#ЮЛЬАРТ$ -> #ЮЛМАРТ$) = -12.539223972115682
correctionProbability (#ПЬЯВКИ$ -> #ПИЯВКИ$) = -16.749100894542085
correctionProbability (#ОТПИТЕЛЯ$ -> #ОТОПИТЕЛЯ$) = -17.977854180459552
correctionProbability (#ДУЧШЕ$ -> #ЛУЧШЕ$) = -7.383614428675603
correctionProbability (#ХИЕСТРА$ -> #СЕСТРА$) = -77.77470450630041
correctionProbability (#МУЛЛЬТИК$ -> #МУЛЬТИК$) = -9.310414998737059
correctionProbability (#БРАУХЕР$ -> #БРАУЗЕР$) = -10.249831116394603
correctionProbability (#АЛПЕН$ -> #АЛЬПЕН$) = -17.579469621756093
correctionProbability (#КЛОНДАИК$ -> #КЛОНДАЙК$) = -16.120491602909524
correctionProbability (#МАГАМЕД$ -> #МАГОМЕД$) = -16.671786715813283
correctionProbability (#АВМТО$ -> #АВИТО$) = -2.8694085822689175
correctionProbability (#ЫИТНЕС$ -> #ФИТНЕС$) = -8.816164855347456
correctionProbability (#ЛАЗАЛВАН$ -> #ЛАЗОЛВАН$) = -17.626680631800745
correctionProbability (#ИНГРИТ$ -> #ИНГРИД$) = -16.94962449859297
correctionProbability (#ДИЗАЕН$ -> #ДИЗАЙН$) = -7.517990761783203
correctionProbability (#СЛЭНГ$ -> #СЛЕНГ$) = -17.34586090726555
correctionProbability (#СЕЛЬХОЗБАНКЕ$ -> #РОССЕЛЬХОЗБАНКЕ$) = -156.85213427464254
correctionProbability (#БЫЗЫ$ -> #БАЗЫ$) = -10.035591507725695
correctionProbability (#БЕССПЛАТНЫЕ$ -> #БЕСПЛАТНЫЕ$) = -14.829508921185443
correctionProbability (#МАНЕМАЙН$ -> #МАНИМЕН$) = -146.92844617936075
correctionProbability (#ОЛНО$ -> #ОДНО$) = -10.578954590361601
correctionProbability (#НАСИЛЕНИЕ$ -> #НАСЕЛЕНИЕ$) = -15.084534389476254
correctionProbability (#ОБШЕСТВОЗНАНИЕ$ -> #ОБЩЕСТВОЗНАНИЕ$) = -20.236391979700457
correctionProbability (#ПОДМОСКОВЬИ$ -> #ПОДМОСКОВЬЕ$) = -15.17566313082746
correctionProbability (#SIMILATOR$ -> #SIMULATOR$) = -14.326292528035069
correctionProbability (#ПЛАСМАСОВУЮ$ -> #ПЛАСТМАССОВУЮ$) = -92.72019544981217
correctionProbability (#УОГДА$ -> #КОГДА$) = -5.800036015722231
correctionProbability (#GOGLI$ -> #GOOGLE$) = -71.14830022627562
correctionProbability (#ПРОСРОСИЛОСЬ$ -> #ПРОСРОЧИЛАСЬ$) = -102.43641541242664
correctionProbability (#ПОСТДИПЛОМНОГО$ -> #ПОСЛЕДИПЛОМНОГО$) = -93.00315378486691
correctionProbability (#АПОЛО$ -> #АПОЛЛО$) = -21.023919712366126
correctionProbability (#ЧОБЫ$ -> #ЧТОБЫ$) = -8.14799382391411
correctionProbability (#СЕЛЬХОЗБАНКА$ -> #РОССЕЛЬХОЗБАНКА$) = -156.94141546060507
correctionProbability (#ЭМПАИР$ -> #ЭМПАЙР$) = -18.472570966996447
correctionProbability (#АНТИДЕПРЕСАНТ$ -> #АНТИДЕПРЕССАНТ$) = -28.69360581329326
correctionProbability (#ЧАРАДЕЯ$ -> #ЧАРОДЕЯ$) = -17.469104929586074
correctionProbability (#АФИРМАЦИИ$ -> #АФФИРМАЦИИ$) = -21.42678819059431
correctionProbability (#ХРОНИЧЕСКИ$ -> #ХРОНИЧЕСКИЙ$) = -19.099652092833594
correctionProbability (#БИБЕРЕВО$ -> #БИБИРЕВО$) = -17.86762512765022
correctionProbability (#ФУДБЕНД$ -> #ФУДБЭНД$) = -25.421141665034042
correctionProbability (#ВЧЕРАШНИИ$ -> #ВЧЕРАШНИЕ$) = -21.429766888220158
correctionProbability (#АИВТО$ -> #АВИТО$) = -70.71216949921364
correctionProbability (#HOOKAN$ -> #HOOKAH$) = -20.600832910893406
correctionProbability (#ШТИК$ -> #ШТЫК$) = -15.860034965864958
correctionProbability (#ПОГОТА$ -> #ПОГОДА$) = -1.1687422592485248
correctionProbability (#GOGLE$ -> #GOOGLE$) = -6.4013547128555
correctionProbability (#МЕНОВАЗАН$ -> #МЕНОВАЗИН$) = -19.104316544767876
correctionProbability (#TITANIK$ -> #TITANIC$) = -19.000706431254187
correctionProbability (#ЯСНОВДЦЕВ$ -> #ЯСНОВИДЦЕВ$) = -36.38687998541874
correctionProbability (#ОЬЗЫВ$ -> #ОТЗЫВ$) = -10.92818122504644
correctionProbability (#ШТИЛ$ -> #ШТИЛЬ$) = -13.630475015656447
correctionProbability (#ФУТБРОЛ$ -> #ФУТБОЛ$) = -9.384238658278907
correctionProbability (#СТЮАРДЕСАМИ$ -> #СТЮАРДЕССАМИ$) = -29.28444894962451
correctionProbability (#БУРРИТО$ -> #БУРИТО$) = -17.564783366185157
correctionProbability (#ДОПКУНАЙТЕ$ -> #ДАПКУНАЙТЕ$) = -23.160326913349408
correctionProbability (#ПТРОГОВА$ -> #ПИРОГОВА$) = -13.298779621400108
correctionProbability (#МАПКЕТ$ -> #МАРКЕТ$) = -9.599823887171691
correctionProbability (#ОЛНА$ -> #ОДНА$) = -8.929633301641314
correctionProbability (#ТИРРИОН$ -> #ТИРИОН$) = -23.877930363245014
correctionProbability (#АКТОВЕГИЛ$ -> #АКТОВЕГИН$) = -17.24531910312715
correctionProbability (#БОБРИНУЮ$ -> #БОБРОВУЮ$) = -88.16701452055858
correctionProbability (#ЛЕЙТИНАНТА$ -> #ЛЕЙТЕНАНТА$) = -21.64987624295979
correctionProbability (#КРУПНЕЙЩИХ$ -> #КРУПНЕЙШИХ$) = -21.854307686108342
correctionProbability (#НАСТРИТЬ$ -> #НАСТРОИТЬ$) = -13.726904839926888
correctionProbability (#МАРГИНШТЕРН$ -> #МОРГЕНШТЕРН$) = -83.49825170503729
correctionProbability (#ЫСТРО$ -> #БЫСТРО$) = -9.57297384609846
correctionProbability (#МАСИМ$ -> #МАКСИМ$) = -10.215731083484872
correctionProbability (#РОСТЮТЕР$ -> #КОСТЮМЕР$) = -87.99410598258434
correctionProbability (#ПСИХИК$ -> #ПСИХИКИ$) = -19.82118769902074
correctionProbability (#МОТОРИ$ -> #МОТОРЫ$) = -13.820693100341334
correctionProbability (#ЛАККИ$ -> #ЛАКИ$) = -13.47086204563293
correctionProbability (#ШТИФ$ -> #ШТИФТ$) = -18.06066063734338
correctionProbability (#ПЕТЕБУРГ$ -> #ПЕТЕРБУРГ$) = -11.961457550960468
correctionProbability (#ЖИВОТНИЕ$ -> #ЖИВОТНЫЕ$) = -10.592358991909926
correctionProbability (#ПИСЯТЬ$ -> #ПИСАТЬ$) = -10.905311999424274
correctionProbability (#СЕНДВИЧНИЦА$ -> #СЭНДВИЧНИЦА$) = -26.24404619607465
correctionProbability (#БАЛДІ$ -> #БАЛДИ$) = -12.567836031975009
correctionProbability (#GESMETIO$ -> #GISMETEO$) = -78.98824469634782
correctionProbability (#МАНКРАФТ$ -> #МАЙНКРАФТ$) = -8.507721192156524
correctionProbability (#ИНЬЕКЦИЙ$ -> #ИНЪЕКЦИЙ$) = -18.8485426683718
correctionProbability (#ПОСЛЕДНАЯ$ -> #ПОСЛЕДНЯЯ$) = -12.887157706251358
correctionProbability (#ФАЛЕРА$ -> #ВАЛЕРА$) = -9.205052231539373
correctionProbability (#КОЛЬУО$ -> #КОЛЬЦО$) = -10.23842409934895
correctionProbability (#ЖЕЛЕТКУ$ -> #ЖИЛЕТКУ$) = -17.45816943280373
correctionProbability (#TRAXAYET$ -> #TRAXAET$) = -23.50170663041962
correctionProbability (#УГЛЕРО$ -> #УГЛЕРОД$) = -17.89789997249551
correctionProbability (#ЭЛЕКТРОННИКИ$ -> #ЭЛЕКТРОНИКИ$) = -22.354228523264148
correctionProbability (#КАРЛОВІ$ -> #КАРЛОВЫ$) = -16.566392250179632
correctionProbability (#MAHNLARI$ -> #MAHNILARI$) = -19.941024051816484
correctionProbability (#КРАВИ$ -> #КРОВИ$) = -3.774917583854755
correctionProbability (#ИНЬЕКЦИИ$ -> #ИНЪЕКЦИИ$) = -18.145331789987225
correctionProbability (#ОПРЕДИЛИ$ -> #ОПРЕДЕЛИ$) = -18.21928668966593
correctionProbability (#ДОСТОЕН$ -> #ДОСТОИН$) = -20.944128368175633
correctionProbability (#ДОБРАТЬ$ -> #ДОБРАТЬСЯ$) = -79.56411149194037
correctionProbability (#ПОЛИАТИВНОЙ$ -> #ПАЛЛИАТИВНОЙ$) = -90.79650176045405
correctionProbability (#АЛЕРГИЕЙ$ -> #АЛЛЕРГИЕЙ$) = -25.082980192375082
correctionProbability (#ТЕНЬКАФ$ -> #ТИНЬКОФФ$) = -141.3793059685475
correctionProbability (#ОМСКМАИА$ -> #ОМСКМАМА$) = -15.866594735057198
correctionProbability (#SKCAT$ -> #SKACHAT$) = -77.57876672863748
correctionProbability (#VIVERONE$ -> #VICETONE$) = -92.36043583520986
correctionProbability (#РОЖДЕТСВО$ -> #РОЖДЕСТВО$) = -82.5617196816569
correctionProbability (#АКЦИОН$ -> #АУКЦИОН$) = -12.985486400827973
correctionProbability (#РЕСИДЕНТ$ -> #РЕЗИДЕНТ$) = -17.17332418083234
correctionProbability (#АМБАСАДОР$ -> #АМБАССАДОР$) = -20.969935145920182
correctionProbability (#МАIL$ -> #MAIL$) = -71.53452754615476
correctionProbability (#ВАЗИЛИН$ -> #ВАЗЕЛИН$) = -19.65742828080316
correctionProbability (#НАГОРНИ$ -> #НАГОРНЫЙ$) = -83.98294970411382
correctionProbability (#ИТЕРЕСНЫЕ$ -> #ИНТЕРЕСНЫЕ$) = -13.880045186920348
correctionProbability (#ТРАНСПОРАНТЫ$ -> #ТРАНСПАРАНТЫ$) = -31.749392669052526
correctionProbability (#ЭЛЕКТРОННИКА$ -> #ЭЛЕКТРОНИКА$) = -20.50728041217222
correctionProbability (#ЛЮБЛЕНО$ -> #ЛЮБЛИНО$) = -15.499150750123519
correctionProbability (#РУШУ$ -> #РЕШУ$) = -8.027574094607946
correctionProbability (#ЮРАВЛ$ -> #БРАВЛ$) = -7.726404221615155
correctionProbability (#ЧИЩЕННАЯ$ -> #ОЧИЩЕННАЯ$) = -25.589965619250535
correctionProbability (#ПРЕЗИДЕНСКИЕ$ -> #ПРЕЗИДЕНТСКИЕ$) = -25.424060398836936
correctionProbability (#РЕНДЖЕРИ$ -> #РЕЙНДЖЕРЫ$) = -83.31896971365633
correctionProbability (#КОМИССИИЯ$ -> #КОМИССИЯ$) = -17.884603972125127
correctionProbability (#ЦЕРАЗИТ$ -> #ЦЕРЕЗИТ$) = -18.664601122575377
correctionProbability (#РЕНДЖЕРС$ -> #РЕЙНДЖЕРС$) = -21.14144941574432
correctionProbability (#ВЭРАНА$ -> #ВЕРОНА$) = -79.36559994706117
correctionProbability (#TURECKIYE$ -> #TURECKIE$) = -20.70360366492757
correctionProbability (#ДОБРАТУ$ -> #ДОБРОТУ$) = -19.42710097505926
correctionProbability (#БОНДАН$ -> #БОГДАН$) = -10.988940062610329
correctionProbability (#ОБШЕСТВОЗНАНИЮ$ -> #ОБЩЕСТВОЗНАНИЮ$) = -20.276006665889085
correctionProbability (#CANABIS$ -> #CANNABIS$) = -21.268557934743143
correctionProbability (#МОРОЖЕННОЙ$ -> #ЗАМОРОЖЕННОЙ$) = -88.13613516660465
correctionProbability (#ЛЮЦЕФЕР$ -> #ЛЮЦИФЕР$) = -14.883163572462323
correctionProbability (#БЫСТТРО$ -> #БЫСТРО$) = -11.467651863918437
correctionProbability (#ПІН$ -> #ПИН$) = -10.585478673864355
correctionProbability (#РИСУРС$ -> #РЕСУРС$) = -14.052970066782084
correctionProbability (#БЭЫЛО$ -> #БЫЛО$) = -11.057241524839245
correctionProbability (#ЭПИЛЧЦИЯ$ -> #ЭПИЛЯЦИЯ$) = -14.578746953345387
correctionProbability (#КОШАЧИМ$ -> #КОШАЧЬИМ$) = -24.37829513599464
correctionProbability (#НЕЫТИ$ -> #НЕФТИ$) = -11.767421340331413
correctionProbability (#МАЛАЛЕТКИ$ -> #МАЛОЛЕТКИ$) = -14.407397530016617
correctionProbability (#ФАЛООБМЕННИК$ -> #ФАЙЛООБМЕННИК$) = -22.799593871594105
correctionProbability (#МОРОЖЕННОЕ$ -> #МОРОЖЕНОЕ$) = -17.9814528004948
correctionProbability (#ЭКАЛОГИЯ$ -> #ЭКОЛОГИЯ$) = -14.913192021983683
correctionProbability (#ФУГО$ -> #ФУГА$) = -16.421273370630036
correctionProbability (#РЕАЛЕСТИЧНЫЕ$ -> #РЕАЛИСТИЧНЫЕ$) = -23.9497074640448
correctionProbability (#ALONES$ -> #ALONE$) = -17.486250373237016
correctionProbability (#КПЗАХСТАНЕ$ -> #КАЗАХСТАНЕ$) = -12.434849541919199
correctionProbability (#ОЧИСТЬТЬ$ -> #ОЧИСТИТЬ$) = -13.617490110456188
correctionProbability (#ДАРАМУ$ -> #ДОРАМУ$) = -13.871575200250792
correctionProbability (#КОМБАИНА$ -> #КОМБАЙНА$) = -19.022464443984376
correctionProbability (#ПАРТУПЕЯ$ -> #ПОРТУПЕЯ$) = -21.693776165979692
correctionProbability (#РАССИЮ$ -> #РОССИЮ$) = -11.842223487046507
correctionProbability (#ВОЛІНСКОЙ$ -> #ВОЛЫНСКОЙ$) = -23.795101002819173
correctionProbability (#СЛАТКАЯ$ -> #СЛАДКАЯ$) = -13.774567273598677
correctionProbability (#ВОЛКАДАВ$ -> #ВОЛКОДАВ$) = -15.008012099905137
correctionProbability (#ВАЙСБЕРРИ$ -> #ВАЙСБЕРИ$) = -23.98358364194057
correctionProbability (#МОСОБЛИЕРЦ$ -> #МОСОБЛЕИРЦ$) = -84.73907224323602
correctionProbability (#ГЕОРГРАФИИ$ -> #ГЕОГРАФИИ$) = -16.073429188586147
correctionProbability (#УЧИТТСЯ$ -> #УЧИТЬСЯ$) = -14.509108055367072
correctionProbability (#ПОКИМОНЫ$ -> #ПОКЕМОНЫ$) = -15.35269788600558
correctionProbability (#МИЧУГИНА$ -> #МИЧУРИНА$) = -19.55858662988576
correctionProbability (#ОБЬЯСНЯЕТ$ -> #ОБЪЯСНЯЕТ$) = -23.39936025883724
correctionProbability (#ДОБРАТЕ$ -> #ДОБРОТЕ$) = -17.958979292123956
correctionProbability (#КВАШЕННЫЕ$ -> #КВАШЕНЫЕ$) = -22.450016561305816
correctionProbability (#ПРИКЛЮЧЕНИИ$ -> #ПРИКЛЮЧЕНИЯ$) = -14.136825838242295
correctionProbability (#ЗЕЛЕНОГРД$ -> #ЗЕЛЕНОГРАД$) = -17.05461583686734
correctionProbability (#ТРИВОГИ$ -> #ТРЕВОГИ$) = -18.73567374593472
correctionProbability (#КОРОЛЫ$ -> #КОРОЛЛЫ$) = -21.634183844450824
correctionProbability (#РАСПИСКНИЕ$ -> #РАСПИСАНИЕ$) = -9.692764670470673
correctionProbability (#ПЕСЬНЮ$ -> #ПЕСНЮ$) = -8.119005205616464
correctionProbability (#ГИПОКРАТА$ -> #ГИППОКРАТА$) = -23.49883420540533
correctionProbability (#КАНЬКИ$ -> #КОНЬКИ$) = -15.368254011415278
correctionProbability (#RESPONISIBLE$ -> #RESPONSIBLE$) = -26.457532628128583
correctionProbability (#ЧЯСЫ$ -> #ЧАСЫ$) = -5.96350993605542
correctionProbability (#ЛЮБОВНИЙ$ -> #ЛЮБОВНЫЙ$) = -15.219099593685584
correctionProbability (#КОИПЬЮТЕР$ -> #КОМПЬЮТЕР$) = -11.310912264832602
correctionProbability (#ФЕРЕНЦВАРЕШ$ -> #ФЕРЕНЦВАРОШ$) = -22.590573305189608
correctionProbability (#ИРОТИКУ$ -> #ЭРОТИКУ$) = -15.562746079068702
correctionProbability (#КИСЛИЦИНА$ -> #КИСЛИЦЫНА$) = -26.484824593421287
correctionProbability (#NETWARK$ -> #NETWORK$) = -14.904551106563147
correctionProbability (#НГУГЛ$ -> #ГУГЛ$) = -5.472841713977335
correctionProbability (#СЛОМАНЫХ$ -> #СЛОМАННЫХ$) = -22.51216930503184
correctionProbability (#ДОФКИ$ -> #ДОЙКИ$) = -8.439318204391512
correctionProbability (#ПОДЫМАЕТ$ -> #ПОДНИМАЕТ$) = -85.22619180971206
correctionProbability (#АГУСТА$ -> #АВГУСТА$) = -14.990292896155502
correctionProbability (#МОНТАЛЕ$ -> #МОНТАЛЬ$) = -19.1811887125359
correctionProbability (#FORBS$ -> #FORBES$) = -20.50836858308296
correctionProbability (#ТОРГОВЫ$ -> #ТОРГОВЫЙ$) = -13.603174069140358
correctionProbability (#ВЕЛЕКОЛЕПНИЙ$ -> #ВЕЛИКОЛЕПНЫЙ$) = -80.31425239499131
correctionProbability (#АРТУТ$ -> #АРТУР$) = -8.88103412854306
correctionProbability (#РОЗГОВОРОМ$ -> #РАЗГОВОРОМ$) = -19.578569195191143
correctionProbability (#СКРАВТИТЬ$ -> #СКРАФТИТЬ$) = -18.46273881236347
correctionProbability (#ЖУРАВЛЮВА$ -> #ЖУРАВЛЕВА$) = -18.67830119444455
correctionProbability (#ТРИВОГА$ -> #ТРЕВОГА$) = -17.084519669577247
correctionProbability (#КОРОЛБ$ -> #КОРОЛЬ$) = -7.893343784072108
correctionProbability (#ГЮРЛЕН$ -> #ГЕРЛЕН$) = -17.854914411799772
correctionProbability (#РОССС$ -> #РОССИИ$) = -69.93995351702758
correctionProbability (#ФАДЕЕ$ -> #ФАДЕЕВ$) = -13.044248226035425
correctionProbability (#БЕЗДИН$ -> #БЕЗДІҢ$) = -96.9104227553682
correctionProbability (#НОМРЕ$ -> #НОМЕР$) = -74.15944303791801
correctionProbability (#ХАРДКОРЕ$ -> #ХАРДКОР$) = -20.666618072179126
correctionProbability (#ГОДИЛА$ -> #ГОДЗИЛЛА$) = -80.26914722118346
correctionProbability (#IQLOUD$ -> #ICLOUD$) = -14.535800747977074
correctionProbability (#БЛЕКПИНК$ -> #БЛЭКПИНК$) = -19.799425875864387
correctionProbability (#КАНДЕНСАТОР$ -> #КОНДЕНСАТОР$) = -20.166574970718635
correctionProbability (#АЛЛИЭКСПРЕСС$ -> #АЛИЭКСПРЕСС$) = -13.858512006925814
correctionProbability (#ПРЛОЖЕНИЕ$ -> #ПРИЛОЖЕНИЕ$) = -13.860441153343174
correctionProbability (#СОБОКОЙ$ -> #СОБАКОЙ$) = -14.235359830858677
correctionProbability (#СНИФЕР$ -> #СНИФФЕР$) = -24.00596171399112
correctionProbability (#ФАДЕЙ$ -> #ФАДДЕЙ$) = -20.534195836722756
correctionProbability (#KYPI$ -> #KUPI$) = -21.44584073234876
correctionProbability (#ПРОДЖА$ -> #ПРОДАЖА$) = -8.07607125844298
correctionProbability (#КВАШЕННЫХ$ -> #КВАШЕНЫХ$) = -26.04118956974964
correctionProbability (#КОРОЛЛ$ -> #КОРОЛЬ$) = -7.895914619198546
correctionProbability (#ИРОТИКА$ -> #ЭРОТИКА$) = -7.927418411772827
correctionProbability (#ПЛИТОЧКА$ -> #ПЛИТКА$) = -80.12681177212492
correctionProbability (#ВМЕМТЕ$ -> #ВМЕСТЕ$) = -10.312102818992688
correctionProbability (#АУТБАК$ -> #АУТБЕК$) = -16.94113361395117
correctionProbability (#СТЕШКИ$ -> #СТИШКИ$) = -15.233505578228186
correctionProbability (#ДИЩЕЛЬ$ -> #ДИЗЕЛЬ$) = -10.187069561955713
correctionProbability (#СТНОНИМЫ$ -> #СИНОНИМЫ$) = -14.330881700275
correctionProbability (#DINAMIC$ -> #DYNAMIC$) = -17.67404224342912
correctionProbability (#ДАРАМЫ$ -> #ДОРАМЫ$) = -12.179443533876796
correctionProbability (#ҚАЗАҚСТАНЫҢ$ -> #ҚАЗАҚСТАННЫҢ$) = -21.634105837304666
correctionProbability (#ГУГГЛЕ$ -> #ГУГЛ$) = -72.79612174714309
correctionProbability (#РИЗЮМЕ$ -> #РЕЗЮМЕ$) = -10.106543908272553
correctionProbability (#АЕРО$ -> #АЭРО$) = -14.902425030623892
correctionProbability (#ГРИХОВ$ -> #ГРЕХОВ$) = -12.497226732974173
correctionProbability (#ПЕСЬНИ$ -> #ПЕСНИ$) = -5.744834284331763
correctionProbability (#СОЗДАВАНИЯ$ -> #СОЗДАНИЯ$) = -83.00562330182699
correctionProbability (#ПРИВЫШЕН$ -> #ПРЕВЫШЕН$) = -21.491408053984586
correctionProbability (#ОДНОКОНАТНУЮ$ -> #ОДНОКОМНАТНУЮ$) = -20.091104639124524
correctionProbability (#МАСЕР$ -> #МАСТЕР$) = -8.599477126482316
correctionProbability (#КРИДИТА$ -> #КРЕДИТА$) = -12.454571521896952
correctionProbability (#СООПЩЕНИЕ$ -> #СООБЩЕНИЕ$) = -12.714785861583493
correctionProbability (#ПАРАВОЗІК$ -> #ПАРОВОЗИК$) = -79.5651363910169
correctionProbability (#ЗБОРНОЙ$ -> #СБОРНОЙ$) = -14.788602425166701
correctionProbability (#КРАСОВОК$ -> #КРОССОВОК$) = -84.22044225154444
correctionProbability (#ПРІЗ$ -> #ПРИЗ$) = -15.205872399480302
correctionProbability (#СЦЕННИК$ -> #СЦЕНИК$) = -18.070355023992807
correctionProbability (#БРАТСВО$ -> #БРАТСТВО$) = -14.993918960286287
correctionProbability (#ГРОЛНО$ -> #ГРОДНО$) = -10.375180171777632
correctionProbability (#ESCAPIST$ -> #ESCAPISTS$) = -21.2839329851827
correctionProbability (#ЯММИ$ -> #ЯМИ$) = -17.20801212412965
correctionProbability (#ТМЕНИ$ -> #ИМЕНИ$) = -8.70692728909037
correctionProbability (#ПЧЕЛИННЫЕ$ -> #ПЧЕЛИНЫЕ$) = -23.896352459493897
correctionProbability (#ИММИТАЦИЯ$ -> #ИМИТАЦИЯ$) = -18.567316306508417
correctionProbability (#МСТЕР$ -> #МАСТЕР$) = -8.642841144903937
correctionProbability (#СИАЛОДЕНИТ$ -> #СИАЛОАДЕНИТ$) = -28.55198587274259
correctionProbability (#РОСТИ$ -> #РАСТИ$) = -14.82065814925738
correctionProbability (#СМНРТЬ$ -> #СМЕРТЬ$) = -10.855552973842652
correctionProbability (#ОРИФЛЕЙ$ -> #ОРИФЛЕЙМ$) = -12.517408780632387
correctionProbability (#ЯНДЕАС$ -> #ЯНДЕКС$) = -2.249629331382362
correctionProbability (#ФИЛИНИ$ -> #ФЕЛЛИНИ$) = -86.26218817280508
correctionProbability (#ОТЛИСАЮТСЯ$ -> #ОТЛИЧАЮТСЯ$) = -17.9717950876776
correctionProbability (#ЧЯТЫ$ -> #ЧАТЫ$) = -13.615081322867486
correctionProbability (#САДОМІЯ$ -> #САДОМИЯ$) = -24.95383748082544
correctionProbability (#АОЛЕРГИЯ$ -> #АЛЛЕРГИЯ$) = -15.512674264471507
correctionProbability (#ИГЫР$ -> #ИГРЫ$) = -70.24934947683388
correctionProbability (#БОИГРАФИЯ$ -> #БИОГРАФИЯ$) = -78.2069274618503
correctionProbability (#ACCES$ -> #ACCESS$) = -15.45114521830887
correctionProbability (#ГЛАЩА$ -> #ГЛАЗА$) = -8.717616848159395
correctionProbability (#РОССЫ$ -> #РОСЫ$) = -16.40142694001241
correctionProbability (#КОАССЕ$ -> #КЛАССЕ$) = -10.620825134647003
correctionProbability (#ПРЕДНЕСТРОВЬЕ$ -> #ПРИДНЕСТРОВЬЕ$) = -23.62262759570538
correctionProbability (#БАЛЕШ$ -> #БАЛИШ$) = -20.419575866882557
correctionProbability (#ОДНОКЛАСПЕКИ$ -> #ОДНОКЛАССНИКИ$) = -141.3618337420353
correctionProbability (#ФИЛИМЬ$ -> #ФИЛЬМ$) = -68.38505720985168
correctionProbability (#ЛАКИИ$ -> #ЛАКИ$) = -13.455674837839407
correctionProbability (#НЕДОРОГОЕК$ -> #НЕДОРОГО$) = -78.55656139358388
correctionProbability (#МАРОНЫ$ -> #МАТРОНЫ$) = -18.07114495282086
correctionProbability (#ПРАСИТУТКА$ -> #ПРОСТИТУТКА$) = -83.6795122402411
correctionProbability (#СЛЕЛКИ$ -> #СДЕЛКИ$) = -15.472732641102578
correctionProbability (#ОЗВУЧКОИ$ -> #ОЗВУЧКОЙ$) = -13.135816018538051
correctionProbability (#РАССИИ$ -> #РОССИИ$) = -4.50738325833473
correctionProbability (#КАРПМНСК$ -> #КАРПИНСК$) = -18.48097297006423
correctionProbability (#ЦЫНА$ -> #ЦЕНА$) = -2.2400967922530732
correctionProbability (#РАССИЙ$ -> #РОССИИ$) = -69.28814833901392
correctionProbability (#КЛИТЕРОМ$ -> #КЛИТОРОМ$) = -20.885840836588713
correctionProbability (#МОЧЕЙ$ -> #МОЧОЙ$) = -19.71564017117709
correctionProbability (#ПРИОРИТЕ$ -> #ПРИОРИТИ$) = -20.610394604364167
correctionProbability (#ОДНОККЛАССНИКИ$ -> #ОДНОКЛАССНИКИ$) = -13.71628464865735
correctionProbability (#ДЕКОБРЕ$ -> #ДЕКАБРЕ$) = -13.39944247121322
correctionProbability (#АККУМУЛЯ$ -> #АККУМУЛЯТОР$) = -146.43428871505697
correctionProbability (#КАВРТИРУ$ -> #КВАРТИРУ$) = -76.60888096643768
correctionProbability (#ДРЛГО$ -> #ДОЛГО$) = -11.492588058334025
correctionProbability (#МИНДЕЛЕЕВА$ -> #МЕНДЕЛЕЕВА$) = -16.11115460972075
correctionProbability (#ОПЧТЬ$ -> #ОПЯТЬ$) = -12.878270044525198
correctionProbability (#УВЕТЫ$ -> #ЦВЕТЫ$) = -6.597912411815962
correctionProbability (#ПОСЛАНИК$ -> #ПОСЛАННИК$) = -23.340427879950774
correctionProbability (#КЛЕАЕР$ -> #КЛЕВЕР$) = -12.528313941039595
correctionProbability (#ЦЫНК$ -> #ЦИНК$) = -13.933168419983108
correctionProbability (#ПІКАЧУ$ -> #ПИКАЧУ$) = -12.104611150409145
correctionProbability (#КАРТИКА$ -> #КАРТИНКА$) = -7.7962152263125475
correctionProbability (#КОМПЬТЕРНАЯ$ -> #КОМПЬЮТЕРНАЯ$) = -19.527492350581646
correctionProbability (#ОВЧИНИКОВА$ -> #ОВЧИННИКОВА$) = -23.722634883600804
correctionProbability (#БЛЕСКАМИ$ -> #БЛЕСТКАМИ$) = -19.420991279980143
correctionProbability (#ФОНТГРАММА$ -> #ФОНОГРАММА$) = -22.554224846153026
correctionProbability (#ОТОБРАЖАЕТЬСЯ$ -> #ОТОБРАЖАЕТСЯ$) = -25.992110218677
correctionProbability (#НАСИЛЕНИЯ$ -> #НАСЕЛЕНИЯ$) = -12.528501404079336
correctionProbability (#РИКАЗ$ -> #ПРИКАЗ$) = -9.566399435266394
correctionProbability (#QARTULA$ -> #QARTULAD$) = -16.630700211973853
correctionProbability (#САДВОДА$ -> #САДОВОДА$) = -16.511585400500998
correctionProbability (#FECOOBOKA$ -> #FECOOBOK$) = -19.941884841212435
correctionProbability (#ПРЛОЖЕНИЯ$ -> #ПРИЛОЖЕНИЯ$) = -16.417425528296548
correctionProbability (#СМОТРЕТОЬ$ -> #СМОТРЕТЬ$) = -4.871078429736739
correctionProbability (#ФРИДАНС$ -> #ФРИЛАНС$) = -15.991330635062397
correctionProbability (#ВРКДИНА$ -> #ВРЕДИНА$) = -17.605442732871467
correctionProbability (#ФИТНЕССА$ -> #ФИТНЕСА$) = -18.18558047792203
correctionProbability (#КАТЕРПИЛАР$ -> #КАТЕРПИЛЛЕР$) = -89.43706243715226
correctionProbability (#ХОЛЕЦЕСТИТЕ$ -> #ХОЛЕЦИСТИТЕ$) = -23.623288118952445
correctionProbability (#ИГРУКИ$ -> #ИГРУШКИ$) = -10.199819680819544
correctionProbability (#РЕЙТИГ$ -> #РЕЙТИНГ$) = -10.763879513132125
correctionProbability (#GOGGL$ -> #GOOGLE$) = -71.14079754575722
correctionProbability (#МАЛЮСКИ$ -> #МОЛЛЮСКИ$) = -83.7419262985736
correctionProbability (#КИБЕРЕВА$ -> #КИБИРЕВА$) = -22.184676370996762
correctionProbability (#АМЕРИКИЙ$ -> #АМЕРИКИ$) = -15.816695538358118
correctionProbability (#РОСТТОВ$ -> #РОСТОВ$) = -10.765754709391526
correctionProbability (#СОЛЮЖЕН$ -> #СОЛЮШЕН$) = -17.13096522638157
correctionProbability (#УРОВНЕНИЕ$ -> #УРАВНЕНИЕ$) = -15.358393883312537
correctionProbability (#ТЕЛЕВЕДИНИЕ$ -> #ТЕЛЕВИДЕНИЕ$) = -80.73940157712553
correctionProbability (#ЦЕТИНЕ$ -> #ЦЕТИНЬЕ$) = -27.4702079339908
correctionProbability (#КУЗНИЦОВ$ -> #КУЗНЕЦОВ$) = -16.068815196259102
correctionProbability (#НИДЕЛИ$ -> #НЕДЕЛИ$) = -8.9598090992037
correctionProbability (#БЫДА$ -> #БЫЛА$) = -9.464577095843541
correctionProbability (#ХОСЕТ$ -> #ХОЧЕТ$) = -10.468539332665447
correctionProbability (#СУБОТА$ -> #СУББОТА$) = -15.249019861532588
correctionProbability (#ПРОДУТЫ$ -> #ПРОДУКТЫ$) = -13.291004373631047
correctionProbability (#АНАЗИЗ$ -> #АНАЛИЗ$) = -4.58371569103457
correctionProbability (#ALEGRO$ -> #ALLEGRO$) = -19.996151986773356
correctionProbability (#ПИТЧА$ -> #ПРИТЧА$) = -15.417378342073537
correctionProbability (#CNVACNE$ -> #CNVACNER$) = -15.689663733454317
correctionProbability (#ГОВРИТЬ$ -> #ГОВОРИТЬ$) = -15.181527783742702
correctionProbability (#POPINS$ -> #POPPINS$) = -22.066383855535022
correctionProbability (#ТРАНСПОТ$ -> #ТРАНСПОРТ$) = -14.774610102184035
correctionProbability (#БУКИНК$ -> #БУКИНГ$) = -10.891421120936254
correctionProbability (#ПОРОНОЙ$ -> #ПОРТНОЙ$) = -17.986064512444216
correctionProbability (#ЦИЛЮЛИТА$ -> #ЦЕЛЛЮЛИТА$) = -84.46380666243886
correctionProbability (#САБАИ$ -> #САБАЙ$) = -21.162147930806814
correctionProbability (#ЛИЧЕНИЯ$ -> #ЛЕЧЕНИЯ$) = -12.010146694091269
correctionProbability (#ИЗМЕНЕИЯ$ -> #ИЗМЕНЕНИЯ$) = -14.70919116615201
correctionProbability (#КОТЕЖНЫЙ$ -> #КОТТЕДЖНЫЙ$) = -84.4942131995202
correctionProbability (#БУКИНИ$ -> #БУКИНЫ$) = -16.725423029079575
correctionProbability (#МНОЖЕТИЛИ$ -> #МНОЖИТЕЛИ$) = -85.04453887513354
correctionProbability (#АЕКС$ -> #АЛЕКС$) = -11.724155062257541
correctionProbability (#РЕЙТИН$ -> #РЕЙТИНГ$) = -10.802613915326297
correctionProbability (#КОЛЛОНЫ$ -> #КОЛОННЫ$) = -83.99216445510704
correctionProbability (#МАЧИХИ$ -> #МАЧЕХИ$) = -16.75751278270862
correctionProbability (#СУБТИТРВ$ -> #СУБТИТРЫ$) = -15.470471360020063
correctionProbability (#ПЕРОСЬЕМНАЯ$ -> #ПЕРОСЪЕМНАЯ$) = -25.730617735573844
correctionProbability (#ПЕРКУСИЯ$ -> #ПЕРКУССИЯ$) = -23.238956999592865
correctionProbability (#ТЕЛЛА$ -> #ТЕЛА$) = -11.117069491442852
correctionProbability (#СООБЩЕНИК$ -> #СООБЩЕНИЕ$) = -12.74588108471169
correctionProbability (#PABLIC$ -> #PUBLIC$) = -14.287140136794282
correctionProbability (#КАРТИНВ$ -> #КАРТИНЫ$) = -9.395905152307677
correctionProbability (#ЧОРНАЯ$ -> #ЧЕРНАЯ$) = -9.80516185243567
correctionProbability (#R13C$ -> #R13$) = -18.101933553553078
correctionProbability (#ROBLOC$ -> #ROBLOX$) = -10.44451362556595
correctionProbability (#ПИТЦЫ$ -> #ПИЦЦЫ$) = -11.362181139515943
correctionProbability (#НОМОЗ$ -> #НАМОЗ$) = -17.122172254722965
correctionProbability (#ТЛЕФОНЕ$ -> #ТЕЛЕФОНЕ$) = -13.228758054631982
correctionProbability (#АВТОМОБИДИСТА$ -> #АВТОМОБИЛИСТА$) = -17.935136658873915
correctionProbability (#CZEHAV$ -> #CZECHAV$) = -25.18173979826541
correctionProbability (#ТРОСНИК$ -> #ТРОСТНИК$) = -22.3761578735147
correctionProbability (#WOLKI$ -> #VOLKI$) = -21.753330824104292
correctionProbability (#ВПЕЧЕТЛЕНИЕ$ -> #ВПЕЧАТЛЕНИЕ$) = -22.23320281495647
correctionProbability (#ПРЕДЧУСТВИЕ$ -> #ПРЕДЧУВСТВИЕ$) = -25.080613004675023
correctionProbability (#СКАЧИВАТ$ -> #СКАЧИВАТЬ$) = -18.401388595562217
correctionProbability (#ДЕМАНЫ$ -> #ДЕМОНЫ$) = -13.61593291089888
correctionProbability (#КОШАЧЕЙ$ -> #КОШАЧЬЕЙ$) = -21.082651937837106
correctionProbability (#ЛЕНАРДО$ -> #ЛЕОНАРДО$) = -12.923025678719618
correctionProbability (#СУБТИТРИ$ -> #СУБТИТРЫ$) = -15.440135363410924
correctionProbability (#ПИТЦУ$ -> #ПИЦЦУ$) = -12.762378773737996
correctionProbability (#БИТБЕЙС$ -> #БИДБЕЙТС$) = -84.57057153542767
correctionProbability (#ДЖЕНЕТ$ -> #ДЖЕННЕТ$) = -22.532971741568012
correctionProbability (#RADIOSY$ -> #RADIOSU$) = -21.943760722106617
correctionProbability (#ПАСИНКА$ -> #ПАСЫНКА$) = -20.280017101273202
correctionProbability (#ОСВЫТА$ -> #ОСВІТА$) = -17.646123237765753
correctionProbability (#СОСТОВЛЯЮТ$ -> #СОСТАВЛЯЮТ$) = -20.88065540754362
correctionProbability (#ИМУЛЬСИИ$ -> #ЭМУЛЬСИИ$) = -22.565438742612223
correctionProbability (#СУБОТЫ$ -> #СУББОТЫ$) = -17.385864441282287
correctionProbability (#ЦЫКЛ$ -> #ЦИКЛ$) = -12.140210943262996
correctionProbability (#ПЕРЕКЛЮЧИТ$ -> #ПЕРЕКЛЮЧИТЬ$) = -22.428627840656958
correctionProbability (#TAMPLATE$ -> #TEMPLATE$) = -18.106529945260213
correctionProbability (#БУАНОРОТИ$ -> #БУОНАРРОТИ$) = -153.299149752533
correctionProbability (#ОПЕРАЦИОНАЯ$ -> #ОПЕРАЦИОННАЯ$) = -22.436438356403755
correctionProbability (#ЕЛЕКТРИК$ -> #ЭЛЕКТРИК$) = -15.40063050032441
correctionProbability (#РАНСИОНАТ$ -> #ПАНСИОНАТ$) = -15.295914864870312
correctionProbability (#КОНДРАТИК$ -> #КОНДРАТЮК$) = -21.877439946499088
correctionProbability (#ГАЙЛ$ -> #ГАЙД$) = -11.86510687904438
correctionProbability (#ЛЕНТВ$ -> #ЛЕНТА$) = -7.966859470129815
correctionProbability (#ТОЛЬЯТТ$ -> #ТОЛЬЯТТИ$) = -11.831812007710148
correctionProbability (#ВКРЫМА$ -> #КРЫМА$) = -11.43121956757766
correctionProbability (#БАРБОСКИИЫ$ -> #БАРБОСКИНЫ$) = -12.277459173250136
correctionProbability (#ЧОРНАМ$ -> #ЧЕРНОМ$) = -76.06526295233859
correctionProbability (#ПУЗОВИКИ$ -> #ПУХОВИКИ$) = -14.203986033655589
correctionProbability (#ПРАВОСЛАВНОН$ -> #ПРАВОСЛАВНОЕ$) = -23.36481176628339
correctionProbability (#СИРЯЛ$ -> #СЕРИАЛ$) = -134.19531138902224
correctionProbability (#ЛОРЕК$ -> #ЛОРАК$) = -11.49690207334621
correctionProbability (#АФАРИЗМ$ -> #АФОРИЗМ$) = -19.07270312146948
correctionProbability (#ШТЕПСА$ -> #ШТЕПА$) = -24.113465294387225
correctionProbability (#УРОВНЕНИЯ$ -> #УРАВНЕНИЯ$) = -15.697980092777335
correctionProbability (#АЙРАПОРТ$ -> #АЭРОПОРТ$) = -75.49198595696697
correctionProbability (#EUROP$ -> #EUROPE$) = -15.892575083234401
correctionProbability (#VISUAI$ -> #VISUAL$) = -14.088028415840096
correctionProbability (#ТЛЕФОНА$ -> #ТЕЛЕФОНА$) = -10.413206443767471
correctionProbability (#ROBLOZ$ -> #ROBLOX$) = -10.444694945941418
correctionProbability (#УЗБЕКИСКИЙ$ -> #УЗБЕКСКИЙ$) = -18.315201184567222
correctionProbability (#PEREVOTCHIK$ -> #PEREVODCHIK$) = -17.479428536258652
correctionProbability (#КРИДИТУ$ -> #КРЕДИТУ$) = -14.866183856257273
correctionProbability (#NADUVNOE$ -> #NADUVNIE$) = -34.06636763232768
correctionProbability (#ЗОЛТОЕ$ -> #ЗОЛОТОЕ$) = -13.385531600377242
correctionProbability (#ЛЕНТИ$ -> #ЛЕНТЫ$) = -11.307422452271947
correctionProbability (#СРАНИТЬ$ -> #СРАВНИТЬ$) = -15.55788450115216
correctionProbability (#РМСУНОК$ -> #РИСУНОК$) = -6.635134840336271
correctionProbability (#ПМАЙЛ$ -> #МАЙЛ$) = -6.186949156482594
correctionProbability (#УЗБЕКИСКИЕ$ -> #УЗБЕКСКИЕ$) = -19.065338908770087
correctionProbability (#МАТЕКЕ$ -> #МАТИКЕ$) = -20.03629624521253
correctionProbability (#АДМИНИСРАЬИВНОЕ$ -> #АДМИНИСТРАТИВНОЕ$) = -91.62346375439472
correctionProbability (#РАЬОЧАЯ$ -> #РАБОЧАЯ$) = -9.283832248270642
correctionProbability (#МЕТАЛИСТА$ -> #МЕТАЛЛИСТА$) = -28.426510279956226
correctionProbability (#ЗАРАКТЕР$ -> #ХАРАКТЕР$) = -14.676355176928801
correctionProbability (#ЛИАНАРДО$ -> #ЛЕОНАРДО$) = -77.00068672312028
correctionProbability (#УСТАНВИТЬ$ -> #УСТАНОВИТЬ$) = -12.664094499148582
correctionProbability (#ТКОЕ$ -> #ТАКОЕ$) = -5.7564824670598504
correctionProbability (#КОЛЛДЖ$ -> #КОЛЛЕДЖ$) = -11.392806621206987
correctionProbability (#ФОНЕРА$ -> #ФАНЕРА$) = -12.870099673863198
correctionProbability (#АВТОМАИО$ -> #АВТОРАДИО$) = -81.05031794950791
correctionProbability (#ЄКРАН$ -> #ЭКРАН$) = -7.724339440858049
correctionProbability (#MALZER$ -> #MAZER$) = -25.88229895543084
correctionProbability (#МАЛАЛЕТОК$ -> #МАЛОЛЕТОК$) = -16.46464519953632
correctionProbability (#КОПЧЕННАЯ$ -> #КОПЧЕНАЯ$) = -22.153298392396586
correctionProbability (#ВОКИЯЛАР$ -> #ВОКЕАЛАР$) = -92.08810117520551
correctionProbability (#ВАРГЕИМИНГ$ -> #ВАРГЕЙМИНГ$) = -19.357167246653283
correctionProbability (#КРИДИТЫ$ -> #КРЕДИТЫ$) = -13.404215891625746
correctionProbability (#ТОРОНТИНО$ -> #ТАРАНТИНО$) = -83.33688015726544
correctionProbability (#ИМУЛЬСИЯ$ -> #ЭМУЛЬСИЯ$) = -19.73956897370452
correctionProbability (#ДОМОДЕЛОВО$ -> #ДОМОДЕДОВО$) = -14.609814914549524
correctionProbability (#ППОД$ -> #ПОД$) = -6.110068400512279
correctionProbability (#ХАРОШО$ -> #ХОРОШО$) = -11.259880934266473
correctionProbability (#ЕОМПАНИИ$ -> #КОМПАНИИ$) = -11.355351674972326
correctionProbability (#РПДИО$ -> #РАДИО$) = -5.156040261895608
correctionProbability (#КОЛЬЦЫ$ -> #КОЛЬЦА$) = -11.012051608313062
correctionProbability (#ШАСИ$ -> #ШАССИ$) = -16.039252584272862
correctionProbability (#ИНРАТЬ$ -> #ИГРАТЬ$) = -5.769943543204736
correctionProbability (#РУКОВАДИТЕЛЯ$ -> #РУКОВОДИТЕЛЯ$) = -17.847284314738864
correctionProbability (#TFE$ -> #THE$) = -2.1994014471131003
correctionProbability (#БЕСПРЕДАННИЦА$ -> #БЕСПРИДАННИЦА$) = -24.110670994830997
correctionProbability (#ДЕВУШКААМИ$ -> #ДЕВУШКАМИ$) = -17.279778424002934
correctionProbability (#КОНТРОЛЕРЫ$ -> #КОНТРОЛЛЕРЫ$) = -24.56796346050102
correctionProbability (#МЕТЛЕНД$ -> #МЕЙТЛЕНД$) = -17.597067319322967
correctionProbability (#РЕНСТОРАН$ -> #РЕСТОРАН$) = -13.416635074638776
correctionProbability (#РВБУ$ -> #РЫБУ$) = -11.384403171409428
correctionProbability (#KUDNELIK$ -> #KUNDELIK$) = -82.13184834329631
correctionProbability (#МАЛЬЧИ$ -> #МАЛЬЧИК$) = -11.409261270873202
correctionProbability (#ХОСТЕЛИ$ -> #ХОСТЕЛЫ$) = -16.225402362719493
correctionProbability (#УГОВАРИЛ$ -> #УГОВОРИЛ$) = -19.116696697493317
correctionProbability (#МАСДО$ -> #МАСЛО$) = -7.712440485334227
correctionProbability (#TODAYSSOCCERRESULTS$ -> #TODAYALLSOCCERRESULTS$) = -178.3937477884514
correctionProbability (#НАЖОМ$ -> #НОЖОМ$) = -14.469697703608066
correctionProbability (#МУЛЬТФИДЬМЫ$ -> #МУЛЬТФИЛЬМЫ$) = -11.336399646736993
correctionProbability (#УРОВНЕНИЙ$ -> #УРАВНЕНИЙ$) = -17.170327339981064
correctionProbability (#КРАМОТОРСК$ -> #КРАМАТОРСК$) = -18.400741640369127
correctionProbability (#РОСТУЩАЯ$ -> #РАСТУЩАЯ$) = -17.572551805582172
correctionProbability (#ДИМОХОДА$ -> #ДЫМОХОДА$) = -17.03902535804402
correctionProbability (#ИННЦЕСТ$ -> #ИНЦЕСТ$) = -11.437949533181783
correctionProbability (#КОЛЬЦИ$ -> #КОЛЬЦА$) = -11.00912038143277
correctionProbability (#МОСКВО$ -> #МОСКВА$) = -4.0836615585774645
correctionProbability (#LUNEX$ -> #LINUX$) = -78.55993936178106
correctionProbability (#АТЕКАХ$ -> #АПТЕКАХ$) = -13.191665364881189
correctionProbability (#СВЕТОЛИНА$ -> #СВИТОЛИНА$) = -22.07765336460257
correctionProbability (#МОСКВП$ -> #МОСКВА$) = -4.147380468111287
correctionProbability (#РУШЕ$ -> #РЕШУ$) = -72.78076346826629
correctionProbability (#НОВІНЬКАЯ$ -> #НОВЕНЬКАЯ$) = -20.339427688838505
correctionProbability (#ДВУХМАССОВЫ$ -> #ДВУХМАССОВЫЙ$) = -27.93245022504781
correctionProbability (#МЕСТЕР$ -> #МАСТЕР$) = -8.083398214121924
correctionProbability (#GOGEL$ -> #GOOGLE$) = -139.0350831730969
correctionProbability (#ЛЫБИДСКАЯ$ -> #ЛЫБЕДСКАЯ$) = -27.30094947982645
correctionProbability (#МОСКВИ$ -> #МОСКВЫ$) = -6.45277578259444
correctionProbability (#МИКРОЗАЕМ$ -> #МИКРОЗАЙМ$) = -19.183236927222993
correctionProbability (#КРАСОВКИ$ -> #КРОССОВКИ$) = -78.0737205132564
correctionProbability (#БАРЕЛЬ$ -> #БАРРЕЛЬ$) = -17.904825681922503
correctionProbability (#МОСКВК$ -> #МОСКВЕ$) = -4.083516891021418
correctionProbability (#РОСЭНЕРГ$ -> #РОСЭНЕРГО$) = -23.24593899295916
correctionProbability (#ЗАПИСТ$ -> #ЗАПИСЬ$) = -8.432586421199073
correctionProbability (#МОСКВФ$ -> #МОСКВЫ$) = -6.487847109303328
correctionProbability (#АНИЛИНГУСА$ -> #КУНИЛИНГУСА$) = -88.31326245314108
correctionProbability (#ИЗМИНИЛА$ -> #ИЗМЕНИЛА$) = -18.26465356316161
correctionProbability (#РИЦЕПТ$ -> #РЕЦЕПТ$) = -6.179714672821216
correctionProbability (#ПМАИЛ$ -> #МАЙЛ$) = -70.91536985168413
correctionProbability (#БУДЕСЛИГА$ -> #БУНДЕСЛИГА$) = -22.046742867465056
correctionProbability (#МАРРИКОНЕ$ -> #МОРРИКОНЕ$) = -20.80875728341219
correctionProbability (#ТКСТ$ -> #ТЕКСТ$) = -6.509954971043463
correctionProbability (#ЛЮБОВНИЩЫ$ -> #ЛЮБОВНИЦЫ$) = -16.799633052567543
correctionProbability (#КАДИАК$ -> #КОДИАК$) = -14.648007250855887
correctionProbability (#СМОТРПТЬ$ -> #СМОТРЕТЬ$) = -2.410691295784998
correctionProbability (#ОПЕЬЬ$ -> #ОПЕЛЬ$) = -9.856429124037422
correctionProbability (#СТРАИК$ -> #СТРАЙК$) = -12.84773511149415
correctionProbability (#ЛОНАРДО$ -> #ЛЕОНАРДО$) = -12.91992968731811
correctionProbability (#МИСКЕВИЧ$ -> #МИЦКЕВИЧ$) = -23.03616241118484
correctionProbability (#ТАПОРИК$ -> #ТОПОРИК$) = -20.072365847688097
correctionProbability (#ЯНДЕГС$ -> #ЯНДЕКС$) = -2.2520799423994973
correctionProbability (#КЛАПАНАЯ$ -> #КЛАПАННАЯ$) = -21.395990916254554
correctionProbability (#DOCHKISIN0CHKI$ -> #DOCHKISINOCHKI$) = -28.967010685580433
correctionProbability (#РАБОТВЕТ$ -> #РАБОТАЕТ$) = -11.288793629235151
correctionProbability (#ТРАКТР$ -> #ТРАКТОР$) = -9.07161299904849
correctionProbability (#ЕДГАР$ -> #ЭДГАР$) = -16.031689937127826
correctionProbability (#ОБЬЕКТИВНАЯ$ -> #ОБЪЕКТИВНАЯ$) = -25.38013466922505
correctionProbability (#КККАЯ$ -> #КАКАЯ$) = -7.744804839349538
correctionProbability (#СОННІК$ -> #СОННИК$) = -9.497384593868627
correctionProbability (#КИЗЕРИ$ -> #МИЗЕРИ$) = -19.092056533599578
correctionProbability (#КАПТАПРИЛ$ -> #КАПТОПРИЛ$) = -18.752254415369144
correctionProbability (#GESMETEO$ -> #GISMETEO$) = -14.241340075380819
correctionProbability (#СВРВТОВ$ -> #САРАТОВ$) = -74.28937213924085
correctionProbability (#КРАСОВКІ$ -> #КРОССОВКИ$) = -142.84165781457222
correctionProbability (#ЛЕТУАЛ$ -> #ЛЕТУАЛЬ$) = -12.39221973683673
correctionProbability (#МАЛАЛЕТНЙ$ -> #МАЛОЛЕТНЕЙ$) = -88.8547905829819
correctionProbability (#РОЛТОР$ -> #РОУТЕР$) = -77.10363114655313
correctionProbability (#ИМУЩЕСТВП$ -> #ИМУЩЕСТВА$) = -15.335161850880013
correctionProbability (#ИНЬЕКЦИЮ$ -> #ИНЪЕКЦИЮ$) = -24.285523833647908
correctionProbability (#КМЕВ$ -> #КИЕВ$) = -7.569321529610434
correctionProbability (#БРИГС$ -> #БРИГГС$) = -22.385367484108656
correctionProbability (#WALLEY$ -> #VALLEY$) = -11.255370130513956
correctionProbability (#ИНЬЕКЦИЯ$ -> #ИНЪЕКЦИЯ$) = -20.99367685226867
correctionProbability (#ЫУТБОЛ$ -> #ФУТБОЛ$) = -6.868073187190973
correctionProbability (#ИГУРО$ -> #ИГРА$) = -71.34393038648531
correctionProbability (#ПСИХАЛОГИЯ$ -> #ПСИХОЛОГИЯ$) = -15.22826130098779
correctionProbability (#БОЛОРУС$ -> #БЕЛАРУСЬ$) = -141.3827050648772
correctionProbability (#ХЭЙХЕ$ -> #ХЭЙХЭ$) = -18.88232605639011
correctionProbability (#ТРАНСПРИ$ -> #ТРАНСПОРТ$) = -79.5518703690244
correctionProbability (#ХАРОШІ$ -> #ХОРОШІ$) = -21.12025316826008
correctionProbability (#ЕСКИЗИ$ -> #ЭСКИЗЫ$) = -75.71752133575134
correctionProbability (#КАНЬЕН$ -> #КАНЬОН$) = -15.55869657611677
correctionProbability (#ЧЕРНИВЦИ$ -> #ЧЕРНІВЦІ$) = -81.92675383755768
correctionProbability (#МУЗФКУ$ -> #МУЗЫКУ$) = -6.894638442925043
correctionProbability (#AWARENES$ -> #AWARENESS$) = -25.61765891536873
correctionProbability (#ВОСКРЕШИЙ$ -> #ВОСКРЕСШИЙ$) = -18.849720349008464
correctionProbability (#ОФИЦАНТ$ -> #ОФИЦИАНТ$) = -18.082131986917418
correctionProbability (#КОНСУЛЬСВО$ -> #КОНСУЛЬСТВО$) = -20.02329219521907
correctionProbability (#ПЕЛЬЦЕР$ -> #ПЕЛЬТЦЕР$) = -21.97259490489349
correctionProbability (#КОЭФФИЦЕНТ$ -> #КОЭФФИЦИЕНТ$) = -18.378307418944388
correctionProbability (#СЫНОЧК$ -> #СЫНОЧКИ$) = -15.057684476505685
correctionProbability (#СТЕШОК$ -> #СТИШОК$) = -15.519175382085646
correctionProbability (#MINERCAFT$ -> #MINECRAFT$) = -80.4265880552936
correctionProbability (#GARYS$ -> #GARRYS$) = -17.903787479744626
correctionProbability (#ГКОЛА$ -> #ШКОЛА$) = -5.469543607211811
correctionProbability (#КККАН$ -> #КУКАН$) = -19.886663636561277
correctionProbability (#УРОВНЬ$ -> #УРОВЕНЬ$) = -11.676514340840669
correctionProbability (#ДЭКСРП$ -> #ДЕКСП$) = -86.32818811314658
correctionProbability (#КОРОПІ$ -> #КОРОПЦІ$) = -33.53385358373993
correctionProbability (#ЯМОМОТО$ -> #ЯМАМОТО$) = -19.515645219872702
correctionProbability (#НАКАЧЕНЫМ$ -> #НАКАЧЕННЫМ$) = -29.192776130020974
correctionProbability (#СЕЛИКОНА$ -> #СИЛИКОНА$) = -18.566172485314752
correctionProbability (#А5ЫЛШЫН$ -> #АҒЫЛШЫН$) = -16.64959501806949
correctionProbability (#ЛЕНИГРАДСКОГО$ -> #ЛЕНИНГРАДСКОГО$) = -24.632179686604772
correctionProbability (#FASABOOK$ -> #FACEBOOK$) = -74.12376412056892
correctionProbability (#REDTYBE$ -> #REDTUBE$) = -14.608772521730707
correctionProbability (#ПРЕДСКАЗАНИК$ -> #ПРЕДСКАЗАНИЕ$) = -20.611752942159733
correctionProbability (#САГИТАЛЬНЫЙ$ -> #САГИТТАЛЬНЫЙ$) = -28.500144866530185
correctionProbability (#КМДЫ$ -> #КОДЫ$) = -8.581180365956932
correctionProbability (#ГКОЛЕ$ -> #ШКОЛЕ$) = -7.978062265164947
correctionProbability (#НАЩЫВАЕТСЯ$ -> #НАЗЫВАЕТСЯ$) = -13.956121214117324
correctionProbability (#ПЛЕВВУ$ -> #ПЛЕВУ$) = -23.645545829044636
correctionProbability (#ПАТЕНЦИАЛ$ -> #ПОТЕНЦИАЛ$) = -19.064680552635302
correctionProbability (#КОТЬЛЕТ$ -> #КОТЛЕТ$) = -18.193698359333677
correctionProbability (#НОМКР$ -> #НОМЕР$) = -6.336542670278899
correctionProbability (#СЕКРИТАРЬ$ -> #СЕКРЕТАРЬ$) = -16.938997800716926
correctionProbability (#СИНЕГАЛА$ -> #СЕНЕГАЛА$) = -24.007780991630092
correctionProbability (#СОМИРА$ -> #САМИРА$) = -17.999223327718152
correctionProbability (#НАКАЧЕНЫЙ$ -> #НАКАЧЕННЫЙ$) = -24.264836884768307
correctionProbability (#ОЬЛ$ -> #ОБЛ$) = -7.759006172208554
correctionProbability (#FECEIT$ -> #FACEIT$) = -14.456290604257138
correctionProbability (#НАКАЧЕНЫЕ$ -> #НАКАЧЕННЫЕ$) = -22.49259841900929
correctionProbability (#АСТРАЛОГИЯ$ -> #АСТРОЛОГИЯ$) = -18.3255426140987
correctionProbability (#THA$ -> #THE$) = -2.2075605304484576
correctionProbability (#ПРЁМ$ -> #ПРИЁМ$) = -13.61232152058626
correctionProbability (#CONVA$ -> #CANVA$) = -16.1854205551835
correctionProbability (#ППРО$ -> #ПРО$) = -3.9187039778501713
correctionProbability (#ХЕПИ$ -> #ХЭППИ$) = -78.35116450629434
correctionProbability (#ГИРПОРНО$ -> #ГИГПОРНО$) = -15.638283798449805
correctionProbability (#ОФІСНИЙ$ -> #ОФИСНЫЙ$) = -79.58111804656569
correctionProbability (#КОВРИНО$ -> #ХОВРИНО$) = -17.23031567760134
correctionProbability (#НАШАВ$ -> #НАША$) = -11.819574019781474
correctionProbability (#SWIMING$ -> #SWIMMING$) = -21.604023705637644
correctionProbability (#ОТЕЛЬТ$ -> #ОТЕЛЬ$) = -9.494517911862705
correctionProbability (#БЫДО$ -> #БЫЛО$) = -8.515560211026436
correctionProbability (#ПОЛУСЕНТЕТИКА$ -> #ПОЛУСИНТЕТИКА$) = -24.58543685636389
correctionProbability (#АНГЛИТЕР$ -> #АНГЛЕТЕР$) = -23.688161545815007
correctionProbability (#АВТОРИТАРНИЙ$ -> #АВТОРИТАРНЫЙ$) = -25.44377177890714
correctionProbability (#БЙРЫ$ -> #БҰЙРЫҚ$) = -81.20735899074188
correctionProbability (#КЭМПИНГ$ -> #КЕМПИНГ$) = -18.091166703772785
correctionProbability (#МЕТРАСЕПТ$ -> #МЕТРОСЕПТ$) = -34.69730919043858
correctionProbability (#ГОСТИННУЮ$ -> #ГОСТИНУЮ$) = -17.28087852916814
correctionProbability (#СТРАЖЫ$ -> #СТРАЖИ$) = -12.187017569757732
correctionProbability (#ПРВОДЧИК$ -> #ПЕРЕВОДЧИК$) = -74.58406921609094
correctionProbability (#ХАЙВЭЙ$ -> #ХАЙВЕЙ$) = -18.270163570178926
correctionProbability (#КУКПИТЬ$ -> #КУПИТЬ$) = -3.9060097318474796
correctionProbability (#ПЛАСМАСОВЫЕ$ -> #ПЛАСТМАССОВЫЕ$) = -89.1767904183976
correctionProbability (#ГУГГОЛ$ -> #ГУГЛ$) = -72.78796124284145
correctionProbability (#РЫБЫЫ$ -> #РЫБЫ$) = -11.449956179238438
correctionProbability (#ИГЦЫ$ -> #ИГРЫ$) = -2.429736418093121
correctionProbability (#МОЕНТ$ -> #МОМЕНТ$) = -12.982260072127534
correctionProbability (#ПОДМОСКОВЫЙ$ -> #ПОДМОСКОВНЫЙ$) = -26.319927466174768
correctionProbability (#ШЕРБАКОВОЙ$ -> #ЩЕРБАКОВОЙ$) = -20.117119313570008
correctionProbability (#CAPSUL$ -> #CAPSULE$) = -21.26500327434345
correctionProbability (#СПИРИД$ -> #СПИРИТ$) = -15.149794525813622
correctionProbability (#YAUTUBE$ -> #YOUTUBE$) = -6.39112726020506
correctionProbability (#МЕЙЕРСКАЯ$ -> #МЕЩЕРСКАЯ$) = -24.54382132385497
correctionProbability (#NUDEWISTA$ -> #NUDEVISTA$) = -22.325164513458738
correctionProbability (#FEYK$ -> #FAIK$) = -80.18487798146431
correctionProbability (#СИЛП$ -> #СИЛА$) = -9.315862168515178
correctionProbability (#НЕЛЬЗ$ -> #НЕЛЬЗЯ$) = -11.323176877873795
correctionProbability (#МАЙЧКОР$ -> #МАЙСКОРЕ$) = -78.62966254579678
correctionProbability (#БЭНТЛИ$ -> #БЕНТЛИ$) = -16.828090165119253
correctionProbability (#МАНТРИ$ -> #МАНТРЫ$) = -13.721090880587436
correctionProbability (#ЛОШАДИННЫХ$ -> #ЛОШАДИНЫХ$) = -23.522983155457375
correctionProbability (#ДИКЛАРАЦИЯ$ -> #ДЕКЛАРАЦИЯ$) = -16.653859014273756
correctionProbability (#ЛАДЫЖЕСКАЯ$ -> #ЛАДЫЖЕНСКАЯ$) = -15.86679494406949
correctionProbability (#СИЛО$ -> #СЕЛО$) = -8.977948727721031
correctionProbability (#ГРУДАСТИХ$ -> #ГРУДАСТЫХ$) = -21.65996311036205
correctionProbability (#DSOCHKISINOCHKI$ -> #DOCHKISINOCHKI$) = -31.511124478665664
correctionProbability (#СКВИТР$ -> #СКВИРТ$) = -81.17527421648482
correctionProbability (#ХУЗВАРНА$ -> #ХУСКВАРНА$) = -84.29921443352303
correctionProbability (#ВІБРОЦИЛ$ -> #ВИБРОЦИЛ$) = -20.1406357050814
correctionProbability (#ЧНВАРЕ$ -> #ЯНВАРЕ$) = -12.526019318356905
correctionProbability (#АЙРТРЕК$ -> #АИРТРЕК$) = -22.598517787785106
correctionProbability (#ОСРОВ$ -> #ОСТРОВ$) = -10.08359245836488
correctionProbability (#САСЁТ$ -> #СОСЁТ$) = -14.042175584230886
correctionProbability (#БИЛОК$ -> #БЕЛОК$) = -13.339182440534916
correctionProbability (#ОНЛН$ -> #ОНЛАЙН$) = -66.5485238843798
correctionProbability (#FMWHATSAPP$ -> #WHATSAPP$) = -82.197609457873
correctionProbability (#СEРІАЛИ$ -> #СЕРІАЛИ$) = -19.621847303183188
correctionProbability (#СОЗДТЬ$ -> #СОЗДАТЬ$) = -10.761052541749223
correctionProbability (#РОБЛАКС$ -> #РОБЛОКС$) = -7.267922421547354
correctionProbability (#ПРОИВЗОДИЕЛЬ$ -> #ПРОИЗВОДИТЕЛЬ$) = -151.5421272124255
correctionProbability (#ГРОМОФОН$ -> #ГРАММОФОН$) = -84.19933760336842
correctionProbability (#КОЛИСЕСТВО$ -> #КОЛИЧЕСТВО$) = -14.604761715849527
correctionProbability (#ФІНАЛ$ -> #ФИНАЛ$) = -8.56469574555177
correctionProbability (#МОРДЖОМИ$ -> #БОРДЖОМИ$) = -33.85629304865754
correctionProbability (#ШАЛЕВА$ -> #ШАЛАЕВА$) = -21.976657893210785
correctionProbability (#ПРАЭДНИК$ -> #ПРАЗДНИК$) = -10.869852650592641
correctionProbability (#AHEIN$ -> #SHEIN$) = -12.495016431851933
correctionProbability (#ПРОСТОКОВЫХ$ -> #ПРОСТАКОВЫХ$) = -27.055841814079997
correctionProbability (#ДОЦКА$ -> #ДОЧКА$) = -10.912380939373396
correctionProbability (#СОЗДОВАНИЯ$ -> #СОЗДАНИЯ$) = -83.00114842904668
correctionProbability (#ХРЕЗАНТЕМЫ$ -> #ХРИЗАНТЕМЫ$) = -17.16758956996553
correctionProbability (#DOUGHTER$ -> #DAUGHTER$) = -18.220694577295824
correctionProbability (#ЕКШН$ -> #ЭКШН$) = -15.610983181473284
correctionProbability (#РАДИСХЕМА$ -> #РАДИОСХЕМА$) = -27.54111051155622
correctionProbability (#ДОРОВЕЕВ$ -> #ДОРОФЕЕВ$) = -14.860977814361128
correctionProbability (#СУБСИДИ$ -> #СУБСИДИИ$) = -18.010452739621712
correctionProbability (#ВІНИК$ -> #ВІННИК$) = -20.99264662638011
correctionProbability (#РЯЩАНЬ$ -> #РЯЗАНЬ$) = -10.263045814982124
correctionProbability (#СНАХУ$ -> #СНОХУ$) = -19.809425943767703
correctionProbability (#РОЛЕТНЫЕ$ -> #РОЛЛЕТНЫЕ$) = -24.615312611949065
correctionProbability (#БЕЛАРУССКОГО$ -> #БЕЛОРУССКОГО$) = -20.139405893335983
correctionProbability (#КААКИЕ$ -> #КАКИЕ$) = -8.306446153844856
correctionProbability (#ОБЩЕСЬВО$ -> #ОБЩЕСТВО$) = -13.432849909467613
correctionProbability (#САБРАТЬ$ -> #СОБРАТЬ$) = -12.364417986654587
correctionProbability (#ИСТРОИЯ$ -> #ИСТОРИЯ$) = -75.95317728391271
correctionProbability (#ЕВРОПЕЙСЬКИХ$ -> #ЄВРОПЕЙСЬКИХ$) = -28.531991792512308
correctionProbability (#ПОЕЗИЯ$ -> #ПОЭЗИЯ$) = -15.752435198499281
correctionProbability (#РУБЛЙ$ -> #РУБЛЕЙ$) = -10.602242994279745
correctionProbability (#КЕРШЕР$ -> #КЕРХЕР$) = -15.07995802430587
correctionProbability (#ADOPTER$ -> #ADAPTER$) = -17.320560230179083
correctionProbability (#ПИСПЛАТНЫЙ$ -> #БЕСПЛАТНЫЕ$) = -141.88985973508434
correctionProbability (#КОПЮТЕР$ -> #КОМПЬЮТЕР$) = -77.17910029717076
correctionProbability (#LOWES$ -> #LOVES$) = -16.32675205347623
correctionProbability (#АИКИПЕДИЯ$ -> #ВИКИПЕДИЯ$) = -9.423962910251866
correctionProbability (#КЛИНИКП$ -> #КЛИНИКА$) = -9.658968084519067
correctionProbability (#PYCHAR$ -> #PYCHARM$) = -22.12047061884617
correctionProbability (#ВКОТАК$ -> #ВКОНТАКТЕ$) = -137.707146845234
correctionProbability (#КОЛЕКЦИОНЕР$ -> #КОЛЛЕКЦИОНЕР$) = -21.77321681716485
correctionProbability (#АНУЛИРОВАНИИ$ -> #АННУЛИРОВАНИИ$) = -29.398253088829684
correctionProbability (#ПЕРЕГУЛЯННЫЙ$ -> #ПЕРЕГУЛЕННЫЙ$) = -37.832945543657424
correctionProbability (#ЧИХОЛ$ -> #ЧЕХОЛ$) = -9.96737059381407
correctionProbability (#ЛОБАЗНИК$ -> #ЛАБАЗНИК$) = -21.526966105878415
correctionProbability (#ПЛЭЙБОЙ$ -> #ПЛЕЙБОЙ$) = -14.995473611322751
correctionProbability (#СТАРЫЫМ$ -> #СТАРЫМ$) = -19.64856791244186
correctionProbability (#ОБВЕСИ$ -> #ОБВЕСЫ$) = -18.73280983608051
correctionProbability (#ЕРВОЙ$ -> #ПЕРВОЙ$) = -11.995425794976494
correctionProbability (#БРЕСТИ$ -> #БРЕСТЕ$) = -12.941141477870222
correctionProbability (#ЖЕШЕВЫЕ$ -> #ДЕШЕВЫЕ$) = -10.031785107265485
correctionProbability (#КАРПАРАЦИЯ$ -> #КОРПОРАЦИЯ$) = -81.03103322198542
correctionProbability (#ВОЗБУЖДЕНАЯ$ -> #ВОЗБУЖДЕННАЯ$) = -26.882797041377735
correctionProbability (#МЕДКОМИСИИ$ -> #МЕДКОМИССИИ$) = -23.751393501836965
correctionProbability (#МАЛОДЕЖ$ -> #МОЛОДЕЖЬ$) = -81.30480406601512
correctionProbability (#RUSSKAY$ -> #RUSSKAYA$) = -19.099874094313336
correctionProbability (#ИПОНСКИЕ$ -> #ЯПОНСКИЕ$) = -12.20047618978922
correctionProbability (#КОРРЕСПОНДЕН$ -> #КОРРЕСПОНДЕНТ$) = -20.2814640995024
correctionProbability (#РАСПЕЧАТОТЬ$ -> #РАСПЕЧАТАТЬ$) = -11.748789972997145
correctionProbability (#МЕЛОКСИК$ -> #МЕЛОКСИКАМ$) = -84.67227832995775
correctionProbability (#SUBVAY$ -> #SUBWAY$) = -16.712073308778717
correctionProbability (#ВОЛИНСКИЙ$ -> #ВОЛЫНСКИЙ$) = -22.78039446260739
correctionProbability (#БЛСМ$ -> #БДСМ$) = -9.778131578656133
correctionProbability (#БРАЗИЛИАНКИ$ -> #БРАЗИЛЬЯНКИ$) = -89.0614542586917
correctionProbability (#ФУРАДОНІН$ -> #ФУРАДОНИН$) = -19.522322485354096
correctionProbability (#РЕМЛНТ$ -> #РЕМОНТ$) = -5.084532191473041
correctionProbability (#ОНЛІ$ -> #ОНЛИ$) = -15.93251992406078
correctionProbability (#DVLOTTER$ -> #DVLOTTERY$) = -19.125326024803748
correctionProbability (#ПРОЭКЦИИ$ -> #ПРОЕКЦИИ$) = -18.201317513655063
correctionProbability (#ОХЛАБЫСТИНЫ$ -> #ОХЛОБЫСТИНЫМ$) = -90.28792658940802
correctionProbability (#ОНРЛАЙН$ -> #ОНЛАЙН$) = -3.134667849499518
correctionProbability (#СЕТУАЦИИ$ -> #СИТУАЦИИ$) = -15.463712048486677
correctionProbability (#SPEEDFUN$ -> #SPEEDFAN$) = -22.410094512046975
correctionProbability (#ТМРО$ -> #ТАРО$) = -8.445172299551185
correctionProbability (#СОМОЛЕТЕ$ -> #САМОЛЕТЕ$) = -14.612550384905802
correctionProbability (#БИЛНТ$ -> #БИЛЕТ$) = -7.149652248664729
correctionProbability (#ВИТОМ$ -> #ВЕТОМ$) = -17.12055332495832
correctionProbability (#НЕЛОРОГО$ -> #НЕДОРОГО$) = -8.778758771165386
correctionProbability (#ОЗРАНЫ$ -> #ОХРАНЫ$) = -12.261156158459823
correctionProbability (#БЛУСТАКС$ -> #БЛЮСТАКС$) = -17.217309161051013
correctionProbability (#ТАМИРЛАН$ -> #ТАМЕРЛАН$) = -19.103391523741656
correctionProbability (#МЕЛИФИСЕНТА$ -> #МАЛЕФИСЕНТА$) = -78.64226369144615
correctionProbability (#БРУНЕТКОЙ$ -> #БРЮНЕТКОЙ$) = -20.382271808794982
correctionProbability (#ПЛЕТЕННЫЕ$ -> #ПЛЕТЕНЫЕ$) = -21.665745358724557
correctionProbability (#ГОРМОШКОЙ$ -> #ГАРМОШКОЙ$) = -20.514215085570548
correctionProbability (#ПОДНЯТСЯ$ -> #ПОДНЯТЬСЯ$) = -21.677792986528907
correctionProbability (#ОТСУТВИИ$ -> #ОТСУТСТВИИ$) = -83.62186138058973
correctionProbability (#ДЯЧЕНКО$ -> #ДЬЯЧЕНКО$) = -19.852553916535932
correctionProbability (#ЧАМЬЕВО$ -> #ЧАМЬЮВА$) = -84.60205347426803
correctionProbability (#ПЛАТИЬ$ -> #ПЛАТИТЬ$) = -14.01834243056291
correctionProbability (#КОЖАННУЮ$ -> #КОЖАНУЮ$) = -18.482716221113122
correctionProbability (#ПЕРИОТ$ -> #ПЕРИОД$) = -10.129722538803907
correctionProbability (#ОТКРТЬ$ -> #ОТКРЫТЬ$) = -10.717351428420244
correctionProbability (#ЕФЕКТИВНЫЕ$ -> #ЭФФЕКТИВНЫЕ$) = -84.10847828089526
correctionProbability (#БЕСТПЛАТНО$ -> #БЕСПЛАТНО$) = -7.217336860604377
correctionProbability (#КРУТС$ -> #КРУДС$) = -13.780850998380831
correctionProbability (#КОДО$ -> #КОДОМ$) = -16.072551204544656
correctionProbability (#ЗАРАСНАЯ$ -> #ЗАРАЗНАЯ$) = -24.738851206063707
correctionProbability (#CHASH$ -> #CASH$) = -16.485265950098967
correctionProbability (#ЛЕТУАЛОЬ$ -> #ЛЕТУАЛЬ$) = -14.371579163232461
correctionProbability (#КАДЬКУЛЯТОР$ -> #КАЛЬКУЛЯТОР$) = -12.185039798095815
correctionProbability (#ДИЛСОРА$ -> #ДИЛДОРА$) = -19.56626018780384
correctionProbability (#КАДИШЕВА$ -> #КАДЫШЕВА$) = -15.784832389585482
correctionProbability (#ПОТХОДИТ$ -> #ПОДХОДИТ$) = -15.28023275053038
correctionProbability (#МЬЮЗИКЛА$ -> #МЮЗИКЛА$) = -21.055803093378778
correctionProbability (#ОНКИ$ -> #ГОНКИ$) = -9.458017570096697
correctionProbability (#КРВШКА$ -> #КРЫШКА$) = -13.782148310179029
correctionProbability (#РЕБОНОК$ -> #РЕБЕНОК$) = -10.296453080210625
correctionProbability (#ПОСТАНОВЛЕННИЕ$ -> #ПОСТАНОВЛЕНИЕ$) = -19.490974638076636
correctionProbability (#ЧНВАРЬ$ -> #ЯНВАРЬ$) = -13.713886677666725
correctionProbability (#БРАКОВАНЫХ$ -> #БРАКОВАННЫХ$) = -28.13998555039319
correctionProbability (#MOVEIS$ -> #MOVIES$) = -79.26206632025884
correctionProbability (#ШОТКИ$ -> #ШОТТКИ$) = -23.182141619034738
correctionProbability (#БИЗНОСА$ -> #БИЗНЕСА$) = -11.135243037320706
correctionProbability (#ПЛАНИРРВАНИЕ$ -> #ПЛАНИРОВАНИЕ$) = -17.941570625811018
correctionProbability (#КАПЕТЁРКА$ -> #КАПТЁРКА$) = -24.78181179401033
correctionProbability (#ЛАЦФ$ -> #ЛАЙФ$) = -7.509619720655447
correctionProbability (#ВИНДОСЕ$ -> #ВИНДОВС$) = -77.65751778186137
correctionProbability (#ЖEНА$ -> #ЖЕНА$) = -7.18859368227373
correctionProbability (#КОДВ$ -> #КОДЫ$) = -8.515897438052978
correctionProbability (#КРУТЕ$ -> #КРУТЫЕ$) = -10.371344144189091
correctionProbability (#МЕСЯЦНЫЕ$ -> #МЕСЯЧНЫЕ$) = -15.309801249375283
correctionProbability (#LIVECORE$ -> #LIVESCORE$) = -15.089859263537512
correctionProbability (#ЛАЦТ$ -> #ЛАЙТ$) = -9.999831182694106
correctionProbability (#КОФЛИКТ$ -> #КОНФЛИКТ$) = -16.65065103791028
correctionProbability (#ДРОКОНОВ$ -> #ДРАКОНОВ$) = -15.70487534471821
correctionProbability (#ПРОЭКЦИЯ$ -> #ПРОЕКЦИЯ$) = -18.74695618594548
correctionProbability (#ОБОРОТИ$ -> #ОБОРОТЫ$) = -14.916222434008233
correctionProbability (#ЭНТЕРНЕТ$ -> #ИНТЕРНЕТ$) = -5.98898929783415
correctionProbability (#РАССКАРАСКИ$ -> #РАСКРАСКИ$) = -78.76009475816082
correctionProbability (#ВИНОГРАДНОЦ$ -> #ВИНОГРАДНОЙ$) = -23.245676674062338
correctionProbability (#ЦЭНА$ -> #ЦЕНА$) = -2.2296475098722475
correctionProbability (#ПЕРИОЛ$ -> #ПЕРИОД$) = -10.12548356992458
correctionProbability (#ОТЧАННЫЕ$ -> #ОТЧАЯННЫЕ$) = -13.129898185676986
correctionProbability (#ШЛІФОВКА$ -> #ШЛИФОВКА$) = -17.468937699316463
correctionProbability (#PERFOMANCE$ -> #PERFORMANCE$) = -22.51455226987798
correctionProbability (#РОГБЛОКС$ -> #РОБЛОКС$) = -9.86628329025455
correctionProbability (#АНІВАР$ -> #АНИВАР$) = -14.050921062814734
correctionProbability (#СМАЛАТЫ$ -> #САЛАТЫ$) = -13.164755089973799
correctionProbability (#ГАЗВАТЬ$ -> #НАЗВАТЬ$) = -13.573561717852833
correctionProbability (#МАНАГАВТ$ -> #МАНАВГАТ$) = -89.64543538541709
correctionProbability (#ВИНДОСВ$ -> #ВИНДОВС$) = -77.67853642081936
correctionProbability (#ПЕРИОЖ$ -> #ПЕРИОД$) = -10.133473535050737
correctionProbability (#НОВОГОДНАЯ$ -> #НОВОГОДНЯЯ$) = -15.84227393474756
correctionProbability (#БРИЛИАНТАМИ$ -> #БРИЛЛИАНТАМИ$) = -21.249744853983536
correctionProbability (#СМОТРЕ6ТЬ$ -> #СМОТРЕТЬ$) = -4.928269261338466
correctionProbability (#КАРНИТЕН$ -> #КАРНИТИН$) = -20.134697344673256
correctionProbability (#ГИПЕРТЕРИОЗ$ -> #ГИПЕРТИРЕОЗ$) = -83.63992223091124
correctionProbability (#ГРАБНИЦА$ -> #ГРОБНИЦА$) = -18.320699594863648
correctionProbability (#ИНДУСТРИ$ -> #ИНДУСТРИИ$) = -20.041196329723512
correctionProbability (#ЛАБОРОТОРИИ$ -> #ЛАБОРАТОРИИ$) = -18.94815589729285
correctionProbability (#ПРЕПОДОВАТЕЛЕЙ$ -> #ПРЕПОДАВАТЕЛЕЙ$) = -24.32005349965212
correctionProbability (#ХЭЛУИНА$ -> #ХЭЛЛОУИНА$) = -82.22510843313704
correctionProbability (#PHOTOSHOPE$ -> #PHOTOSHOP$) = -18.708798456251778
correctionProbability (#ИГРУЗА$ -> #ИГРУХА$) = -14.970312788174443
correctionProbability (#HIELD$ -> #SHIELD$) = -10.761379410718849
correctionProbability (#ЮТУБЖОЛА$ -> #ЮТУБЖОПА$) = -33.92459381030498
correctionProbability (#БРАЗИЛИАНКУ$ -> #БРАЗИЛЬЯНКУ$) = -93.64947662264191
correctionProbability (#СОКЕРЛАМФ$ -> #СОККЕРЛАЙФ$) = -90.07525921779917
correctionProbability (#НАДПИСТ$ -> #НАДПИСЬ$) = -11.63963971791955
correctionProbability (#ДИКЛАРАЦИИ$ -> #ДЕКЛАРАЦИИ$) = -16.25719138154262
correctionProbability (#УНЕФОРМЕ$ -> #УНИФОРМЕ$) = -21.380077602501544
correctionProbability (#АББАТСОВО$ -> #АББАТСТВО$) = -17.02478298063241
correctionProbability (#РОПЛЫКС$ -> #РОБЛОКС$) = -72.12260489755984
correctionProbability (#КАРТОЩКА$ -> #КАРТОШКА$) = -14.001324340372612
correctionProbability (#ЛИСТВЕНИЦЫ$ -> #ЛИСТВЕННИЦЫ$) = -21.73564016969992
correctionProbability (#OFFIS$ -> #OFFICE$) = -77.14736217728985
correctionProbability (#УСНЫЙ$ -> #УСТНЫЙ$) = -17.240382239326767
correctionProbability (#ФОТСТРАНА$ -> #ФОТОСТРАНА$) = -10.608720309804475
correctionProbability (#НАРИСОВАТИ$ -> #НАРИСОВАТЬ$) = -10.420839085555997
correctionProbability (#ИНФОРМАТИК$ -> #ИНФОРМАТИКА$) = -17.241600807542618
correctionProbability (#ЭЛБДОРАДО$ -> #ЭЛЬДОРАДО$) = -12.07994920806427
correctionProbability (#ЛЕЧИНКИ$ -> #ЛИЧИНКИ$) = -17.504032912054008
correctionProbability (#KIDE$ -> #KID$) = -16.53249966228122
correctionProbability (#ИЗМЕНИЕНИЕ$ -> #ИЗМЕНЕНИЕ$) = -18.13975364542845
correctionProbability (#ФИНБЕТ$ -> #ФОНБЕТ$) = -10.514813008707211
correctionProbability (#ПРЕПОДОВАТЕЛЕМ$ -> #ПРЕПОДАВАТЕЛЕМ$) = -27.60041943716898
correctionProbability (#БОБРИ$ -> #БОБРЫ$) = -16.875822583227897
correctionProbability (#ПАБК$ -> #ПАБГ$) = -11.13584004702454
correctionProbability (#KIDC$ -> #KIDS$) = -10.424122386651849
correctionProbability (#ПРОИГРОВАТЕЛЬ$ -> #ПРОИГРЫВАТЕЛЬ$) = -21.46430161157251
correctionProbability (#ЧЕНИТЬ$ -> #ЧИНИТЬ$) = -19.99795102882823
correctionProbability (#MENEGMENT$ -> #MANAGEMENT$) = -147.97305101323835
correctionProbability (#СТУДЕНИЦЯ$ -> #СТУДЕНИЦА$) = -34.825285361288415
correctionProbability (#TREEPMYDREAM$ -> #TRIPMYDREAM$) = -88.59464296218918
correctionProbability (#РОЖДЕГИЯ$ -> #РОЖДЕНИЯ$) = -6.742789877623757
correctionProbability (#РЕИТИНГ$ -> #РЕЙТИНГ$) = -10.18941399425141
correctionProbability (#МЕНТАЙ$ -> #МИНТАЙ$) = -15.715929059417778
correctionProbability (#ПЕРЕНОТАЛЬНЫЙ$ -> #ПЕРИНАТАЛЬНЫЙ$) = -86.87215923995166
correctionProbability (#ГРЕНОБОЛЯ$ -> #ГРЕНОБЛЯ$) = -26.765740897895512
correctionProbability (#МАСАЖА$ -> #МАССАЖА$) = -14.413300183265115
correctionProbability (#ССССР$ -> #СССР$) = -9.923311558664867
correctionProbability (#АНІМЕ$ -> #АНИМЕ$) = -5.930130973511584
correctionProbability (#ОГРНИЧЕН$ -> #ОГРАНИЧЕН$) = -22.629990571026624
correctionProbability (#ДЕКАРАТИВНОЕ$ -> #ДЕКОРАТИВНОЕ$) = -21.149011779769616
correctionProbability (#ИРУТСКАЯ$ -> #ИРКУТСКАЯ$) = -17.691219550769013
correctionProbability (#ЛЕТУАЛНЬ$ -> #ЛЕТУАЛЬ$) = -14.340626567395752
correctionProbability (#КРОСОВЕРОВ$ -> #КРОССОВЕРОВ$) = -23.554998019364902
correctionProbability (#СКВИРД$ -> #СКВИРТ$) = -13.353251824391709
correctionProbability (#ТЕЛЕКОМУНИКАЦИЙ$ -> #ТЕЛЕКОММУНИКАЦИЙ$) = -30.173763721047074
correctionProbability (#МАКЕЯЖ$ -> #МАКИЯЖ$) = -11.048157563400547
correctionProbability (#БИРЮЛЕВЕ$ -> #БИРЮЛЕВО$) = -18.428151950872746
correctionProbability (#РАДИОЭЛЕКТРТНИКЕ$ -> #РАДИОЭЛЕКТРОНИКЕ$) = -34.25293381038107
correctionProbability (#ВРЕДИН$ -> #ВРЕДЕН$) = -15.708605596481558
correctionProbability (#НЕРЧЕНСКА$ -> #НЕРЧИНСКА$) = -26.205726848556203
correctionProbability (#SVYZNOY$ -> #SVYAZNOY$) = -22.59540344406809
correctionProbability (#ОХЛАБЫСТИНА$ -> #ОХЛОБЫСТИНА$) = -22.74202643831213
correctionProbability (#ПАРАЦЕТОМОЛА$ -> #ПАРАЦЕТАМОЛА$) = -26.172607310993968
correctionProbability (#ALLGIME$ -> #ALLTIME$) = -19.52806580585078
correctionProbability (#OFFIC$ -> #OFFICE$) = -12.409341814964126
correctionProbability (#ДЕКАРАТИВНОЙ$ -> #ДЕКОРАТИВНОЙ$) = -21.411115453299338
correctionProbability (#САРТА$ -> #СОРТА$) = -9.558624831065583
correctionProbability (#ОТВАРН$ -> #ОТВАРНОЙ$) = -85.11670685884707
correctionProbability (#РУМИНИЯ$ -> #РУМЫНИЯ$) = -16.29553174045415
correctionProbability (#МИРАКОВ$ -> #МИРАКОВА$) = -18.387840013646844
correctionProbability (#DOCHKISINOVCHKI$ -> #DOCHKISINOCHKI$) = -31.524977917532645
correctionProbability (#НАРОЩЕНЫХ$ -> #НАРОЩЕННЫХ$) = -21.51893418772287
correctionProbability (#DEUTCHE$ -> #DEUTSCHE$) = -19.60454600611866
correctionProbability (#МАСЛОСЬЕМНЫХ$ -> #МАСЛОСЪЕМНЫХ$) = -25.267126123656908
correctionProbability (#ВОРОНИЖ$ -> #ВОРОНЕЖ$) = -8.91251063813251
correctionProbability (#ЕЛЬВИРА$ -> #ЭЛЬВИРА$) = -15.747529574410613
correctionProbability (#ЕЛЕКТРОПРИВОД$ -> #ЭЛЕКТРОПРИВОД$) = -24.24953959394834
correctionProbability (#МУЗВКА$ -> #МУЗЫКА$) = -5.469476701475198
correctionProbability (#МАСАЖЖ$ -> #МАССАЖ$) = -76.1551121558902
correctionProbability (#NOT32$ -> #NOD32$) = -11.817173744632075
correctionProbability (#ЧЯСТНЫЕ$ -> #ЧАСТНЫЕ$) = -12.142368457864173
correctionProbability (#МАСАЖЕ$ -> #МАССАЖЕ$) = -17.52808237720793
correctionProbability (#ТРАВЕЛАТ$ -> #ТРАВЕЛАТА$) = -16.919400764498427
correctionProbability (#ЗОИБИ$ -> #ЗОМБИ$) = -8.163632656697391
correctionProbability (#ЧЕСНОГО$ -> #ЧЕСТНОГО$) = -23.208870160396593
correctionProbability (#XXNXXX$ -> #XNXX$) = -78.53506468460776
correctionProbability (#ЭСКУРСИОННЫЕ$ -> #ЭКСКУРСИОННЫЕ$) = -22.82402063469594
correctionProbability (#АККРЕДЕТИВ$ -> #АККРЕДИТИВ$) = -22.41226994775309
correctionProbability (#АЗИТКИ$ -> #АЗИАТКИ$) = -15.062645031825227
correctionProbability (#СПИНИНГОВОЙ$ -> #СПИННИНГОВОЙ$) = -30.312987927458757
correctionProbability (#НКОБЫЧНЫЙ$ -> #НЕОБЫЧНЫЙ$) = -16.54137028037352
correctionProbability (#РЕТУАЛ$ -> #РИТУАЛ$) = -14.471142371649616
correctionProbability (#АУТОИМУННОМ$ -> #АУТОИММУННОМ$) = -29.49700399458151
correctionProbability (#МАНТЕССОРИ$ -> #МОНТЕССОРИ$) = -20.222009671624008
correctionProbability (#ЧИХЛЫ$ -> #ЧЕХЛЫ$) = -11.120809857030128
correctionProbability (#ДОКМЕНТОВ$ -> #ДОКУМЕНТОВ$) = -15.083256123998517
correctionProbability (#ЯЛУАНЬ$ -> #ЯЛУНВАНЬ$) = -90.56762327564068
correctionProbability (#МЕНТАЯ$ -> #МИНТАЯ$) = -16.860009497600647
correctionProbability (#УЙЫМДАСТЫРУ$ -> #ҰЙЫМДАСТЫРУ$) = -22.47745475110336
correctionProbability (#NGUEN$ -> #NGUYEN$) = -21.649036329274036
correctionProbability (#ЗАПЧВСТИ$ -> #ЗАПЧАСТИ$) = -10.115285706051765
correctionProbability (#УЗЫНДЫГЫ$ -> #ҰЗЫНДЫҒЫ$) = -85.91034182166868
correctionProbability (#МАКРОСЬЕМКА$ -> #МАКРОСЪЕМКА$) = -25.532703503662404
correctionProbability (#ВРЕМЕНП$ -> #ВРЕМЕНА$) = -12.983037747678708
correctionProbability (#ВРЕМЕНО$ -> #ВРЕМЕННО$) = -17.6303491886246
correctionProbability (#КАЗАХТАН$ -> #КАЗАХСТАН$) = -11.666270391226114
correctionProbability (#ТРОСТЕНЦОВ$ -> #ТРОСТЕНЦОВА$) = -22.29451077391311
correctionProbability (#ТЕЛНФОН$ -> #ТЕЛЕФОН$) = -7.466293690848673
correctionProbability (#КРАСТВОЕ$ -> #КРАСИВОЕ$) = -12.359349217336494
correctionProbability (#КОЛИР$ -> #КОЛІР$) = -17.90787868219778
correctionProbability (#МЕЧЁМ$ -> #МЕЧОМ$) = -15.705924865667914
correctionProbability (#ПРОХОДЯТЬ$ -> #ПРОХОДЯТ$) = -19.4039368866609
correctionProbability (#ТРАВЕЛАА$ -> #ТРАВЕЛАТА$) = -16.88403773083941
correctionProbability (#КОМЕНТАТОР$ -> #КОММЕНТАТОР$) = -24.051452809687817
correctionProbability (#СТИКЕРИ$ -> #СТИКЕРЫ$) = -13.358411444801462
correctionProbability (#ПРТИКУЛ$ -> #АРТИКУЛ$) = -15.30606900800943
correctionProbability (#САБНАВТИКА$ -> #САБНАТИКА$) = -23.992114159629445
correctionProbability (#РИЧЧЬОНЕ$ -> #РИЧЧОНЕ$) = -26.89751275182079
correctionProbability (#ПРАВАВОЕ$ -> #ПРАВОВОЕ$) = -17.13465113566653
correctionProbability (#ОЛЕГРОВА$ -> #АЛЛЕГРОВА$) = -81.51432366028789
correctionProbability (#ДЮБЛЮ$ -> #ЛЮБЛЮ$) = -9.235639726989621
correctionProbability (#МЭДЖОР$ -> #МЭЙДЖОР$) = -15.690018802736738
correctionProbability (#ПРОВЕРЕНАЯ$ -> #ПРОВЕРЕННАЯ$) = -21.41752528998653
correctionProbability (#COMON$ -> #COMMON$) = -16.78944847012885
correctionProbability (#ПІСНЬУ$ -> #ПІСНЮ$) = -80.50871963994514
correctionProbability (#ОКЛАЙН$ -> #ОНЛАЙН$) = -0.6576688551518863
correctionProbability (#НАРУЖНЕГО$ -> #НАРУЖНОГО$) = -18.105804250377375
correctionProbability (#ПАСТЕНОР$ -> #ПОСТИНОР$) = -84.4741094845998
correctionProbability (#ДЕФФЕКТЫ$ -> #ДЕФЕКТЫ$) = -20.25426184398124
correctionProbability (#РАЗРОБОТКИ$ -> #РАЗРАБОТКИ$) = -17.315861962200927
correctionProbability (#ПЕПТОСТРЕПТОККОКИ$ -> #ПЕПТОСТРЕПТОКОККИ$) = -110.66541373349528
correctionProbability (#МАСАЖЫ$ -> #МАССАЖ$) = -76.14985549567189
correctionProbability (#ЕРОРАСКАЗИ$ -> #ЭРОРАССКАЗЫ$) = -152.08615793147376
correctionProbability (#БЕСПЛВАТНО$ -> #БЕСПЛАТНО$) = -7.246619276616471
correctionProbability (#ПААА$ -> #ПАПА$) = -6.5873502767504455
correctionProbability (#АЙЗБЕРГ$ -> #АЙСБЕРГ$) = -16.718609001516803
correctionProbability (#UNIKORN$ -> #UNICORN$) = -19.194111113054433
correctionProbability (#УИЛИС$ -> #УИЛЛИС$) = -17.781371800317576
correctionProbability (#СООТВЕТСВУЕТ$ -> #СООТВЕТСТВУЕТ$) = -22.800817976550043
correctionProbability (#СОЫТИЯ$ -> #СОБЫТИЯ$) = -13.302315895291677
correctionProbability (#УНЕРСЕТЕТЕ$ -> #УНИВЕРСИТЕТЕ$) = -152.54853876380088
correctionProbability (#ФУРНІТУРА$ -> #ФУРНИТУРА$) = -15.397801892325873
correctionProbability (#ЗОЛОТОЦ$ -> #ЗОЛОТОЙ$) = -10.784807105708992
correctionProbability (#ЗАФТИРА$ -> #ЗАВТРА$) = -76.64209216831878
correctionProbability (#ТОЛЬК$ -> #ТОЛЬКО$) = -9.988980349995455
correctionProbability (#ВЕТРЕНННЫЙ$ -> #ВЕТРЕНЫЙ$) = -81.70191860969362
correctionProbability (#ПРИЗЕНТЕНТ$ -> #ПРЕЗИДЕНТ$) = -211.575841990397
correctionProbability (#ЖИТОМИРСЬКОІ$ -> #ЖИТОМИРСЬКОЇ$) = -27.87148595730053
correctionProbability (#МОНОВАР$ -> #МАНОВАР$) = -19.107741250088104
correctionProbability (#ШТУТТГАРТ$ -> #ШТУТГАРТ$) = -22.76651594738832
correctionProbability (#СИМФОРЛПОЛЯ$ -> #СИМФЕРОПОЛЯ$) = -81.99122708641163
correctionProbability (#ТЕТРОБОРАТ$ -> #ТЕТРАБОРАТ$) = -22.24048346741406
correctionProbability (#БИРЮЛЕВА$ -> #БИРЮЛЕВО$) = -18.328668991949492
correctionProbability (#АФТОБУС$ -> #АВТОБУС$) = -10.08716342970287
correctionProbability (#BALSHAYA$ -> #BOLSHAYA$) = -23.31323722074964
correctionProbability (#МЕСНИКА$ -> #МЯСНИКА$) = -19.94352743366946
correctionProbability (#ЦЕПЕЛЛИНЫ$ -> #ЦЕППЕЛИНЫ$) = -93.15590729044301
correctionProbability (#ПИЛГРИМ$ -> #ПИЛИГРИМ$) = -16.514491305340265
correctionProbability (#УЧКБНИК$ -> #УЧЕБНИК$) = -9.068830971541743
correctionProbability (#ПРІГОТОВІТЬ$ -> #ПРИГОТОВИТЬ$) = -77.15841980782703
correctionProbability (#АЛЛЮОКСИНГ$ -> #АЛЛБОКСИНГ$) = -19.526868117125446
correctionProbability (#РАЗБЛАКИРОВАТЬ$ -> #РАЗБЛОКИРОВАТЬ$) = -20.845103061089986
correctionProbability (#РФЕРАТ$ -> #РЕФЕРАТ$) = -11.287762119969663
correctionProbability (#ВИНДОУС$ -> #ВИНДОВС$) = -9.81911097353754
correctionProbability (#РEЧEННЯ$ -> #РЕЧЕННЯ$) = -80.97478504381816
correctionProbability (#BYA$ -> #BY$) = -10.102839413664515
correctionProbability (#ШЕРСТЯННЫЕ$ -> #ШЕРСТЯНЫЕ$) = -22.244947462991597
correctionProbability (#РИБХОЗ$ -> #РЫБХОЗ$) = -18.644878570676813
correctionProbability (#ПЕРЕМЕНИ$ -> #ПЕРЕМЕНЫ$) = -19.85145477421578
correctionProbability (#ПЕДИАТОР$ -> #ПЕДИАТР$) = -19.12446453598416
correctionProbability (#ПРАВАВОЙ$ -> #ПРАВОВОЙ$) = -16.158642175835823
correctionProbability (#ЗВЁЗДАЧКА$ -> #ЗВЁЗДОЧКА$) = -18.73702392662682
correctionProbability (#ЭРОГЛИФЫ$ -> #ИЕРОГЛИФЫ$) = -83.96241288966297
correctionProbability (#РЕЗАНЫХ$ -> #РЕЗАННЫХ$) = -23.9412464166558
correctionProbability (#ЛЮБНЫЙ$ -> #ЛЮБОВНЫЙ$) = -81.21029510651906
correctionProbability (#ТИКЕТЛАНД$ -> #ТИКЕТЛЭНД$) = -17.078819764642198
correctionProbability (#TRANSLANTE$ -> #TRANSLATE$) = -15.869359248776753
correctionProbability (#ПРЕСТИЖО$ -> #ПРЕСТИЖИО$) = -20.306172390280693
correctionProbability (#BYG$ -> #BIG$) = -7.430517463980173
correctionProbability (#БЕЗНАДИЧНВХ$ -> #БЕЗНАЛИЧНЫХ$) = -89.80013007125757
correctionProbability (#ПРАЗДНК$ -> #ПРАЗДНИК$) = -11.472021885180204
correctionProbability (#ЗАУОН$ -> #ЗАКОН$) = -8.007997255441936
correctionProbability (#КУПИТИТЬ$ -> #КУПИТЬ$) = -71.14146625614369
correctionProbability (#ЭКСПЛОЕР$ -> #ЭКСПЛОРЕР$) = -17.979009891370183
correctionProbability (#ТІГУАН$ -> #ТИГУАН$) = -12.889653971656376
correctionProbability (#ГАРЯЧЕ$ -> #ГОРЯЧЕЕ$) = -81.36778472965543
correctionProbability (#ИДИАЛ$ -> #ИДЕАЛ$) = -15.380099283841279
correctionProbability (#БЛОД$ -> #БЛУД$) = -17.25640347631968
correctionProbability (#РУБОЯ$ -> #РУБЛЯ$) = -11.050222578500101
correctionProbability (#ДЖУМАЛЬГИНСКИЕ$ -> #ДЖУМАЛИНСКИЕ$) = -107.5325240586144
correctionProbability (#ВЗОЛМ$ -> #ВЗЛОМ$) = -76.84935818675237
correctionProbability (#ПРОФФЕССИИ$ -> #ПРОФЕССИИ$) = -16.94031615717156
correctionProbability (#КОМБЕНИЗОНЫ$ -> #КОМБИНЕЗОНЫ$) = -84.57412973757096
correctionProbability (#КАПТИНКА$ -> #КАРТИНКА$) = -7.2730359482899445
correctionProbability (#ДЕВИС$ -> #ДЭВИС$) = -15.516447884325078
correctionProbability (#ВІНИЦЬКА$ -> #ВІННИЦЬКА$) = -22.51919489729181
correctionProbability (#ЧАЙКОВСЬКОГО$ -> #ЧАЙКОВСКОГО$) = -21.557449489299728
correctionProbability (#РНМОНТ$ -> #РЕМОНТ$) = -5.075322274674157
correctionProbability (#ЖИТОМЕРСЬКА$ -> #ЖИТОМИРСЬКА$) = -24.42091760118886
correctionProbability (#РАСКАЖИ$ -> #РАССКАЖИ$) = -16.979929269806874
correctionProbability (#НЕТФОРСПИД$ -> #НЕДФОРСПИД$) = -23.809285377045924
correctionProbability (#ДИСЛАМИЯ$ -> #ДИСЛАЛИЯ$) = -23.27294285901217
correctionProbability (#GLOWLNG$ -> #GLOWING$) = -24.560698708330065
correctionProbability (#АЗАНЬ$ -> #КАЗАНЬ$) = -8.045108829871975
correctionProbability (#УКАЇНА$ -> #УКРАЇНА$) = -14.268772882598256
correctionProbability (#SEVFROM$ -> #SAVEFROM$) = -80.92361470013557
correctionProbability (#СТАВРОПАЛЬ$ -> #СТАВРОПОЛЬ$) = -14.04952701712363
correctionProbability (#ОВСПРИНГ$ -> #ОФФСПРИНГ$) = -89.94987835672443
correctionProbability (#ТОМАЗ$ -> #ТОМАС$) = -11.237750290189933
correctionProbability (#STRIPTIS$ -> #STRIPTIZ$) = -22.160446786927558
correctionProbability (#CASTURBATE$ -> #CHATURBATE$) = -86.65847159493879
correctionProbability (#КОРТУНКОВОЙ$ -> #КАРТУНКОВОЙ$) = -22.223672970068108
correctionProbability (#ГЕМНАЗИЯ$ -> #ГИМНАЗИЯ$) = -12.909336831877027
correctionProbability (#ПЛОТЕРА$ -> #ПЛОТТЕРА$) = -23.232321542467837
correctionProbability (#ХОЛИЦИСТИТЕ$ -> #ХОЛЕЦИСТИТЕ$) = -23.620940234262363
correctionProbability (#WIKIKI$ -> #WAIKIKI$) = -19.75176114410378
correctionProbability (#ЭВЕНОВ$ -> #ЭВЕНКОВ$) = -22.576467221432516
correctionProbability (#DRIVEPACK$ -> #DRIVERPACK$) = -17.031878825880746
correctionProbability (#ДЕКАРОТИВНЫЙ$ -> #ДЕКОРАТИВНЫЙ$) = -83.75406674061469
correctionProbability (#ТОРМОЗНИХ$ -> #ТОРМОЗНЫХ$) = -16.789971812499445
correctionProbability (#ЭСКОВАТОР$ -> #ЭКСКАВАТОР$) = -81.3111943714448
correctionProbability (#COUNTR$ -> #COUNTER$) = -16.761155480023618
correctionProbability (#ЗЛОМАНУ$ -> #ВЗЛОМАННУЮ$) = -147.46410281701557
correctionProbability (#ТЕХНОЛГИИ$ -> #ТЕХНОЛОГИИ$) = -14.826868597198676
correctionProbability (#ПРЕДЯВЛЕНИЯ$ -> #ПРЕДЪЯВЛЕНИЯ$) = -24.54621574649031
correctionProbability (#ПОЕЗДЬ$ -> #ПОЕЗД$) = -10.546343783835528
correctionProbability (#ИГРАВАЯ$ -> #ИГРОВАЯ$) = -15.167442169151137
correctionProbability (#ДОРОДЫВВЫЕ$ -> #ДОРОДОВЫЕ$) = -93.67236417508785
correctionProbability (#ВИТТА$ -> #ВИТА$) = -13.90356533776237
correctionProbability (#ПРАПИГАМ$ -> #ПРОБЕГОМ$) = -206.42784143487614
correctionProbability (#БОЛЬЦА$ -> #БОЛЬНИЦА$) = -77.22702405017142
correctionProbability (#КРУЧКОВА$ -> #КРЮЧКОВА$) = -19.161590990835585
correctionProbability (#КРИМИНАЛЬНА$ -> #КРИМИНАЛЬНАЯ$) = -19.23215773314461
correctionProbability (#КОАЯ$ -> #КРАЯ$) = -7.0123639393590835
correctionProbability (#БАНЖО$ -> #БАНДЖО$) = -22.59994466889104
correctionProbability (#СТИХАТВОРЕНИЯ$ -> #СТИХОТВОРЕНИЯ$) = -19.700236278601878
correctionProbability (#ALQORITIMKA$ -> #ALGORITMIKA$) = -156.06639212909377
correctionProbability (#НЕВИНОМЫССКА$ -> #НЕВИННОМЫССКА$) = -26.135965482603147
correctionProbability (#ОТЕНКИ$ -> #ОТТЕНКИ$) = -16.390124677206536
correctionProbability (#ХЕРСОНСКАЙ$ -> #ХЕРСОНСКОЙ$) = -22.192533206890488
correctionProbability (#ВИПИЕН$ -> #ВИПИЭН$) = -25.70325577465573
correctionProbability (#DESENEA$ -> #DESENE$) = -15.304876759003111
correctionProbability (#НООМА$ -> #НОРМА$) = -9.529899133101129
correctionProbability (#СОБЩЕНИЯ$ -> #СООБЩЕНИЯ$) = -16.508750533865964
correctionProbability (#СЕНВИЧ$ -> #СЭНДВИЧ$) = -78.79673769396678
correctionProbability (#КОАС$ -> #КЛАСС$) = -67.71309923705772
correctionProbability (#МУЖЧКОЙ$ -> #МУЖСКОЙ$) = -11.084182609535901
correctionProbability (#YAPONISKI$ -> #YAPONSKI$) = -28.171496404877082
correctionProbability (#СККАЧЯТЬ$ -> #СКАЧАТЬ$) = -69.78497811358993
correctionProbability (#ВОКЩАЛА$ -> #ВОКЗАЛА$) = -13.137971910218582
correctionProbability (#ЗАВИСЕТ$ -> #ЗАВИСИТ$) = -15.451750997447498
correctionProbability (#РУЛОНЫЕ$ -> #РУЛОННЫЕ$) = -16.64060838674927
correctionProbability (#ТЕЛЕКАНА$ -> #ТЕЛЕКАНАЛ$) = -13.603299468984318
correctionProbability (#ИНДЕВИДУАЛКА$ -> #ИНДИВИДУАЛКА$) = -24.656677156109737
correctionProbability (#ФАНАРЬОМ$ -> #ФОНАРЕМ$) = -149.2418041530872
correctionProbability (#ДИЛАЙТ$ -> #ДЕЛАЙТ$) = -18.93963596002318
correctionProbability (#ПРИСЕСКИ$ -> #ПРИЧЕСКИ$) = -12.307880048588537
correctionProbability (#ФИТИШ$ -> #ФЕТИШ$) = -14.13329549943921
correctionProbability (#РАСКАЗА$ -> #РАССКАЗА$) = -15.034657703184969
correctionProbability (#ШПАКИС$ -> #СПАКЕС$) = -77.25162770121462
correctionProbability (#НЛРМАТИВЫ$ -> #НОРМАТИВЫ$) = -17.056604674214817
correctionProbability (#АМТРОЛОГИИ$ -> #АСТРОЛОГИИ$) = -18.84330319481068
correctionProbability (#ВЕДЕНСКОГО$ -> #ВВЕДЕНСКОГО$) = -24.693356085630725
correctionProbability (#RUBER$ -> #RUBBER$) = -17.591473161998888
correctionProbability (#ЛАВЕЛАС$ -> #ЛОВЕЛАС$) = -20.23692713389299
correctionProbability (#ПОЗДРАЫЛЕНИЕ$ -> #ПОЗДРАВЛЕНИЕ$) = -13.67929405158231
correctionProbability (#МАНЧЕСТЪРСКИ$ -> #МАНЧЕСТЕРСКИЙ$) = -96.53487100321864
correctionProbability (#УБАРТЬ$ -> #УБРАТЬ$) = -77.57827641014796
correctionProbability (#РАЙОННОГ$ -> #РАЙОННОГО$) = -19.066067537363487
correctionProbability (#SPEEDSKATINGRESULT$ -> #SPEEDSKATINGRESULTS$) = -38.43557860300102
correctionProbability (#РЕМОНТОДИН$ -> #РЕМАНТАДИН$) = -84.96922526111767
correctionProbability (#ПАРОЛИМПИЙСКАЯ$ -> #ПАРАЛИМПИЙСКАЯ$) = -33.85572575946836
correctionProbability (#РЕНДИ$ -> #РЭНДИ$) = -18.975027227258597
correctionProbability (#ИАТЕМАТИКА$ -> #МАТЕМАТИКА$) = -11.378436518896507
correctionProbability (#ГЕЛИВЫЕ$ -> #ГЕЛЕВЫЕ$) = -17.239746923941695
correctionProbability (#ВЕТИЛЯТОР$ -> #ВЕНТИЛЯТОР$) = -17.44731142118936
correctionProbability (#ISTGRAM$ -> #INSTAGRAM$) = -78.91968595245199
correctionProbability (#УИСЕЛЕВСКЕ$ -> #КИСЕЛЕВСКЕ$) = -21.167359245538776
correctionProbability (#ВЫКЛЮЧЕНН$ -> #ВЫКЛЮЧЕН$) = -23.405980982466616
correctionProbability (#ЛЕСЕЛИЖЗЕ$ -> #ЛЕСЕЛИДЗЕ$) = -27.223835514921397
correctionProbability (#ДАРОГ$ -> #ДОРОГ$) = -11.913215517081891
correctionProbability (#УВИДИЛ$ -> #УВИДЕЛ$) = -15.487911943616158
correctionProbability (#СБЕРЮАНК$ -> #СБЕРБАНК$) = -5.994869151096166
correctionProbability (#СОСТАЯШЕМУ$ -> #СОСТОЯЩЕМУ$) = -94.9130452857143
correctionProbability (#РУТРАКЕР$ -> #РУТРЕКЕР$) = -16.894691272543348
correctionProbability (#ОТПИАВКА$ -> #ОТПРАВКА$) = -15.230846491637337
correctionProbability (#ОЛИНЦОВО$ -> #ОДИНЦОВО$) = -13.58337123054644
correctionProbability (#ПОЗДРАВЛЕГИЯ$ -> #ПОЗДРАВЛЕНИЯ$) = -13.40322473141979
correctionProbability (#КНКУРС$ -> #КОНКУРС$) = -11.508174199099741
correctionProbability (#CHLOVEK$ -> #CHELOVEK$) = -20.88686664968578
correctionProbability (#ТРАТУАРНУЮ$ -> #ТРОТУАРНУЮ$) = -20.80371103709564
correctionProbability (#МАУРИНИЯ$ -> #МОУРИНЬО$) = -152.99840027365804
correctionProbability (#РОДЕНЕ$ -> #РОДИНЕ$) = -15.177644733806414
correctionProbability (#АККУАНТ$ -> #АККАУНТ$) = -79.32373785304627
correctionProbability (#ARHIVE$ -> #ARCHIVE$) = -19.556115850709126
correctionProbability (#СРАВНИТ$ -> #СРАВНИТЬ$) = -15.501046316672607
correctionProbability (#YUONG$ -> #YOUNG$) = -78.40772204494569
correctionProbability (#БОЛЬША$ -> #БОЛЬШАЯ$) = -11.507730051757527
correctionProbability (#НЕОСТИЛ$ -> #НЕОСТИЛЬ$) = -34.335165084674266
correctionProbability (#SAMER$ -> #SUMMER$) = -78.95102502745777
correctionProbability (#PORNORAMMA$ -> #PORNORAMA$) = -26.856851533601542
correctionProbability (#ПИРИУДА$ -> #ПЕРИОДА$) = -77.44222350212877
correctionProbability (#ФОРСФОРД$ -> #ФОКСФОРД$) = -16.590504615553456
correctionProbability (#РЕУЕПТ$ -> #РЕЦЕПТ$) = -6.196552838013691
correctionProbability (#ЖУДКО$ -> #ЖУТКО$) = -19.839302881646287
correctionProbability (#БАНЕК$ -> #БАНК$) = -6.74371636002547
correctionProbability (#ПИРОМИДЫ$ -> #ПИРАМИДЫ$) = -15.476237657748989
correctionProbability (#НОМКРУ$ -> #НОМЕРУ$) = -9.284481466335354
correctionProbability (#ДОКУМЕНЫ$ -> #ДОКУМЕНТЫ$) = -13.020534155699245
correctionProbability (#ЭЛЕУРЕРОКОККА$ -> #ЭЛЕУТЕРОКОККА$) = -26.051653879778485
correctionProbability (#ШВАНДОР$ -> #СВАНДОР$) = -20.6765754014247
correctionProbability (#ИНСТАГПАМ$ -> #ИНСТАГРАМ$) = -8.566799556676436
correctionProbability (#ЛАТО$ -> #ЛОТО$) = -7.435941385726348
correctionProbability (#МОЛУЛЬ$ -> #МОДУЛЬ$) = -11.811014854147533
correctionProbability (#МАСАНДРА$ -> #МАССАНДРА$) = -22.151192173489527
correctionProbability (#ЧУГУНЫЙ$ -> #ЧУГУННЫЙ$) = -18.25057808441953
correctionProbability (#ШАРИКЙ$ -> #ШАРИКИ$) = -8.879592680650216
correctionProbability (#WHELLS$ -> #WHEELS$) = -15.488622932307184
correctionProbability (#СИЕН$ -> #СТЕН$) = -9.209779773070824
correctionProbability (#ЕСШЛИ$ -> #ЕСЛИ$) = -7.554952501057631
correctionProbability (#ПИГАС$ -> #ПЕГАС$) = -10.328759833886654
correctionProbability (#ВОСТОНАВИТЬ$ -> #ВОССТАНОВИТЬ$) = -146.44948794220227
correctionProbability (#FACEBOKE$ -> #FACEBOOK$) = -77.27154877763866
correctionProbability (#ПОДЛИНОСТЬ$ -> #ПОДЛИННОСТЬ$) = -21.447383907757825
correctionProbability (#ЛАЙНЧЕР$ -> #ЛАУНЧЕР$) = -14.232482203777991
correctionProbability (#БОНУСВ$ -> #БОНУСЫ$) = -11.66644612530013
correctionProbability (#УТИКАЙ$ -> #УТЕКАЙ$) = -19.42723593276946
correctionProbability (#МОРОЖНОЕ$ -> #МОРОЖЕНОЕ$) = -16.156079609082887
correctionProbability (#ААВТОРИА$ -> #АВТОРИА$) = -15.702700605670003
correctionProbability (#ВЫХОДЕОГО$ -> #ВЫХОДНОГО$) = -17.45010435866221
correctionProbability (#КСПРЕСС$ -> #ЭКСПРЕСС$) = -11.705543786453383
correctionProbability (#ГИНЕТАЛИИ$ -> #ГЕНИТАЛИИ$) = -85.55564746908198
correctionProbability (#ЗЛОМАНІ$ -> #ВЗЛОМАНІ$) = -26.476048126708548
correctionProbability (#ДРУЖУОВКЕ$ -> #ДРУЖКОВКЕ$) = -21.438581822344688
correctionProbability (#ГАРОДЕ$ -> #ГОРОДЕ$) = -9.314324916548745
correctionProbability (#ERKUCOV$ -> #ERKUSOV$) = -15.818468229166712
correctionProbability (#ЛЕГКООТЛЕТИЧЕСКИЙ$ -> #ЛЕГКОАТЛЕТИЧЕСКИЙ$) = -32.10972557824597
correctionProbability (#ЛАТЕ$ -> #ЛАТТЕ$) = -17.316729454251348
correctionProbability (#ЗАКАДКИ$ -> #ЗАГАДКИ$) = -11.42260269410005
correctionProbability (#ЛАМАИ$ -> #ЛАМАЙ$) = -18.798001359471716
correctionProbability (#ЬУДУ$ -> #БУДУ$) = -10.5144931053627
correctionProbability (#КАЛЬЦИМИН$ -> #КАЛЬЦЕМИН$) = -17.455129119938412
correctionProbability (#ДУСПАТАЛИН$ -> #ДЮСПАТАЛИН$) = -19.390782909822228
correctionProbability (#ХОФЕНХАЙМ$ -> #ХОФФЕНХАЙМ$) = -24.59823713739187
correctionProbability (#КОЖАННЫХ$ -> #КОЖАНЫХ$) = -19.24916275187256
correctionProbability (#НАДВТЬ$ -> #ГАДАТЬ$) = -78.75213541071929
correctionProbability (#НОСНЫЕ$ -> #НОЧНЫЕ$) = -12.963424885568497
correctionProbability (#РОМОНТИЧЕСКИЕ$ -> #РОМАНТИЧЕСКИЕ$) = -21.47332464050757
correctionProbability (#СНАРЕЖАТЬ$ -> #СНАРЯЖАТЬ$) = -34.787431938304884
correctionProbability (#ПЕРЕЯСЛОВКА$ -> #ПЕРЕЯСЛАВКА$) = -26.494542014547804
correctionProbability (#КОДІ$ -> #КОДЫ$) = -8.518857942778634
correctionProbability (#ФАТАШОП$ -> #ФОТОШОП$) = -76.93966453032535
correctionProbability (#УЖАЛИТЬ$ -> #УДАЛИТЬ$) = -10.509108737463706
correctionProbability (#ФОРМЭЛЬ$ -> #ФОРМЕЛЬ$) = -19.330969748716328
correctionProbability (#TRITMYDREM$ -> #TRIPMYDREAM$) = -86.64593050368019
correctionProbability (#СТАНЦЕВАТЬ$ -> #ТАНЦЕВАТЬ$) = -19.172493603084156
correctionProbability (#СТОМОТОЛОГ$ -> #СТОМАТОЛОГ$) = -17.393613235076877
correctionProbability (#БОРАХОЛКА$ -> #БАРАХОЛКА$) = -14.923980656658209
correctionProbability (#ТЕЛЕЕАНАЛ$ -> #ТЕЛЕКАНАЛ$) = -13.051699679210664
correctionProbability (#PIZDALIS$ -> #PIZDALIZ$) = -25.405288755943573
correctionProbability (#ВАУДИНА$ -> #ВАУЛИНА$) = -13.458242026101402
correctionProbability (#МITSUBISHI$ -> #MITSUBISHI$) = -17.447199433855836
correctionProbability (#КАРАБЛЕ$ -> #КОРАБЛЕ$) = -17.0474326039421
correctionProbability (#ПАСОБИЯ$ -> #ПОСОБИЯ$) = -13.282119500691067
correctionProbability (#NOBBI$ -> #NOBBY$) = -19.918463997832685
correctionProbability (#PRETTI$ -> #PRETTY$) = -16.21957383900939
correctionProbability (#ГИПОАЛЛЕРГЕНЫЙ$ -> #ГИПОАЛЛЕРГЕННЫЙ$) = -28.416948742237743
correctionProbability (#ПОПАСТОЙ$ -> #ЖОПАСТОЙ$) = -20.368178343187445
correctionProbability (#БОЛЬЩЕ$ -> #БОЛЬШЕ$) = -10.010265317836957
correctionProbability (#УЧИЛЕЩЕ$ -> #УЧИЛИЩЕ$) = -13.887958114006864
correctionProbability (#НЕЙЧАР$ -> #НЕЙЧЭР$) = -32.113187344016836
correctionProbability (#РАСШИВРОВКА$ -> #РАСШИФРОВКА$) = -15.83152463893633
correctionProbability (#ЫЕЙСБУК$ -> #ФЕЙСБУК$) = -7.026738851693409
correctionProbability (#ЗДЛАТЬ$ -> #СДЕЛАТЬ$) = -71.53857517802211
correctionProbability (#ПРОВАКАТОР$ -> #ПРОВОКАТОР$) = -22.39283824133983
correctionProbability (#ОТЛИЧАТСЯ$ -> #ОТЛИЧАЕТСЯ$) = -15.992454923425647
correctionProbability (#МОЗКА$ -> #МОЗГА$) = -10.381419226890277
correctionProbability (#БРАЗИЛСКИЙ$ -> #БРАЗИЛЬСКИЙ$) = -20.060811383888435
correctionProbability (#ОТКЛЮЧТЬ$ -> #ОТКЛЮЧИТЬ$) = -14.825504963253366
correctionProbability (#ОЛИВЕЦЬ$ -> #ОЛІВЕЦЬ$) = -22.77862375671888
correctionProbability (#MUTIK$ -> #MULTIK$) = -15.557931106930997
correctionProbability (#КАРМУХИНОЙ$ -> #КОРМУХИНОЙ$) = -23.322170498504292
correctionProbability (#КОЖАННЫЕ$ -> #КОЖАНЫЕ$) = -15.976066784648722
correctionProbability (#ПРЕЙМУЩЕСТВА$ -> #ПРЕИМУЩЕСТВА$) = -20.621719754957645
correctionProbability (#ANDRAS$ -> #ANDREAS$) = -14.656608978787958
correctionProbability (#ЕКСПРЕСС$ -> #ЭКСПРЕСС$) = -11.079186970241985
correctionProbability (#БАНИР$ -> #БАННЕР$) = -78.69617669348679
correctionProbability (#ССЕСИЮ$ -> #СЕССИЮ$) = -86.70473963619123
correctionProbability (#ПВРЕНЬ$ -> #ПАРЕНЬ$) = -9.954222379704394
correctionProbability (#КОВЬ$ -> #КРОВЬ$) = -10.012645471952059
correctionProbability (#WAWES$ -> #WAVES$) = -17.75990392378726
correctionProbability (#ДЕМФЕРА$ -> #ДЕМПФЕРА$) = -25.362654090437957
correctionProbability (#КАЛЁСАМИ$ -> #КОЛЕСАМИ$) = -82.50030946273748
correctionProbability (#PLYS$ -> #PLUS$) = -9.58878766192441
correctionProbability (#КОЖАННЫЙ$ -> #КОЖАНЫЙ$) = -17.391551953694965
correctionProbability (#ТЕЛЕЫОНОВ$ -> #ТЕЛЕФОНОВ$) = -13.812333986733023
correctionProbability (#БОЛЬШИ$ -> #БОЛЬШИЕ$) = -10.447631908165818
correctionProbability (#КОНСУЛЬТОВ$ -> #КОНСУЛЬТАНТОВ$) = -151.5261065448284
correctionProbability (#АЗИАТО$ -> #АЗИАТОК$) = -18.1651707841622
correctionProbability (#СИИХ$ -> #СТИХ$) = -8.515053877335284
correctionProbability (#ЗАВДАНЯ$ -> #ЗАВДАННЯ$) = -17.91959595337235
correctionProbability (#БОЛЬШН$ -> #БОЛЬШЕ$) = -10.052288812672852
correctionProbability (#АВТОМОТИЧЕСКОЕ$ -> #АВТОМАТИЧЕСКОЕ$) = -24.62225304584993
correctionProbability (#КЕИСЫ$ -> #КЕЙСЫ$) = -13.961637820371191
correctionProbability (#ЖЕЛЕТКА$ -> #ЖИЛЕТКА$) = -16.30779861724112
correctionProbability (#ПОРТНЕРА$ -> #ПАРТНЕРА$) = -18.339731118345007
correctionProbability (#БАЛКОША$ -> #БАЛКОНА$) = -14.573681586489634
correctionProbability (#СОМОЛЕТЫ$ -> #САМОЛЕТЫ$) = -14.595142700386106
correctionProbability (#ZEVERT$ -> #ZIVERT$) = -13.57171431992619
correctionProbability (#СКВИНГ$ -> #СВИНГ$) = -14.394454344538612
correctionProbability (#КОВО$ -> #КОГО$) = -9.63982164350421
correctionProbability (#МАМОЛЕТ$ -> #САМОЛЕТ$) = -10.066700737169093
correctionProbability (#БОЛБАСТИНГ$ -> #БОЛЛБАСТИНГ$) = -25.032203385891577
correctionProbability (#ПОДРАЗЕТНИК$ -> #ПОДРОЗЕТНИК$) = -25.047117853086974
correctionProbability (#КВАРТРЫ$ -> #КВАРТИРЫ$) = -9.667746091622767
correctionProbability (#КАЧЕТВА$ -> #КАЧЕСТВА$) = -13.116172229799233
correctionProbability (#МАЛЄТКИ$ -> #МАЛОЛЕТКИ$) = -145.19109447237554
correctionProbability (#СИИЙ$ -> #СИНИЙ$) = -7.796943449282583
correctionProbability (#СТРОЙТЕЛЬСТВО$ -> #СТРОИТЕЛЬСТВО$) = -16.809205565577017
correctionProbability (#ВОРОННЖ$ -> #ВОРОНЕЖ$) = -8.968195443593046
correctionProbability (#БРОВОЛ$ -> #БРАВЛ$) = -74.94150927042128
correctionProbability (#БЕРЕНГА$ -> #БЕРИНГА$) = -20.92583268124355
correctionProbability (#ХРЕЗАНТЕМА$ -> #ХРИЗАНТЕМА$) = -18.12894622718354
correctionProbability (#АНАСТАСТЯ$ -> #АНАСТАСИЯ$) = -11.194105967191277
correctionProbability (#ПРАЗИТАЛ$ -> #ПРАЗИТЕЛ$) = -23.598867531027707
correctionProbability (#ДЕВЕЛ$ -> #ДЕВИЛ$) = -18.267972614548203
correctionProbability (#ТОРРЕТОМ$ -> #ТОРРЕНТОМ$) = -15.914344224197116
correctionProbability (#ДИФОРМАЦИЯ$ -> #ДЕФОРМАЦИЯ$) = -20.38644576496825
correctionProbability (#YЗБЕК$ -> #УЗБЕК$) = -11.010414554304521
correctionProbability (#МАЛЕКУЛЯРНОЙ$ -> #МОЛЕКУЛЯРНОЙ$) = -22.984404510762865
correctionProbability (#ЩАПИСЬ$ -> #ЗАПИСЬ$) = -8.4358218037194
correctionProbability (#ЦАТНЕРА$ -> #ЦНААТНЕРА$) = -100.59624668921093
correctionProbability (#УКРАЪНСЬКОЮ$ -> #УКРАЇНСЬКОЮ$) = -18.834640847953835
correctionProbability (#ЕКУРСЫ$ -> #КУРСЫ$) = -9.744094519523873
correctionProbability (#GOOOGLE$ -> #GOOGLE$) = -8.351467202216107
correctionProbability (#VALASATIE$ -> #VOLOSATIE$) = -89.01712638696729
correctionProbability (#УСТРОНЕНИЯ$ -> #УСТРАНЕНИЯ$) = -20.514030741333478
correctionProbability (#БЕСПЛАНО$ -> #БЕСПЛАТНО$) = -5.276131426594743
correctionProbability (#УПРОВЛЯТЬ$ -> #УПРАВЛЯТЬ$) = -18.446499759976447
correctionProbability (#HYNDAY$ -> #HYUNDAI$) = -77.36288354084842
correctionProbability (#ОЛИМПИЙСКТЙ$ -> #ОЛИМПИЙСКИЙ$) = -19.638379723059785
correctionProbability (#РУБЫЛЬ$ -> #РУБЛЬ$) = -14.066810376871903
correctionProbability (#ОСОБИНОСТИ$ -> #ОСОБЕННОСТИ$) = -80.49536626579878
correctionProbability (#ДЕВЯТСОТ$ -> #ДЕВЯТЬСОТ$) = -24.222373370801314
correctionProbability (#УКРАЪНСЬКОЪ$ -> #УКРАЇНСЬКОЇ$) = -84.4738537907248
correctionProbability (#КАЛЕНЬДАРЬ$ -> #КАЛЕНДАРЬ$) = -12.05310215848916
correctionProbability (#СИЛМКОНОВЫЙ$ -> #СИЛИКОНОВЫЙ$) = -19.271253221145898
correctionProbability (#СЕЛИКОНОВУЮ$ -> #СИЛИКОНОВУЮ$) = -22.74154568013438
correctionProbability (#ФОКСОФРД$ -> #ФОКСФОРД$) = -84.45916548698682
correctionProbability (#НИФИДИПИН$ -> #НИФЕДИПИН$) = -20.642314375065006
correctionProbability (#АНИГА$ -> #КНИГА$) = -7.303705419664507
correctionProbability (#РАСКАЗУ$ -> #РАССКАЗУ$) = -17.420637178103952
correctionProbability (#СИАРШЕЙ$ -> #СТАРШЕЙ$) = -12.142578092652393
correctionProbability (#ПРОФФЕССИЯ$ -> #ПРОФЕССИЯ$) = -18.041839541001245
correctionProbability (#ВЕСНИК$ -> #ВЕСТНИК$) = -14.909014237397137
correctionProbability (#СРАШИЛКИ$ -> #СТРАШИЛКИ$) = -14.154524703292587
correctionProbability (#ХЕЛОВВІН$ -> #ХЕЛОВІН$) = -20.58668909009601
correctionProbability (#ЧИМПИОНОВ$ -> #ЧЕМПИОНОВ$) = -14.116876114441247
correctionProbability (#ДЕВСТВИНИЦЕЙ$ -> #ДЕВСТВЕННИЦЕЙ$) = -90.52952029607535
correctionProbability (#ИКИРОВ$ -> #КИРОВ$) = -11.354903570268693
correctionProbability (#САМЗВАНЦЫ$ -> #САМОЗВАНЦЫ$) = -13.596443566200044
correctionProbability (#РОСРИЕСТРА$ -> #РОСРЕЕСТРА$) = -17.514601440399225
correctionProbability (#ПОАНЕТА$ -> #ПЛАНЕТА$) = -10.674271583813251
correctionProbability (#КОРРЛЬ$ -> #КОРОЛЬ$) = -7.946752145442947
correctionProbability (#БВРНАУЛ$ -> #БАРНАУЛ$) = -10.0721078271323
correctionProbability (#МИСЛИ$ -> #МЫСЛИ$) = -12.330026362673497
correctionProbability (#ТЕХОБСЛУЖИВАНИИ$ -> #ТЕХОБСЛУЖИВАНИЕ$) = -27.511118240876094
correctionProbability (#FALOUT$ -> #FALLOUT$) = -15.167478284164332
correctionProbability (#ИСТИНОСТИ$ -> #ИСТИННОСТИ$) = -21.51641636946838
correctionProbability (#УСТРОНЕНИЕ$ -> #УСТРАНЕНИЕ$) = -18.978269881238468
correctionProbability (#МИЛЬДРОНАТ$ -> #МИЛДРОНАТ$) = -20.095973197338786
correctionProbability (#СКВИНТ$ -> #СКВИРТ$) = -13.361864689798626
correctionProbability (#ПСНЮ$ -> #ПЕСНЮ$) = -6.235009332560832
correctionProbability (#РАСКАЗЫ$ -> #РАССКАЗЫ$) = -11.209942903114765
correctionProbability (#РАДНОЙ$ -> #РОДНОЙ$) = -12.94525082298664
correctionProbability (#ВЫДСТЕЖИТИ$ -> #ВІДСТЕЖИТИ$) = -19.29217894743713
correctionProbability (#ДДОМАШНЕЕ$ -> #ДОМАШНЕЕ$) = -13.084086961245497
correctionProbability (#ЗЙЦЕВ$ -> #ЗАЙЦЕВ$) = -10.910003192534806
correctionProbability (#ПРОЙДТИ$ -> #ПРОЙТИ$) = -13.144161314449523
correctionProbability (#GIWI$ -> #QIWI$) = -10.144689345337294
correctionProbability (#ПОРТЕТ$ -> #ПОРТРЕТ$) = -11.987107721029915
correctionProbability (#ПСНЯ$ -> #ПЕСНЯ$) = -4.301913922773661
correctionProbability (#УКАЗАННО$ -> #УКАЗАНО$) = -21.12527912499565
correctionProbability (#МОТИВАЦИЙ$ -> #МОТИВАЦИИ$) = -18.541279420788662
correctionProbability (#СОЫТМЯ$ -> #СОБЫТИЯ$) = -78.08698121447193
correctionProbability (#ДЖОМ$ -> #ДЖУМ$) = -10.169074129398016
correctionProbability (#КВАРТРУ$ -> #КВАРТИРУ$) = -9.328805280785943
correctionProbability (#КОЛЕКТОРНАЯ$ -> #КОЛЛЕКТОРНАЯ$) = -28.012052254224734
correctionProbability (#ІЗМИНИТЬ$ -> #ИЗМЕНИТЬ$) = -77.94004987108632
correctionProbability (#ЛНГКАЯ$ -> #ЛЕГКАЯ$) = -13.487204829061188
correctionProbability (#ПЕО$ -> #ПО$) = -2.2029626804734335
correctionProbability (#ПРВИЛЬНО$ -> #ПРАВИЛЬНО$) = -10.204621927703492
correctionProbability (#ЮКАК$ -> #КАК$) = -1.636930525758192
correctionProbability (#ЖИЛАЮ$ -> #ЖЕЛАЮ$) = -14.39171487092197
correctionProbability (#ФИБАНАЧИ$ -> #ФИБОНАЧЧИ$) = -85.85616721385367
correctionProbability (#ТОРМОЗНИЙ$ -> #ТОРМОЗНОЙ$) = -16.464924309758878
correctionProbability (#КАРАБЛЬ$ -> #КОРАБЛЬ$) = -11.887663285563626
correctionProbability (#ВИЛИПЕЦКИЙ$ -> #ЛИПЕЦКИЙ$) = -89.32177316815635
correctionProbability (#ПИНИЦИЛИН$ -> #ПЕНИЦИЛЛИН$) = -88.27257322582514
correctionProbability (#ПАВЕРБАНК$ -> #ПОВЕРБАНК$) = -25.30520609365017
correctionProbability (#ДЕКАРАТИВНУЮ$ -> #ДЕКОРАТИВНУЮ$) = -22.711099359107187
correctionProbability (#ИНЬИМ$ -> #ИНТИМ$) = -10.296499852838789
correctionProbability (#СОБАЧАЯ$ -> #СОБАЧЬЯ$) = -14.073133683541464
correctionProbability (#ЛАФЙ$ -> #ЛАЙФ$) = -75.37224346027233
correctionProbability (#ИГРАВОЙ$ -> #ИГРОВОЙ$) = -12.723253978320422
correctionProbability (#ВИДОУС$ -> #ВИНДОВС$) = -75.1233984436478
correctionProbability (#СЕЛОВЕКА$ -> #ЧЕЛОВЕКА$) = -8.83642090767092
correctionProbability (#ДОЛЖНН$ -> #ДОЛЖЕН$) = -10.725199330260356
correctionProbability (#КАМОРОВ$ -> #КОМАРОВ$) = -80.2544896156253
correctionProbability (#ПОКРО$ -> #ПОКРОВ$) = -11.52323790046012
correctionProbability (#МЕЛЛИОНЕР$ -> #МИЛЛИОНЕР$) = -16.482390953482003
correctionProbability (#УВИДЕМ$ -> #УВИДИМ$) = -21.28341250961495
correctionProbability (#ПРБКА$ -> #ПРОБКА$) = -14.822098810730733
correctionProbability (#ЗАУКИ$ -> #ЗВУКИ$) = -10.456573229126274
correctionProbability (#ШОЛОХО$ -> #ШОЛОХОВ$) = -19.66469388424128
correctionProbability (#АЛЕКСПРЭС$ -> #АЛИЭКСПРЕСС$) = -206.759378338708
correctionProbability (#SAVEFORM$ -> #SAVEFROM$) = -83.48609029532201
correctionProbability (#РАЗДЕВАЮТЬСЯ$ -> #РАЗДЕВАЮТСЯ$) = -22.812959865464393
correctionProbability (#ХАЙНЗ$ -> #ХАЙНЦ$) = -19.233639833916914
correctionProbability (#СКУТОРЕ$ -> #СКУТЕРЕ$) = -18.662939878619
correctionProbability (#СОХРОНЕНИЕ$ -> #СОХРАНЕНИЕ$) = -18.398983602054592
correctionProbability (#РАЙСЕР$ -> #РЕЙСЕР$) = -18.655032756179605
correctionProbability (#СОМЕРСБИ$ -> #СОММЕРСБИ$) = -23.690964243874582
correctionProbability (#ПОЛІЦЕЙСКИЙ$ -> #ПОЛІЦЕЙСЬКИЙ$) = -27.744457463448043
correctionProbability (#ВАКУМА$ -> #ВАКУУМА$) = -21.20418094171731
correctionProbability (#ОСТЕХОНДРОЗЕ$ -> #ОСТЕОХОНДРОЗЕ$) = -21.18399410970723
correctionProbability (#СКУТОРА$ -> #СКУТЕРА$) = -16.271009508776267
correctionProbability (#СПЯШАЯ$ -> #СПЯЩАЯ$) = -13.213709773995536
correctionProbability (#РОЖНЕНИЯ$ -> #РОЖДЕНИЯ$) = -6.7085868197107175
correctionProbability (#ГЕНАДЬЕВНА$ -> #ГЕННАДЬЕВНА$) = -20.934799693206713
correctionProbability (#ПEРEЯСЛАВІ$ -> #ПЕРЕЯСЛАВІ$) = -93.39587284890605
correctionProbability (#КАМЕНЫЕ$ -> #КАМЕННЫЕ$) = -18.51735481776781
correctionProbability (#ВИНДОКС$ -> #ВИНДОВС$) = -9.819775825562218
correctionProbability (#ДЖОРЖА$ -> #ДЖОРДЖА$) = -20.336558701831663
correctionProbability (#ОАСПОЛОЖЕНИЕ$ -> #РАСПОЛОЖЕНИЕ$) = -17.928384742102125
correctionProbability (#ХЮМЕР$ -> #ХЬЮМЕР$) = -24.107750078549145
correctionProbability (#ПОЛУБОБ$ -> #ПОЛУБОКС$) = -85.61314142791196
correctionProbability (#БИЛЕЫ$ -> #БИЛЕТЫ$) = -8.043807279911025
correctionProbability (#КАНЦЕЛЯРСКА$ -> #КАНЦЕЛЯРСКАЯ$) = -15.594428164920977
correctionProbability (#ПРОЄКТ$ -> #ПРОЕКТ$) = -8.320298815194459
correctionProbability (#ЕКСПЛУТАЦИЙ$ -> #ЭКСПЛУАТАЦИИ$) = -147.12824216238752
correctionProbability (#ШАРИЕТ$ -> #ШАРЕИТ$) = -89.02850989832265
correctionProbability (#МОЦАРЕЛОЙ$ -> #МОЦАРЕЛЛОЙ$) = -23.954318866505496
correctionProbability (#БУРИШСКИЙ$ -> #БАРЫШСКИЙ$) = -89.98343425013019
correctionProbability (#ВАЙЦЕХОВСКИЙ$ -> #ВОЙЦЕХОВСКИЙ$) = -28.964989881263286
correctionProbability (#МАСТАЖ$ -> #МАССАЖ$) = -8.34737542309771
correctionProbability (#TEHNOLOGY$ -> #TECHNOLOGY$) = -20.313917708805107
correctionProbability (#ФИТНС$ -> #ФИТНЕС$) = -9.4230462844551
correctionProbability (#БЕСЛАВНЫЕ$ -> #БЕССЛАВНЫЕ$) = -20.747343470561603
correctionProbability (#УВЕЛИТЬ$ -> #УВЕЛИЧИТЬ$) = -80.54022142148557
correctionProbability (#ФУТБОЛИСТИ$ -> #ФУТБОЛИСТЫ$) = -19.472007062216086
correctionProbability (#ТЕРМРСТАТ$ -> #ТЕРМОСТАТ$) = -16.65102636832664
correctionProbability (#АРМЄЙСЬКІ$ -> #АРМІЙСЬКІ$) = -34.88776013356959
correctionProbability (#ЭСТРОВЕЛ$ -> #ЭСТРОВЭЛ$) = -21.578766076681916
correctionProbability (#ПОРТАД$ -> #ПОРТАЛ$) = -7.064427514455389
correctionProbability (#ШЕНЧЖЕНЬ$ -> #ШЭНЬЧЖЭНЬ$) = -153.4289556354952
correctionProbability (#ТРАТУАРНОЙ$ -> #ТРОТУАРНОЙ$) = -19.151431657352454
correctionProbability (#КОТЕДЖИ$ -> #КОТТЕДЖИ$) = -16.61168096888573
correctionProbability (#ЧЕСПИОНАТ$ -> #ЧЕМПИОНАТ$) = -11.286009174446455
correctionProbability (#ЛИБНЕХТА$ -> #ЛИБКНЕХТА$) = -22.525197496228508
correctionProbability (#БЕРЕЧ$ -> #БЕРЕЧЬ$) = -17.810646550413704
correctionProbability (#АТЛАН$ -> #АТЛАНТ$) = -13.64561149039238
correctionProbability (#МЕСЯНЫЕ$ -> #МЕСЯЧНЫЕ$) = -15.90821520193898
correctionProbability (#КАМЕНЫЙ$ -> #КАМЕННЫЙ$) = -17.029190632286245
correctionProbability (#БИВЕРЛИ$ -> #БЕВЕРЛИ$) = -16.07624984412375
correctionProbability (#РАГУТКИН$ -> #ЛАГУТКИН$) = -27.332655433996678
correctionProbability (#КИРИЛОВНЫ$ -> #КИРИЛЛОВНЫ$) = -25.77352134318712
correctionProbability (#РССКАЯ$ -> #РУССКАЯ$) = -9.097697607624035
correctionProbability (#АНГЛИЙСКИМУ$ -> #АНГЛИЙСКОМУ$) = -13.238523829846244
correctionProbability (#МОНАМАХА$ -> #МОНОМАХА$) = -19.21424157988266
correctionProbability (#РАПИСАНИЕ$ -> #РАСПИСАНИЕ$) = -10.178234152233024
correctionProbability (#ОНОСИТСЯ$ -> #ОТНОСИТСЯ$) = -15.195915637005903
correctionProbability (#ІМЕНИКИ$ -> #ІМЕННИКИ$) = -24.406713951596792
correctionProbability (#КОРШУНКОВА$ -> #КОРШУНОВА$) = -25.016119356893526
correctionProbability (#DERMALOG$ -> #DERMATOLOG$) = -101.98022729189923
correctionProbability (#ПИОНИНО$ -> #ПИАНИНО$) = -13.370547960040234
correctionProbability (#КОТЕДЖЕ$ -> #КОТТЕДЖЕ$) = -19.51722316400305
correctionProbability (#МАСТАР$ -> #МАСТЕР$) = -8.071716640764755
correctionProbability (#КУРИЦОЙ$ -> #КУРИЦЕЙ$) = -13.184525428948916
correctionProbability (#ПРВИЛА$ -> #ПРАВИЛА$) = -9.932845524679252
correctionProbability (#ЦЕРИЗИТ$ -> #ЦЕРЕЗИТ$) = -18.605098873976466
correctionProbability (#КОТЕДЖА$ -> #КОТТЕДЖА$) = -14.33720671549623
correctionProbability (#БЕРЕДИ$ -> #БЕРЕДІ$) = -22.101218542154257
correctionProbability (#ТРЕХХОДОВЫЙ$ -> #ТРЕХХОДОВОЙ$) = -22.727726648545342
correctionProbability (#ГИДОНЛАЙ$ -> #ГИДОНЛАЙН$) = -17.603225470415502
correctionProbability (#ХАБАРОСКЕ$ -> #ХАБАРОВСКЕ$) = -15.10747837121204
correctionProbability (#СОХРОНЕНИЯ$ -> #СОХРАНЕНИЯ$) = -17.717282618760024
correctionProbability (#ПОИВАТ$ -> #ПРИВАТ$) = -10.990022099884794
correctionProbability (#АЛЛТАЙМАХ$ -> #АЛТАЙМАГ$) = -93.94993027561583
correctionProbability (#ВИКЕПЕДЕЯ$ -> #ВИКИПЕДИЯ$) = -74.12512227931391
correctionProbability (#БЕРЕМЕЕНОСТИ$ -> #БЕРЕМЕННОСТИ$) = -14.82311988463293
correctionProbability (#ЭНГЛИШ$ -> #ИНГЛИШ$) = -14.632601822782593
correctionProbability (#КАДЕЛАК$ -> #КОДЕЛАК$) = -17.810097251868896
correctionProbability (#ФРАНЦУСКЕ$ -> #ФРАНЦУЗСКИ$) = -84.0858364358221
correctionProbability (#БЕРЕД$ -> #ПЕРЕД$) = -9.06913329474246
correctionProbability (#ПРЕДПРЕНИМАТЕЛЯ$ -> #ПРЕДПРИНИМАТЕЛЯ$) = -25.007321173282207
correctionProbability (#ПАКРОВА$ -> #ПОКРОВА$) = -12.843602104772977
correctionProbability (#СИБЯ$ -> #СЕБЯ$) = -8.300192605922824
correctionProbability (#СЧЕЧИК$ -> #СЧЕТЧИК$) = -14.008476874353569
correctionProbability (#ПОНОМАР$ -> #ПОНОМАРЬ$) = -23.533095195863133
correctionProbability (#ПЕРЕВОЖДЧИК$ -> #ПЕРЕВОДЧИК$) = -11.193731747913326
correctionProbability (#СИБЭ$ -> #СИБА$) = -16.609483152552652
correctionProbability (#РЕЗИКА$ -> #РЕЗИНКА$) = -14.75092119144044
correctionProbability (#ПИИ$ -> #ПРИ$) = -3.1612348992164527
correctionProbability (#РЕНИТ$ -> #РИНИТ$) = -16.476336885208223
correctionProbability (#НАКАЧЕНИЕ$ -> #НАКАЧЕННЫЕ$) = -87.34607516750523
correctionProbability (#МАРЯНА$ -> #МАРЬЯНА$) = -16.396867865993492
correctionProbability (#ЛТВЕ$ -> #ЛЬВЕ$) = -17.550364413585445
correctionProbability (#ПРЕДПРЕНИМАТЕЛЬ$ -> #ПРЕДПРИНИМАТЕЛЬ$) = -23.902871108058974
correctionProbability (#РОСТТВЕ$ -> #РОСТОВЕ$) = -11.11444394923192
correctionProbability (#БУДУИ$ -> #БУДУТ$) = -11.810041138717512
correctionProbability (#ВИАТИ$ -> #ВИАТТИ$) = -18.85922082164046
correctionProbability (#НАЛОГУВУЮ$ -> #НАЛОГОВУЮ$) = -16.368185363097034
correctionProbability (#ЛИПЕСТКИ$ -> #ЛЕПЕСТКИ$) = -18.102321736916288
correctionProbability (#ЕТКСТ$ -> #ТЕКСТ$) = -73.73948337975979
correctionProbability (#ЛИТРЕСС$ -> #ЛИТРЕС$) = -15.398544105190513
correctionProbability (#ПАДХОДИТ$ -> #ПОДХОДИТ$) = -15.226192932603368
correctionProbability (#ПОРАГРОВ$ -> #ПАРАГРАФ$) = -144.85064674565035
correctionProbability (#ПИОНИНА$ -> #ПИАНИНО$) = -78.06920486146498
correctionProbability (#YOOU$ -> #YOU$) = -9.171407340768535
correctionProbability (#КОМПАНОВКИ$ -> #КОМПОНОВКИ$) = -24.15427826959354
correctionProbability (#ПОНЕЛЬ$ -> #ПАНЕЛЬ$) = -10.8447527795927
correctionProbability (#КОНЦЕТЫ$ -> #КОНЦЕРТЫ$) = -13.371462129950793
correctionProbability (#A10S$ -> #A10$) = -16.11870241103738
correctionProbability (#ВАЛИРИШКА$ -> #ВАЛЕРИШКА$) = -16.764357732095803
correctionProbability (#СКІЛКИ$ -> #СКІЛЬКИ$) = -16.264710995401572
correctionProbability (#MAXNI$ -> #MAHNI$) = -17.528879813876816
correctionProbability (#ГЕМАЛАИ$ -> #ГИМАЛАИ$) = -19.25179277044898
correctionProbability (#EXPEREMENTAL$ -> #EXPERIMENTAL$) = -27.032987777756027
correctionProbability (#ИНСТАИЛ$ -> #ИНСТАЙЛ$) = -24.904140612630556
correctionProbability (#БЕРЕА$ -> #БЕРЕГА$) = -10.298775954610559
correctionProbability (#МИСЦЕВОСТИ$ -> #МІСЦЕВОСТІ$) = -88.5824823078968
correctionProbability (#МИСКЕ$ -> #МИНСКЕ$) = -9.459555091546125
correctionProbability (#ІСТОРИИ$ -> #ІСТОРІЇ$) = -80.97375933297782
correctionProbability (#БЛИЯ$ -> #ЮЛИЯ$) = -8.090496033624515
correctionProbability (#ТОВСТУШКИ$ -> #ТОЛСТУШКИ$) = -16.182265136269585
correctionProbability (#РЭГІСТРАЦЫІ$ -> #РЕГИСТРАЦИИ$) = -206.59310370612852
correctionProbability (#DILON$ -> #DILLON$) = -22.781743023784372
correctionProbability (#МАГНЕТОЛЕ$ -> #МАГНИТОЛЕ$) = -19.935649686482556
correctionProbability (#МЕРЗЛЧК$ -> #МЕРЗЛЯК$) = -10.807106204062961
correctionProbability (#БЛИМ$ -> #БИЛИМ$) = -14.707303263472394
correctionProbability (#ЬУЛЬТИКИ$ -> #МУЛЬТИКИ$) = -6.81740087160842
correctionProbability (#КОМПАНОВКА$ -> #КОМПОНОВКА$) = -23.41790258511606
correctionProbability (#КВИНИТИ$ -> #ВИНИТИ$) = -26.962336604036324
correctionProbability (#НАЕЗДНИЦИ$ -> #НАЕЗДНИЦЫ$) = -20.32460528200385
correctionProbability (#КРАТКОЯ$ -> #КРАТКАЯ$) = -13.567230812098146
correctionProbability (#ТЕКЁТ$ -> #ТЕЧЕТ$) = -78.23421986600064
correctionProbability (#ПЕОБХОДИМОСТИ$ -> #НЕОБХОДИМОСТИ$) = -23.077652683765265
correctionProbability (#ІСТОРИЯ$ -> #ІСТОРІЯ$) = -15.125282522943316
correctionProbability (#ВАНЮЧКА$ -> #ВОНЮЧКА$) = -21.753639260389818
correctionProbability (#АЛМАЗАФ$ -> #АЛМАЗОВ$) = -82.57540383437077
correctionProbability (#МОЗГАЗ$ -> #МОСГАЗ$) = -9.859014291933452
correctionProbability (#PANTYHOUSE$ -> #PANTYHOSE$) = -21.71907988107261
correctionProbability (#ВОПРОСВ$ -> #ВОПРОСЫ$) = -11.331162836650968
correctionProbability (#ИЕНЯ$ -> #МЕНЯ$) = -6.037754840404332
correctionProbability (#ПОКОЯННЫЙ$ -> #ПОКАЯННЫЙ$) = -21.660987119194644
correctionProbability (#МУЛЬТЕКИ$ -> #МУЛЬТИКИ$) = -6.783734158646908
correctionProbability (#СИБЕ$ -> #СЕБЕ$) = -9.119984440089837
correctionProbability (#ОТЩЫВВ$ -> #ОТЗЫВЫ$) = -69.58098181353064
correctionProbability (#ЕВАРТИРУ$ -> #КВАРТИРУ$) = -8.75564662159492
correctionProbability (#ЛБГОТЫ$ -> #ЛЬГОТЫ$) = -12.206181587230237
correctionProbability (#ЭЛЛИНГЕ$ -> #ЭЛЛИНГИ$) = -21.44008009544629
correctionProbability (#ВОРБУК$ -> #ВОРКБУК$) = -21.938412392698652
correctionProbability (#БЛИТ$ -> #БОЛИТ$) = -10.181381649035767
correctionProbability (#КОБЗАРИ$ -> #КОБЗАРІ$) = -24.54410758742587
correctionProbability (#ЭККУРСИЯ$ -> #ЭКСКУРСИЯ$) = -15.690718310423897
correctionProbability (#FIDBOL$ -> #FUTBOL$) = -78.7268085248431
correctionProbability (#КОЭФИЦЕНТ$ -> #КОЭФФИЦИЕНТ$) = -83.71520004330334
correctionProbability (#АРЕСТОВА$ -> #АРИСТОВА$) = -22.809927898809747
correctionProbability (#SANDAY$ -> #SUNDAY$) = -18.37326832213031
correctionProbability (#ХХАМСТЕР$ -> #ХАМСТЕР$) = -18.804419847548353
correctionProbability (#СЕРЦЕВИНА$ -> #СЕРДЦЕВИНА$) = -24.056946552732875
correctionProbability (#ПУЗЫРЕПЛОДНИКИ$ -> #ПУЗЫРЕПЛОДНИК$) = -27.360538947553813
correctionProbability (#ЖКСПАРТИРУЕТ$ -> #ЭКСПОРТИРУЕТ$) = -91.99867403632808
correctionProbability (#ВЗЯТТ$ -> #ВЗЯТЬ$) = -9.00405471217584
correctionProbability (#СВОЙСТВП$ -> #СВОЙСТВА$) = -10.746710088201475
correctionProbability (#ВАНЮЧКИ$ -> #ВОНЮЧКИ$) = -22.679030272802407
correctionProbability (#КОЖЕННОЙ$ -> #КОЖАНОЙ$) = -85.04661056348291
correctionProbability (#РЕНАТОВНА$ -> #РИНАТОВНА$) = -23.396561339395767
correctionProbability (#ВОПРОСИ$ -> #ВОПРОСЫ$) = -11.303189233204648
correctionProbability (#МАСАНЫ$ -> #МАССАНЫ$) = -22.791415817795126
correctionProbability (#ПРАСТИ$ -> #ПРОСТИ$) = -13.20780707124192
correctionProbability (#ИЕТА$ -> #ДИЕТА$) = -9.874082482426285
correctionProbability (#ПРЧИНЫ$ -> #ПРИЧИНЫ$) = -10.584261512582977
correctionProbability (#АРЕАНДА$ -> #ОРЕАНДА$) = -21.533595003837462
correctionProbability (#ASUA$ -> #ASUS$) = -9.38307269002473
correctionProbability (#ЕЛЕКТРОСАМОКАТ$ -> #ЭЛЕКТРОСАМОКАТ$) = -22.661612271467433
correctionProbability (#СИМУЛЧТОР$ -> #СИМУЛЯТОР$) = -12.989352444727558
correctionProbability (#НОСЯТЬ$ -> #НОСЯТ$) = -16.931229234177632
correctionProbability (#ПЛСЬЕЛЬНАЯ$ -> #ПОСТЕЛЬНАЯ$) = -84.16522278907152
correctionProbability (#БЕРИЛ$ -> #БЕРИЛЛ$) = -20.980438366744824
correctionProbability (#ПЕРИМИТР$ -> #ПЕРИМЕТР$) = -15.357768407762656
correctionProbability (#РПБОТАЕТ$ -> #РАБОТАЕТ$) = -11.289582534178031
correctionProbability (#ЩЛЮХИ$ -> #ШЛЮХИ$) = -11.443727911652577
correctionProbability (#МАЕНКРФТ$ -> #МАЙНКРАФТ$) = -73.29573109967683
correctionProbability (#ШЕРИЛЛ$ -> #ШЕРИЛ$) = -19.83695928341601
correctionProbability (#ПРБЕДИШЬ$ -> #ПОБЕДИШЬ$) = -18.222745518522842
correctionProbability (#ПСЕНЯ$ -> #ПЕСНЯ$) = -71.55545152017811
correctionProbability (#ЩЛЮХА$ -> #ШЛЮХА$) = -13.469351220461537
correctionProbability (#САРЫЙ$ -> #СТАРЫЙ$) = -10.73920359399973
correctionProbability (#DOCHKI9SINOCHKI$ -> #DOCHKISINOCHKI$) = -31.527156263402546
correctionProbability (#ПСЛИ$ -> #ЕСЛИ$) = -5.039093379139782
correctionProbability (#ЛЕСНИЦ$ -> #ЛЕСТНИЦ$) = -15.015953761106907
correctionProbability (#TTO$ -> #TO$) = -8.256204697308778
correctionProbability (#ЗАРИГИСТРИРОВАТЬСЯ$ -> #ЗАРЕГИСТРИРОВАТЬСЯ$) = -23.491828874660094
correctionProbability (#РЕСТРАНЫ$ -> #РЕСТОРАНЫ$) = -15.034011661750753
correctionProbability (#ТСШКЕНТ$ -> #ТАШКЕНТ$) = -13.16800044549533
correctionProbability (#ПСЛЕ$ -> #ПОСЛЕ$) = -5.998313689845737
correctionProbability (#СУНМАРТ$ -> #САНМАР$) = -80.97663452112056
correctionProbability (#ЕКСЫ$ -> #ЭКСЫ$) = -14.947448879710098
correctionProbability (#ПРЭТАПНО$ -> #ПОЭТАПНО$) = -12.563972419088323
correctionProbability (#LIGUID$ -> #LIQUID$) = -15.92976729615749
correctionProbability (#СИДЭ$ -> #СИДЕ$) = -11.077284497783072
correctionProbability (#ГУШЕ$ -> #ГУЩЕ$) = -13.09081430102324
correctionProbability (#ЛАСС$ -> #КЛАСС$) = -3.017735957558262
correctionProbability (#ГОВРЯТ$ -> #ГОВОРЯТ$) = -11.83548837083945
correctionProbability (#ЗАПОРОЖЯ$ -> #ЗАПОРОЖЬЯ$) = -20.065404935526566
correctionProbability (#КРУНА$ -> #КРУГА$) = -12.520564384516735
correctionProbability (#СОЧИНЕНИЕА$ -> #СОЧИНЕНИЕ$) = -14.767314847858636
correctionProbability (#ПАРАГРОФ$ -> #ПАРАГРАФ$) = -15.393511348806378
correctionProbability (#ПРЕСТАТЕЛЬНОЙ$ -> #ПРЕДСТАТЕЛЬНОЙ$) = -23.804770716511335
correctionProbability (#БИЛИВ$ -> #БЕЛИВ$) = -20.312002200002386
correctionProbability (#КАМИЕС$ -> #КАММИНЗ$) = -147.96536650822506
correctionProbability (#МВРКЕТ$ -> #МАРКЕТ$) = -9.621826155233709
correctionProbability (#СВЕТЛАННА$ -> #СВЕТЛАНА$) = -13.691594496275407
correctionProbability (#БЕЗРУКОВО$ -> #БЕЗРУКОВА$) = -18.505581012269026
correctionProbability (#МАЙНУРАФТ$ -> #МАЙНКРАФТ$) = -7.963761258133054
correctionProbability (#ЕНЕРДЖИ$ -> #ЭНЕРДЖИ$) = -14.821295321184174
correctionProbability (#THEATR$ -> #THEATRE$) = -20.2458771748785
correctionProbability (#ПОСТЕРНАКА$ -> #ПАСТЕРНАКА$) = -22.037631368839484
correctionProbability (#СЕИТАБЛАЕВ$ -> #СЕЙТАБЛАЕВ$) = -27.062404433301893
correctionProbability (#ПРСТОЙ$ -> #ПРОСТОЙ$) = -12.15270549107089
correctionProbability (#NOVIYE$ -> #NOVIE$) = -18.369687315679105
correctionProbability (#СЕРЦЕВИНУ$ -> #СЕРДЦЕВИНУ$) = -26.71905222031834
correctionProbability (#ЕКСТ$ -> #ТЕКСТ$) = -6.484242958578271
correctionProbability (#МЕРЕВОДЧИК$ -> #ПЕРЕВОДЧИК$) = -8.649826296577253
correctionProbability (#МИХАЙЛОВО$ -> #МИХАЙЛОВА$) = -15.756236597786625
correctionProbability (#НОВОРИНГ$ -> #НОВАРИНГ$) = -18.170189612504103
correctionProbability (#ПНЕВМАНИЕЙ$ -> #ПНЕВМОНИЕЙ$) = -24.605381989850592
correctionProbability (#ЮЛЮДА$ -> #БЛЮДА$) = -8.857336260073968
correctionProbability (#МОНАСТИРЬ$ -> #МОНАСТЫРЬ$) = -14.728270123374074
correctionProbability (#ОСОБЕНННОСТИ$ -> #ОСОБЕННОСТИ$) = -17.64705805501476
correctionProbability (#ИЕСТ$ -> #ТЕСТ$) = -6.2751976784823285
correctionProbability (#ПОЛЕЗНИЕ$ -> #ПОЛЕЗНЫЕ$) = -11.843427500601223
correctionProbability (#SKACHYAT$ -> #SKACHAT$) = -14.1940201552882
correctionProbability (#УБІЙЦА$ -> #УБИЙЦА$) = -12.713968115846118
correctionProbability (#ТЕЛРИЯ$ -> #ТЕОРИЯ$) = -11.667543977679028
correctionProbability (#YNIZOO$ -> #UNIZOO$) = -23.08543169321696
correctionProbability (#СЕДАЕТ$ -> #СЪЕДАЕТ$) = -20.778235465263293
correctionProbability (#ШТРИХОВА$ -> #ШТРИХОВКА$) = -19.318392209004024
correctionProbability (#ПРЕДСТВИТЕЛЬСКИХ$ -> #ПРЕДСТАВИТЕЛЬСКИХ$) = -32.63086339904228
correctionProbability (#STEAN$ -> #STEAM$) = -10.282622638549942
correctionProbability (#ПАРАГРОВ$ -> #ПАРАГРАФ$) = -80.13035028132991
correctionProbability (#ALPAKA$ -> #ALPACA$) = -22.063214760721664
correctionProbability (#МТОИМОСТЬ$ -> #СТОИМОСТЬ$) = -9.402697595826098
correctionProbability (#LEAUGE$ -> #LEAGUE$) = -81.84795149014377
correctionProbability (#КОРРАЛ$ -> #КОРАЛЛ$) = -85.03324575115164
correctionProbability (#ПСЕНИ$ -> #ПЕСНИ$) = -71.11437600868058
correctionProbability (#ОТАНОВИТ$ -> #ВОССТАНОВИТЬ$) = -212.94879530055607
correctionProbability (#АВИТЬО$ -> #АВИТО$) = -5.302390947265657
correctionProbability (#SUPERHEROS$ -> #SUPERHEROES$) = -25.314114170765002
correctionProbability (#ДОКУМЕТЫ$ -> #ДОКУМЕНТЫ$) = -13.021824139348936
correctionProbability (#ИЕСИ$ -> #ИЕСІ$) = -19.786370924617675
correctionProbability (#АНГИЙСКОМУ$ -> #АНГЛИЙСКОМУ$) = -13.758421365738172
correctionProbability (#GENERATORE$ -> #GENERATOR$) = -20.668838432150018
correctionProbability (#ДЕМЕНКО$ -> #ДЕМЧЕНКО$) = -20.932009193485534
correctionProbability (#ЕКСТРУДЕР$ -> #ЭКСТРУДЕР$) = -17.7581072190048
correctionProbability (#СЕМЕНОВИЧЬ$ -> #СЕМЕНОВИЧ$) = -18.656884615342328
correctionProbability (#ПАСНКА$ -> #ПАСЫНКА$) = -20.91669189105413
correctionProbability (#ПСКО$ -> #ПСКОВ$) = -11.302610713233275
correctionProbability (#ТОРЭНТ$ -> #ТОРРЕНТ$) = -72.89742081488986
correctionProbability (#ДАКЛАД$ -> #ДОКЛАД$) = -10.523113574997044
correctionProbability (#КАЗЕКЗАМ$ -> #КАЗЭКЗАМС$) = -90.35695401996328
correctionProbability (#ЭЛЕПТИЧЕСКИЙ$ -> #ЭЛЛИПТИЧЕСКИЙ$) = -90.44163088068167
correctionProbability (#КАРАЧАЕВА$ -> #КАРАЧАЕВО$) = -21.964567573788052
correctionProbability (#НИКТАРИН$ -> #НЕКТАРИН$) = -22.53426269443063
correctionProbability (#ЗВКЗД$ -> #ЗВЕЗД$) = -10.983000392447178
correctionProbability (#КАМИДИ$ -> #КАМЕДИ$) = -9.842922245683194
correctionProbability (#НАВКОЛТШНОГО$ -> #НАВКОЛИШНЬОГО$) = -93.88051169262772
correctionProbability (#ЛУНОПАРК$ -> #ЛУНАПАРК$) = -24.597684630733525
correctionProbability (#МЦЗЫККУ$ -> #МУЗЫКУ$) = -74.15148815825131
correctionProbability (#ГЛАВНИЕ$ -> #ГЛАВНЫЕ$) = -13.00150319736322
correctionProbability (#АПИКУНА$ -> #ОПЕКУНА$) = -84.55247092008025
correctionProbability (#НОРОДНЫЙ$ -> #НАРОДНЫЙ$) = -12.995055577647022
correctionProbability (#АИДИО$ -> #ВИДЕО$) = -66.44425141048072
correctionProbability (#БЕЛОРУССКІЙ$ -> #БЕЛОРУССКИЙ$) = -16.653215848920965
correctionProbability (#ВАРОВАЙКИ$ -> #ВОРОВАЙКИ$) = -17.46599587940257
correctionProbability (#ASSS$ -> #ASS$) = -13.481753863615321
correctionProbability (#ОДЕРЖАНИЕ$ -> #СОДЕРЖАНИЕ$) = -13.952503358881359
correctionProbability (#ОТРЕЦАТЕЛЬНЫЕ$ -> #ОТРИЦАТЕЛЬНЫЕ$) = -21.879887557881283
correctionProbability (#ЖЫВУТ$ -> #ЖИВУТ$) = -11.767823407788004
correctionProbability (#КАЕАЯ$ -> #КАКАЯ$) = -7.712340173967835
correctionProbability (#РОМАНСЬКИЙ$ -> #РОМАНСКИЙ$) = -24.712121400244577
correctionProbability (#ЛЕНОВА$ -> #ЛЕНОВО$) = -12.902687228690898
correctionProbability (#ДОВЛЕНИЕ$ -> #ДАВЛЕНИЕ$) = -12.352405172150817
correctionProbability (#ВЫПОЛНЕНИ$ -> #ВЫПОЛНЕНИЕ$) = -18.623825288047037
correctionProbability (#ПШЕНИЦИ$ -> #ПШЕНИЦЫ$) = -15.379092034804088
correctionProbability (#АНГЛИЙСКИОМ$ -> #АНГЛИЙСКОМ$) = -14.454137612124619
correctionProbability (#ЭКСРАСЕНСОВ$ -> #ЭКСТРАСЕНСОВ$) = -15.020767289657762
correctionProbability (#ЕКРС$ -> #КУРС$) = -72.99200225912575
correctionProbability (#ТРИЛЛИАН$ -> #ТРИЛЛИАНТ$) = -28.612467409447653
correctionProbability (#ERICSON$ -> #ERICSSON$) = -18.038034024704608
correctionProbability (#АВИАСКЛС$ -> #АВИАСЕЙЛС$) = -80.09325777085832
correctionProbability (#ПЛАЙКАСТ$ -> #ПЛЕЙКАСТ$) = -14.976580360123137
correctionProbability (#КОСМОПОЛІТ$ -> #КОСМОПОЛИТ$) = -24.88337346621484
correctionProbability (#XHAMSTLER$ -> #XHAMSTER$) = -17.123618350854706
correctionProbability (#ОЖЕГИ$ -> #ОЖОГИ$) = -14.69406873289589
correctionProbability (#МАГИЛАН$ -> #МАГЕЛЛАН$) = -84.44253693386938
correctionProbability (#ОЗНОЧАЮТ$ -> #ОЗНАЧАЮТ$) = -16.718190080740925
correctionProbability (#ГРУПАВОЙ$ -> #ГРУППОВОЙ$) = -82.04443119175114
correctionProbability (#ДОВЛЕНИИ$ -> #ДАВЛЕНИИ$) = -15.85213748663336
correctionProbability (#ИНФОРМАЦИ$ -> #ИНФОРМАЦИИ$) = -16.194148863655407
correctionProbability (#СТЕКЛООЧЕСТИТЕЛЕЙ$ -> #СТЕКЛООЧИСТИТЕЛЕЙ$) = -30.5820912374883
correctionProbability (#ПРИЛОЕНИЕ$ -> #ПРИЛОЖЕНИЕ$) = -13.856095778342869
correctionProbability (#ВИКОПЕДИЯ$ -> #ВИКИПЕДИЯ$) = -9.453262530684249
correctionProbability (#СИПИТ$ -> #СПИТ$) = -13.691869817666944
correctionProbability (#ТУРИСТІ$ -> #ТУРИСТЫ$) = -17.109585539235823
correctionProbability (#АЛТАЙС$ -> #АЛТАЙ$) = -14.582979960346211
correctionProbability (#БОЛЕЗНЕНОЕ$ -> #БОЛЕЗНЕННОЕ$) = -25.855883546392043
correctionProbability (#ПОЛОНСЬКЫЙ$ -> #ПОЛОНСКИЙ$) = -84.81256788683952
correctionProbability (#КОРИПСКОГО$ -> #КАРИБСКОГО$) = -79.77431505007227
correctionProbability (#ПЕСМНЯ$ -> #ПЕСНЯ$) = -6.232788505373872
correctionProbability (#БЕРЕИЕННОСТИ$ -> #БЕРЕМЕННОСТИ$) = -14.800303256164717
correctionProbability (#TESKO$ -> #TESCO$) = -20.30533946545494
correctionProbability (#МАЛЕКУЛЯРНАЯ$ -> #МОЛЕКУЛЯРНАЯ$) = -22.78964010404635
correctionProbability (#БЕРЕЗИ$ -> #БЕРЕЗЫ$) = -14.4244251009501
correctionProbability (#ПАРАВОЗИК$ -> #ПАРОВОЗИК$) = -14.796750537447174
correctionProbability (#РЕТУЗЫ$ -> #РЕЙТУЗЫ$) = -20.897948620554438
correctionProbability (#ЖУНГЛИ$ -> #ДЖУНГЛИ$) = -14.914968206585783
correctionProbability (#ТОХОГРАФ$ -> #ТАХОГРАФ$) = -17.556160226163136
correctionProbability (#МОДЛОУДЕР$ -> #МОДЛОАДЕР$) = -24.316808056635132
correctionProbability (#МЕЦЗУ$ -> #МЕЙЗУ$) = -13.171129226179975
correctionProbability (#КИТАИСКОЕ$ -> #КИТАЙСКОЕ$) = -17.614771529471817
correctionProbability (#ТЕХНОЛГИЯ$ -> #ТЕХНОЛОГИЯ$) = -15.106887884725992
correctionProbability (#ПЕРЕВЫОДЧИК$ -> #ПЕРЕВОДЧИК$) = -11.18781378220205
correctionProbability (#КОРПЮК$ -> #КАРПЮК$) = -15.614868271053876
correctionProbability (#SICILINO$ -> #SICILIANO$) = -35.624926768572756
correctionProbability (#ОБЬЯЗАТЕЛЬНО$ -> #ОБЯЗАТЕЛЬНО$) = -21.13181505160287
correctionProbability (#СПАЛНЫЙ$ -> #СПАЛЬНЫЙ$) = -17.530186246492974
correctionProbability (#PRINCES$ -> #PRINCESS$) = -16.9375015232495
correctionProbability (#ВНУТРЕННЫЙ$ -> #ВНУТРЕННИЙ$) = -16.80032026725194
correctionProbability (#НАДЕЯТСЯ$ -> #НАДЕЯТЬСЯ$) = -24.572463638260437
correctionProbability (#РЕСЕРВД$ -> #РЕЗЕРВЕД$) = -82.99934610040856
correctionProbability (#ЛЕННЫЙ$ -> #ЛУННЫЙ$) = -10.155168546488678
correctionProbability (#ФЛАВЕР$ -> #ФЛОВЕР$) = -21.715278166607465
correctionProbability (#GIRS$ -> #GIRLS$) = -10.459746298233046
correctionProbability (#PROTOTIPE$ -> #PROTOTYPE$) = -21.070687945537664
correctionProbability (#ПИНАСОЛ$ -> #ПИНОСОЛ$) = -20.318778871270382
correctionProbability (#ВЗЛОМУНУЮ$ -> #ВЗЛОМАННУЮ$) = -81.60019451044235
correctionProbability (#КАЛАМБРИЮ$ -> #КАЛАБРИЮ$) = -36.34314156539139
correctionProbability (#ОНЛПАЙН$ -> #ОНЛАЙН$) = -3.158507300031367
correctionProbability (#БЛЕТ$ -> #БИЛЕТ$) = -7.708239220460573
correctionProbability (#РССКОМУ$ -> #РУССКОМУ$) = -9.985609229529594
correctionProbability (#ВИДИОКАРТЫ$ -> #ВИДЕОКАРТЫ$) = -17.36729103619139
correctionProbability (#БЕРКУ$ -> #БЕРКУТ$) = -14.201559425362564
correctionProbability (#АПРЕЛ$ -> #АПРЕЛЬ$) = -14.585976634649331
correctionProbability (#ВНУТРЕННЫЕ$ -> #ВНУТРЕННИЕ$) = -17.876701084926793
correctionProbability (#СТОИМСОТЬ$ -> #СТОИМОСТЬ$) = -77.236348713809
correctionProbability (#FELM$ -> #FILM$) = -8.807779109240759
correctionProbability (#БЛЕР$ -> #БЛЭР$) = -17.059410574692468
correctionProbability (#ОДНОКДАССНИКИ$ -> #ОДНОКЛАССНИКИ$) = -11.227751297161404
correctionProbability (#TVV$ -> #TV$) = -10.080874823355334
correctionProbability (#АНТИЬИОТИК$ -> #АНТИБИОТИК$) = -18.28040929106865
correctionProbability (#ССАЙТ$ -> #САЙТ$) = -2.932892467458551
correctionProbability (#ЖИТОМЕРСКОЙ$ -> #ЖИТОМИРСКОЙ$) = -25.150517435886016
correctionProbability (#РОЗОВИЙ$ -> #РОЗОВЫЙ$) = -12.905576524842616
correctionProbability (#НУДЕЕКИ$ -> #НУДИКИ$) = -88.3778080986152
correctionProbability (#CALIFORNIE$ -> #CALIFORNIA$) = -20.044268271630244
correctionProbability (#ЗАУЕР$ -> #ЗАУЭР$) = -19.884761332409237
correctionProbability (#MICROSOF$ -> #MICROSOFT$) = -15.068243203841057
correctionProbability (#КВАРЦМЕТ$ -> #КВАРЦИТ$) = -89.19687455403097
correctionProbability (#ОХОТНІК$ -> #ОХОТНИК$) = -12.734759872505784
correctionProbability (#ИНРАКОНАЗОЛ$ -> #ИТРАКОНАЗОЛ$) = -23.69971439764946
correctionProbability (#ПЛЙ$ -> #ПЛЕЙ$) = -8.99028703311344
correctionProbability (#ДЕВАК$ -> #ДЕВОК$) = -14.057923228942816
correctionProbability (#ХАНТЕЙ$ -> #ХЕНТАЙ$) = -73.38600718618996
correctionProbability (#БЕТЕРБІЄВ$ -> #БЕТЕРБИЕВ$) = -81.10509341310751
correctionProbability (#ДЖЕП$ -> #ДЖИП$) = -11.6544363930654
correctionProbability (#АЙНАПЕ$ -> #АНАПЕ$) = -14.753654846759876
correctionProbability (#БАКЛАСАН$ -> #БАКЛОСАН$) = -21.352212782175016
correctionProbability (#ИГГРУ$ -> #ИГРУ$) = -9.185322301680163
correctionProbability (#ПЛЕ$ -> #ПЛЕЙ$) = -8.95698759807238
correctionProbability (#ТРАНСКЛИПЦИЯ$ -> #ТРАНСКРИПЦИЯ$) = -18.80988378300315
correctionProbability (#КАХАХСТАНЕ$ -> #КАЗАХСТАНЕ$) = -12.387715675046444
correctionProbability (#УПРАЖНЕНИЧ$ -> #УПРАЖНЕНИЯ$) = -13.050593858657983
correctionProbability (#КОЖЕННУЮ$ -> #КОЖАНУЮ$) = -83.27636933701149
correctionProbability (#SENNER$ -> #SINNER$) = -18.16710170239236
correctionProbability (#БЛЕГ$ -> #БЛЭК$) = -76.07410918205628
correctionProbability (#БОРДЕНЕВ$ -> #БОРДЕНЕЙВ$) = -35.354463559735684
correctionProbability (#СКУВЕНИРЫ$ -> #СУВЕНИРЫ$) = -17.49957537834039
correctionProbability (#ОМЭН$ -> #ОМЕН$) = -14.722680564446751
correctionProbability (#ПОЛЕКЛИННИКИ$ -> #ПОЛИКЛИНИКИ$) = -85.19628303071701
correctionProbability (#РОЗМИТНЕНЯ$ -> #РОЗМИТНЕННЯ$) = -25.731129467001765
correctionProbability (#ФЕВРАЛЮ$ -> #ФЕВРАЛЯ$) = -14.258063760986161
correctionProbability (#КИРИЛОВКА$ -> #КИРИЛЛОВКА$) = -24.09989522721647
correctionProbability (#УСДОВИЯ$ -> #УСЛОВИЯ$) = -11.661891794650934
correctionProbability (#НИЧЕ$ -> #НИЧЕГО$) = -77.92938969212929
correctionProbability (#ВОРОНЖЕ$ -> #ВОРОНЕЖЕ$) = -12.839561070182434
correctionProbability (#ОПЛАЙН$ -> #ОНЛАЙН$) = -0.6579724586152622
correctionProbability (#УПРАЖЕНИЕ$ -> #УПРАЖНЕНИЕ$) = -15.454807079872474
correctionProbability (#ПЛГУЛЯТЬ$ -> #ПОГУЛЯТЬ$) = -18.8664465339315
correctionProbability (#ПЕСИНКА$ -> #ПЕСЕНКА$) = -12.006187679474898
correctionProbability (#ГЛАВНВЙ$ -> #ГЛАВНЫЙ$) = -11.856466054548022
correctionProbability (#УРКИ$ -> #УРОКИ$) = -9.0348280652772
correctionProbability (#САВАЛЕН$ -> #ЗАВАЛЕН$) = -25.217118071253367
correctionProbability (#ФРСАЖ$ -> #ФОРСАЖ$) = -9.033335363351515
correctionProbability (#ВОРОТНИЧЕК$ -> #ВОРОТНИЧОК$) = -20.71401022825782
correctionProbability (#ЯПРОСТИТУТКИ$ -> #ПРОСТИТУТКИ$) = -16.87935404562822
correctionProbability (#ЧПСЫ$ -> #ЧАСЫ$) = -5.957507671611896
correctionProbability (#ОММАНСКОЦ$ -> #ОСМАНСКОЙ$) = -85.80529940850978
correctionProbability (#BROHER$ -> #BROTHER$) = -14.844443770371228
correctionProbability (#ALLTIKME$ -> #ALLTIME$) = -22.08608948699988
correctionProbability (#МАТЧТ$ -> #МАТЧ$) = -9.650750154709204
correctionProbability (#ЕЙСБУК$ -> #ФЕЙСБУК$) = -7.627215726852057
correctionProbability (#ПРАВТЛА$ -> #ПРАВИЛА$) = -9.348871967860582
correctionProbability (#ОБЬЯВИЛСЯ$ -> #ОБЪЯВИЛСЯ$) = -27.251909895292037
correctionProbability (#ЛНЧЕНИЕ$ -> #ЛЕЧЕНИЕ$) = -7.119081676573941
correctionProbability (#БИЛЙН$ -> #БИЛАЙН$) = -9.635211437212856
correctionProbability (#СОМОДЕЛЬНАЯ$ -> #САМОДЕЛЬНАЯ$) = -19.088930136377982
correctionProbability (#ЛИДФОРС$ -> #ЛИНДФОРС$) = -24.768308448679456
correctionProbability (#РАКАМ$ -> #РАКОМ$) = -10.744527029449575
correctionProbability (#ПАСАДОБЛЬ$ -> #ПАСОДОБЛЬ$) = -23.104048796575213
correctionProbability (#МУЛТЬК$ -> #МУЛЬТИК$) = -72.15214123519009
correctionProbability (#ЭЙФАРИЯ$ -> #ЭЙФОРИЯ$) = -14.3338782017792
correctionProbability (#РЕЫЕРАТ$ -> #РЕФЕРАТ$) = -10.681845034828747
correctionProbability (#ЗАКАЧЯТЬ$ -> #ЗАКАЧАТЬ$) = -17.40015944191019
correctionProbability (#ЛЕМУАЛЬ$ -> #ЛЕТУАЛЬ$) = -11.888101577419135
correctionProbability (#INCIDE$ -> #INSIDE$) = -14.85299178837305
correctionProbability (#ШУШЛ$ -> #ГУГЛ$) = -67.74637330665433
correctionProbability (#ВИДИОКАРТА$ -> #ВИДЕОКАРТА$) = -16.950860401463807
correctionProbability (#МИЧКРИНСКИЙ$ -> #МИЧУРИНСКИЙ$) = -21.550456071430872
correctionProbability (#СЫКТЫВКАОЕ$ -> #СЫКТЫВКАРЕ$) = -18.46526923609433
correctionProbability (#UE55RU7470U$ -> #UE55NU7470U$) = -37.12079731575349
correctionProbability (#РОЖДЕГТЯ$ -> #РОЖДЕНИЯ$) = -71.5207922937214
correctionProbability (#КАМУТАТОРА$ -> #КОММУТАТОРА$) = -89.4199810022771
correctionProbability (#ДАРЕН$ -> #ДАРРЕН$) = -20.226520764760803
correctionProbability (#ФФТО$ -> #ФОТО$) = -0.6138185014279749
correctionProbability (#ABODE$ -> #ADOBE$) = -75.74729690935484
correctionProbability (#СЕМЕНЕНКОВ$ -> #СЕМЕНЕНКО$) = -26.895437346243007
correctionProbability (#РАЗБЛОКИРОВАТ$ -> #РАЗБЛОКИРОВАТЬ$) = -21.427837491432882
correctionProbability (#ПИОНИСТ$ -> #ПИАНИСТ$) = -17.19441098549322
correctionProbability (#TORSHERS$ -> #TORCHES$) = -100.41171973289659
correctionProbability (#ОПАЗДАЛ$ -> #ОПОЗДАЛ$) = -20.48685636538365
correctionProbability (#ЗИГНАТ$ -> #ЗИННАТ$) = -18.470437551164398
correctionProbability (#ТРЕСНЯНСКИЙ$ -> #ТРОСНЯНСКИЙ$) = -29.507404772094674
correctionProbability (#ПЕРЕВДЧИК$ -> #ПЕРЕВОДЧИК$) = -9.23936965075665
correctionProbability (#ШИЛЕР$ -> #ШИЛЛЕР$) = -18.892968485314906
correctionProbability (#СМИСЛОМ$ -> #СМЫСЛОМ$) = -14.052441492507654
correctionProbability (#МУРМАНСКК$ -> #МУРМАНСК$) = -15.296341991462363
correctionProbability (#ЮЛМОР$ -> #ЮЛМАРТ$) = -77.80714988471762
correctionProbability (#ТАЖИР$ -> #ТАНЖЕР$) = -88.5294484769155
correctionProbability (#ОТВТЫ$ -> #ОТВЕТЫ$) = -9.355230425702818
correctionProbability (#ТИМПЕРАТУРА$ -> #ТЕМПЕРАТУРА$) = -14.862424273441803
correctionProbability (#SAKARTVELOS$ -> #SAQARTVELOS$) = -22.970121793071087
correctionProbability (#НАИДИ$ -> #НАЙДИ$) = -11.044519243442185
correctionProbability (#ПЕТРОПАЛОВСКОЙ$ -> #ПЕТРОПАВЛОВСКОЙ$) = -28.4577974231032
correctionProbability (#ЗАМУЖНАЯ$ -> #ЗАМУЖНЯЯ$) = -18.94504118897988
correctionProbability (#ПОЛИКАРБОНАТНЫЙ$ -> #ПОЛИКОРБОНАТНЫЙ$) = -33.58957994321284
correctionProbability (#WIDEO$ -> #VIDEO$) = -7.941232205247129
correctionProbability (#RELAKS$ -> #RELAX$) = -83.90921742022363
correctionProbability (#МАТЧЯ$ -> #МАТЧА$) = -11.52804039219605
correctionProbability (#ПРОИЗВОДСВЕННЫЙ$ -> #ПРОИЗВОДСТВЕННЫЙ$) = -20.842916840796327
correctionProbability (#ЕСТИМА$ -> #ЭСТИМА$) = -18.924466689017148
correctionProbability (#ЛАЙЫ$ -> #ЛАЙФ$) = -7.505094519070436
correctionProbability (#НИЦЕ$ -> #НИЦЦЕ$) = -18.22441580417701
correctionProbability (#ВЕГИТАРИАНСКИЕ$ -> #ВЕГЕТАРИАНСКИЕ$) = -27.39604179613528
correctionProbability (#ПИДРУЧНИКА$ -> #ПІДРУЧНИКА$) = -24.951870612574695
correctionProbability (#МИНИРАЛЫ$ -> #МИНЕРАЛЫ$) = -18.39616926058391
correctionProbability (#РЕННО$ -> #РЕНО$) = -9.968062099994551
correctionProbability (#КОМПОЕКС$ -> #КОМПЛЕКС$) = -11.902965655142765
correctionProbability (#ДЕРЕВЯНОГО$ -> #ДЕРЕВЯННОГО$) = -19.682477025129863
correctionProbability (#СПАСИС$ -> #СПАСЕС$) = -16.203566599976707
correctionProbability (#DEVICHKA$ -> #DEVOCHKA$) = -20.566216327614356
correctionProbability (#ЛЕПЦИГ$ -> #ЛЕЙПЦИГ$) = -16.848729475140047
correctionProbability (#ФОСФАГЛИВ$ -> #ФОСФОГЛИВ$) = -19.30587887854753
correctionProbability (#УЛЬТИМЭЙТ$ -> #УЛЬТИМЕЙТ$) = -22.11382183193725
correctionProbability (#МОНЕУМЕН$ -> #МОНЕУМАН$) = -23.827914503223624
correctionProbability (#ПРОДАВУОМ$ -> #ПРОДАВЦОМ$) = -20.296946367502073
correctionProbability (#НОСИТЕЛ$ -> #НОСИТЕЛЬ$) = -20.271950172861445
correctionProbability (#РОССЕЛЬБАНКЕ$ -> #РОССЕЛЬХОЗБАНКЕ$) = -156.90978395846912
correctionProbability (#ROLOX$ -> #ROBLOX$) = -11.051186316725182
correctionProbability (#ГКРБЫ$ -> #ГЕРБЫ$) = -15.295559612898398
correctionProbability (#ВОСТАНАВЛИВАЮТСЯ$ -> #ВОССТАНАВЛИВАЮТСЯ$) = -33.3268953196864
correctionProbability (#СМОРТ$ -> #СМАРТ$) = -9.939063312747546
correctionProbability (#ТРАНСМИСИИ$ -> #ТРАНСМИССИИ$) = -24.03863129273556
correctionProbability (#WIZART$ -> #WIZARD$) = -17.234588636957927
correctionProbability (#ПЛЬ$ -> #АЛЬ$) = -10.789921986113004
correctionProbability (#БИЛИН$ -> #БИЛАН$) = -11.271295363710994
correctionProbability (#ПОДАВАНЯ$ -> #ПОДАВАННЯ$) = -35.282733966285306
correctionProbability (#КОНДИДАТОВ$ -> #КАНДИДАТОВ$) = -21.851798772923935
correctionProbability (#ЗАОБОЛОЧНАЯ$ -> #ЗАОБЛОЧНАЯ$) = -38.25968854335467
correctionProbability (#СМАТРЭТЬ$ -> #СМОТРЕТЬ$) = -67.08783145769935
correctionProbability (#OBUCENIYA$ -> #OBUCHENIYA$) = -36.63982928902798
correctionProbability (#ТЕОЛКИ$ -> #ТЕЛКИ$) = -15.60470151239264
correctionProbability (#БИЛИТ$ -> #БИЛЕТ$) = -7.092532750143686
correctionProbability (#СОСТЯНИЕ$ -> #СОСТОЯНИЕ$) = -15.1533132386404
correctionProbability (#КОМЕПЧЕСКИМ$ -> #КОММЕРЧЕСКИМ$) = -92.74390339834844
correctionProbability (#ЛАКІ$ -> #ЛАКИ$) = -10.989156122570304
correctionProbability (#ЕРОКОМИКСЫ$ -> #ЭРОКОМИКСЫ$) = -22.180616138596797
correctionProbability (#ПОЛИКОРБОНАТ$ -> #ПОЛИКАРБОНАТ$) = -16.650328801215238
correctionProbability (#ПЕРЕЛЛИ$ -> #ПИРЕЛЛИ$) = -16.753456834254195
correctionProbability (#ОБЧЕНИЕ$ -> #ОБУЧЕНИЕ$) = -11.187780312044318
correctionProbability (#LORDSFILMS$ -> #LORDFILMS$) = -24.266175984832977
correctionProbability (#РЕНАТОВИЧ$ -> #РИНАТОВИЧ$) = -23.555505051269527
correctionProbability (#СЕКРЕТНИЙ$ -> #СЕКРЕТНЫЙ$) = -16.278135014997794
correctionProbability (#МАМАЧЕК$ -> #МАМОЧЕК$) = -16.48527160120372
correctionProbability (#STEEM$ -> #STEAM$) = -10.288912290802468
correctionProbability (#YOTU$ -> #YOUTUBE$) = -137.66898380132127
correctionProbability (#ОТЩЫВЫ$ -> #ОТЗЫВЫ$) = -4.8385162472941765
correctionProbability (#ГОЛИВУД$ -> #ГОЛЛИВУД$) = -19.185779519687422
correctionProbability (#БОБТПЙЛ$ -> #БОБТЕЙЛ$) = -17.83867532433724
correctionProbability (#ПОНЕЛЕ$ -> #ПАНЕЛИ$) = -74.94103975000887
correctionProbability (#НАРОДНИМ$ -> #НАРОДНЫМ$) = -18.23061501092132
correctionProbability (#ЧРПАШКИ$ -> #ЧЕРЕПАШКИ$) = -78.92150742790065
correctionProbability (#ОХАРАКТЕРЕЗУЙТЕ$ -> #ОХАРАКТЕРИЗУЙТЕ$) = -25.13629256748493
correctionProbability (#АФРЕКАНО$ -> #АФРИКАНА$) = -98.44971225820213
correctionProbability (#МАЧАЛКА$ -> #МОЧАЛКА$) = -18.335161314934545
correctionProbability (#CRADIES$ -> #CRADLES$) = -18.9679081797643
correctionProbability (#AUTOSKOUT24$ -> #AUTOSCOUT24$) = -24.27843293551978
correctionProbability (#КОГОМА$ -> #КОГАМА$) = -13.823394877930522
correctionProbability (#ВИКЕПЕДИЯ$ -> #ВИКИПЕДИЯ$) = -9.397583035842302
correctionProbability (#КАЛИНЕНСКОГО$ -> #КАЛИНИНСКОГО$) = -20.489623936599834
correctionProbability (#НАРИСОВАНОГО$ -> #НАРИСОВАННОГО$) = -26.16221715881396
correctionProbability (#АБАСТРАЛ$ -> #АБАКТАЛ$) = -91.32989856643279
correctionProbability (#ЭГИПТУ$ -> #ЄГИПТУ$) = -19.86821222515496
correctionProbability (#УСТРОЙСТАО$ -> #УСТРОЙСТВО$) = -13.311684522158707
correctionProbability (#ИСЛЕДОВАНИЙ$ -> #ИССЛЕДОВАНИЙ$) = -21.57955811198262
correctionProbability (#ТАНОМЕТР$ -> #ТОНОМЕТР$) = -16.979024054307942
correctionProbability (#LMPRESS$ -> #IMPRESS$) = -18.848288943529262
correctionProbability (#РАКИНОМ$ -> #РАКИТНОМ$) = -24.04578646205011
correctionProbability (#DOWNOALD$ -> #DOWNLOAD$) = -78.93457718272451
correctionProbability (#ВЛАГАДИЩЕ$ -> #ВЛАГАЛИЩЕ$) = -16.434239950642315
correctionProbability (#ПОВЕРЯЮТ$ -> #ПРОВЕРЯЮТ$) = -18.8557448307716
correctionProbability (#ПОЛТПВА$ -> #ПОЛТАВА$) = -13.638331710631313
correctionProbability (#ОБЯВЛЕНИ$ -> #ОБЪЯВЛЕНИЯ$) = -78.13146493234397
correctionProbability (#РАСМОТРЕТЬ$ -> #РАССМОТРЕТЬ$) = -23.87458388504639
correctionProbability (#ЭКПЕРТ$ -> #ЭКСПЕРТ$) = -13.834918769213417
correctionProbability (#ИСЛЕДОВАНИИ$ -> #ИССЛЕДОВАНИИ$) = -24.883789453557704
correctionProbability (#РАБАЧЕЙ$ -> #РАБОЧЕЙ$) = -14.562074399699213
correctionProbability (#БУЛАКИНЫМ$ -> #БУЛКИНЫМ$) = -29.41013594910479
correctionProbability (#ЧИДЕО$ -> #ВИДЕО$) = -1.7289012826881205
correctionProbability (#МАТЯКУПОВ$ -> #МАТЯКУБОВ$) = -34.81423064852382
correctionProbability (#КАМАНДИР$ -> #КОМАНДИР$) = -18.208099585086934
correctionProbability (#NVID$ -> #NVIDIA$) = -77.84180811207598
correctionProbability (#АУТОИМУННЫХ$ -> #АУТОИММУННЫХ$) = -29.694468684599975
correctionProbability (#МЗДАТЕЛЬСТВО$ -> #ИЗДАТЕЛЬСТВО$) = -19.481317258813313
correctionProbability (#КЕСЕРЕВО$ -> #КЕСАРЕВО$) = -18.145170487746398
correctionProbability (#ЖЫВОЙ$ -> #ЖИВОЙ$) = -11.27661251709073
correctionProbability (#ЕОРОЛЬ$ -> #КОРОЛЬ$) = -7.926782192515898
correctionProbability (#ИНТЕННЕТ$ -> #ИНТЕРНЕТ$) = -5.9787458449999615
correctionProbability (#ЧЯСТНОЕ$ -> #ЧАСТНОЕ$) = -11.42650219213973
correctionProbability (#ДЖЕМЕНЬЯНО$ -> #ДЖИМИНЬЯНО$) = -91.7449177718804
correctionProbability (#СЕБЕБИ$ -> #СЕБЕБІ$) = -21.408187548426685
correctionProbability (#ЕВРОЛАН$ -> #ЕВРОПЛАН$) = -20.53913545216517
correctionProbability (#СОЛЮШИН$ -> #СОЛЮШЕН$) = -17.11718653133262
correctionProbability (#ВОПРОСЬ$ -> #ВОПРОСЫ$) = -11.337200781852502
correctionProbability (#МАЙКУНОВ$ -> #МЕЙКУНОВ$) = -24.255630481823452
correctionProbability (#ПРОПЕССОР$ -> #ПРОФЕССОР$) = -15.982394493634374
correctionProbability (#TXE$ -> #THE$) = -2.1986615545657955
correctionProbability (#ДЖОЗЕФІНА$ -> #ДЖОЗЕФИНА$) = -22.339269964731407
correctionProbability (#ЕЛЕВИЗОР$ -> #ТЕЛЕВИЗОР$) = -13.245846307579782
correctionProbability (#MYFRECAMS$ -> #MYFREECAMS$) = -26.27236061167735
correctionProbability (#ОЛИМА$ -> #ОЛИМП$) = -10.089866219599767
correctionProbability (#КОМИЛОТА$ -> #КАМЕЛОТА$) = -87.96732450869428
correctionProbability (#АНТЮРНЕТ$ -> #АНТЮРНЕД$) = -20.339130662595714
correctionProbability (#ЬВИДЕО$ -> #ВИДЕО$) = -4.201635020793351
correctionProbability (#ГУУЛ$ -> #ГУГЛ$) = -2.9960256206557396
correctionProbability (#КОЕДИТОВ$ -> #КРЕДИТОВ$) = -15.97903506575765
correctionProbability (#АУТОИМУННЫЙ$ -> #АУТОИММУННЫЙ$) = -24.901925432888895
correctionProbability (#ВОСТАНИИ$ -> #ВОССТАНИИ$) = -25.57369524562874
correctionProbability (#МЕДОТ$ -> #МЕТОД$) = -74.86342058055985
correctionProbability (#ДЕКАРАТИВНЫЙ$ -> #ДЕКОРАТИВНЫЙ$) = -19.03224471817623
correctionProbability (#БУСТОР$ -> #БУСТЕР$) = -13.455488667946309
correctionProbability (#ВОСТАНИЕ$ -> #ВОССТАНИЕ$) = -17.509062504758482
correctionProbability (#YOUN$ -> #YOUNG$) = -11.115023296901771
correctionProbability (#ПЕРОВДЧИК$ -> #ПЕРЕВОДЧИК$) = -74.00416419270263
correctionProbability (#КЕСЕРЕВА$ -> #КЕСАРЕВА$) = -18.630886097075866
correctionProbability (#STEET$ -> #STREET$) = -14.082644058243222
correctionProbability (#ГАЛЮЦИНОГЕННЫЕ$ -> #ГАЛЛЮЦИНОГЕННЫЕ$) = -30.521317260587097
correctionProbability (#ПАЛЕТЫ$ -> #ПАЛЛЕТЫ$) = -19.70545574907119
correctionProbability (#ПЕРЕМЕТР$ -> #ПЕРИМЕТР$) = -15.356092553329795
correctionProbability (#АУТОИМУННЫЕ$ -> #АУТОИММУННЫЕ$) = -26.777116573601894
correctionProbability (#ПРИЗЕНТАЦЫЯ$ -> #ПРЕЗЕНТАЦИЯ$) = -76.88270834171871
correctionProbability (#ПОДЫМАТЬ$ -> #ПОДНИМАТЬ$) = -86.2212771145435
correctionProbability (#БОНГАКА$ -> #БОНГАКАМС$) = -81.59451271013604
correctionProbability (#ПОРЕМОНТИРОВАТЬ$ -> #ОТРЕМОНТИРОВАТЬ$) = -90.01291100510979
correctionProbability (#FORTPLACE$ -> #FIREPLACE$) = -90.85607183239314
correctionProbability (#СПОРТАКА$ -> #СПАРТАКА$) = -15.878330443967812
correctionProbability (#ИКУССТВО$ -> #ИСКУССТВО$) = -15.123290951568507
correctionProbability (#HOLOW$ -> #HOLLOW$) = -17.656922747507533
correctionProbability (#НАРОДЖЕНЯМ$ -> #НАРОДЖЕННЯ$) = -83.64579456716355
correctionProbability (#МАНГЕЛИК$ -> #МАНГИЛИК$) = -21.34891648144167
correctionProbability (#YOUY$ -> #YOU$) = -9.176643761173622
correctionProbability (#МАМОЛОГ$ -> #МАММОЛОГ$) = -15.6045980321975
correctionProbability (#ТРЕНАЖОРЕ$ -> #ТРЕНАЖЕРЕ$) = -21.78893604746998
correctionProbability (#ИНСЕНТ$ -> #ИНЦЕСТ$) = -73.77840840980134
correctionProbability (#РКРЫМ$ -> #КРЫМ$) = -9.53214221250683
correctionProbability (#ПАЛЕТТ$ -> #ПАЛЕТ$) = -20.446388842622294
correctionProbability (#НТЖНИЙ$ -> #НИЖНИЙ$) = -8.028209641126072
correctionProbability (#СЕСТРОИ$ -> #СЕСТРОЙ$) = -13.271920599958385
correctionProbability (#СМОТОЕТЬ$ -> #СМОТРЕТЬ$) = -2.3942646590465397
correctionProbability (#КОСУЛЬТАНТ$ -> #КОНСУЛЬТАНТ$) = -17.288589665187338
correctionProbability (#КОНВЕРТИР$ -> #КОНВЕРТЕР$) = -14.74650291748123
correctionProbability (#МИЛАШЕНКОВО$ -> #МИЛАШЕНКОВА$) = -26.771222761715322
correctionProbability (#БАКДАРГ$ -> #БАКЪДАР$) = -84.07611810684175
correctionProbability (#СПЯШИХ$ -> #СПЯЩИХ$) = -15.654437041310867
correctionProbability (#КОМИКСІ$ -> #КОМИКСЫ$) = -11.7512811577827
correctionProbability (#МАБИЛЬНЫЕ$ -> #МОБИЛЬНЫЕ$) = -16.03696571617062
correctionProbability (#СОВБЕС$ -> #СОБЕС$) = -19.15705052839036
correctionProbability (#ПРИСТУПУ$ -> #ПРИСТУПЫ$) = -20.373459840070446
correctionProbability (#ТЯНИТ$ -> #ТЯНЕТ$) = -13.859383040913205
correctionProbability (#ГРИБНИЙ$ -> #ГРИБНОЙ$) = -15.344549110658711
correctionProbability (#ВЛАДИВОСОК$ -> #ВЛАДИВОСТОК$) = -13.909547582879839
correctionProbability (#ЖИВОТНЫК$ -> #ЖИВОТНЫЕ$) = -10.661922935047379
correctionProbability (#СУДОРГА$ -> #СУДОРОГА$) = -22.263366224484848
correctionProbability (#ОЛИКИ$ -> #РОЛИКИ$) = -10.262528901772644
correctionProbability (#АСИСТЕНТ$ -> #АССИСТЕНТ$) = -19.439800846388444
correctionProbability (#МОЛЮСКОВ$ -> #МОЛЛЮСКОВ$) = -21.50524717120841
correctionProbability (#РАБОЛТА$ -> #РАБОТА$) = -7.463138984783388
correctionProbability (#КАЗКААА$ -> #КАЗКА$) = -83.42838059624027
correctionProbability (#ПОЛИЕСТЕР$ -> #ПОЛИЭСТЕР$) = -20.092809868640288
correctionProbability (#CНЯТЬ$ -> #СНЯТЬ$) = -7.076349961559021
correctionProbability (#РССКАЗ$ -> #РАССКАЗ$) = -11.024704912342926
correctionProbability (#БОРДЕРЛЕНС$ -> #БОРДЕРЛЕНДС$) = -22.156790112354855
correctionProbability (#ФІЄСТА$ -> #ФИЕСТА$) = -81.16251874115136
correctionProbability (#БОЛЬШЫМИ$ -> #БОЛЬШИМИ$) = -13.908553830042969
correctionProbability (#REMPRANT$ -> #REMBRANDT$) = -92.11833599743832
correctionProbability (#ВИТИО$ -> #ВИДЕО$) = -66.43496393297218
correctionProbability (#ЖИВОТНЫИ$ -> #ЖИВОТНЫМИ$) = -14.804831605106003
correctionProbability (#ШТАИР$ -> #ШТАЙЕР$) = -85.87359429542666
correctionProbability (#БЕСТВИАПОН$ -> #БЕСТВЕАПОН$) = -35.69481221308626
correctionProbability (#ЬБДЖЕТНОМ$ -> #БЮДЖЕТНОМ$) = -86.78209733319541
correctionProbability (#МЕДКОМИСИЮ$ -> #МЕДКОМИССИЮ$) = -22.37596075676339
correctionProbability (#ПЕРСТОЛОВ$ -> #ПРЕСТОЛОВ$) = -79.44632289606663
correctionProbability (#СЕСТРОЦ$ -> #СЕСТРОЙ$) = -13.281764401379476
correctionProbability (#НАЛОГО$ -> #НАЛОГА$) = -12.028635468158068
correctionProbability (#МЕРТВЕСОВ$ -> #МЕРТВЕЦОВ$) = -16.591035394850415
correctionProbability (#БИЛКТ$ -> #БИЛЕТ$) = -7.149463252144212
correctionProbability (#ПОГРДА$ -> #ПОГОДА$) = -1.216197657914563
correctionProbability (#КОМИКСВ$ -> #КОМИКСЫ$) = -11.74821250792617
correctionProbability (#ФОЛЬКЦВАГЕН$ -> #ФОЛЬКСВАГЕН$) = -14.09844991649824
correctionProbability (#TREINER$ -> #TRAINER$) = -16.3359415234631
correctionProbability (#ПНЭ$ -> #ПНЗ$) = -12.487895728863162
correctionProbability (#БИТРЭК$ -> #БИТРЕК$) = -21.834885596737042
correctionProbability (#МОЗГІ$ -> #МОЗГИ$) = -15.283901887207616
correctionProbability (#МИНУРИН$ -> #МЕНУРИН$) = -20.01314729178965
correctionProbability (#АПОГОДА$ -> #ПОГОДА$) = -3.6869280624354452
correctionProbability (#ПРЕДНОЗНАЧИНА$ -> #ПРЕДНАЗНАЧЕНА$) = -90.73746917974353
correctionProbability (#НЕЙТРАЛЕ$ -> #НЕЙТРАЛИ$) = -23.69467511798193
correctionProbability (#МАЛЬИК$ -> #МАЛЬЧИК$) = -11.408304773197173
correctionProbability (#НИЖНЙ$ -> #НИЖНИЙ$) = -8.598016251235247
correctionProbability (#КРАСТВАЯ$ -> #КРАСИВАЯ$) = -10.819054967920657
correctionProbability (#ГАЗОСЕЛИКАТНЫЕ$ -> #ГАЗОСИЛИКАТНЫЕ$) = -27.886130378496745
correctionProbability (#НИЖНИ$ -> #НИЖНИЙ$) = -8.56383401982227
correctionProbability (#ПРАЗЛНИК$ -> #ПРАЗДНИК$) = -10.867616119949908
correctionProbability (#ПЕРИЛЫ$ -> #ПЕРИЛА$) = -14.301803869142194
correctionProbability (#ПРКТИЧЕСКАЯ$ -> #ПРАКТИЧЕСКАЯ$) = -20.169311692465662
correctionProbability (#PLAS$ -> #PLUS$) = -9.588049798670422
correctionProbability (#ЗАРУБЕЖНЫИ$ -> #ЗАРУБЕЖНЫЙ$) = -18.882801187855307
correctionProbability (#ГЕРБОЛАЙФ$ -> #ГЕРБАЛАЙФ$) = -16.81059846576676
correctionProbability (#ПОДЛАКОТНИК$ -> #ПОДЛОКОТНИК$) = -20.737420591513022
correctionProbability (#КОНТОРЛЬНАЯ$ -> #КОНТРОЛЬНАЯ$) = -83.20668954601234
correctionProbability (#МАГАЗМНЫ$ -> #МАГАЗИНЫ$) = -10.704046795957304
correctionProbability (#НАСТАЛЬГИЯ$ -> #НОСТАЛЬГИЯ$) = -20.670918825768815
correctionProbability (#RAINBOX$ -> #RAINBOW$) = -15.376015264528597
correctionProbability (#ЧАЧТО$ -> #ЧАСТО$) = -11.266726564885392
correctionProbability (#ПРИЗЕНТАЦИЯ$ -> #ПРЕЗЕНТАЦИЯ$) = -12.108958560729562
correctionProbability (#РАСКАРСКИ$ -> #РАСКРАСКИ$) = -76.90154551657703
correctionProbability (#САМОТИКОМ$ -> #САМОТЫКОМ$) = -22.09106180161026
correctionProbability (#ПАРАВОЗОВ$ -> #ПАРОВОЗОВ$) = -18.594329030976468
correctionProbability (#ОЮЛАЧНУЮ$ -> #ОБЛАЧНУЮ$) = -27.449888182947603
correctionProbability (#РАССКСЗЫ$ -> #РАССКАЗЫ$) = -10.741716755436975
correctionProbability (#ЖОПАСТИЕ$ -> #ЖОПАСТЫЕ$) = -18.941290516731648
correctionProbability (#ЧАЧТЬ$ -> #ЧАСТЬ$) = -6.421041289104696
correctionProbability (#ТРЭКЕР$ -> #ТРЕКЕР$) = -14.537648233834357
correctionProbability (#MOZZILA$ -> #MOZILLA$) = -83.83934711079637
correctionProbability (#ЗАМОРОЖЕНОЙ$ -> #ЗАМОРОЖЕННОЙ$) = -22.71434871635949
correctionProbability (#КАТОРОГО$ -> #КОТОРОГО$) = -14.145480066073773
correctionProbability (#МИЛИОРДЕР$ -> #МИЛЛИАРДЕР$) = -85.0693945343455
correctionProbability (#ТМАЛ$ -> #ТМАЛЛ$) = -19.782523360502093
correctionProbability (#ОТКЛЮЧИТ$ -> #ОТКЛЮЧИТЬ$) = -14.759000830736746
correctionProbability (#АЛГЕБОЕ$ -> #АЛГЕБРЕ$) = -10.325657776210484
correctionProbability (#ZENFON$ -> #ZENFONE$) = -17.730022295305815
correctionProbability (#АВТРБУСОВ$ -> #АВТОБУСОВ$) = -12.236271198069808
correctionProbability (#АСВАЛЬТЕ$ -> #АСФАЛЬТЕ$) = -18.541513235707015
correctionProbability (#DENCE$ -> #DANCE$) = -11.150153410512768
correctionProbability (#ЖОНС$ -> #ДЖОНС$) = -12.565080738727435
correctionProbability (#НУРМИНСКИ$ -> #НУРМИНСКИЙ$) = -18.304663744499386
correctionProbability (#ПОРАДА$ -> #ПОРОДА$) = -11.628438146783257
correctionProbability (#ИНВЕСТИРГ$ -> #ИНВЕСТИНГ$) = -16.695856527521705
correctionProbability (#БУГАЛТЕРИИ$ -> #БУХГАЛТЕРИИ$) = -20.17791103931755
correctionProbability (#ПРОКАРАТУРЕ$ -> #ПРОКУРАТУРЕ$) = -21.459568823135825
correctionProbability (#ПРОГРЕВАЕТ$ -> #ПРОГРЕВАЕТСЯ$) = -93.08522259312585
correctionProbability (#ППОНО$ -> #ПОНО$) = -16.03875219526284
correctionProbability (#ППИ$ -> #ПРИ$) = -3.156005247698257
correctionProbability (#СНУККЕР$ -> #СНУКЕР$) = -14.194774776454526
correctionProbability (#ГУНЛ$ -> #ГУГЛ$) = -2.994664861817892
correctionProbability (#КОТЕДЖЕЙ$ -> #КОТТЕДЖЕЙ$) = -16.622060934584304
correctionProbability (#ТЕРАССЫ$ -> #ТЕРРАСЫ$) = -84.97967916498642
correctionProbability (#VERSCHIEDENEM$ -> #VERSCHIEDENEN$) = -39.131816967536494
correctionProbability (#ИЗГОТОВИТ$ -> #ИЗГОТОВИТЬ$) = -18.027507493686144
correctionProbability (#ПОЛОЖИЛИИ$ -> #ПОЛОЖИЛИ$) = -23.718336444553543
correctionProbability (#ПОДБИРИТЕ$ -> #ПОДБЕРИТЕ$) = -19.62593297556497
correctionProbability (#ТЕРАВЕВТ$ -> #ТЕРАПЕВТ$) = -16.294015488991406
correctionProbability (#ФИНТЕС$ -> #ФИТНЕС$) = -76.64024462349457
correctionProbability (#OYNU$ -> #OYUNU$) = -15.88753112554419
correctionProbability (#МЕНI$ -> #МЕНІ$) = -15.460870179370009
correctionProbability (#КАЛАШНИКА$ -> #КАЛАШНИКОВА$) = -85.20490615123853
correctionProbability (#ПРЯА$ -> #ПРЯЖА$) = -12.182978367557208
correctionProbability (#АЛЛЕКС$ -> #АЛЕКС$) = -13.633670688699457
correctionProbability (#РУУСАГРО$ -> #РУСАГРО$) = -22.98917235259701
correctionProbability (#СВИДЕТЕЛЬСВО$ -> #СВИДЕТЕЛЬСТВО$) = -20.878057827224914
correctionProbability (#RUSDT$ -> #RUST$) = -16.153272232728032
correctionProbability (#ЭНЕРГОАГРНТ$ -> #ЭНЕРГОГАРАНТ$) = -155.9382832928672
correctionProbability (#НАВУШНИКИ$ -> #НАУШНИКИ$) = -15.33197762911987
correctionProbability (#ХАБАРОАСК$ -> #ХАБАРОВСК$) = -11.59509928439875
correctionProbability (#БАБОМИ$ -> #БАБАМИ$) = -16.71994997224591
correctionProbability (#ПОКЗД$ -> #ПОЕЗД$) = -8.09039787323982
correctionProbability (#УБИЙТВО$ -> #УБИЙСТВО$) = -12.947623609677692
correctionProbability (#ЭВРОПЕЙСЬКИЙ$ -> #ЕВРОПЕЙСКИЙ$) = -86.15983658609494
correctionProbability (#FUTBOLNI$ -> #FUTBOLNIE$) = -26.01367324379477
correctionProbability (#КРАПЛИ$ -> #КАПЛИ$) = -12.11650532835991
correctionProbability (#МАИНРАФТ$ -> #МАЙНКРАФТ$) = -73.2632138474034
correctionProbability (#КОРНИЧЕНКО$ -> #КОРНИЕНКО$) = -22.63235668951625
correctionProbability (#ПРЦЕДУРЫ$ -> #ПРОЦЕДУРЫ$) = -17.4637983468133
correctionProbability (#ПОЬ$ -> #ПО$) = -2.1762718240580092
correctionProbability (#ТРИКАТ$ -> #ТРИКЕТ$) = -23.173028213200865
correctionProbability (#МОHСТРЫ$ -> #МОНСТРЫ$) = -11.659668991388727
correctionProbability (#ДИЯЛЬНОСТИ$ -> #ДІЯЛЬНОСТІ$) = -85.55238450362147
correctionProbability (#GOROSKOB$ -> #GOROSKOP$) = -18.7474524988385
correctionProbability (#ОПИАНИЕ$ -> #ОПИСАНИЕ$) = -10.584307044437473
correctionProbability (#ЖЛЕКТРИЧЕК$ -> #ЭЛЕКТРИЧЕК$) = -13.363996484995667
correctionProbability (#VODEO$ -> #VIDEO$) = -7.951446396603462
correctionProbability (#ИНТЕЛЕКТА$ -> #ИНТЕЛЛЕКТА$) = -20.911530877837208
correctionProbability (#ИГГРЫЫ$ -> #ИГРЫ$) = -72.23282248163362
correctionProbability (#ФЕРЕРРО$ -> #ФЕРРЕРО$) = -88.65590804325112
correctionProbability (#ДИФЛЕКТОР$ -> #ДЕФЛЕКТОР$) = -19.449143169119758
correctionProbability (#ВИНДОАС$ -> #ВИНДОВС$) = -9.807487769521188
correctionProbability (#ЛАТЕРЕЯ$ -> #ЛОТЕРЕЯ$) = -13.243580607631053
correctionProbability (#СОЦЗАШИТА$ -> #СОЦЗАЩИТА$) = -17.470689793516748
correctionProbability (#РОМБЛОКС$ -> #РОБЛОКС$) = -9.849168996074454
correctionProbability (#АССИНХРОННОГО$ -> #АСИНХРОННОГО$) = -27.158178576875578
correctionProbability (#БОТОС$ -> #БОТОКС$) = -14.605210074728152
correctionProbability (#ЛЕОТОН$ -> #ЛИОТОН$) = -19.75235887827471
correctionProbability (#УРЕМ$ -> #КРЕМ$) = -7.806826944594679
correctionProbability (#НЗВАНИЕ$ -> #НАЗВАНИЕ$) = -12.121361775605287
correctionProbability (#ПОПСОКЕТС$ -> #ПОПСОКЕТ$) = -21.747516739886017
correctionProbability (#ПИХОТА$ -> #ПЕХОТА$) = -16.847413041588478
correctionProbability (#РЕЙСАВ$ -> #РЕЙСОВ$) = -15.54427038689499
correctionProbability (#ШВБЫ$ -> #ШУБЫ$) = -10.733836136882285
correctionProbability (#ПРР$ -> #ПРО$) = -1.4395965252228713
correctionProbability (#ДЕВЧЕНКА$ -> #ДЕВЧОНКА$) = -16.22738946170317
correctionProbability (#ИНЖЕНАРА$ -> #ИНЖЕНЕРА$) = -15.807263747652563
correctionProbability (#СТОИМТ$ -> #СТОИТ$) = -9.075692899987029
correctionProbability (#МРАДИО$ -> #РАДИО$) = -7.6385784233683225
correctionProbability (#ОУШИН$ -> #ОУШЕН$) = -16.737426297660928
correctionProbability (#ДРАЙВІНГ$ -> #ДРАЙВИНГ$) = -17.45302121868749
correctionProbability (#ФОРУУМ$ -> #ФОРУМ$) = -8.920800450173143
correctionProbability (#ТРИНАЖЕРЫ$ -> #ТРЕНАЖЕРЫ$) = -14.750360271287377
correctionProbability (#ПЕРЕЛАЧА$ -> #ПЕРЕДАЧА$) = -12.404682594829374
correctionProbability (#ЕКСКОРД$ -> #ЭСКОРТ$) = -146.03926679379163
correctionProbability (#АНАСТАСИЧ$ -> #АНАСТАСИЯ$) = -11.157481353456092
correctionProbability (#КОНВЕРТОР$ -> #КОНВЕРТЕР$) = -14.793374202491286
correctionProbability (#ТЭСТ$ -> #ТЕСТ$) = -6.282482568977496
correctionProbability (#ПРЛ$ -> #ПРО$) = -1.439165537176116
correctionProbability (#ПУНТК$ -> #ПУНКТ$) = -78.39633781614246
correctionProbability (#АВТОБИАГРАФИЯ$ -> #АВТОБИОГРАФИЯ$) = -21.176917312468376
correctionProbability (#ЗАМОРОЖЕНОЕ$ -> #ЗАМОРОЖЕННОЕ$) = -27.51994215917521
correctionProbability (#FINSIGHT$ -> #INSIGHT$) = -21.049709511466986
correctionProbability (#ЛАЕФ$ -> #ЛАЙФ$) = -7.510484179452508
correctionProbability (#ЖОМЕ$ -> #ДОМЕ$) = -7.722473738913145
correctionProbability (#ДЕРЕВЯНЫХ$ -> #ДЕРЕВЯННЫХ$) = -17.451869363515684
correctionProbability (#ПРД$ -> #ПОД$) = -3.6299494291461087
correctionProbability (#НАСТОЯШЕЕ$ -> #НАСТОЯЩЕЕ$) = -16.59172486073974
correctionProbability (#БАЛОНОВ$ -> #БАЛЛОНОВ$) = -18.589092011063222
correctionProbability (#РЕПАРИН$ -> #ГЕПАРИН$) = -19.99809181792736
correctionProbability (#АМОКСИЦИЛИН$ -> #АМОКСИЦИЛЛИН$) = -21.622146911982703
correctionProbability (#ПЕРЕЛАЧИ$ -> #ПЕРЕДАЧИ$) = -13.478823655066861
correctionProbability (#ВИЬРАЦИЯ$ -> #ВИБРАЦИЯ$) = -17.884227069925608
correctionProbability (#ЛИКОМИЯ$ -> #ЛИКИМИЯ$) = -24.80890740141112
correctionProbability (#ДВИЖНИЯ$ -> #ДВИЖЕНИЯ$) = -12.59002703854324
correctionProbability (#ДЕВЧЕНКУ$ -> #ДЕВЧОНКУ$) = -20.20702703492629
correctionProbability (#DENCO$ -> #DENSO$) = -15.086557273357972
correctionProbability (#MIDLE$ -> #MIDDLE$) = -17.290579062119026
correctionProbability (#КАЧАТЬ$ -> #СКАЧАТЬ$) = -3.031915765795004
correctionProbability (#УКРАIНА$ -> #УКРАЇНА$) = -13.666743744325466
correctionProbability (#SOLDER$ -> #SOLDIER$) = -19.70964819508236
correctionProbability (#ОЛИИП$ -> #ОЛИМП$) = -10.091151278529086
correctionProbability (#ВЫРЕЗКЕ$ -> #ВЫРЕЗКИ$) = -17.967673566537364
correctionProbability (#ФЕРМЕНТОТЕРАПИЮ$ -> #ФЕРМЕНТОТЕРАПИЯ$) = -40.77192892572249
correctionProbability (#НОВУОСТИ$ -> #НОВОСТИ$) = -6.789798184561143
correctionProbability (#ЗДАРОВЬЕ$ -> #ЗДОРОВЬЕ$) = -11.276818196133902
correctionProbability (#СВИТНЕСС$ -> #СВИТНЕС$) = -29.359353915194617
correctionProbability (#ФРИЛАНДЕР$ -> #ФРИЛЕНДЕР$) = -17.892397282786426
correctionProbability (#ГОСУСЛУГЕ$ -> #ГОСУСЛУГИ$) = -9.144541843420704
correctionProbability (#ГИНАСТИКА$ -> #ГИМНАСТИКА$) = -13.250727681194043
correctionProbability (#НОТБУКОВ$ -> #НОУТБУКОВ$) = -15.289275814310294
correctionProbability (#GRANY$ -> #GRANNY$) = -14.489201465570279
correctionProbability (#УКРЕЕТ$ -> #УКРНЕТ$) = -9.85955467144382
correctionProbability (#ПОЛЛВЫЕ$ -> #ПОЛОВЫЕ$) = -15.17389788863467
correctionProbability (#СИГРАЛ$ -> #СЫГРАЛ$) = -15.663831515906306
correctionProbability (#УРАЛЬСКИИ$ -> #УРАЛЬСКИЙ$) = -15.985080969610053
correctionProbability (#МАМОГРАФИЯ$ -> #МАММОГРАФИЯ$) = -22.546912912941792
correctionProbability (#ДЕРГАЕТЬСЯ$ -> #ДЕРГАЕТСЯ$) = -20.964393509460812
correctionProbability (#МАМОГРАФИЮ$ -> #МАММОГРАФИЮ$) = -24.55834387261207
correctionProbability (#ОБУВІ$ -> #ОБУВИ$) = -9.624619880818482
correctionProbability (#ЗВОСТА$ -> #ХВОСТА$) = -16.088500546904474
correctionProbability (#МАКЕНЫ$ -> #МАККЕНЫ$) = -18.971330001257797
correctionProbability (#ДОРОЫЕЕВ$ -> #ДОРОФЕЕВ$) = -14.863953298373112
correctionProbability (#ВСЕРОСИЙСКИЙ$ -> #ВСЕРОССИЙСКИЙ$) = -21.790031556969126
correctionProbability (#ПРОЕЗАТЬ$ -> #ПРОЕХАТЬ$) = -15.12059923875725
correctionProbability (#ДРАЙЙВЕР$ -> #ДРАЙВЕР$) = -12.942858866468512
correctionProbability (#СИФРЕДИ$ -> #СИФФРЕДИ$) = -21.6425567672068
correctionProbability (#ПОМЯТНИК$ -> #ПАМЯТНИК$) = -12.653647551498388
correctionProbability (#СИНГНАЛИЗАЦИИ$ -> #СИГНАЛИЗАЦИИ$) = -19.76840193143338
correctionProbability (#ОТВНТ$ -> #ОТВЕТ$) = -10.215260304793322
correctionProbability (#ЭПЕЛЕПСИЯ$ -> #ЭПИЛЕПСИЯ$) = -18.592838618385194
correctionProbability (#ВЫЙТЕ$ -> #ВЫЙТИ$) = -11.590896343574318
correctionProbability (#YOUNGE$ -> #YOUNG$) = -13.063631584419316
correctionProbability (#ПРОЕТК$ -> #ПРОЕКТ$) = -76.12998884426182
correctionProbability (#MEDIKAL$ -> #MEDICAL$) = -16.797633724788767
correctionProbability (#МЕНСОН$ -> #МЭНСОН$) = -16.35425254742248
correctionProbability (#TERRI$ -> #TERRY$) = -17.721350566839977
correctionProbability (#ЛАЙД$ -> #ЛАЙТ$) = -10.024473098069219
correctionProbability (#РОБІНЗОН$ -> #РОБИНЗОН$) = -16.357480784270216
correctionProbability (#СКОЧЕМ$ -> #СКОТЧЕМ$) = -20.710942600011613
correctionProbability (#ВЫРОСТУТ$ -> #ВЫРАСТУТ$) = -21.334147070967923
correctionProbability (#ПРОНХАБ$ -> #ПОРНХАБ$) = -80.89019784292903
correctionProbability (#НИЖИН$ -> #НЕЖИН$) = -16.698808749017633
correctionProbability (#SPEAD$ -> #SPEED$) = -12.138645666056338
correctionProbability (#DEFLORIATON$ -> #DEFLORATION$) = -90.72320296228199
correctionProbability (#FACEBOOOK$ -> #FACEBOOK$) = -11.93095323746865
correctionProbability (#БЕСПЛТНО$ -> #БЕСПЛАТНО$) = -5.330574892016179
correctionProbability (#ЛИТВИНЕНКА$ -> #ЛИТВИНЕНКО$) = -18.996988644470775
correctionProbability (#POSMOTRIT$ -> #POSMOTRET$) = -23.659856004586196
correctionProbability (#НАСТОЛЬЖИ$ -> #НОСТАЛЬЖИ$) = -86.2348595042783
correctionProbability (#CIY$ -> #CITY$) = -8.185449880058012
correctionProbability (#КРАПУШКАМИ$ -> #КРАПИНКАМИ$) = -91.76748932353073
correctionProbability (#ЗАРЯЖЕТСЯ$ -> #ЗАРЯЖАЕТСЯ$) = -19.63485317100446
correctionProbability (#АНІКДОТИ$ -> #АНЕКДОТЫ$) = -77.3479056942088
correctionProbability (#АЛГЕБРК$ -> #АЛГЕБРЕ$) = -10.333692022417438
correctionProbability (#РЕНТГЕНЛАБОРАНТА$ -> #РЕНТГЕНОЛАБОРАНТА$) = -34.84289321943979
correctionProbability (#ПУТІНА$ -> #ПУТИНА$) = -10.724101357416576
correctionProbability (#ГОСУСЛУГТ$ -> #ГОСУСЛУГИ$) = -9.193234496434016
correctionProbability (#КОНТАГЕОЗНЫЙ$ -> #КОНТАГИОЗНЫЙ$) = -24.999231273965925
correctionProbability (#СТРОИТИЛИ$ -> #СТРОИТЕЛИ$) = -20.362653625888917
correctionProbability (#ЛАБИРИН$ -> #ЛАБИРИНТ$) = -13.43183833519496
correctionProbability (#СНАКОМСТВО$ -> #ЗНАКОМСТВО$) = -15.24802349635133
correctionProbability (#ГОСУСЛУГУ$ -> #ГОСУСЛУГИ$) = -9.202292169819835
correctionProbability (#ОБЬЯСНЯЮТ$ -> #ОБЪЯСНЯЮТ$) = -24.49163247470358
correctionProbability (#ОБЩЕЭИТИЯ$ -> #ОБЩЕЖИТИЯ$) = -19.259647038346188
correctionProbability (#НАЗЫВАЕТМЯ$ -> #НАЗЫВАЕТСЯ$) = -13.980052315579023
correctionProbability (#РОЩЕТКА$ -> #РОЗЕТКА$) = -12.876911277586302
correctionProbability (#ОБЩЕСТВЕНОГО$ -> #ОБЩЕСТВЕННОГО$) = -21.263197404978087
correctionProbability (#САМСКНГ$ -> #САМСУНГ$) = -9.45236181702586
correctionProbability (#RONINA$ -> #ROMINA$) = -18.563381197571783
correctionProbability (#БИССЕРОМ$ -> #БИСЕРОМ$) = -16.976681114795568
correctionProbability (#RUSSEL$ -> #RUSSELL$) = -18.708788625632515
correctionProbability (#ПРОЕТА$ -> #ПРОЕКТА$) = -13.274728659712402
correctionProbability (#ДЖЕФОРС$ -> #ДЖИФОРС$) = -19.83336019404696
correctionProbability (#ТРАСФОРМЕР$ -> #ТРАНСФОРМЕР$) = -18.02813388664738
correctionProbability (#КАЛЁСА$ -> #КОЛЕСА$) = -73.65680125156432
correctionProbability (#ЛАЙІ$ -> #ЛАЙФ$) = -7.50701484430412
correctionProbability (#ЛАИФ$ -> #ЛАЙФ$) = -7.497187677696772
correctionProbability (#УКРСІББАНК$ -> #УКРСИББАНК$) = -21.5578454028864
correctionProbability (#ГУПИ$ -> #ГУППИ$) = -15.54966566179559
correctionProbability (#БЛОШЫНЫЙ$ -> #БЛОШИНЫЙ$) = -19.3918273909129
correctionProbability (#NOLLYWOOD$ -> #HOLLYWOOD$) = -18.68505144786551
correctionProbability (#УТРЕНИКА$ -> #УТРЕННИКА$) = -19.25707065978458
correctionProbability (#CLASROOM$ -> #CLASSROOM$) = -19.438884083801348
correctionProbability (#ТИНКОФ$ -> #ТИНЬКОФФ$) = -77.24031082415554
correctionProbability (#САФИУЛИН$ -> #САФИУЛЛИН$) = -25.96984782637925
correctionProbability (#СИСТКМА$ -> #СИСТЕМА$) = -8.958794802373
correctionProbability (#ЭДЬДОРАДО$ -> #ЭЛЬДОРАДО$) = -12.097893121599313
correctionProbability (#СГРАНЬ$ -> #ГРАНЬ$) = -15.593352949787889
correctionProbability (#ВАЛБЕРИЗ$ -> #ВАЛБЕРИС$) = -12.457531896940672
correctionProbability (#БЕЛУЧЕ$ -> #БЕЛУЧЧИ$) = -80.82300877566597
correctionProbability (#НАЗЫВАЮТЯ$ -> #НАЗЫВАЮТСЯ$) = -17.97895196924528
correctionProbability (#СНАКОМСТВА$ -> #ЗНАКОМСТВА$) = -10.75937288537174
correctionProbability (#SMOTRT$ -> #SMOTRET$) = -13.843898553644983
correctionProbability (#ВИНОГОАД$ -> #ВИНОГРАД$) = -12.769516600440333
correctionProbability (#БЕЛУЧИ$ -> #БЕЛУЧЧИ$) = -16.07840880933081
correctionProbability (#СЕРИВЛЫ$ -> #СЕРИАЛЫ$) = -7.547910449228468
correctionProbability (#ЛИКАР$ -> #ЛІКАР$) = -18.408934306722667
correctionProbability (#СЕВИСЫ$ -> #СЕРВИСЫ$) = -15.139078149853148
correctionProbability (#КАРБИШЕВА$ -> #КАРБЫШЕВА$) = -20.704245119079992
correctionProbability (#ПРОФЕЛЕГИБ$ -> #ПРОФИЛЕГИБ$) = -24.062581094845335
correctionProbability (#МСТИТЕЛІ$ -> #МСТИТЕЛИ$) = -11.273331700308368
correctionProbability (#ДВИГАТЕЛЧ$ -> #ДВИГАТЕЛЯ$) = -12.294247674988021
correctionProbability (#МАЛЕКУЛЯРНЫЕ$ -> #МОЛЕКУЛЯРНЫЕ$) = -24.480424578050197
correctionProbability (#ИНСЕСТ$ -> #ИНЦЕСТ$) = -9.000929317958335
correctionProbability (#ТРОССА$ -> #ТРОСА$) = -17.525050918739336
correctionProbability (#СЛИЗАРИ$ -> #СЛИЗАРИО$) = -16.51931649306121
correctionProbability (#БУДИШ$ -> #БУДЕШЬ$) = -80.44481114707908
correctionProbability (#КУРИЦИН$ -> #КУРИЦЫН$) = -22.668960330558413
correctionProbability (#АУТСЕРСИНГ$ -> #АУТСОРСИНГ$) = -16.759690814587053
correctionProbability (#ПОДКЮЧЕНИЯ$ -> #ПОДКЛЮЧЕНИЯ$) = -16.953510626057444
correctionProbability (#МАТРІКС$ -> #МАТРИКС$) = -15.958394205921984
correctionProbability (#РЮЗЕМЕ$ -> #РЕЗЮМЕ$) = -74.91125332626247
correctionProbability (#ПРМОЩЬ$ -> #ПОМОЩЬ$) = -9.275248317114947
correctionProbability (#КОМПЬТЕРНЫЙ$ -> #КОМПЬЮТЕРНЫЙ$) = -19.08320571049081
correctionProbability (#КИСЛАРОДА$ -> #КИСЛОРОДА$) = -17.32226637826617
correctionProbability (#ПРИЗЕНТАЦИЙ$ -> #ПРЕЗЕНТАЦИЙ$) = -17.010870427824827
correctionProbability (#ЛАИВ$ -> #ЛАЙВ$) = -12.570414569447376
correctionProbability (#ПРИЗЕНТАЦИИ$ -> #ПРЕЗЕНТАЦИИ$) = -13.900728158126341
correctionProbability (#EBAT$ -> #EBET$) = -20.37139310150334
correctionProbability (#ЧТЛБЫ$ -> #ЧТОБЫ$) = -7.628774290623436
correctionProbability (#ДЮЙМОВЫ$ -> #ДЮЙМОВЫХ$) = -23.644930196067655
correctionProbability (#ГУОЛ$ -> #ГУГЛ$) = -2.99287888977128
correctionProbability (#СЕМПЛЫ$ -> #СЭМПЛЫ$) = -19.360793434625737
correctionProbability (#ТАНТСУЕТ$ -> #ТАНЦУЕТ$) = -80.94563964941338
correctionProbability (#ФОТОГРАЫИИ$ -> #ФОТОГРАФИИ$) = -12.47607624989596
correctionProbability (#УСТДЕНКА$ -> #СТУДЕНТКА$) = -150.55636198792703
correctionProbability (#НОВОЧЕРКАСКА$ -> #НОВОЧЕРКАССКА$) = -24.870050451243713
correctionProbability (#НУДИСТКИЕ$ -> #НУДИСТСКИЕ$) = -22.245740090904697
correctionProbability (#СОПРОТИВЛЕНИН$ -> #СОПРОТИВЛЕНИЕ$) = -21.524145585174736
correctionProbability (#БИЛЕИЫ$ -> #БИЛЕТЫ$) = -7.499850220266225
correctionProbability (#МАТМАТИКА$ -> #МАТЕМАТИКА$) = -11.967519514167954
correctionProbability (#ЧОРНЫХ$ -> #ЧЕРНЫХ$) = -13.37127007853886
correctionProbability (#СКАИРИМ$ -> #СКАЙРИМ$) = -13.12146622451381
correctionProbability (#МАНАЛОГ$ -> #МОНОЛОГ$) = -80.02085234431954
correctionProbability (#ПОДКЮЧЕНИЕ$ -> #ПОДКЛЮЧЕНИЕ$) = -16.458661881914836
correctionProbability (#НАЗЫВАЮТС$ -> #НАЗЫВАЮТСЯ$) = -18.016455847408672
correctionProbability (#MYAGI$ -> #MIYAGI$) = -16.13097583736994
correctionProbability (#ХАЙХЕ$ -> #ХЭЙХЭ$) = -83.61720019739178
correctionProbability (#СИМПОТИЧНЫЙ$ -> #СИМПАТИЧНЫЙ$) = -25.287923742993186
correctionProbability (#АОДИТЕЛЯ$ -> #ВОДИТЕЛЯ$) = -13.267343093138571
correctionProbability (#ЛЕРМОНОВ$ -> #ЛЕРМОНТОВ$) = -15.637928487628592
correctionProbability (#СРИПТИЗ$ -> #СТРИПТИЗ$) = -14.688186309900495
correctionProbability (#АЛГЕБРІ$ -> #АЛГЕБРЕ$) = -10.341489614361514
correctionProbability (#ЖОНЫ$ -> #ЖЕНЫ$) = -9.243469077660041
correctionProbability (#PLER$ -> #PLEER$) = -17.212560896860953
correctionProbability (#ISTAGRAM$ -> #INSTAGRAM$) = -13.571385366541186
correctionProbability (#МОЖЭТ$ -> #МОЖЕТ$) = -8.000156838647829
correctionProbability (#RUSAN$ -> #RUSSIAN$) = -79.01580002043416
correctionProbability (#MAGNETFIX$ -> #MAGNETFOX$) = -28.248011139711622
correctionProbability (#RAXMATULAYEV$ -> #RAHMATULLAYEV$) = -92.14568707874692
correctionProbability (#EBAI$ -> #EBAY$) = -10.64293990708882
correctionProbability (#СТАБІЛІЗАТОРА$ -> #СТАБИЛИЗАТОРА$) = -86.43151737323949
correctionProbability (#OFICAL$ -> #OFFICIAL$) = -83.07396801815716
correctionProbability (#СИМПОТИЧНЫЕ$ -> #СИМПАТИЧНЫЕ$) = -23.795593301982166
correctionProbability (#МАЛЫЙЙ$ -> #МАЛЫЙ$) = -13.994164947476715
correctionProbability (#МЕДИКАСЫ$ -> #МЕДИКА$) = -85.84910244732161
correctionProbability (#ЗДАЧУ$ -> #СДАЧУ$) = -15.701719807000078
correctionProbability (#ANDROI$ -> #ANDROID$) = -11.921468736075056
correctionProbability (#САСЕТ$ -> #СОСЕТ$) = -11.42292421788419
correctionProbability (#ПРОЕТЫ$ -> #ПРОЕКТЫ$) = -11.602114779548991
correctionProbability (#ХОМСТЕР$ -> #ХАМСТЕР$) = -16.22841594667247
correctionProbability (#БАНКРОТСТВ$ -> #БАНКРОТСТВО$) = -18.588892851815913
correctionProbability (#ОБУАЬ$ -> #ОБУВЬ$) = -7.789057886160553
correctionProbability (#ПРОХОДНОЦ$ -> #ПРОХОДНОЙ$) = -17.201616071151797
correctionProbability (#МАРШУРУТ$ -> #МАРШРУТ$) = -13.4019239643332
correctionProbability (#СУЩЕСТВУЕ$ -> #СУЩЕСТВУЕТ$) = -18.646627739688363
correctionProbability (#МОЛБЕТ$ -> #МЕЛБЕТ$) = -15.613082598732735
correctionProbability (#OUTLOK$ -> #OUTLOOK$) = -16.208252595797916
correctionProbability (#ЧЕЛИНТАНО$ -> #ЧЕЛЕНТАНО$) = -16.66080427490408
correctionProbability (#АРМЕНАЛ$ -> #АРСЕНАЛ$) = -12.985094784087934
correctionProbability (#СТАВТЬ$ -> #СТАВИТЬ$) = -13.31515969463554
correctionProbability (#КАМЕНОЕ$ -> #КАМЕННОЕ$) = -19.459031237131015
correctionProbability (#ТРЕНАЖЕРНИЙ$ -> #ТРЕНАЖЕРНЫЙ$) = -19.368117324525656
correctionProbability (#ИНФОРМАИЯ$ -> #ИНФОРМАЦИЯ$) = -14.96341669706755
correctionProbability (#БРЭНДЫ$ -> #БРЕНДЫ$) = -15.40149640914957
correctionProbability (#ВEСІЛЛЯ$ -> #ВЕСІЛЛЯ$) = -16.712406272336153
correctionProbability (#АКУУШЕРСТВО$ -> #АКУШЕРСТВО$) = -21.552786208344024
correctionProbability (#УРАЛЬСКОЦ$ -> #УРАЛЬСКОЙ$) = -21.214151327471335
correctionProbability (#АВТОЛАМБАРД$ -> #АВТОЛОМБАРД$) = -19.340007048115595
correctionProbability (#PLEY$ -> #PLAY$) = -9.303751704107125
correctionProbability (#РОЖДЕИЯ$ -> #РОЖДЕНИЯ$) = -7.266181311178265
correctionProbability (#КАВАЛИ$ -> #КАВАЛЛИ$) = -21.09861478289109
correctionProbability (#КОНДАКД$ -> #КОНТАКТ$) = -73.27525875816033
correctionProbability (#СВІНГ$ -> #СВИНГ$) = -11.904720570552815
correctionProbability (#ОХЕРАХ$ -> #ОЗЕРАХ$) = -17.975714095245937
correctionProbability (#ГОЛОВАЛОМКА$ -> #ГОЛОВОЛОМКА$) = -18.67585018382634
correctionProbability (#ТЕМКЕНСКОГО$ -> #ТЕМКИНСКОГО$) = -29.393639724540918
correctionProbability (#WCONTAKTE$ -> #VKONTAKTE$) = -80.82429115892184
correctionProbability (#РАЙОНЫЫ$ -> #РАЙОНЫ$) = -16.388050337981422
correctionProbability (#ТРАДИЦИИИ$ -> #ТРАДИЦИИ$) = -17.161478053972665
correctionProbability (#БАЛОНКА$ -> #БОЛОНКА$) = -18.929898558498834
correctionProbability (#РОСИЙСЬКА$ -> #РОСІЙСЬКА$) = -24.632284025956352
correctionProbability (#ЧОРНЫЙ$ -> #ЧЕРНЫЙ$) = -8.911278986684
correctionProbability (#ПУЬ$ -> #ПУТЬ$) = -9.641128232326924
correctionProbability (#ВИАМП$ -> #ВИНАМП$) = -20.825571340047343
correctionProbability (#CLU$ -> #CLUB$) = -9.650713979080574
correctionProbability (#ПЕРЕВРДЧИК$ -> #ПЕРЕВОДЧИК$) = -8.682119960647917
correctionProbability (#ГРЕЧА$ -> #ГРЕЧКА$) = -15.537123451072564
correctionProbability (#МАТОР$ -> #МОТОР$) = -10.457292324359575
correctionProbability (#СИНТЕМЕНТАЛИЗМ$ -> #СЕНТИМЕНТАЛИЗМ$) = -91.82624022114841
correctionProbability (#ЩЕТОВИДКА$ -> #ЩИТОВИДКА$) = -18.304479990645667
correctionProbability (#УЗБЕКСОЕ$ -> #УЗБЕКСКОЕ$) = -20.813307747534466
correctionProbability (#КАПИРОВАТЬ$ -> #КОПИРОВАТЬ$) = -19.540533206895056
correctionProbability (#МОКОРОНЫ$ -> #МАКАРОНЫ$) = -80.25250106446893
correctionProbability (#ВАЛЧОНОК$ -> #ВОЛЧОНОК$) = -14.693002140540749
correctionProbability (#АЛЛАХОЛА$ -> #АЛЛОХОЛА$) = -26.498851366132456
correctionProbability (#SKYЕNG$ -> #SKYENG$) = -15.215287999669794
correctionProbability (#КАМЕНОЙ$ -> #КАМЕННОЙ$) = -20.20646946660048
correctionProbability (#СТЕРЛЕТАМАК$ -> #СТЕРЛИТАМАК$) = -16.915639173900978
correctionProbability (#СВЗЯЬ$ -> #СВЯЗЬ$) = -77.91005094686896
correctionProbability (#МАЗОЛЕЙ$ -> #МОЗОЛЕЙ$) = -19.706806252883148
correctionProbability (#43LT340C$ -> #43LV340C$) = -25.922134408569946
correctionProbability (#ПАНФАЙДЕР$ -> #ПАТФАЙНДЕР$) = -85.72984966104217
correctionProbability (#СКОЧАТЬ$ -> #СКАЧАТЬ$) = -2.4612954583693405
correctionProbability (#OFICCE$ -> #OFFICE$) = -79.7180869319114
correctionProbability (#ТОМСЕ$ -> #ТОМСКЕ$) = -12.24130278583667
correctionProbability (#ЭЛЕКСИРА$ -> #ЭЛИКСИРА$) = -26.630837681338157
correctionProbability (#ОЖОГОВА$ -> #ОЖЕГОВА$) = -19.022992636817946
correctionProbability (#ОТМЕТЬЕ$ -> #ОТМЕТЬТЕ$) = -19.399646795732544
correctionProbability (#СРЕДСТАО$ -> #СРЕДСТВО$) = -12.27902440576289
correctionProbability (#ДЛЙКИ$ -> #ДОЙКИ$) = -8.483726208275325
correctionProbability (#МЕГОФОН$ -> #МЕГАФОН$) = -9.122067427221708
correctionProbability (#QEYDIYAT$ -> #QEYDIYYAT$) = -25.919218402311976
correctionProbability (#NULS$ -> #NULLS$) = -16.951397219114877
correctionProbability (#НАТРОИТЬ$ -> #НАСТРОИТЬ$) = -13.675589634797696
correctionProbability (#ПОЗДРОАЛЕНИЕ$ -> #ПОЗДРАВЛЕНИЕ$) = -81.51708778300394
correctionProbability (#ВЕЗДИХОД$ -> #ВЕЗДЕХОД$) = -16.61802631572329
correctionProbability (#УМТАНОВИТЬ$ -> #УСТАНОВИТЬ$) = -12.078191508724721
correctionProbability (#ЖНШИНЫ$ -> #ЖЕНЩИНЫ$) = -73.64510598913934
correctionProbability (#РАЙОНЫЙ$ -> #РАЙОННЫЙ$) = -12.529693494708091
correctionProbability (#ЛАДОЖЕНСКАЯ$ -> #ЛАДЫЖЕНСКАЯ$) = -15.30976834723004
correctionProbability (#ЗАЛИТИ$ -> #ЗАЛИТЬ$) = -14.673071696501513
correctionProbability (#ГОВОРЯЩЯЯ$ -> #ГОВОРЯЩАЯ$) = -17.531240751669166
correctionProbability (#СЕСТРО$ -> #СЕСТРА$) = -10.46762954282767
correctionProbability (#ГРОЖДАНСКОЙ$ -> #ГРАЖДАНСКОЙ$) = -17.941251395604603
correctionProbability (#КАЛАФДЮТИ$ -> #КАЛАВДЮТИ$) = -19.401145439480082
correctionProbability (#СІБЯ$ -> #СЕБЯ$) = -8.361087965828023
correctionProbability (#WALKIN$ -> #WALKING$) = -16.458405096540737
correctionProbability (#СТАВТЕ$ -> #СТАВЬТЕ$) = -22.422596045904953
correctionProbability (#БИЛАЯ$ -> #БЕЛАЯ$) = -8.72861165143554
correctionProbability (#СВЗЯИ$ -> #СВЯЗИ$) = -77.27948033004988
correctionProbability (#САГНИТ$ -> #МАГНИТ$) = -10.359072957377673
correctionProbability (#ОСТОНОВИТЬ$ -> #ОСТАНОВИТЬ$) = -18.171180360330872
correctionProbability (#СВАДЕДНОГО$ -> #СВАДЕБНОГО$) = -19.77961066465693
correctionProbability (#МЕРОПРЯТИЯ$ -> #МЕРОПРИЯТИЯ$) = -16.941693184723555
correctionProbability (#СЕСТРК$ -> #СЕСТРУ$) = -12.090292189971311
correctionProbability (#ГРЕЦС$ -> #ГРЕЙС$) = -13.380390989498313
correctionProbability (#РЕЛГТОН$ -> #РИНГТОН$) = -77.58643988953682
correctionProbability (#KOPLAYER$ -> #KMPLAYER$) = -20.557642972524704
correctionProbability (#SUMULATOR$ -> #SIMULATOR$) = -14.335120529927039
correctionProbability (#INSTGRAM$ -> #INSTAGRAM$) = -13.573662890193596
correctionProbability (#ПОМАШЬ$ -> #ПОМОЩЬ$) = -73.90153082706519
correctionProbability (#КРОНШТАДСКАЯ$ -> #КРОНШТАДТСКАЯ$) = -30.53477914316315
correctionProbability (#ПРИКАТКУ$ -> #ПЕРЕКАТКУ$) = -100.063017430447
correctionProbability (#BRAZZ$ -> #BRAZZERS$) = -145.38262169176457
correctionProbability (#FORIEGN$ -> #FOREIGN$) = -86.75166967536019
correctionProbability (#GRAUND$ -> #GROUND$) = -15.891333096095156
correctionProbability (#МАССКА$ -> #МАСКА$) = -11.357409269528159
correctionProbability (#ОСМОТРЮ$ -> #ПОСМОТРЮ$) = -23.488521140456804
correctionProbability (#МЕЛІФІСЕНТА$ -> #МАЛІФІСЕНТА$) = -26.299937900762934
correctionProbability (#АБРОМОВИЧА$ -> #АБРАМОВИЧА$) = -22.82342019981816
correctionProbability (#КАМАНДОР$ -> #КОМАНДОР$) = -18.073970247384345
correctionProbability (#ЗОШЫТ$ -> #ЗОШИТ$) = -14.160294686212307
correctionProbability (#КАМАНДОО$ -> #КОМАНДОР$) = -82.84862695659375
correctionProbability (#КРРССОВКИ$ -> #КРОССОВКИ$) = -12.90337083629639
correctionProbability (#ИЕБЯ$ -> #ТЕБЯ$) = -6.742990454044811
correctionProbability (#ХАЙДАПОВ$ -> #ХАЙДАРОВ$) = -22.596906373522977
correctionProbability (#УРБО$ -> #ТУРБО$) = -13.200613259288975
correctionProbability (#ПАНТИОН$ -> #ПАНТЕОН$) = -18.79834877418159
correctionProbability (#ХЕМИЛТОН$ -> #ХЭМИЛТОН$) = -18.162852562611867
correctionProbability (#ПРОРАММУ$ -> #ПРОГРАММУ$) = -13.897513805662534
correctionProbability (#SORRINDO$ -> #SORRENTO$) = -90.44610702211943
correctionProbability (#ПНЕВМОТИЧЕСКИЙ$ -> #ПНЕВМАТИЧЕСКИЙ$) = -22.902543916453837
correctionProbability (#СОБЛЮДЕТ$ -> #СОБЛЮДАТЬ$) = -85.58086052654964
correctionProbability (#ЯПОШКИ$ -> #ЯПОНКИ$) = -13.60708661263229
correctionProbability (#ЙЕОМЕН$ -> #ЙЕМЕН$) = -20.027759827014368
correctionProbability (#ГАНЧАРОВА$ -> #ГОНЧАРОВА$) = -17.709422255182297
correctionProbability (#РЕССЛИНГ$ -> #РЕСЛИНГ$) = -18.649701978879833
correctionProbability (#ЕЛЕКТРОБРИТВА$ -> #ЭЛЕКТРОБРИТВА$) = -25.25969219792703
correctionProbability (#ДЖЕМЕРОВ$ -> #ДЖЕМПЕРОВ$) = -22.438627707974213
correctionProbability (#ЮЛМВРТ$ -> #ЮЛМАРТ$) = -12.577065936154387
correctionProbability (#ООДНОКЛАССНИКИ$ -> #ОДНОКЛАССНИКИ$) = -13.712466168470584
correctionProbability (#ТЭНТ$ -> #ТЕНТ$) = -14.36864247352202
correctionProbability (#РОССЙСКИЕ$ -> #РОССИЙСКИЕ$) = -12.39324342436278
correctionProbability (#РАТВИЦ$ -> #ПАТВИЦ$) = -12.778025955987271
correctionProbability (#SHIMDZU$ -> #SHIMADZU$) = -22.51226131501099
correctionProbability (#МАМОГРАФИИ$ -> #МАММОГРАФИИ$) = -25.908968215284
correctionProbability (#DONWLOAD$ -> #DOWNLOAD$) = -78.94546528048993
correctionProbability (#ГАДАДАНИЕ$ -> #ГАДАНИЕ$) = -78.85404767047278
correctionProbability (#СОМЕСТИМОСТЬ$ -> #СОВМЕСТИМОСТЬ$) = -18.631088716161685
correctionProbability (#КАПЕТАЛЬНАЯ$ -> #КАПИТАЛЬНАЯ$) = -29.308211323213655
correctionProbability (#ВАРФЕЙСС$ -> #ВАРФЕЙС$) = -12.858493024715756
correctionProbability (#ВОПРОНЕЖ$ -> #ВОРОНЕЖ$) = -11.471213174654096
correctionProbability (#СИОЬРЕТЬ$ -> #СМОТРЕТЬ$) = -67.14423593140651
correctionProbability (#ДИЗГРАФИЯ$ -> #ДИСГРАФИЯ$) = -21.598200064995787
correctionProbability (#ПЛАТЯТЬ$ -> #ПЛАТЯТ$) = -16.995571793513097
correctionProbability (#МАТРО$ -> #МЕТРО$) = -6.343108103488984
correctionProbability (#ПФХ$ -> #ПВХ$) = -5.01746810257406
correctionProbability (#PAZZLE$ -> #PUZZLE$) = -16.21407470483833
correctionProbability (#РЕБЕКОМ$ -> #РЕБЕНКОМ$) = -13.828447682508063
correctionProbability (#GRANN$ -> #GRANNY$) = -14.485522116075675
correctionProbability (#ИСПАНИЯИ$ -> #ИСПАНИЯ$) = -15.067373269574524
correctionProbability (#БИЛАЙ$ -> #БИЛАЙН$) = -9.560468284303372
correctionProbability (#АВТОЗАПЧАСТ$ -> #АВТОЗАПЧАСТИ$) = -18.224056910565558
correctionProbability (#НЕНАВИДУ$ -> #НЕНАВИЖУ$) = -17.82060317335857
correctionProbability (#РОНАЛЬДУ$ -> #РОНАЛДУ$) = -17.282869219823937
correctionProbability (#ШЕКОЛАДНАЯ$ -> #ШОКОЛАДНАЯ$) = -17.095841482663374
correctionProbability (#ИЛЮСТРАЦИЯМИ$ -> #ИЛЛЮСТРАЦИЯМИ$) = -25.839314027109772
correctionProbability (#МАТРИ$ -> #МАТЕРИ$) = -9.44699151212318
correctionProbability (#АЭРАПОРТ$ -> #АЭРОПОРТ$) = -10.754350281287834
correctionProbability (#ПОДЛЕННИК$ -> #ПОДЛИННИК$) = -24.321689069771715
correctionProbability (#ВЫСШЫЙ$ -> #ВЫСШИЙ$) = -14.839838207162554
correctionProbability (#5С9$ -> #59$) = -13.565973993145416
correctionProbability (#ИГРАЬЬ$ -> #ИГРАТЬ$) = -5.793324191052573
correctionProbability (#ГОСУСЛУГА$ -> #ГОСУСЛУГИ$) = -9.201169042335515
correctionProbability (#ГРЕЧУ$ -> #ГРЕЧКУ$) = -16.824730620124182
correctionProbability (#ПРОРАММЫ$ -> #ПРОГРАММЫ$) = -12.949240382107583
correctionProbability (#ЗДАРОВЫЙ$ -> #ЗДОРОВЫЙ$) = -14.894330910039862
correctionProbability (#ЗАБУЛИ$ -> #ЗАБЫЛИ$) = -16.977313378882297
correctionProbability (#ДИФФУЩОР$ -> #ДИФФУЗОР$) = -19.729528141317296
correctionProbability (#ВИСТАВИТЬ$ -> #ВЫСТАВИТЬ$) = -17.433626353651718
correctionProbability (#ИНТАГРАММ$ -> #ИНСТАГРАМ$) = -76.33912802483826
correctionProbability (#ТОННЕЛЬНЫЙ$ -> #ТУННЕЛЬНЫЙ$) = -24.18512372286618
correctionProbability (#ФОТОГРАФИИИ$ -> #ФОТОГРАФИИ$) = -14.970906450333267
correctionProbability (#ЭКОАНА$ -> #ЭКРАНА$) = -12.003409165326932
correctionProbability (#ЛУННТИК$ -> #ЛУНТИК$) = -10.47664456303676
correctionProbability (#НРВОСТИ$ -> #НОВОСТИ$) = -4.297268563105666
correctionProbability (#АЛИЭКПРЕС$ -> #АЛИЭКСПРЕСС$) = -77.19474849163663
correctionProbability (#АЛОВИДИН$ -> #АЛОВИДДИН$) = -27.623203456659745
correctionProbability (#ДРИПСЕТ$ -> #ДРИПСЭТ$) = -23.42721925741192
correctionProbability (#СРЕДСТВП$ -> #СРЕДСТВА$) = -11.672632079893454
correctionProbability (#ВЯЛЕННЫЕ$ -> #ВЯЛЕНЫЕ$) = -21.076772428117756
correctionProbability (#ДЮТУБ$ -> #ЮТУБ$) = -2.725810599084074
correctionProbability (#КЛАВЕАТУРУ$ -> #КЛАВИАТУРУ$) = -18.490655677030055
correctionProbability (#TALINNE$ -> #TALLINNE$) = -25.575702757691836
correctionProbability (#СЧИЩАТЬ$ -> #ОЧИЩАТЬ$) = -21.090105539560547
correctionProbability (#ДЕАУШКИ$ -> #ДЕВУШКИ$) = -7.770745231951196
correctionProbability (#ВИДИОКЛИП$ -> #ВИДЕОКЛИП$) = -17.173195978024566
correctionProbability (#БЛЕТУС$ -> #БЛЮТУЗ$) = -77.87912094927357
correctionProbability (#ТОРМАЗ$ -> #ТОРМОЗ$) = -16.40638470579341
correctionProbability (#НИСИ$ -> #НЕСИ$) = -17.858233972138645
correctionProbability (#OUTLOCK$ -> #OUTLOOK$) = -15.61133397855837
correctionProbability (#ПРОИЗВЕДНИЯ$ -> #ПРОИЗВЕДЕНИЯ$) = -18.44691237517933
correctionProbability (#ВИТОФОН$ -> #ВИТАФОН$) = -18.708996802249032
correctionProbability (#ОБЪЯДЕНИТЬ$ -> #ОБЪЕДИНИТЬ$) = -82.84961243652376
correctionProbability (#НАЩЛА$ -> #НАШЛА$) = -15.170828950125252
correctionProbability (#ХЕНДС$ -> #ХЭНДС$) = -21.204654816237582
correctionProbability (#МЕНСТР$ -> #МОНСТР$) = -11.188949682655075
correctionProbability (#МЕДЖУ$ -> #МЕЖДУ$) = -75.57211867211794
correctionProbability (#СИМТОМ$ -> #СИМПТОМ$) = -17.680211712107173
correctionProbability (#ГООЫЕ$ -> #ГОЛЫЕ$) = -6.490763673697842
correctionProbability (#ВАНПИР$ -> #ВАМПИР$) = -13.74765950577397
correctionProbability (#ПРИЛОЖЕНИК$ -> #ПРИЛОЖЕНИЕ$) = -13.2919368987611
correctionProbability (#МУДЬТИК$ -> #МУЛЬТИК$) = -6.837078753699174
correctionProbability (#ОМЧК$ -> #ОМСК$) = -6.281311372231887
correctionProbability (#ПОЛФАРМА$ -> #ПОЛЬФАРМА$) = -35.322153757110385
correctionProbability (#СТЕКЛОПОДЬЕМНИКА$ -> #СТЕКЛОПОДЪЕМНИКА$) = -27.555371776223303
correctionProbability (#ИНСТРУКЦІЯ$ -> #ІНСТРУКЦІЯ$) = -20.279336056030736
correctionProbability (#АДЬЮТАНТЫ$ -> #АДЪЮТАНТЫ$) = -22.617280951499694
correctionProbability (#ОБЛИЧЯ$ -> #ОБЛИЧЧЯ$) = -20.992052374609187
correctionProbability (#МЕДЖИКМАГ$ -> #МЭДЖИКМАГ$) = -26.01639918953365
correctionProbability (#АПЕНДИКСА$ -> #АППЕНДИКСА$) = -26.07038320990533
correctionProbability (#ПЕРЕМІН$ -> #ПЕРЕМЕН$) = -14.78789433271072
correctionProbability (#МИНОБРНАУКА$ -> #МИНОБРНАУКИ$) = -21.16845520673678
correctionProbability (#КЕШБЕКОМ$ -> #КЭШБЭКОМ$) = -83.65055811032178
correctionProbability (#КОГНЕТИВНЫЕ$ -> #КОГНИТИВНЫЕ$) = -23.92843767417476
correctionProbability (#ИШГРВ$ -> #ИГРЫ$) = -69.6953578125965
correctionProbability (#ASHXATANK$ -> #ASHXATANQ$) = -21.761994412313292
correctionProbability (#ЗПИСАТЬСЯ$ -> #ЗАПИСАТЬСЯ$) = -15.391961762232626
correctionProbability (#ФИТЬМ$ -> #ФИЛЬМ$) = -1.1781930880575366
correctionProbability (#ТУРБА$ -> #ТУРБО$) = -12.580290870213648
correctionProbability (#КРАСТВЫЙ$ -> #КРАСИВЫЙ$) = -10.996172309258917
correctionProbability (#ЫОНД$ -> #ФОНД$) = -8.34561295498219
correctionProbability (#ПРОРАММА$ -> #ПРОГРАММА$) = -9.183963996426215
correctionProbability (#ЧИСТОЕХО$ -> #ЧИСТОНХО$) = -33.8517536755636
correctionProbability (#РЕЗАНОВ$ -> #РЯЗАНОВ$) = -19.980413913931578
correctionProbability (#КОГНЕТИВНЫЙ$ -> #КОГНИТИВНЫЙ$) = -22.019136772779717
correctionProbability (#ЮТЬЮББ$ -> #ЮТЬЮБ$) = -13.197771131575866
correctionProbability (#ОТХЫВЫ$ -> #ОТЗЫВЫ$) = -4.841980234479305
correctionProbability (#ДВШИТ$ -> #ДЫШИТ$) = -16.566978338983898
correctionProbability (#ПДСКАЖИТЕ$ -> #ПОДСКАЖИТЕ$) = -19.718413037776585
correctionProbability (#ЛОСОК$ -> #ДОСОК$) = -14.547672568418438
correctionProbability (#СЕГОДНЕШНЕГО$ -> #СЕГОДНЯШНЕГО$) = -24.88971571545708
correctionProbability (#КИНРТЕАТР$ -> #КИНОТЕАТР$) = -11.35958590437204
correctionProbability (#TINKOF$ -> #TINKOFF$) = -18.330644783120135
correctionProbability (#ЮТЬЮБЕ$ -> #ЮТУБЕ$) = -73.73786555036752
correctionProbability (#ОТЬЕЗДА$ -> #ОТЪЕЗДА$) = -23.62081061444912
correctionProbability (#СЕИРАЛ$ -> #СЕРИАЛ$) = -71.9143444028294
correctionProbability (#ЫАРШИРОВАННЫЕ$ -> #ФАРШИРОВАННЫЕ$) = -20.662347576178583
correctionProbability (#OKITEL$ -> #OUKITEL$) = -19.51871176881407
correctionProbability (#ТРАНСВИСТА$ -> #ТРАНСВЕСТИТА$) = -158.71382985854686
correctionProbability (#ХУСУСИЙАТИ$ -> #ХУСУСИЯТИ$) = -93.3489725447946
correctionProbability (#ПАРАДОНТОЗА$ -> #ПАРОДОНТОЗА$) = -26.445357498026624
correctionProbability (#ЕНТЕРОСГЕЛЬ$ -> #ЭНТЕРОСГЕЛЬ$) = -20.683860966477283
correctionProbability (#ОЕТУАЛЬ$ -> #ЛЕТУАЛЬ$) = -11.877761479565912
correctionProbability (#ДЕВІД$ -> #ДЭВИД$) = -77.93844214103568
correctionProbability (#ГАЛАГЕР$ -> #ГАЛЛАГЕР$) = -21.995669718636442
correctionProbability (#СКОЧАТ$ -> #СКАЧАТЬ$) = -67.73835212892361
correctionProbability (#ДВИГОТЕЛЕЙ$ -> #ДВИГАТЕЛЕЙ$) = -17.16329411661816
correctionProbability (#ОРФОГРАМА$ -> #ОРФОГРАММА$) = -21.735101816554895
correctionProbability (#ЗДАТЬ$ -> #СДАТЬ$) = -9.984446029944248
correctionProbability (#VAILANT$ -> #VAILLANT$) = -21.443119765113288
correctionProbability (#РОДЕНИЯ$ -> #РОЖДЕНИЯ$) = -7.2968773027444485
correctionProbability (#ХЭШТЭГ$ -> #ХЭШТЕГ$) = -19.323368716642737
correctionProbability (#YOTUUBE$ -> #YOUTUBE$) = -74.29231428162349
correctionProbability (#ЗАМОРОЖЕНУЮ$ -> #ЗАМОРОЖЕННУЮ$) = -25.581975105093058
correctionProbability (#СПЯШАЙ$ -> #СПЯЩЕЙ$) = -79.44278452673696
correctionProbability (#БКРЕГА$ -> #БЕРЕГА$) = -9.73786332433112
correctionProbability (#ЦЕПЛЯТ$ -> #ЦЫПЛЯТ$) = -16.537255132876194
correctionProbability (#ВЗЛОМНАЯ$ -> #ВЗЛОМАННАЯ$) = -84.29099234760385
correctionProbability (#ЛАДВ$ -> #ЛАДА$) = -7.603344222686395
correctionProbability (#ТОКОВАНИЕ$ -> #ТОЛКОВАНИЕ$) = -15.862521350381776
correctionProbability (#КАЛИБОР$ -> #КАЛИБР$) = -16.159128711574564
correctionProbability (#SHIMKENT$ -> #SHYMKENT$) = -23.36153477695332
correctionProbability (#РАКЛМ$ -> #РАКОМ$) = -10.854367043654722
correctionProbability (#КРАСТВЫЕ$ -> #КРАСИВЫЕ$) = -7.409753971168001
correctionProbability (#БАКЛОЖАНЫ$ -> #БАКЛАЖАНЫ$) = -15.231395148142973
correctionProbability (#ТАБДЕТКИ$ -> #ТАБЛЕТКИ$) = -9.597837729796929
correctionProbability (#ВКУСНИЕ$ -> #ВКУСНЫЕ$) = -11.701016104244573
correctionProbability (#СТРЕПТИЗ$ -> #СТРИПТИЗ$) = -14.093306498189023
correctionProbability (#РИТЕШЬНОГО$ -> #ЗРИТЕЛЬНОГО$) = -88.00312252944951
correctionProbability (#СПБГУЭ$ -> #СПБГУ$) = -17.719396882241764
correctionProbability (#ЕЛАСТИК$ -> #ЭЛАСТИК$) = -23.026048206106935
correctionProbability (#МАГНИТЫЕ$ -> #МАГНИТНЫЕ$) = -17.15708710993156
correctionProbability (#ГЕОМЕТРИЧ$ -> #ГЕОМЕТРИЯ$) = -13.931174563157342
correctionProbability (#КАРТІНКУ$ -> #КАРТИНКУ$) = -12.642710171708728
correctionProbability (#ЭЛПЛАЗА$ -> #ЭЛЬПАЗА$) = -89.22574767706125
correctionProbability (#ОРИГИНАЛЬНСОТЬ$ -> #ОРИГИНАЛЬНОСТЬ$) = -93.0238468407439
correctionProbability (#КАВАЛЕВ$ -> #КОВАЛЕВ$) = -13.047265660233094
correctionProbability (#ЖЕКСОН$ -> #ДЖЕКСОН$) = -14.196239264532068
correctionProbability (#КОНЦЕРЬ$ -> #КОНЦЕРТ$) = -9.498064607414541
correctionProbability (#ЗАСТОСУВАНЯ$ -> #ЗАСТОСУВАННЯ$) = -24.019315424057332
correctionProbability (#ПРЕВЫЙ$ -> #ПЕРВЫЙ$) = -75.62126329960121
correctionProbability (#ПОСВЯЩЕНЫЙ$ -> #ПОСВЯЩЕННЫЙ$) = -21.699203162301878
correctionProbability (#КАМОСУТРА$ -> #КАМАСУТРА$) = -16.476201532868025
correctionProbability (#ЛАГН$ -> #ЛОГИН$) = -78.32983717078739
correctionProbability (#БОЖЕНОВА$ -> #БАЖЕНОВА$) = -20.250444424976365
correctionProbability (#БЭРИМОР$ -> #БЭРРИМОР$) = -22.199681442408647
correctionProbability (#ИНОТЕАТР$ -> #КИНОТЕАТР$) = -11.911093778998122
correctionProbability (#ПРАШУ$ -> #ПРОШУ$) = -13.94318882340664
correctionProbability (#УГРАЖАЕТ$ -> #УГРОЖАЕТ$) = -21.150655205380033
correctionProbability (#БУРГЕРИ$ -> #БУРГЕРЫ$) = -19.07500848602338
correctionProbability (#КОСМОТРЕТЬ$ -> #СМОТРЕТЬ$) = -72.13943839111637
correctionProbability (#АМБРССАДОР$ -> #АМБАССАДОР$) = -20.49857812822264
correctionProbability (#MTOKEN$ -> #IMTOKEN$) = -33.7206733714917
correctionProbability (#DICKORD$ -> #DISCORD$) = -82.40588949236637
correctionProbability (#КЛАВЕАТУРЕ$ -> #КЛАВИАТУРЕ$) = -17.15736398506597
correctionProbability (#РУЛЕЬКА$ -> #РУЛЕТКА$) = -11.771642366212518
correctionProbability (#СОБОКА$ -> #СОБАКА$) = -9.699438330051851
correctionProbability (#ТЕКАТ$ -> #ТЕКСТ$) = -5.937792572318713
correctionProbability (#СУТКОВАЙ$ -> #СУТКОВОЙ$) = -33.7766447823703
correctionProbability (#ВООРУЖЕНЫХ$ -> #ВООРУЖЕННЫХ$) = -21.316164005739566
correctionProbability (#ВЕТРЯНЫЙ$ -> #ВЕТРЕНЫЙ$) = -12.148400215046188
correctionProbability (#ЩЕТОВИДКУ$ -> #ЩИТОВИДКУ$) = -22.928587016217207
correctionProbability (#ДЖУГБА$ -> #ДЖУБГА$) = -85.61222913597935
correctionProbability (#СЛЕДСВЕННЫЙ$ -> #СЛЕДСТВЕННЫЙ$) = -21.94522665703777
correctionProbability (#СИНАЛИЗАЦИЯ$ -> #СИГНАЛИЗАЦИЯ$) = -18.157977609536523
correctionProbability (#ГРЕХО$ -> #ГРЕХОВ$) = -13.126275436849046
correctionProbability (#ПРЫШ$ -> #ПРЫЩ$) = -15.381035252165862
correctionProbability (#ГАРИБАЛ$ -> #ГАННИБАЛ$) = -81.13967313371464
correctionProbability (#ТЕЛАТИЕ$ -> #ТЕЛАТИЯ$) = -32.88666117222852
correctionProbability (#НОГИНС$ -> #НОГИНСК$) = -14.859069582700812
correctionProbability (#СТОИТТ$ -> #СТОИТ$) = -9.043354445046955
correctionProbability (#DOIN$ -> #DOING$) = -17.13694104583345
correctionProbability (#TRIPMAYDREM$ -> #TRIPMYDREAM$) = -89.19805508295221
correctionProbability (#ПОМАЩЬ$ -> #ПОМОЩЬ$) = -9.171223189508748
correctionProbability (#ЧЕММПІОНАТ$ -> #ЧЕМПІОНАТ$) = -23.044720100476724
correctionProbability (#ВЕБЕНАР$ -> #ВЕБИНАР$) = -16.63472721594121
correctionProbability (#ФОРУММ$ -> #ФОРУМ$) = -8.891096042323444
correctionProbability (#БЫМТРО$ -> #БЫСТРО$) = -8.993945160950677
correctionProbability (#УЧЕБННИК$ -> #УЧЕБНИК$) = -11.463098497386667
correctionProbability (#ШЕРЛО$ -> #ШЕРЛОК$) = -12.136794508601785
correctionProbability (#UCB$ -> #USB$) = -9.255273866085982
correctionProbability (#ФУТБОЛЬНІЙ$ -> #ФУТБОЛЬНЫЙ$) = -16.292082321169225
correctionProbability (#RUSSKIYE$ -> #RUSSKIE$) = -17.25094898500116
correctionProbability (#ЦЕНРАЛЬНОГО$ -> #ЦЕНТРАЛЬНОГО$) = -19.92447727089312
correctionProbability (#ПОЛУТРА$ -> #ПОЛУТОРА$) = -21.243139248482258
correctionProbability (#РИКАЛИТ$ -> #РИКОЛИТ$) = -17.26019785017086
correctionProbability (#ВДВОЕИ$ -> #ВДВОЕМ$) = -13.329167239036718
correctionProbability (#ВСПЕНЕНЫЙ$ -> #ВСПЕНЕННЫЙ$) = -18.664904636401566
correctionProbability (#ФОРУМИ$ -> #ФОРУМЫ$) = -15.240793338469945
correctionProbability (#ТАПИНАМБУРА$ -> #ТОПИНАМБУРА$) = -21.83832325454351
correctionProbability (#ЦИКЛОМЕНА$ -> #ЦИКЛАМЕНА$) = -22.7599258913852
correctionProbability (#ALLTUIME$ -> #ALLTIME$) = -22.084806643453184
correctionProbability (#AIRWAUS$ -> #AIRWAYS$) = -18.52207000475137
correctionProbability (#РОЖДЕНИ$ -> #РОЖДЕНИЯ$) = -7.283291121174926
correctionProbability (#КИЛЛОМЕТР$ -> #КИЛОМЕТР$) = -21.23619140477853
correctionProbability (#ФУРАЦЕЛИН$ -> #ФУРАЦИЛИН$) = -20.20939688787498
correctionProbability (#ВСЕРОСИЙСКОЙ$ -> #ВСЕРОССИЙСКОЙ$) = -23.315639225554733
correctionProbability (#ЕКЛАСС$ -> #КЛАСС$) = -4.937734871539465
correctionProbability (#МЕЬКЛЬ$ -> #МЕБЕЛЬ$) = -72.15711042232037
correctionProbability (#VODATONE$ -> #VODAFONE$) = -19.171539641434535
correctionProbability (#LABODA$ -> #LOBODA$) = -19.423048140401857
correctionProbability (#ДЕЗАЙНЕР$ -> #ДИЗАЙНЕР$) = -14.985867076664043
correctionProbability (#ШУКУ$ -> #ЩУКУ$) = -12.627101235795312
correctionProbability (#ОВЕНЬ$ -> #ОВЕН$) = -13.812929523364904
correctionProbability (#ВНУТРЕННОЙ$ -> #ВНУТРЕННЕЙ$) = -17.064242759479676
correctionProbability (#ТЕВИЗОР$ -> #ТЕЛЕВИЗОР$) = -78.59813405886221
correctionProbability (#ОБЬЕКТІСІ$ -> #ОБЪЕКТІСІ$) = -26.128486386299606
correctionProbability (#ДЕТЬМ$ -> #ДЕТЬМИ$) = -10.579417142924566
correctionProbability (#СИММУЛЯТОР$ -> #СИМУЛЯТОР$) = -15.5066277720208
correctionProbability (#САНГЙОНГ$ -> #ССАНГЙОНГ$) = -21.884685720601873
correctionProbability (#ПОТРУЛЬ$ -> #ПАТРУЛЬ$) = -8.388906157519912
correctionProbability (#МАЙБОК$ -> #МАЙБОКС$) = -16.28980166141794
correctionProbability (#ФОНОРЕЙ$ -> #ФОНАРЕЙ$) = -13.356796031680773
correctionProbability (#МААСАЖ$ -> #МАССАЖ$) = -8.348671237457605
correctionProbability (#ЮТЮБЕРОВ$ -> #ЮТУБЕРОВ$) = -19.251706009709928
correctionProbability (#WELCOM$ -> #WELCOME$) = -16.56154025101297
correctionProbability (#СИНЕМО$ -> #СИНЕМА$) = -11.199725914816373
correctionProbability (#КАРПОРАЦЫЯ$ -> #КОРПОРАЦИЯ$) = -81.11133991293386
correctionProbability (#СТРОИКА$ -> #СТРОЙКА$) = -15.15334008759853
correctionProbability (#ORLOVSKY$ -> #ORLOWSKI$) = -98.80724777966378
correctionProbability (#МЕДДУ$ -> #МЕЖДУ$) = -7.666260961968856
correctionProbability (#ПОМЕНЧТЬ$ -> #ПОМЕНЯТЬ$) = -11.778190008246547
correctionProbability (#ПАДАЕ$ -> #ПАДАЕТ$) = -14.501901077699923
correctionProbability (#ГРУППИ$ -> #ГРУППЫ$) = -8.971953803572088
correctionProbability (#ПРИЗРАЧНИЙ$ -> #ПРИЗРАЧНЫЙ$) = -16.953894037727558
correctionProbability (#РБОТЫ$ -> #РАБОТЫ$) = -7.441583767022852
correctionProbability (#МЕНЖИНКИ$ -> #МЕНЖИНСКИЙ$) = -94.62598633976035
correctionProbability (#БИЛЕТИ$ -> #БИЛЕТЫ$) = -7.440692772044645
correctionProbability (#САМАЛЕТОВ$ -> #САМОЛЕТОВ$) = -15.287891500091966
correctionProbability (#ДЕВСТВИННИЦА$ -> #ДЕВСТВЕННИЦА$) = -20.981249257773648
correctionProbability (#РАЙОНОГО$ -> #РАЙОННОГО$) = -19.023108135663485
correctionProbability (#ВОЗБУЖДЕНЫЕ$ -> #ВОЗБУЖДЕННЫЕ$) = -27.066089691234403
correctionProbability (#WATCAPP$ -> #WHATSAPP$) = -77.66552966821696
correctionProbability (#ЗДАЛИ$ -> #СДАЛИ$) = -18.476713443857843
correctionProbability (#АЛГЕБЕР$ -> #АЛГЕБРЕ$) = -78.14547867427875
correctionProbability (#СИСТРЕНКИ$ -> #СЕСТРЕНКИ$) = -20.665247272373442
correctionProbability (#СВИНГЕ$ -> #СВИНГЕРЫ$) = -79.86967592345248
correctionProbability (#SMOTRETY$ -> #SMOTRET$) = -15.806402270605012
correctionProbability (#ЭЛЖЕЙ$ -> #ЭЛДЖЕЙ$) = -13.595209012798332
correctionProbability (#ОМРТ$ -> #МРТ$) = -11.436244394032894
correctionProbability (#НАЛОПЛАТЕЛЬЩИКА$ -> #НАЛОГОПЛАТЕЛЬЩИКА$) = -86.53593228681979
correctionProbability (#ДЭВУШКА$ -> #ДЕВУШКА$) = -8.599723561383712
correctionProbability (#BRAVL$ -> #BRAWL$) = -10.527359048392146
correctionProbability (#АМАРТИЗАТОРЫ$ -> #АМОРТИЗАТОРЫ$) = -20.35665406339117
correctionProbability (#АРМЯНКИЙ$ -> #АРМЯНСКИЙ$) = -14.654678598156444
correctionProbability (#ОДЖИКА$ -> #АДЖИКА$) = -14.283875316476998
correctionProbability (#ХОЛУИН$ -> #ХЭЛЛОУИН$) = -140.84836820875677
correctionProbability (#ГРУППП$ -> #ГРУППА$) = -7.586530211841303
correctionProbability (#РАССМОТРЕНИЕЕ$ -> #РАССМОТРЕНИЕ$) = -25.832783332558016
correctionProbability (#ПОДВИК$ -> #ПОДВИГ$) = -14.41816621174544
correctionProbability (#РУНЕТИКИ$ -> #РУНЕТКИ$) = -15.252859700354144
correctionProbability (#ГУДЬ$ -> #ГРУДЬ$) = -10.716775582015583
correctionProbability (#ПРЕВАТНЫЙ$ -> #ПРИВАТНЫЙ$) = -16.36793710031381
correctionProbability (#МЕГАОФН$ -> #МЕГАФОН$) = -77.04066630640128
correctionProbability (#ГОСТИННИЦИ$ -> #ГОСТИНИЦЫ$) = -81.13099872698692
correctionProbability (#ИЗГОТАВЛЕНИЮ$ -> #ИЗГОТОВЛЕНИЮ$) = -20.80972589917578
correctionProbability (#СЕНАТРА$ -> #СИНАТРА$) = -18.139450760774345
correctionProbability (#КАКОСОВОЕ$ -> #КОКОСОВОЕ$) = -18.698185274272028
correctionProbability (#ТАБИ5АТ$ -> #ТАБИҒАТ$) = -16.866650262493287
correctionProbability (#ТОСУЄТЬСЯ$ -> #СТОСУЄТЬСЯ$) = -23.208277530685137
correctionProbability (#SIKES$ -> #SEKS$) = -76.1369576519508
correctionProbability (#CARIBIAN$ -> #CARIBBEAN$) = -86.45840165655342
correctionProbability (#КАУІПСІЗДІК$ -> #ҚАУІПСІЗДІК$) = -21.017486272600394
correctionProbability (#ВСЕРОСИЙСКОЕ$ -> #ВСЕРОССИЙСКОЕ$) = -26.330602334340497
correctionProbability (#ИНТНРНЕТЕ$ -> #ИНТЕРНЕТЕ$) = -11.25030234833904
correctionProbability (#ДОСТНАЯ$ -> #ДОСТУПНАЯ$) = -85.10248612993817
correctionProbability (#НОРОДНОЕ$ -> #НАРОДНОЕ$) = -14.910110213482724
correctionProbability (#ПРОАЕРИТЬ$ -> #ПРОВЕРИТЬ$) = -10.573683213036979
correctionProbability (#УИНОГО$ -> #КИНОГО$) = -11.104192420144376
correctionProbability (#ПРОИЗВОДИЬЕЛЬ$ -> #ПРОИЗВОДИТЕЛЬ$) = -18.351379563530898
correctionProbability (#ОПДЕНА$ -> #ОРДЕНА$) = -14.527365962948881
correctionProbability (#ПОЧЕРЕВОК$ -> #ПОДЧЕРЕВОК$) = -25.195378247353823
correctionProbability (#ГОСТИННИЦЕ$ -> #ГОСТИНИЦЕ$) = -20.27151614329253
correctionProbability (#МОДИФКАЦИЯ$ -> #МОДИФИКАЦИЯ$) = -24.617169796604053
correctionProbability (#INSTARGAM$ -> #INSTAGRAM$) = -80.87124035321406
correctionProbability (#НОРОДНОЙ$ -> #НАРОДНОЙ$) = -16.04099071143355
correctionProbability (#ГАСТИНИЦА$ -> #ГОСТИНИЦА$) = -13.098492464149281
correctionProbability (#СУЙГИ$ -> #САЙГИ$) = -20.02108298938214
correctionProbability (#DRIENDS$ -> #FRIENDS$) = -13.651436374536416
correctionProbability (#ШЕРТЬ$ -> #ШЕРСТЬ$) = -15.409920143546731
correctionProbability (#ТЕНИСИСТКА$ -> #ТЕННИСИСТКА$) = -25.22493117856216
correctionProbability (#МУЛТЬФИЛЬМ$ -> #МУЛЬТФИЛЬМ$) = -76.86356063618655
correctionProbability (#ДƏУІРІНДЕ$ -> #ДӘУІРІНДЕГІ$) = -156.45782191007643
correctionProbability (#МАДРЕМ$ -> #МАНДРЕМ$) = -23.297248433631154
correctionProbability (#ОЛЕССА$ -> #ОДЕССА$) = -9.434277312381962
correctionProbability (#CLACH$ -> #CLASH$) = -7.917221198485532
correctionProbability (#ПЕРЕФЕРИЧЕСКОЙ$ -> #ПЕРИФЕРИЧЕСКОЙ$) = -29.926314514120776
correctionProbability (#БЛАКАДА$ -> #БЛОКАДА$) = -15.644553294301055
correctionProbability (#ПРИДЛОЖЕНИЙ$ -> #ПРЕДЛОЖЕНИЙ$) = -17.88536714992766
correctionProbability (#МУЖЧИНАММ$ -> #МУЖЧИНАМИ$) = -18.47173048908617
correctionProbability (#ВАКАНЦИЙ$ -> #ВАКАНСИИ$) = -72.94406913848103
correctionProbability (#ГОСТИННИЦЫ$ -> #ГОСТИНИЦЫ$) = -16.41896392448954
correctionProbability (#ГРУПРА$ -> #ГРУППА$) = -7.543074158289777
correctionProbability (#ТИРИСКАЯ$ -> #ТУРИСТСКАЯ$) = -154.23612417269416
correctionProbability (#ОТВЕЫ$ -> #ОТВЕТЫ$) = -9.32150314231269
correctionProbability (#ВУЛАН$ -> #ВУЛКАН$) = -10.949322581115705
correctionProbability (#ТЭЙП$ -> #ТЕЙП$) = -14.630593167548515
correctionProbability (#УПРАЛЕНИЕ$ -> #УПРАВЛЕНИЕ$) = -13.600728680465231
correctionProbability (#ХАМУТОВА$ -> #ХОМУТОВО$) = -85.07630824514422
correctionProbability (#ТЕНИСИСТКИ$ -> #ТЕННИСИСТКИ$) = -26.433756988259802
correctionProbability (#АРКАНО$ -> #АРКАНА$) = -14.509529978427363
correctionProbability (#КЛЕЧАТКА$ -> #КЛЕТЧАТКА$) = -20.55639759324054
correctionProbability (#CLONARY$ -> #CORONARY$) = -91.88183376703863
correctionProbability (#ОМРА$ -> #ОМБРА$) = -24.244493993432727
correctionProbability (#ЛИТЕРАТУОА$ -> #ЛИТЕРАТУРА$) = -15.245938734879012
correctionProbability (#РОСИЙСКИЭ$ -> #РОССИЙСКИЕ$) = -77.11053836571071
correctionProbability (#ПРИДЛОЖЕНИЕ$ -> #ПРЕДЛОЖЕНИЕ$) = -16.05461868850241
correctionProbability (#АГЕСТВО$ -> #АГЕНТСТВО$) = -78.78055692156644
correctionProbability (#ВАКУМНЫМИ$ -> #ВАКУУМНЫМИ$) = -25.767066039878948
correctionProbability (#АЛЕРГИКАМИ$ -> #АЛЛЕРГИКАМИ$) = -37.248902570440436
correctionProbability (#ИЗГОТОВИТЕЛ$ -> #ИЗГОТОВИТЕЛЯ$) = -26.447890622771006
correctionProbability (#ВАКАРСИИ$ -> #ВАКАНСИИ$) = -8.180327872418765
correctionProbability (#РАЙОННЫ$ -> #РАЙОННЫЙ$) = -12.55005595757541
correctionProbability (#DEEPARTMENT$ -> #DEPARTMENT$) = -24.570652426779517
correctionProbability (#ЧЬАТЬ$ -> #ЧАСТЬ$) = -74.17123149280276
correctionProbability (#МСТИТЕДИ$ -> #МСТИТЕЛИ$) = -11.27091797259061
correctionProbability (#НОРМАННСКАЯ$ -> #НОРМАНСКАЯ$) = -27.911753641460358
correctionProbability (#КОДАКС$ -> #КОДЕКС$) = -10.365090060838813
correctionProbability (#MOVEPIC$ -> #MÖVENPICK$) = -149.95828331056165
correctionProbability (#ВЫЙНА$ -> #ВІЙНА$) = -17.017476964944844
correctionProbability (#ТРАНСПОРНЫЕ$ -> #ТРАНСПОРТНЫЕ$) = -20.03579476929915
correctionProbability (#ПООСПЕКТА$ -> #ПРОСПЕКТА$) = -19.56477533419674
correctionProbability (#АВИТОО$ -> #АВИТО$) = -5.330213246358536
correctionProbability (#SCINCE$ -> #SCIENCE$) = -17.07413919730508
correctionProbability (#IAAC$ -> #ISAAC$) = -17.193047303342514
correctionProbability (#СПЕДТЕСТ$ -> #СПИДТЕСТ$) = -14.505748913978401
correctionProbability (#СЕЛИКОНОВЫЙ$ -> #СИЛИКОНОВЫЙ$) = -19.209821086141474
correctionProbability (#СПИРТОМЕР$ -> #СПИРТОМЕТР$) = -24.16794074928407
correctionProbability (#ГАСТИНИЦЫ$ -> #ГОСТИНИЦЫ$) = -13.943238769511346
correctionProbability (#РАСТОРЖЕНИ$ -> #РАСТОРЖЕНИИ$) = -20.453387669610358
correctionProbability (#ГУГШ$ -> #ГУГЛ$) = -3.0139950380745937
correctionProbability (#САСУНГ$ -> #САМСУНГ$) = -10.040735782769957
correctionProbability (#СОВЕШАНИЕ$ -> #СОВЕЩАНИЕ$) = -19.68367476347192
correctionProbability (#ТЕЕРАГОНА$ -> #ТАРРАГОНА$) = -88.39240967865794
correctionProbability (#ПИКАМЕЛОН$ -> #ПИКАМИЛОН$) = -19.08321693558161
correctionProbability (#СЕЛИКОНОВЫЕ$ -> #СИЛИКОНОВЫЕ$) = -18.51173678087578
correctionProbability (#ANDRID$ -> #ANDROID$) = -11.920078457901553
correctionProbability (#ЗРОИТИ$ -> #ЗРОБИТИ$) = -16.974144909772996
correctionProbability (#ШЕРСТ$ -> #ШЕРСТЬ$) = -15.414100978835979
correctionProbability (#БЛЕЗЗЕРС$ -> #БРАЗЕРС$) = -145.1354450940008
correctionProbability (#FACEBOOC$ -> #FACEBOOK$) = -9.375818637677305
correctionProbability (#ПЕНЬСИЮ$ -> #ПЕНСИЮ$) = -14.081046644105935
correctionProbability (#ПАТСАН$ -> #ПАЦАН$) = -79.60812023740628
correctionProbability (#АББРИВИАТУРА$ -> #АББРЕВИАТУРА$) = -23.470351491528383
correctionProbability (#БЄДРОНКА$ -> #БЕДРОНКА$) = -20.474640000548682
correctionProbability (#ПРАЦИ$ -> #ПРАЦІ$) = -16.139271755386698
correctionProbability (#ЗТМНЯЯ$ -> #ЗИМНЯЯ$) = -10.001450232613085
correctionProbability (#INSENT$ -> #INCEST$) = -78.88275193895971
correctionProbability (#СЕГНАЛ$ -> #СИГНАЛ$) = -13.370724381995434
correctionProbability (#ВАКАСИЯ$ -> #ВАКАНСИЯ$) = -13.451862180062868
correctionProbability (#КРАШЕНЫЕ$ -> #КРАШЕННЫЕ$) = -22.475235057360173
correctionProbability (#ОБЬЕКТИВНЫЕ$ -> #ОБЪЕКТИВНЫЕ$) = -24.35402011155739
correctionProbability (#CNVATCNER$ -> #CNVACNER$) = -17.642636939833707
correctionProbability (#ШИВРОЛЕТ$ -> #ШЕВРОЛЕ$) = -78.41216230994407
correctionProbability (#АРЕКЕТТЕСЕТИН$ -> #ӘРЕКЕТТЕСЕТІН$) = -97.21127555518515
correctionProbability (#АВИТОР$ -> #АВИТО$) = -5.341416193715531
correctionProbability (#ОБЬЕКТИВЫ$ -> #ОБЪЕКТИВЫ$) = -19.46674075300941
correctionProbability (#РАЙСИНГ$ -> #РЕЙСИНГ$) = -18.72918268423946
correctionProbability (#ЛАДЕЖЕНСКАЯ$ -> #ЛАДЫЖЕНСКАЯ$) = -15.310469064376377
correctionProbability (#ОБРЕСКА$ -> #ОБРЕЗКА$) = -12.030355864441034
correctionProbability (#ГЕНАДИ$ -> #ГЕННАДИЙ$) = -80.10268331513822
correctionProbability (#ТЕХНОЛОГИЧЕСКА$ -> #ТЕХНОЛОГИЧЕСКАЯ$) = -22.492923792512144
correctionProbability (#ДЕРЕВЯНУЮ$ -> #ДЕРЕВЯННУЮ$) = -19.26187620362419
correctionProbability (#БЕТОСЕРК$ -> #БЕТАСЕРК$) = -18.422944558737633
correctionProbability (#ПРЕКТНАЯ$ -> #ПРОЕКТНАЯ$) = -18.157389588470323
correctionProbability (#СМАРГОНЬ$ -> #СМОРГОНЬ$) = -19.084072156614155
correctionProbability (#ЮИТВА$ -> #БИТВА$) = -7.099110754973275
correctionProbability (#КАЛЬКУЛЬТОР$ -> #КАЛЬКУЛЯТОР$) = -12.165259496779392
correctionProbability (#ДЖЕНС$ -> #ДЖОНС$) = -12.015504350079798
correctionProbability (#LIVERSCORE$ -> #LIVESCORE$) = -17.04469420446631
correctionProbability (#МАТИН$ -> #МӘТІН$) = -81.59206963569741
correctionProbability (#TOYTA$ -> #TOYOTA$) = -12.513718638668056
correctionProbability (#КИНОГА$ -> #КИНОГО$) = -11.025090823674294
correctionProbability (#ОПАКАЛИПСИСА$ -> #АПОКАЛИПСИСА$) = -87.05298163117519
correctionProbability (#РЕСТОВРАЦИЯ$ -> #РЕСТАВРАЦИЯ$) = -17.358654105527535
correctionProbability (#СИПТОМИ$ -> #СИМПТОМЫ$) = -76.06551829008347
correctionProbability (#МАРИНСК$ -> #МАРИИНСК$) = -18.99497452621589
correctionProbability (#ACADEMICA$ -> #ACADEMIA$) = -22.697289643988256
correctionProbability (#КАЛЮЧИЙ$ -> #КОЛЮЧИЙ$) = -17.591099386615795
correctionProbability (#ДЖЭЙМС$ -> #ДЖЕЙМС$) = -12.551119319442666
correctionProbability (#БАТИЛЬЕНЫ$ -> #БОТИЛЬОНЫ$) = -84.14410206877683
correctionProbability (#АВТОСТАНЦИЙ$ -> #АВТОСТАНЦИИ$) = -22.728584663153867
correctionProbability (#KILP$ -> #KLIP$) = -82.00983275742406
correctionProbability (#ЛУНОМОСТИК$ -> #ЛУНОМОСИК$) = -19.087374665936352
correctionProbability (#УНИВЕСИТЕТА$ -> #УНИВЕРСИТЕТА$) = -20.190251058922662
correctionProbability (#ОЫОРМИТЬ$ -> #ОФОРМИТЬ$) = -11.333229691595754
correctionProbability (#ВОЗРАЖЕНИИЕ$ -> #ВОЗРАЖЕНИЕ$) = -24.008840270029594
correctionProbability (#ЗДАНИ$ -> #ЗДАНИЯ$) = -12.038459334728767
correctionProbability (#ГОООО$ -> #ГООООЛ$) = -18.98131707172922
correctionProbability (#КИЛЛОМЕТРАХ$ -> #КИЛОМЕТРАХ$) = -23.95238851653685
correctionProbability (#ТАБИЦА$ -> #ТАБЛИЦА$) = -8.391981779712836
correctionProbability (#ЛЯМОДА$ -> #ЛАМОДА$) = -10.735054693352861
correctionProbability (#ДОЦАНА$ -> #ДАЦАНА$) = -24.09324561936384
correctionProbability (#ТЕЛЕВИЩОР$ -> #ТЕЛЕВИЗОР$) = -12.669260974522466
correctionProbability (#ДИЯНУ$ -> #ДИАНУ$) = -14.237386587779557
correctionProbability (#ЧОЛОВИКИВ$ -> #ЧОЛОВІКІВ$) = -86.49252621178515
correctionProbability (#ФУТЬОЛИСТЫ$ -> #ФУТБОЛИСТЫ$) = -19.505374292956432
correctionProbability (#РОСИЙСКИЙ$ -> #РОССИЙСКИЙ$) = -15.024400079152493
correctionProbability (#НИМУ$ -> #НЕМУ$) = -14.189842168591273
correctionProbability (#КАМСАМОЛЬСКА$ -> #КОМСОМОЛЬСКА$) = -88.20287726357049
correctionProbability (#HTPPS$ -> #HTTPS$) = -11.083608300727281
correctionProbability (#ETHERIUM$ -> #ETHEREUM$) = -19.683620211470178
correctionProbability (#УЧЕБНИА$ -> #УЧЕБНИК$) = -9.06170230254682
correctionProbability (#ALLTIM$ -> #ALLTIME$) = -20.115432932287455
correctionProbability (#СМТРЕТЬ$ -> #СМОТРЕТЬ$) = -2.96521080582321
correctionProbability (#КАЗАКОА$ -> #КАЗАКОВ$) = -15.052068181741724
correctionProbability (#КОМЕРЧИСКИЕ$ -> #КОММЕРЧЕСКИЕ$) = -87.49365565719043
correctionProbability (#ДЕЦТЕЛЬНОСТЬ$ -> #ДЕЯТЕЛЬНОСТЬ$) = -17.608613336596555
correctionProbability (#ОТКРИТИЕ$ -> #ОТКРЫТИЕ$) = -11.274640585865953
correctionProbability (#КАВАСАКІ$ -> #КАВАСАКИ$) = -18.828828808758786
correctionProbability (#ЗДЕЛАЙ$ -> #СДЕЛАЙ$) = -14.361058974967488
correctionProbability (#L9060L$ -> #I9060$) = -98.74820394835066
correctionProbability (#СОСТАВИТТ$ -> #СОСТАВИТЬ$) = -12.948096266453035
correctionProbability (#УЧЕБНИЕ$ -> #УЧЕБНИК$) = -9.057617491979698
correctionProbability (#КОЗЕРІГ$ -> #КОЗЕРОГ$) = -13.564363733915457
correctionProbability (#СИПТОМЫ$ -> #СИМПТОМЫ$) = -11.352181907471497
correctionProbability (#РЕФФЕРАТ$ -> #РЕФЕРАТ$) = -13.240527200163967
correctionProbability (#СЬЕХАЛА$ -> #СЪЕХАЛА$) = -26.042276656041338
correctionProbability (#ТАКИИКА$ -> #ТАКТИКА$) = -16.89918703702798
correctionProbability (#КЛАПОН$ -> #КЛАПАН$) = -11.939505190301876
correctionProbability (#ПИСЬМЕНАЯ$ -> #ПИСЬМЕННАЯ$) = -21.889517945403107
correctionProbability (#САВЕФОРМ$ -> #САВЕФРОМ$) = -86.34852406054787
correctionProbability (#КОКОЕ$ -> #КАКОЕ$) = -8.481105791104259
correctionProbability (#КИЛЛОМЕТРАЖ$ -> #КИЛОМЕТРАЖ$) = -25.101529020876463
correctionProbability (#АВИТЛО$ -> #АВИТО$) = -5.348654661374937
correctionProbability (#КУПАРОС$ -> #КУПОРОС$) = -17.01882426785587
correctionProbability (#РАЗШЕРЕНИЕ$ -> #РАСШИРЕНИЕ$) = -81.62118351606944
correctionProbability (#ИМПРЕСИОНИЗМ$ -> #ИМПРЕССИОНИЗМ$) = -25.430049150564564
correctionProbability (#ПАРЕКМАХЕРА$ -> #ПАРИКМАХЕРА$) = -20.078071747425298
correctionProbability (#АРТРОС$ -> #АРТРОЗ$) = -14.516520473045741
correctionProbability (#ЕКАН$ -> #ЭКРАН$) = -73.02814790485724
correctionProbability (#ОСТАТСЯ$ -> #ОСТАТЬСЯ$) = -16.238907149199854
correctionProbability (#ДЕКРІСТОЛ$ -> #ДЕКРИСТОЛ$) = -25.30945524678483
correctionProbability (#РОСИЙСКИЕ$ -> #РОССИЙСКИЕ$) = -12.334963207584877
correctionProbability (#НИМЕ$ -> #АНИМЕ$) = -6.522815555015374
correctionProbability (#УПРАЛЕНИЯ$ -> #УПРАВЛЕНИЯ$) = -13.940245588825213
correctionProbability (#УЧЕРЕДИТЕЛЬ$ -> #УЧРЕДИТЕЛЬ$) = -23.78961159834457
correctionProbability (#ДЕРЕКТОРУ$ -> #ДИРЕКТОРУ$) = -18.178364749332694
correctionProbability (#СКАЧАВТЬ$ -> #СКАЧАТЬ$) = -5.019040624557155
correctionProbability (#КОКОМ$ -> #КАКОМ$) = -8.667116252761918
correctionProbability (#РЕСТОВРАЦИИ$ -> #РЕСТАВРАЦИИ$) = -20.49963319356761
correctionProbability (#ЗДЕЛАТ$ -> #СДЕЛАТЬ$) = -71.4648896818081
correctionProbability (#COUNTRE$ -> #COUNTER$) = -84.05179851539778
correctionProbability (#ДЕРЕКТОРА$ -> #ДИРЕКТОРА$) = -14.780023453070818
correctionProbability (#КАЛЕДОСКОП$ -> #КАЛЕЙДОСКОП$) = -20.642195716793452
correctionProbability (#АЛІБАБА$ -> #АЛИБАБА$) = -17.038663369145247
correctionProbability (#ЗЕЛНОГРАДЕ$ -> #ЗЕЛЕНОГРАДЕ$) = -19.907367004387126
correctionProbability (#ESLA$ -> #TESLA$) = -16.714236932506655
correctionProbability (#ТАРБИЕ$ -> #ТӘРБИЕ$) = -11.728355925560482
correctionProbability (#ЖМГУЛИ$ -> #ЖИГУЛИ$) = -14.425789433279693
correctionProbability (#ВАЛЬТОР$ -> #ВАЛЬТЕР$) = -12.976648717021348
correctionProbability (#КАЛКУЛАТОР$ -> #КАЛЬКУЛЯТОР$) = -77.435848573639
correctionProbability (#ССЕРИЙ$ -> #СЕРИЙ$) = -9.899404894968225
correctionProbability (#САСОК$ -> #СОСОК$) = -16.548725322931585
correctionProbability (#ЭБЕШПЕХЕР$ -> #ЭБЕРШПЕХЕР$) = -23.8699133817398
correctionProbability (#КРАСИВАМИ$ -> #КРАСИВЫМИ$) = -16.905639597015664
correctionProbability (#ПРАМИДА$ -> #ПИРАМИДА$) = -15.167814628380924
correctionProbability (#КОТЛАВАНА$ -> #КОТЛОВАНА$) = -20.234276053274883
correctionProbability (#НАСТОЛЬНА$ -> #НАСТОЛЬНАЯ$) = -17.44509622931085
correctionProbability (#ПРОЖИМАЕТ$ -> #ПРОЖИВАЕТ$) = -19.436093147420188
correctionProbability (#SOVETSKI$ -> #SOVETSKIE$) = -24.558326589507807
correctionProbability (#ШОБЛОНЫ$ -> #ШАБЛОНЫ$) = -9.414549840467203
correctionProbability (#ДЖЩКЕР$ -> #ДЖОКЕР$) = -8.767780831921758
correctionProbability (#ПРИПЯТСТВИЕ$ -> #ПРЕПЯТСТВИЕ$) = -25.24773606284559
correctionProbability (#ХЕНКА$ -> #ХЭНКА$) = -24.22469327094572
correctionProbability (#ДЕВОСКИ$ -> #ДЕВОЧКИ$) = -8.594212948706023
correctionProbability (#ИНВЕТАРНЫЙ$ -> #ИНВЕНТАРНЫЙ$) = -25.672452135227118
correctionProbability (#ЗАПИКАТЬ$ -> #ЗАПЕКАТЬ$) = -18.93929907776763
correctionProbability (#VATSAPP$ -> #WHATSAPP$) = -77.65664671116762
correctionProbability (#ПЫД$ -> #ПІД$) = -12.565193210207848
correctionProbability (#TECHER$ -> #TEACHER$) = -17.462037143762117
correctionProbability (#ХАФИТОЛ$ -> #ХОФИТОЛ$) = -16.98009591526033
correctionProbability (#ПЕРЕВОДЧТИК$ -> #ПЕРЕВОДЧИК$) = -11.142036540276969
correctionProbability (#КСЕНИ$ -> #КСЕНИЯ$) = -11.595063553617042
correctionProbability (#ТИКУРИЛЛА$ -> #ТИККУРИЛА$) = -88.53299461214301
correctionProbability (#SMOTRERT$ -> #SMOTRET$) = -15.805465195993257
correctionProbability (#ВЙДЕТ$ -> #ВЫЙДЕТ$) = -14.416653176361283
correctionProbability (#ПОТХОДЯТ$ -> #ПОДХОДЯТ$) = -16.81724517839917
correctionProbability (#СОБСВЕННОСТИ$ -> #СОБСТВЕННОСТИ$) = -20.335338372852455
correctionProbability (#ДИЯНА$ -> #ДИАНА$) = -7.975683535434424
correctionProbability (#ІСТОРІІ$ -> #ІСТОРІЇ$) = -16.243241454615173
correctionProbability (#БЕЛФЕСТ$ -> #БЕЛВЕСТ$) = -16.803882581719982
correctionProbability (#АПЕРАЦИЯ$ -> #ОПЕРАЦИЯ$) = -11.917536764275347
correctionProbability (#ЗВЕЗДАЧКА$ -> #ЗВЕЗДОЧКА$) = -15.474402964937852
correctionProbability (#РОЖДЕНЯ$ -> #РОЖДЕНИЯ$) = -7.299004091931728
correctionProbability (#ЛИПИТЬ$ -> #ЛЕПИТЬ$) = -15.178877810619664
correctionProbability (#ГОРИЗОНТАЛЬНИЙ$ -> #ГОРИЗОНТАЛЬНЫЙ$) = -24.024636557735562
correctionProbability (#ЩАВОД$ -> #ЗАВОД$) = -8.925311032628759
correctionProbability (#ПОДЕРЖКИ$ -> #ПОДДЕРЖКИ$) = -16.513341325181017
correctionProbability (#ОРУЖЕЙНУУЮ$ -> #ОРУЖЕЙНУЮ$) = -28.111968540285815
correctionProbability (#ПОЗДРВЛЕНИЯ$ -> #ПОЗДРАВЛЕНИЯ$) = -13.98160766173222
correctionProbability (#СОЛЮШИОН$ -> #СОЛЮШЕН$) = -84.37550351029479
correctionProbability (#СОБАЧЕЙ$ -> #СОБАЧЬЕЙ$) = -21.351325790573704
correctionProbability (#ЛКАСС$ -> #КЛАСС$) = -70.27741098227156
correctionProbability (#ТЕРМОПОД$ -> #ТЕРМОПОТ$) = -19.976633232350146
correctionProbability (#СОКРАТИТ$ -> #СОКРАТИТЬ$) = -19.674421241142007
correctionProbability (#ONLAEN$ -> #ONLINE$) = -140.8582718648754
correctionProbability (#ХИМИЧИСКИЙ$ -> #ХИМИЧЕСКИЙ$) = -17.520825859289495
correctionProbability (#ДЖЕНИ$ -> #ДЖЕННИ$) = -17.313807510928132
correctionProbability (#КРЕТТА$ -> #КРЕТА$) = -16.0414890448388
correctionProbability (#ХЕНКС$ -> #ХЭНКС$) = -17.611667108972544
correctionProbability (#ЧЕЛРВЕК$ -> #ЧЕЛОВЕК$) = -7.786896800404435
correctionProbability (#ШАМПУНТ$ -> #ШАМПУНЬ$) = -12.4877773601319
correctionProbability (#ЦИГАНЕ$ -> #ЦЫГАНЕ$) = -15.929975723616916
correctionProbability (#САСОЕ$ -> #САМОЕ$) = -10.04254133967181
correctionProbability (#ШУКИ$ -> #ЩУКИ$) = -12.133969347902198
correctionProbability (#ФОРТРЕНД$ -> #ФОРТРЕНТ$) = -26.079525418883073
correctionProbability (#ПОДЕРЖКА$ -> #ПОДДЕРЖКА$) = -16.293811042304327
correctionProbability (#ГРОЖДАНСКУЮ$ -> #ГРАЖДАНСКУЮ$) = -23.27841776136902
correctionProbability (#МАЯЙНКРАФТ$ -> #МАЙНКРАФТ$) = -10.496884112210331
correctionProbability (#АСТРОВЕЦ$ -> #ОСТРОВЕЦ$) = -20.62259644308684
correctionProbability (#AMSUNG$ -> #SAMSUNG$) = -10.511715071664234
correctionProbability (#ФВРЫ$ -> #ФАРЫ$) = -11.122295704336015
correctionProbability (#САСОВ$ -> #ЧАСОВ$) = -9.01678727176144
correctionProbability (#СОЛГИОРСКЕ$ -> #СОЛИГОРСКЕ$) = -88.44630121581098
correctionProbability (#ВИРТЕКС$ -> #ВЕРТЕКС$) = -18.23175905867945
correctionProbability (#ЛЮБИМІЙ$ -> #ЛЮБИМЫЙ$) = -12.165219520587584
correctionProbability (#РОСИЙСКОЕ$ -> #РОССИЙСКОЕ$) = -18.38490313920593
correctionProbability (#ССТОР$ -> #СТОР$) = -17.512817766839365
correctionProbability (#ДЖЕФА$ -> #ДЖЕФФА$) = -19.048308093119136
correctionProbability (#МОРФЕРМНЫЙ$ -> #МОРФЕМНЫЙ$) = -19.584013957873914
correctionProbability (#ПАРАШОК$ -> #ПОРОШОК$) = -78.71393336826362
correctionProbability (#ГУБВ$ -> #ГУБЫ$) = -10.778226695070938
correctionProbability (#АППЕРАЦИИ$ -> #ОПЕРАЦИИ$) = -79.20214110491793
correctionProbability (#РЕАОЛЮЦИЯ$ -> #РЕВОЛЮЦИЯ$) = -16.009277154045982
correctionProbability (#ОТКРИТКУ$ -> #ОТКРЫТКУ$) = -15.036502555354623
correctionProbability (#ПОНАМОРЕВА$ -> #ПОНОМАРЕВА$) = -84.55590058649992
correctionProbability (#ПЧЕЛОВО$ -> #ПЧЕЛОВОД$) = -11.641958166631703
correctionProbability (#ПАТИСОНОВ$ -> #ПАТИССОНОВ$) = -23.862555403890525
correctionProbability (#РОСИЙСКОЙ$ -> #РОССИЙСКОЙ$) = -14.50439622944426
correctionProbability (#ВАЛАСАТАЯ$ -> #ВОЛОСАТАЯ$) = -81.13756520667785
correctionProbability (#НИЖУ$ -> #НИЖЕ$) = -11.67130156829111
correctionProbability (#СИНОВЕАЛЬ$ -> #СИНОВИАЛЬ$) = -26.95651194931782
correctionProbability (#ДЭТИФРИ$ -> #ДЮТИФРИ$) = -21.47726383226339
correctionProbability (#ЕКАТЕРИНБРГ$ -> #ЕКАТЕРИНБУРГ$) = -13.523356988574456
correctionProbability (#ТОНЦУЕТ$ -> #ТАНЦУЕТ$) = -13.701579785052942
correctionProbability (#МАРРОККО$ -> #МАРОККО$) = -17.975752109991177
correctionProbability (#СОБАЧИЕ$ -> #СОБАЧЬЕ$) = -16.331371280982424
correctionProbability (#КОЛМИЯ$ -> #КОЛОМИЯ$) = -19.686703457401414
correctionProbability (#ЗАПРАКА$ -> #ЗАПРАВКА$) = -15.132391284521901
correctionProbability (#ВИДИОКЛУБ$ -> #ВИДЕОКЛУБ$) = -21.440142132510836
correctionProbability (#FIRIDO$ -> #FIRIDA$) = -26.2417678787737
correctionProbability (#VINIL$ -> #VINYL$) = -17.793099129824366
correctionProbability (#ЗАДИЯКА$ -> #ЗОДИАКА$) = -75.69481829026567
correctionProbability (#ПРУЖИНКУ$ -> #ПРУЖИНУ$) = -20.918643314194
correctionProbability (#АНТИРИСПЕКТ$ -> #АНТИРЕСПЕКТ$) = -18.93783052597636
correctionProbability (#КЕТУРАМИ$ -> #КИТУРАМИ$) = -21.63469468523749
correctionProbability (#ПРИБЫ4ЬНАЯ$ -> #ПРИБЫЛЬНАЯ$) = -26.18468308835012
correctionProbability (#ССТОЛ$ -> #СТОЛ$) = -7.608890761425158
correctionProbability (#СУРДОЛОГИЧЕСКОГО$ -> #НАРКОЛОГИЧЕСКОГО$) = -160.37326323378048
correctionProbability (#ОММК$ -> #ОМСК$) = -6.278311738630574
correctionProbability (#ХИЛИКОБАКТЕР$ -> #ХЕЛИКОБАКТЕР$) = -21.612458140787133
correctionProbability (#ПОМАРЕ$ -> #ПОМОРЬЕ$) = -87.20738150725478
correctionProbability (#ТРЕЙДИН$ -> #ТРЕЙДИНГ$) = -17.94871585905404
correctionProbability (#БУДЕШ$ -> #БУДЕШЬ$) = -15.720214742778698
correctionProbability (#ФАНПЕУ$ -> #ФАНПЕЙ$) = -16.31768366498685
correctionProbability (#ПРОГРАМНО$ -> #ПРОГРАММНО$) = -24.935530215239844
correctionProbability (#КАРШИРИНГ$ -> #КАРШЕРИНГ$) = -18.472467627536652
correctionProbability (#SHENIN$ -> #SHEIN$) = -15.046259620049707
correctionProbability (#ГРИГОРИОПОЛЬС$ -> #ГРИГОРИОПОЛЬ$) = -30.211969626571992
correctionProbability (#ВЛАДИМИРОАНА$ -> #ВЛАДИМИРОВНА$) = -18.163297318320232
correctionProbability (#ПИКИНЕЗ$ -> #ПЕКИНЕС$) = -83.77960832490245
correctionProbability (#БОЖЕНОВ$ -> #БАЖЕНОВ$) = -18.838795361074347
correctionProbability (#БУДЕЬ$ -> #БУДЕТ$) = -7.762568172315728
correctionProbability (#ЧЕЧВИЦЕЙ$ -> #ЧЕЧЕВИЦЕЙ$) = -22.77475193365791
correctionProbability (#ВОССОЕДЕНЕНИЕ$ -> #ВОССОЕДИНЕНИЕ$) = -22.433621955396504
correctionProbability (#ВОХДУХ$ -> #ВОЗДУХ$) = -12.410934246438647
correctionProbability (#ПОСТОЯНО$ -> #ПОСТОЯННО$) = -16.129490113711846
correctionProbability (#МИТРОНОВ$ -> #МИРОНОВ$) = -18.52790108167597
correctionProbability (#ФЛУМИЕНСИ$ -> #ФЛУМИНЕНСЕ$) = -92.99613788698746
correctionProbability (#NATURELI$ -> #NATURAL$) = -83.27323446299563
correctionProbability (#БРИМНЕС$ -> #БРИМНЭС$) = -23.671028038696576
correctionProbability (#PROGRAME$ -> #PROGRAM$) = -18.668147792584058
correctionProbability (#КИФИР$ -> #КЕФИР$) = -15.09086723005758
correctionProbability (#ПШЕНИЧНА$ -> #ПШЕНИЧНАЯ$) = -20.660783971877002
correctionProbability (#ТЕДЕГРАМ$ -> #ТЕЛЕГРАММ$) = -79.75233501605861
correctionProbability (#МАСААЖ$ -> #МАССАЖ$) = -8.350613960665012
correctionProbability (#ВЕСЛОУХАЯ$ -> #ВИСЛОУХАЯ$) = -20.13577103092389
correctionProbability (#МАЛЫШАРИК$ -> #МАЛЫШАРИКИ$) = -14.759179751540366
correctionProbability (#ХЕНТАФ$ -> #ХЕНТАЙ$) = -8.557461750892937
correctionProbability (#ЛЮБЕРЦВ$ -> #ЛЮБЕРЦЫ$) = -13.596749702355396
correctionProbability (#ОММА$ -> #ОМА$) = -16.095075790676237
correctionProbability (#ВЕЛБИРИС$ -> #ВАЛБЕРИС$) = -77.22313984366986
correctionProbability (#ПЕРЕФЕРИЧЕСКИЙ$ -> #ПЕРИФЕРИЧЕСКИЙ$) = -28.577290915372387
correctionProbability (#АЛЕППИ$ -> #АЛЛЕППИ$) = -33.482757577964286
correctionProbability (#ХЕНТАЦ$ -> #ХЕНТАЙ$) = -8.55340920708274
correctionProbability (#ЧАТНОМ$ -> #ЧАСТНОМ$) = -13.19506183844964
correctionProbability (#ВКОНТАККТЕ$ -> #ВКОНТАКТЕ$) = -9.00637302808348
correctionProbability (#ГРИФИН$ -> #ГРИФФИН$) = -21.299171267613147
correctionProbability (#БЕРРЕТА$ -> #БЕРЕТТА$) = -86.25820006458717
correctionProbability (#ДЕТО$ -> #ЛЕТО$) = -8.421712943538072
correctionProbability (#НИКОЛСКИЙ$ -> #НИКОЛЬСКИЙ$) = -16.383880542423434
correctionProbability (#РАММШТАЙН$ -> #РАМШТАЙН$) = -17.225397708391924
correctionProbability (#ВЕСТІНОРМ$ -> #ВЕСТИНОРМ$) = -24.4646473270246
correctionProbability (#ОЧЕНТ$ -> #ОЧЕНЬ$) = -7.096625984921875
correctionProbability (#ЗАБЕРЕМЕНИТЬ$ -> #ЗАБЕРЕМЕНЕТЬ$) = -19.75441107831667
correctionProbability (#ПРОГРАММВ$ -> #ПРОГРАММА$) = -8.637229953851694
correctionProbability (#ДЕТТ$ -> #ДЕТИ$) = -5.936510500169817
correctionProbability (#ХАРКТЕРИСТИКИ$ -> #ХАРАКТЕРИСТИКИ$) = -17.509864347801553
correctionProbability (#JECK$ -> #JACK$) = -12.389913333330686
correctionProbability (#CURIET$ -> #CUREIT$) = -84.17673813637239
correctionProbability (#ЯННА$ -> #ЯНА$) = -12.515798365722315
correctionProbability (#АЛЛЮМИНЕВОЙ$ -> #АЛЮМИНИЕВОЙ$) = -90.35054980055814
correctionProbability (#ВЫБРВТЬ$ -> #ВЫБРАТЬ$) = -10.842975166885438
correctionProbability (#РЭЙЗЕР$ -> #РЕЙЗЕР$) = -19.574324202697472
correctionProbability (#ВОЩЛЕ$ -> #ВОЗЛЕ$) = -11.291806849491518
correctionProbability (#СІНОПТИК$ -> #СІНОПТІК$) = -17.517283829806864
correctionProbability (#ДЕРЕВЯНОМ$ -> #ДЕРЕВЯННОМ$) = -18.469913904278627
correctionProbability (#ОГРОНИЧЕНИЕ$ -> #ОГРАНИЧЕНИЕ$) = -19.95870989592055
correctionProbability (#ПОХАТЛИВАЯ$ -> #ПОХОТЛИВАЯ$) = -22.547394597098233
correctionProbability (#DOCHKISINOCHUKI$ -> #DOCHKISINOCHKI$) = -31.52185736475387
correctionProbability (#ДЕРЕВЯНОЙ$ -> #ДЕРЕВЯННОЙ$) = -19.15106782941198
correctionProbability (#ПРОНГОЗ$ -> #ПРОГНОЗ$) = -76.2737083975747
correctionProbability (#БРИНЗА$ -> #БРЫНЗА$) = -19.2945455010688
correctionProbability (#БСНКА$ -> #БАНКА$) = -9.276928234221675
correctionProbability (#ОТКРИТКА$ -> #ОТКРЫТКА$) = -10.660296377014213
correctionProbability (#СИМБАЯ$ -> #СИМБА$) = -17.981982777296917
correctionProbability (#РЕЧЕПТ$ -> #РЕЦЕПТ$) = -6.1952749483014955
correctionProbability (#АЛЛЕЭКСПРЕС$ -> #АЛИЭКСПРЕСС$) = -143.9497178746806
correctionProbability (#ПРИТЕЖЕНИЕ$ -> #ПРИТЯЖЕНИЕ$) = -19.086019725269118
correctionProbability (#ДЕРЕВЯНОЕ$ -> #ДЕРЕВЯННОЕ$) = -21.059642985212143
correctionProbability (#ПОАТИТЬ$ -> #ПЛАТИТЬ$) = -13.467773984684555
correctionProbability (#РССКОМ$ -> #РУССКОМ$) = -7.11533726841094
correctionProbability (#ПРОГРАММИ$ -> #ПРОГРАММЫ$) = -12.32112406456038
correctionProbability (#БЛЕКВЕЙВ$ -> #БЛЕКВЕЙ$) = -35.498511181267105
correctionProbability (#ПРСТ$ -> #ПОСТ$) = -11.688422992258023
correctionProbability (#БРАЗЗЕС$ -> #БРАЗЕРС$) = -80.8985364944258
correctionProbability (#СНИМАЕТЬСЯ$ -> #СНИМАЕТСЯ$) = -21.423569413635384
correctionProbability (#АЛЕМПИАДА$ -> #ОЛИМПИАДА$) = -77.34602194808664
correctionProbability (#БЕРЕМЕННОМТИ$ -> #БЕРЕМЕННОСТИ$) = -14.818581295059083
correctionProbability (#ЩЕРЛОК$ -> #ШЕРЛОК$) = -11.534384977741379
correctionProbability (#ODNOKLASNIKI$ -> #ODNOKLASSNIKI$) = -18.782392983359273
correctionProbability (#СТИХОТАОРЕННИИ$ -> #СТИХОТВОРЕНИИ$) = -90.69037320603965
correctionProbability (#ОТКРИТИЯ$ -> #ОТКРЫТИЯ$) = -14.421742991276318
correctionProbability (#ИТНЕС$ -> #ФИТНЕС$) = -9.413999820974656
correctionProbability (#MOLLI$ -> #MOLLY$) = -16.309852035033618
correctionProbability (#МАЛЕКУЛЯРНУЮ$ -> #МОЛЕКУЛЯРНУЮ$) = -24.72199694105047
correctionProbability (#МАЛИНОВСЬКИЙ$ -> #МАЛИНОВСКИЙ$) = -25.284389951379396
correctionProbability (#ЕЛЕКТРИЧЕСКИЕ$ -> #ЭЛЕКТРИЧЕСКИЕ$) = -18.239768383502053
correctionProbability (#ГУНИБЕР$ -> #ГУМИБЕР$) = -15.3399445969889
correctionProbability (#САЗДАНИЕ$ -> #СОЗДАНИЕ$) = -11.603672434824297
correctionProbability (#НИЧСИ$ -> #НИССИ$) = -19.959312828718584
correctionProbability (#ДЖЕСИКОЙ$ -> #ДЖЕССИКОЙ$) = -25.56117369682554
correctionProbability (#ИНСТАГАРАММ$ -> #ИНСТАГРАМ$) = -78.29998879698222
correctionProbability (#ҚАЗАҚТАН$ -> #ҚАЗАҚСТАН$) = -15.881893321699586
correctionProbability (#ЛОСТФИЛМ$ -> #ЛОСТФИЛЬМ$) = -16.27386080829502
correctionProbability (#ПАВЛИЧКА$ -> #ПАВЛИЧКО$) = -25.716143822454775
correctionProbability (#ДЕТЕ$ -> #ДЕТЕЙ$) = -4.093951620270435
correctionProbability (#КОРПУМ$ -> #КОРПУС$) = -11.712763450552597
correctionProbability (#ДЕТІ$ -> #ДЕТИ$) = -5.924838257569629
correctionProbability (#ГЕРЦИНА$ -> #ГЕРЦЕНА$) = -16.873238480332816
correctionProbability (#НАРОСТЬ$ -> #НАРОСТ$) = -20.847848295465088
correctionProbability (#ППОИЗВОДЧТВО$ -> #ПРОИЗВОДСТВО$) = -80.35464256314279
correctionProbability (#ВОША$ -> #ВАША$) = -12.286790369849545
correctionProbability (#РОСКОВОЙ$ -> #РАСКОВОЙ$) = -21.974711598284003
correctionProbability (#ПРОГРАММФ$ -> #ПРОГРАММЫ$) = -12.35482871554887
correctionProbability (#REPACE$ -> #REPLACE$) = -20.340106882336485
correctionProbability (#ГЕРМИТИЗАЦИЯ$ -> #ГЕРМЕТИЗАЦИЯ$) = -22.20305921194541
correctionProbability (#ТРЕКОТАЖ$ -> #ТРИКОТАЖ$) = -13.55120484208419
correctionProbability (#LATTER$ -> #LETTER$) = -15.688318173928057
correctionProbability (#ПОСТРЯПОТЬ$ -> #ПОСТРЯПАТЬ$) = -23.0825900467567
correctionProbability (#XАБ$ -> #ХАБ$) = -10.145348758735498
correctionProbability (#ВАРФЕЙЙС$ -> #ВАРФЕЙС$) = -12.944408483254357
correctionProbability (#ПРОЗНОЗ$ -> #ПРОГНОЗ$) = -8.389725284898454
correctionProbability (#ПОДДЕРЖАНЫЙ$ -> #ПОДЕРЖАННЫЙ$) = -89.3897508004772
correctionProbability (#NOVIEN$ -> #NAVIEN$) = -18.713156429447192
correctionProbability (#ДАЧНИЙ$ -> #ДАЧНЫЙ$) = -13.780256169049014
correctionProbability (#ЭГИПЕТ$ -> #ЕГИПЕТ$) = -10.90321586204961
correctionProbability (#ГРЕНІ$ -> #ГРЕННИ$) = -76.13960694981282
correctionProbability (#ГУГГ$ -> #ГУГЛ$) = -3.014212626470737
correctionProbability (#УЧАСКОВ$ -> #УЧАСТКОВ$) = -16.49187341378603
correctionProbability (#ГУГД$ -> #ГУГЛ$) = -3.0072371568005707
correctionProbability (#ШЕРХО$ -> #ШЕЪРХО$) = -25.330796706633777
correctionProbability (#СЕТЕОЙ$ -> #СЕТЕВОЙ$) = -9.246201661747811
correctionProbability (#ПИВЕТ$ -> #ПРИВЕТ$) = -9.676133386332186
correctionProbability (#ТРАВЕЛЕР$ -> #ТРАВЕЛЛЕР$) = -23.292731694455483
correctionProbability (#НАСТЕНЫЙ$ -> #НАСТЕННЫЙ$) = -15.658703173680166
correctionProbability (#DEUTCH$ -> #DEUTSCH$) = -17.786093858257665
correctionProbability (#ЗАЩИТКА$ -> #ЗАЩИТА$) = -13.704767699373168
correctionProbability (#ЛОСТФИЛЬ$ -> #ЛОСТФИЛЬМ$) = -16.33235887575659
correctionProbability (#БАТАРЕИИ$ -> #БАТАРЕИ$) = -15.321325675186962
correctionProbability (#GEOGLE$ -> #GOOGLE$) = -5.804831551784243
correctionProbability (#ЦЕРРОЗ$ -> #ЦИРРОЗ$) = -16.95034610976324
correctionProbability (#БАШКОРСТАН$ -> #БАШКОРТОСТАН$) = -82.79012099541853
correctionProbability (#ЕНЕРГЕТИКУ$ -> #ЭНЕРГЕТИКУ$) = -24.239147413413335
correctionProbability (#YUUMYANIME$ -> #YUMMYANIME$) = -21.179466194741558
correctionProbability (#СТРІНГИ$ -> #СТРИНГИ$) = -16.57877092080235
correctionProbability (#ПЮТ$ -> #ПЬЮТ$) = -14.819285466495788
correctionProbability (#УВИЛЕЧЕНИЕ$ -> #УВЕЛИЧЕНИЕ$) = -79.77989825309916
correctionProbability (#STOPED$ -> #STOPPED$) = -22.708930974986984
correctionProbability (#НАСТЕНЫЕ$ -> #НАСТЕННЫЕ$) = -15.539849552020293
correctionProbability (#ПЮС$ -> #ПЛЮС$) = -7.410080517119649
correctionProbability (#ОБЬЕКТИВЕ$ -> #ОБЪЕКТИВЕ$) = -23.295662446329835
correctionProbability (#СИГНАЛИЗАЦИЙ$ -> #СИГНАЛИЗАЦИИ$) = -17.328964100622272
correctionProbability (#ИНГОЛЯТОР$ -> #ИНГАЛЯТОР$) = -18.650590025352983
correctionProbability (#РАБЛТАЕТ$ -> #РАБОТАЕТ$) = -11.287153783094041
correctionProbability (#СПИНОМОЗГОВОЙ$ -> #СПИННОМОЗГОВОЙ$) = -28.657631389308975
correctionProbability (#XXTENATIONS$ -> #XXXTENTACION$) = -219.77587831712032
correctionProbability (#ЛЮБОВБ$ -> #ЛЮБОВЬ$) = -6.467671983501393
correctionProbability (#ИНСТАНРАММА$ -> #ИНСТАГРАММА$) = -18.98530098871555
correctionProbability (#ЩАПОРОЖЬЕ$ -> #ЗАПОРОЖЬЕ$) = -13.788270562570709
correctionProbability (#ВКРЕМОНТ$ -> #РЕМОНТ$) = -74.8335043791362
correctionProbability (#ДЖЕТИ$ -> #ДЖЕТТИ$) = -20.68495818261022
correctionProbability (#HOTMAI$ -> #HOTMAIL$) = -17.057422622913187
correctionProbability (#НАЛГГВАЯ$ -> #НАЛОГОВАЯ$) = -77.41255710277967
correctionProbability (#ЛЮБОВЕ$ -> #ЛЮБОВЬ$) = -6.469664340756051
correctionProbability (#ДОБРАТИНО$ -> #ДОБРЯТИНО$) = -34.757297421796316
correctionProbability (#ПИРАГОВ$ -> #ПИРОГОВ$) = -15.320463146022988
correctionProbability (#ХАРЬКОВСЬКА$ -> #ХАРЬКОВСКАЯ$) = -89.09942317070336
correctionProbability (#ХЕНТВЙ$ -> #ХЕНТАЙ$) = -8.607613693025453
correctionProbability (#ВВПУСК$ -> #ВЫПУСК$) = -7.764178308101471
correctionProbability (#ФИЛЛИПОВА$ -> #ФИЛИППОВА$) = -87.6715209974885
correctionProbability (#DOBE$ -> #ADOBE$) = -11.617106937120756
correctionProbability (#БАВАРИ$ -> #БОВАРИ$) = -19.44900661772782
correctionProbability (#ВАСИЛЕВ$ -> #ВАСИЛЬЕВ$) = -16.19645774749531
correctionProbability (#ВИОДЕО$ -> #ВИДЕО$) = -4.2163884590758975
correctionProbability (#БЛЮСИСТ$ -> #БЛЮСИСТЕМ$) = -81.59586520494355
correctionProbability (#КУЗБАСА$ -> #КУЗБАССА$) = -19.156044864797487
correctionProbability (#РИСНИЦЫ$ -> #РЕСНИЦЫ$) = -14.906956530109916
correctionProbability (#ПЕСИОННЫЙ$ -> #ПЕНСИОННЫЙ$) = -14.990106540355654
correctionProbability (#САМАДЕЛЬНЫЕ$ -> #САМОДЕЛЬНЫЕ$) = -17.01985944310318
correctionProbability (#БРАТАНИ$ -> #БРАТАНЫ$) = -13.801625728147357
correctionProbability (#ПОСТРОЕННО$ -> #ПОСТРОЕНО$) = -24.94226446213967
correctionProbability (#БЛАКНОТУ$ -> #БЛОКНОТУ$) = -28.101960140208625
correctionProbability (#ОВСЯНЛМ$ -> #ОВСЯНОМ$) = -24.834234927813057
correctionProbability (#ОДСЛЕДИТЬ$ -> #ОТСЛЕДИТЬ$) = -12.461376164520772
correctionProbability (#ЛУЧЧШИЕ$ -> #ЛУЧШИЕ$) = -9.427080066954634
correctionProbability (#ОБЬЕКТИВА$ -> #ОБЪЕКТИВА$) = -21.476825282526598
correctionProbability (#ПАРАСКЕВУЛА$ -> #ПАРАСКЕВА$) = -92.31615986014113
correctionProbability (#ЙОШКОР$ -> #ЙОШКАР$) = -12.526520149652864
correctionProbability (#ПИНТЕРС$ -> #ПИНТЕРЕСТ$) = -80.76603476877234
correctionProbability (#СТОИМСТЬ$ -> #СТОИМОСТЬ$) = -9.976391459608998
correctionProbability (#РАКУМ$ -> #РАКОМ$) = -10.861309911848505
correctionProbability (#СКВІРТ$ -> #СКВИРТ$) = -13.35164840795169
correctionProbability (#ЛЁГКАЙ$ -> #ЛЁГКОЙ$) = -16.48691214415896
correctionProbability (#ПАВЛОНИЕ$ -> #ПАВЛОНИЯ$) = -23.642890621998014
correctionProbability (#ГИНГКО$ -> #ГИНКГО$) = -85.40637520940956
correctionProbability (#ОДНОКЛПССНИКИ$ -> #ОДНОКЛАССНИКИ$) = -11.260116510749114
correctionProbability (#УТУБА$ -> #ЮТУБА$) = -9.580653032775235
correctionProbability (#НИИД$ -> #НИД$) = -16.42576953000184
correctionProbability (#АМРАГОВ$ -> #АМИРАГОВ$) = -34.365442178760695
correctionProbability (#ПРИПЕР$ -> #ПРИМЕР$) = -10.379884285825188
correctionProbability (#КИТАЙСЬКОГО$ -> #КИТАЙСКОГО$) = -20.66104662934262
correctionProbability (#СКАСКИ$ -> #СКАЗКИ$) = -8.644007321034696
correctionProbability (#ТРАДИЦИОНАЯ$ -> #ТРАДИЦИОННАЯ$) = -23.09735670659841
correctionProbability (#СКАСКЕ$ -> #СКАЗКЕ$) = -11.059288648324074
correctionProbability (#ГАРБУНОК$ -> #ГОРБУНОК$) = -16.61106406663061
correctionProbability (#КНИИ$ -> #КНИГИ$) = -7.539530167695819
correctionProbability (#ПРФИ$ -> #ПРОФИ$) = -13.10118027723406
correctionProbability (#КЕТТЕЛА$ -> #КЕТТЕЛЛА$) = -24.363251260345827
correctionProbability (#BALCANO$ -> #VOLCANO$) = -83.29788676876798
correctionProbability (#ЗЕМЛЯТРЕСЕНИЯ$ -> #ЗЕМЛЕТРЯСЕНИЯ$) = -88.33375038428967
correctionProbability (#ПРОГРАММІ$ -> #ПРОГРАММЫ$) = -12.352476156509482
correctionProbability (#ИНЕТЕРНЕТ$ -> #ИНТЕРНЕТ$) = -8.45088808607695
correctionProbability (#ЛЕЗБЫЯНКИ$ -> #ЛЕСБИЯНКИ$) = -78.79455185340804
correctionProbability (#ЮОТНОМ$ -> #ОДНОМ$) = -78.20118244551443
correctionProbability (#ЗАПУСТИЬ$ -> #ЗАПУСТИТЬ$) = -16.9344689859809
correctionProbability (#ЗАРЕКАНКА$ -> #ЗАПЕКАНКА$) = -14.345748270014973
correctionProbability (#ПРАВЕЛОНО$ -> #ПРАВИЛЬНО$) = -74.31177608121061
correctionProbability (#ВАЛЯНКИ$ -> #ВАЛЕНКИ$) = -15.501006411595654
correctionProbability (#ОУЧШЕ$ -> #ЛУЧШЕ$) = -7.3862456217216135
correctionProbability (#САСТО$ -> #ЧАСТО$) = -11.229840723162543
correctionProbability (#ПРИМКРЫ$ -> #ПРИМЕРЫ$) = -10.149234437301182
correctionProbability (#САМАЛЕТИК$ -> #САМОЛЕТИК$) = -18.666422531045647
correctionProbability (#АУТЛЕНДР$ -> #АУТЛЕНДЕР$) = -16.795669921807665
correctionProbability (#EATH$ -> #EARTH$) = -14.16120073658831
correctionProbability (#СКЛЕЙТЬ$ -> #СКЛЕИТЬ$) = -16.547967567364182
correctionProbability (#ГРЕНЫ$ -> #ГРЕННИ$) = -76.13942560970895
correctionProbability (#МОЛЧАНИН$ -> #МОЛЧАЛИН$) = -21.503839148939882
correctionProbability (#НОЯБЕ$ -> #НОЯБРЕ$) = -10.393514219343334
correctionProbability (#РАЧ$ -> #ВРАЧ$) = -9.231053415735591
correctionProbability (#XCIDEOS$ -> #XVIDEOS$) = -11.511209582226051
correctionProbability (#ЛЕОУА$ -> #ЛЕРУА$) = -8.212850612092087
correctionProbability (#ПВИАБИЛЕТЫ$ -> #АВИАБИЛЕТЫ$) = -10.5598371788423
correctionProbability (#СОКРОВИШЕ$ -> #СОКРОВИЩЕ$) = -17.52876532731002
correctionProbability (#ВНУТРЕННИЮ$ -> #ВНУТРЕННЮЮ$) = -21.253860089116053
correctionProbability (#СВИМИ$ -> #СВОИМИ$) = -5.996293544380531
correctionProbability (#БИНОВО$ -> #БИНОМО$) = -17.777464637139257
correctionProbability (#СТЕЕМ$ -> #СТИМ$) = -75.77904931610443
correctionProbability (#NATURELS$ -> #NATURALS$) = -22.652185062568712
correctionProbability (#СЫОНЧКИ$ -> #СЫНОЧКИ$) = -82.24136471599962
correctionProbability (#ГЛОХНИТ$ -> #ГЛОХНЕТ$) = -16.098632256328983
correctionProbability (#РАЗВЛЕЧСЯ$ -> #РАЗВЛЕЧЬСЯ$) = -25.04608331566866
correctionProbability (#КВАРТИУ$ -> #КВАРТИРУ$) = -9.324834103783772
correctionProbability (#ПРИПЕРЫ$ -> #ПРИМЕРЫ$) = -10.125054320994401
correctionProbability (#РЕШЕНИН$ -> #РЕШЕНИЕ$) = -11.384034234629866
correctionProbability (#МКЗЫКУ$ -> #МУЗЫКУ$) = -6.899442574679885
correctionProbability (#СНИТЬЯ$ -> #СНИТСЯ$) = -10.517084803531663
correctionProbability (#COURSSE$ -> #COURSE$) = -19.98605384520727
correctionProbability (#ВИЛБЕРРИС$ -> #ВИЛДБЕРРИС$) = -19.738516163210875
correctionProbability (#ЛИТЕРАТУРП$ -> #ЛИТЕРАТУРА$) = -15.261213770555244
correctionProbability (#ОХОТИ$ -> #ОХОТЫ$) = -11.687688553462248
correctionProbability (#GOLDHDTUB$ -> #GOLDHDTUBE$) = -36.65752095277906
correctionProbability (#ТРОНСЛЯЦИИ$ -> #ТРАНСЛЯЦИИ$) = -15.475349680188963
correctionProbability (#АОЛОС$ -> #ВОЛОС$) = -7.261848785054827
correctionProbability (#ПОДАРЕНЫЕ$ -> #ПОДАРЕННЫЕ$) = -26.56622129636296
correctionProbability (#СОПОГАХ$ -> #САПОГАХ$) = -14.554173485880206
correctionProbability (#ПЛЕКСАНДР$ -> #АЛЕКСАНДР$) = -10.231637501568557
correctionProbability (#ЩАРАРАМ$ -> #ШАРАРАМ$) = -14.10503832621005
correctionProbability (#КОВНЕКТОРЫ$ -> #КОНВЕКТОРЫ$) = -84.27480119753804
correctionProbability (#СВЕТЕР$ -> #СВИТЕР$) = -11.649280981916622
correctionProbability (#МIЙ$ -> #МІЙ$) = -14.543868325950935
correctionProbability (#BRAUL$ -> #BRAWL$) = -10.528875155349464
correctionProbability (#EASU$ -> #EASY$) = -12.263310821873734
correctionProbability (#СТОИКИ$ -> #СТОЙКИ$) = -13.098507970652737
correctionProbability (#НОЯБР$ -> #НОЯБРЬ$) = -10.022261972627216
correctionProbability (#SHAMSYAN$ -> #SHAMSHYAN$) = -20.471551278482686
correctionProbability (#ROZHDENIJA$ -> #ROZDENIJA$) = -24.912609824214762
correctionProbability (#ГУДИЧИ$ -> #ГУДИНИ$) = -20.051337849955143
correctionProbability (#ПЕТРОПАВЛОСКЕ$ -> #ПЕТРОПАВЛОВСКЕ$) = -21.006739853703955
correctionProbability (#КВАДРАКОПТЕР$ -> #КВАДРОКОПТЕР$) = -20.936332551800447
correctionProbability (#ГРЕНД$ -> #ГРАНД$) = -9.847243935888745
correctionProbability (#ГЕМБЛ$ -> #ГЭМБЛ$) = -21.29974277836305
correctionProbability (#ДЖЕСИ$ -> #ДЖЕССИ$) = -16.168502573413438
correctionProbability (#АВИТРО$ -> #АВИТО$) = -5.338546488099237
correctionProbability (#DOCNKISINOCHKI$ -> #DOCHKISINOCHKI$) = -28.959956190327965
correctionProbability (#BERGLAND$ -> #BERGLUND$) = -34.06879575635889
correctionProbability (#СОЗДАЬ$ -> #СОЗДАТЬ$) = -10.716315987726773
correctionProbability (#ATAK$ -> #ATTACK$) = -81.71083397168819
correctionProbability (#ПОДГЛЯДЫВАНИЫ$ -> #ПОДГЛЯДЫВАНИЕ$) = -21.45223756364601
correctionProbability (#ЯН7ДЕКС$ -> #ЯНДЕКС$) = -4.787938750556318
correctionProbability (#CЕРВЕРНЫЙ$ -> #СЕРВЕРНЫЙ$) = -20.79847622390973
correctionProbability (#ПЯЖ$ -> #ПЛЯЖ$) = -11.093294373355402
correctionProbability (#ЕКСПЕРЕМЕНТЫ$ -> #ЭКСПЕРИМЕНТЫ$) = -86.03242575663003
correctionProbability (#ОРИЭЛЬ$ -> #АРИЭЛЬ$) = -14.546971328160662
correctionProbability (#КУХАРИВКИ$ -> #КУХАРИВКЕ$) = -34.76076426654413
correctionProbability (#ДДОЧЬ$ -> #ДОЧЬ$) = -10.929637220702208
correctionProbability (#САСТИ$ -> #ЧАСТИ$) = -8.284194663235805
correctionProbability (#СТОИКА$ -> #СТОЙКА$) = -12.328684262872425
correctionProbability (#FACEBOOCK$ -> #FACEBOOK$) = -11.93864594191907
correctionProbability (#АЖОЛ$ -> #АКЖОЛ$) = -21.488081713175962
correctionProbability (#HOMAN$ -> #HUMAN$) = -13.427850573458823
correctionProbability (#МАТЕО$ -> #МАТТЕО$) = -21.925848153404953
correctionProbability (#ИНСТАЛЯЦИЕЙ$ -> #ИНСТАЛЛЯЦИЕЙ$) = -26.006866653822208
correctionProbability (#DOCHKIWINOCHKI$ -> #DOCHKISINOCHKI$) = -28.966888723740794
correctionProbability (#БЕЗПЛАТНА$ -> #БЕСПЛАТНО$) = -69.43202659176697
correctionProbability (#AZIATSKI$ -> #AZIATSKIE$) = -27.119815410111663
correctionProbability (#ТЕРМЕНАЛ$ -> #ТЕРМИНАЛ$) = -14.476282226790467
correctionProbability (#ПАРАГРАВ$ -> #ПАРАГРАФ$) = -15.409696193483754
correctionProbability (#FLAMEWORK$ -> #FRAMEWORK$) = -17.509970390879545
correctionProbability (#АГАПА$ -> #АНАПА$) = -9.892959238235495
correctionProbability (#ЗАУЧ$ -> #ЗАВУЧ$) = -19.346640545005332
correctionProbability (#AKTIVATOR$ -> #ACTIVATOR$) = -20.458270557876972
correctionProbability (#ОТЛЕЧИТЬ$ -> #ОТЛИЧИТЬ$) = -15.523691748034615
correctionProbability (#ОПIЗДАЛА$ -> #ОПОЗДАЛА$) = -23.215964221490765
correctionProbability (#ОРЛЕТ$ -> #ОРЛЕТТ$) = -22.952197936601365
correctionProbability (#ПАМЧТНИК$ -> #ПАМЯТНИК$) = -12.675852666614006
correctionProbability (#БУДЕД$ -> #БУДЕТ$) = -7.764911909303638
correctionProbability (#ПРОГРАМКУ$ -> #ПРОГРАММУ$) = -13.313741371633412
correctionProbability (#КВАРТИА$ -> #КВАРТИРА$) = -12.465869511906071
correctionProbability (#КАВАБАНДА$ -> #КАВАБАНГА$) = -22.29555219539308
correctionProbability (#FINCASH$ -> #FINECASH$) = -34.64920882288792
correctionProbability (#БУДЕНОГО$ -> #БУДЕННОГО$) = -22.802586650808493
correctionProbability (#РЕПИТОР$ -> #РЕПИТЕР$) = -18.072658639955904
correctionProbability (#РЕИС$ -> #РЕЙС$) = -8.925635095686069
correctionProbability (#ПОЛЬА$ -> #ПОЛЬЗА$) = -10.438807523739374
correctionProbability (#ПАРАЛАКС$ -> #ПАРАЛЛАКС$) = -23.78037747958735
correctionProbability (#УЧРЕЖДЕНИ$ -> #УЧРЕЖДЕНИЯ$) = -17.997352196749738
correctionProbability (#DILIVERY$ -> #DELIVERY$) = -15.907368988609086
correctionProbability (#ЮЫСТРОВ$ -> #БЫСТРОВ$) = -20.831409898665356
correctionProbability (#КЛАСНО$ -> #КЛАССНО$) = -17.201916217675986
correctionProbability (#РЕИМ$ -> #РЕЖИМ$) = -10.037475023764518
correctionProbability (#РАСТАВТЕ$ -> #РАССТАВЬТЕ$) = -87.32032299660061
correctionProbability (#РЕИН$ -> #РЕЙН$) = -15.806685226220214
correctionProbability (#ФЕЭСБУК$ -> #ФЕЙСБУК$) = -7.035396934631493
correctionProbability (#ФИЛЛМЫ$ -> #ФИЛЬМЫ$) = -3.5780932821315723
correctionProbability (#АИПИ$ -> #АЙПИ$) = -12.476842623373063
correctionProbability (#АНИЯР$ -> #ДАНИЯР$) = -18.703399953375847
correctionProbability (#КАВЕНТОН$ -> #КАВИНТОН$) = -17.204345836127168
correctionProbability (#ДЕПРЕСИИ$ -> #ДЕПРЕССИИ$) = -18.499058552451793
correctionProbability (#NEIR$ -> #NIER$) = -86.08264351027337
correctionProbability (#ОТДЫХВ$ -> #ОТДЫХА$) = -9.882360193280117
correctionProbability (#ВОДИТЕЛБ$ -> #ВОДИТЕЛЬ$) = -12.193408474578838
correctionProbability (#МАФИА$ -> #МАФИЯ$) = -12.103028006188257
correctionProbability (#РАЛЬТО$ -> #ПАЛЬТО$) = -9.763489214398366
correctionProbability (#КВАРИТИРУ$ -> #КВАРТИРУ$) = -11.23198001830145
correctionProbability (#МАМАБА$ -> #МАМБА$) = -11.481288216500008
correctionProbability (#КАСАНОГОВА$ -> #КОСОНОГОВА$) = -100.26012829640624
correctionProbability (#ПОМВТЬ$ -> #ПОМЫТЬ$) = -14.759181199342219
correctionProbability (#ГОРОЖ$ -> #ГОРОД$) = -5.066223224441462
correctionProbability (#ЦЕНЗУР$ -> #ЦЕНЗУРЫ$) = -13.091881364459546
correctionProbability (#ТОПИНГ$ -> #ТОППИНГ$) = -22.71438971998826
correctionProbability (#СТАЛКЕО$ -> #СТАЛКЕР$) = -10.164777369046682
correctionProbability (#ШЕКОЛАДКА$ -> #ШОКОЛАДКА$) = -20.013297897564968
correctionProbability (#БИОПРОТЕКТИН$ -> #ТИОПРОТЕКТИН$) = -31.693076267977183
correctionProbability (#РЕИД$ -> #РЕЙД$) = -13.786714238469369
correctionProbability (#ТЕНАТЕН$ -> #ТЕНОТЕН$) = -16.996036388082658
correctionProbability (#BELLAR$ -> #BELLA$) = -17.736541126931318
correctionProbability (#НАДУВНИЙ$ -> #НАДУВНОЙ$) = -17.823822476245276
correctionProbability (#КАЛАВДЬЮТИ$ -> #КАЛАВДЮТИ$) = -21.87542581186051
correctionProbability (#ПРОДАВШИЦЫ$ -> #ПРОДАВЩИЦЫ$) = -24.718625847194843
correctionProbability (#ROMGURU$ -> #ROOMGURU$) = -22.27639879881957
correctionProbability (#ГЕБЕЛЬС$ -> #ГЕББЕЛЬС$) = -23.20551359171189
correctionProbability (#СДОВНИК$ -> #САДОВНИК$) = -19.9236954181619
correctionProbability (#ЕКСТРІМ$ -> #ЭКСТРИМ$) = -79.50794738422483
correctionProbability (#АЛИЕКСПРЕСС$ -> #АЛИЭКСПРЕСС$) = -11.337556153511827
correctionProbability (#ВАЛДБЕРИЗ$ -> #ВАЙЛДБЕРРИЗ$) = -79.72176866042766
correctionProbability (#РПЗМНОЖЕНИЕ$ -> #РАЗМНОЖЕНИЕ$) = -17.517594731671622
correctionProbability (#ТЕМТО$ -> #ТЕСТО$) = -9.412552071252126
correctionProbability (#ГОРОБ$ -> #ГОРОД$) = -5.069118210902811
correctionProbability (#TUSHI$ -> #TUSHY$) = -19.064754754860775
correctionProbability (#ГОРОА$ -> #ГОРОДА$) = -8.115597369984908
correctionProbability (#SHANHAI$ -> #SHANGHAI$) = -20.07367418602609
correctionProbability (#НАЙТТ$ -> #НАЙТИ$) = -6.931481657636741
correctionProbability (#КУПЦИ$ -> #КУПЦЫ$) = -18.843279835363962
correctionProbability (#ТЕРОРИЗМА$ -> #ТЕРРОРИЗМА$) = -21.16924089167862
correctionProbability (#КАЛЕНИНГРАДЕ$ -> #КАЛИНИНГРАДЕ$) = -16.027568572299778
correctionProbability (#РОБИТ$ -> #РОБІТ$) = -16.15294413189569
correctionProbability (#КАТОШКА$ -> #КАРТОШКА$) = -14.599372721672303
correctionProbability (#ДЕСЕТЬ$ -> #ДЕСЯТЬ$) = -14.175186957065701
correctionProbability (#ТОЙТОА$ -> #ТОЙОТА$) = -76.73516539803275
correctionProbability (#КОСТАНА$ -> #КОСТАНАЙ$) = -13.350190897604882
correctionProbability (#ККАКОЕ$ -> #КАКОЕ$) = -11.006285626026479
correctionProbability (#СОБАКО$ -> #СОБАКА$) = -9.699236567615177
correctionProbability (#КОЛОВА$ -> #КОЗЛОВА$) = -17.58113203331073
correctionProbability (#ЛАПЕЕНРАНТЕ$ -> #ЛАППЕЕНРАНТЕ$) = -26.429989113501158
correctionProbability (#ДАЛЬЯНЕ$ -> #ДАЛЯНЕ$) = -25.036435432565483
correctionProbability (#РАЬОАТЕТ$ -> #РАБОТАЕТ$) = -143.80991249431202
correctionProbability (#КОПЕРАТИВ$ -> #КООПЕРАТИВ$) = -20.243815680992135
correctionProbability (#ХИХХ$ -> #ХХХ$) = -9.64218096541629
correctionProbability (#ПЕРВОКЛАСНИКИ$ -> #ПЕРВОКЛАССНИКИ$) = -24.72130021974303
correctionProbability (#WIGLE$ -> #WIGGLE$) = -21.74578361583796
correctionProbability (#РАСМОТРИТЕ$ -> #РАССМОТРИТЕ$) = -22.092886406234513
correctionProbability (#НАСРЕДИН$ -> #НАСРЕДДИН$) = -24.517728977020077
correctionProbability (#СКАЧЬАТ$ -> #СКАЧАТЬ$) = -70.24402877703633
correctionProbability (#XXXNC$ -> #XXXNX$) = -20.504804710974664
correctionProbability (#МАГНОЛІЯ$ -> #МАГНОЛИЯ$) = -18.218041380901283
correctionProbability (#ГАЛЬЯНОВО$ -> #ГОЛЬЯНОВО$) = -20.288581955612898
correctionProbability (#ЛГИКУ$ -> #ЛОГИКУ$) = -15.124657697081137
correctionProbability (#ДЕВУГКУ$ -> #ДЕВУШКУ$) = -11.75005695093001
correctionProbability (#ПРИЗВИЩЕ$ -> #ПРІЗВИЩЕ$) = -22.897481569688516
correctionProbability (#ВЗРАСТЕ$ -> #ВОЗРАСТЕ$) = -14.63394288221162
correctionProbability (#ACSESS$ -> #ACCESS$) = -14.848497193893937
correctionProbability (#ЦИФРАКСОН$ -> #ЦЕФТРИАКСОН$) = -150.44675487071456
correctionProbability (#CUCCOLD$ -> #CUCKOLD$) = -17.24541212451784
correctionProbability (#ТЕЛЕВИЗАРА$ -> #ТЕЛЕВИЗОРА$) = -15.467254290964831
correctionProbability (#БАНКОМА$ -> #БАНКОМАТ$) = -17.317400027528585
correctionProbability (#ВКОНТАЕТ$ -> #ВКОНТАКТЕ$) = -71.8654983493181
correctionProbability (#ПАРОПРАКТИТ$ -> #ПАРАПРОКТИТ$) = -88.85478265447531
correctionProbability (#КОЭФФИЦЕНТОВ$ -> #КОЭФФИЦИЕНТОВ$) = -24.976114451514135
correctionProbability (#ЭЛИКТРИЧЕК$ -> #ЭЛЕКТРИЧЕК$) = -13.349819119829824
correctionProbability (#SPECES$ -> #SPACES$) = -12.635333496800659
correctionProbability (#БРАСОК$ -> #БРОСОК$) = -14.710815217467424
correctionProbability (#ПРИВАТНЫ$ -> #ПРИВАТНЫЙ$) = -16.960036897008372
correctionProbability (#ПРИВРАТИЛСЯ$ -> #ПРЕВРАТИЛСЯ$) = -24.291132576172004
correctionProbability (#КНИГП$ -> #КНИГА$) = -7.32413955795818
correctionProbability (#ВІАСАТ$ -> #ВИАСАТ$) = -18.40781034426691
correctionProbability (#ИНДЕТИФИКАЦИЯ$ -> #ИДЕНТИФИКАЦИЯ$) = -90.49004909252547
correctionProbability (#СЕМИЛИЯ$ -> #СИМИЛИЯ$) = -25.972859314111012
correctionProbability (#ПЛЕЕЕР$ -> #ПЛЕЕР$) = -13.411405608088632
correctionProbability (#НАТАЛБЯ$ -> #НАТАЛЬЯ$) = -9.568575314499824
correctionProbability (#ВСТВИТЬ$ -> #ВСТАВИТЬ$) = -14.682647260385217
correctionProbability (#ТЕРОРИЗМУ$ -> #ТЕРРОРИЗМУ$) = -22.51932557224714
correctionProbability (#РАСТЯГИВПЕТЬСЯ$ -> #РАСТЯГИВАЕТСЯ$) = -95.0046338000067
correctionProbability (#ГГОД$ -> #ГОД$) = -6.264311770425639
correctionProbability (#ЖИЗЬНИ$ -> #ЖИЗНИ$) = -9.440510547636212
correctionProbability (#ДЕВУГКИ$ -> #ДЕВУШКИ$) = -7.757557501668366
correctionProbability (#СОСОТАВ$ -> #СОСТАВ$) = -11.841317935311725
correctionProbability (#КЛЕНИКА$ -> #КЛИНИКА$) = -9.593287964474868
correctionProbability (#МИКСИКИ$ -> #ФИКСИКИ$) = -9.86802767243936
correctionProbability (#ЖЕНЗИНЫ$ -> #ЖЕНЩИНЫ$) = -8.305956255505201
correctionProbability (#ЗАПРЕТНИЙ$ -> #ЗАПРЕТНЫЙ$) = -15.93454003560904
correctionProbability (#ЛАДИЧИН$ -> #ЛАДИЖИН$) = -23.366905264479293
correctionProbability (#MAIZU$ -> #MEIZU$) = -12.762111319134807
correctionProbability (#ОНАЛИН$ -> #ОНЛАЙН$) = -133.17569725007633
correctionProbability (#ЖИХОРКА$ -> #ЖИХАРКА$) = -14.545702530500478
correctionProbability (#ЗЕЛЕНСКИ$ -> #ЗЕЛЕНСКИЙ$) = -16.43492569476401
correctionProbability (#ПРЕНИМАТЬ$ -> #ПРИНИМАТЬ$) = -13.264626994975309
correctionProbability (#ОНАЛИЗ$ -> #АНАЛИЗ$) = -4.538807067780521
correctionProbability (#ГРОЗНИЙ$ -> #ГРОЗНЫЙ$) = -14.106818461056505
correctionProbability (#GOOGLKE$ -> #GOOGLE$) = -8.362757413241308
correctionProbability (#РАРОЛЬ$ -> #ПАРОЛЬ$) = -10.618168677385189
correctionProbability (#ММАИЛ$ -> #МАЙЛ$) = -70.89002426466386
correctionProbability (#ХХАНТЕР$ -> #ХАНТЕР$) = -14.764528854223006
correctionProbability (#ЕФРОСИНИЯ$ -> #ЕФРОСИНЬЯ$) = -19.58817330523246
correctionProbability (#КОЛПАШЕГО$ -> #КОЛПАШЕВО$) = -19.866506662884575
correctionProbability (#СКОРПІОНС$ -> #СКОРПИОНС$) = -17.724272837447593
correctionProbability (#РАРОМА$ -> #ПАРОМА$) = -19.174945165738098
correctionProbability (#ПРВУЮ$ -> #ПЕРВУЮ$) = -14.510552067816793
correctionProbability (#ОПАКАЛИПСИС$ -> #АПОКАЛИПСИС$) = -80.58830026857908
correctionProbability (#ROCSTAR$ -> #ROCKSTAR$) = -18.60167738966812
correctionProbability (#ПАТАЛОГИЧЕСКАЯ$ -> #ПАТОЛОГИЧЕСКАЯ$) = -27.90056279776229
correctionProbability (#ЛУНВ$ -> #ЛУНА$) = -9.121440351470074
correctionProbability (#НАИАЛЬЯ$ -> #НАТАЛЬЯ$) = -9.598022539614746
correctionProbability (#КАДРОВИЙ$ -> #КАДРОВЫЙ$) = -17.270252833378976
correctionProbability (#ВЛАГАЛЕЩНЫЙ$ -> #ВЛАГАЛИЩНЫЙ$) = -29.166352852104552
correctionProbability (#МЕЯЦ$ -> #МЕСЯЦ$) = -9.340994420037394
correctionProbability (#ГОСУСЛУШИ$ -> #ГОСУСЛУГИ$) = -9.164441558847336
correctionProbability (#ПРОГАМА$ -> #ПРОГРАММА$) = -74.51614395745996
correctionProbability (#НАПРВЛЕНИЮ$ -> #НАПРАВЛЕНИЮ$) = -21.075672652986754
correctionProbability (#МОСКОВС$ -> #МОСКОВСКОЙ$) = -143.70009628537596
correctionProbability (#КНИГІ$ -> #КНИГИ$) = -6.960346770783747
correctionProbability (#ПРИОБАНК$ -> #ПРИОРБАНК$) = -18.09927629360496
correctionProbability (#АТОБУСА$ -> #АВТОБУСА$) = -12.705008488345186
correctionProbability (#ЛАБОРАТОИЯ$ -> #ЛАБОРАТОРИЯ$) = -17.921956108705643
correctionProbability (#КОРОЛЬЬ$ -> #КОРОЛЬ$) = -10.383343156587944
correctionProbability (#РАСХОЖЕНИЕ$ -> #РАСХОЖДЕНИЕ$) = -24.354913226760573
correctionProbability (#МАЗЕКЕА$ -> #МАЗЕКЕЯ$) = -18.821270922927674
correctionProbability (#АНДРИЯНОВ$ -> #АНДРИАНОВ$) = -23.340478617980622
correctionProbability (#КОМАНЛА$ -> #КОМАНДА$) = -12.029512379811209
correctionProbability (#COSMETIKA$ -> #KOSMETIKA$) = -23.915646935470846
correctionProbability (#ЖЕШИНИ$ -> #ЖЕНЩИНЫ$) = -138.40805321762548
correctionProbability (#ТРАМВЫ$ -> #ТРАВМЫ$) = -83.70245230719318
correctionProbability (#РОСПОРЯДОК$ -> #РАСПОРЯДОК$) = -19.556413879549233
correctionProbability (#ЕСПОРТ$ -> #СПОРТ$) = -9.368263424295154
correctionProbability (#БЮЛИ$ -> #БЫЛИ$) = -10.117853274468306
correctionProbability (#ЖИЗЬНЬ$ -> #ЖИЗНЬ$) = -8.686157223856032
correctionProbability (#СЕАЕРНЫЙ$ -> #СЕВЕРНЫЙ$) = -13.64149652735729
correctionProbability (#ОБЩЕСТВЕНЫХ$ -> #ОБЩЕСТВЕННЫХ$) = -21.3108462269088
correctionProbability (#КВАРТИТРЫ$ -> #КВАРТИРЫ$) = -11.57641417659837
correctionProbability (#РАССТОНОВКА$ -> #РАССТАНОВКА$) = -16.67181523042977
correctionProbability (#ПРИГРЫВАТЕЛЯ$ -> #ПРОИГРЫВАТЕЛЯ$) = -26.18762946703513
correctionProbability (#ТАЬЛИМУ$ -> #ТАЪЛИМУ$) = -26.75869606932816
correctionProbability (#FILML$ -> #FILMI$) = -11.291034150091033
correctionProbability (#ТРЕЦКИЙ$ -> #ТУРЕЦКИЙ$) = -10.318040269011178
correctionProbability (#ТАТЯНА$ -> #ТАТЬЯНА$) = -10.34342551133713
correctionProbability (#КОШАЧЕГО$ -> #КОШАЧЬЕГО$) = -20.63082443129546
correctionProbability (#ПЕЛОСОС$ -> #ПЫЛЕСОС$) = -76.32230945586225
correctionProbability (#ВЗЛОМОНОЮ$ -> #ВЗЛОМАННУЮ$) = -146.35114842872596
correctionProbability (#БЕСПЛАТЬНО$ -> #БЕСПЛАТНО$) = -7.18070315856972
correctionProbability (#ЯРОСЛА$ -> #ЯРОСЛАВ$) = -13.682322040846515
correctionProbability (#СОБАЛЬ$ -> #СОБОЛЬ$) = -13.715788540478325
correctionProbability (#ЧЕРНБЫЛЬ$ -> #ЧЕРНОБЫЛЬ$) = -12.659465706048046
correctionProbability (#МАИКРАВТ$ -> #МАЙНКРАФТ$) = -137.9459535700021
correctionProbability (#ЮНИВЕР$ -> #ЮНИВЕРС$) = -19.5224396266685
correctionProbability (#КАРЕКАТУРЫ$ -> #КАРИКАТУРЫ$) = -18.26923710265347
correctionProbability (#ВИБИРАТЬ$ -> #ВЫБИРАТЬ$) = -19.20721597300345
correctionProbability (#ХИТЬ$ -> #ЖИТЬ$) = -9.046697693339862
correctionProbability (#ФИНАНСОВЛЛЕ$ -> #ФИНАНСОВОЕ$) = -88.30247303811922
correctionProbability (#ГЕОРАФИЯ$ -> #ГЕОГРАФИЯ$) = -14.814867992243215
correctionProbability (#ОТДВХ$ -> #ОТДЫХ$) = -7.2448241290284905
correctionProbability (#ПЛОТИТЬ$ -> #ПЛАТИТЬ$) = -13.428028483658785
correctionProbability (#ПАРТРЕТЫ$ -> #ПОРТРЕТЫ$) = -15.091256333862482
correctionProbability (#СОВРАШЕНИЕ$ -> #СОВРАЩЕНИЕ$) = -22.244776777675398
correctionProbability (#РАЗДНИЦА$ -> #РАЗНИЦА$) = -14.88307200582419
correctionProbability (#ОРФОГРАМКА$ -> #ОРФОГРАММКА$) = -29.472928317682758
correctionProbability (#КРЕМЕННОЕ$ -> #КРЕМЕННАЯ$) = -87.65738864745471
correctionProbability (#АЛМААТИНСКАЯ$ -> #АЛМАТИНСКАЯ$) = -24.7558021874773
correctionProbability (#ОБЩЕСТВЕНЫЙ$ -> #ОБЩЕСТВЕННЫЙ$) = -21.680365405645958
correctionProbability (#АЗВУЧКА$ -> #ОЗВУЧКА$) = -11.083379507562
correctionProbability (#ДИСКАТЕКА$ -> #ДИСКОТЕКА$) = -13.442982297541079
correctionProbability (#РИГОТОВИТЬ$ -> #ПРИГОТОВИТЬ$) = -12.972605725653438
correctionProbability (#CANNON$ -> #CANON$) = -12.813569457506635
correctionProbability (#БРИНАДА$ -> #БРИГАДА$) = -12.758443276879703
correctionProbability (#ИСТОРИЙИ$ -> #ИСТОРИИ$) = -11.625240973919375
correctionProbability (#ТЛАУНЧР$ -> #ТЛАУНЧЕР$) = -16.654787710353
correctionProbability (#НАЩЕКИН$ -> #НАЩОКИН$) = -25.436490747586944
correctionProbability (#ЖЕШИНЫ$ -> #ЖЕНЩИНЫ$) = -73.69852238975226
correctionProbability (#СБНРБАНК$ -> #СБЕРБАНК$) = -6.034319888038993
correctionProbability (#ИШРУ$ -> #ИГРУ$) = -6.645953561758045
correctionProbability (#СИТИЙ$ -> #СИТИ$) = -10.125890653550034
correctionProbability (#НОВОВНРОНЕЖЕ$ -> #НОВОВОРОНЕЖЕ$) = -25.541764714269306
correctionProbability (#VAKANTSIYA$ -> #VAKANSIYA$) = -18.943053973309453
correctionProbability (#НОТОРИАЛЬНАЯ$ -> #НОТАРИАЛЬНАЯ$) = -21.20890361235906
correctionProbability (#КАШАН$ -> #ҚАШАН$) = -19.94179085586862
correctionProbability (#КИТАНОВ$ -> #КЕТАНОВ$) = -18.063868415357774
correctionProbability (#ДУХОВК$ -> #ДУХОВКЕ$) = -10.105776239728016
correctionProbability (#ДЕЙСТВЕТ$ -> #ДЕЙСТВУЕТ$) = -17.514916545347866
correctionProbability (#МЕГОДНЯ$ -> #СЕГОДНЯ$) = -6.012835542669862
correctionProbability (#КПРТА$ -> #КАРТА$) = -4.110776226389248
correctionProbability (#FILLM$ -> #FILM$) = -11.350772313909442
correctionProbability (#НАЛИЯИИ$ -> #НАЛИЧИИ$) = -14.43354861053011
correctionProbability (#ОКОНЧАЕИЯ$ -> #ОКОНЧАНИЯ$) = -17.53502076724245
correctionProbability (#ДИМИКСИД$ -> #ДИМЕКСИД$) = -17.64967201278906
correctionProbability (#ВЕЛИЖЕВА$ -> #ВЕЛЕЖЕВА$) = -14.672249492551352
correctionProbability (#ЭДБЛОК$ -> #АДБЛОК$) = -16.925848005647406
correctionProbability (#ИСТОРИИЯ$ -> #ИСТОРИЯ$) = -10.582257161662383
correctionProbability (#КАТРТА$ -> #КАРТА$) = -6.572305595254999
correctionProbability (#ВРАЗЫ$ -> #ФРАЗЫ$) = -10.907926352948419
correctionProbability (#КОМПРЕСИЯ$ -> #КОМПРЕССИЯ$) = -22.19914523264722
correctionProbability (#БІОТУС$ -> #БОНУС$) = -77.48220165428279
correctionProbability (#ПРОГШРАММА$ -> #ПРОГРАММА$) = -11.146419140988172
correctionProbability (#УЗБЕКИСТН$ -> #УЗБЕКИСТОН$) = -19.720483407954937
correctionProbability (#КАЗАХАСТАН$ -> #КАЗАХСТАН$) = -13.641212620540827
correctionProbability (#КЫРЗСТАН$ -> #КЫРГЫЗСТАН$) = -82.76188728440232
correctionProbability (#ОХОТНИЧБИХ$ -> #ОХОТНИЧЬИХ$) = -20.9422725653339
correctionProbability (#СПРАВРЧНАЯ$ -> #СПРАВОЧНАЯ$) = -15.710246117185989
correctionProbability (#БИЛИАЛ$ -> #БИЛИМАЛ$) = -13.586164003159112
correctionProbability (#ФАРМАТ$ -> #ФОРМАТ$) = -11.198817285303218
correctionProbability (#СТУДЕНЧЕССКОЙ$ -> #СТУДЕНЧЕСКОЙ$) = -26.773253126332655
correctionProbability (#СИГНАКИ$ -> #СИГНАХИ$) = -24.92677049267435
correctionProbability (#СИТИТ$ -> #СИТИ$) = -10.089845303680345
correctionProbability (#ФЕНТАЗИ$ -> #ФЭНТЕЗИ$) = -77.13268969953403
correctionProbability (#ПОГООДЫ$ -> #ПОГОДЫ$) = -11.103705474814486
correctionProbability (#ДОЛЖНЕН$ -> #ДОЛЖЕН$) = -13.163831510497214
correctionProbability (#КАТЕГОРИЕВ$ -> #КАТЕГОРИЕЙ$) = -24.632827400932648
correctionProbability (#КПРТЕ$ -> #КАРТЕ$) = -7.0163137876455615
correctionProbability (#КРАСНОРСКА$ -> #КРАСНОЯРСКА$) = -17.728335959202028
correctionProbability (#ТЕРРАРИ$ -> #ТЕРРАРИЯ$) = -16.433059421579422
correctionProbability (#СІМПСНИ$ -> #СІМПСОНИ$) = -22.851270762975055
correctionProbability (#НАЙТЕ$ -> #НАЙТИ$) = -6.881994171973858
correctionProbability (#SVIDEOS$ -> #XVIDEOS$) = -11.50986077494602
correctionProbability (#КАТЕДЖЕ$ -> #КОТТЕДЖЕ$) = -84.20094980625393
correctionProbability (#MEENDOO$ -> #MEENDO$) = -18.2378628395608
correctionProbability (#BETTI$ -> #BETTY$) = -18.17463892740817
correctionProbability (#ДЕЛОНДЖИ$ -> #ДЕЛОНГИ$) = -85.28354055159345
correctionProbability (#ПРОФЕССИОНАЛЬН$ -> #ПРОФЕССИОНАЛЬНО$) = -28.09108214794928
correctionProbability (#АБЛОК$ -> #АДБЛОК$) = -17.45785126651003
correctionProbability (#МАГНИТОГОРС$ -> #МАГНИТОГОРСК$) = -17.117486392402093
correctionProbability (#СМПТОМЫ$ -> #СИМПТОМЫ$) = -11.352502917308634
correctionProbability (#МУЛЬТИВАОКЕ$ -> #МУЛЬТИВАРКЕ$) = -16.351480184795818
correctionProbability (#БИОЛОГИЙ$ -> #БИОЛОГИИ$) = -12.380259309941216
correctionProbability (#КРАСИВВЫЕ$ -> #КРАСИВЫЕ$) = -9.909298485364054
correctionProbability (#АЛЛІЕКСПРЕС$ -> #АЛІЕКСПРЕС$) = -23.21197136971802
correctionProbability (#РОБЛК$ -> #РОБЛОКС$) = -73.21602811114651
correctionProbability (#ДАЙКООБРАЗНЫЙ$ -> #ДОСКООБРАЗНЫЙ$) = -103.4921015411998
correctionProbability (#ЛЕНИСКЕ$ -> #ЛЕНИНСКЕ$) = -20.960524741053042
correctionProbability (#ДОМОШНЕЕ$ -> #ДОМАШНЕЕ$) = -10.52224204116186
correctionProbability (#САМОЗАЩИТ$ -> #САМОЗАЩИТА$) = -25.7138103504573
correctionProbability (#ЗАВОДЧТСЯ$ -> #ЗАВОДЯТСЯ$) = -23.2285298630701
correctionProbability (#КОЛОННЫМИ$ -> #КОЛОННАМИ$) = -22.47484635030593
correctionProbability (#FEYSBOOK$ -> #FACEBOOK$) = -138.87577248564406
correctionProbability (#ПОДГЛЯДИВАЕТ$ -> #ПОДГЛЯДЫВАЕТ$) = -22.106072929676635
correctionProbability (#ТЛАУНЧЕ$ -> #ТЛАУНЧЕР$) = -16.648408400802914
correctionProbability (#ТРАНСМИТЕР$ -> #ТРАНСМИТТЕР$) = -25.86769741682842
correctionProbability (#СЕКСУЛЕНТЫ$ -> #СУККУЛЕНТЫ$) = -85.17335913402115
correctionProbability (#АРТИСОВ$ -> #АРТИСТОВ$) = -18.147802698123996
correctionProbability (#СТРУДОВОЙ$ -> #ТРУДОВОЙ$) = -15.196465660892578
correctionProbability (#УАЙД$ -> #УАЙТ$) = -14.412510014007164
correctionProbability (#ПИСКАРЬ$ -> #ПЕСКАРЬ$) = -21.31605021365506
correctionProbability (#ВЗЛОМННЮ$ -> #ВЗЛОМАННУЮ$) = -82.20476101302121
correctionProbability (#СЫГА$ -> #СЫНА$) = -9.171405938827053
correctionProbability (#АКОБЕ$ -> #АКТОБЕ$) = -10.95144455450183
correctionProbability (#ГСОЛНЦЕВО$ -> #СОЛНЦЕВО$) = -19.64682637678453
correctionProbability (#ТУНЕЕЛЯ$ -> #ТУННЕЛЯ$) = -22.873709587729955
correctionProbability (#BYFL$ -> #BYFLY$) = -16.458318740227565
correctionProbability (#МАРАФОНБЭТ$ -> #МАРАФОНБЕТ$) = -20.50752345770799
correctionProbability (#ВИБЫР$ -> #ВИБІР$) = -18.92805218909169
correctionProbability (#РДФ$ -> #ПДФ$) = -8.603033213356134
correctionProbability (#КЛАСМС$ -> #КЛАСС$) = -4.948764946615302
correctionProbability (#ПРОКТИЧЕСКИЕ$ -> #ПРАКТИЧЕСКИЕ$) = -21.731941895477398
correctionProbability (#ВПУСКАЮТ$ -> #ВЫПУСКАЮТ$) = -21.368634379321676
correctionProbability (#НАЧПЛО$ -> #НАЧАЛО$) = -10.447123220019979
correctionProbability (#HAPPINES$ -> #HAPPINESS$) = -22.822258896167085
correctionProbability (#WEBANKIETA$ -> #WEBANKETA$) = -37.5767362880542
correctionProbability (#РАСЧИТАН$ -> #РАССЧИТАН$) = -22.87391463470398
correctionProbability (#ДЕЯТЕЛЬНОРСТЬ$ -> #ДЕЯТЕЛЬНОСТЬ$) = -20.12176167894389
correctionProbability (#СМАРФТОН$ -> #СМАРТФОН$) = -80.10547650065251
correctionProbability (#ВООСТАНОВЛЕНИЯ$ -> #ВОССТАНОВЛЕНИЯ$) = -21.79605018774599
correctionProbability (#БАРИСТ$ -> #БАРИСТА$) = -17.526525352051443
correctionProbability (#БЕГОРОДА$ -> #БЕЛГОРОДА$) = -18.14429836584739
correctionProbability (#АУЛИОКНИГА$ -> #АУДИОКНИГА$) = -14.84103059118921
correctionProbability (#БЕЛАРУЧИ$ -> #БЕЛАРУСИ$) = -11.444032101924805
correctionProbability (#ПОЛШЕ$ -> #ПОЛЬШЕ$) = -14.224303885613441
correctionProbability (#ВИКИГИ$ -> #ВИКИНГИ$) = -12.249642300275653
correctionProbability (#ХАЙНАНИ$ -> #ХАЙНАНЬ$) = -13.780149048428214
correctionProbability (#СПАГЕС$ -> #СПАКЕС$) = -12.517011859637403
correctionProbability (#САПОРТ$ -> #САППОРТ$) = -22.65290425318014
correctionProbability (#ИНЖИНЕРА$ -> #ИНЖЕНЕРА$) = -15.750603042061783
correctionProbability (#МІНОР$ -> #МИНОР$) = -14.323409211502199
correctionProbability (#МЗОРКОВНОЕ$ -> #МОРКОВНОЕ$) = -26.969688479301745
correctionProbability (#МОСКВОСКИЙ$ -> #МОСКОВСКИЙ$) = -81.74631207188762
correctionProbability (#ПРОВОСЛАВНАЯ$ -> #ПРАВОСЛАВНАЯ$) = -20.64015023657911
correctionProbability (#РОБЛО$ -> #РОБЛОКС$) = -73.20534230297719
correctionProbability (#UOU$ -> #YOU$) = -6.616340536521058
correctionProbability (#НОВОМОСКОВСЬК$ -> #НОВОМОСКОВСК$) = -22.702546396974604
correctionProbability (#ОЕВИК$ -> #БОЕВИК$) = -11.12816147229692
correctionProbability (#НАПМСАТЬ$ -> #НАПИСАТЬ$) = -11.507219322092723
correctionProbability (#ОРУЖМЕ$ -> #ОРУЖИЕ$) = -10.418620474818642
correctionProbability (#СМАСКА$ -> #СМАЗКА$) = -12.763480337438086
correctionProbability (#МАЗОЛИ$ -> #МОЗОЛИ$) = -18.252191111956105
correctionProbability (#САВКИ$ -> #СТАВКИ$) = -11.432801520730568
correctionProbability (#FORTNAIT$ -> #FORTNITE$) = -82.29018035814278
correctionProbability (#БИОЛГИИ$ -> #БИОЛОГИИ$) = -12.940458834250087
correctionProbability (#ХАЗЯЙКУ$ -> #ХОЗЯЙКУ$) = -18.800264796632362
correctionProbability (#РОБЛС$ -> #РОБЛОКС$) = -73.26537580758867
correctionProbability (#ЦЕЛИНДРАХ$ -> #ЦИЛИНДРАХ$) = -23.47062925021074
correctionProbability (#БРАБАНСОНАХ$ -> #БРАБАНСОН$) = -91.08137909469505
correctionProbability (#АРАЛЬНЫЙ$ -> #ОРАЛЬНЫЙ$) = -17.070957537485306
correctionProbability (#АГРОПРОМЫШЛЕНЫЙ$ -> #АГРОПРОМЫШЛЕННЫЙ$) = -29.758927368285974
correctionProbability (#РОСКОШ$ -> #РОСКОШЬ$) = -19.615672070679352
correctionProbability (#ФАКСИМИЛЬЕ$ -> #ФАКСИМИЛЕ$) = -24.87665042947831
correctionProbability (#ОРУЖПЕ$ -> #ОРУЖИЕ$) = -10.42453252624765
correctionProbability (#ПЕРОВОДЧИК$ -> #ПЕРЕВОДЧИК$) = -8.663614835930431
correctionProbability (#МИЛИЛИТР$ -> #МИЛЛИЛИТР$) = -27.277156049902047
correctionProbability (#ДОУЖБУ$ -> #ДРУЖБУ$) = -15.170439731527953
correctionProbability (#ИНТСАЛЛЯЦИИ$ -> #ИНСТАЛЛЯЦИИ$) = -90.15585523931725
correctionProbability (#НАЛОГОЙ$ -> #НАЛОГОВОЙ$) = -79.97784375559081
correctionProbability (#ЦВИТОВ$ -> #ЦВЕТОВ$) = -8.861811824897298
correctionProbability (#КЛАССС$ -> #КЛАСС$) = -4.875859997660964
correctionProbability (#ПЕТАСА$ -> #ПЕНТАСА$) = -21.994931272980267
correctionProbability (#ПРИСЕТ$ -> #ПРЕСЕТ$) = -20.82612866200414
correctionProbability (#ГИСТЕРОФИБРОСКОП$ -> #ГАСТРОФИБРОСКОП$) = -99.61730711877698
correctionProbability (#МОРИНА$ -> #МАРИНА$) = -9.16113972045601
correctionProbability (#АЛЕКСЕНКО$ -> #АЛЕКСЕЕНКО$) = -23.860163664659517
correctionProbability (#АИЛА$ -> #АИДА$) = -11.777252155318681
correctionProbability (#КУНДЫЛИК$ -> #КҮНДЕЛІК$) = -138.8797551844973
correctionProbability (#MELLISA$ -> #MELISSA$) = -86.2000709603703
correctionProbability (#ИНСТЕГРАМ$ -> #ИНСТАГРАМ$) = -8.584807936543143
correctionProbability (#ЕГУРТ$ -> #ЙОГУРТ$) = -80.78909330462923
correctionProbability (#КЛАССТ$ -> #КЛАСС$) = -4.922807540724246
correctionProbability (#РАСТОК$ -> #РОСТОК$) = -16.354014039760177
correctionProbability (#CUMPILATION$ -> #COMPILATION$) = -21.120832302763304
correctionProbability (#ПНИЛОСЬ$ -> #СНИЛОСЬ$) = -17.9601195489699
correctionProbability (#НАНИНА$ -> #НАНКИНА$) = -26.291017500611332
correctionProbability (#КЛАССЭ$ -> #КЛАСС$) = -4.976091101279486
correctionProbability (#НОАОСТРОЙКИ$ -> #НОВОСТРОЙКИ$) = -15.732526866764218
correctionProbability (#ЛУКО$ -> #ЛУКА$) = -10.80874408359971
correctionProbability (#ЕЛЧЕ$ -> #ЭЛЬЧЕ$) = -86.27160503903289
correctionProbability (#СЕМФИРОПОЛЬ$ -> #СИМФЕРОПОЛЬ$) = -77.3651865441964
correctionProbability (#ГАНСТЕРИ$ -> #ГАНГСТЕРЫ$) = -87.45644151374897
correctionProbability (#САМЧУНГ$ -> #САМСУНГ$) = -9.468169605960618
correctionProbability (#НЛВЫЕ$ -> #НОВЫЕ$) = -4.011006331634203
correctionProbability (#ГАЗВАНИЕ$ -> #НАЗВАНИЕ$) = -11.548352647215005
correctionProbability (#ПРОТКОЛ$ -> #ПРОТОКОЛ$) = -14.484371237098031
correctionProbability (#МЕРКАНТЕЛИЗМ$ -> #МЕРКАНТИЛИЗМ$) = -27.223426628056146
correctionProbability (#БЛАБЛАКА$ -> #БЛАБЛАКАР$) = -16.131817168033955
correctionProbability (#КОМШОТОВ$ -> #КАМШОТОВ$) = -20.896801918214955
correctionProbability (#ЭНЦЕЛОПАТИЯ$ -> #ЭНЦЕФАЛОПАТИЯ$) = -89.21910993199195
correctionProbability (#МИТРО$ -> #МЕТРО$) = -6.288993912847676
correctionProbability (#ЛУНТІКА$ -> #ЛУНТІК$) = -23.320538889574962
correctionProbability (#КУПТИ$ -> #КУПИТЬ$) = -66.72867612842545
correctionProbability (#ФЛРУМ$ -> #ФОРУМ$) = -6.425884764606476
correctionProbability (#БУДУЩЕ$ -> #БУДУЩЕЕ$) = -12.550507118437423
correctionProbability (#ПОЛУЧЕНЫЕ$ -> #ПОЛУЧЕННЫЕ$) = -22.110209009390353
correctionProbability (#ЛУКК$ -> #ЛУК$) = -12.219913571915807
correctionProbability (#РЕШЕНТЕ$ -> #РЕШЕНИЕ$) = -11.381494721717118
correctionProbability (#SOOCER$ -> #SOCCER$) = -11.334083436707832
correctionProbability (#ФИЛЛИН$ -> #ФИЛИН$) = -17.928431158663788
correctionProbability (#РЕЧ$ -> #РЕЧЬ$) = -12.305025286265082
correctionProbability (#СКРИННИНГ$ -> #СКРИНИНГ$) = -19.563592310208612
correctionProbability (#МОРОЖЕНЫЙ$ -> #ЗАМОРОЖЕННЫЙ$) = -154.3573438786872
correctionProbability (#СОСКОВСКОЙ$ -> #МОСКОВСКОЙ$) = -12.445530704467501
correctionProbability (#ГДАНИЕ$ -> #ГАДАНИЕ$) = -9.661200677918458
correctionProbability (#МЕРАМИСТИН$ -> #МИРАМИСТИН$) = -19.226490709033435
correctionProbability (#ПЕСНЬЮ$ -> #ПЕСНЮ$) = -8.122761771961322
correctionProbability (#МАЛОЧАЙ$ -> #МОЛОЧАЙ$) = -17.524802987323042
correctionProbability (#САИНГЕРЫ$ -> #СВИНГЕРЫ$) = -13.936449112566805
correctionProbability (#НАСТОЯЩЮЮ$ -> #НАСТОЯЩУЮ$) = -21.2527707813708
correctionProbability (#ФАЕТЫ$ -> #ФАКТЫ$) = -10.42436576628128
correctionProbability (#ПУДРОВІ$ -> #ПУДРОВЫЕ$) = -86.20974668401733
correctionProbability (#ДАСТР$ -> #ДАСТЕР$) = -12.778093653948407
correctionProbability (#ТРИПМАЙДРИП$ -> #ТРИПМАЙДРИМ$) = -25.858247099318497
correctionProbability (#ПРАВОПРИЕМСТВО$ -> #ПРАВОПРЕЕМСТВО$) = -29.97419388096965
correctionProbability (#НИКРОЛОГ$ -> #НЕКРОЛОГ$) = -21.707440345713103
correctionProbability (#МОРОЖЕНЫЕ$ -> #ЗАМОРОЖЕННЫЕ$) = -152.83154879410117
correctionProbability (#РЕГУ$ -> #РЕШУ$) = -7.979627081997041
correctionProbability (#КОВАЛЬОВ$ -> #КОВАЛЕВ$) = -80.39102446460775
correctionProbability (#ЗУЛФИЯ$ -> #ЗУЛЬФИЯ$) = -20.069248197166033
correctionProbability (#БЕЛАГАГРОПРОМАНК$ -> #БЕЛАГРОПРОМБАНК$) = -157.091227117756
correctionProbability (#ПЯНАЯ$ -> #ПЬЯНАЯ$) = -13.155036002564795
correctionProbability (#АИКО$ -> #АЙКО$) = -16.26336245263501
correctionProbability (#КРАДЕННОЕ$ -> #КРАДЕНОЕ$) = -23.018345254161638
correctionProbability (#РОУАН$ -> #РОУЭН$) = -19.930465147235065
correctionProbability (#РЕГО$ -> #РЕНО$) = -7.579821216052583
correctionProbability (#БРАСЛЕ$ -> #БРАСЛЕТ$) = -12.895315064515813
correctionProbability (#БОЛОНА$ -> #БАЛЛОНА$) = -81.6893205163057
correctionProbability (#ФEЙЗБУК$ -> #ФЕЙСБУК$) = -71.83676942321087
correctionProbability (#ДОІХАТИ$ -> #ДОЇХАТИ$) = -21.52186927001525
correctionProbability (#ПОЭКТ$ -> #ПРОЕКТ$) = -73.64820215159251
correctionProbability (#ИНФФЕКЦИОННОЙ$ -> #ИНФЕКЦИОННОЙ$) = -29.053397723714845
correctionProbability (#МАГНИТОГОСК$ -> #МАГНИТОГОРСК$) = -17.111482935803927
correctionProbability (#ПАХНИТ$ -> #ПАХНЕТ$) = -15.186387445273287
correctionProbability (#ДАСТЬ$ -> #ДАТЬ$) = -14.200157308038829
correctionProbability (#ПЕСНЬУ$ -> #ПЕСНЮ$) = -72.92290638654117
correctionProbability (#БОЛЬШТЕ$ -> #БОЛЬШИЕ$) = -9.874460789030408
correctionProbability (#ГОРДСКИХ$ -> #ГОРОДСКИХ$) = -18.45184784905129
correctionProbability (#ПУДРОВЕ$ -> #ПУДРОВЫЕ$) = -21.463615563835916
correctionProbability (#АДЕНОВИТ$ -> #АДЕНОФРИН$) = -153.228940072857
correctionProbability (#КОМЕРЧЕСКИЙ$ -> #КОММЕРЧЕСКИЙ$) = -22.254086890871704
correctionProbability (#MUXTASHAM$ -> #MUHTASHAM$) = -21.515184572802944
correctionProbability (#СТОИОМТИ$ -> #СТОИМОСТИ$) = -80.36032000896363
correctionProbability (#БОЛОНЕ$ -> #БАЛЛОНЕ$) = -85.4956428400027
correctionProbability (#ПОЩДРАВЛЕНИЕ$ -> #ПОЗДРАВЛЕНИЕ$) = -13.657936256225078
correctionProbability (#НЕГРЕТЯНКАМИ$ -> #НЕГРИТЯНКАМИ$) = -23.91715755795297
correctionProbability (#ЖЕНЬЩИНАМИ$ -> #ЖЕНЩИНАМИ$) = -17.70869347488904
correctionProbability (#ОДЕСАОБЛЕНЕРГО$ -> #ОДЕССАОБЛЭНЕРГО$) = -95.23297747582411
correctionProbability (#НАРДНЫЕ$ -> #НАРОДНЫЕ$) = -12.409537901670802
correctionProbability (#КУХОНИЙ$ -> #КУХОННЫЙ$) = -78.85905782820487
correctionProbability (#РЯБИЦЫ$ -> #РАБИЦЫ$) = -18.813275255776173
correctionProbability (#POIEZII$ -> #POEZII$) = -21.540201539533616
correctionProbability (#АЛМУВЕС$ -> #АЛЛМУВИС$) = -99.14405136517402
correctionProbability (#РКМОНТ$ -> #РЕМОНТ$) = -5.074014044836662
correctionProbability (#СМОЕТЬ$ -> #СМОТРЕТЬ$) = -68.27354753675466
correctionProbability (#ЖИРНИЕ$ -> #ЖИРНЫЕ$) = -15.140435937473942
correctionProbability (#КУРАЛДАРЫ$ -> #ҚҰРАЛДАРЫ$) = -85.04081163948783
correctionProbability (#НЕОБЯЗАТЕЛЬНЫМ$ -> #ОБЯЗАТЕЛЬНЫМ$) = -93.91475328742794
correctionProbability (#НИКОЛЙ$ -> #НИКОЛАЙ$) = -11.13324736696589
correctionProbability (#ПАЬГ$ -> #ПАБГ$) = -11.133467936822473
correctionProbability (#БЕЛАРУСЕ$ -> #БЕЛАРУСИ$) = -11.402349185591824
correctionProbability (#СЕРАТОНИН$ -> #СЕРОТОНИН$) = -21.837601990139618
correctionProbability (#КВЕНИЧИ$ -> #КЕНИЧИ$) = -24.020656431003715
correctionProbability (#ОСНОЩЕНИЕ$ -> #ОСНАЩЕНИЕ$) = -19.287794220563207
correctionProbability (#СЕМФИРОПОЛЕ$ -> #СИМФЕРОПОЛЕ$) = -78.49033508975744
correctionProbability (#ДЖЕПЕГ$ -> #ДЖИПЕГ$) = -16.65527828273117
correctionProbability (#ШАХИАТЫ$ -> #ШАХМАТЫ$) = -10.64333923599444
correctionProbability (#КАДРИМНИ$ -> #КАДИРИМДИ$) = -94.10685586280697
correctionProbability (#СИЛЬНИЕ$ -> #СИЛЬНЫЕ$) = -13.87291339135755
correctionProbability (#АКОГО$ -> #КАКОГО$) = -9.506795999849441
correctionProbability (#ПРОКОЧАТЬ$ -> #ПРОКАЧАТЬ$) = -18.719365862844477
correctionProbability (#ДУЙКА$ -> #ДУЙКО$) = -15.31746805732229
correctionProbability (#DISKOCRAFT$ -> #DECOCRAFT$) = -154.06955188410421
correctionProbability (#СКАЛАЛАЗ$ -> #СКАЛОЛАЗ$) = -20.72778020872881
correctionProbability (#ПЕРНЕСТИ$ -> #ПЕРЕНЕСТИ$) = -16.429284744982617
correctionProbability (#БЛАЗЕРС$ -> #БРАЗЕРС$) = -13.039772244831411
correctionProbability (#ТБИЛИССИ$ -> #ТБИЛИСИ$) = -17.140364857422192
correctionProbability (#ГОРЕКАЯ$ -> #ГОРЕЦКАЯ$) = -21.516902929131952
correctionProbability (#ГОРУТ$ -> #ГОРИТ$) = -11.414488502888762
correctionProbability (#КУПАТСЯ$ -> #КУПАТЬСЯ$) = -18.832236697337635
correctionProbability (#ДЕФТЕРІЇ$ -> #ДИФТЕРІЇ$) = -23.376700520882444
correctionProbability (#ОБЪЕСНИТЕ$ -> #ОБЪЯСНИТЕ$) = -17.69203280554745
correctionProbability (#LERMONTOW$ -> #LERMONTOV$) = -27.70381961761339
correctionProbability (#АИКИ$ -> #ВИКИ$) = -7.72129616705212
correctionProbability (#ЖИРНИЙ$ -> #ЖИРНЫЙ$) = -17.00155986265624
correctionProbability (#СТОЙТЕХИНЖИНЕРИНГ$ -> #СТРОЙТЕХИНЖИНИРИНГ$) = -109.22386820718174
correctionProbability (#БЕЛАРУСТ$ -> #БЕЛАРУСИ$) = -11.451303398484093
correctionProbability (#ВЫБЕРАТЬ$ -> #ВЫБИРАТЬ$) = -19.21728878798529
correctionProbability (#СРАКЕС$ -> #СПАКЕС$) = -12.492954560969249
correctionProbability (#ДОЧРИ$ -> #ДОЧЕРИ$) = -11.808693791956077
correctionProbability (#МЛАТШАЯ$ -> #МЛАДШАЯ$) = -14.195102541958526
correctionProbability (#ЭЛИКТРИЧКИ$ -> #ЭЛЕКТРИЧКИ$) = -15.656409631851197
correctionProbability (#WARGAMENG$ -> #WARGAMING$) = -19.643979959343554
correctionProbability (#АРАТИРСКАЯ$ -> #ОРАТОРСКАЯ$) = -93.34428180892832
correctionProbability (#1280Х720$ -> #1280X720$) = -22.66326013801764
correctionProbability (#ANAVERT$ -> #ANAVART$) = -18.201798808559218
correctionProbability (#РАСШИРЕНЯ$ -> #РАСШИРЕНИЯ$) = -19.291021909845647
correctionProbability (#НПЗЫААЕТСЯ$ -> #НАЗЫВАЕТСЯ$) = -78.76709488248937
correctionProbability (#ДЕЙСТВИЧ$ -> #ДЕЙСТВИЯ$) = -12.773523616149973
correctionProbability (#ЮВЕТУС$ -> #ЮВЕНТУС$) = -14.437264738629707
correctionProbability (#FILEM$ -> #FILM$) = -11.353526273713396
correctionProbability (#ХИЛАТ$ -> #ХЕЛАТ$) = -19.473238152736503
correctionProbability (#ПРЕМЬРА$ -> #ПРЕМЬЕРА$) = -15.876311825428054
correctionProbability (#ГАВАННА$ -> #ГАВАНА$) = -19.90906172629546
correctionProbability (#ЭЛИОН$ -> #ЭЛЕОН$) = -13.475680996694553
correctionProbability (#ХИТИ$ -> #ХИТЫ$) = -9.068636000162407
correctionProbability (#СОДКРЖАНИЕ$ -> #СОДЕРЖАНИЕ$) = -13.442865689773946
correctionProbability (#MAIK$ -> #MAIL$) = -6.783117580302928
correctionProbability (#ПОГООДА$ -> #ПОГОДА$) = -3.668439655607468
correctionProbability (#МАРКЕРТ$ -> #МАРКЕТ$) = -12.082433567073512
correctionProbability (#ВАПРОСЫ$ -> #ВОПРОСЫ$) = -11.284060307855768
correctionProbability (#ЧТОБВ$ -> #ЧТОБЫ$) = -7.576242699465059
correctionProbability (#KAMETA$ -> #KAMERA$) = -16.884910828509373
correctionProbability (#РОСКОП$ -> #ГОРОСКОП$) = -75.2012656722879
correctionProbability (#ТИЛФОН$ -> #ТЕЛЕФОН$) = -72.76106181885406
correctionProbability (#ОБЕРСДОРФ$ -> #ОБЕРСТДОРФ$) = -36.320098873522724
correctionProbability (#БУДАПЕНТ$ -> #БУДАПЕШТ$) = -16.38964177645221
correctionProbability (#АНГЛЙИСКИЙ$ -> #АНГЛИЙСКИЙ$) = -79.03206792420022
correctionProbability (#ОЛАСТНОЙ$ -> #ОБЛАСТНОЙ$) = -15.356239492613291
correctionProbability (#ОДНКЛАССНИКИ$ -> #ОДНОКЛАССНИКИ$) = -11.819269297873802
correctionProbability (#БЭТМЭНА$ -> #БЭТМЕНА$) = -16.970954127444678
correctionProbability (#FILED$ -> #FAILED$) = -16.969576472085453
correctionProbability (#РАССКВЗЫ$ -> #РАССКАЗЫ$) = -10.735458265190047
correctionProbability (#ХАЙНИКЕН$ -> #ХАЙНЕКЕН$) = -21.56496562005494
correctionProbability (#ЗАПІКАНКИ$ -> #ЗАПЕКАНКИ$) = -19.175776269872237
correctionProbability (#ВЫСВЕЧИВАЕТЬСЯ$ -> #ВЫСВЕЧИВАЕТСЯ$) = -28.54197524122918
correctionProbability (#МАРСАЛ$ -> #МАРСАЛА$) = -19.619102970122114
correctionProbability (#НОВОГИРЕВО$ -> #НОВОГИРЕЕВО$) = -20.755019872592868
correctionProbability (#ХАМУТ$ -> #ХОМУТ$) = -14.126319141477811
correctionProbability (#БЕЛАРУСБ$ -> #БЕЛАРУСЬ$) = -11.339173252988083
correctionProbability (#ДУЙКИ$ -> #ДОЙКИ$) = -8.490351509688644
correctionProbability (#РАСТОВ$ -> #РОСТОВ$) = -8.214877189247023
correctionProbability (#ШИНОМОЛНТАЖ$ -> #ШИНОМОНТАЖ$) = -17.386346655226767
correctionProbability (#РІВНЯНЯ$ -> #РІВНЯННЯ$) = -20.502412265881148
correctionProbability (#КАКАКЯ$ -> #КАКАЯ$) = -10.200903239703624
correctionProbability (#ПОДВЕРДИТЬ$ -> #ПОДТВЕРДИТЬ$) = -21.95511883273548
correctionProbability (#ТУШОНЫЙ$ -> #ТУШЕНЫЙ$) = -18.501353597427354
correctionProbability (#РИЙ$ -> #ЮРИЙ$) = -8.913225840316361
correctionProbability (#ФОТОГРФИИИ$ -> #ФОТОГРАФИИ$) = -80.3336589501688
correctionProbability (#МУЛЬТИПОЕКС$ -> #МУЛЬТИПЛЕКС$) = -19.33418027475436
correctionProbability (#EMEETING$ -> #MEETING$) = -22.417207798142783
correctionProbability (#КАЛННДАРЬ$ -> #КАЛЕНДАРЬ$) = -9.606502486297039
correctionProbability (#ДОМОШНИЙ$ -> #ДОМАШНИЙ$) = -11.095817165890239
correctionProbability (#АККДЕМИЯ$ -> #АКАДЕМИЯ$) = -11.963534128303472
correctionProbability (#КАКАОМ$ -> #КАКОМ$) = -11.20300694264839
correctionProbability (#ЗВУЕ$ -> #ЗВУК$) = -9.518625838483832
correctionProbability (#ЛОКОНИ$ -> #ЛОКОНЫ$) = -16.13214035411652
correctionProbability (#ЧАЧАПУРИ$ -> #ХАЧАПУРИ$) = -16.18826757311046
correctionProbability (#RODITEI$ -> #RODITELI$) = -26.363389480797757
correctionProbability (#МВГАЗИНЫ$ -> #МАГАЗИНЫ$) = -10.713483479953325
correctionProbability (#ЦЫТРУСЕ$ -> #ЦИТРУСЕ$) = -24.13513242305102
correctionProbability (#ТУШОНЫЕ$ -> #ТУШЕНЫЕ$) = -18.175992656082634
correctionProbability (#РАВИЛА$ -> #ПРАВИЛА$) = -9.919101815565284
correctionProbability (#РЕЖИ$ -> #РЕЖИМ$) = -10.037096226059102
correctionProbability (#АЙКАС$ -> #АЙКОС$) = -12.81683161835473
correctionProbability (#РОБОС$ -> #РОБЛОКС$) = -73.2286923061291
correctionProbability (#БОЛЬШРЙ$ -> #БОЛЬШОЙ$) = -9.384756022213054
correctionProbability (#ЮЬУЮ$ -> #ЮТУБ$) = -64.95001126195446
correctionProbability (#АЗБУК$ -> #АЗБУКА$) = -11.722535273250205
correctionProbability (#ВИДИОМОНИТОРИНГ$ -> #ВИДЕОМОНИТОРИНГ$) = -40.69807105616454
correctionProbability (#ПИЧАТАТЬ$ -> #ПЕЧАТАТЬ$) = -14.94870498142918
correctionProbability (#ВЛАСТИВОСТЫ$ -> #ВЛАСТИВОСТІ$) = -21.998668039150303
correctionProbability (#СИТИЛИК$ -> #СИТИЛИНК$) = -12.656804143369364
correctionProbability (#ТНТН$ -> #ТНТ$) = -8.836678602646131
correctionProbability (#МИЛАНОМА$ -> #МЕЛАНОМА$) = -17.974521298328185
correctionProbability (#СКОРОСТЮ$ -> #СКОРОСТЬЮ$) = -16.674488006681123
correctionProbability (#POVILION$ -> #PAVILION$) = -17.377957221482085
correctionProbability (#УБИСТВА$ -> #УБИЙСТВА$) = -16.03392084916117
correctionProbability (#LISBI$ -> #LESBI$) = -15.174714357887371
correctionProbability (#ТАНКИС$ -> #ТАНКИ$) = -9.643945228449443
correctionProbability (#ИГРЫАГОИВАДА$ -> #ИГРЫАГОНЬИВАДА$) = -99.73730370122463
correctionProbability (#СИТИЛИН$ -> #СИТИЛИНК$) = -12.69669801240319
correctionProbability (#ТЕХНОЛГИЧЕСКАЯ$ -> #ТЕХНОЛОГИЧЕСКАЯ$) = -22.503013474737102
correctionProbability (#ТАНКИТ$ -> #ТАНКИ$) = -9.657861808428262
correctionProbability (#КАТАТСЯ$ -> #КАТАТЬСЯ$) = -17.972407125345768
correctionProbability (#БИФСТРОГАНОВ$ -> #БЕФСТРОГАНОВ$) = -23.072697646765604
correctionProbability (#УАЛДЕР$ -> #УАЙЛДЕР$) = -20.76948003120294
correctionProbability (#ПРОИЗВДЕНИЯ$ -> #ПРОИЗВЕДЕНИЯ$) = -18.44772275924563
correctionProbability (#СКАЧЕВАНИЯ$ -> #СКАЧИВАНИЯ$) = -17.23229452749967
correctionProbability (#ПОИМЕТЫ$ -> #ПРИМЕТЫ$) = -12.683873928038608
correctionProbability (#РЕМОТА$ -> #РЕМОНТА$) = -11.667083681741659
correctionProbability (#ПИЕЛОНИФРИТ$ -> #ПИЕЛОНЕФРИТ$) = -20.96016851428319
correctionProbability (#МАСЛЕНАЯ$ -> #МАСЛЯНАЯ$) = -19.733142503861124
correctionProbability (#НИМЕЕТ$ -> #НЕМЕЕТ$) = -16.16400106360911
correctionProbability (#ВЕЧИСЛАВ$ -> #ВЯЧЕСЛАВ$) = -78.2385659840339
correctionProbability (#ПЕДИКУЛИН$ -> #ПЕДИКУЛЕН$) = -24.526791811621905
correctionProbability (#КАНСУЛЬТАЦИЯ$ -> #КОНСУЛЬТАЦИЯ$) = -16.536438124598938
correctionProbability (#ГОРРД$ -> #ГОРОД$) = -5.110528647051812
correctionProbability (#АВТОМИКТИЧЕСКИЙ$ -> #АВТОМАТИЧЕСКИЙ$) = -88.11785443867379
correctionProbability (#ФЭДДИ$ -> #ФРЕДДИ$) = -76.77096818820824
correctionProbability (#ВИЛЬПРОФЕН$ -> #ВИЛЬПРАФЕН$) = -20.97654230271928
correctionProbability (#ПЕСНЯА$ -> #ПЕСНЯ$) = -6.216099139896652
correctionProbability (#СОВЕТСТКОГО$ -> #СОВЕТСКОГО$) = -18.75694083011178
correctionProbability (#ПЕСНЮЮ$ -> #ПЕСНЮ$) = -8.191148154271868
correctionProbability (#BRSZZERS$ -> #BRAZZERS$) = -14.11138084161692
correctionProbability (#РАССТЯЖКИ$ -> #РАСТЯЖКИ$) = -19.06909953939803
correctionProbability (#СЧИСЛЕНИЙ$ -> #СЧИСЛЕНИЯ$) = -16.510271351325535
correctionProbability (#ORGIN$ -> #ORIGIN$) = -14.299605193044382
correctionProbability (#ХЕНГРИ$ -> #ХАНГРИ$) = -20.22500810403321
correctionProbability (#PUBLIK$ -> #PUBLIC$) = -14.283070860726799
correctionProbability (#REGETON$ -> #REGGAETON$) = -91.80497847949951
correctionProbability (#ДЕТРОИД$ -> #ДЕТРОЙТ$) = -81.66245479005282
correctionProbability (#ЛУДЫР$ -> #ЛУИДОР$) = -84.48260837194503
correctionProbability (#УНАРА$ -> #АНАПА$) = -74.66005499321876
correctionProbability (#РАСКАРАСКИ$ -> #РАСКРАСКИ$) = -11.558428564398916
correctionProbability (#VOLLEYBAL$ -> #VOLLEYBALL$) = -24.519190754865612
correctionProbability (#ВОЙТМ$ -> #ВОЙТИ$) = -8.030269697586043
correctionProbability (#МОНИМЭН$ -> #МАНИМЕН$) = -79.63405753044476
correctionProbability (#ПЕЕРМЬ$ -> #ПЕРМЬ$) = -10.12083294574489
correctionProbability (#ФОРМЕКСИДИН$ -> #ФАРМОКСИДИН$) = -94.7550417370355
correctionProbability (#ТЕЛИФОН$ -> #ТЕЛЕФОН$) = -7.410296417358346
correctionProbability (#СТИВИНА$ -> #СТИВЕНА$) = -14.977768312448077
correctionProbability (#ХЭЛЛУИНА$ -> #ХЭЛЛОУИНА$) = -16.90275354607033
correctionProbability (#СОИМИ$ -> #СВОИМИ$) = -5.996265648721096
correctionProbability (#BENTLI$ -> #BENTLEY$) = -83.45861070208876
correctionProbability (#ХУДИХ$ -> #ХУДЫХ$) = -16.306002984154116
correctionProbability (#АХИЛЕС$ -> #АХИЛЛЕС$) = -22.246006450951782
correctionProbability (#КАКАОЙ$ -> #КАКОЙ$) = -8.0533005433924
correctionProbability (#ХАЛОФАЙБЕР$ -> #ХОЛЛОФАЙБЕР$) = -89.4351985668699
correctionProbability (#ЯПИК$ -> #ЯПИКС$) = -17.209816999416166
correctionProbability (#METODEKASI$ -> #METODIKASI$) = -28.019005576730926
correctionProbability (#БЕГОРОД$ -> #БЕЛГОРОД$) = -12.645853848212958
correctionProbability (#НEФРОЛОГ$ -> #НЕВРОЛОГ$) = -79.83517512526107
correctionProbability (#ВОРОСТВО$ -> #ВОРОВСТВО$) = -22.205815372595957
correctionProbability (#ВКОНТАКЕ$ -> #ВКОНТАКТЕ$) = -7.063630135678842
correctionProbability (#МЕРТЕЦЫ$ -> #МЕРТВЕЦЫ$) = -13.064763155309087
correctionProbability (#НЕДВИЖИМИСТЬ$ -> #НЕДВИЖИМОСТЬ$) = -13.282465710955314
correctionProbability (#ШВЕДЦИИ$ -> #ШВЕЦИИ$) = -17.842521401115295
correctionProbability (#ОТАПЛЕНИЕ$ -> #ОТОПЛЕНИЕ$) = -14.952065980070145
correctionProbability (#СПРАВО$ -> #СПРАВА$) = -14.219820558918503
correctionProbability (#ЩАПРЕТЯТ$ -> #ЗАПРЕТЯТ$) = -21.329676849320087
correctionProbability (#КАЗЕНО$ -> #КАЗИНО$) = -10.293377801028424
correctionProbability (#УТЕРЕН$ -> #УТЕРЯН$) = -19.590746772231636
correctionProbability (#ПРАЗНИЧНЫЕ$ -> #ПРАЗДНИЧНЫЕ$) = -17.175579531162427
correctionProbability (#КАРСЕТЫ$ -> #КОРСЕТЫ$) = -20.443351809111874
correctionProbability (#ПРВОЙ$ -> #ПРАВОЙ$) = -14.03011524071798
correctionProbability (#ОРТАНҒЫ$ -> #ОРТАҢҒЫ$) = -19.83173770234376
correctionProbability (#ПОПЛНИТЬ$ -> #ПОПОЛНИТЬ$) = -16.349846519712706
correctionProbability (#ДІЗАЙН$ -> #ДИЗАЙН$) = -7.547017897810758
correctionProbability (#БЮЗГАЛТЕРА$ -> #БЮСТГАЛЬТЕРА$) = -154.47464808939486
correctionProbability (#КАЛДУН$ -> #КОЛДУН$) = -15.72771095413653
correctionProbability (#ГАНОВЕРЕ$ -> #ГАННОВЕРЕ$) = -25.234478921664724
correctionProbability (#ТОЛЬЧТТИ$ -> #ТОЛЬЯТТИ$) = -11.22864169675428
correctionProbability (#КАРИПЖАНОВА$ -> #КАРИБЖАНОВА$) = -36.65252770598655
correctionProbability (#SESTRY$ -> #SESTRU$) = -20.96607773169588
correctionProbability (#РЕЕД$ -> #РЕД$) = -13.192559919889323
correctionProbability (#ЧИЗЕТ$ -> #ЧЕЗЕТ$) = -18.896875906348374
correctionProbability (#РАЗБРАТЬ$ -> #РАЗОБРАТЬ$) = -15.2199471706218
correctionProbability (#ХРОНОМ$ -> #ХРЕНОМ$) = -17.450919802805632
correctionProbability (#AVTOSPORT$ -> #AUTOSPORT$) = -22.56013128904784
correctionProbability (#КОРПАРАТИВНЫЕ$ -> #КОРПОРАТИВНЫЕ$) = -22.27469606407243
correctionProbability (#МАРШАЛОВЫ$ -> #МАРШАЛЛОВЫ$) = -25.00949598079204
correctionProbability (#СМООЕНСК$ -> #СМОЛЕНСК$) = -12.481026825711865
correctionProbability (#УЛЬЯНОВМК$ -> #УЛЬЯНОВСК$) = -12.188345089187848
correctionProbability (#ПЕСНЮИ$ -> #ПЕСНЮ$) = -8.141805717486644
correctionProbability (#ДЕТРОИТ$ -> #ДЕТРОЙТ$) = -16.891751800653893
correctionProbability (#МИХАЛОВ$ -> #МИХАЙЛОВ$) = -13.505275357295005
correctionProbability (#ОРГАНИКИИ$ -> #ОРГАНИКИ$) = -26.648355732356826
correctionProbability (#BENTLY$ -> #BENTLEY$) = -18.70718111326876
correctionProbability (#ШОСУДАРСТВП$ -> #ГОСУДАРСТВА$) = -81.43738211728976
correctionProbability (#КОМНОТНЫХ$ -> #КОМНАТНЫХ$) = -16.145211058599465
correctionProbability (#РЕДЫ$ -> #СРЕДЫ$) = -12.579960531470906
correctionProbability (#АППАЛОН$ -> #АППОЛОН$) = -20.18147485427574
correctionProbability (#ТЕХНИЧЕСКО$ -> #ТЕХНИЧЕСКОЕ$) = -18.19781525062058
correctionProbability (#ПОДСКПЖИТЕ$ -> #ПОДСКАЖИТЕ$) = -19.164991645271364
correctionProbability (#АТАНЯСАН$ -> #АТАНАСЯН$) = -78.4985020241339
correctionProbability (#ЕКИБАСТУЗ$ -> #ЭКИБАСТУЗ$) = -18.07853840513522
correctionProbability (#ОФЦИАЛЬНЫЙ$ -> #ОФИЦИАЛЬНЫЙ$) = -7.537378619964102
correctionProbability (#ОССИЯ$ -> #РОССИЯ$) = -6.765479445397357
correctionProbability (#КОМПРЕСОР$ -> #КОМПРЕССОР$) = -16.9958173221535
correctionProbability (#ЗАПЧЯСТИ$ -> #ЗАПЧАСТИ$) = -10.118322077159682
correctionProbability (#ЦЕВЕЛИЗАЦИЯ$ -> #ЦИВИЛИЗАЦИЯ$) = -84.70939442490598
correctionProbability (#ФИЛЬЬЫ$ -> #ФИЛЬМЫ$) = -3.5891393305714914
correctionProbability (#ПОЗДРАВЛЕНЯ$ -> #ПОЗДРАВЛЕНИЯ$) = -13.959438945727761
correctionProbability (#ПОДЕРШКУ$ -> #ПОДДЕРЖКУ$) = -84.61043337107266
correctionProbability (#ВОЗНАГРОЖДЕНИЕ$ -> #ВОЗНАГРАЖДЕНИЕ$) = -25.31565315520946
correctionProbability (#КЛАССВ$ -> #КЛАСС$) = -4.954466150016582
correctionProbability (#SANATORYASI$ -> #SANATORIYASI$) = -30.882993993194326
correctionProbability (#ВНУТОРЬ$ -> #ВНУТРЬ$) = -15.862445703391746
correctionProbability (#ЬФЙЛ$ -> #МАЙЛ$) = -68.46935685007301
correctionProbability (#САНИТАРИ$ -> #САНИТАРЫ$) = -21.855885150945547
correctionProbability (#КАРМУХИНА$ -> #КОРМУХИНА$) = -17.65955083570323
correctionProbability (#КАЛЬКУЯТОР$ -> #КАЛЬКУЛЯТОР$) = -12.741032188401
correctionProbability (#ПРОФЕРАНС$ -> #ПРЕФЕРАНС$) = -16.017849505346064
correctionProbability (#ОМАШНЕЕ$ -> #ДОМАШНЕЕ$) = -11.134274959947945
correctionProbability (#ЛЮБИМАЙ$ -> #ЛЮБИМОЙ$) = -13.723666641121198
correctionProbability (#РЕДМ$ -> #РЕДМИ$) = -11.367665435872336
correctionProbability (#УБИСТВО$ -> #УБИЙСТВО$) = -12.972697574363359
correctionProbability (#ОБРЕТАТЬ$ -> #ОБРЕЗАТЬ$) = -13.615101450600406
correctionProbability (#БЕЛЕВА$ -> #БЕЛЯЕВА$) = -17.742570424606065
correctionProbability (#КРАСНОДАРСКИ$ -> #КРАСНОДАРСКИЙ$) = -17.470797902785073
correctionProbability (#ECATERINA$ -> #EKATERINA$) = -20.068222017532584
correctionProbability (#ПОСТРИТЬ$ -> #ПОСТРОИТЬ$) = -14.222020617575048
correctionProbability (#BELORUSII$ -> #BELORUSSII$) = -28.691975144655437
correctionProbability (#WATSAAP$ -> #WHATSAPP$) = -77.66167190477765
correctionProbability (#KOROTKIYE$ -> #KOROTKIE$) = -22.071469691301353
correctionProbability (#СООБЩЕ$ -> #ВООБЩЕ$) = -16.141741636117917
correctionProbability (#ФТЛЬМЫ$ -> #ФИЛЬМЫ$) = -3.608936103749098
correctionProbability (#ТНМЕ$ -> #ТЕМЕ$) = -8.393853729473445
correctionProbability (#РУКОВИЧКИ$ -> #РУКАВИЧКИ$) = -20.915290900884024
correctionProbability (#DEPRE$ -> #DESPRE$) = -15.904520523090813
correctionProbability (#МЕЧМА$ -> #МЕЧТА$) = -12.26903839365077
correctionProbability (#ПКУПИТЬ$ -> #КУПИТЬ$) = -3.928969163422071
correctionProbability (#SILAYM$ -> #SLAYM$) = -24.235256411552612
correctionProbability (#РОУДЗ$ -> #РОУДС$) = -14.110816618614127
correctionProbability (#BOING$ -> #BOEING$) = -17.499822311169655
correctionProbability (#ГГОЛЫХ$ -> #ГОЛЫХ$) = -12.796475625452
correctionProbability (#НОВОЧЕПЕЦК$ -> #НОВОЛИПЕЦК$) = -94.5914577747192
correctionProbability (#UUN$ -> #UCUN$) = -16.343282612130213
correctionProbability (#PIKASO$ -> #PICASSO$) = -85.76804629906064
correctionProbability (#ОБЕСНЕНИЕ$ -> #ОБЪЯСНЕНИЕ$) = -84.6197022913575
correctionProbability (#КПАЙ$ -> #КРАЙ$) = -6.54933598515267
correctionProbability (#БМНК$ -> #БАНК$) = -4.2966783890116425
correctionProbability (#МЕКСИКАООНСКОМУ$ -> #МЕКСИКАНСКОМУ$) = -108.47058113479791
correctionProbability (#БОРОТСЯ$ -> #БОРОТЬСЯ$) = -16.198103650582922
correctionProbability (#ИНТИМНРЙ$ -> #ИНТИМНОЙ$) = -18.83379742138304
correctionProbability (#УЛЬЯНОВСУ$ -> #УЛЬЯНОВСК$) = -12.18959323236222
correctionProbability (#ДУВУШКУ$ -> #ДЕВУШКУ$) = -11.79748631068523
correctionProbability (#ППХОВУЮ$ -> #ПАХОВУЮ$) = -21.980345017041486
correctionProbability (#ЖАНОП$ -> #ЖАНОБ$) = -17.421815130538445
correctionProbability (#ХРОЛОФИЛЛ$ -> #ХЛОРОФИЛЛ$) = -85.72200956010313
correctionProbability (#МОСКВОСКОЙ$ -> #МОСКОВСКОЙ$) = -80.29307009378375
correctionProbability (#ЕЛУБ$ -> #КЛУБ$) = -6.648030037639241
correctionProbability (#ГЕНУА$ -> #ГЕНУЯ$) = -16.22575514354183
correctionProbability (#ХПРЬКОВ$ -> #ХАРЬКОВ$) = -10.638165636226304
correctionProbability (#СТУПНО$ -> #СТУПИНО$) = -15.484418954520407
correctionProbability (#ЛОНДАНА$ -> #ЛОНДОНА$) = -16.22282141415328
correctionProbability (#ЕНРИКИ$ -> #ЭНРИКЕ$) = -79.72126000475774
correctionProbability (#КОНЦЕТ$ -> #КОНЦЕРТ$) = -10.072701979989859
correctionProbability (#АДІЛЕТ$ -> #ӘДІЛЕТ$) = -16.22896651431088
correctionProbability (#СИЛТНО$ -> #СИЛЬНО$) = -12.347968523651627
correctionProbability (#РАНЕЙ$ -> #РАННЕЙ$) = -15.564774330661056
correctionProbability (#СЬЕМНИКА$ -> #СЪЕМНИКА$) = -23.295523074376327
correctionProbability (#РАБОТНМИКОВ$ -> #РАБОТНИКОВ$) = -16.953199295235628
correctionProbability (#ДЕБИТОРС$ -> #ДЕБИТОРСКОЙ$) = -152.91109800241952
correctionProbability (#НЕМЦИ$ -> #НЕМЦЫ$) = -15.032629450729356
correctionProbability (#ЖАЗЫНЫЗ$ -> #ЖАЗЫҢЫЗ$) = -23.696240041665476
correctionProbability (#БОВИК$ -> #БОЕВИК$) = -11.120185833780358
correctionProbability (#GSMAREMA$ -> #GSMARENA$) = -24.721969959211386
correctionProbability (#GIANA$ -> #GIANNA$) = -19.98438380196819
correctionProbability (#АГГЛИЙСКОМ$ -> #АНГЛИЙСКОМ$) = -11.98423727548029
correctionProbability (#ДЕПРЕССИ$ -> #ДЕПРЕССИИ$) = -18.558837282318414
correctionProbability (#ОФОРМЛТЬ$ -> #ОФОРМЛЯТЬ$) = -19.037883119915918
correctionProbability (#ЕНРИКЕ$ -> #ЭНРИКЕ$) = -14.994497778227785
correctionProbability (#МОРОЖЕНОЙ$ -> #ЗАМОРОЖЕННОЙ$) = -153.41290562674226
correctionProbability (#КОАСИВАЯ$ -> #КРАСИВАЯ$) = -10.819160440209998
correctionProbability (#ЛОСКАТЬ$ -> #ЛАСКАТЬ$) = -18.104088776425577
correctionProbability (#ДУВУШКЕ$ -> #ДЕВУШКЕ$) = -12.09239183662497
correctionProbability (#ЗАЛОТОЕ$ -> #ЗОЛОТОЕ$) = -12.740401497943367
correctionProbability (#ДОЛЛОРАХ$ -> #ДОЛЛАРАХ$) = -16.811124441101903
correctionProbability (#МАМАКА$ -> #МАМА$) = -75.77128535406017
correctionProbability (#ДРАЙВКРА$ -> #ДРАЙВЕРА$) = -12.277581334549446
correctionProbability (#ДМИТРОВГРАД$ -> #ДИМИТРОВГРАД$) = -20.6226100847937
correctionProbability (#УЛЬЯНОВСЕ$ -> #УЛЬЯНОВСК$) = -12.18811359514465
correctionProbability (#ЧЯСНОЕ$ -> #ЧАСТНОЕ$) = -76.7459928846302
correctionProbability (#УРНЕТ$ -> #УКРНЕТ$) = -10.417299323188228
correctionProbability (#СПАНІЕЛЬ$ -> #СПАНИЕЛЬ$) = -17.06932601421635
correctionProbability (#РЫБЧЕНКОВ$ -> #РЫБЧЕНКОВА$) = -18.97435454203712
correctionProbability (#ТСКОЕ$ -> #ТАКОЕ$) = -5.199764384136419
correctionProbability (#АСПИРАНТУР$ -> #АСПИРАНТУРА$) = -22.119352305546776
correctionProbability (#СЬОГОДНЫ$ -> #СЬОГОДНІ$) = -17.225689872953772
correctionProbability (#ГАМАИЛ$ -> #ГМАИЛ$) = -15.234737908440874
correctionProbability (#СВЯЗЕОЙ$ -> #СВЯЗНОЙ$) = -13.08316321531187
correctionProbability (#ХАРЬКОВМКАЯ$ -> #ХАРЬКОВСКАЯ$) = -21.305525716985372
correctionProbability (#МЕТОСТАЗЫ$ -> #МЕТАСТАЗЫ$) = -19.983447217254437
correctionProbability (#ДУВУШКИ$ -> #ДЕВУШКИ$) = -7.804986861423586
correctionProbability (#ПИРИВОТ$ -> #ПЕРЕВОД$) = -137.78414209871258
correctionProbability (#РАДНОГО$ -> #РОДНОГО$) = -16.402564529740957
correctionProbability (#РИФЕРАТ$ -> #РЕФЕРАТ$) = -10.66754151992869
correctionProbability (#ЮЬТУ$ -> #ЮТУБ$) = -68.01929907822091
correctionProbability (#МУЬТФИЛЬМЫ$ -> #МУЛЬТФИЛЬМЫ$) = -11.897761040778164
correctionProbability (#СКЕЛЕТОНС$ -> #СКЕЛЕТОН$) = -23.90527893948225
correctionProbability (#ДАМОДЕДОВА$ -> #ДОМОДЕДОВО$) = -79.25916256108422
correctionProbability (#DEKSTOP$ -> #DESKTOP$) = -84.22288240323815
correctionProbability (#ДЕБИТУ$ -> #ДЕБЕТУ$) = -20.813979525136293
correctionProbability (#ЮЬУБ$ -> #ЮТУБ$) = -0.2042710743356828
correctionProbability (#ИШЕМ$ -> #ИЩЕМ$) = -15.506131371235934
correctionProbability (#ФЕЙСБК$ -> #ФЕЙСБУК$) = -7.636838108527719
correctionProbability (#МЕЧЯ$ -> #МЕЧА$) = -11.461980195207442
correctionProbability (#НОВОГОДНЫЙ$ -> #НОВОГОДНИЙ$) = -13.69440709657114
correctionProbability (#ВЕРМИЯ$ -> #ВЕРСИЯ$) = -8.490535448749629
correctionProbability (#ЛУЕИ$ -> #ЛУКИ$) = -11.940027064392357
correctionProbability (#ТЮМЕН$ -> #ТЮМЕНЬ$) = -8.310729401220517
correctionProbability (#ЭЛЕТРОННОЕ$ -> #ЭЛЕКТРОННОЕ$) = -15.636475415781788
correctionProbability (#РАЗВИТИИИ$ -> #РАЗВИТИИ$) = -18.652041009602236
correctionProbability (#ОНАЛАЙ$ -> #ОНЛАЙН$) = -68.41010034581534
correctionProbability (#РУЛКТКА$ -> #РУЛЕТКА$) = -11.786719900310246
correctionProbability (#РЕНГТОН$ -> #РИНГТОН$) = -12.798117572771964
correctionProbability (#ПОИКОЛИ$ -> #ПРИКОЛЫ$) = -73.05010751792223
correctionProbability (#КОМБІ$ -> #КОМБИ$) = -16.5317506678164
correctionProbability (#РЕШОТКОЙ$ -> #РЕШЕТКОЙ$) = -18.78972716727487
correctionProbability (#ЕВИЦКИЕ$ -> #ЛЕВИЦКИЙ$) = -87.23261632680665
correctionProbability (#KAFKAZ$ -> #KAVKAZ$) = -21.018853663486137
correctionProbability (#СЬОГОДНИ$ -> #СЬОГОДНІ$) = -17.217543922488346
correctionProbability (#ПРИМНИЛОСЬ$ -> #ПРИСНИЛОСЬ$) = -17.604627113976733
correctionProbability (#ТЕРМОМОЗАЙКА$ -> #ТЕРМОМОЗАИКА$) = -26.68518366821855
correctionProbability (#ПОДРОСКОВАЯ$ -> #ПОДРОСТКОВАЯ$) = -22.51383391813866
correctionProbability (#TOORENT$ -> #TORRENT$) = -12.649529599507787
correctionProbability (#ТАКОE$ -> #ТАКОЕ$) = -5.186401941454431
correctionProbability (#КАЧEСТВE$ -> #КАЧЕСТВЕ$) = -70.98991863937769
correctionProbability (#НАЙЛИ$ -> #НАЙДИ$) = -11.056375742024574
correctionProbability (#ХОРОВИХ$ -> #ХОРОВЫХ$) = -24.694885733689247
correctionProbability (#ТЕМПЕРАТРА$ -> #ТЕМПЕРАТУРА$) = -15.481567549908618
correctionProbability (#СПРАВРЧНИК$ -> #СПРАВОЧНИК$) = -16.35390448151481
correctionProbability (#ПОЛТА$ -> #ПОЛЕТА$) = -14.81682881647021
correctionProbability (#ВЗЛЛМАНЫЕ$ -> #ВЗЛОМАННЫЕ$) = -82.27102845117359
correctionProbability (#ПРБЛОКС$ -> #РОБЛОКС$) = -75.20484397706024
correctionProbability (#СЕНДВІЧ$ -> #СЭНДВИЧ$) = -78.2290967889512
correctionProbability (#ОБЛЛАСТЬ$ -> #ОБЛАСТЬ$) = -9.935008065101144
correctionProbability (#ПРЛВЕРИТЬ$ -> #ПРОВЕРИТЬ$) = -10.615124721198661
correctionProbability (#БОЛЬШОЦ$ -> #БОЛЬШОЙ$) = -9.337360965932682
correctionProbability (#РАЗГОВАРАМИ$ -> #РАЗГОВОРАМИ$) = -17.864778224914673
correctionProbability (#СМГОТРЕТЬ$ -> #СМОТРЕТЬ$) = -4.90958017547362
correctionProbability (#ГЕРМАФРАДИТЫ$ -> #ГЕРМАФРОДИТЫ$) = -22.868262110712138
correctionProbability (#BELLLA$ -> #BELLA$) = -17.72608753442731
correctionProbability (#РАЗЕТОК$ -> #РОЗЕТОК$) = -16.281426179405038
correctionProbability (#ВОСМИКЛАСНИЦА$ -> #ВОСЬМИКЛАССНИЦА$) = -94.30151017228863
correctionProbability (#МЕТВЕЦЫ$ -> #МЕРТВЕЦЫ$) = -13.06443844551847
correctionProbability (#ТАЙНЯ$ -> #ТАЙНАЯ$) = -10.215090106475902
correctionProbability (#ПТЕРОДАКТЕЛЬ$ -> #ПТЕРОДАКТИЛЬ$) = -26.85316462216405
correctionProbability (#WARIORS$ -> #WARRIORS$) = -20.574980325319252
correctionProbability (#ГИПОТИЗА$ -> #ГИПОТЕЗА$) = -19.264725557447854
correctionProbability (#ТУРОПЕРАТОРЕ$ -> #ТУРОПЕРАТОР$) = -18.53224105739214
correctionProbability (#ГАЛВНЫЙ$ -> #ГЛАВНЫЙ$) = -79.69757091676458
correctionProbability (#ПИРОДКОВ$ -> #ПИРОЖКОВ$) = -12.34234503301876
correctionProbability (#АЛЛХОКЕЙ$ -> #АЛЛХОККЕЙ$) = -19.624201958495924
correctionProbability (#РУУСКОМУ$ -> #РУССКОМУ$) = -9.408587497879523
correctionProbability (#ТЮМЕЬ$ -> #ТЮМЕНЬ$) = -8.335949795716303
correctionProbability (#ЕЛСИ$ -> #ЕСЛИ$) = -72.7825856660666
correctionProbability (#БИЛИМА$ -> #БИЛИМАЛ$) = -13.56647239744779
correctionProbability (#КОКЧЕТАУ$ -> #КОКШЕТАУ$) = -13.60514621708922
correctionProbability (#ЕПИЛЕПСИИ$ -> #ЭПИЛЕПСИИ$) = -18.125538261257
correctionProbability (#EBYTSYA$ -> #EBUTSYA$) = -26.530695197528253
correctionProbability (#РУКОВИЧКА$ -> #РУКАВИЧКА$) = -20.64497318811319
correctionProbability (#ВЗЛОМОНУЮ$ -> #ВЗЛОМАННУЮ$) = -81.51362802408782
correctionProbability (#КРАСНОДАРСКЕ$ -> #КРАСНОДАРСКИЙ$) = -82.20242206382102
correctionProbability (#ТНКИ$ -> #ТАНКИ$) = -7.764892948795403
correctionProbability (#ALLTILME$ -> #ALLTIME$) = -22.075982256464187
correctionProbability (#КПРТОЧКЕ$ -> #КАРТОЧКЕ$) = -19.98821001565625
correctionProbability (#ПРЦЕНТ$ -> #ПРОЦЕНТ$) = -13.85769340370851
correctionProbability (#ВЫБЕРАЕТ$ -> #ВЫБИРАЕТ$) = -18.73244721367982
correctionProbability (#ЧАЕНДИНСКАЕ$ -> #ЧАЯНДИНСКОЕ$) = -91.44428667511059
correctionProbability (#ЖИТКОГО$ -> #ЖИДКОГО$) = -14.434948110322594
correctionProbability (#САНАОРИЙ$ -> #САНАТОРИЙ$) = -11.62581303608038
correctionProbability (#ТАТАРСТА$ -> #ТАТАРСТАН$) = -15.501750222546825
correctionProbability (#СТРОИТЕЛСТВА$ -> #СТРОИТЕЛЬСТВА$) = -18.853555046782972
correctionProbability (#ТЯБЯ$ -> #ТЕБЯ$) = -6.758510569126212
correctionProbability (#РЕВИВДЕТЕКТОР$ -> #РЕВИЕВДЕТЕКТОР$) = -40.3210481763287
correctionProbability (#СТАТИСТИЬКА$ -> #СТАТИСТИКА$) = -17.17843867433273
correctionProbability (#АРТПЛЭЙ$ -> #АРТПЛЕЙ$) = -22.51724913740292
correctionProbability (#АСАУЫТ$ -> #АКСАУЫТ$) = -33.51104163230296
correctionProbability (#PIKUP$ -> #PICKUP$) = -18.79940932069459
correctionProbability (#МЕГАЛАДОНА$ -> #МЕГАЛОДОНА$) = -24.06582618464899
correctionProbability (#ПОЛИКЛИНИНКА$ -> #ПОЛИКЛИНИКА$) = -15.916870841853452
correctionProbability (#ЛЮБИТЕЛЬСКЕ$ -> #ЛЮБИТЕЛЬСКОЕ$) = -19.472385776851368
correctionProbability (#РУСКІХ$ -> #РУССКИХ$) = -76.10590786323421
correctionProbability (#ПАЧЕР$ -> #ПАТЧЕР$) = -16.8656556505675
correctionProbability (#ДЕАЛЕКТИЗМ$ -> #ДИАЛЕКТИЗМ$) = -26.33224596026185
correctionProbability (#ДАРАКОНА$ -> #ДРАКОНА$) = -12.53193708219412
correctionProbability (#САФЕФРОМ$ -> #САВЕФРОМ$) = -18.513395812975666
correctionProbability (#ЛЫСКОВ$ -> #ЛЫКОВ$) = -20.769983575942714
correctionProbability (#ТБЛИЦА$ -> #ТАБЛИЦА$) = -8.43196361969131
correctionProbability (#ПЛОТОНУС$ -> #ПЛАТОНУС$) = -15.567626640053803
correctionProbability (#ЕМІН$ -> #ЭМИН$) = -77.99527108506804
correctionProbability (#СТОМАТОЛОГИЧ$ -> #СТОМАТОЛОГИЯ$) = -15.041736757893084
correctionProbability (#ГОРДА$ -> #ГОРОДА$) = -8.120648670841234
correctionProbability (#ДОПЕЛЬГЕРЦ$ -> #ДОППЕЛЬГЕРЦ$) = -23.572458658318382
correctionProbability (#КРИВЕТКУ$ -> #КРЕВЕТКУ$) = -23.54488157033763
correctionProbability (#ЭЛЕКТОРОННАЯ$ -> #ЭЛЕКТРОННАЯ$) = -15.909602233108828
correctionProbability (#ГАБОРИТОВ$ -> #ГАБАРИТОВ$) = -21.07093564608764
correctionProbability (#НИКОСА$ -> #НИКАСА$) = -19.440375214851205
correctionProbability (#СВЕДИЕ$ -> #СВЕЖИЕ$) = -7.589619339983727
correctionProbability (#МУЗЕКУ$ -> #МУЗЫКУ$) = -6.892868978595434
correctionProbability (#УНТИК$ -> #ЛУНТИК$) = -8.624866830680855
correctionProbability (#РЕВИЗОРО$ -> #РЕВИЗОРРО$) = -22.711898808477855
correctionProbability (#МОЛЕЛЬ$ -> #МОДЕЛЬ$) = -9.854325134755872
correctionProbability (#НАЙИМ$ -> #НАЙТИ$) = -74.7334461106834
correctionProbability (#ПОЛСЕ$ -> #ПОСЛЕ$) = -73.18367073083321
correctionProbability (#НЕГРЕТОСОК$ -> #НЕГРИТОСОК$) = -27.83775903631191
correctionProbability (#ПОВИСТЬ$ -> #ПОВІСТЬ$) = -21.099520992373158
correctionProbability (#ВЛАДИМР$ -> #ВЛАДИМИР$) = -10.721885468307178
correctionProbability (#СИССТЕМА$ -> #СИСТЕМА$) = -11.37754575971126
correctionProbability (#КАБЫНЕТ$ -> #КАБІНЕТ$) = -15.817809889393253
correctionProbability (#ТОИОТА$ -> #ТОЙОТА$) = -8.875874282336458
correctionProbability (#ЯРРОСЛАВЛЕ$ -> #ЯРОСЛАВЛЕ$) = -16.41566980330112
correctionProbability (#ЭКСПЕР$ -> #ЭКСПЕРТ$) = -13.844050707476107
correctionProbability (#JOCURE$ -> #JOCURI$) = -14.947651562840942
correctionProbability (#POSIK$ -> #POISK$) = -86.82968420192769
correctionProbability (#МЕТАМОРФОЗИ$ -> #МЕТАМОРФОЗЫ$) = -24.868529246761426
correctionProbability (#ЭКСПЕС$ -> #ЭКСПРЕСС$) = -76.98698501997603
correctionProbability (#ХАРАТЕРИСТИКИ$ -> #ХАРАКТЕРИСТИКИ$) = -17.488410693118666
correctionProbability (#ОТОПЛЕНИ$ -> #ОТОПЛЕНИЯ$) = -12.458483309961125
correctionProbability (#БТУБА$ -> #ЮТУБА$) = -9.583590558596914
correctionProbability (#ЗАФРА$ -> #ЗАФИРА$) = -15.71301027898988
correctionProbability (#МАРСЕЛ$ -> #МАРСЕЛЬ$) = -17.347127368105255
correctionProbability (#ЧУЛКПХ$ -> #ЧУЛКАХ$) = -11.903357992154017
correctionProbability (#KAMER$ -> #KAMERA$) = -17.485140796912805
correctionProbability (#КАТРИНКА$ -> #КАРТИНКА$) = -75.08658041566851
correctionProbability (#СУПЕРМ$ -> #СУПЕР$) = -9.599668291935163
correctionProbability (#ВИРПОЛ$ -> #ВИРПУЛ$) = -17.931093481215914
correctionProbability (#ТУШЕННЫЕ$ -> #ТУШЕНЫЕ$) = -20.57206296487243
correctionProbability (#ENIRGIZER$ -> #ENERGIZER$) = -24.163667096665186
correctionProbability (#ВЛАДИМИ$ -> #ВЛАДИМИР$) = -10.716133316185562
correctionProbability (#КРИВЕТКИ$ -> #КРЕВЕТКИ$) = -16.24027414324462
correctionProbability (#JUNGSTER$ -> #JÜNGSTE$) = -100.42626904272721
correctionProbability (#ОПРИДИЛЕНИЕ$ -> #ОПРЕДЕЛЕНИЕ$) = -80.05859799604099
correctionProbability (#ПЛГОДЫ$ -> #ПОГОДЫ$) = -8.652012370424213
correctionProbability (#ЗАРПОАТЫ$ -> #ЗАРПЛАТЫ$) = -14.032395284527084
correctionProbability (#ХАРАТЕРИСТИКА$ -> #ХАРАКТЕРИСТИКА$) = -17.68587384768135
correctionProbability (#РОБТЫ$ -> #РОБОТЫ$) = -11.7865463567931
correctionProbability (#DOWNL$ -> #DOWNLOAD$) = -142.3348262522875
correctionProbability (#ЗВОД$ -> #ЗАВОД$) = -9.534897673206427
correctionProbability (#ТОИОТУ$ -> #ТОЙОТУ$) = -15.527693429097727
correctionProbability (#КЕТРИН$ -> #КЭТРИН$) = -15.603098730117669
correctionProbability (#ОКЕНА$ -> #ОКЕАНА$) = -13.683145818309757
correctionProbability (#ВЕЛЕЖНЕВА$ -> #ВЕЛЕЖЕВА$) = -17.167698873900598
correctionProbability (#ЗАЦЦЕВ$ -> #ЗАЙЦЕВ$) = -10.299788276040037
correctionProbability (#КАТРИНКИ$ -> #КАРТИНКИ$) = -72.5293807236923
correctionProbability (#ПОИКОЛЫ$ -> #ПРИКОЛЫ$) = -8.337181955392154
correctionProbability (#КАТАСТРОВ$ -> #КАТАСТРОФ$) = -20.33832732181284
correctionProbability (#КРИВЕТКА$ -> #КРЕВЕТКА$) = -20.398588278761714
correctionProbability (#КЛИППЫ$ -> #КЛИПЫ$) = -8.914454204180348
correctionProbability (#ПОВИСТИ$ -> #ПОВЕСТИ$) = -14.380536735437282
correctionProbability (#ВАКСНСИИ$ -> #ВАКАНСИИ$) = -8.203304184380578
correctionProbability (#МАСЛЕНОЙ$ -> #МАСЛЯНОЙ$) = -19.535775537660676
correctionProbability (#ГАЗОВІЙ$ -> #ГАЗОВЫЙ$) = -12.070899764232742
correctionProbability (#КОАСНОЯРСК$ -> #КРАСНОЯРСК$) = -11.557122099819942
correctionProbability (#ТУШЕННЫХ$ -> #ТУШЕНЫХ$) = -26.176584587823612
correctionProbability (#ОБЫЧИИ$ -> #ОБЫЧАИ$) = -14.997806169876473
correctionProbability (#ЮТКБЕ$ -> #ЮТУБЕ$) = -6.434277241217732
correctionProbability (#XEOMI$ -> #XIAOMI$) = -75.19661165730155
correctionProbability (#ИЗДАТЕЛЬСВО$ -> #ИЗДАТЕЛЬСТВО$) = -20.01788322102771
correctionProbability (#ПРИСАЖ$ -> #ПРЕСАЖ$) = -22.332492293205718
correctionProbability (#РОСШИТАТЬ$ -> #РАССЧИТАТЬ$) = -143.71011889057868
correctionProbability (#ОБЛАСНАЯ$ -> #ОБЛАСТНАЯ$) = -15.916386269270241
correctionProbability (#НАЛОГОВОЯ$ -> #НАЛОГОВАЯ$) = -11.981962250142907
correctionProbability (#МАНИФЕСЕНТА$ -> #МАЛЕФИСЕНТА$) = -143.3433902193501
correctionProbability (#КАДЬОВ$ -> #КАДРОВ$) = -12.936692752993533
correctionProbability (#НАЛОГОВОЮ$ -> #НАЛОГОВУЮ$) = -16.313251836503163
correctionProbability (#ВОЛОГОДСТВАЯ$ -> #ВОЛОГОДСКАЯ$) = -87.42878007164046
correctionProbability (#СВАБЬДУ$ -> #СВАДЬБУ$) = -76.05213283284643
correctionProbability (#ФОТОССЕИЯ$ -> #ФОТОСЕССИЯ$) = -81.42315257305381
correctionProbability (#ИНТЕЛКАСТ$ -> #ИНТЕЛЛИКАСТ$) = -90.46272890544583
correctionProbability (#ЛЬВІІІ$ -> #ЛЬВІВ$) = -78.75796336997138
correctionProbability (#ЗАРПОАТА$ -> #ЗАРПЛАТА$) = -12.679927937789962
correctionProbability (#ПРДАЖИ$ -> #ПРОДАЖИ$) = -12.090400191646353
correctionProbability (#РАЗМЕТ$ -> #РАЗМЕР$) = -9.020602064294746
correctionProbability (#ЭНАКОМСТВА$ -> #ЗНАКОМСТВА$) = -10.76279010470008
correctionProbability (#ДЕФОЛ$ -> #ДЕФОЛТ$) = -19.06053746941011
correctionProbability (#ЕРАСНОДАРСКИЙ$ -> #КРАСНОДАРСКИЙ$) = -16.920908473563898
correctionProbability (#ЗЛОМОНЫЙ$ -> #ВЗЛОМАННЫЙ$) = -146.31054424737363
correctionProbability (#KSUSHAGOLOVAYAYA$ -> #KSUSHAGOLOVATAYA$) = -42.326886058092576
correctionProbability (#БАЯРТ$ -> #БОЯРД$) = -74.0874237219326
correctionProbability (#ТЕЛЕІОН$ -> #ТЕЛЕФОН$) = -7.425531322567998
correctionProbability (#АЛТАЙМАХ$ -> #АЛТАЙМАГ$) = -26.712862154803013
correctionProbability (#ТУШЕННЫЙ$ -> #ТУШЕНЫЙ$) = -20.89742390621715
correctionProbability (#NILLETO$ -> #NILETTO$) = -84.2123547008244
correctionProbability (#МУЭЫКА$ -> #МУЗЫКА$) = -5.473483941361497
correctionProbability (#ОНАЛЙ$ -> #ОНЛАЙН$) = -133.7474358444192
correctionProbability (#ПЯНИЙ$ -> #ПЬЯНЫЙ$) = -78.56521209160833
correctionProbability (#СМАТФОНЫ$ -> #СМАРТФОНЫ$) = -15.481072461201975
correctionProbability (#GOOGLER$ -> #GOOGLE$) = -8.355623292243724
correctionProbability (#БЕЛОРУСЬНЕФТЬ$ -> #БЕЛОРУСНЕФТЬ$) = -25.29470058062588
correctionProbability (#РАЗМЕО$ -> #РАЗМЕР$) = -9.012696028637546
correctionProbability (#МЕРОПИЯТИЯ$ -> #МЕРОПРИЯТИЯ$) = -16.933363815898254
correctionProbability (#РОНАБЕЛЬ$ -> #АНАБЕЛЬ$) = -81.79151648430852
correctionProbability (#КУПМТИ$ -> #КУПИТЬ$) = -66.16741146336324
correctionProbability (#MEDVET$ -> #MEDVED$) = -14.600482379497965
correctionProbability (#ГАЛЯМОВ$ -> #ГАЛЛЯМОВ$) = -24.06414248615281
correctionProbability (#ПРИХОДЯТЬ$ -> #ПРИХОДЯТ$) = -20.389057878394063
correctionProbability (#ПЯНИЕ$ -> #ПЬЯНЫЕ$) = -77.78767781678091
correctionProbability (#GOOGLES$ -> #GOOGLE$) = -8.348552866232087
correctionProbability (#ПРЕДМЕ$ -> #ПРЕДМЕТ$) = -15.140399161090002
correctionProbability (#КОМАНДВ$ -> #КОМАНДЫ$) = -12.645728118940568
correctionProbability (#СМАТФОНЕ$ -> #СМАРТФОНЕ$) = -17.71612247512151
correctionProbability (#АППЕЛЯЦИОННОГО$ -> #АПЕЛЛЯЦИОННОГО$) = -95.41406061425961
correctionProbability (#Н7А$ -> #НА$) = 0.12273939986509319
correctionProbability (#СМАЕЛ$ -> #СМАЙЛ$) = -12.860655461613693
correctionProbability (#CЛУШАТЬ$ -> #СЛУШАТЬ$) = -5.149764375894085
correctionProbability (#АНДРЭАС$ -> #АНДРЕАС$) = -11.814514287001138
correctionProbability (#ЗНАКОМССВА$ -> #ЗНАКОМСТВА$) = -10.794164158208623
correctionProbability (#МОИКА$ -> #МОЙКА$) = -11.441037949899549
correctionProbability (#ЗНАЯЕНИЕ$ -> #ЗНАЧЕНИЕ$) = -10.799846215130152
correctionProbability (#ПЯНИМ$ -> #ПЬЯНЫМ$) = -82.06889757264044
correctionProbability (#TRANSLEIT$ -> #TRANSLATE$) = -145.93880789675512
correctionProbability (#ТАЛЬЯТИ$ -> #ТОЛЬЯТТИ$) = -76.49489791884531
correctionProbability (#ЕРГЕЙ$ -> #СЕРГЕЙ$) = -8.39751145677598
correctionProbability (#РНА$ -> #НА$) = 0.17222082978546993
correctionProbability (#ПОЩДРАВЛЕНИЯ$ -> #ПОЗДРАВЛЕНИЯ$) = -13.358413867551654
correctionProbability (#ГГОЛЫЕ$ -> #ГОЛЫЕ$) = -9.014384256188496
correctionProbability (#ИНСТРУКЦЫЮ$ -> #ИНСТРУКЦИЮ$) = -19.475902167384312
correctionProbability (#ТНМУ$ -> #ТЕМУ$) = -5.494171507201322
correctionProbability (#ИНСТРУКЦЫЯ$ -> #ИНСТРУКЦИЯ$) = -9.393931756126563
correctionProbability (#СИТТИ$ -> #СИТИ$) = -10.082057445642906
correctionProbability (#МОЛОЖКА$ -> #МОЛОДЕЖКА$) = -80.99682291983223
correctionProbability (#ХИМИИТЕРАПИИ$ -> #ХИМИОТЕРАПИИ$) = -22.277980443983587
correctionProbability (#ЭФЕКТИВНАЯ$ -> #ЭФФЕКТИВНАЯ$) = -21.606176420637183
correctionProbability (#НОРОДОВ$ -> #НАРОДОВ$) = -12.55733019979452
correctionProbability (#ЗАПОЛЗАНИЕ$ -> #СПОЛЗАНИЕ$) = -96.23302979515843
correctionProbability (#ЕРГЕЧ$ -> #ЭРГЕЧ$) = -23.028834097446023
correctionProbability (#ОБЫЧИЯ$ -> #ОБЫЧАИ$) = -82.85712247804132
correctionProbability (#ДИСКООРД$ -> #ДИСКОРД$) = -14.240356143928786
correctionProbability (#АЛТАЙМАМ$ -> #АЛТАЙМАГ$) = -26.713116021741833
correctionProbability (#СООТВЕТСВУЮТ$ -> #СООТВЕТСТВУЮТ$) = -25.241086432108915
correctionProbability (#БАЯРД$ -> #БОЯРД$) = -9.34054337621605
correctionProbability (#ФЕЛИАЛ$ -> #ФИЛИАЛ$) = -12.505634073755648
correctionProbability (#ИНКАСАТОР$ -> #ИНКАССАТОР$) = -23.29452700695463
correctionProbability (#ПРДАЖУ$ -> #ПРОДАЖУ$) = -14.976945115099184
correctionProbability (#DEY$ -> #DAY$) = -9.919606000721952
correctionProbability (#ГЕЛЬМАНД$ -> #ГЕЛЬФАНД$) = -26.222364875843162
correctionProbability (#РУСКІЙ$ -> #РУССКИЙ$) = -72.07571735958922
correctionProbability (#РАНИХ$ -> #РАННИХ$) = -15.462350004215114
correctionProbability (#ЖЕНШЫНЫЙ$ -> #ЖЕНЩИНЫ$) = -140.36784075134233
correctionProbability (#ЗАБРОШЕНЫХ$ -> #ЗАБРОШЕННЫХ$) = -25.175513142544418
correctionProbability (#АНАТОЛИЕВНА$ -> #АНАТОЛЬЕВНА$) = -18.442762692935702
correctionProbability (#ЗВИТ$ -> #ЗВІТ$) = -17.398631859611516
correctionProbability (#РПІ$ -> #ӘРПІ$) = -12.709999110334568
correctionProbability (#ЗАБРОШЕНЫЦ$ -> #ЗАБРОШЕННЫЙ$) = -86.72570772470212
correctionProbability (#КОЛЬЦ$ -> #КОЛЬЦО$) = -10.844632795261806
correctionProbability (#CAUNTER$ -> #COUNTER$) = -16.167420608877173
correctionProbability (#НИМЕЦКИЙ$ -> #НЕМЕЦКИЙ$) = -12.736626527656718
correctionProbability (#МАМАШИЧ$ -> #МАМАШИ$) = -18.192306281921848
correctionProbability (#ПТИА$ -> #ПТИЦА$) = -9.998612520942206
correctionProbability (#МАЙНККРАФТ$ -> #МАЙНКРАФТ$) = -10.445984122570444
correctionProbability (#АБЛИГАЦИИ$ -> #ОБЛИГАЦИИ$) = -17.929827685174423
correctionProbability (#ОДНОГРУПНИЦУ$ -> #ОДНОГРУППНИЦУ$) = -31.374717546549178
correctionProbability (#ГОСПИТЛЬ$ -> #ГОСПИТАЛЬ$) = -17.927748992520456
correctionProbability (#СРЕДНИВИКОГО$ -> #СРЕДНЕВЕКОВОГО$) = -220.4101793588358
correctionProbability (#ПОЗДРАВЛЕИЕ$ -> #ПОЗДРАВЛЕНИЕ$) = -14.224559062401418
correctionProbability (#WHIT$ -> #WHITE$) = -12.008082885388252
correctionProbability (#A20S$ -> #A20$) = -19.38687092447749
correctionProbability (#МОЙОРА$ -> #МАЙОРА$) = -9.468920162446597
correctionProbability (#ВОЛЬФЕНШТЕЙН$ -> #ВОЛЬФЕНШТАЙН$) = -24.43157010081002
correctionProbability (#ОПИШИТЬ$ -> #ОПИШІТЬ$) = -23.24578794242391
correctionProbability (#ЮТОРЕНТ$ -> #ТОРРЕНТ$) = -75.40102279917383
correctionProbability (#BESPLATNA$ -> #BESPLATNO$) = -17.263601668964434
correctionProbability (#МІНІВЕН$ -> #МИНИВЭН$) = -147.50491271267325
correctionProbability (#UYZ$ -> #UZ$) = -13.858658787636525
correctionProbability (#ВАССАП$ -> #ВАТСАП$) = -8.556554872583806
correctionProbability (#ЗВУКАВАЯ$ -> #ЗВУКОВАЯ$) = -17.50142878458596
correctionProbability (#ХОРЛАМОВА$ -> #ХАРЛАМОВА$) = -19.144870114500684
correctionProbability (#ШИПИТО$ -> #ШАПИТО$) = -18.521367889678952
correctionProbability (#ФРАНЦИЗКО$ -> #ФРАНЦИСКО$) = -19.206541653733403
correctionProbability (#NEVS$ -> #NEWS$) = -11.51380440447571
correctionProbability (#ЗОКИРШОХ$ -> #ЗОХИРШОХ$) = -24.001163826943397
correctionProbability (#ФИЛЬТМ$ -> #ФИЛЬМ$) = -3.6629998816050673
correctionProbability (#КРАССИВЫЙ$ -> #КРАСИВЫЙ$) = -13.42089654675015
correctionProbability (#ЛЕНЕГРАД$ -> #ЛЕНИНГРАД$) = -78.52045366819031
correctionProbability (#ЦЕЕТР$ -> #ЦЕНТР$) = -5.60022304634705
correctionProbability (#ХОЛДНОЕ$ -> #ХОЛОДНОЕ$) = -12.48249549557368
correctionProbability (#ВОЛГОДОНС$ -> #ВОЛГОДОНСК$) = -17.02950796074318
correctionProbability (#ТУШЕННУЮ$ -> #ТУШЕНУЮ$) = -23.345213073773493
correctionProbability (#НАЧАЛКОЙ$ -> #НАЧАЛЬНОЙ$) = -79.54366684102034
correctionProbability (#НОВДЖОП$ -> #НОВДЖОБ$) = -16.688141387728592
correctionProbability (#HOVANES$ -> #HOVHANNES$) = -87.3090089177715
correctionProbability (#KERAMO$ -> #KERAMA$) = -19.44273022114294
correctionProbability (#ЗАБЕРАЙ$ -> #ЗАБИРАЙ$) = -18.894825771275762
correctionProbability (#BESPLATNI$ -> #BESPLATNO$) = -17.26624291369329
correctionProbability (#РЕБЕНОКМ$ -> #РЕБЕНКОМ$) = -81.13175836047513
correctionProbability (#КАМПИНОССКИЙ$ -> #КАМПИНОСКИЙ$) = -39.15358611960612
correctionProbability (#TOUTUBE$ -> #YOUTUBE$) = -6.386680678507709
correctionProbability (#ДАСКА$ -> #ДОСКА$) = -7.9352348252685765
correctionProbability (#МИНТОВСКИЕ$ -> #МЕНТОВСКИЕ$) = -15.29520822738943
correctionProbability (#GRUOP$ -> #GROUP$) = -79.92505542080704
correctionProbability (#ДАМКРАТ$ -> #ДОМКРАТ$) = -15.690751007710851
correctionProbability (#ПРВИЛ$ -> #ПРАВИЛ$) = -12.334989784193557
correctionProbability (#СКРЛТКО$ -> #СКОЛЬКО$) = -70.80652308647856
correctionProbability (#ЕЛЕМЕНТС$ -> #ЭЛЕМЕНТС$) = -25.151787492621985
correctionProbability (#ПАЦАЕА$ -> #ПАЦАНА$) = -14.690755995423064
correctionProbability (#НЕМЦКОМ$ -> #НЕМЕЦКОМ$) = -15.367050267748638
correctionProbability (#ДРОГИ$ -> #ДОРОГИ$) = -11.458784829003324
correctionProbability (#НАХОИТСЯ$ -> #НАХОДИТСЯ$) = -12.655554306545994
correctionProbability (#ПРЕССБОЛЛ$ -> #ПРЕССБОЛ$) = -18.41239367628912
correctionProbability (#СОM$ -> #COM$) = -72.28381126590368
correctionProbability (#МАМАОЙ$ -> #МАМОЙ$) = -13.540878245264512
correctionProbability (#СЕВАСТОПОЛЧ$ -> #СЕВАСТОПОЛЯ$) = -17.154898000535624
correctionProbability (#НОВГЛРОДЕ$ -> #НОВГОРОДЕ$) = -13.10795269675559
correctionProbability (#КУПИЯ$ -> #ҚҰПИЯ$) = -85.69531512656461
correctionProbability (#ПРОИЗВОДСЬВО$ -> #ПРОИЗВОДСТВО$) = -15.573614800821254
correctionProbability (#GANDURAS$ -> #GONDURAS$) = -34.061776356715015
correctionProbability (#МЕДУЗИ$ -> #МЕДУЗЫ$) = -16.657980086745614
correctionProbability (#РЕБЕНОКА$ -> #РЕБЕНКА$) = -10.697547301693596
correctionProbability (#ТЕЛЕФОННАМИ$ -> #ТЕЛЕФОНАМИ$) = -22.140600675896152
correctionProbability (#РАБОЧИИЕ$ -> #РАБОЧИЕ$) = -15.811180084249152
correctionProbability (#МАНУЕЛЬ$ -> #МАНУЭЛЬ$) = -19.865681395612256
correctionProbability (#ЖИЗНЕНОГО$ -> #ЖИЗНЕННОГО$) = -21.650996371957206
correctionProbability (#ГРИФИНЫ$ -> #ГРИФФИНЫ$) = -17.793292829659812
correctionProbability (#КОЛЬКУЛЯТР$ -> #КАЛЬКУЛЯТОР$) = -77.49566665783598
correctionProbability (#ДРОГА$ -> #ДОРОГА$) = -10.52843272530264
correctionProbability (#ПРОДУКТОМАТ$ -> #ПРОДУКТОМ$) = -94.06344545114344
correctionProbability (#ПАУР$ -> #ПАУЭР$) = -15.37059929428666
correctionProbability (#ТРИХАПОЛ$ -> #ТРИХОПОЛ$) = -18.715009028080168
correctionProbability (#DOTY$ -> #DUTY$) = -10.332930393080947
correctionProbability (#EARHAMMER$ -> #WARHAMMER$) = -18.349150476927534
correctionProbability (#ФОЛЬМ$ -> #ФИЛЬМ$) = -1.1908619007757046
correctionProbability (#ФЕЙСЕТ$ -> #ФЕЙСИТ$) = -14.80796441334331
correctionProbability (#МИТИС$ -> #МЕТИС$) = -17.92274752215152
correctionProbability (#ОНАЙН$ -> #ОНЛАЙН$) = -1.1855289882565536
correctionProbability (#ФОЛЬС$ -> #ФОЛЬЦ$) = -17.715190015348885
correctionProbability (#КУПИЬ$ -> #КУПИТЬ$) = -1.9594153242167813
correctionProbability (#НАРИСОЫАТЬ$ -> #НАРИСОВАТЬ$) = -10.45437226106393
correctionProbability (#ДЕРЕКТОР$ -> #ДИРЕКТОР$) = -13.288989410698044
correctionProbability (#ВЕДБМИНА$ -> #ВЕДЬМИНА$) = -17.082240543718427
correctionProbability (#ЧЕРЕЗВЫЧАЙНОЕ$ -> #ЧРЕЗВЫЧАЙНОЕ$) = -28.645860665255157
correctionProbability (#ЦМПК$ -> #ЦПМПК$) = -20.689162289272122
correctionProbability (#CERAMOS$ -> #CERAMIC$) = -83.91513999189881
correctionProbability (#СМАИЛ$ -> #СМАЙЛ$) = -12.848806154888383
correctionProbability (#ПОДГОВКА$ -> #ПОДГОТОВКА$) = -80.31642977630096
correctionProbability (#СЙАТ$ -> #САЙТ$) = -68.33734003038064
correctionProbability (#КОЛЫМ$ -> #КАЛЫМ$) = -16.96738694664396
correctionProbability (#УДАДЕНИЯ$ -> #УДАЛЕНИЯ$) = -14.101274443831862
correctionProbability (#VABER$ -> #VIBER$) = -12.956037085672111
correctionProbability (#DONLOUD$ -> #DOWNLOAD$) = -76.3916626210626
correctionProbability (#СМАРТЫОН$ -> #СМАРТФОН$) = -12.287823091013017
correctionProbability (#РЕБЕНОКУ$ -> #РЕБЕНКУ$) = -13.822724381709968
correctionProbability (#ГОРИТЬ$ -> #ГОРИТ$) = -13.837128518448498
correctionProbability (#SHOHRUHHON$ -> #SHOHRUHXON$) = -23.919582460570446
correctionProbability (#КОМПБЮТЕР$ -> #КОМПЬЮТЕР$) = -11.296752300098753
correctionProbability (#REBOOK$ -> #REEBOK$) = -83.95366532166665
correctionProbability (#МОРОЖЕНУЮ$ -> #ЗАМОРОЖЕННУЮ$) = -156.2805320154758
correctionProbability (#ЕЛЕМЕНТЫ$ -> #ЭЛЕМЕНТЫ$) = -13.7888966105075
correctionProbability (#АЛАНИ$ -> #АЛАНИЯ$) = -14.001508869116496
correctionProbability (#ЭЛИКТРОНАЯ$ -> #ЭЛЕКТРОННАЯ$) = -78.68058368011894
correctionProbability (#ВКОНТАТЕ$ -> #ВКОНТАКТЕ$) = -7.093946091536843
correctionProbability (#КУПИТ$ -> #КУПИТЬ$) = -1.9223271587573159
correctionProbability (#РАССПАД$ -> #РАСПАД$) = -19.441698442977266
correctionProbability (#ТАЙТА$ -> #ТОЙОТА$) = -74.18427679987094
correctionProbability (#ОДИСЕЙ$ -> #ОДИССЕЙ$) = -17.426575782611074
correctionProbability (#КРИМИНАЛНЫЕ$ -> #КРИМИНАЛЬНЫЕ$) = -17.368966270182476
correctionProbability (#КУПИИ$ -> #КУПИТЬ$) = -66.6923441408721
correctionProbability (#ВОСТАНОВИТЕЛЬНЫЙ$ -> #ВОССТАНОВИТЕЛЬНЫЙ$) = -32.02908961723455
correctionProbability (#СКРТАЯ$ -> #СКРЫТАЯ$) = -12.837261573150819
correctionProbability (#ПРИДПРИЯНИЯ$ -> #ПРЕДПРИЯТИЯ$) = -81.2193219223285
correctionProbability (#АХУЕНЫЙ$ -> #АХУЕННЫЙ$) = -24.876487399421443
correctionProbability (#ПАЛЕНОВ$ -> #ПОЛЕНОВ$) = -17.498446822177556
correctionProbability (#ВОЙНИ$ -> #ВОЙНЫ$) = -7.654637396104494
correctionProbability (#TERAPI$ -> #THERAPY$) = -82.84145002317476
correctionProbability (#КУПИК$ -> #КУПИТЬ$) = -66.6967572426265
correctionProbability (#РАСПЕСАНИЯ$ -> #РАСПИСАНИЕ$) = -74.39860717346487
correctionProbability (#МОРРОКО$ -> #МАРОККО$) = -148.0346583593673
correctionProbability (#КАТЕТОРА$ -> #КАТЕТЕРА$) = -21.47739504747954
correctionProbability (#МЕТЫ$ -> #МЕЧТЫ$) = -12.166930391417633
correctionProbability (#РЕНГЕНОЛОГ$ -> #РЕНТГЕНОЛОГ$) = -24.209821781107493
correctionProbability (#АЛЕСЕЙ$ -> #АЛЕКСЕЙ$) = -10.284350253377909
correctionProbability (#МУАЛИМ$ -> #МУАЛЛИМ$) = -24.84015682961423
correctionProbability (#МОЛЕЛИ$ -> #МОДЕЛИ$) = -9.456279345006454
correctionProbability (#ПЕРВОКЛАСНИЦЕ$ -> #ПЕРВОКЛАССНИЦЕ$) = -34.49639242268668
correctionProbability (#БИОГРА$ -> #БИОГРАФИЯ$) = -141.62602929556712
correctionProbability (#ПАТЕСОНЫ$ -> #ПАТИССОНЫ$) = -87.09628817278373
correctionProbability (#РЫБЧЕНКО$ -> #РЫБЧЕНКОВА$) = -84.32599394081974
correctionProbability (#СИНИНИМ$ -> #СИНОНИМ$) = -12.714982648679651
correctionProbability (#МАТЕРИЛ$ -> #МАТЕРИАЛ$) = -13.660204400899644
correctionProbability (#ТАХИКОРДИЯ$ -> #ТАХИКАРДИЯ$) = -20.143849877335192
correctionProbability (#ТУШОНУЮ$ -> #ТУШЕНУЮ$) = -20.94914276498369
correctionProbability (#ФИЛЬСЫ$ -> #ФИЛЬМЫ$) = -3.5873044835986256
correctionProbability (#НОРМАВЕН$ -> #НОРМОВЕН$) = -22.23507045794294
correctionProbability (#АТВАГУ$ -> #ОТВАГУ$) = -17.348316989757112
correctionProbability (#САФИР$ -> #САПФИР$) = -15.490430274131793
correctionProbability (#ПРИЗВІЩЕ$ -> #ПРІЗВИЩЕ$) = -87.66275023929796
correctionProbability (#ЦИАТЫ$ -> #ЦИТАТЫ$) = -10.275676743146324
correctionProbability (#XФРОНТАЛЬНАЯ$ -> #ФРОНТАЛЬНАЯ$) = -25.45843519338422
correctionProbability (#СУВИНИР$ -> #СУВЕНИР$) = -15.265958791918948
correctionProbability (#ОБОУДОВАНИЕ$ -> #ОБОРУДОВАНИЕ$) = -15.477807764744675
correctionProbability (#КОРПАРАТИВНУЮ$ -> #КОРПОРАТИВНУЮ$) = -26.859812511873898
correctionProbability (#РОНДЕВУ$ -> #РАНДЕВУ$) = -11.689243335905758
correctionProbability (#ОНАИН$ -> #ОНЛАЙН$) = -65.91045677698152
correctionProbability (#ПЛРНЛ$ -> #ПЛРНО$) = -14.692263435507702
correctionProbability (#ВЛАДИЧИЦА$ -> #ВЛАДЫЧИЦА$) = -15.514283287741634
correctionProbability (#КОНСЕРВАТОРИ$ -> #КОНСЕРВАТОРИЯ$) = -23.950762297528797
correctionProbability (#ООДА$ -> #ГОДА$) = -3.6205861476337553
correctionProbability (#МИТЕР$ -> #МИСТЕР$) = -9.57710459245796
correctionProbability (#СЬЕДОБНЫЙ$ -> #СЪЕДОБНЫЙ$) = -20.3699575450145
correctionProbability (#ЭХИНОЦЕИ$ -> #ЭХИНАЦЕИ$) = -21.557080372635014
correctionProbability (#МАТИВЫ$ -> #МОТИВЫ$) = -14.869140965769876
correctionProbability (#ОБЬЯСНИ$ -> #ОБЪЯСНИ$) = -19.4304023896158
correctionProbability (#ФИЛЬФЫ$ -> #ФИЛЬМЫ$) = -3.5895117801755525
correctionProbability (#ШАРУЭЛЬ$ -> #ЧАРУЭЛЬ$) = -18.51386688324429
correctionProbability (#DII$ -> #DLL$) = -77.85168853084633
correctionProbability (#РУСЬЮТОРС$ -> #РУСТЬЮТОРС$) = -20.860032553619355
correctionProbability (#ХАЛАДИЛЬНИКОВ$ -> #ХОЛОДИЛЬНИКОВ$) = -83.77816917027293
correctionProbability (#КОРСИЛ$ -> #КАРСИЛ$) = -16.402918358301452
correctionProbability (#ППОДАЖА$ -> #ПРОДАЖА$) = -7.499321417298802
correctionProbability (#УАРТЫ$ -> #КАРТЫ$) = -5.985550264620844
correctionProbability (#НЕГРЕТОСКИ$ -> #НЕГРИТОСКИ$) = -24.462912586909574
correctionProbability (#ОДИСЕЯ$ -> #ОДИССЕЯ$) = -16.26732134070464
correctionProbability (#КОМНОТНУЮ$ -> #КОМНАТНУЮ$) = -15.620504456658061
correctionProbability (#ТТЕЛЕФОН$ -> #ТЕЛЕФОН$) = -9.928535963919146
correctionProbability (#ОКТЧБРЯ$ -> #ОКТЯБРЯ$) = -8.38614729357019
correctionProbability (#ПАЦК$ -> #ПАУК$) = -6.274530455823541
correctionProbability (#VDEO$ -> #VIDEO$) = -8.54838971124168
correctionProbability (#КРОКАДИЛ$ -> #КРОКОДИЛ$) = -14.34147224566248
correctionProbability (#МАМАРА$ -> #САМАРА$) = -7.80451377261976
correctionProbability (#ФЕЙКЫ$ -> #ФЕЙКИ$) = -16.09859249150239
correctionProbability (#ЗВКУ$ -> #ЗВУК$) = -77.39193796751238
correctionProbability (#ПАЕНЬ$ -> #ПАРЕНЬ$) = -10.49988296258886
correctionProbability (#СООЬЩЕНИЕ$ -> #СООБЩЕНИЕ$) = -12.711529012860886
correctionProbability (#ВКАРАОКЕ$ -> #КАРАОКЕ$) = -12.050740128413068
correctionProbability (#ЛУНТИИК$ -> #ЛУНТИК$) = -10.537235083674997
correctionProbability (#ИНДИЙСКИЦ$ -> #ИНДИЙСКИЙ$) = -13.299162287073763
correctionProbability (#ВЫКРАЙКА$ -> #ВЫКРОЙКА$) = -12.057991983545406
correctionProbability (#KILPLAR$ -> #KLIPLAR$) = -86.2915860345802
correctionProbability (#БАРОВЛЯНАХ$ -> #БОРОВЛЯНАХ$) = -24.65818879352934
correctionProbability (#АИДИ$ -> #АЙДИ$) = -13.450911780470701
correctionProbability (#АВИЦЕНЫ$ -> #АВИЦЕННЫ$) = -21.253973010294168
correctionProbability (#ПРВОЕРИТЬ$ -> #ПРОВЕРИТЬ$) = -78.42657558424797
correctionProbability (#СПМЫЕ$ -> #САМЫЕ$) = -6.299737566104195
correctionProbability (#ГГДЗ$ -> #ГДЗ$) = -6.064577923041522
correctionProbability (#БЕСПД$ -> #БЕСПЛ$) = -16.272344589918095
correctionProbability (#РАБРЧИЙ$ -> #РАБОЧИЙ$) = -8.159063015514839
correctionProbability (#КУПЛУ$ -> #КУПЛЮ$) = -8.995818440322505
correctionProbability (#ЗВКК$ -> #ЗВУК$) = -9.504328435190072
correctionProbability (#УКРАЇНЬСЬКА$ -> #УКРАЇНСЬКА$) = -19.808866650643132
correctionProbability (#JERY$ -> #JERRY$) = -15.550245933981333
correctionProbability (#ПОЛУЧЕНУЮ$ -> #ПОЛУЧЕННУЮ$) = -23.767690277167105
correctionProbability (#TWEETCH$ -> #TWITCH$) = -80.69340941834857
correctionProbability (#КАБАЧЕК$ -> #КАБАЧОК$) = -16.08536653084971
correctionProbability (#ГУГЕДЛ$ -> #ГУГЛ$) = -72.79619584980061
correctionProbability (#СПМЫЙ$ -> #САМЫЙ$) = -7.406215434641666
correctionProbability (#АНЕНКИ$ -> #АННЕНКИ$) = -24.46025528864761
correctionProbability (#LACKY$ -> #LUCKY$) = -13.664600493526532
correctionProbability (#ЙОШЛАР$ -> #ЙОШКАР$) = -12.575716309303207
correctionProbability (#ДОПОЛНИЬЕЛЬНЫЙ$ -> #ДОПОЛНИТЕЛЬНЫЙ$) = -22.227937161943487
correctionProbability (#СТРАНИТЦА$ -> #СТРАНИЦА$) = -9.88881599389282
correctionProbability (#ПЛРНОХАБ$ -> #ПОРНОХАБ$) = -13.852603342471127
correctionProbability (#ЧТОИТ$ -> #СТОИТ$) = -6.5795705206736805
correctionProbability (#ТЕНИКИ$ -> #ТЕХНИКИ$) = -12.417446332074107
correctionProbability (#ПЛАННЕР$ -> #ПЛАНЕР$) = -18.269562611741225
correctionProbability (#КРИВЕТОК$ -> #КРЕВЕТОК$) = -18.597654570592397
correctionProbability (#РУКПМИ$ -> #РУКАМИ$) = -5.50186970797299
correctionProbability (#ТЕКВОНДО$ -> #ТХЭКВОНДО$) = -83.74250655242733
correctionProbability (#РЦПТ$ -> #РЕЦЕПТ$) = -72.14440862724446
correctionProbability (#РАСТАВИЛА$ -> #РАССТАВИЛА$) = -27.692483285560485
correctionProbability (#ПЕРЕВОГДЧИК$ -> #ПЕРЕВОДЧИК$) = -11.182336278166211
correctionProbability (#РАССЧЕТНО$ -> #РАСЧЕТНО$) = -21.285646707313184
correctionProbability (#ENTERNITY$ -> #ETERNITY$) = -22.693309488898883
correctionProbability (#ПЕРЕКОТИН$ -> #ПЕРЕКАТИ$) = -88.99221430127022
correctionProbability (#МЕЧЕМ$ -> #МЕЧОМ$) = -15.69665140962842
correctionProbability (#ШПИТЦ$ -> #ШПИЦ$) = -15.167357889036854
correctionProbability (#КАЧТЬ$ -> #СКАЧАТЬ$) = -68.38720231160063
correctionProbability (#ОБЩЕСТВУЗНАНИЮ$ -> #ОБЩЕСТВОЗНАНИЮ$) = -20.344993388207584
correctionProbability (#КОДАСТРОВЫЙ$ -> #КАДАСТРОВЫЙ$) = -19.385915120175426
correctionProbability (#ВЫЗОДИТ$ -> #ВЫХОДИТ$) = -15.041908645432109
correctionProbability (#РЕЛИНГОВ$ -> #РЕЙЛИНГОВ$) = -25.27303905699214
correctionProbability (#ЬЕЛЫЙ$ -> #БЕЛЫЙ$) = -7.934449399951301
correctionProbability (#ROSEGALL$ -> #ROSEGAL$) = -18.764486080948835
correctionProbability (#ЖИЗНИДЕЯТЕЛЬНОСТИ$ -> #ЖИЗНЕДЕЯТЕЛЬНОСТИ$) = -26.760381473560116
correctionProbability (#BELLIE$ -> #BILLIE$) = -14.756941414212829
correctionProbability (#ЛЮБИМИМ$ -> #ЛЮБИМЫМ$) = -17.3649061513484
correctionProbability (#BACPA$ -> #BACOPA$) = -32.83159716155812
correctionProbability (#УАРТЕ$ -> #КАРТЕ$) = -7.000785433804271
correctionProbability (#РОЖДЕСТВЕННОЙ$ -> #РОЖДЕСТВЕНСКОЙ$) = -92.67454950804506
correctionProbability (#ИНСТАГАРМ$ -> #ИНСТАГРАМ$) = -76.3883179621849
correctionProbability (#ПЛОНЕТА$ -> #ПЛАНЕТА$) = -10.635842149116485
correctionProbability (#RAMMSTAIN$ -> #RAMMSTEIN$) = -17.33280394525623
correctionProbability (#PECHANGA$ -> #PACHANGA$) = -34.061733087226294
correctionProbability (#ПРОРЕЗИНЕНЫЙ$ -> #ПРОРЕЗИНЕННЫЙ$) = -29.393767060565423
correctionProbability (#МАМАШЕК$ -> #МАМОЧЕК$) = -81.22937628825689
correctionProbability (#МЕДИАМЕТРИКМ$ -> #МЕДИАМЕТРИКС$) = -21.72281381255943
correctionProbability (#ДНЛАТЬ$ -> #ДЕЛАТЬ$) = -7.205956711810497
correctionProbability (#КОРАЧКИ$ -> #КОРОЧКИ$) = -18.783680394642438
correctionProbability (#ИДЕАСК$ -> #ИЖЕВСК$) = -74.7959921919665
correctionProbability (#ПІДВИЩЕНІ$ -> #ПІДВИЩЕННІ$) = -29.166968718564668
correctionProbability (#СОСТАВЦ$ -> #СОСТАВУ$) = -13.57031069943342
correctionProbability (#СУЭЦК$ -> #СУЭЦКИЙ$) = -87.6665280501291
correctionProbability (#НУБАИН$ -> #НУБИАН$) = -91.94777502907091
correctionProbability (#КУПЛБ$ -> #КУПЛЮ$) = -8.997953144536016
correctionProbability (#ЛЮБИТЕЛСКИ$ -> #ЛЮБИТЕЛЬСКИЙ$) = -88.15918711639165
correctionProbability (#ХУЙНДАЙ$ -> #ХУНДАЙ$) = -15.267252494420074
correctionProbability (#ГИСМЕЕО$ -> #ГИСМЕТЕО$) = -8.827276345358023
correctionProbability (#ЦВКТА$ -> #ЦВЕТА$) = -8.56615899309395
correctionProbability (#CCCLEANER$ -> #CCLEANER$) = -18.164370596932535
correctionProbability (#ЗАБАРВЛЕНЯ$ -> #ЗАБАРВЛЕННЯ$) = -27.66670609848186
correctionProbability (#РАМСКАЗЫ$ -> #РАССКАЗЫ$) = -10.702614716494018
correctionProbability (#ODNOKLLASNIKI$ -> #ODNOKLASSNIKI$) = -86.07058616296825
correctionProbability (#ПАЧАН$ -> #ПАЦАН$) = -12.37822866372112
correctionProbability (#ТАТАРИВ$ -> #ТАТАРІВ$) = -25.01642240549831
correctionProbability (#ВВХОДНЫХ$ -> #ВЫХОДНЫХ$) = -16.054851663582525
correctionProbability (#ПРОШОЛ$ -> #ПРОШЕЛ$) = -15.26882684511897
correctionProbability (#ТОБОЬСК$ -> #ТОБОЛЬСК$) = -16.013044894563897
correctionProbability (#ЛЮБИМИЙ$ -> #ЛЮБИМЫЙ$) = -12.13188056270723
correctionProbability (#ФКТБОЛ$ -> #ФУТБОЛ$) = -6.878706488081129
correctionProbability (#РИЗОТО$ -> #РИЗОТТО$) = -18.769981682729508
correctionProbability (#БОНГАККМС$ -> #БОНГАКАМС$) = -15.767146122252186
correctionProbability (#ЛЕЕТУАЛЬ$ -> #ЛЕТУАЛЬ$) = -14.36651630368489
correctionProbability (#ИНАКОВИЧ$ -> #ИСААКОВИЧ$) = -89.0377933933325
correctionProbability (#НЕГРЕТЯНКОЙ$ -> #НЕГРИТЯНКОЙ$) = -23.266525546118416
correctionProbability (#ЛИЦИВЫХ$ -> #ЛИЦЕВЫХ$) = -18.813824603769227
correctionProbability (#СОНБЕРИ$ -> #СОНБЕРРИ$) = -24.87440891845673
correctionProbability (#ГЕППАТИТА$ -> #ГЕПАТИТА$) = -19.010568067512736
correctionProbability (#КОМЕРЧЕСКАЯ$ -> #КОММЕРЧЕСКАЯ$) = -20.57011269870695
correctionProbability (#ПАРАШУТИСТ$ -> #ПАРАШЮТИСТ$) = -22.997433848601283
correctionProbability (#БОЛЬШИЗ$ -> #БОЛЬШИХ$) = -12.81280293822968
correctionProbability (#ПОВИЛИТЕЛЬ$ -> #ПОВЕЛИТЕЛЬ$) = -17.594868165248364
correctionProbability (#ОБЩЕСТВЕНОМ$ -> #ОБЩЕСТВЕННОМ$) = -20.803753457795708
correctionProbability (#БОЛЬШИИ$ -> #БОЛЬШИЕ$) = -9.828602464717065
correctionProbability (#ЯРОСЛАЛЕ$ -> #ЯРОСЛАВЛЕ$) = -14.50574330879919
correctionProbability (#EMGLISH$ -> #ENGLISH$) = -11.077374715668114
correctionProbability (#НОРКОТИКОВ$ -> #НАРКОТИКОВ$) = -18.905585472192477
correctionProbability (#СЛКШАТЬ$ -> #СЛУШАТЬ$) = -5.125238166712881
correctionProbability (#БЕЛГОРОЛЕ$ -> #БЕЛГОРОДЕ$) = -15.331924773942482
correctionProbability (#SCCORE24$ -> #SCORE24$) = -28.951341011551158
correctionProbability (#ФИЛИПИНСКИЙ$ -> #ФИЛИППИНСКИЙ$) = -28.350494375613117
correctionProbability (#ПОЛЛО$ -> #ПОЛО$) = -12.791945676328165
correctionProbability (#ДЕФАСТ$ -> #ДЕВАСТ$) = -17.100092806555832
correctionProbability (#БОЛЬШИН$ -> #БОЛЬШИЕ$) = -9.880725357642724
correctionProbability (#ОСПОРН$ -> #ОСБОРН$) = -18.145189981992477
correctionProbability (#ФИЛИПИНСКИЕ$ -> #ФИЛИППИНСКИЕ$) = -27.294522987238885
correctionProbability (#ДМИРИЙ$ -> #ДМИТРИЙ$) = -10.531344626276052
correctionProbability (#ИСКУССТВЕНЫЕ$ -> #ИСКУССТВЕННЫЕ$) = -22.019496196070925
correctionProbability (#ИНТИМНИЙ$ -> #ИНТИМНЫЙ$) = -18.44612584721245
correctionProbability (#ПАШИНЫ$ -> #МАШИНЫ$) = -7.88505423210956
correctionProbability (#КОЫЕ$ -> #КОФЕ$) = -8.722260370195936
correctionProbability (#ПРЫКОЛЫ$ -> #ПРИКОЛЫ$) = -8.342762568203348
correctionProbability (#ДЕРЖАВАУ$ -> #ДЕРЖАВУ$) = -24.535777311811913
correctionProbability (#ЛИЛИС$ -> #ЛИЛЛИС$) = -20.479071839405055
correctionProbability (#ФОРГЕО$ -> #ФОРГЕ$) = -21.13759261820198
correctionProbability (#YPORN$ -> #YAPORN$) = -19.506086289428968
correctionProbability (#АКВАШОР$ -> #АКВАФОР$) = -14.825314090272514
correctionProbability (#ЄЛЕНИ$ -> #ЕЛЕНЫ$) = -77.14286937728497
correctionProbability (#ПОЛУЧИИТЬ$ -> #ПОЛУЧИТЬ$) = -13.54437400599641
correctionProbability (#КОМАНИИ$ -> #КОМПАНИИ$) = -11.918372848505285
correctionProbability (#МЕРО$ -> #МЕТРО$) = -6.873806266851457
correctionProbability (#КАРДИГАНИ$ -> #КАРДИГАНЫ$) = -17.259612581697688
correctionProbability (#ОУТЛЕНДЕР$ -> #АУТЛЕНДЕР$) = -16.173311907208067
correctionProbability (#СТГНАЛИЗАЦИИ$ -> #СИГНАЛИЗАЦИИ$) = -17.32512757750903
correctionProbability (#СТРОИМАТЕРИАЛЫ$ -> #СТРОЙМАТЕРИАЛЫ$) = -21.905608838927044
correctionProbability (#ИНСТРУКЦТЫ$ -> #ИНСТРУКЦИЯ$) = -74.14449892113689
correctionProbability (#RРЖД$ -> #РЖД$) = -8.3163737925297
correctionProbability (#УЧИЛИШЕ$ -> #УЧИЛИЩЕ$) = -13.891692148216812
correctionProbability (#ТОРНЕТ$ -> #ТОРРЕНТ$) = -72.84586069943998
correctionProbability (#БОЛЬЩИХ$ -> #БОЛЬШИХ$) = -12.810063180687457
correctionProbability (#GADANIA$ -> #GADANIE$) = -18.981446235810665
correctionProbability (#РАННЕ$ -> #РАННЕЕ$) = -15.575497067466703
correctionProbability (#СЬЁМКИ$ -> #СЪЕМКИ$) = -79.10353596147442
correctionProbability (#РИККЕР$ -> #РИКЕР$) = -18.414675494379512
correctionProbability (#CЛИРА$ -> #ЛИРА$) = -16.29077090258342
correctionProbability (#ЗДТРОВ$ -> #ЗДОРОВ$) = -13.629144349453721
correctionProbability (#СОФРОНОВ$ -> #САФРОНОВ$) = -18.65879840634328
correctionProbability (#НУТБУК$ -> #НОУТБУК$) = -11.112173360520266
correctionProbability (#АРИГОТОВИТЬ$ -> #ПРИГОТОВИТЬ$) = -12.38158770415663
correctionProbability (#СВЕРЕСТЕСТВЕНОЕ$ -> #СВЕРХЪЕСТЕСТВЕННОЕ$) = -153.20457328521402
correctionProbability (#ХЕЛСИНКИ$ -> #ХЕЛЬСИНКИ$) = -18.016827650851603
correctionProbability (#ИНТИМНИЕ$ -> #ИНТИМНЫЕ$) = -16.157443223797948
correctionProbability (#ПАРВ$ -> #ПАРЫ$) = -9.633794170189713
correctionProbability (#ЕЛКК$ -> #ЛКК$) = -16.999238785633136
correctionProbability (#ПЕСНИА$ -> #ПЕСНИ$) = -5.773985899449723
correctionProbability (#ТРАСПОРТНОГО$ -> #ТРАНСПОРТНОГО$) = -21.14758589103473
correctionProbability (#ТЕНДИ$ -> #ТЭНДИ$) = -20.43216236308805
correctionProbability (#ИВАНОВСТАТ$ -> #ИВАНОВОСТАТ$) = -29.73183917016
correctionProbability (#ЛИТЕРАТЦРА$ -> #ЛИТЕРАТУРА$) = -15.22384040451977
correctionProbability (#ТЕНДЕ$ -> #ТЕНДЕР$) = -13.506717838752781
correctionProbability (#EOCHKISINOCHKI$ -> #DOCHKISINOCHKI$) = -28.96215877759265
correctionProbability (#КОЛБЫСЫ$ -> #КОЛБАСЫ$) = -15.897163055806459
correctionProbability (#МАМАЧКА$ -> #МАМОЧКА$) = -14.768035043223584
correctionProbability (#РУСКОМ$ -> #РУССКОМ$) = -7.055483150946699
correctionProbability (#MAIIL$ -> #MAIL$) = -9.326586279055821
correctionProbability (#ШАРИИ$ -> #ШАРИКИ$) = -9.439791467578988
correctionProbability (#ПАТАЙЕ$ -> #ПАТТАЙЕ$) = -16.899493733353438
correctionProbability (#ЧБРЮКИ$ -> #БРЮКИ$) = -16.375855915251787
correctionProbability (#МЕРВ$ -> #МЕРЫ$) = -12.379991985043691
correctionProbability (#АКТИТВОВ$ -> #АКТИВОВ$) = -19.46567537601984
correctionProbability (#УЧЕРЕДИТЕЛЕЙ$ -> #УЧРЕДИТЕЛЕЙ$) = -25.159915130319888
correctionProbability (#AUTU$ -> #AUTO$) = -11.063353905565211
correctionProbability (#УКРОИНЕ$ -> #УКРАИНЕ$) = -9.839953546221217
correctionProbability (#БЕЛЬМАНДО$ -> #БЕЛЬМОНДО$) = -19.321182872040872
correctionProbability (#ТРЕЙБЛЕЙЗЕР$ -> #ТРЕЙЛБЛЕЙЗЕР$) = -26.590539046130772
correctionProbability (#РУСКОЙ$ -> #РУССКОЙ$) = -11.467005778546834
correctionProbability (#ПИСКОСТРУЙ$ -> #ПЕСКОСТРУЙ$) = -21.156245720805643
correctionProbability (#СЬЁМКА$ -> #СЪЁМКА$) = -19.24451000489483
correctionProbability (#РУСКОИ$ -> #РУССКОЙ$) = -76.2004998778002
correctionProbability (#НОВОРОССЙСК$ -> #НОВОРОССИЙСК$) = -17.646243284375792
correctionProbability (#БОУТО$ -> #БОРУТО$) = -13.420247480714789
correctionProbability (#ФИЗИОЛГИЧЕСКИ$ -> #ФИЗИОЛОГИЧЕСКИ$) = -33.58539800419316
correctionProbability (#СЕРИАЛИЯ$ -> #СЕРИАЛ$) = -73.8643541987445
correctionProbability (#РОЗВЕДЕНИЕ$ -> #РАЗВЕДЕНИЕ$) = -17.866323875262033
correctionProbability (#SESTER$ -> #SISTER$) = -14.756714453438835
correctionProbability (#МАМАЧКИ$ -> #МАМОЧКИ$) = -13.429122052538624
correctionProbability (#БЛЕЗЕРС$ -> #БРАЗЕРС$) = -77.83679832188783
correctionProbability (#ФАНСЕРИАЛ$ -> #ФАНСЕРИАЛС$) = -18.36208543306423
correctionProbability (#ПШЕМИСЛЬ$ -> #ПШЕМЫСЛЬ$) = -25.0234986437547
correctionProbability (#РАЗМКР$ -> #РАЗМЕР$) = -9.02193609048658
correctionProbability (#ДРЕВНИЯ$ -> #ДРЕВНЯЯ$) = -15.262834805166676
correctionProbability (#ГРЯДЕЦКИЙ$ -> #ГОРОДЕЦКИЙ$) = -87.06835279026248
correctionProbability (#ШГДЗ$ -> #ГДЗ$) = -6.082272494915998
correctionProbability (#ЗЕЛЬДВ$ -> #ЗЕЛЬДА$) = -20.611673433598195
correctionProbability (#БАНУК$ -> #БАНК$) = -6.781550507594723
correctionProbability (#ЛИЛЕР$ -> #ЛИДЕР$) = -11.874024708336702
correctionProbability (#БРОНЗИТ$ -> #БРОНХИТ$) = -15.97014748677774
correctionProbability (#ДЛКТОР$ -> #ДОКТОР$) = -7.87687326154408
correctionProbability (#ИНСТРУКТОЖА$ -> #ИНСТРУКТАЖА$) = -20.48652852755447
correctionProbability (#ПРИЯТНОВ$ -> #ПРИЯТНО$) = -18.57045918092559
correctionProbability (#BIRAZZERS$ -> #BRAZZERS$) = -16.646879231996543
correctionProbability (#САДІВНИЦЯ$ -> #ЧАРІВНИЦЯ$) = -90.89969788857019
correctionProbability (#МАЛЕНЬКАЧ$ -> #МАЛЕНЬКАЯ$) = -13.151818399211884
correctionProbability (#ЗЛОМАН$ -> #СЛОМАН$) = -19.54389737792847
correctionProbability (#СНЕДНАЯ$ -> #СНЕЖНАЯ$) = -11.589736716608364
correctionProbability (#SERTIFIKATIK$ -> #SERTIFIKAT$) = -97.75381946209978
correctionProbability (#ALTERNOS$ -> #ATERNOS$) = -20.083395570675748
correctionProbability (#ЗАПРЕТНИ$ -> #ЗАПРЕТНЫЙ$) = -81.25018559409655
correctionProbability (#РАННЯ$ -> #РАННЯЯ$) = -14.691479286991243
correctionProbability (#ДИСПАНЦЕРИЗАЦИЯ$ -> #ДИСПАНСЕРИЗАЦИЯ$) = -24.95982481535207
correctionProbability (#РОСЬОВ$ -> #РОСТОВ$) = -8.296602583938832
correctionProbability (#САЛЕНТБЛОКИ$ -> #САЙЛЕНТБЛОКИ$) = -22.853360105696474
correctionProbability (#БМЛЕТ$ -> #БИЛЕТ$) = -7.1490304506951965
correctionProbability (#ШЕРИТЬ$ -> #ШИППЕРИТЬ$) = -156.88306632515494
correctionProbability (#ПАПК$ -> #ПАРК$) = -6.715063244100264
correctionProbability (#ДИОГАНАЛИ$ -> #ДИАГОНАЛИ$) = -82.69862612584431
correctionProbability (#ТЮНЕНГЕ$ -> #ТЮНИНГЕ$) = -21.546465475191994
correctionProbability (#ПОСМОТРИТ$ -> #ПОСМОТРЕТЬ$) = -76.92076604475888
correctionProbability (#ГАЛИШОВА$ -> #ГАЛЫШЕВА$) = -98.59630638832118
correctionProbability (#PAVILLION$ -> #PAVILION$) = -19.916981866704887
correctionProbability (#РЕБЕНУА$ -> #РЕБЕНКА$) = -8.217221801726161
correctionProbability (#ТОТЕНХЕМ$ -> #ТОТТЕНХЭМ$) = -84.71648231186416
correctionProbability (#КРЛОВЫХ$ -> #КАРЛОВЫХ$) = -19.73463381658511
correctionProbability (#РУЬ$ -> #РУСЬ$) = -11.126525452845119
correctionProbability (#МЕДВНДИЦА$ -> #МЕДВЕДИЦА$) = -17.291696801538095
correctionProbability (#МАНТАЖУ$ -> #МОНТАЖУ$) = -17.87001541237202
correctionProbability (#БЛЕЗНЕЦОВ$ -> #БЛИЗНЕЦОВ$) = -18.365539979986544
correctionProbability (#ПРИСОЕДИНИТСЯ$ -> #ПРИСОЕДИНИТЬСЯ$) = -27.65881694079588
correctionProbability (#АЛГБЕРЕ$ -> #АЛГЕБРЕ$) = -78.15150646021065
correctionProbability (#БРАТАМ$ -> #БРАТОМ$) = -15.03716639032881
correctionProbability (#ТРИНЕРОВАТЬ$ -> #ТРЕНИРОВАТЬ$) = -88.43940589612103
correctionProbability (#КАПЕРНИК$ -> #КОПЕРНИК$) = -19.850720733279175
correctionProbability (#АККОМУЛЯТОРНАЯ$ -> #АККУМУЛЯТОРНАЯ$) = -23.62359578981129
correctionProbability (#ФУЬБОЛ$ -> #ФУТБОЛ$) = -6.894409927866743
correctionProbability (#БЕЛЬДЕБИ$ -> #БЕЛЬДИБИ$) = -19.880112675523947
correctionProbability (#КАТПЛОГ$ -> #КАТАЛОГ$) = -6.501073849796782
correctionProbability (#ПЕРОЖКОВ$ -> #ПИРОЖКОВ$) = -12.32811942450558
correctionProbability (#МОДКЛЬ$ -> #МОДУЛЬ$) = -11.81848087877432
correctionProbability (#ОНЫН$ -> #ОНЫҢ$) = -14.540439724954172
correctionProbability (#АЛІЭКСПРЕСС$ -> #АЛИЭКСПРЕСС$) = -11.388196460894683
correctionProbability (#ФАРТУХИ$ -> #ФАРТУКИ$) = -16.643839376803157
correctionProbability (#GRAFICS$ -> #GRAPHICS$) = -82.5128386340803
correctionProbability (#ФИЛЬМЯ$ -> #ФИЛЬМЫ$) = -3.577925810546148
correctionProbability (#ТЮМНЬ$ -> #ТЮМЕНЬ$) = -8.385883033294721
correctionProbability (#ОТБОСЫ$ -> #ОТБАСЫ$) = -11.991027172254714
correctionProbability (#ЛОПАТО$ -> #ЛОПАТА$) = -14.525318620745242
correctionProbability (#КАППОДОКИИ$ -> #КАППАДОКИИ$) = -21.268971048728424
correctionProbability (#ПОСЕМУ$ -> #ПОЧЕМУ$) = -6.63379171069359
correctionProbability (#РЕТЕНКОМ$ -> #РЕБЕНКОМ$) = -13.270628314892079
correctionProbability (#МОИНКРАФТ$ -> #МАЙНКРАФТ$) = -72.64690694786277
correctionProbability (#ЕДЕНА$ -> #ЕЛЕНА$) = -7.32251222299703
correctionProbability (#CANLISCOR$ -> #CANLISKOR$) = -21.650874630598892
correctionProbability (#ОПИТА$ -> #ОПЫТА$) = -12.01694435992857
correctionProbability (#НАСТОЯЩИЯ$ -> #НАСТОЯЩАЯ$) = -17.27620507193128
correctionProbability (#ЛИЛЕЯ$ -> #ЛИЛИЯ$) = -12.194772157800077
correctionProbability (#ЗАВТА$ -> #ЗАВТРА$) = -9.972822243861703
correctionProbability (#ТЕНГИ$ -> #ТЕНГЕ$) = -11.173896567427843
correctionProbability (#ЛОПАТК$ -> #ЛОПАТКИ$) = -19.254601961092234
correctionProbability (#МИГРАЦИОНАЯ$ -> #МИГРАЦИОННАЯ$) = -21.865026283190176
correctionProbability (#УСЛОВИЯЗ$ -> #УСЛОВИЯХ$) = -8.891630724833114
correctionProbability (#ПАПІ$ -> #ПАПЫ$) = -12.145760728753618
correctionProbability (#СТАВРАПОЛЬЕ$ -> #СТАВРОПОЛЕ$) = -83.8919333749556
correctionProbability (#РУСКОЄ$ -> #РУССКОЕ$) = -72.70758150153509
correctionProbability (#БИШКНК$ -> #БИШКЕК$) = -12.51379908414459
correctionProbability (#ГИМОГЛАБИН$ -> #ГЕМОГЛОБИН$) = -82.39289106637582
correctionProbability (#ФИЛЬНЫ$ -> #ФИЛЬМЫ$) = -3.583911957003334
correctionProbability (#ТРИКОЛО$ -> #ТРИКОЛОР$) = -13.195414026831209
correctionProbability (#ВНГЛИЙСКОМ$ -> #АНГЛИЙСКОМ$) = -12.00165139111062
correctionProbability (#ФАРТУХА$ -> #ФАРТУКА$) = -16.771643373881908
correctionProbability (#EРОТИКА$ -> #ЭРОТИКА$) = -7.931454103995911
correctionProbability (#ВСКАКИВАЮТ$ -> #ВЫСКАКИВАЮТ$) = -26.2771774298984
correctionProbability (#SHARIT$ -> #SHAREIT$) = -18.742628955876583
correctionProbability (#ИНЕРНЕТА$ -> #ИНТЕРНЕТА$) = -13.048413353977232
correctionProbability (#ОКРАШЕВАНИЕ$ -> #ОКРАШИВАНИЕ$) = -18.223679414648927
correctionProbability (#РАСУДИ$ -> #РАССУДИ$) = -22.328520250387385
correctionProbability (#АНИМЭ$ -> #АНИМЕ$) = -5.936320856304082
correctionProbability (#МАТРИЧНИЙ$ -> #МАТРИЧНЫЙ$) = -22.01661240533543
correctionProbability (#ЗАРКАЛО$ -> #ЗЕРКАЛО$) = -9.801923945991149
correctionProbability (#МАЙНКАФТ$ -> #МАЙНКРАФТ$) = -8.532916580250884
correctionProbability (#ГАСТРОДОУДЕНИТ$ -> #ГАСТРОДУОДЕНИТ$) = -94.99602513739529
correctionProbability (#КИТАЙКИЙ$ -> #КИТАЙСКИЙ$) = -14.315794655592121
correctionProbability (#НАСЛЕДЕЕ$ -> #НАСЛЕДИЕ$) = -13.777771458829427
correctionProbability (#HORISON$ -> #HORIZON$) = -15.815604587723719
correctionProbability (#РУЕ$ -> #РУК$) = -8.689417524124831
correctionProbability (#INDIKATOR$ -> #INDICATOR$) = -22.981204035810585
correctionProbability (#WOLKSWAGEN$ -> #VOLKSWAGEN$) = -16.34404507135043
correctionProbability (#МОТРОС$ -> #МАТРОС$) = -18.284635880233186
correctionProbability (#ПАТИНСОН$ -> #ПАТТИНСОН$) = -20.513870818462145
correctionProbability (#ОДНАКЛАНИКИ$ -> #ОДНОКЛАССНИКИ$) = -141.74388720119236
correctionProbability (#ЕДИСОН$ -> #ЭДИСОН$) = -12.484037071556347
correctionProbability (#МОСКОУТ$ -> #МОСКОУ$) = -20.72508963257417
correctionProbability (#КОФЯ$ -> #КОФЕ$) = -8.768765460009295
correctionProbability (#ПЕДОГОГ$ -> #ПЕДАГОГ$) = -15.36310015115945
correctionProbability (#СТАРОКОНСТЯНТИНІВ$ -> #СТАРОКОСТЯНТИНІВ$) = -33.727783994208
correctionProbability (#МУЛЬТИКЫ$ -> #МУЛЬТИКИ$) = -6.8312612531206796
correctionProbability (#ЛИБРЕДЕРМ$ -> #ЛИБРИДЕРМ$) = -16.479057770652865
correctionProbability (#TARADANOVA$ -> #TARAKANOVA$) = -28.14956797339385
correctionProbability (#ГЕНЕКОЛОГИ$ -> #ГИНЕКОЛОГИ$) = -21.06096450362884
correctionProbability (#ДИОГАНАЛЬ$ -> #ДИАГОНАЛЬ$) = -82.05100776092186
correctionProbability (#SHARIK$ -> #SHARIKI$) = -21.050511947824532
correctionProbability (#КОФЭ$ -> #КАФЕ$) = -72.19935572620099
correctionProbability (#ЛОМОНОСОВО$ -> #ЛОМОНОСОВА$) = -17.63560336067249
correctionProbability (#ЗАВТР$ -> #ЗАВТРА$) = -9.99440593719429
correctionProbability (#KUXNIA$ -> #KUXNYA$) = -21.188514227186356
correctionProbability (#LABLE$ -> #LABEL$) = -84.10996377292112
correctionProbability (#СІД$ -> #СИД$) = -11.297975862757742
correctionProbability (#РХД$ -> #РЖД$) = -5.753972650817115
correctionProbability (#УЧЕБРИК$ -> #УЧЕБНИК$) = -9.070209951702694
correctionProbability (#КОМНОТЕ$ -> #КОМНАТЕ$) = -13.18214154802537
correctionProbability (#САМОВУЛКАНИЗИРУЮЩАЯ$ -> #САМОВУЛКАНИЗИРУЮЩАЯСЯ$) = -113.02266408103954
correctionProbability (#МАГНИТОЛЛА$ -> #МАГНИТОЛА$) = -19.451264980939037
correctionProbability (#ПОХИЩЕНАЯ$ -> #ПОХИЩЕННАЯ$) = -24.375201801125925
correctionProbability (#ОПИРУ$ -> #ОПЕРУ$) = -14.173327292755129
correctionProbability (#МЕТО$ -> #МЕТРО$) = -6.900069627191247
correctionProbability (#ДВУХСЛОЖНЫЕ$ -> #ДВУСЛОЖНЫЕ$) = -26.912852611968013
correctionProbability (#МАКИЧЖ$ -> #МАКИЯЖ$) = -11.05600175823636
correctionProbability (#ГЕНЕКОЛОГА$ -> #ГИНЕКОЛОГА$) = -16.958425349062935
correctionProbability (#ДОЛИНИ$ -> #ДОЛИНА$) = -11.24202483250389
correctionProbability (#КАКЕТКА$ -> #КОКЕТКА$) = -17.179812427920368
correctionProbability (#ПОГРУЩИКА$ -> #ПОГРУЗЧИКА$) = -81.71769722126629
correctionProbability (#ЛАПАРАСКОПИЯ$ -> #ЛАПАРОСКОПИЯ$) = -22.161174832281823
correctionProbability (#ВРМЯ$ -> #ВРЕМЯ$) = -6.547950754911568
correctionProbability (#ДЕГТЕРЕВА$ -> #ДЕГТЯРЕВА$) = -20.282761547590013
correctionProbability (#TERAPY$ -> #THERAPY$) = -18.10778670286342
correctionProbability (#ОРУЖАЮЩЕМУ$ -> #ОКРУЖАЮЩЕМУ$) = -17.310639123505695
correctionProbability (#ГОРИНО$ -> #ГОРИНА$) = -18.38988391082484
correctionProbability (#ВРСИЯ$ -> #ВЕРСИЯ$) = -9.074882920927738
correctionProbability (#ХАДЯЧИЙ$ -> #ХОДЯЧИЙ$) = -16.213734632230633
correctionProbability (#МЕТЛ$ -> #МЕТАЛ$) = -15.86038776086625
correctionProbability (#ФИЬЛЬМ$ -> #ФИЛЬМ$) = -3.6461606620231457
correctionProbability (#КУШЕВСКАЯ$ -> #КУЩЕВСКАЯ$) = -20.441341395738093
correctionProbability (#СТИАМ$ -> #СТИМ$) = -11.05190342121681
correctionProbability (#ДЕВУК$ -> #ДЕВУШКИ$) = -73.7061983112167
correctionProbability (#ДОЛЛРАА$ -> #ДОЛЛАРА$) = -77.43297943130102
correctionProbability (#КРОСТУР$ -> #КРОССТУР$) = -24.006658154438696
correctionProbability (#GROOVER$ -> #GROOVE$) = -20.44347565677616
correctionProbability (#ТНЕР$ -> #ТЮНЕР$) = -15.246067343937849
correctionProbability (#ЯЗЖЫКУ$ -> #ЯЗЫКУ$) = -8.901720696560016
correctionProbability (#МУЛЬТИКМ$ -> #МУЛЬТИКИ$) = -6.837013767725509
correctionProbability (#КРЕСЦОВОГО$ -> #КРЕСТЦОВОГО$) = -22.597607163752322
correctionProbability (#УСЛУ$ -> #УСЛУГ$) = -10.505470528556646
correctionProbability (#ЮБЕЛЕЙ$ -> #ЮБИЛЕЙ$) = -10.772545721849877
correctionProbability (#ШАРЖЕ$ -> #ШАРДЖЕ$) = -18.605177925285577
correctionProbability (#ЛУДШИЙ$ -> #ЛУЧШИЙ$) = -9.397478122551423
correctionProbability (#SHARET$ -> #SHAREIT$) = -18.754133612320473
correctionProbability (#ЕДЕЛЮ$ -> #НЕДЕЛЮ$) = -9.018784034680525
correctionProbability (#СНДЕКС$ -> #ЯНДЕКС$) = -2.2269138010515555
correctionProbability (#ЗУМАГ$ -> #ЗУМА$) = -13.914554765017765
correctionProbability (#ФАРАОСТ$ -> #ФАРПОСТ$) = -11.552457943715325
correctionProbability (#ПРОГРАМИСТ$ -> #ПРОГРАММИСТ$) = -20.21864353209081
correctionProbability (#КОВРОЛАН$ -> #КОВРОЛИН$) = -18.312983667846318
correctionProbability (#НЕСПРАВНОСТИ$ -> #НЕИСПРАВНОСТИ$) = -20.729428099103842
correctionProbability (#ОПИРА$ -> #ОПЕРА$) = -10.456776460680455
correctionProbability (#ЛУДШИЕ$ -> #ЛУЧШИЕ$) = -6.872258716483959
correctionProbability (#ПЕЛОТАЖ$ -> #ПИЛОТАЖ$) = -17.164575819236482
correctionProbability (#МУЛЬТИКК$ -> #МУЛЬТИК$) = -9.322990102302661
correctionProbability (#КОМНОТУ$ -> #КОМНАТУ$) = -11.447110147000643
correctionProbability (#СЙЧАС$ -> #СЕЙЧАС$) = -8.71099360467301
correctionProbability (#ТОРАНТИНО$ -> #ТАРАНТИНО$) = -18.61374206849797
correctionProbability (#ВАЛЕРИАНКА$ -> #ВАЛЕРЬЯНКА$) = -86.71667619662747
correctionProbability (#ПРИВАЗНОЙ$ -> #ПРИВОЗНОЙ$) = -27.292429371312778
correctionProbability (#ВЕЛЫКИ$ -> #ВЕЛИКІ$) = -82.19159811254256
correctionProbability (#МЕСЯ$ -> #МЕСЯЦ$) = -9.387749041719115
correctionProbability (#РОМАНТИХМ$ -> #РОМАНТИЗМ$) = -20.041468923377536
correctionProbability (#ОТЗЫЫВЫ$ -> #ОТЗЫВЫ$) = -7.392262263860271
correctionProbability (#УРОВНИТЕЛЬ$ -> #УРАВНИТЕЛЬ$) = -16.97907334903544
correctionProbability (#AKAUNT$ -> #AKKAUNT$) = -22.436288491574814
correctionProbability (#ГРЕЧИСКИЙ$ -> #ГРЕЧЕСКИЙ$) = -16.99100432576254
correctionProbability (#НПИСАТЬ$ -> #НАПИСАТЬ$) = -12.079537831289606
correctionProbability (#САНАТОРЙ$ -> #САНАТОРИЙ$) = -11.65082032132809
correctionProbability (#БРАУГЗЕР$ -> #БРАУЗЕР$) = -12.79764082710276
correctionProbability (#ЮБЕЛЕЮ$ -> #ЮБИЛЕЮ$) = -14.759434961862699
correctionProbability (#ДИЗБАКТЕРИОЗА$ -> #ДИСБАКТЕРИОЗА$) = -26.28196477056983
correctionProbability (#КОША$ -> #КОШКА$) = -9.665866783434485
correctionProbability (#КООФИЦИЕНТ$ -> #КОЭФФИЦИЕНТ$) = -83.11235918048416
correctionProbability (#ИНСТАГАММ$ -> #ИНСТАГРАМ$) = -76.38833748154345
correctionProbability (#ХОЛЕСАЛ$ -> #ХОЛИСАЛ$) = -18.119077549793957
correctionProbability (#ШАРЕТ$ -> #ШАРИТ$) = -17.116725187320153
correctionProbability (#БЕРЕМЕННОСЬ$ -> #БЕРЕМЕННОСТЬ$) = -16.92376783060255
correctionProbability (#ПАДХОДЯТ$ -> #ПОДХОДЯТ$) = -16.763205360472156
correctionProbability (#КОШЕ$ -> #КОШЕК$) = -9.443236811307163
correctionProbability (#ПЛАТЬЄ$ -> #ПЛАТЬЕ$) = -8.510423213995576
correctionProbability (#ДИЗБАКТЕРИОЗЕ$ -> #ДИСБАКТЕРИОЗЕ$) = -24.060769810877872
correctionProbability (#СВЯЗАХ$ -> #СВЯЗЯХ$) = -22.540780154110024
correctionProbability (#ВАЛЕРИАНКИ$ -> #ВАЛЕРЬЯНКИ$) = -89.61815983957926
correctionProbability (#MUXALIVET$ -> #MUXALIFET$) = -26.515682829812796
correctionProbability (#ЕРИТОМАТОЗНА$ -> #ЭРИТЕМАТОЗНАЯ$) = -157.98672295844653
correctionProbability (#НАЧАЛЬНА$ -> #НАЧАЛЬНАЯ$) = -16.94582838938144
correctionProbability (#МЕСЦ$ -> #МЕСЯЦ$) = -9.376649036510567
correctionProbability (#ЛАПАРАСКОПИИ$ -> #ЛАПАРОСКОПИИ$) = -24.591741867830287
correctionProbability (#ЭРОПОРТ$ -> #АЭРОПОРТ$) = -11.418085361812444
correctionProbability (#СОСТПВИТБ$ -> #СОСТАВИТЬ$) = -77.74442973482704
correctionProbability (#ПРОБЕГАМ$ -> #ПРОБЕГОМ$) = -12.261083673011903
correctionProbability (#ЛТАЙМ$ -> #ТАЙМ$) = -13.890403741672419
correctionProbability (#УЧЕННЫМ$ -> #УЧЕНЫМ$) = -24.129672644319513
correctionProbability (#ДЕВЛЧЕК$ -> #ДЕВОЧЕК$) = -7.696670104544765
correctionProbability (#KNOWT$ -> #KNOW$) = -15.21114366078567
correctionProbability (#СИБИР$ -> #СИБИРЬ$) = -12.706562691254678
correctionProbability (#ALLTIMEW$ -> #ALLTIME$) = -22.08752756224304
correctionProbability (#ХАНДЕР$ -> #ХАНТЕР$) = -12.235494511838457
correctionProbability (#ПЛАТЬИ$ -> #ПЛАТЬЕ$) = -8.45419424116984
correctionProbability (#НІКОТИНОВА$ -> #НИКОТИНОВАЯ$) = -86.05579798334541
correctionProbability (#ОДНАКОАСНИКАХ$ -> #ОДНОКЛАССНИКАХ$) = -148.36106126568504
correctionProbability (#НЕВЕЛИР$ -> #НИВЕЛИР$) = -18.660765836078717
correctionProbability (#ОЮБВИ$ -> #ЛЮБВИ$) = -7.286923427686194
correctionProbability (#УЧЕННЫЙ$ -> #УЧЕНЫЙ$) = -17.350480695277515
correctionProbability (#ГРЕЧИСКИЕ$ -> #ГРЕЧЕСКИЕ$) = -19.10518530822472
correctionProbability (#SNUCER$ -> #SNOOKER$) = -149.46911657324247
correctionProbability (#ЗВЕР$ -> #ЗВЕРЬ$) = -14.07468056193893
correctionProbability (#МИКИЛЯНДЖЕЛО$ -> #МИКЕЛАНДЖЕЛО$) = -86.11906612970634
correctionProbability (#БЕЛЕНС$ -> #БЕЛАНС$) = -19.939401311594704
correctionProbability (#МЕСО$ -> #МЕСТО$) = -9.592819028981939
correctionProbability (#ЧОПЕР$ -> #ЧОППЕР$) = -19.57415639755344
correctionProbability (#ППОСЛЕ$ -> #ПОСЛЕ$) = -7.925095029796108
correctionProbability (#СКАЧАЕТЬ$ -> #СКАЧАТЬ$) = -4.997858149964385
correctionProbability (#CGOOGLE$ -> #GOOGLE$) = -8.359461475244359
correctionProbability (#КОККЕРА$ -> #КОКЕРА$) = -24.759727605481984
correctionProbability (#УЧЕННЫЕ$ -> #УЧЕНЫЕ$) = -16.047297410015947
correctionProbability (#ВЕШНЁВАЯ$ -> #ВИШНЁВАЯ$) = -21.240418561237355
correctionProbability (#УЧЕННЫХ$ -> #УЧЕНЫХ$) = -18.369276791653494
correctionProbability (#СЕРИАЛИИ$ -> #СЕРИАЛЫ$) = -74.69873305330904
correctionProbability (#ВОССОЕДЕНИЕ$ -> #ВОССОЕДИНЕНИЕ$) = -88.32734061779581
correctionProbability (#ТРИПЭДВИЗОР$ -> #ТРИПАДВИЗОР$) = -22.595182256288723
correctionProbability (#СМАТРЕЬ$ -> #СМОТРЕТЬ$) = -67.62301207686141
correctionProbability (#ТЕЛИФОНЫ$ -> #ТЕЛЕФОНЫ$) = -12.463458338759253
correctionProbability (#КАМИНЗ$ -> #КАММИНЗ$) = -18.44192117692839
correctionProbability (#АЗТЕМІРТРАНС$ -> #КАЗТЕМИРТРАНС$) = -94.2968337766608
correctionProbability (#ГОПЫЕ$ -> #ГОЛЫЕ$) = -6.495971272080151
correctionProbability (#ПРАТКИ$ -> #ПРЯТКИ$) = -12.509915150740593
correctionProbability (#ПЕСНИЯ$ -> #ПЕСНЯ$) = -6.204806657854515
correctionProbability (#КОМНОТЫ$ -> #КОМНАТЫ$) = -10.53031628473282
correctionProbability (#ХУТРОП$ -> #ХУТОР$) = -80.42922482898213
correctionProbability (#DOÜNLOAD$ -> #DOWNLOAD$) = -11.037108553626801
correctionProbability (#ЭКСТЕЗИ$ -> #ЭКСТАЗИ$) = -19.571183894791368
correctionProbability (#РОССКАЗЫ$ -> #РАССКАЗЫ$) = -10.655326305230602
correctionProbability (#ЗВЕЗ$ -> #ЗВЕЗД$) = -11.535898377671987
correctionProbability (#SOUNCLOUD$ -> #SOUNDCLOUD$) = -20.67638411121245
correctionProbability (#ТАРГОВИ$ -> #ТОРГОВЫЙ$) = -143.01210430560263
correctionProbability (#ХЕРРОУ$ -> #ХЭРРОУ$) = -19.91658820077299
correctionProbability (#МЕСЕ$ -> #МЕСТЕ$) = -12.409848662470086
correctionProbability (#SAZDAT$ -> #SOZDAT$) = -21.539381374109443
correctionProbability (#РОЗОЦЕА$ -> #РОЗАЦЕА$) = -19.002321237101754
correctionProbability (#LOUNCHER$ -> #LAUNCHER$) = -16.701943399632626
correctionProbability (#ЖИОЕТОВ$ -> #ЖИЛЕТОВ$) = -19.105602705467618
correctionProbability (#ЬВИЧ$ -> #ТВИЧ$) = -9.778087144347683
correctionProbability (#EXPER$ -> #EXPERT$) = -15.656791957017862
correctionProbability (#БИЛИТА$ -> #БЕЛИТА$) = -17.378073008430132
correctionProbability (#MULJTIKI$ -> #MULTIKI$) = -17.343221452370187
correctionProbability (#ОСРЫЕ$ -> #ОСТРЫЕ$) = -10.459952389608244
correctionProbability (#ООТЕЛЬ$ -> #ОТЕЛЬ$) = -9.485536035974793
correctionProbability (#ALLTIMEE$ -> #ALLTIME$) = -22.072248308288067
correctionProbability (#ЧВСТЬ$ -> #ЧАСТЬ$) = -6.438500136587475
correctionProbability (#ВАЗЬМУ$ -> #ВОЗЬМУ$) = -16.417514585958383
correctionProbability (#ACESS$ -> #ACCESS$) = -15.451641984834229
correctionProbability (#ТЕНЕР$ -> #ТРЕНЕР$) = -12.74262017152358
correctionProbability (#ФИЛЬРА$ -> #ФИЛЬТРА$) = -13.945734995625266
correctionProbability (#ШИЛИНГ$ -> #ШИЛЛИНГ$) = -22.27094225908425
correctionProbability (#ЕЛЛИ$ -> #ЭЛЛИ$) = -12.891940160531082
correctionProbability (#ИДИШН$ -> #ЭДИШН$) = -17.57273301583678
correctionProbability (#ДЕТКОЕ$ -> #ДЕТСКОЕ$) = -12.212589161430685
correctionProbability (#РРАБОТА$ -> #РАБОТА$) = -7.452063447765919
correctionProbability (#ЧСЕЗОН$ -> #СЕЗОН$) = -4.736959602430762
correctionProbability (#ТЕНЕЦ$ -> #ТАНЕЦ$) = -7.794230010784158
correctionProbability (#ПЕСНИТ$ -> #ПЕСНИ$) = -5.769550646762163
correctionProbability (#GETTA$ -> #GUETTA$) = -19.63983401435856
correctionProbability (#ТНДВ$ -> #ТНВД$) = -79.90995526289466
correctionProbability (#XAOMI$ -> #XIAOMI$) = -10.447792352106621
correctionProbability (#ВОЗРОЖЕНИЕ$ -> #ВОЗРОЖДЕНИЕ$) = -17.386497047673416
correctionProbability (#ГИНЕССА$ -> #ГИННЕСА$) = -86.34702896098112
correctionProbability (#СПЖЕНЕЦ$ -> #САЖЕНЕЦ$) = -17.827680175050787
correctionProbability (#КАКУШКА$ -> #КУКУШКА$) = -13.44957279591953
correctionProbability (#VINTER$ -> #WINTER$) = -14.277306864886835
correctionProbability (#FORMATTA$ -> #FORMATA$) = -26.64616560800804
correctionProbability (#ГРИГОРОВА$ -> #ГРИГОРЬЕВА$) = -86.1533877870911
correctionProbability (#СОЗАНИЯ$ -> #СОЗДАНИЯ$) = -13.805731761780727
correctionProbability (#СКРАДАТИСЯ$ -> #СКЛАДАТИСЯ$) = -35.748912185492465
correctionProbability (#РУСКПЯ$ -> #РУССКАЯ$) = -73.83242631967731
correctionProbability (#BATTLEUP$ -> #BATTLE$) = -83.21767214347688
correctionProbability (#ПРСЕЛОК$ -> #ПОСЕЛОК$) = -12.169913933485162
correctionProbability (#РАЗВИВАЕТЬСЯ$ -> #РАЗВИВАЕТСЯ$) = -24.44398303132469
correctionProbability (#КОРАЛОВЫЙ$ -> #КОРАЛЛОВЫЙ$) = -21.022146618365056
correctionProbability (#САУНКЛАУД$ -> #САУНДКЛАУД$) = -22.28638572571601
correctionProbability (#ПРВАТ$ -> #ПРИВАТ$) = -11.560762883829614
correctionProbability (#ДОВЕРИН$ -> #ДОВЕРИЕ$) = -15.941748670231988
correctionProbability (#ПЕСНИЙ$ -> #ПЕСНИ$) = -5.805595996631855
correctionProbability (#АЛКОГРЛЯ$ -> #АЛКОГОЛЯ$) = -14.652674278033196
correctionProbability (#ПРАВИЛБНО$ -> #ПРАВИЛЬНО$) = -9.587055244950385
correctionProbability (#РЧИ$ -> #РЕЧИ$) = -9.573785900172883
correctionProbability (#СИНИНАТ$ -> #СВИНИНА$) = -82.97101018665774
correctionProbability (#КОТЛ$ -> #КОТЕЛ$) = -10.185690683169579
correctionProbability (#ПОСМОТРЕТ$ -> #ПОСМОТРЕТЬ$) = -12.197382623133407
correctionProbability (#СКИБИДУ$ -> #СКИБИДИ$) = -14.454906579127844
correctionProbability (#ОДНОКЛАССРИКИ$ -> #ОДНОКЛАССНИКИ$) = -11.248185227621839
correctionProbability (#PRESTOLOW$ -> #PRESTOLOV$) = -21.340898312894744
correctionProbability (#СВЕНИНА$ -> #СВИНИНА$) = -15.102813221056124
correctionProbability (#ГАРНІЕР$ -> #ГАРНЬЕР$) = -17.01955255368523
correctionProbability (#ВЕЛОКОМПЮТЕР$ -> #ВЕЛОКОМПЬЮТЕР$) = -27.13008725120791
correctionProbability (#ТЕНИСА$ -> #ТЕННИСА$) = -15.06103548213629
correctionProbability (#МЭЙБЕЛЛИН$ -> #МЕЙБЕЛИН$) = -86.83420486147367
correctionProbability (#НЙТИ$ -> #НАЙТИ$) = -7.509101083592192
correctionProbability (#ЛЕРАУ$ -> #ЛЕРУА$) = -76.06973972117872
correctionProbability (#AMANUKA$ -> #MANUKA$) = -28.18738894703489
correctionProbability (#ЖИЛОИ$ -> #ЖИЛОЙ$) = -11.621495457024213
correctionProbability (#ТЕНИСЕ$ -> #ТЕННИСЕ$) = -19.016537172481776
correctionProbability (#ЛЕЧЕГИЕ$ -> #ЛЕЧЕНИЕ$) = -7.123250238620095
correctionProbability (#АУРЕЯ$ -> #АУРЕА$) = -20.138271672957114
correctionProbability (#ЕГИПЕДСКИЕ$ -> #ЕГИПЕТСКИЕ$) = -19.157475020198262
correctionProbability (#НУТБУКЕ$ -> #НОУТБУКЕ$) = -14.119759590386643
correctionProbability (#ИСТОРИЯЯ$ -> #ИСТОРИЯ$) = -10.644440969392164
correctionProbability (#ЖЫДКОСТЬ$ -> #ЖИДКОСТЬ$) = -14.354102453899507
correctionProbability (#ЛАПЕРАМИД$ -> #ЛОПЕРАМИД$) = -19.296795188585527
correctionProbability (#АБЛАЙ$ -> #АБЫЛАЙ$) = -16.957314679178797
correctionProbability (#НАХОДТСЯ$ -> #НАХОДИТСЯ$) = -12.658976032388388
correctionProbability (#ANDROEET$ -> #ANDROEED$) = -17.93474504864291
correctionProbability (#ПРАКАЗНИК$ -> #ПРОКАЗНИК$) = -20.720338780054718
correctionProbability (#ЛЕШАЙНИК$ -> #ЛИШАЙНИК$) = -21.75430846765697
correctionProbability (#СЛВАРЬ$ -> #СЛОВАРЬ$) = -12.657936599282806
correctionProbability (#SEROZI$ -> #SERROZI$) = -33.712831967382954
correctionProbability (#АПОЛОН$ -> #АПОЛЛОН$) = -18.49442807700124
correctionProbability (#КАЗЛОВЩИНЕ$ -> #КОЗЛОВЩИНЕ$) = -35.67301576581911
correctionProbability (#НЕЖНИЙ$ -> #НЕЖНЫЙ$) = -12.383816278765433
correctionProbability (#TTIPMYDREAM$ -> #TRIPMYDREAM$) = -21.305915671465385
correctionProbability (#КОТВ$ -> #КОТА$) = -5.919286252822239
correctionProbability (#НАВЕГАТОР$ -> #НАВИГАТОР$) = -14.281039712656849
correctionProbability (#ТАЭРАНА$ -> #ТАЭРНА$) = -22.169076032987803
correctionProbability (#ХЕЛОВИН$ -> #ХЭЛЛОУИН$) = -140.24491819641958
correctionProbability (#РАНТА$ -> #ГРАНТА$) = -12.345847016770644
correctionProbability (#ПРЕДАЧ$ -> #ПЕРЕДАЧ$) = -10.21552962653523
correctionProbability (#ЗОДИТЬ$ -> #ХОДИТЬ$) = -13.245309245190104
correctionProbability (#ИЩМЕНЕНИЯ$ -> #ИЗМЕНЕНИЯ$) = -14.142198727849234
correctionProbability (#BATANGA$ -> #BADANGA$) = -24.988210421035213
correctionProbability (#КОМНОТНОЕ$ -> #КОМНАТНОЕ$) = -17.51048976751541
correctionProbability (#АВСТАЛИИ$ -> #АВСТРАЛИИ$) = -16.22557855624811
correctionProbability (#ПСИХОЛОГИНЕ$ -> #ПСИХОЛОГИНИ$) = -17.73864049630687
correctionProbability (#СЕТИНГ$ -> #СЕТТИНГ$) = -24.905820511086695
correctionProbability (#ПОДКЛЧЕНИЕ$ -> #ПОДКЛЮЧЕНИЕ$) = -16.477967598511697
correctionProbability (#ПЕРЕНОТАЛЬНОГО$ -> #ПЕРИНАТАЛЬНОГО$) = -93.12833764598216
correctionProbability (#РОУСИ$ -> #РУСИ$) = -12.916858933202878
correctionProbability (#ПРИЗОШЛО$ -> #ПРОИЗОШЛО$) = -18.028269109334893
correctionProbability (#ПРИСУСТВОВАТЬ$ -> #ПРИСУТСТВОВАТЬ$) = -28.403087476616363
correctionProbability (#АЛЬФАСТРАХОВАНИИ$ -> #АЛЬФАСТРАХОВАНИЕ$) = -23.58824483543372
correctionProbability (#ВЫХОЛНЫЕ$ -> #ВЫХОДНЫЕ$) = -12.629750182353469
correctionProbability (#FANKO$ -> #FUNKO$) = -19.200542189445418
correctionProbability (#ВАТЦАП$ -> #ВАТСАП$) = -8.551002296767397
correctionProbability (#КРАЧИВЫЕ$ -> #КРАСИВЫЕ$) = -7.403383948873881
correctionProbability (#РАЗЕТКУ$ -> #РОЗЕТКУ$) = -16.98163822632099
correctionProbability (#ПСИХОЛОГИНЯ$ -> #ПСИХОЛОГИЯ$) = -17.75413217675201
correctionProbability (#ДОВЕРЕНОСТЬ$ -> #ДОВЕРЕННОСТЬ$) = -19.118163795953315
correctionProbability (#TRNSLATE$ -> #TRANSLATE$) = -13.920319315180926
correctionProbability (#DARCK$ -> #DARK$) = -13.216556297669921
correctionProbability (#ПІРАТ$ -> #ПІРАТИ$) = -19.28762963239578
correctionProbability (#МУОЬТИК$ -> #МУЛЬТИК$) = -6.839268749395572
correctionProbability (#ГИНЕТИКИ$ -> #ГЕНЕТИКИ$) = -20.501370778330042
correctionProbability (#СИЧИ$ -> #СОЧИ$) = -6.582106174618371
correctionProbability (#ДНЕНВНИК$ -> #ДНЕВНИК$) = -9.487664886901626
correctionProbability (#СОСИКАЛ$ -> #СОЦИАЛ$) = -86.42008146582235
correctionProbability (#ПРАТИК$ -> #ПРАКТИК$) = -17.690024709723417
correctionProbability (#СЕНЕВА$ -> #СИНЕВА$) = -15.7887977075187
correctionProbability (#ПОЛЕС$ -> #ПОЛИС$) = -10.305854323522542
correctionProbability (#ВОСТАНОВИТЕЛЬНАЯ$ -> #ВОССТАНОВИТЕЛЬНАЯ$) = -30.575050492866055
correctionProbability (#ШИХИРИЗАДА$ -> #ШАХЕРЕЗАДА$) = -147.66766770978978
correctionProbability (#ЦЫСТИТ$ -> #ЦИСТИТ$) = -14.157366051182063
correctionProbability (#ПРИВЕЛЕГИЯ$ -> #ПРИВИЛЕГИЯ$) = -22.5465755882584
correctionProbability (#БУЧЕТ$ -> #БУЧЕТИ$) = -32.69838415046061
correctionProbability (#ОКТЕВИРОВАТЬ$ -> #АКТИВИРОВАТЬ$) = -82.70883169249421
correctionProbability (#СМЫШНЫ$ -> #СМЕШНЫЕ$) = -74.4298068850802
correctionProbability (#РАСТАВИТЬ$ -> #РАССТАВИТЬ$) = -20.69399410550762
correctionProbability (#CLIF$ -> #CLIFF$) = -19.111319045696508
correctionProbability (#ПЕДУШКИ$ -> #ПЕТУШКИ$) = -17.927462134889254
correctionProbability (#КАРИЛАЗИМ$ -> #КАРИПАЗИМ$) = -23.592151842676287
correctionProbability (#ИНТЕРЕНТА$ -> #ИНТЕРНЕТА$) = -80.23084567289776
correctionProbability (#OFICE$ -> #OFFICE$) = -12.418976445438158
correctionProbability (#ЛЮБОВОЙ$ -> #ЛЮБОВНОЙ$) = -22.46092019325205
correctionProbability (#СКСКАЧАТЬ$ -> #СКАЧАТЬ$) = -72.23575519674068
correctionProbability (#ГРУШОВАЯ$ -> #ГРУШЕВАЯ$) = -23.44603004387114
correctionProbability (#МИТАЛ$ -> #МЕТАЛЛ$) = -77.79624626534687
correctionProbability (#CLIB$ -> #CLUB$) = -9.04678187971533
correctionProbability (#ГИНЕТИКА$ -> #ГЕНЕТИКА$) = -19.056145308585528
correctionProbability (#ТРАНСЯЦИЯ$ -> #ТРАНСЛЯЦИЯ$) = -13.534547004292087
correctionProbability (#ВОРСКДА$ -> #ВОРСКЛА$) = -21.656957789347658
correctionProbability (#YUYUBE$ -> #YOUTUBE$) = -71.73428673072922
correctionProbability (#ЕЛЕА$ -> #ЕЛЕНА$) = -7.867096435193698
correctionProbability (#ТВРСКАЯ$ -> #ТВЕРСКАЯ$) = -16.490780220859243
correctionProbability (#ВОЙЛИЧЕНКО$ -> #ВУЛИЧЕНКО$) = -90.47320930083843
correctionProbability (#АПАСНАЯ$ -> #ОПАСНАЯ$) = -15.6709626500365
correctionProbability (#НАЛИВАЬЬ$ -> #НАЛИВАТЬ$) = -22.191589632216868
correctionProbability (#ЭЛЕКТРИЕК$ -> #ЭЛЕКТРИЧЕК$) = -13.968976848113918
correctionProbability (#ПОЛЕК$ -> #ПОЛЕ$) = -11.3451629851013
correctionProbability (#КОЗЕРОК$ -> #КОЗЕРОГ$) = -13.50677051115943
correctionProbability (#ПРИВЕЛЕГИЙ$ -> #ПРИВИЛЕГИЙ$) = -24.68519602456837
correctionProbability (#ХИБА$ -> #ХІБА$) = -15.5616163191206
correctionProbability (#НУБІК$ -> #НУБИК$) = -9.820705436961926
correctionProbability (#ДЖЭТ$ -> #ДЖЕТ$) = -13.014583190858051
correctionProbability (#ИНСТАРГРАМ$ -> #ИНСТАГРАМ$) = -11.04543537605469
correctionProbability (#РАЗЕТКЕ$ -> #РОЗЕТКЕ$) = -18.981348593261885
correctionProbability (#АНГЛИЙСУОМУ$ -> #АНГЛИЙСКОМУ$) = -13.213850818889426
correctionProbability (#СЕРИАЛОК$ -> #СЕРИАЛ$) = -73.83385096091354
correctionProbability (#ПОДГЛЯДИВАНИЕ$ -> #ПОДГЛЯДЫВАНИЕ$) = -21.378340035493586
correctionProbability (#ВИДИЛИСЬ$ -> #ВИДЕЛИСЬ$) = -22.44183426632174
correctionProbability (#ДЕРМОТОЛОГ$ -> #ДЕРМАТОЛОГ$) = -17.959445769044542
correctionProbability (#КЕНККСИ$ -> #КЕНЕКСИ$) = -23.469195005650064
correctionProbability (#ЕФЕКТЫ$ -> #ЭФФЕКТЫ$) = -80.96244277302158
correctionProbability (#ОПЛАТЬ$ -> #ОПЛАТИТЬ$) = -79.71882295167424
correctionProbability (#MFACEBOOK$ -> #FACEBOOK$) = -11.940196679540584
correctionProbability (#VERDS$ -> #VERBS$) = -15.639986057546398
correctionProbability (#ЛУДОГ$ -> #ЛУТДОГ$) = -17.455524655515124
correctionProbability (#ALIBAABA$ -> #ALIBABA$) = -21.381770984135514
correctionProbability (#ОВЕТАМИ$ -> #ОТВЕТАМИ$) = -13.262240321473826
correctionProbability (#ПРОСТАВИТЬ$ -> #ПОСТАВИТЬ$) = -15.251997156364475
correctionProbability (#ЭЛИКТРОНЫЙ$ -> #ЭЛЕКТРОННЫЙ$) = -77.37149685949883
correctionProbability (#СОБРУДНИКА$ -> #СОТРУДНИКА$) = -16.710661860398602
correctionProbability (#QARTULAT$ -> #QARTULAD$) = -16.026591485040598
correctionProbability (#МУЛТИКА$ -> #МУЛЬТИКА$) = -14.91085292294229
correctionProbability (#МИКЕЛАНДЖИЛО$ -> #МИКЕЛАНДЖЕЛО$) = -21.31471885146123
correctionProbability (#ТЫСТЫ$ -> #ТЕСТЫ$) = -9.109126731913218
correctionProbability (#ДЖЭМ$ -> #ДЖЕМ$) = -13.232643455527967
correctionProbability (#ИЗДЕВАЮТЬСЯ$ -> #ИЗДЕВАЮТСЯ$) = -24.444486733109805
correctionProbability (#МИКРОЗАЙМИ$ -> #МИКРОЗАЙМЫ$) = -19.52535673890889
correctionProbability (#ПРАВМЛЬНО$ -> #ПРАВИЛЬНО$) = -9.624999994530818
correctionProbability (#СМАРЕ$ -> #САМАРЕ$) = -10.344957404723008
correctionProbability (#МЕЙДЗИ$ -> #МЭЙДЗИ$) = -21.322544496275253
correctionProbability (#ЦВРЕВНА$ -> #ЦАРЕВНА$) = -12.809934430428179
correctionProbability (#МАМСИМ$ -> #МАКСИМ$) = -9.648914314381688
correctionProbability (#КАТЕГОРІЯМ$ -> #КАТЕГОРИЯМ$) = -20.20060643538814
correctionProbability (#ВЫГЛЕДЯТ$ -> #ВЫГЛЯДЯТ$) = -15.094018248518175
correctionProbability (#ТЛЕГРАМ$ -> #ТЕЛЕГРАММ$) = -80.33538477530475
correctionProbability (#МУЛЬТЕКОВ$ -> #МУЛЬТИКОВ$) = -15.923296214033066
correctionProbability (#ПОДСЛУШЕННО$ -> #ПОДСЛУШАНО$) = -80.80215098921008
correctionProbability (#ИЗВРОЩЕНКИ$ -> #ИЗВРАЩЕНКИ$) = -23.581980986698134
correctionProbability (#BITGA$ -> #BIRGA$) = -24.258675670240038
correctionProbability (#СЕЙЧПС$ -> #СЕЙЧАС$) = -8.160078313709835
correctionProbability (#ДМИТРЕЕВНА$ -> #ДМИТРИЕВНА$) = -20.100390811619434
correctionProbability (#УДАДИТЬ$ -> #УДАЛИТЬ$) = -10.522095663967313
correctionProbability (#ЕЛИП$ -> #КЛИП$) = -5.9429866869306025
correctionProbability (#ЗОДИЯКОВ$ -> #ЗОДИАКОВ$) = -21.47400704484683
correctionProbability (#ВЛАДИИР$ -> #ВЛАДИМИР$) = -10.724885760214526
correctionProbability (#ЕЛИТ$ -> #ЭЛИТ$) = -13.11021969999631
correctionProbability (#ФИЛЬМИ$ -> #ФИЛЬМЫ$) = -3.5437137293184264
correctionProbability (#ГИНИКОЛОГИИ$ -> #ГИНЕКОЛОГИИ$) = -18.403312588341066
correctionProbability (#ЕЛИС$ -> #ЭЛИС$) = -13.492360596375573
correctionProbability (#МЕОИ$ -> #МЕРИ$) = -13.06796781844714
correctionProbability (#СКАРСГОРД$ -> #СКАРСГАРД$) = -19.75470677451907
correctionProbability (#КРАСНОПЕРЕКОПЕ$ -> #КРАСНОПЕРЕКОПСКЕ$) = -94.608231924084
correctionProbability (#ПЕЛЕТНЫЙ$ -> #ПЕЛЛЕТНЫЙ$) = -24.054172125883532
correctionProbability (#MAIOL$ -> #MAIL$) = -9.335463512114249
correctionProbability (#ЧЛЕНОСОСОВ$ -> #ЧЛЕНОСОСОК$) = -35.71341528625812
correctionProbability (#NETHERLAND$ -> #NETHERLANDS$) = -22.32405657776271
correctionProbability (#HOTE$ -> #HOTEL$) = -9.61836634204418
correctionProbability (#ПЯНУЮ$ -> #ПЬЯНУЮ$) = -14.838432429420248
correctionProbability (#КИНОГГО$ -> #КИНОГО$) = -13.615924148953841
correctionProbability (#PDALIVE$ -> #PDALIFE$) = -17.422955236313165
correctionProbability (#МИСЬЕ$ -> #МЕСЬЕ$) = -20.22638852627684
correctionProbability (#ФОРИНДА$ -> #ФОРИНТА$) = -20.64021928892423
correctionProbability (#ВАЛКЕР$ -> #ВОЛКЕР$) = -17.998986570014285
correctionProbability (#НИМЕЦКОМ$ -> #НЕМЕЦКОМ$) = -14.75016980250087
correctionProbability (#XAMSTER$ -> #XHAMSTER$) = -15.16039093032414
correctionProbability (#НОВЕЛА$ -> #НОВЕЛЛА$) = -18.093369203412067
correctionProbability (#ЗАБЕРЕМЕННЕЛА$ -> #ЗАБЕРЕМЕНЕЛА$) = -26.621471839247583
correctionProbability (#COMISION$ -> #COMMISSION$) = -90.47636553935587
correctionProbability (#MAIOR$ -> #MAJOR$) = -14.248550218490639
correctionProbability (#BONGOCAMS$ -> #BONGACAMS$) = -16.886339225273005
correctionProbability (#АЧАЛЬНИК$ -> #НАЧАЛЬНИК$) = -15.131446272673053
correctionProbability (#ENGKISH$ -> #ENGLISH$) = -11.074304628444537
correctionProbability (#ПРИВЕЛЕГИИ$ -> #ПРИВИЛЕГИИ$) = -23.264914185716215
correctionProbability (#ТРАКТАРИСТА$ -> #ТРАКТОРИСТА$) = -21.61524302580286
correctionProbability (#ЭДЕКТРОННАЯ$ -> #ЭЛЕКТРОННАЯ$) = -13.421550482093835
correctionProbability (#ЭЛИТСА$ -> #ЭЛИСТА$) = -82.56966187286535
correctionProbability (#НАСЕЛЕНЯ$ -> #НАСЕЛЕНИЯ$) = -13.143816710706055
correctionProbability (#ВЗЛОМОНЫЙ$ -> #ВЗЛОМАННЫЙ$) = -80.96714233727778
correctionProbability (#ЬУЗОВА$ -> #БУЗОВА$) = -11.058972895289525
correctionProbability (#ПЛАТЧТ$ -> #ПЛАТЯТ$) = -14.523665267346953
correctionProbability (#УДРАТЬ$ -> #УБРАТЬ$) = -9.72430277608267
correctionProbability (#ФИЛЬМЦ$ -> #ФИЛЬМЫ$) = -3.5782521517206085
correctionProbability (#ГРАНАДИН$ -> #ГРЕНАДИН$) = -24.279874426371677
correctionProbability (#ФУЛАУТ$ -> #ФОЛЛАУТ$) = -80.4104603759743
correctionProbability (#НИМЕЦКОЕ$ -> #НЕМЕЦКОЕ$) = -16.167444448726258
correctionProbability (#СЕМТРА$ -> #СЕСТРА$) = -10.52011413689171
correctionProbability (#ПОКРОВСЬК$ -> #ПОКРОВСК$) = -21.554430459522266
correctionProbability (#РУДЕТКА$ -> #РУЛЕТКА$) = -11.764536159405168
correctionProbability (#ЛОКТАЦИЯ$ -> #ЛАКТАЦИЯ$) = -22.152438674112908
correctionProbability (#СОСОЛИ$ -> #СОСАЛИ$) = -23.596988327325533
correctionProbability (#СЕРИАЛЛА$ -> #СЕРИАЛА$) = -14.593202972516153
correctionProbability (#РШУ$ -> #РЕШУ$) = -8.58292455907105
correctionProbability (#МЕНЧ$ -> #МЕНЯ$) = -6.021824198833361
correctionProbability (#ВУМНС$ -> #ВУМЕНС$) = -17.75166563086304
correctionProbability (#СЕЛЕБРЕТИ$ -> #СЕЛЕБРИТИ$) = -22.786095505445672
correctionProbability (#ККЦОМД$ -> #КККЦОМД$) = -27.381631326690552
correctionProbability (#ФИЛЬММ$ -> #ФИЛЬМ$) = -3.6673268788726396
correctionProbability (#ПОДЖАРИТЬ$ -> #ПОЖАРИТЬ$) = -18.09351591143711
correctionProbability (#КАШЕЛЕК$ -> #КОШЕЛЕК$) = -10.765050304614135
correctionProbability (#ЭЛОИСА$ -> #ЭЛОИЗА$) = -22.239487383580283
correctionProbability (#PORSH$ -> #PORSCHE$) = -82.09431248087098
correctionProbability (#HAMMAI$ -> #HAMMALI$) = -17.172253490597285
correctionProbability (#ФЭРОФЛОТ$ -> #АЭРОФЛОТ$) = -12.052837158883463
correctionProbability (#ALLITME$ -> #ALLTIME$) = -87.42616214012702
correctionProbability (#ULNART$ -> #ULMART$) = -13.709086175702762
correctionProbability (#ФИЛЬМС$ -> #ФИЛЬМ$) = -3.6463044214735767
correctionProbability (#QUWIQLARI$ -> #QUSHIQLARI$) = -91.39415035771577
correctionProbability (#ПРОССЕКО$ -> #ПРОСЕККО$) = -90.14493414768134
correctionProbability (#ПОДРОСКОВОЕ$ -> #ПОДРОСТКОВОЕ$) = -24.72934034070608
correctionProbability (#ТЕНИСИСТ$ -> #ТЕННИСИСТ$) = -20.515021366279953
correctionProbability (#АРХИА$ -> #АРХИВ$) = -10.600318066750393
correctionProbability (#ЧКРЕЗ$ -> #ЧЕРЕЗ$) = -5.649810961477122
correctionProbability (#БАНДИЦКИЙ$ -> #БАНДИТСКИЙ$) = -82.66656884194306
correctionProbability (#УКАЇНСЬКІ$ -> #УКРАЇНСЬКІ$) = -19.349141675085498
correctionProbability (#СЛОАЕ$ -> #СЛОВЕ$) = -11.56523505485912
correctionProbability (#КОШЕЛОК$ -> #КОШЕЛЕК$) = -10.857567232345126
correctionProbability (#ПЕРЛОУТРА$ -> #ПЕРЛАМУТРА$) = -92.45736350152461
correctionProbability (#КАРОЛЕВ$ -> #КОРОЛЕВ$) = -13.386630240688064
correctionProbability (#БЕЗШОВНЫЙ$ -> #БЕСШОВНЫЙ$) = -22.38138027290544
correctionProbability (#ПРЕДСЕДЕАТЕЛЮ$ -> #ПРЕДСЕДАТЕЛЮ$) = -26.093628506731903
correctionProbability (#СОРОМЛЮСЯ$ -> #СОРОМЛЮСЬ$) = -19.678262551856086
correctionProbability (#АВЕРЛОК$ -> #ОВЕРЛОК$) = -17.630814783401064
correctionProbability (#ГОРАТ$ -> #ГОРОД$) = -69.75583125640674
correctionProbability (#НЕЗАТОПТАННАЯ$ -> #ЗАТОПТАННАЯ$) = -106.41160542291456
correctionProbability (#ЩАЧЕМ$ -> #ЗАЧЕМ$) = -10.285780270222386
correctionProbability (#КОМАДЫ$ -> #КОМАНДЫ$) = -13.207141305033637
correctionProbability (#ЗАВРА$ -> #ЗАВТРА$) = -9.939241163515408
correctionProbability (#ТЮУБ$ -> #ЮТУБ$) = -68.07683978062929
correctionProbability (#АКТАВЕГИН$ -> #АКТОВЕГИН$) = -17.16014114946414
correctionProbability (#ПРОВОСЛАВНОЕ$ -> #ПРАВОСЛАВНОЕ$) = -23.29895314423907
correctionProbability (#TRIPMYDRIAM$ -> #TRIPMYDREAM$) = -21.306108640199312
correctionProbability (#ИЩМЕНЕНИИ$ -> #ИЗМЕНЕНИИ$) = -17.951293751197767
correctionProbability (#БЕЗШОВНЫЕ$ -> #БЕСШОВНЫЕ$) = -19.608458728539
correctionProbability (#JENESIS$ -> #GENESIS$) = -17.26771260668616
correctionProbability (#ALLTIMJE$ -> #ALLTIME$) = -22.088028752819582
correctionProbability (#АУПИТЬ$ -> #КУПИТЬ$) = -1.4196630288544902
correctionProbability (#ПЕРЕЫВОДЧИК$ -> #ПЕРЕВОДЧИК$) = -11.187893594684546
correctionProbability (#БУЕРА$ -> #БУЕРАК$) = -23.415459987460878
correctionProbability (#ОАСШИРИТЬСЯ$ -> #РАСШИРЯТЬСЯ$) = -95.49825433846664
correctionProbability (#ПЛРГО$ -> #ПЛРНО$) = -14.679767074702571
correctionProbability (#ВИБОР$ -> #ВЫБОР$) = -10.907254328368001
correctionProbability (#ТОССИИ$ -> #РОССИИ$) = -4.596826760200159
correctionProbability (#МЕНБ$ -> #МЕНЮ$) = -8.236099783738727
correctionProbability (#EPOMIKA$ -> #EROTIKA$) = -79.13001110391443
correctionProbability (#ДУВУШЕК$ -> #ДЕВУШЕК$) = -9.381901915326324
correctionProbability (#УПАРВЛЕНИЕ$ -> #УПРАВЛЕНИЕ$) = -80.86563970875011
correctionProbability (#СИНИКИ$ -> #СИНЯКИ$) = -16.34458619062529
correctionProbability (#МЕТАЛОЧЕРЕПИЦЫ$ -> #МЕТАЛЛОЧЕРЕПИЦЫ$) = -24.909808042828843
correctionProbability (#ОФТЦИАЛЬНЫЙ$ -> #ОФИЦИАЛЬНЫЙ$) = -6.974292160983168
correctionProbability (#ЮНЕВЕРС$ -> #ЮНИВЕРС$) = -18.971366524985093
correctionProbability (#КЛИЕНТН$ -> #КЛИЕНТ$) = -14.04488715032662
correctionProbability (#ДУРАЧЕК$ -> #ДУРАЧОК$) = -20.903186971800253
correctionProbability (#НЕМИС$ -> #НЕМІС$) = -22.29043397104961
correctionProbability (#CЕРВИС$ -> #СЕРВИС$) = -9.156631642094904
correctionProbability (#СТУПИЕ$ -> #СТУПИЦЕ$) = -21.698392491962736
correctionProbability (#CHELL$ -> #SHELL$) = -15.316271930492253
correctionProbability (#ГАБРИЕЛЛА$ -> #ГАБРИЭЛЛА$) = -21.592353744032934
correctionProbability (#ДОЕКА$ -> #ДОЧКА$) = -10.91053103646232
correctionProbability (#ПРЕДВОРИТЕЛЬНЫЕ$ -> #ПРЕДВАРИТЕЛЬНЫЕ$) = -27.714855740758836
correctionProbability (#VEW$ -> #VIEW$) = -13.566920858239076
correctionProbability (#ФИЛЬМІ$ -> #ФИЛЬМЫ$) = -3.575065821267529
correctionProbability (#СТЕРИЛИЗОВАНАЯ$ -> #СТЕРИЛИЗОВАННАЯ$) = -31.584544385666234
correctionProbability (#ЛАНДСКАЯ$ -> #ЛАНСКАЯ$) = -22.411196366979546
correctionProbability (#ХІЛЛ$ -> #ХИЛЛ$) = -13.555497043687144
correctionProbability (#ГРИГОРЕВИЧ$ -> #ГРИГОРЬЕВИЧ$) = -20.28564180601856
correctionProbability (#СКАЩАТЬ$ -> #СКАЧАТЬ$) = -2.481305305122005
correctionProbability (#ФЛМАРТ$ -> #ЮЛМАРТ$) = -12.516873701682815
correctionProbability (#ТЕНИСУ$ -> #ТЕННИСУ$) = -17.003767028592094
correctionProbability (#ПРЕДВОРИТЕЛЬНЫЙ$ -> #ПРЕДВАРИТЕЛЬНЫЙ$) = -25.71187583577408
correctionProbability (#ЕКСТРИМ$ -> #ЭКСТРИМ$) = -14.739173864413218
correctionProbability (#РАЗУМОВКАЯ$ -> #РАЗУМОВСКАЯ$) = -18.246408164536042
correctionProbability (#ADDIDAS$ -> #ADIDAS$) = -16.339126625603956
correctionProbability (#МОКРИЦЯ$ -> #МОКРИЦА$) = -19.60892979275571
correctionProbability (#БАГДАНОВА$ -> #БОГДАНОВА$) = -18.954530143842085
correctionProbability (#ГОРАЖ$ -> #ГАРАЖ$) = -10.944599175334847
correctionProbability (#КОУГ$ -> #КРУГ$) = -8.523648289867698
correctionProbability (#CUMING$ -> #CUMMING$) = -23.202034661255766
correctionProbability (#РОДИЛСЧ$ -> #РОДИЛСЯ$) = -14.175172414721331
correctionProbability (#ТЕНИСС$ -> #ТЕННИС$) = -79.0332278918864
correctionProbability (#ПОСМОТР$ -> #ПРОСМОТР$) = -13.870376048884033
correctionProbability (#КЛАСАА$ -> #КЛАССА$) = -7.656276065963244
correctionProbability (#ВРЕМЕНАЯ$ -> #ВРЕМЕННАЯ$) = -18.648575676666816
correctionProbability (#БЫАШИМ$ -> #БЫВШИМ$) = -17.670972413635173
correctionProbability (#ТУРКМАНИСКИ$ -> #ТУРКМЕНИСКИ$) = -36.751154956322395
correctionProbability (#БИТУМНА$ -> #БИТУМНАЯ$) = -20.498901401589826
correctionProbability (#ШЕРЕМЕТЕВО$ -> #ШЕРЕМЕТЬЕВО$) = -16.76762618947955
correctionProbability (#ХЛОРГЕКСЕДИНОМ$ -> #ХЛОРГЕКСИДИНОМ$) = -27.020261201841976
correctionProbability (#ХІЛС$ -> #ХІЛЗ$) = -24.951609205923745
correctionProbability (#ПРИПИТИ$ -> #ПРИПЯТИ$) = -14.643599757128406
correctionProbability (#КАЗАҚСТАН$ -> #ҚАЗАҚСТАН$) = -15.328291765588531
correctionProbability (#ЗРАЧЕК$ -> #ЗРАЧОК$) = -20.173134945627506
correctionProbability (#SINGL$ -> #SINGLE$) = -14.72523860138529
correctionProbability (#NOYABIR$ -> #NOYABR$) = -22.914891625373542
correctionProbability (#ТЕЛЛЕГРАМ$ -> #ТЕЛЕГРАММ$) = -82.22580780162184
correctionProbability (#МАЛЫШЕЦ$ -> #МАЛЫШЕЙ$) = -10.809180203033591
correctionProbability (#ТЮТИ$ -> #ДЬЮТИ$) = -77.84859085883876
correctionProbability (#ПОДКЛЧЕНИЯ$ -> #ПОДКЛЮЧЕНИЯ$) = -16.972816342654305
correctionProbability (#ВЕНТОЛІН$ -> #ВЕНТОЛИН$) = -20.746022967997966
correctionProbability (#ЛОКТАЦИИ$ -> #ЛАКТАЦИИ$) = -16.34150532914755
correctionProbability (#РАЗВЛИЧЕНИЯ$ -> #РАЗВЛЕЧЕНИЯ$) = -18.171544464716533
correctionProbability (#СЕРИАЛЛЫ$ -> #СЕРИАЛЫ$) = -9.988419595006896
correctionProbability (#СВЯЗАТСЯ$ -> #СВЯЗАТЬСЯ$) = -18.763284010503504
correctionProbability (#КОЛОМБА$ -> #КОЛОМБО$) = -14.407531800344728
correctionProbability (#РАССТОЧНИЕ$ -> #РАССТОЯНИЕ$) = -12.572022998850152
correctionProbability (#САПОГО$ -> #САПОГИ$) = -11.114252020799132
correctionProbability (#GMAIK$ -> #GMAIL$) = -8.367896807647
correctionProbability (#ЖИЛТЕ$ -> #ЖИЛЬЕ$) = -10.398760617722022
correctionProbability (#АПООЛИМ$ -> #АПОАЛИМ$) = -20.85029387839686
correctionProbability (#PUZLE$ -> #PUZZLE$) = -16.816807774623957
correctionProbability (#ОКИЯБРЯ$ -> #ОКТЯБРЯ$) = -8.411353463975573
correctionProbability (#ЛОВЕРДА$ -> #ЛАВЕРДА$) = -32.85018292355582
correctionProbability (#ТРИПАНГ$ -> #ТРЕПАНГ$) = -21.095828120492435
correctionProbability (#ПРЕВЕДИТЕ$ -> #ПРИВЕДИТЕ$) = -17.454498456862964
correctionProbability (#ОКИЯБРЬ$ -> #ОКТЯБРЬ$) = -9.49901410865963
correctionProbability (#БЕЛЕТЫ$ -> #БИЛЕТЫ$) = -7.455410996081511
correctionProbability (#ЩЕЛКНВСКАЯ$ -> #ЩЕЛКОВСКАЯ$) = -20.642408706078356
correctionProbability (#FAITHUL$ -> #FAITHFUL$) = -20.581760048087354
correctionProbability (#PARIMACH$ -> #PARIMATCH$) = -19.28465521762182
correctionProbability (#ИКРАН$ -> #ЭКРАН$) = -7.71965305407026
correctionProbability (#МУЗЦКА$ -> #МУЗЫКА$) = -5.475674596600616
correctionProbability (#СЭНГВИЧ$ -> #СЭНДВИЧ$) = -13.505157257223388
correctionProbability (#КОЗОВА$ -> #КОЗЛОВА$) = -17.558309309890817
correctionProbability (#ШАРЛОТКП$ -> #ШАРЛОТКА$) = -13.349411632127733
correctionProbability (#ТЕРРАКТ$ -> #ТЕРАКТ$) = -18.26009656216321
correctionProbability (#ЕВОЛВ$ -> #ЕВОЛЬВ$) = -19.674089877162405
correctionProbability (#НЕМЕТ$ -> #НЕМЕЕТ$) = -16.783002830060543
correctionProbability (#СТОЛОТ$ -> #СТОЛОТО$) = -10.150717829839223
correctionProbability (#КОФИЦИЕНТ$ -> #КОЭФФИЦИЕНТ$) = -83.71612220289433
correctionProbability (#ЮТКУБ$ -> #ЮТУБ$) = -2.6978526318672458
correctionProbability (#КАКАИН$ -> #КОКАИН$) = -16.898015695490823
correctionProbability (#КАКАИМ$ -> #КАКИМ$) = -12.759499319936683
correctionProbability (#ПАТАСУ$ -> #ПУТАССУ$) = -86.12675042296341
correctionProbability (#GMAES$ -> #GAMES$) = -77.15121767322671
correctionProbability (#БАНКС$ -> #БАНК$) = -6.727139639672497
correctionProbability (#СПЛАЧВАТЬ$ -> #ОПЛАЧИВАТЬ$) = -84.83791469210718
correctionProbability (#КОРТКИЕ$ -> #КОРОТКИЕ$) = -11.782468880740957
correctionProbability (#ВИККИПЕДИЯ$ -> #ВИКИПЕДИЯ$) = -11.915692099831723
correctionProbability (#BIRBANK$ -> #SBERBANK$) = -79.51726695749754
correctionProbability (#ЛЕГИНГРАД$ -> #ЛЕНИНГРАД$) = -13.274262884799917
correctionProbability (#CLER$ -> #CLEAR$) = -15.62387195600552
correctionProbability (#MOLEKULA$ -> #MOLECULA$) = -25.968076598960444
correctionProbability (#СЛОАУ$ -> #СЛОВУ$) = -10.572826624999468
correctionProbability (#КАЕРА$ -> #КАМЕРА$) = -9.637319843607163
correctionProbability (#ЭКСКОВАТОРЩИКА$ -> #ЭКСКАВАТОРЩИКА$) = -29.30139302305868
correctionProbability (#ЛАБОРАТОРИ$ -> #ЛАБОРАТОРИИ$) = -19.56669669439357
correctionProbability (#ПОСМОТРТЬ$ -> #ПОСМОТРЕТЬ$) = -12.26766049198865
correctionProbability (#АНИЕМ$ -> #АНИМЕ$) = -73.77922773717904
correctionProbability (#СТУДЕТКА$ -> #СТУДЕНТКА$) = -17.909845656484286
correctionProbability (#СТОМОТОЛОГА$ -> #СТОМАТОЛОГА$) = -19.75338833707322
correctionProbability (#СРАТОВЕ$ -> #САРАТОВЕ$) = -13.240742559199525
correctionProbability (#БУЧЕНИЕ$ -> #ОБУЧЕНИЕ$) = -11.183466430709295
correctionProbability (#ПАЗЕ$ -> #БАЗЕ$) = -11.104995089189902
correctionProbability (#ОТРЫВАК$ -> #ОТРЫВОК$) = -14.978487454352866
correctionProbability (#НИКАГДА$ -> #НИКОГДА$) = -12.754309827787068
correctionProbability (#КУКИТЬ$ -> #КУПИТЬ$) = -1.3929159036161032
correctionProbability (#АВЧАРКА$ -> #ОВЧАРКА$) = -14.429421789873615
correctionProbability (#ГАЗЫВАЕТСЯ$ -> #НАЗЫВАЕТСЯ$) = -13.997672836150649
correctionProbability (#НЯЧАЕГ$ -> #НЯЧАНГ$) = -13.905169305973555
correctionProbability (#АВТОМАБИЛЕ$ -> #АВТОМОБИЛЕ$) = -15.85069908298798
correctionProbability (#ДИАПОЗОНЕ$ -> #ДИАПАЗОНЕ$) = -22.46555257666075
correctionProbability (#ГИПТРАЛ$ -> #ГЕПТРАЛ$) = -16.637169678802117
correctionProbability (#ТЕЛЕФЛОН$ -> #ТЕЛЕФОН$) = -9.944854818078163
correctionProbability (#АВТОМАБИЛИ$ -> #АВТОМОБИЛИ$) = -13.929535482169968
correctionProbability (#СТИЖИ$ -> #СТИХИ$) = -6.911549352022931
correctionProbability (#CHEET$ -> #CHEAT$) = -13.893943558646757
correctionProbability (#ОКИЯБРЕ$ -> #ОКТЯБРЕ$) = -10.742608057288656
correctionProbability (#NVTI$ -> #NVUTI$) = -14.680841165250353
correctionProbability (#ПЕЛОТКУ$ -> #ПИЛОТКУ$) = -18.95636702808401
correctionProbability (#МИКРОИГОЛЬЧАТЫЕ$ -> #МИКРОИГОЛЬЧАТЫЙ$) = -40.8595311930744
correctionProbability (#БАНКН$ -> #БАНК$) = -6.713565424024797
correctionProbability (#ДНЫПРО$ -> #ДНІПРО$) = -18.40822695106682
correctionProbability (#КОНР$ -> #КОНТР$) = -13.551570320585032
correctionProbability (#ПРИГОТАВЛЕНИЕ$ -> #ПРИГОТОВЛЕНИЕ$) = -18.56142410215316
correctionProbability (#КИНОЕАТР$ -> #КИНОТЕАТР$) = -11.879804021353372
correctionProbability (#ВИКИПЕ$ -> #ВИКИПЕДИЯ$) = -140.6768871755709
correctionProbability (#STEAMWORKSHOPDOWLOADER$ -> #STEAMWORKSHOPDOWNLOADER$) = -43.68849770321031
correctionProbability (#АВТОМАБИЛЯ$ -> #АВТОМОБИЛЯ$) = -11.95539660023379
correctionProbability (#ЛОВЕРЕД$ -> #ЛОВЕРЕАД$) = -21.274772334269763
correctionProbability (#РЕБЕНКС$ -> #РЕБЕНКА$) = -8.247191386075798
correctionProbability (#ЛТСТЬЯ$ -> #ЛИСТЬЯ$) = -9.372684129009972
correctionProbability (#КОФИЦЕНТ$ -> #КОЭФФИЦИЕНТ$) = -149.05605091764255
correctionProbability (#РЕБЕНКО$ -> #РЕБЕНКА$) = -8.167522025856549
correctionProbability (#ПРОВИТЕЛЬСТВА$ -> #ПРАВИТЕЛЬСТВА$) = -17.63657199861342
correctionProbability (#ЗНАКМСТВА$ -> #ЗНАКОМСТВА$) = -11.369089277758427
correctionProbability (#ПОПИЛОМЫ$ -> #ПАПИЛЛОМЫ$) = -83.36946464398055
correctionProbability (#РЕБЕНКП$ -> #РЕБЕНКА$) = -8.23509707696865
correctionProbability (#ЖЕРИХ$ -> #ЖЕРЕХ$) = -19.495882151417458
correctionProbability (#OLIMPIK$ -> #OLYMPIC$) = -83.24196950597901
correctionProbability (#ПЕРСОНАЖПМИ$ -> #ПЕРСОНАЖАМИ$) = -23.40984230519323
correctionProbability (#КОНБ$ -> #КОНЬ$) = -11.411112068563366
correctionProbability (#ДЕВИЗИОН$ -> #ДИВИЗИОН$) = -16.489273779570567
correctionProbability (#ЧКРКЗ$ -> #ЧЕРЕЗ$) = -70.43224387425846
correctionProbability (#ІНФОШИНА$ -> #ИНФОШИНА$) = -23.54891061257512
correctionProbability (#БЕРЦИ$ -> #БЕРЦЫ$) = -15.482810993662842
correctionProbability (#ЭКСПЕРЕСС$ -> #ЭКСПРЕСС$) = -13.62503824917841
correctionProbability (#СЛОВВ$ -> #СЛОВА$) = -5.953573143705533
correctionProbability (#РЕБЕНКК$ -> #РЕБЕНКУ$) = -11.320502481998219
correctionProbability (#OLIMPIA$ -> #OLYMPIA$) = -21.995909128384973
correctionProbability (#ОФИЦЫАЛЬНЫЙ$ -> #ОФИЦИАЛЬНЫЙ$) = -6.969874422158114
correctionProbability (#РОЗХОД$ -> #РАСХОД$) = -76.8090292174658
correctionProbability (#DANSER$ -> #DANCER$) = -18.681769473106026
correctionProbability (#СЛОВР$ -> #СЛОВО$) = -7.6967281627898565
correctionProbability (#АУЗЫКА$ -> #МУЗЫКА$) = -5.492023508091446
correctionProbability (#СЛОВП$ -> #СЛОВА$) = -5.9484743893919045
correctionProbability (#ДОЛЛОРОВОЕ$ -> #ДОЛЛАРОВОЕ$) = -21.06384091725907
correctionProbability (#ФЕСТЕВАЛЬ$ -> #ФЕСТИВАЛЬ$) = -14.968621350232802
correctionProbability (#OLIMPIC$ -> #OLYMPIC$) = -18.50683681531047
correctionProbability (#КЛІРЕНС$ -> #КЛИРЕНС$) = -18.057677532115022
correctionProbability (#САХОРНОГО$ -> #САХАРНОГО$) = -18.177151132649904
correctionProbability (#ИНСТАГРАМММ$ -> #ИНСТАГРАМ$) = -78.30648078051195
correctionProbability (#ФГТО$ -> #ФОТО$) = -0.613327032296791
correctionProbability (#ЛОКОРН$ -> #ЛАКОРН$) = -15.962224758833276
correctionProbability (#EGUABANK$ -> #EQUABANK$) = -34.058100801706544
correctionProbability (#ЧЕРЧЕЖ$ -> #ЧЕРТЕЖ$) = -11.332316971291103
correctionProbability (#СЕМИЛАК$ -> #СИМИЛАК$) = -20.514561448583827
correctionProbability (#САНАТОРИЦ$ -> #САНАТОРИЙ$) = -11.049308515564526
correctionProbability (#VHY$ -> #WHY$) = -10.221912355246754
correctionProbability (#OБУСТРОЙСТВО$ -> #ОБУСТРОЙСТВО$) = -19.92238188313049
correctionProbability (#СПМСОК$ -> #СПИСОК$) = -8.532121255897938
correctionProbability (#ОБОЗНАЧАЕТЬСЯ$ -> #ОБОЗНАЧАЕТСЯ$) = -24.0652862682348
correctionProbability (#СЛОВЛ$ -> #СЛОВО$) = -7.696440713540635
correctionProbability (#ЧЕЛЛВЕК$ -> #ЧЕЛОВЕК$) = -7.787313589680579
correctionProbability (#ПУГОЧЕВОЙ$ -> #ПУГАЧЕВОЙ$) = -16.698859002219088
correctionProbability (#ИНСТАГРАММИ$ -> #ИНСТАГРАМ$) = -78.2948123813791
correctionProbability (#ЗААЗАТЬ$ -> #ЗАКАЗАТЬ$) = -9.760024705543394
correctionProbability (#ПЛАТТЕ$ -> #ПЛАТЬЕ$) = -8.462905712658877
correctionProbability (#ЧЕРЕЗВЫЧАЙНЫХ$ -> #ЧРЕЗВЫЧАЙНЫХ$) = -25.046198306521894
correctionProbability (#КАМПЮТЕРА$ -> #КОМПЬЮТЕРА$) = -78.5078104853472
correctionProbability (#ВРАУ$ -> #ВРАЧУ$) = -8.723168313705745
correctionProbability (#ЗННАКОМСТВА$ -> #ЗНАКОМСТВА$) = -13.189486006476649
correctionProbability (#ТОРННТ$ -> #ТОРРЕНТ$) = -72.89399559799905
correctionProbability (#ПРЕЗИДЕН$ -> #ПРЕЗИДЕНТ$) = -15.42055818532041
correctionProbability (#ЗАБРОШЕНОМ$ -> #ЗАБРОШЕННОМ$) = -26.881784458767918
correctionProbability (#ВАЛЬБИРИС$ -> #ВАЛБЕРИС$) = -79.65304540788352
correctionProbability (#ТИМОШЕНКА$ -> #ТИМОШЕНКО$) = -18.31793197910899
correctionProbability (#УСТАНЛВИТЬ$ -> #УСТАНОВИТЬ$) = -12.109225271440557
correctionProbability (#ИРУТСК$ -> #ИРКУТСК$) = -9.823546400846915
correctionProbability (#ЛЕССБИ$ -> #ЛЕСБИ$) = -12.131408701223247
correctionProbability (#ЭРАТИЧЕСКИЙ$ -> #ЭРОТИЧЕСКИЙ$) = -15.735549666386802
correctionProbability (#BREAT$ -> #BREATH$) = -18.189383084921506
correctionProbability (#СИТМ$ -> #СИТИ$) = -7.620713491481478
correctionProbability (#ЕЛАС$ -> #КЛАСС$) = -67.7168579836509
correctionProbability (#ХОРИКА$ -> #ХОРЕКА$) = -20.535736317254955
correctionProbability (#ДАРТЦ$ -> #ДАРТС$) = -17.33780667987637
correctionProbability (#ПОРТРЕ$ -> #ПОРТРЕТ$) = -11.961377883789453
correctionProbability (#ДЕЙСТВМЯ$ -> #ДЕЙСТВИЯ$) = -12.815937348981542
correctionProbability (#ГЕЛЕНДИК$ -> #ГЕЛЕНДЖИК$) = -15.744605947426265
correctionProbability (#ЯЗЫЫКЕ$ -> #ЯЗЫКЕ$) = -8.57617036985943
correctionProbability (#ПОПИЛОМО$ -> #ПАПИЛЛОМА$) = -149.81223280948979
correctionProbability (#СЕЛЬКОГО$ -> #СЕЛЬСКОГО$) = -15.408631091511062
correctionProbability (#МАРИОТТ$ -> #МАРРИОТТ$) = -20.519866414357928
correctionProbability (#ДИСКУСИЯ$ -> #ДИСКУССИЯ$) = -22.972138942535835
correctionProbability (#ОТРАБОТННЫЕ$ -> #ОТРАБОТАННЫЕ$) = -26.998538233894884
correctionProbability (#ЧЕЛВЕК$ -> #ЧЕЛОВЕК$) = -8.343753718061656
correctionProbability (#ПРЕДСТАВЛЧЕТ$ -> #ПРЕДСТАВЛЯЕТ$) = -17.946166600918538
correctionProbability (#ФОРНИТУРА$ -> #ФУРНИТУРА$) = -15.373822949872626
correctionProbability (#ВАНТЕТ$ -> #ВАНТЕД$) = -15.572859102950826
correctionProbability (#АЗУС$ -> #АСУС$) = -11.993677564622434
correctionProbability (#МЕЖД$ -> #МЕЖДУ$) = -8.277735064164677
correctionProbability (#БЕСПЛАТНАЯЯ$ -> #БЕСПЛАТНАЯ$) = -17.356507418097486
correctionProbability (#ЗВУКАВОЙ$ -> #ЗВУКОВОЙ$) = -16.273990985000026
correctionProbability (#НОВОСИБИРМКЕ$ -> #НОВОСИБИРСКЕ$) = -15.156156953303942
correctionProbability (#ACERONLINE$ -> #AZERONLINE$) = -36.01345969890091
correctionProbability (#ПОПИЛОМУ$ -> #ПАПИЛЛОМУ$) = -89.48192905674038
correctionProbability (#УРЮМ$ -> #УГРЮМ$) = -15.83934171206796
correctionProbability (#ВЫПЛОТОЙ$ -> #ВЫПЛАТОЙ$) = -20.042933317346474
correctionProbability (#ТИХАНОВ$ -> #ТИХОНОВ$) = -16.25671240835628
correctionProbability (#САНАТОРИЕ$ -> #САНАТОРИИ$) = -13.186546618974234
correctionProbability (#ПОЛАС$ -> #ПАЛАС$) = -13.496534713364628
correctionProbability (#ПЕИНТ$ -> #ПАИНТ$) = -16.68340461596765
correctionProbability (#ВУМАН$ -> #ВУМЕН$) = -11.060546894606066
correctionProbability (#XOVRINO$ -> #HOVRINO$) = -33.11919101694621
correctionProbability (#КОМУНИКАБЕЛЬНОСТЬ$ -> #КОММУНИКАБЕЛЬНОСТЬ$) = -33.87189859876651
correctionProbability (#ПРОИШЕСТВИЕ$ -> #ПРОИСШЕСТВИЕ$) = -21.600074558467632
correctionProbability (#БУДЕНОВСКЕ$ -> #БУДЕННОВСКЕ$) = -22.91820922715756
correctionProbability (#КОМЕРЧЕСКОЙ$ -> #КОММЕРЧЕСКОЙ$) = -21.024275128576896
correctionProbability (#СЕНОВСКИЙ$ -> #СЕЧЕНОВСКИЙ$) = -87.8306773038751
correctionProbability (#ФОЛЬТСФАГЕН$ -> #ФОЛЬКСВАГЕН$) = -78.86328431504134
correctionProbability (#СЫНОЧКАК$ -> #СЫНОЧКАХ$) = -23.31265297640976
correctionProbability (#БАННК$ -> #БАНК$) = -6.663355619441123
correctionProbability (#КУНДЫЛЫК$ -> #ҚҰНДЫЛЫҚ$) = -148.90732739079618
correctionProbability (#ОТЛЕТИКИ$ -> #АТЛЕТИКИ$) = -16.725617038968117
correctionProbability (#ДЛСТАВКА$ -> #ДОСТАВКА$) = -9.69942135443894
correctionProbability (#ПЯТКАШПОР$ -> #ПЯТКОШПОР$) = -26.146945411938205
correctionProbability (#РАЗНІХ$ -> #РАЗНЫХ$) = -11.351462755586024
correctionProbability (#ПОТУСТОРОННИ$ -> #ПОТУСТОРОННИЙ$) = -28.27588678673375
correctionProbability (#ОТЛЕТИКЕ$ -> #АТЛЕТИКЕ$) = -16.451143637401984
correctionProbability (#ПРОШАЙ$ -> #ПРОЩАЙ$) = -14.053224359109056
correctionProbability (#MPLAYER$ -> #KMPLAYER$) = -21.159245957893475
correctionProbability (#РУСКИЄ$ -> #РУССКИЕ$) = -72.14976096393741
correctionProbability (#ОСНОВОГО$ -> #ОСНОВНОГО$) = -18.28891305719238
correctionProbability (#САРГАСОВО$ -> #САРГАССОВО$) = -25.449258393440836
correctionProbability (#ДИТЕКТОР$ -> #ДИРЕКТОР$) = -13.34713323862794
correctionProbability (#ПОММОТРЕТЬ$ -> #ПОСМОТРЕТЬ$) = -11.684425853108422
correctionProbability (#ПЛАСТЕЛИНОВЫЙ$ -> #ПЛАСТИЛИНОВЫЙ$) = -23.657227350948453
correctionProbability (#ВАКАНЧИИ$ -> #ВАКАНСИИ$) = -8.162556970272135
correctionProbability (#МАТЕРЕКИ$ -> #МАТЕРИКИ$) = -18.301852787949024
correctionProbability (#ФИЛЬИІ$ -> #ФИЛЬМЫ$) = -68.3282889683724
correctionProbability (#VIW$ -> #VIEW$) = -13.557711919904666
correctionProbability (#ЕУПИТ$ -> #КУПИТЬ$) = -66.69579686770017
correctionProbability (#МЕДАЕДЬ$ -> #МЕДВЕДЬ$) = -5.123692730169614
correctionProbability (#КОТЛЕТКИ$ -> #КОТЛЕТЫ$) = -79.46311920125294
correctionProbability (#КОНФОРОЧНЫЕ$ -> #КОМФОРОЧНЫЕ$) = -25.682961145178936
correctionProbability (#ХОБСС$ -> #ХОББС$) = -9.717065088288901
correctionProbability (#ПАНТЕЛЕИМОНА$ -> #ПАНТЕЛЕЙМОНА$) = -25.719306411559707
correctionProbability (#КОМЕРЧЕСКОЕ$ -> #КОММЕРЧЕСКОЕ$) = -21.541350997096053
correctionProbability (#РУЕРО$ -> #РУЭРО$) = -22.01129312155821
correctionProbability (#ДЕВИЧЕИК$ -> #ДЕВИЧНИК$) = -18.23238597489307
correctionProbability (#ШВЕЙЦАРІІ$ -> #ШВЕЙЦАРІЇ$) = -25.481179400263862
correctionProbability (#ЦИТРУ$ -> #ЦИТРУС$) = -15.993379128116647
correctionProbability (#SHOO$ -> #SHOP$) = -10.51753483267635
correctionProbability (#МАТЕРЕКЕ$ -> #МАТЕРИКЕ$) = -20.24515104859821
correctionProbability (#ЕЦКИЙ$ -> #НЕМЕЦКИЙ$) = -143.9986191176262
correctionProbability (#ЗАРЕГАТСЯ$ -> #ЗАРЕГАТЬСЯ$) = -24.164367417353965
correctionProbability (#АППРАТ$ -> #АППАРАТ$) = -10.86034692619517
correctionProbability (#DEFENITION$ -> #DEFINITION$) = -19.93246492256052
correctionProbability (#SHOV$ -> #SHOW$) = -10.576728491165706
correctionProbability (#РИМЕР$ -> #ПРИМЕР$) = -10.969383352722605
correctionProbability (#ФИЛЬИМ$ -> #ФИЛЬМ$) = -3.656148402771887
correctionProbability (#СЯМЕНА$ -> #СЕМЕНА$) = -9.859517076689965
correctionProbability (#ЛТЦА$ -> #ЛИЦА$) = -6.409032744240903
correctionProbability (#ТУШЕННКА$ -> #ТУШЕНКА$) = -18.971497909305413
correctionProbability (#НЕГИЗДЕРИ$ -> #НЕГІЗДЕРІ$) = -84.81084497841032
correctionProbability (#К16R$ -> #K16R$) = -30.763674065889816
correctionProbability (#СПАВКА$ -> #СПРАВКА$) = -11.431503018038455
correctionProbability (#КЕМИДИ$ -> #КАМЕДИ$) = -74.64351943135664
correctionProbability (#HOOM$ -> #HOME$) = -76.51365726994709
correctionProbability (#ПЕГМЕНТ$ -> #ПИГМЕНТ$) = -18.59262077454578
correctionProbability (#САЛЮШЕН$ -> #СОЛЮШЕН$) = -17.08411372737254
correctionProbability (#TRANSLEYT$ -> #TRANSLATE$) = -145.95147145882132
correctionProbability (#SHOY$ -> #SHOW$) = -10.578866211866025
correctionProbability (#ВРДА$ -> #ВОДА$) = -7.203063849897028
correctionProbability (#РОВЕЙ$ -> #БРОВЕЙ$) = -12.654697067498585
correctionProbability (#АДРОЕД$ -> #АНДРОИД$) = -74.38612875352564
correctionProbability (#ПАДАРИТЬ$ -> #ПОДАРИТЬ$) = -13.037946758145132
correctionProbability (#ИЗБАВИЬСЯ$ -> #ИЗБАВИТЬСЯ$) = -15.09230619952529
correctionProbability (#ТАМЫРДЫН$ -> #ТАМЫРДЫҢ$) = -26.08735630188653
correctionProbability (#ТУРУЦКИЙ$ -> #ТУРЕЦКИЙ$) = -9.761924456987373
correctionProbability (#САНДРЭС$ -> #САНАНДРЕС$) = -147.2249394394229
correctionProbability (#ОДИНАКОГО$ -> #ОДИНАКОВО$) = -20.826209074033393
correctionProbability (#РУБЛЕКС$ -> #РУБЛИКС$) = -17.914495932323263
correctionProbability (#ПЕСНАЯ$ -> #ПЕСНЯ$) = -6.212554079166232
correctionProbability (#СЕНТЕБРЯ$ -> #СЕНТЯБРЯ$) = -13.534507581473811
correctionProbability (#МЕЙЛ$ -> #МАЙЛ$) = -3.6984657866740385
correctionProbability (#ГУБКО$ -> #ГУБКА$) = -9.953683020494044
correctionProbability (#ПУТЕЩЕСТВИЕ$ -> #ПУТЕШЕСТВИЕ$) = -15.259074610802287
correctionProbability (#МАСЛИНИЦА$ -> #МАСЛЕНИЦА$) = -17.78831560669542
correctionProbability (#КУПИИВИП$ -> #КУПИВИП$) = -18.75290735343497
correctionProbability (#КОСМЕТОЛОГІЯ$ -> #КОСМЕТОЛОГИЯ$) = -19.074568164287605
correctionProbability (#БЕСТРАШНЫЙ$ -> #БЕССТРАШНЫЙ$) = -25.263372203905675
correctionProbability (#ГАЙТИ$ -> #НАЙТИ$) = -6.935990129337153
correctionProbability (#ПРОВОСЛАВНЫХ$ -> #ПРАВОСЛАВНЫХ$) = -21.401512423485364
correctionProbability (#ФОЛЬЦВАГЕН$ -> #ФОЛЬКСВАГЕН$) = -79.39213037522514
correctionProbability (#ИНТЕРЕНТУ$ -> #ИНТЕРНЕТУ$) = -84.7824050913995
correctionProbability (#САМБУЛ$ -> #СТАМБУЛ$) = -13.026618844284592
correctionProbability (#СИХИ$ -> #СТИХИ$) = -7.486579682379798
correctionProbability (#ПОАНШЕТ$ -> #ПЛАНШЕТ$) = -12.301554964134183
correctionProbability (#РУСКИМ$ -> #РУССКИМ$) = -14.100546722032874
correctionProbability (#ИНТЕРНЭТА$ -> #ИНТЕРНЕТА$) = -12.51609225976793
correctionProbability (#КОЛСО$ -> #КОЛЕСО$) = -11.55385519598877
correctionProbability (#КОЛСА$ -> #КОЛЕСА$) = -9.527099197775879
correctionProbability (#ОБЯЩАТЕЛЬНО$ -> #ОБЯЗАТЕЛЬНО$) = -18.639381298312315
correctionProbability (#ОПИРАЦИЯ$ -> #ОПЕРАЦИЯ$) = -11.95217636533507
correctionProbability (#ЛАБОРОТОРНОЙ$ -> #ЛАБОРАТОРНОЙ$) = -23.464571489049902
correctionProbability (#ОПИРАЦИЮ$ -> #ОПЕРАЦИЮ$) = -16.70914854253106
correctionProbability (#MUSTNT$ -> #MUSTN$) = -26.32808347534055
correctionProbability (#БЕЗУМНИЙ$ -> #БЕЗУМНЫЙ$) = -15.793731914043704
correctionProbability (#ЙЮТЮБ$ -> #ЮТУБ$) = -67.48058088293276
correctionProbability (#ТРУЖЕННИКИ$ -> #ТРУЖЕНИКИ$) = -26.539763671186428
correctionProbability (#ОЛЕТТА$ -> #АЛЕТТА$) = -18.897727045100428
correctionProbability (#ЛАМОД$ -> #ЛАМОДА$) = -11.289587045990114
correctionProbability (#КАТЛЕТКИ$ -> #КОТЛЕТЫ$) = -144.14913127641432
correctionProbability (#ФОМИРУЮТСЯ$ -> #ФОРМИРУЮТСЯ$) = -24.760682165952772
correctionProbability (#СПАСИТЕЛИ$ -> #СПАСАТЕЛИ$) = -15.994523975263697
correctionProbability (#СПНКТ$ -> #САНКТ$) = -7.271898930742683
correctionProbability (#TAVKARIANI$ -> #TAVQARIANI$) = -24.765909314033713
correctionProbability (#ВЗЕРОШЕНА$ -> #ВЗЪЕРОШЕНА$) = -36.3460663737627
correctionProbability (#БРИЛИАНТОВЫЙ$ -> #БРИЛЛИАНТОВЫЙ$) = -24.967399375130434
correctionProbability (#СЛЕЗАРИИОО$ -> #СЛИЗАРИО$) = -150.38092566998702
correctionProbability (#ПИТАТСЯ$ -> #ПИТАТЬСЯ$) = -18.467085310253587
correctionProbability (#INSET$ -> #INCEST$) = -79.47929851969656
correctionProbability (#КАЧЕК$ -> #КАЧОК$) = -15.518947230129992
correctionProbability (#ФРМУЛА$ -> #ФОРМУЛА$) = -10.04113973956445
correctionProbability (#TRANSKATE$ -> #TRANSLATE$) = -13.313524591703441
correctionProbability (#ТОРАС$ -> #ТАРАС$) = -13.145829444322334
correctionProbability (#ХОКЕЙНЫЙ$ -> #ХОККЕЙНЫЙ$) = -18.21169392633559
correctionProbability (#ВЫШЕГО$ -> #ВЫСШЕГО$) = -16.381119248211697
correctionProbability (#ЛОСКАЕТ$ -> #ЛАСКАЕТ$) = -16.007452376589875
correctionProbability (#ПОДПОЛНЫЙ$ -> #ПОДПОЛЬНЫЙ$) = -25.889963711872774
correctionProbability (#МЕЙТЛИНД$ -> #МЕЙТЛЕНД$) = -17.00883271459854
correctionProbability (#САДИСТКАЯ$ -> #САДИСТСКАЯ$) = -25.5979258214983
correctionProbability (#ЗАКПЗАТЬ$ -> #ЗАКАЗАТЬ$) = -9.205126089881439
correctionProbability (#БРИЛИАНТОВЫЕ$ -> #БРИЛЛИАНТОВЫЕ$) = -28.333461393381228
correctionProbability (#ТИКЕЛЕЙ$ -> #ТІКЕЛЕЙ$) = -19.122644639092556
correctionProbability (#НЮНДАЙ$ -> #ХЕНДАЙ$) = -74.92087987694812
correctionProbability (#ЗАМУЖНУЮ$ -> #ЗАМУЖНЮЮ$) = -20.401074537156248
correctionProbability (#НЕФТЯННАЯ$ -> #НЕФТЯНАЯ$) = -22.089028359559613
correctionProbability (#ГЕОГРАФИИИ$ -> #ГЕОГРАФИИ$) = -16.048326488564996
correctionProbability (#КОНЦИЛЯРСКАЯ$ -> #КАНЦЕЛЯРСКАЯ$) = -79.71934711964781
correctionProbability (#МУЛИТЬК$ -> #МУЛЬТИК$) = -71.60386803586148
correctionProbability (#ХАРКТЕР$ -> #ХАРАКТЕР$) = -15.29640773893452
correctionProbability (#ШЫШЕК$ -> #ШИШЕК$) = -11.179023941862216
correctionProbability (#МОННИК$ -> #СОННИК$) = -9.49531586295279
correctionProbability (#EKAMPUS$ -> #ECAMPUS$) = -23.969084558674865
correctionProbability (#ОКТЯБЬ$ -> #ОКТЯБРЬ$) = -10.069845033485933
correctionProbability (#НОЛІПРЕЛ$ -> #НОЛИПРЕЛ$) = -18.935212550425675
correctionProbability (#СЕРЕБРЕННИКОВО$ -> #СЕРЕБРЕННИКОВА$) = -27.353014837465665
correctionProbability (#ОКТЯБЯ$ -> #ОКТЯБРЯ$) = -8.982486653817695
correctionProbability (#HONR$ -> #HONOR$) = -11.395717288552856
correctionProbability (#HONO$ -> #HONOR$) = -11.397063132226624
correctionProbability (#TYRBO$ -> #TURBO$) = -12.74875736334467
correctionProbability (#CRYSLER$ -> #CHRYSLER$) = -19.556662402990106
correctionProbability (#ТРИМЕРА$ -> #ТРИММЕРА$) = -20.0763769824297
correctionProbability (#КАМЕНОМОСТСКИЙ$ -> #КАМЕННОМОСТСКИЙ$) = -28.78764068073896
correctionProbability (#ПЛОЗАЯ$ -> #ПЛОХАЯ$) = -14.70001653493178
correctionProbability (#САРТОВ$ -> #САРАТОВ$) = -10.049712802996936
correctionProbability (#АНАТОЛИЦ$ -> #АНАТОЛИЙ$) = -13.010159931994842
correctionProbability (#МОЛДЫЕ$ -> #МОЛОДЫЕ$) = -12.687585764851399
correctionProbability (#ДОЕАТЬ$ -> #ДОЕХАТЬ$) = -12.050216743816904
correctionProbability (#АЛИЭКПРЕСС$ -> #АЛИЭКСПРЕСС$) = -11.915111521214044
correctionProbability (#HURGADA$ -> #HURGHADA$) = -21.886136581241033
correctionProbability (#ССКОЛЬКО$ -> #СКОЛЬКО$) = -8.466280835808504
correctionProbability (#КАНТЕНТ$ -> #КОНТЕНТ$) = -16.742391537660183
correctionProbability (#МОЛОЖЫЕ$ -> #МОЛОДЫЕ$) = -12.09987939638669
correctionProbability (#КАКАИХ$ -> #КАКИХ$) = -11.795921268241361
correctionProbability (#АМБРЕЛА$ -> #АМБРЕЛЛА$) = -19.903361706323487
correctionProbability (#ГАРОСКОП$ -> #ГОРОСКОП$) = -9.20505441661038
correctionProbability (#МИТРОФАНОВСКОМ$ -> #МИТРОФАНЬЕВСКОМ$) = -96.79349556493455
correctionProbability (#ИНТИТУТ$ -> #ИНСТИТУТ$) = -12.231084802950036
correctionProbability (#MAGNITALIA$ -> #MAGNITOLA$) = -94.61482582303837
correctionProbability (#ДИАПОЗОНЫ$ -> #ДИАПАЗОНЫ$) = -23.716195659644164
correctionProbability (#ГОЗЕТА$ -> #ГАЗЕТА$) = -8.668463398169212
correctionProbability (#КОНВЕРТИРОВАНИИ$ -> #КОНВЕРТИРОВАНИЕ$) = -28.292955812355885
correctionProbability (#ОКТЯБР$ -> #ОКТЯБРЯ$) = -8.975980715227777
correctionProbability (#ФАНСКЕРИАЛС$ -> #ФАНСЕРИАЛС$) = -20.34979445681899
correctionProbability (#ИНТЕЛЕСНЫЕ$ -> #ИНТЕРЕСНЫЕ$) = -13.364133313522679
correctionProbability (#СИСИТЕМНЫЕ$ -> #СИСТЕМНЫЕ$) = -18.334963240413813
correctionProbability (#ЗАРЯТКА$ -> #ЗАРЯДКА$) = -11.732677160405487
correctionProbability (#ОНЛАКЙН$ -> #ОНЛАЙН$) = -3.135540796783946
correctionProbability (#ВЕНИЦИАНСКАЯ$ -> #ВЕНЕЦИАНСКАЯ$) = -22.701129715600153
correctionProbability (#ДОКДАД$ -> #ДОКЛАД$) = -10.587343241039921
correctionProbability (#КООТ$ -> #КОТ$) = -8.271718508636983
correctionProbability (#ПОСТИТУТКИ$ -> #ПРОСТИТУТКИ$) = -14.909904821603718
correctionProbability (#MASHINE$ -> #MACHINE$) = -15.20816845154961
correctionProbability (#ИРИГОСКОПИЯ$ -> #ИРРИГОСКОПИЯ$) = -25.839057069159374
correctionProbability (#ПЕРЕЛДИЧЕСКИ$ -> #ПЕРИОДИЧЕСКИ$) = -88.38029791378992
correctionProbability (#ДЖЫМ$ -> #ДЖИМ$) = -13.2933032725545
correctionProbability (#ХИМИЧЕСКИИ$ -> #ХИМИЧЕСКИЙ$) = -17.527850441491132
correctionProbability (#КРГЛАЯ$ -> #КРУГЛАЯ$) = -15.612136383719587
correctionProbability (#ПАСЯНС$ -> #ПАСЬЯНС$) = -9.179922299512505
correctionProbability (#KALKUYATOR$ -> #KALKULYATOR$) = -25.358632359210034
correctionProbability (#ТИЛИЧЕВОЙ$ -> #ТИЛИЧЕЕВОЙ$) = -28.439952455837584
correctionProbability (#ФГПУ$ -> #ФГБУ$) = -13.756591134195933
correctionProbability (#КАДСТРОВАЯ$ -> #КАДАСТРОВАЯ$) = -15.435560496715453
correctionProbability (#ПАРАШУТЕ$ -> #ПАРАШЮТЕ$) = -23.89627068208535
correctionProbability (#HEIRY$ -> #HAIRY$) = -13.60982340067049
correctionProbability (#ЗАЗАЕМЛЕНИЕ$ -> #ЗАЗЕМЛЕНИЕ$) = -21.831449187052534
correctionProbability (#VOYER$ -> #VOYEUR$) = -17.64591418629578
correctionProbability (#КАМИРА$ -> #КАМЕРА$) = -9.02296589712262
correctionProbability (#MOTRET$ -> #SMOTRET$) = -13.850622027456751
correctionProbability (#HERSCHER$ -> #HERRSCHER$) = -35.63454186602025
correctionProbability (#ЗНАЧНИЕ$ -> #ЗНАЧЕНИЕ$) = -11.405297295673542
correctionProbability (#ЛИЧННЫЙ$ -> #ЛИЧНЫЙ$) = -6.60817750304356
correctionProbability (#ПЛЩАДЬ$ -> #ПЛОЩАДЬ$) = -11.781707491560425
correctionProbability (#ПУХЛЕНКИЕ$ -> #ПУХЛЕНЬКИЕ$) = -23.21590403421648
correctionProbability (#ЕРВЫЙ$ -> #ПЕРВЫЙ$) = -8.374923949319456
correctionProbability (#ЧАРЖЕР$ -> #ЧАРДЖЕР$) = -21.340240219366635
correctionProbability (#PROVINC$ -> #PROVINCE$) = -21.05429525954556
correctionProbability (#УДЛЕННИТЬ$ -> #УДЛИНИТЬ$) = -86.58402036821103
correctionProbability (#ПРЕМЕТАМИ$ -> #ПРЕДМЕТАМИ$) = -20.86337543133073
correctionProbability (#МОЛОДОЖОНОВ$ -> #МОЛОДОЖЕНОВ$) = -21.872295617457524
correctionProbability (#PROVINE$ -> #PROVINCE$) = -21.060587287348632
correctionProbability (#WATSSAP$ -> #WHATSAPP$) = -145.55231718015446
correctionProbability (#БОЛЬШЫЕ$ -> #БОЛЬШИЕ$) = -9.874306180210766
correctionProbability (#ПАТТАЯ$ -> #ПАТТАЙЯ$) = -15.014214209737304
correctionProbability (#ДОЛЛПРА$ -> #ДОЛЛАРА$) = -9.611812792063127
correctionProbability (#ЛАЗОРЕВ$ -> #ЛАЗАРЕВ$) = -13.152591926130029
correctionProbability (#ОРГАНИЗВЦИИ$ -> #ОРГАНИЗАЦИИ$) = -14.484194060132609
correctionProbability (#БИЖЮТЕРИЯ$ -> #БИЖУТЕРИЯ$) = -17.727226564960766
correctionProbability (#ПАТТАЮ$ -> #ПАТТАЙЮ$) = -21.337061379574635
correctionProbability (#КАМИРИ$ -> #КАМРИ$) = -14.18939193387715
correctionProbability (#ANHACE$ -> #ANHASCE$) = -14.45393638957949
correctionProbability (#СИПЛ$ -> #СИМПЛ$) = -15.555462877433254
correctionProbability (#МУЛЬТИИК$ -> #МУЛЬТИК$) = -9.30780289450913
correctionProbability (#КОЙН$ -> #КОИН$) = -18.832198717072192
correctionProbability (#СМОТРОЕТЬ$ -> #СМОТРЕТЬ$) = -4.875240574966041
correctionProbability (#ВАЙТРОК$ -> #ВАЙТРАК$) = -26.77805639562618
correctionProbability (#ПОЕХДКА$ -> #ПОЕЗДКА$) = -14.32907982484371
correctionProbability (#ТАЛЬЯТТИ$ -> #ТОЛЬЯТТИ$) = -11.182167912184028
correctionProbability (#РЕБЕНОЕ$ -> #РЕБЕНОК$) = -10.282916990699299
correctionProbability (#ОБЛАСНОЙ$ -> #ОБЛАСТНОЙ$) = -15.322797430973644
correctionProbability (#ТКУРЧАЛ$ -> #ТКУАРЧАЛ$) = -25.555830747576955
correctionProbability (#КРАСКАЯ$ -> #КРАСНАЯ$) = -10.138253491468198
correctionProbability (#ПРИНАДЛЕДИТ$ -> #ПРИНАДЛЕЖИТ$) = -19.11114531896979
correctionProbability (#КОСТОНАЯ$ -> #КОСТАНАЯ$) = -17.34279354373094
correctionProbability (#БАТЕНЬКО$ -> #БАТЕНЬКОВ$) = -23.03903580502996
correctionProbability (#ПИДЛИТКИВ$ -> #ПІДЛІТКІВ$) = -152.23448136211235
correctionProbability (#ВИТВМИНЫ$ -> #ВИТАМИНЫ$) = -13.134951512381086
correctionProbability (#КУЛЬУРЫ$ -> #КУЛЬТУРЫ$) = -12.415877964637424
correctionProbability (#КАПЕТАЛЬНЫЙ$ -> #КАПИТАЛЬНЫЙ$) = -18.151160260753556
correctionProbability (#СОЗАНИЕ$ -> #СОЗДАНИЕ$) = -12.243012174264884
correctionProbability (#ТЕНСК$ -> #ТАНКС$) = -143.72156037909218
correctionProbability (#ФРОДОНАР$ -> #ФРАГОНАР$) = -88.06272803510454
correctionProbability (#ПАВАРОТ$ -> #ПОВОРОТ$) = -77.75078819068621
correctionProbability (#СИНОНIМИ$ -> #СИНОНІМИ$) = -19.557982698872884
correctionProbability (#VARAVSKAYA$ -> #VOROVSKAYA$) = -87.88673112540515
correctionProbability (#САЛИВАН$ -> #САЛЛИВАН$) = -22.280731801338824
correctionProbability (#NULSS$ -> #NULLS$) = -16.353983824121233
correctionProbability (#КАКАГО$ -> #КАКОГО$) = -8.848954986161136
correctionProbability (#GOOGLW$ -> #GOOGLE$) = -5.8094305254978025
correctionProbability (#ПАТТАИ$ -> #ПАТТАЙИ$) = -18.409147035617195
correctionProbability (#SINSE$ -> #SINCE$) = -16.93135172589209
correctionProbability (#GOOGLU$ -> #GOOGLE$) = -5.80964812178502
correctionProbability (#АВТОСЕРВИЗ$ -> #АВТОСЕРВИС$) = -15.734229912748724
correctionProbability (#GOOGLT$ -> #GOOGLE$) = -5.809539317722894
correctionProbability (#КОЛЛА$ -> #КОЛА$) = -13.985234014868968
correctionProbability (#SEPLTURA$ -> #SEPULTURA$) = -24.229914235486312
correctionProbability (#УИНОТЕАТР$ -> #КИНОТЕАТР$) = -11.339949852980183
correctionProbability (#GOOGLR$ -> #GOOGLE$) = -5.8094305254978025
correctionProbability (#БАТРУДИНОВ$ -> #БАТРУТДИНОВ$) = -19.626243320672145
correctionProbability (#ВИТАССЕ$ -> #ВИТЕССЕ$) = -25.551267572068767
correctionProbability (#ЯНДДЕКС$ -> #ЯНДЕКС$) = -4.76628100171558
correctionProbability (#ДЕТКИЕ$ -> #ДЕТСКИЕ$) = -8.165678730645588
correctionProbability (#ПОДКЛЮЧЕННО$ -> #ПОДКЛЮЧЕНО$) = -26.63079985701534
correctionProbability (#ТБИЛИСИЯ$ -> #ТБИЛИСИ$) = -17.237036412285022
correctionProbability (#НИМЕЮТ$ -> #НЕМЕЮТ$) = -15.960600152750107
correctionProbability (#КАММИНС$ -> #КАММИНЗ$) = -17.848313319358
correctionProbability (#ФУКАРЦИН$ -> #ФУКОРЦИН$) = -20.325819533402914
correctionProbability (#СЛОЖН$ -> #СЛОЖНЫХ$) = -82.68258643707637
correctionProbability (#КОРДОНІВКАКІНО$ -> #КОРДОНИВКАКИНО$) = -91.74628337170688
correctionProbability (#ДЕТКИЙ$ -> #ДЕТСКИЙ$) = -8.347147918821989
correctionProbability (#ДЖОАНА$ -> #ДЖОАННА$) = -20.448660613460518
correctionProbability (#ВИБИР$ -> #ВИБІР$) = -18.918844560826688
correctionProbability (#ЕВРОПЕЙСЬКА$ -> #ЄВРОПЕЙСЬКА$) = -26.527756545400138
correctionProbability (#БЭЙС$ -> #БЕЙС$) = -16.85484219839532
correctionProbability (#ГИГОБАЙТА$ -> #ГИГАБАЙТА$) = -25.311296239947183
correctionProbability (#МЕВЛ$ -> #МЭВЛ$) = -18.09882691109208
correctionProbability (#ПЯНЫМ$ -> #ПЬЯНЫМ$) = -17.36040300479119
correctionProbability (#НАУЧИТСА$ -> #НАУЧИТЬСЯ$) = -79.53863755185691
correctionProbability (#ВЕТРЕНЫИ$ -> #ВЕТРЕНЫЙ$) = -12.088369842350787
correctionProbability (#ИНОСТРАННЕЦ$ -> #ИНОСТРАНЕЦ$) = -23.18294098659279
correctionProbability (#ПЛАТНЕ$ -> #ПЛАТНЫЕ$) = -14.270797089461837
correctionProbability (#МОЖЕВЕЛЬНИКИ$ -> #МОЖЖЕВЕЛЬНИКИ$) = -25.945942780953395
correctionProbability (#ПЯНЫЙ$ -> #ПЬЯНЫЙ$) = -13.856159199339285
correctionProbability (#ОНОО$ -> #ОНО$) = -8.89362487216972
correctionProbability (#АОЛГОГРАД$ -> #ВОЛГОГРАД$) = -11.516841012190653
correctionProbability (#АСАМБЛЕЯ$ -> #АССАМБЛЕЯ$) = -22.212737586048362
correctionProbability (#ТЕКЕНЕТИКС$ -> #ТЕКНЕТИКС$) = -30.72205027524158
correctionProbability (#РАЗРЕШОННОЕ$ -> #РАЗРЕШЕННОЕ$) = -24.956698730811205
correctionProbability (#ДОЧЕРЮ$ -> #ДОЧЕРЬЮ$) = -17.765663497443995
correctionProbability (#МЕРРИТ$ -> #МЕРРИТТ$) = -27.463142878348336
correctionProbability (#ВІДСЛИДИТИ$ -> #ВІДСЛІДИТИ$) = -27.23133524356882
correctionProbability (#ОНОР$ -> #ХОНОР$) = -10.921493665052804
correctionProbability (#МАСЛЯНСКОГО$ -> #МАСЛЯНИНСКОГО$) = -97.34326337526998
correctionProbability (#ПРЕФОРАТОР$ -> #ПЕРФОРАТОР$) = -86.86921101591693
correctionProbability (#ФЛРМУЛА$ -> #ФОРМУЛА$) = -9.490094731341799
correctionProbability (#ИНСТРУКЦМЯ$ -> #ИНСТРУКЦИЯ$) = -9.402612543530303
correctionProbability (#ЭРОТИЧСКИЙ$ -> #ЭРОТИЧЕСКИЙ$) = -16.392653154185915
correctionProbability (#РОГНАРОК$ -> #РАГНАРОК$) = -20.328443632081616
correctionProbability (#ГОУСЛУГ$ -> #ГОСУСЛУГ$) = -13.653117444314773
correctionProbability (#РАДОСТА$ -> #РАДОСТИ$) = -14.828749868110748
correctionProbability (#ОБЯВЛЕНИЕ$ -> #ОБЪЯВЛЕНИЕ$) = -15.214076207455086
correctionProbability (#САМОДЕЛНЫЕ$ -> #САМОДЕЛЬНЫЕ$) = -17.61179943673433
correctionProbability (#ОРУЖЕЯ$ -> #ОРУЖИЯ$) = -12.11587980627802
correctionProbability (#ПОДЛЮЧЕНИЯ$ -> #ПОДКЛЮЧЕНИЯ$) = -16.967731139926073
correctionProbability (#МИНОКОНОМРАЗВИТИЯ$ -> #МИНЭКОНОМРАЗВИТИЯ$) = -27.145317811773097
correctionProbability (#УКРИАНА$ -> #УКРАИНА$) = -75.69425014687648
correctionProbability (#МИСЦЕ$ -> #МІСЦЕ$) = -17.715976862399504
correctionProbability (#КЛАСИКУ$ -> #КЛАССИКУ$) = -19.84384005903069
correctionProbability (#БАННЯ$ -> #БАНЯ$) = -12.393179522764083
correctionProbability (#ТЕЛЕСИРИАЛ$ -> #ТЕЛЕСЕРИАЛ$) = -18.562066535038767
correctionProbability (#ТОБОЛСК$ -> #ТОБОЛЬСК$) = -15.969757382129842
correctionProbability (#ЗЛОМОМ$ -> #ВЗЛОМОМ$) = -20.43364176533254
correctionProbability (#КАКАВО$ -> #КАКОВО$) = -16.180936719689495
correctionProbability (#РУСКАЯ$ -> #РУССКАЯ$) = -9.037843490159787
correctionProbability (#РАСЧИАТЬ$ -> #РАССЧИТАТЬ$) = -79.47105456432098
correctionProbability (#САМОДЕЛНЫЙ$ -> #САМОДЕЛЬНЫЙ$) = -17.97022208741261
correctionProbability (#ПЕРЕВЕМТИ$ -> #ПЕРЕВЕСТИ$) = -12.744869628407777
correctionProbability (#ПЕРЕМИЛЬ$ -> #ПЕРЕМЫШЛЬ$) = -89.17562523311628
correctionProbability (#ПРИЗВОЛИТЬ$ -> #ПРИЗВОДИТЬ$) = -28.61955576268059
correctionProbability (#ЭЛЕТРОННЫЙ$ -> #ЭЛЕКТРОННЫЙ$) = -12.689723890757591
correctionProbability (#ВОЗРАШЕНИЕ$ -> #ВОЗВРАЩЕНИЕ$) = -80.87710756659571
correctionProbability (#ЭВОЛЮЦЫЯ$ -> #ЭВОЛЮЦИЯ$) = -15.10361716553303
correctionProbability (#ППОГОДА$ -> #ПОГОДА$) = -3.6960829672757214
correctionProbability (#ПОСКРИПТУМ$ -> #ПОСТСКРИПТУМ$) = -89.52800010900708
correctionProbability (#СИНЫ$ -> #СКИНЫ$) = -10.92519683535544
correctionProbability (#ДСАГО$ -> #ОСАГО$) = -8.928638314385442
correctionProbability (#BRAZZERA$ -> #BRAZZERS$) = -14.103959133746969
correctionProbability (#ФЛЕШПОИНТЕ$ -> #ФЛЕШПОИНТ$) = -28.149778188371847
correctionProbability (#НАИТИ$ -> #НАЙТИ$) = -6.880812612422947
correctionProbability (#ФУКОКЕ$ -> #ФУКУОКЕ$) = -20.590884530218098
correctionProbability (#ТЕЛЕФЛНА$ -> #ТЕЛЕФОНА$) = -9.85897873533986
correctionProbability (#ЯЗЫКОВОЦ$ -> #ЯЗЫКОВОЙ$) = -19.26069960507862
correctionProbability (#ДЖЕПОТ$ -> #ДЖЕКПОТ$) = -19.262393634452813
correctionProbability (#CHECH$ -> #CZECH$) = -13.621694336264536
correctionProbability (#3GR$ -> #3GP$) = -14.065120895676944
correctionProbability (#КЛАСИКИ$ -> #КЛАССИКИ$) = -19.304576032013273
correctionProbability (#СЕДЕНИЯ$ -> #СИДЕНИЯ$) = -16.1402896051298
correctionProbability (#МУЗЧИНАМИ$ -> #МУЖЧИНАМИ$) = -18.429523561615895
correctionProbability (#ПОДАЕТЬСЯ$ -> #ПОДАЕТСЯ$) = -22.325742453595694
correctionProbability (#САСЕДИ$ -> #СОСЕДИ$) = -13.166332754197459
correctionProbability (#АННЛИЙСКОМУ$ -> #АНГЛИЙСКОМУ$) = -13.181496707696084
correctionProbability (#ЭЙБАЛ$ -> #ЭЙБАР$) = -17.70365748392157
correctionProbability (#ЧЕНАЯ$ -> #ЧЕРНАЯ$) = -10.364030975953167
correctionProbability (#КЛАСИКЕ$ -> #КЛАССИКЕ$) = -20.869674179443848
correctionProbability (#ТСТОРИИ$ -> #ИСТОРИИ$) = -9.115133953962435
correctionProbability (#ОТВЕРСТЯ$ -> #ОТВЕРСТИЯ$) = -19.201489318163503
correctionProbability (#САМАСТОЯТЕЛЬНЫЕ$ -> #САМОСТОЯТЕЛЬНЫЕ$) = -23.415653488388934
correctionProbability (#ПОЛИКЛТНИКА$ -> #ПОЛИКЛИНИКА$) = -13.478350046457464
correctionProbability (#АНИМК$ -> #АНИМЕ$) = -5.940018249011263
correctionProbability (#КОНДЕЦИОНЕР$ -> #КОНДИЦИОНЕР$) = -15.483310754337666
correctionProbability (#СКАЙКАНЕР$ -> #СКАЙСКАНЕР$) = -16.45044617169964
correctionProbability (#НОАОСТИ$ -> #НОВОСТИ$) = -4.257268352182832
correctionProbability (#НЕСУДИМОСТТ$ -> #НЕСУДИМОСТИ$) = -23.315319895086866
correctionProbability (#ИЧТО$ -> #ЧТО$) = -3.8776113462080026
correctionProbability (#WATSAPP$ -> #WHATSAPP$) = -12.922237623419385
correctionProbability (#ЗІНАТ$ -> #ЗИННАТ$) = -83.75750685059786
correctionProbability (#ТАКООЕ$ -> #ТАКОЕ$) = -7.647532617262062
correctionProbability (#МЕШАФОН$ -> #МЕГАФОН$) = -9.14704076740793
correctionProbability (#УЧИЛИЩЯ$ -> #УЧИЛИЩА$) = -17.09623780749552
correctionProbability (#АНИМП$ -> #АНИМЕ$) = -5.9475267674292525
correctionProbability (#ОБЯВЛЕНИЯ$ -> #ОБЪЯВЛЕНИЯ$) = -12.804459843611944
correctionProbability (#ИЛЬДЕБОТЭ$ -> #ИЛЬДЕБОТЕ$) = -21.867749511498786
correctionProbability (#МАДЛЕРОМ$ -> #АДЛЕРОМ$) = -29.73839394965563
correctionProbability (#LLTIME$ -> #ALLTIME$) = -20.131958270611236
correctionProbability (#ЭПИФАНЦЕВ$ -> #ЕПИФАНЦЕВ$) = -18.059381941181137
correctionProbability (#КУВЕЙСКАЯ$ -> #КУВЕЙТСКАЯ$) = -36.34857757217553
correctionProbability (#EROTECHESKE$ -> #EROTICHESKIE$) = -90.74833819556468
correctionProbability (#СОЦИАЛЬН$ -> #СОЦИАЛЬНО$) = -18.480689867245637
correctionProbability (#КОЛНКИ$ -> #КОЛОНКИ$) = -14.235548819279572
correctionProbability (#СЕРАЛА$ -> #СЕРИАЛА$) = -12.690123451434758
correctionProbability (#ТМПЕРАТУРА$ -> #ТЕМПЕРАТУРА$) = -15.479180898151455
correctionProbability (#ПОЛИКЛТНИКЕ$ -> #ПОЛИКЛИНИКЕ$) = -19.555133937186667
correctionProbability (#ПИЛАРГОНИИ$ -> #ПЕЛАРГОНИИ$) = -21.25453796832462
correctionProbability (#ЦЭНЫ$ -> #ЦЕНЫ$) = -4.138460041483082
correctionProbability (#ИНСТОГРАММ$ -> #ИНСТАГРАМ$) = -75.76810903066608
correctionProbability (#КОДИКРОС$ -> #КОДИРОВ$) = -87.4488084789131
correctionProbability (#БУХАРЕСТКАЯ$ -> #БУХАРЕСТСКАЯ$) = -26.398424015308834
correctionProbability (#СЕРАЛЫ$ -> #СЕРИАЛЫ$) = -8.0853400739255
correctionProbability (#АДРОЙД$ -> #АНДРОИД$) = -74.43938979965252
correctionProbability (#БЕЛОРЕЦЕНСК$ -> #БЕЛОРЕЧЕНСК$) = -20.157105411812324
correctionProbability (#САРКАИДОЗЕ$ -> #САРКОИДОЗЕ$) = -27.689430612320912
correctionProbability (#ПРЕКРАСТНЫЙ$ -> #ПРЕКРАСНЫЙ$) = -21.253916714832805
correctionProbability (#СВЙ$ -> #СВОЙ$) = -9.421256697302713
correctionProbability (#RETUBE$ -> #REDTUBE$) = -15.212686556070139
correctionProbability (#МАИНКРАФТА$ -> #МАЙНКРАФТ$) = -75.17637116498688
correctionProbability (#ФЕТБОЛ$ -> #ФУТБОЛ$) = -6.878969791143078
correctionProbability (#ЮЖНОУКРАЇНСЬК$ -> #ЮЖНОУКРАЇНСЬКА$) = -40.462046430733096
correctionProbability (#ОЗАБОЧЕНАЯ$ -> #ОЗАБОЧЕННАЯ$) = -27.385471977675117
correctionProbability (#ЭКСПЛОЭР$ -> #ЭКСПЛОРЕР$) = -82.77021756753756
correctionProbability (#ПОРТНЕРОВ$ -> #ПАРТНЕРОВ$) = -17.923753946620153
correctionProbability (#РЕБЕНРК$ -> #РЕБЕНОК$) = -10.312102958969987
correctionProbability (#СИСМ$ -> #СИМС$) = -77.23674155336896
correctionProbability (#ЯЯЯЯ$ -> #ЯЯЯ$) = -17.095076117882865
correctionProbability (#ТВМБОВ$ -> #ТАМБОВ$) = -10.990970280374679
correctionProbability (#БЫАШАЯ$ -> #БЫВШАЯ$) = -14.95968332891859
correctionProbability (#ДРОБАВИКИ$ -> #ДРОБОВИКИ$) = -21.790849304616764
correctionProbability (#СТИНЕ$ -> #СТЕНЕ$) = -11.591126154685167
correctionProbability (#KAMRI$ -> #CAMRY$) = -79.35735818195514
correctionProbability (#ГЕНГЕ$ -> #ТЕНГЕ$) = -11.22625207116447
correctionProbability (#ЕУПЛЮ$ -> #КУПЛЮ$) = -9.032568302033166
correctionProbability (#МАИНКРАФТЕ$ -> #МАЙНКРАФТЕ$) = -12.651932639268686
correctionProbability (#ПАЗНАКОМУС$ -> #ПОЗНАКОМЛЮСЬ$) = -217.28001303028842
correctionProbability (#СЕДЕНИЙ$ -> #СИДЕНИЙ$) = -14.960893342268086
correctionProbability (#ГОСЗДРАВ$ -> #ГОРЗДРАВ$) = -16.239296866737888
correctionProbability (#АНАТОЛЕЙ$ -> #АНАТОЛИЙ$) = -12.993834976065344
correctionProbability (#КОМЮТЕРЕ$ -> #КОМПЬЮТЕРЕ$) = -80.02356210319765
correctionProbability (#ВЕТРЕНЫЦ$ -> #ВЕТРЕНЫЙ$) = -12.097325287122231
correctionProbability (#РАЗДЕЛИТ$ -> #РАЗДЕЛИТЬ$) = -16.75451816508695
correctionProbability (#ШЫШКИ$ -> #ШИШКИ$) = -13.304619028360353
correctionProbability (#ШЕХЕРИЗАДА$ -> #ШАХЕРЕЗАДА$) = -82.9341133415528
correctionProbability (#ПАНОСА$ -> #ПОНОСА$) = -16.662630330623198
correctionProbability (#ДВИЖИМОН$ -> #ДВИЖИМОЕ$) = -21.078277837977787
correctionProbability (#СКАНЛАЙН$ -> #СКАЙЛАЙН$) = -17.808616892008956
correctionProbability (#ПОКЕТЕРИЯ$ -> #БУКЕТЕРИЯ$) = -99.55188080882681
correctionProbability (#СБЯ$ -> #СЕБЯ$) = -8.914932299802537
correctionProbability (#МАНДЕО$ -> #МОНДЕО$) = -14.321215404898798
correctionProbability (#БАБОЯН$ -> #БАБАЯН$) = -17.354160267250688
correctionProbability (#ВЗЛОМНЫЙ$ -> #ВЗЛОМАННЫЙ$) = -81.60871902943718
correctionProbability (#REMIKS$ -> #REMIX$) = -79.59049566876676
correctionProbability (#MABA$ -> #MAMBA$) = -13.97651672092066
correctionProbability (#АЛМААТИНСКОЙ$ -> #АЛМАТИНСКОЙ$) = -22.272246023577736
correctionProbability (#НИМЕЦЬКА$ -> #НІМЕЦЬКА$) = -20.674255150619537
correctionProbability (#КСАНОКС$ -> #КСАНАКС$) = -21.92476927312474
correctionProbability (#ГЕЛЬОТИНА$ -> #ГИЛЬОТИНА$) = -21.213705259100998
correctionProbability (#СТИМЪ$ -> #СТИМ$) = -11.100047810110357
correctionProbability (#ПОРНОССАБАКЙ$ -> #ПОРНОССОБАКОЙ$) = -103.98088096800434
correctionProbability (#ВРЕМЕНИИ$ -> #ВРЕМЕНИ$) = -11.464678305606085
correctionProbability (#КОМБЕНЕЗОНЫ$ -> #КОМБИНЕЗОНЫ$) = -19.84879615557405
correctionProbability (#ПЕРЕМИЛІ$ -> #ПЕРЕМИШЛІ$) = -35.42590055912831
correctionProbability (#МПРШРУТ$ -> #МАРШРУТ$) = -10.904368023767226
correctionProbability (#ТРУЕТЕНЬ$ -> #ТРУТЕНЬ$) = -22.760986928665133
correctionProbability (#ОЗЕРНИЙ$ -> #ОЗЕРНЫЙ$) = -18.95407082696007
correctionProbability (#СТИОТ$ -> #СТОИТ$) = -74.39793553711132
correctionProbability (#ЕВРАЗИСКАЯ$ -> #ЕВРАЗИЙСКАЯ$) = -25.91007678446035
correctionProbability (#ШЫШКА$ -> #ШИШКА$) = -13.392494283915472
correctionProbability (#АЁН$ -> #АЙОН$) = -81.88440757362089
correctionProbability (#ГАЗОВЕ$ -> #ГАЗОВЫЕ$) = -13.686940537999327
correctionProbability (#ММУЛЬТФИЛЬМ$ -> #МУЛЬТФИЛЬМ$) = -11.620372772940478
correctionProbability (#ДУЗОВКЕ$ -> #ДУХОВКЕ$) = -9.500285797082853
correctionProbability (#ДНЕВГИК$ -> #ДНЕВНИК$) = -7.047524283876733
correctionProbability (#КАШЕЛОТ$ -> #КАШАЛОТ$) = -15.250207774177952
correctionProbability (#ФОТОЛЛАБОРАТОРИЯ$ -> #ФОТОЛАБОРАТОРИЯ$) = -34.85610184462574
correctionProbability (#ПАРОГЕНИРАТОР$ -> #ПАРОГЕНЕРАТОР$) = -23.06814541393652
correctionProbability (#МРАОККО$ -> #МАРОККО$) = -83.34607158252052
correctionProbability (#КЭМИРОН$ -> #КЭМЕРОН$) = -15.278331709685688
correctionProbability (#ДЕЙСТВУЮ$ -> #ДЕЙСТВУЮТ$) = -20.56949000783566
correctionProbability (#МАЕМАТИКА$ -> #МАТЕМАТИКА$) = -11.937746035221089
correctionProbability (#ТОРНЕТА$ -> #ТОРРЕНТА$) = -79.69519194625227
correctionProbability (#НАЦИСТКОЙ$ -> #НАЦИСТСКОЙ$) = -25.309733880180524
correctionProbability (#ГЕНАДИЯ$ -> #ГЕННАДИЯ$) = -19.52715105132001
correctionProbability (#ПОСМОТЕРТЬ$ -> #ПОСМОТРЕТЬ$) = -79.51332604872249
correctionProbability (#БИЛЬЕ$ -> #БЕЛЬЕ$) = -9.58499531437943
correctionProbability (#УСТАНВКИ$ -> #УСТАНОВКИ$) = -14.446209050758739
correctionProbability (#КОСТОНАЕ$ -> #КОСТАНАЕ$) = -14.27865737943258
correctionProbability (#ПАТАЙЯ$ -> #ПАТТАЙЯ$) = -15.002096315417255
correctionProbability (#ИНТЕЛЕКТ$ -> #ИНТЕЛЛЕКТ$) = -18.05438979293988
correctionProbability (#МУЛЬТИЕИ$ -> #МУЛЬТИКИ$) = -6.82635263880902
correctionProbability (#КАШЕЛОК$ -> #КОШЕЛЕК$) = -75.54502279396813
correctionProbability (#МЮНХИНЕ$ -> #МЮНХЕНЕ$) = -17.86605583388169
correctionProbability (#ОХОТНИХ$ -> #ОХОТНИК$) = -12.735461397005295
correctionProbability (#КРИСТАЛА$ -> #КРИСТАЛЛА$) = -23.110338269990784
correctionProbability (#КОРПОРИТИВА$ -> #КОРПОРАТИВА$) = -21.187612765682246
correctionProbability (#МАЕМАТИКЕ$ -> #МАТЕМАТИКЕ$) = -11.504182324323608
correctionProbability (#ТСТОРИЯ$ -> #ИСТОРИЯ$) = -8.126592287398474
correctionProbability (#ТАХТАРОВ$ -> #ТАКТАРОВ$) = -21.046180069183826
correctionProbability (#КАПНЛЬНИЦЫ$ -> #КАПЕЛЬНИЦЫ$) = -20.931766841757373
correctionProbability (#СТУДЕТОВ$ -> #СТУДЕНТОВ$) = -15.705983219021782
correctionProbability (#ПОРТОЛ$ -> #ПОРТАЛ$) = -7.025253776810381
correctionProbability (#ПТКАП$ -> #ПИКАП$) = -11.573341052673161
correctionProbability (#КЛІТИНИЙ$ -> #КЛІТИННИЙ$) = -27.731702520964923
correctionProbability (#ТОРЕС$ -> #ТОРРЕС$) = -20.038405848517446
correctionProbability (#КУЛЬУРА$ -> #КУЛЬТУРА$) = -13.442589966043137
correctionProbability (#АУТЛЭНДЕР$ -> #АУТЛЕНДЕР$) = -16.230059609028366
correctionProbability (#КРИСТАЛЫ$ -> #КРИСТАЛЛЫ$) = -18.423786258069512
correctionProbability (#СЕРТАЛ$ -> #СЕРИАЛ$) = -4.092113463010353
correctionProbability (#КОРОЛЕИ$ -> #КОРОЛЕЙ$) = -17.424525659822322
correctionProbability (#МИТЫШИ$ -> #МЫТИЩИ$) = -141.7237642928765
correctionProbability (#FOXFOR$ -> #FOXFORD$) = -18.926729769822934
correctionProbability (#СОЙФЕКР$ -> #СОЙФЕР$) = -28.075268161156842
correctionProbability (#ПАЛЛАДИНА$ -> #ПАЛАДИНА$) = -25.02856517564225
correctionProbability (#ГАЗОВЫ$ -> #ГАЗОВЫЙ$) = -12.641544749151336
correctionProbability (#LNOL$ -> #INOI$) = -81.90311532909227
correctionProbability (#КАЧАЧ$ -> #СКАЧАТЬ$) = -133.08473479204338
correctionProbability (#ZVIDEOS$ -> #XVIDEOS$) = -11.509861336086928
correctionProbability (#ТОРГОВИЙ$ -> #ТОРГОВЫЙ$) = -12.997895837122876
correctionProbability (#СОДЕРАЖАНИЕ$ -> #СОДЕРЖАНИЕ$) = -15.913485745729766
correctionProbability (#КОЛЕКШЕН$ -> #КОЛЛЕКШН$) = -87.59986261323351
correctionProbability (#СГЕ$ -> #СНЕ$) = -8.129599310017447
correctionProbability (#ОСЛЕПЛЕНЫЙ$ -> #ОСЛЕПЛЕННЫЙ$) = -23.667373099418413
correctionProbability (#ИНОСТРАННИМ$ -> #ИНОСТРАННЫМ$) = -21.61536739724332
correctionProbability (#УСРОИТСЯ$ -> #УСТРОИТЬСЯ$) = -85.963746968415
correctionProbability (#ГУУГЛ$ -> #ГУГЛ$) = -5.537182858284293
correctionProbability (#ҚҰНАНБАЕВТІҢ$ -> #ҚҰНАНБАЕВТЫҢ$) = -20.87793836839313
correctionProbability (#MACE$ -> #MAKE$) = -7.3594659359996335
correctionProbability (#ISIRIUS$ -> #SIRIUS$) = -20.843539900888228
correctionProbability (#ТОРЕТ$ -> #ТОРРЕНТ$) = -73.39968789223757
correctionProbability (#ЛИСТЬМИ$ -> #ЛИСТЬЯМИ$) = -15.8452748619275
correctionProbability (#ТЕЛЕФЛНЕ$ -> #ТЕЛЕФОНЕ$) = -12.67453034620437
correctionProbability (#TOPOGRAGHICAL$ -> #TOPOGRAPHICAL$) = -39.14167268316817
correctionProbability (#ДЕПОРТАМЕНТ$ -> #ДЕПАРТАМЕНТ$) = -16.281563801551712
correctionProbability (#MUVIS$ -> #MOVIES$) = -76.7093701482605
correctionProbability (#ЛУЧШК$ -> #ЛУЧШЕ$) = -7.4015941992463645
correctionProbability (#МЕНЯЮТЬСЯ$ -> #МЕНЯЮТСЯ$) = -21.39509813309916
correctionProbability (#ИНТЕРСТЕЛЛЕР$ -> #ИНТЕРСТЕЛЛАР$) = -19.754300836574714
correctionProbability (#ГУГЛД$ -> #ГУГЛ$) = -5.536265005994064
correctionProbability (#САЛГАДО$ -> #САЛЬГАДО$) = -34.36018444572107
correctionProbability (#МАЙВЕЗЕР$ -> #МЕЙВЕЗЕР$) = -18.93177223501936
correctionProbability (#ЛУЧШЙ$ -> #ЛУЧШИЙ$) = -9.999376072550962
correctionProbability (#КАБАШОН$ -> #КАБОШОН$) = -21.248432886935596
correctionProbability (#ИНСТЕГРАММ$ -> #ИНСТАГРАМ$) = -75.84406164370267
correctionProbability (#КУКРИНИКСЫ$ -> #КУКРЫНИКСЫ$) = -20.5639339255137
correctionProbability (#ПРИНСЕС$ -> #ПРИНЦЕСС$) = -81.01147267345839
correctionProbability (#РУБЛЯЪ$ -> #РУБЛЯХ$) = -11.477616268132511
correctionProbability (#ПИСТЕР$ -> #МИСТЕР$) = -9.044465128733055
correctionProbability (#ГУГЛГ$ -> #ГУГЛ$) = -5.540401991898907
correctionProbability (#ЧАСТ$ -> #ЧАСТЬ$) = -6.9339261317483505
correctionProbability (#КИІВСТАР$ -> #КИЇВСТАР$) = -18.237706836843948
correctionProbability (#SPEETEST$ -> #SPEEDTEST$) = -16.097244428511196
correctionProbability (#ДИШУ$ -> #ДЫШУ$) = -16.78596182044559
correctionProbability (#ДЖОТХА$ -> #ДЖОДХА$) = -14.675640816087974
correctionProbability (#ВЫТЕЖКИ$ -> #ВЫТЯЖКИ$) = -15.485535229574438
correctionProbability (#ТЕЕКСТ$ -> #ТЕКСТ$) = -8.419190888577663
correctionProbability (#JUSAN$ -> #JYSAN$) = -19.981870201436234
correctionProbability (#RBLOX$ -> #ROBLOX$) = -11.049269957823714
correctionProbability (#ЧАСФ$ -> #ЧАСЫ$) = -5.913520960889343
correctionProbability (#ДРАЙЫЕР$ -> #ДРАЙВЕР$) = -10.416873091310705
correctionProbability (#КИНОГОВ$ -> #КИНОГО$) = -13.603460087306939
correctionProbability (#ОКТЯБПЬ$ -> #ОКТЯБРЬ$) = -9.506244087497294
correctionProbability (#ИНДЕКТ$ -> #ИНДЕКС$) = -9.429458113628403
correctionProbability (#ОЛНАЙН$ -> #ОНЛАЙН$) = -68.39074661803295
correctionProbability (#НЬЮЗ$ -> #НЬЮС$) = -8.965546076377837
correctionProbability (#ЦИСІК$ -> #ЦІСИК$) = -86.26654720691909
correctionProbability (#ЦВЕРГПИНЧКРА$ -> #ЦВЕРГПИНЧЕРА$) = -27.982528293553678
correctionProbability (#ПВЕЛ$ -> #ПАВЕЛ$) = -9.919566014941115
correctionProbability (#ЖЕЛЕТЫ$ -> #ЖИЛЕТЫ$) = -15.415300174957022
correctionProbability (#БАНГУДА$ -> #БАНГУД$) = -23.57548570201662
correctionProbability (#КОБЛУКАХ$ -> #КАБЛУКАХ$) = -18.11243793838429
correctionProbability (#MYLTFILM$ -> #MULTFILM$) = -18.467592461298956
correctionProbability (#БАТАРЕ$ -> #БАТАРЕИ$) = -13.426667501497008
correctionProbability (#ЗВАНКИ$ -> #ЗВОНКИ$) = -14.633167924679636
correctionProbability (#КАРТИРЫ$ -> #КВАРТИРЫ$) = -9.665116493945447
correctionProbability (#ПОСТААИТЬ$ -> #ПОСТАВИТЬ$) = -12.752225433996166
correctionProbability (#КАРАЛЬЧУК$ -> #КОРОЛЬЧУК$) = -92.37504386922676
correctionProbability (#ЕСТЕССТВЕННО$ -> #ЕСТЕСТВЕННО$) = -26.335403157441732
correctionProbability (#ЭКСПЛУОТАЦИИ$ -> #ЭКСПЛУАТАЦИИ$) = -17.00634373409447
correctionProbability (#ПРОЩЯЙ$ -> #ПРОЩАЙ$) = -14.118925183666637
correctionProbability (#ДОБРАТЬСЧ$ -> #ДОБРАТЬСЯ$) = -13.683418632764038
correctionProbability (#СПЕДОМЕТРА$ -> #СПИДОМЕТРА$) = -19.7666715361975
correctionProbability (#DOJJKI$ -> #DOJKI$) = -17.374971718452553
correctionProbability (#ПРИМАРОМ$ -> #ПРИМЕРОМ$) = -19.982063319215193
correctionProbability (#ФИКИКИ$ -> #ФИКСИКИ$) = -10.411633533124672
correctionProbability (#BRAZZELS$ -> #BRAZZERS$) = -14.107268033896169
correctionProbability (#СОВПОДАЮТ$ -> #СОВПАДАЮТ$) = -22.129706693693556
correctionProbability (#ГИНИКОЛОГА$ -> #ГИНЕКОЛОГА$) = -16.954982605124755
correctionProbability (#ЛЮБОВЬЬ$ -> #ЛЮБОВЬ$) = -8.96105193222839
correctionProbability (#AKSION$ -> #AKSIYON$) = -24.465547744223493
correctionProbability (#ТАИГИ$ -> #ТАЙГИ$) = -12.484872169097375
correctionProbability (#ТОЧК$ -> #ТОЧКА$) = -10.34465791447602
correctionProbability (#ОКТЯБРК$ -> #ОКТЯБРЕ$) = -10.757779497897083
correctionProbability (#РУБЛЯЗ$ -> #РУБЛЯХ$) = -11.474465746777359
correctionProbability (#АНІМЕВОСТ$ -> #АНИМЕВОСТ$) = -17.511076914207997
correctionProbability (#ЗАЛАНИЕ$ -> #ЗАДАНИЕ$) = -11.182305221865604
correctionProbability (#РАССКРЫТЬ$ -> #РАСКРЫТЬ$) = -22.371004345500786
correctionProbability (#ОТЛЕЛЬ$ -> #ОТЕЛЬ$) = -9.5033639825802
correctionProbability (#СОБАЧЕМУ$ -> #СОБАЧЬЕМУ$) = -35.36029304274468
correctionProbability (#ПИСАТТ$ -> #ПИСАТЬ$) = -10.845083067848076
correctionProbability (#ОНЛВАЙН$ -> #ОНЛАЙН$) = -3.1530225712462183
correctionProbability (#ТАБЛКТКИ$ -> #ТАБЛЕТКИ$) = -9.62041596323457
correctionProbability (#ВЫКЛЮЧЕНИИ$ -> #ВКЛЮЧЕНИИ$) = -20.393882924253468
correctionProbability (#КАЕСТВЕ$ -> #КАЧЕСТВЕ$) = -6.759506204182443
correctionProbability (#БУЛЬБАНЕШ$ -> #БУЛЬДЕНЕЖ$) = -152.82717040788785
correctionProbability (#КЕМЕРВО$ -> #КЕМЕРОВО$) = -11.149914345412292
correctionProbability (#ГАРИЗОНТ$ -> #ГОРИЗОНТ$) = -15.520129506034891
correctionProbability (#ЧАТИ$ -> #ЧАСТИ$) = -8.840930580081451
correctionProbability (#ОКТЯБПЯ$ -> #ОКТЯБРЯ$) = -8.418848589396866
correctionProbability (#ОКТЯБРА$ -> #ОКТЯБРЯ$) = -8.387052357461513
correctionProbability (#ВЕНИЦИАНСКИЙ$ -> #ВЕНЕЦИАНСКИЙ$) = -24.98507125991015
correctionProbability (#ПОЮСЫ$ -> #ПЛЮСЫ$) = -12.351324839724217
correctionProbability (#ТОМОСА$ -> #ТОМАСА$) = -15.808075793945353
correctionProbability (#ОКТЯБРБ$ -> #ОКТЯБРЬ$) = -9.474327298924237
correctionProbability (#KONTER$ -> #COUNTER$) = -81.50325202305201
correctionProbability (#ANALITICS$ -> #ANALYTICS$) = -21.511681467081374
correctionProbability (#ПРЕДНИЗАЛОНА$ -> #ПРЕДНИЗОЛОНА$) = -26.17075898722201
correctionProbability (#ПЕРЕПРИШИТЬ$ -> #ПЕРЕПРОШИТЬ$) = -21.694111723667504
correctionProbability (#АЙТЕ$ -> #САЙТЕ$) = -10.18855115032581
correctionProbability (#ИНДЕКИ$ -> #ИНДЕЙКИ$) = -15.066417917065735
correctionProbability (#МАНЙРКАФТ$ -> #МАЙНКРАФТ$) = -140.54349678779013
correctionProbability (#ПЬЯННУЮ$ -> #ПЬЯНУЮ$) = -16.725503100414716
correctionProbability (#БОЛНОЙ$ -> #БОЛЬНОЙ$) = -16.57156631749298
correctionProbability (#ЭКСТРЕЙЛ$ -> #ИКСТРЕЙЛ$) = -18.56404937323697
correctionProbability (#ДЖЕМАИЛ$ -> #ДЖИМАЙЛ$) = -81.19801017656737
correctionProbability (#ПРАВОИ$ -> #ПРАВОЙ$) = -13.399735094624017
correctionProbability (#BYOND$ -> #BEYOND$) = -16.404002864392634
correctionProbability (#КАСТЕЛЛОМАРЕ$ -> #КАСТЕЛЛАМАРЕ$) = -37.61697574840036
correctionProbability (#АЛИИКСПРЭС$ -> #АЛИЭКСПРЕСС$) = -141.4265047424009
correctionProbability (#МАЛЕНЬКТХ$ -> #МАЛЕНЬКИХ$) = -11.396490718342363
correctionProbability (#СГЯЛИ$ -> #СНЯЛИ$) = -13.773155275448321
correctionProbability (#JGEL$ -> #JOGEL$) = -24.166218702075255
correctionProbability (#ПРАВОК$ -> #СПРАВОК$) = -14.941942926271729
correctionProbability (#ДОЕХПТЬ$ -> #ДОЕХАТЬ$) = -11.496709084994045
correctionProbability (#ПРЕДЛОЖЕНЯ$ -> #ПРЕДЛОЖЕНИЯ$) = -16.122878765649446
correctionProbability (#ЦЕФОЗАЛИН$ -> #ЦЕФАЗОЛИН$) = -85.7642678386509
correctionProbability (#VDYO$ -> #VIDEO$) = -73.298662271458
correctionProbability (#КОЛЕКШН$ -> #КОЛЛЕКШН$) = -20.34677402230306
correctionProbability (#ЭКСПЛЭЙ$ -> #ЭКСПЛЕЙ$) = -21.944382666359395
correctionProbability (#ИНГРИДИЕНТОВ$ -> #ИНГРЕДИЕНТОВ$) = -25.210764588914223
correctionProbability (#ГТОПЛЕНИЕ$ -> #ОТОПЛЕНИЕ$) = -15.05787018297648
correctionProbability (#VQA$ -> #VGA$) = -13.339495842401224
correctionProbability (#УБКИ$ -> #ЮБКИ$) = -10.907301999123785
correctionProbability (#ФРАНКЕНШТЕЙНЫ$ -> #ФРАНКЕНШТЕЙН$) = -24.705210252571128
correctionProbability (#АССАСИНС$ -> #АССАСИН$) = -16.610687693596866
correctionProbability (#ТАКОЛЕ$ -> #ТАКОЕ$) = -7.657681127351918
correctionProbability (#НОЛТРЕКСИН$ -> #НАЛТРЕКСОН$) = -91.50817240413927
correctionProbability (#КРАВАТКА$ -> #КРОВАТКА$) = -17.061937884293506
correctionProbability (#АНИЛИБРИА$ -> #АНИЛИБРИЯ$) = -18.633882745847295
correctionProbability (#ФЕРИ$ -> #ФЕЙРИ$) = -16.762582363541345
correctionProbability (#ВЫЙГРАЛИ$ -> #ВЫИГРАЛИ$) = -22.147736406601034
correctionProbability (#WHATSAAPP$ -> #WHATSAPP$) = -14.884987789082395
correctionProbability (#РАСПИРАТОР$ -> #РЕСПИРАТОР$) = -19.584758060606212
correctionProbability (#СКОИНГ$ -> #СКОРИНГ$) = -22.81462576695455
correctionProbability (#EMINEN$ -> #EMINEM$) = -16.353157285740036
correctionProbability (#ЧЕРНИГОВСК$ -> #ЧЕРНИГОВСКАЯ$) = -88.45785686440291
correctionProbability (#РЕАГИРОАВНИЯ$ -> #РЕАГИРОВАНИЯ$) = -92.67378797073258
correctionProbability (#АДИСЕЙ$ -> #ОДИССЕЙ$) = -82.12344032007925
correctionProbability (#ЗРКЛЫЕ$ -> #ЗРЕЛЫЕ$) = -10.141035252011651
correctionProbability (#ЛУЧЩЕ$ -> #ЛУЧШЕ$) = -7.360760631244474
correctionProbability (#TRAMSLATE$ -> #TRANSLATE$) = -13.316827664216575
correctionProbability (#ВОПРСАМ$ -> #ВОПРОСАМ$) = -16.844883198908477
correctionProbability (#ТУССОН$ -> #ТУССАН$) = -16.280485913169098
correctionProbability (#ГОСТР$ -> #ГОСТ$) = -10.358662405255462
correctionProbability (#МОЧЕГОНЫЕ$ -> #МОЧЕГОННЫЕ$) = -22.075906436602487
correctionProbability (#ГОЗЕЛЬ$ -> #ГАЗЕЛЬ$) = -10.420603623781243
correctionProbability (#РАЕВКП$ -> #РАЕВКА$) = -20.85664565688491
correctionProbability (#ДЕВОЕК$ -> #ДЕВОЧЕК$) = -8.24829669056561
correctionProbability (#ЛОКОМАТИВ$ -> #ЛОКОМОТИВ$) = -14.511557873825687
correctionProbability (#КРАВАТКИ$ -> #КРОВАТКИ$) = -17.25959042567029
correctionProbability (#САБЕС$ -> #СОБЕС$) = -16.57480204449534
correctionProbability (#ОПРО$ -> #ПРО$) = -3.908652422871878
correctionProbability (#КСИМИ$ -> #КСИОМИ$) = -13.003856686545742
correctionProbability (#ЬЕКСТ$ -> #ТЕКСТ$) = -5.937988594757837
correctionProbability (#ЯНВПРЕ$ -> #ЯНВАРЕ$) = -12.578542614827885
correctionProbability (#ОКТЯБРЧ$ -> #ОКТЯБРЯ$) = -8.386113966372335
correctionProbability (#АНАЛАГ$ -> #АНАЛОГ$) = -12.52242277597973
correctionProbability (#ЖЕНШИНА$ -> #ЖЕНЩИНА$) = -9.106302312025335
correctionProbability (#ВЫЙГРАЛА$ -> #ВЫИГРАЛА$) = -20.901880745084632
correctionProbability (#АЙРОБУС$ -> #АЭРОБУС$) = -17.013630633020618
correctionProbability (#БОРДОСКАЯ$ -> #БОРДОССКАЯ$) = -24.103466273147724
correctionProbability (#АМЕРЕКАНЕЦ$ -> #АМЕРИКАНЕЦ$) = -20.264516298054687
correctionProbability (#ВАЛЧЕНОК$ -> #ВОЛЧОНОК$) = -79.47940719980146
correctionProbability (#КОНЕФРОЛА$ -> #КАНЕФРОНА$) = -90.68073562354165
correctionProbability (#КОРТОФЕЛЬНЫЙ$ -> #КАРТОФЕЛЬНЫЙ$) = -22.928722528629706
correctionProbability (#СКІКИ$ -> #СКІЛЬКИ$) = -81.58552404895285
correctionProbability (#ПАРОДОКС$ -> #ПАРАДОКС$) = -18.264287542708168
correctionProbability (#ЧЕСКАЯ$ -> #ЧЕШСКАЯ$) = -16.985411224486327
correctionProbability (#СЕТЬЕВОЙ$ -> #СЕТЕВОЙ$) = -11.115931013856077
correctionProbability (#ПЕРАМИДА$ -> #ПИРАМИДА$) = -14.55130147619429
correctionProbability (#ПОССЫЛКА$ -> #ПОСЫЛКА$) = -15.686464888529244
correctionProbability (#PROTOKOL$ -> #PROTOCOL$) = -20.94540515374142
correctionProbability (#ГУГЛШ$ -> #ГУГЛ$) = -5.549967013913065
correctionProbability (#ОВЕРДРАЙФ$ -> #ОВЕРДРАЙВ$) = -22.961766394490873
correctionProbability (#МАКІТА$ -> #МАКИТА$) = -14.224289248821957
correctionProbability (#ПРОТИВОПАКОЗАНИЯ$ -> #ПРОТИВОПОКАЗАНИЯ$) = -85.5194952001392
correctionProbability (#ВЫТЕЖКА$ -> #ВЫТЯЖКА$) = -14.893938044640777
correctionProbability (#ЧЕМПРОНАТ$ -> #ЧЕМПИОНАТ$) = -11.3081513736756
correctionProbability (#МИКРАРАЙОНЕ$ -> #МИКРОРАЙОНЕ$) = -21.898045841135477
correctionProbability (#ГУГЛЛ$ -> #ГУГЛ$) = -5.4852928640878815
correctionProbability (#УВЕЛЬДЫ$ -> #УВИЛЬДЫ$) = -19.369239013263567
correctionProbability (#ДЕДСКАЯ$ -> #ДЕТСКАЯ$) = -8.97897403468432
correctionProbability (#ДРОЖЖИТ$ -> #ДРОЖИТ$) = -21.27514924567102
correctionProbability (#МОРИСОН$ -> #МОРРИСОН$) = -21.448403531350145
correctionProbability (#ДИКРЕТА$ -> #ДЕКРЕТА$) = -19.369829850213556
correctionProbability (#СМАРИЯ$ -> #МАРИЯ$) = -10.560873609786537
correctionProbability (#ПОССЫЛКИ$ -> #ПОСЫЛКИ$) = -16.54225321459625
correctionProbability (#АХИЛОВА$ -> #АХИЛЛОВА$) = -24.372525336007456
correctionProbability (#ФРАЗИОЛОГИЯ$ -> #ФРАЗЕОЛОГИЯ$) = -23.612507494222896
correctionProbability (#ОХЛОБЫСИИНА$ -> #ОХЛОБЫСТИНА$) = -22.822719165348076
correctionProbability (#CONSECIONES$ -> #CONDICIONES$) = -95.90811554808579
correctionProbability (#БЛИТЧ$ -> #БЛИЧ$) = -14.292842020230626
correctionProbability (#ЖЕНШИНЕ$ -> #ЖЕНЩИНЕ$) = -8.451587535115678
correctionProbability (#УМЕРАЕТ$ -> #УМИРАЕТ$) = -17.002933007523488
correctionProbability (#МОРОЗОА$ -> #МОРОЗОВ$) = -15.89217201404972
correctionProbability (#NUTURIST$ -> #NATURIST$) = -17.592382567710338
correctionProbability (#КОРТОФЕЛЬНЫЕ$ -> #КАРТОФЕЛЬНЫЕ$) = -20.75775944583794
correctionProbability (#ЗАЛАНИЯ$ -> #ЗАДАНИЯ$) = -10.191375169565234
correctionProbability (#СУИЦЫДУ$ -> #СУИЦИДУ$) = -22.953421107007458
correctionProbability (#КРОССОВОРД$ -> #КРОССВОРД$) = -16.424492765949033
correctionProbability (#ФЛОГЕНЗИМ$ -> #ФЛОГЭНЗИМ$) = -25.91195845652124
correctionProbability (#ОНЛАЙНЭ$ -> #ОНЛАЙН$) = -3.1756451112564115
correctionProbability (#ВЛАДИМИРОВАН$ -> #ВЛАДИМИРОВНА$) = -85.92396495979636
correctionProbability (#ВОЗВРААЩЕНИЕ$ -> #ВОЗВРАЩЕНИЕ$) = -18.05277922245172
correctionProbability (#АШХАБАТ$ -> #АШХАБАД$) = -18.62964350500016
correctionProbability (#ВОТЦАПВЕБ$ -> #ВОТСАПВЭБ$) = -82.87056750845016
correctionProbability (#XOAOMI$ -> #XIAOMI$) = -9.851224633923866
correctionProbability (#НІМЕЧИНИ$ -> #НІМЕЧЧИНИ$) = -22.275866290396856
correctionProbability (#СТРЕПТИЗЕРША$ -> #СТРИПТИЗЕРША$) = -26.056837117155446
correctionProbability (#ТУРНБЕРГ$ -> #ТУНБЕРГА$) = -86.67011983096184
correctionProbability (#PHOTOSOP$ -> #PHOTOSHOP$) = -16.7510507490053
correctionProbability (#КИРОВСКИ$ -> #КИРОВСКИЙ$) = -16.88572213052231
correctionProbability (#МАМАНДЫГЫ$ -> #МАМАНДЫҒЫ$) = -22.497643648124132
correctionProbability (#ХАРДКИС$ -> #ХАРДКИСС$) = -23.56907075508159
correctionProbability (#ПОЛНЯТЬ$ -> #ПОДНЯТЬ$) = -13.676124862806674
correctionProbability (#ЕМЕНА$ -> #СЕМЕНА$) = -10.368841097123973
correctionProbability (#СТЕЛИЦА$ -> #СТОЛИЦА$) = -12.008000495882087
correctionProbability (#СРАНИЦА$ -> #СТРАНИЦА$) = -7.954762058311026
correctionProbability (#ХАЛИК$ -> #ХАЛЫК$) = -13.54836727024421
correctionProbability (#ПОДЕМА$ -> #ПОДЪЕМА$) = -17.950708072541403
correctionProbability (#ДИСККОРД$ -> #ДИСКОРД$) = -14.244174624115551
correctionProbability (#ПЕРЕКРИЛИ$ -> #ПЕРЕКРЫЛИ$) = -24.41426476729972
correctionProbability (#АНТЛАНКТИЧЕСКИЙ$ -> #АТЛАНТИЧЕСКИЙ$) = -94.5240189761496
correctionProbability (#КРАСНОРСК$ -> #КРАСНОЯРСК$) = -12.100171965355791
correctionProbability (#СЕЙЧВС$ -> #СЕЙЧАС$) = -8.163044207045445
correctionProbability (#ЗИФИР$ -> #ЗЕФИР$) = -15.000974926628825
correctionProbability (#INJEKTOR$ -> #INJECTOR$) = -20.31765180334377
correctionProbability (#ПОДЕЛК$ -> #ПОДЕЛКИ$) = -8.578137616027924
correctionProbability (#ЖИНКА$ -> #ЖІНКА$) = -17.048129455083664
correctionProbability (#СУМУЛЯТОР$ -> #СИМУЛЯТОР$) = -13.034698924148401
correctionProbability (#ГЕНЕКОЛОГ$ -> #ГИНЕКОЛОГ$) = -14.679694064485183
correctionProbability (#SKACHT$ -> #SKACHAT$) = -12.244839852240048
correctionProbability (#ЭСЛИВЕР$ -> #ЭССЛИВЕР$) = -22.464973389126747
correctionProbability (#ОНЛАЙНН$ -> #ОНЛАЙН$) = -3.047768336565067
correctionProbability (#КРНМ$ -> #КРЕМ$) = -7.819707836060562
correctionProbability (#MICRISOFT$ -> #MICROSOFT$) = -14.47097228859829
correctionProbability (#РУБИНМКИЙ$ -> #РУБИНСКИЙ$) = -34.82887794265623
correctionProbability (#ОНЛАЙНР$ -> #ОНЛАЙН$) = -3.1349409348685064
correctionProbability (#QUALCOM$ -> #QUALCOMM$) = -19.544750042275574
correctionProbability (#ПРОСЕКТ$ -> #ПРОСПЕКТ$) = -12.876046913960458
correctionProbability (#СКИТКИ$ -> #СКИДКИ$) = -9.858993262920453
correctionProbability (#ОНЛАЙНС$ -> #ОНЛАЙН$) = -3.1114069762626393
correctionProbability (#LOUS$ -> #LOUISE$) = -83.64238798336142
correctionProbability (#АЙФОНН$ -> #АЙФОН$) = -10.203212574924716
correctionProbability (#КРОВАВИЙ$ -> #КРОВАВЫЙ$) = -15.593717181742534
correctionProbability (#BITHDAY$ -> #BIRTHDAY$) = -17.16011880751835
correctionProbability (#ИСТАГРАМ$ -> #ИНСТАГРАМ$) = -9.088204311578814
correctionProbability (#БОЯРОШНИК$ -> #БОЯРЫШНИК$) = -17.740332268955854
correctionProbability (#СУДОРГАХ$ -> #СУДОРОГАХ$) = -24.400409424898946
correctionProbability (#ПРОГРЕССИ$ -> #ПРОГРЕССИИ$) = -22.946118204738944
correctionProbability (#ЧАРЗ$ -> #ЧАРЛЬЗ$) = -80.66387943210745
correctionProbability (#МАЯКОВСКА$ -> #МАЯКОВСКАЯ$) = -21.527640403864865
correctionProbability (#SHILD$ -> #SHIELD$) = -10.753249028852412
correctionProbability (#РАССТИ$ -> #РАСТИ$) = -17.302839484014026
correctionProbability (#КАТОСТРОФА$ -> #КАТАСТРОФА$) = -18.65026836757061
correctionProbability (#МАКАЛАН$ -> #МАКАЛЛАН$) = -24.207445537614383
correctionProbability (#BRAKING$ -> #BREAKING$) = -18.301771070902575
correctionProbability (#ВНУТРЕДНЕВНОГО$ -> #ВНУТРИДНЕВНОГО$) = -39.73460863952636
correctionProbability (#СУДЬЬУ$ -> #СУДЬБУ$) = -15.836750808281234
correctionProbability (#ОНЛАЙНШ$ -> #ОНЛАЙН$) = -3.1767308034917896
correctionProbability (#КУРТЕУ$ -> #КУРТКУ$) = -12.9984548694155
correctionProbability (#СЕЦЕС$ -> #СЕКЕС$) = -16.64268076575313
correctionProbability (#DOLCHKISINOCHKI$ -> #DOCHKISINOCHKI$) = -31.51427209775744
correctionProbability (#ПАДУШИХ$ -> #ПАДАЮЩИХ$) = -147.69410505968153
correctionProbability (#ОНЛАЙНЫ$ -> #ОНЛАЙН$) = -3.17023426092139
correctionProbability (#СКІЛС$ -> #СКИЛС$) = -17.594880858588223
correctionProbability (#БАГАТСТВО$ -> #БОГАТСТВО$) = -17.509475511647842
correctionProbability (#КОРТОН$ -> #КАРТОН$) = -15.422344596610461
correctionProbability (#ОСТРЫ$ -> #ОСТРЫЕ$) = -10.488408976957697
correctionProbability (#SKACHA$ -> #SKACHAT$) = -12.2398740443289
correctionProbability (#МОЛДАЯ$ -> #МОЛОДАЯ$) = -13.371013909351447
correctionProbability (#АЗИАТКОМИ$ -> #АЗИАТКАМИ$) = -19.747038230322033
correctionProbability (#АЛГНБРЕ$ -> #АЛГЕБРЕ$) = -10.331999881400279
correctionProbability (#БОГАЖНИКЕ$ -> #БАГАЖНИКЕ$) = -20.568436753460055
correctionProbability (#ЕЛЕФОНА$ -> #ТЕЛЕФОНА$) = -10.385237481933999
correctionProbability (#ЗАКЗАТЬ$ -> #ЗАКАЗАТЬ$) = -9.769929051406187
correctionProbability (#АККОРЫ$ -> #АККОРДЫ$) = -12.341773516947676
correctionProbability (#ВАНУ$ -> #ВАННУ$) = -12.11011539547832
correctionProbability (#АРЕДУ$ -> #АРЕНДУ$) = -11.430115291865878
correctionProbability (#ПРОСЕКО$ -> #ПРОСЕККО$) = -22.943267953919438
correctionProbability (#CEZON$ -> #SEZON$) = -12.979155842373277
correctionProbability (#ГОЛДОН$ -> #ГОЛДЕН$) = -13.994747925427514
correctionProbability (#LOVI$ -> #LOVE$) = -8.387354436816608
correctionProbability (#АОКЗАЛ$ -> #ВОКЗАЛ$) = -11.297822364823357
correctionProbability (#WINDOSW$ -> #WINDOWS$) = -76.6783883690055
correctionProbability (#ПАДЧЕРЕЦЕЙ$ -> #ПАДЧЕРИЦЕЙ$) = -25.39240459572779
correctionProbability (#СВИНГЗОНL$ -> #СВИНГЗОН$) = -25.55933981095979
correctionProbability (#ЖОСТКОЕ$ -> #ЖЕСТКОЕ$) = -13.971051972164105
correctionProbability (#СОВЕСТИМОСТЬ$ -> #СОВМЕСТИМОСТЬ$) = -18.6251923201691
correctionProbability (#ЛЮБРВЬ$ -> #ЛЮБОВЬ$) = -6.5235546330166265
correctionProbability (#ALLTIMWE$ -> #ALLTIME$) = -22.088290833391213
correctionProbability (#СКТН$ -> #СКИН$) = -9.96016245094405
correctionProbability (#ПОШТАТНАЯ$ -> #ШТАТНАЯ$) = -87.61414859705098
correctionProbability (#TURBA$ -> #TURBO$) = -12.751637487584208
correctionProbability (#ДАМАСКАЯ$ -> #ДАМАССКАЯ$) = -13.764800010111948
correctionProbability (#ГОЛЮЦИНАЦИИ$ -> #ГАЛЛЮЦИНАЦИИ$) = -88.98697404398709
correctionProbability (#АММУНИЦИЯ$ -> #АМУНИЦИЯ$) = -24.38498856886146
correctionProbability (#НОИНКИ$ -> #НОВИНКИ$) = -7.9383833305252836
correctionProbability (#МУЩЫКИ$ -> #МУЗЫКИ$) = -10.374684429094113
correctionProbability (#ПОСОЛСТВО$ -> #ПОСОЛЬСТВО$) = -17.698209839127585
correctionProbability (#ТООГУ$ -> #ТОГУ$) = -18.719144831081405
correctionProbability (#ФЛУКАНАЗОЛ$ -> #ФЛУКОНАЗОЛ$) = -18.865843639770667
correctionProbability (#ВИДЕЛЕНИЯ$ -> #ВЫДЕЛЕНИЯ$) = -15.803266668353622
correctionProbability (#СКРИШОТ$ -> #СКРИНШОТ$) = -15.758012255828767
correctionProbability (#КИНОГОЛ$ -> #КИНОГО$) = -13.586237647393528
correctionProbability (#ЛЕТУЛЬ$ -> #ЛЕТУАЛЬ$) = -12.471367795983937
correctionProbability (#НІМЕЧИНІ$ -> #НІМЕЧЧИНІ$) = -24.020938934802082
correctionProbability (#НУРМЕНСКИЙ$ -> #НУРМИНСКИЙ$) = -17.716384646445086
correctionProbability (#CРЕДНЯЯ$ -> #СРЕДНЯЯ$) = -11.960580186821502
correctionProbability (#СЖЕНИЕ$ -> #ЖЖЕНИЕ$) = -15.635158594338979
correctionProbability (#СПОРТМАСЕР$ -> #СПОРТМАСТЕР$) = -15.599638131076262
correctionProbability (#ZHEIN$ -> #SHEIN$) = -12.494165960073229
correctionProbability (#ОГАНЕК$ -> #ОГОНЕК$) = -14.509253290095916
correctionProbability (#ЧАСВ$ -> #ЧАСЫ$) = -5.908244285232108
correctionProbability (#СЬЕМНЫМИ$ -> #СЪЕМНЫМИ$) = -22.0065571783896
correctionProbability (#ЭЛЕКТОРОННЫЙ$ -> #ЭЛЕКТРОННЫЙ$) = -14.600515412488704
correctionProbability (#ПОВОРТ$ -> #ПОВОРОТ$) = -13.699985474691431
correctionProbability (#ЗАРОБОТАТЬ$ -> #ЗАРАБОТАТЬ$) = -12.716535543637299
correctionProbability (#ЗВЕЗДНИЙ$ -> #ЗВЕЗДНЫЙ$) = -14.725083551283468
correctionProbability (#ДИОБЕТЕ$ -> #ДИАБЕТЕ$) = -13.924158406822102
correctionProbability (#FAITFUL$ -> #FAITHFUL$) = -20.57320554083256
correctionProbability (#VARSO$ -> #VARCO$) = -24.900551998400218
correctionProbability (#МИНУТЫЙ$ -> #МИНУТНЫЙ$) = -22.293298035891198
correctionProbability (#МУЩЫКА$ -> #МУЗЫКА$) = -5.468670150520676
correctionProbability (#GUGURTDAN$ -> #GUGUDAN$) = -102.99227561718313
correctionProbability (#HAIDE$ -> #HEIDE$) = -22.659823882717504
correctionProbability (#ДИСОКРД$ -> #ДИСКОРД$) = -79.61118953601488
correctionProbability (#VRY$ -> #VERY$) = -14.227667221965849
correctionProbability (#ДОРПОГО$ -> #ДОРОГО$) = -17.22942931685905
correctionProbability (#ОКТЯБОЯ$ -> #ОКТЯБРЯ$) = -8.41537197117664
correctionProbability (#ПОРНРХАБ$ -> #ПОРНОХАБ$) = -13.850856229389883
correctionProbability (#ВКОНТАТКТЕ$ -> #ВКОНТАКТЕ$) = -9.011747490027567
correctionProbability (#ПУШК$ -> #ПУШКИН$) = -76.54322713775976
correctionProbability (#ТРУБИЦИН$ -> #ТРУБИЦЫН$) = -23.586231830544804
correctionProbability (#СОСИСЬКИ$ -> #СОСИСКИ$) = -18.351010349114908
correctionProbability (#ДИОБЕТА$ -> #ДИАБЕТА$) = -15.42240748382325
correctionProbability (#SNAXIM$ -> #SMAXIM$) = -21.10404134644823
correctionProbability (#ADON$ -> #ADDON$) = -18.647650534950404
correctionProbability (#ПРНОХАБ$ -> #ПОРНОХАБ$) = -14.401199973268227
correctionProbability (#ТЕМПЕАТУРА$ -> #ТЕМПЕРАТУРА$) = -15.482644231801935
correctionProbability (#СЬЕМ$ -> #СЪЕМ$) = -16.92124115737862
correctionProbability (#РАСЕЛЕНИЯ$ -> #НАСЕЛЕНИЯ$) = -12.58239256475104
correctionProbability (#СИМФЕРОЛПОЛЕ$ -> #СИМФЕРОПОЛЕ$) = -16.291960523417842
correctionProbability (#БЫССТРО$ -> #БЫСТРО$) = -11.424958085978506
correctionProbability (#ЖУРГНАЛ$ -> #ЖУРНАЛ$) = -10.75531596620495
correctionProbability (#ЛЕНОЛИУМА$ -> #ЛИНОЛЕУМА$) = -80.71753008160717
correctionProbability (#ADOB$ -> #ADOBE$) = -11.601887437005889
correctionProbability (#РАЗЬЕМ$ -> #РАЗЪЕМ$) = -14.478245566833156
correctionProbability (#ХОПОНОПОНО$ -> #ХООПОНОПОНО$) = -23.582445249194805
correctionProbability (#FILEZILA$ -> #FILEZILLA$) = -23.394157447627414
correctionProbability (#ДРУГОИ$ -> #ДРУГОЙ$) = -11.05004263085424
correctionProbability (#АКТРИСС$ -> #АКТРИС$) = -18.358686100415238
correctionProbability (#МАДАМИ$ -> #МОДАМИ$) = -14.294982865209288
correctionProbability (#ГИКГО$ -> #ГИНКГО$) = -18.110121029697257
correctionProbability (#ЬЕСПЛАТНЫЕ$ -> #БЕСПЛАТНЫЕ$) = -12.37586373453626
correctionProbability (#АПЕТИТНЫЕ$ -> #АППЕТИТНЫЕ$) = -23.051297051035554
correctionProbability (#ОНЛАЙФН$ -> #ОНЛАЙН$) = -3.1740141874671117
correctionProbability (#ГИСМЕТЕТ$ -> #ГИСМЕТЕО$) = -8.305654568493857
correctionProbability (#АЛФЕРОВИЙ$ -> #АЛФЕРОВОЙ$) = -21.941253998185232
correctionProbability (#ЕСПАНДЕР$ -> #ЭСПАНДЕР$) = -20.233937211150383
correctionProbability (#АІР$ -> #АИР$) = -12.633183602478336
correctionProbability (#АЛПРОЗОЛАМ$ -> #АЛПРАЗОЛАМ$) = -24.049476322912206
correctionProbability (#ТОУН$ -> #ТАУН$) = -11.604917292291052
correctionProbability (#СИАЛЕКС$ -> #СЕАЛЕКС$) = -21.693738809753917
correctionProbability (#ЖСБК$ -> #ЖССБК$) = -22.99073279363762
correctionProbability (#ТУРЕСИИЧЕСКИЕ$ -> #ТУРИСТИЧЕСКИЕ$) = -84.59372607350068
correctionProbability (#TYSEARCH$ -> #MYSEARCH$) = -34.06499038326989
correctionProbability (#ГОЛЛИВКДА$ -> #ГОЛЛИВУДА$) = -19.580694242445404
correctionProbability (#МУЩЫКУ$ -> #МУЗЫКУ$) = -6.888258330809784
correctionProbability (#ДЕГЕСТАНСКОЙ$ -> #ДАГЕСТАНСКОЙ$) = -27.389270744560264
correctionProbability (#ГИСМЕТЕЛ$ -> #ГИСМЕТЕО$) = -8.297353669090207
correctionProbability (#ПОСТОВИТЬ$ -> #ПОСТАВИТЬ$) = -12.712053416112234
correctionProbability (#НОВОРОСИЙСКАЯ$ -> #НОВОРОССИЙСКАЯ$) = -27.641386248055312
correctionProbability (#ОСТРЕ$ -> #ОСТРЫЕ$) = -10.486715197020555
correctionProbability (#ГОРЫНИЧ$ -> #ГОРЫНЫЧ$) = -16.552381044365184
correctionProbability (#TWICH$ -> #TWITCH$) = -14.00174821246463
correctionProbability (#АКТРИСВ$ -> #АКТРИСА$) = -10.656464533145169
correctionProbability (#ГООСКОП$ -> #ГОРОСКОП$) = -9.855111894514614
correctionProbability (#КРИМИНАЛНАЯ$ -> #КРИМИНАЛЬНАЯ$) = -19.184856482422845
correctionProbability (#AVTOPRIVOZ$ -> #AUTOPRIVOZ$) = -36.04687681502413
correctionProbability (#ШЕАРОЛЕ$ -> #ШЕВРОЛЕ$) = -11.179867645534898
correctionProbability (#ЖЕНЩИНАЙ$ -> #ЖЕНЩИНОЙ$) = -14.64011578220937
correctionProbability (#ПОРОСТО$ -> #ПРОСТО$) = -12.22969159111
correctionProbability (#ПРИТИВ$ -> #ПРОТИВ$) = -7.948062465779756
correctionProbability (#ФИМЛЬМЫ$ -> #ФИЛЬМЫ$) = -6.106308005420971
correctionProbability (#МЕДЛЯЧЕК$ -> #МЕДЛЯЧОК$) = -20.990205883857143
correctionProbability (#ОПТИМУН$ -> #ОПТИММУН$) = -28.176607554482842
correctionProbability (#ЗНАКОМСТАА$ -> #ЗНАКОМСТВА$) = -10.774075746848538
correctionProbability (#ГРИПЕ$ -> #ГРИППЕ$) = -19.158266345007615
correctionProbability (#КАЗАКСКАЯ$ -> #КАЗАХСКАЯ$) = -18.119996034841613
correctionProbability (#ПРИГТОВИТЬ$ -> #ПРИГОТОВИТЬ$) = -12.973180486838473
correctionProbability (#ПНЕВНО$ -> #ПНЕВМО$) = -17.492645583562545
correctionProbability (#ПЯМЯТИ$ -> #ПАМЯТИ$) = -10.720283380269723
correctionProbability (#ЖСБИ$ -> #ЖСБ$) = -22.486992928568753
correctionProbability (#ДРУГОФ$ -> #ДРУГОЙ$) = -11.064192027146124
correctionProbability (#МАНГИТ$ -> #МАГНИТ$) = -78.22702379008243
correctionProbability (#ЗЕЗОН$ -> #СЕЗОН$) = -2.202097005613897
correctionProbability (#НАГТЕЙ$ -> #НОГТЕЙ$) = -9.591284522745031
correctionProbability (#KONTAK$ -> #KONTAKT$) = -17.232129752843548
correctionProbability (#КАЗАНИС$ -> #КАЗАНИ$) = -11.799119120225821
correctionProbability (#ВАЛДБЕРИ$ -> #ВАЙЛДБЕРРИЗ$) = -145.06413156469972
correctionProbability (#КОПЧЕННЫХ$ -> #КОПЧЕНЫХ$) = -25.67821548551489
correctionProbability (#ПИРОДИ$ -> #ПРИРОДЫ$) = -77.06072797789844
correctionProbability (#КАРМУШКА$ -> #КОРМУШКА$) = -16.59842802410511
correctionProbability (#ЕЕАТЕРИНА$ -> #ЕКАТЕРИНА$) = -10.098512296217116
correctionProbability (#СДУШАТЬ$ -> #СЛУШАТЬ$) = -5.132855398250504
correctionProbability (#РЕБЕНЕК$ -> #РЕБЕНОК$) = -10.31279869024489
correctionProbability (#ОЛОДЛО$ -> #ОЛОЛО$) = -22.69055899377166
correctionProbability (#ПЕЕСНЯ$ -> #ПЕСНЯ$) = -6.2121023911820465
correctionProbability (#СВМСУНГ$ -> #САМСУНГ$) = -9.496450172556294
correctionProbability (#ПРАСТИТТУТКИ$ -> #ПРОСТИТУТКИ$) = -81.51016012662014
correctionProbability (#АРУЖЕЕ$ -> #ОРУЖИЕ$) = -75.06422063321469
correctionProbability (#БАГАТСТВА$ -> #БОГАТСТВА$) = -18.363114507608095
correctionProbability (#АКМЕДИ$ -> #КАМЕДИ$) = -77.72730114984957
correctionProbability (#ЕЛИЗАВЕКА$ -> #ЕЛИЗАВЕККА$) = -25.09862814828434
correctionProbability (#ОГЛЕНИСЬ$ -> #ОГЛЯНИСЬ$) = -12.642389861266231
correctionProbability (#ОБАЗНАЧАЕТ$ -> #ОБОЗНАЧАЕТ$) = -17.626545477791105
correctionProbability (#РАССШИФРОВКА$ -> #РАСШИФРОВКА$) = -18.29646108650209
correctionProbability (#ХАЗЯИНА$ -> #ХОЗЯИНА$) = -15.158940223419435
correctionProbability (#РУССАИЙ$ -> #РУССКИЙ$) = -6.797436122273844
correctionProbability (#СИСИЕМА$ -> #СИСТЕМА$) = -8.95110940753171
correctionProbability (#ПУТТ$ -> #ПУТЬ$) = -9.066664026627823
correctionProbability (#ШИНШИЛИ$ -> #ШИНШИЛЛЫ$) = -84.26047800072664
correctionProbability (#СДЕНЛАТЬ$ -> #СДЕЛАТЬ$) = -8.641917775426116
correctionProbability (#ТОТЛ$ -> #ТОТАЛ$) = -13.607440454929947
correctionProbability (#ТОЛТЯТТИ$ -> #ТОЛЬЯТТИ$) = -11.230116529291486
correctionProbability (#ВНЕШФИНКБАНКЕ$ -> #ВНЕШФИНБАНКЕ$) = -40.26911244373476
correctionProbability (#BUBLES$ -> #BAUBLES$) = -20.94399373011209
correctionProbability (#КРСТЮМ$ -> #КОСТЮМ$) = -8.53766306141765
correctionProbability (#ШИНШИЛА$ -> #ШИНШИЛЛА$) = -18.48778805887916
correctionProbability (#НЕФТКГАЗОДОЬЫВАЮЩАЯ$ -> #НЕФТЕГАЗОДОБЫВАЮЩАЯ$) = -109.87284909575936
correctionProbability (#НОЯБРСКП$ -> #НОЯБРЬСК$) = -83.00239274863758
correctionProbability (#ГАБАРИТИ$ -> #ГАБАРИТЫ$) = -15.831016236449358
correctionProbability (#КОПЧЕННЫЙ$ -> #КОПЧЕНЫЙ$) = -24.145493850673873
correctionProbability (#ПОВЕХНОСТЬ$ -> #ПОВЕРХНОСТЬ$) = -20.38321331445492
correctionProbability (#ВИГЛЯДИТ$ -> #ВЫГЛЯДИТ$) = -11.898761773316359
correctionProbability (#ЕДЕНОРОГА$ -> #ЕДИНОРОГА$) = -15.96329050471116
correctionProbability (#КАЗИН$ -> #КАЗИНО$) = -10.916418212110091
correctionProbability (#ТОРМАЗИТ$ -> #ТОРМОЗИТ$) = -18.285666971871613
correctionProbability (#ОСКАРБЛЯЕТ$ -> #ОСКОРБЛЯЕТ$) = -24.749956424998977
correctionProbability (#ОЧИНЬ$ -> #ОЧЕНЬ$) = -7.083425163766357
correctionProbability (#ARMIANKI$ -> #ARMYANSKI$) = -87.98511485724849
correctionProbability (#СВЕРХНЕЕСТЕСТВЕННОЕ$ -> #СВЕРХЪЕСТЕСТВЕННОЕ$) = -89.2363368307596
correctionProbability (#ПОМЩИ$ -> #ПОМОЩИ$) = -11.755886020443189
correctionProbability (#ВОЛОСАИИЕ$ -> #ВОЛОСАТЫЕ$) = -79.72931060879783
correctionProbability (#VANSED$ -> #VANCED$) = -18.94701665577706
correctionProbability (#ДЕЦКИЕ$ -> #ДЕТСКИЕ$) = -72.94018819298982
correctionProbability (#СПЛОН$ -> #САЛОН$) = -8.904339488271379
correctionProbability (#ВИЛБЕРЕС$ -> #ВИЛБЕРИС$) = -16.446746757650466
correctionProbability (#СРАСИБО$ -> #СПАСИБО$) = -11.011043074962615
correctionProbability (#МТИЩИ$ -> #МЫТИЩИ$) = -12.850466334995776
correctionProbability (#ЫНСТИТУТ$ -> #ІНСТИТУТ$) = -20.047390722654157
correctionProbability (#КЛАССИФКАЦИЯ$ -> #КЛАССИФИКАЦИЯ$) = -19.03706908776752
correctionProbability (#СЧЕЧИКА$ -> #СЧЕТЧИКА$) = -13.833205466223845
correctionProbability (#ШИНШИЛЫ$ -> #ШИНШИЛЛЫ$) = -19.461965745327113
correctionProbability (#КАЗИО$ -> #КАЗИНО$) = -10.876204666597292
correctionProbability (#ПЕРЬМИ$ -> #ПЕРМИ$) = -12.428875746828215
correctionProbability (#КАНОБЕ$ -> #КЕНОБИ$) = -87.48727172924185
correctionProbability (#МИСТИТЕЛ$ -> #МСТИТЕЛИ$) = -79.09213749782245
correctionProbability (#ТУРЕТСКИЕ$ -> #ТУРЕЦКИЕ$) = -79.70840864401563
correctionProbability (#СЙТ$ -> #САЙТ$) = -1.0838716023059476
correctionProbability (#ОТОБРОЖЕНИЕ$ -> #ОТОБРАЖЕНИЕ$) = -23.260646103131755
correctionProbability (#СЕЗОРН$ -> #СЕЗОН$) = -4.691199900570393
correctionProbability (#ДЕВОКА$ -> #ДЕВОЧКА$) = -9.817117786974151
correctionProbability (#СООБЩЕНТЕ$ -> #СООБЩЕНИЕ$) = -12.744493106706138
correctionProbability (#ФАНТАСТИАА$ -> #ФАНТАСТИКА$) = -13.509443260015608
correctionProbability (#ПВЛОЧКИ$ -> #ПАЛОЧКИ$) = -15.142226054684414
correctionProbability (#ГЛАЩКИ$ -> #ГЛАЗКИ$) = -14.875623314137595
correctionProbability (#СОВМЕСНО$ -> #СОВМЕСТНО$) = -20.63945868290719
correctionProbability (#ТУРЕТСКИЙ$ -> #ТУРЕЦКИЙ$) = -76.93794823033903
correctionProbability (#ДРКТОР$ -> #ДОКТОР$) = -7.876314365882497
correctionProbability (#ADMI$ -> #ADMIN$) = -14.044816616651989
correctionProbability (#ОПАСНИЙ$ -> #ОПАСНЫЙ$) = -14.685210266797107
correctionProbability (#МРАНК$ -> #ПРАНК$) = -14.9288190658561
correctionProbability (#АСАУЛЬТ$ -> #АССАУЛТ$) = -93.38125529701924
correctionProbability (#АУТОИМУННОГО$ -> #АУТОИММУННОГО$) = -30.162153942266976
correctionProbability (#ОБНОЖЕННЫЕ$ -> #ОБНАЖЕННЫЕ$) = -18.106575291896192
correctionProbability (#АПОЛОНА$ -> #АПОЛЛОНА$) = -22.317108542226073
correctionProbability (#МАСАРУНЕ$ -> #МАСАМУНЕ$) = -23.46162966665709
correctionProbability (#ДИЦО$ -> #ЛИЦО$) = -8.397942485601988
correctionProbability (#КОТЛЕТОВ$ -> #КОТЛЕТ$) = -85.50647856326621
correctionProbability (#ИЕТЕРНЕТ$ -> #ИНТЕРНЕТ$) = -5.977606896319143
correctionProbability (#ЖЕНШИНУ$ -> #ЖЕНЩИНУ$) = -12.399701483575214
correctionProbability (#БЛЬШИМИ$ -> #БОЛЬШИМИ$) = -14.478870561676452
correctionProbability (#НЕФТИХИМИК$ -> #НЕФТЕХИМИК$) = -21.145115028831057
correctionProbability (#МУЛЬТІКИ$ -> #МУЛЬТИКИ$) = -6.823631653529574
correctionProbability (#КРОСАУТ$ -> #КРОССАУТ$) = -17.959689582647712
correctionProbability (#МЛОВАМИ$ -> #СЛОВАМИ$) = -11.57657055787724
correctionProbability (#ОКОЗАНИЕ$ -> #ОКАЗАНИЕ$) = -15.869831291465566
correctionProbability (#СУКУБА$ -> #СУККУБА$) = -24.190190572433067
correctionProbability (#СНЧЯТЬ$ -> #СНЯТЬ$) = -9.599661553270511
correctionProbability (#YНА$ -> #НА$) = 0.1330995955146399
correctionProbability (#ДИРЕТОР$ -> #ДИРЕКТОР$) = -13.906037839929603
correctionProbability (#ХРИСТЬЯНСКИЕ$ -> #ХРИСТИАНСКИЕ$) = -83.8520354918353
correctionProbability (#ПОНЕЛЬЮ$ -> #ПАНЕЛЬЮ$) = -18.69258771994147
correctionProbability (#СОТРКДНИКОВ$ -> #СОТРУДНИКОВ$) = -15.722972628067659
correctionProbability (#РОЖЛЕНИЕМ$ -> #РОЖДЕНИЕМ$) = -15.373723554159199
correctionProbability (#ДИЦЕ$ -> #ЛИЦЕ$) = -10.110755425603191
correctionProbability (#ПАНТОГАР$ -> #ПАНТОВИГАР$) = -87.50703127851247
correctionProbability (#ИНДЕСК$ -> #ИНДЕКС$) = -77.25929220337197
correctionProbability (#СДЕЛАЬТЬ$ -> #СДЕЛАТЬ$) = -8.658985985838818
correctionProbability (#УЛИЧНИЕ$ -> #УЛИЧНЫЕ$) = -13.21992225590622
correctionProbability (#АНТОГОНИСТЫ$ -> #АНТАГОНИСТЫ$) = -25.544271629292297
correctionProbability (#ИСТРРИЯ$ -> #ИСТОРИЯ$) = -8.145191897002874
correctionProbability (#ЭРЛТИЧЕСКИЕ$ -> #ЭРОТИЧЕСКИЕ$) = -14.790216950660025
correctionProbability (#ПРЛДАЖА$ -> #ПРОДАЖА$) = -7.517253435707715
correctionProbability (#ENGSH$ -> #ENGLISH$) = -77.01840810748303
correctionProbability (#ОСТОВ$ -> #ОСТРОВ$) = -10.10544803352207
correctionProbability (#ТКМПЕРАТУРА$ -> #ТЕМПЕРАТУРА$) = -14.917328632457469
correctionProbability (#БОГУТИН$ -> #БОГУЧАН$) = -90.75205711653727
correctionProbability (#WIFF$ -> #WIFI$) = -10.197698955136207
correctionProbability (#ЛЕКГИЕ$ -> #ЛЕГКИЕ$) = -78.62659417779776
correctionProbability (#РАСПОСТРАНЕНИЯ$ -> #РАСПРОСТРАНЕНИЯ$) = -26.248242410827423
correctionProbability (#РЕМНОТ$ -> #РЕМОНТ$) = -72.89519075682196
correctionProbability (#CONEDY$ -> #COMEDY$) = -14.527827601089111
correctionProbability (#ЛЯЩЕНКО$ -> #ЛЯШЕНКО$) = -20.71162759420215
correctionProbability (#МОЗАЙКА$ -> #МОЗАИКА$) = -13.848559612165332
correctionProbability (#БРОДНИЦКА$ -> #БРОДНИЦКАЯ$) = -25.619658009511532
correctionProbability (#СЕДЦЕ$ -> #СЕРДЦЕ$) = -8.954635399731988
correctionProbability (#ЮМЕД$ -> #МЕД$) = -11.365796031325463
correctionProbability (#САБКА$ -> #СОБАКА$) = -75.02460562834928
correctionProbability (#МАЛАЩЕНКО$ -> #МАЛАШЕНКО$) = -17.81275619868267
correctionProbability (#ПОДЕЗД$ -> #ПОДЪЕЗД$) = -17.508279993445463
correctionProbability (#ВЫЧЕСЛЕНИЕ$ -> #ВЫЧИСЛЕНИЕ$) = -20.795768377297307
correctionProbability (#ДИЦА$ -> #ЛИЦА$) = -6.3913819811295305
correctionProbability (#КОНЛА$ -> #КОГДА$) = -70.51074254687026
correctionProbability (#ПОРННОО$ -> #ПОРНОО$) = -19.56023748473365
correctionProbability (#LERYA$ -> #LERUA$) = -19.466080302099495
correctionProbability (#КОЛЕКЦИЯ$ -> #КОЛЛЕКЦИЯ$) = -15.017277594237676
correctionProbability (#СЕДЦА$ -> #СЕРДЦА$) = -10.864208697627891
correctionProbability (#ТАНГОУТСКИЙ$ -> #ТАНГУТСКИЙ$) = -31.761022556090403
correctionProbability (#СУРВАЙВЕЛ$ -> #СУРВАЙВАЛ$) = -20.770407663474693
correctionProbability (#СЧКАЧАТЬ$ -> #СКАЧАТЬ$) = -5.040628965807661
correctionProbability (#КОЛЕКЦИЮ$ -> #КОЛЛЕКЦИЮ$) = -21.72638605775945
correctionProbability (#ХАЧЕПУРИ$ -> #ХАЧАПУРИ$) = -16.23796442980572
correctionProbability (#ЦЫРЮЛЬНИК$ -> #ЦИРЮЛЬНИК$) = -18.690629129579428
correctionProbability (#САНДАТО$ -> #САНДАТА$) = -26.224602953077337
correctionProbability (#ПЕСПРЕДЕЛ$ -> #БЕСПРЕДЕЛ$) = -13.996295352566705
correctionProbability (#БЕСЛАТНАЯ$ -> #БЕСПЛАТНАЯ$) = -15.404603733910534
correctionProbability (#ПЛАЕР$ -> #ПЛЕЕР$) = -10.940071220025185
correctionProbability (#БРОДНИЦКИ$ -> #БРОДНИЦКИЙ$) = -36.3539880059925
correctionProbability (#ВПЕМЕНИ$ -> #ВРЕМЕНИ$) = -9.005713368937506
correctionProbability (#РАМАН$ -> #РОМАН$) = -8.77578852646229
correctionProbability (#УЛИУЕ$ -> #УЛИЦЕ$) = -9.602127219163709
correctionProbability (#МОЗАЙКЕ$ -> #МОЗАИКЕ$) = -23.671942901855346
correctionProbability (#СКРЫТНАЯ$ -> #СКРЫТАЯ$) = -14.714217346268725
correctionProbability (#МОГЕТА$ -> #МОНЕТА$) = -13.258059090357339
correctionProbability (#ТИТОРЕНКО$ -> #ТИТАРЕНКО$) = -23.563835112318216
correctionProbability (#ВАРИШКА$ -> #ВОРИШКА$) = -15.669986110074781
correctionProbability (#ЧЕРСТВИЙ$ -> #ЧЕРСТВЫЙ$) = -22.142598506233334
correctionProbability (#МУЛХОИ$ -> #МУЛЛОХОИ$) = -93.03634269230899
correctionProbability (#ПОГОАОРКИ$ -> #ПОГОВОРКИ$) = -15.718624021101164
correctionProbability (#СКОЧ$ -> #СКОТЧ$) = -13.477925162737375
correctionProbability (#МІОМА$ -> #МИОМА$) = -14.545922787711607
correctionProbability (#КЛАЧС$ -> #КЛАСС$) = -2.4449809015809656
correctionProbability (#КІНОДОМ$ -> #КИНОДОМ$) = -22.336129212717907
correctionProbability (#ЭЛАДЕЯ$ -> #ЭЛОДЕЯ$) = -20.870749229825282
correctionProbability (#AIPHONE$ -> #IPHONE$) = -12.176199240382385
correctionProbability (#ТРОЛЕЙБУСА$ -> #ТРОЛЛЕЙБУСА$) = -21.867058534750853
correctionProbability (#ПРИГООВИТЬ$ -> #ПРИГОТОВИТЬ$) = -12.94169299881613
correctionProbability (#ЦЫРУЛЬНЯ$ -> #ЦИРЮЛЬНЯ$) = -89.1254885477851
correctionProbability (#СУПЕРСЕЛ$ -> #СУПЕРСЕЛЛ$) = -25.22907167710681
correctionProbability (#ПІКАССО$ -> #ПИКАССО$) = -15.581274442647945
correctionProbability (#ЧАСНОКА$ -> #ЧЕСНОКА$) = -13.247945487891045
correctionProbability (#НОРОД$ -> #ГОРОД$) = -5.059041876692792
correctionProbability (#EDY$ -> #EDU$) = -12.123910100745764
correctionProbability (#РЖИМ$ -> #РЕЖИМ$) = -10.037463672981918
correctionProbability (#КАЗЛА$ -> #КОЗЛА$) = -15.736512659779198
correctionProbability (#ЭКСПЛОВЕР$ -> #ЭКСПЛОРЕР$) = -17.41925400048367
correctionProbability (#МОЗАЙКУ$ -> #МОЗАИКУ$) = -19.383583304798663
correctionProbability (#LASSI$ -> #LASSIE$) = -18.494986025632183
correctionProbability (#НЕАЛЛЕРГИЧЕСКИЙ$ -> #АЛЛЕРГИЧЕСКИЙ$) = -93.25019422745594
correctionProbability (#ТРАНССЕРФИНГ$ -> #ТРАНСЕРФИНГ$) = -25.171862161374094
correctionProbability (#АФАРИЗМЫ$ -> #АФОРИЗМЫ$) = -14.104468360238293
correctionProbability (#МАСАЖИСТУ$ -> #МАССАЖИСТУ$) = -27.59256327801588
correctionProbability (#ОПОМ$ -> #ОПТОМ$) = -6.307811516447398
correctionProbability (#МАММАПЛАСТИКА$ -> #МАММОПЛАСТИКА$) = -23.817419162328065
correctionProbability (#ПЯМЯТЬ$ -> #ПАМЯТЬ$) = -11.500747348542678
correctionProbability (#ЕБЕРШПЕХЕР$ -> #ЭБЕРШПЕХЕР$) = -23.238990418694975
correctionProbability (#СРДСТВА$ -> #СРЕДСТВА$) = -12.229323335029385
correctionProbability (#ГЕЛЕНДЖК$ -> #ГЕЛЕНДЖИК$) = -15.748101453906528
correctionProbability (#PUZZEL$ -> #PUZZLE$) = -84.11008374489926
correctionProbability (#ЕРДЦЕ$ -> #СЕРДЦЕ$) = -8.91416058226066
correctionProbability (#ПОКАЗЫВПЕТ$ -> #ПОКАЗЫВАЕТ$) = -15.871693516591364
correctionProbability (#ЗАРЕГЕСТРИРОВАН$ -> #ЗАРЕГИСТРИРОВАН$) = -25.333237514546028
correctionProbability (#MILLYON$ -> #MILLION$) = -15.270936670306256
correctionProbability (#МЕЙТЛЕН$ -> #МЕЙТЛЕНД$) = -17.61671833945251
correctionProbability (#FAMDOM$ -> #FEMDOM$) = -15.23707823714675
correctionProbability (#ТОФИ$ -> #ТОФФИ$) = -21.363088183679654
correctionProbability (#ИГВЕРСИЕЙ$ -> #ИНВЕРСИЕЙ$) = -28.050420705246275
correctionProbability (#ПИНГВИНОС$ -> #ПИНГВИНОВ$) = -20.279070212817302
correctionProbability (#ИНСТОСАМКА$ -> #ИНСТАСАМКА$) = -19.44334438221626
correctionProbability (#МУШЧИН$ -> #МУЖЧИН$) = -8.576420073214454
correctionProbability (#ПУФИ$ -> #ПУФФИ$) = -14.696712916709682
correctionProbability (#СПЛРТ$ -> #СПОРТ$) = -6.901575172191141
correctionProbability (#СТРАХИТ$ -> #СТАРХИТ$) = -80.46800232760985
correctionProbability (#VEAR$ -> #WEAR$) = -16.496658717910496
correctionProbability (#SGEIN$ -> #SHEIN$) = -12.487033626492316
correctionProbability (#ASROK$ -> #ASROCK$) = -17.6555468749394
correctionProbability (#ЮЛММАРТ$ -> #ЮЛМАРТ$) = -15.036440774100011
correctionProbability (#СКРЕМБЛ$ -> #СКРЭМБЛ$) = -24.953160816453618
correctionProbability (#ПЕТРОВСЬКИЙ$ -> #ПЕТРОВСКИЙ$) = -21.321798979425104
correctionProbability (#ДЕРБИНА$ -> #ДЕРЯБИНА$) = -22.31893295535813
correctionProbability (#ААТОВОКЗАЛ$ -> #АВТОВОКЗАЛ$) = -15.491621845227336
correctionProbability (#ТОВЕРДРАЙВ$ -> #ОВЕРДРАЙВ$) = -25.45545692983439
correctionProbability (#ЗНАКОМСТБА$ -> #ЗНАКОМСТВА$) = -10.780945661673563
correctionProbability (#СДАСА$ -> #СДАЧА$) = -12.366006978787002
correctionProbability (#АБДУЛАЕВ$ -> #АБДУЛЛАЕВ$) = -21.456893594630884
correctionProbability (#ДАСТОРЕ$ -> #ДАСТЕРЕ$) = -20.30687312941224
correctionProbability (#ДЕКРЕТЧИЦ$ -> #ДЕКРЕТНИЦ$) = -27.436357713695962
correctionProbability (#СКНЫ$ -> #СКИНЫ$) = -10.928887886746882
correctionProbability (#CARMELIET$ -> #KARMELIET$) = -35.01892574242004
correctionProbability (#ЕЛЕФАНТЕ$ -> #ЭЛЕФАНТ$) = -88.05871338300283
correctionProbability (#LEAGE$ -> #LEAGUE$) = -14.544334773521992
correctionProbability (#КИЪВСТАР$ -> #КИЇВСТАР$) = -18.239772209358392
correctionProbability (#БИОЛОГИЯЛЫК$ -> #БИОЛОГИЯЛЫҚ$) = -24.596689440987717
correctionProbability (#ЕКЗАМИН$ -> #ЭКЗАМЕН$) = -78.3714641960505
correctionProbability (#БЫЧЕК$ -> #БЫЧОК$) = -15.965991600848984
correctionProbability (#НЕОАУКЦВОН$ -> #НЕВАУКЦИОН$) = -91.01840937428537
correctionProbability (#MARSELLE$ -> #MARSEILLE$) = -21.986906256634647
correctionProbability (#БАЛЛАДАСИ$ -> #БАЛЛАДАСЫ$) = -34.74698676223323
correctionProbability (#ТЕЛГРАМ$ -> #ТЕЛЕГРАММ$) = -80.33303506418095
correctionProbability (#РИВЕРЕЙЛ$ -> #РИВЕРДЕЙЛ$) = -14.20426400842674
correctionProbability (#BETNAMBER$ -> #BETNUMBERS$) = -95.83582757752117
correctionProbability (#ПРОРУСТИЛИ$ -> #ПРОПУСТИЛИ$) = -23.931421782797777
correctionProbability (#КОСИЕТИКА$ -> #КОСМЕТИКА$) = -12.618361779138851
correctionProbability (#ТАМАРКИН$ -> #ТУМАРКИН$) = -28.027359626618782
correctionProbability (#ЛЕКГИХ$ -> #ЛЕГКИХ$) = -80.6838976192331
correctionProbability (#ОЛЬНА$ -> #ОЛЬГА$) = -7.325070624889182
correctionProbability (#КРАСНОГОСК$ -> #КРАСНОГОРСК$) = -18.65814281056383
correctionProbability (#ТРОЛЕЙБУСИ$ -> #ТРОЛЛЕЙБУСЫ$) = -88.48746994191073
correctionProbability (#РАМБЛ$ -> #РАМБЛЕР$) = -73.8774301577373
correctionProbability (#РАСТЕНУТЬ$ -> #РАСТЯНУТЬ$) = -19.892948138310345
correctionProbability (#МАСАЖИСТА$ -> #МАССАЖИСТА$) = -21.541832845114648
correctionProbability (#МОНСРОВ$ -> #МОНСТРОВ$) = -13.919074227993583
correctionProbability (#МЕТОДОН$ -> #МЕТАДОН$) = -20.405820306777755
correctionProbability (#EEY$ -> #EYE$) = -81.18307939729848
correctionProbability (#ЗАБРЛЕВАНИЯ$ -> #ЗАБОЛЕВАНИЯ$) = -17.208436894200787
correctionProbability (#ТРЕДЕ$ -> #ТРИДЕ$) = -17.693653520965352
correctionProbability (#COUNTIES$ -> #COUNTRIES$) = -21.37846678864529
correctionProbability (#ШИНИК$ -> #ШИННИК$) = -18.125915336534508
correctionProbability (#КОРИЦЦА$ -> #КОРИЦА$) = -19.04799527263528
correctionProbability (#ХЕМИНГЭУЙ$ -> #ХЕМИНГУЭЙ$) = -89.11049984880081
correctionProbability (#ИНДИВУДУАЛКИ$ -> #ИНДИВИДУАЛКИ$) = -18.415206414775056
correctionProbability (#ДИДЗЬО$ -> #ДЗІДЗЬО$) = -83.70901944923158
correctionProbability (#УЧАСНИК$ -> #УЧАСТНИК$) = -18.403842333730516
correctionProbability (#ХОСТЛ$ -> #ХОСТЕЛ$) = -12.505952875600247
correctionProbability (#LUVESCORE$ -> #LIVESCORE$) = -14.495769135713338
correctionProbability (#ФЛЕБОДИЯ$ -> #ФЛЕБОДИА$) = -19.579003433542148
correctionProbability (#БИКФУТ$ -> #БИГФУТ$) = -17.627326400924385
correctionProbability (#PFOTO$ -> #PHOTO$) = -11.204156111991136
correctionProbability (#ДЕДСКИЙ$ -> #ДЕТСКИЙ$) = -7.833211454330687
correctionProbability (#ЗРОТИЧЕСКИЕ$ -> #ЭРОТИЧЕСКИЕ$) = -14.731580663809495
correctionProbability (#К8НДЕЛ3К$ -> #КҮНДЕЛІК$) = -74.10623701462742
correctionProbability (#ЮТИЮБ$ -> #ЮТУБ$) = -67.4921913615437
correctionProbability (#ХАЧАПУРІ$ -> #ХАЧАПУРИ$) = -16.211377435006135
correctionProbability (#УЛИЦІ$ -> #УЛИЦЫ$) = -10.302353261544258
correctionProbability (#СОБАЧЕНКА$ -> #СОБАЧОНКА$) = -26.638185490694887
correctionProbability (#ЛАКТІАЛЕ$ -> #ЛАКТИАЛЕ$) = -23.42080031805972
correctionProbability (#ВЕТИРАНОВ$ -> #ВЕТЕРАНОВ$) = -16.500058194762524
correctionProbability (#FLIMLERI$ -> #FILMLERI$) = -87.45380818623507
correctionProbability (#КЛАСЫ$ -> #КЛАССЫ$) = -12.774445087701277
correctionProbability (#СИСМС$ -> #СИМС$) = -11.86255086942192
correctionProbability (#ПРАВДП$ -> #ПРАВДА$) = -9.808004395522975
correctionProbability (#MVIEO$ -> #MVIDEO$) = -13.593221349534108
correctionProbability (#ПРОИВОДСТВА$ -> #ПРОИЗВОДСТВА$) = -17.09575718729559
correctionProbability (#ПОДГОВОТИТЬ$ -> #ПОДГОТОВИТЬ$) = -83.24268059566634
correctionProbability (#ПРАВДО$ -> #ПРАВДА$) = -9.74403283197849
correctionProbability (#ШАМАНКОВ$ -> #ШАМАНОВ$) = -22.022911517533153
correctionProbability (#ТАЖИКСИЕ$ -> #ТАДЖИКСКИЕ$) = -87.40417419602372
correctionProbability (#ПОЧИСТИЬ$ -> #ПОЧИСТИТЬ$) = -14.595967079087004
correctionProbability (#ПУПГ$ -> #ПУБГ$) = -12.023321750965476
correctionProbability (#БКДЕТ$ -> #БУДЕТ$) = -7.746643704264795
correctionProbability (#РЕГЕСТРАЦЫИ$ -> #РЕГИСТРАЦИИ$) = -77.010655336495
correctionProbability (#МАНСТЕРА$ -> #МОНСТЕРА$) = -19.23047373090329
correctionProbability (#ВАЛБЕРИЕС$ -> #ВАЛБЕРИС$) = -14.951435636314244
correctionProbability (#КЛАСЧ$ -> #КЛАСС$) = -2.44211258412685
correctionProbability (#RAZEN$ -> #RYZEN$) = -15.16958233947059
correctionProbability (#КУРСВ$ -> #КУРСЫ$) = -7.222371968672871
correctionProbability (#ПАРАНАРМАЛЬНЫЕ$ -> #ПАРАНОРМАЛЬНЫЕ$) = -26.09418691952991
correctionProbability (#КОНФЕТКАМИ$ -> #КОНФЕТАМИ$) = -21.904080328379557
correctionProbability (#ЛЕПУЧКА$ -> #ЛИПУЧКА$) = -17.72961651058965
correctionProbability (#ФІЛЬМЫ$ -> #ФИЛЬМЫ$) = -3.5972964228779887
correctionProbability (#ODNOKLASSNIK$ -> #ODNOKLASSNIKI$) = -18.787203798787964
correctionProbability (#ХУДОЖЕСТВЕННА$ -> #ХУДОЖЕСТВЕННАЯ$) = -21.109446308410853
correctionProbability (#ТРАНСВ$ -> #ТРАНСЫ$) = -11.954246968309793
correctionProbability (#ЧЕЛЯБИСНКОЙ$ -> #ЧЕЛЯБИНСКОЙ$) = -83.9432188471281
correctionProbability (#ВИНИЧЕНКО$ -> #ВИННИЧЕНКО$) = -26.046303228377738
correctionProbability (#ГЕМАНИИ$ -> #ГЕРМАНИИ$) = -12.756974229716668
correctionProbability (#ГРИВН$ -> #ГРИВНЫ$) = -14.558156582133986
correctionProbability (#ТОЛЬЗА$ -> #ПОЛЬЗА$) = -9.855667775377857
correctionProbability (#ФФИЛЬМЫ$ -> #ФИЛЬМЫ$) = -6.126708767009436
correctionProbability (#SUBNATICA$ -> #SUBNAUTICA$) = -22.7799542563016
correctionProbability (#WIHT$ -> #WITH$) = -75.19852436941032
correctionProbability (#СКИС$ -> #СЕКИС$) = -13.309086253587378
correctionProbability (#ANHSCE$ -> #ANHASCE$) = -14.460509571295134
correctionProbability (#РИЗНИХ$ -> #РІЗНИХ$) = -18.567134994922352
correctionProbability (#НОВОКУЗНЕЦСКЕ$ -> #НОВОКУЗНЕЦКЕ$) = -20.940504480755948
correctionProbability (#КЛАСМ$ -> #КЛАСС$) = -2.43857429108996
correctionProbability (#ЦІЦЬКИ$ -> #ЦИЦЬКИ$) = -22.34432457165215
correctionProbability (#МАСАРАТДИ$ -> #МАЗЕРАТИ$) = -152.0851131677489
correctionProbability (#РАЗУМСКАЯ$ -> #РАЗУМОВСКАЯ$) = -83.65713393891092
correctionProbability (#ОПИТ$ -> #ОПЫТ$) = -12.131188942940913
correctionProbability (#ЛЕЧЕНИ$ -> #ЛЕЧЕНИЕ$) = -7.678853612151748
correctionProbability (#ВЫЩИТАТЬ$ -> #ВЫСЧИТАТЬ$) = -84.31758091567626
correctionProbability (#МВЛЫШ$ -> #МАЛЫШ$) = -11.03120775604862
correctionProbability (#ФЕИИ$ -> #ФЕИ$) = -12.144375383950848
correctionProbability (#УШКОВ$ -> #УШАКОВ$) = -17.325355812931836
correctionProbability (#ЗРОТИЧЕСКИЙ$ -> #ЭРОТИЧЕСКИЙ$) = -15.782345604468738
correctionProbability (#ГЛАЗУР$ -> #ГЛАЗУРЬ$) = -17.85873516997964
correctionProbability (#КЛАСИ$ -> #КЛАСС$) = -2.444647623328944
correctionProbability (#ПОНКРАТОВА$ -> #ПАНКРАТОВА$) = -23.650544255768644
correctionProbability (#ТОСТОГО$ -> #ТОЛСТОГО$) = -15.748257499466028
correctionProbability (#КАРОЛЕВА$ -> #КОРОЛЕВА$) = -10.63426410490478
correctionProbability (#ТРАНСС$ -> #ТРАНС$) = -13.42318358386034
correctionProbability (#ПРИРОДНВЕ$ -> #ПРИРОДНЫЕ$) = -16.110110605696228
correctionProbability (#ОПИН$ -> #ОПЕН$) = -11.720361695982792
correctionProbability (#САБАЧЬИ$ -> #СОБАЧЬИ$) = -17.97820414203283
correctionProbability (#ДИПО$ -> #ДЕПО$) = -13.153880782253172
correctionProbability (#МАСАЖЫСТКАМЫ$ -> #МАССАЖИСТКАМИ$) = -160.74661284678325
correctionProbability (#НОВГОПОД$ -> #НОВГОРОД$) = -9.813613099548412
correctionProbability (#КЛАСЕ$ -> #КЛАССЕ$) = -11.13012261526718
correctionProbability (#ДИПП$ -> #ДИП$) = -13.661254337511092
correctionProbability (#ЕДИСОНА$ -> #ЭДИСОНА$) = -17.972968392335453
correctionProbability (#ПОИКЛИНИКА$ -> #ПОЛИКЛИНИКА$) = -14.023145556716543
correctionProbability (#КРВЙ$ -> #КРАЙ$) = -6.569230831536455
correctionProbability (#КУРЧАШОВ$ -> #КАРТАШОВ$) = -85.07697205794966
correctionProbability (#КАТАИЕ$ -> #КАТАНИЕ$) = -11.310401568491883
correctionProbability (#КРВИ$ -> #КРОВИ$) = -4.4354049416436645
correctionProbability (#ЗНАКОМСТВП$ -> #ЗНАКОМСТВА$) = -10.806906248011053
correctionProbability (#ТРАНСФ$ -> #ТРАНСЫ$) = -11.959523643967035
correctionProbability (#ВУЛКАНИЕСКИЕ$ -> #ВУЛКАНИЧЕСКИЕ$) = -29.502977851997485
correctionProbability (#ТЕНТАСЬЕН$ -> #ТЕНТАСЬОН$) = -24.50004476028596
correctionProbability (#КОЛОНЕЛ$ -> #КОЛОНЕЛЬ$) = -19.119604781828585
correctionProbability (#РУЬЛЕВКИ$ -> #РУБЛЕВКИ$) = -13.319009602893097
correctionProbability (#ОДНОКЛАСНТКИ$ -> #ОДНОКЛАССНИКИ$) = -76.52352237695537
correctionProbability (#ГИЫКИ$ -> #ГИФКИ$) = -9.770960876622684
correctionProbability (#НЛВА$ -> #НОВА$) = -10.525553705668617
correctionProbability (#РАСШИРОВКА$ -> #РАСШИФРОВКА$) = -16.431486831480065
correctionProbability (#ПРТГОТОВИТЬ$ -> #ПРИГОТОВИТЬ$) = -12.402183802750649
correctionProbability (#КАРОЛЕВЫ$ -> #КОРОЛЕВЫ$) = -15.34461664262836
correctionProbability (#ИНТЕРЕНЕТ$ -> #ИНТЕРНЕТ$) = -8.448893073373448
correctionProbability (#PATTAY$ -> #PATTAYA$) = -18.042430355366413
correctionProbability (#СИНИГО$ -> #СИНЕГО$) = -14.415783902253562
correctionProbability (#ПРИТЕР$ -> #ПРИНТЕР$) = -12.329644122781524
correctionProbability (#ХАЛЕСТЕРИН$ -> #ХОЛЕСТЕРИН$) = -17.508738334822645
correctionProbability (#КРОНШТЕИН$ -> #КРОНШТЕЙН$) = -15.776172023726545
correctionProbability (#ПЕЧВОРК$ -> #ПЭЧВОРК$) = -15.210553163681858
correctionProbability (#ХОРШИЙ$ -> #ХОРОШИЙ$) = -11.699797724466023
correctionProbability (#ПОСЛДНЯЯ$ -> #ПОСЛЕДНЯЯ$) = -13.495677893219913
correctionProbability (#СЕНДВИЧЕЙ$ -> #СЭНДВИЧЕЙ$) = -26.17360701729946
correctionProbability (#РИНГИТ$ -> #РИНГГИТ$) = -25.736983796461942
correctionProbability (#VYW$ -> #VIEW$) = -78.30415277841347
correctionProbability (#MYKREDIT$ -> #MYCREDIT$) = -22.11485502208128
correctionProbability (#РИКОС$ -> #РИКСОС$) = -17.046164005605828
correctionProbability (#ГУГГЛ$ -> #ГУГЛ$) = -5.536570863161156
correctionProbability (#РРАДИО$ -> #РАДИО$) = -7.611220975103723
correctionProbability (#КОМБОТ$ -> #КОМБАТ$) = -12.196769750277834
correctionProbability (#РОЗОБРАНАЯ$ -> #РАЗОБРАННАЯ$) = -93.84574264343722
correctionProbability (#ЕКОЛЬ$ -> #НИКОЛЬ$) = -77.42770280821829
correctionProbability (#РАСТРОЙСТВО$ -> #РАССТРОЙСТВО$) = -21.877232097070184
correctionProbability (#КОЕЦЕРТ$ -> #КОНЦЕРТ$) = -9.51160572366139
correctionProbability (#СВЕРЬЕСТЕСТВЕННОЕ$ -> #СВЕРХЪЕСТЕСТВЕННОЕ$) = -87.3296778438082
correctionProbability (#МАМКОМИ$ -> #МАМКАМИ$) = -16.454372883385375
correctionProbability (#ВАЦАБ$ -> #ВАЦАП$) = -10.949917342935063
correctionProbability (#ПООЯДОК$ -> #ПОРЯДОК$) = -11.434105663799365
correctionProbability (#ПРОИЩВЕДЕНИЯ$ -> #ПРОИЗВЕДЕНИЯ$) = -17.84072851799538
correctionProbability (#КИНМАСТЕР$ -> #КИНЕМАСТЕР$) = -25.46985220451937
correctionProbability (#РАСАДУ$ -> #РАССАДУ$) = -18.139612522473634
correctionProbability (#ХОРШИЕ$ -> #ХОРОШИЕ$) = -13.000938582273001
correctionProbability (#СЮДЕТ$ -> #СЮЖЕТ$) = -12.678368858987188
correctionProbability (#ИЩИМ$ -> #ИЩЕМ$) = -15.503278034239546
correctionProbability (#СОЕ$ -> #СОЭ$) = -13.461657789893803
correctionProbability (#ЛЕЙСБИ$ -> #ЛЕСБИ$) = -12.21855975780041
correctionProbability (#АВТАРИИ$ -> #АВАТАРИИ$) = -16.667392994939824
correctionProbability (#ХУДОЖЕСТВЕНОЕ$ -> #ХУДОЖЕСТВЕННОЕ$) = -24.088519955450693
correctionProbability (#МОЛОДИНЬКИЕ$ -> #МОЛОДЕНЬКИЕ$) = -18.75175076554855
correctionProbability (#PEYPAL$ -> #PAYPAL$) = -13.53303479551467
correctionProbability (#CLUP$ -> #CLUB$) = -9.045894640569497
correctionProbability (#ДЕТОКТОР$ -> #ДЕТЕКТОР$) = -17.179280395481165
correctionProbability (#СДОВОДА$ -> #САДОВОДА$) = -16.511996482982475
correctionProbability (#ПРОИЩВЕДЕНИЕ$ -> #ПРОИЗВЕДЕНИЕ$) = -18.29734573074223
correctionProbability (#ПРОДЛИВАТЬ$ -> #ПРОДЛЕВАТЬ$) = -25.628604352712834
correctionProbability (#ФУНКЦІІ$ -> #ФУНКЦІЇ$) = -17.845235392993935
correctionProbability (#СТРАННИЕ$ -> #СТРАННЫЕ$) = -14.069150665102363
correctionProbability (#ВАРФРЕЙС$ -> #ВАРФЕЙС$) = -12.914148220772397
correctionProbability (#СКОЛЕОЗА$ -> #СКОЛИОЗА$) = -20.523684169175645
correctionProbability (#ХУДОЖЕСТВЕНОЙ$ -> #ХУДОЖЕСТВЕННОЙ$) = -18.778043383753896
correctionProbability (#ГОЛДИН$ -> #ГОЛДЕН$) = -13.938628571558564
correctionProbability (#НОВОСИБОРСК$ -> #НОВОСИБИРСК$) = -12.416933056963941
correctionProbability (#КЛАПЫ$ -> #КЛОПЫ$) = -14.483979929866802
correctionProbability (#ЧКЛОВЕКА$ -> #ЧЕЛОВЕКА$) = -8.877208245645988
correctionProbability (#MAINKRAFT$ -> #MINECRAFT$) = -145.1703859849163
correctionProbability (#САБАЧЬЯ$ -> #СОБАЧЬЯ$) = -14.027524769431508
correctionProbability (#АНАЛИЩ$ -> #АНАЛИЗ$) = -4.55068275694893
correctionProbability (#АНЫМЕ$ -> #АНИМЕ$) = -5.940018393664818
correctionProbability (#ХУДОЖЕСТВЕНОМ$ -> #ХУДОЖЕСТВЕННОМ$) = -27.680004221801184
correctionProbability (#МОТРЕЬ$ -> #СМОТРЕТЬ$) = -68.22497957655747
correctionProbability (#ДОШКОВ$ -> #ДАШКОВ$) = -21.81698357815299
correctionProbability (#ISTAMAS$ -> #ESTAMOS$) = -90.9865295034342
correctionProbability (#ХNXX$ -> #XNXX$) = -8.667279436899783
correctionProbability (#ДИОЗ$ -> #ДИАЗ$) = -13.920864003105013
correctionProbability (#РАСТРОЙСТВА$ -> #РАССТРОЙСТВА$) = -23.162705745919958
correctionProbability (#ОПРЕДЕЛЕНИЯЮ$ -> #ОПРЕДЕЛЕНИЯ$) = -19.816329267675883
correctionProbability (#ИНДИВИДКАЛКИ$ -> #ИНДИВИДУАЛКИ$) = -18.372491182485597
correctionProbability (#СОЄДИНИЛА$ -> #СОЕДИНИЛА$) = -28.552871514517484
correctionProbability (#ВЛЕЗИТ$ -> #ВЛЕЗЕТ$) = -21.217520862778446
correctionProbability (#РЕАЛНОЕ$ -> #РЕАЛЬНОЕ$) = -15.38088644572644
correctionProbability (#МТИХИ$ -> #СТИХИ$) = -6.945628370556015
correctionProbability (#ВАРИАНТВ$ -> #ВАРИАНТЫ$) = -13.43920204194567
correctionProbability (#ПСМХОЛОГИИ$ -> #ПСИХОЛОГИИ$) = -16.11034402070147
correctionProbability (#CLUD$ -> #CLUB$) = -9.045495894800887
correctionProbability (#КСЛАСС$ -> #КЛАСС$) = -4.9119964173179085
correctionProbability (#ПУНТ$ -> #ПУНКТ$) = -11.135002014239081
correctionProbability (#КОРРЕКЦИОНАЯ$ -> #КОРРЕКЦИОННАЯ$) = -24.716362855619572
correctionProbability (#СКОЛЕОЗЕ$ -> #СКОЛИОЗЕ$) = -18.830157346233094
correctionProbability (#МОНЕТЫТ$ -> #МОНЕТЫ$) = -12.479774302202802
correctionProbability (#АЛКАГОЛИКОВ$ -> #АЛКОГОЛИКОВ$) = -22.122749490526814
correctionProbability (#ВЕЩЯМИ$ -> #ВЕЩАМИ$) = -17.46233431727943
correctionProbability (#EHTIYYAT$ -> #EHTIYAT$) = -27.3865726566709
correctionProbability (#НАЧАЛЬНИУ$ -> #НАЧАЛЬНИК$) = -14.598388402350373
correctionProbability (#BEATCH$ -> #BEACH$) = -12.851905432483878
correctionProbability (#СМРТФОН$ -> #СМАРТФОН$) = -12.911499956654062
correctionProbability (#ФІЛЬМА$ -> #ФИЛЬМА$) = -9.400601235175717
correctionProbability (#ПЛОТИНСКОГО$ -> #ЛАТИНСКОГО$) = -89.07811873037336
correctionProbability (#ДОКУЕНТЫ$ -> #ДОКУМЕНТЫ$) = -13.063484967673979
correctionProbability (#ALLTIMME$ -> #ALLTIME$) = -22.081635158777708
correctionProbability (#TENCEN$ -> #TENCENT$) = -18.299315175654677
correctionProbability (#INSTALER$ -> #INSTALLER$) = -18.738194144700948
correctionProbability (#ОНЛАЙЦН$ -> #ОНЛАЙН$) = -3.1774396562474614
correctionProbability (#ПОЗВАНИТЬ$ -> #ПОЗВОНИТЬ$) = -15.513373427617019
correctionProbability (#ВИТЯЖКА$ -> #ВЫТЯЖКА$) = -14.863770694015784
correctionProbability (#ПОВЕХНОСТИ$ -> #ПОВЕРХНОСТИ$) = -18.518840412828638
correctionProbability (#КОРОСКОП$ -> #ГОРОСКОП$) = -9.25295012855917
correctionProbability (#РАСТОНОВКИ$ -> #РАССТАНОВКИ$) = -88.15026815040991
correctionProbability (#НОНИКОВ$ -> #НОВИКОВ$) = -14.313709015014098
correctionProbability (#ВЫЙГРАТЬ$ -> #ВЫИГРАТЬ$) = -16.928742254531848
correctionProbability (#МАНГОЛ$ -> #МОНГОЛ$) = -15.128363447684567
correctionProbability (#ДМИТРЕЕВИЧ$ -> #ДМИТРИЕВИЧ$) = -19.00348690150259
correctionProbability (#ТРАКТАРА$ -> #ТРАКТОРА$) = -13.152629221897136
correctionProbability (#ОПРЕДЕЛЯЕТЬСЯ$ -> #ОПРЕДЕЛЯЕТСЯ$) = -23.45306861998531
correctionProbability (#ЮНМАРТ$ -> #ЮЛМАРТ$) = -12.54225262047888
correctionProbability (#СТЕЙТЕМ$ -> #СТЭЙТЕМ$) = -17.95054315292826
correctionProbability (#СИСОК$ -> #СПИСОК$) = -9.092972938245527
correctionProbability (#ЕВКАБАЛ$ -> #ЭВКАБАЛ$) = -23.504705183127555
correctionProbability (#ДИТИ$ -> #ДЕТИ$) = -5.883039303758064
correctionProbability (#SENTR$ -> #CENTR$) = -18.572859438952104
correctionProbability (#МАТОРНОЕ$ -> #МОТОРНОЕ$) = -15.197115805697429
correctionProbability (#НАКЛС$ -> #НАКЛЗ$) = -19.128529524216585
correctionProbability (#ЛЕСОН$ -> #ЛЕССОН$) = -19.56113284708326
correctionProbability (#ЧИТАИЬ$ -> #ЧИТАТЬ$) = -7.184389575742738
correctionProbability (#СЕНСОРНУ$ -> #СЕНСОРНУЮ$) = -25.075985591005924
correctionProbability (#ЗАЕЗАТЬ$ -> #ЗАЕХАТЬ$) = -21.518607861181636
correctionProbability (#ЛАТИНУМ$ -> #ПЛАТИНУМ$) = -16.861864638188557
correctionProbability (#TRAHAET$ -> #TRAXAET$) = -20.94148774700362
correctionProbability (#СОЛФЕДЖИО$ -> #СОЛЬФЕДЖИО$) = -19.466918685448988
correctionProbability (#ВЫРАШИВАТЬ$ -> #ВЫРАЩИВАТЬ$) = -19.39117291090549
correctionProbability (#ЭНЕДЖИ$ -> #ЭНЕРДЖИ$) = -15.457195554071987
correctionProbability (#ДИКОРАТИВНЫЕ$ -> #ДЕКОРАТИВНЫЕ$) = -17.865829032886275
correctionProbability (#ПРИКЛАДНА$ -> #ПРИКЛАДНАЯ$) = -21.885651064820657
correctionProbability (#БЕРЕМЕНРОСТЬ$ -> #БЕРЕМЕННОСТЬ$) = -16.3924167099822
correctionProbability (#ТАУНКРАФТ$ -> #ТАУМКРАФТ$) = -19.527972792612708
correctionProbability (#СКАЗОЧНЫ$ -> #СКАЗОЧНЫЙ$) = -13.620619702206703
correctionProbability (#СИРДАЛУТ$ -> #СИРДАЛУД$) = -18.28386366757848
correctionProbability (#КУПИСТЬ$ -> #КУПИТЬ$) = -3.877291959702923
correctionProbability (#КРЕД$ -> #КРИД$) = -9.95666333444957
correctionProbability (#ЭРТОТИКА$ -> #ЭРОТИКА$) = -10.449854566034197
correctionProbability (#МАКСИМИЛЬЯНС$ -> #МАКСИМИЛИАНС$) = -87.67538075206741
correctionProbability (#КАТАЛО$ -> #КАТАЛОГ$) = -7.051238431970063
correctionProbability (#КРЕИ$ -> #КРЕМ$) = -7.7892179620362825
correctionProbability (#ЮМАР$ -> #ЮМОР$) = -10.35507877835813
correctionProbability (#КАПЕЛА$ -> #КАПЕЛЛА$) = -18.325399647024312
correctionProbability (#ВЫЖИВАНИ$ -> #ВЫЖИВАНИЕ$) = -14.917770890525283
correctionProbability (#ПЛЕМЯНИКОМ$ -> #ПЛЕМЯННИКОМ$) = -25.705797167185878
correctionProbability (#QASEL$ -> #QASHEL$) = -23.167584943984295
correctionProbability (#СНРИАЛЫ$ -> #СЕРИАЛЫ$) = -7.538082251667596
correctionProbability (#ВОГОНОВ$ -> #ВАГОНОВ$) = -15.750260379381416
correctionProbability (#ЭВАЛЮЦЫЯ$ -> #ЭВОЛЮЦИЯ$) = -79.79680482303795
correctionProbability (#РЖДТ$ -> #РЖД$) = -8.270110373541726
correctionProbability (#ТАРАКАНЛВ$ -> #ТАРАКАНОВ$) = -16.32147590908898
correctionProbability (#МОГЭИЛЕВЕ$ -> #МОГИЛЕВЕ$) = -17.138993769884976
correctionProbability (#ПРОГРЕСИИ$ -> #ПРОГРЕССИИ$) = -22.88633947487233
correctionProbability (#САБОЙ$ -> #СОБОЙ$) = -11.140741157687803
correctionProbability (#КАТОРГИНОЙ$ -> #ЕКАТЕРИНОЙ$) = -153.50828421040748
correctionProbability (#СИНТЕКСИЧЕСКИЙ$ -> #СИНТАКСИЧЕСКИЙ$) = -22.90529145715162
correctionProbability (#ПОРТАТИВНА$ -> #ПОРТАТИВНАЯ$) = -20.985660327103886
correctionProbability (#BEATY$ -> #BEAUTY$) = -15.241869397532913
correctionProbability (#ДЕФТЕРИИ$ -> #ДИФТЕРИИ$) = -19.966225439895396
correctionProbability (#КАТАЛГ$ -> #КАТАЛОГ$) = -7.054444978254345
correctionProbability (#ГДЛЗ$ -> #ГДЗ$) = -6.039027875086287
correctionProbability (#ХМЕЛЬНИЦЬК$ -> #ХМЕЛЬНИЦЬКИЙ$) = -87.05237339936664
correctionProbability (#ДОЬАВИТЬ$ -> #ДОБАВИТЬ$) = -13.410583225788692
correctionProbability (#ГОТОВЯТЬСЯ$ -> #ГОТОВЯТСЯ$) = -21.12439569264479
correctionProbability (#CHATURBAITE$ -> #CHATURBATE$) = -21.32499839112706
correctionProbability (#ЭКВЛИБРИУМ$ -> #ЭКВИЛИБРИУМ$) = -24.012050384565406
correctionProbability (#ЛУДШЕГО$ -> #ЛУЧШЕГО$) = -16.746529245112008
correctionProbability (#САБОР$ -> #СОБОР$) = -11.007671512786349
correctionProbability (#АНАЛЕЗ$ -> #АНАЛИЗ$) = -4.536383336347765
correctionProbability (#СОЩ$ -> #СОШ$) = -9.526731396443143
correctionProbability (#БРЭНД$ -> #БРЕНД$) = -12.639483475324564
correctionProbability (#АККАУНТАВ$ -> #АККАУНТОВ$) = -18.352969895318495
correctionProbability (#TENCET$ -> #TENCENT$) = -18.302411565536516
correctionProbability (#НОРМАС$ -> #НОРМА$) = -11.995709409198245
correctionProbability (#ЧЕСКИЕ$ -> #ЧЕШСКИЕ$) = -16.936913236588182
correctionProbability (#КРЕДИТОВАЯ$ -> #КРЕДИТНАЯ$) = -82.2209396496448
correctionProbability (#КОЛКУЛЯТОР$ -> #КАЛЬКУЛЯТОР$) = -77.42863928240928
correctionProbability (#МАЙНРАФТЕ$ -> #МАЙНКРАФТЕ$) = -13.2697190446492
correctionProbability (#МАГНИ$ -> #МАГНИТ$) = -10.909738580110282
correctionProbability (#ЛЭШМЕЙКЕР$ -> #ЛЕШМЕЙКЕР$) = -24.47109423207909
correctionProbability (#ДАГИСТАНА$ -> #ДАГЕСТАНА$) = -17.26516506892228
correctionProbability (#РАССКРОЙТЕ$ -> #РАСКРОЙТЕ$) = -22.818388375306093
correctionProbability (#КАПАДОКИ$ -> #КАППАДОКИЯ$) = -85.82323889667441
correctionProbability (#ALLADIN$ -> #ALADDIN$) = -85.43598347792422
correctionProbability (#РАЗБМТАЯ$ -> #РАЗБИТАЯ$) = -19.085543950582256
correctionProbability (#PORUST$ -> #PORUS$) = -18.165971117262718
correctionProbability (#ПРИЗИДЕНТ$ -> #ПРЕЗИДЕНТ$) = -14.840018442833035
correctionProbability (#ПАСПРТ$ -> #ПАСПОРТ$) = -12.2035897946366
correctionProbability (#FORSE$ -> #FORCE$) = -13.602870642134153
correctionProbability (#PLESE$ -> #PLEASE$) = -13.685243260753442
correctionProbability (#OYUTUBE$ -> #YOUTUBE$) = -74.28636583836261
correctionProbability (#ЧЕСКИЙ$ -> #ЧЕШСКИЙ$) = -15.999235332767292
correctionProbability (#ДИСУ$ -> #ДИСК$) = -8.248457666285411
correctionProbability (#БУЗОВП$ -> #БУЗОВА$) = -11.102695416048224
correctionProbability (#СЕСТРИЧКО$ -> #СЕСТРИЧКА$) = -20.165799617191006
correctionProbability (#ДЕФТЕРИЯ$ -> #ДИФТЕРИЯ$) = -18.370239299226633
correctionProbability (#БЕСПЛАТ$ -> #БЕСПЛАТНО$) = -70.60204202030808
correctionProbability (#ПРЕЗЕНТАИИ$ -> #ПРЕЗЕНТАЦИИ$) = -14.521229154750188
correctionProbability (#ЛТВІВ$ -> #ЛЬВІВ$) = -11.433282923435446
correctionProbability (#КУРТИ$ -> #КУРТКИ$) = -11.695947849695795
correctionProbability (#КОНСТАНТИ$ -> #КОНСТАНТИН$) = -15.130707619963665
correctionProbability (#НЕВНИК$ -> #ДНЕВНИК$) = -7.600629819815396
correctionProbability (#ДИСЕ$ -> #ДИСК$) = -8.246978029067844
correctionProbability (#BEZPLATNA$ -> #BESPLATNO$) = -82.00872623912282
correctionProbability (#ОТЧИСТКА$ -> #ОЧИСТКА$) = -16.184745777211234
correctionProbability (#МЕБЕЛІ$ -> #МЕБЕЛИ$) = -9.513809144888665
correctionProbability (#ROSSIAN$ -> #RUSSIAN$) = -13.068744176344282
correctionProbability (#ВАИНГА$ -> #ВАЕНГА$) = -13.092539999549974
correctionProbability (#ПОГРАММУ$ -> #ПРОГРАММУ$) = -13.89364822374612
correctionProbability (#АЙКЮ$ -> #АЙКЬЮ$) = -16.891548525557877
correctionProbability (#СТЭПВАГОН$ -> #СТЕПВАГОН$) = -22.379217879935887
correctionProbability (#ВМНДОВС$ -> #ВИНДОВС$) = -9.837769526060256
correctionProbability (#МАМАНТЁНКА$ -> #МАМОНТЕНКА$) = -84.93083794510554
correctionProbability (#CAMBRIGE$ -> #CAMBRIDGE$) = -17.84763520247032
correctionProbability (#УСТОНАВЛИВАЕТСЯ$ -> #УСТАНАВЛИВАЕТСЯ$) = -23.91702123664085
correctionProbability (#АЛБОМ$ -> #АЛЬБОМ$) = -12.008384913161056
correctionProbability (#ААТОРІА$ -> #АВТОРІА$) = -16.153611594715215
correctionProbability (#ОТДЫЗ$ -> #ОТДЫХ$) = -7.241804864087062
correctionProbability (#СККА$ -> #СКА$) = -14.056618210720035
correctionProbability (#AФИЛЬМ$ -> #ФИЛЬМ$) = -3.703352876217348
correctionProbability (#САМОТОЯТЕЛЬНО$ -> #САМОСТОЯТЕЛЬНО$) = -19.811929457772294
correctionProbability (#АЙЛИ$ -> #АЙДИ$) = -13.46276827905309
correctionProbability (#PHYSIS$ -> #PHYSICS$) = -20.164251099271063
correctionProbability (#УЛИЧА$ -> #УЛИЦА$) = -8.703865557568943
correctionProbability (#СЕРЕДИГЕ$ -> #СЕРЕДИНЕ$) = -16.92697697840034
correctionProbability (#ВАДЫ$ -> #ВОДЫ$) = -6.248125322604679
correctionProbability (#ОДНАЖДИ$ -> #ОДНАЖДЫ$) = -10.89802677491977
correctionProbability (#ХЕЛОУЕН$ -> #ХЭЛЛОУИН$) = -140.2220687419021
correctionProbability (#ПРЕМЬЄР$ -> #ПРЕМЬЕР$) = -11.398432863189939
correctionProbability (#ПРАСТИТЬ$ -> #ПРОСТИТЬ$) = -15.602111207291138
correctionProbability (#АНГЛИЙКИЙ$ -> #АНГЛИЙСКИЙ$) = -11.728651047779941
correctionProbability (#КОНЕУ$ -> #КОНЕЦ$) = -10.733936618896632
correctionProbability (#ЭКСПЛАТАЦИИ$ -> #ЭКСПЛУАТАЦИИ$) = -17.624106975511232
correctionProbability (#АНГИОНЕВРОЗЕ$ -> #АНГИОНЕВРОЗ$) = -39.183879718747775
correctionProbability (#СОРБСКИЙ$ -> #СЕРБСКИЙ$) = -18.646436120554846
correctionProbability (#К5АК$ -> #КАК$) = -1.6431240199146373
correctionProbability (#СНТЬСЯ$ -> #СНИТЬСЯ$) = -15.255676454289045
correctionProbability (#ЧАИТ$ -> #ЧАТ$) = -9.59539848268209
correctionProbability (#АВТАРКИ$ -> #АВАТАРКИ$) = -13.971684479467257
correctionProbability (#ЕНЕРГО$ -> #ЭНЕРГО$) = -13.753266883201608
correctionProbability (#ADGE$ -> #EDGE$) = -12.783674406262431
correctionProbability (#ГОЛДЕРС$ -> #ШОЛДЕРС$) = -21.72278622903272
correctionProbability (#ОБЬЯСНИЛ$ -> #ОБЪЯСНИЛ$) = -17.110688569242704
correctionProbability (#СПЯ$ -> #СПЯТ$) = -13.858950471860414
correctionProbability (#ПРАВДВ$ -> #ПРАВДА$) = -9.812099081751239
correctionProbability (#СФЕТОФОРА$ -> #СВЕТОФОРА$) = -18.938319466671906
correctionProbability (#ФЛОРЕНЦІЯ$ -> #ФЛОРЕНЦИЯ$) = -18.825040924727453
correctionProbability (#ВИНОЧКА$ -> #ВІНОЧКА$) = -24.96536850726917
correctionProbability (#НЕЗВАННЫЙ$ -> #НЕЗВАНЫЙ$) = -23.44875534172462
correctionProbability (#СПЮ$ -> #СПБ$) = -2.99214481571369
correctionProbability (#NOLDOVENEASCA$ -> #MOLDOVENEASCA$) = -24.770367505028204
correctionProbability (#ЧЕЛЯБИСК$ -> #ЧЕЛЯБИНСК$) = -10.846525697501228
correctionProbability (#МАЛЕНЬКИИ$ -> #МАЛЕНЬКИЙ$) = -12.771816342329913
correctionProbability (#СФЕТОФОРЕ$ -> #СВЕТОФОРЕ$) = -21.87295144345679
correctionProbability (#НЕЗВАННЫЕ$ -> #НЕЗВАНЫЕ$) = -23.149022268333972
correctionProbability (#БЕЗСОННИЦА$ -> #БЕССОННИЦА$) = -19.535733894655436
correctionProbability (#КИЦУНЕ$ -> #КИЦУНЭ$) = -20.045254988782407
correctionProbability (#ГРИБВ$ -> #ГРИБЫ$) = -8.717928112865998
correctionProbability (#ФЕЙЗ$ -> #ФЕЙС$) = -11.82545407497722
correctionProbability (#НСТАГРАММ$ -> #ИНСТАГРАМ$) = -76.39378302308756
correctionProbability (#КОНАЛИЗАЦИИ$ -> #КАНАЛИЗАЦИИ$) = -17.05308366625686
correctionProbability (#К8НДЕЛ3У$ -> #КҮНДЕЛІК$) = -138.87235766319475
correctionProbability (#АВТАРКА$ -> #АВАТАРКА$) = -15.065516664490737
correctionProbability (#РЕГИТСРАЦИЯ$ -> #РЕГИСТРАЦИЯ$) = -81.68571592452503
correctionProbability (#МОТОРОЛЕР$ -> #МОТОРОЛЛЕР$) = -21.397311630746337
correctionProbability (#ДИРР$ -> #ДИР$) = -17.735202903002897
correctionProbability (#МЕБЕЛТ$ -> #МЕБЕЛИ$) = -9.526084491719995
correctionProbability (#ALLTIMNE$ -> #ALLTIME$) = -22.082697777459998
correctionProbability (#ДИАГНСТИЧЕСКИЕ$ -> #ДИАГНОСТИЧЕСКИЕ$) = -26.72366916455192
correctionProbability (#ВПОДРЯД$ -> #ПОДРЯД$) = -7.878635778454733
correctionProbability (#АККУМУЛЧТОР$ -> #АККУМУЛЯТОР$) = -15.17546979485794
correctionProbability (#ОЮОРУДОВАНИЕ$ -> #ОБОРУДОВАНИЕ$) = -14.88427181631996
correctionProbability (#ОКТЯРЕ$ -> #ОКТЯБРЕ$) = -11.322391095578432
correctionProbability (#UTUBI$ -> #YOUTUBE$) = -137.0773458476844
correctionProbability (#ВЕРХНЕИГНАШЩКИНО$ -> #ВЕРХНЕИГНАШКИНО$) = -34.35447480085222
correctionProbability (#ЛЕЧЕИЕ$ -> #ЛЕЧЕНИЕ$) = -7.647249833721041
correctionProbability (#ЛЫДЫЖЕНСКАЯ$ -> #ЛАДЫЖЕНСКАЯ$) = -15.366873995372906
correctionProbability (#ЧЮЖОГО$ -> #ЧУЖОГО$) = -15.85136506424919
correctionProbability (#СТАРЛАИН$ -> #СТАРЛАЙН$) = -13.237007526479324
correctionProbability (#ТРЕНИРОВ$ -> #ТРЕНЕРОВ$) = -18.970994510064706
correctionProbability (#ЧЕЛОВ$ -> #ЧЕЛОВЕК$) = -73.66855950688294
correctionProbability (#ЗИВЕР$ -> #ЗИВЕРТ$) = -13.08853484244796
correctionProbability (#ТРЕИЛ$ -> #ТРЕЙЛ$) = -13.503508493288411
correctionProbability (#АРМАГЕДЕЦ$ -> #АРМАГЕДДЕЦ$) = -26.567122830459553
correctionProbability (#ГАЛОГ$ -> #НАЛОГ$) = -8.640711961604342
correctionProbability (#ВСТИ$ -> #ВЕСТИ$) = -9.34180168583531
correctionProbability (#ЕВРАЗЕС$ -> #ЕВРАЗЭС$) = -22.089737450535225
correctionProbability (#СПАУНА$ -> #СПАВНА$) = -21.16446084383256
correctionProbability (#ПНИМЕ$ -> #АНИМЕ$) = -5.957905198769026
correctionProbability (#БЕЛИСИМО$ -> #БЕЛИССИМО$) = -23.573594005720338
correctionProbability (#ПИСТАЬ$ -> #ПИСАТЬ$) = -78.71604975021468
correctionProbability (#КОМЯТ$ -> #КОРМЯТ$) = -17.87824288801765
correctionProbability (#PURNHUB$ -> #PORNHUB$) = -11.409801704686046
correctionProbability (#ЭФЕКТИВНЫЕ$ -> #ЭФФЕКТИВНЫЕ$) = -19.397097706057338
correctionProbability (#РАКОВИНИ$ -> #РАКОВИНЫ$) = -15.978916233473868
correctionProbability (#КАТЕГОР$ -> #КАТЕГОРИИ$) = -80.48537725733661
correctionProbability (#СИЛЕКОНОВЫЕ$ -> #СИЛИКОНОВЫЕ$) = -18.51377402093734
correctionProbability (#ПОДБОЛОТНИКИ$ -> #ПОДЛОКОТНИКИ$) = -89.91151834316167
correctionProbability (#ОБЛЕГЧЕНАЯ$ -> #ОБЛЕГЧЕННАЯ$) = -26.65529493062519
correctionProbability (#АВТАРКУ$ -> #АВАТАРКУ$) = -16.352084052018974
correctionProbability (#ЭРОТИЧСКЫЙ$ -> #ЭРОТИЧЕСКИЙ$) = -81.17116282149166
correctionProbability (#ЛІСІВНИК$ -> #ЛІСНИК$) = -94.22275076587262
correctionProbability (#СОЗОНОВА$ -> #САЗОНОВА$) = -20.188330761201136
correctionProbability (#ЭФЕКТИВНЫЙ$ -> #ЭФФЕКТИВНЫЙ$) = -21.817802495115814
correctionProbability (#ТРЕНИРОМ$ -> #ТРЕНЕРОМ$) = -19.25918961645776
correctionProbability (#ГОСУУСЛУГИ$ -> #ГОСУСЛУГИ$) = -11.705665310562374
correctionProbability (#БИЛИЖАЕЩИ$ -> #БИЛИЖАЙШИ$) = -99.57396474171681
correctionProbability (#ПІСНУ$ -> #ПІСНЮ$) = -13.21406113134194
correctionProbability (#АРБОЛЕТ$ -> #АРБАЛЕТ$) = -17.198802748902537
correctionProbability (#ПЛАСТИКЧЕСКАЯ$ -> #ПЛАСТИЧЕСКАЯ$) = -19.994427487247656
correctionProbability (#ПАСПОТ$ -> #ПАСПОРТ$) = -12.194424253740813
correctionProbability (#ЯРМОРОЧНЫЙ$ -> #ЯРМАРОЧНЫЙ$) = -27.249683902784774
correctionProbability (#КУРЕЛЬТ$ -> #КУРЕЙТ$) = -84.74046182037641
correctionProbability (#ФЕРЕТИН$ -> #ФЕРРИТИН$) = -84.98120884033416
correctionProbability (#ГДЕЗ$ -> #ГДЗ$) = -6.034384221745878
correctionProbability (#ПАСПОР$ -> #ПАСПОРТ$) = -12.162403137707685
correctionProbability (#БЕТОНЫХ$ -> #БЕТОННЫХ$) = -18.11193941462698
correctionProbability (#ПУКТ$ -> #ПУНКТ$) = -11.094985839179476
correctionProbability (#ВЫГЛЯЖЯТ$ -> #ВЫГЛЯДЯТ$) = -15.10484220735929
correctionProbability (#ТОРРЕВЬЕХУ$ -> #ТОРРЕВЬЕХЕ$) = -25.26899017743498
correctionProbability (#ЕПИЗОД$ -> #ЭПИЗОД$) = -13.165733481988202
correctionProbability (#КОННЕЛИ$ -> #КОННЕЛЛИ$) = -21.14646793571969
correctionProbability (#ОПРИДЕЛИТЬ$ -> #ОПРЕДЕЛИТЬ$) = -13.666755958538069
correctionProbability (#ИНСТРКМЕНТ$ -> #ИНСТРУМЕНТ$) = -15.262695401984395
correctionProbability (#ЗАЙУЕВ$ -> #ЗАЙЦЕВ$) = -10.296347491550097
correctionProbability (#ВЫГЛЯДЕШЬ$ -> #ВЫГЛЯДИШЬ$) = -23.24501715895247
correctionProbability (#СЬЕМОЧНЫЙ$ -> #СЪЕМОЧНЫЙ$) = -27.19161883762262
correctionProbability (#РУССИАТЕКС$ -> #РУССИАТЭКС$) = -35.745425302873834
correctionProbability (#МОЛОДЕШЬ$ -> #МОЛОДЕЖЬ$) = -16.075987528072112
correctionProbability (#STARLAIN$ -> #STARLINE$) = -83.40778171771166
correctionProbability (#ПСИХОДИСПАНСЕР$ -> #ПСИХДИСПАНСЕР$) = -28.152386145442414
correctionProbability (#ВОЗВРАСТА$ -> #ВОЗРАСТА$) = -15.063949891958686
correctionProbability (#ALLTHIME$ -> #ALLTIME$) = -22.08402505699361
correctionProbability (#ШАХМАТИ$ -> #ШАХМАТЫ$) = -10.598635479085033
correctionProbability (#НЛЯБРЬ$ -> #НОЯБРЬ$) = -9.526988627154818
correctionProbability (#ШАСОНА$ -> #ШАНСОНА$) = -15.268444820707984
correctionProbability (#RYSSKIE$ -> #RUSSKIE$) = -14.694079244552803
correctionProbability (#ПІСНА$ -> #ПІСНЯ$) = -12.691220173589212
correctionProbability (#ЛАЛИЛИ$ -> #ЛАЛЕЛИ$) = -20.809165258753954
correctionProbability (#НИЖИКОВ$ -> #НОЖИКОВ$) = -19.92733026729406
correctionProbability (#УТРЛ$ -> #УТРО$) = -8.35834364485228
correctionProbability (#КАМБРИЛС$ -> #КАМБРИЛЬС$) = -27.39772117563423
correctionProbability (#ИСПРОВЛЕНИЯ$ -> #ИСПРАВЛЕНИЯ$) = -21.15860716281705
correctionProbability (#АЦИТИЛЕН$ -> #АЦЕТИЛЕН$) = -21.953063108284425
correctionProbability (#АХИЛА$ -> #АХИЛЛА$) = -20.53871474934873
correctionProbability (#ХЕРСОНИ$ -> #ХЕРСОНЕ$) = -16.992554972547765
correctionProbability (#ЗИВЕТ$ -> #ЗИВЕРТ$) = -13.124357234104426
correctionProbability (#ДИЛЕ$ -> #ДИЛЕР$) = -9.746361968945752
correctionProbability (#REALITI$ -> #REALITY$) = -18.307283174779684
correctionProbability (#ВОЗВРАСТЕ$ -> #ВОЗРАСТЕ$) = -16.570645977042915
correctionProbability (#ПРООДАЖА$ -> #ПРОДАЖА$) = -9.966552618158786
correctionProbability (#ПОДАРИТИ$ -> #ПОДАРИТЬ$) = -13.084430179692966
correctionProbability (#ПІСНВ$ -> #ПІСНІ$) = -12.131654137342299
correctionProbability (#ЕНЕРЖИ$ -> #ЭНЕРДЖИ$) = -80.15521009123758
correctionProbability (#ТООЕНТ$ -> #ТОРРЕНТ$) = -72.87640738922217
correctionProbability (#ПРАДУКТЫ$ -> #ПРОДУКТЫ$) = -12.644393148654615
correctionProbability (#ВАКАГСИИ$ -> #ВАКАНСИИ$) = -8.177823853036244
correctionProbability (#ПОСЛУШКО$ -> #ПОДСЛУШКА$) = -88.20439199005152
correctionProbability (#МУЛЬТФЫЛЬМ$ -> #МУЛЬТФИЛЬМ$) = -9.137987455170126
correctionProbability (#ААК$ -> #КАК$) = 0.8870053746267068
correctionProbability (#ПОМСК$ -> #ПОИСК$) = -7.245827207429894
correctionProbability (#СЛАВЯНС$ -> #СЛАВЯНСК$) = -16.68353464635667
correctionProbability (#ЧОИСЛО$ -> #ЧИСЛО$) = -12.087385932501181
correctionProbability (#СОТАВУ$ -> #СОСТАВУ$) = -14.114467102135592
correctionProbability (#ВССЕ$ -> #ВСЕ$) = -3.586893629901386
correctionProbability (#ДРЕВНИЯЯ$ -> #ДРЕВНЯЯ$) = -17.76663168653721
correctionProbability (#КЕМЕРОВ$ -> #КЕМЕРОВО$) = -11.127954849302945
correctionProbability (#ЭРОТИЕП$ -> #ЭРОТИКА$) = -72.75491265227117
correctionProbability (#СЛЕЛАЙТЕ$ -> #СДЕЛАЙТЕ$) = -19.09824212104565
correctionProbability (#ЫИРМЫ$ -> #ФИРМЫ$) = -10.435373407294168
correctionProbability (#КУРЛЮ$ -> #КУПЛЮ$) = -9.011050154841644
correctionProbability (#ФЕРМИР$ -> #ФЕРМЕР$) = -13.494899623440471
correctionProbability (#СТАРНИЦА$ -> #СТРАНИЦА$) = -75.2355494338068
correctionProbability (#СЛАВЯНИ$ -> #СЛАВЯНЕ$) = -16.232006581090047
correctionProbability (#ОКТЯРЯ$ -> #ОКТЯБРЯ$) = -8.991136502265348
correctionProbability (#ЭЛЕСТРОННЫЙ$ -> #ЭЛЕКТРОННЫЙ$) = -12.118104211860498
correctionProbability (#КЛАММ$ -> #КЛАСС$) = -67.20480478582638
correctionProbability (#ОКТЯРЬ$ -> #ОКТЯБРЬ$) = -10.078797146949412
correctionProbability (#СТОЕЛЕЦ$ -> #СТРЕЛЕЦ$) = -14.141505511260704
correctionProbability (#ОПРИДЕЛИТЕ$ -> #ОПРЕДЕЛИТЕ$) = -16.08126959535666
correctionProbability (#ТРЕСЕМЕ$ -> #ТРЕССЕМЕ$) = -24.95199371137827
correctionProbability (#NLINE$ -> #ONLINE$) = -8.806454360314664
correctionProbability (#НАХОДИЬСЯ$ -> #НАХОДИТСЯ$) = -12.08334710508445
correctionProbability (#ZOOFELIA$ -> #ZOOFILIA$) = -20.529953456764048
correctionProbability (#КЕМЕРОО$ -> #КЕМЕРОВО$) = -11.14248503930341
correctionProbability (#СОРБІФЕР$ -> #СОРБИФЕР$) = -18.895440969443023
correctionProbability (#АЙДЖ$ -> #ЭЙДЖ$) = -15.615073672742898
correctionProbability (#LEGGING$ -> #LEGGINGS$) = -22.725775373920065
correctionProbability (#WINDOES$ -> #WINDOWS$) = -8.768139392736614
correctionProbability (#БНКИ$ -> #БАНКИ$) = -9.763147741271471
correctionProbability (#ВОЛАСЫ$ -> #ВОЛОСЫ$) = -8.666379112081973
correctionProbability (#ВОЛТЕК$ -> #ВАЛТЕК$) = -18.67801394178665
correctionProbability (#ШЕТКИНА$ -> #ЩЕТКИНА$) = -24.212376881569874
correctionProbability (#ENGLIS$ -> #ENGLISH$) = -11.6648174413425
correctionProbability (#ВООНЕЖ$ -> #ВОРОНЕЖ$) = -9.53266905010733
correctionProbability (#КЕМЕРОН$ -> #КЭМЕРОН$) = -15.264139342758654
correctionProbability (#ГДДЕ$ -> #ГДЕ$) = -5.856793836868288
correctionProbability (#ГАЛОН$ -> #ГАЛЛОН$) = -22.396837919695244
correctionProbability (#ФРИМАИЛ$ -> #ФРИМЕЙЛ$) = -83.09362739974081
correctionProbability (#ВАЛЕНКИН$ -> #ВИЛЕНКИН$) = -15.208664271319059
correctionProbability (#PROFISSIONAL$ -> #PROFESSIONAL$) = -19.187280188529122
correctionProbability (#АПТКА$ -> #АПТЕКА$) = -8.583881754649116
correctionProbability (#ОТРЫТЫМ$ -> #ОТКРЫТЫМ$) = -17.35522336208411
correctionProbability (#ЧИСНОК$ -> #ЧЕСНОК$) = -11.723004018313464
correctionProbability (#ДЕТЬММ$ -> #ДЕТЬМИ$) = -10.017119770977747
correctionProbability (#ГДДЗ$ -> #ГДЗ$) = -6.061981114127878
correctionProbability (#МАКИТО$ -> #МАКИТА$) = -14.1761478354621
correctionProbability (#МОНАСТИРИЩE$ -> #МОНАСТЫРИЩЕ$) = -92.35812932698508
correctionProbability (#МОТОЦИКАЛ$ -> #МОТОЦИКЛ$) = -16.155096714328785
correctionProbability (#ОКТРИСЫ$ -> #АКТРИСЫ$) = -12.664350624153151
correctionProbability (#ДИСПЛАЗІЯ$ -> #ДИСПЛАЗИЯ$) = -17.332563178541164
correctionProbability (#MOODL$ -> #MOODLE$) = -15.979646416636317
correctionProbability (#ПОЛИСАДНИКА$ -> #ПАЛИСАДНИКА$) = -25.845598228184073
correctionProbability (#ТКЛЕФОНЫ$ -> #ТЕЛЕФОНЫ$) = -12.521210770832148
correctionProbability (#IMGCRS$ -> #IMGSRC$) = -79.38572635451087
correctionProbability (#КОСТБМЫ$ -> #КОСТЮМЫ$) = -11.319554565451774
correctionProbability (#ВФИЛЬМ$ -> #ФИЛЬМ$) = -3.688081841313366
correctionProbability (#ЗАРАНИЕ$ -> #ЗАРАНЕЕ$) = -17.9336900362324
correctionProbability (#АПТКЕ$ -> #АПТЕКЕ$) = -12.613758313353944
correctionProbability (#ДЖАМАИЛ$ -> #ДЖИМАЙЛ$) = -81.25339193179873
correctionProbability (#ВИЗЭИР$ -> #ВИЗЭЙР$) = -20.013039129823863
correctionProbability (#ЕМРЕ$ -> #ЭМРЕ$) = -19.658646203418645
correctionProbability (#КАЙТОРА$ -> #КОНТОРА$) = -77.78947063926553
correctionProbability (#АЛЮМИНИВ$ -> #АЛЮМИНИЙ$) = -16.57665304627688
correctionProbability (#ФОРНАЕТ$ -> #ФОРТНАЙТ$) = -78.3473921265157
correctionProbability (#ТОПЫВЫЕ$ -> #ТОПОВЫЕ$) = -15.668282093935261
correctionProbability (#РАЗМЕШЕНИЯ$ -> #РАЗМЕЩЕНИЯ$) = -17.266279320422946
correctionProbability (#ПСТРОПРОГНОЗ$ -> #АСТРОПРОГНОЗ$) = -23.238505461119303
correctionProbability (#СМИРЯТЬСЯ$ -> #СМИРИТЬСЯ$) = -23.543553605651745
correctionProbability (#ПРОИСХРДИТ$ -> #ПРОИСХОДИТ$) = -15.86784127748576
correctionProbability (#БЕТХОВИНА$ -> #БЕТХОВЕНА$) = -19.07521434710921
correctionProbability (#ШРЭКА$ -> #ШРЕКА$) = -16.154127593417403
correctionProbability (#СТАРНИЦЫ$ -> #СТРАНИЦЫ$) = -81.90681886410417
correctionProbability (#АЛБФА$ -> #АЛЬФА$) = -7.688020855010318
correctionProbability (#ПОРОГРАММА$ -> #ПРОГРАММА$) = -11.096339645131913
correctionProbability (#ПРАИТЕЛЬСТВА$ -> #ПРАВИТЕЛЬСТВА$) = -18.26790022945626
correctionProbability (#PACARD$ -> #PACKARD$) = -19.145723058981623
correctionProbability (#СЕМЕЙНИЕ$ -> #СЕМЕЙНЫЕ$) = -14.082017102369313
correctionProbability (#ВОРФЕЙС$ -> #ВАРФЕЙС$) = -10.384338392297416
correctionProbability (#ПУНК$ -> #ПУНКТ$) = -11.107629070708985
correctionProbability (#ВАСНИЦОВА$ -> #ВАСНЕЦОВА$) = -18.642193662912717
correctionProbability (#КРОСФОРД$ -> #КРОССВОРД$) = -79.29104981050176
correctionProbability (#ГАЛОКСИ$ -> #ГАЛАКСИ$) = -12.986692490285868
correctionProbability (#КРАСНРОДАРСКОМ$ -> #КРАСНОДАРСКОМ$) = -22.32750088057516
correctionProbability (#СПРИРТЕР$ -> #СПРИНТЕР$) = -16.20433913657427
correctionProbability (#РАЗДИВАНИЯ$ -> #РАЗДЕВАНИЯ$) = -22.67267370861442
correctionProbability (#RLAUNCHER$ -> #TLAUNCHER$) = -17.456486378882907
correctionProbability (#МЕРЗЯЛК$ -> #МЕРЗЛЯК$) = -78.65119576946917
correctionProbability (#РОСПРОТОРГ$ -> #РОСПРОДТОРГ$) = -37.28935380136183
correctionProbability (#ПАЧЕМУ$ -> #ПОЧЕМУ$) = -6.586457325949379
correctionProbability (#РАСТРЯНИЕ$ -> #РАССТОЯНИЕ$) = -77.89729296903445
correctionProbability (#ТРЕКО$ -> #ТРИКО$) = -15.800277733283355
correctionProbability (#MASSAJE$ -> #MASSAGE$) = -12.290492155174874
correctionProbability (#ЭДУАРТ$ -> #ЭДУАРД$) = -12.937150746815124
correctionProbability (#МАМСАЖ$ -> #МАССАЖ$) = -8.346041698631428
correctionProbability (#РЫВНЕ$ -> #РІВНЕ$) = -13.417248783733985
correctionProbability (#БАСННИ$ -> #БАСНИ$) = -14.247748961913874
correctionProbability (#KUHDELIK$ -> #KUNDELIK$) = -14.231941406029641
correctionProbability (#БЛИЖАЙЩИЙ$ -> #БЛИЖАЙШИЙ$) = -18.02253736675425
correctionProbability (#ЕМЕИЛ$ -> #ЕМАЙЛ$) = -78.38209891230012
correctionProbability (#ФОРНАЙТ$ -> #ФОРТНАЙТ$) = -13.606568004078504
correctionProbability (#ПЛАСТИКАВЫХ$ -> #ПЛАСТИКОВЫХ$) = -15.828387266852033
correctionProbability (#ЗАБАЙКАЛЕ$ -> #ЗАБАЙКАЛЬЕ$) = -19.133152808329662
correctionProbability (#ЗИЙОВИДИН$ -> #ЗИЙОВИДИНИ$) = -36.3376841976199
correctionProbability (#MAINECRAFT$ -> #MINECRAFT$) = -15.078559586646016
correctionProbability (#QOUTES$ -> #QUOTES$) = -84.71609932288837
correctionProbability (#ПРАВАВОГО$ -> #ПРАВОВОГО$) = -18.651053099140256
correctionProbability (#ПОИДЕМ$ -> #ПОЙДЕМ$) = -16.238926587429606
correctionProbability (#СУДОРГОЙ$ -> #СУДОРОГОЙ$) = -22.661798994626153
correctionProbability (#РАМИЛ$ -> #РАМИЛЬ$) = -15.190243838406406
correctionProbability (#ДЕТСУИЙ$ -> #ДЕТСКИЙ$) = -7.838972251640897
correctionProbability (#ОСТРАВАХ$ -> #ОСТРОВАХ$) = -18.26825984685069
correctionProbability (#БИОМЕТЕОПРОГНОЗ$ -> #ГЕОМЕТЕОПРОГНОЗ$) = -99.31269258538742
correctionProbability (#ССЕРИАЛ$ -> #СЕРИАЛ$) = -6.518627827875616
correctionProbability (#МАГИТ$ -> #МАГНИТ$) = -10.884942987194837
correctionProbability (#ИКСВИДИОС$ -> #ИКСВИДЕОС$) = -21.968883460504287
correctionProbability (#ПЕРЕВОЛЧИК$ -> #ПЕРЕВОДЧИК$) = -8.633069235701505
correctionProbability (#МАГПЗИН$ -> #МАГАЗИН$) = -5.084011141085737
correctionProbability (#РПСЬЯНС$ -> #ПАСЬЯНС$) = -76.5323948789534
correctionProbability (#ТАЖИКСКИ$ -> #ТАДЖИКСКИ$) = -24.022340627142654
correctionProbability (#GETVIEVERS$ -> #GETVIEWERS$) = -36.030025550970954
correctionProbability (#ЩЕНЯЧИИ$ -> #ЩЕНЯЧИЙ$) = -9.098282650471212
correctionProbability (#УЗЫКА$ -> #МУЗЫКА$) = -6.072497194247671
correctionProbability (#СЕТИФИКАТ$ -> #СЕРТИФИКАТ$) = -14.75342449047968
correctionProbability (#ШЕТКА$ -> #ЩЕТКА$) = -13.447046284426246
correctionProbability (#ТЮМЕНЬСКАЯ$ -> #ТЮМЕНСКАЯ$) = -19.637421966192832
correctionProbability (#КУРОТ$ -> #КУРОРТ$) = -13.728418329275815
correctionProbability (#ЧЕМИОНАТ$ -> #ЧЕМПИОНАТ$) = -11.87042900558874
correctionProbability (#ТОРНЭТ$ -> #ТОРРЕНТ$) = -140.75319430528384
correctionProbability (#ВОГОНКА$ -> #ВАГОНКА$) = -14.688438977279887
correctionProbability (#SOURS$ -> #SOURCE$) = -80.52209781627705
correctionProbability (#АНЖЕЛИНОЙ$ -> #АНДЖЕЛИНОЙ$) = -23.123732138510874
correctionProbability (#ЗАЯВОЕНИЕ$ -> #ЗАЯВЛЕНИЕ$) = -12.523735100680646
correctionProbability (#ХОТЬКОВЕ$ -> #ХАРЬКОВЕ$) = -78.6918888325332
correctionProbability (#РОТИВ$ -> #ПРОТИВ$) = -8.497505654513422
correctionProbability (#ДВУСКАТНОЙ$ -> #ДВУХСКАТНОЙ$) = -23.49452749693218
correctionProbability (#НЛАН$ -> #ОНЛАЙН$) = -66.53090128120392
correctionProbability (#ЗАСОВСКАЯ$ -> #ЗАССОВСКАЯ$) = -36.26038180246636
correctionProbability (#МТЕМАТИКЕ$ -> #МАТЕМАТИКЕ$) = -11.542639943446254
correctionProbability (#ПЛАСТИКАВЫЕ$ -> #ПЛАСТИКОВЫЕ$) = -14.544775101858164
correctionProbability (#ТОМС$ -> #ТОМСК$) = -9.830767431957401
correctionProbability (#ПЛИТРА$ -> #ПАЛИТРА$) = -14.358903337902348
correctionProbability (#SKYPER$ -> #SKYPE$) = -15.009009245072011
correctionProbability (#POIN$ -> #POINT$) = -11.931723735957025
correctionProbability (#МЕЗАНТРОП$ -> #МИЗАНТРОП$) = -22.56052952109998
correctionProbability (#НАРИМОВАТЬ$ -> #НАРИСОВАТЬ$) = -10.44526786773718
correctionProbability (#КРАЧ$ -> #КРАЯ$) = -6.9782677285106764
correctionProbability (#НЕДРОСОЛЬ$ -> #НЕДОРОСЛЬ$) = -84.7119267179718
correctionProbability (#ГДЗП$ -> #ГДЗ$) = -6.059543203427811
correctionProbability (#НАРЕСАВАТЬ$ -> #НАРИСОВАТЬ$) = -75.10509562025028
correctionProbability (#КЭШБАКА$ -> #КЭШБЭК$) = -76.33921989017479
correctionProbability (#СВЫТУ$ -> #СВІТУ$) = -15.392812322193851
correctionProbability (#СОЛОМЕЯ$ -> #САЛОМЕЯ$) = -20.05761750639624
correctionProbability (#СТАРНИЦУ$ -> #СТРАНИЦУ$) = -80.009062351334
correctionProbability (#СЛАЙМИ$ -> #СЛАЙМЫ$) = -11.57704009013182
correctionProbability (#НАЗИВАЕТЬСЯ$ -> #НАЗИВАЄТЬСЯ$) = -23.407905999102
correctionProbability (#ФРИМАЙЛ$ -> #ФРИМЕЙЛ$) = -18.36520670453927
correctionProbability (#ОМПУТИРОВАЛИ$ -> #АМПУТИРОВАЛИ$) = -28.249260937285186
correctionProbability (#ОБОРУДОВАНТЕ$ -> #ОБОРУДОВАНИЕ$) = -14.913071935154726
correctionProbability (#КРМПАНИЯ$ -> #КОМПАНИЯ$) = -10.27125477920223
correctionProbability (#ЭНАХАРЬ$ -> #ЗНАХАРЬ$) = -9.84482326449725
correctionProbability (#ТОМК$ -> #ТОМСК$) = -9.774630223479168
correctionProbability (#ГЛИНЯННЫЙ$ -> #ГЛИНЯНЫЙ$) = -23.712617114848406
correctionProbability (#РЮКЗАПОМ$ -> #РЮКЗАКОМ$) = -22.215604352430773
correctionProbability (#ПОМПИ$ -> #ПОМПЫ$) = -14.96144900516887
correctionProbability (#СКОЛЕОЗ$ -> #СКОЛИОЗ$) = -17.444131263460314
correctionProbability (#РИНГОН$ -> #РИНГТОН$) = -13.385710689520621
correctionProbability (#ЛАБОРОТОРНАЯ$ -> #ЛАБОРАТОРНАЯ$) = -19.228187634217903
correctionProbability (#ГДЗЕ$ -> #ГДЗ$) = -6.036228618025465
correctionProbability (#СЬОГОДНI$ -> #СЬОГОДНІ$) = -17.22702984599266
correctionProbability (#КАНТАКТЕ$ -> #КОНТАКТЕ$) = -7.104348338133988
correctionProbability (#JENNEAU$ -> #JEANNEAU$) = -28.873185458142935
correctionProbability (#ГДЗЖ$ -> #ГДЗ$) = -6.0784392261392135
correctionProbability (#TEDDI$ -> #TEDDY$) = -18.107166949431306
correctionProbability (#КОРДИНАТАМ$ -> #КООРДИНАТАМ$) = -22.303169636195364
correctionProbability (#МТЕМАТИКА$ -> #МАТЕМАТИКА$) = -11.976203654343735
correctionProbability (#МУГЕДЕК$ -> #МҮГЕДЕК$) = -23.56077308839383
correctionProbability (#ГЛИНЯННЫЕ$ -> #ГЛИНЯНЫЕ$) = -22.79062391653366
correctionProbability (#ТОРЕННТА$ -> #ТОРРЕНТА$) = -82.12153489900373
correctionProbability (#СПОРТРИДЖ$ -> #СПОРТЕЙДЖ$) = -80.49372836726151
correctionProbability (#БАДАРЛАМАСЫ$ -> #БАҒДАРЛАМАСЫ$) = -21.728870877402755
correctionProbability (#НАКИП$ -> #НАКИПЬ$) = -19.515767890337404
correctionProbability (#КАМЫШЬ$ -> #КАМЫШ$) = -19.020768767948017
correctionProbability (#ИМИНИ$ -> #ИМЕНИ$) = -8.653953446148666
correctionProbability (#ВАКПНЦИИ$ -> #ВАКАНСИИ$) = -72.96223858429087
correctionProbability (#МАРЗЛЯК$ -> #МЕРЗЛЯК$) = -10.848488669325306
correctionProbability (#УКРОИНЫ$ -> #УКРАИНЫ$) = -9.970501916071122
correctionProbability (#ВААП$ -> #ВАТСАП$) = -74.39004923124435
correctionProbability (#ДЕВОЧКЕК$ -> #ДЕВОЧЕК$) = -10.167802398281196
correctionProbability (#СИЛІКОНОВА$ -> #СИЛИКОНОВАЯ$) = -84.15314885671371
correctionProbability (#ГОРЩАЯ$ -> #ГОРЯЩАЯ$) = -19.919124599007063
correctionProbability (#РОСТВОР$ -> #РАСТВОР$) = -13.603674280585011
correctionProbability (#ПГУГЛ$ -> #ГУГЛ$) = -5.530937979138418
correctionProbability (#САНЕНГ$ -> #САНЬЕНГ$) = -18.25384747345116
correctionProbability (#ТЫКИЛА$ -> #ТЕКИЛА$) = -16.30044864840973
correctionProbability (#КАНТАКТЬ$ -> #КОНТАКТ$) = -75.63303027986647
correctionProbability (#TIVITTER$ -> #TWITTER$) = -80.84888629541142
correctionProbability (#ЗНЧИТ$ -> #ЗНАЧИТ$) = -10.093098773905798
correctionProbability (#ПОМОШЬЮ$ -> #ПОМОЩЬЮ$) = -12.100218758215291
correctionProbability (#КРАИ$ -> #КРАЙ$) = -6.500858052134237
correctionProbability (#СКИНИ$ -> #СКИНЫ$) = -10.28855629418958
correctionProbability (#SUBNATIKA$ -> #SUBNAUTICA$) = -87.51505500951244
correctionProbability (#НИЖЕГОРОЖДСКАЯ$ -> #НИЖЕГОРОДСКАЯ$) = -22.758698620803052
correctionProbability (#КЛАСИКОВ$ -> #КЛАССИКОВ$) = -21.521666665734664
correctionProbability (#ЕМЕЙКА$ -> #СЕМЕЙКА$) = -11.589705424922087
correctionProbability (#АРМЭЛЬ$ -> #АРМЕЛЬ$) = -18.05238193211721
correctionProbability (#АБЕСИНСКИЙ$ -> #АБИССИНСКИЙ$) = -91.9201589064329
correctionProbability (#КОЭФФИЦИЕТ$ -> #КОЭФФИЦИЕНТ$) = -18.3361532205043
correctionProbability (#ОЕВЭД$ -> #ОКВЭД$) = -12.57744179269876
correctionProbability (#LESBY$ -> #LESBI$) = -15.173774755310536
correctionProbability (#ПВТОБУСОВ$ -> #АВТОБУСОВ$) = -12.235547613462316
correctionProbability (#CLON$ -> #CLONE$) = -17.627308642418658
correctionProbability (#МЯКИЙ$ -> #МЯГКИЙ$) = -14.53376729281651
correctionProbability (#СЫШИ$ -> #СУШИ$) = -7.222293547804778
correctionProbability (#ИМИНА$ -> #ИМЕНА$) = -10.079369339861461
correctionProbability (#ГАГОЛЫ$ -> #ГЛАГОЛЫ$) = -14.782998664058681
correctionProbability (#ПОМОЧ$ -> #ПОМОЧЬ$) = -15.212876712087667
correctionProbability (#ЩАСТЬЕ$ -> #СЧАСТЬЕ$) = -77.57901748980751
correctionProbability (#A30S$ -> #A30$) = -18.201700707035048
correctionProbability (#ТОРМАЗОА$ -> #ТОРМОЗОВ$) = -80.85010658128549
correctionProbability (#ANHASC$ -> #ANHASCE$) = -14.446202513016814
correctionProbability (#ЕРИТРОЦИТИ$ -> #ЭРИТРОЦИТЫ$) = -84.92907466819854
correctionProbability (#ТЕЛЕГРАМММ$ -> #ТЕЛЕГРАММ$) = -16.9124362312715
correctionProbability (#ВОЛОКАРДИН$ -> #ВАЛОКОРДИН$) = -87.38252191756425
correctionProbability (#СКИНО$ -> #КИНО$) = -5.927318657174823
correctionProbability (#ГИБСОКАРТОН$ -> #ГИПСОКАРТОН$) = -19.39187318655108
correctionProbability (#ПОМОЩ$ -> #ПОМОЩЬ$) = -9.761845986461143
correctionProbability (#АЛЕРГОЛОГ$ -> #АЛЛЕРГОЛОГ$) = -21.09610947347192
correctionProbability (#РОСИЯН$ -> #РОССИЯН$) = -14.334663420503801
correctionProbability (#ПОМОШ$ -> #ПОМОЩЬ$) = -74.49236494960522
correctionProbability (#SOFTWERE$ -> #SOFTWARE$) = -14.752135085043527
correctionProbability (#ЕМТЬ$ -> #ЕСТЬ$) = -6.616225394540351
correctionProbability (#АРКХАМ$ -> #АРКХЕМ$) = -19.21499652215603
correctionProbability (#ОССЕННИЙ$ -> #ОСЕННИЙ$) = -12.250610717474437
correctionProbability (#ВОДСПИК$ -> #ВОТСПИК$) = -13.474996550544645
correctionProbability (#КОПЧЕННУЮ$ -> #КОПЧЕНУЮ$) = -25.628743566132
correctionProbability (#НАКИА$ -> #НОКИА$) = -11.298820518448796
correctionProbability (#ЕСИТЬ$ -> #ЕСТЬ$) = -9.095060509827025
correctionProbability (#КОЗЕТКИ$ -> #РОЗЕТКИ$) = -15.039362537247904
correctionProbability (#НЛЯБРЕ$ -> #НОЯБРЕ$) = -9.84621880519283
correctionProbability (#САМОУБИЦА$ -> #САМОУБИЙЦА$) = -23.271406857944235
correctionProbability (#ПЕРЕНВОДЧИК$ -> #ПЕРЕВОДЧИК$) = -11.110657164608313
correctionProbability (#ЭЛЕКСИР$ -> #ЭЛИКСИР$) = -17.961049861755463
correctionProbability (#ПРЕРСКАЗАНИЕ$ -> #ПРЕДСКАЗАНИЕ$) = -20.586964618681215
correctionProbability (#СЕДЯТ$ -> #СИДЯТ$) = -15.709649218111412
correctionProbability (#ТОЛС$ -> #ТУЛС$) = -14.927194895884387
correctionProbability (#ЗМАКОНОМ$ -> #ЗАКОНАМ$) = -81.36854597634307
correctionProbability (#СКЕЙ$ -> #СКЕЙТ$) = -14.554293301047625
correctionProbability (#TOMORE$ -> #TOMARE$) = -25.953729146374997
correctionProbability (#ANHACCE$ -> #ANHASCE$) = -13.855772232257188
correctionProbability (#КАЧСТВЕ$ -> #КАЧЕСТВЕ$) = -6.763216950804718
correctionProbability (#ГУГЕЛ$ -> #ГУГЛ$) = -5.504514336405503
correctionProbability (#ЗАРАДНИК$ -> #ЗАРЯДНИК$) = -20.729580856868388
correctionProbability (#БАГАТЫРЯ$ -> #БОГАТЫРЯ$) = -12.015815389863874
correctionProbability (#ТУРЦИИИ$ -> #ТУРЦИИ$) = -12.82528488177569
correctionProbability (#НРАВИЦА$ -> #НРАВИТСЯ$) = -145.27031808354639
correctionProbability (#САРАНК$ -> #САРАНСК$) = -12.946863920378512
correctionProbability (#КБЛИН$ -> #БЛИН$) = -18.595812602755007
correctionProbability (#ВОКОВ$ -> #ВОЛКОВ$) = -13.297431664390633
correctionProbability (#ВААЗ$ -> #ВАЗ$) = -8.681017672674383
correctionProbability (#ДНРЕВО$ -> #ДЕРЕВО$) = -9.107708435475526
correctionProbability (#ПУЛТ$ -> #ПУЛЬТ$) = -12.446836369593807
correctionProbability (#БАГАТЫРЬ$ -> #БОГАТЫРЬ$) = -14.168681634611204
correctionProbability (#ВИНОЧОК$ -> #ВІНОЧОК$) = -23.76351633592988
correctionProbability (#ALEJERILE$ -> #ALEGERILE$) = -22.944791582497274
correctionProbability (#ЛУСШИЕ$ -> #ЛУЧШИЕ$) = -6.86970907212541
correctionProbability (#ПУЛС$ -> #ПУЛЬС$) = -12.917875166148722
correctionProbability (#МИМИКИДЗ$ -> #МИМИКИ$) = -90.17700456992151
correctionProbability (#ПУЛЛ$ -> #ПУЛ$) = -17.78441866522832
correctionProbability (#МЕОЗИТ$ -> #МИОЗИТ$) = -19.289088065638207
correctionProbability (#ТУРБОНАДУВ$ -> #ТУРБОНАДДУВ$) = -28.612115850392655
correctionProbability (#FEROLLI$ -> #FERROLI$) = -89.73981600874251
correctionProbability (#АКПАН$ -> #АҚПАН$) = -21.210526122413736
correctionProbability (#САРАНС$ -> #САРАНСК$) = -13.010973706767423
correctionProbability (#ДЕЩЕВА$ -> #ДЕШЕВО$) = -73.22065868959096
correctionProbability (#ДЖЕРБВ$ -> #ДЖЕРБА$) = -16.404877353272443
correctionProbability (#ФОРТЮНЕР$ -> #ФОРТУНЕР$) = -18.625464771835333
correctionProbability (#CHUBY$ -> #CHUBBY$) = -18.601657791005824
correctionProbability (#ПОВЫЩЕНИЯ$ -> #ПОВЫШЕНИЯ$) = -14.234312868856854
correctionProbability (#БЕТОНОЙ$ -> #БЕТОННОЙ$) = -19.924354566010244
correctionProbability (#ПРОГАММЕ$ -> #ПРОГРАММЕ$) = -15.358525878749994
correctionProbability (#РЕЩУ$ -> #РЕШУ$) = -7.976542691861642
correctionProbability (#НАЙТВИШЬ$ -> #НАЙТВИШ$) = -21.222242113988344
correctionProbability (#АЛБЕА$ -> #АЛЬБЕА$) = -18.92469640598431
correctionProbability (#СІМПЛ$ -> #СИМПЛ$) = -14.980918947412672
correctionProbability (#ЧИЩЕННЫЙ$ -> #ОЧИЩЕННЫЙ$) = -23.54977685480703
correctionProbability (#ИНЦЕСТТ$ -> #ИНЦЕСТ$) = -11.508444008936966
correctionProbability (#ЧЕШСЬКЕ$ -> #ЧЕШСКОЕ$) = -83.79459932618836
correctionProbability (#FLAUCHER$ -> #TLAUNCHER$) = -82.80073552022422
correctionProbability (#LOUREN$ -> #LAUREN$) = -16.860497059626045
correctionProbability (#КОРНИЗА$ -> #КАРНИЗА$) = -19.146793483615895
correctionProbability (#КОАСИВЫЕ$ -> #КРАСИВЫЕ$) = -7.40985944345735
correctionProbability (#ПРОГАММА$ -> #ПРОГРАММА$) = -9.18058680076291
correctionProbability (#ЦННА$ -> #ЦЕНА$) = -2.231981539724611
correctionProbability (#БАЙГАНИН$ -> #БАЙҒАНИН$) = -22.05705798841653
correctionProbability (#АВТОБКСА$ -> #АВТОБУСА$) = -12.117245309257875
correctionProbability (#КАМПЕНСАЦИЯ$ -> #КОМПЕНСАЦИЯ$) = -18.7268886438209
correctionProbability (#ПОЛОНЬСЬКИЙ$ -> #ПОЛОНСКИЙ$) = -87.2666460553774
correctionProbability (#ЭНТРЕЛАК$ -> #ЭНТЕРЛАК$) = -88.87230889879305
correctionProbability (#РАСПОКОВЩИК$ -> #РАСПАКОВЩИК$) = -25.472629085579314
correctionProbability (#ECLIPS$ -> #ECLIPSE$) = -18.739001472393753
correctionProbability (#ТЕРРАРИЗМ$ -> #ТЕРРОРИЗМ$) = -18.178836850677207
correctionProbability (#КОАСИВЫЙ$ -> #КРАСИВЫЙ$) = -10.996277781548265
correctionProbability (#HASIENDA$ -> #HACIENDA$) = -25.208093217920478
correctionProbability (#ИЗНИ$ -> #ЖИЗНИ$) = -7.548826065735046
correctionProbability (#РЫБАТСКИЙ$ -> #РЫБАЦКИЙ$) = -86.90807997305225
correctionProbability (#ТКПНИ$ -> #ТКАНИ$) = -9.52823558273283
correctionProbability (#СКАП$ -> #СКАЙП$) = -10.6226046239392
correctionProbability (#ИЗМЕНИЬ$ -> #ИЗМЕНИТЬ$) = -13.76313297376106
correctionProbability (#УРОЕНЬ$ -> #УРОВЕНЬ$) = -11.677136451872578
correctionProbability (#БРИЛИАНТА$ -> #БРИЛЛИАНТА$) = -23.567119289981576
correctionProbability (#ЛИСАБОНЕ$ -> #ЛИССАБОНЕ$) = -21.823071700903867
correctionProbability (#SOFWARE$ -> #SOFTWARE$) = -15.348844430508954
correctionProbability (#ОСЬРОВ$ -> #ОСТРОВ$) = -9.542471689307714
correctionProbability (#СКАК$ -> #КАК$) = -1.567887618272085
correctionProbability (#ДАТАЕ$ -> #ДАТА$) = -11.43402861460746
correctionProbability (#БЕТКОИН$ -> #БИТКОИН$) = -12.642668429584262
correctionProbability (#ЭРОТИКО$ -> #ЭРОТИКА$) = -7.916696541436444
correctionProbability (#МЕЖДУНОРОДНЫЕ$ -> #МЕЖДУНАРОДНЫЕ$) = -20.038408151962457
correctionProbability (#СТОМАТАЛОГИЯ$ -> #СТОМАТОЛОГИЯ$) = -14.995811351673886
correctionProbability (#НАЙСТРОЙКИ$ -> #НАСТРОЙКИ$) = -17.625877567287468
correctionProbability (#DOCHKIINOCHKI$ -> #DOCHKISINOCHKI$) = -29.563624518644318
correctionProbability (#ЭРОТИКС$ -> #ЭРОТИКА$) = -7.996365901655693
correctionProbability (#МЛОДЕНЦУ$ -> #МЛАДЕНЦУ$) = -21.14733305633218
correctionProbability (#ЕЖЕВИК$ -> #ЕЖОВИК$) = -21.49441095406458
correctionProbability (#ТАБЛИА$ -> #ТАБЛИЦА$) = -8.419759639847143
correctionProbability (#МЕТЕРИ$ -> #МАТЕРИ$) = -8.893834941140245
correctionProbability (#ГОСЛУГ$ -> #ГОСУСЛУГ$) = -78.9896947489057
correctionProbability (#БЕЛАДОННА$ -> #БЕЛЛАДОННА$) = -23.811209140470325
correctionProbability (#ДИЗА$ -> #ЛИЗА$) = -9.75541241708341
correctionProbability (#ВАДИТЕЛЬ$ -> #ВОДИТЕЛЬ$) = -12.143319104309121
correctionProbability (#КЛРМИТЬ$ -> #КОРМИТЬ$) = -13.603123357231084
correctionProbability (#УКРАІНСЬКОГО$ -> #УКРАЇНСЬКОГО$) = -23.169700961735934
correctionProbability (#ЕМНЕ$ -> #ЭМНЕ$) = -17.007318637692908
correctionProbability (#РОЗПОВIДЬ$ -> #РОЗПОВІДЬ$) = -20.276258697053386
correctionProbability (#ХРОНИТЬ$ -> #ХРАНИТЬ$) = -12.936214646660119
correctionProbability (#АКИЕРЫ$ -> #АКТЕРЫ$) = -8.871782944223707
correctionProbability (#SOCCE$ -> #SOCCER$) = -11.94000274513655
correctionProbability (#АГЕНСТВО$ -> #АГЕНТСТВО$) = -13.465908496517955
correctionProbability (#ТРЕНЕ$ -> #ТРЕНЕР$) = -12.749297680425105
correctionProbability (#ОНОАИН$ -> #ОНЛАЙН$) = -65.36298830782252
correctionProbability (#ОТКРТКИ$ -> #ОТКРЫТКИ$) = -9.57243496676687
correctionProbability (#ГЕЛЕКСІ$ -> #ГАЛАКСИ$) = -142.6210608371018
correctionProbability (#АЛБЕН$ -> #АЛБАН$) = -16.330945175156945
correctionProbability (#ГЕНИРАТОРА$ -> #ГЕНЕРАТОРА$) = -16.027092302863686
correctionProbability (#ТУРАГЕНСТОВ$ -> #ТУРАГЕНТСТВО$) = -152.84870687444013
correctionProbability (#ПАУЧЕК$ -> #ПАУЧОК$) = -17.97398366082282
correctionProbability (#МИНЕМА$ -> #СИНЕМА$) = -11.244864922932653
correctionProbability (#ИНЦЕСТЬ$ -> #ИНЦЕСТ$) = -11.477601385504183
correctionProbability (#КОЛЕКЦЫЯ$ -> #КОЛЛЕКЦИЯ$) = -79.79102737522682
correctionProbability (#НОЖЕВКА$ -> #НОЖОВКА$) = -20.21902998461153
correctionProbability (#РЕШЦ$ -> #РЕШУ$) = -7.992236655558141
correctionProbability (#FAMLY$ -> #FAMILY$) = -10.825330342241035
correctionProbability (#СЕМСОТ$ -> #СЕМЬСОТ$) = -21.85606530198602
correctionProbability (#СУОСТЬ$ -> #СУХОСТЬ$) = -17.590858826011534
correctionProbability (#ТКПНЬ$ -> #ТКАНЬ$) = -10.366726677484369
correctionProbability (#СТОИМИОСТЬ$ -> #СТОИМОСТЬ$) = -11.875099185594088
correctionProbability (#ОЛЬГП$ -> #ОЛЬГА$) = -7.371945193593465
correctionProbability (#SECURETY$ -> #SECURITY$) = -8.361143807191525
correctionProbability (#ГАБАЛДОН$ -> #ГАБАЛЬДОН$) = -35.32333257175975
correctionProbability (#ВЫЫЛЕТА$ -> #ВЫЛЕТА$) = -16.71911255330946
correctionProbability (#ANYDISK$ -> #ANYDESK$) = -16.289937047287474
correctionProbability (#РУСКЕЛА$ -> #РУСКЕАЛА$) = -21.20652418054658
correctionProbability (#ЗАХИД$ -> #ЗАХІД$) = -18.2220846755307
correctionProbability (#АКТЯБРЬ$ -> #ОКТЯБРЬ$) = -9.428436373129493
correctionProbability (#МИТИШИ$ -> #МЫТИЩИ$) = -76.94599809026037
correctionProbability (#МЕРСЕДЕМ$ -> #МЕРСЕДЕС$) = -10.812683490681245
correctionProbability (#ОРУЖЫЯ$ -> #ОРУЖИЯ$) = -12.161375411377374
correctionProbability (#БОЛЯТЬ$ -> #БОЛЯТ$) = -15.061884895031074
correctionProbability (#ИЗМЕНИЕ$ -> #ИЗМЕНЕНИЕ$) = -81.51448004833418
correctionProbability (#ИНЦЕССТ$ -> #ИНЦЕСТ$) = -11.465750230997028
correctionProbability (#СЧЕ$ -> #СЧЕТ$) = -7.803627503263794
correctionProbability (#SMATREC$ -> #SMOTRET$) = -77.99529347423625
correctionProbability (#ЛУЧИЙ$ -> #ЛУЧШИЙ$) = -9.998779590532639
correctionProbability (#ДЭНИЕЛЬ$ -> #ДЭНИЕЛ$) = -19.444491842090518
correctionProbability (#САНАТОР$ -> #САНАТОРИЙ$) = -76.96886245821189
correctionProbability (#КАРЗИНКИ$ -> #КОРЗИНКИ$) = -17.193351492197145
correctionProbability (#КОРАЛЯ$ -> #КОРОЛЯ$) = -11.897476529801931
correctionProbability (#ДЕНИГИ$ -> #ДЕНЬГИ$) = -7.654004648002292
correctionProbability (#СРИШКА$ -> #СТРИЖКА$) = -76.46230309488867
correctionProbability (#БОРСУЧИЙ$ -> #БАРСУЧИЙ$) = -18.73409812095865
correctionProbability (#ЦИСИК$ -> #ЦІСИК$) = -21.497382406097334
correctionProbability (#ЛАЧЧЕТИ$ -> #ЛАЧЕТТИ$) = -82.98324505251202
correctionProbability (#ДИПЛОМНИ$ -> #ДИПЛОМНАЯ$) = -83.41330520703826
correctionProbability (#EYARS$ -> #YEARS$) = -82.09948809266048
correctionProbability (#МАПТИНСЫ$ -> #МАРТИНСЫ$) = -20.345712334848294
correctionProbability (#БЛИЖАЙЩЕЕ$ -> #БЛИЖАЙШЕЕ$) = -16.57323858808386
correctionProbability (#НАСИКОМОЕ$ -> #НАСЕКОМОЕ$) = -19.19285667585158
correctionProbability (#WANDET$ -> #WANTED$) = -79.46793617319018
correctionProbability (#НАРЦИСОВ$ -> #НАРЦИССОВ$) = -21.88920399939567
correctionProbability (#ПРЕСТУПЛЕИЙ$ -> #ПРЕСТУПЛЕНИЙ$) = -22.723966398705223
correctionProbability (#ЩИНЫ$ -> #ШИНЫ$) = -7.262130270839052
correctionProbability (#ПОГТДА$ -> #ПОГОДА$) = -1.2250493513144178
correctionProbability (#ЮЮЮТУБ$ -> #ЮТУБ$) = -70.03636603324266
correctionProbability (#ЯРОСЛАВКОЙ$ -> #ЯРОСЛАВСКОЙ$) = -18.83613757661785
correctionProbability (#МУЖСКА$ -> #МУЖСКАЯ$) = -12.437700208840951
correctionProbability (#ТРЕЛО$ -> #ТРЕЛЛО$) = -18.33988781512011
correctionProbability (#СТОМАТАЛОГИИ$ -> #СТОМАТОЛОГИИ$) = -18.883732604564763
correctionProbability (#КУЗАВНОЙ$ -> #КУЗОВНОЙ$) = -15.041638403547609
correctionProbability (#МИМИКИЛС$ -> #МИМИКИ$) = -90.08901216720271
correctionProbability (#ЭЛЕМЕНТОА$ -> #ЭЛЕМЕНТОВ$) = -15.766973373023248
correctionProbability (#БЕМИОН$ -> #БИМЕОН$) = -83.38407838066176
correctionProbability (#ВАЙТЕР$ -> #ВАЛЬТЕР$) = -78.24681730889297
correctionProbability (#ЧЕХОМБИЛИ$ -> #ЧОХОМБИЛИ$) = -24.874509096978755
correctionProbability (#ЛИЦЕЗИИ$ -> #ЛИЦЕНЗИИ$) = -15.694688431348709
correctionProbability (#ИЛДАР$ -> #ИЛЬДАР$) = -16.57963036412748
correctionProbability (#KELIOGLAN$ -> #KELOGLAN$) = -27.517213151069498
correctionProbability (#ОСАДОВ$ -> #АСАДОВ$) = -16.805510340296333
correctionProbability (#ГДАЗ$ -> #ГЛАЗ$) = -7.907795439483262
correctionProbability (#РЕШЕ$ -> #РЕШУ$) = -7.992454023236423
correctionProbability (#НЕМЦКИЙ$ -> #НЕМЕЦКИЙ$) = -13.353506992904485
correctionProbability (#ИПРАВЛЕНИЯ$ -> #ИСПРАВЛЕНИЯ$) = -21.73834826217079
correctionProbability (#АЛЬВЕКС$ -> #ОЛЬВЕКС$) = -32.87866468760911
correctionProbability (#МУЖСКИ$ -> #МУЖСКИЕ$) = -10.047020472927592
correctionProbability (#САНДРС$ -> #САНАНДРЕС$) = -147.79616908912752
correctionProbability (#АНГЛІСЬКОЇ$ -> #АНГЛІЙСЬКОЇ$) = -21.574795897062813
correctionProbability (#МАЗАЗИН$ -> #МАГАЗИН$) = -5.041895645964884
correctionProbability (#ЗАКРВТО$ -> #ЗАКРЫТО$) = -20.06418808150196
correctionProbability (#HELOWEEN$ -> #HALLOWEEN$) = -81.16578127266908
correctionProbability (#СВИНГЕЕРИ$ -> #СВИНГЕРЫ$) = -81.14624119571599
correctionProbability (#ПРИКЛЮЧЕННИЯ$ -> #ПРИКЛЮЧЕНИЯ$) = -16.564790728154
correctionProbability (#ЖЕНЩИНОИ$ -> #ЖЕНЩИНОЙ$) = -14.674276377788367
correctionProbability (#ТЕМАИ$ -> #ТЕМА$) = -11.516020852808087
correctionProbability (#МАЛИФИСЕНТ$ -> #МАЛЕФИСЕНТА$) = -79.20454065126553
correctionProbability (#ГОНГКОНГ$ -> #ГОНКОНГ$) = -19.43297497975756
correctionProbability (#АДМИНИТРАЦИЯ$ -> #АДМИНИСТРАЦИЯ$) = -17.41578137437763
correctionProbability (#МАГИЙ$ -> #МАГИИ$) = -12.882458203908588
correctionProbability (#ДРАММЕ$ -> #ДРАМЕ$) = -20.471767976710854
correctionProbability (#ПРОЦЕСУАЛЬНЫЙ$ -> #ПРОЦЕССУАЛЬНЫЙ$) = -25.932656730436257
correctionProbability (#КОРАЛИ$ -> #КОРОЛИ$) = -15.030922054515454
correctionProbability (#ЛУЧИЯ$ -> #ЛЮЧИЯ$) = -17.634066926344882
correctionProbability (#ОГОВЕК$ -> #ОГОНЕК$) = -14.600903322135569
correctionProbability (#ИШЮТ$ -> #ИЩУТ$) = -78.13029649332542
correctionProbability (#BISNEES$ -> #BUSINESS$) = -145.2495856660721
correctionProbability (#ЕММИ$ -> #ЭММЫ$) = -80.88557585310264
correctionProbability (#ДОЬРАТЬСЯ$ -> #ДОБРАТЬСЯ$) = -13.68709214173672
correctionProbability (#ОРУЖЫЕ$ -> #ОРУЖИЕ$) = -10.412610225746139
correctionProbability (#ПРОГНОЗЗ$ -> #ПРОГНОЗ$) = -10.937321455245097
correctionProbability (#ИНОСИРАНЦА$ -> #ИНОСТРАНЦА$) = -21.542398650899045
correctionProbability (#НАКТЮРН$ -> #НОКТЮРН$) = -18.559545208139724
correctionProbability (#КОМБЕТ$ -> #КОМБАТ$) = -12.266169297257232
correctionProbability (#СИМАШКО$ -> #СЕМАШКО$) = -16.699753862121554
correctionProbability (#RAYKL$ -> #REYKL$) = -25.44314520927786
correctionProbability (#ГУЦИРИЕВ$ -> #ГУЦЕРИЕВ$) = -20.427143644323564
correctionProbability (#СТРОКИН$ -> #СОРОКИН$) = -16.98226311560238
correctionProbability (#КРЫСИННЫЙ$ -> #КРЫСИНЫЙ$) = -23.364865915641168
correctionProbability (#КЕЖУАЛ$ -> #КЭЖУАЛ$) = -19.22076095709411
correctionProbability (#ШИФУТИНСКИЙ$ -> #ШУФУТИНСКИЙ$) = -18.930380609573334
correctionProbability (#РЕЧТ$ -> #РЕЧИ$) = -9.005892173274383
correctionProbability (#МОАКВЕ$ -> #МОСКВЕ$) = -4.080361561989722
correctionProbability (#ПРОИСЗОДИТ$ -> #ПРОИСХОДИТ$) = -15.815983207101318
correctionProbability (#ЕММА$ -> #ЭММА$) = -12.186038379143636
correctionProbability (#КАВАЛЬЧУК$ -> #КОВАЛЬЧУК$) = -17.43182397134818
correctionProbability (#АНГЛЛЕНКО$ -> #АНГОЛЕНКО$) = -28.141340627113756
correctionProbability (#КАРЗИНКУ$ -> #КОРЗИНКУ$) = -19.04762130562178
correctionProbability (#РЕССТР$ -> #РЕЕСТР$) = -11.301908062610604
correctionProbability (#AВИТО$ -> #АВИТО$) = -2.889058427075092
correctionProbability (#НАРУТА$ -> #НАРУТО$) = -9.62807275792947
correctionProbability (#КРУГЛИЕ$ -> #КРУГЛЫЕ$) = -14.606670108793551
correctionProbability (#СКИРТ$ -> #СКВИРТ$) = -13.922961204341359
correctionProbability (#МУЖЩИНАМ$ -> #МУЖЧИНАМ$) = -16.410582153211386
correctionProbability (#НОВОСИБТРСК$ -> #НОВОСИБИРСК$) = -12.410507863622882
correctionProbability (#РЫБОЛО$ -> #РЫБОЛОВ$) = -18.085636947546774
correctionProbability (#ЖІЗНЬ$ -> #ЖИЗНЬ$) = -6.218178087858117
correctionProbability (#ХОЛИСТЕРИН$ -> #ХОЛЕСТЕРИН$) = -17.53964722728741
correctionProbability (#ПЬЯННАЯ$ -> #ПЬЯНАЯ$) = -15.042106673559264
correctionProbability (#WHOT$ -> #WHAT$) = -9.812369919439764
correctionProbability (#ШИБОЧНО$ -> #ОШИБОЧНО$) = -19.639972918600897
correctionProbability (#ТУШОНОЙ$ -> #ТУШЕНОЙ$) = -19.784741440588668
correctionProbability (#ПОЯМОЙ$ -> #ПРЯМОЙ$) = -6.847532244188187
correctionProbability (#GAMZER$ -> #GAMEZER$) = -21.307527426672152
correctionProbability (#БЕЛОЯРСКО$ -> #БЕЛОЯРСКОМ$) = -24.563124615428777
correctionProbability (#ПЧТНИЦА$ -> #ПЯТНИЦА$) = -11.799074041434451
correctionProbability (#КАПЕТАН$ -> #КАПИТАН$) = -12.189762063740808
correctionProbability (#ЗАНОВЕСОЧКИ$ -> #ЗАНАВЕСОЧКИ$) = -24.100833960050565
correctionProbability (#ФИЛМАХ$ -> #ФИЛЬМАХ$) = -15.522412169013272
correctionProbability (#FANILY$ -> #FAMILY$) = -10.2200808908735
correctionProbability (#BLUETOOH$ -> #BLUETOOTH$) = -17.475742390118604
correctionProbability (#СЬЕЗДЕ$ -> #СЪЕЗДЕ$) = -21.201948848593734
correctionProbability (#КОЛОСО$ -> #КОЛЕСО$) = -10.98462701819911
correctionProbability (#ПРРСПЕКТ$ -> #ПРОСПЕКТ$) = -12.328712805834854
correctionProbability (#ДЕВОЧИ$ -> #ДЕВОЧКИ$) = -9.198267611579602
correctionProbability (#VIMEVORLD$ -> #VIMEWORLD$) = -18.955156117665716
correctionProbability (#ЕЛЕКТРОДИ$ -> #ЭЛЕКТРОДЫ$) = -82.61610606792932
correctionProbability (#НОВІГАТОР$ -> #НАВИГАТОР$) = -79.03931395353467
correctionProbability (#OXIGEN$ -> #OXYGEN$) = -16.312431255869175
correctionProbability (#PERVYI$ -> #PERVIY$) = -86.41435282504638
correctionProbability (#ПОМОЖЕНЫ$ -> #ПОЛОЖЕНЫ$) = -16.295949937541586
correctionProbability (#МАЛЫЩЕЙ$ -> #МАЛЫШЕЙ$) = -10.803862645775155
correctionProbability (#НАХДИТСЯ$ -> #НАХОДИТСЯ$) = -12.661034161018847
correctionProbability (#БЕТЕР$ -> #БЕТТЕР$) = -23.4732304146645
correctionProbability (#МАСАЖОР$ -> #МАССАЖЕР$) = -81.48486431776755
correctionProbability (#СТАЛИОН$ -> #СТАДИОН$) = -14.33560521682822
correctionProbability (#РАСМАТРИВАЕТСЯ$ -> #РАССМАТРИВАЕТСЯ$) = -28.3194647245966
correctionProbability (#ОПАСТНОСТИ$ -> #ОПАСНОСТИ$) = -18.78657725346708
correctionProbability (#FILBASE$ -> #FILEBASE$) = -19.597867449528316
correctionProbability (#СЧТ$ -> #СЧЕТ$) = -7.8361065516554795
correctionProbability (#РЭЙНБОУ$ -> #РЕЙНБОУ$) = -18.35898992927168
correctionProbability (#БОЛЬНТЦА$ -> #БОЛЬНИЦА$) = -11.36265501686497
correctionProbability (#ДИРКИ$ -> #ДЫРКИ$) = -14.14382157103817
correctionProbability (#ПРИАЕТ$ -> #ПРИВЕТ$) = -9.094570968141422
correctionProbability (#ПУИН$ -> #ПУТИН$) = -10.272631556818848
correctionProbability (#МАСАЖОМ$ -> #МАССАЖЕМ$) = -86.30351281136696
correctionProbability (#ВЭЛДБЕРИС$ -> #ВЕЛДБЕРИС$) = -16.56803378926734
correctionProbability (#МИНИРАЛЬНЫХ$ -> #МИНЕРАЛЬНЫХ$) = -20.208835294483038
correctionProbability (#ВИЗУВИЙ$ -> #ВЕЗУВИЙ$) = -18.885185135413465
correctionProbability (#ПОМЛЕ$ -> #ПОСЛЕ$) = -5.4191536599076215
correctionProbability (#ГУДЬЕР$ -> #ГУДИЕР$) = -16.258704263630793
correctionProbability (#АРИМЕР$ -> #ПРИМЕР$) = -10.378365331225805
correctionProbability (#МОРГЕРШТЕРН$ -> #МОРГЕНШТЕРН$) = -18.86696927212882
correctionProbability (#ХИРУРИЯ$ -> #ХИРУРГИЯ$) = -13.877198460173673
correctionProbability (#СРЕТЕНКП$ -> #СРЕТЕНКА$) = -23.084790734357846
correctionProbability (#ПРАХДНИК$ -> #ПРАЗДНИК$) = -10.868572452584381
correctionProbability (#ТУАПЕ$ -> #ТУАПСЕ$) = -13.805749753666841
correctionProbability (#УВАЛАЖНЯЮЩИЕ$ -> #УВЛАЖНЯЮЩИЕ$) = -26.475907453154164
correctionProbability (#БЕТЕЙ$ -> #ДЕТЕЙ$) = -3.5329283427136495
correctionProbability (#ПОЛЬЗУЕТЬСЯ$ -> #ПОЛЬЗУЕТСЯ$) = -24.07583043206349
correctionProbability (#КНОПОЧНИЙ$ -> #КНОПОЧНЫЙ$) = -18.122413139032396
correctionProbability (#ДУЧШЕЕ$ -> #ЛУЧШЕЕ$) = -9.534636611151026
correctionProbability (#ПЕГИНГ$ -> #ПЕГГИНГ$) = -21.93223811877081
correctionProbability (#ПАРОИНВЙ$ -> #ПАРОМНЫЙ$) = -87.94792901699968
correctionProbability (#КАРИЦА$ -> #КОРИЦА$) = -16.432789073440038
correctionProbability (#ВЫСООПЛАЧИВАЕМУЮ$ -> #ВЫСОКООПЛАЧИВАЕМУЮ$) = -101.58123914759966
correctionProbability (#ЛИСТЬЕ$ -> #ЛИСТЬЕВ$) = -11.257898127968446
correctionProbability (#СЕЗОЕН$ -> #СЕЗОН$) = -4.688985289464412
correctionProbability (#УТОБ$ -> #ЮТУБ$) = -64.92416095890157
correctionProbability (#КОТЕГОРИЯ$ -> #КАТЕГОРИЯ$) = -16.044133684661745
correctionProbability (#РЕСПЕЧАТАТЬ$ -> #РАСПЕЧАТАТЬ$) = -11.823292883288268
correctionProbability (#МАЛАЛЕТКОЙ$ -> #МАЛОЛЕТКОЙ$) = -20.043476004723402
correctionProbability (#ПЕРЕОВД$ -> #ПЕРЕВОД$) = -76.20497409195134
correctionProbability (#БОНГАГАМС$ -> #БОНГАКАМС$) = -15.735048656450239
correctionProbability (#БАГУБАНЫ$ -> #БОГУЧАНЫ$) = -85.60706246859054
correctionProbability (#ГАЛАЕ$ -> #ГОЛАЯ$) = -72.04006152182765
correctionProbability (#РЕМОГТ$ -> #РЕМОНТ$) = -5.072857294708651
correctionProbability (#СЩА$ -> #США$) = -7.046950090142996
correctionProbability (#ЕКАТИРИНБУРГЕ$ -> #ЕКАТЕРИНБУРГЕ$) = -15.654912979139155
correctionProbability (#ОСТАВ$ -> #СОСТАВ$) = -9.875438015633708
correctionProbability (#НИЖЕГОРОДСКА$ -> #НИЖЕГОРОДСКАЯ$) = -20.78468072167925
correctionProbability (#РАЗВЗДИЯ$ -> #РАЗВИТИЯ$) = -76.29963160168231
correctionProbability (#ДУБЛИРОВАНЫЙ$ -> #ДУБЛИРОВАННЫЙ$) = -26.38663920892484
correctionProbability (#ЩИМА$ -> #ЗИМА$) = -8.393507353590618
correctionProbability (#QISMETEO$ -> #GISMETEO$) = -14.235011156044273
correctionProbability (#ВОПРОЫ$ -> #ВОПРОСЫ$) = -11.882401608991103
correctionProbability (#КУХОНЫЕ$ -> #КУХОННЫЕ$) = -14.36639310981058
correctionProbability (#ШИННЫ$ -> #ШИНЫ$) = -9.698660623601551
correctionProbability (#ЧСТИ$ -> #ЧАСТИ$) = -8.897446242429393
correctionProbability (#НОРОДНОГО$ -> #НАРОДНОГО$) = -13.21077033124027
correctionProbability (#ДИИП$ -> #ДИП$) = -13.622242298236078
correctionProbability (#ГИСМЕТЕ$ -> #ГИСМЕТЕО$) = -8.854008671780448
correctionProbability (#МАМАШКА$ -> #МАМАША$) = -18.719194042617705
correctionProbability (#ОБЕЗБАЛИВАНИЕ$ -> #ОБЕЗБОЛИВАНИЕ$) = -26.624273984883658
correctionProbability (#АНГЕМЕ$ -> #АНГИМЕ$) = -20.838343581507228
correctionProbability (#ПООВЕТИ$ -> #ПРОВЕСТИ$) = -79.2793034968166
correctionProbability (#БОЛЕЗЬНЬ$ -> #БОЛЕЗНЬ$) = -14.288330250823932
correctionProbability (#МАТКМАТИКЕ$ -> #МАТЕМАТИКЕ$) = -10.968375373010588
correctionProbability (#EVERTCH$ -> #EVERTECH$) = -26.599419935681027
correctionProbability (#КОНТРОЛЬГАЯ$ -> #КОНТРОЛЬНАЯ$) = -15.386494672484758
correctionProbability (#ЕЛДОРАДО$ -> #ЭЛЬДОРАДО$) = -77.3243894432373
correctionProbability (#COMARO$ -> #CAMARO$) = -18.69348430039197
correctionProbability (#КАРАДАА$ -> #КАРАНДАША$) = -85.52865288007443
correctionProbability (#ВОЗНИКОВЕНИЯ$ -> #ВОЗНИКНОВЕНИЯ$) = -20.543814413468986
correctionProbability (#ПРОГАММУ$ -> #ПРОГРАММУ$) = -13.894136609999222
correctionProbability (#ТФИЦИАЛЬНЯЙ$ -> #ОФИЦИАЛЬНЫЙ$) = -71.75000324321064
correctionProbability (#БОРОЛДАЯ$ -> #БОРАЛДАЯ$) = -33.78871034205538
correctionProbability (#REXOS$ -> #RIXOS$) = -16.640979409400646
correctionProbability (#РАСЩИРЕНИЕ$ -> #РАСШИРЕНИЕ$) = -16.868746675516718
correctionProbability (#ТРИМЕР$ -> #ТРИММЕР$) = -16.75157194838677
correctionProbability (#НЕВЕДИМКОЙ$ -> #НЕВИДИМКОЙ$) = -25.539593914624135
correctionProbability (#ВОРГЕЙМИНГ$ -> #ВАРГЕЙМИНГ$) = -19.354091047978926
correctionProbability (#ЕЛАТЬ$ -> #ДЕЛАТЬ$) = -7.76086160769005
correctionProbability (#SPESES$ -> #SPACES$) = -77.37277361230699
correctionProbability (#ЛИСТЬЧ$ -> #ЛИСТЬЯ$) = -9.332848395471803
correctionProbability (#SIKS$ -> #SEKS$) = -8.846870864594852
correctionProbability (#ТКЛАСС$ -> #КЛАСС$) = -4.934167185271765
correctionProbability (#СЕДЕНЬЯ$ -> #СИДЕНЬЯ$) = -15.498700434227153
correctionProbability (#КОРТУНКОВА$ -> #КАРТУНКОВА$) = -17.408192876261232
correctionProbability (#АТЕНОС$ -> #АТЕРНОС$) = -16.84221671435335
correctionProbability (#ФИЛТРОМ$ -> #ФИЛЬТРОМ$) = -19.288444569740363
correctionProbability (#МАПШРУТА$ -> #МАРШРУТА$) = -16.951032735406912
correctionProbability (#ЯАПАНЕСЕ$ -> #ЯАПОНЕСЕ$) = -33.736504846516
correctionProbability (#КУХОНЫХ$ -> #КУХОННЫХ$) = -17.592795814949746
correctionProbability (#АПЕКАХ$ -> #АПТЕКАХ$) = -13.157003810107582
correctionProbability (#XVLDEO$ -> #XVIDEO$) = -12.143367303681888
correctionProbability (#МАМАШКУ$ -> #МАМАШУ$) = -20.990121379938618
correctionProbability (#ЩИМУ$ -> #ЗИМУ$) = -6.435495465655126
correctionProbability (#ЕПИЦЕНТР$ -> #ЭПИЦЕНТР$) = -17.35881685411163
correctionProbability (#ЧСТЬ$ -> #ЧАСТЬ$) = -6.997407026575434
correctionProbability (#ТРВВЕЛАТА$ -> #ТРАВЕЛАТА$) = -16.364879260708747
correctionProbability (#АККОРЛЫ$ -> #АККОРДЫ$) = -11.752268988051668
correctionProbability (#МЕГОБАЙТЫ$ -> #МЕГАБАЙТЫ$) = -22.505301143112796
correctionProbability (#СШИ$ -> #СШ$) = -14.379396397618056
correctionProbability (#БЫЛЕЧИТЬ$ -> #ВЫЛЕЧИТЬ$) = -14.624631661788115
correctionProbability (#YYOUTUBE$ -> #YOUTUBE$) = -8.94692816785011
correctionProbability (#СТАЦИЯ$ -> #СТАНЦИЯ$) = -12.585147859333688
correctionProbability (#СЕЗОЕЫ$ -> #СЕЗОНЫ$) = -8.955452852975274
correctionProbability (#ОДРЕС$ -> #АДРЕС$) = -8.053242565035816
correctionProbability (#СИНБАДА$ -> #СИНДБАДА$) = -18.583450174384474
correctionProbability (#МСШИНА$ -> #МАШИНА$) = -8.280111981386334
correctionProbability (#ЕЛТОН$ -> #ЭЛТОН$) = -15.97547249943516
correctionProbability (#КАПХЭД$ -> #КАПХЕД$) = -17.0019298823451
correctionProbability (#УГОДАЙ$ -> #УГАДАЙ$) = -13.00319054610556
correctionProbability (#MAXS$ -> #MAX$) = -12.446905508286516
correctionProbability (#ДИОГНОСТИКА$ -> #ДИАГНОСТИКА$) = -15.525124560303482
correctionProbability (#ИЗВИНЯЮТСЯ$ -> #ИЗМЕНЯЮТСЯ$) = -87.40111292743879
correctionProbability (#МУКОЛТИН$ -> #МУКАЛТИН$) = -17.478986135283996
correctionProbability (#СТОРОЖОВА$ -> #СТОРОЖЕВАЯ$) = -86.88491723941088
correctionProbability (#ЛИМФАУЗЛОВ$ -> #ЛИМФОУЗЛОВ$) = -20.322490393432027
correctionProbability (#ОНЛАЙГН$ -> #ОНЛАЙН$) = -3.166385003857126
correctionProbability (#TITES$ -> #TITS$) = -14.752580909543457
correctionProbability (#PORNBUB$ -> #PORNHUB$) = -11.402912402989259
correctionProbability (#ELSCOOL$ -> #ELSCHOOL$) = -19.87841999618353
correctionProbability (#СТУДЕНКОЙ$ -> #СТУДЕНТКОЙ$) = -22.94272650166002
correctionProbability (#ДЕПЕРТАМЕНТ$ -> #ДЕПАРТАМЕНТ$) = -16.354260993524548
correctionProbability (#САУНИ$ -> #САУНЫ$) = -13.433515374103248
correctionProbability (#ХАМАЧ$ -> #ХАМАЧИ$) = -16.13512727558734
correctionProbability (#GUERLEN$ -> #GUERLAIN$) = -85.12118206511221
correctionProbability (#РЕАЛИЗАЦИ$ -> #РЕАЛИЗАЦИИ$) = -17.717127312694835
correctionProbability (#ДИОГНОСТИКИ$ -> #ДИАГНОСТИКИ$) = -18.381088878192486
correctionProbability (#ТРЕСИ$ -> #ТРЕЙСИ$) = -18.278401641557796
correctionProbability (#ДИГА$ -> #ДИГГА$) = -18.499581982596073
correctionProbability (#YESYLOZ$ -> #YESILOZ$) = -25.430265265906748
correctionProbability (#ТВСЕТ$ -> #ВСЕ$) = -70.89607878994687
correctionProbability (#PORNOXYI$ -> #PORNOXYU$) = -23.2901032441871
correctionProbability (#ERGIC$ -> #ERGICH$) = -21.71277525208127
correctionProbability (#ВЯЧАСЛАВ$ -> #ВЯЧЕСЛАВ$) = -13.552096155095583
correctionProbability (#СДОБНО$ -> #СДОБНОЕ$) = -19.400098225828586
correctionProbability (#РЕАЛНИЙ$ -> #РЕАЛЬНЫЙ$) = -80.54018581130867
correctionProbability (#КАШЛЬ$ -> #КАШЕЛЬ$) = -12.918986504429785
correctionProbability (#ПОЛОТЕНЦЯ$ -> #ПОЛОТЕНЦА$) = -14.702760718277752
correctionProbability (#HAIRU$ -> #HAIRY$) = -13.600044726329426
correctionProbability (#ПРЕСТУПЛЕНИ$ -> #ПРЕСТУПЛЕНИЯ$) = -19.420216934426996
correctionProbability (#ПОКЕМОНИ$ -> #ПОКЕМОНЫ$) = -15.335453754399971
correctionProbability (#WFR$ -> #WAR$) = -9.358768040811938
correctionProbability (#РЕЗУЛЬТАИ$ -> #РЕЗУЛЬТАТ$) = -15.08943838507249
correctionProbability (#КРАСНЙ$ -> #КРАСНЫЙ$) = -10.801407467533465
correctionProbability (#КАШЛА$ -> #КАШЛЯ$) = -11.635229986049811
correctionProbability (#УДМУРСКИЕ$ -> #УДМУРТСКИЕ$) = -22.78907009760566
correctionProbability (#ЦИСЛА$ -> #ЧИСЛА$) = -8.68825613591292
correctionProbability (#ВОПРСЫ$ -> #ВОПРОСЫ$) = -11.94198222189226
correctionProbability (#ДИНАРИЕВ$ -> #ДЕНАРИЕВ$) = -25.6591973562685
correctionProbability (#ПАРКНЬ$ -> #ПАРЕНЬ$) = -9.943856644188589
correctionProbability (#БОЛЬШАЧ$ -> #БОЛЬШАЯ$) = -10.917336407198817
correctionProbability (#ВЕСЯЧИЙ$ -> #ВИСЯЧИЙ$) = -20.71847850726006
correctionProbability (#ТЕННИСЬКИ$ -> #ТЕННИСКИ$) = -36.248628642615515
correctionProbability (#ПЛАСМАС$ -> #ПЛАСТМАСС$) = -86.46139730230894
correctionProbability (#ЗАКУПИК$ -> #ЗАКУПКИ$) = -78.64018798071208
correctionProbability (#ЛЕРМОТОВА$ -> #ЛЕРМОНТОВА$) = -16.49319978979178
correctionProbability (#EANDEX$ -> #YANDEX$) = -9.592823387506105
correctionProbability (#ТНКСТ$ -> #ТЕКСТ$) = -5.948495171476775
correctionProbability (#БИЛЛАИН$ -> #БИЛАЙН$) = -76.23726817619404
correctionProbability (#СОСТАИТ$ -> #СОСТОИТ$) = -13.606371118628104
correctionProbability (#ЭНЦЕКЛОПЕДИЯ$ -> #ЭНЦИКЛОПЕДИЯ$) = -18.9420480756417
correctionProbability (#БАРНИУЛЕ$ -> #БАРНАУЛЕ$) = -13.330141816373931
correctionProbability (#КУРЫЛЫМЫ$ -> #ҚҰРЫЛЫМЫ$) = -84.79602768790167
correctionProbability (#WOMES$ -> #WOMENS$) = -17.88059866484905
correctionProbability (#ШКОЛДНАЧ$ -> #ШКОЛЬНАЯ$) = -79.25751378710302
correctionProbability (#MAYL$ -> #MAIL$) = -6.786053400085166
correctionProbability (#БОТЕКСА$ -> #БОТОКСА$) = -18.084204944378698
correctionProbability (#ГОСМЕТЕО$ -> #ГИСМЕТЕО$) = -8.292944310261653
correctionProbability (#ПАЦАНК$ -> #ПАЦАНКИ$) = -11.529702275334643
correctionProbability (#РЧИД$ -> #ОРЧИД$) = -25.616860443833815
correctionProbability (#ОДНОКЛАСНИЦ$ -> #ОДНОКЛАССНИЦ$) = -26.534659492568345
correctionProbability (#ДАРСЕНВАЛЬ$ -> #ДАРСОНВАЛЬ$) = -20.699191320733654
correctionProbability (#МАЛИЫИСЕНТА$ -> #МАЛЕФИСЕНТА$) = -78.58481740394704
correctionProbability (#ЛЕСЕНИЕ$ -> #ЛЕЧЕНИЕ$) = -7.077631887693336
correctionProbability (#ОСТЫЛП$ -> #ОСТЫЛА$) = -23.12653677656931
correctionProbability (#КЛААСА$ -> #КЛАССА$) = -7.654333342755844
correctionProbability (#TEPLAY$ -> #REPLAY$) = -17.501549049644442
correctionProbability (#ГДАНСКЕ$ -> #ГДАНЬСКЕ$) = -21.770835637949972
correctionProbability (#ЗМЕИННЫЙ$ -> #ЗМЕИНЫЙ$) = -21.876798666814885
correctionProbability (#АУДАРЫЛГАН$ -> #АУДАРЫЛҒАН$) = -29.479073334929147
correctionProbability (#HAIRE$ -> #HAIRY$) = -13.600805830329346
correctionProbability (#УАФЕ$ -> #КАФЕ$) = -7.479535981262426
correctionProbability (#ЭРТИКА$ -> #ЭРОТИКА$) = -8.546941860575643
correctionProbability (#ПРЕДНЕЗОЛОН$ -> #ПРЕДНИЗОЛОН$) = -19.876250716843856
correctionProbability (#ДИСКРЕМИНАНТ$ -> #ДИСКРИМИНАНТ$) = -23.727418990577114
correctionProbability (#СВИНКСА$ -> #СФИНКСА$) = -18.354466356997243
correctionProbability (#ЛВИВ$ -> #ЛЬВІВ$) = -76.70822451822275
correctionProbability (#ВЫИГРАШ$ -> #ВЫИГРЫШ$) = -17.330534298259494
correctionProbability (#СОРЕВНАВАНИЯ$ -> #СОРЕВНОВАНИЯ$) = -19.064461720615462
correctionProbability (#ЕМИН$ -> #ЭМИН$) = -13.22310453149758
correctionProbability (#СПМАЯ$ -> #САМАЯ$) = -8.977083983851426
correctionProbability (#RADIATI$ -> #RADIATION$) = -89.75745945602095
correctionProbability (#ВЕЛИКОБРИТАННИ$ -> #ВЕЛИКОБРИТАНИИ$) = -21.217802561131563
correctionProbability (#ХЕНЩИНЫ$ -> #ЖЕНЩИНЫ$) = -8.310315135523616
correctionProbability (#ESY$ -> #EASY$) = -12.872806689637148
correctionProbability (#ДИВОТРЫХ$ -> #ЖИВОТНЫХ$) = -74.29205014912989
correctionProbability (#ВСИХ$ -> #ВСЕХ$) = -7.480392632231418
correctionProbability (#ЬMAIL$ -> #MAIL$) = -9.276274913567317
correctionProbability (#ПАПАРАТНИК$ -> #ПАПОРОТНИК$) = -82.74605556183914
correctionProbability (#LOGI$ -> #LOGIN$) = -11.908628590595573
correctionProbability (#BELLOW$ -> #BELOW$) = -19.22029111428189
correctionProbability (#ТУАПС$ -> #ТУАПСЕ$) = -13.878160207082441
correctionProbability (#СЫЕ$ -> #СЫН$) = -7.4694181926429515
correctionProbability (#РЕНГТОНЫ$ -> #РИНГТОНЫ$) = -14.81598626893551
correctionProbability (#МЕРСЕДАС$ -> #МЕРСЕДЕС$) = -10.827858015281059
correctionProbability (#КЛААСС$ -> #КЛАСС$) = -4.923248619905106
correctionProbability (#КПФЕ$ -> #КАФЕ$) = -7.493497449946997
correctionProbability (#СЫГ$ -> #СЫН$) = -7.469923425421655
correctionProbability (#CКАЧАТ$ -> #CКАЧАТЬ$) = -15.30642486303681
correctionProbability (#ПРГОЛА$ -> #ПОГОДА$) = -65.95875651765625
correctionProbability (#ЭСКЕЙПИС$ -> #ЭСКЕЙПИСТ$) = -24.111192075940835
correctionProbability (#ДІОР$ -> #ДИОР$) = -13.2132906067888
correctionProbability (#КРАСНУ$ -> #КРАСНУЮ$) = -14.686592894215458
correctionProbability (#ДРБРОЕ$ -> #ДОБРОЕ$) = -10.476942337611991
correctionProbability (#УМЕРАТЬ$ -> #УМИРАТЬ$) = -16.3759134284509
correctionProbability (#СЫНП$ -> #СЫНЫП$) = -9.436534480594414
correctionProbability (#ПУБК$ -> #ПУБГ$) = -12.023331392247282
correctionProbability (#ДЕПАТАМЕНТ$ -> #ДЕПАРТАМЕНТ$) = -16.897903393691116
correctionProbability (#МАЛИФИСЕТА$ -> #МАЛЕФИСЕНТА$) = -79.14793448489644
correctionProbability (#МАСЬТЕР$ -> #МАСТЕР$) = -10.521892973382524
correctionProbability (#ПАСТУШЪЕЙ$ -> #ПАСТУШЬЕЙ$) = -27.635762807111405
correctionProbability (#ZIZNI$ -> #ZHIZNI$) = -24.783324511018222
correctionProbability (#РАБОАТЕТ$ -> #РАБОТАЕТ$) = -79.06437794887961
correctionProbability (#ТОЛЬКЛ$ -> #ТОЛЬКО$) = -9.431078127906577
correctionProbability (#МЛОВО$ -> #СЛОВО$) = -7.676251433960328
correctionProbability (#ДНЕМТР$ -> #ДНЕСТР$) = -19.60437771395681
correctionProbability (#КАКТИНКИ$ -> #КАРТИНКИ$) = -4.720278507082943
correctionProbability (#БЕЛАЛОВ$ -> #БИЛАЛОВ$) = -19.689805366074978
correctionProbability (#ИОАНИАН$ -> #ИОНИАН$) = -34.46661804496037
correctionProbability (#ОБЬЯТИЙ$ -> #ОБЪЯТИЙ$) = -22.32721405693278
correctionProbability (#ТЕПЛОЕНЕРГО$ -> #ТЕПЛОЭНЕРГО$) = -23.208344498663422
correctionProbability (#ОДНОКЛАСНКИ$ -> #ОДНОКЛАССНИКИ$) = -77.08744743107553
correctionProbability (#БЕШАНЫЕ$ -> #БЕШЕНЫЕ$) = -17.194654284168948
correctionProbability (#АРИМИИ$ -> #АРМИИ$) = -13.478931426756017
correctionProbability (#БРОШУРА$ -> #БРОШЮРА$) = -18.151518600459937
correctionProbability (#ВЕЛИГАММА$ -> #ВЕЛИГАМА$) = -30.043107199845146
correctionProbability (#РВБОТАЮТ$ -> #РАБОТАЮТ$) = -14.931166160878782
correctionProbability (#ЕМИА$ -> #ЕМИАС$) = -12.112840938362577
correctionProbability (#ГЛАВПОЧТАМПА$ -> #ГЛАВПОЧТАМТА$) = -28.688399828401025
correctionProbability (#АРГЕНТИКОМ$ -> #АРГЕНТИНСКОМ$) = -97.3377636016902
correctionProbability (#ЗАСТОИ$ -> #ЗАСТОЙ$) = -17.135775289765636
correctionProbability (#АВАТАРИЙ$ -> #АВАТАРИИ$) = -16.088927004074066
correctionProbability (#МЖНО$ -> #МОЖНО$) = -5.070156141466811
correctionProbability (#ДАЛЬНОБОЩИКОВ$ -> #ДАЛЬНОБОЙЩИКОВ$) = -24.78943020217146
correctionProbability (#ЗЕНТАЙ$ -> #ХЕНТАЙ$) = -8.550040583204993
correctionProbability (#УУЗОВ$ -> #КУЗОВ$) = -11.888110116785018
correctionProbability (#ОТЛЕЧАЕТСЯ$ -> #ОТЛИЧАЕТСЯ$) = -15.375781812521062
correctionProbability (#УМНИЙ$ -> #УМНЫЙ$) = -12.376900330906576
correctionProbability (#UNIIZOO$ -> #UNIZOO$) = -25.632991619468157
correctionProbability (#БОЛЛЕРА$ -> #БОЙЛЕРА$) = -17.811333858856166
correctionProbability (#ШИНОМАНТАЖ$ -> #ШИНОМОНТАЖ$) = -14.811367071169109
correctionProbability (#СЕРНИАЛ$ -> #СЕРИАЛ$) = -6.538936114382647
correctionProbability (#МКЛЬТФИЛЬМ$ -> #МУЛЬТФИЛЬМ$) = -9.112946309929804
correctionProbability (#YUMMIANIME$ -> #YUMMYANIME$) = -21.171795794396772
correctionProbability (#НЕННИ$ -> #НЭННИ$) = -17.548141348600613
correctionProbability (#ТОЛЬКА$ -> #ТОЛЬКО$) = -9.324185132903775
correctionProbability (#КАШКИ$ -> #КОШКИ$) = -8.940275200657258
correctionProbability (#БРОНИНА$ -> #БОРОНИНА$) = -20.3289046499971
correctionProbability (#ВСЕДА$ -> #ВСЕГДА$) = -11.770124497254873
correctionProbability (#Ш8ПАЛЕРЫ$ -> #ШПАЛЕРЫ$) = -23.10244413664121
correctionProbability (#ПУГАЧОВОЙ$ -> #ПУГАЧЕВОЙ$) = -16.747197417285427
correctionProbability (#МОАКВА$ -> #МОСКВА$) = -4.132365689032515
correctionProbability (#КАЧЕТСВЕ$ -> #КАЧЕСТВЕ$) = -73.9455314176379
correctionProbability (#СТМВОЛ$ -> #СИМВОЛ$) = -11.011735204955098
correctionProbability (#ПАМОШНИК$ -> #ПОМОЩНИК$) = -78.66115849557481
correctionProbability (#НЕДВИЖИМРСТЬ$ -> #НЕДВИЖИМОСТЬ$) = -13.277431047880391
correctionProbability (#БУБУШКА$ -> #БАБУШКА$) = -11.202772429844913
correctionProbability (#АЙЧ$ -> #ЭЙЧ$) = -15.08222146643249
correctionProbability (#КАЧЕТСВА$ -> #КАЧЕСТВА$) = -80.34861922976214
correctionProbability (#ЧЕРНОБОЛЬ$ -> #ЧЕРНОБЫЛЬ$) = -12.048828677260417
correctionProbability (#САБАЧИЙ$ -> #СОБАЧИЙ$) = -15.610693476375701
correctionProbability (#MONKY$ -> #MONKEY$) = -14.0138493438406
correctionProbability (#TRECK$ -> #TRACK$) = -14.670429808272335
correctionProbability (#ЧЕРНОБОЛЯ$ -> #ЧЕРНОБЫЛЯ$) = -16.36469325880197
correctionProbability (#МОСКЫЫ$ -> #МОСКВЫ$) = -6.502037220953969
correctionProbability (#КОЗИМОЙ$ -> #ОЗИМОЙ$) = -22.132029645320273
correctionProbability (#ПУССКОМУ$ -> #РУССКОМУ$) = -9.414739667896576
correctionProbability (#ЛЕСБТ$ -> #ЛЕСБИ$) = -9.706080119314077
correctionProbability (#CRAIGLIST$ -> #CRAIGSLIST$) = -22.9609261402263
correctionProbability (#SHEIDERS$ -> #SHADERS$) = -88.03631958486967
correctionProbability (#ОКТЯБОРЬСКОГО$ -> #ОКТЯБРЬСКОГО$) = -23.167085799479658
correctionProbability (#СВОЕВО$ -> #СВОЕГО$) = -11.999826468677181
correctionProbability (#ОДИНОЧЕСВТО$ -> #ОДИНОЧЕСТВО$) = -86.6216753602233
correctionProbability (#НОВЖОБ$ -> #НОВДЖОБ$) = -17.274773016990935
correctionProbability (#КУРГАНИГСКЕ$ -> #КУРГАНИНСКЕ$) = -22.5625138368747
correctionProbability (#TRASLET$ -> #TRANSLATE$) = -143.9974745851849
correctionProbability (#KASPERSKI$ -> #KASPERSKY$) = -15.594076515130467
correctionProbability (#СВТЛАНА$ -> #СВЕТЛАНА$) = -11.8654915206832
correctionProbability (#ВОБЛІР$ -> #ВОБЛЕР$) = -14.626924799202758
correctionProbability (#ПОЛИМАТОРНЫЕ$ -> #КОЛЛИМАТОРНЫЕ$) = -95.1188147487277
correctionProbability (#ПРАВДАРУБ$ -> #ПРАВДОРУБ$) = -21.552858509350436
correctionProbability (#АНИХИТО$ -> #АКИХИТО$) = -24.845349505960755
correctionProbability (#АЙП$ -> #АЙПИ$) = -13.090167445273618
correctionProbability (#САНСУНГ$ -> #САМСУНГ$) = -9.458178213625231
correctionProbability (#TURKULI$ -> #TURQULI$) = -18.85529634976902
correctionProbability (#САМОУБІЙЦ$ -> #САМОУБИЙЦ$) = -15.048210072757875
correctionProbability (#АВТОДРО$ -> #АВТОДРОМ$) = -16.438728611782544
correctionProbability (#WHU$ -> #WHY$) = -10.224462564878802
correctionProbability (#АПЛИКАЦИЯ$ -> #АППЛИКАЦИЯ$) = -14.550283911851501
correctionProbability (#ПОДЖЕРО$ -> #ПАДЖЕРО$) = -13.801821867444573
correctionProbability (#ДАМАДЕДОВА$ -> #ДОМОДЕДОВО$) = -143.9507833737002
correctionProbability (#ПРОМОКОЛ$ -> #ПРОМОКОД$) = -12.455583595409067
correctionProbability (#ДОГЛАД$ -> #ДОКЛАД$) = -10.59677599719048
correctionProbability (#ПАНЦЫРЬ$ -> #ПАНЦИРЬ$) = -19.580122192226376
correctionProbability (#АПЛИКАЦИИ$ -> #АППЛИКАЦИИ$) = -16.223214611633225
correctionProbability (#ТОДЕ$ -> #ТОЖЕ$) = -10.945076480445682
correctionProbability (#XOSTEL$ -> #HOSTEL$) = -18.673129154077532
correctionProbability (#ФЛЕГГИНСЫ$ -> #ЛЕГГИНСЫ$) = -21.58181467165749
correctionProbability (#PORNTEX$ -> #PORNTREX$) = -22.91482746957478
correctionProbability (#АЙЙ$ -> #АЙ$) = -12.427858789753703
correctionProbability (#WGY$ -> #WHY$) = -10.226359669300574
correctionProbability (#НАХРДИТСЯ$ -> #НАХОДИТСЯ$) = -12.10654754856342
correctionProbability (#ВОЛОДЫМЫРА$ -> #ВОЛОДИМИРА$) = -88.24661880463208
correctionProbability (#ХУНЧУНЬ$ -> #ХУНЬЧУНЬ$) = -21.908428182498533
correctionProbability (#ВРЕМЕНГАЯ$ -> #ВРЕМЕННАЯ$) = -18.154518086839268
correctionProbability (#ПОДЖЕРА$ -> #ПАДЖЕРО$) = -78.49467677264
correctionProbability (#СКВАРЕЦ$ -> #СКВОРЕЦ$) = -18.716524637612267
correctionProbability (#ХАБАРОВСЕ$ -> #ХАБАРОВСК$) = -11.60796408177898
correctionProbability (#КЛАТВА$ -> #КЛЯТВА$) = -11.222095466870773
correctionProbability (#МУЛЬФИЛЬМОВ$ -> #МУЛЬТФИЛЬМОВ$) = -18.781103611981486
correctionProbability (#ЗАПОЛНИТ$ -> #ЗАПОЛНИТЬ$) = -15.132153717335733
correctionProbability (#ТУШОНКУ$ -> #ТУШЕНКУ$) = -18.809293259623686
correctionProbability (#ОБАСТИ$ -> #ОБЛАСТИ$) = -6.670882477717214
correctionProbability (#ФИЛЛЬМ$ -> #ФИЛЬМ$) = -3.6451412925259277
correctionProbability (#ЮЛТЯ$ -> #ЮЛИЯ$) = -8.133026360194531
correctionProbability (#ЛАЛИТА$ -> #ЛОЛИТА$) = -12.546808664379395
correctionProbability (#АЗЕРБАЙЖАНЕ$ -> #АЗЕРБАЙДЖАНЕ$) = -22.545513427329112
correctionProbability (#ТОГЭ$ -> #ОГЭ$) = -9.837532453307468
correctionProbability (#ПРИЧАСНЫЙ$ -> #ПРИЧАСТНЫЙ$) = -21.680078615497102
correctionProbability (#СИННОПТИК$ -> #СИНОПТИК$) = -13.665550782085717
correctionProbability (#АЙА$ -> #АЙЯ$) = -14.217966666852629
correctionProbability (#ЭВЕНС$ -> #ЭВАНС$) = -14.928258628668676
correctionProbability (#КУРЕЦ$ -> #КУРИЦ$) = -16.952838503220985
correctionProbability (#РПЕРЕВОДЧИК$ -> #ПЕРЕВОДЧИК$) = -11.157963977494894
correctionProbability (#ПОДШИБИК$ -> #ПОДШИПНИК$) = -77.62512895114682
correctionProbability (#UTORENT$ -> #UTORRENT$) = -16.960585562295314
correctionProbability (#ПЕРЕДИТЕ$ -> #ПЕРЕЙДИТЕ$) = -24.09996032925826
correctionProbability (#ТОНЗИЛИТ$ -> #ТОНЗИЛЛИТ$) = -20.304009563923366
correctionProbability (#РЕЦС$ -> #РЕЙС$) = -8.938759035919634
correctionProbability (#ТРЕУГОЛНИК$ -> #ТРЕУГОЛЬНИК$) = -18.06348489514461
correctionProbability (#ЩАСТТЯ$ -> #ЩАСТЯ$) = -18.136539606463824
correctionProbability (#LOLOOO$ -> #LOLOO$) = -19.620318242169365
correctionProbability (#ЛЕСЕНИЯ$ -> #ЛЕЧЕНИЯ$) = -12.025966220721237
correctionProbability (#ПОСМОТРИТЬ$ -> #ПОСМОТРЕТЬ$) = -11.641052673744866
correctionProbability (#ЭКСПЛОР$ -> #ЭКСПЛОРЕР$) = -83.31915268258174
correctionProbability (#ОВОШАМИ$ -> #ОВОЩАМИ$) = -14.058297303248587
correctionProbability (#ЕДИТОР$ -> #ЭДИТОР$) = -19.271134739216432
correctionProbability (#АКЮ$ -> #АЙКЬЮ$) = -82.19584406030414
correctionProbability (#КУНЕДЛИК$ -> #КҮНДЕЛІК$) = -206.7168770237398
correctionProbability (#GRUEL$ -> #CRUEL$) = -20.256765811631798
correctionProbability (#ПРЕВЕЛЁН$ -> #ПРИВЕДЁН$) = -87.45585509144348
correctionProbability (#ГЕЛЕКСИ$ -> #ГАЛАКСИ$) = -77.85548856941435
correctionProbability (#ДЕАОЧЕК$ -> #ДЕВОЧЕК$) = -7.662972978970366
correctionProbability (#ЗЛОТО$ -> #ЗОЛОТО$) = -11.236888706289168
correctionProbability (#SKACHST$ -> #SKACHAT$) = -11.647199473263612
correctionProbability (#ОЕСТОРАНЫ$ -> #РЕСТОРАНЫ$) = -14.461446815992062
correctionProbability (#БЕСМПЛАТНО$ -> #БЕСПЛАТНО$) = -7.242278475456075
correctionProbability (#ОЗАБОЧЕНЫЕ$ -> #ОЗАБОЧЕННЫЕ$) = -24.331601567665672
correctionProbability (#БНДИ$ -> #БЕНДИ$) = -13.359403048282285
correctionProbability (#ТРЕСЫ$ -> #ТРЕССЫ$) = -22.086952735225793
correctionProbability (#ПБРЕ$ -> #ПЮРЕ$) = -11.646863890153792
correctionProbability (#КВАПТИРЫ$ -> #КВАРТИРЫ$) = -9.103834763163512
correctionProbability (#HEADHANTER$ -> #HEADHUNTER$) = -21.18100807406882
correctionProbability (#ЦЕНЗУРИ$ -> #ЦЕНЗУРЫ$) = -12.457436879742055
correctionProbability (#НУРАЛИЙЕВ$ -> #НУРАЛИЕВ$) = -28.01712683742271
correctionProbability (#ЭКСТРИМАЛЬНОГО$ -> #ЭКСТРЕМАЛЬНОГО$) = -29.263079965310283
correctionProbability (#БЛЭНДЭР$ -> #БЛЕНДЕР$) = -80.2215841490453
correctionProbability (#ВЫЗДОРАВЛЕНИЕ$ -> #ВЫЗДОРОВЛЕНИЕ$) = -26.48390993325468
correctionProbability (#СРЕЛАМИ$ -> #СТРЕЛАМИ$) = -23.555210937787038
correctionProbability (#ОДНОКЛАСНИИ$ -> #ОДНОКЛАССНИКИ$) = -77.08645500880452
correctionProbability (#ГИДРОМИЦЕНТР$ -> #ГИДРОМЕТЦЕНТР$) = -85.61273607789569
correctionProbability (#ЛЕРМОТОВО$ -> #ЛЕРМОНТОВО$) = -22.6311465834876
correctionProbability (#ТОПОВАН$ -> #ТОПОВАЯ$) = -20.510868551004833
correctionProbability (#ТОМОГАВК$ -> #ТОМАГАВК$) = -18.736182095059647
correctionProbability (#LVESCORE$ -> #LIVESCORE$) = -15.092377886347144
correctionProbability (#КОНТРОЛБНАЯ$ -> #КОНТРОЛЬНАЯ$) = -15.351164667756493
correctionProbability (#НИСКИМ$ -> #НИЗКИМ$) = -14.657882788309568
correctionProbability (#ГОСТЛОТО$ -> #ГОСЛОТО$) = -14.87198278398796
correctionProbability (#ДРОКБОКС$ -> #ДРОПБОКС$) = -20.89177401483967
correctionProbability (#БЕЛАРУСКОГО$ -> #БЕЛОРУССКОГО$) = -85.4270998511567
correctionProbability (#БЕСПРИДАНИЦА$ -> #БЕСПРИДАННИЦА$) = -24.674137605399075
correctionProbability (#REGAN$ -> #REAGAN$) = -21.20183891292049
correctionProbability (#ОДНОКЛАСНИК$ -> #ОДНОКЛАССНИКИ$) = -77.08307079977122
correctionProbability (#ФЕМЕНИСТКИ$ -> #ФЕМИНИСТКИ$) = -24.644360277849714
correctionProbability (#ПОДСТВЕТКОЙ$ -> #ПОДСВЕТКОЙ$) = -19.586424147954588
correctionProbability (#КВАПТИРУ$ -> #КВАРТИРУ$) = -8.764893952326695
correctionProbability (#КАКУЛЯТОР$ -> #КАЛЬКУЛЯТОР$) = -78.03455710278877
correctionProbability (#ГЕРПИС$ -> #ГЕРПЕС$) = -13.90931289667272
correctionProbability (#ЭТВЕЛ$ -> #ЭТВЕЛЛ$) = -21.105927937796157
correctionProbability (#СМОТПРЕТЬ$ -> #СМОТРЕТЬ$) = -4.901508618598681
correctionProbability (#ЖОСТКАЯ$ -> #ЖЕСТКАЯ$) = -17.17330670676632
correctionProbability (#САБАЧКА$ -> #СОБАЧКА$) = -15.030639865689025
correctionProbability (#ALIXPRESS$ -> #ALIEXPRESS$) = -15.148762164425051
correctionProbability (#ДОЖНА$ -> #ДОЛЖНА$) = -13.035885159480028
correctionProbability (#МИМИКИНД$ -> #МИМИКИ$) = -90.09516255770289
correctionProbability (#ЗНАХОДИТСЯ$ -> #ЗНАХОДИТЬСЯ$) = -23.97610183477233
correctionProbability (#МУММИ$ -> #МУМИ$) = -20.37689051637963
correctionProbability (#ПРИЗИДЕНТОВ$ -> #ПРЕЗИДЕНТОВ$) = -24.00268144678276
correctionProbability (#МОБИЛТНАЯ$ -> #МОБИЛЬНАЯ$) = -14.904688137392185
correctionProbability (#КАРИСА$ -> #КАРИЕСА$) = -17.132428429675954
correctionProbability (#УЕЛОТРЕНАЖЕР$ -> #ВЕЛОТРЕНАЖЕР$) = -21.836356830784943
correctionProbability (#ПАТРУЛБ$ -> #ПАТРУЛЬ$) = -8.411881331835389
correctionProbability (#ДЕРЕВЬЯННЫЕ$ -> #ДЕРЕВЯННЫЕ$) = -16.955811964552268
correctionProbability (#SANSUNG$ -> #SAMSUNG$) = -9.909364646086615
correctionProbability (#НИСКИЕ$ -> #НИЗКИЕ$) = -15.362990428989843
correctionProbability (#ФАРСУНОК$ -> #ФОРСУНОК$) = -14.582026202766798
correctionProbability (#СОЕРЖАНИЕ$ -> #СОДЕРЖАНИЕ$) = -13.998059350585763
correctionProbability (#ПАСОРТ$ -> #ПАСПОРТ$) = -12.20133623678587
correctionProbability (#EMASHINES$ -> #EMACHINES$) = -21.41882716307712
correctionProbability (#САМАНИ$ -> #СОМОНИ$) = -80.65741079353506
correctionProbability (#СУБТИЬРАМИ$ -> #СУБТИТРАМИ$) = -15.717282624706506
correctionProbability (#КАЛЕНИНГРАД$ -> #КАЛИНИНГРАД$) = -13.231097576324359
correctionProbability (#ДНЕМРЕ$ -> #ДНЕПРЕ$) = -14.316263060426873
correctionProbability (#ПУГБ$ -> #ПУБГ$) = -79.9232381261543
correctionProbability (#КАКТСЫ$ -> #КАКТУСЫ$) = -17.393206675982896
correctionProbability (#ПРОФЕЛЬНЫЙ$ -> #ПРОФИЛЬНЫЙ$) = -19.530404305512057
correctionProbability (#МОТОЦИКЛІ$ -> #МОТОЦИКЛЫ$) = -16.110260548410814
correctionProbability (#АNIQ$ -> #ANIQ$) = -20.92816967422728
correctionProbability (#WIH$ -> #WITH$) = -7.89925926368667
correctionProbability (#ДОССАФ$ -> #ДОСААФ$) = -16.30515917613457
correctionProbability (#ОЕСТОРАНА$ -> #РЕСТОРАНА$) = -16.20752823058225
correctionProbability (#МИТИЩИ$ -> #МЫТИЩИ$) = -12.215605366040062
correctionProbability (#ХАЛЯЛ$ -> #ХАЛЯЛЬ$) = -19.342764515950197
correctionProbability (#КОНЕНЬ$ -> #КОРЕНЬ$) = -11.61897861278587
correctionProbability (#ВСЕК$ -> #ВСЕ$) = -3.6459679113397634
correctionProbability (#РЕСА$ -> #РЕЙСА$) = -16.376035535980687
correctionProbability (#КНИНА$ -> #КНИГА$) = -7.277675955737923
correctionProbability (#ЗОРОВЬЯ$ -> #ЗДОРОВЬЯ$) = -12.177019928325628
correctionProbability (#КУХОНУЮ$ -> #КУХОННУЮ$) = -19.567919240269667
correctionProbability (#КОРДИОЛОГИЯ$ -> #КАРДИОЛОГИЯ$) = -22.382272342817238
correctionProbability (#ПРИСТОРЕЛЫХ$ -> #ПРЕСТАРЕЛЫХ$) = -83.24833085586776
correctionProbability (#ДЖИЛЛИ$ -> #ДЖИЛИ$) = -15.840979531116435
correctionProbability (#ЗОЕЛЫЗ$ -> #ЗРЕЛЫХ$) = -75.99377717644627
correctionProbability (#УКРАИНСЬКОГО$ -> #УКРАЇНСЬКОГО$) = -23.1651408214258
correctionProbability (#ФАНТАСТІКА$ -> #ФАНТАСТИКА$) = -13.500518791941978
correctionProbability (#ВАИЛБЕРИС$ -> #ВАЛБЕРИС$) = -14.944136550263806
correctionProbability (#ЄЛИЗАВЕТА$ -> #ЕЛИЗАВЕТА$) = -15.25116943340263
correctionProbability (#ЭФЕКТИВНОЕ$ -> #ЭФФЕКТИВНОЕ$) = -19.94502886889895
correctionProbability (#ЗОЕЛЫЕ$ -> #ЗРЕЛЫЕ$) = -10.129562936709195
correctionProbability (#ФЕЙСУК$ -> #ФЕЙСБУК$) = -7.633976430370673
correctionProbability (#ХЕТЧБЕК$ -> #ХЭТЧБЕК$) = -15.544865653773378
correctionProbability (#ДОЛЛОРЫ$ -> #ДОЛЛАРЫ$) = -14.16570714035759
correctionProbability (#НОВЛСТИ$ -> #НОВОСТИ$) = -4.288773947913354
correctionProbability (#ТРАКТОРРА$ -> #ТРАКТОРА$) = -15.706926245036861
correctionProbability (#ОСТЫРЕ$ -> #ОСТРЫЕ$) = -77.7374154147508
correctionProbability (#СТАРШЕКЛАСНИКИ$ -> #СТАРШЕКЛАССНИКИ$) = -26.989151165347025
correctionProbability (#КОКТЕЛЯ$ -> #КОКТЕЙЛЯ$) = -20.831733847433703
correctionProbability (#TREIL$ -> #TRAIL$) = -15.59100160754993
correctionProbability (#ЗАВОДСЬКИ$ -> #ЗАВОДСЬКІ$) = -34.838258353027065
correctionProbability (#ВСЕГ$ -> #ВСЕГО$) = -10.973180160712726
correctionProbability (#ТРЕВИАДОР$ -> #ТРИВИАДОР$) = -21.016526644422946
correctionProbability (#WJW$ -> #WOW$) = -11.309358867014364
correctionProbability (#ПЕДАГОГТІҢ$ -> #ПЕДАГОГТЫҢ$) = -23.809253092046866
correctionProbability (#ЭРОТИУА$ -> #ЭРОТИКА$) = -7.968638352368245
correctionProbability (#ЗАХАРАНЕНИЮ$ -> #ЗАХОРОНЕНИЮ$) = -93.50758971730093
correctionProbability (#ВСЕЕ$ -> #ВСЕ$) = -3.6388514988011202
correctionProbability (#КАЛЕСО$ -> #КОЛЕСО$) = -10.892481591930082
correctionProbability (#СТАТУЕТКА$ -> #СТАТУЭТКА$) = -16.954144948236966
correctionProbability (#СЮЗ$ -> #СОЮЗ$) = -10.538672730082514
correctionProbability (#МАТПОМОЩ$ -> #МАТПОМОЩЬ$) = -35.343756204428736
correctionProbability (#БЕСПЛОТНА$ -> #БЕСПЛАТНО$) = -69.39084072212661
correctionProbability (#ПРОГРАМИРОВАНИИ$ -> #ПРОГРАММИРОВАНИИ$) = -31.413272192921134
correctionProbability (#ВСЕИ$ -> #ВСЕ$) = -3.6345764130536686
correctionProbability (#КОКТЕЛЬ$ -> #КОКТЕЙЛЬ$) = -16.354182883056573
correctionProbability (#УМЕРАЮТ$ -> #УМИРАЮТ$) = -16.588771742938448
correctionProbability (#ШВИДКОСТИ$ -> #ШВИДКОСТІ$) = -22.659902764289306
correctionProbability (#EXPIRIENS$ -> #EXPERIENCE$) = -149.26329479902438
correctionProbability (#ДОМОЛЕДОВО$ -> #ДОМОДЕДОВО$) = -14.609730196287693
correctionProbability (#ПРОГРАМИРОВАНИЯ$ -> #ПРОГРАММИРОВАНИЯ$) = -25.57339236435419
correctionProbability (#ХРОННИКИ$ -> #ХРОНИКИ$) = -14.238758513325386
correctionProbability (#ЖЕВОТНЫМИ$ -> #ЖИВОТНЫМИ$) = -14.186554470860294
correctionProbability (#КЛААА$ -> #КЛАСС$) = -67.21528177248099
correctionProbability (#НОМEР$ -> #НОМЕР$) = -6.344748886821144
correctionProbability (#КОКТЕЛИ$ -> #КОКТЕЙЛИ$) = -18.454656821983036
correctionProbability (#БЕСЩЕЛЕВАЯ$ -> #БЕССОЛЕВАЯ$) = -91.51092741183956
correctionProbability (#ПРОГРАМИРОВАНИЮ$ -> #ПРОГРАММИРОВАНИЮ$) = -28.821111752391353
correctionProbability (#ВИНОГРАЛ$ -> #ВИНОГРАД$) = -12.736944461429893
correctionProbability (#ПРИСЛАНЫЕ$ -> #ПРИСЛАННЫЕ$) = -25.96849688000283
correctionProbability (#КИЕАЕ$ -> #КИЕВЕ$) = -10.841444948573557
correctionProbability (#СЕЗОЛН$ -> #СЕЗОН$) = -4.694174000730069
correctionProbability (#ХОДОДНЫЕ$ -> #ХОЛОДНЫЕ$) = -11.75893592345298
correctionProbability (#ГРАЖДАНСЕИЙ$ -> #ГРАЖДАНСКИЙ$) = -18.80041970776989
correctionProbability (#ЛАИВСКОРЕ$ -> #ЛАЙВСКОРЕ$) = -23.451040592664498
correctionProbability (#ДЕМАТИВАТОР$ -> #ДЕМОТИВАТОР$) = -22.801068619466605
correctionProbability (#ВИНОГРАТ$ -> #ВИНОГРАД$) = -12.740288525242711
correctionProbability (#KIKAKU$ -> #KEIKAKU$) = -33.71663775113124
correctionProbability (#КОТРРЫЕ$ -> #КОТОРЫЕ$) = -9.41581198895696
correctionProbability (#АМЕГА$ -> #ОМЕГА$) = -11.223590468740202
correctionProbability (#КВАДРОЦЫКЛОВ$ -> #КВАДРОЦИКЛОВ$) = -21.775058283432948
correctionProbability (#ХАМЕР$ -> #ХАММЕР$) = -16.0856973671242
correctionProbability (#СЛЕШАТЬ$ -> #СЛУШАТЬ$) = -5.127483289555821
correctionProbability (#СОННТК$ -> #СОННИК$) = -9.508686052646897
correctionProbability (#ЭНГРИБЁР$ -> #ЭНГРИБЁРЦ$) = -23.20805106102805
correctionProbability (#ОНГЛИЙСКОМ$ -> #АНГЛИЙСКОМ$) = -11.929592854125112
correctionProbability (#ИЗНАТЬ$ -> #УЗНАТЬ$) = -8.656833855573932
correctionProbability (#ФОТОСЬЕМКИ$ -> #ФОТОСЪЕМКИ$) = -23.430022001528933
correctionProbability (#ПЛОДОПИТОМНКИ$ -> #ПЛОДОПИТОМНИКИ$) = -30.87763205604911
correctionProbability (#АГЛИЙСКОМ$ -> #АНГЛИЙСКОМ$) = -12.501852642842863
correctionProbability (#БЕСПЛОТНО$ -> #БЕСПЛАТНО$) = -4.692183820701873
correctionProbability (#ПОДАРАК$ -> #ПОДАРОК$) = -10.428530152755911
correctionProbability (#ПОДГОТОКА$ -> #ПОДГОТОВКА$) = -15.000593231642256
correctionProbability (#МОЛИТВП$ -> #МОЛИТВА$) = -11.2695908468108
correctionProbability (#PREVOD$ -> #PEREVOD$) = -19.620002197950377
correctionProbability (#СИТИКАРТ$ -> #СИТИКАРД$) = -23.386847980168767
correctionProbability (#PRIMARI$ -> #PRIMARY$) = -18.859406090768097
correctionProbability (#ВМАГАЗИН$ -> #МАГАЗИН$) = -7.576390796351227
correctionProbability (#ФУНЧЕЗЫ$ -> #ФУНЧОЗЫ$) = -20.645414677627194
correctionProbability (#КАЛЕСА$ -> #КОЛЕСА$) = -8.86572559371719
correctionProbability (#ТАРМАЗОВ$ -> #ТОРМОЗОВ$) = -80.78650093909715
correctionProbability (#НРЯБРЯ$ -> #НОЯБРЯ$) = -9.50463495723611
correctionProbability (#SKACAT$ -> #SKACHAT$) = -12.228652666976899
correctionProbability (#ППОТИВ$ -> #ПРОТИВ$) = -7.925968661611744
correctionProbability (#СОВИГРИП$ -> #СОВИГРИПП$) = -21.922262127550006
correctionProbability (#АНГ$ -> #АНГЛ$) = -11.413204686494748
correctionProbability (#ЮГРЮЛ$ -> #ЕГРЮЛ$) = -10.584295978032092
correctionProbability (#СЕИТСЯ$ -> #СНИТСЯ$) = -10.527609789351818
correctionProbability (#ЭЛИКС$ -> #ЭЛЕКС$) = -18.260631839836112
correctionProbability (#MATHEW$ -> #MATTHEW$) = -17.63420662293983
correctionProbability (#МОЛИТВИ$ -> #МОЛИТВЫ$) = -12.708895424262131
correctionProbability (#ЮРГОТЕН$ -> #ЮРГОРДЕН$) = -92.94493565901635
correctionProbability (#ЛЕСАТ$ -> #ЛЕЧАТ$) = -14.28356185231792
correctionProbability (#ДРООМ$ -> #ДРОМ$) = -8.337001920448234
correctionProbability (#ПОТЕРЯНОГО$ -> #ПОТЕРЯННОГО$) = -25.423314670786972
correctionProbability (#ХЛЧЕТ$ -> #ХОЧЕТ$) = -10.517434422832071
correctionProbability (#ALEXSANDER$ -> #ALEXANDER$) = -21.933075010616164
correctionProbability (#ЖОСТКИЕ$ -> #ЖЕСТКИЕ$) = -16.143167860458234
correctionProbability (#ЕКТОРА$ -> #ВЕКТОРА$) = -16.923041934006555
correctionProbability (#НРЯБРЬ$ -> #НОЯБРЬ$) = -9.528477793575721
correctionProbability (#ВЕЛИИЙ$ -> #ВЕЛИКИЙ$) = -11.294403620557972
correctionProbability (#ОСТРАВА$ -> #ОСТРОВА$) = -12.212310846214606
correctionProbability (#ОДЕЖЛА$ -> #ОДЕЖДА$) = -7.568774598793144
correctionProbability (#ЛАНУС$ -> #ЛАНОС$) = -13.232829530594945
correctionProbability (#ПОДКАРМЛЕВАТЬ$ -> #ПОДКАРМЛИВАТЬ$) = -26.05186981422746
correctionProbability (#УПРАВЛНИЕ$ -> #УПРАВЛЕНИЕ$) = -13.616557973154663
correctionProbability (#ЕКСКУРСИИ$ -> #ЭКСКУРСИИ$) = -13.370111078342426
correctionProbability (#КИЄВСЬКА$ -> #КИЇВСЬКА$) = -20.001753694564535
correctionProbability (#ЛЕГКАЙ$ -> #ЛЕГКОЙ$) = -13.90834386884664
correctionProbability (#ИНТЕЛЕКТУАЛЬНАЯ$ -> #ИНТЕЛЛЕКТУАЛЬНАЯ$) = -26.71109345839222
correctionProbability (#ИРККТСК$ -> #ИРКУТСК$) = -9.235771960495832
correctionProbability (#АМЕБИ$ -> #АМЕБЫ$) = -19.066213255451988
correctionProbability (#БАРСКОВ$ -> #БАРСУКОВ$) = -22.650136629436986
correctionProbability (#МАТЕРЬЯЛЫ$ -> #МАТЕРИАЛЫ$) = -78.17839208234044
correctionProbability (#МИЛИАРДА$ -> #МИЛЛИАРДА$) = -20.555956082785265
correctionProbability (#СЕНДВИЧ$ -> #СЭНДВИЧ$) = -13.462296622593023
correctionProbability (#УАТАНИЕ$ -> #КАТАНИЕ$) = -10.779191841464652
correctionProbability (#ДИПУТАТ$ -> #ДЕПУТАТ$) = -14.925385810028565
correctionProbability (#ИОРКЕ$ -> #ЙОРКЕ$) = -14.526922793062152
correctionProbability (#ОБАНЯНИЕ$ -> #ОБОНЯНИЕ$) = -20.615211615822425
correctionProbability (#ПАГОНАХ$ -> #ПОГОНАХ$) = -18.66117865310315
correctionProbability (#SKACAC$ -> #SKACHAT$) = -76.97420556295229
correctionProbability (#ГЛОНАС$ -> #ГЛОНАСС$) = -18.25764196701251
correctionProbability (#ПАРВИЛЬНО$ -> #ПРАВИЛЬНО$) = -77.43946382532616
correctionProbability (#AVTOPLUS$ -> #AUTOPLIUS$) = -85.68091558594917
correctionProbability (#БЕЛЛИСИМО$ -> #БЕЛИССИМО$) = -90.81066212653316
correctionProbability (#МАЙРАФТ$ -> #МАЙНКРАФТ$) = -73.82158846101036
correctionProbability (#ТРИМАЙДРИМ$ -> #ТРИПМАЙДРИМ$) = -26.441264727910273
correctionProbability (#FREDRIKSBERG$ -> #FREDERIKSBERG$) = -30.44354262514178
correctionProbability (#ФУРНЕТУРА$ -> #ФУРНИТУРА$) = -15.35624928641716
correctionProbability (#СКІН$ -> #СКИН$) = -9.949683156227106
correctionProbability (#НАЙЬИ$ -> #НАЙТИ$) = -6.92222319384047
correctionProbability (#ПЕЛТРОУ$ -> #ПЭЛТРОУ$) = -19.945117565840235
correctionProbability (#EMENEM$ -> #EMINEM$) = -16.35889411380695
correctionProbability (#ТАЦЛАНД$ -> #ТАЙЛАНД$) = -12.722162452871629
correctionProbability (#HAINZ$ -> #HEINZ$) = -20.736539407990012
correctionProbability (#ГЕПОКРАТ$ -> #ГИППОКРАТ$) = -84.39853545662852
correctionProbability (#ЛОВАШ$ -> #ЛАВАШ$) = -14.157836233071084
correctionProbability (#ПСКАЧАТЬ$ -> #СКАЧАТЬ$) = -5.02414736755947
correctionProbability (#PROGRES$ -> #PROGRESS$) = -21.113422701010258
correctionProbability (#ЧЕРРНЯХІВ$ -> #ЧЕРНЯХІВ$) = -36.443044970841235
correctionProbability (#ГРУЗАВИК$ -> #ГРУЗОВИК$) = -15.3258228325219
correctionProbability (#ГОРИЗАНТАЛЬНО$ -> #ГОРИЗОНТАЛЬНО$) = -23.925508529752577
correctionProbability (#ГИНСБУРГ$ -> #ГИНЗБУРГ$) = -21.084039287699568
correctionProbability (#ЛЕСБМ$ -> #ЛЕСБИ$) = -9.710183205980346
correctionProbability (#СТЮАРДЕСЫ$ -> #СТЮАРДЕССЫ$) = -20.468351894927714
correctionProbability (#ВРАУН$ -> #БРАУН$) = -13.064949495352575
correctionProbability (#КЛССС$ -> #КЛАСС$) = -2.47783972086215
correctionProbability (#ИГPА$ -> #ИГРА$) = -4.118445515920758
correctionProbability (#РОССЕЛЬХОСБАНК$ -> #РОССЕЛЬХОЗБАНК$) = -19.905822564187275
correctionProbability (#ПОРАЛИЗУЕТ$ -> #ПАРАЛИЗУЕТ$) = -29.032243165070128
correctionProbability (#АКПДЕМИЯ$ -> #АКАДЕМИЯ$) = -11.9511607059572
correctionProbability (#РЕМОНИ$ -> #РЕМОНТ$) = -5.059374411892211
correctionProbability (#АПЛИКАЦИЕЙ$ -> #АППЛИКАЦИЕЙ$) = -25.8768706941268
correctionProbability (#ВРЕМИНИ$ -> #ВРЕМЕНИ$) = -8.955984196302254
correctionProbability (#ОДЕЖЛЫ$ -> #ОДЕЖДЫ$) = -8.249015257727773
correctionProbability (#ТВІ$ -> #ТВІР$) = -13.634525262674945
correctionProbability (#МЕЖИК$ -> #МЭДЖИК$) = -78.83824118141061
correctionProbability (#ТААТРСКИЙ$ -> #ТАТАРСКИЙ$) = -84.78163447937017
correctionProbability (#АНГЛІЙСЬКОМ$ -> #АНГЛИЙСКОМ$) = -79.2026370402711
correctionProbability (#ЕЛЕКТРОНА$ -> #ЭЛЕКТРОННАЯ$) = -143.9913534543072
correctionProbability (#ДЕФТЕРІЯ$ -> #ДИФТЕРІЯ$) = -21.624577925134048
correctionProbability (#СЕЗОНГ$ -> #СЕЗОН$) = -4.721455774992709
correctionProbability (#DOCHOISINOCHKI$ -> #DOCHKISINOCHKI$) = -28.960514879571548
correctionProbability (#АККОРДІ$ -> #АККОРДЫ$) = -11.752891622234074
correctionProbability (#БЛИЗКИЗ$ -> #БЛИЗКИХ$) = -18.026327312137276
correctionProbability (#АЭРОФЛЛТ$ -> #АЭРОФЛОТ$) = -12.044458488591097
correctionProbability (#ЭКСТРОСЕНСА$ -> #ЭКСТРАСЕНСА$) = -24.251307149439825
correctionProbability (#ТАРГПУ$ -> #ТАРГУ$) = -20.62155809565662
correctionProbability (#ЗАПРВКИ$ -> #ЗАПРАВКИ$) = -17.17279312431073
correctionProbability (#ЖЕСКО$ -> #ЖЕСТКО$) = -14.532631947317473
correctionProbability (#ДИЗЕРТИР$ -> #ДЕЗЕРТИР$) = -22.50515739972382
correctionProbability (#SENCE$ -> #SENSE$) = -15.567271739543127
correctionProbability (#БЛАСТИ$ -> #ОБЛАСТИ$) = -6.699157978441534
correctionProbability (#ХУДОЖЕСТВЕНЫХ$ -> #ХУДОЖЕСТВЕННЫХ$) = -24.64473906926625
correctionProbability (#СТСЯСТЫХ$ -> #СИСЯСТЫХ$) = -20.198765883593282
correctionProbability (#ХАБАРОВМК$ -> #ХАБАРОВСК$) = -11.608195575822172
correctionProbability (#СМОТЕЕТЬ$ -> #СМОТРЕТЬ$) = -2.4035111723825917
correctionProbability (#НАДОГОВЫЙ$ -> #НАЛОГОВЫЙ$) = -14.988711747119012
correctionProbability (#САСАЛКИ$ -> #СОСАЛКИ$) = -21.994091526101663
correctionProbability (#СЕЗОНІ$ -> #СЕЗОНЫ$) = -8.919518959099147
correctionProbability (#ДЕЦКОЙ$ -> #ДЕТСКОЙ$) = -76.87735329457936
correctionProbability (#СПОСАБАМИ$ -> #СПОСОБАМИ$) = -18.088772993650096
correctionProbability (#ДІНО$ -> #ДИНО$) = -13.98250684774229
correctionProbability (#ОСТСТАЮСЬ$ -> #ОСТАЮСЬ$) = -89.01392055508583
correctionProbability (#ЖЕНЬШИН$ -> #ЖЕНЩИН$) = -74.44249128869653
correctionProbability (#ETERASHRJA$ -> #ETERASHRJAN$) = -23.974222824183116
correctionProbability (#БОГДАНОВЫЧ$ -> #БОГДАНОВИЧ$) = -19.41440666915704
correctionProbability (#ПРААИЛЬНО$ -> #ПРАВИЛЬНО$) = -9.59756669544334
correctionProbability (#ШЕШИНА$ -> #ШОШИНА$) = -22.26600643906862
correctionProbability (#ЖЕСКИ$ -> #ЖЕСТКИЙ$) = -78.7901189957129
correctionProbability (#ГОРАНТИИ$ -> #ГАРАНТИИ$) = -16.726695990333347
correctionProbability (#ВЛЕШКУ$ -> #ФЛЕШКУ$) = -12.655412015360444
correctionProbability (#ЕЛЕКТРОНІ$ -> #ЕЛЕКТРОННІ$) = -24.681125303010667
correctionProbability (#СЕЗОНН$ -> #СЕЗОН$) = -4.605444460413064
correctionProbability (#УПРАВЛНИЯ$ -> #УПРАВЛЕНИЯ$) = -13.956074881514631
correctionProbability (#НАПОДЕНИЕ$ -> #НАПАДЕНИЕ$) = -16.73051744419716
correctionProbability (#МАТОРЧИКА$ -> #МОТОРЧИКА$) = -20.538466283071877
correctionProbability (#ПОНЗДА$ -> #ПОЕЗДА$) = -10.246823898779798
correctionProbability (#БУЖЕТ$ -> #БУДЕТ$) = -7.746984135463631
correctionProbability (#ТСУРИНОВА$ -> #СУРИНОВА$) = -36.27491429999247
correctionProbability (#СПРПВКИ$ -> #СПРАВКИ$) = -13.03245876881573
correctionProbability (#КИЕВИ$ -> #КИЕВЕ$) = -10.81129485081468
correctionProbability (#РИВЬЕВА$ -> #РИВЬЕРА$) = -15.029426023862442
correctionProbability (#ОПЕРЕДЕЛЕНИЕ$ -> #ОПРЕДЕЛЕНИЕ$) = -17.86350309059445
correctionProbability (#АНГЛІЙСЬКОІ$ -> #АНГЛІЙСЬКОЇ$) = -20.992884223246463
correctionProbability (#ОНГЛАЙН$ -> #ОНЛАЙН$) = -3.1632823455423384
correctionProbability (#САМАРВ$ -> #САМАРА$) = -7.833865149385286
correctionProbability (#ЧЕЛЯЬИНСК$ -> #ЧЕЛЯБИНСК$) = -10.28753840542199
correctionProbability (#ПРОВЕИТЬ$ -> #ПРОВЕРИТЬ$) = -11.157600705837439
correctionProbability (#ОПТОВИЙ$ -> #ОПТОВЫЙ$) = -16.638236697421455
correctionProbability (#КАКРТИНКА$ -> #КАРТИНКА$) = -9.758501915648871
correctionProbability (#ПЕРИУДОВ$ -> #ПЕРИОДОВ$) = -19.232669307185738
correctionProbability (#ОДЕНОЧКА$ -> #ОДИНОЧКА$) = -17.16823731052456
correctionProbability (#РАНІЙ$ -> #РАННІЙ$) = -23.393310336044877
correctionProbability (#ЭКСТРОСЕНСЫ$ -> #ЭКСТРАСЕНСЫ$) = -16.965480852700274
correctionProbability (#БРЛИТ$ -> #БОЛИТ$) = -9.630254332842856
correctionProbability (#СМОИТРЕТЬ$ -> #СМОТРЕТЬ$) = -4.867287696353506
correctionProbability (#МЖММ$ -> #МЖМ$) = -13.225820490698975
correctionProbability (#САМАРП$ -> #САМАРА$) = -7.829593709448048
correctionProbability (#ИНТИРНЕТ$ -> #ИНТЕРНЕТ$) = -5.9302791663716885
correctionProbability (#KASPERSKIY$ -> #KASPERSKY$) = -18.148688973364763
correctionProbability (#БАКТЕРИЯО$ -> #БАКТЕРИЯ$) = -22.611672530831783
correctionProbability (#ИСТОИИЯ$ -> #ИСТОРИЯ$) = -8.133702755990562
correctionProbability (#ОСТРАВОВ$ -> #ОСТРОВОВ$) = -16.815921221122466
correctionProbability (#MOLDOVI$ -> #MOLDOVA$) = -14.12803264431055
correctionProbability (#РЕМОНЬ$ -> #РЕМОНТ$) = -5.057463020502993
correctionProbability (#ПОЛИКЛИНИКП$ -> #ПОЛИКЛИНИКА$) = -13.486076126977238
correctionProbability (#ЭЛИНГ$ -> #ЭЛЛИНГ$) = -17.796641625435047
correctionProbability (#СЬЕДОБНОЕ$ -> #СЪЕДОБНОЕ$) = -23.208887682582613
correctionProbability (#ПРГОДА$ -> #ПОГОДА$) = -1.2163618468777635
correctionProbability (#ЗГАК$ -> #ЗНАК$) = -7.704975833755913
correctionProbability (#НАЧНОЙ$ -> #НОЧНОЙ$) = -11.946375894523495
correctionProbability (#ГУДЕРМЕ$ -> #ГУДЕРМЕС$) = -22.52596318073258
correctionProbability (#ПЛЕКСЕЙ$ -> #АЛЕКСЕЙ$) = -9.740640918978698
correctionProbability (#ДВИГАТЕЛЬЯ$ -> #ДВИГАТЕЛЯ$) = -14.782365041386555
correctionProbability (#НЯНЧАНГ$ -> #НЯЧАНГ$) = -16.34646078624292
correctionProbability (#ДИАД$ -> #ДЕАД$) = -15.663680974400453
correctionProbability (#НАЧНОЕ$ -> #НОЧНОЕ$) = -14.874774219271142
correctionProbability (#КИЕВІ$ -> #КИЄВІ$) = -15.778348436291896
correctionProbability (#ОПОВІДАНЯ$ -> #ОПОВІДАННЯ$) = -24.831353026639313
correctionProbability (#ГОРАНТИЯ$ -> #ГАРАНТИЯ$) = -15.902220120138331
correctionProbability (#МЕТОФАЗА$ -> #МЕТАФАЗА$) = -24.366115917473905
correctionProbability (#ФЭЙЗБУК$ -> #ФЕЙСБУК$) = -71.82688031892273
correctionProbability (#OFGLINE$ -> #OFFLINE$) = -16.358052491969147
correctionProbability (#ЬУЛЬТФИЛЬМ$ -> #МУЛЬТФИЛЬМ$) = -9.125290415970206
correctionProbability (#ДРАГОНБОЛ$ -> #ДРАГОНБОЛЛ$) = -23.075153668134078
correctionProbability (#ЛУШИ$ -> #ДУШИ$) = -8.349359486478345
correctionProbability (#ПОГАДДАТЬ$ -> #ПОГАДАТЬ$) = -20.114872672467236
correctionProbability (#РЕСЫ$ -> #РЕЙСЫ$) = -11.864726097602254
correctionProbability (#ИЗЮБРА$ -> #ИЗЮБРЯ$) = -17.65237451119788
correctionProbability (#ДЕХАМ$ -> #ДИРХАМ$) = -84.07547438764867
correctionProbability (#ТЕСПЕРАТУРА$ -> #ТЕМПЕРАТУРА$) = -14.892082823352737
correctionProbability (#ВИДУБИЧИ$ -> #ВЫДУБИЧИ$) = -24.972972107418506
correctionProbability (#МОЛИТАА$ -> #МОЛИТВА$) = -11.236760345648278
correctionProbability (#БУМАНИ$ -> #БУМАГИ$) = -7.882248358674726
correctionProbability (#ИСТАРИЧЕСКИЕ$ -> #ИСТОРИЧЕСКИЕ$) = -15.861789649885225
correctionProbability (#ВЕЧІРНЕ$ -> #ВЕЧІРНЄ$) = -26.406382380349157
correctionProbability (#НОЕБРЯ$ -> #НОЯБРЯ$) = -9.45030173642991
correctionProbability (#ГОРБАЧОВ$ -> #ГОРБАЧЕВ$) = -17.965491576232544
correctionProbability (#ЛУШЕ$ -> #ЛУЧШЕ$) = -7.9647368293064
correctionProbability (#СМОЖИТЕ$ -> #СМОЖЕТЕ$) = -19.25415381802261
correctionProbability (#ДЕЗАЙН$ -> #ДИЗАЙН$) = -7.506280577652785
correctionProbability (#HISTORI$ -> #HISTORY$) = -15.955284034448084
correctionProbability (#КАШЕЛЁК$ -> #КОШЕЛЕК$) = -75.5553351224796
correctionProbability (#ПУСТИНИЯ$ -> #ПУСТЫНЯ$) = -82.40415771993152
correctionProbability (#DESTINI$ -> #DESTINY$) = -16.039700772972886
correctionProbability (#PIRATESBAY$ -> #PIRATEBAY$) = -26.021011585890186
correctionProbability (#КИСИЛЕВСКА$ -> #КИСЕЛЕВСКА$) = -21.729258794876856
correctionProbability (#ЛУЧЬ$ -> #ЛУЧ$) = -13.606454936071042
correctionProbability (#НКСТ$ -> #НЕКСТ$) = -12.20171633992737
correctionProbability (#САЛЬМОНЕЛЕЗ$ -> #САЛЬМОНЕЛЛЕЗ$) = -25.18829735367467
correctionProbability (#ШЛИХИ$ -> #ШЛЮХИ$) = -11.445358550802414
correctionProbability (#КНИНУ$ -> #КНИГУ$) = -9.492723483999743
correctionProbability (#ЗРАЗУ$ -> #СРАЗУ$) = -11.564328650849237
correctionProbability (#ЕЛЕВІТ$ -> #ЭЛЕВИТ$) = -82.7447221103333
correctionProbability (#DRAVERPACK$ -> #DRIVERPACK$) = -16.43332317988707
correctionProbability (#ВРАСУ$ -> #ВРАЧУ$) = -8.120807992187611
correctionProbability (#ОЗНАКОМТЕСЬ$ -> #ОЗНАКОМЬТЕСЬ$) = -27.253787774952492
correctionProbability (#ВСЕТ$ -> #ВСЕ$) = -3.6389992420236688
correctionProbability (#БОРТАВЫЕ$ -> #БОРТОВЫЕ$) = -19.353556248103153
correctionProbability (#АЛМАЗОВО$ -> #АЛМАЗОВА$) = -19.132318937136006
correctionProbability (#ЛУЧШ$ -> #ЛУЧШЕ$) = -7.968856878806388
correctionProbability (#КОМБАИН$ -> #КОМБАЙН$) = -14.836973035245677
correctionProbability (#ДРЕЗАТЬ$ -> #ДОЕХАТЬ$) = -76.22806201476375
correctionProbability (#КНИНИ$ -> #КНИГИ$) = -6.93714583942317
correctionProbability (#ОПРЕЛЕЛИТЬ$ -> #ОПРЕДЕЛИТЬ$) = -13.685614954542174
correctionProbability (#РИЕЛТОРУ$ -> #РИЭЛТОРУ$) = -24.20098740797328
correctionProbability (#ВЫГЛЕДИТ$ -> #ВЫГЛЯДИТ$) = -11.926011809263159
correctionProbability (#НАЧНОМ$ -> #НОЧНОМ$) = -14.898036073672909
correctionProbability (#БЬЮТИФОЛ$ -> #БЬЮТИФУЛ$) = -21.047149453781884
correctionProbability (#КАМПЮТЕРНЫЕ$ -> #КОМПЬЮТЕРНЫЕ$) = -84.17758529141793
correctionProbability (#МИХАНИК$ -> #МЕХАНИК$) = -13.29203762758901
correctionProbability (#FAMELY$ -> #FAMILY$) = -10.225037799994798
correctionProbability (#ЭДИШИН$ -> #ЭДИШН$) = -20.08078379886589
correctionProbability (#ПРОИЗАШЛО$ -> #ПРОИЗОШЛО$) = -17.378353252835772
correctionProbability (#KINOICHI$ -> #KUNOICHI$) = -24.647889905851024
correctionProbability (#SCRACH$ -> #SCRATCH$) = -17.313838137638243
correctionProbability (#ЮЛМА$ -> #ЮЛА$) = -9.466001018571664
correctionProbability (#WNY$ -> #WHY$) = -10.226094243498022
correctionProbability (#АНАПРИЛ$ -> #АНАПРИЛИН$) = -84.37689816779763
correctionProbability (#КАЛЕНА$ -> #КОЛЕНА$) = -12.9474024621931
correctionProbability (#РАБОТЧАЯ$ -> #РАБОЧАЯ$) = -11.79296708864382
correctionProbability (#ОСТІН$ -> #ОСТИН$) = -11.430514982957813
correctionProbability (#ПОДСМАТРЕЛ$ -> #ПОДСМОТРЕЛ$) = -21.067955935880065
correctionProbability (#ЭЛИВИТ$ -> #ЭЛЕВИТ$) = -17.996237730519024
correctionProbability (#ММАМА$ -> #МАМА$) = -8.51780523828253
correctionProbability (#CHARMIE$ -> #CHARLIE$) = -17.834364780140085
correctionProbability (#МОКСВА$ -> #МОСКВА$) = -71.89222909336398
correctionProbability (#ЧИКАНКА$ -> #ЧЕКАНКА$) = -19.950443496728212
correctionProbability (#ЗАСОДИТЬ$ -> #ЗАСОЛИТЬ$) = -15.289298693753302
correctionProbability (#ЕЛЯТ$ -> #ЕДЯТ$) = -12.414657603404695
correctionProbability (#ТАЛИСМА$ -> #ТАЛИСМАН$) = -16.866415105957238
correctionProbability (#УИТЕЛЕЙ$ -> #УЧИТЕЛЕЙ$) = -14.512935391645428
correctionProbability (#ОСАГА$ -> #ОСАГО$) = -8.82237397736537
correctionProbability (#GOROSKOPI$ -> #GOROSKOP$) = -21.296812469804443
correctionProbability (#ЗАКОЛДОВАНЫЙ$ -> #ЗАКОЛДОВАННЫЙ$) = -24.1227599643899
correctionProbability (#SITY$ -> #CITY$) = -7.579454580014296
correctionProbability (#ОРТРОЗА$ -> #АРТРОЗА$) = -18.017591982116492
correctionProbability (#БИХОЛДЕР$ -> #БЕХОЛДЕР$) = -25.513933689641853
correctionProbability (#УЖАСТНАЯ$ -> #УЖАСНАЯ$) = -18.783577049748537
correctionProbability (#МУХЫКА$ -> #МУЗЫКА$) = -5.4724225391420696
correctionProbability (#ОДЕССАОБЛЕНЕРГО$ -> #ОДЕССАОБЛЭНЕРГО$) = -29.953340505401528
correctionProbability (#ДЕСПЛАТНО$ -> #БЕСПЛАТНО$) = -4.718084768912126
correctionProbability (#АЦИТОН$ -> #АЦЕТОН$) = -18.12914165467959
correctionProbability (#КАЛЕНИ$ -> #КОЛЕНИ$) = -15.85550623618418
correctionProbability (#ХЕЙНТАЙ$ -> #ХЕНТАЙ$) = -11.102932222743863
correctionProbability (#МЦЗЕЙ$ -> #МУЗЕЙ$) = -9.047176649924754
correctionProbability (#УТИПЛЕНИЯ$ -> #УТЕПЛЕНИЯ$) = -19.325337838581405
correctionProbability (#ЕМАЛ$ -> #ЕМАЙЛ$) = -14.168960864155455
correctionProbability (#ДЕАОЧКА$ -> #ДЕВОЧКА$) = -9.234132366676192
correctionProbability (#ТРАЛЛЕЙБУСА$ -> #ТРОЛЛЕЙБУСА$) = -21.245209253208074
correctionProbability (#МЕЖЕТ$ -> #МОЖЕТ$) = -8.015280181751276
correctionProbability (#ЭКСПРЕ$ -> #ЭКСПРЕСС$) = -76.95124384628605
correctionProbability (#БЕЛАРУСКОМУ$ -> #БЕЛОРУССКОМУ$) = -86.32576594329919
correctionProbability (#ВБРОСОВ$ -> #ВЫБРОСОВ$) = -20.78829789449798
correctionProbability (#ВЫПОДЕНИЯ$ -> #ВЫПАДЕНИЯ$) = -16.806056079048368
correctionProbability (#ДИКРЕТ$ -> #ДЕКРЕТ$) = -16.84748429292487
correctionProbability (#КОМПЬЮТР$ -> #КОМПЬЮТЕР$) = -11.90756809915522
correctionProbability (#ШИМЕЙЛУ$ -> #ШИМЕЙЛЫ$) = -22.15444732445564
correctionProbability (#ВИНДЖМАН$ -> #ВИНДМАН$) = -35.45056847674576
correctionProbability (#МОРГУЛИС$ -> #МАРГУЛИС$) = -20.925175551869323
correctionProbability (#ДЕВОЧЬКО$ -> #ДЕВОЧКА$) = -76.42886547692525
correctionProbability (#ПОМАЩ$ -> #ПОМОЩЬ$) = -74.44637050809305
correctionProbability (#KARTULI$ -> #QARTULI$) = -18.302509898388067
correctionProbability (#ВОЛОСАТІ$ -> #ВОЛОСАТЫЕ$) = -80.33315231121014
correctionProbability (#BATTE$ -> #BATTLE$) = -13.951349843563602
correctionProbability (#BAYVEK$ -> #BAYAVIK$) = -86.33571709039016
correctionProbability (#ХАМЕЛЬТОН$ -> #ХАМИЛЬТОН$) = -25.088682471816142
correctionProbability (#СЕГОДНЯЩНИЙ$ -> #СЕГОДНЯШНИЙ$) = -15.621802804904071
correctionProbability (#НАСТРЛЙКА$ -> #НАСТРОЙКА$) = -13.803913084592665
correctionProbability (#ГЕНJРИ$ -> #ГЕНРИ$) = -15.656117063188734
correctionProbability (#DOCHKIJSINOCHKI$ -> #DOCHKISINOCHKI$) = -31.52605647167468
correctionProbability (#ХОБІТ$ -> #ХОББИТ$) = -77.88253277070966
correctionProbability (#ДЕВОЧЬКИ$ -> #ДЕВОЧКИ$) = -11.08750177863729
correctionProbability (#ВЗОМАНЫЙ$ -> #ВЗЛОМАННЫЙ$) = -81.55609624582323
correctionProbability (#BUSINES$ -> #BUSINESS$) = -15.757855578267488
correctionProbability (#ТОРМАЗА$ -> #ТОРМОЗА$) = -14.886944113355838
correctionProbability (#КІСКА$ -> #КИСКА$) = -13.90919389943522
correctionProbability (#ЭНГРИБЕРТС$ -> #ЕНГРИБЕРДС$) = -86.83704297684167
correctionProbability (#ПРВЩИ$ -> #ПРЫЩИ$) = -13.354149836693612
correctionProbability (#ЧЕБРЕЦА$ -> #ЧАБРЕЦА$) = -22.173494676363283
correctionProbability (#RUSKOJA$ -> #RUSKOJE$) = -25.232646651415493
correctionProbability (#БРИЛИАНТОВАЯ$ -> #БРИЛЛИАНТОВАЯ$) = -22.132140639946755
correctionProbability (#ЖНЕРГИЯ$ -> #ЭНЕРГИЯ$) = -12.916387139380035
correctionProbability (#ПЧОЛЫ$ -> #ПЧЕЛЫ$) = -13.821465083066602
correctionProbability (#ФОЛЛЗ$ -> #ФОЛЗ$) = -12.643412185124692
correctionProbability (#ЗАТЕРЕННЫЕ$ -> #ЗАТЕРЯННЫЕ$) = -19.290756788310773
correctionProbability (#СНГОДНЯ$ -> #СЕГОДНЯ$) = -6.023795432953563
correctionProbability (#ПОЛИМЕТАЛ$ -> #ПОЛИМЕТАЛЛ$) = -23.49074001913594
correctionProbability (#ЖЕСТКИЦ$ -> #ЖЕСТКИЙ$) = -12.914078669665173
correctionProbability (#МУХЫКУ$ -> #МУЗЫКУ$) = -6.892010719431177
correctionProbability (#ДЖАНГА$ -> #ДЖАНГО$) = -15.304397588389765
correctionProbability (#ЗАОЧЕА$ -> #ЗАОЧКА$) = -22.81677844157433
correctionProbability (#ПОНЕЛЕЙ$ -> #ПАНЕЛЕЙ$) = -13.286142750244139
correctionProbability (#ЕМАЙ$ -> #ЕМАЙЛ$) = -14.166831884600466
correctionProbability (#ЗАПОЛНТЬ$ -> #ЗАПОЛНИТЬ$) = -15.200197314528644
correctionProbability (#АЛТУН$ -> #АЛТЫН$) = -11.06251502594343
correctionProbability (#ТРУДОВУ$ -> #ТРУДОВУЮ$) = -17.027590395376933
correctionProbability (#ЯЗЕКУ$ -> #ЯЗЫКУ$) = -6.344493691223377
correctionProbability (#ЧАЯПИТИЕ$ -> #ЧАЕПИТИЕ$) = -18.90009750862466
correctionProbability (#ОТРЫТКА$ -> #ОТКРЫТКА$) = -11.286264402812648
correctionProbability (#ВАСТАНОВИТЬ$ -> #ВОССТАНОВИТЬ$) = -81.70271600830915
correctionProbability (#МОКСВЫ$ -> #МОСКВЫ$) = -74.27591486490529
correctionProbability (#КАЖОЙ$ -> #КАЖДОЙ$) = -14.668532812485463
correctionProbability (#СОБСТВЕНОСТИ$ -> #СОБСТВЕННОСТИ$) = -20.292832028526256
correctionProbability (#РЕРЕД$ -> #ПЕРЕД$) = -9.063112755211176
correctionProbability (#МИЛЕФИСЕНТА$ -> #МАЛЕФИСЕНТА$) = -13.919891511467227
correctionProbability (#ОДНОКЛСНИКИ$ -> #ОДНОКЛАССНИКИ$) = -77.11890829065594
correctionProbability (#НИКОЛАКВКУ$ -> #НИКОЛАЕВКУ$) = -35.72684759644285
correctionProbability (#СЕРТЕФИКАТ$ -> #СЕРТИФИКАТ$) = -14.146720572230635
correctionProbability (#МЖЕТ$ -> #МОЖЕТ$) = -8.564688340790472
correctionProbability (#МИНИРАЛЬНОЙ$ -> #МИНЕРАЛЬНОЙ$) = -22.20036199787473
correctionProbability (#СТУДЕНТКПМИ$ -> #СТУДЕНТКАМИ$) = -23.84655568903461
correctionProbability (#ОНЛАЙНА$ -> #ОНЛАЙН$) = -3.130041511512861
correctionProbability (#ЛАБОРГИНИ$ -> #ЛАМБОРГИНИ$) = -21.232537105910602
correctionProbability (#ФОЛЛС$ -> #ФОЛС$) = -13.779113102966956
correctionProbability (#АРІСТОН$ -> #АРИСТОН$) = -14.937090515227766
correctionProbability (#ПРЕЗЕНТАЦЯ$ -> #ПРЕЗЕНТАЦИЯ$) = -12.726064154397804
correctionProbability (#ЧИТАТТ$ -> #ЧИТАТЬ$) = -7.151627670554234
correctionProbability (#IZZAMUSIC$ -> #IZZAMUZZIC$) = -91.9157219585695
correctionProbability (#ОТРЫТКИ$ -> #ОТКРЫТКИ$) = -9.56182595513414
correctionProbability (#ВАХТИ$ -> #ВАКТИ$) = -18.999086206841188
correctionProbability (#ПРИЗЕДЕНТЕ$ -> #ПРЕЗИДЕНТЕ$) = -84.82899910078342
correctionProbability (#ТРУДОВА$ -> #ТРУДОВАЯ$) = -17.33473657563978
correctionProbability (#МАНДЖОГКОНГ$ -> #МАНДЖОНГКОНГ$) = -24.97486762771338
correctionProbability (#ХОЛМОГОРКИ$ -> #ХОЛМОГОРСКИЙ$) = -95.00358779383822
correctionProbability (#КНДЕЛИК$ -> #КҮНДЕЛІК$) = -74.69718720809051
correctionProbability (#ПРОЗВОДИТЕЛЬ$ -> #ПРОИЗВОДИТЕЛЬ$) = -18.919801382013247
correctionProbability (#СВЕТИЛНИКИ$ -> #СВЕТИЛЬНИКИ$) = -16.4329944027821
correctionProbability (#КОМПЬЮТЕ$ -> #КОМПЬЮТЕР$) = -11.896025708892488
correctionProbability (#ПРОЕТИРОВАНИЕ$ -> #ПРОЕКТИРОВАНИЕ$) = -19.83251220571126
correctionProbability (#ЮРТУБ$ -> #ЮТУБ$) = -2.6984736890224745
correctionProbability (#ОТУРЫВАЕТЬСЯ$ -> #ОТКРЫВАЕТСЯ$) = -85.43584212555247
correctionProbability (#ККРЕЛИИ$ -> #КАРЕЛИИ$) = -15.20602512287389
correctionProbability (#ПЕРЕОДА$ -> #ПЕРИОДА$) = -12.6378244901003
correctionProbability (#ОНЛАЙНИ$ -> #ОНЛАЙН$) = -3.1213413165473334
correctionProbability (#ПРИЗЕДЕНТА$ -> #ПРЕЗИДЕНТА$) = -79.62250087077409
correctionProbability (#ОСТАНКИНСКГО$ -> #ОСТАНКИНСКОГО$) = -29.648290189696922
correctionProbability (#КПШЕЛЬ$ -> #КАШЕЛЬ$) = -12.364466300032394
correctionProbability (#ОНЛАЙНЙ$ -> #ОНЛАЙН$) = -3.163320197885998
correctionProbability (#ПОГАДА$ -> #ПОГОДА$) = -1.121107383032033
correctionProbability (#СВЕРЛЫЙНЫЙ$ -> #СВЕРЛИЛЬНЫЙ$) = -151.47402941208773
correctionProbability (#ТРАНСМИСИОННОЕ$ -> #ТРАНСМИССИОННОЕ$) = -26.101065172042794
correctionProbability (#USTAMOVKA$ -> #USTANOVKA$) = -25.045203377337586
correctionProbability (#БАССКИНО$ -> #БАСКИНО$) = -16.432789413179393
correctionProbability (#РЕСТАЛИНГОВЫЕ$ -> #РЕСТАЙЛИНГОВЫЕ$) = -33.734381387732306
correctionProbability (#СОБСТВЕНОСТЬ$ -> #СОБСТВЕННОСТЬ$) = -22.255046258358945
correctionProbability (#ВОСПОЛИТЕЛЬНЫЙ$ -> #ВОСПАЛИТЕЛЬНЫЙ$) = -28.833630120266903
correctionProbability (#СДАНИЯ$ -> #ЗДАНИЯ$) = -11.455814906449557
correctionProbability (#ЗАВЕЗАЛ$ -> #ЗАВЯЗАЛ$) = -21.1526332424178
correctionProbability (#ОТКРОВЕНОЕ$ -> #ОТКРОВЕННОЕ$) = -21.83467962299588
correctionProbability (#ДООРХАН$ -> #ДОРХАН$) = -19.624874582768935
correctionProbability (#ЧАСОТКИ$ -> #ЧЕСОТКИ$) = -17.1699559120336
correctionProbability (#ГРЕНДЖЕР$ -> #ГРЕЙНДЖЕР$) = -22.509179268390326
correctionProbability (#ДЕРМОТОЛОГА$ -> #ДЕРМАТОЛОГА$) = -22.674154893598967
correctionProbability (#ДМИТРОАЕ$ -> #ДМИТРОВЕ$) = -15.835731087695045
correctionProbability (#ТРЕВАЛЕТТА$ -> #ТРАВАЛЕТТА$) = -25.768128591412044
correctionProbability (#ИСТОИИИ$ -> #ИСТОРИИ$) = -9.122244422554523
correctionProbability (#КОЛОНУ$ -> #КОЛОННУ$) = -20.829602675776997
correctionProbability (#ФРУШИ$ -> #ФУРУШИ$) = -21.46409415398099
correctionProbability (#ВОЛЙЕБОЛ$ -> #ВОЛЕЙБОЛ$) = -81.1993628926199
correctionProbability (#ПЕРЕКЛАДАЯ$ -> #ПЕРЕКЛАДАЧ$) = -16.610499709649524
correctionProbability (#ИОАНОВНЫ$ -> #ИОАННОВНЫ$) = -25.65095051155312
correctionProbability (#ОНТОН$ -> #АНТОН$) = -10.97999077328355
correctionProbability (#ИНСТАГРМА$ -> #ИНСТАГРАМ$) = -76.40942857844395
correctionProbability (#РАСТЕН$ -> #РАСТЕНИЯ$) = -77.39353727623121
correctionProbability (#СКИТКОЙ$ -> #СКИДКОЙ$) = -14.052455278406711
correctionProbability (#ALLIBAB$ -> #ALIBABA$) = -86.72402180754709
correctionProbability (#TANCENT$ -> #TENCENT$) = -17.704276526995884
correctionProbability (#REPE$ -> #RAPE$) = -14.9183768185103
correctionProbability (#АВРАМ$ -> #АВРААМ$) = -17.47811817886505
correctionProbability (#MUVER$ -> #MOVER$) = -17.96798657105312
correctionProbability (#ПЬЕССЫ$ -> #ПЬЕСЫ$) = -17.328400235030646
correctionProbability (#КОМНА$ -> #КОМНАТА$) = -76.62265667923643
correctionProbability (#ТЕМНЙ$ -> #ТЕМНЫЙ$) = -11.068606469932543
correctionProbability (#АВТОБУМОВ$ -> #АВТОБУСОВ$) = -12.206762262262508
correctionProbability (#ГОРДСКАЯ$ -> #ГОРОДСКАЯ$) = -15.071595863514013
correctionProbability (#МЕРЗНИТ$ -> #МЕРЗНЕТ$) = -22.06127428606362
correctionProbability (#ШЕВЧЕНК$ -> #ШЕВЧЕНКО$) = -15.417653062722636
correctionProbability (#ГОРЫХ$ -> #ГОЛЫХ$) = -10.276565924959161
correctionProbability (#ВЕУСНЫЕ$ -> #ВКУСНЫЕ$) = -11.75976469088171
correctionProbability (#СКЕЧАП$ -> #СКЕТЧАП$) = -20.78435310047221
correctionProbability (#ТОПАО$ -> #УТАПАО$) = -87.44721012209068
correctionProbability (#ЛУСИ$ -> #ЛЮСИ$) = -12.391123739699278
correctionProbability (#КПЛИ$ -> #КАПЛИ$) = -10.21195325744483
correctionProbability (#КОЛОНЫ$ -> #КОЛОННЫ$) = -16.755096334294223
correctionProbability (#МИНИСТРУАЦИИ$ -> #МЕНСТРУАЦИИ$) = -89.5307049057136
correctionProbability (#КУХОННУ$ -> #КУХОННУЮ$) = -19.614499933729505
correctionProbability (#КОЛОНА$ -> #КОЛОННА$) = -17.327877117339277
correctionProbability (#ХУДАЙ$ -> #ХУНДАЙ$) = -13.27735675171525
correctionProbability (#ПАХОВА$ -> #ПАХОВАЯ$) = -18.21996299863759
correctionProbability (#ЛИТЕТЬ$ -> #ЛЕТЕТЬ$) = -13.716098165655435
correctionProbability (#МНОЖЕСТВЕНОМ$ -> #МНОЖЕСТВЕННОМ$) = -24.315608553629183
correctionProbability (#ПИСЬМЕНО$ -> #ПИСЬМЕННО$) = -20.104275097227735
correctionProbability (#НАЗЫВААЕТСЯ$ -> #НАЗЫВАЕТСЯ$) = -16.463737338879994
correctionProbability (#ВОЕНКОМАЬ$ -> #ВОЕНКОМАТ$) = -16.810107629312334
correctionProbability (#ДЕРЕЖАБЛИ$ -> #ДИРИЖАБЛИ$) = -91.26921268106061
correctionProbability (#ОТРЫТИЯ$ -> #ОТКРЫТИЯ$) = -15.047711017074754
correctionProbability (#БОНУСНА$ -> #БОНУСНАЯ$) = -19.227292348508463
correctionProbability (#УСКОРЕНИН$ -> #УСКОРЕНИЕ$) = -17.487357074070523
correctionProbability (#ЬОЛЬШОЙ$ -> #БОЛЬШОЙ$) = -9.342207905586022
correctionProbability (#DONLOAD$ -> #DOWNLOAD$) = -11.640377727754057
correctionProbability (#ФИПЬМЫ$ -> #ФИЛЬМЫ$) = -3.6021325501575667
correctionProbability (#ШИНЫЙ$ -> #ШИННЫЙ$) = -15.597008522487084
correctionProbability (#ОСМИНОГА$ -> #ОСЬМИНОГА$) = -21.25094179093753
correctionProbability (#ПАЛАВИНКУ$ -> #ПОЛОВИНКУ$) = -86.07305417805645
correctionProbability (#РАЗЛОК$ -> #РАЗЛОЧКА$) = -88.70253173166168
correctionProbability (#НАМИНАЦИЯ$ -> #НОМИНАЦИЯ$) = -21.85655948879944
correctionProbability (#ИСПЛЬЗОВАТЬ$ -> #ИСПОЛЬЗОВАТЬ$) = -17.834409834314826
correctionProbability (#МЕЖДЕ$ -> #МЕЖДУ$) = -7.683025691840619
correctionProbability (#FAERFOX$ -> #FIREFOX$) = -147.4527847663826
correctionProbability (#ХРИЗАПРАСА$ -> #ХРИЗОПРАЗА$) = -94.55576591300861
correctionProbability (#ПЬЕССА$ -> #ПЬЕСА$) = -16.959804873914184
correctionProbability (#КРОССВОР$ -> #КРОССВОРД$) = -14.51100759646257
correctionProbability (#ТЕЦ$ -> #ТЭЦ$) = -14.58142690510638
correctionProbability (#КАНАМСКАЯ$ -> #КАННАМСКАЯ$) = -24.262419999808948
correctionProbability (#КАШЕЛ$ -> #КАШЕЛЬ$) = -12.854080248384566
correctionProbability (#РУСЬКОЕ$ -> #РУССКОЕ$) = -7.411599988936452
correctionProbability (#ИЕРЛОВКИ$ -> #ПЕРЛОВКИ$) = -20.88589939116359
correctionProbability (#ВЕДУШАЯ$ -> #ВЕДУЩАЯ$) = -15.22443450153397
correctionProbability (#КНИКУ$ -> #КНИГУ$) = -9.492576517247887
correctionProbability (#ЛОГУНА$ -> #ЛАГУНА$) = -13.958557734867295
correctionProbability (#АГЛИЙСКИЙ$ -> #АНГЛИЙСКИЙ$) = -11.73876749060944
correctionProbability (#ПРЕЗЕНТАЦИ$ -> #ПРЕЗЕНТАЦИЯ$) = -12.717922824776245
correctionProbability (#СТРАЗОВЫЕ$ -> #СТРАХОВЫЕ$) = -15.95965448858211
correctionProbability (#ИНСТАГРПМ$ -> #ИНСТАГРАМ$) = -8.584191064659343
correctionProbability (#ДИСКОД$ -> #ДИСКОРД$) = -12.331313110191907
correctionProbability (#РЕГЕСТРАЦИЕ$ -> #РЕГИСТРАЦИИ$) = -76.9664118465263
correctionProbability (#КЛССА$ -> #КЛАССА$) = -8.245847353811055
correctionProbability (#КРИПТА$ -> #КРИПТО$) = -15.952637441471335
correctionProbability (#ПЕТСОВЕТ$ -> #ПЕДСОВЕТ$) = -18.83346951185787
correctionProbability (#ФЭИСБУК$ -> #ФЕЙСБУК$) = -71.79458041432508
correctionProbability (#СИАРТ$ -> #СМАРТ$) = -9.972015998554472
correctionProbability (#ПРОВОЛКИ$ -> #ПРОВОЛОКИ$) = -18.26146047200082
correctionProbability (#БЕРИГА$ -> #БЕРЕГА$) = -9.677375592491298
correctionProbability (#ИНТЕРКУЛЛЕРА$ -> #ИНТЕРКУЛЕРА$) = -23.715605906768133
correctionProbability (#ДИФЕНС$ -> #ДЕФЕНС$) = -20.948190640488367
correctionProbability (#КНИКИ$ -> #КНИГИ$) = -6.938670435129666
correctionProbability (#ТРДОВЫЕ$ -> #ТРУДОВЫЕ$) = -17.782907366312692
correctionProbability (#ГАНГАЛ$ -> #ГАНГАМ$) = -17.11916422256444
correctionProbability (#ПЕРЕТРУБРГЕ$ -> #ПЕРЕТРУБРГ$) = -38.29693938669931
correctionProbability (#ВЕЛОСЕПИДИСТА$ -> #ВЕЛОСИПЕДИСТА$) = -89.05591411710365
correctionProbability (#ОСТРАВЕ$ -> #ОСТРОВЕ$) = -13.955106859608044
correctionProbability (#ЕКАТЕРЕНБУРГЕ$ -> #ЕКАТЕРИНБУРГЕ$) = -15.646052170850396
correctionProbability (#ПРОЕЗЛА$ -> #ПРОЕЗДА$) = -14.632000081520815
correctionProbability (#РЕСТАРАНЕ$ -> #РЕСТОРАНЕ$) = -16.509801171306087
correctionProbability (#РИННТОН$ -> #РИНГТОН$) = -12.818657512534884
correctionProbability (#СДАНИЕ$ -> #ЗДАНИЕ$) = -12.74436545806537
correctionProbability (#РАМЕРОВ$ -> #РАЗМЕРОВ$) = -14.288538291113596
correctionProbability (#МИКАЕЛА$ -> #МИКАЭЛА$) = -19.854529909832266
correctionProbability (#ТЕЕ$ -> #ТЕБЕ$) = -9.487537603854431
correctionProbability (#ЕКАТЕРЕНБУРГА$ -> #ЕКАТЕРИНБУРГА$) = -18.613352380377194
correctionProbability (#SPOTLING$ -> #SPOTLIGHT$) = -149.02171386635192
correctionProbability (#ПОСТЕЛЕ$ -> #ПОСТЕЛИ$) = -13.323181700259667
correctionProbability (#KIKELLI$ -> #KEKILLI$) = -88.65968743932382
correctionProbability (#РАСПРЕДИЛИТЕЛЬ$ -> #РАСПРЕДЕЛИТЕЛЬ$) = -25.958110540157122
correctionProbability (#PLEIBOI$ -> #PLAYBOY$) = -146.20801015049625
correctionProbability (#КАПЮШЕНОМ$ -> #КАПЮШОНОМ$) = -16.836691373607998
correctionProbability (#АПАСНЫЙ$ -> #ОПАСНЫЙ$) = -14.672790747949286
correctionProbability (#ЕМБЛЕМА$ -> #ЭМБЛЕМА$) = -11.765211737560904
correctionProbability (#ЖРИМ$ -> #ДРИМ$) = -13.74611340926334
correctionProbability (#МІНСК$ -> #МИНСК$) = -7.704722441829073
correctionProbability (#НАМИНАЦИИ$ -> #НОМИНАЦИИ$) = -20.14764646821626
correctionProbability (#ONTARI$ -> #ONTARIO$) = -20.976205683572744
correctionProbability (#ТОВАРИШЕСТВО$ -> #ТОВАРИЩЕСТВО$) = -22.662386206633215
correctionProbability (#ЭПЕДЕМИЯ$ -> #ЭПИДЕМИЯ$) = -17.699436060467384
correctionProbability (#САНАТОПИЙ$ -> #САНАТОРИЙ$) = -11.086256992846735
correctionProbability (#ВИВИХ$ -> #ВЫВИХ$) = -16.671050559586387
correctionProbability (#ДОПУМТИМОЕ$ -> #ДОПУСТИМОЕ$) = -23.213087209464803
correctionProbability (#РАЙККОННЕ$ -> #РАЙККОНЕН$) = -88.20961876775239
correctionProbability (#КОНВЕРТАЦІЯ$ -> #КОНВЕРТАЦИЯ$) = -21.083628923344797
correctionProbability (#НОМНРА$ -> #НОМЕРА$) = -10.523654330404558
correctionProbability (#КОПЬЮТЕР$ -> #КОМПЬЮТЕР$) = -11.897639518347361
correctionProbability (#ЧАСНОГО$ -> #ЧАСТНОГО$) = -13.7230462847606
correctionProbability (#АККОДЫ$ -> #АККОРДЫ$) = -12.344743090790601
correctionProbability (#COREDY$ -> #COMEDY$) = -14.52831590462716
correctionProbability (#ОРГАНИАЦИИ$ -> #ОРГАНИЗАЦИИ$) = -15.035143296561756
correctionProbability (#ОАБОТА$ -> #РАБОТА$) = -4.980839975259553
correctionProbability (#МАОЛОКС$ -> #МААЛОКС$) = -19.12804663751527
correctionProbability (#ЛИСТЯХ$ -> #ЛИСТЬЯХ$) = -17.397097755808574
correctionProbability (#ЖОСТКИМ$ -> #ЖЕСТКИМ$) = -20.339244815002623
correctionProbability (#УТИПЛЕНИЕ$ -> #УТЕПЛЕНИЕ$) = -15.716002749454795
correctionProbability (#ДЕВОЧЬКА$ -> #ДЕВОЧКА$) = -11.704495685817733
correctionProbability (#ОАБОТЫ$ -> #РАБОТЫ$) = -6.863913766886373
correctionProbability (#ТАКНКИ$ -> #ТАНКИ$) = -9.672534479802547
correctionProbability (#КРАВАТЬЮ$ -> #КРОВАТЬЮ$) = -18.172199490887003
correctionProbability (#СТАТУЕТКУ$ -> #СТАТУЭТКУ$) = -21.65680286917972
correctionProbability (#ДОЛЛОРА$ -> #ДОЛЛАРА$) = -9.542178124744659
correctionProbability (#КОЛОЛЬ$ -> #КОРОЛЬ$) = -7.933420780132668
correctionProbability (#ВОЛОСАТЕ$ -> #ВОЛОСАТЫЕ$) = -15.585857752697834
correctionProbability (#DOMASNIY$ -> #DOMASHNIY$) = -23.40694666259113
correctionProbability (#РЕСТАРАНЫ$ -> #РЕСТОРАНЫ$) = -14.381846774448086
correctionProbability (#ЛАННА$ -> #ЛАНА$) = -13.577389049882843
correctionProbability (#УВИШНА$ -> #ВИШНЯ$) = -78.54865383048569
correctionProbability (#СКОДЬКО$ -> #СКОЛЬКО$) = -6.030663726505054
correctionProbability (#ДЕЛАЕТЬ$ -> #ДЕЛАТЬ$) = -9.682253885483359
correctionProbability (#GIRIS$ -> #GIRIŞ$) = -17.067375871004895
correctionProbability (#УЗБЖКИСКАЙ$ -> #УЗБЕКСКИЙ$) = -147.89242292907383
correctionProbability (#СТРЕЙНДЖ$ -> #СТРЭНДЖ$) = -83.52362389305839
correctionProbability (#БОГАЖ$ -> #БАГАЖ$) = -14.839949624555931
correctionProbability (#ФАРМНГ$ -> #ФАРМИНГ$) = -17.398457937162334
correctionProbability (#ВОЛОСАТА$ -> #ВОЛОСАТАЯ$) = -17.081508294680233
correctionProbability (#ОЬОРОТЫ$ -> #ОБОРОТЫ$) = -14.950663236660873
correctionProbability (#УПИТЬ$ -> #КУПИТЬ$) = -1.9878547001014475
correctionProbability (#ВЫЛАШЛИ$ -> #ВЫШЛИ$) = -80.56582684651508
correctionProbability (#YIUTUBE$ -> #YOUTUBE$) = -6.394001584164009
correctionProbability (#ЖОБАВИТЬ$ -> #ДОБАВИТЬ$) = -13.419216618618101
correctionProbability (#ИМПОРТИООВАТЬ$ -> #ИМПОРТИРОВАТЬ$) = -26.63322676173091
correctionProbability (#РЕГЕСТРАЦИЯ$ -> #РЕГИСТРАЦИЯ$) = -13.880062052748201
correctionProbability (#ОТРЫТИЕ$ -> #ОТКРЫТИЕ$) = -11.900608611664389
correctionProbability (#80X160$ -> #80Х160$) = -22.78171044282655
correctionProbability (#ОЛЛИМПИАДА$ -> #ОЛИМПИАДА$) = -15.161617613961148
correctionProbability (#КУНИГУЛУС$ -> #КУНИГУЛИУС$) = -19.30211794420955
correctionProbability (#MINESWEEP$ -> #MINESWEEPER$) = -95.65678300899891
correctionProbability (#ОАБОТУ$ -> #РАБОТУ$) = -9.027194012435533
correctionProbability (#FOXFARD$ -> #FOXFORD$) = -18.325023288525223
correctionProbability (#ВЛАДИМЕРОМ$ -> #ВЛАДИМИРОМ$) = -15.217890464998426
correctionProbability (#САМАЗВАНЦЫ$ -> #САМОЗВАНЦЫ$) = -12.94106269319824
correctionProbability (#КОНТЕНЕР$ -> #КОНТЕЙНЕР$) = -14.888471995270244
correctionProbability (#ГАДАНИИЕ$ -> #ГАДАНИЕ$) = -11.543139216850108
correctionProbability (#КУХОНОЙ$ -> #КУХОННОЙ$) = -17.602539834856223
correctionProbability (#БЕРЕМЕНОСТИ$ -> #БЕРЕМЕННОСТИ$) = -15.32185441616317
correctionProbability (#СЕРЦЕЄДКА$ -> #СЕРДЦЕЕДКА$) = -81.61829437604335
correctionProbability (#МАЛЬЧИКП$ -> #МАЛЬЧИКА$) = -11.483264329872036
correctionProbability (#КОШЕМИР$ -> #КАШЕМИР$) = -17.502987300864127
correctionProbability (#WRK$ -> #WORK$) = -12.999340343145757
correctionProbability (#УДЛЕНИТЬ$ -> #УДЛИНИТЬ$) = -19.41015487226437
correctionProbability (#ГАДАНИ$ -> #ГАДАНИЕ$) = -9.650790418977735
correctionProbability (#ТРЕБОВНИЯ$ -> #ТРЕБОВАНИЯ$) = -15.02740904542113
correctionProbability (#ВРАВЭЛ$ -> #АРАВЕЛ$) = -77.52866889724426
correctionProbability (#СИТЕЗ$ -> #СИНТЕЗ$) = -16.298010742057496
correctionProbability (#ИТЕРАТУРЫ$ -> #ЛИТЕРАТУРЫ$) = -16.82562828817199
correctionProbability (#ЧИКАНКИ$ -> #ЧЕКАНКИ$) = -20.785232080149058
correctionProbability (#DOMASNIE$ -> #DOMASHNIE$) = -24.862736967708045
correctionProbability (#ДУЛИТЛ$ -> #ДУЛИТТЛ$) = -19.578589177786696
correctionProbability (#ОТЛЕЖУ$ -> #ОТЛИЖУ$) = -32.062201278291454
correctionProbability (#ПОЗДРАВЛЕЕИЕ$ -> #ПОЗДРАВЛЕНИЕ$) = -13.703791521916322
correctionProbability (#РЕГЕСТРАЦИЙ$ -> #РЕГИСТРАЦИИ$) = -77.01873341863941
correctionProbability (#БЕРУВЕЛА$ -> #БЕРУВЕЛЛА$) = -35.351111287460185
correctionProbability (#СТАТУЕТКЕ$ -> #СТАТУЭТКЕ$) = -24.54764787933498
correctionProbability (#МИКАЕЛЬ$ -> #МИКАЭЛЬ$) = -22.46444068888386
correctionProbability (#РЕГЕСТРАЦИИ$ -> #РЕГИСТРАЦИИ$) = -12.237968337960226
correctionProbability (#STORIS$ -> #STORIES$) = -16.699559715573926
correctionProbability (#СТАТУЕТКИ$ -> #СТАТУЭТКИ$) = -16.440250699744183
correctionProbability (#ИИГРАТЬ$ -> #ИГРАТЬ$) = -8.256916188926905
correctionProbability (#КАСНОЯРСК$ -> #КРАСНОЯРСК$) = -12.112983640397871
correctionProbability (#СВКТА$ -> #СВЕТА$) = -8.309578244731522
correctionProbability (#ПОЛИСТЕРОЛБЕТОНА$ -> #ПОЛИСТИРОЛБЕТОНА$) = -32.13405380776383
correctionProbability (#ЮЬЮБ$ -> #ЮТУБ$) = -64.95701869002708
correctionProbability (#ТУШОНАЯ$ -> #ТУШЕНАЯ$) = -15.17979676172839
correctionProbability (#КГУГЛ$ -> #ГУГЛ$) = -5.512740583273992
correctionProbability (#ФОТОСРАНА$ -> #ФОТОСТРАНА$) = -10.582212490344318
correctionProbability (#МЕЖДЦ$ -> #МЕЖДУ$) = -7.68273586826869
correctionProbability (#ЗЕЛИНОГРАД$ -> #ЗЕЛЕНОГРАД$) = -16.417408755736908
correctionProbability (#ХОТИВ$ -> #ХОТІВ$) = -21.268687359174965
correctionProbability (#ЗОЕЛЫХ$ -> #ЗРЕЛЫХ$) = -11.253910411542318
correctionProbability (#ДИФЛЕКТОРЫ$ -> #ДЕФЛЕКТОРЫ$) = -20.708514482151116
correctionProbability (#ЭЛЕКСТРОННЫЙ$ -> #ЭЛЕКТРОННЫЙ$) = -14.583997491215868
correctionProbability (#HAJKAKAN$ -> #HAYKAKAN$) = -17.60257860649822
correctionProbability (#ОЛИМИПАДА$ -> #ОЛИМПИАДА$) = -80.54740048068825
correctionProbability (#FANTASTICA$ -> #FANTASTIKA$) = -23.40135327292503
correctionProbability (#СКОРЕКТИРОВАТЬ$ -> #СКОРРЕКТИРОВАТЬ$) = -31.252315427115178
correctionProbability (#ВЖИВАНИЕ$ -> #ВЫЖИВАНИЕ$) = -14.92167545657346
correctionProbability (#ПИТЛЮРА$ -> #ПЕТЛЮРА$) = -14.991870642117057
correctionProbability (#ГРУНФОС$ -> #ГРУНДФОС$) = -19.812482401094684
correctionProbability (#НЕНОРМИРОВАННЦЙ$ -> #НЕНОРМИРОВАННЫЙ$) = -28.306378656666872
correctionProbability (#НУЧИТЬСЯ$ -> #НАУЧИТЬСЯ$) = -14.870299614333412
correctionProbability (#МАСАЖИСТКА$ -> #МАССАЖИСТКА$) = -22.74062482611808
correctionProbability (#МАСЛЕНЫЙ$ -> #МАСЛЯНЫЙ$) = -15.753583702869797
correctionProbability (#УТАНУЛ$ -> #УТОНУЛ$) = -17.0728134696493
correctionProbability (#ИСПОЛЬЩУЯ$ -> #ИСПОЛЬЗУЯ$) = -16.88036119482412
correctionProbability (#CPOKING$ -> #CHPOKING$) = -21.30376171307646
correctionProbability (#УРСАФАЛЬК$ -> #УРСОФАЛЬК$) = -19.664036267882473
correctionProbability (#ЗИМНЕГОГ$ -> #ЗИМНЕГО$) = -18.713253883454854
correctionProbability (#ВНЕШЕЙ$ -> #ВНЕШНЕЙ$) = -16.85232339869804
correctionProbability (#БЛОГАПРИЯТНЫЙ$ -> #БЛАГОПРИЯТНЫЙ$) = -90.40440867890827
correctionProbability (#АУГУМЕНТИН$ -> #АУГМЕНТИН$) = -21.023497185470404
correctionProbability (#НАНБАКА$ -> #НАМБАКА$) = -20.335158342137134
correctionProbability (#ПОЛАНИК$ -> #ПАЛАНИК$) = -21.271265990594557
correctionProbability (#DRIV$ -> #DRIVE$) = -12.10836130022474
correctionProbability (#ЕЛЕНБЕРГ$ -> #ЭЛЕНБЕРГ$) = -21.978609761468327
correctionProbability (#КЧЛИНЫ$ -> #КАЛИНЫ$) = -14.284100086374284
correctionProbability (#ЛЕТЬЕ$ -> #ЛИТЬЕ$) = -14.431907719098636
correctionProbability (#ГЕОГРАФИЕ$ -> #ГЕОГРАФИИ$) = -13.542313980546169
correctionProbability (#МАЄНГРАФТ$ -> #МАЙНКРАФТ$) = -72.7136579886505
correctionProbability (#ВАРФЕЕС$ -> #ВАРФЕЙС$) = -10.399496890501638
correctionProbability (#СВИННОЙ$ -> #СВИНОЙ$) = -17.02379523810271
correctionProbability (#ГИПЕРАСТРУМ$ -> #ГИППЕАСТРУМ$) = -91.17963536145596
correctionProbability (#ПОХУДЕТ$ -> #ПОХУДЕТЬ$) = -14.8281347391869
correctionProbability (#ОСЬАЛОСЬ$ -> #ОСТАЛОСЬ$) = -16.28557672598398
correctionProbability (#ЕОВОСТИ$ -> #НОВОСТИ$) = -4.2798641337189505
correctionProbability (#ЭФЫЕКТ$ -> #ЭФФЕКТ$) = -12.573696136832115
correctionProbability (#ГУДЖЕНЕ$ -> #ГУДЗОНЕ$) = -84.12767760990705
correctionProbability (#ПОЛАТЬ$ -> #ПОДАТЬ$) = -11.205296598955254
correctionProbability (#ПЕЛИНА$ -> #ПЕЛЕНА$) = -18.621490268073867
correctionProbability (#ЗНАКОМТВ$ -> #ЗНАКОМСТВ$) = -12.164685889455534
correctionProbability (#ТЕМЕРТАУ$ -> #ТЕМИРТАУ$) = -15.3279606864537
correctionProbability (#T450BTP$ -> #T450BT$) = -26.188197891600893
correctionProbability (#ХИЛОРИБАКТОРИ$ -> #ХИЛОРИБАКТЕР$) = -97.24132266949931
correctionProbability (#МУКЗЫКА$ -> #МУЗЫКА$) = -7.991237930074927
correctionProbability (#ДРОСЕЛЬНУЮ$ -> #ДРОССЕЛЬНУЮ$) = -24.68760559623813
correctionProbability (#ГРЫБЫ$ -> #ГРИБЫ$) = -8.75441744314033
correctionProbability (#ВКОНТТАКТЕ$ -> #ВКОНТАКТЕ$) = -9.001089775406903
correctionProbability (#DEANA$ -> #DIANA$) = -15.417933388531804
correctionProbability (#GMIL$ -> #GMAIL$) = -8.972382292544115
correctionProbability (#TOCH$ -> #TOUCH$) = -13.444869022060917
correctionProbability (#ПЛУНКУ$ -> #ПЛЕНКУ$) = -14.628518430116781
correctionProbability (#ОМЕСЕНЬЮ$ -> #ОСЕНЬЮ$) = -78.42982383031072
correctionProbability (#BEEEG$ -> #BEEG$) = -15.509915543797906
correctionProbability (#JENSINI$ -> #JENSHINI$) = -23.689645535383413
correctionProbability (#ТРЕБЕОВАНИЯ$ -> #ТРЕБОВАНИЯ$) = -16.923574611548197
correctionProbability (#САХОРНОЙ$ -> #САХАРНОЙ$) = -18.814088049816085
correctionProbability (#НОВОРОЖДЕНОГО$ -> #НОВОРОЖДЕННОГО$) = -20.21919367017901
correctionProbability (#ОБЕМА$ -> #ОБЪЕМА$) = -14.731549966341813
correctionProbability (#ЗНАКОМСК$ -> #ЗНАКОМСТВ$) = -76.99340915613392
correctionProbability (#САХОРНОМ$ -> #САХАРНОМ$) = -15.516933944235198
correctionProbability (#ДЕЕНЬ$ -> #ДЕНЬ$) = -6.363380835834519
correctionProbability (#ДЖИМЕЙ$ -> #ДЖИМЕЙЛ$) = -15.553632244437615
correctionProbability (#АЛІА$ -> #АЛІСА$) = -21.179366165317422
correctionProbability (#ДЕВЧЕНКАМИ$ -> #ДЕВЧОНКАМИ$) = -23.638174951904432
correctionProbability (#TABACCO$ -> #TOBACCO$) = -20.844922698776642
correctionProbability (#ГЛОГОЛОВ$ -> #ГЛАГОЛОВ$) = -15.277347877952792
correctionProbability (#СПЕКТАКЛ$ -> #СПЕКТАКЛЬ$) = -15.023101182344277
correctionProbability (#ВУОНТАКТЕ$ -> #ВКОНТАКТЕ$) = -6.531088438502607
correctionProbability (#РЕКАНСТРУКЦИИ$ -> #РЕКОНСТРУКЦИИ$) = -22.00337009963951
correctionProbability (#СОЦИАПАТ$ -> #СОЦИОПАТ$) = -20.061136079302557
correctionProbability (#ПОЛАТА$ -> #ПАЛАТА$) = -12.749188310767284
correctionProbability (#WARFCE$ -> #WARFACE$) = -14.077972425352478
correctionProbability (#СПОТР$ -> #СПОРТ$) = -74.7001105985896
correctionProbability (#VANTED$ -> #WANTED$) = -14.71725479109853
correctionProbability (#ПРАЗНОВАНИЯ$ -> #ПРАЗДНОВАНИЯ$) = -23.500712647051202
correctionProbability (#ТКАТР$ -> #ТЕАТР$) = -7.694825029600231
correctionProbability (#ПРГРДА$ -> #ПОГОДА$) = -66.00994459337652
correctionProbability (#ЗНАКОМСТ$ -> #ЗНАКОМСТВ$) = -12.21538974090651
correctionProbability (#MALSHIK$ -> #MALCHIK$) = -22.566830463310268
correctionProbability (#БРАУЗЕО$ -> #БРАУЗЕР$) = -10.280895458647393
correctionProbability (#КРОСОВКАХ$ -> #КРОССОВКАХ$) = -23.240737092974292
correctionProbability (#ДЛМАШНЕЕ$ -> #ДОМАШНЕЕ$) = -10.592392702127867
correctionProbability (#ТЗЕ$ -> #ЗЕ$) = -14.358774392471897
correctionProbability (#YOOTUBE$ -> #YOUTUBE$) = -6.38851804558599
correctionProbability (#ШИРИТ$ -> #ШАРИТ$) = -17.191728929050175
correctionProbability (#ШОЛАВЫ$ -> #ШАЛАВЫ$) = -17.388797293206178
correctionProbability (#ФАНТАНЫ$ -> #ФОНТАНЫ$) = -16.5516878529061
correctionProbability (#OTR76$ -> #OT76$) = -33.31914623135488
correctionProbability (#АВИРЕЙСОВ$ -> #АВИАРЕЙСОВ$) = -22.033013603809394
correctionProbability (#КРИСТЛ$ -> #КРИСТАЛЛ$) = -80.91034293925455
correctionProbability (#РЕГЛАМЕН$ -> #РЕГЛАМЕНТ$) = -17.10859206163766
correctionProbability (#ГАТЧМНА$ -> #ГАТЧИНА$) = -15.242051276268768
correctionProbability (#КОМОРОВСКИЙ$ -> #КОМАРОВСКИЙ$) = -20.125288147805506
correctionProbability (#PHEONIX$ -> #PHOENIX$) = -84.82839733780459
correctionProbability (#ЗНАКОМС$ -> #ЗНАКОМСТВ$) = -77.53569485343618
correctionProbability (#УДОЛЕНИЯ$ -> #УДАЛЕНИЯ$) = -14.062655134493824
correctionProbability (#ТЕЛУЗА$ -> #ТУЛУЗА$) = -20.56947398970318
correctionProbability (#САДОН$ -> #САЛОН$) = -8.875766088426683
correctionProbability (#ВЛАДИМРОВИЧ$ -> #ВЛАДИМИРОВИЧ$) = -18.088829690489362
correctionProbability (#ЛЕСНИЦЕЙ$ -> #ЛЕСТНИЦЕЙ$) = -20.692207609391858
correctionProbability (#МАЙЕНКРАФТ$ -> #МАЙНКРАФТ$) = -10.450332582670065
correctionProbability (#СИНЕГИН$ -> #СИНЯГИН$) = -26.922012842041887
correctionProbability (#KLNO$ -> #KINO$) = -9.38680196651752
correctionProbability (#РКССКОГО$ -> #РУССКОГО$) = -10.667904777304258
correctionProbability (#БУТЫЛИРОВАННАЯ$ -> #БУТИЛИРОВАННАЯ$) = -24.3143603210993
correctionProbability (#ГАТКИЙ$ -> #ГАДКИЙ$) = -12.198774797814611
correctionProbability (#ПЕРКЛАДАЧ$ -> #ПЕРЕКЛАДАЧ$) = -17.213768951331936
correctionProbability (#WTH$ -> #WITH$) = -7.899792519078357
correctionProbability (#АЫСТАВКА$ -> #ВЫСТАВКА$) = -12.8925480422591
correctionProbability (#SHEVROLET$ -> #CHEVROLET$) = -17.32936302246506
correctionProbability (#PORNOHUP$ -> #PORNOHUB$) = -15.444823915503953
correctionProbability (#ЛЕРМОТОВ$ -> #ЛЕРМОНТОВ$) = -15.633178062200095
correctionProbability (#ИНМТАГРАМ$ -> #ИНСТАГРАМ$) = -8.560005933400795
correctionProbability (#ШРУЗИНСКАЯ$ -> #ГРУЗИНСКАЯ$) = -19.87709770614417
correctionProbability (#XCIDEO$ -> #XVIDEO$) = -12.133996499655463
correctionProbability (#ЖЕНСКУ$ -> #ЖЕНСКУЮ$) = -13.884307932019297
correctionProbability (#БУРНАХИ$ -> #БУРНАКИ$) = -26.578373481388965
correctionProbability (#НДИСТЫ$ -> #НУДИСТЫ$) = -12.658828238516236
correctionProbability (#ДАВАТ$ -> #ДАВАТЬ$) = -13.966731020459822
correctionProbability (#КООЛЕДЖ$ -> #КОЛЛЕДЖ$) = -10.80396531472924
correctionProbability (#ПОДНИМИТСЯ$ -> #ПОДНИМЕТСЯ$) = -24.605024885507767
correctionProbability (#КАРУПЦИЯ$ -> #КОРРУПЦИЯ$) = -83.62776041065212
correctionProbability (#ВБОН$ -> #БОН$) = -13.609340876284367
correctionProbability (#КАБТНЕТ$ -> #КАБИНЕТ$) = -5.178694705781782
correctionProbability (#МАГОЗИНОВ$ -> #МАГАЗИНОВ$) = -14.563233188296095
correctionProbability (#КОНТРОЛЛЬНАЯ$ -> #КОНТРОЛЬНАЯ$) = -17.841925225975103
correctionProbability (#КАРАГАЛЫ$ -> #КАРАГАЙЛЫ$) = -26.334829874973124
correctionProbability (#МИКРОТИПСЫ$ -> #МИКРОЧИПЫ$) = -102.04189963837833
correctionProbability (#ЖЕНСКО$ -> #ЖЕНСКОЕ$) = -10.960612362481143
correctionProbability (#СЕЩОН$ -> #СЕЗОН$) = -2.1733608785434804
correctionProbability (#ТРИДА$ -> #ТРИАДА$) = -11.187978939195109
correctionProbability (#СТАЙЛЕКС$ -> #СТАЛЕКС$) = -25.082575450859878
correctionProbability (#ФАСТКУП$ -> #ФАСТКАП$) = -20.366020685250888
correctionProbability (#ДАВАЦ$ -> #ДАВАЙ$) = -9.827904687854573
correctionProbability (#БУХГАЛТКРСКРМ$ -> #БУХГАЛТЕРСКОМ$) = -86.31273784831004
correctionProbability (#TWITER$ -> #TWITTER$) = -14.151503359889503
correctionProbability (#ИЗМИРЕНИЯ$ -> #ИЗМЕРЕНИЯ$) = -15.086040293730477
correctionProbability (#РОЗДАТЬ$ -> #РАЗДАТЬ$) = -18.124621013083825
correctionProbability (#ДЕЛАИТ$ -> #ДЕЛАТЬ$) = -74.9516780981575
correctionProbability (#ГАЛИЦИНО$ -> #ГОЛИЦЫНО$) = -83.10672612588414
correctionProbability (#ВИДЕР$ -> #ВИДЕО$) = -1.7507147162128263
correctionProbability (#БИТХОВИН$ -> #БЕТХОВЕН$) = -80.19144125643307
correctionProbability (#РОБДЛОКС$ -> #РОБЛОКС$) = -9.863271899673592
correctionProbability (#КОРБЮРАТОРА$ -> #КАРБЮРАТОРА$) = -19.232498557114994
correctionProbability (#SPAIDER$ -> #SPIDER$) = -17.880535940870235
correctionProbability (#СТЕКЛООЧЕСТИТЕЛЯ$ -> #СТЕКЛООЧИСТИТЕЛЯ$) = -25.219911134040323
correctionProbability (#ТКАСИ$ -> #ТАКСИ$) = -74.16843004092046
correctionProbability (#ДУРНАЛ$ -> #ЖУРНАЛ$) = -8.200122088583345
correctionProbability (#ВИДЕТ$ -> #ВИДИТ$) = -12.230261082986654
correctionProbability (#КАСМЕТОЛОГИЯ$ -> #КОСМЕТОЛОГИЯ$) = -18.996161187642805
correctionProbability (#ПРЕПЕНАНИЯ$ -> #ПРЕПИНАНИЯ$) = -18.26482484998664
correctionProbability (#АЛЕБРА$ -> #АЛГЕБРА$) = -12.25765038740738
correctionProbability (#ЗАКРИВАЮТЬ$ -> #ЗАКРЫВАЮТ$) = -88.07450849568806
correctionProbability (#УПРАСТИТЕ$ -> #УПРОСТИТЕ$) = -20.28177067964939
correctionProbability (#ФЕОЛЕТОО$ -> #ФИОЛЕТОВО$) = -83.25754705402241
correctionProbability (#ПОГЛАЩАЕТ$ -> #ПОГЛОЩАЕТ$) = -24.35417167646532
correctionProbability (#ЭВЕРСТ$ -> #ЭВЕРЕСТ$) = -13.247458365429544
correctionProbability (#ГЕОПОЛІТИКП$ -> #ГЕОПОЛІТИКА$) = -31.221569807358804
correctionProbability (#ЖЕНСКА$ -> #ЖЕНСКАЯ$) = -10.710516995182779
correctionProbability (#ПОДСЛУХАНО$ -> #ПОДСЛУШАНО$) = -13.575915688592396
correctionProbability (#WAKER$ -> #WALKER$) = -15.896140276611984
correctionProbability (#АЛПИНА$ -> #АЛЬПИНА$) = -19.916164624147605
correctionProbability (#БОЛЬШЕВИТСКАЯ$ -> #БОЛЬШЕВИСТСКАЯ$) = -30.586219024608738
correctionProbability (#СПОЛИЛ$ -> #СПАЛИЛ$) = -17.48445660945423
correctionProbability (#ПОРНОХБ$ -> #ПОРНОХАБ$) = -14.411497890532495
correctionProbability (#РЕССУРС$ -> #РЕСУРС$) = -16.530909748079342
correctionProbability (#МОМЕНКО$ -> #МАМЕНКО$) = -14.50066602940651
correctionProbability (#ГАЛИЦИНА$ -> #ГОЛИЦЫНА$) = -84.10004070524786
correctionProbability (#TREPMYDREAM$ -> #TRIPMYDREAM$) = -21.304919326205557
correctionProbability (#АКРАБАТ$ -> #АКРОБАТ$) = -18.06531983216186
correctionProbability (#ХИТМЕН$ -> #ХИТМАН$) = -15.925404230550779
correctionProbability (#OBLOX$ -> #ROBLOX$) = -11.054025397998036
correctionProbability (#ЭЛЮСТРАЦИИ$ -> #ИЛЛЮСТРАЦИИ$) = -82.1750685064447
correctionProbability (#ВИДЕМ$ -> #ВИДИМ$) = -18.077515672511627
correctionProbability (#ТИТАНЕК$ -> #ТИТАНИК$) = -11.921984521006593
correctionProbability (#TODY$ -> #TODAY$) = -9.998449526537765
correctionProbability (#МЕДОСМЛТР$ -> #МЕДОСМОТР$) = -17.5522886980795
correctionProbability (#ЧУЖА$ -> #ЧУЖАЯ$) = -13.1871275808254
correctionProbability (#ЛБРАЗЕЦ$ -> #ОБРАЗЕЦ$) = -8.039804416858154
correctionProbability (#НИКРОЗ$ -> #НЕКРОЗ$) = -17.879896187935604
correctionProbability (#МОВАЛІС$ -> #МОВАЛИС$) = -16.67247322471053
correctionProbability (#UOUTUBE$ -> #YOUTUBE$) = -6.386316062886209
correctionProbability (#УКРЇНИ$ -> #УКРАЇНИ$) = -12.977832131561811
correctionProbability (#БРОККОЛІ$ -> #БРОККОЛИ$) = -15.92748079816019
correctionProbability (#ФЭМЕЛИ$ -> #ФЭМИЛИ$) = -11.08727064833558
correctionProbability (#КОРПАРАТИВА$ -> #КОРПОРАТИВА$) = -21.078135865209667
correctionProbability (#ХАОСТ$ -> #ХВОСТ$) = -10.864249237131187
correctionProbability (#ДЕФСТРОУК$ -> #ДЭФСТРОУК$) = -27.71661278478163
correctionProbability (#ТАЛОМ$ -> #ТАЛЛОМ$) = -25.117447452881876
correctionProbability (#КРЕМЛ$ -> #КРЕМЛЬ$) = -14.186538707012279
correctionProbability (#НАСАЛЬНИК$ -> #НАЧАЛЬНИК$) = -14.568297245132563
correctionProbability (#ПРАКУРАТУРА$ -> #ПРОКУРАТУРА$) = -17.054404516288166
correctionProbability (#ХЕНЕСИ$ -> #ХЕННЕССИ$) = -86.41199369611073
correctionProbability (#КНЫШЕВА$ -> #КОНЫШЕВА$) = -23.694215444028565
correctionProbability (#КОРПАРАТИВЕ$ -> #КОРПОРАТИВЕ$) = -22.30574506250911
correctionProbability (#ЗАЧЕНИЕ$ -> #ЗНАЧЕНИЕ$) = -11.353598310681463
correctionProbability (#ПАДРУГАМИ$ -> #ПОДРУГАМИ$) = -21.082796144377532
correctionProbability (#ВВГЛЯДИТ$ -> #ВЫГЛЯДИТ$) = -11.928975153064627
correctionProbability (#УМИРШИЙ$ -> #УМЕРШИЙ$) = -17.98200730739842
correctionProbability (#ШИКАРНИЙ$ -> #ШИКАРНЫЙ$) = -18.407934309640268
correctionProbability (#НОВОНИКОЛАЕСКОМ$ -> #НОВОНИКОЛАЕВСКОМ$) = -34.105899337710376
correctionProbability (#ДОМОИК$ -> #ДОМИК$) = -12.204332049639238
correctionProbability (#КРАВАВОГО$ -> #КРОВАВОГО$) = -23.909968184347655
correctionProbability (#ШИКАРНИЕ$ -> #ШИКАРНЫЕ$) = -16.96272994219266
correctionProbability (#ХЭНДЕ$ -> #ХЕНДАЙ$) = -140.28005090365892
correctionProbability (#ППАУК$ -> #ПАУК$) = -8.793992817312652
correctionProbability (#BEASTIALITY$ -> #BESTIALITY$) = -26.9945157410393
correctionProbability (#КИЛОГРАМОВ$ -> #КИЛОГРАММОВ$) = -22.059747941366794
correctionProbability (#ПАСЛЕДНИЕ$ -> #ПОСЛЕДНИЕ$) = -9.285077019148325
correctionProbability (#СВМЫЙ$ -> #САМЫЙ$) = -7.410450329325403
correctionProbability (#ORIFLEM$ -> #ORIFLAME$) = -83.8634198375497
correctionProbability (#РУКАММ$ -> #РУКАМИ$) = -5.489062961659172
correctionProbability (#СЕНКЛЕР$ -> #СИНКЛЕР$) = -21.36565478023514
correctionProbability (#АНЛИЗ$ -> #АНАЛИЗ$) = -5.170066181342296
correctionProbability (#ЧУЖУ$ -> #ЧУЖУЮ$) = -15.937759664131253
correctionProbability (#ГЕПАТИТИ$ -> #ГЕПАТИТ$) = -16.744677322996473
correctionProbability (#РУКАМТ$ -> #РУКАМИ$) = -5.484851974493992
correctionProbability (#ПАСЛЕДНИЙ$ -> #ПОСЛЕДНИЙ$) = -10.419635398195737
correctionProbability (#СЕСТРЕНСКАЯ$ -> #СЕСТРИНСКАЯ$) = -25.20961830233398
correctionProbability (#ХАККЫН$ -> #ХАККИН$) = -20.727238511895326
correctionProbability (#КРОСДРЕССЕРОВ$ -> #КРОССДРЕССЕРОВ$) = -30.053769858684944
correctionProbability (#САУДТРЕК$ -> #САУНДТРЕК$) = -18.351082600303656
correctionProbability (#ПЛОКАТ$ -> #ПЛАКАТ$) = -11.411512777866687
correctionProbability (#ОКОРДЫ$ -> #АККОРДЫ$) = -77.06960960783992
correctionProbability (#ЧИПМЕКЕР$ -> #ЧИПМЕЙКЕР$) = -24.695252405386945
correctionProbability (#ДФШАТЬ$ -> #ДЫШАТЬ$) = -15.9994546126532
correctionProbability (#ФУТФЕТИШЬ$ -> #ФУТФЕТИШ$) = -22.92317037733678
correctionProbability (#ИНОНИМ$ -> #СИНОНИМ$) = -13.211756063720472
correctionProbability (#ФАЙФАЯ$ -> #ВАЙФАЯ$) = -16.661245310248322
correctionProbability (#ПОДАЮТЬСЯ$ -> #ПОДАЮТСЯ$) = -25.13978543705553
correctionProbability (#ABDULLAEV$ -> #ABDULLAYEV$) = -24.720670014251233
correctionProbability (#ФОРТАНЙТ$ -> #ФОРТНАЙТ$) = -80.8214262599344
correctionProbability (#ПЧЕЛИННОГО$ -> #ПЧЕЛИНОГО$) = -25.115010212372248
correctionProbability (#БІЧ$ -> #БИЧ$) = -10.392300856229408
correctionProbability (#ЦЕЛЕБРАЛИЗИН$ -> #ЦЕРЕБРОЛИЗИН$) = -87.18978710693938
correctionProbability (#БРАВЕЛ$ -> #БРАВЛ$) = -10.232922945639832
correctionProbability (#КОРПАРАТИВЫ$ -> #КОРПОРАТИВЫ$) = -22.3701528574979
correctionProbability (#ЯРОСЛАВДЬ$ -> #ЯРОСЛАВЛЬ$) = -12.116964756391319
correctionProbability (#ЩКАФ$ -> #ШКАФ$) = -7.58439576527384
correctionProbability (#ПРОСТАКВАШИНО$ -> #ПРОСТОКВАШИНО$) = -17.411276553150245
correctionProbability (#ЧТРБЫ$ -> #ЧТОБЫ$) = -7.628305326811695
correctionProbability (#АВОБУСОВ$ -> #АВТОБУСОВ$) = -12.746903606114131
correctionProbability (#ПСИХИАТОРА$ -> #ПСИХИАТРА$) = -21.272338411379664
correctionProbability (#JACPOT$ -> #JACKPOT$) = -19.41639582045361
correctionProbability (#GRAGON$ -> #DRAGON$) = -12.333203041173707
correctionProbability (#КЕНДЕРЯТА$ -> #КИНДЕРЯТА$) = -28.374635377396622
correctionProbability (#ПАРАЩИНА$ -> #ПОРОШИНА$) = -146.90427864243725
correctionProbability (#ЛЕКАРТСВО$ -> #ЛЕКАРСТВО$) = -80.7622449612392
correctionProbability (#ODNOKLACCNIKII$ -> #ODNOKLASSNIKI$) = -150.21717186012478
correctionProbability (#ОФИИАЛЬНЫЙ$ -> #ОФИЦИАЛЬНЫЙ$) = -7.540511671446723
correctionProbability (#ЗНАКОМТЕСЬ$ -> #ЗНАКОМЬТЕСЬ$) = -21.41341482328619
correctionProbability (#КРЕЛО$ -> #КРЕСЛО$) = -11.16797408175265
correctionProbability (#НУТРИЦВЕТИКА$ -> #НУТРИЦЕВТИКА$) = -105.58395068469576
correctionProbability (#МОЭНЕРГОСБЫТ$ -> #МОСЭНЕРГОСБЫТ$) = -17.851776206150845
correctionProbability (#ЛЕТЫЕ$ -> #ЛИТЫЕ$) = -14.117434067771367
correctionProbability (#ТАКСТИ$ -> #ТАКСИ$) = -8.809404803523915
correctionProbability (#КРАСНОТУРАНСКИ$ -> #КРАСНОТУРАНСКЕ$) = -32.129514837195245
correctionProbability (#ЬАКСИ$ -> #ТАКСИ$) = -6.335556285183909
correctionProbability (#ЧАЙНИЙ$ -> #ЧАЙНЫЙ$) = -14.489077614116884
correctionProbability (#ООРУЖИЕ$ -> #ОРУЖИЕ$) = -12.885092530438019
correctionProbability (#ППЛИНТУСА$ -> #ПЛИНТУСА$) = -19.801607993894223
correctionProbability (#ОЬРАЗОВАНИЕ$ -> #ОБРАЗОВАНИЕ$) = -12.799208214951392
correctionProbability (#МАНДОРА$ -> #МОНДОРО$) = -87.73573912721851
correctionProbability (#ККПЛЮ$ -> #КУПЛЮ$) = -9.011842033356789
correctionProbability (#НОВОСТБИРСК$ -> #НОВОСИБИРСК$) = -12.412198320896664
correctionProbability (#ТЕЛЕХРАНИТЕЛЬ$ -> #ТЕЛОХРАНИТЕЛЬ$) = -20.76855617330316
correctionProbability (#АПАСНОГО$ -> #ОПАСНОГО$) = -18.48933459032027
correctionProbability (#МАТЕРИАЛЛОВ$ -> #МАТЕРИАЛОВ$) = -17.58882478983586
correctionProbability (#ЯЗІКУ$ -> #ЯЗЫКУ$) = -6.343824511288016
correctionProbability (#ANDROYID$ -> #ANDROID$) = -13.875904276799972
correctionProbability (#РЕКЛАМНИХ$ -> #РЕКЛАМНЫХ$) = -18.893418956130922
correctionProbability (#WOROLD$ -> #WORLD$) = -11.0258673158779
correctionProbability (#ПОГРУЗЧИ$ -> #ПОГРУЗЧИК$) = -16.12178470046245
correctionProbability (#ДОГОЛЯТЬ$ -> #ОТГУЛЯТЬ$) = -157.966165721863
correctionProbability (#CПРАВКА$ -> #СПРАВКА$) = -10.868455493144921
correctionProbability (#МЕБИЛЬ$ -> #МЕБЕЛЬ$) = -7.360024636597984
correctionProbability (#ВАДИМИР$ -> #ВЛАДИМИР$) = -10.69786514479997
correctionProbability (#ЕНДОКРИНОЛОГ$ -> #ЭНДОКРИНОЛОГ$) = -20.045779081602305
correctionProbability (#ЗАБОЛИВАНИЯ$ -> #ЗАБОЛЕВАНИЯ$) = -17.142541242585438
correctionProbability (#WARFES$ -> #WARFACE$) = -146.7080340084865
correctionProbability (#РОССБАНК$ -> #РОСБАНК$) = -15.95235877981797
correctionProbability (#БЛРИСОВЕ$ -> #БОРИСОВЕ$) = -17.27477442308325
correctionProbability (#ОЧЕРЕД$ -> #ОЧЕРЕДЬ$) = -14.530535445607178
correctionProbability (#ГИОРГИЙ$ -> #ГЕОРГИЙ$) = -13.312034958660021
correctionProbability (#САСУДОВ$ -> #СОСУДОВ$) = -13.278519472062825
correctionProbability (#КЕСЕЛЕВА$ -> #КИСЕЛЕВА$) = -15.928774251001315
correctionProbability (#ЕКАХАМА$ -> #ЯКОХАМА$) = -84.72347849106681
correctionProbability (#ЛЕКАРТСВА$ -> #ЛЕКАРСТВА$) = -81.71161727174997
correctionProbability (#ВИДГО$ -> #ВИДЕО$) = -1.746926196423992
correctionProbability (#ЖЕНЩИНЫМИ$ -> #ЖЕНЩИНАМИ$) = -15.282849742550539
correctionProbability (#КОЮУХОВО$ -> #КОЖУХОВО$) = -20.53336203565081
correctionProbability (#ALPTIME$ -> #ALLTIME$) = -19.52653689738527
correctionProbability (#РАЗГАВОРНИК$ -> #РАЗГОВОРНИК$) = -20.840880321066848
correctionProbability (#УОШКИ$ -> #КОШКИ$) = -9.032158396918025
correctionProbability (#ПОЯТА$ -> #ПОЧТА$) = -3.8728195972557096
correctionProbability (#ПОЛУЧЕНЯ$ -> #ПОЛУЧЕНИЯ$) = -15.668973680640612
correctionProbability (#ЭКШИН$ -> #ЭКШЕН$) = -12.74286514252719
correctionProbability (#ШАРЭЙТ$ -> #ШАРЕЙТ$) = -20.452762461307817
correctionProbability (#ЗАБОЛИВАНИИ$ -> #ЗАБОЛЕВАНИИ$) = -20.72844115876464
correctionProbability (#ПРЕМНАЯ$ -> #ПРИЕМНАЯ$) = -17.50713648546367
correctionProbability (#LIVESORE$ -> #LIVESCORE$) = -15.088195613058105
correctionProbability (#КЙЛЕК$ -> #КӨЙЛЕК$) = -20.351700744307937
correctionProbability (#САЛОМКА$ -> #СОЛОМКА$) = -19.6144925047723
correctionProbability (#РЕКЛАМНИЙ$ -> #РЕКЛАМНЫЙ$) = -16.265744341494866
correctionProbability (#ХЕТАЙ$ -> #ХЕНТАЙ$) = -9.114226579754952
correctionProbability (#ОЧЕРДЬ$ -> #ОЧЕРЕДЬ$) = -14.597639201641258
correctionProbability (#MENDINI$ -> #MENDINY$) = -21.829070607609978
correctionProbability (#PREMIYM$ -> #PREMIUM$) = -13.34447948903793
correctionProbability (#ТРИВАГА$ -> #ТРИВАГО$) = -16.834318280098543
correctionProbability (#ВЕТЕРА$ -> #ВЕТЕРАН$) = -16.262420731788644
correctionProbability (#ОЗБЕКЧА$ -> #УЗБЕКЧА$) = -16.194453632006528
correctionProbability (#НЮВС$ -> #НЬЮС$) = -76.76907630767167
correctionProbability (#МОТОЦКЛ$ -> #МОТОЦИКЛ$) = -14.249486344154263
correctionProbability (#АВТОПЛІУС$ -> #АВТОПЛИУС$) = -22.93906460327782
correctionProbability (#СИМФЕРОПОЛ$ -> #СИМФЕРОПОЛЬ$) = -13.19169281849473
correctionProbability (#ЗАЕНА$ -> #ЗАМЕНА$) = -8.585163176529104
correctionProbability (#РЯДРМ$ -> #РЯДОМ$) = -9.532793244825282
correctionProbability (#БРАУЗИР$ -> #БРАУЗЕР$) = -10.236835511170398
correctionProbability (#СТРЕЙК$ -> #СТРАЙК$) = -12.919500706085035
correctionProbability (#ЛОВАРИ$ -> #СЛОВАРИ$) = -19.128433461693334
correctionProbability (#COUTER$ -> #COUNTER$) = -16.769455384626724
correctionProbability (#ППЕСНИ$ -> #ПЕСНИ$) = -5.790870872882795
correctionProbability (#АПЛИКАЦЫЯ$ -> #АППЛИКАЦИЯ$) = -79.32403369284064
correctionProbability (#ЛУШЧЕ$ -> #ЛУЧШЕ$) = -75.26243300304532
correctionProbability (#НИКОЛОС$ -> #НИКОЛАС$) = -17.189992795694053
correctionProbability (#ВАЕНКОМАТ$ -> #ВОЕНКОМАТ$) = -16.735433353634946
correctionProbability (#ВИДИЕ$ -> #ВИДЕО$) = -69.55780681060838
correctionProbability (#ДИТЕИ$ -> #ДЕТЕЙ$) = -68.2334034408785
correctionProbability (#ХЕТЕР$ -> #ХУТЕР$) = -19.29457102932105
correctionProbability (#РИБЁНОК$ -> #РЕБЁНОК$) = -14.047311542105234
correctionProbability (#АВИБИЛЕТЫ$ -> #АВИАБИЛЕТЫ$) = -11.12371605888108
correctionProbability (#КЛЮЧЁМ$ -> #КЛЮЧОМ$) = -14.549302446284731
correctionProbability (#ФУНКЦЫИ$ -> #ФУНКЦИИ$) = -11.637594565366612
correctionProbability (#РЕБЙОНКА$ -> #РЕБЕНКА$) = -75.48823807956802
correctionProbability (#РЕТИНОЛАМИН$ -> #РЕТИНАЛАМИН$) = -24.22757923587325
correctionProbability (#ПГДЗ$ -> #ГДЗ$) = -6.058945039018784
correctionProbability (#ТАКССИ$ -> #ТАКСИ$) = -8.76433356940682
correctionProbability (#ШОУШЕНГА$ -> #ШОУШЕНКА$) = -17.49304112875833
correctionProbability (#МОЩЬНОСТЬЮ$ -> #МОЩНОСТЬЮ$) = -22.870790187606943
correctionProbability (#ПГДА$ -> #ПОГОДА$) = -67.1179946165617
correctionProbability (#СТРЕНЖ$ -> #СТРЭНДЖ$) = -81.5659904304347
correctionProbability (#ИНТЕРСНЫЕ$ -> #ИНТЕРЕСНЫЕ$) = -13.926672364543123
correctionProbability (#ЧИТИРЕХ$ -> #ЧЕТЫРЕХ$) = -81.28010178631648
correctionProbability (#АТРИСЫ$ -> #АКТРИСЫ$) = -13.274090161195744
correctionProbability (#ВАРФЕЙМ$ -> #ВАРФЕЙС$) = -10.420903492746092
correctionProbability (#PEREVODCIK$ -> #PEREVODCHIK$) = -18.075094348978467
correctionProbability (#DREM$ -> #DREAM$) = -12.78834573386251
correctionProbability (#ЛАПМА$ -> #ЛАМПА$) = -78.49040636173568
correctionProbability (#ГИКПОРНО$ -> #ГИГПОРНО$) = -15.636498542251864
correctionProbability (#ВОДИНОЙ$ -> #ВОДЯНОЙ$) = -13.631818192595844
correctionProbability (#ВСЛОМКУ$ -> #ВЗЛОМКУ$) = -15.44799311521404
correctionProbability (#ДЕДЖЕЙ$ -> #ДИДЖЕЙ$) = -14.971413699594489
correctionProbability (#ПРИЦЕНТАЦИЯ$ -> #ПРЕЗЕНТАЦИЯ$) = -76.85544354948352
correctionProbability (#ЛЮБРВНЫЙ$ -> #ЛЮБОВНЫЙ$) = -15.307585297031501
correctionProbability (#СВЕТНОЙ$ -> #ЦВЕТНОЙ$) = -11.877649868625696
correctionProbability (#КАЛИМАТОРНЫЙ$ -> #КОЛЛИМАТОРНЫЙ$) = -91.39564234715066
correctionProbability (#НУРМЫНСКИЙ$ -> #НУРМИНСКИЙ$) = -17.771020625294575
correctionProbability (#ОЛЛЯД$ -> #ОГЛЯД$) = -19.951500552746833
correctionProbability (#ГЕРОЙСКПЯ$ -> #ГЕРОЙСКАЯ$) = -16.151790001017453
correctionProbability (#ВАРФЕЙР$ -> #ВАРФАЕР$) = -85.61484151312311
correctionProbability (#DIRETX$ -> #DIRECTX$) = -16.30888888237058
correctionProbability (#АКРЫ$ -> #АКТЕРЫ$) = -74.75735180461494
correctionProbability (#СТРАСНОЕ$ -> #СТРАСТНОЕ$) = -22.03227315658561
correctionProbability (#ДЕВУЧКИ$ -> #ДЕВУШКИ$) = -7.757536486534015
correctionProbability (#ЛЮБРВНЫЕ$ -> #ЛЮБОВНЫЕ$) = -14.609350985852046
correctionProbability (#КООЛЬ$ -> #КОРОЛЬ$) = -8.493843465220575
correctionProbability (#КЛИТЕР$ -> #КЛИТОР$) = -13.90582053081572
correctionProbability (#ПОНЧТИЕ$ -> #ПОНЯТИЕ$) = -12.639713854394643
correctionProbability (#ПРОЛИСКИ$ -> #ПРОЛЕСКИ$) = -26.83057222172902
correctionProbability (#АНСАБЛЯ$ -> #АНСАМБЛЯ$) = -18.519377206645366
correctionProbability (#ВИДИШ$ -> #ВИДИШЬ$) = -17.837775939708127
correctionProbability (#ЕКСПЕРЕМЕНТАЛЬНАЯ$ -> #ЭКСПЕРИМЕНТАЛЬНАЯ$) = -94.40367091706266
correctionProbability (#ФИОРНТИНО$ -> #ФИОРЕНТИНО$) = -27.28257496531227
correctionProbability (#ПРВОПИСАНИЕ$ -> #ПРАВОПИСАНИЕ$) = -19.861669519472322
correctionProbability (#ВДЕВО$ -> #ВИДЕО$) = -69.58119108971326
correctionProbability (#ЭЛЕКТРОЭРАЗИОННЫХ$ -> #ЭЛЕКТРОЭРОЗИОННЫХ$) = -42.87189294725776
correctionProbability (#ДРОБЕЦ$ -> #ДРОБЕЙ$) = -13.54496121785387
correctionProbability (#ОТВЕСТВЕННОСТЬ$ -> #ОТВЕТСТВЕННОСТЬ$) = -22.14993592211752
correctionProbability (#ПОЛИКЛЕНИКА$ -> #ПОЛИКЛИНИКА$) = -13.420396006933032
correctionProbability (#КЗАХСТАН$ -> #КАЗАХСТАН$) = -11.74388449756217
correctionProbability (#ДЕВУЧКА$ -> #ДЕВУШКА$) = -8.56276913425716
correctionProbability (#АРЕЩЕНТАЦИЮ$ -> #ПРЕЗЕНТАЦИЮ$) = -81.98851601943952
correctionProbability (#РАСТАНОВКИ$ -> #РАССТАНОВКИ$) = -23.424263802951714
correctionProbability (#АЛБОКСИНГ$ -> #АЛЛБОКСИНГ$) = -20.091430210423738
correctionProbability (#ОБОЗНАЧЕНИ$ -> #ОБОЗНАЧЕНИЕ$) = -18.074379265339132
correctionProbability (#БАЛШЫЕ$ -> #БОЛЬШИЕ$) = -139.8473575041845
correctionProbability (#ВИДИЛ$ -> #ВИДЕО$) = -66.47526834493097
correctionProbability (#SKAY$ -> #SKY$) = -15.113760931275461
correctionProbability (#ОТРЫТЬ$ -> #ОТКРЫТЬ$) = -10.706742416787506
correctionProbability (#КАЛИГРАЫИЧЕСКИЕ$ -> #КАЛЛИГРАФИЧЕСКИЕ$) = -95.18807608086074
correctionProbability (#ВИДИО$ -> #ВИДЕО$) = -1.6863373756821467
correctionProbability (#МІРЕ$ -> #МИРЕ$) = -7.537953999155054
correctionProbability (#RASSIAN$ -> #RUSSIAN$) = -13.067736031119232
correctionProbability (#АКУАНТ$ -> #АККАУНТ$) = -76.82761027873454
correctionProbability (#ПУСТИРНИК$ -> #ПУСТЫРНИК$) = -19.045634985558195
correctionProbability (#ППЕСНЯ$ -> #ПЕСНЯ$) = -6.231946384380322
correctionProbability (#РЕГИСТРПЦИЯ$ -> #РЕГИСТРАЦИЯ$) = -13.946376043248804
correctionProbability (#DOWNALD$ -> #DOWNLOAD$) = -144.27686243907237
correctionProbability (#АВИАБТЛЕТЫ$ -> #АВИАБИЛЕТЫ$) = -10.545563505068245
correctionProbability (#РАЩБОР$ -> #РАЗБОР$) = -9.88725606087662
correctionProbability (#КЛИНИКАЛЫК$ -> #КЛИНИКАЛЫҚ$) = -25.574613957907523
correctionProbability (#BLUESYSYEM$ -> #BLUESYSTEM$) = -19.234982417744874
correctionProbability (#ОТКРЫВЕНЫЙ$ -> #ОТКРОВЕННЫЙ$) = -88.2224731661183
correctionProbability (#ВОЕНУЮ$ -> #ВОЕННУЮ$) = -16.39150925181177
correctionProbability (#ЖЕЛЕЙНИЙ$ -> #ЖЕЛЕЙНЫЙ$) = -12.137655217966596
correctionProbability (#ОСТАНИТСЯ$ -> #ОСТАНЕТСЯ$) = -19.685197446574044
correctionProbability (#ХЕЛУИНА$ -> #ХЭЛЛОУИНА$) = -146.9327068864074
correctionProbability (#ТАСКАНА$ -> #ТОСКАНА$) = -18.504191014089997
correctionProbability (#SECURITI$ -> #SECURITY$) = -8.348756484222456
correctionProbability (#ПОЛИКЛЕНИКИ$ -> #ПОЛИКЛИНИКИ$) = -18.02079183067613
correctionProbability (#ТОСТЫХ$ -> #ТОЛСТЫХ$) = -15.583697190884784
correctionProbability (#ЛИТАРАТУРЫ$ -> #ЛІТАРАТУРЫ$) = -25.168234461179978
correctionProbability (#ПЛАХОЕ$ -> #ПЛОХОЕ$) = -14.550584692070348
correctionProbability (#ПОКЗАТЬ$ -> #ПОКАЗАТЬ$) = -12.45548933434332
correctionProbability (#УЫESET$ -> #ESET$) = -82.23087408933002
correctionProbability (#КРЕЕД$ -> #КРИД$) = -77.21028739711122
correctionProbability (#ЭМИТАЦИЯ$ -> #ИМИТАЦИЯ$) = -16.09541288977409
correctionProbability (#РУЖЯХ$ -> #РУЖЬЯХ$) = -26.218873390074478
correctionProbability (#НЕКОТИН$ -> #НИКОТИН$) = -16.86006098022002
correctionProbability (#КУНГУРУ$ -> #КЕНГУРУ$) = -15.486662011472575
correctionProbability (#ДЕИСТВИЯ$ -> #ДЕЙСТВИЯ$) = -12.76273582551579
correctionProbability (#РЕББИ$ -> #РЭББИТ$) = -86.71419000741044
correctionProbability (#ЧЕРЕЗВЫЧАЙНО$ -> #ЧРЕЗВЫЧАЙНО$) = -28.517282011442312
correctionProbability (#ААРТИНКИ$ -> #КАРТИНКИ$) = -4.720029263045914
correctionProbability (#РОМАДЕНКИНА$ -> #РОМАШКИНА$) = -160.62363931922417
correctionProbability (#БЛИТУЗ$ -> #БЛЮТУЗ$) = -13.137483328834744
correctionProbability (#НОААЯ$ -> #НОВАЯ$) = -7.279004055658422
correctionProbability (#ППАРК$ -> #ПАРК$) = -9.21065469880828
correctionProbability (#СТВРОПОЛЬ$ -> #СТАВРОПОЛЬ$) = -14.716301259904633
correctionProbability (#UTOMATICALLY$ -> #AUTOMATICALLY$) = -28.76096754807797
correctionProbability (#ДАНИЭЛ$ -> #ДАНИЭЛЬ$) = -15.865188016822387
correctionProbability (#ПЕРМЬЭНЕРГОСБЫТ$ -> #ПЕРМЭНЕРГОСБЫТ$) = -26.065798806182457
correctionProbability (#ТИБЕЦКАЯ$ -> #ТИБЕТСКАЯ$) = -83.67005801339333
correctionProbability (#КАИМИ$ -> #КАКИМИ$) = -13.147299168828514
correctionProbability (#МУЗІКА$ -> #МУЗЫКА$) = -5.472611618370969
correctionProbability (#ПРЛСТИТУТКИ$ -> #ПРОСТИТУТКИ$) = -14.369895780488761
correctionProbability (#SOKERSTAND$ -> #SOCCERSTAND$) = -89.37935943689948
correctionProbability (#РАИБЛЕР$ -> #РАМБЛЕР$) = -7.942764775578375
correctionProbability (#СОЛЕРЖАНИЕ$ -> #СОДЕРЖАНИЕ$) = -13.401127308024002
correctionProbability (#УХТУБ$ -> #ЮТУБ$) = -67.4752664470828
correctionProbability (#ЦЫФРАМ$ -> #ЦИФРАМ$) = -14.352479589800108
correctionProbability (#ВАРФЕИС$ -> #ВАРФЕЙС$) = -10.387064318447962
correctionProbability (#ФРАНККІВСЬКІЙ$ -> #ФРАНКІВСЬКІЙ$) = -33.33513198987934
correctionProbability (#ГОСПАДИН$ -> #ГОСПОДИН$) = -17.482523213487468
correctionProbability (#МИЛАЭВ$ -> #МИЛАЕВ$) = -32.06535508564187
correctionProbability (#АЙТЮНЕС$ -> #АЙТЮНС$) = -16.616768001215714
correctionProbability (#ЦЫФРАЛ$ -> #ЦИФРАЛ$) = -18.868325937263204
correctionProbability (#НАСИКОМЫЕ$ -> #НАСЕКОМЫЕ$) = -16.64822296497517
correctionProbability (#ВПОДАЕТ$ -> #ВПАДАЕТ$) = -18.440722636590834
correctionProbability (#ЭКСЕЛАНТ$ -> #ЭКСЕЛЕНТ$) = -24.333570475983144
correctionProbability (#ПІРСИНГ$ -> #ПИРСИНГ$) = -15.604588605204633
correctionProbability (#APPROPIETE$ -> #APPROPRIATE$) = -90.4393449668482
correctionProbability (#АЛҚОЖА$ -> #ӘЛҚОЖА$) = -17.354328989360294
correctionProbability (#ВАРФЕЙЗ$ -> #ВАРФЕЙС$) = -10.420254890820786
correctionProbability (#РЕГИСТРПЦИИ$ -> #РЕГИСТРАЦИИ$) = -12.304282328460822
correctionProbability (#КРЕДТ$ -> #КРЕДИТ$) = -7.86774138767591
correctionProbability (#ПОКПЗАНИЯ$ -> #ПОКАЗАНИЯ$) = -10.327167474082664
correctionProbability (#РУКАЕБ$ -> #РУКОЕБ$) = -19.716825517014545
correctionProbability (#ОДНОКАССНИКИ$ -> #ОДНОКЛАССНИКИ$) = -11.777891754821283
correctionProbability (#РАССЦЕНКИ$ -> #РАСЦЕНКИ$) = -17.79484585031056
correctionProbability (#НОТАЛЬНУЮ$ -> #НАТАЛЬНУЮ$) = -20.756543486244603
correctionProbability (#ОБЕКТИВ$ -> #ОБЪЕКТИВ$) = -17.511395256417423
correctionProbability (#ОЗАГЛАВТЕ$ -> #ОЗАГЛАВЬТЕ$) = -23.920663494172246
correctionProbability (#САРАКАНИЕМИ$ -> #САРКАНИЕМИ$) = -38.15147033133647
correctionProbability (#BIZZARE$ -> #BIZARRE$) = -86.8374737544473
correctionProbability (#СТРЕЛЬ$ -> #СТРЕЛЬЦА$) = -82.57478900508168
correctionProbability (#ЯНДЫКС$ -> #ЯНДЕКС$) = -2.269487552089476
correctionProbability (#РЕГЕСТАЦИИ$ -> #РЕГИСТРАЦИИ$) = -77.57508762623047
correctionProbability (#УГЛОВИЙ$ -> #УГЛОВОЙ$) = -11.988353818803873
correctionProbability (#ТАБЛЕТКМ$ -> #ТАБЛЕТКИ$) = -9.620864106718308
correctionProbability (#СЕГОЛНЯ$ -> #СЕГОДНЯ$) = -5.988908390370616
correctionProbability (#БЕЛОРУСКОЙ$ -> #БЕЛОРУССКОЙ$) = -18.63501570665688
correctionProbability (#ИНСАТРИК$ -> #ИНСАНТРИК$) = -22.07133870404028
correctionProbability (#ЗАКАЗТЬ$ -> #ЗАКАЗАТЬ$) = -9.768263461087152
correctionProbability (#КЛЕЕТЬ$ -> #КЛЕИТЬ$) = -13.603506728156244
correctionProbability (#BONGCAM$ -> #BONGACAMS$) = -82.82494605440795
correctionProbability (#ВОРДСКИЛЛС$ -> #ВОРЛДСКИЛЛС$) = -22.050743294554835
correctionProbability (#ПРОФЕСИОНАЛЫ$ -> #ПРОФЕССИОНАЛЫ$) = -24.927602792399405
correctionProbability (#ЦВЕТОЧИК$ -> #ЦВЕТОЧЕК$) = -16.072671493132184
correctionProbability (#ГАЗЕТТА$ -> #ГАЗЕТА$) = -11.188397346092525
correctionProbability (#КАДЕШЕВА$ -> #КАДЫШЕВА$) = -15.818654242340735
correctionProbability (#BATTER$ -> #BETTER$) = -15.521294098001288
correctionProbability (#ПРРДАЮЬСЯ$ -> #ПРОДАЮТСЯ$) = -83.81734153759156
correctionProbability (#METALLIKA$ -> #METALLICA$) = -19.778857407877503
correctionProbability (#МОЩНИЙ$ -> #МОЩНЫЙ$) = -14.55494713096586
correctionProbability (#ЦИВРЫ$ -> #ЦИФРЫ$) = -9.244928932708167
correctionProbability (#ПЕРЕСАДИТИ$ -> #ПЕРЕСАДИТЬ$) = -18.702625186270375
correctionProbability (#БИШКАЕУ$ -> #БИШКЕК$) = -79.75528348789722
correctionProbability (#РАПИТ$ -> #РАПИД$) = -13.949169813668835
correctionProbability (#КУКЛОЛ$ -> #КУКОЛ$) = -13.055829013735202
correctionProbability (#ОТВАЖНИЙ$ -> #ОТВАЖНЫЙ$) = -18.928596525189697
correctionProbability (#ВНЕКЛАСНОГО$ -> #ВНЕКЛАССНОГО$) = -24.877442778437988
correctionProbability (#КРЕДИ$ -> #КРЕДИТ$) = -7.840833678932562
correctionProbability (#САМОЗВАНЫ$ -> #САМОЗВАНЦЫ$) = -13.588549277509081
correctionProbability (#СОЧАНСКОМУ$ -> #СОЧАВСКОМУ$) = -25.571359655937208
correctionProbability (#ПОНЧТИЯ$ -> #ПОНЯТИЯ$) = -14.882831546751973
correctionProbability (#БУМАЖНІ$ -> #БУМАЖНЫЕ$) = -77.9589806106391
correctionProbability (#DOCJHKISINOCHKI$ -> #DOCHKISINOCHKI$) = -31.525965825037417
correctionProbability (#УВИК$ -> #УИК$) = -11.42960601746378
correctionProbability (#ПЛТЬЕ$ -> #ПЛАТЬЕ$) = -9.089932639746227
correctionProbability (#ЗАВЬРА$ -> #ЗАВТРА$) = -9.401908695548872
correctionProbability (#КИШЛИ$ -> #КИНЛИ$) = -21.742822274688525
correctionProbability (#ПИРАЖОК$ -> #ПИРОЖОК$) = -17.727457776748587
correctionProbability (#QUWIQLAR$ -> #QUSHIQLAR$) = -89.30834587848103
correctionProbability (#КУКЛОД$ -> #КУКОЛД$) = -81.49706564697166
correctionProbability (#ЖЮТУБ$ -> #ЮТУБ$) = -2.73945277754952
correctionProbability (#WXE$ -> #EXE$) = -13.693726997619112
correctionProbability (#FLASHCORE$ -> #FLASHSCORE$) = -20.67844015404234
correctionProbability (#СПОЕТНИЦА$ -> #СПЛЕТНИЦА$) = -18.837219475936372
correctionProbability (#ФАНТИЧЕСКИЕ$ -> #ФАНТАСТИЧЕСКИЕ$) = -150.44642244421843
correctionProbability (#МОСКОВСЬКИЙ$ -> #МОСКОВСКИЙ$) = -16.37044458735246
correctionProbability (#ЧАЛАТ$ -> #САЛАТ$) = -7.5926083795088
correctionProbability (#ООНОСОВ$ -> #ЛОМОНОСОВ$) = -82.52164474159288
correctionProbability (#ЕКСПЕРТИЗА$ -> #ЭКСПЕРТИЗА$) = -15.985327705644814
correctionProbability (#СОСТРИЧЬ$ -> #ПОДСТРИЧЬ$) = -84.1359960245709
correctionProbability (#ПАРТЬЕРЫ$ -> #ПОРТЬЕРЫ$) = -19.969334155281935
correctionProbability (#ТКРЦИЯ$ -> #ТУРЦИЯ$) = -9.562372734368498
correctionProbability (#ВИНОГРАДАР$ -> #ВИНОГРАДАРЬ$) = -25.539816444343586
correctionProbability (#БЕСОННИЦА$ -> #БЕССОННИЦА$) = -20.049811930040683
correctionProbability (#КЛЬОВА$ -> #КЛЕВА$) = -80.74780090280422
correctionProbability (#ХЛЕБОПЕЧИ$ -> #ХЛЕБОПЕЧКИ$) = -22.057836621952703
correctionProbability (#ТТАКОЕ$ -> #ТАКОЕ$) = -7.646067844772244
correctionProbability (#ВАЛEРКА$ -> #ВАЛЕРКА$) = -13.266220173772751
correctionProbability (#МУЗІКУ$ -> #МУЗЫКУ$) = -6.8921997986600765
correctionProbability (#КОММИСИЮ$ -> #КОМИССИЮ$) = -86.69389477589472
correctionProbability (#ФТУЛКИ$ -> #ВТУЛКИ$) = -15.716039104915456
correctionProbability (#ПРЕЗИРВАТИВ$ -> #ПРЕЗЕРВАТИВ$) = -20.975070656097706
correctionProbability (#СМЕШРИКИ$ -> #СМЕШАРИКИ$) = -12.874234786937926
correctionProbability (#ЭЙБР$ -> #ЭЙБАР$) = -18.284600904791983
correctionProbability (#МАКАРЭНУ$ -> #МАКАРЕНУ$) = -28.258536396145615
correctionProbability (#ОБЛАСЬЬ$ -> #ОБЛАСТЬ$) = -7.470340950493885
correctionProbability (#ЛЕВУШКЕ$ -> #ДЕВУШКЕ$) = -12.048045493797694
correctionProbability (#СТРОПОЛЬШИК$ -> #СТРОПАЛЬЩИК$) = -85.54854160483762
correctionProbability (#TIMEWED$ -> #TIMEWEB$) = -13.771236356149288
correctionProbability (#СКРВИС$ -> #СЕРВИС$) = -9.163506732396097
correctionProbability (#ПТСАТЬ$ -> #ПИСАТЬ$) = -10.88324171535604
correctionProbability (#ВИДЕШ$ -> #ВИДИШЬ$) = -82.5638505079947
correctionProbability (#EСЛИ$ -> #ЕСЛИ$) = -5.038207070891254
correctionProbability (#ШЕФФ$ -> #ШЕФ$) = -12.041808282375332
correctionProbability (#НОРМАНСКОЙ$ -> #НОРМАННСКОЙ$) = -29.627866329592422
correctionProbability (#ЖОДИН$ -> #ЖОДИНО$) = -16.587880074404044
correctionProbability (#РИЭЛТЕР$ -> #РИЭЛТОР$) = -15.967661108525974
correctionProbability (#МОРГИНШТЕРН$ -> #МОРГЕНШТЕРН$) = -18.807555302827296
correctionProbability (#V50S$ -> #V50$) = -19.857196016664485
correctionProbability (#ХЛОРИТ$ -> #ХЛОРИД$) = -15.691980042773924
correctionProbability (#ПРИСТУПНИКОВ$ -> #ПРЕСТУПНИКОВ$) = -23.96585392859162
correctionProbability (#ТОД$ -> #ТОДД$) = -16.39533844475611
correctionProbability (#АЛКАГОЛИКА$ -> #АЛКОГОЛИКА$) = -21.910557198630492
correctionProbability (#МАРУЗА$ -> #МАЪРУЗА$) = -26.676228579477893
correctionProbability (#ФРАНЦУА$ -> #ФРАНСУА$) = -18.196330762870595
correctionProbability (#ВИДЕЬ$ -> #ВИДЕТЬ$) = -12.776326113230741
correctionProbability (#РУУССКОЕ$ -> #РУССКОЕ$) = -9.924368745606458
correctionProbability (#ЦЕМЕНА$ -> #ЦЕМЕНТА$) = -16.78147632284564
correctionProbability (#РЕШОТКА$ -> #РЕШЕТКА$) = -14.59374192330909
correctionProbability (#SPEADTEST$ -> #SPEEDTEST$) = -15.501828817645823
correctionProbability (#ВАРПЕНЬЕ$ -> #ВАРЕНЬЕ$) = -15.128172766176952
correctionProbability (#МАЙНГРАВТ$ -> #МАЙНКРАФТ$) = -72.70193754688275
correctionProbability (#ЛИБЕРАЛЬ$ -> #ЛИБЕРАЛ$) = -24.886709421706342
correctionProbability (#ДИСКОРТ$ -> #ДИСКОРД$) = -11.74141174545366
correctionProbability (#СЕКСВАЙ$ -> #СЕКСВАЙФ$) = -16.5998132514626
correctionProbability (#САНЬОНГ$ -> #САНЬЕНГ$) = -17.760147477567088
correctionProbability (#DOZARPLATA$ -> #DOZARPLATI$) = -25.415889628544505
correctionProbability (#ДВКРИ$ -> #ДВЕРИ$) = -6.421872501990098
correctionProbability (#ЕВЕЛИН$ -> #ЭВЕЛИН$) = -18.426873564759337
correctionProbability (#ФЕЛИК$ -> #ФЕЛИКС$) = -15.981471232647333
correctionProbability (#БЕРЕМЕННОСЬИ$ -> #БЕРЕМЕННОСТИ$) = -14.819568608356214
correctionProbability (#SETING$ -> #SETTINGS$) = -85.15309866457032
correctionProbability (#RAMANTIKA$ -> #ROMANTIKA$) = -24.570887149832934
correctionProbability (#ПРИЦЕСА$ -> #ПРИНЦЕССА$) = -78.30181088684434
correctionProbability (#ГУЦГЛ$ -> #ГУГЛ$) = -5.551480432703503
correctionProbability (#DUCKDUCK$ -> #DUCKDUCKGO$) = -88.4062344252617
correctionProbability (#ЛЕВУШКИ$ -> #ДЕВУШКИ$) = -7.760640518596311
correctionProbability (#FINNY$ -> #FUNNY$) = -12.698917353031138
correctionProbability (#НАРИСЛВАТЬ$ -> #НАРИСОВАТЬ$) = -10.478427573851832
correctionProbability (#ГИППОТИТ$ -> #ГЕПАТИТ$) = -146.2711728828736
correctionProbability (#РАССЫПНОГО$ -> #РОССЫПНОГО$) = -28.24728610545523
correctionProbability (#СОБЛОЗНИЛА$ -> #СОБЛАЗНИЛА$) = -19.404263476863576
correctionProbability (#ULANDOS$ -> #SLANDO$) = -87.38762940513432
correctionProbability (#ОФРМЛЕНИЯ$ -> #ОФОРМЛЕНИЯ$) = -14.843606033105765
correctionProbability (#ЯСЕНОВА$ -> #ЯСЕНЕВО$) = -81.01508826878081
correctionProbability (#ЮНИЕ$ -> #ЮНЫЕ$) = -10.54593955383648
correctionProbability (#НЕВИНОМЫСК$ -> #НЕВИННОМЫССК$) = -86.75115766931862
correctionProbability (#УСТАЛОСЬ$ -> #УСТАЛОСТЬ$) = -21.019379125239467
correctionProbability (#ЖЕСТОКИ$ -> #ЖЕСТОКИЙ$) = -14.480462006812147
correctionProbability (#ЬАКОЕ$ -> #ТАКОЕ$) = -5.174596782609395
correctionProbability (#КУЛИБЯКА$ -> #КУЛЕБЯКА$) = -21.234432947044965
correctionProbability (#ЧЕЧЕНСКА$ -> #ЧЕЧЕНСКАЯ$) = -17.7749032640495
correctionProbability (#ЛЕВУШКУ$ -> #ДЕВУШКУ$) = -11.753139967857955
correctionProbability (#СПОРТМАТЕР$ -> #СПОРТМАСТЕР$) = -15.583854500369142
correctionProbability (#ЛИМФОЦЫТЫ$ -> #ЛИМФОЦИТЫ$) = -19.444528761106064
correctionProbability (#СИМФЕРОПЛЕ$ -> #СИМФЕРОПОЛЕ$) = -14.372954265330598
correctionProbability (#ЧЕОВЕКА$ -> #ЧЕЛОВЕКА$) = -9.423483305662188
correctionProbability (#СКЛИФАСОВСКИЙ$ -> #СКЛИФОСОВСКИЙ$) = -20.658857290298513
correctionProbability (#ПИЦЕРИЯ$ -> #ПИЦЦЕРИЯ$) = -18.324240293554986
correctionProbability (#ДИСКОРЖ$ -> #ДИСКОРД$) = -11.745345703428
correctionProbability (#БРЛЕЗНЬ$ -> #БОЛЕЗНЬ$) = -11.847105137311772
correctionProbability (#PENTU$ -> #PENTRU$) = -14.667151829932013
correctionProbability (#ЮНИН$ -> #ЮНИОН$) = -15.051649701504498
correctionProbability (#ГОВАРЯТ$ -> #ГОВОРЯТ$) = -11.186581198512002
correctionProbability (#ДТСКАЯ$ -> #ДЕТСКАЯ$) = -9.5527410561863
correctionProbability (#МАНАХИНИ$ -> #МОНАХИНИ$) = -15.590500959590237
correctionProbability (#КУРИННАЯ$ -> #КУРИНАЯ$) = -17.501156062158437
correctionProbability (#ЗАМАЧИТЬ$ -> #ЗАМОЧИТЬ$) = -20.318551733121808
correctionProbability (#ВАДЦАПУ$ -> #ВАТСАПУ$) = -85.23009879960118
correctionProbability (#ДИМНАМИК$ -> #ДИНАМИК$) = -19.068427407923032
correctionProbability (#БКРЕМЕННОСТИ$ -> #БЕРЕМЕННОСТИ$) = -14.82908895488162
correctionProbability (#РПЕДСТАВИТЕЛЬСТВО$ -> #ПРЕДСТАВИТЕЛЬСТВО$) = -94.43531014986627
correctionProbability (#НОМЕРАГРАМ$ -> #НОМЕРОГРАМ$) = -22.886237075056805
correctionProbability (#КАНИКУЛА$ -> #КАНИКУЛЫ$) = -12.096836201855176
correctionProbability (#DIREXT$ -> #DIRECTX$) = -81.05212401434298
correctionProbability (#ГЕТО$ -> #ГЕТТО$) = -16.858430124130283
correctionProbability (#ШЕЛКОВО$ -> #ЩЕЛКОВО$) = -13.711753439162052
correctionProbability (#УНИСТАЛЕР$ -> #УНИНСТАЛЛЕР$) = -92.50053283155422
correctionProbability (#ЮЬТУБ$ -> #ЮТУБ$) = -2.6733678824217684
correctionProbability (#ДВАТЦАТЬ$ -> #ДВАДЦАТЬ$) = -17.001452264946245
correctionProbability (#KCLEANER$ -> #CCLEANER$) = -15.601788216030464
correctionProbability (#РЕШОТКИ$ -> #РЕШЕТКИ$) = -14.232927194698554
correctionProbability (#АВТОМОБИЛЕИ$ -> #АВТОМОБИЛЕЙ$) = -13.762029507357084
correctionProbability (#RAKIYA$ -> #RUKIYA$) = -32.232284552751935
correctionProbability (#ЦЕФРИАКСОН$ -> #ЦЕФТРИАКСОН$) = -20.372023584318654
correctionProbability (#ЦEНА$ -> #ЦЕНА$) = -2.2395997215791574
correctionProbability (#БАБИНАХ$ -> #БОБИНАХ$) = -21.31847373761041
correctionProbability (#PEREVODCHI$ -> #PEREVODCHIK$) = -18.083364667870313
correctionProbability (#ЖАТА$ -> #ДАТА$) = -8.92897337266545
correctionProbability (#ПЛЭЙСТЭЙШЕН$ -> #ПЛЕЙСТЕЙШЕН$) = -84.33867259725649
correctionProbability (#ПОРТАЛШ$ -> #ПОРТАЛ$) = -9.603237565863918
correctionProbability (#ДЫЛЫ$ -> #ЖЫЛЫ$) = -14.408647709201997
correctionProbability (#МИНТАЛИТЕТ$ -> #МЕНТАЛИТЕТ$) = -22.06778332915937
correctionProbability (#POTRAIT$ -> #PORTRAIT$) = -21.91308428456064
correctionProbability (#ЛОУФЕРЫ$ -> #ЛОФЕРЫ$) = -21.27548443973254
correctionProbability (#НАЛООБЛОЖЕНИЯ$ -> #НАЛОГООБЛОЖЕНИЯ$) = -88.90959502755533
correctionProbability (#КАНИКУЛИ$ -> #КАНИКУЛЫ$) = -12.062496229284797
correctionProbability (#ГЕТЗ$ -> #ГЕТЦ$) = -15.465005439514773
correctionProbability (#РЕШОТКЕ$ -> #РЕШЕТКЕ$) = -21.36482294875536
correctionProbability (#НМЛИ$ -> #ЕСЛИ$) = -69.79736376268936
correctionProbability (#РЕЧЫЦА$ -> #РЕЧИЦА$) = -16.277927946256785
correctionProbability (#ДЕПАРТАЦИЯ$ -> #ДЕПОРТАЦИЯ$) = -22.62736519076092
correctionProbability (#НАСМОРОК$ -> #НАСМОРК$) = -19.428204808031083
correctionProbability (#ОХОТНИЧИИ$ -> #ОХОТНИЧЬИ$) = -18.19701133656067
correctionProbability (#ЧВЛЯЕТСЯ$ -> #ЯВЛЯЕТСЯ$) = -12.72897755164147
correctionProbability (#АКТР$ -> #АКТЕР$) = -9.83855421231831
correctionProbability (#АЭРПОРТ$ -> #АЭРОПОРТ$) = -11.415410056600642
correctionProbability (#КСЛИ$ -> #ЕСЛИ$) = -5.030777937116955
correctionProbability (#КАМЕНООСТРОВСКИЙ$ -> #КАМЕННООСТРОВСКИЙ$) = -32.31130925858221
correctionProbability (#SCHOLARHIP$ -> #SCHOLARSHIP$) = -24.145773299886457
correctionProbability (#INOCENT$ -> #INNOCENT$) = -22.70117994316263
correctionProbability (#АНГЛИЙМКОГО$ -> #АНГЛИЙСКОГО$) = -13.435725113294978
correctionProbability (#ФУНКЦИОНАЛДЫ$ -> #ФУНКЦИОНАЛДЫҚ$) = -28.387503195399397
correctionProbability (#КУНГУОА$ -> #КУНГУРА$) = -20.662694163845785
correctionProbability (#ПЕРКВОД$ -> #ПЕРЕВОД$) = -8.363960932911802
correctionProbability (#STIKMAN$ -> #STICKMAN$) = -19.628056280420132
correctionProbability (#КООНГ$ -> #КОНГ$) = -15.05151035231697
correctionProbability (#БРАВАЛ$ -> #БРАВЛ$) = -10.228132673898056
correctionProbability (#КРАКАЖУ$ -> #КРОКОЖУ$) = -83.78669088103156
correctionProbability (#ОБЕВЛЕНИЯ$ -> #ОБЪЯВЛЕНИЯ$) = -77.5317373193466
correctionProbability (#СЕРВЫС$ -> #СЕРВИС$) = -9.15752853762346
correctionProbability (#ТЕОЕФОНОВ$ -> #ТЕЛЕФОНОВ$) = -13.839446000906754
correctionProbability (#HALID$ -> #KHALID$) = -21.376510891908527
correctionProbability (#СВМАРА$ -> #САМАРА$) = -7.8326691087163205
correctionProbability (#ТАЙНИЙ$ -> #ТАЙНЫЙ$) = -13.498682008468844
correctionProbability (#ХЕМЕНГУЭЙ$ -> #ХЕМИНГУЭЙ$) = -21.1986703184975
correctionProbability (#ТАКСОН$ -> #ТУКСОН$) = -14.612450935242979
correctionProbability (#ОБЬЯВИЛ$ -> #ОБЪЯВИЛ$) = -16.739358076077785
correctionProbability (#SIBASTIAN$ -> #SEBASTIAN$) = -21.81122240231329
correctionProbability (#МЕТАЛУРГА$ -> #МЕТАЛЛУРГА$) = -25.826772505793393
correctionProbability (#ОПОРАТ$ -> #АППАРАТ$) = -140.3370282628329
correctionProbability (#РЕЛЕФОПТ$ -> #РЕЛЬЕФОПТ$) = -23.987343940793714
correctionProbability (#WZE$ -> #WIZE$) = -18.296980613689936
correctionProbability (#КЛЕЦМЯТ$ -> #КЛЕЙМЯТ$) = -32.98026539150261
correctionProbability (#ОТВЕСТВЕННОСТИ$ -> #ОТВЕТСТВЕННОСТИ$) = -23.000504987581337
correctionProbability (#DIREX$ -> #DIRECTX$) = -81.65273203555405
correctionProbability (#МІСА$ -> #МІСТА$) = -17.25027015352931
correctionProbability (#НЕСАХАРНОГО$ -> #САХАРНОГО$) = -87.93391438071855
correctionProbability (#ЗАВЯЛОВ$ -> #ЗАВЬЯЛОВ$) = -18.37964471747636
correctionProbability (#НОИНСКЕ$ -> #НОГИНСКЕ$) = -17.97844805377666
correctionProbability (#СВМАРЕ$ -> #САМАРЕ$) = -9.787785599438894
correctionProbability (#ЛЕБЕД$ -> #ЛЕБЕДЬ$) = -13.134795249706524
correctionProbability (#IANDEKS$ -> #YANDEX$) = -141.6144658343099
correctionProbability (#НОСТИ$ -> #НОВОСТИ$) = -70.19390689114202
correctionProbability (#КЕНОЛОГ$ -> #КЕНАЛОГ$) = -20.993864411617274
correctionProbability (#ВИДИЁ$ -> #ВИДЕО$) = -66.48371543869277
correctionProbability (#САМАГОННЫЙ$ -> #САМОГОННЫЙ$) = -18.4645558199678
correctionProbability (#ВИРОМИР$ -> #ВИРТОМИР$) = -19.7138531539401
correctionProbability (#PYTHONE$ -> #PYTHON$) = -17.312220343182293
correctionProbability (#ФАЭСБУК$ -> #ФЕЙСБУК$) = -71.81485648097326
correctionProbability (#ХАМУТЫ$ -> #ХОМУТЫ$) = -17.300149795484014
correctionProbability (#ЛЕНОЛИУМ$ -> #ЛИНОЛЕУМ$) = -79.79201126280286
correctionProbability (#HOREN$ -> #HÖREN$) = -21.307613907286775
correctionProbability (#ГОВЯЖИХ$ -> #ГОВЯЖЬИХ$) = -23.153998393795746
correctionProbability (#КАСОВИЙ$ -> #КАССОВЫЙ$) = -80.69588678133913
correctionProbability (#ТРР$ -> #ТРИ$) = -4.551700065861876
correctionProbability (#ЛИКАРСТВА$ -> #ЛЕКАРСТВА$) = -13.924102790254558
correctionProbability (#ГИГРОМИ$ -> #ГИГРОМЫ$) = -21.900737834059882
correctionProbability (#РАМЬЛЕР$ -> #РАМБЛЕР$) = -7.93181314286322
correctionProbability (#КОНСЕРТ$ -> #КОНЦЕРТ$) = -9.468834636373913
correctionProbability (#САЦЙТ$ -> #САЙТ$) = -3.0363169514855493
correctionProbability (#ЭКВАРИНГУ$ -> #ЭКВАЙРИНГУ$) = -25.584959279138218
correctionProbability (#ФАЛЬГЕ$ -> #ФОЛЬГЕ$) = -14.531184992652744
correctionProbability (#КРАНШТКЙН$ -> #КРОНШТЕЙН$) = -80.5220865099381
correctionProbability (#ВЫННИЦЫ$ -> #ВІННИЦІ$) = -82.2661662982717
correctionProbability (#ВЫННИЦЯ$ -> #ВІННИЦЯ$) = -15.650831670824182
correctionProbability (#КРАМАТОРС$ -> #КРАМАТОРСК$) = -19.019527811561808
correctionProbability (#РССКАЗЫ$ -> #РАССКАЗЫ$) = -11.293896481541715
correctionProbability (#МЕГАРШЕБА$ -> #МЕГАРЕШЕБА$) = -19.546381655810706
correctionProbability (#АДГВАРД$ -> #АДГУАРД$) = -20.294776173398425
correctionProbability (#СТАШНЫЕ$ -> #СТРАШНЫЕ$) = -12.9986497029656
correctionProbability (#ПРОКОМЕНТИРОВАТЬ$ -> #ПРОКОММЕНТИРОВАТЬ$) = -35.17163659292957
correctionProbability (#БАРБОСКИ$ -> #БАРБОСКИНЫ$) = -78.1381918718594
correctionProbability (#ШЕЙДЫРЫ$ -> #ШЕЙДЕРЫ$) = -16.31984785638386
correctionProbability (#РЯЗАНЬЕ$ -> #РЯЗАНЬ$) = -12.780831862230645
correctionProbability (#ЮЬУБЕ$ -> #ЮТУБЕ$) = -6.4489567830912335
correctionProbability (#ЯРОСЛВЛЬ$ -> #ЯРОСЛАВЛЬ$) = -12.713560309498455
correctionProbability (#МАГНЫТНЫЕ$ -> #МАГНИТНЫЕ$) = -16.641725099944104
correctionProbability (#ОРМА$ -> #ФОРМА$) = -8.608228572799558
correctionProbability (#ГЕМС$ -> #ГЕЙМС$) = -11.784683868840698
correctionProbability (#КОЛИЧЕВСТВО$ -> #КОЛИЧЕСТВО$) = -17.14413355126515
correctionProbability (#ПЕСЧАННАЯ$ -> #ПЕСЧАНАЯ$) = -22.295242509136934
correctionProbability (#ДИСТАНСИИ$ -> #ДИСТАНЦИИ$) = -20.16074523595028
correctionProbability (#СТОРОЕНИЯ$ -> #СТРОЕНИЯ$) = -18.37396220785096
correctionProbability (#ТУТЕНЬ$ -> #ТРУТЕНЬ$) = -20.838414343967628
correctionProbability (#ДОКХАТЬ$ -> #ДОЕХАТЬ$) = -11.48302151459717
correctionProbability (#ВОЛОВ$ -> #ВОЛКОВ$) = -13.313927809902669
correctionProbability (#ZARUBEJNIY$ -> #ZARUBEJNIE$) = -23.50798368363602
correctionProbability (#ЦЫНЗУРЫ$ -> #ЦЕНЗУРЫ$) = -12.537154562770766
correctionProbability (#ЭКВАРИНГА$ -> #ЭКВАЙРИНГА$) = -23.33891619865124
correctionProbability (#IMPIRE$ -> #EMPIRE$) = -12.451745953951654
correctionProbability (#SPEECY$ -> #SPECCY$) = -20.0160878403011
correctionProbability (#ТЕРАРРИЮ$ -> #ТЕРРАРИЮ$) = -84.49626322806321
correctionProbability (#ПРЕДСТОВИТЕЛЕМ$ -> #ПРЕДСТАВИТЕЛЯМ$) = -84.63191257678422
correctionProbability (#FESHION$ -> #FASHION$) = -15.706562710750376
correctionProbability (#НМЕР$ -> #НОМЕР$) = -6.902006779372812
correctionProbability (#ГОДАНИЕ$ -> #ГАДАНИЕ$) = -9.031545895309605
correctionProbability (#НЕДВИЖИИОСТЬ$ -> #НЕДВИЖИМОСТЬ$) = -13.240491128531708
correctionProbability (#САСІЗА$ -> #САСИСА$) = -79.47607949257615
correctionProbability (#HONDROLINE$ -> #HONDROLON$) = -102.33426230922198
correctionProbability (#BAETI$ -> #BAIETI$) = -20.89847252459312
correctionProbability (#ЕЖЕДНЕВНЫЙБ$ -> #ЕЖЕДНЕВНЫЙ$) = -23.59081004593191
correctionProbability (#ШПОРГАЛКИ$ -> #ШПАРГАЛКИ$) = -20.692274859439067
correctionProbability (#РОЖНОВІ$ -> #РОЖНЯТОВІ$) = -100.7074433288627
correctionProbability (#TOLK$ -> #TALK$) = -13.300348765367733
correctionProbability (#АСФАЛТ$ -> #АСФАЛЬТ$) = -16.572022674977617
correctionProbability (#ЛНСБИ$ -> #ЛЕСБИ$) = -9.712813020827024
correctionProbability (#МУШИНЫ$ -> #МУЖЧИНЫ$) = -75.40077806234096
correctionProbability (#SERAL$ -> #SERIAL$) = -12.119819616080523
correctionProbability (#ПИСУАР$ -> #ПИССУАР$) = -21.3429902364308
correctionProbability (#ЭЛЕКТРОННВЙ$ -> #ЭЛЕКТРОННЫЙ$) = -12.098319693986369
correctionProbability (#ДРБРЫМ$ -> #ДОБРЫМ$) = -10.75605619187262
correctionProbability (#ДЕРЕКТОРОМ$ -> #ДИРЕКТОРОМ$) = -20.11792352664778
correctionProbability (#АЛЕИКСПРЕСС$ -> #АЛИЭКСПРЕСС$) = -79.22323845081942
correctionProbability (#МАШЕНИСТА$ -> #МАШИНИСТА$) = -18.79821746639034
correctionProbability (#СРАНЕНИЕ$ -> #СРАВНЕНИЕ$) = -15.246041955698523
correctionProbability (#АИННИЦЕ$ -> #ВИННИЦЕ$) = -17.673920925069254
correctionProbability (#ТАЙЛЕНДЕ$ -> #ТАЙЛАНДЕ$) = -15.655668202469514
correctionProbability (#ИСНГРАМ$ -> #ИНСТАГРАМ$) = -139.22403844320021
correctionProbability (#МОДЖОНГ$ -> #МАДЖОНГ$) = -10.89602111013739
correctionProbability (#НАЙДЕНОЙ$ -> #НАЙДЕННОЙ$) = -27.337649036885402
correctionProbability (#TOLS$ -> #TOOLS$) = -14.137252574658124
correctionProbability (#ПРОКОФЕ$ -> #ПРОКОФЬЕВ$) = -84.65691080259842
correctionProbability (#МЮНХЕЕ$ -> #МЮНХЕН$) = -15.552829038488706
correctionProbability (#БРЕТСКАЯ$ -> #БРЕСТСКАЯ$) = -18.81053071144165
correctionProbability (#АТАНОСЯН$ -> #АТАНАСЯН$) = -13.685068052657591
correctionProbability (#РЕБЕН$ -> #РЕБЕНКА$) = -74.14466064094628
correctionProbability (#STARVIT$ -> #STARFIT$) = -24.852212389228647
correctionProbability (#ПЕЛЕСОС$ -> #ПЫЛЕСОС$) = -11.543222154887104
correctionProbability (#ТРИМИ$ -> #ТРИМ$) = -21.639842929525944
correctionProbability (#ДЕРМОНТИН$ -> #ДЕРМАНТИН$) = -23.967746193757485
correctionProbability (#ОРЛД$ -> #ВОРЛД$) = -10.520938820296042
correctionProbability (#СКРЫТНЫЕ$ -> #СКРЫТЫЕ$) = -17.060762367905127
correctionProbability (#BUSIC$ -> #BASIC$) = -14.665672232633487
correctionProbability (#JENIFFER$ -> #JENNIFER$) = -85.92838230259437
correctionProbability (#ЩКОЛЕ$ -> #ШКОЛЕ$) = -7.9735474772905555
correctionProbability (#МІЛК$ -> #МИЛК$) = -17.354180414773825
correctionProbability (#РОХЛА$ -> #РОХЛЯ$) = -19.355074472815314
correctionProbability (#ФТНЕС$ -> #ФИТНЕС$) = -9.41857261568838
correctionProbability (#ГОРДИНЫ$ -> #ГАРДИНЫ$) = -17.82401458783876
correctionProbability (#НАЧАНГЕ$ -> #НЯЧАНГЕ$) = -17.319562383602985
correctionProbability (#USSA$ -> #USA$) = -13.622860720620178
correctionProbability (#КАПОДОКИЯ$ -> #КАППАДОКИЯ$) = -85.26010427105655
correctionProbability (#ПРОБЛЕММЫ$ -> #ПРОБЛЕМЫ$) = -15.572998953407051
correctionProbability (#БВТАРЕЯ$ -> #БАТАРЕЯ$) = -14.15707094260842
correctionProbability (#ЩКОЛА$ -> #ШКОЛА$) = -5.465028819337416
correctionProbability (#ОДИВАТЬ$ -> #ОДЕВАТЬ$) = -15.965269750030139
correctionProbability (#ТИЛЕФОН$ -> #ТЕЛЕФОН$) = -7.413541514222743
correctionProbability (#ПЕРЕВОДЖЧИК$ -> #ПЕРЕВОДЧИК$) = -11.189728656193111
correctionProbability (#ЬЕМПЕРАТУРА$ -> #ТЕМПЕРАТУРА$) = -14.90683516487563
correctionProbability (#ВОЛОМ$ -> #ВОЛОС$) = -7.26943124948215
correctionProbability (#АОЕКСЕЙ$ -> #АЛЕКСЕЙ$) = -9.713691108649506
correctionProbability (#ЕЙЛИШ$ -> #АЙЛИШ$) = -11.623902967088217
correctionProbability (#FEISBYKI$ -> #FEISBUKI$) = -21.160932202796168
correctionProbability (#ШАКАЛЬНАЯ$ -> #ШКОЛЬНАЯ$) = -81.70942466738649
correctionProbability (#КОМЕНСКИХ$ -> #КАМЕНСКИХ$) = -17.190560549732858
correctionProbability (#ФАНАТЕКА$ -> #ФАНТАСТИКА$) = -144.06060771546962
correctionProbability (#КОРЕЛИИ$ -> #КАРЕЛИИ$) = -15.122253967984172
correctionProbability (#ПАРАКСИЗМ$ -> #ПАРОКСИЗМ$) = -25.732423352158065
correctionProbability (#ПОМИШЕНИЯ$ -> #ПОМЕЩЕНИЯ$) = -79.60532159428261
correctionProbability (#БЕЛТГИЯ$ -> #БЕЛЬГИЯ$) = -14.928007103836649
correctionProbability (#МАЛФИСЕНТА$ -> #МАЛЕФИСЕНТА$) = -14.46570330451145
correctionProbability (#БАГАЖНИЙ$ -> #БАГАЖНЫЙ$) = -23.92622734233445
correctionProbability (#БЕСПЛАТНИЕ$ -> #БЕСПЛАТНЫЕ$) = -12.336897252846313
correctionProbability (#БОСТ$ -> #БУСТ$) = -15.3885200969281
correctionProbability (#MORIS$ -> #MORRIS$) = -20.06560643012841
correctionProbability (#РУССФИНАНС$ -> #РУСФИНАНС$) = -20.153574720447004
correctionProbability (#ГЕЛС$ -> #ГЕРЛЗ$) = -79.71425719704276
correctionProbability (#УКРАХНИ$ -> #УКРАЇНИ$) = -12.352015450286537
correctionProbability (#ЕСЕПТЕРИ$ -> #ЕСЕПТЕРІ$) = -20.008624695566482
correctionProbability (#РЕСУРНСЫ$ -> #РЕСУРСЫ$) = -16.876662342082092
correctionProbability (#КОМСАМОЛА$ -> #КОМСОМОЛА$) = -15.499830814641612
correctionProbability (#ТЕМПЕРЕТУРА$ -> #ТЕМПЕРАТУРА$) = -14.934458474095194
correctionProbability (#ОБЬЕДЕНИТЬ$ -> #ОБЪЕДИНИТЬ$) = -82.79272476514538
correctionProbability (#DRJYNFRTN$ -> #ВКОНТАКТЕ$) = -524.7934182973515
correctionProbability (#ПОСТОВОЕ$ -> #ПОЧТОВОЕ$) = -15.542634910567728
correctionProbability (#ПИРАЖКИ$ -> #ПИРОЖКИ$) = -13.417047588759552
correctionProbability (#ЛИКАРСТВО$ -> #ЛЕКАРСТВО$) = -12.974730479743805
correctionProbability (#СЕСТРЕНСКИЙ$ -> #СЕСТРИНСКИЙ$) = -22.50359134138042
correctionProbability (#МАГАЗИНЕАХ$ -> #МАГАЗИНАХ$) = -18.78302589165387
correctionProbability (#БОСЫ$ -> #БОССЫ$) = -16.68911934070511
correctionProbability (#SUNGGI$ -> #SUNGI$) = -27.395377132118384
correctionProbability (#ВОЗНОГРАЖДЕНИЕ$ -> #ВОЗНАГРАЖДЕНИЕ$) = -25.31953484587288
correctionProbability (#ЭКШОН$ -> #ЭКШЕН$) = -12.793479321717722
correctionProbability (#ДОПЛЕРОГРАФИЯ$ -> #ДОППЛЕРОГРАФИЯ$) = -30.044143559735005
correctionProbability (#ПЯНДЕКС$ -> #ЯНДЕКС$) = -4.76039217976923
correctionProbability (#ДИВЧОНКА$ -> #ДЕВЧОНКА$) = -16.166910584435506
correctionProbability (#КИПРИЯН$ -> #КИПРИАН$) = -21.43670943899221
correctionProbability (#ПРИБРЕЖНИЙ$ -> #ПРИБРЕЖНЫЙ$) = -22.97447597439949
correctionProbability (#ВАЕРА$ -> #ВАЛЕРА$) = -9.76625806753059
correctionProbability (#ОБЩЕСТОЗНАНИЮ$ -> #ОБЩЕСТВОЗНАНИЮ$) = -20.886131091837697
correctionProbability (#ГЕРБЕС$ -> #ГЕРПЕС$) = -13.935744575340625
correctionProbability (#ЩКОЛУ$ -> #ШКОЛУ$) = -9.671382057283619
correctionProbability (#БРОНЕЖЕЛЕТ$ -> #БРОНЕЖИЛЕТ$) = -21.835460415201943
correctionProbability (#НОВГОРРД$ -> #НОВГОРОД$) = -9.829820054909497
correctionProbability (#TVITTER$ -> #TWITTER$) = -13.542356924849955
correctionProbability (#КВТАЛОГ$ -> #КАТАЛОГ$) = -6.5079732357546405
correctionProbability (#БРЕТОНСКИХ$ -> #БРИТАНСКИХ$) = -86.2044555585916
correctionProbability (#СЛОО$ -> #СЛОВО$) = -8.259898273294368
correctionProbability (#ЛОСФИЛЬМ$ -> #ЛОСТФИЛЬМ$) = -16.303692805467982
correctionProbability (#ЗАПЛАТА$ -> #ЗАРПЛАТА$) = -13.255557885933193
correctionProbability (#МАЛОКОЛОРИЙНАЯ$ -> #МАЛОКАЛОРИЙНАЯ$) = -39.66803270122192
correctionProbability (#ГЕМАРОЯ$ -> #ГЕМОРРОЯ$) = -81.03587832365771
correctionProbability (#УНИВРСИТЕТ$ -> #УНИВЕРСИТЕТ$) = -14.984559002579473
correctionProbability (#ВОЛЛС$ -> #ВОЛОС$) = -7.297776341665475
correctionProbability (#СУРОГАТНОЙ$ -> #СУРРОГАТНОЙ$) = -27.208150386710187
correctionProbability (#ПРИГОВИТЬ$ -> #ПРИГОТОВИТЬ$) = -78.28740592406415
correctionProbability (#МАСАЖНЫЕ$ -> #МАССАЖНЫЕ$) = -17.963968200624116
correctionProbability (#FITBOL$ -> #FUTBOL$) = -13.981931242936415
correctionProbability (#УПОКОВАТЬ$ -> #УПАКОВАТЬ$) = -19.540912630393308
correctionProbability (#РАЮОЧАЯ$ -> #РАБОЧАЯ$) = -9.285718489822074
correctionProbability (#ПЕЛЕС$ -> #ПЭЛАС$) = -83.20031054687652
correctionProbability (#ЩТРАФЫ$ -> #ШТРАФЫ$) = -11.01398284680143
correctionProbability (#ПРІНТЕР$ -> #ПРИНТЕР$) = -11.80117883505578
correctionProbability (#НОВОЛОГОВОЕ$ -> #НОВОЛУГОВОЕ$) = -28.038433563516264
correctionProbability (#СУРОГАТНОЕ$ -> #СУРРОГАТНОЕ$) = -23.74234632735717
correctionProbability (#ЧУКИРИ$ -> #ЦУКИНИ$) = -83.83269530273206
correctionProbability (#ОТГОДАТЬ$ -> #ОТГАДАТЬ$) = -19.998573424229967
correctionProbability (#РАСПОЛОГАТЬ$ -> #РАСПОЛАГАТЬ$) = -25.183462879883095
correctionProbability (#ПЕЛЕТ$ -> #ПЕЛЛЕТ$) = -21.342396291295817
correctionProbability (#БОГАЖНИК$ -> #БАГАЖНИК$) = -15.74032942529319
correctionProbability (#МЕТРАГГИЛ$ -> #МЕТРОГИЛ$) = -85.7310774162972
correctionProbability (#МЕРЗОЯК$ -> #МЕРЗЛЯК$) = -10.827426879743925
correctionProbability (#ТРАНСЛЯЦИЧ$ -> #ТРАНСЛЯЦИЯ$) = -12.954287159866787
correctionProbability (#СНУТРИ$ -> #ВНУТРИ$) = -11.017680126468239
correctionProbability (#ТРЭНДЕ$ -> #ТРЕНДЕ$) = -12.524509164086435
correctionProbability (#ВАТСАППЕ$ -> #ВАТСАПЕ$) = -18.978870676047762
correctionProbability (#ЛУКАВАЯ$ -> #ЛУКОВАЯ$) = -20.21535521924364
correctionProbability (#ВИНЛОВС$ -> #ВИНДОВС$) = -9.793212179511627
correctionProbability (#ВСТАВТЕ$ -> #ВСТАВЬТЕ$) = -19.29230027791028
correctionProbability (#ИОАНА$ -> #ИОАННА$) = -16.058981326902458
correctionProbability (#СВЕЖОЙ$ -> #СВЕЖЕЙ$) = -14.45344051910445
correctionProbability (#МЕРЗОЯН$ -> #МИРЗОЯН$) = -20.377132483479485
correctionProbability (#АВААР$ -> #АВАТАР$) = -11.946365788463172
correctionProbability (#ЗОФИЛЫ$ -> #ЗООФИЛЫ$) = -17.313662575812415
correctionProbability (#БЕСПОРНО$ -> #БЕССПОРНО$) = -24.505128555235096
correctionProbability (#СУДОКИ$ -> #СУДОКУ$) = -10.990568966713287
correctionProbability (#БРОШУРЫ$ -> #БРОШЮРЫ$) = -19.793500947487637
correctionProbability (#АВТОМОБИЛИЙ$ -> #АВТОМОБИЛЕЙ$) = -13.755322501360816
correctionProbability (#НКДОРОГО$ -> #НЕДОРОГО$) = -8.817858930694932
correctionProbability (#СЛОА$ -> #СЛОВА$) = -6.5135657309703205
correctionProbability (#СТАМАТОЛОГ$ -> #СТОМАТОЛОГ$) = -17.36533741540348
correctionProbability (#MAHNLAR$ -> #MAHNILAR$) = -18.419717216420864
correctionProbability (#ЗАЯЛЕНИЕ$ -> #ЗАЯВЛЕНИЕ$) = -13.103368010339082
correctionProbability (#ВАТСАППА$ -> #ВАТСАПА$) = -20.290181865247206
correctionProbability (#ОЗОГЛАВТЕ$ -> #ОЗАГЛАВЬТЕ$) = -88.64525925914
correctionProbability (#МАСАЖНЫЙ$ -> #МАССАЖНЫЙ$) = -17.59142816038056
correctionProbability (#ТЕЛЕПРОГРАММ$ -> #ТЕЛЕПРОГРАММА$) = -16.56579716637993
correctionProbability (#ПАРАДИСТ$ -> #ПАРОДИСТ$) = -21.80880537202001
correctionProbability (#ГАРИЧЕВ$ -> #ГОРЯЧЕВ$) = -85.46249570586782
correctionProbability (#ПНРЕВОДЧИК$ -> #ПЕРЕВОДЧИК$) = -8.675947137650745
correctionProbability (#PREMIRE$ -> #PREMIERE$) = -18.220184139994707
correctionProbability (#ITALYA$ -> #ITALIA$) = -15.32605577122526
correctionProbability (#ЖОЛТЫМ$ -> #ЖЕЛТЫМ$) = -17.25306678275137
correctionProbability (#АВАРЕИКА$ -> #АВАРИЙКА$) = -88.70382880698186
correctionProbability (#ЦИННИЯ$ -> #ЦИНИЯ$) = -21.443085118021042
correctionProbability (#ОРОД$ -> #ГОРОД$) = -5.659534359893545
correctionProbability (#НОСОС$ -> #НАСОС$) = -9.582917158840782
correctionProbability (#РЕШОТОК$ -> #РЕШЕТОК$) = -19.044073127353514
correctionProbability (#ЖОЛТЫЙ$ -> #ЖЕЛТЫЙ$) = -12.586610318095413
correctionProbability (#РКССКОМУ$ -> #РУССКОМУ$) = -9.389962013254546
correctionProbability (#ПРЕКТИРОВАНИЕ$ -> #ПРОЕКТИРОВАНИЕ$) = -19.84376203150675
correctionProbability (#ФАЙСБУКЕ$ -> #ФЕЙСБУКЕ$) = -16.10378785976279
correctionProbability (#ПРЦЕНТЫ$ -> #ПРОЦЕНТЫ$) = -14.671984047051538
correctionProbability (#DKRISTIWA$ -> #KRISTINA$) = -87.581309178384
correctionProbability (#МЕЛАНХОЛІЯ$ -> #МЕЛАНХОЛИЯ$) = -20.77157660338858
correctionProbability (#УПРОАВЛЕНИЕ$ -> #УПРАВЛЕНИЕ$) = -15.522711215636754
correctionProbability (#ПРОВАКАЦИОННОГО$ -> #ПРОВОКАЦИОННОГО$) = -40.63824085308741
correctionProbability (#ПРФЕССИИ$ -> #ПРОФЕССИИ$) = -14.994191794183486
correctionProbability (#ДЖИМЕАЛ$ -> #ДЖИМЕЙЛ$) = -14.980173031799836
correctionProbability (#РУКОВРДИТЕЛЯ$ -> #РУКОВОДИТЕЛЯ$) = -17.9456181973192
correctionProbability (#ПЛОНШЕТЕ$ -> #ПЛАНШЕТЕ$) = -16.389929301110108
correctionProbability (#РАБОТАНШЬ$ -> #РАБОТАЕШЬ$) = -21.593103535170783
correctionProbability (#ЖОЛТЫХ$ -> #ЖЕЛТЫХ$) = -17.044573866864003
correctionProbability (#FJX$ -> #FOX$) = -11.89514476642847
correctionProbability (#МІНЯ$ -> #МЕНЯ$) = -6.074114544191691
correctionProbability (#ВАЧАП$ -> #ВАТСАП$) = -73.83181790289696
correctionProbability (#ЭДВАРТ$ -> #ЭДВАРД$) = -14.503844322149522
correctionProbability (#ВАЕНА$ -> #ВОЙНА$) = -72.30777674750081
correctionProbability (#ФОТОПОРАТ$ -> #ФОТОАППАРАТ$) = -148.3202963869833
correctionProbability (#ЕОТИКА$ -> #ЭРОТИКА$) = -73.24128566813475
correctionProbability (#БОХА$ -> #БОХО$) = -13.123803310316848
correctionProbability (#ШЕВЧИК$ -> #ШЕВЧУК$) = -16.04877263347559
correctionProbability (#КАМПЕЛЯЦИИ$ -> #КОМПИЛЯЦИИ$) = -89.3087447206641
correctionProbability (#МОССКВЫ$ -> #МОСКВЫ$) = -8.941446695933426
correctionProbability (#ФОТООПАРАТ$ -> #ФОТОАППАРАТ$) = -82.9240547268216
correctionProbability (#ОЫИСЫ$ -> #ОФИСЫ$) = -12.96825697550943
correctionProbability (#ПЛОНШЕТА$ -> #ПЛАНШЕТА$) = -14.889049316043035
correctionProbability (#ГЕОГ$ -> #ГЕОГР$) = -23.211946957648905
correctionProbability (#АКОЕ$ -> #ТАКОЕ$) = -5.717097039167829
correctionProbability (#СЛЮШАТЬ$ -> #СЛУШАТЬ$) = -5.126994268408533
correctionProbability (#ВИРГОКАМС$ -> #ВИБРОКАМС$) = -102.64853059357574
correctionProbability (#ОТПУГИВАЮ$ -> #ОТПУГИВАЮТ$) = -27.802058423732454
correctionProbability (#ПРОВРКА$ -> #ПРОВЕРКА$) = -11.470251649297118
correctionProbability (#АДСПОЛЕР$ -> #АДСПОЙЛЕР$) = -24.85369439572458
correctionProbability (#ООБЩЕНИЕ$ -> #СООБЩЕНИЕ$) = -13.261223360457059
correctionProbability (#КРАСНОЯРСКИИ$ -> #КРАСНОЯРСКИЙ$) = -18.238940290302075
correctionProbability (#ИЗВЕНИТЬСЯ$ -> #ИЗВИНИТЬСЯ$) = -24.910085267913495
correctionProbability (#ВЫКАПЫВАЮИ$ -> #ВЫКАПЫВАЮТ$) = -25.180258943541723
correctionProbability (#ЭЛЬДАРОДО$ -> #ЭЛЬДОРАДО$) = -76.75101348458975
correctionProbability (#ДЕЛАБТ$ -> #ДЕЛАЮТ$) = -10.750183059483927
correctionProbability (#ШТЕФИ$ -> #ШТЕФФИ$) = -20.23069724395607
correctionProbability (#ЗАПЛАТЫ$ -> #ЗАРПЛАТЫ$) = -14.608025232670308
correctionProbability (#БАТАНИЧЕСКИЙ$ -> #БОТАНИЧЕСКИЙ$) = -20.514252692050405
correctionProbability (#АКТРИССЫ$ -> #АКТРИСЫ$) = -15.139691846111646
correctionProbability (#НОВОСИБРСК$ -> #НОВОСИБИРСК$) = -12.97523319029905
correctionProbability (#ТРЄЛ$ -> #ТРЕЙЛ$) = -78.8778042414593
correctionProbability (#НОВАСИЛЬ$ -> #НОВОСИЛЬ$) = -23.842218355801755
correctionProbability (#КАМБАИН$ -> #КОМБАЙН$) = -79.52588709571972
correctionProbability (#FLI$ -> #FLY$) = -11.691925119012613
correctionProbability (#БЕРЕ7ГА$ -> #БЕРЕГА$) = -12.260852211484963
correctionProbability (#ЗАЯЛЕНИЯ$ -> #ЗАЯВЛЕНИЯ$) = -14.868242414829908
correctionProbability (#ЗИНАКОМИСТВА$ -> #ЗНАКОМСТВА$) = -80.50478391125088
correctionProbability (#РАЗГАВОР$ -> #РАЗГОВОР$) = -15.57248961272105
correctionProbability (#КАТАДАЛОН$ -> #КАТАДОЛОН$) = -23.61587133350004
correctionProbability (#ТИКТОНИК$ -> #ТЕКТОНИК$) = -21.75287623732205
correctionProbability (#OFLAY$ -> #ONLAYN$) = -80.86183849208258
correctionProbability (#КОНФІСКАТ$ -> #КОНФИСКАТ$) = -21.174572846473076
correctionProbability (#КУЛИЧКОВА$ -> #КУЛИКОВА$) = -19.737738295054676
correctionProbability (#ПОХУДАННІ$ -> #ПОХУДЕНИИ$) = -149.47467554903793
correctionProbability (#ЕЏIFREMI$ -> #ŞIFREMI$) = -100.42715227309999
correctionProbability (#ЛОГТИ$ -> #ЛОКТИ$) = -18.89437000616174
correctionProbability (#ОРКЖИЕ$ -> #ОРУЖИЕ$) = -10.391514910518584
correctionProbability (#КОРДИНАТНОЙ$ -> #КООРДИНАТНОЙ$) = -23.569290546863826
correctionProbability (#ВМЕСТИ$ -> #ВМЕСТЕ$) = -10.267503964020538
correctionProbability (#БАЫ$ -> #БАБЫ$) = -9.662184823697903
correctionProbability (#ЦИННИИ$ -> #ЦИНИИ$) = -23.153723282698948
correctionProbability (#ПРРСТО$ -> #ПРОСТО$) = -9.773097473731863
correctionProbability (#БАЬ$ -> #БАБ$) = -10.735921466180113
correctionProbability (#ВЕЛИКИН$ -> #ВИЛЕНКИН$) = -145.1782581573765
correctionProbability (#ТУО$ -> #ТУР$) = -6.8305543015375925
correctionProbability (#ГОСТИНТЦА$ -> #ГОСТИНИЦА$) = -13.181037360477426
correctionProbability (#ЦВЕТАМТ$ -> #ЦВЕТАМИ$) = -12.461786210769645
correctionProbability (#БУТИЛКА$ -> #БУТЫЛКА$) = -15.55913549680698
correctionProbability (#АКОЙ$ -> #КАКОЙ$) = -6.140605876714947
correctionProbability (#ДРОБВИ$ -> #ДРОБИ$) = -15.12493799592502
correctionProbability (#РОСМЕН$ -> #РОСМЭН$) = -20.09780684929864
correctionProbability (#ЗАДВИЖНЫЕ$ -> #РАЗДВИЖНЫЕ$) = -82.4684614763786
correctionProbability (#АПРЕКА$ -> #АПТЕКА$) = -8.004824064408282
correctionProbability (#ВСТАВТЬ$ -> #ВСТАВИТЬ$) = -14.665567961706856
correctionProbability (#КАЗІНО$ -> #КАЗИНО$) = -10.336022006454808
correctionProbability (#ЗАГАЛКИ$ -> #ЗАГАДКИ$) = -11.424693144228343
correctionProbability (#ПРВЕЛЬНО$ -> #ПРАВИЛЬНО$) = -74.93054049870547
correctionProbability (#БУТИЛКУ$ -> #БУТЫЛКУ$) = -15.632648893123772
correctionProbability (#ШЕХОВ$ -> #ЧЕХОВ$) = -11.959226204249365
correctionProbability (#ЖАНН$ -> #ЖАН$) = -13.87293275476841
correctionProbability (#ГГОСУСЛУГИ$ -> #ГОСУСЛУГИ$) = -11.705053315439237
correctionProbability (#СИНДРОМАМ$ -> #СИНДРОМОМ$) = -20.238703490228573
correctionProbability (#МОТОДОР$ -> #МАТАДОР$) = -81.96404106443798
correctionProbability (#ПОЛУДШЕ$ -> #ПОЛУЧШЕ$) = -23.243445903299225
correctionProbability (#КОЛАШНИКОВА$ -> #КАЛАШНИКОВА$) = -19.228008544201884
correctionProbability (#ППРОЕКТ$ -> #ПРОЕКТ$) = -10.807019174005251
correctionProbability (#СУРВАИВ$ -> #СУРВИВ$) = -18.784859918836606
correctionProbability (#SKYPR$ -> #SKYPE$) = -12.462145277368737
correctionProbability (#ГРУЗАВЫХ$ -> #ГРУЗОВЫХ$) = -13.263002269516633
correctionProbability (#ГЕМАРОЙ$ -> #ГЕМОРРОЙ$) = -81.33606070343241
correctionProbability (#ХЕНТАЙА$ -> #ХЕНТАЙ$) = -11.068336520230307
correctionProbability (#БУГАТІ$ -> #БУГАТТИ$) = -81.6912408196934
correctionProbability (#АЛЬПИКОЛ$ -> #АЛЬПИКА$) = -88.53275501321049
correctionProbability (#ПУЩИНСКИЙ$ -> #ПУШКИНСКИЙ$) = -84.96917586181168
correctionProbability (#ЭЛТРОННЫЙ$ -> #ЭЛЕКТРОННЫЙ$) = -78.04386774086339
correctionProbability (#АКНО$ -> #ОКНО$) = -9.646791754441619
correctionProbability (#ЦЕПТОР$ -> #ЦЕПТЕР$) = -16.786541665355653
correctionProbability (#FKY$ -> #FLY$) = -11.70222612573981
correctionProbability (#ДИОЛОГАМИ$ -> #ДИАЛОГАМИ$) = -21.525662315303528
correctionProbability (#ПРИБИОТИКИ$ -> #ПРОБИОТИКИ$) = -21.45076044695685
correctionProbability (#МЕРСДЕС$ -> #МЕРСЕДЕС$) = -11.392666962977714
correctionProbability (#ЗАГАЛКА$ -> #ЗАГАДКА$) = -13.736817856078716
correctionProbability (#МУЩИНАМ$ -> #МУЖЧИНАМ$) = -81.74925890581287
correctionProbability (#БАЛАНЫН$ -> #БАЛАНЫҢ$) = -17.584835609274094
correctionProbability (#МИАС$ -> #МИАСС$) = -12.052516903701655
correctionProbability (#АНЕНСКИЙ$ -> #АННЕНСКИЙ$) = -23.926916413841226
correctionProbability (#МОКРИ$ -> #МОКРЫХ$) = -84.27796214517521
correctionProbability (#СТОРОЕНИЕ$ -> #СТРОЕНИЕ$) = -14.231537945102588
correctionProbability (#ХЕНТАЙЙ$ -> #ХЕНТАЙ$) = -11.098149026214013
correctionProbability (#STIKMEN$ -> #STICKMAN$) = -84.37567183999667
correctionProbability (#МИАЛ$ -> #МАЙЛ$) = -71.4679964578132
correctionProbability (#ПРФЕССИЯ$ -> #ПРОФЕССИЯ$) = -16.095715178013172
correctionProbability (#1098S$ -> #1098$) = -23.92403897211203
correctionProbability (#ТРЭНДЫ$ -> #ТРЕНДЫ$) = -13.774119853034232
correctionProbability (#ДОЛЖНОСТ$ -> #ДОЛЖНОСТЬ$) = -16.78743447571781
correctionProbability (#ГИМОРОЕ$ -> #ГЕМОРРОЕ$) = -84.02352121647485
correctionProbability (#ЗЕЛНГРАД$ -> #ЗЕЛЕНОГРАД$) = -82.3948783949825
correctionProbability (#МАДОГ$ -> #МАДЖОНГ$) = -76.81458054054131
correctionProbability (#КУПИТЬТ$ -> #КУПИТЬ$) = -3.8974204078228745
correctionProbability (#ОСКАРБЛЯЮТ$ -> #ОСКОРБЛЯЮТ$) = -26.576840803226595
correctionProbability (#БВЛ$ -> #БЫЛ$) = -8.373773588337993
correctionProbability (#МОБАЦЛ$ -> #МОБАЙЛ$) = -12.679463679474328
correctionProbability (#КАРЛЕОНЕ$ -> #КОРЛЕОНЕ$) = -21.69948718609775
correctionProbability (#СМРТПЕТЬ$ -> #СМОТРЕТЬ$) = -67.18876416946198
correctionProbability (#ПРОФФЕСИОНАЛЬНАЯ$ -> #ПРОФЕССИОНАЛЬНАЯ$) = -90.47647397805424
correctionProbability (#ICUP$ -> #ICCUP$) = -17.28502994633391
correctionProbability (#ПРАЗДНИЧНИЕ$ -> #ПРАЗДНИЧНЫЕ$) = -16.551850776127658
correctionProbability (#ЦИНАРИЗИН$ -> #ЦИННАРИЗИН$) = -20.97064016152958
correctionProbability (#SEREI$ -> #SERII$) = -16.185987620920702
correctionProbability (#ТАБЛЕТУИ$ -> #ТАБЛЕТКИ$) = -9.608575747696975
correctionProbability (#TWISTUS$ -> #TWISTYS$) = -20.501635254751015
correctionProbability (#СДУДЕНТ$ -> #СТУДЕНТ$) = -15.004764144880816
correctionProbability (#МАНЖУРСКИЙ$ -> #МАНЬЧЖУРСКИЙ$) = -90.75245590421599
correctionProbability (#ЛИНИНИИ$ -> #ЛИНИИ$) = -78.89319076274641
correctionProbability (#ЗАВЕЗТИ$ -> #ЗАВЕСТИ$) = -15.334747454440397
correctionProbability (#ТФУ$ -> #ТЬФУ$) = -21.16980181755159
correctionProbability (#ОЮРАЗЕЦ$ -> #ОБРАЗЕЦ$) = -7.994634517015463
correctionProbability (#ЗОСТАВИЛ$ -> #ЗАСТАВИЛ$) = -18.508709594876464
correctionProbability (#МАРГРУЬКИ$ -> #МАРШРУТКИ$) = -81.71540159202125
correctionProbability (#БУНИНОВИЧ$ -> #БУНИМОВИЧ$) = -18.271542125497696
correctionProbability (#МУАННА$ -> #МОАНА$) = -79.0781239827771
correctionProbability (#ОПРАТОР$ -> #ОПЕРАТОР$) = -12.710087073964097
correctionProbability (#ПАРИКИАХЕРСКАЯ$ -> #ПАРИКМАХЕРСКАЯ$) = -20.72170877348313
correctionProbability (#МЕГАБАС$ -> #МЕГАБАСС$) = -24.534597320600376
correctionProbability (#ГОРИЗОН$ -> #ГОРИЗОНТ$) = -16.129653815134787
correctionProbability (#ВЫГОДСКИЙ$ -> #ВЫГОТСКИЙ$) = -22.61468046401773
correctionProbability (#ФАЙЛОВА$ -> #ФАЙЛОВАЯ$) = -21.54670661411879
correctionProbability (#ЗЕМЬЛЕТРЯСЕНИЕ$ -> #ЗЕМЛЕТРЯСЕНИЕ$) = -23.550770964835323
correctionProbability (#АККАМУЛЯТОРОВ$ -> #АККУМУЛЯТОРОВ$) = -21.91224207799017
correctionProbability (#СВЕШИЕ$ -> #СВЕЖИЕ$) = -7.59314992534873
correctionProbability (#МАИНКРАФ$ -> #МАЙНКРАФТ$) = -73.22434335232691
correctionProbability (#СКАЧАИТЬ$ -> #СКАЧАТЬ$) = -4.987568991624505
correctionProbability (#ФЛЕБОРОСПАЗМ$ -> #БЛЕФАРОСПАЗМ$) = -159.15534500266517
correctionProbability (#ПОДДЕРГИВАНИЯ$ -> #ПОДЕРГИВАНИЯ$) = -32.281874737442905
correctionProbability (#АБОЧАЯ$ -> #РАБОЧАЯ$) = -9.879734880363209
correctionProbability (#ГЛЕВАСИ$ -> #ГЛЕВАСІ$) = -32.936418210936026
correctionProbability (#СБЕРАНК$ -> #СБЕРБАНК$) = -6.588383126951761
correctionProbability (#БЕРЕМЕННОСТО$ -> #БЕРЕМЕННОСТЬ$) = -16.35590150197507
correctionProbability (#ПОГРУЩИК$ -> #ПОГРУЗЧИК$) = -80.85993825079785
correctionProbability (#ПЕНСІІ$ -> #ПЕНСІЇ$) = -21.190287914567985
correctionProbability (#ГОРООСКОП$ -> #ГОРОСКОП$) = -11.753311099591812
correctionProbability (#СТЕТХЭМ$ -> #СТЭТХЭМ$) = -18.096429969241825
correctionProbability (#МАГЫНАСЫ$ -> #МАҒЫНАСЫ$) = -20.03142043156187
correctionProbability (#КУПИТЬБ$ -> #КУПИТЬ$) = -3.941724274216554
correctionProbability (#МЕСЕНДЖЕР$ -> #МЕССЕНДЖЕР$) = -20.90979337224072
correctionProbability (#КАЛЬКУЛЯТОО$ -> #КАЛЬКУЛЯТОР$) = -12.19268766829768
correctionProbability (#ПОХУДАНИЕ$ -> #ПОХУДЕНИЕ$) = -18.1743912871446
correctionProbability (#ЛЕЧИТБ$ -> #ЛЕЧИТЬ$) = -9.88339299271556
correctionProbability (#ПОДПКГА$ -> #ПОДРУГА$) = -78.30563708857154
correctionProbability (#САЛЯНКА$ -> #СОЛЯНКА$) = -13.530867255871932
correctionProbability (#АКИИ$ -> #АКЦИИ$) = -7.7917365893888615
correctionProbability (#КОНСУЛЬТАТН$ -> #КОНСУЛЬТАНТ$) = -84.51459179675089
correctionProbability (#СТРИЛЯЛКИ$ -> #СТРЕЛЯЛКИ$) = -13.584369379761839
correctionProbability (#CORNI$ -> #CHORNI$) = -22.53675683773909
correctionProbability (#ЭСПЕРТИЗА$ -> #ЭКСПЕРТИЗА$) = -16.61491910440465
correctionProbability (#СВИННАЯ$ -> #СВИНАЯ$) = -18.0514860441801
correctionProbability (#АКИЕ$ -> #КАКИЕ$) = -6.405050750504028
correctionProbability (#ТЕНЕСИСТ$ -> #ТЕННИСИСТ$) = -85.36169301463094
correctionProbability (#УВОЛНЕНИЕ$ -> #УВОЛЬНЕНИЕ$) = -17.33848878830898
correctionProbability (#УВОЛНЕНИИ$ -> #УВОЛЬНЕНИИ$) = -16.763407430922037
correctionProbability (#ГАЛЕЛЕО$ -> #ГАЛИЛЕО$) = -16.318285110748015
correctionProbability (#ПАРАЛЛЕПИПЕД$ -> #ПАРАЛЛЕЛЕПИПЕД$) = -91.24245036954736
correctionProbability (#КАМЫСПАЕВА$ -> #КОМЫСПАЕВА$) = -35.666412225311184
correctionProbability (#DOCHKMISINOCHKI$ -> #DOCHKISINOCHKI$) = -31.521215067740542
correctionProbability (#ДЯДЬКОВО$ -> #ДЯТЬКОВО$) = -18.499998153208416
correctionProbability (#ГЕИВ$ -> #ГЕЕВ$) = -11.422993819868086
correctionProbability (#НИНЭЛЬ$ -> #НИНЕЛЬ$) = -17.584534243785765
correctionProbability (#ТРИНЕРОВКИ$ -> #ТРЕНИРОВКИ$) = -80.94540633697511
correctionProbability (#WALLMART$ -> #WALMART$) = -21.648837478842736
correctionProbability (#НАВИСНОЙ$ -> #НАВЕСНОЙ$) = -16.353730674486044
correctionProbability (#НЕМИСУЛИД$ -> #НИМЕСУЛИД$) = -83.38140987317588
correctionProbability (#НАЧИСЛЯТСЯ$ -> #НАЧИСЛЯТЬСЯ$) = -27.94462840060453
correctionProbability (#RESULTST$ -> #RESULTS$) = -16.218857529186067
correctionProbability (#АПАРТАМЕНТИ$ -> #АПАРТАМЕНТЫ$) = -18.174415702656503
correctionProbability (#ПРОДАБТСЯ$ -> #ПРОДАЮТСЯ$) = -18.99458074839685
correctionProbability (#ОБРАЩАТСЯ$ -> #ОБРАЩАТЬСЯ$) = -19.439895458971755
correctionProbability (#МЕТАЛОПЛАСТИК$ -> #МЕТАЛЛОПЛАСТИК$) = -30.601027572881122
correctionProbability (#ПЕРЕПРАШИТЬ$ -> #ПЕРЕПРОШИТЬ$) = -21.585580879010323
correctionProbability (#СУБЬЕКТІСІ$ -> #СУБЪЕКТІСІ$) = -27.144742382856577
correctionProbability (#MILINKA$ -> #MALINKA$) = -25.141180508515205
correctionProbability (#СОЬОЙ$ -> #СОБОЙ$) = -11.19100702099627
correctionProbability (#ПОРНЛХАБ$ -> #ПОРНОХАБ$) = -13.850167399189395
correctionProbability (#ПЯТАЧЕК$ -> #ПЯТАЧОК$) = -18.344180895244506
correctionProbability (#ГОЛЬДЖІ$ -> #ГОЛЬДЖИ$) = -19.194803352967924
correctionProbability (#БАРЬБА$ -> #БОРЬБА$) = -12.493213724266521
correctionProbability (#РОЛЛЕКС$ -> #РОЛЕКС$) = -20.117601704379258
correctionProbability (#ЩАДАЧИ$ -> #ЗАДАЧИ$) = -10.24668341194413
correctionProbability (#МОЯКОВСКОГО$ -> #МАЯКОВСКОГО$) = -19.546252891083782
correctionProbability (#ИНТЕЛЕКТУАЛЬНОЕ$ -> #ИНТЕЛЛЕКТУАЛЬНОЕ$) = -30.948491653117664
correctionProbability (#МАЗАЙКУ$ -> #МОЗАИКУ$) = -84.0736407886805
correctionProbability (#ГРИВЕНЬ$ -> #ГРИВЕН$) = -17.924211540616458
correctionProbability (#ВОЕНЫХ$ -> #ВОЕННЫХ$) = -14.06917803129491
correctionProbability (#ПРОЬЛЕМЫ$ -> #ПРОБЛЕМЫ$) = -13.058855274804579
correctionProbability (#АОГОДА$ -> #ПОГОДА$) = -1.1877603388372613
correctionProbability (#КОМПЛЕВИТ$ -> #КОМПЛИВИТ$) = -19.49052949127247
correctionProbability (#ТОЛЩЕНЫ$ -> #ТОЛЩИНЫ$) = -18.71865950282848
correctionProbability (#ПАДЖЕРА$ -> #ПАДЖЕРО$) = -13.77530471872555
correctionProbability (#РАЮОЧИЙ$ -> #РАБОЧИЙ$) = -8.116451185648629
correctionProbability (#ТААКОЕ$ -> #ТАКОЕ$) = -7.650762689076455
correctionProbability (#ЭЛЕЕКТРИЧЕСКОГО$ -> #ЭЛЕКТРИЧЕСКОГО$) = -25.450376184510617
correctionProbability (#MALON$ -> #MALONE$) = -17.94769215266272
correctionProbability (#МОНИТРИНГ$ -> #МОНИТОРИНГ$) = -16.604113989766823
correctionProbability (#СУРГУТНФТЕГАЗА$ -> #СУРГУТНЕФТЕГАЗА$) = -29.30828911460334
correctionProbability (#NIKOLE$ -> #NICOLE$) = -9.186683586749805
correctionProbability (#КОЛАНХОЭ$ -> #КАЛАНХОЭ$) = -17.41647958976968
correctionProbability (#ВКТЕРЫ$ -> #АКТЁРЫ$) = -75.35433516969492
correctionProbability (#ПЕДАГОГО$ -> #ПЕДАГОГА$) = -15.269097905859141
correctionProbability (#РАЮОЧИЕ$ -> #РАБОЧИЕ$) = -13.324269372142972
correctionProbability (#ПРАЗЖНИК$ -> #ПРАЗДНИК$) = -10.873925073534728
correctionProbability (#ОДКЛАССНКИ$ -> #ОДНОКЛАССНИКИ$) = -142.44965759815182
correctionProbability (#ДМИТРИ$ -> #ДМИТРИЙ$) = -10.53249195786185
correctionProbability (#JUDIT$ -> #JUDITH$) = -23.71363655685353
correctionProbability (#СМВОЛ$ -> #СИМВОЛ$) = -11.576042751038077
correctionProbability (#БРЕЙТЛИНГ$ -> #БРАЙТЛИНГ$) = -20.086200271038216
correctionProbability (#ПРОЙДЕ$ -> #ПРОЙДЕТ$) = -17.01376578230783
correctionProbability (#ВІРОК$ -> #ВЫРОК$) = -31.28333618483056
correctionProbability (#КЛИМАТИСЫ$ -> #КЛЕМАТИСЫ$) = -19.577595404871623
correctionProbability (#ГОЛЬДЕН$ -> #ГОЛДЕН$) = -16.442579320193165
correctionProbability (#КАСЬЯНОВО$ -> #КАСЬЯНОВА$) = -22.129241467333486
correctionProbability (#ДВМГАТЕЛЕЙ$ -> #ДВИГАТЕЛЕЙ$) = -17.22027367346277
correctionProbability (#СПАЕЕС$ -> #СПАКЕС$) = -12.514781863806402
correctionProbability (#ОДНОКЛАССННИКИ$ -> #ОДНОКЛАССНИКИ$) = -13.64050692022559
correctionProbability (#ДИСКОРРД$ -> #ДИСКОРД$) = -14.24476337891619
correctionProbability (#OAZIS$ -> #OASIS$) = -16.31226285082926
correctionProbability (#ОГРАНИЗАЦИИ$ -> #ОРГАНИЗАЦИИ$) = -82.28003132147299
correctionProbability (#ПЕРЕКЕСЬЮ$ -> #ПЕРЕКИСЬЮ$) = -19.19115541356409
correctionProbability (#ВОЕНЫЙ$ -> #ВОЕННЫЙ$) = -12.126894500739915
correctionProbability (#СЁМКА$ -> #СЪЕМКА$) = -80.53984107026491
correctionProbability (#БАРДОВЫЕ$ -> #БОРДОВЫЕ$) = -19.2188053446528
correctionProbability (#ПЕПЕВЕСТИ$ -> #ПЕРЕВЕСТИ$) = -12.753820434435625
correctionProbability (#УІК$ -> #УИК$) = -8.919857863404236
correctionProbability (#ПОЩВОНИТЬ$ -> #ПОЗВОНИТЬ$) = -15.564057712796135
correctionProbability (#INCET$ -> #INCEST$) = -14.742212785189746
correctionProbability (#СОЗНАВАТЬ$ -> #ОСОЗНАВАТЬ$) = -27.799916589417123
correctionProbability (#ПРЛОДИТЬ$ -> #ПОЛОЖИТЬ$) = -80.15447658424867
correctionProbability (#ЗОМБМЛЕНД$ -> #ЗОМБИЛЕНД$) = -14.91352591513035
correctionProbability (#ВЗЛОМОННУЮ$ -> #ВЗЛОМАННУЮ$) = -16.21882286407184
correctionProbability (#ТАОРОГ$ -> #ТВОРОГ$) = -14.615135954768657
correctionProbability (#СҰРАНЫТАҒЫ$ -> #СҰРАНЫСТАҒЫ$) = -37.34189628763627
correctionProbability (#ГОВЯЖЕМ$ -> #ГОВЯЖЬЕМ$) = -24.257093622543266
correctionProbability (#КСАЙ$ -> #АКСАЙ$) = -15.21747290677109
correctionProbability (#КОВЕНТРИРОВАТЬ$ -> #КОНВЕРТИРОВАТЬ$) = -152.49044784100104
correctionProbability (#МАЗАЙКА$ -> #МОЗАИКА$) = -78.53861709604718
correctionProbability (#БОНУ$ -> #БОНУС$) = -10.682777513303794
correctionProbability (#МИНИСТРСТВА$ -> #МИНИСТЕРСТВА$) = -18.118702610229704
correctionProbability (#ПОЕДЛОЖЕНИЕ$ -> #ПРЕДЛОЖЕНИЕ$) = -16.105809825633955
correctionProbability (#АМЕРИКНСКАЯ$ -> #АМЕРИКАНСКАЯ$) = -18.114826971572853
correctionProbability (#БАКЛАЖАНОВАЯ$ -> #БАКЛАЖАННАЯ$) = -90.12475884364203
correctionProbability (#ДОННЕЛИ$ -> #ДОННЕЛЛИ$) = -24.975451579894298
correctionProbability (#FND$ -> #AND$) = -4.143677536442741
correctionProbability (#ЧТЬО$ -> #ЧТО$) = -3.8493712347711906
correctionProbability (#ЗАЙЦНВ$ -> #ЗАЙЦЕВ$) = -10.338639946279716
correctionProbability (#РЕСТОПАН$ -> #РЕСТОРАН$) = -10.978776167370839
correctionProbability (#MLAUNCHER$ -> #TLAUNCHER$) = -17.45698096964795
correctionProbability (#УЗНАИ$ -> #УЗНАЙ$) = -14.271529157681005
correctionProbability (#ЮЛИАННЫ$ -> #ЮЛИАНЫ$) = -24.588303835256028
correctionProbability (#КСДИ$ -> #ЕСЛИ$) = -69.79222404093515
correctionProbability (#ПРИГОТОВИТ$ -> #ПРИГОТОВИТЬ$) = -12.902188560434098
correctionProbability (#ТОЛЩЕНА$ -> #ТОЛЩИНА$) = -15.22337397924322
correctionProbability (#БЕСПЛАТНЕО$ -> #БЕСПЛАТНО$) = -7.229093959115055
correctionProbability (#TREPMYDREA$ -> #TRIPMYDREAM$) = -86.64966379118424
correctionProbability (#ПОМЛЕДНИЙ$ -> #ПОСЛЕДНИЙ$) = -10.493146714368208
correctionProbability (#EXPIRIENCE$ -> #EXPERIENCE$) = -19.191801879776328
correctionProbability (#ПАРОПЛАН$ -> #ПАРАПЛАН$) = -16.875621860808153
correctionProbability (#КОРЕЛИЯ$ -> #КАРЕЛИЯ$) = -14.763181570240683
correctionProbability (#ЛЕТНИ$ -> #ЛЕТНИЙ$) = -13.060590704346598
correctionProbability (#ОРКЕ$ -> #ЙОРКЕ$) = -15.109639817341549
correctionProbability (#БАХРАМОЙ$ -> #БАХРОМОЙ$) = -19.828457841521157
correctionProbability (#ФРАНЦЫИ$ -> #ФРАНЦИИ$) = -12.606250519260321
correctionProbability (#МАГНИТОГРСК$ -> #МАГНИТОГОРСК$) = -17.115289915091665
correctionProbability (#АТОРУ$ -> #АВТОРУ$) = -13.395342387220087
correctionProbability (#АКТЕВАЦИИ$ -> #АКТИВАЦИИ$) = -15.009897672262575
correctionProbability (#СПЕКТАЛЬ$ -> #СПЕКТАКЛЬ$) = -15.066937974490976
correctionProbability (#ПОМЛЕДНИЕ$ -> #ПОСЛЕДНИЕ$) = -9.358588335320796
correctionProbability (#САРКОДОВЫ$ -> #САРКОДОВЫЕ$) = -26.262792226936277
correctionProbability (#СЦЕНАРИ$ -> #СЦЕНАРИЙ$) = -12.623677611006862
correctionProbability (#ВАЕРХ$ -> #ВВЕРХ$) = -10.26970657140124
correctionProbability (#XNXC$ -> #XNXX$) = -8.667356781430023
correctionProbability (#БЕСЛАТНЫЕ$ -> #БЕСПЛАТНЫЕ$) = -12.97257886755127
correctionProbability (#СЦЕНАРЙ$ -> #СЦЕНАРИЙ$) = -12.650541692177931
correctionProbability (#МЕДИЕВАЛ$ -> #МЕДИВАЛ$) = -23.40861272089323
correctionProbability (#ЮЮТБ$ -> #ЮТУБ$) = -68.08639048645229
correctionProbability (#ПИВНИЧНОГО$ -> #ПІВНІЧНОГО$) = -91.13765645209122
correctionProbability (#ДИЗОНОРЕД$ -> #ДИЗОНОРД$) = -23.880859986837457
correctionProbability (#ЯЯСНИЕ$ -> #ЯСНЫЕ$) = -84.70785684144234
correctionProbability (#СЁМКИ$ -> #СЪЕМКИ$) = -79.6670020422974
correctionProbability (#БОБКЕТ$ -> #БОБКЭТ$) = -18.437719464583157
correctionProbability (#БРАВИЯ$ -> #БРАВИА$) = -19.499332862988073
correctionProbability (#КРАIНИ$ -> #УКРАЇНИ$) = -77.69472170819941
correctionProbability (#ИНЦЕКЛОПЕДИЯ$ -> #ЭНЦИКЛОПЕДИЯ$) = -83.67275496850937
correctionProbability (#СПОЛЕР$ -> #СПОЙЛЕР$) = -17.99091067857134
correctionProbability (#ПОДСТРИЧСЯ$ -> #ПОДСТРИЧЬСЯ$) = -24.343886441793565
correctionProbability (#ПОСЛЕДЕЕ$ -> #ПОСЛЕДНЕЕ$) = -14.36264371829104
correctionProbability (#ЖЕСТОВО$ -> #ЖОСТОВО$) = -20.292219334336536
correctionProbability (#СОБСТВЕНИКОВ$ -> #СОБСТВЕННИКОВ$) = -22.62216562200151
correctionProbability (#МЕЛЕЦИНА$ -> #МЕДИЦИНА$) = -78.39967032648147
correctionProbability (#ЩНАЧЕНИЕ$ -> #ЗНАЧЕНИЕ$) = -10.797395377415263
correctionProbability (#СААНДРЕС$ -> #САНАНДРЕС$) = -17.108213888467525
correctionProbability (#ЭФЕКТОВ$ -> #ЭФФЕКТОВ$) = -20.463880378155814
correctionProbability (#ЗНАКОМЗТ$ -> #ЗНАКОМСТВ$) = -76.98833568224624
correctionProbability (#ГУАМКН$ -> #ГУАМКЕ$) = -21.832574044375452
correctionProbability (#ОСВЕДЕТЕЛЬСТВОВАНИЕ$ -> #ОСВИДЕТЕЛЬСТВОВАНИЕ$) = -30.506345077409094
correctionProbability (#MADNES$ -> #MADNESS$) = -18.16152929212555
correctionProbability (#AMERKA$ -> #AMERIKA$) = -18.581505643443364
correctionProbability (#ЭПОТИЧЕСКИ$ -> #ЭРОТИЧЕСКИЙ$) = -81.13620700940017
correctionProbability (#МНЖДУ$ -> #МЕЖДУ$) = -7.710650138037366
correctionProbability (#АМИАЧНАЯ$ -> #АММИАЧНАЯ$) = -23.837403199197176
correctionProbability (#ДАНАТИЯ$ -> #ДИНАСТИЯ$) = -80.65025909354844
correctionProbability (#СЕИИЯ$ -> #СЕРИЯ$) = -2.2921526152618164
correctionProbability (#BRAWEL$ -> #BRAWL$) = -13.083658502782686
correctionProbability (#БЕЛГОРЛД$ -> #БЕЛГОРОД$) = -12.118684284113606
correctionProbability (#КВАДРОЦЫКЛЫ$ -> #КВАДРОЦИКЛЫ$) = -20.805836934019112
correctionProbability (#СОДЯТСЯ$ -> #САДЯТСЯ$) = -20.548979677308495
correctionProbability (#ФОЛЬСВАГЕН$ -> #ФОЛЬКСВАГЕН$) = -14.667563392295392
correctionProbability (#TREPMYDREM$ -> #TRIPMYDREAM$) = -86.65226702184356
correctionProbability (#ТОРБЕЕВЕ$ -> #ТОРБЕЕВО$) = -21.826024656836402
correctionProbability (#СЕДЕРАТ$ -> #СИДЕРАТ$) = -20.210827324404654
correctionProbability (#КАЛЬКУЛЯТРО$ -> #КАЛЬКУЛЯТОР$) = -80.02384569088652
correctionProbability (#ЛЕНГРАД$ -> #ЛЕНИНГРАД$) = -79.11006700485842
correctionProbability (#ЭЛЕМЕНТАЛИСТА$ -> #ЭЛЕМЕНТАЛИСТОВ$) = -95.71381958024699
correctionProbability (#АНФІСА$ -> #АНФИСА$) = -15.650306598535177
correctionProbability (#ТАТРСКИЕ$ -> #ТАТАРСКИЕ$) = -16.57420061134343
correctionProbability (#КИРИЛОВА$ -> #КИРИЛЛОВА$) = -20.9810784172698
correctionProbability (#КВПУСТВ$ -> #КАПУСТА$) = -75.74885695936318
correctionProbability (#WARFECE$ -> #WARFACE$) = -13.476846440502634
correctionProbability (#АССЕТО$ -> #АССЕТТО$) = -25.39952799621532
correctionProbability (#SERCH$ -> #SEARCH$) = -13.902199268799702
correctionProbability (#ЯКОВЛЕВСОЙ$ -> #ЯКОВЛЕВОЙ$) = -23.66335654288543
correctionProbability (#НОВОСТИЛ$ -> #НОВОСТИ$) = -6.757687315500597
correctionProbability (#СЫЛЛКИ$ -> #ССЫЛКИ$) = -83.01054069936302
correctionProbability (#XСКАЧАТЬ$ -> #СКАЧАТЬ$) = -5.048667559458947
correctionProbability (#ХАПЕЛИТА$ -> #ХАКАПЕЛИТА$) = -86.69949639051185
correctionProbability (#АНТЕФРИЗА$ -> #АНТИФРИЗА$) = -18.29852340290288
correctionProbability (#КОРУПЦИЯ$ -> #КОРРУПЦИЯ$) = -18.936948548120604
correctionProbability (#ПИКАССА$ -> #ПИКАССО$) = -15.50749424570757
correctionProbability (#ВОЛРД$ -> #ВОРЛД$) = -77.77169410792247
correctionProbability (#MVIDOE$ -> #MVIDEO$) = -80.87305882656939
correctionProbability (#КВРТЫ$ -> #КАРТЫ$) = -6.010088752123867
correctionProbability (#ЛЕТНЫ$ -> #ЛЕНТЫ$) = -79.11705416262903
correctionProbability (#КВАРТТРУ$ -> #КВАРТИРУ$) = -8.76380737759856
correctionProbability (#ИУЗИКА$ -> #МУЗЫКА$) = -70.19557348740044
correctionProbability (#ВЕСЕЛИНОВСКЫЙ$ -> #ВЕСЕЛИНОВСКИЙ$) = -38.7452323495645
correctionProbability (#MIXSRAFT$ -> #MIXCRAFT$) = -24.442895105226746
correctionProbability (#НЕВИДЕМЫЙ$ -> #НЕВИДИМЫЙ$) = -17.435199473197102
correctionProbability (#НОСИШ$ -> #НОСИШЬ$) = -21.736343980673087
correctionProbability (#WUMANS$ -> #WOMENS$) = -82.02827336924405
correctionProbability (#НУРАФЕН$ -> #НУРОФЕН$) = -15.994800831120145
correctionProbability (#ПОЧПМУ$ -> #ПОЧЕМУ$) = -6.68104787862822
correctionProbability (#БАРИШ$ -> #БАРЫШ$) = -16.85102191663137
correctionProbability (#ГОРЬКИ$ -> #ГОРЬКИЙ$) = -15.435894467357315
correctionProbability (#АЗРОПОРТ$ -> #АЭРОПОРТ$) = -10.797820836964995
correctionProbability (#ЮЮТУ$ -> #ЮТУБ$) = -68.0827228130775
correctionProbability (#САЖЕНЦОВ$ -> #САЖЕНЦЕВ$) = -18.052336998523465
correctionProbability (#САЛОМОН$ -> #СОЛОМОН$) = -15.99528912246818
correctionProbability (#ЧУНГУК$ -> #ЧОНГУК$) = -15.545148171916413
correctionProbability (#БРАВИЛ$ -> #БРАВЛ$) = -10.224529819789279
correctionProbability (#ПЕРЕДНІЙ$ -> #ПЕРЕДНИЙ$) = -14.88917241295286
correctionProbability (#REKER$ -> #RIEKER$) = -20.008413021887986
correctionProbability (#ОТЗІВІ$ -> #ОТЗЫВЫ$) = -69.58834832987505
correctionProbability (#УСОВИЯХ$ -> #УСЛОВИЯХ$) = -9.473410123706692
correctionProbability (#ILLIN$ -> #ILIN$) = -23.642512456531065
correctionProbability (#ПОВЕШАЦА$ -> #ПАВЕШАЦА$) = -33.79943063115818
correctionProbability (#АНКОЛОГ$ -> #ОНКОЛОГ$) = -14.965047547765963
correctionProbability (#ІГРЫ$ -> #ИГРЫ$) = -2.416616285382304
correctionProbability (#СЕРВЕСНЫЕ$ -> #СЕРВИСНЫЕ$) = -18.322685152812916
correctionProbability (#MUZCU$ -> #MUZICU$) = -19.825673938434047
correctionProbability (#ДЕЛАЕШ$ -> #ДЕЛАЕШЬ$) = -18.90763449820006
correctionProbability (#DEVISHKA$ -> #DEVUSHKA$) = -20.231593937970167
correctionProbability (#ТАТРСКИЙ$ -> #ТАТАРСКИЙ$) = -17.56370757084624
correctionProbability (#СПОЛИЛА$ -> #СПАЛИЛА$) = -17.03944041340995
correctionProbability (#КУЧНАЯ$ -> #СКУЧНАЯ$) = -21.42022919319504
correctionProbability (#НОСЕЛКОВЕ$ -> #НОВОСЕЛКОВО$) = -156.94336578548544
correctionProbability (#ВАЙБЕРРИС$ -> #ВАЙБЕРИС$) = -19.183091956254565
correctionProbability (#ТЕРАРРИИ$ -> #ТЕРРАРИИ$) = -85.18343101547167
correctionProbability (#КЛАССИФИКАЦИ$ -> #КЛАССИФИКАЦИЯ$) = -19.026839514702374
correctionProbability (#СЕРВЕСНЫЙ$ -> #СЕРВИСНЫЙ$) = -14.666733001656823
correctionProbability (#УВОЛНЕНИЯ$ -> #УВОЛЬНЕНИЯ$) = -19.48976255016951
correctionProbability (#ПРОГРАМИРОВАТЬ$ -> #ПРОГРАММИРОВАТЬ$) = -29.70291352280976
correctionProbability (#ПЕРЕВОЧДИК$ -> #ПЕРЕВОДЧИК$) = -76.51381478103893
correctionProbability (#КОНТРРЛЬНАЯ$ -> #КОНТРОЛЬНАЯ$) = -15.403301988844007
correctionProbability (#СМНОПТИК$ -> #СИНОПТИК$) = -11.278923828459448
correctionProbability (#ВОЛРС$ -> #ВОЛОС$) = -7.29689369320333
correctionProbability (#NEREDEN$ -> #NERDEN$) = -29.100747937077514
correctionProbability (#ИЗБЕРАТЕЛЬНЫЙ$ -> #ИЗБИРАТЕЛЬНЫЙ$) = -26.842487431845605
correctionProbability (#ОНЛАНЕР$ -> #ОНЛАЙНЕР$) = -14.75426662105697
correctionProbability (#ККАЛОРИЙ$ -> #КАЛОРИЙ$) = -17.374482911201007
correctionProbability (#СЛИФ$ -> #СЛИВ$) = -11.4913777437832
correctionProbability (#НЕСОВЕРШЕНОЛЕТНИЕ$ -> #НЕСОВЕРШЕННОЛЕТНИЕ$) = -31.046672740332717
correctionProbability (#ПЛРТАЛ$ -> #ПОРТАЛ$) = -7.098092072466656
correctionProbability (#СЕРГЕИ$ -> #СЕРГЕЙ$) = -7.833290444032645
correctionProbability (#ПРТИВОПОКАЗАНИЯ$ -> #ПРОТИВОПОКАЗАНИЯ$) = -21.45266484684469
correctionProbability (#МКГАФОН$ -> #МЕГАФОН$) = -9.178797985979827
correctionProbability (#КЕЛАМЕТР$ -> #КИЛОМЕТР$) = -83.42498827425669
correctionProbability (#ПЕРЕССКАЗ$ -> #ПЕРЕСКАЗ$) = -18.792817067025055
correctionProbability (#НИКООАЕВ$ -> #НИКОЛАЕВ$) = -14.011595256941533
correctionProbability (#СКЭЙТ$ -> #СКЕЙТ$) = -14.029153572726852
correctionProbability (#РАТАНГОВАЯ$ -> #РОТАНГОВАЯ$) = -25.97623660016329
correctionProbability (#ТЕПЛОСТОЙКАЯ$ -> #ТЕРМОСТОЙКАЯ$) = -84.96605398011727
correctionProbability (#ПЕРЕАОДЧИК$ -> #ПЕРЕВОДЧИК$) = -8.6471254386095
correctionProbability (#СТРЕЛЕТС$ -> #СТРЕЛЕЦ$) = -81.33645377759126
correctionProbability (#НЕСОВЕРШЕНОЛЕТНИЙ$ -> #НЕСОВЕРШЕННОЛЕТНИЙ$) = -31.666890830124935
correctionProbability (#MORPF$ -> #MORPH$) = -19.22919415919291
correctionProbability (#ТУКСУНЕ$ -> #ТУКСОНЕ$) = -24.48043250137446
correctionProbability (#ЖАЙК$ -> #ЖАЙЫК$) = -12.940283808887632
correctionProbability (#КАБАКИ$ -> #КАБАЧКИ$) = -15.348877282977519
correctionProbability (#ВВЕНТИЛЯТОРАХ$ -> #ВЕНТИЛЯТОРАХ$) = -40.246162121713134
correctionProbability (#ЭЛЛАЙ$ -> #ЭЛЛАИ$) = -20.844021245427985
correctionProbability (#СТАФОРД$ -> #СТАФФОРД$) = -20.35647368913545
correctionProbability (#ДИНАМЕТРИЧЕСКИЙ$ -> #ДИНАМОМЕТРИЧЕСКИЙ$) = -95.96997749400013
correctionProbability (#ГУАНЖОУ$ -> #ГУАНЧЖОУ$) = -19.441023524855133
correctionProbability (#НОАОСИБИРСКЕ$ -> #НОВОСИБИРСКЕ$) = -15.148841508099984
correctionProbability (#ИНСТАРГАММ$ -> #ИНСТАГРАМ$) = -143.6827541890497
correctionProbability (#НЕСОВЕРШЕНОЛЕТНИМ$ -> #НЕСОВЕРШЕННОЛЕТНИМ$) = -30.74220133559721
correctionProbability (#ПОПОЛНЕННИЕ$ -> #ПОПОЛНЕНИЕ$) = -21.88934264903478
correctionProbability (#ПРОРЕЗОВАНИЕ$ -> #ПРОРЕЗЫВАНИЕ$) = -26.070636506255354
correctionProbability (#ПДКОРМИТЬ$ -> #ПОДКОРМИТЬ$) = -20.472175899026382
correctionProbability (#ГАЗОФИКАЦИИ$ -> #ГАЗИФИКАЦИИ$) = -21.650005767319342
correctionProbability (#ПОМОТРЕТЬ$ -> #ПОСМОТРЕТЬ$) = -12.208262551246428
correctionProbability (#ВСАВИТЬ$ -> #ВСТАВИТЬ$) = -14.642855661576831
correctionProbability (#PAMILY$ -> #FAMILY$) = -10.218198327103057
correctionProbability (#КУПЛЕНАЯ$ -> #КУПЛЕННАЯ$) = -24.47006986546264
correctionProbability (#ТЧИ$ -> #ТЧ$) = -15.681185358841699
correctionProbability (#РАЗВИИЕ$ -> #РАЗВИТИЕ$) = -12.509103119438528
correctionProbability (#СУДОРГ$ -> #СУДОРОГ$) = -20.694215213338516
correctionProbability (#ПОХУДАНИЯ$ -> #ПОХУДЕНИЯ$) = -13.76242786756729
correctionProbability (#ПРОРЕЗОВАНИИ$ -> #ПРОРЕЗЫВАНИИ$) = -25.279487187062898
correctionProbability (#БАРИБ$ -> #БАРБИ$) = -76.63032969348029
correctionProbability (#ЕКОМАРКЕТ$ -> #ЭКОМАРКЕТ$) = -22.67969305761843
correctionProbability (#КЛИРИКА$ -> #КЛИНИКА$) = -9.653733390638841
correctionProbability (#ЛОГОН$ -> #ЛОГАН$) = -10.954454136176782
correctionProbability (#КВАДРОЦЫКЛА$ -> #КВАДРОЦИКЛА$) = -18.817998010490243
correctionProbability (#СУБСТАНТИВИРОВАНЫЕ$ -> #СУБСТАНТИВИРОВАННЫЕ$) = -39.90085006402484
correctionProbability (#ОРИН$ -> #ОРИОН$) = -12.403354255433623
correctionProbability (#ЗРОСЛИХ$ -> #ВЗРОСЛЫХ$) = -74.99239048723877
correctionProbability (#КОМСОМОЛЬКАЯ$ -> #КОМСОМОЛЬСКАЯ$) = -18.90515804626081
correctionProbability (#ККАЛОРИИ$ -> #КАЛОРИИ$) = -19.70942820094581
correctionProbability (#ПРДЕЛКИ$ -> #ПОДЕЛКИ$) = -8.025812502318075
correctionProbability (#ТЕЛЕВИЗО$ -> #ТЕЛЕВИЗОР$) = -13.26823777651419
correctionProbability (#СЕДОБНЫЙ$ -> #СЪЕДОБНЫЙ$) = -20.97556745329085
correctionProbability (#КТНЕУ$ -> #КНТЕУ$) = -87.68240983451128
correctionProbability (#ЗАДЧИ$ -> #ЗАДАЧИ$) = -10.855614493985659
correctionProbability (#SITSEN$ -> #SITZEN$) = -25.70421076612338
correctionProbability (#ПРОДОЛДИТЕЛЬНОСТЬ$ -> #ПРОДОЛЖИТЕЛЬНОСТЬ$) = -25.21617349959935
correctionProbability (#ОРКЕНИЕТ$ -> #ӨРКЕНИЕТ$) = -22.176892962641837
correctionProbability (#МАГНИТОШОРСКЕ$ -> #МАГНИТОГОРСКЕ$) = -19.969376979521655
correctionProbability (#ШИНОМАНТАЖА$ -> #ШИНОМОНТАЖА$) = -20.15610126886407
correctionProbability (#ПОРОСТКА$ -> #ПОДРОСТКА$) = -15.626506654275616
correctionProbability (#МАСИРОВАТЬ$ -> #МАССИРОВАТЬ$) = -26.363166358801124
correctionProbability (#FREEBOT$ -> #FREEBOOT$) = -21.04795778247631
correctionProbability (#НЕВЕДИМКУ$ -> #НЕВИДИМКУ$) = -23.594331061405107
correctionProbability (#VIDOSU$ -> #VIDEOSU$) = -23.04047986100244
correctionProbability (#ГОТОВИТТ$ -> #ГОТОВИТЬ$) = -13.236085083221475
correctionProbability (#МАРТОЛ$ -> #МОРТАЛ$) = -77.09517936528867
correctionProbability (#СВЕРХЪЕСТЕСТВИНОЕ$ -> #СВЕРХЪЕСТЕСТВЕННОЕ$) = -87.27230180531596
correctionProbability (#ДОЛЛАРС$ -> #ДОЛЛАРА$) = -9.623668071930283
correctionProbability (#ПОЛОЖЕНЕ$ -> #ПОЛОЖЕНИЕ$) = -14.302725668721834
correctionProbability (#КОЛЛЕКЦИОНЫХ$ -> #КОЛЛЕКЦИОННЫХ$) = -29.63938815474959
correctionProbability (#СЛААГОРОД$ -> #СЛАВГОРОД$) = -19.53733403582489
correctionProbability (#СОЕДЕНЕНИЙ$ -> #СОЕДИНЕНИЙ$) = -18.856017450592354
correctionProbability (#ФОЛЬСВАГИН$ -> #ФОЛЬКСВАГЕН$) = -79.39390679574456
correctionProbability (#СТРИММЕР$ -> #ТРИММЕР$) = -18.64518522783286
correctionProbability (#ВЕНИГРЕТА$ -> #ВИНЕГРЕТА$) = -86.1136884946015
correctionProbability (#СУМАШЕДШИИ$ -> #СУМАСШЕДШИЕ$) = -85.8615495126508
correctionProbability (#FEIZBUQI$ -> #FEISBUQI$) = -23.21044560152277
correctionProbability (#СЕДОБНЫЕ$ -> #СЪЕДОБНЫЕ$) = -16.84416815273336
correctionProbability (#МОЛЯКОВ$ -> #ПОЛЯКОВ$) = -16.5569025976939
correctionProbability (#СОЕДЕНЕНИЕ$ -> #СОЕДИНЕНИЕ$) = -16.823739142488947
correctionProbability (#БАЛШОЯ$ -> #БОЛЬШАЯ$) = -140.87570816289565
correctionProbability (#BRAVVE$ -> #BRAVE$) = -19.062664146068972
correctionProbability (#РАСБОРКА$ -> #РАЗБОРКА$) = -14.029406360264836
correctionProbability (#SIPLE$ -> #SIMPLE$) = -13.700656389335169
correctionProbability (#СОЕДЕНЕНИЯ$ -> #СОЕДИНЕНИЯ$) = -17.6389758350019
correctionProbability (#МИЛОДИЮ$ -> #МЕЛОДИЮ$) = -15.164982123639511
correctionProbability (#ТАБОТА$ -> #РАБОТА$) = -4.984759848930892
correctionProbability (#ИШИМИЯ$ -> #ИШЕМИЯ$) = -18.05067595402429
correctionProbability (#МОАННА$ -> #МОАНА$) = -14.281096016549586
correctionProbability (#ПИТАХАЯ$ -> #ПИТАХАЙЯ$) = -22.247096516013727
correctionProbability (#SVERHESTESTVENOE$ -> #SVERHESTESTVENNOE$) = -32.87688360486152
correctionProbability (#СУЛЬФОДЕМЕТАКСИН$ -> #СУЛЬФАДИМЕТОКСИН$) = -158.66550740320386
correctionProbability (#МАЗАИКИ$ -> #МОЗАИКИ$) = -17.425624315022347
correctionProbability (#ОБЛОЧКА$ -> #ОБОЛОЧКА$) = -18.775609740903327
correctionProbability (#SICRET$ -> #SECRET$) = -13.577767514538994
correctionProbability (#ТРИНЕРОВОК$ -> #ТРЕНИРОВОК$) = -82.47587992557037
correctionProbability (#РОЗДЕВАЮТСЯ$ -> #РАЗДЕВАЮТСЯ$) = -20.319910142103964
correctionProbability (#КОСМЕТАЛОГИИ$ -> #КОСМЕТОЛОГИИ$) = -19.669272405362484
correctionProbability (#ПЛАХАЯ$ -> #ПЛОХАЯ$) = -14.655777287495656
correctionProbability (#ПЕНТАВИТ$ -> #ПЕНТОВИТ$) = -20.04180596015933
correctionProbability (#ИКИБАНА$ -> #ИКЕБАНА$) = -18.949873269465172
correctionProbability (#ОПЕРАЦЯЯЯ$ -> #ОПЕРАЦИЯ$) = -79.30492257443525
correctionProbability (#ОНДРОИД$ -> #АНДРОИД$) = -9.086330674304016
correctionProbability (#ПРЕСОВАННЫЙ$ -> #ПРЕССОВАННЫЙ$) = -27.242555186752575
correctionProbability (#УЧИТЕДЯ$ -> #УЧИТЕЛЯ$) = -9.886831837171698
correctionProbability (#САМАУБИЙСТВО$ -> #САМОУБИЙСТВО$) = -23.14888546126808
correctionProbability (#ПЕРОВИЧ$ -> #ПЕТРОВИЧ$) = -14.03585274930986
correctionProbability (#БАЛШОМ$ -> #БОЛЬШОМ$) = -78.25173323674245
correctionProbability (#БЕЩ$ -> #БЕЗ$) = -2.2584353052721404
correctionProbability (#МАЗАИКА$ -> #МОЗАИКА$) = -13.754859105838406
correctionProbability (#ИНТЕРСНЕК$ -> #ИНТЕРНЕТ$) = -73.2115111182791
correctionProbability (#ВИНДУСА$ -> #ВИНДОВС$) = -142.45435182307028
correctionProbability (#МЕЖДЦРЕЧЕНСК$ -> #МЕЖДУРЕЧЕНСК$) = -20.843502950609
correctionProbability (#ПРЕСОВАННЫЕ$ -> #ПРЕССОВАННЫЕ$) = -26.873829595761997
correctionProbability (#БЕХ$ -> #БЕЗ$) = -2.2622305134130904
correctionProbability (#ПОДСУШИЛСЯ$ -> #ПОДРУЖИЛСЯ$) = -90.99461120191815
correctionProbability (#АСТЕРИУС$ -> #АСТЕРИОС$) = -18.916860184124268
correctionProbability (#ЕЛЕКТРОЕНЕРГИЮ$ -> #ЭЛЕКТРОЭНЕРГИЮ$) = -86.74327077756956
correctionProbability (#ОРГГ$ -> #ОРГ$) = -12.941614250708977
correctionProbability (#БЕНЗЕНУ$ -> #БЕНЗИНУ$) = -22.7711187286977
correctionProbability (#ДИЛОМНАЯ$ -> #ДИПЛОМНАЯ$) = -18.628886219601128
correctionProbability (#СТЕЛКИ$ -> #СТРЕЛКИ$) = -14.972473833330625
correctionProbability (#КОРРЕСПОДЕНТ$ -> #КОРРЕСПОНДЕНТ$) = -20.278484031749016
correctionProbability (#АВОЛОН$ -> #АВАЛОН$) = -17.349709765664397
correctionProbability (#БАБАГЫ$ -> #БАБЫ$) = -78.86446614455109
correctionProbability (#ЛАРАL$ -> #ЛАРА$) = -13.27514119313447
correctionProbability (#FRO$ -> #FOR$) = -73.64560467787254
correctionProbability (#VISUL$ -> #VISUAL$) = -14.692116255462718
correctionProbability (#УВИДЕШЬ$ -> #УВИДИШЬ$) = -19.570306731927616
correctionProbability (#ЕФФЕКТ$ -> #ЭФФЕКТ$) = -12.546890960586953
correctionProbability (#КЛЬЦОВО$ -> #КОЛЬЦОВО$) = -17.37617850937763
correctionProbability (#ПРОФЕСИОНАЛЬНУЮ$ -> #ПРОФЕССИОНАЛЬНУЮ$) = -28.610557579502277
correctionProbability (#ХОДЧЕНКО$ -> #ХОДЧЕНКОВА$) = -84.96935450554243
correctionProbability (#LIVESSCORES$ -> #LIVESCORES$) = -20.00988299452954
correctionProbability (#БЛОКФЛЕЙТУВ$ -> #БЛОКФЛЕЙТУ$) = -38.36834446734521
correctionProbability (#РОКНРОЛЬЩИК$ -> #РОКЕНРОЛЬЩИК$) = -25.488954493030647
correctionProbability (#АНГЛИЙКОМ$ -> #АНГЛИЙСКОМ$) = -12.49173620001337
correctionProbability (#ПРАСТІТУТКИ$ -> #ПРОСТІТУТКИ$) = -26.64891411057169
correctionProbability (#СТРОИТЕЛЬНИЕ$ -> #СТРОИТЕЛЬНЫЕ$) = -17.620095662122658
correctionProbability (#ПОГОГОДА$ -> #ПОГОДА$) = -70.96850838668597
correctionProbability (#СТЕЛКО$ -> #СТЕКЛО$) = -77.69566642475665
correctionProbability (#ПОТКЛЮЧИТСЯ$ -> #ПОДКЛЮЧИТЬСЯ$) = -86.63254960255225
correctionProbability (#ОБУЧЕНТЕ$ -> #ОБУЧЕНИЕ$) = -10.616703071370736
correctionProbability (#ЭКЗЕЛ$ -> #ЭКСЕЛЬ$) = -78.59108429778608
correctionProbability (#АКРИЛОВАЧ$ -> #АКРИЛОВАЯ$) = -17.43202399118522
correctionProbability (#ПРИААТЕ$ -> #ПРИВАТЕ$) = -21.351982715616202
correctionProbability (#ПОРХАБ$ -> #ПОРНХАБ$) = -13.587949135336004
correctionProbability (#MUSCORE$ -> #MYSCORE$) = -13.459855427736422
correctionProbability (#ЗРЕЛИЄ$ -> #ЗРЕЛЫЕ$) = -74.85394782033437
correctionProbability (#НАРРДЖЕННЯ$ -> #НАРОДЖЕННЯ$) = -15.89054176003733
correctionProbability (#СКВЛЬКИ$ -> #СКІЛЬКИ$) = -15.710128440179666
correctionProbability (#РИВЕРДЕИЛ$ -> #РИВЕРДЕЙЛ$) = -13.602962321886793
correctionProbability (#ПАДУЮЩИХ$ -> #ПАДАЮЩИХ$) = -17.610904790267107
correctionProbability (#ОТРЕМАНТИРОВАТЬ$ -> #ОТРЕМОНТИРОВАТЬ$) = -22.109289956273123
correctionProbability (#ДИСКОРЛД$ -> #ДИСКОРД$) = -14.258565611075667
correctionProbability (#ЭЛЕКТОИЧЕК$ -> #ЭЛЕКТРИЧЕК$) = -13.401429538092763
correctionProbability (#БИОЕТ$ -> #БИЛЕТ$) = -7.131490522103892
correctionProbability (#МПОРТ$ -> #СПОРТ$) = -6.875695422955143
correctionProbability (#РЕФИРАТОВ$ -> #РЕФЕРАТОВ$) = -20.85730375391786
correctionProbability (#ВОЛЕЫ$ -> #ВОЛНЫ$) = -12.561838544818318
correctionProbability (#ПРИСЛЕДОВАТЬ$ -> #ПРЕСЛЕДОВАТЬ$) = -28.706741676175348
correctionProbability (#НАРАЩЕВАНИЯ$ -> #НАРАЩИВАНИЯ$) = -18.08317119317077
correctionProbability (#ВИДЕНЬЯ$ -> #ВИДЕНИЯ$) = -18.567922218267327
correctionProbability (#СООБЩЕСТО$ -> #СООБЩЕСТВО$) = -17.948147997153725
correctionProbability (#ПРЕНЕСТИ$ -> #ПЕРЕНЕСТИ$) = -16.424104057768538
correctionProbability (#ПРИДЧИНА$ -> #ПРИЧИНА$) = -14.690299784966527
correctionProbability (#ДЕСТВИНИЦА$ -> #ДЕВСТВЕННИЦА$) = -151.61981147201502
correctionProbability (#МЕРЗЛЯКА$ -> #МЕРЗЛЯК$) = -13.318915975936548
correctionProbability (#ПРИБЛЬ$ -> #ПРИБЫЛЬ$) = -13.403420759542065
correctionProbability (#ОДНЖДА$ -> #ОДЕЖДА$) = -7.607354943725948
correctionProbability (#TUCHY$ -> #TUSHY$) = -19.074243898362415
correctionProbability (#EXTRIMEHACK$ -> #EXTRIMHACK$) = -24.158436914997573
correctionProbability (#БЗА$ -> #БАЗА$) = -8.886785900514898
correctionProbability (#СИЛВЕР$ -> #СИЛЬВЕР$) = -16.593458322127148
correctionProbability (#УЗНАЬ$ -> #УЗНАТЬ$) = -9.220182747611783
correctionProbability (#ШВАРЦНЕГГЕРА$ -> #ШВАРЦЕНЕГГЕРА$) = -26.715256728838433
correctionProbability (#НЕВЕДИМКА$ -> #НЕВИДИМКА$) = -17.409513022933545
correctionProbability (#ПРОГРЕСИВНЫЙ$ -> #ПРОГРЕССИВНЫЙ$) = -29.197447888135557
correctionProbability (#АКВАРИУМТСТИКА$ -> #АКВАРИУМИСТИКА$) = -30.48087671654403
correctionProbability (#ЧУНДЖЫ$ -> #ЧУНДЖИ$) = -25.655682027493526
correctionProbability (#FRE$ -> #FREE$) = -7.294444053351711
correctionProbability (#УКРИНЕ$ -> #УКРАИНЕ$) = -10.476871387933848
correctionProbability (#BELOUSOVAU$ -> #BELOUSOVA$) = -30.546122751234797
correctionProbability (#КАЗАЗСКОМ$ -> #КАЗАХСКОМ$) = -15.28701653662879
correctionProbability (#НОМОЗИ$ -> #НАМОЗИ$) = -20.11744536933301
correctionProbability (#СИНЬЕР$ -> #СИНЬОР$) = -18.875429813863196
correctionProbability (#ЕМЕЮТ$ -> #ИМЕЮТ$) = -12.800563238316993
correctionProbability (#СЕРВМС$ -> #СЕРВИС$) = -9.163601701141179
correctionProbability (#ПРОГРЕСИВНЫЕ$ -> #ПРОГРЕССИВНЫЕ$) = -26.76767596152996
correctionProbability (#ИЗБФТОК$ -> #ИЗБЫТОК$) = -19.35082260891931
correctionProbability (#НЕДОМКУ$ -> #НЕДОИМКУ$) = -25.334078329622038
correctionProbability (#ДЖОМЬЕН$ -> #ДЖОМТЬЕН$) = -20.5150914962231
correctionProbability (#ОТМЕЧАЕТЬСЯ$ -> #ОТМЕЧАЕТСЯ$) = -23.62243117821992
correctionProbability (#УКРИНА$ -> #УКРАИНА$) = -8.438366346483157
correctionProbability (#ISTORICESKI$ -> #ISTORICHESKIE$) = -92.29320082852026
correctionProbability (#СООННИК$ -> #СОННИК$) = -11.971731301051545
correctionProbability (#ПЕЧЕРЕ$ -> #ПЕЧОРЕ$) = -19.136652509430167
correctionProbability (#АБОНЕНСКИЙ$ -> #АБОНЕНТСКИЙ$) = -23.56212535225231
correctionProbability (#ИНТЕЛЕКТУАЛЬНЫЕ$ -> #ИНТЕЛЛЕКТУАЛЬНЫЕ$) = -28.211565376466275
correctionProbability (#SHLEN$ -> #CHLEN$) = -19.55174388497007
correctionProbability (#НОВНОРОД$ -> #НОВГОРОД$) = -9.775685054249458
correctionProbability (#DEPECH$ -> #DEPECHE$) = -18.591634042603907
correctionProbability (#САЦТЫ$ -> #САЙТЫ$) = -8.603710294394151
correctionProbability (#POCAZ$ -> #POKAZ$) = -18.636307846284982
correctionProbability (#ЛУШИЙ$ -> #ЛУЧШИЙ$) = -9.995841731597924
correctionProbability (#НОСЕР$ -> #НОМЕР$) = -6.313426396167692
correctionProbability (#КОММЕДИЯ$ -> #КОМЕДИЯ$) = -13.857534952369065
correctionProbability (#КАРТАЧКИ$ -> #КАРТОЧКИ$) = -12.258528373340333
correctionProbability (#НАСРОИТЬ$ -> #НАСТРОИТЬ$) = -13.692309686825318
correctionProbability (#ЛАЛЭЛИ$ -> #ЛАЛЕЛИ$) = -20.862173011728007
correctionProbability (#СТАВРАПОЛЬСКИЙ$ -> #СТАВРОПОЛЬСКИЙ$) = -20.189075084742058
correctionProbability (#ЦИФОР$ -> #ЦИФР$) = -14.560990134431133
correctionProbability (#ФЛИЗИЛИНОВЫЕ$ -> #ФЛИЗЕЛИНОВЫЕ$) = -21.884173712540637
correctionProbability (#ПУТИВОДИТЕЛЬ$ -> #ПУТЕВОДИТЕЛЬ$) = -21.274282670995497
correctionProbability (#ШИПИЦИНА$ -> #ШИПИЦЫНА$) = -24.28540041308907
correctionProbability (#ДРОСЕЛЬНАЯ$ -> #ДРОССЕЛЬНАЯ$) = -23.514741134280143
correctionProbability (#АЛИЕХПРЕСС$ -> #АЛИЭКСПРЕСС$) = -141.3895763704941
correctionProbability (#ЛИНИЧ$ -> #ЛИНИЯ$) = -9.158038605986984
correctionProbability (#СМОТРУТЬ$ -> #СМОТРЕТЬ$) = -2.4094639550674
correctionProbability (#ЛИПОЛИТИ$ -> #ЛИПОЛИТИК$) = -23.1308713496041
correctionProbability (#ПРОГРММУ$ -> #ПРОГРАММУ$) = -13.920636851211597
correctionProbability (#МАЙНКАРФТА$ -> #МАЙНКРАФТ$) = -143.04543000024907
correctionProbability (#КАРОНИМ$ -> #КОРОНИМ$) = -21.734701195958564
correctionProbability (#ТЫВ$ -> #ТЫВА$) = -14.226717815925493
correctionProbability (#СЕДОРЕНКИ$ -> #СИДОРЕНКО$) = -84.44155816578458
correctionProbability (#ВИНДУУС$ -> #ВИНДОВС$) = -74.6159513626999
correctionProbability (#РАББОТА$ -> #РАБОТА$) = -7.500014741270917
correctionProbability (#ГЛАКСИНЬИ$ -> #ГЛОКСИНИИ$) = -86.71655345323354
correctionProbability (#ПОДЬЕМНИКИ$ -> #ПОДЪЕМНИКИ$) = -18.957273448659727
correctionProbability (#MODELDEPO$ -> #MODELLDEPO$) = -36.644443283719994
correctionProbability (#МЛАДЕНЦОВ$ -> #МЛАДЕНЦЕВ$) = -18.49228847075223
correctionProbability (#FIRI$ -> #FIRE$) = -10.68615268608119
correctionProbability (#ЗРЕЛИХ$ -> #ЗРЕЛЫХ$) = -11.194009288745445
correctionProbability (#МЕХАЙЛОВ$ -> #МИХАЙЛОВ$) = -12.9191154773291
correctionProbability (#МОДНІЕ$ -> #МОДНЫЕ$) = -9.855975087175384
correctionProbability (#МАЙНКАРФТЕ$ -> #МАЙНКРАФТЕ$) = -80.52099147453087
correctionProbability (#КАРТЫНКЫ$ -> #КАРТИНКИ$) = -69.49900307597025
correctionProbability (#ЮТЮБЮ$ -> #ЮТУБ$) = -67.49070684907817
correctionProbability (#АНТИКАРОЗИЙНАЯ$ -> #АНТИКОРРОЗИЙНАЯ$) = -93.17142424742946
correctionProbability (#ИЕДЕКС$ -> #ИНДЕКС$) = -9.440123453108118
correctionProbability (#КИЛОКОЛОРИЙ$ -> #КИЛОКАЛОРИЙ$) = -25.794680476911736
correctionProbability (#ХОББІТ$ -> #ХОББИТ$) = -12.556631300289599
correctionProbability (#АТЛЕТИЕ$ -> #АТЛЕТИК$) = -19.912710480395234
correctionProbability (#ЕГОРЬВСК$ -> #ЕГОРЬЕВСК$) = -19.01640508855254
correctionProbability (#ТЕРОРИЗМ$ -> #ТЕРРОРИЗМ$) = -18.81708912613633
correctionProbability (#ПРОГРММЫ$ -> #ПРОГРАММЫ$) = -12.972363427656653
correctionProbability (#ТЕЛГРАММ$ -> #ТЕЛЕГРАММ$) = -14.99747790748389
correctionProbability (#СЛЕО$ -> #КЛЕО$) = -13.909945662192914
correctionProbability (#ПОДЬЕМНИКА$ -> #ПОДЪЕМНИКА$) = -21.941597694208973
correctionProbability (#ОПИСАНТЕ$ -> #ОПИСАНИЕ$) = -10.066834261293465
correctionProbability (#ФРАНСУЗКАЯ$ -> #ФРАНЦУЗСКАЯ$) = -83.68866882552133
correctionProbability (#КАЛИЦИВИРОЗ$ -> #КАЛЬЦИВИРОЗ$) = -25.99008649782097
correctionProbability (#МАГГАЗИН$ -> #МАГАЗИН$) = -7.581576766983723
correctionProbability (#ДОМАШЕИХ$ -> #ДОМАШНИХ$) = -8.382343600383642
correctionProbability (#КАСТУМЕ$ -> #КОСТЮМЕ$) = -79.6622500269811
correctionProbability (#РАББОТЫ$ -> #РАБОТЫ$) = -9.383088532897741
correctionProbability (#БЕССОНАЯ$ -> #БЕССОННАЯ$) = -24.5800757634713
correctionProbability (#БИВ$ -> #БМВ$) = -7.897099351952061
correctionProbability (#АРЕТИК$ -> #АРКТИК$) = -15.848234605143364
correctionProbability (#ТОЛЬТТИ$ -> #ТОЛЬЯТТИ$) = -11.817987455817509
correctionProbability (#НИКАЛАЕВИЧ$ -> #НИКОЛАЕВИЧ$) = -15.173184792732492
correctionProbability (#ДИСНЕ$ -> #ДИСНЕЙ$) = -11.695448762926961
correctionProbability (#НОВГОРЛД$ -> #НОВГОРОД$) = -9.829851839328285
correctionProbability (#НАРАЩЕВАНИЕ$ -> #НАРАЩИВАНИЕ$) = -16.681342467833588
correctionProbability (#СОЛАТ$ -> #САЛАТ$) = -7.544166939514394
correctionProbability (#SHATBATER$ -> #CHATEBATE$) = -159.63860392655383
correctionProbability (#НИКОЛАБ$ -> #НИКОЛАЮ$) = -15.532686717567977
correctionProbability (#ГАЗРОМ$ -> #ГАЗПРОМ$) = -13.062653355650063
correctionProbability (#FORSED$ -> #FORCED$) = -17.985169605569883
correctionProbability (#РОБЛДОКС$ -> #РОБЛОКС$) = -9.86313530033592
correctionProbability (#СТИХОТАОРЕНИЕ$ -> #СТИХОТВОРЕНИЕ$) = -17.783802007278133
correctionProbability (#УГЛЕРОДИСТА$ -> #УГЛЕРОДИСТАЯ$) = -20.112733159188977
correctionProbability (#РЕПЕТИТОРОА$ -> #РЕПЕТИТОРОВ$) = -22.59396281898171
correctionProbability (#НАРЦЫС$ -> #НАРЦИСС$) = -82.73935222921116
correctionProbability (#ГОАНД$ -> #ГРАНД$) = -9.824895538313516
correctionProbability (#123LIVESCO$ -> #123LIVESCORE$) = -89.92370027566344
correctionProbability (#ЕРЕВОД$ -> #ПЕРЕВОД$) = -8.931741914534967
correctionProbability (#CMOTRET$ -> #SMOTRET$) = -13.253327900073593
correctionProbability (#ЛИМЫОУЗЛЫ$ -> #ЛИМФОУЗЛЫ$) = -18.3793887441175
correctionProbability (#НАПОДОБИИ$ -> #НАПОДОБИЕ$) = -20.719886475424417
correctionProbability (#ЗРЕЛИЕ$ -> #ЗРЕЛЫЕ$) = -10.069079986203466
correctionProbability (#ИДЕВСК$ -> #ИЖЕВСК$) = -10.043210377913002
correctionProbability (#БЗЫ$ -> #БАЗЫ$) = -10.586732857634235
correctionProbability (#ОРЕНТИР$ -> #ОРИЕНТИР$) = -21.399050791228902
correctionProbability (#СИЛВИЯ$ -> #СИЛЬВИЯ$) = -17.610062276080754
correctionProbability (#ИВПНОВО$ -> #ИВАНОВО$) = -10.16669661742047
correctionProbability (#РИКОГЛАН$ -> #РЕКОГНАН$) = -85.36989208538938
correctionProbability (#СЛАМАЛ$ -> #СЛОМАЛ$) = -17.63995777042938
correctionProbability (#РОССТОВ$ -> #РОСТОВ$) = -10.723060931451588
correctionProbability (#МДВЕДЬ$ -> #МЕДВЕДЬ$) = -5.711993781244887
correctionProbability (#ДЕЛАЮТЬСЯ$ -> #ДЕЛАЮТСЯ$) = -22.16711704786598
correctionProbability (#ОРЕЗ$ -> #ОРЕХ$) = -10.818302783271438
correctionProbability (#АЭРОПЛРТ$ -> #АЭРОПОРТ$) = -10.85734364037043
correctionProbability (#ОВСЯННИЦА$ -> #ОВСЯНИЦА$) = -23.986780092580098
correctionProbability (#АНАЛАГИ$ -> #АНАЛОГИ$) = -11.37666028772449
correctionProbability (#ЮИОЛОГИЯ$ -> #БИОЛОГИЯ$) = -13.141189465964978
correctionProbability (#МИНИУМ$ -> #МИНИМУМ$) = -15.025006726874238
correctionProbability (#ЛУШИХ$ -> #ЛУЧШИХ$) = -11.41823861967126
correctionProbability (#САЛИНБЛОКИ$ -> #САЙЛЕНТБЛОКИ$) = -152.89095502062816
correctionProbability (#MINFIT$ -> #MINIFIT$) = -23.954955412075464
correctionProbability (#РЕСБУБЛИКИ$ -> #РЕСПУБЛИКИ$) = -13.342163155281234
correctionProbability (#BENZAPILA$ -> #BENZOPILA$) = -26.660015224522475
correctionProbability (#TVENTY$ -> #TWENTY$) = -17.322076581185573
correctionProbability (#MALALETOK$ -> #MALOLETOK$) = -25.31173157031767
correctionProbability (#HIKOYALR$ -> #HIKOYALAR$) = -22.6240257325385
correctionProbability (#НИКОЛАЦ$ -> #НИКОЛАЙ$) = -10.517097807111327
correctionProbability (#РОЗДЕВАЛКЕ$ -> #РАЗДЕВАЛКЕ$) = -19.9757960841454
correctionProbability (#НОРИСОМ$ -> #НОРРИСОМ$) = -24.164993504863382
correctionProbability (#СХЕИА$ -> #СХЕМА$) = -6.031825077507538
correctionProbability (#ПАЛТАВА$ -> #ПОЛТАВА$) = -13.537495588519398
correctionProbability (#УЖАСТНЫЙ$ -> #УЖАСНЫЙ$) = -20.220675565190454
correctionProbability (#ВЕРЕНЫЙ$ -> #ВЕТРЕНЫЙ$) = -12.664540956220037
correctionProbability (#ЕНТА$ -> #ЛЕНТА$) = -8.49795579250549
correctionProbability (#ЗАЩИТЕЫЙ$ -> #ЗАЩИТНЫЙ$) = -17.21290905335821
correctionProbability (#КУРТЦА$ -> #КУРИЦА$) = -12.050483441598413
correctionProbability (#ТИРАРИЯ$ -> #ТЕРРАРИЯ$) = -81.16965249246586
correctionProbability (#ГРАММОТЕ$ -> #ГРАМОТЕ$) = -17.101739639524105
correctionProbability (#АКТОВИГАН$ -> #АКТОВЕГИН$) = -81.9681203710409
correctionProbability (#ЗНКОМСТА$ -> #ЗНАКОМСТВА$) = -76.71992908857234
correctionProbability (#ПИРОЖЕНОЕ$ -> #ПИРОЖНОЕ$) = -19.05208463097253
correctionProbability (#ОНЛАЙ1Н$ -> #ОНЛАЙН$) = -3.180872526778341
correctionProbability (#ВАЮТ$ -> #ВАЛЮТ$) = -8.531383019649493
correctionProbability (#ТРЕТИХ$ -> #ТРЕТЬИХ$) = -20.278346933217897
correctionProbability (#ЭГОСТИНИЦА$ -> #ГОСТИНИЦА$) = -15.704670910428106
correctionProbability (#МИЛИОНЕ$ -> #МИЛЛИОНЕ$) = -25.85012244335517
correctionProbability (#ХАМСТЕРС$ -> #ХАМСТЕР$) = -18.743194608716394
correctionProbability (#ЭЛИВАТОРА$ -> #ЭЛЕВАТОРА$) = -23.221444683707702
correctionProbability (#КУНДЕЛК$ -> #КҮНДЕЛІК$) = -74.70822037628326
correctionProbability (#РАСПЛАЧИВАТЬМЯ$ -> #РАСПЛАЧИВАТЬСЯ$) = -26.329464093706946
correctionProbability (#КОЛОБАРАЦИЯ$ -> #КОЛЛАБОРАЦИЯ$) = -155.52337870417418
correctionProbability (#ТИРАРИЮ$ -> #ТЕРРАРИЮ$) = -81.98313835104076
correctionProbability (#СИЧИНЕНИЕ$ -> #СОЧИНЕНИЕ$) = -12.305484391963766
correctionProbability (#ТЫЫ$ -> #ТЫ$) = -7.586966734408424
correctionProbability (#МАОКЕТ$ -> #МАРКЕТ$) = -9.594495453471477
correctionProbability (#УГЛОВНОГО$ -> #УГОЛОВНОГО$) = -18.333106368426364
correctionProbability (#ГЕЕА$ -> #ГЕЕВ$) = -11.449352240415639
correctionProbability (#КУРИННОЙ$ -> #КУРИНОЙ$) = -16.518393969699986
correctionProbability (#СВНОМ$ -> #СЫНОМ$) = -11.882212658960373
correctionProbability (#ГНЛАЙН$ -> #ОНЛАЙН$) = -0.6773694987507213
correctionProbability (#WHASAP$ -> #WHATSAPP$) = -78.2776370156865
correctionProbability (#КРЁСНЫЙ$ -> #КРЁСТНЫЙ$) = -20.169568014605808
correctionProbability (#DOOCHKISINOCHKI$ -> #DOCHKISINOCHKI$) = -31.512919481762808
correctionProbability (#КУНДЕЛИ$ -> #КҮНДЕЛІК$) = -139.43070958305756
correctionProbability (#ХАПЕР$ -> #ХОПЕР$) = -16.102918245528397
correctionProbability (#РАМАНС$ -> #РОМАНС$) = -12.959393038504334
correctionProbability (#СВИТЛАНА$ -> #СВЕТЛАНА$) = -11.244270664179517
correctionProbability (#ОТТЕНКО$ -> #ОТТЕНКОВ$) = -13.543890092960737
correctionProbability (#АДИДА$ -> #АДИДАС$) = -12.252524150508801
correctionProbability (#ПЛАЩЬ$ -> #ПЛАЩ$) = -15.444099348008965
correctionProbability (#ТЕПЛЫ$ -> #ТЕПЛЫЙ$) = -12.280776470589164
correctionProbability (#ПОТРОИТЬ$ -> #ПОСТРОИТЬ$) = -14.172981509041385
correctionProbability (#ЮНИКИТИ$ -> #ЮНИКИТТИ$) = -23.84377226799524
correctionProbability (#ПЕРФЕРАТОР$ -> #ПЕРФОРАТОР$) = -19.058280474671335
correctionProbability (#ПОТЕРЕННОГО$ -> #ПОТЕРЯННОГО$) = -24.85822087746672
correctionProbability (#ЬПЕРИОДА$ -> #ПЕРИОДА$) = -15.157431279858258
correctionProbability (#ГЕЕИ$ -> #ГЕИ$) = -11.6974530802589
correctionProbability (#ТЕПУАХ$ -> #ТАПУАХ$) = -18.11696118478447
correctionProbability (#ПОННИ$ -> #ПОНИ$) = -9.718320163882392
correctionProbability (#ДЕРДИТ$ -> #ДЕРЖИТ$) = -14.772121071777722
correctionProbability (#BAOPAP$ -> #PAOPAO$) = -86.59530501795301
correctionProbability (#КОНСЕКТ$ -> #КОНСПЕКТ$) = -12.209085076146337
correctionProbability (#РОСКЛАДНОЙ$ -> #РАСКЛАДНОЙ$) = -18.5403607299014
correctionProbability (#ДХТАРИ$ -> #ДУХТАРИ$) = -19.997954300227626
correctionProbability (#STOKINGS$ -> #STOCKINGS$) = -20.757293445058558
correctionProbability (#ВНУТРЕЧЕРЕПНОЕ$ -> #ВНУТРИЧЕРЕПНОЕ$) = -26.792401705267665
correctionProbability (#ЗВНИЕ$ -> #ЗВАНИЕ$) = -16.093813739191138
correctionProbability (#КУРИННОЕ$ -> #КУРИНОЕ$) = -18.754071674520056
correctionProbability (#ПЕЧЕНЯ$ -> #ПЕЧЕНЬЯ$) = -15.033782934763806
correctionProbability (#РОВЕНСЬКОЙ$ -> #РІВНЕНСЬКОЇ$) = -156.03815340228323
correctionProbability (#БОЛК$ -> #БЛОК$) = -76.02565296087526
correctionProbability (#ТЙОТА$ -> #ТОЙОТА$) = -9.489381858364357
correctionProbability (#МОРКВИ$ -> #МОРКОВИ$) = -14.845038268507906
correctionProbability (#АКАК$ -> #КАК$) = -1.5917578126147731
correctionProbability (#ВОЛЙН$ -> #ВОЙН$) = -17.249667951801076
correctionProbability (#КОНТАКТИ$ -> #ВКОНТАКТЕ$) = -71.824038849249
correctionProbability (#РАСПИССАНИЕ$ -> #РАСПИСАНИЕ$) = -12.087899286739976
correctionProbability (#ЭЙФОН$ -> #ЭЙВОН$) = -8.657929481408505
correctionProbability (#ТЕЛЕЙОН$ -> #ТЕЛЕФОН$) = -7.425472935217613
correctionProbability (#ОГНВО$ -> #ОГНИВО$) = -18.633565039491263
correctionProbability (#СЫМЫЕ$ -> #САМЫЕ$) = -6.3098431658656615
correctionProbability (#RUSKAIA$ -> #RUSSKAYA$) = -83.82781284006322
correctionProbability (#АКАИ$ -> #АКАЙ$) = -19.520063349992558
correctionProbability (#НЕСООТВЕТСВИЕ$ -> #НЕСООТВЕТСТВИЕ$) = -27.95055621096516
correctionProbability (#ЛУБОВЬ$ -> #ЛЮБОВЬ$) = -6.462157418339327
correctionProbability (#КОНТАКТН$ -> #КОНТАКТЕ$) = -7.2017044333234566
correctionProbability (#ФАИЛЫ$ -> #ФАЙЛЫ$) = -12.072857073317895
correctionProbability (#ВАШЬ$ -> #ВАШ$) = -12.878704506093523
correctionProbability (#ЯПОНЧКИЕ$ -> #ЯПОНСКИЕ$) = -12.230998909779082
correctionProbability (#НОВГОРДЕ$ -> #НОВГОРОДЕ$) = -13.654757635049691
correctionProbability (#КАЧАЕТЬСЯ$ -> #КАЧАЕТСЯ$) = -22.2365683435358
correctionProbability (#КОНТАКТК$ -> #КОНТАКТЕ$) = -7.200661098876132
correctionProbability (#НОВОСТТИ$ -> #НОВОСТИ$) = -6.738625046390148
correctionProbability (#КМЕНЬ$ -> #КАМЕНЬ$) = -10.171471605540209
correctionProbability (#ТАБЫНЫЗ$ -> #ТАБЫҢЫЗ$) = -23.548097906080628
correctionProbability (#ДРУЗЬМИ$ -> #ДРУЗЬЯМИ$) = -16.532482887259235
correctionProbability (#HARSIKI$ -> #HARSIKY$) = -21.55943415731769
correctionProbability (#ЕЛЕФАНТ$ -> #ЭЛЕФАНТ$) = -20.80153744447442
correctionProbability (#ГЕОМЕРИИ$ -> #ГЕОМЕТРИИ$) = -13.646941782536729
correctionProbability (#СЬЕКЛО$ -> #СТЕКЛО$) = -9.873896063131571
correctionProbability (#ЯХУДИЯ$ -> #ЯКУТИЯ$) = -79.08897669790632
correctionProbability (#ЗРЕЛВЕ$ -> #ЗРЕЛЫЕ$) = -10.097523498650492
correctionProbability (#ТАТРСКОМ$ -> #ТАТАРСКОМ$) = -18.229932366856737
correctionProbability (#КАЗХСКИЙ$ -> #КАЗАХСКИЙ$) = -13.74574413858901
correctionProbability (#РАЬОТЫ$ -> #РАБОТЫ$) = -6.830564323140958
correctionProbability (#ЛЕСБИИ$ -> #ЛЕСБИ$) = -12.164198524046238
correctionProbability (#ЭВЕРЕС$ -> #ЭВЕРЕСТ$) = -13.20956971593175
correctionProbability (#ЧТТО$ -> #ЧТО$) = -3.8757287613742584
correctionProbability (#ОЫОРМЛЕННЫЕ$ -> #ОФОРМЛЕННЫЕ$) = -24.992139091334785
correctionProbability (#ДЕЛАЬЬ$ -> #ДЕЛАТЬ$) = -7.1926249595919
correctionProbability (#ЬАБЛИЦА$ -> #ТАБЛИЦА$) = -7.850464215305884
correctionProbability (#АРХИОЛОГИЯ$ -> #АРХЕОЛОГИЯ$) = -20.328839314461156
correctionProbability (#ТРЕБВАНИЯ$ -> #ТРЕБОВАНИЯ$) = -15.017106413229342
correctionProbability (#РАСЧИТЫВАЕТ$ -> #РАССЧИТЫВАЕТСЯ$) = -155.4835301763164
correctionProbability (#ТРАВМОТОЛОГИЧЕСКАЯ$ -> #ТРАВМАТОЛОГИЧЕСКАЯ$) = -34.945991243551425
correctionProbability (#НЛЧЬ$ -> #НОЧЬ$) = -7.452483735580341
correctionProbability (#ИЩЮТ$ -> #ИЩУТ$) = -13.399461741231338
correctionProbability (#СЛИВОВИЙ$ -> #СЛИВОВЫЙ$) = -19.790255066206214
correctionProbability (#ВИКЕНГОВ$ -> #ВИКИНГОВ$) = -16.94717718458618
correctionProbability (#МУЛЬСИК$ -> #МУЛЬТИК$) = -6.846812319734504
correctionProbability (#ВОППОСЫ$ -> #ВОПРОСЫ$) = -11.367937863193227
correctionProbability (#СЛРВО$ -> #СЛОВО$) = -7.70528909497337
correctionProbability (#ЧІТАТЬ$ -> #ЧИТАТЬ$) = -7.180231865715566
correctionProbability (#ККВАРТИРУ$ -> #КВАРТИРУ$) = -11.236398216945183
correctionProbability (#КРЫИСКОМ$ -> #КРЫМСКОМ$) = -20.009382066157414
correctionProbability (#ЧАЯА$ -> #ЧАЯ$) = -14.622571711820708
correctionProbability (#САХОРНЫЙ$ -> #САХАРНЫЙ$) = -15.71293605937904
correctionProbability (#ДОМБАСС$ -> #ДОНБАСС$) = -15.232983865899584
correctionProbability (#ДОЛЖАНКА$ -> #ДОЛЖАНСКАЯ$) = -90.30601733114017
correctionProbability (#ПРИГОТОВТЬ$ -> #ПРИГОТОВИТЬ$) = -12.966102016695132
correctionProbability (#БКВ$ -> #БУКВ$) = -7.079389232054556
correctionProbability (#НЕЛБЗЯ$ -> #НЕЛЬЗЯ$) = -10.737685843983147
correctionProbability (#WARFEIS$ -> #WARFACE$) = -142.9678153299633
correctionProbability (#МЦИРИ$ -> #МЦЫРИ$) = -16.972097648094735
correctionProbability (#ПЕНТОГРАММА$ -> #ПЕНТАГРАММА$) = -22.793926571200032
correctionProbability (#СВЕТОВОР$ -> #СВЕТОФОР$) = -13.850848312719869
correctionProbability (#РОЗРЕШЕНИЕ$ -> #РАЗРЕШЕНИЕ$) = -16.636666521732216
correctionProbability (#ВСКАНСИИ$ -> #ВАКАНСИИ$) = -8.191855856997243
correctionProbability (#СЕТИВАЙ$ -> #СЕТЕВОЙ$) = -73.32216801603585
correctionProbability (#СТАРШЕБАУМ$ -> #СТАРШЕНБАУМ$) = -19.75093034026621
correctionProbability (#АФТОБУСА$ -> #АВТОБУСА$) = -12.127050470449142
correctionProbability (#ФАИЛА$ -> #ФАЙЛА$) = -13.870664991671834
correctionProbability (#УЛУДШЕНИЯ$ -> #УЛУЧШЕНИЯ$) = -17.485748671143767
correctionProbability (#СМУЛЯТОР$ -> #СИМУЛЯТОР$) = -13.589691626929572
correctionProbability (#ЗДЕС$ -> #ЗДЕСЬ$) = -11.824145302883341
correctionProbability (#KNIGING$ -> #KNIGI$) = -89.18276162899646
correctionProbability (#ЧЕЛЕНДЖЫ$ -> #ЧЕЛЛЕНДЖИ$) = -84.24411474024576
correctionProbability (#РОЖДАЕТЬСЯ$ -> #РОЖДАЕТСЯ$) = -24.00632305622198
correctionProbability (#БРАВОР$ -> #БРАВО$) = -14.533999869756297
correctionProbability (#НАГЛИЙСКОМ$ -> #АНГЛИЙСКОМ$) = -79.81870761546801
correctionProbability (#ПЛИНТЕР$ -> #ПРИНТЕР$) = -11.807829089051353
correctionProbability (#СОМОГОН$ -> #САМОГОН$) = -15.013625782153667
correctionProbability (#РАСКАЗАТЬ$ -> #РАССКАЗАТЬ$) = -19.588794307396697
correctionProbability (#ИОШКАР$ -> #ЙОШКАР$) = -12.534276206645902
correctionProbability (#ИИЛИ$ -> #ИЛИ$) = -6.951013654268731
correctionProbability (#ВЫЛИТАЕТ$ -> #ВЫЛЕТАЕТ$) = -16.728681913386204
correctionProbability (#ВАСІДЬКОВКА$ -> #ВАСИЛЬКОВКА$) = -92.76533989483434
correctionProbability (#ЗДЕК$ -> #СДЭК$) = -74.31178835172967
correctionProbability (#ЮТЮБЕ$ -> #ЮТУБЕ$) = -6.435508735926366
correctionProbability (#ДОЛЛАНА$ -> #ДОЛЛАРА$) = -9.602181829700186
correctionProbability (#БУКАККЕ$ -> #БУККАКЕ$) = -88.21278377697865
correctionProbability (#ЧЕЗОВСКАЯ$ -> #ЧЕХОВСКАЯ$) = -23.157882597740915
correctionProbability (#ДИВИДЕНТОВ$ -> #ДИВИДЕНДОВ$) = -19.321670303674274
correctionProbability (#EVROMAG$ -> #EUROMAG$) = -33.116519125346805
correctionProbability (#ЮТЮБА$ -> #ЮТУБА$) = -9.598073312975263
correctionProbability (#ТАМБО$ -> #ТАМБОВ$) = -11.544618206703529
correctionProbability (#ИНТНРЕСНЫЕ$ -> #ИНТЕРЕСНЫЕ$) = -13.369279733000695
correctionProbability (#ЄРОТИЧЕСКИЕ$ -> #ЭРОТИЧЕСКИЕ$) = -14.731639388798541
correctionProbability (#УСЕБНИК$ -> #УЧЕБНИК$) = -9.029896907018696
correctionProbability (#СУМАШЕДШЕЕ$ -> #СУМАСШЕДШЕЕ$) = -25.123083356156656
correctionProbability (#ГРУЗОПОДЬЕМНЫХ$ -> #ГРУЗОПОДЪЕМНЫХ$) = -27.73107949414529
correctionProbability (#ПЛАШИ$ -> #ПЛАЩИ$) = -15.918623878771346
correctionProbability (#КУРИННУЮ$ -> #КУРИНУЮ$) = -19.334259645319655
correctionProbability (#ЗАБОЛВАЮТ$ -> #ЗАБОЛЕВАЮТ$) = -28.793057487589344
correctionProbability (#ЛЕТИИ$ -> #ЛЕТИЕ$) = -13.280832959809327
correctionProbability (#БОЕС$ -> #БОКС$) = -8.127884056827124
correctionProbability (#WIVE$ -> #WIFE$) = -12.758614026535621
correctionProbability (#СИТИЛИНГ$ -> #СИТИЛИНК$) = -12.125707607995203
correctionProbability (#СОЛДА$ -> #СОЛДАТ$) = -12.322977489402714
correctionProbability (#KINOG$ -> #KINOGO$) = -14.465781938526899
correctionProbability (#БОДЬ$ -> #БОЛЬ$) = -9.277507951741182
correctionProbability (#КАЛИРИНГРАД$ -> #КАЛИНИНГРАД$) = -13.291543002488325
correctionProbability (#TOMMI$ -> #TOMMY$) = -14.79218482540573
correctionProbability (#ПОДТЧЖЕК$ -> #ПОДТЯЖЕК$) = -27.614942723944807
correctionProbability (#XIZ$ -> #XYZ$) = -14.828175444609752
correctionProbability (#НЭКС$ -> #НЭСК$) = -81.70476350823579
correctionProbability (#ИНТРОАЕРТ$ -> #ИНТРОВЕРТ$) = -19.186280588867938
correctionProbability (#СЕРВИР$ -> #СЕРВЕР$) = -10.707567285394315
correctionProbability (#ЛТВОВ$ -> #ЛЬВОВ$) = -12.305336966373265
correctionProbability (#FAKEBOOK$ -> #FACEBOOK$) = -9.374332601527058
correctionProbability (#СИМФЕРОРОЛЕ$ -> #СИМФЕРОПОЛЕ$) = -13.78061997592004
correctionProbability (#FEISBYK$ -> #FEISBUK$) = -17.121818919001328
correctionProbability (#АПОЛИНАРИЯ$ -> #АПОЛЛИНАРИЯ$) = -28.520052431980275
correctionProbability (#ИНМТРУКЦИЯ$ -> #ИНСТРУКЦИЯ$) = -9.392214542345329
correctionProbability (#TNESAVAI$ -> #TNESEVAI$) = -34.05130057771242
correctionProbability (#ЖЕРНАЛ$ -> #ЖУРНАЛ$) = -8.21156030123144
correctionProbability (#ЖИВОДНИМИ$ -> #ЖИВОТНЫМИ$) = -78.93910536107656
correctionProbability (#АЛЬТЕРО$ -> #АЛЬТЕРА$) = -19.34638742150902
correctionProbability (#СВЕЧОК$ -> #СВЕРЧОК$) = -20.035135091258084
correctionProbability (#ТНДУСТРИАЛЬНЫЙ$ -> #ИНДУСТРИАЛЬНЫЙ$) = -22.288639090371156
correctionProbability (#ИНДОПОМИД$ -> #ИНДАПАМИД$) = -83.22678292237241
correctionProbability (#ВЕРХНЕВА$ -> #ВЕРХНЕГО$) = -82.60409408994042
correctionProbability (#БЛГ$ -> #БЛОГ$) = -11.101703014176938
correctionProbability (#QADANIYE$ -> #GADANIE$) = -86.26882390406125
correctionProbability (#ЭРОТК$ -> #ЭРОТИКА$) = -73.89886300844101
correctionProbability (#СТЕРАЛЬНОЙ$ -> #СТИРАЛЬНОЙ$) = -15.044311673157651
correctionProbability (#ККРТИНКИ$ -> #КАРТИНКИ$) = -4.745782975947348
correctionProbability (#КВАДРОЦЫКАЛ$ -> #КВАДРОЦИКЛ$) = -84.67768680939191
correctionProbability (#ПВРК$ -> #ПАРК$) = -6.735481309427829
correctionProbability (#ВЫБРАП$ -> #ВЫБРАЛ$) = -18.751458491060188
correctionProbability (#ПОЗНАКОМИТСА$ -> #ПОЗНАКОМИТЬСЯ$) = -85.54270839651402
correctionProbability (#BOLLS$ -> #BALLS$) = -16.906960405618353
correctionProbability (#PAPOLON$ -> #PAPILLON$) = -87.50509094446949
correctionProbability (#ПРОФЕСИОНАЛЬНЫМ$ -> #ПРОФЕССИОНАЛЬНЫМ$) = -28.448219324044366
correctionProbability (#ЧЕРНИШОВ$ -> #ЧЕРНЫШОВ$) = -18.007296727383768
correctionProbability (#МАНЕТКИ$ -> #МОНЕТКИ$) = -19.824996649560752
correctionProbability (#ВОТСАПВЕБ$ -> #ВОТСАПВЭБ$) = -18.10050373795943
correctionProbability (#ШЕГИ$ -> #ШЕГГИ$) = -19.617881209848523
correctionProbability (#БОИТ$ -> #БОЛИТ$) = -10.165799066893005
correctionProbability (#ДЕВУЖКИ$ -> #ДЕВУШКИ$) = -7.7579555715419986
correctionProbability (#ПОТСЛУШАНО$ -> #ПОДСЛУШАНО$) = -13.582525421388532
correctionProbability (#НАГИНЦЫ$ -> #НАГЕНЦЫ$) = -21.783636569834904
correctionProbability (#КАМКРА$ -> #КАМЕРА$) = -9.077195036000095
correctionProbability (#ЭЛЬБАНА$ -> #ЭЛЬБОНА$) = -21.60614836595728
correctionProbability (#КВВРТИРЫ$ -> #КВАРТИРЫ$) = -9.127240506827533
correctionProbability (#SMOTR$ -> #SMOTRET$) = -79.18786217630165
correctionProbability (#РИВЕРДЕЙД$ -> #РИВЕРДЕЙЛ$) = -13.63180330482598
correctionProbability (#ПЕРЛОС$ -> #ПЕРДОС$) = -13.404427420764495
correctionProbability (#ШЕМЭЛЬ$ -> #ШЕМЕЛЬ$) = -32.14487874019056
correctionProbability (#POGOSYAN$ -> #POGHOSYAN$) = -26.11606739944027
correctionProbability (#БАРБМ$ -> #БАРБИ$) = -8.768032319906464
correctionProbability (#ПИДОСОВ$ -> #ПИНДОСОВ$) = -28.807396237281452
correctionProbability (#ХУЖОЖНИ$ -> #ХУДОЖНИК$) = -78.26308287634238
correctionProbability (#ПАЗЛИ$ -> #ПАЗЛЫ$) = -10.640371778843882
correctionProbability (#КИПИТЬ$ -> #КУПИТЬ$) = -1.397756922856626
correctionProbability (#СЕСТУРА$ -> #СЕСТРА$) = -13.041243405227863
correctionProbability (#БОИН$ -> #БОИНГ$) = -14.278188203820907
correctionProbability (#ДОЛЛАОА$ -> #ДОЛЛАРА$) = -9.600134841304794
correctionProbability (#ПРОФЕСИОНАЛЬНЫЙ$ -> #ПРОФЕССИОНАЛЬНЫЙ$) = -22.985012742265575
correctionProbability (#ИНФРОКРАСНОЕ$ -> #ИНФРАКРАСНОЕ$) = -26.28048450109742
correctionProbability (#СЕРВИЧ$ -> #СЕРВИС$) = -9.148754399114463
correctionProbability (#ПИТЕЛЬ$ -> #ПЕТЕЛЬ$) = -13.750273681329492
correctionProbability (#УАК$ -> #КАК$) = 0.89081389061365
correctionProbability (#SOTHIA$ -> #SOPHIA$) = -19.613809175515197
correctionProbability (#КОНЬК$ -> #КОНЬЯК$) = -14.156440183701282
correctionProbability (#НАГЕТЦЫ$ -> #НАГГЕТСЫ$) = -85.00505364045075
correctionProbability (#ЖАВА$ -> #ДЖАВА$) = -15.88362851822355
correctionProbability (#НЕДВИЖИМОСТ$ -> #НЕДВИЖИМОСТЬ$) = -13.77389377047043
correctionProbability (#КАПУСКИН$ -> #КАПУСТИН$) = -20.77214673066851
correctionProbability (#ЛУБЯТЬ$ -> #ЛЮБЯТ$) = -79.85716652428287
correctionProbability (#КЕЛЛІ$ -> #КЕЛЛИ$) = -13.11736380328507
correctionProbability (#ЧТРБ$ -> #ЧТОБЫ$) = -72.97332349820216
correctionProbability (#ЧАМПИОН$ -> #ЧЕМПИОН$) = -13.84937767437696
correctionProbability (#ЯКОНОЙ$ -> #ЯКОРНОЙ$) = -23.185474427806298
correctionProbability (#ПОДУЛЮЧИТЬ$ -> #ПОДКЛЮЧИТЬ$) = -13.592867191791136
correctionProbability (#СЛЕДУЩЕЕ$ -> #СЛЕДУЮЩЕЕ$) = -20.186166149325587
correctionProbability (#ПРИТЕНДОВАТЬ$ -> #ПРЕТЕНДОВАТЬ$) = -26.1458700230108
correctionProbability (#ПРОДЖЕТ$ -> #ПРОДЖЕКТ$) = -20.065741160051523
correctionProbability (#ПЕНСИОНЕРКАМ$ -> #ПЕНСИОНЕРАМ$) = -19.303926345368048
correctionProbability (#ВАНГЕР$ -> #ВАГНЕР$) = -84.5716153937808
correctionProbability (#ЧЧЕРЕЗ$ -> #ЧЕРЕЗ$) = -8.163327594629955
correctionProbability (#ПИСИМИСТ$ -> #ПЕССИМИСТ$) = -89.37028226618348
correctionProbability (#STINKI$ -> #STINKY$) = -21.23981599538998
correctionProbability (#ПАТВИТ$ -> #ПАТВИЦ$) = -12.763720369137975
correctionProbability (#ХЕКЛИН$ -> #ХЭКЛИН$) = -23.89204786330808
correctionProbability (#ТМНЬКОФФ$ -> #ТИНЬКОФФ$) = -11.414891529638432
correctionProbability (#ОТЧЕИ$ -> #ОТЧЕТ$) = -10.50805976419355
correctionProbability (#БУДУЮЩАЯ$ -> #БУДУЩАЯ$) = -20.743057068705482
correctionProbability (#ПЕРЕСЕЧ$ -> #ПЕРЕСЕЧЬ$) = -24.092269897874793
correctionProbability (#ИСОТРИЯ$ -> #ИСТОРИЯ$) = -75.92244066617677
correctionProbability (#СМОРТЕЬ$ -> #СМОТРЕТЬ$) = -135.53750426236837
correctionProbability (#ЭЛЕКТРОЛАСТИК$ -> #ЭЛЕКТРОЛИТТІК$) = -160.46251216203848
correctionProbability (#СКЛИИФОСОВСКИЙ$ -> #СКЛИФОСОВСКИЙ$) = -23.196225060706766
correctionProbability (#УЛЬТРАЗВУКОЙ$ -> #УЛЬТРАЗВУКОВОЙ$) = -88.20658845234662
correctionProbability (#НИКАЛАЕВНА$ -> #НИКОЛАЕВНА$) = -16.173968717621953
correctionProbability (#ЛЕТЕЙ$ -> #ДЕТЕЙ$) = -3.5206469448588678
correctionProbability (#НОЧИНКА$ -> #НАЧИНКА$) = -15.4370442888861
correctionProbability (#ЧТРО$ -> #ЧТО$) = -3.8855267756047702
correctionProbability (#АУДИЗАПИСИ$ -> #АУДИОЗАПИСИ$) = -23.407434717453683
correctionProbability (#КАСНЫЙ$ -> #КРАСНЫЙ$) = -10.783672112111958
correctionProbability (#МИДИЦИНСКИЙ$ -> #МЕДИЦИНСКИЙ$) = -14.446145219885835
correctionProbability (#ЛИНЕЙ$ -> #ЛИННЕЙ$) = -20.695167304976945
correctionProbability (#НЕОФОРМОЕНОГО$ -> #НЕОФОРМЛЕННОГО$) = -98.5519079063732
correctionProbability (#ВИКИППЕДИЯ$ -> #ВИКИПЕДИЯ$) = -11.939516931313214
correctionProbability (#ЦЕФАЗАЛИН$ -> #ЦЕФАЗОЛИН$) = -21.03920587031817
correctionProbability (#СТАСБУЛ$ -> #СТАМБУЛ$) = -12.468352866355339
correctionProbability (#ПЛТКА$ -> #ПЛИТКА$) = -10.925863613473961
correctionProbability (#БАЛШИЕ$ -> #БОЛЬШИЕ$) = -75.07389008793264
correctionProbability (#БОЧЕНКИ$ -> #БОЧОНКИ$) = -22.613122853070905
correctionProbability (#ОБЩАЖИТИЕ$ -> #ОБЩЕЖИТИЕ$) = -17.36220245589191
correctionProbability (#ОЛАСТИ$ -> #ОБЛАСТИ$) = -6.698557956449747
correctionProbability (#МАКРОМЕДИЯ$ -> #МАКРОМЕДИА$) = -26.05731324262971
correctionProbability (#ДОЛЬНОБОЙ$ -> #ДАЛЬНОБОЙ$) = -17.208809848423854
correctionProbability (#КУКЛАЙ$ -> #КУКЛОЙ$) = -15.8767549192218
correctionProbability (#SURFES$ -> #SURFERS$) = -19.81751341731406
correctionProbability (#ПІТЕР$ -> #ПИТЕР$) = -10.165188244743991
correctionProbability (#АЙРСОФТ$ -> #АИРСОФТ$) = -21.18281885666415
correctionProbability (#СВОИММ$ -> #СВОИМИ$) = -5.435677751894634
correctionProbability (#БМА$ -> #БМВ$) = -7.898800315779756
correctionProbability (#ПОЗОРОНЫ$ -> #ПОХОРОНЫ$) = -13.687428462967937
correctionProbability (#ЯЗИКУ$ -> #ЯЗЫКУ$) = -6.309473466224265
correctionProbability (#МОШИНЕ$ -> #МАШИНЕ$) = -9.900707109643452
correctionProbability (#ВСЕРИИ$ -> #СЕРИИ$) = -5.327085624652536
correctionProbability (#ПАРОВИЧОК$ -> #ПАРНИЧОК$) = -93.49594158958536
correctionProbability (#СХЕМВ$ -> #СХЕМА$) = -6.069055301787888
correctionProbability (#KLEATVA$ -> #KLYATVA$) = -18.980491025534683
correctionProbability (#ФРЕДІ$ -> #ФРЕДДИ$) = -76.73854636868607
correctionProbability (#ПЕРЕКУЧСА$ -> #ПЕРЕКУСА$) = -27.859248249079705
correctionProbability (#СЛАТ$ -> #САЛАТ$) = -8.172753669856355
correctionProbability (#KAYBORD$ -> #KEYBOARD$) = -83.30227569165453
correctionProbability (#МИЛОДИИ$ -> #МЕЛОДИИ$) = -14.148450352143328
correctionProbability (#ЛУШЕЕ$ -> #ЛУЧШЕЕ$) = -10.115759011781822
correctionProbability (#ВЕБЕНАРИУМ$ -> #ВЕБИНАРИУМ$) = -21.369666218333464
correctionProbability (#ГЕПУР$ -> #ГЕПЮР$) = -17.06541018259883
correctionProbability (#АБЕЗЯТЕЛСТВА$ -> #АБЕЗАТЕЛСТВА$) = -37.758852553007976
correctionProbability (#КОНСЕПТ$ -> #КОНЦЕПТ$) = -14.707669495181506
correctionProbability (#АБОНЕНСКАЯ$ -> #АБОНЕНТСКАЯ$) = -25.217690496302843
correctionProbability (#ЛАЗЕРХАУС$ -> #ЛАЗЕРХАУЗ$) = -26.693279230897332
correctionProbability (#МОШИНА$ -> #МАШИНА$) = -8.202052996200795
correctionProbability (#КРЕДМТ$ -> #КРЕДИТ$) = -7.311139037791225
correctionProbability (#КАРАЛЕВСКИЙ$ -> #КОРОЛЕВСКИЙ$) = -82.98708014353008
correctionProbability (#ШЕРЛАК$ -> #ШЕРЛОК$) = -11.491109421284687
correctionProbability (#КОНЫХ$ -> #КОННЫХ$) = -22.53540315434705
correctionProbability (#ПОЛОЖЕНЯ$ -> #ПОЛОЖЕННЯ$) = -20.478032356258034
correctionProbability (#ВАЩЫ$ -> #ВАЗЫ$) = -13.084141120496536
correctionProbability (#ЕРОПІКС$ -> #ЭРОПИКС$) = -87.92556641868637
correctionProbability (#PHONIX$ -> #PHOENIX$) = -17.524176485641668
correctionProbability (#МОШИНО$ -> #МАШИНО$) = -22.115564433860513
correctionProbability (#ПАЗЛІ$ -> #ПАЗЛЫ$) = -10.672286542544544
correctionProbability (#ОТДЕЛЕНИ$ -> #ОТДЕЛЕНИЕ$) = -14.54749233262715
correctionProbability (#ПИЛЛЕТ$ -> #ПЕЛЛЕТ$) = -20.753978715760052
correctionProbability (#ცილების$ -> #ცილები$) = -34.85523743493913
correctionProbability (#ФЛУКС$ -> #ФЛЮКС$) = -21.011517339934105
correctionProbability (#ТЕРМОМЕТЕР$ -> #ТЕРМОМЕТР$) = -19.445321038321694
correctionProbability (#СОЛЕЦ$ -> #СОЛЕЙ$) = -14.54088281295586
correctionProbability (#КАТАНЯ$ -> #КАТАНИЯ$) = -13.048797779334905
correctionProbability (#КОРСАКОГО$ -> #КОРСАКОВА$) = -83.89215637011782
correctionProbability (#АНТИВІРУС$ -> #АНТИВИРУС$) = -13.40450779017521
correctionProbability (#СПМСУНГ$ -> #САМСУНГ$) = -9.49221527787256
correctionProbability (#РАЗБЛКИРОВАТЬ$ -> #РАЗБЛОКИРОВАТЬ$) = -21.50147395657642
correctionProbability (#VERU$ -> #VERY$) = -13.627779940231878
correctionProbability (#МОШИНУ$ -> #МАШИНУ$) = -9.185615820777745
correctionProbability (#РОЛЕТА$ -> #РОЛЛЕТА$) = -25.59541934503318
correctionProbability (#UNTURNET$ -> #UNTURNED$) = -18.21634140445621
correctionProbability (#KYOSERA$ -> #KYOCERA$) = -16.372070893094858
correctionProbability (#РОДИК$ -> #РОЛИК$) = -11.182542769193834
correctionProbability (#ПРЕНТАЦИЯ$ -> #ПРЕЗЕНТАЦИЯ$) = -78.07079945892518
correctionProbability (#ЯЗИКА$ -> #ЯЗЫКА$) = -8.690859256873498
correctionProbability (#ЛОЗАНЬЯ$ -> #ЛАЗАНЬЯ$) = -16.644758444803173
correctionProbability (#СЕТИВАЯ$ -> #СЕТЕВАЯ$) = -16.92563584097023
correctionProbability (#БАЛИСТИКА$ -> #БАЛЛИСТИКА$) = -26.24152174541451
correctionProbability (#РОЛИКЛИНИКА$ -> #ПОЛИКЛИНИКА$) = -13.449600842390787
correctionProbability (#СПОРТМАСТЕ$ -> #СПОРТМАСТЕР$) = -15.62849931852164
correctionProbability (#СТКЛО$ -> #СТЕКЛО$) = -10.44715425077084
correctionProbability (#ДОЛЛАРВ$ -> #ДОЛЛАРА$) = -9.616665191635079
correctionProbability (#СУИННИ$ -> #СУИНИ$) = -20.975683183596484
correctionProbability (#БЕЛОРУСИИ$ -> #БЕЛОРУССИИ$) = -15.63379498103378
correctionProbability (#МАНАЛЕТКА$ -> #МАЛОЛЕТКА$) = -80.91989398357052
correctionProbability (#STRUKTURNI$ -> #STRUKTURNIJ$) = -31.156092734886656
correctionProbability (#УАХ$ -> #УАЗ$) = -8.100245812596931
correctionProbability (#ЯЗИКИ$ -> #ЯЗЫКЕ$) = -70.7188477146887
correctionProbability (#БЕСЛАТНО$ -> #БЕСПЛАТНО$) = -5.312235686116386
correctionProbability (#БИОЛО$ -> #БИОЛОГИИ$) = -143.62841627383466
correctionProbability (#СЕРЕБРЯННИКОВ$ -> #СЕРЕБРЕННИКОВ$) = -25.430574067785358
correctionProbability (#АКБА$ -> #АКБАР$) = -14.447541199511146
correctionProbability (#АЙРПОДСОВ$ -> #АИРПОДСОВ$) = -25.882612667847255
correctionProbability (#СВИННЫМ$ -> #СВИНЫМ$) = -23.449918224392604
correctionProbability (#ГОСТНИЦА$ -> #ГОСТИНИЦА$) = -13.748131187836584
correctionProbability (#ФОЛЦВАГЕН$ -> #ФОЛЬКСВАГЕН$) = -144.70705329685197
correctionProbability (#СКАЧАЧ$ -> #СКАЧАТЬ$) = -67.79018423161072
correctionProbability (#СЕИФЕ$ -> #СЕЙФЕ$) = -21.692258737636035
correctionProbability (#ДЖЕСОН$ -> #ДЖЕЙСОН$) = -15.482513091704163
correctionProbability (#ИВИТРО$ -> #ИНВИТРО$) = -13.838697074984005
correctionProbability (#ПОЧEМУ$ -> #ПОЧЕМУ$) = -6.679920743982105
correctionProbability (#КИСИЛЕВСК$ -> #КИСЕЛЕВСК$) = -18.10347676833164
correctionProbability (#SHARIET$ -> #SHAREIT$) = -86.03388980826053
correctionProbability (#БОЯНСК$ -> #БРЯНСК$) = -10.964924891419859
correctionProbability (#КУЛЬКОВА$ -> #КУЛИКОВА$) = -17.226875792057804
correctionProbability (#ЛЕТАВЛЬ$ -> #ЛЕТУАЛЬ$) = -79.73972101321927
correctionProbability (#ОБНОВИЬ$ -> #ОБНОВИТЬ$) = -13.767616882748307
correctionProbability (#КРАСГОДАР$ -> #КРАСНОДАР$) = -9.878133346869
correctionProbability (#АЙЛЕШ$ -> #АЙЛИШ$) = -11.553302968198384
correctionProbability (#РОХМАН$ -> #РАХМАН$) = -19.864398418195695
correctionProbability (#РЕФЛЕТОРНАЯ$ -> #РЕФЛЕКТОРНАЯ$) = -25.570365582012812
correctionProbability (#МЫЗЫКУ$ -> #МУЗЫКУ$) = -6.90288251020781
correctionProbability (#VYAANIE$ -> #VYAZANIE$) = -22.348458505810576
correctionProbability (#ПОРНЯМИ$ -> #ПАРНЯМИ$) = -16.87739919989501
correctionProbability (#PROSTOPORN$ -> #PROSTOPORNO$) = -22.693695922316934
correctionProbability (#ТEСТИ$ -> #ТЕСТИ$) = -14.727646764965758
correctionProbability (#ХОЛОДНЕ$ -> #ХОЛОДНОЕ$) = -12.491972611185737
correctionProbability (#GHOSTMANE$ -> #GHOSTEMANE$) = -21.691175893577338
correctionProbability (#ПОТДЕЛКА$ -> #ПОДДЕЛКА$) = -15.385335299152835
correctionProbability (#РОДИО$ -> #РАДИО$) = -5.0801217242821615
correctionProbability (#ГУГУЛ$ -> #ГУГЛ$) = -5.538703657537681
correctionProbability (#РОЙОНА$ -> #РАЙОНА$) = -7.2735370805059425
correctionProbability (#МАСАЖНИЙ$ -> #МАССАЖНЫЙ$) = -82.3004810526496
correctionProbability (#ITALIY$ -> #ITALY$) = -17.409895231480565
correctionProbability (#ААИТО$ -> #АВИТО$) = -2.8412075152540446
correctionProbability (#РСПЕЧАТАТЬ$ -> #РАСПЕЧАТАТЬ$) = -12.382156727184338
correctionProbability (#CAMER$ -> #CAMERA$) = -7.184485449725553
correctionProbability (#ЕНДОРОГО$ -> #НЕДОРОГО$) = -76.55911532268323
correctionProbability (#PROMETEUS$ -> #PROMETHEUS$) = -26.23750494164836
correctionProbability (#СКАЧАС$ -> #СКАЧАТЬ$) = -67.79018423161072
correctionProbability (#ЗАЙЧЕВ$ -> #ЗАЙЦЕВ$) = -10.295069626792799
correctionProbability (#ОБНОВИТ$ -> #ОБНОВИТЬ$) = -13.731772730635818
correctionProbability (#ПАСЛУШАТЬ$ -> #ПОСЛУШАТЬ$) = -15.639026746936729
correctionProbability (#ГОАЗА$ -> #ГЛАЗА$) = -8.738852049064224
correctionProbability (#САСТАВУ$ -> #СОСТАВУ$) = -13.512549338052992
correctionProbability (#CROSOUT$ -> #CROSSOUT$) = -17.310913268391992
correctionProbability (#ЗОЬБИ$ -> #ЗОМБИ$) = -8.170093667524377
correctionProbability (#ПАМЬЯТИ$ -> #ПАМЯТИ$) = -13.156334952213303
correctionProbability (#ВОКРУН$ -> #ВОКРУГ$) = -10.951512050528454
correctionProbability (#ПАСКИЛЬ$ -> #ПАСКАЛЬ$) = -16.19439287453656
correctionProbability (#FULLE$ -> #FULL$) = -11.951351559142363
correctionProbability (#СИГУЛ$ -> #СИГАЛ$) = -14.91010851162132
correctionProbability (#ПОДКЛЧИТЬ$ -> #ПОДКЛЮЧИТЬ$) = -14.168285017828687
correctionProbability (#ЗРЕЛОИ$ -> #ЗРЕЛОЙ$) = -14.218337140596876
correctionProbability (#ЛЕЙТУАЛЬ$ -> #ЛЕТУАЛЬ$) = -14.402462017633184
correctionProbability (#МЫЗЫКА$ -> #МУЗЫКА$) = -5.483294329918703
correctionProbability (#КОФТАН$ -> #КАФТАН$) = -17.71976926300213
correctionProbability (#НЕДОЛЕКО$ -> #НЕДАЛЕКО$) = -17.767146272084737
correctionProbability (#БЕЛОРУСИЮ$ -> #БЕЛОРУССИЮ$) = -20.625536394354633
correctionProbability (#ХАППИ$ -> #ХЭППИ$) = -13.026113991131457
correctionProbability (#РУССКОММУ$ -> #РУССКОМУ$) = -11.897314861404183
correctionProbability (#СКАЧАЮ$ -> #СКАЧАТЬ$) = -67.79065564749892
correctionProbability (#НАЦИНВЕСТ$ -> #СОЦИНВЕСТ$) = -99.48177735948256
correctionProbability (#ЩЕТЧИК$ -> #СЧЕТЧИК$) = -78.81378560117018
correctionProbability (#СКМАЯ$ -> #САМАЯ$) = -8.987684712387644
correctionProbability (#ЧТОЛ$ -> #ЧТО$) = -3.890028407998198
correctionProbability (#ДЕВУШАК$ -> #ДЕВУШЕК$) = -9.372574437151044
correctionProbability (#ЭЛЛЕГИЯ$ -> #ЭЛЕГИЯ$) = -19.44623531517316
correctionProbability (#ОРЕНЬУРГ$ -> #ОРЕНБУРГ$) = -10.972078643139433
correctionProbability (#ЛОМБАДА$ -> #ЛАМБАДА$) = -16.827349857198406
correctionProbability (#ЧТОО$ -> #ЧТО$) = -3.8771935338640695
correctionProbability (#SKOLKA$ -> #SKOLKO$) = -19.530103811037105
correctionProbability (#ППСНЯ$ -> #ПЕСНЯ$) = -3.7475830580408704
correctionProbability (#ЯРОСЛАВСКОГ$ -> #ЯРОСЛАВСКОГО$) = -21.94645031229411
correctionProbability (#АГЕНСТСКОГО$ -> #АГЕНТСКОГО$) = -28.003505718378882
correctionProbability (#USAG$ -> #USAQ$) = -17.07404296641789
correctionProbability (#ИНСИАГРАМ$ -> #ИНСТАГРАМ$) = -8.564552692885648
correctionProbability (#АПЕРКОТ$ -> #АППЕРКОТ$) = -24.451054217498566
correctionProbability (#ДИСКОРДЖ$ -> #ДИСКОРД$) = -14.295344014280907
correctionProbability (#ВЕЩЬМ$ -> #ВЕДЬМ$) = -12.760216744354071
correctionProbability (#ПОРИВНЯННЯ$ -> #ПОРІВНЯННЯ$) = -22.821786699321294
correctionProbability (#ЛИТИШОПС$ -> #ЛЕТИШОПС$) = -17.17449746795493
correctionProbability (#TRPIMYDREAM$ -> #TRIPMYDREAM$) = -89.1937826397244
correctionProbability (#МЫЗЫКИ$ -> #МУЗЫКИ$) = -10.38930860849214
correctionProbability (#ЛИБРИЛЕРМ$ -> #ЛИБРИДЕРМ$) = -16.498370908825947
correctionProbability (#ЧТОТ$ -> #ЧТО$) = -3.885140595556603
correctionProbability (#БЕТАРБИЕВ$ -> #БЕТЕРБИЕВ$) = -16.337026153698844
correctionProbability (#ПУСТИНЯ$ -> #ПУСТЫНЯ$) = -15.157829390597414
correctionProbability (#ФОРЕВЕ$ -> #ФОРЕВЕР$) = -19.706925328520448
correctionProbability (#РАОТАЕТ$ -> #РАБОТАЕТ$) = -11.843356088342269
correctionProbability (#СТРАСНАЯ$ -> #СТРАСТНАЯ$) = -21.237483921522916
correctionProbability (#ПФАФ$ -> #ПФАФФ$) = -21.821563726175288
correctionProbability (#КАКСАКИ$ -> #КОКСАКИ$) = -17.852831500348927
correctionProbability (#WHATSUPP$ -> #WHATSAPP$) = -12.343212293209739
correctionProbability (#НАЧТРОИТЬ$ -> #НАСТРОИТЬ$) = -13.155922782566066
correctionProbability (#ЙОШКА$ -> #ЙОШКАР$) = -13.141065243089312
correctionProbability (#ЛВЕРИ$ -> #ДВЕРИ$) = -6.383771522333046
correctionProbability (#ПЬЯННЫХ$ -> #ПЬЯНЫХ$) = -17.06354553605284
correctionProbability (#УДОСТВЕРЕНИЮ$ -> #УДОСТОВЕРЕНИЮ$) = -25.97666748583005
correctionProbability (#ДЕКСТОР$ -> #ДЕКСТЕР$) = -16.414307095340902
correctionProbability (#ЗДАЮ$ -> #СДАЮ$) = -16.69171863861067
correctionProbability (#КОНЦЕРНЫЙ$ -> #КОНЦЕРТНЫЙ$) = -19.24723905345634
correctionProbability (#АРГОНИЗМА$ -> #ОРГАНИЗМА$) = -78.83871146956237
correctionProbability (#МЕКТЕПШІЛІК$ -> #МЕКТЕПІШІЛІК$) = -26.491531035634786
correctionProbability (#АРОМИЛЕ$ -> #АРАМИЛЕ$) = -21.368035506364087
correctionProbability (#PAVLOS$ -> #PAULOS$) = -23.393154840194555
correctionProbability (#SKYRLOTS$ -> #SKYLOTS$) = -27.162019010577595
correctionProbability (#ZRELOJA$ -> #ZRELAJA$) = -27.234935088382713
correctionProbability (#ПРОТИВОПАКАЗАНИЯ$ -> #ПРОТИВОПОКАЗАНИЯ$) = -20.79454175730723
correctionProbability (#ПРИНТОРЕ$ -> #ПРИНТЕРЕ$) = -16.03071677199656
correctionProbability (#СПОКОЙ$ -> #СПОКОЙНОЙ$) = -145.27060031354424
correctionProbability (#ЧТОЬ$ -> #ЧТО$) = -3.866694749765852
correctionProbability (#АКАФІСТ$ -> #АКАФИСТ$) = -13.978648300601876
correctionProbability (#SKOLJO$ -> #SKOLKO$) = -19.52778713561705
correctionProbability (#CLASSIK$ -> #CLASSIC$) = -13.463380360813211
correctionProbability (#ESLSCHOOL$ -> #ELSCHOOL$) = -21.83420855284772
correctionProbability (#ТЕЛЕВИЛЕНИЕ$ -> #ТЕЛЕВИДЕНИЕ$) = -16.030696778217063
correctionProbability (#ЧТОЮ$ -> #ЧТОБЫ$) = -72.9258597785973
correctionProbability (#ВЫГЛАДИТ$ -> #ВЫГЛЯДИТ$) = -11.927117208464779
correctionProbability (#CASSIO$ -> #CASIO$) = -16.931076376319798
correctionProbability (#СЕРЯБКИНААА$ -> #СЕРЯБКИНА$) = -87.1058991986167
correctionProbability (#ПАРИХМАХЕРА$ -> #ПАРИКМАХЕРА$) = -20.124545772268235
correctionProbability (#ЕНЗА$ -> #ПЕНЗА$) = -9.816574017595475
correctionProbability (#ФРЕКС$ -> #ФОРЕКС$) = -9.431700410463687
correctionProbability (#ЮМФЦ$ -> #МФЦ$) = -11.574408899806894
correctionProbability (#ВАЛЛИЙСКИИ$ -> #ВАЛЛИЙСКИЕ$) = -26.997001767022475
correctionProbability (#ПОЛТАВАОБЛЕНЕРГО$ -> #ПОЛТАВАОБЛЭНЕРГО$) = -33.59403080296254
correctionProbability (#ПРИЛОГАТЕЛЬНОГО$ -> #ПРИЛАГАТЕЛЬНОГО$) = -26.56870343914302
correctionProbability (#BILDERS$ -> #BUILDERS$) = -22.757339593661875
correctionProbability (#ХОЛОДИЛНИК$ -> #ХОЛОДИЛЬНИК$) = -15.326780891765765
correctionProbability (#БИЛЛИРУБИН$ -> #БИЛИРУБИН$) = -21.326158554734754
correctionProbability (#РАДОВКА$ -> #РЯДОВКА$) = -15.782210959096133
correctionProbability (#ЗДАМ$ -> #СДАМ$) = -13.125863203338174
correctionProbability (#ТОТЕЛ$ -> #ТОТАЛ$) = -13.04256650734612
correctionProbability (#КОЛОНІЗВЦІЯ$ -> #КОЛОНІЗАЦІЯ$) = -29.75015077407653
correctionProbability (#КОНФУ$ -> #КУНФУ$) = -14.022639257966215
correctionProbability (#ОЛИЧАЕТСЯ$ -> #ОТЛИЧАЕТСЯ$) = -15.955841791108377
correctionProbability (#ГУБЕРНЯ$ -> #ГУБЕРНИЯ$) = -17.920005520093788
correctionProbability (#МАСКОРЕ$ -> #МАЙСКОРЕ$) = -13.825701765337655
correctionProbability (#ГИСМЕТКО$ -> #ГИСМЕТЕО$) = -8.283065096233436
correctionProbability (#КАСТЕНГИ$ -> #КАСТИНГИ$) = -16.168434820420266
correctionProbability (#FEISBUC$ -> #FEISBUK$) = -17.120166555153467
correctionProbability (#ДЕНИЭЛ$ -> #ДЭНИЭЛ$) = -17.829199837123614
correctionProbability (#ЦЕЛЬНОКРОЕННЫМ$ -> #ЦЕЛЬНОКРОЕНЫМ$) = -28.660152607324555
correctionProbability (#КРТЫ$ -> #КАРТЫ$) = -6.5665121087094995
correctionProbability (#СУМАШЕДШАЯ$ -> #СУМАСШЕДШАЯ$) = -21.333834375443246
correctionProbability (#АНЖУНА$ -> #АНДЖУНА$) = -24.866536205734135
correctionProbability (#ОСТЫЕ$ -> #ОСТРЫЕ$) = -10.479207347131574
correctionProbability (#NUC8I3BEK2$ -> #NUC8I3BEH2$) = -36.07423140591064
correctionProbability (#ОССЕННЯЯ$ -> #ОСЕННЯЯ$) = -14.049004697278157
correctionProbability (#ДАИГТЕЛЯ$ -> #ДВИГАТЕЛЯ$) = -77.6687731992762
correctionProbability (#ПРЕДОХРАНИТЕЛ$ -> #ПРЕДОХРАНИТЕЛЬ$) = -22.677330921964675
correctionProbability (#РАЗГОАОРЕ$ -> #РАЗГОВОРЕ$) = -20.64925491240679
correctionProbability (#MVIEDO$ -> #MVIDEO$) = -80.89679090754137
correctionProbability (#АРЧЕРО$ -> #АРЧЕР$) = -21.910624348730114
correctionProbability (#ПРДАМ$ -> #ПРОДАМ$) = -12.097899667202963
correctionProbability (#POUL$ -> #PAUL$) = -12.885193587249734
correctionProbability (#МАРТШРУТ$ -> #МАРШРУТ$) = -13.366753530959883
correctionProbability (#НИЖНИЯНСКА$ -> #НИЖНЕЯНСКЕ$) = -100.50533614434991
correctionProbability (#ГДЩЗ$ -> #ГДЗ$) = -6.081542819867035
correctionProbability (#СКЧЯТЬ$ -> #СКАЧАТЬ$) = -67.89650661518921
correctionProbability (#БПЙ$ -> #БАЙ$) = -6.487687813099182
correctionProbability (#КАПАТЕЛ$ -> #КОПАТЕЛЬ$) = -85.40157166692023
correctionProbability (#ОЛЕКСАНДРОВКА$ -> #АЛЕКСАНДРОВКА$) = -24.6491202057031
correctionProbability (#МЕДЬВЕДЯ$ -> #МЕДВЕДЯ$) = -15.14349551758248
correctionProbability (#БЕЛОРУСКИ$ -> #БЕЛОРУССКИ$) = -23.98843487339797
correctionProbability (#КРТУ$ -> #КАРТУ$) = -8.244583732659024
correctionProbability (#ДОПСОШЛАШЕНИЕ$ -> #ДОПСОГЛАШЕНИЕ$) = -31.574433933479504
correctionProbability (#СБЕРАБНК$ -> #СБЕРБАНК$) = -73.89563426311625
correctionProbability (#РУННЕР$ -> #РАННЕР$) = -19.75887825581255
correctionProbability (#КАПАТЕН$ -> #КАПОТЕН$) = -17.06177676080982
correctionProbability (#ПОЛОМНИК$ -> #ПАЛОМНИК$) = -22.148526795449783
correctionProbability (#ПОВЕЛЕЦКИЙ$ -> #ПАВЕЛЕЦКИЙ$) = -21.706984114416066
correctionProbability (#РАСПИЛОЧНЫЙ$ -> #РАСПИЛОВОЧНЫЙ$) = -93.67638562768322
correctionProbability (#ЧАЧЫ$ -> #ЧАСЫ$) = -5.936789581186169
correctionProbability (#МАНЕТОР$ -> #МОНИТОР$) = -77.7070970005767
correctionProbability (#ПРДАЖ$ -> #ПРОДАЖ$) = -12.534407625252516
correctionProbability (#ДНЕНИК$ -> #ДНЕВНИК$) = -7.605132054739514
correctionProbability (#БЕСПЛАНОЕ$ -> #БЕСПЛАТНОЕ$) = -15.271528893359672
correctionProbability (#ПСЕВДАНИМ$ -> #ПСЕВДОНИМ$) = -20.116362940170298
correctionProbability (#БЕРЕЗНЕВА$ -> #БЕРЕСНЕВА$) = -24.802271702402813
correctionProbability (#ПРИКЛЮЧЕНСКИЕ$ -> #ПРИКЛЮЧЕНЧЕСКИЕ$) = -89.0969681761193
correctionProbability (#НАВЕЛЛЫ$ -> #НОВЕЛЛЫ$) = -18.843180910278186
correctionProbability (#УЧИТЕЛЧ$ -> #УЧИТЕЛЯ$) = -9.865163379599942
correctionProbability (#ПОДЧИТАТЬ$ -> #ПОСЧИТАТЬ$) = -15.714056378138174
correctionProbability (#ПРОИВОДИТЕЛЬ$ -> #ПРОИЗВОДИТЕЛЬ$) = -18.921172953803058
correctionProbability (#НЕПОСТОЯННОМ$ -> #ПОСТОЯННОМ$) = -93.50193636066723
correctionProbability (#IDIR$ -> #INDIR$) = -13.753808021907165
correctionProbability (#КОСПЕРСКИЙ$ -> #КАСПЕРСКИЙ$) = -16.20513718452684
correctionProbability (#КЛАВІАТУРУ$ -> #КЛАВИАТУРУ$) = -18.5286959188795
correctionProbability (#ФРАЗИОЛАГИЗМЫ$ -> #ФРАЗЕОЛОГИЗМЫ$) = -84.69454229234198
correctionProbability (#ЦИГАНКОЙ$ -> #ЦЫГАНКОЙ$) = -23.848165110955797
correctionProbability (#ШЕДОЛ$ -> #ШЕДОУ$) = -16.316663453556504
correctionProbability (#ПЛАТЬ$ -> #ПЛАТЬЕ$) = -9.070319553805522
correctionProbability (#КУРИЩИЕ$ -> #КУРЯЩИЕ$) = -19.246387518964944
correctionProbability (#КАСОВЫЙ$ -> #КАССОВЫЙ$) = -15.983369436520427
correctionProbability (#ЛЮЛЬКАЙ$ -> #ЛЮЛЬКОЙ$) = -21.095016020175223
correctionProbability (#ГРАДЬНИ$ -> #ГРАЛЬНІ$) = -90.49177158437794
correctionProbability (#ПАЛИПЫ$ -> #ПОЛИПЫ$) = -15.158468984285374
correctionProbability (#КОРДИНАТ$ -> #КООРДИНАТ$) = -18.756860067449303
correctionProbability (#ПЕРІЕКТГІРЛС$ -> #ПЕРФЕКТГИРЛС$) = -95.38019174031427
correctionProbability (#БУДУЮЩЕЙ$ -> #БУДУЩЕЙ$) = -22.131004114110354
correctionProbability (#ФЕОДИСИИ$ -> #ФЕОДОСИИ$) = -15.594412269965716
correctionProbability (#ДОЕХАТБ$ -> #ДОЕХАТЬ$) = -11.44709981383562
correctionProbability (#ЭКСКУРССИИ$ -> #ЭКСКУРСИИ$) = -15.862626035690774
correctionProbability (#РОБЕРТИНИ$ -> #РОБЕРТИНО$) = -21.417847996422488
correctionProbability (#КАСОВЫЕ$ -> #КАССОВЫЕ$) = -18.681125576976093
correctionProbability (#ВЕДУЩИИ$ -> #ВЕДУЩИЕ$) = -14.864999711836603
correctionProbability (#БУДУЮЩЕМ$ -> #БУДУЩЕМ$) = -18.866829573539796
correctionProbability (#АРЕОЛ$ -> #АРЕАЛ$) = -16.888196288069
correctionProbability (#JESSIKA$ -> #JESSICA$) = -17.13526591527024
correctionProbability (#XBIDEOS$ -> #XVIDEOS$) = -11.511116301648954
correctionProbability (#ППОРТАЛ$ -> #ПОРТАЛ$) = -9.574963351085824
correctionProbability (#БУДУЮЩЕЕ$ -> #БУДУЩЕЕ$) = -14.504099367963768
correctionProbability (#HOVHANISYAN$ -> #HOVHANNISYAN$) = -25.22177324158524
correctionProbability (#ЗАЦЕВ$ -> #ЗАЙЦЕВ$) = -10.87568601434317
correctionProbability (#ИЗЬЯТЬ$ -> #ИЗЪЯТЬ$) = -22.46901460545108
correctionProbability (#ФОМИРОВАНИЕ$ -> #ФОРМИРОВАНИЕ$) = -19.09491830229404
correctionProbability (#ПЛАТФ$ -> #ПЛАТЫ$) = -11.186779311859663
correctionProbability (#СНИШСЯ$ -> #СНИШЬСЯ$) = -22.391034484100672
correctionProbability (#ПИСТМО$ -> #ПИСЬМО$) = -9.452449529918926
correctionProbability (#КАБЕКОВ$ -> #КОБЯКОВ$) = -78.73757918343351
correctionProbability (#МЕДВЕДКОВА$ -> #МЕДВЕДКОВО$) = -19.06050722311719
correctionProbability (#ПОЕЗАТЬ$ -> #ПОЕХАТЬ$) = -13.87212140720743
correctionProbability (#ДВОХКОНТУРНИЙ$ -> #ДВУХКОНТУРНЫЙ$) = -87.4781892951217
correctionProbability (#IDIE$ -> #IDLE$) = -14.581357165220343
correctionProbability (#УЧИТЕЛИ$ -> #УЧИТЕЛЯ$) = -9.868812425323966
correctionProbability (#НАТУРИСТИ$ -> #НАТУРИСТЫ$) = -18.189587503156773
correctionProbability (#ПСИХОСАМАТИКА$ -> #ПСИХОСОМАТИКА$) = -22.21994066572597
correctionProbability (#TORENTINO$ -> #TORRENTINO$) = -24.93941867245291
correctionProbability (#УДЕ$ -> #УДЭ$) = -9.951381523574835
correctionProbability (#НАГЕТСОВ$ -> #НАГГЕТСОВ$) = -25.97411581165941
correctionProbability (#АНДЕРТЕЛ$ -> #АНДЕРТЕЙЛ$) = -16.34361574923293
correctionProbability (#HENTAII$ -> #HENTAI$) = -14.090012675845191
correctionProbability (#НЭЙЛ$ -> #НЕЙЛ$) = -17.066998559875106
correctionProbability (#РАССТОЯНМЕ$ -> #РАССТОЯНИЕ$) = -12.615221775545784
correctionProbability (#ETHIOPA$ -> #ETHIOPIA$) = -24.920466396210173
correctionProbability (#ФЛАВОМЕД$ -> #ФЛАВАМЕД$) = -23.01898509962119
correctionProbability (#ҚАЗАХСТАН$ -> #ҚАЗАҚСТАН$) = -15.33788951732857
correctionProbability (#БОЧЕНОК$ -> #БОЧОНОК$) = -18.564494708375292
correctionProbability (#МОТТАРОНЕ$ -> #МАТРОНЕ$) = -152.9107903939788
correctionProbability (#ДЕЛАТБ$ -> #ДЕЛАТЬ$) = -7.164707466489926
correctionProbability (#УГЭ$ -> #ЕГЭ$) = -7.238727009446908
correctionProbability (#НОВОГОРОДЕ$ -> #НОВГОРОДЕ$) = -15.562937387928024
correctionProbability (#ТЕЛИГРАМ$ -> #ТЕЛЕГРАММ$) = -79.71503163289862
correctionProbability (#НАСТРОЕТЬ$ -> #НАСТРОИТЬ$) = -13.107423094335132
correctionProbability (#ЛОКОМАТИВА$ -> #ЛОКОМОТИВА$) = -21.31048485563229
correctionProbability (#НАВЕЛЛА$ -> #НОВЕЛЛА$) = -17.482235808392467
correctionProbability (#СРННИК$ -> #СОННИК$) = -9.518439807081098
correctionProbability (#SKYANG$ -> #SKYENG$) = -15.211187449888197
correctionProbability (#ИСТРОРИЯ$ -> #ИСТОРИЯ$) = -10.601959131009842
correctionProbability (#БРЙ$ -> #БОЙ$) = -6.838115725584554
correctionProbability (#КЛАВІАТУРА$ -> #КЛАВИАТУРА$) = -15.800709549223171
correctionProbability (#BOLIM$ -> #BOLUM$) = -12.888358753830605
correctionProbability (#VIBMO$ -> #VIDMO$) = -17.09629442364209
correctionProbability (#АНТИСЬРЕСС$ -> #АНТИСТРЕСС$) = -15.824215283298138
correctionProbability (#ТИКУТ$ -> #ТЕКУТ$) = -16.566466944590974
correctionProbability (#КЕНОРА$ -> #КЕНАРА$) = -18.848009162460688
correctionProbability (#КРЕДИН$ -> #КРЕДИТ$) = -7.300402141831622
correctionProbability (#ОФОРЛЯЕТСЯ$ -> #ОФОРМЛЯЕТСЯ$) = -22.034457041258833
correctionProbability (#БЕЗОПСНОСТИ$ -> #БЕЗОПАСНОСТИ$) = -15.630065334326282
correctionProbability (#СВЕРЧЕК$ -> #СВЕРЧОК$) = -19.483526206710543
correctionProbability (#ХОЛОДНЫ$ -> #ХОЛОДНЫЙ$) = -16.027358679339628
correctionProbability (#МОРКОВ$ -> #МОРКОВЬ$) = -14.162711836789647
correctionProbability (#АРЕМЯ$ -> #ВРЕМЯ$) = -5.9489530028268085
correctionProbability (#ДЕЛАТТ$ -> #ДЕЛАТЬ$) = -7.161818126138318
correctionProbability (#МЕББИКС$ -> #МЕБИКС$) = -34.62734069723294
correctionProbability (#ПЕРЕВОДЕТСЯ$ -> #ПЕРЕВОДИТСЯ$) = -18.599786900494067
correctionProbability (#ЕЛЕКТРОСХЕМА$ -> #ЭЛЕКТРОСХЕМА$) = -21.0228704269745
correctionProbability (#ОБООБЛЕННОЕ$ -> #ОБОСОБЛЕННОЕ$) = -23.744168859368912
correctionProbability (#ЗАЦЕФ$ -> #ЗАЙЦЕВ$) = -75.63725189183738
correctionProbability (#СОРДАРИЯ$ -> #СЫРДАРИЯ$) = -21.991280333074968
correctionProbability (#BONBERMAN$ -> #BOMBERMAN$) = -24.671622108892407
correctionProbability (#АРЕНД$ -> #АРЕНДА$) = -7.918387808174582
correctionProbability (#СОЛКИ$ -> #ЗАСОЛКИ$) = -81.77416113748814
correctionProbability (#ДЕЗЕНФЕКЦИЯ$ -> #ДЕЗИНФЕКЦИЯ$) = -20.80260618162228
correctionProbability (#ФРІДОМСЕКС$ -> #ФРИДОМСЕКС$) = -24.151343139822778
correctionProbability (#ЕВРОА$ -> #ЕВРОПА$) = -10.772838577653975
correctionProbability (#ВИКИПЕНДИЯ$ -> #ВИКИПЕДИЯ$) = -11.885397774324687
correctionProbability (#ВАЦА$ -> #ВАЦАП$) = -11.541865279215205
correctionProbability (#КИСИЛЕВОЙ$ -> #КИСЕЛЕВОЙ$) = -18.669758764357802
correctionProbability (#КОКЛЕВ$ -> #КОКЛЯЕВ$) = -17.080722468161554
correctionProbability (#LEMURR$ -> #LEMURRR$) = -25.087012867594225
correctionProbability (#ЭИМУ$ -> #ЗИМУ$) = -6.441657410531814
correctionProbability (#ПОДЬЮБНИК$ -> #ПОДЪЮБНИК$) = -23.49065689325917
correctionProbability (#МСТИТИЛИ$ -> #МСТИТЕЛИ$) = -11.23600024658733
correctionProbability (#ЫИКБУК$ -> #ФИКБУК$) = -14.42513985745597
correctionProbability (#КРЕДИЬ$ -> #КРЕДИТ$) = -7.294152460163605
correctionProbability (#СОЛИТИ$ -> #СОЛИТЬ$) = -13.11747958305703
correctionProbability (#НЭИЛ$ -> #НЕЙЛ$) = -81.7978603906427
correctionProbability (#СОЛКА$ -> #ЗАСОЛКА$) = -80.32293745768989
correctionProbability (#POWE$ -> #POWER$) = -12.05513808140272
correctionProbability (#БЛГАТСТВА$ -> #БОГАТСТВА$) = -18.45898213887631
correctionProbability (#МЕДЛЕЧОК$ -> #МЕДЛЯЧОК$) = -20.94198493718779
correctionProbability (#ПОДКЛЮСИТЬ$ -> #ПОДКЛЮЧИТЬ$) = -13.56635708719579
correctionProbability (#ПРИВИЗАТЬ$ -> #ПРИВЯЗАТЬ$) = -17.616233204849443
correctionProbability (#ВИКИПЕНДИЧ$ -> #ВИКИПЕДИЯ$) = -76.62642305245299
correctionProbability (#ПИРИМЕТР$ -> #ПЕРИМЕТР$) = -15.363189539545424
correctionProbability (#CTEAM$ -> #STEAM$) = -10.287722940851591
correctionProbability (#СКАЧАД$ -> #СКАЧАТЬ$) = -67.78624030971885
correctionProbability (#ЗИМЕРМАН$ -> #ЗИММЕРМАН$) = -35.36695076672955
correctionProbability (#FACCEBOK$ -> #FACEBOOK$) = -77.27955621186236
correctionProbability (#ЛИБИРТИ$ -> #ЛИБЕРТИ$) = -16.6499164633666
correctionProbability (#АВИАБИЛКТ$ -> #АВИАБИЛЕТ$) = -17.07175811043229
correctionProbability (#KANSERTI$ -> #KONSERT$) = -84.14187790540234
correctionProbability (#СКАЧАИ$ -> #СКАЧАТЬ$) = -67.78533792917791
correctionProbability (#ЕНТЕРОЛ$ -> #ЭНТЕРОЛ$) = -16.927620945279067
correctionProbability (#ВЛАЖГОСТЬ$ -> #ВЛАЖНОСТЬ$) = -19.26370707098971
correctionProbability (#КАМАНДУ$ -> #КОМАНДУ$) = -17.264114101978407
correctionProbability (#ВЫСЧЕТАТЬ$ -> #ВЫСЧИТАТЬ$) = -18.9332774715785
correctionProbability (#УЙДЕН$ -> #ҮЙДЕН$) = -17.88017555557025
correctionProbability (#ХОКАЙДО$ -> #ХОККАЙДО$) = -22.389337743914858
correctionProbability (#ЖАЗЫНДАР$ -> #ЖАЗЫҢДАР$) = -24.883894852133558
correctionProbability (#РОЖДЕНСТВЕНСКАЯ$ -> #РОЖДЕСТВЕНСКАЯ$) = -25.107547658846798
correctionProbability (#КРФТ$ -> #КРАФТ$) = -12.164568801953546
correctionProbability (#ПЕЧЕНИЯ$ -> #ПЕЧЕНЬЯ$) = -14.494393334882432
correctionProbability (#БОВЬ$ -> #ЛЮБОВЬ$) = -72.38639534452189
correctionProbability (#ЕВРОП$ -> #ЕВРОПЫ$) = -10.59998810633989
correctionProbability (#ЮАІНФО$ -> #ЮАИНФО$) = -21.36810969690269
correctionProbability (#ХЕНДРЕКСОН$ -> #ХЕНДРИКСОН$) = -29.925928061782436
correctionProbability (#TREVEL$ -> #TRAVEL$) = -11.514301496033415
correctionProbability (#КОЛОННИИ$ -> #КОЛОНИИ$) = -19.082754019276493
correctionProbability (#RASIAN$ -> #RUSSIAN$) = -78.40771620850052
correctionProbability (#ПАЛИНЫ$ -> #ПОЛИНЫ$) = -16.10912487382856
correctionProbability (#ВЛАДИВСТОК$ -> #ВЛАДИВОСТОК$) = -13.945544659800746
correctionProbability (#ВЕСЛОУШКУ$ -> #ВИСЛОУШКУ$) = -34.8139324419214
correctionProbability (#ПРОЦЕСОРЕ$ -> #ПРОЦЕССОРЕ$) = -22.369334645198734
correctionProbability (#ЦВЕТАНОСА$ -> #ЦВЕТОНОСА$) = -25.643462907608843
correctionProbability (#МОБАЕЛ$ -> #МОБАЙЛ$) = -12.676670020437964
correctionProbability (#БОЖОВА$ -> #БАЖОВА$) = -16.710313782319442
correctionProbability (#РОДНА$ -> #РОДИНА$) = -11.836798839209617
correctionProbability (#ПРИКЛЮЧЕНЯ$ -> #ПРИКЛЮЧЕНИЯ$) = -14.733643291696183
correctionProbability (#ДЕЗЕНФЕКЦИИ$ -> #ДЕЗИНФЕКЦИИ$) = -21.398697922404835
correctionProbability (#АКАМУЛЯТОРИ$ -> #АККУМУЛЯТОРЫ$) = -149.4158053198882
correctionProbability (#МЭРЕЛИН$ -> #МЭРИЛИН$) = -16.649538182093572
correctionProbability (#FLASCORE$ -> #FLASHSCORE$) = -86.00897541125084
correctionProbability (#МАТЕМАКИКА$ -> #МАТЕМАТИКА$) = -11.39369322463972
correctionProbability (#КИМНИН$ -> #КІМНІҢ$) = -151.75062394653742
correctionProbability (#РТНГТОН$ -> #РИНГТОН$) = -12.858245545891002
correctionProbability (#ЭКСКУРИЯ$ -> #ЭКСКУРСИЯ$) = -15.677686337592
correctionProbability (#УЗІ$ -> #УЗИ$) = -7.84539458920521
correctionProbability (#КАМИЛОТ$ -> #КАМЕЛОТ$) = -15.832314615165131
correctionProbability (#НОТБУКИ$ -> #НОУТБУКИ$) = -16.41124888228584
correctionProbability (#ПУЬГ$ -> #ПУБГ$) = -12.020559458258322
correctionProbability (#МКРАДА$ -> #МУРАДА$) = -23.47132807495997
correctionProbability (#ПОРФУМ$ -> #ПАРФЮМ$) = -77.05262572636268
correctionProbability (#АВТОАСТАТ$ -> #АВТОСТАТ$) = -22.41442524101501
correctionProbability (#ПРОЛУКЦИЮ$ -> #ПРОДУКЦИЮ$) = -17.88505910429484
correctionProbability (#КОМЕТЕТ$ -> #КОМИТЕТ$) = -12.788845955006202
correctionProbability (#СОЛЛО$ -> #СОЛО$) = -13.731066113475254
correctionProbability (#ХИЩЬНЫХ$ -> #ХИЩНЫХ$) = -17.542801877003217
correctionProbability (#БАЕРОВ$ -> #БЛОГЕРОВ$) = -149.88999517136693
correctionProbability (#VIBEO$ -> #VIDEO$) = -7.9439075704588085
correctionProbability (#СИМВАЛЫ$ -> #СИМВОЛЫ$) = -13.304714337383729
correctionProbability (#МАТЕИАТИКЕ$ -> #МАТЕМАТИКЕ$) = -10.942948569891243
correctionProbability (#КОМЕАТЫ$ -> #КОМНАТЫ$) = -10.584450053216514
correctionProbability (#ЛЕКВИДАЦИЯ$ -> #ЛИКВИДАЦИЯ$) = -16.228918789003636
correctionProbability (#ФУТБЛ$ -> #ФУТБОЛ$) = -7.477956375504224
correctionProbability (#СЕРВРА$ -> #СЕРВЕРА$) = -12.911093723663015
correctionProbability (#ПЕЧЕНИЕ$ -> #ПЕЧЕНЬЕ$) = -12.379396778807312
correctionProbability (#ВОЗЮЕРЖАНИЕ$ -> #ВОЗДЕРЖАНИЕ$) = -24.622808119196648
correctionProbability (#ЛЕГНДА$ -> #ЛЕГЕНДА$) = -11.616758361738171
correctionProbability (#КУДЕСТЕ$ -> #КУДЕПСТЕ$) = -24.58661327721189
correctionProbability (#СЛУДБА$ -> #СЛУЖБА$) = -9.697639704413444
correctionProbability (#РОСКРАСКИ$ -> #РАСКРАСКИ$) = -9.028784527585863
correctionProbability (#BUBBL$ -> #BUBBLE$) = -16.877647414257527
correctionProbability (#ФАНСТАСТИЧЕСКАЕ$ -> #ФАНТАСТИЧЕСКИЕ$) = -86.4968540410255
correctionProbability (#ЦИКАВЕ$ -> #ЦІКАВЕ$) = -21.68191732961485
correctionProbability (#ЛЕАЛИ$ -> #ЛЕТАЛИ$) = -20.702240509413127
correctionProbability (#МАЛІМЕТ$ -> #МӘЛІМЕТ$) = -15.098095824546249
correctionProbability (#АКАМУЛЯТОРЫ$ -> #АККУМУЛЯТОРЫ$) = -84.70440479325279
correctionProbability (#БАНГОКАМС$ -> #БОНГАКАМС$) = -80.37515365530037
correctionProbability (#ИРЛАДИИ$ -> #ИРЛАНДИИ$) = -18.876852965769856
correctionProbability (#МАТЕИАТИКА$ -> #МАТЕМАТИКА$) = -11.376512280788724
correctionProbability (#КЛДАСС$ -> #КЛАСС$) = -4.9640377854248605
correctionProbability (#ДЕБЕТНАЯ$ -> #ДЕБЕТОВАЯ$) = -81.47783884714894
correctionProbability (#КВАРТИРАТЕКА$ -> #КВАРТИРОТЕКА$) = -21.7845878357475
correctionProbability (#ПРИКЛЮЧЕНИ$ -> #ПРИКЛЮЧЕНИЯ$) = -14.717930320939374
correctionProbability (#НЕКОЛЬ$ -> #НИКОЛЬ$) = -12.033746212018709
correctionProbability (#КАРТОФИЛЕМ$ -> #КАРТОФЕЛЕМ$) = -19.390010284544857
correctionProbability (#ВЕЛТКОБРИТАНИЯ$ -> #ВЕЛИКОБРИТАНИЯ$) = -22.500215545028297
correctionProbability (#БЕСЦЕЛЛЕР$ -> #БЕСТСЕЛЛЕР$) = -85.90033490924122
correctionProbability (#ПРОЕКТО$ -> #ПРОЕКТА$) = -12.662605399557222
correctionProbability (#ВИНДУМС$ -> #ВИНДОВС$) = -74.61739811641895
correctionProbability (#РОЛЕКИ$ -> #РОЛИКИ$) = -9.648125231741464
correctionProbability (#ЖЕНЗИНАМ$ -> #ЖЕНЩИНАМ$) = -15.868424425495384
correctionProbability (#КОЛЬМАРА$ -> #КАЛЬМАРА$) = -19.202924044533496
correctionProbability (#МОНДРЕМ$ -> #МАНДРЕМ$) = -22.72052945404492
correctionProbability (#ГРАФФСКАЯ$ -> #ГРАФСКАЯ$) = -25.217873082237155
correctionProbability (#ГАРЕЛКУ$ -> #ГОРЕЛКУ$) = -18.64446596364565
correctionProbability (#WARFERE$ -> #WARFARE$) = -14.052301239468513
correctionProbability (#ИАШИНКИ$ -> #МАШИНКИ$) = -7.736445382066023
correctionProbability (#АППАРТ$ -> #АПАРТ$) = -19.610950313980656
correctionProbability (#КРПМ$ -> #КРМП$) = -80.38075977045071
correctionProbability (#ЦЕЛУЄТ$ -> #ЦЕЛУЕТ$) = -14.634168330560758
correctionProbability (#СНЕГАХОД$ -> #СНЕГОХОД$) = -15.940576951648758
correctionProbability (#ГРЕНЕН$ -> #ГРЕННИ$) = -78.60295902336759
correctionProbability (#ЕПОНСКИЕ$ -> #ЯПОНСКИЕ$) = -12.196736484113536
correctionProbability (#ІГСТАГРАМ$ -> #ІНСТАГРАМ$) = -16.951579185391658
correctionProbability (#ВОЛВА$ -> #ВОЛЬВО$) = -77.05546996403154
correctionProbability (#ЦЕНЫВА$ -> #ЦЕНЫ$) = -73.89314411974259
correctionProbability (#SKYEG$ -> #SKYENG$) = -15.810758591271227
correctionProbability (#AKLLTIME$ -> #ALLTIME$) = -22.086953562845224
correctionProbability (#БАЛОБОЛ$ -> #БАЛАБОЛ$) = -15.579506919034628
correctionProbability (#КОРБКУ$ -> #КОРОБКУ$) = -15.01915864708765
correctionProbability (#ЛИСКОРД$ -> #ДИСКОРД$) = -11.738491700604854
correctionProbability (#ЭЛЕТРИК$ -> #ЭЛЕКТРИК$) = -16.030850779796786
correctionProbability (#ЧИКИН$ -> #ЧИКЕН$) = -17.387527019637293
correctionProbability (#БФЛ$ -> #БЫЛ$) = -8.379275067261357
correctionProbability (#ПЕРИПИСЬ$ -> #ПЕРЕПИСЬ$) = -13.777516758248012
correctionProbability (#ПАЛИНА$ -> #ПОЛИНА$) = -11.165165011234368
correctionProbability (#ИРИГА$ -> #ИРИНА$) = -7.6064234834697295
correctionProbability (#ПЛМАТЫ$ -> #АЛМАТЫ$) = -7.235245558309803
correctionProbability (#РЕФРАТ$ -> #РЕФЕРАТ$) = -11.290785907762668
correctionProbability (#ОЗНАЧЯЕТ$ -> #ОЗНАЧАЕТ$) = -12.179730197479174
correctionProbability (#КЛОДОВАЯ$ -> #КЛАДОВАЯ$) = -17.993187002207954
correctionProbability (#САМОЗВАЦЫ$ -> #САМОЗВАНЦЫ$) = -13.555451677686023
correctionProbability (#СЕРВРЕ$ -> #СЕРВЕР$) = -78.58428942455167
correctionProbability (#ОТЕЛБ$ -> #ОТЕЛЬ$) = -6.984747814094018
correctionProbability (#ДЕВУШГА$ -> #ДЕВУШКА$) = -8.595080562167816
correctionProbability (#BERUNI$ -> #BERUNIY$) = -25.223542917326974
correctionProbability (#БРОКОЛИ$ -> #БРОККОЛИ$) = -16.4961070781344
correctionProbability (#ДРЛЖНА$ -> #ДОЛЖНА$) = -12.505455131071248
correctionProbability (#ПРОИТИ$ -> #ПРОЙТИ$) = -10.585454645045832
correctionProbability (#ДИСКІ$ -> #ДИСКИ$) = -9.64476730158417
correctionProbability (#ПОДПЕШИТЕ$ -> #ПОДПИШИТЕ$) = -19.96788678567622
correctionProbability (#YUTUD$ -> #YOUTUBE$) = -137.06209478567234
correctionProbability (#ЗНАЧЁК$ -> #ЗНАЧОК$) = -11.472587482867649
correctionProbability (#БЛЕКВЬЮ$ -> #БЛЭКВЬЮ$) = -22.978072513151822
correctionProbability (#БАЛАНСИАГА$ -> #БАЛЕНСИАГА$) = -21.736922535561312
correctionProbability (#ПРЕОБРОЗОВАТЕЛЬ$ -> #ПРЕОБРАЗОВАТЕЛЬ$) = -22.870513576165926
correctionProbability (#ХИМИНГУЭЙ$ -> #ХЕМИНГУЭЙ$) = -21.197540334828474
correctionProbability (#ТВОРЧЕСТО$ -> #ТВОРЧЕСТВО$) = -17.10509211502488
correctionProbability (#АППАРА$ -> #АППАРАТ$) = -10.81633985757528
correctionProbability (#ДЕЦКА$ -> #ДЕТСКАЯ$) = -139.59829488428295
correctionProbability (#НОРВЕДСКИЙ$ -> #НОРВЕЖСКИЙ$) = -19.191027554788015
correctionProbability (#КАЛЬКОСКОПИЯ$ -> #КОЛЬПОСКОПИЯ$) = -87.61196478546236
correctionProbability (#КРОС$ -> #КРОСС$) = -11.882305899484646
correctionProbability (#ТАМКИ$ -> #ТАНКИ$) = -7.1938551147434175
correctionProbability (#АУЫСУЫНЫН$ -> #АУЫСУЫНЫҢ$) = -34.88975854865221
correctionProbability (#АОАБАЙ$ -> #АЛАБАЙ$) = -15.587427655467781
correctionProbability (#РЕЗИНОВИЙ$ -> #РЕЗИНОВЫЙ$) = -17.95397095419772
correctionProbability (#НОВОСТЬИ$ -> #НОВОСТИ$) = -6.711544325868594
correctionProbability (#ОЛЬША$ -> #ОЛЬГА$) = -7.331117813350357
correctionProbability (#ГДХЗ$ -> #ГДЗ$) = -6.077655425411489
correctionProbability (#КАМЕРОИ$ -> #КАМЕРОЙ$) = -14.232731539434248
correctionProbability (#ВИНЕРА$ -> #ВЕНЕРА$) = -13.577302700703289
correctionProbability (#ГАДАНІЯ$ -> #ГАДАНИЯ$) = -12.874339974044624
correctionProbability (#КРОФ$ -> #КРОФТ$) = -13.25039381623294
correctionProbability (#ДРЛЖНО$ -> #ДОЛЖНО$) = -13.07790231283698
correctionProbability (#ОБУЧЕНОК$ -> #ОБУЧОНОК$) = -25.30676485375443
correctionProbability (#КОРБКЕ$ -> #КОРОБКЕ$) = -14.682002002730151
correctionProbability (#FIFE$ -> #FIVE$) = -13.376899684168944
correctionProbability (#ВАЕГА$ -> #ВАЕНГА$) = -13.655833465097313
correctionProbability (#ВНУТРИШНЯ$ -> #ВНУТРІШНЯ$) = -22.69206841311548
correctionProbability (#ЛЕКВИДАЦИИ$ -> #ЛИКВИДАЦИИ$) = -17.86263923925692
correctionProbability (#МАЬЛУМОТ$ -> #МАЪЛУМОТ$) = -22.117722709102452
correctionProbability (#КРОИ$ -> #КРОВИ$) = -4.42703077011474
correctionProbability (#SKYES$ -> #SKIES$) = -18.826052150252043
correctionProbability (#ЛЮКСТАЛЬ$ -> #ЛЮКССТАЛЬ$) = -22.718394997849195
correctionProbability (#КОНРА$ -> #КОНТРА$) = -15.470527635974538
correctionProbability (#СРВЕР$ -> #СЕРВЕР$) = -11.323474251455483
correctionProbability (#ДОЗКА$ -> #ДОСКА$) = -8.01027112645951
correctionProbability (#НАЬОР$ -> #НАБОР$) = -8.92646010264902
correctionProbability (#САЧАТ$ -> #СКАЧАТЬ$) = -68.36253856485683
correctionProbability (#СВЕТЛЯЧЕК$ -> #СВЕТЛЯЧОК$) = -19.60398740225797
correctionProbability (#БОДАН$ -> #БАДАН$) = -18.03000274398416
correctionProbability (#ПЛАВЦОВ$ -> #ПЛОВЦОВ$) = -21.254359541958394
correctionProbability (#РАЗЬЕДИНИТЬ$ -> #РАЗЪЕДИНИТЬ$) = -24.77665564741627
correctionProbability (#ДОЕХАТТ$ -> #ДОЕХАТЬ$) = -11.444210473484013
correctionProbability (#ТОЛЬЯТИИ$ -> #ТОЛЬЯТТИ$) = -11.257565170461469
correctionProbability (#АРТВИТ$ -> #АРТВИД$) = -15.837403688541958
correctionProbability (#СПИНТННГ$ -> #СПИННИНГ$) = -83.4186977963915
correctionProbability (#ЭЛЕКРОГИРЛЯНДА$ -> #ЭЛЕКТРОГИРЛЯНДА$) = -32.963691830170205
correctionProbability (#РОДОН$ -> #РАДОН$) = -17.153157087367152
correctionProbability (#СТЕРАЛЬНУЮ$ -> #СТИРАЛЬНУЮ$) = -16.801838739264355
correctionProbability (#САХОРОВА$ -> #САХАРОВА$) = -19.271318013803985
correctionProbability (#ПЕРЕПЕСИ$ -> #ПЕРЕПИСИ$) = -17.578037199493075
correctionProbability (#СОЧЕНЕНЫЕ$ -> #СОЧИНЕННЫЕ$) = -91.16567028673194
correctionProbability (#ЗРОСЛЫХ$ -> #ВЗРОСЛЫХ$) = -10.279359399450314
correctionProbability (#ЛЧЕНЬ$ -> #ОЧЕНЬ$) = -7.148536867537008
correctionProbability (#ЗНАКОМСТЫА$ -> #ЗНАКОМСТВА$) = -10.782286827204608
correctionProbability (#БИМЕТАЛ$ -> #БИМЕТАЛЛ$) = -21.814349401016926
correctionProbability (#МАСАЖНОМ$ -> #МАССАЖНОМ$) = -21.39076371499982
correctionProbability (#ДІСКОРТ$ -> #ДИСКОРД$) = -76.50974617568731
correctionProbability (#КУРТКП$ -> #КУРТКА$) = -11.395817648771757
correctionProbability (#ПЛАСТЕРЬ$ -> #ПЛАСТЫРЬ$) = -16.77794689488838
correctionProbability (#ВОЄНТОРГ$ -> #ВОЕНТОРГ$) = -18.019849889589793
correctionProbability (#МРАМРНОЕ$ -> #МРАМОРНОЕ$) = -23.15136789406128
correctionProbability (#ДОНБАЙ$ -> #ДОМБАЙ$) = -15.541816741319668
correctionProbability (#КРТЕ$ -> #КАРТЕ$) = -7.5817472778929265
correctionProbability (#МИФИДРОН$ -> #МЕФЕДРОН$) = -84.18801317184946
correctionProbability (#IDEO$ -> #VIDEO$) = -8.547931267011254
correctionProbability (#БЕСМЛАТНО$ -> #БЕСПЛАТНО$) = -4.722691625169658
correctionProbability (#ВОЕННЫ$ -> #ВОЕННЫЕ$) = -10.856610177015504
correctionProbability (#ИНТЕРЬРА$ -> #ИНТЕРЬЕРА$) = -15.053887929925317
correctionProbability (#КОММАНДИРОВОЧНЫЕ$ -> #КОМАНДИРОВОЧНЫЕ$) = -28.148354545621885
correctionProbability (#РЫБАЛОВНЫЙ$ -> #РЫБОЛОВНЫЙ$) = -17.820456472636458
correctionProbability (#КОРТЬЕ$ -> #КАРТЬЕ$) = -16.600617911253128
correctionProbability (#ПАНКИЛЕР$ -> #ПАНКИЛЛЕР$) = -23.425225167353346
correctionProbability (#ВПЛБЕРИС$ -> #ВАЛБЕРИС$) = -12.488024810102786
correctionProbability (#ТИТАНФОЛ$ -> #ТИТАНФАЛЛ$) = -90.72621394612095
correctionProbability (#ЭКСТРАСЕНСООВ$ -> #ЭКСТРАСЕНСОВ$) = -16.94494094955884
correctionProbability (#БРАНХИТА$ -> #БРОНХИТА$) = -18.93991194861568
correctionProbability (#РЫБАЛОВНЫХ$ -> #РЫБОЛОВНЫХ$) = -19.384226716624717
correctionProbability (#КОРТЕКСИЛ$ -> #КОРТЕКСИН$) = -17.978936738393806
correctionProbability (#ПНДРЕЙ$ -> #АНДРЕЙ$) = -8.685110219090543
correctionProbability (#АРМАЯНСКИХ$ -> #АРМЯНСКИХ$) = -24.00744087827986
correctionProbability (#ШАХЕРИЗАДА$ -> #ШАХЕРЕЗАДА$) = -18.140080182845416
correctionProbability (#КОНЬЮНКТИВИТ$ -> #КОНЪЮНКТИВИТ$) = -25.051781035220458
correctionProbability (#СОДЕРЖАНТКИ$ -> #СОДЕРЖАНКИ$) = -19.429239544701353
correctionProbability (#ИНТЕЛЕКТУАЛЬНЫХ$ -> #ИНТЕЛЛЕКТУАЛЬНЫХ$) = -30.377883820271116
correctionProbability (#ПИТПНИЕ$ -> #ПИТАНИЕ$) = -11.251842441065776
correctionProbability (#ВАТЧ$ -> #ВОТЧ$) = -13.807214442268329
correctionProbability (#СТАСТЬЯ$ -> #СТАТЬЯ$) = -12.794578347176408
correctionProbability (#САХОРОВО$ -> #САХАРОВО$) = -20.50854774610476
correctionProbability (#ВАТЦ$ -> #ВАТС$) = -19.454076082486697
correctionProbability (#СИХОВ$ -> #СТИХОВ$) = -16.464842505194564
correctionProbability (#SKAKIATI$ -> #SCACIATI$) = -82.14755053327896
correctionProbability (#ЗРОСЛЫЕ$ -> #ВЗРОСЛЫЕ$) = -15.292127861357962
correctionProbability (#ЧЕЛКАЕТ$ -> #ЩЕЛКАЕТ$) = -19.193129831066045
correctionProbability (#КУПИТИЬ$ -> #КУПИТЬ$) = -3.8912214635886038
correctionProbability (#LACOSTA$ -> #LACOSTE$) = -18.24374891108286
correctionProbability (#АНГЛИЙСКОМК$ -> #АНГЛИЙСКОМУ$) = -13.185934825890968
correctionProbability (#ЖИНОЙ$ -> #ЖЕНОЙ$) = -10.630068718171426
correctionProbability (#БАРОБАН$ -> #БАРАБАН$) = -15.361353041048332
correctionProbability (#LOGOWANIA$ -> #LOGOWANIE$) = -24.888974006822664
correctionProbability (#ЖИНОК$ -> #ЖІНОК$) = -18.035454104077463
correctionProbability (#GALERY$ -> #GALLERY$) = -17.344925584360034
correctionProbability (#ЗНАМЕНИТИЕ$ -> #ЗНАМЕНИТЫЕ$) = -17.39242063003077
correctionProbability (#КРСЫ$ -> #КУРСЫ$) = -7.827830267807133
correctionProbability (#СМАТИВЕЙ$ -> #МАТВЕЙ$) = -83.81489377879572
correctionProbability (#ГРЕНДА$ -> #ГРЕНАДА$) = -20.303854884333987
correctionProbability (#ФАСАДИ$ -> #ФАСАДЫ$) = -12.96544489524847
correctionProbability (#HOROR$ -> #HORROR$) = -17.165198078949675
correctionProbability (#СИРИАЛЫ$ -> #СЕРИАЛЫ$) = -7.482322811773862
correctionProbability (#ПЕРЕСПЕКТИВА$ -> #ПЕРСПЕКТИВА$) = -20.45502378572543
correctionProbability (#АНОПРИЕНКО$ -> #ОНОПРИЕНКО$) = -25.092905529240916
correctionProbability (#ANHACSE$ -> #ANHASCE$) = -81.7442374821884
correctionProbability (#ЗЕНДАЙ$ -> #ХЕНДАЙ$) = -10.125630870607853
correctionProbability (#МАИНКРФТ$ -> #МАЙНКРАФТ$) = -73.28262983818503
correctionProbability (#PORNOHUN$ -> #PORNOHUB$) = -15.445041480230323
correctionProbability (#АУТЕРЫ$ -> #АКТЕРЫ$) = -8.86988555559795
correctionProbability (#УИЛ$ -> #УИЛЛ$) = -14.580920982622569
correctionProbability (#СТРАМЫНЬ$ -> #СТРОМЫНЬ$) = -27.281143606063488
correctionProbability (#ВИТПМИН$ -> #ВИТАМИН$) = -12.711767533677943
correctionProbability (#НЕТБУКА$ -> #НОУТБУКА$) = -78.27918814001936
correctionProbability (#ОКЬЯБРЕ$ -> #ОКТЯБРЕ$) = -10.742641714782252
correctionProbability (#КОМЕТИК$ -> #КОСМЕТИК$) = -15.143764501254594
correctionProbability (#ІНФОБУС$ -> #ИНФОБУС$) = -19.674548836692978
correctionProbability (#ЖАМОСИ$ -> #ЖАМОАСИ$) = -20.692841960468563
correctionProbability (#ПАДОЕТ$ -> #ПАДАЕТ$) = -13.92002087572877
correctionProbability (#УГОЛС$ -> #УГОЛ$) = -12.57655192361533
correctionProbability (#БАБОСКИНЫ$ -> #БАРБОСКИНЫ$) = -12.825572111097706
correctionProbability (#РЫБАЛОВНЫЕ$ -> #РЫБОЛОВНЫЕ$) = -17.808697478572633
correctionProbability (#ЛИМЫЫ$ -> #ЛИМФЫ$) = -17.779270508448736
correctionProbability (#МУШЬТИПЛЕКС$ -> #МУЛЬТИПЛЕКС$) = -19.341630865748343
correctionProbability (#КАЛЕНДАЬ$ -> #КАЛЕНДАРЬ$) = -10.161712209213071
correctionProbability (#ДОНБАС$ -> #ДОНБАСС$) = -15.723337433641532
correctionProbability (#РАСППИСАНИЕ$ -> #РАСПИСАНИЕ$) = -12.159701148837975
correctionProbability (#ХЕТЗАНТЕР$ -> #ХЕДХАНТЕР$) = -80.08506968977704
correctionProbability (#СВИННУЮ$ -> #СВИНУЮ$) = -19.24093278780926
correctionProbability (#XSX$ -> #XXX$) = -7.352782153233772
correctionProbability (#ПОМННЯТЬ$ -> #ПОМЕНЯТЬ$) = -11.821496370620451
correctionProbability (#ИМБЕРЯ$ -> #ИМБИРЯ$) = -17.169693498694127
correctionProbability (#ПИРОЖЕНЫХ$ -> #ПИРОЖНЫХ$) = -22.705060634714734
correctionProbability (#ГРИХИ$ -> #ГРЕХИ$) = -15.420917633737094
correctionProbability (#СОЛИЦА$ -> #СТОЛИЦА$) = -12.531348107021131
correctionProbability (#ПРОЛУКЦИИ$ -> #ПРОДУКЦИИ$) = -14.989804881358637
correctionProbability (#TEAMWIVER$ -> #TEAMVIEWER$) = -148.22151946899064
correctionProbability (#ВОЕННА$ -> #ВОЕННАЯ$) = -13.110965660479806
correctionProbability (#ПЛАСТЕЛИНА$ -> #ПЛАСТИЛИНА$) = -14.213577943342841
correctionProbability (#ЕТИЛЕН$ -> #ЭТИЛЕН$) = -19.872433720689823
correctionProbability (#ДАГФРИ$ -> #ДАРИ$) = -85.7112342849972
correctionProbability (#КАЗАНСК$ -> #КАЗАНСКИЙ$) = -82.95411909741719
correctionProbability (#ППОСТИТУТКИ$ -> #ПРОСТИТУТКИ$) = -14.350911246692618
correctionProbability (#БРЮГЕ$ -> #БРЮГГЕ$) = -17.070277829115224
correctionProbability (#TOTOGEYMING$ -> #TOTOGAMING$) = -86.73986345732618
correctionProbability (#ЭРРТИКА$ -> #ЭРОТИКА$) = -7.988340394410784
correctionProbability (#МАНАТОРИЙ$ -> #САНАТОРИЙ$) = -11.074145311703461
correctionProbability (#ХЭЛЛОУИ$ -> #ХЭЛЛОУИН$) = -10.768260115156188
correctionProbability (#АКУШЕРТСВО$ -> #АКУШЕРСТВО$) = -86.78156804967414
correctionProbability (#ДЕВУШЕИ$ -> #ДЕВУШКИ$) = -7.786392351430663
correctionProbability (#ЗЕЛЕНСЬКИЙ$ -> #ЗЕЛЕНСКИЙ$) = -18.352385308129755
correctionProbability (#ДНШЕВО$ -> #ДЕШЕВО$) = -8.569787225238027
correctionProbability (#ФАЙЕРФОКС$ -> #ФАЕРФОКС$) = -21.810419039437313
correctionProbability (#ДИФФЕРИНЦИАЦИЯ$ -> #ДИФФЕРЕНЦИАЦИЯ$) = -24.73682729934933
correctionProbability (#ДУБРАВИНСКАЯ$ -> #ДУБРОВИНСКАЯ$) = -37.703783263873966
correctionProbability (#НОВОРОЖДЕНОМУ$ -> #НОВОРОЖДЕННОМУ$) = -25.436858173484197
correctionProbability (#ВОЛОССЫ$ -> #ВОЛОСЫ$) = -11.173001920921916
correctionProbability (#ГЛОРИА$ -> #ГЛОРИЯ$) = -13.441221162742533
correctionProbability (#VIBIO$ -> #VIDEO$) = -72.68987420418715
correctionProbability (#КРАТКИ$ -> #КРАТКИЙ$) = -15.098110211760073
correctionProbability (#БУДУЮЩИХ$ -> #БУДУЩИХ$) = -20.029281070498932
correctionProbability (#ГОРОДКОЙ$ -> #ГОРОДСКОЙ$) = -13.680481041046235
correctionProbability (#ЗАВОРОНЮК$ -> #ЗАВОРОТНЮК$) = -12.349853669386029
correctionProbability (#ДЕВЧУШКУ$ -> #ДЕВУШКУ$) = -14.307551440397418
correctionProbability (#ХЭЛЛОУН$ -> #ХЭЛЛОУИН$) = -10.807527858809074
correctionProbability (#ВИКПЕДИЯ$ -> #ВИКИПЕДИЯ$) = -10.009088646999977
correctionProbability (#ВОЕННЕ$ -> #ВОЕННЫЕ$) = -10.861305898440051
correctionProbability (#НАВРОЗ$ -> #НАВРУЗ$) = -19.7532921391569
correctionProbability (#УНІТАЗА$ -> #УНИТАЗА$) = -13.852935395178683
correctionProbability (#АКУСНОГО$ -> #ВКУСНОГО$) = -17.19739629341727
correctionProbability (#ЛАДОЖСКА$ -> #ЛАДОЖСКАЯ$) = -21.951528364444407
correctionProbability (#ЛОБОЛА$ -> #ЛОБОДА$) = -12.217674692157264
correctionProbability (#ПРОЦЕСОРЫ$ -> #ПРОЦЕССОРЫ$) = -20.282993144182214
correctionProbability (#БООГАРИЯ$ -> #БОЛГАРИЯ$) = -14.999763461394245
correctionProbability (#ПОТРИБНО$ -> #ПОТРІБНО$) = -19.021532258888257
correctionProbability (#DRAZZERS$ -> #BRAZZERS$) = -14.09839283707872
correctionProbability (#АЛФАВИТЬ$ -> #АЛФАВИТ$) = -12.691074915149926
correctionProbability (#БУДИЙСКОМУ$ -> #БУДДИЙСКОМУ$) = -30.564606418351566
correctionProbability (#РУЗЬЯ$ -> #ДРУЗЬЯ$) = -10.467918812631094
correctionProbability (#SHWINSIDE$ -> #SHEINSIDE$) = -23.707685735090372
correctionProbability (#ПОКУПАТ$ -> #ПОКУПАТЬ$) = -15.676524603686353
correctionProbability (#РЫЖИЮ$ -> #РЫЖУЮ$) = -17.78412663729532
correctionProbability (#АКАМУЛЯТОРІ$ -> #АККУМУЛЯТОРЫ$) = -149.4495694994914
correctionProbability (#САЛЬФЕДЖИО$ -> #СОЛЬФЕДЖИО$) = -18.87559878283308
correctionProbability (#ПАРИКХМАХЕРСКАЯ$ -> #ПАРИКМАХЕРСКАЯ$) = -23.266784586136858
correctionProbability (#СОМЮРЕ$ -> #САМАРЕ$) = -74.52403826304541
correctionProbability (#ПАКУПКИ$ -> #ПОКУПКИ$) = -10.619559594876748
correctionProbability (#ОВЕРЛОГ$ -> #ОВЕРЛОК$) = -17.698595058373286
correctionProbability (#РАЗТАМОЖКА$ -> #РАСТАМОЖКА$) = -19.323039303011512
correctionProbability (#САЗАНОВ$ -> #САЗОНОВ$) = -20.178180936315705
correctionProbability (#ПРОЛАТЬ$ -> #ПРОДАТЬ$) = -11.049118318655502
correctionProbability (#РАЗБИВАЮЩРЯ$ -> #РАЗБИВАЮЩАЯ$) = -26.29899884706657
correctionProbability (#ВТДЫ$ -> #ВИДЫ$) = -6.794480384724345
correctionProbability (#АВИАКАТОСТРОФА$ -> #АВИАКАТАСТРОФА$) = -25.44921135464243
correctionProbability (#ИЗЧЕЗ$ -> #ИСЧЕЗ$) = -17.25590756079178
correctionProbability (#ДЕВУШЕУ$ -> #ДЕВУШЕК$) = -9.36122561166978
correctionProbability (#МEДЖИК$ -> #МЭДЖИК$) = -13.522152797342034
correctionProbability (#ПЬЯЦОЛЛА$ -> #ПЬЯЦЦОЛЛА$) = -23.381075840089892
correctionProbability (#ПРОВООДКИ$ -> #ПРОВОДКИ$) = -16.40056139101962
correctionProbability (#ВОЕННІ$ -> #ВОЄННІ$) = -23.17415015260606
correctionProbability (#ШЕРЛИЗ$ -> #ШАРЛИЗ$) = -15.42045184918555
correctionProbability (#ЄВРОШОП$ -> #ЕВРОШОП$) = -21.818680759934637
correctionProbability (#DOCHGKISINOCHKI$ -> #DOCHKISINOCHKI$) = -31.52429082391508
correctionProbability (#РАПУНЦЕЛ$ -> #РАПУНЦЕЛЬ$) = -15.166061767840567
correctionProbability (#ЧАНГАРА$ -> #ЧОНГАРА$) = -27.043120833208803
correctionProbability (#ОСАЧУК$ -> #ОСАДЧУК$) = -24.898495362374753
correctionProbability (#КВПСИТЬ$ -> #КВАСИТЬ$) = -16.070830240528913
correctionProbability (#JENSAN$ -> #JENSON$) = -18.992100446203498
correctionProbability (#ФООУМ$ -> #ФОРУМ$) = -6.408274664902095
correctionProbability (#ЛИЗБИЙСКОЕ$ -> #ЛЕСБИЙСКОЕ$) = -88.13549827215405
correctionProbability (#СВНЫМ$ -> #СВИНЫМ$) = -21.622899750465027
correctionProbability (#ПЕРОВОД$ -> #ПЕРЕВОД$) = -8.354661223093785
correctionProbability (#ЛЮМИНИСЦЕНТНАЯ$ -> #ЛЮМИНЕСЦЕНТНАЯ$) = -27.1708379125632
correctionProbability (#КРИАТИВЕ$ -> #КРЕАТИВЕ$) = -25.217293514713766
correctionProbability (#БУДУЮЩИЕ$ -> #БУДУЩЕЕ$) = -79.22981569113442
correctionProbability (#ЗАДНЮ$ -> #ЗАДНЮЮ$) = -15.850504308859389
correctionProbability (#КИНОТЯТОР$ -> #КИНОТЕАТР$) = -143.95859298056482
correctionProbability (#ТEМА$ -> #ТЕМА$) = -9.056691633069562
correctionProbability (#НЛРД$ -> #НОРД$) = -11.80516293294983
correctionProbability (#ФИЛЬМЕТС$ -> #ФИЛЬМЕЦ$) = -88.84645749286703
correctionProbability (#АКАМУЛЯТОРА$ -> #АККУМУЛЯТОРА$) = -84.29014511882997
correctionProbability (#УНЕСЕНЫЕ$ -> #УНЕСЕННЫЕ$) = -17.935803352975924
correctionProbability (#СТДЕНЬЕ$ -> #СИДЕНЬЕ$) = -15.912019214836448
correctionProbability (#ПАКУПКА$ -> #ПОКУПКА$) = -11.599427373023083
correctionProbability (#ХАЛЕСТИРИНА$ -> #ХОЛЕСТЕРИНА$) = -83.54880596764727
correctionProbability (#ПЕСТИСЫ$ -> #ПЭСТИСЫ$) = -24.139146981578484
correctionProbability (#РRO$ -> #PRO$) = -7.171626885416195
correctionProbability (#КОЖЕНОЙ$ -> #КОЖАНОЙ$) = -17.872745067536243
correctionProbability (#ЛАРУА$ -> #ЛЕРУА$) = -8.219735186919234
correctionProbability (#PRIWOROTI$ -> #PRIVOROTI$) = -35.02946021194879
correctionProbability (#ОТЛИЧАЕТС$ -> #ОТЛИЧАЕТСЯ$) = -15.978902677541193
correctionProbability (#ВВТО$ -> #АВТО$) = -3.996265634568619
correctionProbability (#ПЕРЕФЕРИЙНОЕ$ -> #ПЕРИФЕРИЙНОЕ$) = -28.790046384139032
correctionProbability (#МЕЙЛЕ$ -> #МАЙЛЕ$) = -15.999308281997553
correctionProbability (#ЖУЛЯ$ -> #ЖЮЛЯ$) = -19.798333073865333
correctionProbability (#АРХИДЕЙ$ -> #ОРХИДЕЙ$) = -15.802078623972783
correctionProbability (#ПЕРЛЕТЫ$ -> #ПЕРЕЛЕТЫ$) = -21.654745095340083
correctionProbability (#HELSMI$ -> #HELSI$) = -20.842173686165093
correctionProbability (#АРХИДЕИ$ -> #ОРХИДЕИ$) = -14.24494905124103
correctionProbability (#АЛИЭКСПРСС$ -> #АЛИЭКСПРЕСС$) = -11.971990327159276
correctionProbability (#ОДНОКЛАССГИКИ$ -> #ОДНОКЛАССНИКИ$) = -11.248186831164112
correctionProbability (#ПРОКТЫ$ -> #ПРОЕКТЫ$) = -11.610764604290303
correctionProbability (#SUMME$ -> #SUMMER$) = -14.214968431539386
correctionProbability (#ФРАНЦУЗКИЕ$ -> #ФРАНЦУЗСКИЕ$) = -18.831193237769156
correctionProbability (#ПРИКИДЫВАТСЯ$ -> #ПРИКИДЫВАЕТСЯ$) = -32.7935231080346
correctionProbability (#СТРИДКА$ -> #СТРИЖКА$) = -11.141117563747045
correctionProbability (#НЕКОРРЕТНО$ -> #НЕКОРРЕКТНО$) = -25.647017492597342
correctionProbability (#ПОДКЛЮЧЕНЫЕ$ -> #ПОДКЛЮЧЕННЫЕ$) = -26.234778379769615
correctionProbability (#ЕЛЕКТРОННОЙ$ -> #ЭЛЕКТРОННОЙ$) = -17.62476222156389
correctionProbability (#WATTOMINE$ -> #WHATTOMINE$) = -27.018081141170903
correctionProbability (#ОАЕН$ -> #ОВЕН$) = -11.342860008714059
correctionProbability (#ФОЛСВАГЕН$ -> #ФОЛЬКСВАГЕН$) = -79.95069990901446
correctionProbability (#MARRIOT$ -> #MARRIOTT$) = -18.305115771911723
correctionProbability (#ВИЕЗД$ -> #ВЫЕЗД$) = -13.222035762920786
correctionProbability (#КОПУС$ -> #КОРПУС$) = -12.285344059387729
correctionProbability (#АВТЬО$ -> #АВТО$) = -6.416889904535797
correctionProbability (#МАФНКРАФТ$ -> #МАЙНКРАФТ$) = -7.9437722060558755
correctionProbability (#СЕМЯЧЕК$ -> #СЕМЕЧЕК$) = -16.522287567085428
correctionProbability (#ОТЗОВ$ -> #ОТЗЫВ$) = -10.899165319540248
correctionProbability (#БРАД$ -> #БРАТ$) = -8.64774360193439
correctionProbability (#МАДЖОКГ$ -> #МАДЖОНГ$) = -10.959090348795492
correctionProbability (#ПОДОШОЛ$ -> #ПОДОШЕЛ$) = -20.45382685764835
correctionProbability (#ЖУЛЬ$ -> #ЖЮЛЬ$) = -16.448990613132562
correctionProbability (#СТЕЛЬНО$ -> #СТИЛЬНО$) = -18.565611317532486
correctionProbability (#ПАВЛОДА$ -> #ПАВЛОДАР$) = -14.081621227073086
correctionProbability (#СТОИМАСТЬ$ -> #СТОИМОСТЬ$) = -9.317324493029439
correctionProbability (#ЗОГОВОР$ -> #ЗАГОВОР$) = -14.467417605131011
correctionProbability (#ДЬТИ$ -> #ДЬЮТИ$) = -13.152638667332976
correctionProbability (#САГДИАНА$ -> #СОГДИАНА$) = -18.854037187060904
correctionProbability (#СЛЕДУЩУЮ$ -> #СЛЕДУЮЩУЮ$) = -19.952477762228774
correctionProbability (#УДОСТВЕРЯЮЩЕГО$ -> #УДОСТОВЕРЯЮЩЕГО$) = -31.138644743562608
correctionProbability (#КЧАТЬ$ -> #СКАЧАТЬ$) = -68.38836084046453
correctionProbability (#БОРАНОВ$ -> #БАРАНОВ$) = -14.756319708491162
correctionProbability (#ВОЛОЖИНА$ -> #ВОЛОДИНА$) = -18.163250941154658
correctionProbability (#INTELIJ$ -> #INTELLIJ$) = -23.54082269669407
correctionProbability (#ТОРИФ$ -> #ТАРИФ$) = -10.78722342635982
correctionProbability (#УСЛОВНЙ$ -> #УСЛОВНЫЙ$) = -13.785200304744905
correctionProbability (#ХОДОТАЙСТВО$ -> #ХОДАТАЙСТВО$) = -19.377484222398735
correctionProbability (#ПРЕПІДИЛ$ -> #ПРЕПИДИЛ$) = -33.86376064186661
correctionProbability (#XIOMI$ -> #XIAOMI$) = -10.450943943473913
correctionProbability (#ERTIKA$ -> #EROTIKA$) = -14.979409009390984
correctionProbability (#ПОДКЛУЧИТЬ$ -> #ПОДКЛЮЧИТЬ$) = -13.563185396457271
correctionProbability (#АНГЛИСКОЕ$ -> #АНГЛИЙСКОЕ$) = -20.428205370726353
correctionProbability (#ФОРЗАЖ$ -> #ФОРСАЖ$) = -8.4519171955649
correctionProbability (#МОЛАДАЯ$ -> #МОЛОДАЯ$) = -12.725944197251366
correctionProbability (#АГРОМНЫЙ$ -> #ОГРОМНЫЙ$) = -15.529991967153471
correctionProbability (#МОНСАРДОЙ$ -> #МАНСАРДОЙ$) = -18.441212076321058
correctionProbability (#HALIFA$ -> #KHALIFA$) = -18.69433457265209
correctionProbability (#COFE$ -> #COFFEE$) = -81.67162632111656
correctionProbability (#УСЛОВНИ$ -> #УСЛОВНЫЕ$) = -81.24364420063543
correctionProbability (#СПАСИБА$ -> #СПАСИБО$) = -10.958880674261884
correctionProbability (#ФИРАРИ$ -> #ФЕРРАРИ$) = -80.90696741080768
correctionProbability (#AVOTO$ -> #AVITO$) = -10.28373348440915
correctionProbability (#ПЕРЕАВОДЧИК$ -> #ПЕРЕВОДЧИК$) = -11.146925463599672
correctionProbability (#АНЖЕЛЕСЕ$ -> #АНДЖЕЛЕСЕ$) = -21.56375680061233
correctionProbability (#SISTEMS$ -> #SYSTEMS$) = -17.772824980320266
correctionProbability (#ПОМОШНИК$ -> #ПОМОЩНИК$) = -13.966578303896405
correctionProbability (#КОМИСАРИАТ$ -> #КОМИССАРИАТ$) = -22.354220166015338
correctionProbability (#АНГЛИСКОЙ$ -> #АНГЛИЙСКОЙ$) = -19.10173426304724
correctionProbability (#ТРЭК$ -> #ТРЕК$) = -10.378150391500423
correctionProbability (#ЕВРОППЕ$ -> #ЕВРОПЕ$) = -14.598532812971637
correctionProbability (#АЕРНУТЬ$ -> #ВЕРНУТЬ$) = -12.576056254461776
correctionProbability (#ГРУЗАВИКОВ$ -> #ГРУЗОВИКОВ$) = -14.462075346342857
correctionProbability (#НУРЕЕВА$ -> #НУРИЕВА$) = -21.758599643347672
correctionProbability (#ГРАЫИК$ -> #ГРАФИК$) = -9.64703832933758
correctionProbability (#ФИНЕРА$ -> #ФАНЕРА$) = -12.938797275858096
correctionProbability (#ПРОГРАММКУ$ -> #ПРОГРАММУ$) = -15.818422499563603
correctionProbability (#ГЕОМТРИИ$ -> #ГЕОМЕТРИИ$) = -13.683975622236972
correctionProbability (#АДЫЛЕТ$ -> #АДИЛЕТ$) = -14.12976362092429
correctionProbability (#ДЕШЕВ$ -> #ДЕШЕВО$) = -9.136832672491327
correctionProbability (#ОПЕДЕЛИТЬ$ -> #ОПРЕДЕЛИТЬ$) = -14.280522234137266
correctionProbability (#СКАЧЯИЬ$ -> #СКАЧАТЬ$) = -67.30478540730313
correctionProbability (#КРАСИААЯ$ -> #КРАСИВАЯ$) = -10.801515170560528
correctionProbability (#АЛЛЮМИНИВЫЕ$ -> #АЛЮМИНИЕВЫЕ$) = -85.9635238715378
correctionProbability (#СМАТРИ$ -> #СМОТРИ$) = -12.097652044980354
correctionProbability (#КАМИНСЕ$ -> #КАМЕНСКЕ$) = -83.4018955753954
correctionProbability (#OKTOOLSOV$ -> #OKTOOLS$) = -90.98899960874
correctionProbability (#АНАЛОВОГО$ -> #АНАЛОГОВОГО$) = -90.61431670354314
correctionProbability (#ККАРТИНКА$ -> #КАРТИНКА$) = -9.744540212908433
correctionProbability (#ПОМОШНИУ$ -> #ПОМОЩНИК$) = -78.73619009849226
correctionProbability (#НЛЧЬЮ$ -> #НОЧЬЮ$) = -10.986168743392792
correctionProbability (#УГРУ$ -> #ИГРУ$) = -6.683491571943698
correctionProbability (#ЛЕДТ$ -> #ЛЕДИ$) = -6.188394387906708
correctionProbability (#ЗАДАЧЮ$ -> #ЗАДАЧУ$) = -14.783562790966005
correctionProbability (#ЛИЗБЕЯНКИ$ -> #ЛЕСБИЯНКИ$) = -143.47391493583237
correctionProbability (#ЗАДАЧЬ$ -> #ЗАДАЧ$) = -13.769878463049228
correctionProbability (#USAQAM$ -> #USAGAM$) = -32.22664584913592
correctionProbability (#ИСКУСТВО$ -> #ИСКУССТВО$) = -15.11567275521655
correctionProbability (#ODNAKLASSNIKI$ -> #ODNOKLASSNIKI$) = -18.184915481267886
correctionProbability (#ЛЕНЕНГРАДСКАЯ$ -> #ЛЕНИНГРАДСКАЯ$) = -19.943024744494394
correctionProbability (#ПРОГРАМММУ$ -> #ПРОГРАММУ$) = -15.815314812662884
correctionProbability (#ПИЩЕТ$ -> #ПИШЕТ$) = -12.427595721480234
correctionProbability (#МОШЕЙНИЧЕСТВО$ -> #МОШЕННИЧЕСТВО$) = -23.35974606827476
correctionProbability (#ВВСЕ$ -> #ВСЕ$) = -3.6617139066062023
correctionProbability (#ОФИЦИАЛЬНИЙ$ -> #ОФИЦИАЛЬНЫЙ$) = -6.906259845207536
correctionProbability (#РЕШЕБГИК$ -> #РЕШЕБНИК$) = -11.36220402676117
correctionProbability (#ВЫБОРСКАЯ$ -> #ВЫБОРГСКАЯ$) = -24.127117923304162
correctionProbability (#ЛАНЖЕРОНА$ -> #ЛОНЖЕРОНА$) = -24.141641200222438
correctionProbability (#ПРОГРАМММЕ$ -> #ПРОГРАММЕ$) = -17.279704081413655
correctionProbability (#НИЗМЕНОСТЬ$ -> #НИЗМЕННОСТЬ$) = -24.1760796305502
correctionProbability (#ТРАВМОТОЛОГИЧЕСКОЕ$ -> #ТРАВМАТОЛОГИЧЕСКОЕ$) = -34.607561661625525
correctionProbability (#SAMPFUNKS$ -> #SAMPFUNCS$) = -23.171501713918317
correctionProbability (#КАНЦИЛЯРСКАЯ$ -> #КАНЦЕЛЯРСКАЯ$) = -14.991951645139999
correctionProbability (#ВАРФЭЙСЕ$ -> #ВАРФЕЙСЕ$) = -19.44088254287123
correctionProbability (#ОБШАЯ$ -> #ОБЩАЯ$) = -12.943477477734856
correctionProbability (#АРХИДЕЯ$ -> #ОРХИДЕЯ$) = -13.976049256859326
correctionProbability (#ЛЕДМ$ -> #ЛЕДИ$) = -6.1926422073902145
correctionProbability (#СЕРЬГЕЙ$ -> #СЕРГЕЙ$) = -10.336021986379887
correctionProbability (#ВЕТЕРЕНАРА$ -> #ВЕТЕРИНАРА$) = -21.589538744049676
correctionProbability (#ЖЕНЬЩИНОЙ$ -> #ЖЕНЩИНОЙ$) = -17.172057822276926
correctionProbability (#ФОТОСТФРАНА$ -> #ФОТОСТРАНА$) = -12.56915888934963
correctionProbability (#ГАРНИЕР$ -> #ГАРНЬЕР$) = -17.013615433729314
correctionProbability (#РАНЯЮ$ -> #РОНЯЮ$) = -18.883047695717057
correctionProbability (#ЗАДИАКУ$ -> #ЗОДИАКА$) = -75.70253587143036
correctionProbability (#LIFESCCORS$ -> #LIVESCORES$) = -150.09505697580667
correctionProbability (#МУСОРСКОГО$ -> #МУСОРГСКОГО$) = -24.34937744164425
correctionProbability (#SEXYTALER$ -> #SEXYTALES$) = -21.730589584221924
correctionProbability (#КТРО$ -> #УТРО$) = -8.31620659947361
correctionProbability (#СТОНОВИТСЯ$ -> #СТАНОВИТСЯ$) = -19.13439175015524
correctionProbability (#СКПАЧВТЬ$ -> #СКАЧАТЬ$) = -69.82171580660511
correctionProbability (#ЦЫФРОВОЕ$ -> #ЦИФРОВОЕ$) = -15.558355319421572
correctionProbability (#ДИФЕРЕНЦИАЦИЯ$ -> #ДИФФЕРЕНЦИАЦИЯ$) = -25.3503106609743
correctionProbability (#ХАНТР$ -> #ХАНТЕР$) = -12.812557536273555
correctionProbability (#NIKOLAS$ -> #NICOLAS$) = -21.06193883008953
correctionProbability (#АНМИЕ$ -> #АНИМЕ$) = -73.7533995156798
correctionProbability (#ЛЕДЕ$ -> #ЛЕДИ$) = -6.136969986373
correctionProbability (#КАЧЕСТ$ -> #КАЧЕСТВЕ$) = -72.10182622921965
correctionProbability (#ПРОГРАМММА$ -> #ПРОГРАММА$) = -11.101765003426571
correctionProbability (#НИКЛАЕВ$ -> #НИКОЛАЕВ$) = -14.598834598122757
correctionProbability (#ЛЕВОИ$ -> #ЛЕВОЙ$) = -12.292801896058027
correctionProbability (#ЗАПРВИТЬ$ -> #ЗАПРАВИТЬ$) = -17.990078973224676
correctionProbability (#ЕСКОРТ$ -> #ЭСКОРТ$) = -14.008265257149933
correctionProbability (#СИРЕАЛ$ -> #СЕРИАЛ$) = -68.77257343251621
correctionProbability (#ПОЛЗОВАТЬСЯ$ -> #ПОЛЬЗОВАТЬСЯ$) = -16.999916901945618
correctionProbability (#SEMENYAK$ -> #SEMINYAK$) = -25.50786119844399
correctionProbability (#УЙВЕР$ -> #УИВЕР$) = -18.331410364001602
correctionProbability (#КРАСНОГРСК$ -> #КРАСНОГОРСК$) = -18.661949789851576
correctionProbability (#СЕКСТАВАК$ -> #СЕКСТАФАГ$) = -88.42753631921336
correctionProbability (#МОШЕНИЧЕСТВО$ -> #МОШЕННИЧЕСТВО$) = -23.846870377623418
correctionProbability (#ВЕКИО$ -> #ВЕККИО$) = -26.432825264347386
correctionProbability (#ЮОУБ$ -> #ЮТУБ$) = -0.2101210075822273
correctionProbability (#ГТТЮА$ -> #ГТА$) = -75.39944465666686
correctionProbability (#ПОЛИКОВА$ -> #ПОЛЯКОВА$) = -15.409383803713162
correctionProbability (#МЕКТЕПТЕГИ$ -> #МЕКТЕПТЕГІ$) = -21.63319745296841
correctionProbability (#РЕСНИ$ -> #ПЕСНИ$) = -3.2732102825914318
correctionProbability (#УЛН$ -> #УЛАН$) = -10.751354507572277
correctionProbability (#ДОЛЬЧИ$ -> #ДОЛЬЧЕ$) = -14.150032920909961
correctionProbability (#ВРЕМЕНУЮ$ -> #ВРЕМЕННУЮ$) = -21.253769643673714
correctionProbability (#ПРИСТАРЕЛЫХ$ -> #ПРЕСТАРЕЛЫХ$) = -18.525407458413532
correctionProbability (#WHITESHAKE$ -> #WHITESNAKE$) = -23.897618029486317
correctionProbability (#МАЛЬЧКОВ$ -> #МАЛЬЧИКОВ$) = -11.144937527857515
correctionProbability (#БЕПЕГА$ -> #БЕРЕГА$) = -9.735406130934127
correctionProbability (#МЕЛОДР$ -> #МЕЛОДРАМЫ$) = -141.7812005014688
correctionProbability (#ИБУЛАЙЗЕР$ -> #НЕБУЛАЙЗЕР$) = -85.84780936000345
correctionProbability (#ГАРАЖНІ$ -> #ГАРАЖНЫЕ$) = -82.16147074599093
correctionProbability (#ПОРГРАММА$ -> #ПРОГРАММА$) = -76.43965713111585
correctionProbability (#ЦЫФРОВОЙ$ -> #ЦИФРОВОЙ$) = -14.49311127230483
correctionProbability (#УБОЩИЦА$ -> #УБОРЩИЦА$) = -15.395547857726484
correctionProbability (#ЧТОЮЫ$ -> #ЧТОБЫ$) = -7.581777627578198
correctionProbability (#БРОКЕ$ -> #БРОКЕР$) = -14.02210096327411
correctionProbability (#ПРИГОТОВИЦА$ -> #ПРИГОТОВИТЬСЯ$) = -215.99233226039502
correctionProbability (#ИНФРОКРАСНЫЙ$ -> #ИНФРАКРАСНЫЙ$) = -21.230740424607312
correctionProbability (#МРСКВЫ$ -> #МОСКВЫ$) = -6.532791571247156
correctionProbability (#РУЧНА$ -> #РУЧНАЯ$) = -13.102389136226218
correctionProbability (#ШЕВРО$ -> #ШЕВРОЛЕ$) = -77.10155263434282
correctionProbability (#ПРСТУПИТЬ$ -> #ПОСТУПИТЬ$) = -16.42739568216291
correctionProbability (#ХАМСДЕР$ -> #ХАМСТЕР$) = -16.280509392439804
correctionProbability (#БРАНИСЛАВ$ -> #БРОНИСЛАВ$) = -21.420421777496763
correctionProbability (#ДЕВСТВЕНИКИ$ -> #ДЕВСТВЕННИКИ$) = -28.76454541227914
correctionProbability (#ДООЖЕН$ -> #ДОЛЖЕН$) = -10.705393459074276
correctionProbability (#ДЕВУШКП$ -> #ДЕВУШКА$) = -8.61316979491221
correctionProbability (#КОЖЗАМЕНИТНЛЯ$ -> #КОЖЗАМЕНИТЕЛЯ$) = -29.771304771394895
correctionProbability (#ЦЕЛЛЮДИТ$ -> #ЦЕЛЛЮЛИТ$) = -18.320429472678235
correctionProbability (#НЕФТЯННИК$ -> #НЕФТЯНИК$) = -20.81845474699319
correctionProbability (#МАРАЛЬ$ -> #МОРАЛЬ$) = -15.747253048380504
correctionProbability (#МЕТАЛОПЛАСТИКОВАЯ$ -> #МЕТАЛЛОПЛАСТИКОВАЯ$) = -32.067910615676595
correctionProbability (#ГОРОДСКОП$ -> #ГОРОСКОП$) = -11.799358522772074
correctionProbability (#ВИНДУВС$ -> #ВИНДОВС$) = -9.855118651440932
correctionProbability (#СЗДАТЬ$ -> #СОЗДАТЬ$) = -10.740975567997872
correctionProbability (#СТАХОВАНИЕ$ -> #СТРАХОВАНИЕ$) = -15.180000114114875
correctionProbability (#ЕСЬТЬ$ -> #ЕСТЬ$) = -9.078266896861276
correctionProbability (#ПРАБЕГИН$ -> #ПРОБЕГИ$) = -91.30022307906162
correctionProbability (#ЭНДУРА$ -> #ЭНДУРО$) = -17.45960679442565
correctionProbability (#УРОВЬ$ -> #КРОВЬ$) = -9.45212486801783
correctionProbability (#АОРТИ$ -> #АОРТЫ$) = -16.018684799276
correctionProbability (#ДЕВУШКМ$ -> #ДЕВУШКИ$) = -7.799776551275805
correctionProbability (#КУУПЛЮ$ -> #КУПЛЮ$) = -11.548056708099548
correctionProbability (#КОМБЕНЕЗОН$ -> #КОМБИНЕЗОН$) = -15.94255384187386
correctionProbability (#СТОНОК$ -> #СТАНОК$) = -10.582322202674899
correctionProbability (#ЯНДЕККС$ -> #ЯНДЕКС$) = -4.730174915121555
correctionProbability (#АНММЕ$ -> #АНИМЕ$) = -5.946793375063848
correctionProbability (#ОТКРІТКА$ -> #ОТКРЫТКА$) = -10.697243332719395
correctionProbability (#ОБЬЯВЛ$ -> #ОБЪЯВЛ$) = -32.12970923074768
correctionProbability (#ЕВАКУАТОРА$ -> #ЭВАКУАТОРА$) = -19.687907774140072
correctionProbability (#GAYZOV$ -> #GAYAZOV$) = -20.926982538394647
correctionProbability (#SSONIK$ -> #SONIC$) = -81.1774905803544
correctionProbability (#ЛОАИТЬ$ -> #ЛОВИТЬ$) = -14.078461817016152
correctionProbability (#СЛОМА$ -> #СЛОВА$) = -5.928388799789889
correctionProbability (#КАРАБИЛЬ$ -> #КОРАБЛЬ$) = -79.13558744551703
correctionProbability (#ИНФРОКРАСНЫЕ$ -> #ИНФРАКРАСНЫЕ$) = -22.57793727940902
correctionProbability (#ЗНАЧЕНМЕ$ -> #ЗНАЧЕНИЕ$) = -10.839119224254617
correctionProbability (#РОВНА$ -> #РАВНА$) = -11.444618828135642
correctionProbability (#ОРЕНТИРОВАНИЕ$ -> #ОРИЕНТИРОВАНИЕ$) = -24.463957574402258
correctionProbability (#ВАЙЛДБЕРИСС$ -> #ВАЙЛДБЕРРИЗ$) = -146.3531085969495
correctionProbability (#КОРОЛЬОВА$ -> #КОРОЛЕВА$) = -77.98429931153044
correctionProbability (#ИНГРИДИЕНТ$ -> #ИНГРЕДИЕНТ$) = -25.206686602974337
correctionProbability (#ЧЕРИАЛ$ -> #СЕРИАЛ$) = -4.090495111338338
correctionProbability (#ПОУАЗЫВАЕТ$ -> #ПОКАЗЫВАЕТ$) = -15.856518391895797
correctionProbability (#ПРЕДИМПЛАНТАЦИОННОЙ$ -> #ПРЕИМПЛАНТАЦИОННОЙ$) = -46.41037131922403
correctionProbability (#ЧЕШИЬСЯ$ -> #ЧЕШЕТСЯ$) = -79.5862400113978
correctionProbability (#ПРЕДЛОДЕНИЯ$ -> #ПРЕДЛОЖЕНИЯ$) = -15.515223656245901
correctionProbability (#УТРЕННИИ$ -> #УТРЕННИЕ$) = -15.701148037851432
correctionProbability (#ТТРУДОВОЙ$ -> #ТРУДОВОЙ$) = -15.207513599901624
correctionProbability (#REMIXS$ -> #REMIX$) = -14.853275692449994
correctionProbability (#РАСПОЛОГАЕТСЯ$ -> #РАСПОЛАГАЕТСЯ$) = -25.62408750276707
correctionProbability (#ДВИГАТ$ -> #ДВИГАТЕЛЬ$) = -143.53761100825514
correctionProbability (#ПРОМКОДЫ$ -> #ПРОМОКОДЫ$) = -16.72568416876858
correctionProbability (#ВКОНТАКЬЕ$ -> #ВКОНТАКТЕ$) = -6.527104059531858
correctionProbability (#ШРУСТИТ$ -> #ХРУСТИТ$) = -20.25995719182817
correctionProbability (#РЕСОВ$ -> #РЕЙСОВ$) = -16.156622112822166
correctionProbability (#ОБОЗНОЧЕНИЕ$ -> #ОБОЗНАЧЕНИЕ$) = -17.457763980325936
correctionProbability (#ВЫРОБАТЫВАЕТ$ -> #ВЫРАБАТЫВАЕТ$) = -26.43041792612989
correctionProbability (#РЕСНЯ$ -> #ПЕСНЯ$) = -3.714285794088962
correctionProbability (#СККАЧАТЬ$ -> #СКАЧАТЬ$) = -4.987008429740781
correctionProbability (#БРБИ$ -> #БАРБИ$) = -9.342801847923841
correctionProbability (#ДВИЙНИК$ -> #ДВОЙНИК$) = -16.12603593236488
correctionProbability (#АККАМУЛЯТОРНЫЙ$ -> #АККУМУЛЯТОРНЫЙ$) = -22.455062469806137
correctionProbability (#ОПИСАНИ$ -> #ОПИСАНИЕ$) = -10.631594399234942
correctionProbability (#СЕСТНЯЮСЬ$ -> #СТЕСНЯЮСЬ$) = -85.88711979897292
correctionProbability (#STANDED$ -> #STRANDED$) = -21.334689322776285
correctionProbability (#ЮЖНИЙ$ -> #ЮЖНЫЙ$) = -11.510362926024154
correctionProbability (#ФОЛЬТСВАГЕН$ -> #ФОЛЬКСВАГЕН$) = -14.099280533993834
correctionProbability (#ВЛАДЫ$ -> #ВКЛАДЫ$) = -10.968950212612054
correctionProbability (#МЫНУС$ -> #МИНУС$) = -9.042309147530847
correctionProbability (#ФАСАДНИ$ -> #ФАСАДНАЯ$) = -81.89588020888309
correctionProbability (#МРСКВА$ -> #МОСКВА$) = -4.1491057997058505
correctionProbability (#ПАРНИЕ$ -> #ПАРНЫЕ$) = -14.73150390877257
correctionProbability (#ВАЛЬЕР$ -> #ВОЛЬЕР$) = -17.200708995961474
correctionProbability (#НАЙДВОРКС$ -> #НАЙТВОРКС$) = -25.98624466218717
correctionProbability (#УЛИТЦА$ -> #УЛИЦА$) = -11.217188417062335
correctionProbability (#БИСИПТОЛ$ -> #БИСЕПТОЛ$) = -17.787393122835446
correctionProbability (#БРАВЗЕР$ -> #БРАУЗЕР$) = -10.259532374659322
correctionProbability (#НЗАХАРОВА$ -> #ЗАХАРОВА$) = -17.191987930019472
correctionProbability (#МИНКРАФТ$ -> #МАЙНКРАФТ$) = -73.30670831086788
correctionProbability (#ПРОГРАМММЫ$ -> #ПРОГРАММЫ$) = -14.86704138910794
correctionProbability (#УССКАЯ$ -> #РУССКАЯ$) = -9.089108435408228
correctionProbability (#ЭРНЕС$ -> #ЭРНЕСТ$) = -18.596244623137583
correctionProbability (#ПРОПОГАНДЕ$ -> #ПРОПАГАНДЕ$) = -24.739111522067958
correctionProbability (#АЛЬКУЛЯТОР$ -> #КАЛЬКУЛЯТОР$) = -12.765690371753493
correctionProbability (#SKAENG$ -> #SKYENG$) = -15.202209670284521
correctionProbability (#ПЕРЕФЕРИЯ$ -> #ПЕРИФЕРИЯ$) = -24.617728140289586
correctionProbability (#ВАСТОНОВЛИВАЮТ$ -> #ВОССТАНАВЛИВАЮТ$) = -225.41303869052206
correctionProbability (#СПОРТЕДЖ$ -> #СПОРТЕЙДЖ$) = -16.287077245626683
correctionProbability (#ДИКТАТ$ -> #ДИКТАНТ$) = -12.501459007238331
correctionProbability (#KONVERT$ -> #CONVERT$) = -17.83997042504781
correctionProbability (#АЛЛЮМИНИВЫЙ$ -> #АЛЮМИНИЕВЫЙ$) = -84.69482387611384
correctionProbability (#ХЭЧБЭК$ -> #ХЭТЧБЕК$) = -80.92009433993528
correctionProbability (#ОРСИТЕЛЬНЫЙ$ -> #ОРОСИТЕЛЬНЫЙ$) = -31.592694424816244
correctionProbability (#ТСОККОС$ -> #ТСОКОС$) = -27.779939503556136
correctionProbability (#ОЧЬКИ$ -> #ОЧКИ$) = -12.348079855251694
correctionProbability (#ПРАТОТИП$ -> #ПРОТОТИП$) = -16.777043102832614
correctionProbability (#ПРИЛОЖЭНИЕ$ -> #ПРИЛОЖЕНИЕ$) = -13.293785841001622
correctionProbability (#РОССИНКА$ -> #РОСИНКА$) = -21.245470517925703
correctionProbability (#БАСКІНО$ -> #БАСКИНО$) = -14.005141739128959
correctionProbability (#БАНТНЫЙ$ -> #БАНКЕТНЫЙ$) = -83.39305526415286
correctionProbability (#ADDBLOK$ -> #ADBLOCK$) = -83.49679420401337
correctionProbability (#УОД$ -> #КОД$) = -6.568770907940117
correctionProbability (#СПАПСЕС$ -> #СПАСЕС$) = -18.761593224801732
correctionProbability (#ВКАНТАКТЕ$ -> #ВКОНТАКТЕ$) = -6.441425812537453
correctionProbability (#ПИЛАРАМЕ$ -> #ПИЛОРАМЕ$) = -21.903392492046237
correctionProbability (#ПАЛЫНЬ$ -> #ПОЛЫНЬ$) = -15.46424350910343
correctionProbability (#АЛЕКСАННДР$ -> #АЛЕКСАНДР$) = -12.610844964875483
correctionProbability (#УЧЕБНК$ -> #УЧЕБНИК$) = -9.638718315320702
correctionProbability (#ПРИВИЛА$ -> #ПРАВИЛА$) = -9.371250420406184
correctionProbability (#ДЛАТ$ -> #ДЕЛАТЬ$) = -73.04380372954631
correctionProbability (#ДЕЛОНГЕ$ -> #ДЕЛОНГИ$) = -17.96108873407313
correctionProbability (#MORGENSTEIN$ -> #MORGENSHTERN$) = -88.54640928655147
correctionProbability (#ДРОЦЕНА$ -> #ДРАЦЕНА$) = -16.392281202375983
correctionProbability (#LASERNT$ -> #LASERJET$) = -80.67232480618063
correctionProbability (#АОАБСКОМ$ -> #АРАБСКОМ$) = -18.30603992241594
correctionProbability (#ОБОЗНОЧЕНИЯ$ -> #ОБОЗНАЧЕНИЯ$) = -17.992702731919323
correctionProbability (#ОЬЛАСТИ$ -> #ОБЛАСТИ$) = -6.100157566889003
correctionProbability (#ЭРОТИЧСКИ$ -> #ЭРОТИЧЕСКИЙ$) = -81.70881094216344
correctionProbability (#ОПТИОНАМ$ -> #ОПЦИОНАМ$) = -25.883598670167636
correctionProbability (#ОМСКМ$ -> #ОМСК$) = -8.78385007106952
correctionProbability (#ГАЛИЦЫН$ -> #ГОЛИЦЫН$) = -19.233048628906324
correctionProbability (#УЧЕБНИ$ -> #УЧЕБНИК$) = -9.630771478870237
correctionProbability (#КАЛТНКА$ -> #КОЛОНКА$) = -78.76140154467599
correctionProbability (#FORTUNEO$ -> #FORTUNE$) = -21.743808133794907
correctionProbability (#ЮОРК$ -> #ЙОРК$) = -12.405334615067215
correctionProbability (#НАЮОР$ -> #НАБОР$) = -8.92834634420046
correctionProbability (#ХИЛЬМ$ -> #ФИЛЬМ$) = -1.1507404375985892
correctionProbability (#ГРЕЕТЬСЯ$ -> #ГРЕЕТСЯ$) = -19.808863795428692
correctionProbability (#РАДИОНОВ$ -> #РОДИОНОВ$) = -20.406885219652672
correctionProbability (#ГОТТОМ$ -> #ГОТОМ$) = -25.38042673766826
correctionProbability (#ЕВЛЕНИЕ$ -> #ЯВЛЕНИЕ$) = -15.017152721186697
correctionProbability (#ДОЛОПРОИЗВОДСТВО$ -> #ДЕЛОПРОИЗВОДСТВО$) = -25.93642009470551
correctionProbability (#ЧЕЛЯЮИНСКЕ$ -> #ЧЕЛЯБИНСКЕ$) = -13.607070559631673
correctionProbability (#РЯБЧЕНКОВА$ -> #РЫБЧЕНКОВА$) = -18.363974850142824
correctionProbability (#ЕГОДНЯ$ -> #СЕГОДНЯ$) = -6.540601350744247
correctionProbability (#ЕВРОППЫ$ -> #ЕВРОПЫ$) = -12.52918683872213
correctionProbability (#ЦИТПТАМИ$ -> #ЦИТАТАМИ$) = -18.992954801322547
correctionProbability (#РАСТРЕЛЯЛ$ -> #РАССТРЕЛЯЛ$) = -19.606267290128464
correctionProbability (#CASHTAN$ -> #KASHTAN$) = -27.563892107230792
correctionProbability (#ЩЕНЯЩИЙ$ -> #ЩЕНЯЧИЙ$) = -9.107058127401721
correctionProbability (#МИНДЕТТЕРИ$ -> #МІНДЕТТЕРІ$) = -85.40013692431387
correctionProbability (#КОМПРЕСОРНЫЙ$ -> #КОМПРЕССОРНЫЙ$) = -25.055914647959
correctionProbability (#ФЭЕСБУК$ -> #ФЕЙСБУК$) = -74.90777080064473
correctionProbability (#СВЗРАНЬ$ -> #СЫЗРАНЬ$) = -13.772664354099724
correctionProbability (#УМИРЕТЬ$ -> #УМЕРЕТЬ$) = -15.43893471675294
correctionProbability (#БРАЦ$ -> #БРАТЦ$) = -18.182370014549964
correctionProbability (#ФИЛИЛЬМОВ$ -> #ФИЛЬМОВ$) = -79.6307940866214
correctionProbability (#ДИКТАН$ -> #ДИКТАНТ$) = -12.504512013680731
correctionProbability (#СЕРТИФЕКАТ$ -> #СЕРТИФИКАТ$) = -14.147484441790318
correctionProbability (#ИЗЬЯЛИ$ -> #ИЗЪЯЛИ$) = -20.14770067308628
correctionProbability (#ЗАЖЕГАНИЕ$ -> #ЗАЖИГАНИЕ$) = -17.15726369286029
correctionProbability (#КРАВАВЫЕ$ -> #КРОВАВЫЕ$) = -19.364917848007757
correctionProbability (#КИИВИ$ -> #КИВИ$) = -10.524056416754572
correctionProbability (#WHASTAPP$ -> #WHATSAPP$) = -80.23376810452346
correctionProbability (#ВЕТРЕНН$ -> #ВЕТРЕНЫЙ$) = -77.42103905938934
correctionProbability (#ХУЛІГАНА$ -> #ХУЛИГАНА$) = -18.627944144088737
correctionProbability (#ПРЕДОХРОНИТЕЛЬ$ -> #ПРЕДОХРАНИТЕЛЬ$) = -22.118237320335624
correctionProbability (#PLYER$ -> #PLAYER$) = -11.152787669951817
correctionProbability (#ФРАЗИОЛОГИЗМЫ$ -> #ФРАЗЕОЛОГИЗМЫ$) = -19.99802974703769
correctionProbability (#РИСЬ$ -> #РЫСЬ$) = -13.35871308907507
correctionProbability (#СЛННИК$ -> #СОННИК$) = -9.51956632378823
correctionProbability (#KAPTIVA$ -> #CAPTIVA$) = -20.369202211344145
correctionProbability (#ADDBLOC$ -> #ADBLOCK$) = -83.49936666269404
correctionProbability (#КРЕНОСКОП$ -> #КРОУНОСКОП$) = -101.07785693182545
correctionProbability (#БАРДОВАЯ$ -> #БОРДОВАЯ$) = -20.46027169084585
correctionProbability (#СЕМИНАРИ$ -> #СЕМИНАРЫ$) = -17.988343815822418
correctionProbability (#ЛЕБИ$ -> #ЛЕСБИ$) = -10.222718720704993
correctionProbability (#АНДРОЕТ$ -> #АНДРОИД$) = -73.83260152268205
correctionProbability (#АСТАШКО$ -> #ОСТАШКО$) = -21.832439430655533
correctionProbability (#УССКИЙ$ -> #РУССКИЙ$) = -7.35705813759062
correctionProbability (#ТАКНИ$ -> #ТАНКИ$) = -74.93251567402966
correctionProbability (#ОРГАНИЗАЦИ$ -> #ОРГАНИЗАЦИИ$) = -15.031505635669149
correctionProbability (#СПАРТИВНАЯ$ -> #СПОРТИВНАЯ$) = -15.495935726755512
correctionProbability (#ЯНДЕКМС$ -> #ЯНДЕКС$) = -4.756845354805627
correctionProbability (#ПЕРЕСЕНИЕ$ -> #ПЕРЕСЕЧЕНИЕ$) = -86.74248719336457
correctionProbability (#РИНК$ -> #ПИНК$) = -11.487543263452483
correctionProbability (#САГАТЫ$ -> #САҒАТЫ$) = -12.205515306123456
correctionProbability (#КОМСАМОЛЬСКАЯ$ -> #КОМСОМОЛЬСКАЯ$) = -18.304744880864803
correctionProbability (#КРАМНОДАРЕ$ -> #КРАСНОДАРЕ$) = -12.583214260121807
correctionProbability (#PPRNHUB$ -> #PORNHUB$) = -11.41059828518599
correctionProbability (#ПОЗВАНКОВ$ -> #ПОЗВОНКОВ$) = -20.175964681280796
correctionProbability (#АНУЛИРУЕТСЯ$ -> #АННУЛИРУЕТСЯ$) = -31.616905984920443
correctionProbability (#НЕУДЕРЖАННОГО$ -> #УДЕРЖАННОГО$) = -95.87775869349466
correctionProbability (#ДИЗЕРТ$ -> #ДЕЗЕРТ$) = -18.52977284683134
correctionProbability (#ПОГЛИБЛЕННЕ$ -> #ПОГЛИБЛЕНЕ$) = -27.27062225038282
correctionProbability (#КАЛЬКУЛЫТОР$ -> #КАЛЬКУЛЯТОР$) = -12.165390932431734
correctionProbability (#ВИЛЬБЕРИС$ -> #ВИЛЬДБЕРРИС$) = -85.78208141592563
correctionProbability (#ПАПУЛЯРНАЯ$ -> #ПОПУЛЯРНАЯ$) = -17.97064828653621
correctionProbability (#ПЕРВВЫЙ$ -> #ПЕРВЫЙ$) = -10.299553818440987
correctionProbability (#FREMAIL$ -> #FREEMAIL$) = -19.03431964776741
correctionProbability (#НОБЕЛ$ -> #НОБЕЛЬ$) = -18.11831332750994
correctionProbability (#ГИММЕТЕО$ -> #ГИСМЕТЕО$) = -8.275123385838263
correctionProbability (#МАРИАНА$ -> #МАРИАННА$) = -18.082253616188538
correctionProbability (#ТАКОЄ$ -> #ТАКОЕ$) = -5.186184786187564
correctionProbability (#АВИОБИЛЕТА$ -> #АВИАБИЛЕТА$) = -21.448847762332726
correctionProbability (#БЕРИМОР$ -> #БЭРРИМОР$) = -86.90601268898922
correctionProbability (#ДНЕВН$ -> #ДНЕВНИК$) = -72.9559552307927
correctionProbability (#КҮНДЕЛ$ -> #КҮНДЕЛІК$) = -75.31429602826908
correctionProbability (#ОШИБКП$ -> #ОШИБКА$) = -10.487906323022901
correctionProbability (#КУБИТ$ -> #КУПИТЬ$) = -66.67557269982672
correctionProbability (#СНЄГ$ -> #СНЕГ$) = -9.256029930189772
correctionProbability (#КОРОПКИ$ -> #КОРОБКИ$) = -12.334102527453169
correctionProbability (#АДАКЛАСНИКИ$ -> #ОДНОКЛАССНИКИ$) = -206.5714276376682
correctionProbability (#ЛАСТОЧКП$ -> #ЛАСТОЧКА$) = -15.044336871490337
correctionProbability (#ФТЛЬМ$ -> #ФИЛЬМ$) = -1.1866319287557516
correctionProbability (#ГИДРОПОМПО$ -> #ГИДРОПОМПА$) = -28.987697967385834
correctionProbability (#OLIMPUS$ -> #OLYMPUS$) = -17.81099511182265
correctionProbability (#НУДСТ$ -> #НУДИСТ$) = -17.66839578665908
correctionProbability (#МУПЕР$ -> #СУПЕР$) = -7.0939907522928
correctionProbability (#РАМЕНСЬКОМ$ -> #РАМЕНСКОМ$) = -16.455455327542936
correctionProbability (#ТЕХНОПОЙНТ$ -> #ТЕХНОПОИНТ$) = -16.735437441622622
correctionProbability (#ВАКУМНАЯ$ -> #ВАКУУМНАЯ$) = -21.051284258890824
correctionProbability (#АЙФРНЕ$ -> #АЙФОНЕ$) = -13.131778954327334
correctionProbability (#КОРОПКЕ$ -> #КОРОБКЕ$) = -14.086595705508138
correctionProbability (#УРАНЕНИЕ$ -> #УРАВНЕНИЕ$) = -15.981164702293604
correctionProbability (#СУКУЛЕНТ$ -> #СУККУЛЕНТ$) = -23.27064706635037
correctionProbability (#ОЬЛАСТЬ$ -> #ОБЛАСТЬ$) = -7.443049972845387
correctionProbability (#БАЛЬШИЕ$ -> #БОЛЬШИЕ$) = -9.79450211948594
correctionProbability (#АВИОБИЛЕТИ$ -> #АВИАБИЛЕТЫ$) = -75.20202624368699
correctionProbability (#БЫД$ -> #БЫЛ$) = -8.391235945385827
correctionProbability (#ТОРНИ$ -> #ТОРГИ$) = -12.463186454067714
correctionProbability (#РАССТВОРИТЬ$ -> #РАСТВОРИТЬ$) = -24.29817336976712
correctionProbability (#ВАЛБИРИС$ -> #ВАЛБЕРИС$) = -12.424336732620368
correctionProbability (#МУХАМЕДА$ -> #МУХАММЕДА$) = -21.79681814504957
correctionProbability (#MVID3O$ -> #MVIDEO$) = -12.99985971569183
correctionProbability (#ЗНАЧЕНТЕ$ -> #ЗНАЧЕНИЕ$) = -10.832691057030544
correctionProbability (#ЭРРОЗИИ$ -> #ЭРОЗИИ$) = -19.810502160666335
correctionProbability (#PREZDENT$ -> #PREZIDENT$) = -22.893077532983433
correctionProbability (#ЛЮМИНИСЦЕНТНЫХ$ -> #ЛЮМИНЕСЦЕНТНЫХ$) = -27.13268290036889
correctionProbability (#BEAZZERS$ -> #BRAZZERS$) = -14.106029488413526
correctionProbability (#ПАМЯТТ$ -> #ПАМЯТЬ$) = -11.441957231716028
correctionProbability (#ФКНКЦИИ$ -> #ФУНКЦИИ$) = -11.61625521677972
correctionProbability (#LOTOREYU$ -> #LOTOREYA$) = -34.06051300342529
correctionProbability (#СРАЗА$ -> #СРАЗУ$) = -11.547688143992946
correctionProbability (#AFTO$ -> #AVTO$) = -7.567916104915398
correctionProbability (#МОНИТОРИГ$ -> #МОНИТОРИНГ$) = -16.556077811640996
correctionProbability (#IANDEX$ -> #YANDEX$) = -9.58838203055193
correctionProbability (#КСКОМ$ -> #КАКОМ$) = -8.742914891967914
correctionProbability (#ПАКЕТИ$ -> #ПАКЕТЫ$) = -13.337980157834462
correctionProbability (#ТЕЛФОН$ -> #ТЕЛЕФОН$) = -8.028028192558672
correctionProbability (#ОТСТРИЧЬ$ -> #ПОДСТРИЧЬ$) = -84.13586004631418
correctionProbability (#ПВСНЯ$ -> #ПЕСНЯ$) = -3.7476120947629745
correctionProbability (#УРС$ -> #КУРС$) = -5.72419563259254
correctionProbability (#БИВШИЙ$ -> #БЫВШИЙ$) = -13.943687581291119
correctionProbability (#КСКОЙ$ -> #КАКОЙ$) = -5.593208492711927
correctionProbability (#ВЕЛИКОЮРИТАНИЮ$ -> #ВЕЛИКОБРИТАНИЮ$) = -27.430242009691185
correctionProbability (#ПАРНЕР$ -> #ПАРТНЕР$) = -14.374630107509823
correctionProbability (#ПОООДА$ -> #ПОГОДА$) = -1.177033985963174
correctionProbability (#НАЛЕВАЙ$ -> #НАЛИВАЙ$) = -19.160767921439046
correctionProbability (#ГОГЛE$ -> #ГООГЛЕ$) = -78.86844087579384
correctionProbability (#ПЕМНЮ$ -> #ПЕСНЮ$) = -5.657777228364711
correctionProbability (#РIДНА$ -> #РІДНА$) = -19.218532000931038
correctionProbability (#КРАСНОПЛЕСНЕНСКАЯ$ -> #КРАСНОПРЕСНЕНСКАЯ$) = -30.60733378763787
correctionProbability (#ВОСТАВШИЕ$ -> #ВОССТАВШИЕ$) = -23.651199575941895
correctionProbability (#TIMEVEB$ -> #TIMEWEB$) = -13.766683596785043
correctionProbability (#БИВШИЕ$ -> #БЫВШИЕ$) = -13.378971829298887
correctionProbability (#ДАЛЬНОБОЙШИК$ -> #ДАЛЬНОБОЙЩИК$) = -22.831285604686634
correctionProbability (#ТАКМИ$ -> #ТАКСИ$) = -6.326423627995414
correctionProbability (#УРК$ -> #УРОК$) = -8.470456752226557
correctionProbability (#ПОЧИТАЙТЕ$ -> #ПРОЧИТАЙТЕ$) = -18.91213615993299
correctionProbability (#ПЕМНЯ$ -> #ПЕСНЯ$) = -3.7246818185775403
correctionProbability (#АЛЕКАНДР$ -> #АЛЕКСАНДР$) = -10.712122833408486
correctionProbability (#КАШЫ$ -> #КАШИ$) = -13.442663431949473
correctionProbability (#WATSAUP$ -> #WHATSAPP$) = -77.66189557771546
correctionProbability (#ПАРНЕИ$ -> #ПАРНЕЙ$) = -12.315890655880057
correctionProbability (#ЛИЗБЕЯНОК$ -> #ЛЕСБИЯНОК$) = -146.81916008448715
correctionProbability (#ВЕРЕШАГИНА$ -> #ВЕРЕЩАГИНА$) = -19.72878709503521
correctionProbability (#MACHTE$ -> #MACHT$) = -22.64281790047663
correctionProbability (#ДОГВООРУ$ -> #ДОГОВОРУ$) = -82.14930163508751
correctionProbability (#DISCRIPTION$ -> #DESCRIPTION$) = -23.216782107021352
correctionProbability (#РАЗРЕШАЕТЬСЯ$ -> #РАЗРЕШАЕТСЯ$) = -23.646333477587994
correctionProbability (#ГРУБИЙ$ -> #ГРУБЫЙ$) = -17.0679520929073
correctionProbability (#ККРИТ$ -> #КРИТ$) = -16.122327242922655
correctionProbability (#ЭРРОЗИЯ$ -> #ЭРОЗИЯ$) = -18.98441492300955
correctionProbability (#АДВОКАД$ -> #АДВОКАТ$) = -12.706360774703256
correctionProbability (#СЕРВІС$ -> #СЕРВИС$) = -9.147117724247774
correctionProbability (#ОЕДИНЕНИЕ$ -> #СОЕДИНЕНИЕ$) = -17.3920662141714
correctionProbability (#ПРОТЕСТАНСКАЯ$ -> #ПРОТЕСТАНТСКАЯ$) = -30.389805923062667
correctionProbability (#КАЮИНЕТ$ -> #КАБИНЕТ$) = -5.1442929141579175
correctionProbability (#SLEP$ -> #SLEEP$) = -15.395220058024126
correctionProbability (#C2F636CWFD$ -> #C2F636CWRG$) = -94.66304589046518
correctionProbability (#ГОСУНИВЕРСТЕТ$ -> #ГОСУНИВЕРСИТЕТ$) = -27.53236169999196
correctionProbability (#МЕТИОР$ -> #МЕТЕОР$) = -18.242508130931046
correctionProbability (#ГРУБИЕ$ -> #ГРУБЫЕ$) = -19.66705198931975
correctionProbability (#БЕЛПРУСЬ$ -> #БЕЛАРУСЬ$) = -11.38947767922506
correctionProbability (#КПЛЕНДАРЬ$ -> #КАЛЕНДАРЬ$) = -9.61654429908156
correctionProbability (#КРЕДИТЬ$ -> #КРЕДИТ$) = -9.739888108641683
correctionProbability (#МКЛЬТИК$ -> #МУЛЬТИК$) = -6.8251741220730935
correctionProbability (#ПОЛУРАЗЛРЖИВШИЙСЯ$ -> #ПОЛУРАЗЛОЖИВШИЙСЯ$) = -43.04132172539853
correctionProbability (#ПОСИУПИТЬ$ -> #ПОСТУПИТЬ$) = -16.40741718135491
correctionProbability (#МАТЕМАТЕКА$ -> #МАТЕМАТИКА$) = -11.349528484712174
correctionProbability (#ПАМЯТІ$ -> #ПАМЯТИ$) = -10.688245677162197
correctionProbability (#ЕБОНЬКО$ -> #ЕБАНЬКО$) = -20.078570125225596
correctionProbability (#ОТЗИВ$ -> #ОТЗЫВ$) = -10.87314962538672
correctionProbability (#РУСКИИЙ$ -> #РУССКИЙ$) = -74.54024920892708
correctionProbability (#ОСТЕЛЕКОМ$ -> #РОСТЕЛЕКОМ$) = -14.316773975553694
correctionProbability (#ВИЕМЯ$ -> #ВРЕМЯ$) = -5.978490604828497
correctionProbability (#БЕССЕЛЕР$ -> #БЕСТСЕЛЛЕР$) = -86.45571751436582
correctionProbability (#КАОТИНКА$ -> #КАРТИНКА$) = -7.267234022421796
correctionProbability (#ТРАНСКИПЦИЯ$ -> #ТРАНСКРИПЦИЯ$) = -19.364288670326026
correctionProbability (#РАСПРОАДЖА$ -> #РАСПРОДАЖА$) = -82.7956578451666
correctionProbability (#ERTOGRUL$ -> #ERTUGRUL$) = -20.484600417205435
correctionProbability (#МЕХГОН$ -> #МЕГАН$) = -79.12007235040306
correctionProbability (#SUPPILERS$ -> #SUPPLIERS$) = -86.5080911018077
correctionProbability (#MICHAIL$ -> #MICHAEL$) = -14.082742449416457
correctionProbability (#МОЭНО$ -> #МОЖНО$) = -4.4683962158591655
correctionProbability (#БИПЭК$ -> #БИПЕК$) = -15.174389025982666
correctionProbability (#PORN365$ -> #PORNO365$) = -15.735848085639198
correctionProbability (#ПРОЛЕРСКОМ$ -> #ПРОЛЕТАРСКОМ$) = -91.93257059780112
correctionProbability (#ЗАПУСТЬ$ -> #ЗАПУСТИТЬ$) = -82.27696413047612
correctionProbability (#ВЕШИНКИ$ -> #ВЕШЕНКИ$) = -15.868950074222283
correctionProbability (#КРАВТЫ$ -> #КРАФТЫ$) = -16.9843838151609
correctionProbability (#EFECTS$ -> #EFFECTS$) = -17.482442879702674
correctionProbability (#ХЭПИ$ -> #ХЭППИ$) = -13.63514880511907
correctionProbability (#PROCCES$ -> #PROCESS$) = -85.70710822340395
correctionProbability (#ДОРОМУ$ -> #ДОРАМУ$) = -13.893466165584638
correctionProbability (#ААТОШКОЛА$ -> #АВТОШКОЛА$) = -16.529993058095137
correctionProbability (#ДОТАВКА$ -> #ДОСТАВКА$) = -10.205244401202535
correctionProbability (#ЛИЦЭНЗИЙ$ -> #ЛИЦЕНЗИЕЙ$) = -84.90748069866055
correctionProbability (#ГОЛИШОМ$ -> #ГОЛЫШОМ$) = -14.844740134437075
correctionProbability (#ГИЛАУРОНОВОЙ$ -> #ГИАЛУРОНОВОЙ$) = -88.48455837095358
correctionProbability (#BORDERLAND$ -> #BORDERLANDS$) = -20.705536633186014
correctionProbability (#СОЫГУ$ -> #СЛЫШУ$) = -80.00308204631816
correctionProbability (#132FN$ -> #M132FN$) = -26.778764907406597
correctionProbability (#ХЛЧУ$ -> #ХОЧУ$) = -8.017857191505758
correctionProbability (#CRСКАЧАТЬ$ -> #СКАЧАТЬ$) = -72.34359327426456
correctionProbability (#БЕСПЛАНТО$ -> #БЕСПЛАТНО$) = -72.53383264379653
correctionProbability (#УЧЕБИК$ -> #УЧЕБНИК$) = -9.568053964030739
correctionProbability (#ВИЗОВЫ$ -> #ВИЗОВЫЙ$) = -15.539284129006226
correctionProbability (#МЕДЕЦИНСК$ -> #МЕДИЦИНСКАЯ$) = -147.09973485774137
correctionProbability (#ПОЛЧЕМУ$ -> #ПОЧЕМУ$) = -9.152412809611977
correctionProbability (#ТРАБЗОРСПОР$ -> #ТРАБЗОНСПОР$) = -22.85187866758244
correctionProbability (#ДЕМОНТОЖА$ -> #ДЕМОНТАЖА$) = -21.61918489656089
correctionProbability (#ПОЛЕУРЕТАНА$ -> #ПОЛИУРЕТАНА$) = -23.026444613801488
correctionProbability (#УБОЙНА$ -> #УБОЙНАЯ$) = -15.77599217757161
correctionProbability (#БЕДЖЕВЕЛИД$ -> #БЕДЖЕВЕЛЕД$) = -35.789463162987836
correctionProbability (#ДЖУЛЬЕТЕ$ -> #ДЖУЛЬЕТТЕ$) = -24.203541395887378
correctionProbability (#КУХЕНЫЙ$ -> #КУХОННЫЙ$) = -78.79437765174805
correctionProbability (#ПРОВОПИСАНИЕ$ -> #ПРАВОПИСАНИЕ$) = -19.211576010637508
correctionProbability (#ТЕСКСТ$ -> #ТЕКСТ$) = -8.399802758125684
correctionProbability (#УКРАИНСЬКОМ$ -> #УКРАИНСКОМ$) = -19.915200635170116
correctionProbability (#САЛОНИК$ -> #САЛОНИКИ$) = -20.69208656620507
correctionProbability (#ПРИГОТОВИТБ$ -> #ПРИГОТОВИТЬ$) = -12.365421715028674
correctionProbability (#ABBER$ -> #ABER$) = -23.330584462910082
correctionProbability (#HAKER$ -> #HACKER$) = -17.916935838406904
correctionProbability (#КОСТРУКТОР$ -> #КОНСТРУКТОР$) = -17.186000327342143
correctionProbability (#ВИЦЫН$ -> #ВИЦИН$) = -16.52599196824438
correctionProbability (#PALLETE$ -> #PALETTE$) = -87.23924019756699
correctionProbability (#ЗАВОРОТГЮК$ -> #ЗАВОРОТНЮК$) = -11.817597238364499
correctionProbability (#СЕРЕБРЯННОЕ$ -> #СЕРЕБРЯНОЕ$) = -22.124981555367334
correctionProbability (#УКРАИНСЬКОЙ$ -> #УКРАЇНСЬКОЇ$) = -84.46648820228748
correctionProbability (#ПАМОЖИТ$ -> #ПОМОЖЕТ$) = -80.64219696926752
correctionProbability (#ИНФАРМАЦИЯ$ -> #ИНФОРМАЦИЯ$) = -14.316459289777299
correctionProbability (#УКРАИНСЬКОИ$ -> #УКРАЇНСЬКОЇ$) = -84.46637944555805
correctionProbability (#СТЕЛАР$ -> #СТЕЛЛАР$) = -23.11440557689749
correctionProbability (#КОРОБИЦИНО$ -> #КОРОБИЦЫНО$) = -26.135604719206647
correctionProbability (#МАСТОПАТИЧ$ -> #МАСТОПАТИЯ$) = -20.211051734021765
correctionProbability (#ХЭЛУ$ -> #ХЕЛЛОУ$) = -146.97819366962028
correctionProbability (#СЕРЕБРЯННОЙ$ -> #СЕРЕБРЯНОЙ$) = -23.52819280224741
correctionProbability (#ТРЫП$ -> #ТРИП$) = -15.078144788391594
correctionProbability (#ЗОМКЕ$ -> #ЗАМКЕ$) = -14.57753180067726
correctionProbability (#ЦУРИНОИ$ -> #ЦУРИНОЯ$) = -24.303015980496923
correctionProbability (#ФУТЮОЛ$ -> #ФУТБОЛ$) = -6.875057795098545
correctionProbability (#ПОХОДЛИВОГО$ -> #ПОХОТЛИВОГО$) = -31.06963100352379
correctionProbability (#НИЖНЕВАРТОСК$ -> #НИЖНЕВАРТОВСК$) = -18.98890123562662
correctionProbability (#ПЕРЕДЛКИ$ -> #ПЕРЕДЕЛКИ$) = -18.57420915476976
correctionProbability (#ФАРПОС$ -> #ФАРПОСТ$) = -12.107744309842317
correctionProbability (#АНДРОИЛ$ -> #АНДРОИД$) = -9.101573384026175
correctionProbability (#МЕДВЛЬ$ -> #МЕДАЛЬ$) = -12.726605515768146
correctionProbability (#СТЕЛАЖ$ -> #СТЕЛЛАЖ$) = -14.26400512161456
correctionProbability (#KRYSHA$ -> #KRISHA$) = -18.360429984308116
correctionProbability (#ЛЕВЬ$ -> #ЛЕВ$) = -8.477805657750917
correctionProbability (#СУМЫУ$ -> #СУМЫ$) = -14.960719819389237
correctionProbability (#ЧВСЫ$ -> #ЧАСЫ$) = -5.9604735649475025
correctionProbability (#РУСКИЙЙ$ -> #РУССКИЙ$) = -74.5933748446427
correctionProbability (#HELIKOPTER$ -> #HELICOPTER$) = -23.892120724706622
correctionProbability (#КОНЦКРТ$ -> #КОНЦЕРТ$) = -9.515169858039272
correctionProbability (#АВПЛИУС$ -> #АВТОПЛИУС$) = -88.82364920583186
correctionProbability (#СРАЙК$ -> #СТРАЙК$) = -13.439315865063787
correctionProbability (#ИЗМАЛКО$ -> #ИЗМАЛКОВ$) = -34.421152930422004
correctionProbability (#VIEЕЎBUTIS$ -> #VIESBUTIS$) = -102.350802713102
correctionProbability (#АНДРОИЖ$ -> #АНДРОИД$) = -9.108204277902963
correctionProbability (#ТЮНИГ$ -> #ТЮНИНГ$) = -10.815097870665813
correctionProbability (#АФОНАСЬЕВА$ -> #АФАНАСЬЕВА$) = -15.936136715507466
correctionProbability (#SCACEATI$ -> #SCACIATI$) = -17.42192577840118
correctionProbability (#АПАРАТУРУ$ -> #АППАРАТУРУ$) = -24.225262562472686
correctionProbability (#ВЕККА$ -> #ВЕКА$) = -10.923414479890493
correctionProbability (#КОПРУС$ -> #КОРПУС$) = -79.54362001003233
correctionProbability (#ТАЙЛАНТ$ -> #ТАЙЛАНД$) = -12.726874358468805
correctionProbability (#МУЛЬТФТЛЬМ$ -> #МУЛЬТФИЛЬМ$) = -9.139677822823593
correctionProbability (#ПЕТРОЛВИЧ$ -> #ПЕТРОВИЧ$) = -15.991630077168857
correctionProbability (#МЕНДЮК$ -> #МИНДЮК$) = -17.827584042014426
correctionProbability (#ЖУЙЕ$ -> #ЖҮЙЕ$) = -17.95422805101669
correctionProbability (#НАЗВАТ$ -> #НАЗВАТЬ$) = -14.067628075130386
correctionProbability (#ТЕПЕРИЩЕВО$ -> #ТЕПЕРИШЕВО$) = -35.71443174246679
correctionProbability (#ЄЛИНА$ -> #ЭЛИНА$) = -14.288496942608294
correctionProbability (#ҰМЖ$ -> #ҚМЖ$) = -11.007071998796857
correctionProbability (#УСТАНОИТЬ$ -> #УСТАНОВИТЬ$) = -12.659758934292178
correctionProbability (#АНДРОИТ$ -> #АНДРОИД$) = -9.104234873152976
correctionProbability (#ДЕБИТОВОЙ$ -> #ДЕБЕТОВОЙ$) = -20.424751934793896
correctionProbability (#СЕВОСТОПОЛЬСКАЯ$ -> #СЕВАСТОПОЛЬСКАЯ$) = -26.88747070509467
correctionProbability (#СРЕЛСТВА$ -> #СРЕДСТВА$) = -11.625749615075868
correctionProbability (#ТЕЛЕГРАМУ$ -> #ТЕЛЕГРАММУ$) = -25.705676944772897
correctionProbability (#РЕГИТРАЦИЯ$ -> #РЕГИСТРАЦИЯ$) = -14.450458901319067
correctionProbability (#СМАТРТЬ$ -> #СМОТРЕТЬ$) = -67.657669662041
correctionProbability (#ОБАСНУЙ$ -> #ОБОСНУЙ$) = -24.249263349928853
correctionProbability (#АЛГЕРБРЕ$ -> #АЛГЕБРЕ$) = -12.810559516073297
correctionProbability (#УНЫВЕРСИТЕТ$ -> #УНІВЕРСИТЕТ$) = -21.872655891715077
correctionProbability (#СНЕЛА$ -> #СНЯЛА$) = -15.912715779851961
correctionProbability (#CITI24$ -> #CITY24$) = -21.45818012177607
correctionProbability (#ЛЯМБЛИ$ -> #ЛЯМБЛИИ$) = -18.911084989394254
correctionProbability (#ВЫДОВАТЬ$ -> #ВЫДАВАТЬ$) = -18.882538231909905
correctionProbability (#КБРАТЬ$ -> #УБРАТЬ$) = -9.72894221263466
correctionProbability (#KOFFEE$ -> #COFFEE$) = -15.731290783230424
correctionProbability (#ЛЕВЛ$ -> #ЛЕВЕЛ$) = -15.652361534719784
correctionProbability (#ЮОЛЬ$ -> #БОЛЬ$) = -9.261818048395806
correctionProbability (#ЦЫФРОВУЮ$ -> #ЦИФРОВУЮ$) = -16.902097909572404
correctionProbability (#МАНЕЙМАНН$ -> #МОНЕЙМАН$) = -85.28375178202263
correctionProbability (#ГАБОРИТНЫЕ$ -> #ГАБАРИТНЫЕ$) = -20.506289172480543
correctionProbability (#ТАКОК$ -> #ТАКОЕ$) = -5.180195448035182
correctionProbability (#УЛЮЧЕЙ$ -> #КЛЮЧЕЙ$) = -14.277282692103523
correctionProbability (#TRIPMYDPEM$ -> #TRIPMYDREAM$) = -86.65460353142672
correctionProbability (#ОЛНАЙ$ -> #ОНЛАЙН$) = -133.6759426356801
correctionProbability (#СОРМОВСКО$ -> #СОРМОВСКОЙ$) = -25.805614616294832
correctionProbability (#РВМБЛЕР$ -> #РАМБЛЕР$) = -7.987935147911628
correctionProbability (#ИРЗЛОЖЕНИЕ$ -> #ИЗЛОЖЕНИЕ$) = -19.18844359028956
correctionProbability (#ИСПЕКТОР$ -> #ИНСПЕКТОР$) = -17.417584228041783
correctionProbability (#ТРАВМОПУНКТ$ -> #ТРАВМПУНКТ$) = -23.588308595721827
correctionProbability (#ДИЗОНАРД$ -> #ДИЗОНОРД$) = -21.323949267238923
correctionProbability (#УНИВЕРСИТЕТЕТ$ -> #УНИВЕРСИТЕТЕ$) = -24.38461018396668
correctionProbability (#РАЗЮОР$ -> #РАЗБОР$) = -9.89290805516335
correctionProbability (#КТОТ$ -> #КТО$) = -7.155366011309749
correctionProbability (#DOWNLO$ -> #DOWNLOAD$) = -76.99138758467333
correctionProbability (#ТАКОП$ -> #ТАКОЕ$) = -5.187488425698643
correctionProbability (#БЛИСНУ$ -> #БЛЕСНУ$) = -17.996399243423614
correctionProbability (#СОВПЕМЕННОЙ$ -> #СОВРЕМЕННОЙ$) = -17.742136417153617
correctionProbability (#ТЕЛЕГРАМА$ -> #ТЕЛЕГРАММА$) = -20.603467477055794
correctionProbability (#PARCING$ -> #PARKING$) = -17.00658953073232
correctionProbability (#МАТИОЛИ$ -> #МАТТИОЛИ$) = -24.558359831705665
correctionProbability (#ПРЕЧЕСКИ$ -> #ПРИЧЕСКИ$) = -12.291255610895341
correctionProbability (#КТОР$ -> #КТО$) = -7.158621896974214
correctionProbability (#ПСАЛМИ$ -> #ПСАЛМЫ$) = -17.36336649649962
correctionProbability (#ВЕБМОНЕУ$ -> #ВЕБМОНЕЙ$) = -25.08255710842313
correctionProbability (#УГОД$ -> #УГОЛ$) = -10.099856616156547
correctionProbability (#ЛЮМИНИСЦЕНТНЫЙ$ -> #ЛЮМИНЕСЦЕНТНЫЙ$) = -27.70535769552957
correctionProbability (#КАЫЕ$ -> #КАФЕ$) = -7.438785359896695
correctionProbability (#СИДОРИНКИ$ -> #СИДОРЕНКО$) = -84.4383777810926
correctionProbability (#ЗАРЯДНЕ$ -> #ЗАРЯДНОЕ$) = -15.014243229470978
correctionProbability (#ЭКЕЯ$ -> #ИКЕЯ$) = -9.859874196306063
correctionProbability (#ТОРНТ$ -> #ТОРРЕНТ$) = -73.44963072128472
correctionProbability (#ВИКИПЕД$ -> #ВИКИПЕДИЯ$) = -75.33546321059713
correctionProbability (#ХОВАЛ$ -> #ХАВАЛ$) = -13.590550455825902
correctionProbability (#СКАЦАТ$ -> #СКАЧАТЬ$) = -67.75808079306385
correctionProbability (#ЧИХАХБИЛИ$ -> #ЧАХОХБИЛИ$) = -84.40930840246732
correctionProbability (#ФРАНЦУЗКАЯ$ -> #ФРАНЦУЗСКАЯ$) = -18.95164979914434
correctionProbability (#ЗАНГИР$ -> #ЗАҢГЕР$) = -88.77079653596566
correctionProbability (#ПРГОГРАММА$ -> #ПРОГРАММА$) = -11.136522955063278
correctionProbability (#БАУШКА$ -> #БАБУШКА$) = -11.750504015129664
correctionProbability (#ГЛИТВЕЙН$ -> #ГЛИНТВЕЙН$) = -20.47855422635393
correctionProbability (#АЛЛИМЕНТАМИ$ -> #АЛИМЕНТАМИ$) = -30.297611064713813
correctionProbability (#ВИДУВС$ -> #ВИНДОВС$) = -75.1594061215512
correctionProbability (#ТАКОЦ$ -> #ТАКОЙ$) = -9.99978931974653
correctionProbability (#БЕССТЫЖИП$ -> #БЕССТЫЖИЕ$) = -16.30416078837829
correctionProbability (#ЯЗЫККУ$ -> #ЯЗЫКУ$) = -8.848872463027465
correctionProbability (#УЛЬМАРТ$ -> #ЮЛМАРТ$) = -79.7409625194071
correctionProbability (#ЕНЕРГЕТИЧНИ$ -> #ЕНЕРГЕТИЧНІ$) = -24.522145735910264
correctionProbability (#СЫЛКОЙ$ -> #ССЫЛКОЙ$) = -19.963913186589778
correctionProbability (#ЕЛЕКТРОННУЮ$ -> #ЭЛЕКТРОННУЮ$) = -17.78393929145968
correctionProbability (#ТЕЛЕГРАМІ$ -> #ТЕЛЕГРАММ$) = -14.411883269198484
correctionProbability (#ДОЙЕИ$ -> #ДОЙКИ$) = -8.461552081996356
correctionProbability (#ФИБРОЛАКС$ -> #ФИБРАЛАКС$) = -23.527116430485734
correctionProbability (#НДОРОГОЙ$ -> #НЕДОРОГОЙ$) = -15.742976204793642
correctionProbability (#ПЕСЧАННЫХ$ -> #ПЕСЧАНЫХ$) = -21.156856177131836
correctionProbability (#РЕГИТРАЦИИ$ -> #РЕГИСТРАЦИИ$) = -12.808365186531091
correctionProbability (#ТРЕЦЛЕР$ -> #ТРЕЙЛЕР$) = -10.140354272753129
correctionProbability (#ДЕВУШОК$ -> #ДЕВУШЕК$) = -9.368281590469863
correctionProbability (#ПОКАЗТЬ$ -> #ПОКАЗАТЬ$) = -12.450419163470713
correctionProbability (#ЗАБОЛОТНІЙ$ -> #ЗАБОЛОТНИЙ$) = -19.822782887873217
correctionProbability (#МАНЕТА$ -> #МОНЕТА$) = -13.163024441251277
correctionProbability (#РУБОЕЙ$ -> #РУБЛЕЙ$) = -10.015903824693158
correctionProbability (#КАПИЛЯРЫ$ -> #КАПИЛЛЯРЫ$) = -23.520114610440686
correctionProbability (#ТРИГЕРЫ$ -> #ТРИГГЕРЫ$) = -22.452614244869544
correctionProbability (#СВЯЩЕНИКИ$ -> #СВЯЩЕННИКИ$) = -23.675663477531266
correctionProbability (#НКАТЕРИНА$ -> #ЕКАТЕРИНА$) = -10.104305734245479
correctionProbability (#ПРИЛОЖИНИЕ$ -> #ПРИЛОЖЕНИЕ$) = -13.24020494554005
correctionProbability (#سكسك$ -> #سكس$) = -16.43087036596189
correctionProbability (#УСЬ$ -> #УСТЬ$) = -10.221026418678807
correctionProbability (#АПАРАТУРА$ -> #АППАРАТУРА$) = -21.43997788435047
correctionProbability (#ЛЮИМКА$ -> #ЛЮБИМКА$) = -14.449860743488749
correctionProbability (#ВИЗОВУ$ -> #ВЫЗОВУ$) = -13.848184713048635
correctionProbability (#ЖИЛУДКА$ -> #ЖЕЛУДКА$) = -12.762204762829732
correctionProbability (#ХОЛИЦИСТИТ$ -> #ХОЛЕЦИСТИТ$) = -20.20599353113554
correctionProbability (#ДЁШЕГО$ -> #ДЁШЕВО$) = -14.240893598168892
correctionProbability (#ХУЧАН$ -> #ХУЧАНД$) = -21.43307771772813
correctionProbability (#АНДРОЙТ$ -> #АНДРОИД$) = -73.88496543342158
correctionProbability (#ПРИГОТОВИТТ$ -> #ПРИГОТОВИТЬ$) = -12.362532374677073
correctionProbability (#ОБРИВИАТУРА$ -> #АББРЕВИАТУРА$) = -153.5414562751301
correctionProbability (#МАНЕТИ$ -> #МОНЕТЫ$) = -74.62260073327565
correctionProbability (#ЛКЧШИЕ$ -> #ЛУЧШИЕ$) = -6.881044555700441
correctionProbability (#ЭКСПЕРИАНС$ -> #ЭКСПИРИЕНС$) = -88.34657467147376
correctionProbability (#COCHKISINOCHKI$ -> #DOCHKISINOCHKI$) = -28.96157162549646
correctionProbability (#ВАЙЛДБЕРИЗЗ$ -> #ВАЙЛДБЕРРИЗ$) = -81.70744029296768
correctionProbability (#СЛОТИ$ -> #СЛОТЫ$) = -14.698853287945017
correctionProbability (#ДОМАНИЙ$ -> #ДОМАШНИЙ$) = -11.709807148751118
correctionProbability (#ОКРАШЕНЫЙ$ -> #ОКРАШЕННЫЙ$) = -25.148763467028587
correctionProbability (#ОЛЕХНО$ -> #АЛЕХНО$) = -17.300339594745925
correctionProbability (#ЛЕТЭАЛЬ$ -> #ЛЕТУАЛЬ$) = -11.868711783954552
correctionProbability (#ВАЛЬТАРЕН$ -> #ВОЛЬТАРЕН$) = -18.850722388858358
correctionProbability (#РАЗРАБОТАНЫЕ$ -> #РАЗРАБОТАННЫЕ$) = -29.4384040753502
correctionProbability (#ЖИПЕГ$ -> #ДЖИПЕГ$) = -17.264693122751222
correctionProbability (#ТАТИРОВКА$ -> #ТАТУИРОВКА$) = -18.067051012311744
correctionProbability (#ИНСТАГРАМИ$ -> #ИНСТАГРАМ$) = -11.035558674219565
correctionProbability (#МАНЕТУ$ -> #МОНЕТУ$) = -16.898988487138507
correctionProbability (#AMATER$ -> #AMATEUR$) = -16.046530374600394
correctionProbability (#ПИНТАРЕСТ$ -> #ПИНТЕРЕСТ$) = -14.887167902444311
correctionProbability (#МУЛТИПЛЕЕР$ -> #МУЛЬТИПЛЕЕР$) = -21.655778797796415
correctionProbability (#MADISSON$ -> #MADISON$) = -21.010671742697433
correctionProbability (#РЫЦАР$ -> #РЫЦАРЬ$) = -10.757158648940678
correctionProbability (#ИГРАШОК$ -> #ІГРАШОК$) = -19.317644633392227
correctionProbability (#ТАКСТ$ -> #ТАКСИ$) = -6.33884215229163
correctionProbability (#ЛИЧНОСТ$ -> #ЛИЧНОСТИ$) = -14.96045783868965
correctionProbability (#ЗАИСКА$ -> #ЗАПИСКА$) = -15.514944363900241
correctionProbability (#МОНАТІК$ -> #МОНАТИК$) = -17.374979925262586
correctionProbability (#НЕДВИЖОМОСТЬ$ -> #НЕДВИЖИМОСТЬ$) = -13.266604986081731
correctionProbability (#СТИЧЬ$ -> #СТИЧ$) = -15.032329295785939
correctionProbability (#БЕСРЛАТНО$ -> #БЕСПЛАТНО$) = -4.719997269761601
correctionProbability (#РАДИЛАСЬ$ -> #РОДИЛАСЬ$) = -15.25015153376134
correctionProbability (#УЛЬТФИЛЬМ$ -> #МУЛЬТФИЛЬМ$) = -9.70559991429662
correctionProbability (#ЛЮБОЬ$ -> #ЛЮБОВЬ$) = -7.078005519755987
correctionProbability (#ИНСТРУЦИЯ$ -> #ИНСТРУКЦИЯ$) = -9.959189184408096
correctionProbability (#ИНСТАГРАМА$ -> #ИНСТАГРАММА$) = -19.572971194796267
correctionProbability (#ВАЩ$ -> #ВАЗ$) = -6.173075042358061
correctionProbability (#ФОРСУЛА$ -> #ФОРМУЛА$) = -9.453887170839756
correctionProbability (#ХПРОБРИНА$ -> #ХЕРОБРИНА$) = -20.4387397115076
correctionProbability (#ТРАНСВИСТИТ$ -> #ТРАНСВЕСТИТ$) = -22.782168292477365
correctionProbability (#NINTAMA$ -> #GINTAMA$) = -22.676076193733465
correctionProbability (#КОНСТОВАРЫ$ -> #КАНЦТОВАРЫ$) = -83.36240815229793
correctionProbability (#ГОРОСКЛП$ -> #ГОРОСКОП$) = -9.303953205145561
correctionProbability (#ЗАПИКАНКА$ -> #ЗАПЕКАНКА$) = -14.321886694875019
correctionProbability (#ЭКСТРОСЕНС$ -> #ЭКСТРАСЕНС$) = -20.369372324364697
correctionProbability (#ПВВГНГ$ -> #ВВГНГ$) = -19.544937785770447
correctionProbability (#ВАЛЕНЫЕ$ -> #ВАЛЯНЫЕ$) = -19.471764680996536
correctionProbability (#ОРГАНИЗМОВЫ$ -> #ОРГАНИЗМОВ$) = -21.61581099381933
correctionProbability (#ИНСТАГРАМЭ$ -> #ИНСТАГРАМ$) = -11.089715636830881
correctionProbability (#ДОЗНОВАТЕЛЬ$ -> #ДОЗНАВАТЕЛЬ$) = -22.243861436669604
correctionProbability (#KINOGOO$ -> #KINOGO$) = -16.415613006036143
correctionProbability (#СКАЧЯСЬ$ -> #СКАЧАТЬ$) = -67.30846348638335
correctionProbability (#F1NEVS$ -> #F1NEWS$) = -14.657046350688258
correctionProbability (#БОЛЕЛЬЩИЦАМ$ -> #БОЛЕЛЬЩИКАМ$) = -29.146450374911083
correctionProbability (#ПОПАТЬ$ -> #ПОПАСТЬ$) = -15.011997791455542
correctionProbability (#МИНИМУ$ -> #МИНИМУМ$) = -15.023272377142845
correctionProbability (#ДИБИЛ$ -> #ДЕБИЛ$) = -17.297584336355204
correctionProbability (#АТАМОВ$ -> #АТОМОВ$) = -16.13977430378876
correctionProbability (#QUOK$ -> #QUOC$) = -15.695925721512584
correctionProbability (#АКОРДЫ$ -> #АККОРДЫ$) = -12.345137257386014
correctionProbability (#СЫЛКУ$ -> #ССЫЛКУ$) = -15.422227520957403
correctionProbability (#ОКРАШЕНЫХ$ -> #ОКРАШЕННЫХ$) = -22.67586411116858
correctionProbability (#ФЛАИР$ -> #ФЛАЕР$) = -15.151286841473134
correctionProbability (#ЕСБИЯНКИ$ -> #ЛЕСБИЯНКИ$) = -14.57964128032156
correctionProbability (#МЭТРОН$ -> #МЕТРОН$) = -23.956438979285267
correctionProbability (#КАЛАНХОЕ$ -> #КАЛАНХОЭ$) = -17.40973577596926
correctionProbability (#ДОМАНИХ$ -> #ДОМАШНИХ$) = -8.938534521372858
correctionProbability (#ААКИЕ$ -> #КАКИЕ$) = -5.839723304330928
correctionProbability (#МОТОВИЛИВКА$ -> #МОТОВИЛОВКА$) = -28.486731271541828
correctionProbability (#ПРОПОРИЯ$ -> #ПРОПОРЦИЯ$) = -21.871660567851343
correctionProbability (#ОТЕОСИТСЯ$ -> #ОТНОСИТСЯ$) = -14.670585107903037
correctionProbability (#ИНСТАГРАМУ$ -> #ИНСТАГРАММУ$) = -24.848312103064544
correctionProbability (#ПЛАГЩЕТ$ -> #ПЛАНШЕТ$) = -77.05755994525892
correctionProbability (#BUREN$ -> #BUUREN$) = -19.730834841260883
correctionProbability (#ДКЛАТЬ$ -> #ДЕЛАТЬ$) = -7.203906242189824
correctionProbability (#МАГНЕТФИКС$ -> #МАГНЕТИКС$) = -37.30988486786236
correctionProbability (#ИНСТАГРАМС$ -> #ИНСТАГРАМ$) = -11.026204615953347
correctionProbability (#РОПЛОКС$ -> #РОБЛОКС$) = -7.320819877717113
correctionProbability (#ОРГАНИЗАИЯ$ -> #ОРГАНИЗАЦИЯ$) = -16.297700399402565
correctionProbability (#ПОДЕНИМСЯ$ -> #ПОЖЕНИМСЯ$) = -14.715965754070702
correctionProbability (#ADEJDI$ -> #ODEJDI$) = -23.40163455946282
correctionProbability (#ДОРОЗИ$ -> #ДОРОЗІ$) = -20.827801623349277
correctionProbability (#ЧЕРЕНКО$ -> #ЧЕРЕНКОМ$) = -21.89650013646206
correctionProbability (#АСТАНАВИТЕ$ -> #ОСТАНОВИТЕ$) = -85.79958492753286
correctionProbability (#БЯЗ$ -> #БЯЗЬ$) = -15.885043131362107
correctionProbability (#РАБЧЕМ$ -> #РАБОЧЕМ$) = -15.446387808501527
correctionProbability (#ИЛЖНО$ -> #МОЖНО$) = -69.27517509065106
correctionProbability (#RUSSOFT$ -> #RUSOFT$) = -34.784674138685915
correctionProbability (#ХВБАРОВСК$ -> #ХАБАРОВСК$) = -11.631164900850031
correctionProbability (#ЕКОНОМИЧЕСКИЙ$ -> #ЭКОНОМИЧЕСКИЙ$) = -20.38276383901062
correctionProbability (#ПЕРЕЗАРЧДКЕ$ -> #ПЕРЕЗАРЯДКЕ$) = -29.75182610573229
correctionProbability (#ALEXSIS$ -> #ALEXIS$) = -18.809152089537893
correctionProbability (#СТОЕНИЕ$ -> #СТРОЕНИЕ$) = -12.320141132134943
correctionProbability (#МОДЕЛИЙ$ -> #МОДЕЛЕЙ$) = -14.041378898963465
correctionProbability (#СКРЫТИЙ$ -> #СКРЫТЫЙ$) = -16.96492922748802
correctionProbability (#СИМТОМИ$ -> #СИМПТОМЫ$) = -76.06666522442046
correctionProbability (#КАФЫ$ -> #КАФФЫ$) = -20.749282639364896
correctionProbability (#SCHOL$ -> #SCHOOL$) = -12.902362364385414
correctionProbability (#СРАНА$ -> #СТРАНА$) = -10.285353129932854
correctionProbability (#МОДЕЛКИ$ -> #МОДЕЛЬКИ$) = -18.545452473535356
correctionProbability (#БЕРЕМЕННИЬ$ -> #БЕРЕМЕННОСТЬ$) = -147.02562724228648
correctionProbability (#РКУПИТЬ$ -> #КУПИТЬ$) = -3.909103736453016
correctionProbability (#КОМЛЕКТУЮЩИЕ$ -> #КОМПЛЕКТУЮЩИЕ$) = -21.173296111355427
correctionProbability (#ДКХИ$ -> #ДУХИ$) = -8.257987161869782
correctionProbability (#СКАЧЯТИ$ -> #СКАЧАТЬ$) = -67.27618581120606
correctionProbability (#СРАНЕ$ -> #СТРАНЕ$) = -11.791634877803066
correctionProbability (#ФУРАГІН$ -> #ФУРАГИН$) = -18.56016591217169
correctionProbability (#СМОЕ$ -> #САМОЕ$) = -10.635872056616723
correctionProbability (#СВОІМИ$ -> #СВОЇМИ$) = -17.19286012958774
correctionProbability (#ОЕТЯБРЯ$ -> #ОКТЯБРЯ$) = -8.409531763443162
correctionProbability (#УФС$ -> #ЮФС$) = -12.28378271480759
correctionProbability (#НЕДВИЖЕМОСТИ$ -> #НЕДВИЖИМОСТИ$) = -15.388460155134162
correctionProbability (#ХИТКЛИФ$ -> #ХИТКЛИФФ$) = -34.50593842866963
correctionProbability (#АВТОЖРОМ$ -> #АВТОДРОМ$) = -15.846964049941512
correctionProbability (#ЙОВА$ -> #АЙОВА$) = -19.218226180241633
correctionProbability (#МУЛЬТІК$ -> #МУЛЬТИК$) = -6.8437490100346565
correctionProbability (#АПЕНДА$ -> #АРЕНДА$) = -7.341285771728241
correctionProbability (#КАЖДЫЦ$ -> #КАЖДЫЙ$) = -10.790991928833552
correctionProbability (#СКАЧЯТЬ$ -> #СКАЧАТЬ$) = -2.5353348892115033
correctionProbability (#СТРАНПОН$ -> #СТРАПОН$) = -16.634914899182164
correctionProbability (#ИМУЛЯТОР$ -> #ЭМУЛЯТОР$) = -15.527479579146096
correctionProbability (#ВУДИАН$ -> #ВУДМАН$) = -14.9104155197256
correctionProbability (#ELBLMESI$ -> #EDILMESI$) = -92.71089121363151
correctionProbability (#ЗАПИКАНИЯ$ -> #ЗАПЕКАНИЯ$) = -19.0519988267693
correctionProbability (#AFTERNOS$ -> #ATERNOS$) = -20.095267006213334
correctionProbability (#СНЕМУ$ -> #СНИМУ$) = -13.283030370990968
correctionProbability (#ВЭЛБЕРИС$ -> #ВЕЛБЕРИС$) = -15.721597236048034
correctionProbability (#SMOIL$ -> #SMALL$) = -78.23972611741635
correctionProbability (#РОССТИЯ$ -> #РОССИЯ$) = -8.669922776975543
correctionProbability (#ШАНТИНЬИ$ -> #ШАНТИЛЬИ$) = -24.83635569673678
correctionProbability (#СЕЗАН$ -> #СЕЗОН$) = -2.124720175144631
correctionProbability (#АУТДООР$ -> #АУТДОР$) = -25.15823226751931
correctionProbability (#ОСНЬ$ -> #ОСЕНЬ$) = -5.992920483356066
correctionProbability (#ТАШКЕНТП$ -> #ТАШКЕНТА$) = -16.98125498516253
correctionProbability (#УФВ$ -> #УФА$) = -6.159142063855295
correctionProbability (#КУРСАВАЯ$ -> #КУРСОВАЯ$) = -14.67197637336782
correctionProbability (#БРАСАЕТ$ -> #БРОСАЕТ$) = -18.041062523236498
correctionProbability (#СЭВЕН$ -> #СЕВЕН$) = -16.163841914706897
correctionProbability (#УКРАИНСЬКОЮ$ -> #УКРАЇНСЬКОЮ$) = -18.827601600690976
correctionProbability (#XVIBEOS$ -> #XVIDEOS$) = -11.513093649185855
correctionProbability (#КАФН$ -> #КАФЕ$) = -7.4799322907693195
correctionProbability (#ЮРОВСКОМУ$ -> #БОРОВСКОМУ$) = -94.71085418426804
correctionProbability (#КРИТЕРИИИ$ -> #КРИТЕРИИ$) = -18.051682526686754
correctionProbability (#ТОРРЕТ$ -> #ТОРРЕНТ$) = -8.067957424515335
correctionProbability (#АКРИЛОВИЙ$ -> #АКРИЛОВЫЙ$) = -18.1555524795788
correctionProbability (#ЮОКС$ -> #БОКС$) = -8.113050726379242
correctionProbability (#DRAKONIK$ -> #DRACONIC$) = -89.61629533343071
correctionProbability (#ФТОШОП$ -> #ФОТОШОП$) = -12.891802795775774
correctionProbability (#МЕЛЛОДРАМЫ$ -> #МЕЛОДРАМЫ$) = -12.965687652320469
correctionProbability (#ИНГОЛЯЦИЙ$ -> #ИНГАЛЯЦИЙ$) = -18.001231843482536
correctionProbability (#ФАХТОЙ$ -> #ВАХТОЙ$) = -15.08888399610316
correctionProbability (#ДИКАВА$ -> #ДИКОГО$) = -144.85493923373028
correctionProbability (#КАФИ$ -> #КАФЕ$) = -7.427755084862984
correctionProbability (#ГИЛЬФ$ -> #ГОЛЬФ$) = -11.694498115810003
correctionProbability (#ОБРЕШОТКА$ -> #ОБРЕШЕТКА$) = -19.535933730260794
correctionProbability (#МАЙЖОР$ -> #МЭЙДЖОР$) = -80.44124482743312
correctionProbability (#ТОРРЕН$ -> #ТОРРЕНТ$) = -8.070119808094738
correctionProbability (#СЕВЕРЕЫЙ$ -> #СЕВЕРНЫЙ$) = -13.666630070785317
correctionProbability (#ДОШКОЛНИКОВ$ -> #ДОШКОЛЬНИКОВ$) = -16.280934628340802
correctionProbability (#СКАЧЯТТ$ -> #СКАЧАТЬ$) = -67.2753920744685
correctionProbability (#ОРИГІНАЛ$ -> #ОРИГИНАЛ$) = -13.462674208078894
correctionProbability (#ПОДСЛУШАНОЕ$ -> #ПОДСЛУШАНО$) = -16.09440635341327
correctionProbability (#МЕНДАЛЬ$ -> #МИНДАЛЬ$) = -16.741864245452796
correctionProbability (#YAU$ -> #YOU$) = -6.621151733839913
correctionProbability (#ОНЛОАЙН$ -> #ОНЛАЙН$) = -3.132217726752682
correctionProbability (#ПЛОНШЕТ$ -> #ПЛАНШЕТ$) = -12.263125529437424
correctionProbability (#SHABOW$ -> #SHADOW$) = -13.165899580967558
correctionProbability (#КОМПЬЮТОРНАЯ$ -> #КОМПЬЮТЕРНАЯ$) = -18.96588100873629
correctionProbability (#АВИАБИЛЕТВ$ -> #АВИАБИЛЕТЫ$) = -10.509136037559749
correctionProbability (#ПДЕЙ$ -> #ПЛЕЙ$) = -8.401828298165018
correctionProbability (#АКУСИКАН$ -> #ОКУСИКАН$) = -26.79041514185647
correctionProbability (#ОБРЕШОТКИ$ -> #ОБРЕШЕТКИ$) = -22.273218249436653
correctionProbability (#РАБЧИЙ$ -> #РАБОЧИЙ$) = -8.713408391927679
correctionProbability (#ДЕВУШУА$ -> #ДЕВУШКА$) = -8.594669446986714
correctionProbability (#СЕЛСКОЕ$ -> #СЕЛЬСКОЕ$) = -16.665382516488776
correctionProbability (#ОКЕОНА$ -> #ОКЕАНА$) = -13.056410352470596
correctionProbability (#ВНЕШНЫЙ$ -> #ВНЕШНИЙ$) = -14.24085720478731
correctionProbability (#ЭКАС$ -> #ЭКС$) = -17.066552419628376
correctionProbability (#МУЛЬТИИКИ$ -> #МУЛЬТИКИ$) = -9.287685538004048
correctionProbability (#БОЛЬШЕНСТВА$ -> #БОЛЬШИНСТВА$) = -24.33855156083269
correctionProbability (#TAXSI$ -> #TAXI$) = -16.71770093420216
correctionProbability (#БАЛОНЕВУЮ$ -> #БОЛОНЕВУЮ$) = -26.39284652020485
correctionProbability (#БОЖЕСТВЕНА$ -> #БОЖЕСТВЕННА$) = -26.34317900065829
correctionProbability (#МЕНДАЛЯ$ -> #МИНДАЛЯ$) = -20.222237786178525
correctionProbability (#ЕЛЕКТРОННИЕ$ -> #ЭЛЕКТРОННЫЕ$) = -81.1763799830359
correctionProbability (#СРОВНИТЬ$ -> #СРАВНИТЬ$) = -14.935113682171092
correctionProbability (#ПРИСОЕДЕНИТЬ$ -> #ПРИСОЕДИНИТЬ$) = -24.692497929486592
correctionProbability (#ЖЫВОТНЫМИ$ -> #ЖИВОТНЫМИ$) = -14.234370409967383
correctionProbability (#ПНТЕРЕСНЫЕ$ -> #ИНТЕРЕСНЫЕ$) = -13.373191444174608
correctionProbability (#CHROOME$ -> #CHROME$) = -13.712345931423993
correctionProbability (#LEGALOVO$ -> #EBALOVO$) = -85.22698711995396
correctionProbability (#ФАКСФОРД$ -> #ФОКСФОРД$) = -16.51438902242353
correctionProbability (#УРОКТ$ -> #УРОКИ$) = -8.459989425764348
correctionProbability (#SHIROZ$ -> #SHIRAZ$) = -21.318228898873432
correctionProbability (#РЫБАЛКA$ -> #РЫБАЛКА$) = -9.554346874620236
correctionProbability (#РАПЕЧАТАТЬ$ -> #РАСПЕЧАТАТЬ$) = -12.316102751122912
correctionProbability (#АFINAM$ -> #FINAM$) = -18.640143985397646
correctionProbability (#РУБИРОИД$ -> #РУБЕРОИД$) = -20.20936889759824
correctionProbability (#НАПОДОБЕ$ -> #НАПОДОБИЕ$) = -21.33181476219515
correctionProbability (#ЛИЦИДЕИ$ -> #ЛИЦЕДЕИ$) = -20.33100883599481
correctionProbability (#КОРТОКИЕ$ -> #КОРОТКИЕ$) = -79.03169490689966
correctionProbability (#DANC$ -> #DANCE$) = -11.73701522708615
correctionProbability (#НАПРОВЛЕНИЯ$ -> #НАПРАВЛЕНИЯ$) = -16.867102936737872
correctionProbability (#СЕРЕБРЯННЫЙ$ -> #СЕРЕБРЯНЫЙ$) = -20.012050120428164
correctionProbability (#ЛЮБОЄ$ -> #ЛЮБОЕ$) = -15.743211995638955
correctionProbability (#МОНИТОРИН$ -> #МОНИТОРИНГ$) = -16.595723209616487
correctionProbability (#DEAMOND$ -> #DIAMOND$) = -15.34272831563733
correctionProbability (#ОТЗВЫ$ -> #ОТЗЫВЫ$) = -5.442686311570387
correctionProbability (#TTBOKING$ -> #TTBOOKING$) = -35.646723843764356
correctionProbability (#РАСВОР$ -> #РАСТВОР$) = -14.194355251617992
correctionProbability (#АКТОВИГИН$ -> #АКТОВЕГИН$) = -17.184357806292056
correctionProbability (#ПАСАДА$ -> #ПОСАДА$) = -18.026807235733674
correctionProbability (#ЖЕВОТ$ -> #ЖИВОТ$) = -11.701622485898437
correctionProbability (#АВИАБИЛЕТЬ$ -> #АВИАБИЛЕТ$) = -19.50193935587874
correctionProbability (#ЙОХАНСЕН$ -> #ЙОХАНССОН$) = -83.562717300393
correctionProbability (#ВВСОКО$ -> #ВЫСОКО$) = -16.275304251022032
correctionProbability (#ХОДИАКА$ -> #ЗОДИАКА$) = -10.947313432158218
correctionProbability (#ОМОНИЯ$ -> #АММОНИЯ$) = -84.56576440894305
correctionProbability (#МОСКОВСКОИ$ -> #МОСКОВСКОЙ$) = -12.417079307158687
correctionProbability (#КРНДИТ$ -> #КРЕДИТ$) = -7.309451696726452
correctionProbability (#ПІСТОЛЕТ$ -> #ПИСТОЛЕТ$) = -13.471294546911118
correctionProbability (#ФРАЦИЯ$ -> #ФРАНЦИЯ$) = -13.181764218692535
correctionProbability (#БЕЛАРУССКАЯ$ -> #БЕЛОРУССКАЯ$) = -17.935666660121925
correctionProbability (#СТИОТВОРЕНИЕ$ -> #СТИХОТВОРЕНИЕ$) = -18.372744875045512
correctionProbability (#СМОТРАТЬ$ -> #СМОТРЕТЬ$) = -2.4007848100685987
correctionProbability (#КОМНАТП$ -> #КОМНАТА$) = -10.73900647716961
correctionProbability (#TERIKOVA$ -> #TEKIROVA$) = -86.34064252396516
correctionProbability (#ГОРОСКОЙ$ -> #ГОРОДСКОЙ$) = -13.723641974460499
correctionProbability (#САДОВОВДА$ -> #САДОВОДА$) = -18.438012122237907
correctionProbability (#ЛЕКТРОННЫЙ$ -> #ЭЛЕКТРОННЫЙ$) = -12.692238472679328
correctionProbability (#CHATUREBATE$ -> #CHATURBATE$) = -21.32732540891452
correctionProbability (#КАЙНА$ -> #КАИНА$) = -19.991679954303205
correctionProbability (#БАКДАР$ -> #БАКЪДАР$) = -16.7856283634124
correctionProbability (#ЗРЕЛАЮ$ -> #ЗРЕЛУЮ$) = -14.890311688932567
correctionProbability (#ПРОШУТО$ -> #ПРОШУТТО$) = -23.95174782316498
correctionProbability (#ДОРОКА$ -> #ДОРОГА$) = -9.926840265350155
correctionProbability (#ИСЦЕСТ$ -> #ИНЦЕСТ$) = -9.052015441688578
correctionProbability (#ННОВГОРОД$ -> #НОВГОРОД$) = -12.207191773534362
correctionProbability (#КОМНАТН$ -> #КОМНАТНУЮ$) = -81.5833932914323
correctionProbability (#БАСАНОЖКИ$ -> #БОСОНОЖКИ$) = -84.51950892868733
correctionProbability (#КАРЕЙКИ$ -> #КОРЕЙКИ$) = -21.21632796873152
correctionProbability (#ИСПЛЬЗОВАНИЕ$ -> #ИСПОЛЬЗОВАНИЕ$) = -19.750079651937995
correctionProbability (#ЕОЭС$ -> #ЕАЭС$) = -14.615200763569835
correctionProbability (#GMAUL$ -> #GMAIL$) = -8.37218713789974
correctionProbability (#ЛЮБОВ$ -> #ЛЮБОВЬ$) = -7.0073045721597715
correctionProbability (#СЛЕДУЩИХ$ -> #СЛЕДУЮЩИХ$) = -18.862118340718347
correctionProbability (#ЭЕНЩИНЫ$ -> #ЖЕНЩИНЫ$) = -8.310670470525721
correctionProbability (#ЭКРАНЕЫЙ$ -> #ЭКРАННЫЙ$) = -23.73514206812623
correctionProbability (#КРЕСНОЯРСК$ -> #КРАСНОЯРСК$) = -11.57926586268023
correctionProbability (#ГОРОСКОЛ$ -> #ГОРОСКОП$) = -9.262482226559094
correctionProbability (#ОБАЗНАЧАЕТСЯ$ -> #ОБОЗНАЧАЕТСЯ$) = -21.54540000911185
correctionProbability (#ПДДД$ -> #ПДД$) = -10.252486907869308
correctionProbability (#STANDOF$ -> #STANDOFF$) = -16.771390427873698
correctionProbability (#УЛМАРТ$ -> #ЮЛМАРТ$) = -12.512395443725513
correctionProbability (#КАЛЬКЛЯТОР$ -> #КАЛЬКУЛЯТОР$) = -12.768235779037845
correctionProbability (#GMSIL$ -> #GMAIL$) = -8.3760651061782
correctionProbability (#ГОРОСКОМ$ -> #ГОРОСКОП$) = -9.262300939054747
correctionProbability (#ГЮРЕМ$ -> #ХЮРРЕМ$) = -80.75031526677667
correctionProbability (#СЕАЧАТ$ -> #СКАЧАТЬ$) = -67.79153526307375
correctionProbability (#АБОНЕНСКОЙ$ -> #АБОНЕНТСКОЙ$) = -22.676525381854646
correctionProbability (#СЫЛОК$ -> #ССЫЛОК$) = -17.624547878135235
correctionProbability (#ФГУПЕ$ -> #ФГУП$) = -16.440649277595877
correctionProbability (#ТРИКОЛЛОР$ -> #ТРИКОЛОР$) = -15.091351160632335
correctionProbability (#ASTROS$ -> #ACTROS$) = -21.47675505786005
correctionProbability (#ВАЙЛБЕРИЗ$ -> #ВАЙЛДБЕРРИЗ$) = -79.74432812355927
correctionProbability (#ТЮИЕНИ$ -> #ТЮМЕНИ$) = -9.861772374506419
correctionProbability (#АПАКАЛИПСИС$ -> #АПОКАЛИПСИС$) = -15.862817408087068
correctionProbability (#BONGAMS$ -> #BONGACAMS$) = -82.82620952283412
correctionProbability (#ФГУПА$ -> #ФГУП$) = -16.43842491247617
correctionProbability (#СЕЙШИЛЫ$ -> #СЕЙШЕЛЫ$) = -17.86089492480781
correctionProbability (#АЛЬФАСТРАХОЫАНИЕ$ -> #АЛЬФАСТРАХОВАНИЕ$) = -23.634865232178058
correctionProbability (#ТИРАМПОЛЕ$ -> #ТИРАСПОЛЕ$) = -17.65359866935149
correctionProbability (#КЛМАНД$ -> #КОМАНД$) = -14.623459630246867
correctionProbability (#ХЭНДЛИНГ$ -> #ХЕНДЛИНГ$) = -18.74704045931977
correctionProbability (#БЫВПЕТ$ -> #БЫВАЕТ$) = -12.356735347884356
correctionProbability (#НАПРОВЛЕНИЕ$ -> #НАПРАВЛЕНИЕ$) = -17.666662427910637
correctionProbability (#ГШДЗ$ -> #ГДЗ$) = -6.078810140223904
correctionProbability (#KANGO$ -> #KANGOO$) = -20.425312828253563
correctionProbability (#БОЛЬШЕНСТВО$ -> #БОЛЬШИНСТВО$) = -22.71750409109164
correctionProbability (#МОДЕЛЛЬ$ -> #МОДЕЛЬ$) = -12.348691971904078
correctionProbability (#ПРАЗНИКА$ -> #ПРАЗДНИКА$) = -16.307785372118452
correctionProbability (#ИЧТОРИЯ$ -> #ИСТОРИЯ$) = -8.123924677565704
correctionProbability (#ПАПАРАЦИ$ -> #ПАПАРАЦЦИ$) = -17.607877973390252
correctionProbability (#ПРЧЖИ$ -> #ПРЯЖИ$) = -11.044553712372096
correctionProbability (#ANARITA$ -> #ANNARITA$) = -34.63031730458055
correctionProbability (#НЕЧАЯНО$ -> #НЕЧАЯННО$) = -21.45689682066378
correctionProbability (#БЕЗПЛАТН$ -> #БЕСПЛАТНО$) = -70.08476585026742
correctionProbability (#ПЕТРРОПАВЛОВСКАЯ$ -> #ПЕТРОПАВЛОВСКАЯ$) = -28.812901415575183
correctionProbability (#МАРДАШКИНА$ -> #МАРДАНШИНА$) = -97.72092067013386
correctionProbability (#ФРИППИК$ -> #ФРИПИК$) = -22.153486731585872
correctionProbability (#СЛЕДУЩИЕ$ -> #СЛЕДУЮЩИЕ$) = -17.875609836896587
correctionProbability (#БЛАГОДОРЕНИЯ$ -> #БЛАГОДАРЕНИЯ$) = -24.5313363416469
correctionProbability (#ЗРЕЛАЙ$ -> #ЗРЕЛОЙ$) = -14.179935482153173
correctionProbability (#ФОРСУЛЫ$ -> #ФОРМУЛЫ$) = -11.956433638321485
correctionProbability (#НИВИДИМКА$ -> #НЕВИДИМКА$) = -17.40963393060536
correctionProbability (#ЛЮБОФ$ -> #ЛЮБОВЬ$) = -71.7748087459764
correctionProbability (#ЖИТЄВІ$ -> #ЖИТТЄВІ$) = -23.143760325100587
correctionProbability (#БАРБОРИС$ -> #БАРБАРИС$) = -16.66834797483373
correctionProbability (#ГОРОСКОБ$ -> #ГОРОСКОП$) = -9.261902222192802
correctionProbability (#ПОЗДАВИТЬ$ -> #ПОЗДРАВИТЬ$) = -16.1583650187415
correctionProbability (#ОБРОЗЕЦ$ -> #ОБРАЗЕЦ$) = -7.967512207914218
correctionProbability (#ТЮИЕНЬ$ -> #ТЮМЕНЬ$) = -7.786006717794887
correctionProbability (#МАНГВШЛАК$ -> #МАНГЫШЛАК$) = -23.299415559617593
correctionProbability (#ХОВЕЙ$ -> #ХУАВЕЙ$) = -77.76633560058077
correctionProbability (#ПЕРЕДЕВАНИЕ$ -> #ПЕРЕОДЕВАНИЕ$) = -25.302350696508775
correctionProbability (#АНАБЭЛЬ$ -> #АНАБЕЛЬ$) = -14.511321595267084
correctionProbability (#ГУШИНА$ -> #ГУЩИНА$) = -18.109566546955822
correctionProbability (#СОПОСТАВТЕ$ -> #СОПОСТАВЬТЕ$) = -25.005661388721904
correctionProbability (#ПРАЗНИКИ$ -> #ПРАЗДНИКИ$) = -12.968946123216611
correctionProbability (#НАПРОВЛЕНИИ$ -> #НАПРАВЛЕНИИ$) = -19.620138972216097
correctionProbability (#МКСТОСКИДКИ$ -> #МЕСТОСКИДКИ$) = -25.337096500544874
correctionProbability (#ЦЫБЦЛЬКО$ -> #ЦЫБУЛЬКО$) = -17.71833043474468
correctionProbability (#ПРЧЖА$ -> #ПРЯЖА$) = -11.580725918462793
correctionProbability (#ВРАЧЕМ$ -> #ВРАЧОМ$) = -17.238873628144386
correctionProbability (#ИГГРАТЬ$ -> #ИГРАТЬ$) = -8.310806292228097
correctionProbability (#ПРАЗНИКЕ$ -> #ПРАЗДНИКЕ$) = -19.804325660233353
correctionProbability (#ДОСТИЧ$ -> #ДОСТИЧЬ$) = -18.85010429722648
correctionProbability (#ФМИЛЬМ$ -> #ФИЛЬМ$) = -3.6812905222272505
correctionProbability (#ЛЮБЛБ$ -> #ЛЮБЛЮ$) = -9.213889558463553
correctionProbability (#РОНЛАЙН$ -> #ОНЛАЙН$) = -3.1304859588164895
correctionProbability (#СВИТЕЛ$ -> #СВИТЕР$) = -11.70524312113648
correctionProbability (#МОЛИФИСЕНТА$ -> #МАЛЕФИСЕНТА$) = -78.56954483483452
correctionProbability (#ДИЛИМОБИЛЬ$ -> #ДЕЛИМОБИЛЬ$) = -22.67252987889386
correctionProbability (#МИКСИДОЛ$ -> #МЕКСИДОЛ$) = -15.318291836086829
correctionProbability (#SLLR$ -> #SLRR$) = -18.89798169936184
correctionProbability (#СТАМГАЗИВ$ -> #СТАМГАЗИЕВ$) = -28.820744034644825
correctionProbability (#ЧЕООВЕК$ -> #ЧЕЛОВЕК$) = -7.754184023547204
correctionProbability (#УЧЮ$ -> #УЧУ$) = -14.854974670380503
correctionProbability (#ПРЕТИ$ -> #ПРЕТТИ$) = -22.006442516729493
correctionProbability (#СУВОРОВО$ -> #СУВОРОВА$) = -15.459918356733404
correctionProbability (#ЗНАКОМЛУС$ -> #ЗНАКОМЛЮСЬ$) = -92.57962028624578
correctionProbability (#ФЕТЕЗИ$ -> #ФЭНТЕЗИ$) = -77.65394649154312
correctionProbability (#ОСЛЕ$ -> #ПОСЛЕ$) = -6.002671096816517
correctionProbability (#ПРИНЦЭСА$ -> #ПРИНЦЕССА$) = -77.78924202297421
correctionProbability (#OMEGL$ -> #OMEGLE$) = -16.610937354977718
correctionProbability (#ВВЕР$ -> #ВВЕРХ$) = -10.860029726749108
correctionProbability (#ULMARY$ -> #ULMART$) = -13.713133833942262
correctionProbability (#СЛАБОСАЛЕГАЯ$ -> #СЛАБОСОЛЕНАЯ$) = -91.95631748645363
correctionProbability (#ХАМАЧЬ$ -> #ХАМАЧИ$) = -15.581279094114283
correctionProbability (#КТЕЛ$ -> #КОТЕЛ$) = -10.18446405273399
correctionProbability (#НЕПРИСАЕМЫЕ$ -> #НЕПРИКАСАЕМЫЕ$) = -91.37326354134755
correctionProbability (#КРЕЧИТ$ -> #КРИЧИТ$) = -15.852680048589239
correctionProbability (#REALMI$ -> #REALME$) = -16.679217384018155
correctionProbability (#СМЛА$ -> #СИЛА$) = -9.309125591276302
correctionProbability (#ЗЕЛЬМЕР$ -> #ЗЕЛМЕР$) = -22.404135079293894
correctionProbability (#ТЕХНАДОМ$ -> #ТЕХНОДОМ$) = -15.767107372775428
correctionProbability (#ПУТЕН$ -> #ПУТИН$) = -9.685168532564898
correctionProbability (#ПЕРФИКТ$ -> #ПЕРФЕКТ$) = -15.819884165153411
correctionProbability (#ДНВЕНКИ$ -> #ДНЕВНИК$) = -207.46129475047286
correctionProbability (#МИНИСТ$ -> #МИНИСТР$) = -14.681728207450213
correctionProbability (#КУБАК$ -> #КУБОК$) = -9.698854697242371
correctionProbability (#ВЕТРЕНЫ$ -> #ВЕТРЕНЫЙ$) = -12.669355240683593
correctionProbability (#ЛАБАРОТОРИЯ$ -> #ЛАБОРАТОРИЯ$) = -81.994591481863
correctionProbability (#АМОНСИКЛАВ$ -> #АМОКСИКЛАВ$) = -17.949632780009594
correctionProbability (#ВИДПОВИДЬ$ -> #ВІДПОВІДЬ$) = -85.98905687142013
correctionProbability (#АБОТА$ -> #РАБОТА$) = -5.543393163606709
correctionProbability (#БЕКГРАУНД$ -> #БЭКГРАУНД$) = -23.393744898420863
correctionProbability (#АЦИТОНА$ -> #АЦЕТОНА$) = -19.76136873600091
correctionProbability (#ОБОРОДУВАНИЯ$ -> #ОБОРУДОВАНИЯ$) = -81.77701774865949
correctionProbability (#SKYRNG$ -> #SKYENG$) = -15.214754853633824
correctionProbability (#KROSVORDI$ -> #KROSSVORDI$) = -28.48907300717196
correctionProbability (#IRENOV$ -> #LIRANOV$) = -87.43159663046657
correctionProbability (#РЕССАНС$ -> #РЕНЕССАНС$) = -81.63096022251833
correctionProbability (#ВЕВ$ -> #ВЕБ$) = -5.751435350422316
correctionProbability (#КУБАН$ -> #КУБАНЬ$) = -13.200595364279902
correctionProbability (#УКОАИНЫ$ -> #УКРАИНЫ$) = -10.027577815163887
correctionProbability (#СУЕЦИДА$ -> #СУИЦИДА$) = -18.59140523761728
correctionProbability (#EMEIL$ -> #EMAIL$) = -11.302583473365328
correctionProbability (#EWEY$ -> #EWAY$) = -17.499666792094278
correctionProbability (#СКВОРКИНО$ -> #СКВОРКИНА$) = -34.67736887662111
correctionProbability (#СНОПТИК$ -> #СИНОПТИК$) = -11.838194767117976
correctionProbability (#GOW$ -> #GOV$) = -11.899303420131087
correctionProbability (#ВАИЛАНТ$ -> #ВАЙЛАНТ$) = -18.826360985291082
correctionProbability (#ACAUNT$ -> #ACCOUNT$) = -78.85710058936074
correctionProbability (#ИЗМНЕНИЯ$ -> #ИЗМЕНЕНИЯ$) = -14.753975405220118
correctionProbability (#УЧМ$ -> #УЧИ$) = -8.230452354008026
correctionProbability (#ДИТЯМ$ -> #ДЕТЯМ$) = -9.123491141298079
correctionProbability (#ВДЫ$ -> #ВОДЫ$) = -6.898580999622144
correctionProbability (#ПУТЕВ$ -> #ПУТЕВКИ$) = -78.38322727203672
correctionProbability (#НЕДВИЖЕММЫМ$ -> #НЕДВИЖИМЫМ$) = -92.57135928382326
correctionProbability (#РАСТЕНЕВОДСТВА$ -> #РАСТЕНИЕВОДСТВА$) = -30.20301712984009
correctionProbability (#КАСК$ -> #КАК$) = -1.5639536570294261
correctionProbability (#FOLLOUT$ -> #FALLOUT$) = -14.577360698487773
correctionProbability (#КОММИСАРИАТ$ -> #КОМИССАРИАТ$) = -89.61347387317487
correctionProbability (#ПЕНАЕВ$ -> #ПИНАЕВ$) = -22.97468656498421
correctionProbability (#ТРРТ$ -> #ТОРТ$) = -7.182287140071885
correctionProbability (#ЕРЕНКОВА$ -> #ЧЕРЕНКОВА$) = -25.37727228184132
correctionProbability (#ДЛЕЛАТЬ$ -> #ДЕЛАТЬ$) = -9.682940419187805
correctionProbability (#ЧУНЦИЙ$ -> #ЧУНСКИЙ$) = -85.71167844182553
correctionProbability (#АБОТЫ$ -> #РАБОТЫ$) = -7.426466955233533
correctionProbability (#АУТЛЭНДР$ -> #АУТЛЕНДЕР$) = -81.57895389875425
correctionProbability (#РАБЧАЯ$ -> #РАБОЧАЯ$) = -9.882675696101131
correctionProbability (#БИССЕР$ -> #БИСЕР$) = -17.049453032955046
correctionProbability (#АЛЛХ$ -> #АЛЛАХ$) = -16.928674413797186
correctionProbability (#СПИДТЕТС$ -> #СПИДТЕСТ$) = -82.3085050755319
correctionProbability (#МИЗХАЙЛОВСКИЙ$ -> #МИХАЙЛОВСКИЙ$) = -23.206787341682016
correctionProbability (#ВОЛИКОВ$ -> #ВОЛКОВ$) = -15.220213495953015
correctionProbability (#РАОНА$ -> #РАЙОНА$) = -7.8703319950131
correctionProbability (#УСЛОВИЧ$ -> #УСЛОВИЯ$) = -11.642161131359927
correctionProbability (#DRAWL$ -> #BRAWL$) = -10.5323581182701
correctionProbability (#MONKEI$ -> #MONKEY$) = -13.413498089706042
correctionProbability (#ПОЛЕКАРБОНАТА$ -> #ПОЛИКАРБОНАТА$) = -19.301579246840674
correctionProbability (#КАСИЛКА$ -> #КОСИЛКА$) = -18.673984243821117
correctionProbability (#ОСНВНЫЕ$ -> #ОСНОВНЫЕ$) = -12.7618034139807
correctionProbability (#UE50RU7470U$ -> #UE50NU7470U$) = -31.45204796681635
correctionProbability (#КАРЯ$ -> #КРАЯ$) = -74.82747163584303
correctionProbability (#ЭКСТРАСЕНОВ$ -> #ЭКСТРАСЕНСОВ$) = -14.974748959235008
correctionProbability (#БЕГАЛЬСКАЯ$ -> #БЕНГАЛЬСКАЯ$) = -23.049690898290976
correctionProbability (#БАББЛЗ$ -> #БАБЛС$) = -87.04344899832992
correctionProbability (#МЕРЕУРИЙ$ -> #МЕРКУРИЙ$) = -11.833159780619688
correctionProbability (#ФОНАР$ -> #ФОНАРЬ$) = -13.227318836315792
correctionProbability (#ДОМАНЕЕ$ -> #ДОМАШНЕЕ$) = -11.136232024022739
correctionProbability (#ГОДЗИЛА$ -> #ГОДЗИЛЛА$) = -14.928729621339222
correctionProbability (#ХЕНДНРСЕН$ -> #ХЕНДЕРСОН$) = -84.88539049223841
correctionProbability (#РАОНЕ$ -> #РАЙОНЕ$) = -9.940176431814546
correctionProbability (#ОГОНБ$ -> #ОГОНЬ$) = -9.479015979893955
correctionProbability (#ПЛОШАДИ$ -> #ПЛОЩАДИ$) = -13.066679057720485
correctionProbability (#ПРОТИВОСПАЛИТЕЛЬНЫЕ$ -> #ПРОТИВОВОСПАЛИТЕЛЬНЫЕ$) = -98.51869321057369
correctionProbability (#SHAMOLAR$ -> #SHAMOLLAR$) = -28.103492377651428
correctionProbability (#ХАТИКА$ -> #ХАТИКО$) = -15.496004649273278
correctionProbability (#СЕЗЕН$ -> #СЕЗОН$) = -2.2202702366724125
correctionProbability (#ПОМЕНЯ$ -> #ПОМЕНЯТЬ$) = -77.63805872724397
correctionProbability (#АЗЕАТКИ$ -> #АЗИАТКИ$) = -14.433776172987535
correctionProbability (#ТОКИНЫ$ -> #ТОКЕНЫ$) = -20.256060106923446
correctionProbability (#УКОАИНЕ$ -> #УКРАИНЕ$) = -9.897029445313983
correctionProbability (#СОДЕРДАНИЕ$ -> #СОДЕРЖАНИЕ$) = -13.39402235559173
correctionProbability (#ТЮТЮНИК$ -> #ТЮТЮННИК$) = -24.988220758757187
correctionProbability (#АППОКАЛИПСИС$ -> #АПОКАЛИПСИС$) = -18.442991238858625
correctionProbability (#ПЕМЕН$ -> #ПЕСЕН$) = -9.917749907414336
correctionProbability (#КАБИНГЕТ$ -> #КАБИНЕТ$) = -7.689240885047738
correctionProbability (#ПЛГЕБРЕ$ -> #АЛГЕБРЕ$) = -10.346809616808798
correctionProbability (#ХАРДБАСС$ -> #ХАРДБАС$) = -22.567690458112985
correctionProbability (#ЗАНЕМАЦА$ -> #ЗАНИМАЦА$) = -24.651371036434817
correctionProbability (#СТАНУИЯ$ -> #СТАНЦИЯ$) = -12.021297725732211
correctionProbability (#ГОРОСКРП$ -> #ГОРОСКОП$) = -9.304125471606412
correctionProbability (#ВЕНЕГРЕТ$ -> #ВИНЕГРЕТ$) = -16.66745389906412
correctionProbability (#ЕНДШПИЛЬ$ -> #ЭНДШПИЛЬ$) = -16.458949380934975
correctionProbability (#ПРАСТИТУТКА$ -> #ПРОСТИТУТКА$) = -18.36792182264991
correctionProbability (#ЕШЕВО$ -> #ДЕШЕВО$) = -9.128237535612346
correctionProbability (#УКОАИНА$ -> #УКРАИНА$) = -7.858524403863285
correctionProbability (#БАКЛАДЖАН$ -> #БАКЛАЖАН$) = -18.138943040687792
correctionProbability (#БАХСИСАРАЙ$ -> #БАХЧИСАРАЙ$) = -19.909954645566003
correctionProbability (#ИНСТАНГРАМ$ -> #ИНСТАГРАМ$) = -11.008686601215125
correctionProbability (#LINBOX$ -> #INBOX$) = -18.272166754970645
correctionProbability (#ПЯТНИШКО$ -> #ПЯТНЫШКО$) = -22.053341110382497
correctionProbability (#ЗЕРП$ -> #ЗЕРИП$) = -31.88585757544965
correctionProbability (#РАХМАТУЛИНА$ -> #РАХМАТУЛЛИНА$) = -27.649746260210904
correctionProbability (#КАРЙ$ -> #КРАЙ$) = -74.36176733872725
correctionProbability (#201Ё9$ -> #2019$) = -2.644953491122024
correctionProbability (#WILBERIS$ -> #WILDBERRIES$) = -146.6363443289448
correctionProbability (#КОИНИКА$ -> #КЛИНИКА$) = -9.631916520434196
correctionProbability (#ПРЕОБРЕТЕНИЯ$ -> #ПРИОБРЕТЕНИЯ$) = -23.553538126915917
correctionProbability (#БОЛЬЩОЙ$ -> #БОЛЬШОЙ$) = -9.331034428591877
correctionProbability (#ЕКЗОДЕРИЛ$ -> #ЭКЗОДЕРИЛ$) = -20.487995547014513
correctionProbability (#ПРАСТИТУТКЕ$ -> #ПРОСТИТУТКИ$) = -78.99742431595425
correctionProbability (#УГГЛ$ -> #ГУГЛ$) = -70.88087755912045
correctionProbability (#ТРЕТЯЯ$ -> #ТРЕТЬЯ$) = -14.659523212467345
correctionProbability (#ОРАТИВ$ -> #ОРАТІВ$) = -32.021777593346016
correctionProbability (#СУЩЬНОСТИ$ -> #СУЩНОСТИ$) = -22.817452102755247
correctionProbability (#РЕЖИМИ$ -> #РЕЖИМЕ$) = -13.172899941089259
correctionProbability (#ШРИВТЫ$ -> #ШРИФТЫ$) = -14.195385211772464
correctionProbability (#ВЕЮ$ -> #ВЕБ$) = -5.74919019286143
correctionProbability (#ЛЮМИНИСЦЕНТНУЮ$ -> #ЛЮМИНЕСЦЕНТНУЮ$) = -30.5711572874405
correctionProbability (#МЦЗЫКУ$ -> #МУЗЫКУ$) = -6.901844933872884
correctionProbability (#MCCARTY$ -> #MCCARTHY$) = -25.092383655013442
correctionProbability (#НИКИЛОДЕОН$ -> #НИКЕЛОДЕОН$) = -18.854950665401766
correctionProbability (#ДОВЫДОВ$ -> #ДАВЫДОВ$) = -17.19018192064084
correctionProbability (#БЕЛАРУССКИХ$ -> #БЕЛОРУССКИХ$) = -16.769182342542926
correctionProbability (#ВИДИНЕЕВА$ -> #ВЕДЕНЕЕВА$) = -83.64794016826404
correctionProbability (#ВЕЬ$ -> #ВЕБ$) = -5.7468778860287095
correctionProbability (#КААРДИНАТЫ$ -> #КООРДИНАТЫ$) = -81.61796509979672
correctionProbability (#ЛАВІНА$ -> #ЛАВИНА$) = -17.529425235039074
correctionProbability (#БЕРРИМОР$ -> #БЭРРИМОР$) = -21.574850241731006
correctionProbability (#ЯНВАРИ$ -> #ЯНВАРЯ$) = -12.181810775470968
correctionProbability (#СТОЙМСТ$ -> #СТОИМОСТЬ$) = -140.0494748653987
correctionProbability (#ОТГАДЫВАЕШ$ -> #ОТГАДЫВАЕШЬ$) = -37.32887473677857
correctionProbability (#ГРУПИРОВКИ$ -> #ГРУППИРОВКИ$) = -23.547121314411278
correctionProbability (#РИГЗ$ -> #РИГГЗ$) = -21.710767860309243
correctionProbability (#DRAVE$ -> #DRIVE$) = -11.523910125090065
correctionProbability (#ПОСВЛКИ$ -> #ПОСЫЛКИ$) = -14.082156608926944
correctionProbability (#ДЖЕТЕМ$ -> #ЖЕТЕМ$) = -20.463102287764865
correctionProbability (#ПОДРОБОТКА$ -> #ПОДРАБОТКА$) = -15.59905600563502
correctionProbability (#ВИЕДО$ -> #ВИДЕО$) = -69.58490898891972
correctionProbability (#НАПОЛИОН$ -> #НАПОЛЕОН$) = -15.317715584211804
correctionProbability (#МАРГАРИТТА$ -> #МАРГАРИТА$) = -16.312274769543755
correctionProbability (#ВЕТРННЫЙ$ -> #ВЕТРЕНЫЙ$) = -12.141032449070089
correctionProbability (#НОВИНК$ -> #НОВИНКИ$) = -7.930125306026511
correctionProbability (#ПООЯНЕ$ -> #ПОЛЯНЕ$) = -15.675797954868262
correctionProbability (#ОТЧЕТЬ$ -> #ОТЧЕТ$) = -12.952040309151595
correctionProbability (#СЕРЕБРЯННУЮ$ -> #СЕРЕБРЯНУЮ$) = -22.104612666573168
correctionProbability (#ЧЕДОВЕК$ -> #ЧЕЛОВЕК$) = -7.75078109329845
correctionProbability (#АЛКС$ -> #АЛЕКС$) = -11.744754003598526
correctionProbability (#ЦЫФРОВЫЕ$ -> #ЦИФРОВЫЕ$) = -16.370080117597922
correctionProbability (#ВЕФ$ -> #ВЭФ$) = -18.721577743661395
correctionProbability (#ЧУСТВУЕТ$ -> #ЧУВСТВУЕТ$) = -18.467524878248987
correctionProbability (#ХАОЕСТЕРИНОВЫЕ$ -> #ХОЛЕСТЕРИНОВЫЕ$) = -96.80656863849566
correctionProbability (#МАЭНГРАФТ$ -> #МАЙНКРАФТ$) = -72.71326031855578
correctionProbability (#ФОЛСВАГИН$ -> #ФОЛЬКСВАГЕН$) = -144.6770433124636
correctionProbability (#РИАЛЬНО$ -> #РЕАЛЬНО$) = -14.472685430768273
correctionProbability (#ФРАНЦІІ$ -> #ФРАНЦІЇ$) = -19.682731671536587
correctionProbability (#ПОДРОБОТКИ$ -> #ПОДРАБОТКИ$) = -19.654281950419445
correctionProbability (#ПЕНИУОРТ$ -> #ПЕННИУОРТ$) = -20.629841335001196
correctionProbability (#АНУЛИРОВАН$ -> #АННУЛИРОВАН$) = -28.192496590918367
correctionProbability (#ЗВОНК$ -> #ЗВОНОК$) = -11.968375311131314
correctionProbability (#СТОГНАЦИЯ$ -> #СТАГНАЦИЯ$) = -22.8846753055549
correctionProbability (#ШИПСИ$ -> #ШЕПСИ$) = -19.554820372629624
correctionProbability (#ИНСТАГГРАМ$ -> #ИНСТАГРАМ$) = -11.076319486078972
correctionProbability (#МОБАІЛ$ -> #МОБАЙЛ$) = -12.683693918157172
correctionProbability (#АЛОГ$ -> #НАЛОГ$) = -9.160391313246162
correctionProbability (#ЛЮБИЬ$ -> #ЛЮБИТЬ$) = -13.1293941623283
correctionProbability (#LIBERTI$ -> #LIBERTY$) = -17.857751411584253
correctionProbability (#КДИПЫ$ -> #КЛИПЫ$) = -6.402477321075924
correctionProbability (#РАДАРИ$ -> #РОДАРИ$) = -18.964847186536932
correctionProbability (#СТОНКИ$ -> #СТАНКИ$) = -13.522740304129503
correctionProbability (#ВУАЕРИСТЫ$ -> #ВУАЙЕРИСТЫ$) = -26.518218212138457
correctionProbability (#МАКСЕМАЛЬНАЯ$ -> #МАКСИМАЛЬНАЯ$) = -19.149767233177094
correctionProbability (#СОВЕСТКИЙ$ -> #СОВЕТСКИЙ$) = -81.30881174982638
correctionProbability (#ШАРМЛЬ$ -> #ШАРМАЛЬ$) = -19.696251964010628
correctionProbability (#ФЕДОТОВИЧ$ -> #ФЕДОРОВИЧ$) = -17.809253016947096
correctionProbability (#БАЙКЕРИ$ -> #БАЙКЕРЫ$) = -18.73731042227989
correctionProbability (#КАУЮ$ -> #КАКУЮ$) = -10.094743109227156
correctionProbability (#РЕАБИЛИТАТЦИЯ$ -> #РЕАБИЛИТАЦИЯ$) = -21.76266252524639
correctionProbability (#ГОРНИТУР$ -> #ГАРНИТУР$) = -14.78464640671379
correctionProbability (#ХАММАЛИ$ -> #ХАМАЛИ$) = -20.97871861890265
correctionProbability (#LOSLES$ -> #LOSSLESS$) = -87.69277320986002
correctionProbability (#МНОГОПРОФИЛЬНВЙ$ -> #МНОГОПРОФИЛЬНЫЙ$) = -25.18113143997541
correctionProbability (#ЗДАВАЙСЯ$ -> #СДАВАЙСЯ$) = -16.18222632879003
correctionProbability (#МЕРСЕДС$ -> #МЕРСЕДЕС$) = -11.39160703373556
correctionProbability (#ИСЛЕДОВАЛ$ -> #ИССЛЕДОВАЛ$) = -26.39648379152397
correctionProbability (#КОРОЛЕВИ$ -> #КОРОЛЕВЫ$) = -15.369834964214917
correctionProbability (#ПРЕОБРЕТЕНИЕ$ -> #ПРИОБРЕТЕНИЕ$) = -21.192442138980446
correctionProbability (#ЗОМБМ$ -> #ЗОМБИ$) = -8.187926183190221
correctionProbability (#ОРРЕН$ -> #ТОРРЕНТ$) = -73.3862438023944
correctionProbability (#БРОЕТ$ -> #БРЕЕТ$) = -17.9600342997685
correctionProbability (#СТОНКА$ -> #СТАНКА$) = -14.340290613481951
correctionProbability (#ПЕРЕСЕКАЮТЬСЯ$ -> #ПЕРЕСЕКАЮТСЯ$) = -24.255077898389473
correctionProbability (#РУСАКОВО$ -> #РУСАКОВА$) = -21.359621259182795
correctionProbability (#ВАЛКОВ$ -> #ВОЛКОВ$) = -12.667590810066901
correctionProbability (#ПРИГАТОВИТЬ$ -> #ПРИГОТОВИТЬ$) = -12.318278366955354
correctionProbability (#ААКОЕ$ -> #КАКОЕ$) = -8.53897436814017
correctionProbability (#ПООИСХОДИТ$ -> #ПРОИСХОДИТ$) = -15.854955390594341
correctionProbability (#МУЛЬТВИЛЬМЫ$ -> #МУЛЬТФИЛЬМЫ$) = -11.306709374358064
correctionProbability (#РАРАБОТКИ$ -> #РАЗРАБОТКИ$) = -17.934011794210413
correctionProbability (#ТИПЕРЬ$ -> #ТЕПЕРЬ$) = -13.24391948036698
correctionProbability (#АЛОИ$ -> #АЛОЭ$) = -11.784208511016278
correctionProbability (#ХИМИЕ$ -> #ХИМИИ$) = -10.286143092946606
correctionProbability (#ВИДЯО$ -> #ВИДЕО$) = -1.7489859487625097
correctionProbability (#ПОЛИОКСИДОНИЯ$ -> #ПОЛИОКСИДОНИЙ$) = -22.84942874179709
correctionProbability (#ИНГОЛЯЦИЯ$ -> #ИНГАЛЯЦИЯ$) = -21.30630735967962
correctionProbability (#ПРАСТИТУТКИ$ -> #ПРОСТИТУТКИ$) = -14.265800154918296
correctionProbability (#SMOLL$ -> #SMALL$) = -13.496491444980027
correctionProbability (#ЗОМБІ$ -> #ЗОМБИ$) = -8.172146269032563
correctionProbability (#ДЕЛТЫЕ$ -> #ЖЕЛТЫЕ$) = -12.816503999087278
correctionProbability (#ДРСКИ$ -> #ДОСКИ$) = -11.632407716332782
correctionProbability (#СИУШИ$ -> #СУШИ$) = -9.715944497543912
correctionProbability (#УССКОЕ$ -> #РУССКОЕ$) = -7.974369533666362
correctionProbability (#КАУО$ -> #КАЙО$) = -17.364039882128484
correctionProbability (#ПДАН$ -> #ПЛАН$) = -6.579611337339859
correctionProbability (#XLLTIME$ -> #ALLTIME$) = -19.53687214868198
correctionProbability (#ВЕРНЕЙ$ -> #ВЕРХНЕЙ$) = -14.939672572890984
correctionProbability (#MASINKI$ -> #MASHINKI$) = -20.11394557889811
correctionProbability (#СММС$ -> #СМС$) = -11.190692799704113
correctionProbability (#ЭСПЕРТ$ -> #ЭКСПЕРТ$) = -13.879993769285761
correctionProbability (#РЕБЕНОЧЕК$ -> #РЕБЕНОК$) = -80.07273122040225
correctionProbability (#ДОСТОСТОПРИМЕЧАТЕЛЬНОСТИ$ -> #ДОСТОПРИМЕЧАТЕЛЬНОСТИ$) = -161.91365612693704
correctionProbability (#ЖЕНЬЩЕНАМИ$ -> #ЖЕНЩИНАМИ$) = -82.43693965419199
correctionProbability (#СТРАНИЦАК$ -> #СТРАНИЦА$) = -9.895631675176908
correctionProbability (#АЛЕГРОВУ$ -> #АЛЛЕГРОВУ$) = -24.834036558529803
correctionProbability (#ГУАДОЛЕСТА$ -> #ГУАДАЛЕСТ$) = -102.01088829625897
correctionProbability (#ХОЛЕДОХОЛЕТИАЗ$ -> #ХОЛЕДОХОЛИТИАЗ$) = -30.701792288197453
correctionProbability (#ПРОФЕСИОНАЛЬНАЯ$ -> #ПРОФЕССИОНАЛЬНАЯ$) = -23.18014255775126
correctionProbability (#ЖЕВТЬ$ -> #ЖЕВАТЬ$) = -21.026012881961254
correctionProbability (#ЗАРАБАТНАЯ$ -> #ЗАРАБОТНАЯ$) = -18.615222202881746
correctionProbability (#СМАТРИТ$ -> #СМОТРЕТЬ$) = -132.31077521481126
correctionProbability (#УВАРТИР$ -> #КВАРТИР$) = -9.365772450594605
correctionProbability (#УЩИ$ -> #УЗИ$) = -7.8210154776683325
correctionProbability (#ВКУСТНО$ -> #ВКУСНО$) = -12.988019200228141
correctionProbability (#ПРАСТИТУТКУ$ -> #ПРОСТИТУТКУ$) = -20.07882307176704
correctionProbability (#PHAZER$ -> #PHASER$) = -17.546190865065643
correctionProbability (#ГТБДД$ -> #ГИБДД$) = -8.476654258209965
correctionProbability (#АОРНР$ -> #ПОРНР$) = -15.024158900516685
correctionProbability (#АЗЕАТОК$ -> #АЗИАТОК$) = -17.553448886871244
correctionProbability (#СОВЕСТ$ -> #СОВЕСТЬ$) = -12.37815931983404
correctionProbability (#БРОЗЕР$ -> #БРАЗЕР$) = -18.262558218603413
correctionProbability (#ПРИНСИРЕ$ -> #ПРИНЦИПЕ$) = -87.13784933974094
correctionProbability (#МЕВЕРИК$ -> #МЭВЕРИК$) = -22.08000778698493
correctionProbability (#ПЕЛОНЕФРИТ$ -> #ПИЕЛОНЕФРИТ$) = -21.574624392214616
correctionProbability (#ТМИТАТОРЫ$ -> #ИМИТАТОРЫ$) = -25.5890271690092
correctionProbability (#ДЕСПАНСЕР$ -> #ДИСПАНСЕР$) = -15.930259441129337
correctionProbability (#КАТЧ$ -> #КАТЯ$) = -7.118151946556775
correctionProbability (#ОСМК$ -> #ОМСК$) = -74.12971476992676
correctionProbability (#КОАЕЙКАМИ$ -> #КОПЕЙКАМИ$) = -24.5860924718866
correctionProbability (#ХАЛОВА$ -> #ХАЛВА$) = -14.17195089430125
correctionProbability (#ПЛАВЛЕНЫХ$ -> #ПЛАВЛЕННЫХ$) = -23.273179149234615
correctionProbability (#ЗАПИКАНКУ$ -> #ЗАПЕКАНКУ$) = -20.437913528272674
correctionProbability (#ЗАДАНИ$ -> #ЗАДАНИЯ$) = -10.775566236445272
correctionProbability (#АЛКИНОВ$ -> #АЛКЕНОВ$) = -19.692535719770127
correctionProbability (#ВАСТАП$ -> #ВАТСАП$) = -76.33969132139254
correctionProbability (#MISTITELI$ -> #MSTITELI$) = -24.28654555866772
correctionProbability (#RUTRECKER$ -> #RUTRACKER$) = -18.239079053280285
correctionProbability (#МАЕРА$ -> #МАЙОРА$) = -74.83043005980684
correctionProbability (#ЗАННЯТЯ$ -> #ЗАНЯТТЯ$) = -85.626274298569
correctionProbability (#КАТЫ$ -> #КАРТЫ$) = -6.542523774135422
correctionProbability (#НОВИКИ$ -> #НОВИНКИ$) = -7.887082173337504
correctionProbability (#УЫА$ -> #УФА$) = -6.106232012405677
correctionProbability (#БЕРБАНК$ -> #СБЕРБАНК$) = -6.538585510090044
correctionProbability (#ОНОВЛЕНИЯ$ -> #ОБНОВЛЕНИЯ$) = -17.781614226991692
correctionProbability (#ПОЛТЬО$ -> #ПАЛЬТО$) = -142.2346487105767
correctionProbability (#АНАСТАЦИЯ$ -> #АНАСТАСИЯ$) = -11.18849879088176
correctionProbability (#СEL$ -> #EL$) = -11.676053679364745
correctionProbability (#ПРЕНОДЛЕЖНОСТИ$ -> #ПРИНАДЛЕЖНОСТИ$) = -86.45409266005659
correctionProbability (#МИРОВЫЙ$ -> #МИРОВЫЕ$) = -13.89171570642823
correctionProbability (#ИТАТЬ$ -> #ЧИТАТЬ$) = -7.7535728805159785
correctionProbability (#СТАНБУЛ$ -> #СТАМБУЛ$) = -12.46831317056401
correctionProbability (#FOTTO$ -> #FOTO$) = -13.086972577607522
correctionProbability (#СБЕБРАНК$ -> #СБЕРБАНК$) = -73.84526044056466
correctionProbability (#КОМПРЕСОРНОЕ$ -> #КОМПРЕССОРНОЕ$) = -27.055395526156943
correctionProbability (#СТРАНИЦАШ$ -> #СТРАНИЦА$) = -9.93861148890565
correctionProbability (#ОЛИВКОЕ$ -> #ОЛИВКОВОЕ$) = -84.78789746108733
correctionProbability (#БЕЛУЧЧТ$ -> #БЕЛУЧЧИ$) = -15.513465654310806
correctionProbability (#GSY$ -> #GAY$) = -8.218183316924634
correctionProbability (#ДИТРИЙ$ -> #ДМИТРИЙ$) = -10.557557439284146
correctionProbability (#АСПІРАТОР$ -> #АСПИРАТОР$) = -21.448408518653586
correctionProbability (#НУРМАНСКИЙ$ -> #НУРМИНСКИЙ$) = -17.773894110307737
correctionProbability (#АЛЮБИЛАСЬ$ -> #ВЛЮБИЛАСЬ$) = -19.258037423684506
correctionProbability (#ОТСИТСЯ$ -> #ОТНОСИТСЯ$) = -80.52479375978272
correctionProbability (#НРБАНК$ -> #НУРБАНК$) = -20.902353588508724
correctionProbability (#ПОДШЫБНИК$ -> #ПОДШИПНИК$) = -77.10096179849549
correctionProbability (#АРИГИНАЛ$ -> #ОРИГИНАЛ$) = -13.387471250865708
correctionProbability (#ОПАЗДАТЬ$ -> #ОПОЗДАТЬ$) = -23.08099646175433
correctionProbability (#МЕЛИТАПОЛ$ -> #МЕЛИТОПОЛЬ$) = -83.69386845609986
correctionProbability (#ФИНАНАНС$ -> #ФИНАНС$) = -84.25658776401781
correctionProbability (#НЕНАВИДЕТ$ -> #НЕНАВИДИТ$) = -22.526464324274905
correctionProbability (#ОБОГРВАТЕЛЕМ$ -> #ОБОГРЕВАТЕЛЕМ$) = -30.14470898454151
correctionProbability (#УПЕРТЫ$ -> #УПЕРТЫЙ$) = -27.291549238989063
correctionProbability (#ДИПРЕЛИФ$ -> #ДИПРИЛИФ$) = -23.23110288145528
correctionProbability (#ONINE$ -> #ONLINE$) = -8.802772599638605
correctionProbability (#ЭВАЛЕНА$ -> #ЕВАЛЕНА$) = -25.43789630634886
correctionProbability (#ТАКЧИ$ -> #ТАКСИ$) = -6.331667151439799
correctionProbability (#ЧАСИНОЕ$ -> #ЧАСТНОЕ$) = -11.396947908563035
correctionProbability (#ПОТОЛОГИЧЕСКАЯ$ -> #ПАТОЛОГИЧЕСКАЯ$) = -27.92752427384859
correctionProbability (#ХАЛЫКАРАЛЫК$ -> #ХАЛЫҚАРАЛЫҚ$) = -87.8046664345776
correctionProbability (#СОВЕТИ$ -> #СОВЕТЫ$) = -11.325082225960383
correctionProbability (#YUTBE$ -> #YOUTUBE$) = -72.3323848339379
correctionProbability (#ВИБ$ -> #ВЕБ$) = -5.730009504937296
correctionProbability (#МЕРСЕДЕ$ -> #МЕРСЕДЕС$) = -11.341426116553556
correctionProbability (#МАЖЁР$ -> #МАЖОР$) = -10.347711423097781
correctionProbability (#РАЗРЕШОН$ -> #РАЗРЕШЕН$) = -20.829647149945224
correctionProbability (#POROHUB$ -> #PORNOHUB$) = -16.049662868253463
correctionProbability (#ХАРЧОВИКА$ -> #ХАРЧОВА$) = -93.20788648582594
correctionProbability (#СПЯТЬ$ -> #СПЯТ$) = -15.76025540508996
correctionProbability (#FIKBOOK$ -> #FICBOOK$) = -19.65302231125166
correctionProbability (#КОМПИТЕНЦИЯ$ -> #КОМПЕТЕНЦИЯ$) = -22.726533119053855
correctionProbability (#ОПИСАИЕ$ -> #ОПИСАНИЕ$) = -10.599767354148327
correctionProbability (#БЕЗДРОЖЖЕГОГО$ -> #БЕЗДРОЖЖЕВОГО$) = -24.949834099439997
correctionProbability (#MORJJA$ -> #MORJA$) = -33.985533187296056
correctionProbability (#ЗОМБЫ$ -> #ЗОМБИ$) = -8.182423264992991
correctionProbability (#АЛЕГРОВА$ -> #АЛЛЕГРОВА$) = -16.784806830310906
correctionProbability (#СБЕРЬАНКА$ -> #СБЕРБАНКА$) = -12.598924222472327
correctionProbability (#МЕТЕМАТИКА$ -> #МАТЕМАТИКА$) = -11.41602147661704
correctionProbability (#АРИСЛАНЕ$ -> #АРСЛАНЕ$) = -21.307946739596233
correctionProbability (#ПОДПИСЧЕКОВ$ -> #ПОДПИСЧИКОВ$) = -18.748732486014376
correctionProbability (#ПОВИСИТЬ$ -> #ПОВЫСИТЬ$) = -14.998413003023366
correctionProbability (#НЭТПРИНТ$ -> #НЕТПРИНТ$) = -18.156526952902162
correctionProbability (#ЛЕЗВИЯНКИ$ -> #ЛЕСБИЯНКИ$) = -78.76402936365712
correctionProbability (#ЦИФРОВА$ -> #ЦИФРОВАЯ$) = -16.594303235294625
correctionProbability (#МГАЗИН$ -> #МАГАЗИН$) = -5.646993316907553
correctionProbability (#КАСЫ$ -> #КАССЫ$) = -12.49228191562695
correctionProbability (#КРНКУРС$ -> #КОНКУРС$) = -10.955185132919809
correctionProbability (#ТРАВМОТОЛОГИЧЕСКИЙ$ -> #ТРАВМАТОЛОГИЧЕСКИЙ$) = -35.43276552692908
correctionProbability (#ДЕКЛАРАЦ$ -> #ДЕКЛАРАЦИИ$) = -82.20986240521603
correctionProbability (#РАЗБЛАКИРОВКИ$ -> #РАЗБЛОКИРОВКИ$) = -25.31332258415381
correctionProbability (#ВОВЛЛАЖНУЮКИСКУ$ -> #ВОВЛАЖНУЮКИСКУ$) = -42.33343590195042
correctionProbability (#АМИАК$ -> #АММИАК$) = -19.04209414488584
correctionProbability (#KMAZ$ -> #KAMAZ$) = -19.391259460968275
correctionProbability (#МЭЙТЛАНД$ -> #МЕЙТЛЕНД$) = -81.84218036601415
correctionProbability (#АНДРОТД$ -> #АНДРОИД$) = -9.13391901780664
correctionProbability (#РАДИЛСЯ$ -> #РОДИЛСЯ$) = -14.12723395237066
correctionProbability (#ХЭШТЭГИ$ -> #ХЭШТЕГИ$) = -20.411824546166926
correctionProbability (#КОНФЕРЕНС$ -> #КОНФЕРЕНЦ$) = -20.33163487727385
correctionProbability (#ХЮСТОН$ -> #ХЬЮСТОН$) = -16.932015901868404
correctionProbability (#САРОЙАНДА$ -> #САРАЙЫНДА$) = -99.4633594222691
correctionProbability (#ВАРФЕЦС$ -> #ВАРФЕЙС$) = -10.400188258681531
correctionProbability (#ОСЕНЕГО$ -> #ОСЕННЕГО$) = -15.334633300395701
correctionProbability (#ФЕЙМБУК$ -> #ФЕЙСБУК$) = -7.051829273857827
correctionProbability (#КРСИВЫЙ$ -> #КРАСИВЫЙ$) = -11.58245433576888
correctionProbability (#HUKUMI$ -> #HUKUM$) = -24.64641430833602
correctionProbability (#АЭРОМПРТ$ -> #АЭРОПОРТ$) = -78.68796400354958
correctionProbability (#РЕДТББ$ -> #РЕДТЮБ$) = -18.87331462317623
correctionProbability (#РЕБЕНО$ -> #РЕБЕНОК$) = -10.856070977589837
correctionProbability (#ЭКСТРАСЕНСО$ -> #ЭКСТРАСЕНСОВ$) = -15.048182112074862
correctionProbability (#YHE$ -> #THE$) = -2.2052525939270105
correctionProbability (#СКАЯЧАТЬ$ -> #СКАЧАТЬ$) = -5.036794907371947
correctionProbability (#КОШАЛОТ$ -> #КАШАЛОТ$) = -15.18047030079876
correctionProbability (#ТЕЛЕПРГРАМА$ -> #ТЕЛЕПРОГРАММА$) = -81.89380283638458
correctionProbability (#КРСИВЫЕ$ -> #КРАСИВЫЕ$) = -7.996035997677964
correctionProbability (#КАНС$ -> #КАНСК$) = -14.61503222227103
correctionProbability (#ПАССАД$ -> #ПОСАД$) = -78.74848847269655
correctionProbability (#РЕБЕНК$ -> #РЕБЕНКА$) = -8.805061396674503
correctionProbability (#КАКЛЬКУЛЯТОР$ -> #КАЛЬКУЛЯТОР$) = -14.681973161227575
correctionProbability (#MVIDIO$ -> #MVIDEO$) = -12.99533287532169
correctionProbability (#ЧАСНИЕ$ -> #ЧАСТНЫЕ$) = -77.36440717215241
correctionProbability (#УГАЛ$ -> #УГОЛ$) = -10.034617128556146
correctionProbability (#СЦЕНРИЙ$ -> #СЦЕНАРИЙ$) = -12.673150489224042
correctionProbability (#КРОСИВАЯ$ -> #КРАСИВАЯ$) = -10.761597870655244
correctionProbability (#ИРИДИСЦЕНТЕАЯ$ -> #ИРИДИСЦЕНТНАЯ$) = -38.775277576988856
correctionProbability (#КАСЕТНЫЙ$ -> #КАССЕТНЫЙ$) = -20.709521542747304
correctionProbability (#ДЕВЫТЬСЯ$ -> #ОДЕВАТЬСЯ$) = -84.65119113027735
correctionProbability (#GTZ$ -> #GTX$) = -11.249621506463843
correctionProbability (#ВАКЗАЛ$ -> #ВОКЗАЛ$) = -11.232564815482807
correctionProbability (#TOLSTUSKI$ -> #TOLSTUSHKI$) = -27.00024584291569
correctionProbability (#МАМТЕР$ -> #МАСТЕР$) = -8.060160285410358
correctionProbability (#АКТОРЫ$ -> #АКТЕРЫ$) = -8.881290704695868
correctionProbability (#НЕФТЯННЫХ$ -> #НЕФТЯНЫХ$) = -22.785622527225662
correctionProbability (#КАРАМБИТ$ -> #КЕРАМБИТ$) = -16.828503581787295
correctionProbability (#ПОМЕЛА$ -> #ПАМЕЛА$) = -16.072562991910598
correctionProbability (#КЕМРІ$ -> #КАМРИ$) = -76.51122757798012
correctionProbability (#СКIЛЬКИ$ -> #СКІЛЬКИ$) = -15.710032990129903
correctionProbability (#НЭЙБОР$ -> #НЕЙБОР$) = -19.31851029661033
correctionProbability (#МАЕМО$ -> #МАЄМО$) = -23.301540804133637
correctionProbability (#СИРЕНЕВИТ$ -> #СИРЕНЕВЫЙ$) = -82.99764999990954
correctionProbability (#ОТКОЫТКИ$ -> #ОТКРЫТКИ$) = -8.998796677093559
correctionProbability (#ЗНАКОСМСТВА$ -> #ЗНАКОМСТВА$) = -13.25786718203043
correctionProbability (#БПНК$ -> #БАНК$) = -4.285762959430283
correctionProbability (#АЛКЕСАНДР$ -> #АЛЕКСАНДР$) = -78.04198122681184
correctionProbability (#РАССТВОР$ -> #РАСТВОР$) = -16.085855615341657
correctionProbability (#ПОГЛЯДЕЛ$ -> #ПОДГЛЯДЕЛ$) = -21.458743869580154
correctionProbability (#ИНОСТ$ -> #ИНОСТР$) = -23.948551275702926
correctionProbability (#РЕБЕНА$ -> #РЕБЕНКА$) = -8.784107161354122
correctionProbability (#ЗЯВЛЕНИЯ$ -> #ЗАЯВЛЕНИЯ$) = -14.879137450658568
correctionProbability (#ПРИЗНАЧЕНЯ$ -> #ПРИЗНАЧЕННЯ$) = -23.439621173664804
correctionProbability (#ПОЧЕМУУ$ -> #ПОЧЕМУ$) = -9.181588079421036
correctionProbability (#ТРМП$ -> #ТРАМП$) = -13.643851448632983
correctionProbability (#ТРАНИЦА$ -> #СТРАНИЦА$) = -7.934247013163031
correctionProbability (#YGQ$ -> #YJQ$) = -20.03235642545982
correctionProbability (#РЕМРНТ$ -> #РЕМОНТ$) = -5.0832978251160235
correctionProbability (#СНОНИМ$ -> #СИНОНИМ$) = -13.26276774964149
correctionProbability (#НОТЕЛС$ -> #ХОТЕЛС$) = -19.583217023102645
correctionProbability (#ЛЕЙКОЦИТИ$ -> #ЛЕЙКОЦИТЫ$) = -17.783933160186535
correctionProbability (#ВОРОТИНЫ$ -> #ВОРОНИНЫ$) = -13.502036116227096
correctionProbability (#ТЫТУБ$ -> #ЮТУБ$) = -67.47304940802324
correctionProbability (#ОБЯЗАНОСТЬ$ -> #ОБЯЗАННОСТЬ$) = -22.24036268247891
correctionProbability (#WEBMANEY$ -> #WEBMONEY$) = -17.973318240906238
correctionProbability (#HAPY$ -> #HAPPY$) = -12.179854776677967
correctionProbability (#ИМИРАТЫ$ -> #ЭМИРАТЫ$) = -15.622510460959269
correctionProbability (#ИНДИВИ$ -> #ИНДИВИД$) = -19.965864594165794
correctionProbability (#БЕСЦЕЛЕР$ -> #БЕСТСЕЛЛЕР$) = -151.21645687454028
correctionProbability (#MICRASOFT$ -> #MICROSOFT$) = -14.467869791260718
correctionProbability (#A390L$ -> #A390$) = -27.321620554977258
correctionProbability (#ПОТОЛОГИИ$ -> #ПАТОЛОГИИ$) = -20.25221023689064
correctionProbability (#АНЛОСИПЕДНЫЕ$ -> #ВЕЛОСИПЕДНЫЕ$) = -88.66320812822082
correctionProbability (#КАМУ$ -> #КОМУ$) = -9.704246797264165
correctionProbability (#УМЕРЩЕГО$ -> #УМЕРШЕГО$) = -17.178899058419454
correctionProbability (#HUINDAI$ -> #HYUNDAI$) = -79.90095978462354
correctionProbability (#СОВРИМЕННЫЕ$ -> #СОВРЕМЕННЫЕ$) = -15.152076512290748
correctionProbability (#БАЛЛОННЫЙ$ -> #БАЛОННЫЙ$) = -24.85244251286761
correctionProbability (#ОБОНЕНТА$ -> #АБОНЕНТА$) = -17.2438515807141
correctionProbability (#БАРЬИ$ -> #БАРБИ$) = -8.732313784728984
correctionProbability (#БОРУТР$ -> #БОРУТО$) = -12.87020339151572
correctionProbability (#ГРУЗОПОДЬЕМНОСТЬ$ -> #ГРУЗОПОДЪЕМНОСТЬ$) = -28.46457186855706
correctionProbability (#МИШЫ$ -> #МИШИ$) = -17.388215796666916
correctionProbability (#МАЕНА$ -> #МАЙНА$) = -15.83946423312192
correctionProbability (#ОТЖЫХ$ -> #ОТДЫХ$) = -7.252664205772799
correctionProbability (#МИШЬ$ -> #МЫШЬ$) = -9.78880854692115
correctionProbability (#МИШЦ$ -> #МЫШЦ$) = -12.095207058129393
correctionProbability (#ЗНАХАР$ -> #ЗНАХАРЬ$) = -10.373011881182265
correctionProbability (#ВАРОТА$ -> #ВОРОТА$) = -10.51384393263967
correctionProbability (#ДЕЦЕМЕТРОВ$ -> #ДЕЦИМЕТРОВ$) = -23.57264413600418
correctionProbability (#ПРЕМЬ$ -> #ПЕРМЬ$) = -75.4668490413377
correctionProbability (#КУРОРТИ$ -> #КУРОРТЫ$) = -14.730368279723209
correctionProbability (#СИФИЛИЗ$ -> #СИФИЛИС$) = -16.44357544964062
correctionProbability (#РОЗУВАСТИН$ -> #РОЗУВАСТАТИН$) = -88.50651969436277
correctionProbability (#ТЕРОКСИН$ -> #ТИРОКСИН$) = -12.015570200330373
correctionProbability (#САМОЗАЧИТЫ$ -> #САМОЗАЩИТЫ$) = -22.2789249796015
correctionProbability (#НЕДЕРЛАНДАХ$ -> #НИДЕРЛАНДАХ$) = -22.42811844606748
correctionProbability (#КАРЬНО$ -> #КАРИНА$) = -77.05869247113749
correctionProbability (#АБСЕРВАТОРИЯ$ -> #ОБСЕРВАТОРИЯ$) = -23.496916591723753
correctionProbability (#МОРОКЕО$ -> #МАРОККО$) = -80.22144592000903
correctionProbability (#УЭЕ$ -> #УЖЕ$) = -7.5044866285168474
correctionProbability (#РЕБЕОК$ -> #РЕБЕНОК$) = -10.826801184079763
correctionProbability (#ГОДОВЩИОНУ$ -> #ГОДОВЩИНУ$) = -20.772109696212958
correctionProbability (#ЧЕРВЕЧКИ$ -> #ЧЕРВЯЧКИ$) = -17.03165440191436
correctionProbability (#КВАПТИР$ -> #КВАРТИР$) = -9.372018597903946
correctionProbability (#УХАДИВАТЬ$ -> #УХАЖИВАТЬ$) = -15.494102210965188
correctionProbability (#ANDEKS$ -> #YANDEX$) = -142.21929211650516
correctionProbability (#НОВОКУЩЗНЕЦКЕ$ -> #НОВОКУЗНЕЦКЕ$) = -21.01334642756023
correctionProbability (#СМЕР$ -> #СМЕРТИ$) = -75.33198566724661
correctionProbability (#ЗДЕЛАНО$ -> #СДЕЛАНО$) = -15.374483101661184
correctionProbability (#КОНТКТЕ$ -> #КОНТАКТЕ$) = -7.780607568596885
correctionProbability (#ТАБОЛЬСК$ -> #ТОБОЛЬСК$) = -15.380665009280605
correctionProbability (#VTRAHEM$ -> #VTRAHEME$) = -23.482412512419124
correctionProbability (#ВАДСАБ$ -> #ВАТСАП$) = -73.30678574187625
correctionProbability (#ПЕРЕЙДЕТЕ$ -> #ПЕРЕЙДИТЕ$) = -23.511101313023126
correctionProbability (#ЗЕМЛ$ -> #ЗЕМЛИ$) = -9.915798666442566
correctionProbability (#ДЛИННА$ -> #ДЛИНА$) = -13.829510787271804
correctionProbability (#ВАЛЛЕТ$ -> #ВАЛЕТ$) = -19.88902608340638
correctionProbability (#ИНФИТРО$ -> #ИНВИТРО$) = -13.299917918518638
correctionProbability (#САНДВИЧ$ -> #СЭНДВИЧ$) = -13.48016532596651
correctionProbability (#РАОТА$ -> #РАБОТА$) = -5.549993858898873
correctionProbability (#ДРЧЕРИ$ -> #ДОЧЕРИ$) = -11.248908451560663
correctionProbability (#РОСТЛОТО$ -> #ГОСЛОТО$) = -79.61980042816423
correctionProbability (#КАЛЫ$ -> #КАЛЛЫ$) = -16.65793189130054
correctionProbability (#DEVUCHKI$ -> #DEVUSHKI$) = -18.983608703582945
correctionProbability (#ПАДАРОК$ -> #ПОДАРОК$) = -10.430136346355894
correctionProbability (#ИМИГРАЦИЯ$ -> #ИММИГРАЦИЯ$) = -23.340076196838105
correctionProbability (#МУДЬЧА$ -> #МУЛЬЧА$) = -20.067075622389925
correctionProbability (#РАСПИСАН$ -> #РАСПИСАНИЕ$) = -75.57297973657651
correctionProbability (#OLIN$ -> #OLLIN$) = -18.689089076825898
correctionProbability (#TOUN$ -> #TOWN$) = -12.51562525064563
correctionProbability (#ПЕРПЕКТ$ -> #ПЕРФЕКТ$) = -15.833524291014996
correctionProbability (#МЛСКВЕ$ -> #МОСКВЕ$) = -4.0977686993253535
correctionProbability (#РАСТАВЛЯЯ$ -> #РАССТАВЛЯЯ$) = -23.72371533857993
correctionProbability (#ЗЕМЕ$ -> #ЗИМЕ$) = -11.253052228428547
correctionProbability (#СУБАОУ$ -> #СУБАРУ$) = -12.634238412026047
correctionProbability (#СВИТИЛЬНИКИ$ -> #СВЕТИЛЬНИКИ$) = -15.87622275450903
correctionProbability (#ВАРГЕЙМИН$ -> #ВАРГЕЙМИНГ$) = -19.969168772217614
correctionProbability (#ОАСПИСАНИЕ$ -> #РАСПИСАНИЕ$) = -9.665241599650763
correctionProbability (#ИТАЛЯ$ -> #ИТАЛИЯ$) = -11.351627775894496
correctionProbability (#ЛЕУРА$ -> #ЛЕРУА$) = -76.03373136018804
correctionProbability (#ПРЕМЕ$ -> #ПРИЕМЕ$) = -13.173814278471202
correctionProbability (#КАЛС$ -> #КЛАСС$) = -67.76496756971653
correctionProbability (#ВАССАБИ$ -> #ВАСАБИ$) = -18.113298008723692
correctionProbability (#ГОСИНИЦА$ -> #ГОСТИНИЦА$) = -13.714227973682519
correctionProbability (#ЗЯВЛЕНИЕ$ -> #ЗАЯВЛЕНИЕ$) = -13.114263046167743
correctionProbability (#ТУРЕКИЕ$ -> #ТУРЕЦКИЕ$) = -13.083325489344922
correctionProbability (#КРИТТИКЕ$ -> #КРИТИКЕ$) = -24.917814650403372
correctionProbability (#МИНКРАВТ$ -> #МАЙНКРАФТ$) = -138.042693991547
correctionProbability (#EXCE$ -> #EXCEL$) = -12.214663484807023
correctionProbability (#НАОИТСЯ$ -> #НАХОДИТСЯ$) = -77.99911027293712
correctionProbability (#РЕБЕНУ$ -> #РЕБЕНКУ$) = -11.908808179824248
correctionProbability (#НЮДОВИЙ$ -> #НЮДОВЫЙ$) = -18.207517749146575
correctionProbability (#ШАНЕШКИ$ -> #ШАНЕЖКИ$) = -22.61886854452498
correctionProbability (#ТКСТЫ$ -> #ТЕСТЫ$) = -9.10047119907006
correctionProbability (#ПГРОТЕХНИКА$ -> #АГРОТЕХНИКА$) = -23.762472980107532
correctionProbability (#РАОТЕ$ -> #РАБОТЕ$) = -10.61505145398458
correctionProbability (#TEAMWIWER$ -> #TEAMVIEWER$) = -83.46551335257058
correctionProbability (#ЧЕМППИОНАТ$ -> #ЧЕМПИОНАТ$) = -13.801807802987447
correctionProbability (#СУБТИТТРАМИ$ -> #СУБТИТРАМИ$) = -18.190443128902167
correctionProbability (#ФЕРОЛИ$ -> #ФЕРРОЛИ$) = -22.64945743953858
correctionProbability (#RINGIT$ -> #RINGGIT$) = -33.720555897054865
correctionProbability (#SERVISES$ -> #SERVICES$) = -18.047598166969642
correctionProbability (#ПРАДАЖ$ -> #ПРОДАЖА$) = -72.76519533175436
correctionProbability (#АНЖИЛИКА$ -> #АНЖЕЛИКА$) = -14.274243227319957
correctionProbability (#ВЯЧ5СЛАВ$ -> #ВЯЧЕСЛАВ$) = -13.561935960425437
correctionProbability (#КАРИЦЕЙ$ -> #КОРИЦЕЙ$) = -17.323582989522322
correctionProbability (#SOCCERE$ -> #SOCCER$) = -13.883901740901525
correctionProbability (#МИНСТЕРСТВО$ -> #МИНИСТЕРСТВО$) = -16.771123805245153
correctionProbability (#ПОСТВПАЕТ$ -> #ПОСТУПАЕТ$) = -19.999118569787257
correctionProbability (#ТОВАРИША$ -> #ТОВАРИЩА$) = -18.45032109460073
correctionProbability (#МОЛКА$ -> #МОЛОКА$) = -13.125243197886132
correctionProbability (#ИСТОРИЧНИ$ -> #ІСТОРИЧНІ$) = -86.40319189262452
correctionProbability (#ЧАККИ$ -> #ЧАКИ$) = -15.933816918884862
correctionProbability (#ДЖИМЕИЛ$ -> #ДЖИМЕЙЛ$) = -14.968080112682927
correctionProbability (#ПОНАЙОТОВ$ -> #ПАНАЙОТОВ$) = -19.063975648403805
correctionProbability (#ХИЩЬНИК$ -> #ХИЩНИК$) = -14.822982291067067
correctionProbability (#ЕЛЕГРАМ$ -> #ТЕЛЕГРАММ$) = -80.30741581347127
correctionProbability (#MILLINAIRE$ -> #MILLENAIRE$) = -24.547128700609456
correctionProbability (#VIZUAL$ -> #VISUAL$) = -14.089138158721692
correctionProbability (#ПРЯМОУГОЛНИКА$ -> #ПРЯМОУГОЛЬНИКА$) = -22.378782427946803
correctionProbability (#СИНОПТИКО$ -> #СИНОПТИК$) = -13.747675863734464
correctionProbability (#ОБЬЯСНЕНИЙ$ -> #ОБЪЯСНЕНИЙ$) = -25.193072319213755
correctionProbability (#АДНОКЛАСНИКИ$ -> #ОДНОКЛАССНИКИ$) = -76.43760741863653
correctionProbability (#ПРИОБРИТЕНИЯ$ -> #ПРИОБРЕТЕНИЯ$) = -23.55244235066442
correctionProbability (#ПИДАЛЬ$ -> #ПЕДАЛЬ$) = -15.607091088116864
correctionProbability (#РАОТЫ$ -> #РАБОТЫ$) = -7.433067650525697
correctionProbability (#ДЕВУШЫК$ -> #ДЕВУШЕК$) = -9.380306527656614
correctionProbability (#ХБАРОВСК$ -> #ХАБАРОВСК$) = -12.188618032284033
correctionProbability (#ФОТОШО$ -> #ФОТОШОП$) = -12.895554978451429
correctionProbability (#ВЛО$ -> #ВО$) = -7.09287304705089
correctionProbability (#КОМПАНЬЕН$ -> #КОМПАНЬОН$) = -22.211183759596942
correctionProbability (#ПОСТИТАТЬ$ -> #ПОСЧИТАТЬ$) = -15.680431747325386
correctionProbability (#КАПЛ$ -> #КАПЛИ$) = -10.20001931907213
correctionProbability (#МОЛОКОСС$ -> #МОЛОКОСОС$) = -15.275253800707596
correctionProbability (#ПАЛОСКИ$ -> #ПОЛОСКИ$) = -14.88133253639252
correctionProbability (#СОБИСЕДОВАНИЕ$ -> #СОБЕСЕДОВАНИЕ$) = -21.55616963244225
correctionProbability (#ВЕЩЕСТВП$ -> #ВЕЩЕСТВА$) = -14.66053246548671
correctionProbability (#КУБРИЦА$ -> #КУРИЦА$) = -14.571620532376063
correctionProbability (#ТОЧЬКА$ -> #ТОЧКА$) = -12.210195862180509
correctionProbability (#САЛЬМАНЕЛЕЗ$ -> #САЛЬМОНЕЛЛЕЗ$) = -89.87591280588069
correctionProbability (#WOORD$ -> #WORD$) = -11.857742440141894
correctionProbability (#ТЮМЕНБ$ -> #ТЮМЕНЬ$) = -7.773932099131631
correctionProbability (#АТРАКЦИОН$ -> #АТТРАКЦИОН$) = -22.25819725700088
correctionProbability (#КАЧИСТВЕ$ -> #КАЧЕСТВЕ$) = -6.143033306534257
correctionProbability (#ТЮМЕНА$ -> #ТЮМЕНИ$) = -9.896518060600716
correctionProbability (#АВТОО$ -> #АВТО$) = -6.444712203628679
correctionProbability (#DANSING$ -> #DANCING$) = -16.920442979828657
correctionProbability (#РИНАЙ$ -> #РИННАЙ$) = -19.65173522993049
correctionProbability (#ГОУДИ$ -> #ГРУДИ$) = -9.40124224259765
correctionProbability (#ВАСЕЛИНА$ -> #ВАСИЛИНА$) = -19.857190759966308
correctionProbability (#БРАУЗЕ$ -> #БРАУЗЕР$) = -10.847737943617943
correctionProbability (#СТАРОВА$ -> #СТАРОГО$) = -78.00999258751965
correctionProbability (#КОМПАНЬЕВ$ -> #КОМПАНЬОН$) = -86.99905112850878
correctionProbability (#РЕБЕКУ$ -> #РЕБЕНКУ$) = -11.871698672188387
correctionProbability (#ТАЬЛЕТКИ$ -> #ТАБЛЕТКИ$) = -9.581910384248445
correctionProbability (#КУРРСАВАЯ$ -> #КУРСОВАЯ$) = -81.92220835254687
correctionProbability (#ИЧХОН$ -> #ИНЧХОН$) = -21.51827856420488
correctionProbability (#АТКРИТКА$ -> #ОТКРЫТКА$) = -75.35447162040144
correctionProbability (#ПАИТО$ -> #АВИТО$) = -70.71363106172726
correctionProbability (#ГЛАССНЫЕ$ -> #ГЛАСНЫЕ$) = -16.61860877808165
correctionProbability (#АЛКОЛИЧКА$ -> #АЛКОГОЛИЧКА$) = -82.18899591530476
correctionProbability (#ДЕРЕКС$ -> #ДИРЕКС$) = -19.224001859342042
correctionProbability (#ПЛОТФОРМА$ -> #ПЛАТФОРМА$) = -15.104747295151398
correctionProbability (#МЛСКВЫ$ -> #МОСКВЫ$) = -6.533458597909451
correctionProbability (#ТРЕЩИНКА$ -> #ТРЕЩИНА$) = -19.138104280719887
correctionProbability (#ПРАДАМ$ -> #ПРОДАМ$) = -11.439836801542317
correctionProbability (#СТОРЕНИЕ$ -> #СТРОЕНИЕ$) = -79.5737562999156
correctionProbability (#МИСИОНЕРАМИ$ -> #МИССИОНЕРАМИ$) = -38.1878629753783
correctionProbability (#АДЕЖДУ$ -> #ОДЕЖДУ$) = -11.999568675115864
correctionProbability (#КРЕМНЕВАЯ$ -> #КРЕМНИЕВАЯ$) = -21.980903028927123
correctionProbability (#ПУССЕТЫ$ -> #ПУСЕТЫ$) = -21.322636072578195
correctionProbability (#АВААРИЯ$ -> #АВАТАРИЯ$) = -14.819583203649643
correctionProbability (#ЕКЗЕМА$ -> #ЭКЗЕМА$) = -16.63828575851571
correctionProbability (#НАЦИОНАЛЬНИЙ$ -> #НАЦИОНАЛЬНЫЙ$) = -17.202807966416067
correctionProbability (#ХЬЮС$ -> #ХЬЮЗ$) = -17.36654102483043
correctionProbability (#КРАСНДАР$ -> #КРАСНОДАР$) = -10.447311794616759
correctionProbability (#ЭКАРУС$ -> #ИКАРУС$) = -18.88410052761596
correctionProbability (#ДИСКОВА$ -> #ДИСКОВАЯ$) = -19.44479800899687
correctionProbability (#КСЛОВОДСКА$ -> #КИСЛОВОДСКА$) = -20.860680427934696
correctionProbability (#ЮЕСПЛАТНЫЕ$ -> #БЕСПЛАТНЫЕ$) = -12.378355496758054
correctionProbability (#ХАРАКТЕРЕЗУЮЩИЕ$ -> #ХАРАКТЕРИЗУЮЩИЕ$) = -26.81067926870861
correctionProbability (#ДРБРАТЬСЯ$ -> #ДОБРАТЬСЯ$) = -13.73292800857326
correctionProbability (#ИЛЛИАДА$ -> #ИЛИАДА$) = -23.031521075151474
correctionProbability (#БРАУЕР$ -> #БРАУЗЕР$) = -10.848396210696983
correctionProbability (#АЫСОКИЙ$ -> #ВЫСОКИЙ$) = -13.902506912322167
correctionProbability (#РЕАНА$ -> #РИАННА$) = -82.0726789177714
correctionProbability (#БУКВАРЬІ$ -> #БУКВАРЬ$) = -19.27385819426118
correctionProbability (#ПРОГОРАММА$ -> #ПРОГРАММА$) = -11.093588726646352
correctionProbability (#РЕЦЕПИ$ -> #РЕЦЕПТ$) = -6.224039422446612
correctionProbability (#ЗДЕЛАЛИ$ -> #СДЕЛАЛИ$) = -16.258623189280883
correctionProbability (#ВИДУТ$ -> #ВЕДУТ$) = -12.003675887802597
correctionProbability (#ПРЕКТ$ -> #ПРОЕКТ$) = -8.879902868153916
correctionProbability (#ИНСТАГРААМ$ -> #ИНСТАГРАМ$) = -11.037028182198931
correctionProbability (#ВИДУС$ -> #ВИНДОВС$) = -140.50175982663774
correctionProbability (#СТРАСНЫЕ$ -> #СТРАСТНЫЕ$) = -21.608147707655263
correctionProbability (#ПЛАЧАЩИЙ$ -> #ПЛАЧУЩИЙ$) = -19.666631889680836
correctionProbability (#ТИАНДЭ$ -> #ТИАНДЕ$) = -17.362433312632373
correctionProbability (#ВАЛІДОЛ$ -> #ВАЛИДОЛ$) = -18.688181548100317
correctionProbability (#НИЖНЕВАРТОВС$ -> #НИЖНЕВАРТОВСК$) = -18.986173270363835
correctionProbability (#ДРИНАЖ$ -> #ДРЕНАЖ$) = -17.26546186226825
correctionProbability (#СЮРВАЙВАЛ$ -> #СУРВАЙВАЛ$) = -20.72633659740245
correctionProbability (#МЕРОПРИЯТИ$ -> #МЕРОПРИЯТИЯ$) = -16.926676292510848
correctionProbability (#РЕЦЕПЛ$ -> #РЕЦЕПТ$) = -6.228453322521581
correctionProbability (#САМАУБИЦ$ -> #САМОУБИЙЦ$) = -80.29044408570658
correctionProbability (#БЭНДИНЕТ$ -> #БЭНДИНЭТ$) = -33.88558513344464
correctionProbability (#ЛЕЗГІНКА$ -> #ЛЕЗГИНКА$) = -15.369906981670177
correctionProbability (#ЛЮБЕЙ$ -> #ЛЮДЕЙ$) = -8.27025282927649
correctionProbability (#СТРЕЛЕЦА$ -> #СТРЕЛЬЦА$) = -16.624911766267097
correctionProbability (#СКАДАЛ$ -> #СКАНДАЛ$) = -15.83025464624361
correctionProbability (#GUUGLI$ -> #GOOGLE$) = -135.29635352637146
correctionProbability (#ГЛАССНЫХ$ -> #ГЛАСНЫХ$) = -18.556865073675013
correctionProbability (#AGUILAN$ -> #AQUILON$) = -90.47864347622166
correctionProbability (#СИНФОНИЯ$ -> #СИМФОНИЯ$) = -16.449769892659894
correctionProbability (#РЕЦЕПР$ -> #РЕЦЕПТ$) = -6.2277646297419444
correctionProbability (#ИЗГАТОВИТЬ$ -> #ИЗГОТОВИТЬ$) = -17.4435973002074
correctionProbability (#ЛЕВАНОВ$ -> #ЛИВАНОВ$) = -18.141306898727564
correctionProbability (#ФОТАХХОВА$ -> #ФАТТАХОВА$) = -152.6453107220165
correctionProbability (#КЛАВСС$ -> #КЛАСС$) = -4.95378089486157
correctionProbability (#АЛИЗ$ -> #АНАЛИЗ$) = -70.46559371827001
correctionProbability (#МОЛЛІ$ -> #МОЛЛИ$) = -14.08325202806029
correctionProbability (#ПРКРЫТЬ$ -> #ПОКРЫТЬ$) = -16.93963553982031
correctionProbability (#АДАПТОР$ -> #АДАПТЕР$) = -14.105190456267366
correctionProbability (#1ХBET$ -> #1XBET$) = -9.851623186921277
correctionProbability (#РОЗЦЕНКИ$ -> #РАСЦЕНКИ$) = -80.079435580623
correctionProbability (#ТРНС$ -> #ТРАНС$) = -11.588683173030592
correctionProbability (#БОЛЬИЦУ$ -> #БОЛЬНИЦУ$) = -17.068596459781986
correctionProbability (#МАГАЩИНОВ$ -> #МАГАЗИНОВ$) = -14.5800062598708
correctionProbability (#ПИТУНЬИ$ -> #ПЕТУНИИ$) = -83.44652933995981
correctionProbability (#ЯСНИНЕЦ$ -> #ЯСЕНЕЦ$) = -90.41264136732677
correctionProbability (#ЛОСКАЮТ$ -> #ЛАСКАЮТ$) = -18.27543194233524
correctionProbability (#ФЕТБАЙК$ -> #ФЭТБАЙК$) = -19.57074708978611
correctionProbability (#ХИМОЙ$ -> #ЗИМОЙ$) = -9.449386091366318
correctionProbability (#ПЕРПВОДЧИК$ -> #ПЕРЕВОДЧИК$) = -8.68073563927738
correctionProbability (#ВКНТАКТЕ$ -> #ВКОНТАКТЕ$) = -7.113318883606254
correctionProbability (#ОСЛИННАЯ$ -> #ОСЛИНАЯ$) = -24.057251203235026
correctionProbability (#ПРЕДЕЛЕНИЕ$ -> #ОПРЕДЕЛЕНИЕ$) = -15.947799720750226
correctionProbability (#ПИДАЛИ$ -> #ПЕДАЛИ$) = -15.987848913638654
correctionProbability (#ХОЛДНЫЕ$ -> #ХОЛОДНЫЕ$) = -12.335933830161473
correctionProbability (#ДОЛЬАРА$ -> #ДОЛЛАРА$) = -9.589253209042916
correctionProbability (#СЕЗЛН$ -> #СЕЗОН$) = -2.2244161383076317
correctionProbability (#РЕИСТРАЦИЯ$ -> #РЕГИСТРАЦИЯ$) = -14.496970311971566
correctionProbability (#УРОВЕНТ$ -> #УРОВЕНЬ$) = -11.067079633491431
correctionProbability (#ШКОЛНИТЦА$ -> #ШКОЛЬНИЦА$) = -83.48669975280549
correctionProbability (#ЛЕПИДОТРОЗ$ -> #ЛЕПИДОРТОЗ$) = -103.58815073001894
correctionProbability (#РЕЦЕПЬ$ -> #РЕЦЕПТ$) = -6.222236060492111
correctionProbability (#ГОУДЬ$ -> #ГРУДЬ$) = -10.155007965622186
correctionProbability (#РИБА$ -> #РЫБА$) = -8.863601402563642
correctionProbability (#ГРЕММИ$ -> #ГРЭММИ$) = -20.48134723542235
correctionProbability (#ХОЛДНЫЙ$ -> #ХОЛОДНЫЙ$) = -16.052656284126137
correctionProbability (#ПРИЗЕРВАТИВА$ -> #ПРЕЗЕРВАТИВА$) = -24.869756041025205
correctionProbability (#ЛОМИНАТА$ -> #ЛАМИНАТА$) = -16.00365488777569
correctionProbability (#ИНДИЕЦ$ -> #ИНДЕЕЦ$) = -18.101013537697302
correctionProbability (#ПОСТОНОВЛЕНИЯ$ -> #ПОСТАНОВЛЕНИЯ$) = -20.254790323480663
correctionProbability (#ЗАПРЕШЕННЫЕ$ -> #ЗАПРЕЩЕННЫЕ$) = -20.209637708123893
correctionProbability (#ВЕЛЬМА$ -> #ВЕДЬМА$) = -12.733023343423536
correctionProbability (#СОХРАНЕНИ$ -> #СОХРАНЕНИЕ$) = -19.017952731999657
correctionProbability (#GFORSE$ -> #GEFORCE$) = -78.92336580092476
correctionProbability (#ГЫЛЫМИ$ -> #ҒЫЛЫМИ$) = -15.64637839729603
correctionProbability (#ТОМСКД$ -> #ТОМСКЕ$) = -11.68253414757422
correctionProbability (#ПРЕЛОЖЕНИЕ$ -> #ПРИЛОЖЕНИЕ$) = -13.236023183652357
correctionProbability (#ДОСТАВК$ -> #ДОСТАВКА$) = -10.268272623015882
correctionProbability (#EXCORT$ -> #ESCORT$) = -11.829599274280259
correctionProbability (#СИТЕВОЙ$ -> #СЕТЕВОЙ$) = -8.62464563278293
correctionProbability (#COT7$ -> #GOT7$) = -18.41255512007805
correctionProbability (#МЕНДОС$ -> #МЕНДЕС$) = -17.016815955196666
correctionProbability (#MVIDEI$ -> #MVIDEO$) = -12.994090218703295
correctionProbability (#ТОЛЛЕРАНТНОСТЬ$ -> #ТОЛЕРАНТНОСТЬ$) = -25.2933601182295
correctionProbability (#МУСУЛМАННСКИЙ$ -> #МУСУЛЬМАНСКИЙ$) = -91.32134529726967
correctionProbability (#ТОРГАДО$ -> #ТОРНАДО$) = -15.82556262857372
correctionProbability (#АНАСТЕЗИЯ$ -> #АНЕСТЕЗИЯ$) = -20.247495187902345
correctionProbability (#РЕМКОПЛЕКТ$ -> #РЕМКОМПЛЕКТ$) = -19.213640492450537
correctionProbability (#АВТРА$ -> #ЗАВТРА$) = -9.974850421000685
correctionProbability (#КЕМЛИ$ -> #ЗЕМЛИ$) = -9.316733683185095
correctionProbability (#МИЛИОННОВ$ -> #МИЛЛИОНОВ$) = -85.65689142712175
correctionProbability (#ОКУПАЕТЬСЯ$ -> #ОКУПАЕТСЯ$) = -37.2536010619397
correctionProbability (#КИЗЛА$ -> #КИЗЛАР$) = -18.6089180977138
correctionProbability (#АТКУДА$ -> #ОТКУДА$) = -12.194663008401154
correctionProbability (#ВРАЧЁМ$ -> #ВРАЧОМ$) = -17.248147084183874
correctionProbability (#ИКСЕЛЬ$ -> #ЭКСЕЛЬ$) = -13.276615249957619
correctionProbability (#МИХИЛ$ -> #МИХАИЛ$) = -9.697314512915607
correctionProbability (#ИНФОРМЦИЯ$ -> #ИНФОРМАЦИЯ$) = -14.977845928326559
correctionProbability (#YTOBE$ -> #YOUTUBE$) = -137.0718060540948
correctionProbability (#GYA$ -> #GTA$) = -8.653809474177105
correctionProbability (#ОТВЦЕТ$ -> #ОТВЕТ$) = -12.738180571958697
correctionProbability (#ГЕНРАТОР$ -> #ГЕНЕРАТОР$) = -14.655867303869641
correctionProbability (#BETMAN$ -> #BATMAN$) = -15.485214369811896
correctionProbability (#EFETTO$ -> #EFFETTO$) = -27.285853199222828
correctionProbability (#ОЧЕРЕДЕ$ -> #ОЧЕРЕДИ$) = -15.387019128818167
correctionProbability (#ПОЮБИЛА$ -> #ПОЛЮБИЛА$) = -18.540597427040872
correctionProbability (#MVIDEA$ -> #MVIDEO$) = -12.991520872110971
correctionProbability (#ОФТОЛЬМОЛОГИ$ -> #ОФТАЛЬМОЛОГИ$) = -23.721802026777254
correctionProbability (#БАЛЬШІХ$ -> #БОЛЬШИХ$) = -77.5329567842688
correctionProbability (#УСКАРЕНИЕ$ -> #УСКОРЕНИЕ$) = -17.39524743922309
correctionProbability (#ЕЛЕКТРОКАР$ -> #ЭЛЕКТРОКАР$) = -21.810979708843035
correctionProbability (#СТЕКЛЯНУЮ$ -> #СТЕКЛЯННУЮ$) = -21.47278553739161
correctionProbability (#ВАСТОНОВИТЬ$ -> #ВОССТАНОВИТЬ$) = -146.42872035576738
correctionProbability (#ВЗАТЬ$ -> #ВЗЯТЬ$) = -9.00171805651787
correctionProbability (#ОБЛАТСИ$ -> #ОБЛАСТИ$) = -73.88480858200028
correctionProbability (#ГЕЛЕНЛИКЕ$ -> #ГЕЛЕНДЖИКЕ$) = -83.3715460884294
correctionProbability (#КАЙА$ -> #КАЙЯ$) = -18.04441076097724
correctionProbability (#БРЯНК$ -> #БРЯНСК$) = -11.492653676244903
correctionProbability (#МАРОЗОВ$ -> #МОРОЗОВ$) = -15.823327818032013
correctionProbability (#ЭЫИР$ -> #ЭФИР$) = -5.713968727269705
correctionProbability (#ИКСЕЛЕ$ -> #ЭКСЕЛЕ$) = -14.792585605341518
correctionProbability (#МУКАСАТ$ -> #МУКОСАТ$) = -18.68977998895693
correctionProbability (#ПЕЛЬМ$ -> #ПЕЛЬМЕНИ$) = -142.33407408881473
correctionProbability (#ВОООСЫ$ -> #ВОЛОСЫ$) = -8.738637637538243
correctionProbability (#ИНФОРУРОК$ -> #ИНФОУРОК$) = -17.014849981409988
correctionProbability (#ТЕМАТЫЧНОГО$ -> #ТЕМАТИЧНОГО$) = -27.24559738134971
correctionProbability (#ЭМОБИЛАЙЗЕР$ -> #ИММОБИЛАЙЗЕР$) = -89.44857332831455
correctionProbability (#ЭРОТИЕСКИЙ$ -> #ЭРОТИЧЕСКИЙ$) = -16.388186041645092
correctionProbability (#АККОМУЛЯТОРЫ$ -> #АККУМУЛЯТОРЫ$) = -19.339025775258072
correctionProbability (#ОКИМА$ -> #АКИМА$) = -13.813233258518114
correctionProbability (#ЛЮБВЬ$ -> #ЛЮБОВЬ$) = -7.082287862197582
correctionProbability (#ПАРАКСИЗМАЛЬНАЯ$ -> #ПАРОКСИЗМАЛЬНАЯ$) = -29.95280672131321
correctionProbability (#ПЕРЕВВОД$ -> #ПЕРЕВОД$) = -10.856371783656499
correctionProbability (#ЧАКРАЛЬНАЯ$ -> #САКРАЛЬНАЯ$) = -24.493741015985975
correctionProbability (#РАПІД$ -> #РАПИД$) = -13.968157207799077
correctionProbability (#ПОСТРИЧЬ$ -> #ПОДСТРИЧЬ$) = -19.370403842597554
correctionProbability (#ДИТЧІ$ -> #ДИТЯЧІ$) = -16.334648444930014
correctionProbability (#ЗАЙЦЕЫ$ -> #ЗАЙЦЕВ$) = -10.320126646874204
correctionProbability (#БЕЗОПАСТНО$ -> #БЕЗОПАСНО$) = -22.862112763779265
correctionProbability (#КАИМ$ -> #КАКИМ$) = -10.848315648286334
correctionProbability (#СПОЕЙ$ -> #СПРЕЙ$) = -11.28389090078539
correctionProbability (#КРАВАТ$ -> #КРОВАТЬ$) = -75.88028445895209
correctionProbability (#РАЗДРАЖИЬЕЛЬНЫМ$ -> #РАЗДРАЖИТЕЛЬНЫМ$) = -34.532111850428294
correctionProbability (#ДЕТЯМИ$ -> #ДЕТЬМИ$) = -9.980225741987244
correctionProbability (#МАГОЗИНЫ$ -> #МАГАЗИНЫ$) = -10.642080336862264
correctionProbability (#ПРОЙЬИ$ -> #ПРОЙТИ$) = -10.62418862354708
correctionProbability (#БОЕНГ$ -> #БОИНГ$) = -13.663778114446853
correctionProbability (#АЛЛБОКСИН$ -> #АЛЛБОКСИНГ$) = -20.122600765790047
correctionProbability (#МУЛЬФИЛЬМЫ$ -> #МУЛЬТФИЛЬМЫ$) = -11.881717458701885
correctionProbability (#ПДРЕСА$ -> #АДРЕСА$) = -9.6619984040717
correctionProbability (#ДВЛДЫ$ -> #ДЫЛДЫ$) = -7.807010649037064
correctionProbability (#GOOGLWE$ -> #GOOGLE$) = -8.364967946329816
correctionProbability (#ВНБ$ -> #ВЕБ$) = -5.784647853656619
correctionProbability (#ВЫПОДАЕТ$ -> #ВЫПАДАЕТ$) = -19.161250432963165
correctionProbability (#ООГРЕВ$ -> #ОБОГРЕВ$) = -17.401166621012543
correctionProbability (#МАТИКАТИКЕ$ -> #МАТЕМАТИКЕ$) = -75.67065055828411
correctionProbability (#ПЕКНИЕС$ -> #ПЕКИНЕС$) = -86.8861495893285
correctionProbability (#НЗЫВАЕТСЯ$ -> #НАЗЫВАЕТСЯ$) = -14.570681964540931
correctionProbability (#ПОКАЗАТ$ -> #ПОКАЗАТЬ$) = -12.370549580351167
correctionProbability (#СТРОИТЕЛНЫЕ$ -> #СТРОИТЕЛЬНЫЕ$) = -18.194601942946996
correctionProbability (#КАРТИЕКА$ -> #КАРТИНКА$) = -7.2758420353032065
correctionProbability (#СЕРЕБРЯННЫХ$ -> #СЕРЕБРЯНЫХ$) = -23.84519060425793
correctionProbability (#УВЕЛИЧЕНЯ$ -> #УВЕЛИЧЕНИЯ$) = -17.515765984063712
correctionProbability (#СЕЗНЫ$ -> #СЕЗОНЫ$) = -9.520217024618912
correctionProbability (#ЛЕДЕНАЯ$ -> #ЛЕДЯНАЯ$) = -16.94882564617228
correctionProbability (#ЮНЫЭ$ -> #ЮНЫЕ$) = -10.612234874606532
correctionProbability (#ГРИНФИЛЬМ$ -> #ГРИННФИЛЬМ$) = -24.585766962697875
correctionProbability (#МУЖЕКОВ$ -> #МУЖИКОВ$) = -14.752001413930444
correctionProbability (#СМОТРТЕТЬ$ -> #СМОТРЕТЬ$) = -4.873949657385628
correctionProbability (#ПЕРОТТЕ$ -> #ПЕРОТТИ$) = -25.06654029068607
correctionProbability (#ПУНКТИКОВ$ -> #ПУНКТОВ$) = -86.83310662684389
correctionProbability (#ЦЕЗАР$ -> #ЦЕЗАРЬ$) = -13.947932625948372
correctionProbability (#РЕЦЕНТ$ -> #РЕЦЕПТ$) = -6.209121598318763
correctionProbability (#СОСЕТКА$ -> #СОСЕДКА$) = -15.732128286913081
correctionProbability (#ОПРИЧИНА$ -> #ОПРИЧНИНА$) = -22.43880440587788
correctionProbability (#ПОЛУЧИЬ$ -> #ПОЛУЧИТЬ$) = -11.626844012378363
correctionProbability (#КАИЕ$ -> #КАКИЕ$) = -6.403693798285314
correctionProbability (#УКРАЕНСКОЕ$ -> #УКРАИНСКОЕ$) = -19.853715292546028
correctionProbability (#ЕВАНС$ -> #ЭВАНС$) = -14.838326457771824
correctionProbability (#ВАКУМНУЮ$ -> #ВАКУУМНУЮ$) = -25.678792207136297
correctionProbability (#АВТОТ$ -> #АВТО$) = -6.452659265321209
correctionProbability (#СИПСОНИ$ -> #СИМПСОНЫ$) = -80.0749488952066
correctionProbability (#ФРАНЦУЗКУЮ$ -> #ФРАНЦУЗСКУЮ$) = -24.926294097069544
correctionProbability (#ВАРЕНИЕ$ -> #ВАРЕНЬЕ$) = -12.582045197321342
correctionProbability (#НЯБРЬ$ -> #НОЯБРЬ$) = -10.079742296950801
correctionProbability (#СЕЗОЕ$ -> #СЕЗОН$) = -2.2111820238386777
correctionProbability (#ПОЛУЧИШ$ -> #ПОЛУЧИШЬ$) = -22.389481694042892
correctionProbability (#АВТОП$ -> #АВТОР$) = -10.070849414102934
correctionProbability (#ВСТРEЧА$ -> #ВСТРЕЧА$) = -13.248305884440214
correctionProbability (#ЛИКВИДВЦИЯ$ -> #ЛИКВИДАЦИЯ$) = -16.2947962678873
correctionProbability (#ИРОТКА$ -> #ЭРОТИКА$) = -73.27248825171291
correctionProbability (#ПАРТРЕТ$ -> #ПОРТРЕТ$) = -11.341147598287009
correctionProbability (#ПРОГРАМИСТОВ$ -> #ПРОГРАММИСТОВ$) = -23.73705322671629
correctionProbability (#НЯБРЯ$ -> #НОЯБРЯ$) = -10.05589946061119
correctionProbability (#БАНДИТСЬКИЙ$ -> #БАНДИТСКИЙ$) = -19.83462038325863
correctionProbability (#ТІТАНОВ$ -> #ТИТАНОВ$) = -13.988102659998582
correctionProbability (#ПАПИНИ$ -> #ПАПИНЫ$) = -12.827203526842208
correctionProbability (#КАЗАРЦЕВА$ -> #КАЗАНЦЕВА$) = -21.833529650682472
correctionProbability (#ШАТЕРСТОК$ -> #ШАТТЕРСТОК$) = -23.38045082940034
correctionProbability (#ПРЕНЦЕССА$ -> #ПРИНЦЕССА$) = -12.443967598195698
correctionProbability (#МУЛЬТФИЛЬМІ$ -> #МУЛЬТФИЛЬМЫ$) = -11.316136619778973
correctionProbability (#ИУЗЫКА$ -> #МУЗЫКА$) = -5.485329259825214
correctionProbability (#ЛЕНЕНГРАДСКОЙ$ -> #ЛЕНИНГРАДСКОЙ$) = -18.603482219543636
correctionProbability (#ФАЕГЕМС$ -> #ФАНЕГЕМС$) = -34.404040857791294
correctionProbability (#TIRPMYDREAM$ -> #TRIPMYDREAM$) = -89.20354233969243
correctionProbability (#ONTUBE$ -> #YOUTUBE$) = -71.72859234081882
correctionProbability (#ВОПРОССЫ$ -> #ВОПРОСЫ$) = -13.791010513623469
correctionProbability (#VEATA$ -> #VIATA$) = -18.39907202140549
correctionProbability (#ВІДСЛІДКОВУВАТИ$ -> #ВІДСЛІДКУВАТИ$) = -97.96194317576403
correctionProbability (#SMOTRITE$ -> #SMOTRET$) = -80.54663822876203
correctionProbability (#КОНЬЮКТЕВИТ$ -> #КОНЬЮКТИВИТ$) = -21.10500887817443
correctionProbability (#ДИЕТИЧЕСК$ -> #ДИЕТИЧЕСКИЙ$) = -87.75205356820581
correctionProbability (#КУНДЕЛІК$ -> #КҮНДЕЛІК$) = -9.364626386017825
correctionProbability (#ЕЛЕКТРОННАЯ$ -> #ЭЛЕКТРОННАЯ$) = -13.36859043190534
correctionProbability (#СЛОМОСЬ$ -> #СЛОМАЛОСЬ$) = -89.02214428314066
correctionProbability (#СМЛЬРЕТЬ$ -> #СМОТРЕТЬ$) = -67.17996335037891
correctionProbability (#ПОГОТОВКА$ -> #ПОДГОТОВКА$) = -14.985374266681951
correctionProbability (#ПАДАРКИ$ -> #ПОДАРКИ$) = -11.73329453785827
correctionProbability (#ПЕНСНЮ$ -> #ПЕСНЮ$) = -8.111746382771361
correctionProbability (#ТАНЦЕТСЯ$ -> #ТАНЦУЕТСЯ$) = -28.355954259599876
correctionProbability (#СОКАЛ$ -> #СОКОЛ$) = -11.434844687827724
correctionProbability (#ХЕЛОИН$ -> #ХЭЛЛОУИН$) = -140.8413243808198
correctionProbability (#EXPIRIANCE$ -> #EXPERIENCE$) = -83.93935001540224
correctionProbability (#СЕЗНО$ -> #СЕЗОН$) = -70.03541003502895
correctionProbability (#СМАТ$ -> #СМАРТ$) = -10.552306351152307
correctionProbability (#OLATIMA$ -> #ULTIMA$) = -86.20605531542556
correctionProbability (#ЭКСКУРСОВОДО$ -> #ЭКСКУРСОВОДА$) = -25.89292183308556
correctionProbability (#СТЕРАЛКА$ -> #СТИРАЛКА$) = -19.984177401255465
correctionProbability (#PATERN$ -> #PATTERN$) = -19.570956707696126
correctionProbability (#GYX$ -> #GTX$) = -11.257021994945216
correctionProbability (#РЕВОЛЮЦИМ$ -> #РЕВОЛЮЦИИ$) = -16.4811257758576
correctionProbability (#ЛЕЗБЯНКИ$ -> #ЛЕСБИЯНКИ$) = -79.36268421787854
correctionProbability (#СКАРПИОНОВ$ -> #СКОРПИОНОВ$) = -19.35333855334514
correctionProbability (#РЕЗЮМЭ$ -> #РЕЗЮМЕ$) = -10.159527272377805
correctionProbability (#РУССКИИЕ$ -> #РУССКИЕ$) = -9.311655188570711
correctionProbability (#БАТУРДИНОВ$ -> #БАТРУТДИНОВ$) = -84.4254251134654
correctionProbability (#НЯБРЕ$ -> #НОЯБРЕ$) = -10.398972474988813
correctionProbability (#МУЛЬТФИЛЬМИ$ -> #МУЛЬТФИЛЬМЫ$) = -11.28478452782987
correctionProbability (#CHRONOGRAPHE$ -> #CHRONOGRAPH$) = -22.834417544454503
correctionProbability (#СИПСОНЫ$ -> #СИМПСОНЫ$) = -15.365418067333366
correctionProbability (#ГЛУБИЛ$ -> #ГЛУБИН$) = -17.48670492576591
correctionProbability (#ЛЮБАИ$ -> #ЛЮБВИ$) = -7.279323360579301
correctionProbability (#КУПЛЕНЫЕ$ -> #КУПЛЕННЫЕ$) = -23.424413331215355
correctionProbability (#ФОУСФОРД$ -> #ФОКСФОРД$) = -16.586271019035387
correctionProbability (#ТИШИНИ$ -> #ТИШИНЫ$) = -12.444998183510709
correctionProbability (#SCHACAT$ -> #SKACHAT$) = -144.26625167660393
correctionProbability (#ЛЮБАВ$ -> #ЛЮБОВЬ$) = -71.70201428840788
correctionProbability (#FENDOM$ -> #FEMDOM$) = -15.22947431425396
correctionProbability (#КАКЯ$ -> #КАКАЯ$) = -8.297853025076897
correctionProbability (#ЬЕМУ$ -> #ТЕМУ$) = -5.482585853368459
correctionProbability (#КРИАОЙ$ -> #КРИВОЙ$) = -11.963979380092379
correctionProbability (#КАКЮ$ -> #КАКУЮ$) = -10.101887921526174
correctionProbability (#СИТЦАЦИИ$ -> #СИТУАЦИИ$) = -15.490592261477076
correctionProbability (#ВИНДУС$ -> #ВИНДОВС$) = -75.19747235652747
correctionProbability (#БЕСПЛАТНОГ$ -> #БЕСПЛАТНО$) = -7.2581425813628115
correctionProbability (#БЕЛАРУССКОМ$ -> #БЕЛОРУССКОМ$) = -21.035112941834555
correctionProbability (#БИСПЛАТНА$ -> #БЕСПЛАТНО$) = -69.39322673331505
correctionProbability (#REIFFAISEN$ -> #RAIFFEISEN$) = -84.7102130033336
correctionProbability (#ЗЕЛИ$ -> #ЗЕМЛИ$) = -9.90932432220632
correctionProbability (#TLAUCNHER$ -> #TLAUNCHER$) = -85.35614974644615
correctionProbability (#РОСГВАРДИ$ -> #РОСГВАРДИИ$) = -20.069587151892648
correctionProbability (#ВАСЕЛИСА$ -> #ВАСИЛИСА$) = -15.610750643930523
correctionProbability (#БЕФРИ$ -> #БИФРИ$) = -17.311059990219494
correctionProbability (#ВОДАПОДЪЕМНОЕ$ -> #ВОДОПОДЪЕМНОЕ$) = -38.695887992048064
correctionProbability (#БУТЫЛЕ$ -> #БУТЫЛКЕ$) = -17.4024391067704
correctionProbability (#ОГОДА$ -> #ПОГОДА$) = -1.7736590342961343
correctionProbability (#БРЕКЕТИ$ -> #БРЕКЕТЫ$) = -13.279817767438615
correctionProbability (#ВЫЩЕТАТЬ$ -> #ВЫСЧИТАТЬ$) = -149.0606200475524
correctionProbability (#ДОЕХТЬ$ -> #ДОЕХАТЬ$) = -12.064620533498541
correctionProbability (#KONECT$ -> #CONNECT$) = -81.71306623552697
correctionProbability (#ОБИТЕЛ$ -> #ОБИТЕЛЬ$) = -14.141584563254824
correctionProbability (#ПОРДОК$ -> #ПОРЯДОК$) = -11.989482150376915
correctionProbability (#ФАЙЛООБМЕН$ -> #ФАЙЛООБМЕННИК$) = -153.44563516786747
correctionProbability (#БЕСПЛАПТНО$ -> #БЕСПЛАТНО$) = -7.253105143450597
correctionProbability (#CORGY$ -> #CORGI$) = -22.25825046646777
correctionProbability (#БЕСПЛАТННО$ -> #БЕСПЛАТНО$) = -7.141365041935316
correctionProbability (#НАЦИОНАЛЬНОИ$ -> #НАЦИОНАЛЬНОЙ$) = -18.938701848510085
correctionProbability (#ИНТЕЛЕКТУАЛДЫ$ -> #ИНТЕЛЛЕКТУАЛДЫ$) = -28.59324031294031
correctionProbability (#КАКХ$ -> #КАКИХ$) = -9.881066532443501
correctionProbability (#RUTRECER$ -> #RUTRACKER$) = -83.58230562505909
correctionProbability (#ПРОГРАММАИ$ -> #ПРОГРАММА$) = -11.09141906426165
correctionProbability (#ЧЕМПИОНАР$ -> #ЧЕМПИОНАТ$) = -11.303667146854089
correctionProbability (#ГУЛЯЙПОЛИ$ -> #ГУЛЯЙПОЛЕ$) = -23.887657198767165
correctionProbability (#ОРІГІНАЛ$ -> #ОРИГИНАЛ$) = -78.23031518213412
correctionProbability (#КАКЬ$ -> #КАК$) = -1.566569002043714
correctionProbability (#СКРАТЧ$ -> #СКРЕТЧ$) = -15.707743564250325
correctionProbability (#LIBIRTI$ -> #LIBERTY$) = -82.60585948347239
correctionProbability (#ДМАИЛ$ -> #МАЙЛ$) = -70.9240998892605
correctionProbability (#ЧАСНОЙ$ -> #ЧАСТНОЙ$) = -18.42921639568057
correctionProbability (#ВЫАРФЕЙС$ -> #ВАРФЕЙС$) = -12.957520426643512
correctionProbability (#РЕЛАККС$ -> #РЕЛАКС$) = -15.003834346971768
correctionProbability (#ЧАСНОМ$ -> #ЧАСТНОМ$) = -13.208691170782991
correctionProbability (#КАКО$ -> #КАКОЙ$) = -6.109476625446597
correctionProbability (#МАМАШЬ$ -> #МАМАШ$) = -18.65902494987554
correctionProbability (#АЛЕИ$ -> #АЛЛЕИ$) = -15.993912446930349
correctionProbability (#ДЕЛЕТАНТ$ -> #ДИЛЕТАНТ$) = -20.76698832248824
correctionProbability (#МАМАШЫ$ -> #МАМАШИ$) = -15.667268575120712
correctionProbability (#ШАЛЫМА$ -> #ШАЛКЫМА$) = -27.022618051572813
correctionProbability (#ХСИОМИ$ -> #КСИОМИ$) = -12.436077957377673
correctionProbability (#LMAGE$ -> #IMAGE$) = -13.53438854214814
correctionProbability (#МОЛОДЕЖНИЕ$ -> #МОЛОДЕЖНЫЕ$) = -18.537005841497063
correctionProbability (#ЕДИШЬ$ -> #ЕДЕШЬ$) = -18.393731089494022
correctionProbability (#АВТТО$ -> #АВИТО$) = -2.864784363771424
correctionProbability (#ЗАСЛУЖЕНЫЙ$ -> #ЗАСЛУЖЕННЫЙ$) = -22.982121652680547
correctionProbability (#КОЛГОДКАХ$ -> #КОЛГОТКАХ$) = -15.545780243706595
correctionProbability (#ЛИВОНЕВСКОГО$ -> #ЛЕВАНЕВСКОГО$) = -92.42865062579085
correctionProbability (#СЕЗОР$ -> #СЕЗОН$) = -2.2150478450810063
correctionProbability (#КЛАССИЧЧЕСКИЕ$ -> #КЛАССИЧЕСКИЕ$) = -22.47066119933217
correctionProbability (#КАКТ$ -> #КАК$) = -1.5866532364765753
correctionProbability (#ЧЕНЫЙ$ -> #ЧЕРНЫЙ$) = -9.470148110201503
correctionProbability (#ЗАНЯТИЧ$ -> #ЗАНЯТИЯ$) = -11.581435382234481
correctionProbability (#СУБАРА$ -> #СУБАРУ$) = -12.61278426364331
correctionProbability (#БЕЛИМАЛ$ -> #БИЛИМАЛ$) = -12.966850828548743
correctionProbability (#REPLIKA$ -> #REPLICA$) = -21.593695631562895
correctionProbability (#КАКС$ -> #КАК$) = -1.5683121750592086
correctionProbability (#СРЕДИНЕ$ -> #СЕРЕДИНЕ$) = -17.489432294182336
correctionProbability (#РАСТРЕЛЯТЬ$ -> #РАССТРЕЛЯТЬ$) = -25.962441550562396
correctionProbability (#ДКЛА$ -> #ДЕЛА$) = -9.55841989645874
correctionProbability (#АЛЕГ$ -> #ОЛЕГ$) = -8.470436353800682
correctionProbability (#КАКИ$ -> #КАКИЕ$) = -6.403296269831486
correctionProbability (#ALINS$ -> #ALIENS$) = -19.847934833905445
correctionProbability (#РУССКИЙЙ$ -> #РУССКИЙ$) = -9.305680886821989
correctionProbability (#НОВИТЬ$ -> #ОБНОВИТЬ$) = -79.14259571891638
correctionProbability (#БЕСПЛАТНОЯ$ -> #БЕСПЛАТНАЯ$) = -14.788311366507592
correctionProbability (#ВАРЕННОЕ$ -> #ВАРЕНОЕ$) = -22.11672855848427
correctionProbability (#ЕРИКАНСКОМ$ -> #АМЕРИКАНСКОМ$) = -90.4901019284242
correctionProbability (#ВЫПУСКНОВА$ -> #ВЫПУСКНОГО$) = -84.5627425696233
correctionProbability (#КАЛБКУЛЯТОР$ -> #КАЛЬКУЛЯТОР$) = -12.163548985916336
correctionProbability (#КАКЕ$ -> #КАКИЕ$) = -6.399601596945484
correctionProbability (#ЖЕНУШКИ$ -> #ДЕВУШКИ$) = -72.53379277009286
correctionProbability (#ДЕВСТВЕНИЦА$ -> #ДЕВСТВЕННИЦА$) = -21.5315679894776
correctionProbability (#МЕЦУБИСИ$ -> #МИЦУБИСИ$) = -14.113801429402557
correctionProbability (#НОТЕЛЬ$ -> #ОТЕЛЬ$) = -9.458478307256552
correctionProbability (#ВАРЕННОЙ$ -> #ВАРЕНОЙ$) = -19.28400809060409
correctionProbability (#YOV$ -> #YOU$) = -6.619185552985503
correctionProbability (#M30S$ -> #M30$) = -21.164227953191126
correctionProbability (#СОВЕСТКАЯ$ -> #СОВЕТСКАЯ$) = -83.47122733876569
correctionProbability (#ПЛАЩАДКИ$ -> #ПЛОЩАДКИ$) = -15.149121726694787
correctionProbability (#ОРЕНБУР$ -> #ОРЕНБУРГ$) = -11.570873319381818
correctionProbability (#ОРЕНБУГ$ -> #ОРЕНБУРГ$) = -11.56459967814746
correctionProbability (#АККОМУЛЯТОРЕ$ -> #АККУМУЛЯТОРЕ$) = -22.1927735866468
correctionProbability (#ПЕРИВОДИТСЯ$ -> #ПЕРЕВОДИТСЯ$) = -18.59867302564892
correctionProbability (#YOY$ -> #YOU$) = -6.617953713403626
correctionProbability (#АПСТОРЕ$ -> #АППСТОРЕ$) = -25.4118629827937
correctionProbability (#ЧБЛОЧНОЕ$ -> #ЯБЛОЧНОЕ$) = -17.366210996113374
correctionProbability (#ДЕВСТВЕНИЦИ$ -> #ДЕВСТВЕННИЦЫ$) = -87.22643501579697
correctionProbability (#СТРЕЛАЛКИ$ -> #СТРЕЛЯЛКИ$) = -13.596940854149558
correctionProbability (#ИМЕННИНИЦЕЙ$ -> #ИМЕНИННИЦЕЙ$) = -92.36816829404815
correctionProbability (#ЕДИШН$ -> #ЭДИШН$) = -17.546435616330267
correctionProbability (#СУБАРО$ -> #СУБАРУ$) = -12.611047900886124
correctionProbability (#ТЕРРАБАЙТ$ -> #ТЕРАБАЙТ$) = -24.01000608453009
correctionProbability (#ИКИПЕДИЯ$ -> #ВИКИПЕДИЯ$) = -10.01228171702244
correctionProbability (#ХЛИБ$ -> #ХЛЕБ$) = -9.846432356646257
correctionProbability (#RUNBOX$ -> #RANBOX$) = -19.94256793427955
correctionProbability (#ПЛАЩАДКА$ -> #ПЛОЩАДКА$) = -13.276950966995564
correctionProbability (#МАКАРЫЧЕ$ -> #МАКАРЫЧЕВ$) = -15.503558890552448
correctionProbability (#БОРУТА$ -> #БОРУТО$) = -12.774044259789452
correctionProbability (#ЕОРД$ -> #НОРД$) = -11.791466229034032
correctionProbability (#ВНУТРЕНЕЙ$ -> #ВНУТРЕННЕЙ$) = -17.562659638468354
correctionProbability (#YOA$ -> #YOU$) = -6.618388307065398
correctionProbability (#КОМИСИЕЙ$ -> #КОМИССИЕЙ$) = -23.83839558731593
correctionProbability (#БЕСПЛАТНОР$ -> #БЕСПЛАТНО$) = -7.224527237537309
correctionProbability (#ФУТНОВ$ -> #ФУНТОВ$) = -85.1079253751033
correctionProbability (#МВЯЗЬ$ -> #СВЯЗЬ$) = -10.051264135160228
correctionProbability (#АККОМУЛЯТОРА$ -> #АККУМУЛЯТОРА$) = -18.92476610083525
correctionProbability (#ДЕНЬГЬ$ -> #ДЕНЬГИ$) = -7.698873567798586
correctionProbability (#БЕСПЛАТНОЛ$ -> #БЕСПЛАТНО$) = -7.2261591643144385
correctionProbability (#ВКОНТАКЕТ$ -> #ВКОНТАКТЕ$) = -74.31740194156303
correctionProbability (#YOE$ -> #YOU$) = -6.619439355492258
correctionProbability (#НАМЕР$ -> #НОМЕР$) = -6.251580354302295
correctionProbability (#SNEGUN$ -> #SEGUN$) = -26.282073477576006
correctionProbability (#ДЕВСТВЕНИЦУ$ -> #ДЕВСТВЕННИЦУ$) = -25.16933003550602
correctionProbability (#МУЛЬТКИ$ -> #МУЛЬТИКИ$) = -7.4015218075180655
correctionProbability (#HAIF$ -> #HALF$) = -13.511372362349153
correctionProbability (#ОСВНЬ$ -> #ОСЕНЬ$) = -5.436774524365006
correctionProbability (#КАМЕНИКА$ -> #КАМЕНКА$) = -19.1225790122987
correctionProbability (#ЛЮБВІ$ -> #ЛЮБВИ$) = -7.289301025621167
correctionProbability (#МУЛЬФИЛЬМА$ -> #МУЛЬТФИЛЬМА$) = -18.613021534659467
correctionProbability (#ПУБЛИЧ$ -> #ПУБЛИЧНАЯ$) = -144.59912493949332
correctionProbability (#ВЕРНЯЯ$ -> #ВЕРХНЯЯ$) = -14.55475075270089
correctionProbability (#ВНУТРЕНЕЕ$ -> #ВНУТРЕННЕЕ$) = -19.158693995771408
correctionProbability (#КАЙС$ -> #КЕЙС$) = -12.033272209623565
correctionProbability (#ДЕВСТВЕНИЦЫ$ -> #ДЕВСТВЕННИЦЫ$) = -22.514400213299574
correctionProbability (#YEREVANUM$ -> #EREVANUM$) = -23.30848596439776
correctionProbability (#ЛОПИРАМИД$ -> #ЛОПЕРАМИД$) = -19.332903811543694
correctionProbability (#ДИКРЕТНОГО$ -> #ДЕКРЕТНОГО$) = -21.439973446048953
correctionProbability (#ДЖИНСИ$ -> #ДЖИНСЫ$) = -11.895340861371185
correctionProbability (#ШЫГАРМАШЫЛЫК$ -> #ШЫҒАРМАШЫЛЫҚ$) = -88.36509002026065
correctionProbability (#STUTTGARD$ -> #STUTTGART$) = -22.633702887106402
correctionProbability (#COOM$ -> #COM$) = -10.08705435272348
correctionProbability (#ВАЙИНГА$ -> #ВАЕНГА$) = -80.39930894913527
correctionProbability (#СМЕРТНИХ$ -> #СМЕРТНЫХ$) = -14.815160741661884
correctionProbability (#CLENS$ -> #CLANS$) = -7.878233405405712
correctionProbability (#ТЕПЛИЦІ$ -> #ТЕПЛИЦЫ$) = -14.545852380593331
correctionProbability (#ТРАНСЛЯЦЫЯ$ -> #ТРАНСЛЯЦИЯ$) = -12.987011662727632
correctionProbability (#ШАНАРЫ$ -> #ШАННАРЫ$) = -20.07005268051786
correctionProbability (#ЯРКИЦ$ -> #ЯРКИЙ$) = -14.239562037550076
correctionProbability (#ТЕМПЕРАТУЛА$ -> #ТЕМПЕРАТУРА$) = -14.915365298373075
correctionProbability (#ИНКАСАТОРОМ$ -> #ИНКАССАТОРОМ$) = -29.4063768043165
correctionProbability (#ХЕНКАЛИ$ -> #ХИНКАЛИ$) = -17.00448414357342
correctionProbability (#ДЕРУТЬСЯ$ -> #ДЕРУТСЯ$) = -20.760102319305503
correctionProbability (#СЛАЬЫМ$ -> #СЛАБЫМ$) = -21.261066049106713
correctionProbability (#СЕВИСНЫЕ$ -> #СЕРВИСНЫЕ$) = -18.931210104533513
correctionProbability (#НУДИССКИЕ$ -> #НУДИСКИЕ$) = -19.05359983443804
correctionProbability (#ЗАНИМЕТСЯ$ -> #ЗАНИМАЕТСЯ$) = -18.029786169575722
correctionProbability (#ГЕРЛИ$ -> #ГЕРОИ$) = -9.241442682944541
correctionProbability (#ПРИЗЕДЕНТ$ -> #ПРЕЗИДЕНТ$) = -79.5678650002868
correctionProbability (#COOD$ -> #GOOD$) = -11.199224203107956
correctionProbability (#МИЗАИЛ$ -> #МИХАИЛ$) = -9.080505974491306
correctionProbability (#ПРОТВЕНЬ$ -> #ПРОТИВЕНЬ$) = -22.38852586287927
correctionProbability (#ДОМАГАЦКИХ$ -> #ДОМОГАЦКИХ$) = -20.05867579788665
correctionProbability (#ВБШВ$ -> #ВББШВ$) = -19.765223400019924
correctionProbability (#EBALOVA$ -> #EBALOVO$) = -17.93615996292941
correctionProbability (#ТРАНСЛЯЦЫЮ$ -> #ТРАНСЛЯЦИЮ$) = -19.047992698227354
correctionProbability (#ТЕРНОПІЛЬСКА$ -> #ТЕРНОПІЛЬСЬКА$) = -27.55585548418506
correctionProbability (#МИНУСОКА$ -> #МИНУСОВКА$) = -15.904185116075645
correctionProbability (#ПИЛОНЕФРИТЕ$ -> #ПИЕЛОНЕФРИТЕ$) = -26.545163782006803
correctionProbability (#MEIZY$ -> #MEIZU$) = -12.752971822963229
correctionProbability (#ВАКЦИНИ$ -> #ВАКЦИНА$) = -15.86935350831336
correctionProbability (#САМАУБИЙЦ$ -> #САМОУБИЙЦ$) = -14.971898656400008
correctionProbability (#МИРЬ$ -> #МИР$) = -7.130310155733859
correctionProbability (#КАЛОНКУ$ -> #КОЛОНКУ$) = -15.754571814342896
correctionProbability (#БАРДОВОЕ$ -> #БОРДОВОЕ$) = -22.433573986588726
correctionProbability (#PROFINAN$ -> #PROFINANCE$) = -90.37235775970777
correctionProbability (#ЛЕДЕНОЙ$ -> #ЛЕДЯНОЙ$) = -16.38645583614519
correctionProbability (#КЕКУШИНКАЙ$ -> #КИОКУШИНКАЙ$) = -87.70948842793507
correctionProbability (#РАССЧЕТЕ$ -> #РАСЧЕТЕ$) = -18.891790024915544
correctionProbability (#ФОТОКАЛЛАЖ$ -> #ФОТОКОЛЛАЖ$) = -20.289283526202922
correctionProbability (#КНИГИСЕЕП$ -> #КИНГИСЕПП$) = -150.78721152894016
correctionProbability (#СОВКОМБАТ$ -> #СОВКОМБАНК$) = -80.58629921738222
correctionProbability (#ТЕПЛИЦИ$ -> #ТЕПЛИЦЫ$) = -14.513483642086157
correctionProbability (#СВЕКОЛЙ$ -> #СВЕКЛОЙ$) = -83.26957019912102
correctionProbability (#ОЕСНАЯ$ -> #ЛЕСНАЯ$) = -13.214140025439907
correctionProbability (#УДЬЯНОВСК$ -> #УЛЬЯНОВСК$) = -12.181482094574406
correctionProbability (#РАССЧЕТА$ -> #РАСЧЕТА$) = -15.264844978845282
correctionProbability (#TRAXET$ -> #TRAXAET$) = -21.552265739867693
correctionProbability (#MAPKET$ -> #MARKET$) = -11.583336654504375
correctionProbability (#СООБРОЖЕНИЯМ$ -> #СООБРАЖЕНИЯМ$) = -21.574857307287793
correctionProbability (#АТОПИТЕЛЯ$ -> #ОТОПИТЕЛЯ$) = -17.33148157469796
correctionProbability (#КАРТОНАЯ$ -> #КАРТОННАЯ$) = -20.188136217665026
correctionProbability (#THRIL$ -> #THRILL$) = -18.539707379272794
correctionProbability (#ДРОВЕНИК$ -> #ДРОВЯНИК$) = -23.79223582911881
correctionProbability (#СЕЗРН$ -> #СЕЗОН$) = -2.223181818460091
correctionProbability (#МИРФ$ -> #МИРЫ$) = -13.38606851528763
correctionProbability (#КАПАТЕЛЬ$ -> #КОПАТЕЛЬ$) = -20.11933997652371
correctionProbability (#МИРН$ -> #МИРЕ$) = -7.55279253258777
correctionProbability (#ФЛАЖЕК$ -> #ФЛАЖОК$) = -18.250891583552676
correctionProbability (#КГРОЛЬ$ -> #КОРОЛЬ$) = -7.956259734910734
correctionProbability (#ЯПОНСИЙ$ -> #ЯПОНСКИЙ$) = -14.177983175500735
correctionProbability (#СССАТЬ$ -> #СОСАТЬ$) = -14.567021521195155
correctionProbability (#УБРАТИ$ -> #УБРАТЬ$) = -9.717125920792594
correctionProbability (#УНИВЕРСИТ$ -> #УНИВЕРСИТЕТ$) = -80.29266111883874
correctionProbability (#ХОЗЯИСТВА$ -> #ХОЗЯЙСТВА$) = -14.44984693987147
correctionProbability (#МИРП$ -> #МИРА$) = -5.898005086380227
correctionProbability (#НАХОДЕТСЯ$ -> #НАХОДИТСЯ$) = -12.040997300532872
correctionProbability (#ДОШНЕЕ$ -> #ДОМАШНЕЕ$) = -76.5036614242199
correctionProbability (#ФЛОРЕНСКОЕ$ -> #ФЛОРЕНСКАЯ$) = -90.59047606906316
correctionProbability (#ЕВПОТОРИЯ$ -> #ЕВПАТОРИЯ$) = -15.482951974883562
correctionProbability (#КАДИ$ -> #КАДДИ$) = -17.17486520069753
correctionProbability (#КАЛОНКА$ -> #КОЛОНКА$) = -13.958770386382582
correctionProbability (#BOKING$ -> #BOOKING$) = -13.35429434671964
correctionProbability (#ЕКАТЕРИНУРГЕ$ -> #ЕКАТЕРИНБУРГЕ$) = -16.26738213291418
correctionProbability (#ПОСТРАВМАТИЧЕСКИЙ$ -> #ПОСТТРАВМАТИЧЕСКИЙ$) = -34.38062395593824
correctionProbability (#МИРК$ -> #МИРУ$) = -10.193757073708131
correctionProbability (#ОЛТААЙМ$ -> #ОЛТАЙМ$) = -24.95014656698767
correctionProbability (#ВИДРОДЖЕННЯ$ -> #ВІДРОДЖЕННЯ$) = -23.587252767176125
correctionProbability (#ПРИРОДВ$ -> #ПРИРОДЫ$) = -11.751517912792352
correctionProbability (#МЕИРО$ -> #МЕТРО$) = -6.334108330005019
correctionProbability (#МВСТЕР$ -> #МАСТЕР$) = -8.084015148477757
correctionProbability (#БЛАУЗЕР$ -> #БРАУЗЕР$) = -10.285611157673813
correctionProbability (#ЯНДЕКСМ$ -> #ЯНДЕКС$) = -4.7544519283878195
correctionProbability (#СПАЕКЕС$ -> #СПАКЕС$) = -15.005824001507673
correctionProbability (#ТЕХНИЧНСКАЯ$ -> #ТЕХНИЧЕСКАЯ$) = -18.664769900720387
correctionProbability (#KARLOS$ -> #CARLOS$) = -19.591071212763072
correctionProbability (#ОИЗЫВЫ$ -> #ОТЗЫВЫ$) = -4.86619134953936
correctionProbability (#ФЛЕЙТИ$ -> #ФЛЕЙТЫ$) = -17.919923537615706
correctionProbability (#РОССЕЛЬХОЗБАГКН$ -> #РОССЕЛЬХОЗБАНКЕ$) = -90.43959573395964
correctionProbability (#ПРИСТИЖ$ -> #ПРЕСТИЖ$) = -15.124758974487008
correctionProbability (#ХЛЕП$ -> #ХЛЕБ$) = -9.866726217963606
correctionProbability (#XENTAI$ -> #HENTAI$) = -11.542121771775964
correctionProbability (#ЧЯСТО$ -> #ЧАСТО$) = -11.287221783476088
correctionProbability (#ЖИ3НИ$ -> #ЖИЗНИ$) = -6.953375241303277
correctionProbability (#РОМИЛА$ -> #ГРОМИЛА$) = -23.514730043095426
correctionProbability (#ПОСИНО$ -> #ЛОСИНО$) = -19.173353679323466
correctionProbability (#ВНЕШНИЮ$ -> #ВНЕШНЮЮ$) = -20.099735053245155
correctionProbability (#НУХНО$ -> #НУЖНО$) = -7.998815552526619
correctionProbability (#ДИКТАФОН$ -> #ДИКТОФОН$) = -18.388381997484473
correctionProbability (#КАДА$ -> #КУДА$) = -7.5396624775051215
correctionProbability (#МОДЭЛИ$ -> #МОДЕЛИ$) = -9.492799630970847
correctionProbability (#РЕМЕСЛЕНИК$ -> #РЕМЕСЛЕННИК$) = -21.11985735449673
correctionProbability (#ЕЛЕЗОВЕТА$ -> #ЕЛИЗАВЕТА$) = -79.91066574960969
correctionProbability (#РОСТОРОПША$ -> #РАСТОРОПША$) = -20.35466293645458
correctionProbability (#АНГЛИИЙСКОМУ$ -> #АНГЛИЙСКОМУ$) = -15.668948707089498
correctionProbability (#CEKIS$ -> #SEKIS$) = -13.442444619610772
correctionProbability (#ОТЕРЫВАТЬСЯ$ -> #ОТКРЫВАТЬСЯ$) = -25.464005767846416
correctionProbability (#ИНЦНСТ$ -> #ИНЦЕСТ$) = -9.044146845047198
correctionProbability (#ЕУТУБ$ -> #ЮТУБ$) = -67.46815008623848
correctionProbability (#СЫЫНОЧКИ$ -> #СЫНОЧКИ$) = -17.00539029073051
correctionProbability (#ВТЮ$ -> #ВТБ$) = -6.282453436996672
correctionProbability (#ШЫРОКИЕ$ -> #ШИРОКИЕ$) = -16.377580296818664
correctionProbability (#РОЛСТАВНИ$ -> #РОЛЬСТАВНИ$) = -20.46934142198672
correctionProbability (#ДЕРЕАО$ -> #ДЕРЕВО$) = -9.07884319036776
correctionProbability (#ВТЬ$ -> #ВТБ$) = -6.2805741447919665
correctionProbability (#КОМПЬЮЕТРА$ -> #КОМПЬЮТЕРА$) = -81.10511147586966
correctionProbability (#ULTRALISO$ -> #ULTRAISO$) = -20.52921013154343
correctionProbability (#DUSSELDORF$ -> #DÜSSELDORF$) = -23.89836776208046
correctionProbability (#ММУЗЫКА$ -> #МУЗЫКА$) = -7.987270052891521
correctionProbability (#АЛЕКСНДР$ -> #АЛЕКСАНДР$) = -10.79929854819273
correctionProbability (#ФИЛОДЕЛЬФИИ$ -> #ФИЛАДЕЛЬФИИ$) = -24.21266940335577
correctionProbability (#ПРИГОТОВИЬЬ$ -> #ПРИГОТОВИТЬ$) = -12.391935145997195
correctionProbability (#ГЕРЛС$ -> #ГЕРЛЗ$) = -14.375540702296522
correctionProbability (#ВИВАНОР$ -> #ВИАНОР$) = -17.68568800639012
correctionProbability (#МЕТАЛОЛОМА$ -> #МЕТАЛЛОЛОМА$) = -20.994968974710048
correctionProbability (#ЦЕБУЛЬКО$ -> #ЦЫБУЛЬКО$) = -17.709796510728665
correctionProbability (#ШАХТЕРИН$ -> #ШАХТЕРОВ$) = -85.08623029164971
correctionProbability (#ФЕЙСБУКЕЙ$ -> #ФЕЙСБУК$) = -76.83285490209543
correctionProbability (#VTRAHME$ -> #VTRAHEME$) = -23.48259371679474
correctionProbability (#КЛУЧЬ$ -> #КЛЮЧ$) = -73.80810685927148
correctionProbability (#МУЛЬТИЕ$ -> #МУЛЬТИК$) = -6.8417313684639325
correctionProbability (#ЬЕМА$ -> #ТЕМА$) = -9.039534853655294
correctionProbability (#МАЛАНДРАК$ -> #МАССАНДРА$) = -154.18197222234645
correctionProbability (#СПОЛА$ -> #СПАЛА$) = -15.519552105427298
correctionProbability (#INSTAGRAN$ -> #INSTAGRAM$) = -12.96610057070938
correctionProbability (#МАТЕМИТИКЕ$ -> #МАТЕМАТИКЕ$) = -10.985043991532315
correctionProbability (#ЕДИНА$ -> #ЕДИНАЯ$) = -13.957056836952649
correctionProbability (#ДОБЛАРА$ -> #ДОЛЛАРА$) = -9.589112398791123
correctionProbability (#КРЕСО$ -> #КРЕСЛО$) = -11.197311042977372
correctionProbability (#ПРИВИДИ$ -> #ПРИВЕДИ$) = -18.863062967380664
correctionProbability (#ХОЗЯИСТВУ$ -> #ХОЗЯЙСТВУ$) = -20.482384045396834
correctionProbability (#НОАОЙ$ -> #НОВОЙ$) = -10.332855115207249
correctionProbability (#ТАДЖИКИСКИЙ$ -> #ТАДЖИКСКИЙ$) = -22.4289472010055
correctionProbability (#МАРШТРУТ$ -> #МАРШРУТ$) = -13.364632619869496
correctionProbability (#ДОХАТЬ$ -> #ДОЕХАТЬ$) = -12.04985863397507
correctionProbability (#ДВУСТОРОННИЙ$ -> #ДВУХСТОРОННИЙ$) = -23.593162988877886
correctionProbability (#НЕППИ$ -> #ХЭППИ$) = -77.75134851691456
correctionProbability (#МОСКАВА$ -> #МОСКВА$) = -6.606910949146108
correctionProbability (#ІДЕІ$ -> #ІДЕЇ$) = -17.108624999871754
correctionProbability (#КАТЕРИЯМ$ -> #КАТЕГОРИЯМ$) = -86.12238255216525
correctionProbability (#КАЛГОТКАХ$ -> #КОЛГОТКАХ$) = -15.462110061428035
correctionProbability (#СТРОНИЧКА$ -> #СТРАНИЦА$) = -139.35511881552182
correctionProbability (#ПИШКИ$ -> #ПЫШКИ$) = -13.732008914848539
correctionProbability (#ХПРОНИЧЕСКИЙ$ -> #ХРОНИЧЕСКИЙ$) = -21.0636071498273
correctionProbability (#ЧЯСТИ$ -> #ЧАСТИ$) = -8.34157572354935
correctionProbability (#СМАР$ -> #СМАРТ$) = -10.519574710263246
correctionProbability (#АНГЛИСКИИ$ -> #АНГЛИЙСКИЙ$) = -76.48596665401085
correctionProbability (#КАТВАР$ -> #КЭТВАР$) = -17.80461818624558
correctionProbability (#ТРЕВАЛ$ -> #ТРЕВЕЛ$) = -10.43433166456646
correctionProbability (#HAQINDA$ -> #HAQQINDA$) = -17.58437419634138
correctionProbability (#ARCTERIX$ -> #ARCTERYX$) = -18.650378288544246
correctionProbability (#МУЗЫКАЛЬНА$ -> #МУЗЫКАЛЬНАЯ$) = -18.149704309856638
correctionProbability (#КАРТИНКПХ$ -> #КАРТИНКАХ$) = -12.386283534918881
correctionProbability (#МАРСЕАНИН$ -> #МАРСИАНИН$) = -17.37836115570247
correctionProbability (#СОДЕРЖАНЕ$ -> #СОДЕРЖАНИЕ$) = -13.999611630229303
correctionProbability (#GLOGLE$ -> #GOOGLE$) = -5.804595968947442
correctionProbability (#ПРОПУЩЕНЫЕ$ -> #ПРОПУЩЕННЫЕ$) = -20.849692414449585
correctionProbability (#СНЧТЬ$ -> #СНЯТЬ$) = -7.04193896089118
correctionProbability (#АНГЛИСКИМ$ -> #АНГЛИЙСКИМ$) = -21.176868262360763
correctionProbability (#ВАСТОК$ -> #ВОСТОК$) = -11.948859948236436
correctionProbability (#ТЮМЕГЬ$ -> #ТЮМЕНЬ$) = -7.814910347010166
correctionProbability (#МАЛОКА$ -> #МОЛОКА$) = -12.47552191213757
correctionProbability (#ВИДКО$ -> #ВИДЕО$) = -1.7343031529168336
correctionProbability (#СМАЛ$ -> #СМАЙЛ$) = -13.433360599259832
correctionProbability (#ПИНТЕРЕТ$ -> #ПИНТЕРЕСТ$) = -15.397680297623985
correctionProbability (#МОРФЕННЫЙ$ -> #МОРФЕМНЫЙ$) = -17.08142427562523
correctionProbability (#ТЕХНООГИЯ$ -> #ТЕХНОЛОГИЯ$) = -15.09393241041672
correctionProbability (#ДЕКАРСТВО$ -> #ЛЕКАРСТВО$) = -13.011558803241606
correctionProbability (#JAXONGIR$ -> #JAHONGIR$) = -21.809130874111567
correctionProbability (#ДОБРПТЬСЯ$ -> #ДОБРАТЬСЯ$) = -13.739051238848297
correctionProbability (#ВИЧАТЕР$ -> #ВИЧАТТЕР$) = -22.468540918849456
correctionProbability (#IELS$ -> #IELTS$) = -15.018914283879997
correctionProbability (#ЦУМЯН$ -> #ЦОМЯН$) = -24.784388576755674
correctionProbability (#ФЕЕРИНКИ$ -> #ВЕЧЕРИНКИ$) = -82.27454302819388
correctionProbability (#ЧЕСНАЯ$ -> #ЧЕСТНАЯ$) = -19.266942216987147
correctionProbability (#TURNIRNI$ -> #TURNIRNIE$) = -35.616693559391784
correctionProbability (#МАЙНКАРФТ$ -> #МАЙНКРАФТ$) = -75.79032752217917
correctionProbability (#БАНКРОСТВО$ -> #БАНКРОТСТВО$) = -18.550944745378985
correctionProbability (#КАЛОНИИ$ -> #КОЛОНИИ$) = -16.595830398035957
correctionProbability (#ДЕРЕВП$ -> #ДЕРЕВА$) = -9.461850914525048
correctionProbability (#СУФИКСОМ$ -> #СУФФИКСОМ$) = -21.10812449006219
correctionProbability (#OORNHUB$ -> #PORNHUB$) = -11.40461972699601
correctionProbability (#ОСАД$ -> #ПОСАД$) = -12.203851032016008
correctionProbability (#МУЛЬТФИЛЬИМ$ -> #МУЛЬТФИЛЬМ$) = -11.609194296839725
correctionProbability (#НАТОРИАЛЬНАЯ$ -> #НОТАРИАЛЬНАЯ$) = -85.90585089671254
correctionProbability (#ДЕРЕВН$ -> #ДЕРЕВНЯ$) = -12.492935277793578
correctionProbability (#ПОЛНИНКИЕ$ -> #ПОЛНЕНЬКИЕ$) = -87.22120707939114
correctionProbability (#ПИРАЖКОВА$ -> #ПИРОЖКОВА$) = -17.611159749218004
correctionProbability (#БЕЛАРУСКИЙ$ -> #БЕЛОРУССКИЙ$) = -81.86545674465836
correctionProbability (#COMANDOS$ -> #COMMANDOS$) = -25.702256310360006
correctionProbability (#ВУХ$ -> #ДВУХ$) = -9.349534363270951
correctionProbability (#СОБАКАЙ$ -> #СОБАКОЙ$) = -14.199186571796773
correctionProbability (#ККАНАЛ$ -> #КАНАЛ$) = -8.242295934278832
correctionProbability (#TRANSBISEX$ -> #TRANSSEX$) = -97.23795182172206
correctionProbability (#KROSVORD$ -> #KROSSVORD$) = -25.58490632903068
correctionProbability (#ДЛИНАЯ$ -> #ДЛИННАЯ$) = -15.84459704254833
correctionProbability (#КУСТАНАЙСКИЕ$ -> #КОСТАНАЙСКИЕ$) = -21.598328101468603
correctionProbability (#БЕЛАРУСКИЕ$ -> #БЕЛОРУССКИЕ$) = -83.9056330921954
correctionProbability (#SCYPE$ -> #SKYPE$) = -12.44961404783118
correctionProbability (#СОКЕС$ -> #СОККЕР$) = -78.54759240158889
correctionProbability (#ОРГОНИЗМ$ -> #ОРГАНИЗМ$) = -15.162286765647416
correctionProbability (#АЛІЄКСПРЕС$ -> #АЛІЕКСПРЕС$) = -20.760194784228467
correctionProbability (#УСУГА$ -> #УСЛУГА$) = -14.712406213616713
correctionProbability (#ВІРШИ$ -> #ВІРШІ$) = -15.457424468114343
correctionProbability (#СКЛАБ$ -> #КЛАБ$) = -11.244004113892952
correctionProbability (#ДРАВ2$ -> #ДРАЙВ2$) = -14.128664758955221
correctionProbability (#АВТЕР$ -> #АФТЕР$) = -15.325000230264433
correctionProbability (#БОННАКАМС$ -> #БОНГАКАМС$) = -15.70264017555688
correctionProbability (#БЕРНСДОРФ$ -> #ОБЕРСТДОРФ$) = -168.88701728313552
correctionProbability (#ГАЛЕКСИ$ -> #ГАЛАКСИ$) = -13.059821606170914
correctionProbability (#EЛEКТРИЧКА$ -> #ЕЛЕКТРИЧКА$) = -87.26094172877629
correctionProbability (#СЕРБТЯ$ -> #СЕРБИЯ$) = -14.91271617757241
correctionProbability (#ОБЕТЕ$ -> #ОБЪЕКТЕ$) = -83.31673373883785
correctionProbability (#BRAWHALLA$ -> #BRAWLHALLA$) = -25.498753995091285
correctionProbability (#ПРОТАЗАНОВА$ -> #ПРОТОЗАНОВА$) = -29.7050627165557
correctionProbability (#ЯНДЕКУС$ -> #ЯНДЕКС$) = -4.771352007156896
correctionProbability (#ДЕВУЩЕК$ -> #ДЕВУШЕК$) = -9.330440340756681
correctionProbability (#MEGAGO$ -> #MEGOGO$) = -17.8970183333408
correctionProbability (#ШАССЕ$ -> #ШОССЕ$) = -9.81270423517277
correctionProbability (#ИНСТРУЕЦИЯ$ -> #ИНСТРУКЦИЯ$) = -9.385836037566982
correctionProbability (#ПИСУНЫ$ -> #ПИСЮНЫ$) = -19.21075881203222
correctionProbability (#ДЕРЕВЯ$ -> #ДЕРЕВЬЯ$) = -12.831778555578154
correctionProbability (#АНИЛИЗ$ -> #АНАЛИЗ$) = -4.612127459250534
correctionProbability (#КРОСИВИЕ$ -> #КРАСИВЫЕ$) = -72.06481585187504
correctionProbability (#ОБРОЗОВАТЕЛЬНЫЙ$ -> #ОБРАЗОВАТЕЛЬНЫЙ$) = -22.147733957679563
correctionProbability (#ТРАНССПОРТ$ -> #ТРАНСПОРТ$) = -16.637875355811133
correctionProbability (#ЗАЧИТ$ -> #ЗНАЧИТ$) = -10.029607788848953
correctionProbability (#ШКАРПЕТИ$ -> #ШКАРПЕТКИ$) = -26.13386121905772
correctionProbability (#ПАСТЕРЬ$ -> #ПАСТЫРЬ$) = -17.556933746758297
correctionProbability (#ДОТЧИК$ -> #ДАТЧИК$) = -10.669651126973601
correctionProbability (#ЖИЛАНИЕ$ -> #ЖЕЛАНИЕ$) = -14.39114613242959
correctionProbability (#БЕЛОРУСКИМ$ -> #БЕЛОРУССКИМ$) = -25.220075056911796
correctionProbability (#ДЫШЫ$ -> #ДЫШИ$) = -11.704451672432509
correctionProbability (#ЯНДЕКСТ$ -> #ЯНДЕКС$) = -4.729145427568316
correctionProbability (#ГІМ$ -> #ГІМН$) = -17.71995826034345
correctionProbability (#АДМАТЫ$ -> #АЛМАТЫ$) = -7.2035533473532745
correctionProbability (#УБРАТТ$ -> #УБРАТЬ$) = -9.71633218405503
correctionProbability (#КАЖД$ -> #КАЖДЫЙ$) = -76.71261969770293
correctionProbability (#ЯНДЕКСЧ$ -> #ЯНДЕКС$) = -4.778251678730459
correctionProbability (#ДОКУМЕТАЛЬНЫЕ$ -> #ДОКУМЕНТАЛЬНЫЕ$) = -20.270576440390442
correctionProbability (#AMATUR$ -> #AMATEUR$) = -16.039766659139588
correctionProbability (#ДАВЛЕНИ$ -> #ДАВЛЕНИЕ$) = -12.975813861432485
correctionProbability (#ВИНДОУ$ -> #ВИНДОВС$) = -75.10394725026883
correctionProbability (#HAER$ -> #HAIER$) = -15.754975784840955
correctionProbability (#ЗАЛИТЕЛА$ -> #ЗАЛЕТЕЛА$) = -18.514972060263915
correctionProbability (#ДИСТИЛЯТ$ -> #ДИСТИЛЛЯТ$) = -26.070574054182096
correctionProbability (#МЕТСУБИСИ$ -> #МИТСУБИСИ$) = -14.770380612246534
correctionProbability (#ВХД$ -> #ВХОД$) = -4.247874135301267
correctionProbability (#КОРООКЕ$ -> #КАРАОКЕ$) = -74.2103232164066
correctionProbability (#ВИНЕРОЛОГ$ -> #ВЕНЕРОЛОГ$) = -20.513394041801583
correctionProbability (#КЕШБЭКОМ$ -> #КЭШБЭКОМ$) = -18.93430928873193
correctionProbability (#ГАЛОЗИ$ -> #ГАЛУЗІ$) = -84.75513130994665
correctionProbability (#АГРІКОЛЬ$ -> #АГРИКОЛЬ$) = -23.047598122870234
correctionProbability (#СУФИКСОВ$ -> #СУФФИКСОВ$) = -21.660183350195723
correctionProbability (#ПРИВЕД$ -> #ПРИВЕТ$) = -9.10906915066646
correctionProbability (#ВОКЗАДА$ -> #ВОКЗАЛА$) = -13.1601802072405
correctionProbability (#ДЖАМБУЛСКАЯ$ -> #ДЖАМБУЛЬСКАЯ$) = -28.43905490494793
correctionProbability (#ПРИПИНАНИЯ$ -> #ПРЕПИНАНИЯ$) = -18.26111915832592
correctionProbability (#МАГИСТРСКАЯ$ -> #МАГИСТЕРСКАЯ$) = -26.652829804732995
correctionProbability (#ТРЕЗ$ -> #ТРЕХ$) = -11.064549594564003
correctionProbability (#ФИХ$ -> #ФИКС$) = -76.25797928241158
correctionProbability (#ВКОНТАКТЫ$ -> #ВКОНТАКТЕ$) = -6.545318468802364
correctionProbability (#КОТЕРОВКИ$ -> #КОТИРОВКИ$) = -15.328770185333504
correctionProbability (#СБЕРБАК$ -> #СБЕРБАНК$) = -6.551230746393962
correctionProbability (#ЖУМЫСКА$ -> #ЖҰМЫСҚА$) = -85.89802550655499
correctionProbability (#МУЗЫКАЛЬНЫ$ -> #МУЗЫКАЛЬНЫЙ$) = -16.736951360660854
correctionProbability (#АДИНИСТРАЦИЯ$ -> #АДМИНИСТРАЦИЯ$) = -17.455065379193044
correctionProbability (#DOCHKIS8NOCHKI$ -> #DOCHKISINOCHKI$) = -28.97095431856755
correctionProbability (#ОЗНАКОМИТСЯ$ -> #ОЗНАКОМИТЬСЯ$) = -26.175841257040354
correctionProbability (#ПРИВЕИ$ -> #ПРИВЕТ$) = -9.108203131054726
correctionProbability (#ПРЕЗЕН$ -> #ПРЕЗЕНТ$) = -13.895139788871546
correctionProbability (#ГЕЯВ$ -> #ГЕЕВ$) = -11.481423663926616
correctionProbability (#УФЛИ$ -> #ТУФЛИ$) = -11.53901395488116
correctionProbability (#ОТЗИВИ$ -> #ОТЗЫВЫ$) = -69.52341128033964
correctionProbability (#АККАМУЛЯТОРНАЯ$ -> #АККУМУЛЯТОРНАЯ$) = -23.626271113383652
correctionProbability (#ХМЕЛЬНИЦКОМУ$ -> #ХМЕЛЬНИЦЬКОМУ$) = -25.455172664930743
correctionProbability (#ОБЛАТСЬ$ -> #ОБЛАСТЬ$) = -75.22706425444674
correctionProbability (#ДАВЛЕНЯ$ -> #ДАВЛЕНИЯ$) = -12.829902354353294
correctionProbability (#MVIDEOR$ -> #MVIDEO$) = -15.547822507239534
correctionProbability (#НЭКСТ$ -> #НЕКСТ$) = -11.637614518323279
correctionProbability (#БЕСПЛАТНЫК$ -> #БЕСПЛАТНЫЕ$) = -12.40646119598376
correctionProbability (#НЮЛС$ -> #НУЛС$) = -16.259624356913516
correctionProbability (#РАСВЕТА$ -> #РАССВЕТА$) = -16.767834568548253
correctionProbability (#ТОТЕНХЭМ$ -> #ТОТТЕНХЭМ$) = -20.00058665671552
correctionProbability (#ГРАНИЧЕТ$ -> #ГРАНИЧИТ$) = -19.444891914906165
correctionProbability (#ПРИМУДРАЯ$ -> #ПРЕМУДРАЯ$) = -22.27108167568103
correctionProbability (#CORDS$ -> #CHORDS$) = -18.254914271773632
correctionProbability (#КАЛОДКАХ$ -> #КОЛОДКАХ$) = -23.70558012414397
correctionProbability (#ПРОФЕЦИОНАЛЬНЫХ$ -> #ПРОФЕССИОНАЛЬНЫХ$) = -90.39931668963504
correctionProbability (#КАРАБЛИКИ$ -> #КОРАБЛИКИ$) = -19.619329486499012
correctionProbability (#ЛЮДМТЛА$ -> #ЛЮДМИЛА$) = -11.529294124864386
correctionProbability (#ЛИЗБИЯКИ$ -> #ЛЕСБИЯНКИ$) = -144.03934930840492
correctionProbability (#РАСВЕТЕ$ -> #РАССВЕТЕ$) = -19.230598260541754
correctionProbability (#ВКОНТАКТН$ -> #ВКОНТАКТЕ$) = -6.538781907726921
correctionProbability (#ДКЕЬ$ -> #ДЕНЬ$) = -71.67700761643427
correctionProbability (#ПРАЗНИКОМ$ -> #ПРАЗДНИКОМ$) = -18.49433138227743
correctionProbability (#SGY71$ -> #SGO71$) = -17.10689817004798
correctionProbability (#РОССРЕЕСТР$ -> #РОСРЕЕСТР$) = -15.298658563369976
correctionProbability (#ГРКППЫ$ -> #ГРУППЫ$) = -9.010253811775808
correctionProbability (#ГОУСЛУГИ$ -> #ГОСУСЛУГИ$) = -9.712959873682685
correctionProbability (#ПОВЗДОШНОЙ$ -> #ПОДВЗДОШНОЙ$) = -25.668159452279
correctionProbability (#ПИШНУЮ$ -> #ПЫШНУЮ$) = -18.94579822003728
correctionProbability (#CHATUARBTE$ -> #CHATURBATE$) = -86.67774316330211
correctionProbability (#МАСКСШОП$ -> #МАКСИШОП$) = -101.66745080165481
correctionProbability (#РАССЧЕТЫ$ -> #РАСЧЕТЫ$) = -19.499678469616015
correctionProbability (#АРАНЖЕВЫЙ$ -> #ОРАНЖЕВЫЙ$) = -16.947704805600573
correctionProbability (#ВКОНТАКТК$ -> #ВКОНТАКТЕ$) = -6.537738573279597
correctionProbability (#ТАПБОР$ -> #ТАБОР$) = -10.428455369768255
correctionProbability (#БИАЛОГИИ$ -> #БИОЛОГИИ$) = -12.296326699589194
correctionProbability (#АНГЛИСКИХ$ -> #АНГЛИЙСКИХ$) = -18.83284406346761
correctionProbability (#СНОВИДНГИЯ$ -> #СНОВИДЕНИЯ$) = -88.51180708850582
correctionProbability (#АВАРЯ$ -> #АВАРИЯ$) = -11.32875275605777
correctionProbability (#ДРАГМЕТАЛОВ$ -> #ДРАГМЕТАЛЛОВ$) = -22.489358953504997
correctionProbability (#ФАНИФЕМЕЛИ$ -> #ФАНИФЕМЕИЛИ$) = -31.536472388091767
correctionProbability (#КАЛОНИЯ$ -> #КОЛОНИЯ$) = -15.916940954363128
correctionProbability (#KRAFTER$ -> #CRAFTER$) = -21.787759909990726
correctionProbability (#ТЕКСАТ$ -> #ТЕКСТ$) = -8.424703351992154
correctionProbability (#КОНДИДАТЫ$ -> #КАНДИДАТЫ$) = -20.742049907453513
correctionProbability (#МАЕГО$ -> #МОЕГО$) = -10.874811185705259
correctionProbability (#БЕЛОРУСКИЙ$ -> #БЕЛОРУССКИЙ$) = -17.170985639494617
correctionProbability (#МЕГОФОНА$ -> #МЕГАФОНА$) = -17.04202773546006
correctionProbability (#КАЗИНАК$ -> #КОЗИНАК$) = -26.001194700366923
correctionProbability (#ПРИЧИНК$ -> #ПРИЧИНУ$) = -15.92501840746624
correctionProbability (#ДЛИНИЕ$ -> #ДЛИННЫЕ$) = -76.56787114256528
correctionProbability (#КОМПЮТЕРНЫЙ$ -> #КОМПЬЮТЕРНЫЙ$) = -19.029664225806663
correctionProbability (#РАЗВЛЕЧЕНИЯИ$ -> #РАЗВЛЕЧЕНИЯ$) = -20.696563255071325
correctionProbability (#АБОБЕ$ -> #АДОБЕ$) = -14.475639117113271
correctionProbability (#КАХАХСТАН$ -> #КАЗАХСТАН$) = -11.13301708706296
correctionProbability (#МЕДВЕД$ -> #МЕДВЕДЬ$) = -5.647081249587947
correctionProbability (#САЛАНЧИК$ -> #САЛОНЧИК$) = -33.73442510501514
correctionProbability (#ГДАНСК$ -> #ГДАНЬСК$) = -19.325653087183433
correctionProbability (#ВВАРИТЬ$ -> #ВАРИТЬ$) = -14.065068355265499
correctionProbability (#ФОЛЬКЛЕРА$ -> #ФОЛЬКЛОРА$) = -21.201177804809625
correctionProbability (#УФАМАМ$ -> #УФАМАМА$) = -16.526561015894444
correctionProbability (#ЧЕМПИОНКТ$ -> #ЧЕМПИОНАТ$) = -11.33497247394029
correctionProbability (#ДАВОЙ$ -> #ДАВАЙ$) = -9.811953080382981
correctionProbability (#БРОЛЕРОВ$ -> #БРОЙЛЕРОВ$) = -20.39129097794703
correctionProbability (#ОКУЛЬТИЗМ$ -> #ОККУЛЬТИЗМ$) = -25.099610297840705
correctionProbability (#ВВТОБУС$ -> #АВТОБУС$) = -10.12344261393904
correctionProbability (#КААЛ$ -> #КАНАЛ$) = -6.301766241195114
correctionProbability (#ТОНЗИЛЛОРОМ$ -> #ТОНЗИЛОРОМ$) = -31.658495062655057
correctionProbability (#ТАНКУЙ$ -> #ТАНЦУЙ$) = -12.62524371390398
correctionProbability (#КСТЬ$ -> #ЕСТЬ$) = -6.623111581320213
correctionProbability (#САФИУЛИНА$ -> #САФИУЛЛИНА$) = -25.189373539019698
correctionProbability (#ВИДРО$ -> #ВИДЕО$) = -1.7431504141182756
correctionProbability (#РИНКА$ -> #РЫНКА$) = -12.041323972004061
correctionProbability (#ПООЗИ$ -> #ПОЗЗИ$) = -10.297006955616741
correctionProbability (#ФУЛБЭК$ -> #ФУЛБЕК$) = -22.016283032278352
correctionProbability (#ЯНДЕ4С$ -> #ЯНДЕКС$) = -2.2541939174887986
correctionProbability (#ПРИЧИНО$ -> #ПРИЧИНА$) = -12.125766155894269
correctionProbability (#ФАНПЕЙН$ -> #ФАНПЕЙ$) = -18.795180727499673
correctionProbability (#ТОВАРИЩЬ$ -> #ТОВАРИЩ$) = -19.688192033308866
correctionProbability (#АМОКСИЛАВ$ -> #АМОКСИКЛАВ$) = -18.519675474391697
correctionProbability (#ФОКСФОРЛ$ -> #ФОКСФОРД$) = -16.562348078757864
correctionProbability (#ГИМАЛАЯ$ -> #ГИМАЛАИ$) = -19.30850534321071
correctionProbability (#ВАРЕННУЮ$ -> #ВАРЕНУЮ$) = -23.182265450510513
correctionProbability (#ВКОНТАКТІ$ -> #ВКОНТАКТЕ$) = -6.545608365890935
correctionProbability (#РИНКЕ$ -> #РЫНКЕ$) = -12.596586441852043
correctionProbability (#ЛІНГВА$ -> #ЛИНГВА$) = -19.354546017445383
correctionProbability (#ВАСЕРМАНА$ -> #ВАССЕРМАНА$) = -24.823802709567353
correctionProbability (#ЗАРЧАСТИ$ -> #ЗАПЧАСТИ$) = -10.072614910602674
correctionProbability (#YAZZ$ -> #JAZZ$) = -15.259934011975655
correctionProbability (#ПОДСМАТРЕВАЕТ$ -> #ПОДСМАТРИВАЕТ$) = -25.415934914376933
correctionProbability (#POREWO$ -> #POREVO$) = -17.625858221335196
correctionProbability (#ЗЕАК$ -> #ЗНАК$) = -7.70599065115449
correctionProbability (#ЛЕЛИНАБАД$ -> #ЛЕНИНАБАД$) = -26.85647581729817
correctionProbability (#ФЕРРОМОНЫ$ -> #ФЕРОМОНЫ$) = -22.230816217058738
correctionProbability (#ПОДПИШИКОВ$ -> #ПОДПИСЧИКОВ$) = -84.13337557956251
correctionProbability (#РЕНГЕН$ -> #РЕНТГЕН$) = -15.087425346114557
correctionProbability (#ПОРФОЛИО$ -> #ПОРТФОЛИО$) = -14.466085298497845
correctionProbability (#МИМР$ -> #МИР$) = -7.171252796176599
correctionProbability (#БОЯН$ -> #БАЯН$) = -12.396445440739182
correctionProbability (#УЛИЦКЛЙ$ -> #УЛИЦКОЙ$) = -23.20567691474796
correctionProbability (#СТЕКЛЯНЫХ$ -> #СТЕКЛЯННЫХ$) = -19.42864920551242
correctionProbability (#СОДЕРЖЕНИЕ$ -> #СОДЕРЖАНИЕ$) = -13.452079140257744
correctionProbability (#HAKOP$ -> #HAKOB$) = -20.55088198506729
correctionProbability (#ГРКППА$ -> #ГРУППА$) = -7.549843286922336
correctionProbability (#КАДРИМИ$ -> #КАДРАМИ$) = -21.663912357027677
correctionProbability (#ПОЛЬНОСТЬЮ$ -> #ПОЛНОСТЬЮ$) = -15.483187685342337
correctionProbability (#КЛНТРОЛИРУЕМАЯ$ -> #КОНТРОЛИРУЕМАЯ$) = -31.326618138293696
correctionProbability (#DOLCHE$ -> #DOLCE$) = -18.331235662631887
correctionProbability (#ПОЛИЦЕЙКИЙ$ -> #ПОЛИЦЕЙСКИЙ$) = -14.546279449490925
correctionProbability (#VALLET$ -> #WALLET$) = -16.92554884518768
correctionProbability (#STICH$ -> #STITCH$) = -20.222638043446228
correctionProbability (#ХАОЬКОВ$ -> #ХАРЬКОВ$) = -10.621970372377618
correctionProbability (#СИЛЬНОЯ$ -> #СИЛЬНАЯ$) = -12.43214303416012
correctionProbability (#ПСИХИЛОГИЯ$ -> #ПСИХОЛОГИЯ$) = -15.330019862700418
correctionProbability (#ВИНДОВ$ -> #ВИНДОВС$) = -10.334705016124012
correctionProbability (#КОМПЮТЕРНЫХ$ -> #КОМПЬЮТЕРНЫХ$) = -21.976173901265206
correctionProbability (#ТРЕЩЕНЫ$ -> #ТРЕЩИНЫ$) = -16.014525535327124
correctionProbability (#ОСТЕОМЕЛИТА$ -> #ОСТЕОМИЕЛИТА$) = -28.226454120824343
correctionProbability (#ВКОНТАКСЕ$ -> #ВКОНТАКТЕ$) = -6.531712770563921
correctionProbability (#KOLENDAR$ -> #KALENDAR$) = -20.838137797195117
correctionProbability (#ПРИСТОЛ$ -> #ПРЕСТОЛ$) = -16.4988492865062
correctionProbability (#КРЕНЬ$ -> #КОРЕНЬ$) = -12.186266726180481
correctionProbability (#СВЕРХЬЕСТЕСТВЕННОЕ$ -> #СВЕРХЪЕСТЕСТВЕННОЕ$) = -21.98085849003011
correctionProbability (#БОРОВІЙ$ -> #БОРДОВЫЙ$) = -83.03611103453953
correctionProbability (#ДАВЛЕНЕ$ -> #ДАВЛЕНИЕ$) = -12.973947693877165
correctionProbability (#ЗАПОРИЖЖЯ$ -> #ЗАПОРІЖЖЯ$) = -22.50609986076652
correctionProbability (#КРАССВОРД$ -> #КРОССВОРД$) = -13.87019037861134
correctionProbability (#ПРМИДОРОВ$ -> #ПОМИДОРОВ$) = -16.293777944087935
correctionProbability (#СИГНАТЮРЕ$ -> #СИГНАТУРЕ$) = -26.043642740265774
correctionProbability (#ДОИОВ$ -> #ДОМОВ$) = -8.088766049621864
correctionProbability (#ТЕМПЕРАТУРВ$ -> #ТЕМПЕРАТУРА$) = -14.931819853962494
correctionProbability (#АРБОКАЙТЕ$ -> #ОРБАКАЙТЕ$) = -81.16427780155406
correctionProbability (#КОТЬОЛ$ -> #КОТЕЛ$) = -76.8798792043975
correctionProbability (#ТРЕЩЕНУ$ -> #ТРЕЩИНУ$) = -18.911621010442488
correctionProbability (#ЭКСПЕРЕМЕНТИРОВАНИЕ$ -> #ЭКСПЕРИМЕНТИРОВАНИЕ$) = -32.56950694834918
correctionProbability (#САМВЭЛ$ -> #САМВЕЛ$) = -14.149304160165652
correctionProbability (#КСТЕ$ -> #КЕСТЕ$) = -16.603504418630624
correctionProbability (#STADNYK$ -> #STADNIK$) = -33.120525228015026
correctionProbability (#ТРАНСПОРТНА$ -> #ТРАНСПОРТНАЯ$) = -17.956603395215843
correctionProbability (#NETFIX$ -> #NETFLIX$) = -11.841448251926522
correctionProbability (#СИСТЕМНЫ$ -> #СИСТЕМНЫЕ$) = -16.425162041957982
correctionProbability (#БРАУЗР$ -> #БРАУЗЕР$) = -10.857054086057275
correctionProbability (#PEDROS$ -> #PERDOS$) = -85.63725083163658
correctionProbability (#GПРЕЗЕНТ$ -> #ПРЕЗЕНТ$) = -15.904448166350775
correctionProbability (#СТПРЫЕ$ -> #СТАРЫЕ$) = -9.913673610822048
correctionProbability (#ПОЛОВЫНКИ$ -> #ПОЛОВИНКИ$) = -20.12546113149562
correctionProbability (#РАЖВЕДОЧНИЙ$ -> #РАЗВЕДОЧНЫЙ$) = -94.77413777958843
correctionProbability (#ПОРОЛЕЛЬНАЯ$ -> #ПАРАЛЛЕЛЬНАЯ$) = -153.64425605621176
correctionProbability (#МАРКИТА$ -> #МАРКЕТА$) = -18.546206097423884
correctionProbability (#АСТРАХАНТ$ -> #АСТРАХАНЬ$) = -12.91089767077478
correctionProbability (#БЕССОНИЦЫ$ -> #БЕССОННИЦЫ$) = -21.403657376415588
correctionProbability (#ГУЛМИРА$ -> #ГУЛЬМИРА$) = -21.2389751359917
correctionProbability (#ЗАЕОН$ -> #ЗАКОН$) = -8.006591564869087
correctionProbability (#ОБРАШЕНИЯ$ -> #ОБРАЩЕНИЯ$) = -16.778970065845478
correctionProbability (#МОНІТОРА$ -> #МОНИТОРА$) = -16.119929101711
correctionProbability (#PORNHOOB$ -> #PORNHUB$) = -78.69612241895128
correctionProbability (#КУРСАВОЙ$ -> #КУРСОВОЙ$) = -15.252933473326202
correctionProbability (#АСТРАХАНЕ$ -> #АСТРАХАНИ$) = -14.381378641147883
correctionProbability (#КААХСТАН$ -> #КАЗАХСТАН$) = -11.732497062522746
correctionProbability (#ИНСТПУКЦИЯ$ -> #ИНСТРУКЦИЯ$) = -9.397308946161438
correctionProbability (#ПОЯЛЬНАЯ$ -> #ПАЯЛЬНАЯ$) = -19.585266771990923
correctionProbability (#БОЯД$ -> #БОЯРД$) = -9.980950783586739
correctionProbability (#ОБЛИПИХИ$ -> #ОБЛЕПИХИ$) = -18.580206130208182
correctionProbability (#НАРОДНЕ$ -> #НАРОДНЫЕ$) = -12.405959973154651
correctionProbability (#ГОУГЛ$ -> #ГУГЛ$) = -5.5038712873604005
correctionProbability (#ПИЛОСОСА$ -> #ПЫЛЕСОСА$) = -80.49877446742462
correctionProbability (#АНГЛИСКЛМ$ -> #АНГЛИЙСКОМ$) = -77.31353949907667
correctionProbability (#ВАЦЦАП$ -> #ВАЦАП$) = -13.499341860514026
correctionProbability (#CEKEC$ -> #CEKC$) = -14.826072733450648
correctionProbability (#ДОЛЛИР$ -> #ДОЛЛАР$) = -11.655855096619131
correctionProbability (#АКАДКМИЯ$ -> #АКАДЕМИЯ$) = -11.938487296276271
correctionProbability (#ТЯГОЧЕЙ$ -> #ТЯГАЧЕЙ$) = -20.087145634963804
correctionProbability (#КУПЛЕНУЮ$ -> #КУПЛЕННУЮ$) = -23.062901252039545
correctionProbability (#ЛЧШИЙ$ -> #ЛУЧШИЙ$) = -10.001060167709529
correctionProbability (#ЧУВСТ$ -> #ЧУВСТВ$) = -14.969234662327512
correctionProbability (#ЛУНГРЕН$ -> #ЛУНДГРЕН$) = -21.26303133113604
correctionProbability (#ЛАСКОВЫИ$ -> #ЛАСКОВЫЙ$) = -15.454369334372586
correctionProbability (#БЕССОНИЦЕ$ -> #БЕССОННИЦЕ$) = -26.684258055758797
correctionProbability (#ЛИМАКС$ -> #ЛЕМАКС$) = -17.462695883252454
correctionProbability (#АПРЕШЬ$ -> #АПРЕЛЬ$) = -14.07695035723781
correctionProbability (#КССС$ -> #КСС$) = -14.758880692304846
correctionProbability (#SAMUNG$ -> #SAMSUNG$) = -10.508812259485154
correctionProbability (#ВОМЕН$ -> #ВУМЕН$) = -11.027741096109846
correctionProbability (#GLORI$ -> #GLORY$) = -16.78076745009059
correctionProbability (#ОБЛИПИХА$ -> #ОБЛЕПИХА$) = -17.905048337096737
correctionProbability (#ВАРОНА$ -> #ВОРОНА$) = -12.236091949909135
correctionProbability (#ДИЛИРОН$ -> #ДИЛЕРОН$) = -15.954528638968199
correctionProbability (#ЖАНУАРЛАРДЫН$ -> #ЖАНУАРЛАРДЫҢ$) = -22.893462890931083
correctionProbability (#ШАНТАШ$ -> #ШАНТАЖ$) = -16.281923827508027
correctionProbability (#MACROSOFT$ -> #MICROSOFT$) = -14.473257878896156
correctionProbability (#ПРИЧИНІ$ -> #ПРИЧИНЫ$) = -9.98557818094141
correctionProbability (#YUR$ -> #YOUR$) = -7.226466588478591
correctionProbability (#MULTIPLIKACION$ -> #MULTIPLICACION$) = -40.18973902266653
correctionProbability (#МУУЛЬТИК$ -> #МУЛЬТИК$) = -9.362304992933474
correctionProbability (#СЛЧИ$ -> #СОЧИ$) = -6.577163395001843
correctionProbability (#СКВАЖНИКОВ$ -> #СКВОЗНЯКОВ$) = -156.17335715692005
correctionProbability (#КАСАНОВ$ -> #ГАСАНОВ$) = -19.27260749879286
correctionProbability (#ВЫБОРСКОЙ$ -> #ВЫБОРГСКОЙ$) = -26.92785652091831
correctionProbability (#ГЕМАФРОДИТЫ$ -> #ГЕРМАФРОДИТЫ$) = -23.51568221836075
correctionProbability (#ДРЕССА$ -> #АДРЕСА$) = -77.42795139366228
correctionProbability (#ПРИЧИНВ$ -> #ПРИЧИНЫ$) = -9.982403460572293
correctionProbability (#ИНСТЬАГРАМ$ -> #ИНСТАГРАМ$) = -11.005966621475942
correctionProbability (#УСТРОИСТВ$ -> #УСТРОЙСТВ$) = -17.77390604684515
correctionProbability (#ROSSISKIE$ -> #ROSSIYSKIE$) = -25.486900021227086
correctionProbability (#TRANSATE$ -> #TRANSLATE$) = -13.911218320519602
correctionProbability (#БЕССОНИЦА$ -> #БЕССОННИЦА$) = -20.06498011963408
correctionProbability (#ЛЧШИЕ$ -> #ЛУЧШИЕ$) = -7.475840761642061
correctionProbability (#MERSEDEZ$ -> #MERCEDES$) = -78.09041158623837
correctionProbability (#НАКАЧАНЫЕ$ -> #НАКАЧЕННЫЕ$) = -87.28317312236463
correctionProbability (#ТКАНБ$ -> #ТКАНЬ$) = -10.309567513460795
correctionProbability (#КПРАЗДНИК$ -> #ПРАЗДНИК$) = -13.393317177388575
correctionProbability (#БОЮС$ -> #БОЮСЬ$) = -15.70257767544793
correctionProbability (#СОДЕРЖАНИ$ -> #СОДЕРЖАНИЕ$) = -14.000533243071914
correctionProbability (#ЖАША$ -> #ДАША$) = -9.113096750895256
correctionProbability (#LINKDIN$ -> #LINKEDIN$) = -20.28325008584168
correctionProbability (#БОГАМС$ -> #БОНГАКАМС$) = -146.9639860719827
correctionProbability (#ПРАСТАКВАШЕНО$ -> #ПРОСТОКВАШИНО$) = -146.83319383197596
correctionProbability (#ПИСТАЛЕТ$ -> #ПИСТОЛЕТ$) = -13.398738342183037
correctionProbability (#БЕНЗОНОСОС$ -> #БЕНЗОНАСОС$) = -19.16832921915349
correctionProbability (#GRENN$ -> #GREEN$) = -11.91471548282242
correctionProbability (#СИГВЭЙ$ -> #СИГВЕЙ$) = -20.00524502006161
correctionProbability (#КЛУЧИ$ -> #КЛЮЧИ$) = -9.73010059412574
correctionProbability (#ЗНАЧЕНИН$ -> #ЗНАЧЕНИЕ$) = -10.835230569943299
correctionProbability (#ЗАССЕЕВ$ -> #ЗАСЕЕВ$) = -27.281226734961976
correctionProbability (#SHOHRUXXON$ -> #SHOHRUHXON$) = -23.92141475745114
correctionProbability (#КАРОЛІНА$ -> #КАРОЛИНА$) = -15.523173818917051
correctionProbability (#ЗНАЧЕНИК$ -> #ЗНАЧЕНИЕ$) = -10.834079035036105
correctionProbability (#ПРХВАТКА$ -> #ПРИХВАТКА$) = -21.330222664013903
correctionProbability (#ИММИГРАЦИОННАЯ$ -> #МИГРАЦИОННАЯ$) = -91.0794520752757
correctionProbability (#ПРИЛРДЕНИЕ$ -> #ПРИЛОЖЕНИЕ$) = -78.04025417268012
correctionProbability (#ЭЛЕАНОРА$ -> #ЭЛЕОНОРА$) = -18.59066039920554
correctionProbability (#ПИШЕШ$ -> #ПИШЕШЬ$) = -17.276799697399543
correctionProbability (#ТРУГОЛЬНИКА$ -> #ТРЕУГОЛЬНИКА$) = -18.71319656164735
correctionProbability (#ДУЭЛЕ$ -> #ДУЭЛИ$) = -18.220202347744003
correctionProbability (#СПОРЬ$ -> #СПОРТ$) = -6.871053646714238
correctionProbability (#ФУНКИЯ$ -> #ФУНКЦИЯ$) = -14.535299035138912
correctionProbability (#ЮЕРЕМЕННОСТИ$ -> #БЕРЕМЕННОСТИ$) = -14.795596725360078
correctionProbability (#СБИСС$ -> #СБИС$) = -11.910277853589907
correctionProbability (#МИПА$ -> #МИРА$) = -5.884351894612077
correctionProbability (#ЖОРДАН$ -> #ДЖОРДАН$) = -18.184933236210483
correctionProbability (#PRASHIVKA$ -> #PROSHIVKA$) = -24.997840619042876
correctionProbability (#РОМИЛЬ$ -> #РАМИЛЬ$) = -14.627179679258983
correctionProbability (#СЛЫВ$ -> #СЛІВ$) = -16.06055358367158
correctionProbability (#ИНФОРМАЦІЯ$ -> #ІНФОРМАЦІЯ$) = -21.63017106623372
correctionProbability (#ШЫФЕНГ$ -> #ШИФЕНГ$) = -22.72255451892657
correctionProbability (#ВАКУМНИЙ$ -> #ВАКУУМНЫЙ$) = -82.12158096648962
correctionProbability (#КИІВСЬКИЙ$ -> #КИЇВСЬКИЙ$) = -21.3818402453499
correctionProbability (#СОДАНИЕ$ -> #СОЗДАНИЕ$) = -12.250473932303088
correctionProbability (#СИКЬЮРИТИ$ -> #СЕКЬЮРИТИ$) = -19.05974308472613
correctionProbability (#ВЛОМАННЫЙ$ -> #ВЗЛОМАННЫЙ$) = -16.28638568899825
correctionProbability (#МИЛИМЕТРЫ$ -> #МИЛЛИМЕТРЫ$) = -24.75480468980644
correctionProbability (#ВАКУМНИК$ -> #ВАКУУМНИК$) = -24.824590776695757
correctionProbability (#БЫЙКАЛ$ -> #БАЙКАЛ$) = -12.348824170174698
correctionProbability (#ЗАПОПОЖЬЕ$ -> #ЗАПОРОЖЬЕ$) = -13.824844041691641
correctionProbability (#ФЛШ$ -> #ФЛЕШ$) = -9.484272127505239
correctionProbability (#ВОЛГОРАДСКАЯ$ -> #ВОЛГОГРАДСКАЯ$) = -20.33525347829992
correctionProbability (#ОТКОЫТИЕ$ -> #ОТКРЫТИЕ$) = -11.3375793336238
correctionProbability (#BLAZZERS$ -> #BRAZZERS$) = -14.105235851368285
correctionProbability (#OKTAVIA$ -> #OCTAVIA$) = -17.243075352898337
correctionProbability (#СПИНИНГОВ$ -> #СПИННИНГОВ$) = -24.446085757860423
correctionProbability (#БЕНЗОПЕЛУ$ -> #БЕНЗОПИЛУ$) = -18.787439569325826
correctionProbability (#БООСТЕР$ -> #БУСТЕР$) = -80.67060199265036
correctionProbability (#TURECSKIE$ -> #TURECKIE$) = -20.697727115452217
correctionProbability (#СПОРТЕЙЖ$ -> #СПОРТЕЙДЖ$) = -16.30422053787293
correctionProbability (#ОКИАН$ -> #ОКЕАН$) = -11.166728892656653
correctionProbability (#ЗОЛОТ$ -> #ЗОЛОТО$) = -11.231404197046007
correctionProbability (#МЕРКУРИЕ$ -> #МЕРКУРИИ$) = -20.445775217086144
correctionProbability (#ФИЛОДЕЛЬФИЯ$ -> #ФИЛАДЕЛЬФИЯ$) = -21.460023114651634
correctionProbability (#РАНХИС$ -> #РАНХИГС$) = -16.34753423273262
correctionProbability (#NATURIZM$ -> #NATURISM$) = -18.49870330649643
correctionProbability (#ДЕВУЩКА$ -> #ДЕВУШКА$) = -8.558960956435385
correctionProbability (#АСТГАГУШАК$ -> #АСТХАГУШАК$) = -27.836023067203442
correctionProbability (#КАВЕ$ -> #КАФЕ$) = -7.4352320041358375
correctionProbability (#ПООДЫ$ -> #ПОГОДЫ$) = -9.207263046815111
correctionProbability (#СОККЕ$ -> #СОККЕР$) = -13.768400278604265
correctionProbability (#ДОРОЖНЕГО$ -> #ДОРОЖНОГО$) = -14.328156740513528
correctionProbability (#СИНОПЬИК$ -> #СИНОПТИК$) = -11.260866677440497
correctionProbability (#ФИЛЕРОВ$ -> #ФИЛЛЕРОВ$) = -24.48632888257911
correctionProbability (#МИОР$ -> #МИР$) = -7.148255161647906
correctionProbability (#ЯНДЕКЧС$ -> #ЯНДЕКС$) = -4.780546957475263
correctionProbability (#СМТЕТЬ$ -> #СМОТРЕТЬ$) = -68.3037903736146
correctionProbability (#БИТХОВЕН$ -> #БЕТХОВЕН$) = -15.464989527999414
correctionProbability (#АЛТАЙМОВ$ -> #АЛТАЙМАГ$) = -91.43483374802967
correctionProbability (#ИНСЮУРГ$ -> #ИНСБУРГ$) = -24.46656206855277
correctionProbability (#ПОКОЖИ$ -> #ПОКАЖИ$) = -14.327519123010891
correctionProbability (#АМУДСЕНА$ -> #АМУНДСЕНА$) = -24.36723645201439
correctionProbability (#ФЛМ$ -> #ФИЛЬМ$) = -67.04303518791815
correctionProbability (#ЗАПЕЧЁНАЯ$ -> #ЗАПЕЧЕННАЯ$) = -82.00451652128068
correctionProbability (#БЕЛОРУСБАНК$ -> #БЕЛАРУСБАНК$) = -16.565329567158045
correctionProbability (#ЖТОТ$ -> #ЭТОТ$) = -10.04103404493873
correctionProbability (#ОБГРЕВАТЕЛЬ$ -> #ОБОГРЕВАТЕЛЬ$) = -19.09096401885214
correctionProbability (#ПЕТРОПАВ$ -> #ПЕТРОПАВЛ$) = -24.189202786156336
correctionProbability (#ОТФАРМОТИРОВАТЬ$ -> #ОТФОРМАТИРОВАТЬ$) = -90.5867833732348
correctionProbability (#ИНДЖЕКТОР$ -> #ИНЖЕКТОР$) = -17.752283538969024
correctionProbability (#КАКТЕЛЬ$ -> #КОКТЕЙЛЬ$) = -81.04181097694057
correctionProbability (#ИДЕОПАТИЧЕСКАЯ$ -> #ИДИОПАТИЧЕСКАЯ$) = -29.734001589950047
correctionProbability (#СПРАЙС$ -> #ПРАЙС$) = -12.00670656760494
correctionProbability (#УВЕДОМЛЕНИЕИ$ -> #УВЕДОМЛЕНИЕМ$) = -25.068720777846117
correctionProbability (#ФЛЕ$ -> #ФЛЕШ$) = -9.47974903980182
correctionProbability (#ДОККМЕНТЫ$ -> #ДОКУМЕНТЫ$) = -12.472981560614414
correctionProbability (#БАЗАВАЯ$ -> #БАЗОВАЯ$) = -16.25517787332609
correctionProbability (#СОДАНИЯ$ -> #СОЗДАНИЯ$) = -13.813193519818931
correctionProbability (#ВЗАНИЕ$ -> #ВЯЗАНИЕ$) = -9.55056942896534
correctionProbability (#ВЕЛЕЖАЕВА$ -> #ВЕЛЕЖЕВА$) = -17.204068583997632
correctionProbability (#TREAPMYDREAM$ -> #TRIPMYDREAM$) = -88.59741841456885
correctionProbability (#МСТОРИЯ$ -> #ИСТОРИЯ$) = -8.131416533258268
correctionProbability (#РИВЕРДЭЙЛА$ -> #РИВЕРДЕЙЛА$) = -22.367305999866417
correctionProbability (#БЕЛАРУСКОЕ$ -> #БЕЛОРУССКОЕ$) = -86.14504896397463
correctionProbability (#ЖИЛЕЗНЫЙ$ -> #ЖЕЛЕЗНЫЙ$) = -13.60126610247746
correctionProbability (#ОТЧАИНЫЕ$ -> #ОТЧАЯННЫЕ$) = -77.83942381365804
correctionProbability (#РАЗПИЛА$ -> #РАСПИЛА$) = -21.700792864618748
correctionProbability (#ЩАЗАМ$ -> #ШАЗАМ$) = -12.810063614279873
correctionProbability (#ДЕВСОНОК$ -> #ДЕВЧОНОК$) = -17.306320384957885
correctionProbability (#ЧАИЛДА$ -> #ЧАЙЛЬД$) = -154.53219134169825
correctionProbability (#ГЕРОВ$ -> #ГЕРОЕВ$) = -12.104462590716029
correctionProbability (#ФНД$ -> #ФОНД$) = -8.949071525403117
correctionProbability (#ЛЕЦЕНЗИЕЙ$ -> #ЛИЦЕНЗИЕЙ$) = -19.508010497221072
correctionProbability (#МИНЮ$ -> #МЕНЮ$) = -8.223414084158993
correctionProbability (#СТАЛКИР$ -> #СТАЛКЕР$) = -10.120904034046994
correctionProbability (#АДНАКССНИКИ$ -> #ОДНОКЛАССНИКИ$) = -206.5295094933942
correctionProbability (#ПОЛЬЗАВАТСЯ$ -> #ПОЛЬЗОВАТЬСЯ$) = -81.69382176025286
correctionProbability (#МИНЯ$ -> #МЕНЯ$) = -6.006373209438458
correctionProbability (#SUMER$ -> #SUMMER$) = -14.212301975290313
correctionProbability (#УНЕВЕР$ -> #УНИВЕР$) = -11.719790534079397
correctionProbability (#ЛИМОНИК$ -> #ЛИМОННИК$) = -19.42851709398537
correctionProbability (#НУДИЕКИ$ -> #НУДИКИ$) = -23.657423502193723
correctionProbability (#ВВОРД$ -> #ВОРД$) = -11.758537870277788
correctionProbability (#КРАСЛЕР$ -> #КРАЙСЛЕР$) = -17.198984718436684
correctionProbability (#ПООДА$ -> #ПОГОДА$) = -1.771997227608093
correctionProbability (#ПРИРОДН$ -> #ПРИРОДЕ$) = -11.639210254182132
correctionProbability (#ОСИМДИК$ -> #ӨСІМДІК$) = -148.4732046268005
correctionProbability (#ЬОРГИ$ -> #ТОРГИ$) = -12.493964995143049
correctionProbability (#ПОЛЯГАЕ$ -> #ПОЛЯГАЄ$) = -20.654754346917727
correctionProbability (#БЕРЕМЕНА$ -> #БЕРЕМЕННА$) = -16.60279994874376
correctionProbability (#КОЛОГЕНА$ -> #КОЛЛАГЕНА$) = -88.80244062687774
correctionProbability (#МЭГРЕ$ -> #МЕГРЭ$) = -82.9702938565114
correctionProbability (#PILMI$ -> #FILMI$) = -11.28226563960671
correctionProbability (#СОТСЕТИ$ -> #СОЦСЕТИ$) = -14.054973666565957
correctionProbability (#ВРАНГЕЛИЯ$ -> #ВРАНГЕЛЯ$) = -23.416430852449032
correctionProbability (#АРФОГРАФИЮ$ -> #ОРФОГРАФИЮ$) = -22.579538497835465
correctionProbability (#ОБЕМН$ -> #ОБМЕН$) = -77.82311183085362
correctionProbability (#QUEN$ -> #QUEEN$) = -13.625882396011779
correctionProbability (#МИРОВКА$ -> #ДМИТРОВКА$) = -87.87699540974128
correctionProbability (#ТАЦСКИЕ$ -> #ТАЙСКИЕ$) = -16.66296597756204
correctionProbability (#МУХХАМАД$ -> #МУХАММАД$) = -86.71096703523196
correctionProbability (#КАРТИНККИ$ -> #КАРТИНКИ$) = -7.187340520932217
correctionProbability (#АВРИЙНАЯ$ -> #АВАРИЙНАЯ$) = -18.878700207169167
correctionProbability (#КАЛИНЕНГРАДЕ$ -> #КАЛИНИНГРАДЕ$) = -16.030909459609155
correctionProbability (#ТЕНИССИ$ -> #ТЕННИСИ$) = -89.90166187434203
correctionProbability (#ЛАПУХ$ -> #ЛОПУХ$) = -17.915817205282334
correctionProbability (#OLXI$ -> #OLX$) = -12.214630699949414
correctionProbability (#МИНР$ -> #МИР$) = -7.118134415878618
correctionProbability (#ПОДЕМНИКА$ -> #ПОДЪЕМНИКА$) = -22.545091615070852
correctionProbability (#МИНС$ -> #МИНСК$) = -8.276433936800327
correctionProbability (#РИШЕБНИК$ -> #РЕШЕБНИК$) = -11.304617559988309
correctionProbability (#КОЕФФИЦИЕНТ$ -> #КОЭФФИЦИЕНТ$) = -17.756504770817372
correctionProbability (#ПИРОШКОВ$ -> #ПИРОЖКОВ$) = -12.344841101440991
correctionProbability (#МИНУ$ -> #МИНУС$) = -9.55187165237928
correctionProbability (#РУСКОГОВОРЯЩИЕ$ -> #РУССКОГОВОРЯЩИЕ$) = -31.973226011535388
correctionProbability (#SERIYAL$ -> #SERIAL$) = -14.071261018511539
correctionProbability (#ОБРАЗВОАНИЯ$ -> #ОБРАЗОВАНИЯ$) = -81.2748524742424
correctionProbability (#МСТОРИИ$ -> #ИСТОРИИ$) = -9.119958199822229
correctionProbability (#ПРСЧИТАТЬ$ -> #ПОСЧИТАТЬ$) = -15.734570225268676
correctionProbability (#ДАЛЬНЕБОЙЩИКИ$ -> #ДАЛЬНОБОЙЩИКИ$) = -20.41032315203458
correctionProbability (#FOVQALADA$ -> #FOVQALADE$) = -24.75569000313274
correctionProbability (#УЛИТСА$ -> #УЛИЦА$) = -75.9336123454672
correctionProbability (#ЛЕУАЬ$ -> #ЛЕТУАЛЬ$) = -77.75559040884075
correctionProbability (#МИНМ$ -> #МИНИ$) = -6.662688968438072
correctionProbability (#ТРАФ$ -> #ШТРАФ$) = -11.754681046077966
correctionProbability (#МЕРОПРИЧТИЯ$ -> #МЕРОПРИЯТИЯ$) = -16.337026649886553
correctionProbability (#ЛЕЙДИНГ$ -> #ЛЕНДИНГ$) = -17.500265881473105
correctionProbability (#HOLYWOOD$ -> #HOLLYWOOD$) = -19.28562957313148
correctionProbability (#WARGEIMING$ -> #WARGAMING$) = -86.93315850781129
correctionProbability (#ЯЗЫКУК$ -> #ЯЗЫКУ$) = -8.86205490971955
correctionProbability (#РУСКОГОВОРЯЩИЙ$ -> #РУССКОГОВОРЯЩИЙ$) = -31.940771322309516
correctionProbability (#ПОДІЛЬСКИЙ$ -> #ПОДІЛЬСЬКИЙ$) = -24.702122519753914
correctionProbability (#ИНКАСАТОРОВ$ -> #ИНКАССАТОРОВ$) = -27.02425563711791
correctionProbability (#ИЗБАВИЦА$ -> #ИЗБАВИТЬСЯ$) = -209.91993400800857
correctionProbability (#СИСТЕММА$ -> #СИСТЕМА$) = -11.435133273108889
correctionProbability (#BONGOGAMS$ -> #BONGACAMS$) = -81.62728364046737
correctionProbability (#БУСПЛАТНО$ -> #БЕСПЛАТНО$) = -4.75488937763585
correctionProbability (#РІБІ$ -> #РЫБЫ$) = -73.64545033948158
correctionProbability (#ЯЗЫКУУ$ -> #ЯЗЫКУ$) = -8.888187353658271
correctionProbability (#АФЕЦИАНТКОЙ$ -> #ОФИЦИАНТКОЙ$) = -92.90402355450715
correctionProbability (#СПРАКУ$ -> #СПРАВКУ$) = -14.498061879079799
correctionProbability (#ВАГИНТОЛ$ -> #ВИГАНТОЛ$) = -83.71779487711794
correctionProbability (#АЛЕССАНДРИИ$ -> #АЛЕКСАНДРИИ$) = -23.170222111427336
correctionProbability (#МАНИКРАВТ$ -> #МАЙНКРАФТ$) = -140.48875882591133
correctionProbability (#СИМЛЯТОР$ -> #СИМУЛЯТОР$) = -13.597173532706911
correctionProbability (#ФЛЮРОГРАФИЯ$ -> #ФЛЮОРОГРАФИЯ$) = -23.079834928344333
correctionProbability (#ОБЛОЧНОЕ$ -> #ОБЛАЧНОЕ$) = -21.0520552277345
correctionProbability (#РЕГИСУАЦИИ$ -> #РЕГИСТРАЦИИ$) = -77.63021303349451
correctionProbability (#ФЛЮРОГРАФИЮ$ -> #ФЛЮОРОГРАФИЮ$) = -25.02322512962801
correctionProbability (#ОТВЕТСВЕННЫМ$ -> #ОТВЕТСТВЕННЫМ$) = -27.101345857478606
correctionProbability (#НЕОБЫЯНЫЕ$ -> #НЕОБЫЧНЫЕ$) = -14.855905222194899
correctionProbability (#КРЕСНЫЙ$ -> #КРЕСТНЫЙ$) = -16.186880429380274
correctionProbability (#ПЕРЕВОДЧИТК$ -> #ПЕРЕВОДЧИК$) = -11.143965652377382
correctionProbability (#АНГЛИЗКИ$ -> #АНГЛИЙСКИ$) = -79.49361520191069
correctionProbability (#GMEIL$ -> #GMAIL$) = -8.371367147582067
correctionProbability (#ВИДИОЧАТЫ$ -> #ВИДЕОЧАТЫ$) = -25.595689349295526
correctionProbability (#СЕРЕГО$ -> #СЕРОГО$) = -11.980726475999877
correctionProbability (#ГОГИЛ$ -> #ГУГЛ$) = -70.24457956162824
correctionProbability (#ОТВЕТСВЕННЫЙ$ -> #ОТВЕТСТВЕННЫЙ$) = -23.653033742351035
correctionProbability (#ПРЕКРАССНАЯ$ -> #ПРЕКРАСНАЯ$) = -18.100919230523985
correctionProbability (#РАСПИСАНИП$ -> #РАСПИСАНИЕ$) = -9.672295778528344
correctionProbability (#СВEТАФОР$ -> #СВЕТОФОР$) = -78.60198451407095
correctionProbability (#РОТЕРДАМ$ -> #РОТТЕРДАМ$) = -22.482426512133564
correctionProbability (#SUPREM$ -> #SUPREME$) = -17.53369955417709
correctionProbability (#ОТЫВ$ -> #ОТЗЫВ$) = -11.501439496206249
correctionProbability (#ПОЛОЛКОВ$ -> #ПОТОЛКОВ$) = -13.229245538434306
correctionProbability (#ЛАЙВХАКИ$ -> #ЛАЙФХАКИ$) = -14.063431020559776
correctionProbability (#БАРНАЛ$ -> #БАРНАУЛ$) = -10.617394898416904
correctionProbability (#ОБИО$ -> #ОБОИ$) = -72.95482794101721
correctionProbability (#ПАЛОВНА$ -> #ПАВЛОВНА$) = -18.354151449643034
correctionProbability (#PERREVOD$ -> #PEREVOD$) = -21.581300292717785
correctionProbability (#ЗНАКОМИТСА$ -> #ЗНАКОМИТСЯ$) = -23.036197198494975
correctionProbability (#ЛЕВОЧКИ$ -> #ДЕВОЧКИ$) = -8.603500160539532
correctionProbability (#LUTZK$ -> #LUTSK$) = -23.73488350360617
correctionProbability (#НОМЕРАЦИЯ$ -> #НУМЕРАЦИЯ$) = -18.813695300073597
correctionProbability (#МОЙНКРАФТ$ -> #МАЙНКРАФТ$) = -7.9193025562215595
correctionProbability (#ROBER$ -> #ROBBER$) = -23.175348505992872
correctionProbability (#ФОД$ -> #ФОРД$) = -8.236083483081192
correctionProbability (#ПЕСАТЬ$ -> #ПИСАТЬ$) = -10.832061600317498
correctionProbability (#МУХРЛОВКИ$ -> #МУХОЛОВКИ$) = -25.88026757730472
correctionProbability (#ЛЕВОЧКУ$ -> #ДЕВОЧКУ$) = -12.144775180430763
correctionProbability (#ПИСМЕННЫЙ$ -> #ПИСЬМЕННЫЙ$) = -18.87598061150465
correctionProbability (#САВСЕМ$ -> #СОВСЕМ$) = -12.630195126747818
correctionProbability (#ВРРЕМЯ$ -> #ВРЕМЯ$) = -8.448676446878629
correctionProbability (#ПРОГРАМНОЕ$ -> #ПРОГРАММНОЕ$) = -20.13206482997817
correctionProbability (#ЗАХАРИЙЧУК$ -> #ЗАХАРІЙЧУК$) = -22.075154159106255
correctionProbability (#РАСИЮ$ -> #РОССИЮ$) = -77.11632494393594
correctionProbability (#ЭКПРЕСС$ -> #ЭКСПРЕСС$) = -11.663703368929482
correctionProbability (#ПИИЦА$ -> #ПТИЦА$) = -9.426635555943061
correctionProbability (#ИЛИЧ$ -> #ИЛЬИЧ$) = -15.230100498206173
correctionProbability (#СМЕСТИТЕЛИ$ -> #СМЕСИТЕЛИ$) = -20.569120970797293
correctionProbability (#АНЖЛИКА$ -> #АНЖЕЛИКА$) = -14.891090168021407
correctionProbability (#ДЕТСЕАЯ$ -> #ДЕТСКАЯ$) = -8.985214457573981
correctionProbability (#CARREE$ -> #CARRIE$) = -19.07022342937105
correctionProbability (#ШЕЛОХВОСТ$ -> #ШИЛОХВОСТЬ$) = -94.97751274587999
correctionProbability (#ТАОЕ$ -> #ТАКОЕ$) = -5.749789270053267
correctionProbability (#ЦЫЛИНДРОВ$ -> #ЦИЛИНДРОВ$) = -18.172442809301607
correctionProbability (#СПИЧОК$ -> #СПИСОК$) = -8.520303494687166
correctionProbability (#ВОТСПИ$ -> #ВОТСПИК$) = -14.048070032442965
correctionProbability (#ТЕКСИТ$ -> #ТЕКСТ$) = -8.416998940633913
correctionProbability (#ОТСЛЕЖИТЬ$ -> #ОТСЛЕДИТЬ$) = -12.443838792468647
correctionProbability (#ЧЕМПИОНПТ$ -> #ЧЕМПИОНАТ$) = -11.324962628260018
correctionProbability (#ОБОЗНАСАЕТ$ -> #ОБОЗНАЧАЕТ$) = -17.672206593840038
correctionProbability (#ФИЗРУУ$ -> #ФИЗРУК$) = -13.035662643075643
correctionProbability (#ГОРНОО$ -> #ГОРНОГО$) = -16.196148442097467
correctionProbability (#ПОДВИЙНЕ$ -> #ПОДВІЙНЕ$) = -22.733973264203975
correctionProbability (#ПРЕНЕДЛЕЖИТ$ -> #ПРИНАДЛЕЖИТ$) = -83.89799201720803
correctionProbability (#ШИВТ$ -> #ШИФТ$) = -17.165860822847844
correctionProbability (#МАКСИМАЛКА$ -> #МАКСИМАЛЬНАЯ$) = -149.79767691388497
correctionProbability (#ОВУЛЯРНЫЙ$ -> #ОВУЛЯТОРНЫЙ$) = -93.7253025142299
correctionProbability (#ЭНЕРГИИИ$ -> #ЭНЕРГИИ$) = -16.68647215507626
correctionProbability (#ШКОЛЬНИЦАЙ$ -> #ШКОЛЬНИЦЕЙ$) = -21.110784427147095
correctionProbability (#ТАНТЫ$ -> #ТАНЦЫ$) = -7.425032438641619
correctionProbability (#ВИСОКОГО$ -> #ВЫСОКОГО$) = -14.503879874169286
correctionProbability (#ДМВР$ -> #ДМРВ$) = -83.2946176832752
correctionProbability (#TRRIPMYDREAM$ -> #TRIPMYDREAM$) = -23.857107238014336
correctionProbability (#ПАДЧЕРЕЦУ$ -> #ПАДЧЕРИЦУ$) = -22.56100798677533
correctionProbability (#ПЕНЮ$ -> #ПЕСНЮ$) = -6.179558530005675
correctionProbability (#ФИОЬМЫ$ -> #ФИЛЬМЫ$) = -3.597230428058392
correctionProbability (#ОБЕВАТЬСЯ$ -> #ОДЕВАТЬСЯ$) = -19.254175750993305
correctionProbability (#ВЛОГАЛИЩЕ$ -> #ВЛАГАЛИЩЕ$) = -16.390000663630737
correctionProbability (#ЧЕЛЯБИСКОЙ$ -> #ЧЕЛЯБИНСКОЙ$) = -16.714847652682714
correctionProbability (#НУМЕРОДОГИЮ$ -> #НУМЕРОЛОГИЯ$) = -83.03791682672096
correctionProbability (#GOOE$ -> #GOOGLE$) = -71.74192777328089
correctionProbability (#АНТИТЕРОР$ -> #АНТИТЕРРОР$) = -23.256760886076094
correctionProbability (#ДЫМАМ$ -> #ДЫМОМ$) = -13.815015288691132
correctionProbability (#MAMABA$ -> #MAMBA$) = -15.923377274320803
correctionProbability (#КЮТАХЯ$ -> #КЮТАХЬЯ$) = -33.54415822343172
correctionProbability (#КОРЦЕ$ -> #КОНЦЕ$) = -12.137467661542129
correctionProbability (#ЕРИИ$ -> #СЕРИИ$) = -3.339268043935224
correctionProbability (#FAECBOOK$ -> #FACEBOOK$) = -77.28028873405697
correctionProbability (#ДЕНЬНИ$ -> #ДЕНЬГИ$) = -7.655897897976807
correctionProbability (#ВЛОГАЛИЩА$ -> #ВЛАГАЛИЩА$) = -16.90025193719751
correctionProbability (#ГОЛИВУДСКАЯ$ -> #ГОЛЛИВУДСКАЯ$) = -24.882558180877588
correctionProbability (#ВИДЕОЭНДОСВКОП$ -> #ВИДЕОЭНДОСКОП$) = -33.041321720378534
correctionProbability (#MEPS$ -> #MAPS$) = -11.794327958148497
correctionProbability (#РОЗБЛОКИРОВКИ$ -> #РАЗБЛОКИРОВКИ$) = -25.33969640103409
correctionProbability (#САНДЕСАРТАН$ -> #КАНДЕСАРТАН$) = -25.532621068884097
correctionProbability (#МКНЯ$ -> #МЕНЯ$) = -6.0666529287699085
correctionProbability (#ЧИРИПАШКИ$ -> #ЧЕРЕПАШКИ$) = -77.67943837378483
correctionProbability (#GGMAIL$ -> #GMAIL$) = -10.927383098197001
correctionProbability (#АНАОИЗ$ -> #АНАЛИЗ$) = -4.578465207596263
correctionProbability (#ПОЛЕКЛИНИКЕ$ -> #ПОЛИКЛИНИКЕ$) = -19.498805601756445
correctionProbability (#ДЕВУЩКУ$ -> #ДЕВУШКУ$) = -11.746227757973884
correctionProbability (#ВОРОНЕЖСКО$ -> #ВОРОНЕЖСКОЙ$) = -17.813233665044905
correctionProbability (#XVIFEOS$ -> #XVIDEOS$) = -11.513906507396214
correctionProbability (#ПАРИМАЧ$ -> #ПАРИМАТЧ$) = -15.827217966675192
correctionProbability (#ВКАЧАТЬ$ -> #СКАЧАТЬ$) = -2.5198108900491487
correctionProbability (#ONLIE$ -> #ONLINE$) = -8.80992371738014
correctionProbability (#UZBEKCNA$ -> #UZBEKCHA$) = -18.91705933107903
correctionProbability (#СКИЖКА$ -> #СКИДКА$) = -12.289095849131758
correctionProbability (#ПАПАШИЧ$ -> #ПАПАШИ$) = -20.275452060247414
correctionProbability (#ЧЕРРІ$ -> #ЧЕРРИ$) = -14.73419638785602
correctionProbability (#РЕЗИНКОЦ$ -> #РЕЗИНКОЙ$) = -16.47878460926463
correctionProbability (#НАРКАМАН$ -> #НАРКОМАН$) = -17.17344601632948
correctionProbability (#ПРОЭКТ$ -> #ПРОЕКТ$) = -8.310615033349745
correctionProbability (#SELIDKA$ -> #SELEDKA$) = -26.122659225961165
correctionProbability (#ФРУНЧОЗА$ -> #ФУНЧОЗА$) = -20.528107082397106
correctionProbability (#ПОЛЕКЛИНИКИ$ -> #ПОЛИКЛИНИКИ$) = -18.02241753477034
correctionProbability (#САСЕТКА$ -> #СОСЕДКА$) = -80.42764385480781
correctionProbability (#ПЕРЕОДАМ$ -> #ПЕРЕВОДОМ$) = -79.39487375873256
correctionProbability (#ПАМЧТНИКЕ$ -> #ПАМЯТНИКЕ$) = -20.36933237778495
correctionProbability (#ЯШЛЕК$ -> #ЯШЬЛЕК$) = -22.550853346156885
correctionProbability (#ТАНСК$ -> #ТАНКС$) = -78.9232660237688
correctionProbability (#КАЛИГРАФИЯ$ -> #КАЛЛИГРАФИЯ$) = -21.708327164619888
correctionProbability (#ВОЛЧИМ$ -> #ВОЛЧЬИМ$) = -20.651324210591426
correctionProbability (#ДУБРОВЕСКОМ$ -> #ДУБРОВЕНСКОМ$) = -38.294303424870925
correctionProbability (#АОЛОСЫ$ -> #ВОЛОСЫ$) = -8.730467153183358
correctionProbability (#АВИОЛИНИИ$ -> #АВИАЛИНИИ$) = -14.766760600646869
correctionProbability (#ДЕВУЩКИ$ -> #ДЕВУШКИ$) = -7.75372830871224
correctionProbability (#YZQ$ -> #YSQ$) = -20.751487939416148
correctionProbability (#КОНДЕНЗАЦИОНАЯ$ -> #КОНДЕНСАЦИОННАЯ$) = -106.03259642288677
correctionProbability (#АЛМПТЫ$ -> #АЛМАТЫ$) = -7.235518412502227
correctionProbability (#ВЗЛОМАКА$ -> #ВЗЛОМКА$) = -18.045034431989436
correctionProbability (#ЗАБЕСПЛАТНО$ -> #БЕСПЛАТНО$) = -74.5290492603227
correctionProbability (#НОАИНКИ$ -> #НОВИНКИ$) = -7.347185191009366
correctionProbability (#ВЫН$ -> #ВІН$) = -16.016503196058313
correctionProbability (#МОРГЕРШТЕРНА$ -> #МОРГЕНШТЕРНА$) = -22.387027351606335
correctionProbability (#YZT$ -> #YST$) = -19.40737429233992
correctionProbability (#FLORADAY$ -> #FLORYDAY$) = -18.767269660628664
correctionProbability (#ТАРОМКДЖИК$ -> #АРОМАДЖИК$) = -95.96031476038455
correctionProbability (#ШИТОК$ -> #ЩИТОК$) = -14.540608251616948
correctionProbability (#МИНЕТКИ$ -> #ПИНЕТКИ$) = -13.347850047650738
correctionProbability (#ПОЛЕКОВА$ -> #ПОЛЯКОВА$) = -15.406920522020087
correctionProbability (#САСЕТКУ$ -> #СОСЕДКУ$) = -81.82207518897242
correctionProbability (#ПОСМОТРНТЬ$ -> #ПОСМОТРЕТЬ$) = -11.7017810259198
correctionProbability (#ЯЕВАРЬ$ -> #ЯНВАРЬ$) = -13.746928113660896
correctionProbability (#НЕСНИ$ -> #ПЕСНИ$) = -3.2781948745822653
correctionProbability (#ФОРТЕПИАННО$ -> #ФОРТЕПИАНО$) = -18.81943935818893
correctionProbability (#ХРОМОТОГРАФИЯ$ -> #ХРОМАТОГРАФИЯ$) = -27.20747156006285
correctionProbability (#СКВАЖЕННЫЙ$ -> #СКВАЖИННЫЙ$) = -22.564042306705723
correctionProbability (#VIDYU$ -> #VIDYO$) = -16.439619990528396
correctionProbability (#ТТЖДЕНЬ$ -> #ТИЖДЕНЬ$) = -17.692171898629653
correctionProbability (#СКАЧАКТЬ$ -> #СКАЧАТЬ$) = -5.000610058107929
correctionProbability (#АНГЛИЙЗКИЙ$ -> #АНГЛИЙСКИЙ$) = -11.206638487005002
correctionProbability (#ВЫД$ -> #ВІД$) = -11.381888004167703
correctionProbability (#ЭВОКУАТОР$ -> #ЭВАКУАТОР$) = -14.850692486312433
correctionProbability (#КУНДЫЛЫГЫ$ -> #ҚҰНДЫЛЫҒЫ$) = -151.79203787418484
correctionProbability (#УСИАНОВКА$ -> #УСТАНОВКА$) = -10.951898082604721
correctionProbability (#СМЕСТИТЕЛЯ$ -> #СМЕСИТЕЛЯ$) = -20.981778399454292
correctionProbability (#ТАЙВАНСКИЙ$ -> #ТАЙВАНЬСКИЙ$) = -26.41392727624956
correctionProbability (#ТАНСЫ$ -> #ТАНЦЫ$) = -7.424540479880495
correctionProbability (#ДЛЯЯ$ -> #ДЛЯ$) = -0.8072742613809147
correctionProbability (#ЗАПЯАСТИ$ -> #ЗАПЧАСТИ$) = -10.064226727618689
correctionProbability (#ЯНКУЛЯ$ -> #ЯНГЕЛЯ$) = -84.20865335272003
correctionProbability (#ПРИЛОГАЕТСЯ$ -> #ПРИЛАГАЕТСЯ$) = -26.38538766360817
correctionProbability (#KILEPLAR$ -> #KLIPLAR$) = -85.69102358096805
correctionProbability (#СТАРАНА$ -> #СТРАНА$) = -12.219372243775698
correctionProbability (#РЕАЛЬНИЙ$ -> #РЕАЛЬНЫЙ$) = -15.259529199644597
correctionProbability (#СКИЖКИ$ -> #СКИДКИ$) = -9.863607057413244
correctionProbability (#ВЛОГАЛИШЕ$ -> #ВЛАГАЛИЩЕ$) = -81.12013073436715
correctionProbability (#GONA$ -> #GONNA$) = -17.43476596886097
correctionProbability (#ЗБРОСИТЬ$ -> #СБРОСИТЬ$) = -15.369832066789783
correctionProbability (#НОМЕРАЦИИ$ -> #НУМЕРАЦИИ$) = -22.130472273459205
correctionProbability (#ЧАМСУНГ$ -> #САМСУНГ$) = -9.475191777975411
correctionProbability (#СВАЕВО$ -> #СВОЕГО$) = -76.69433795492424
correctionProbability (#ИРКУСК$ -> #ИРКУТСК$) = -9.79582757810308
correctionProbability (#ФОО$ -> #ФОТО$) = -1.132861767434182
correctionProbability (#ПЧИЛОВОД$ -> #ПЧЕЛОВОД$) = -11.032666230104965
correctionProbability (#ЛЕВОЧКА$ -> #ДЕВОЧКА$) = -9.220494067719969
correctionProbability (#МАЗГИ$ -> #МОЗГИ$) = -15.208897505209766
correctionProbability (#ХЕМПТОН$ -> #ХЭМПТОН$) = -22.733790579862507
correctionProbability (#НОВКИ$ -> #НОВИНКИ$) = -73.2255973032399
correctionProbability (#НУЧКА$ -> #ВНУЧКА$) = -15.347784074148567
correctionProbability (#КВПРТИРА$ -> #КВАРТИРА$) = -11.91673562347271
correctionProbability (#ТЮРМУ$ -> #ТЮРЬМУ$) = -15.164088224511435
correctionProbability (#ВЕБРАТОР$ -> #ВИБРАТОР$) = -17.027411804695852
correctionProbability (#ВАЛЬЕРИС$ -> #ВАЛБЕРИС$) = -12.437364935009846
correctionProbability (#BAIKER$ -> #BAKER$) = -20.49321912357674
correctionProbability (#SUBTITELES$ -> #SUBTITLES$) = -21.90693696814774
correctionProbability (#МОРОКУО$ -> #МАРОККО$) = -80.22285178006445
correctionProbability (#ФРМ$ -> #ФАРМ$) = -13.921695563516483
correctionProbability (#УПАКОВШИЦА$ -> #УПАКОВЩИЦА$) = -19.72365951405778
correctionProbability (#ККААК$ -> #КАК$) = -68.82936069926566
correctionProbability (#НОЧБ$ -> #НОЧЬ$) = -7.399234546520422
correctionProbability (#ДЛИНЫЕ$ -> #ДЛИННЫЕ$) = -11.732912886893764
correctionProbability (#LAKY$ -> #LUCKY$) = -79.00516517094862
correctionProbability (#ЧАСНЫЙ$ -> #ЧАСТНЫЙ$) = -13.319369681306881
correctionProbability (#СУРВИ$ -> #СУРВИВ$) = -16.871489812727962
correctionProbability (#ВЕЛИЙ$ -> #ВЕЛИКИЙ$) = -76.63590416855563
correctionProbability (#ВЫПУС$ -> #ВЫПУСК$) = -8.366337032400992
correctionProbability (#МУЗЫУВ$ -> #МУЗЫКА$) = -70.29264615667746
correctionProbability (#МАСТЕКТОМИИ$ -> #МАСТЭКТОМИИ$) = -24.763195807617606
correctionProbability (#ГУАДАСИНСКАЯ$ -> #ГАУДАСИНСКАЯ$) = -89.68188746909226
correctionProbability (#БРАКОНЪЕР$ -> #БРАКОНЬЕР$) = -24.864652849706765
correctionProbability (#ТРАКСЕРУТИН$ -> #ТРОКСЕРУТИН$) = -22.117689112972258
correctionProbability (#РАЗЛИЧЕЕ$ -> #РАЗЛИЧИЕ$) = -17.280801715099294
correctionProbability (#WC350$ -> #WX350$) = -23.713618890097237
correctionProbability (#ДЕВСТЕННИЦЕЙ$ -> #ДЕВСТВЕННИЦЕЙ$) = -25.847293248932004
correctionProbability (#БУГАРКИ$ -> #БУГОРКИ$) = -20.0818506079991
correctionProbability (#БАСЕЙНОВ$ -> #БАССЕЙНОВ$) = -20.210730544423946
correctionProbability (#МАДЕЛЕЙ$ -> #МОДЕЛЕЙ$) = -14.007312653093763
correctionProbability (#COPARD$ -> #COPART$) = -18.325622498597173
correctionProbability (#КИТАЦСКИЙ$ -> #КИТАЙСКИЙ$) = -13.779771796672073
correctionProbability (#ПАОЧТА$ -> #ПОЧТА$) = -6.390574599423729
correctionProbability (#АКТОР$ -> #АКТЕР$) = -9.266494647934973
correctionProbability (#ИНФОКРАСНЫЕ$ -> #ИНФРАКРАСНЫЕ$) = -87.99079514170307
correctionProbability (#ЗВЕДАМИ$ -> #ЗВЕЗДАМИ$) = -17.27485008881179
correctionProbability (#BLAC$ -> #BLACK$) = -9.848775383785284
correctionProbability (#ЗМЕЕИ$ -> #ЗМЕЕЙ$) = -17.806584980221746
correctionProbability (#КАЛЕДНАРЬ$ -> #КАЛЕНДАРЬ$) = -77.343461336676
correctionProbability (#БАСЕЙНОИ$ -> #БАССЕЙНОМ$) = -80.88018626370668
correctionProbability (#ПЕРОВЕ$ -> #ПЕРВОЕ$) = -80.46259047868925
correctionProbability (#GUUGL$ -> #GOOGLE$) = -135.8850293790267
correctionProbability (#ПАЛЬСЫ$ -> #ПАЛЬЦЫ$) = -14.282915114086283
correctionProbability (#ХУЛИГАНСКО$ -> #ХУЛИГАНСКОЕ$) = -37.32902747335375
correctionProbability (#ОРГОНИЗАЦИИ$ -> #ОРГАНИЗАЦИИ$) = -14.416620138696928
correctionProbability (#ОБКИ$ -> #ЮБКИ$) = -10.909195822897164
correctionProbability (#ДНЕПЕР$ -> #ДНЕПР$) = -13.002343028331982
correctionProbability (#ДИСНКЙ$ -> #ДИСНЕЙ$) = -11.162071092900138
correctionProbability (#ЧЕПМИОНАТ$ -> #ЧЕМПИОНАТ$) = -79.14406385764516
correctionProbability (#МИЛЛИОРДЕР$ -> #МИЛЛИАРДЕР$) = -19.756097163712305
correctionProbability (#КОЗИРОК$ -> #КОЗЕРОГ$) = -78.23828208747612
correctionProbability (#УГОРШИНИ$ -> #УГОРЩИНИ$) = -24.73603365621549
correctionProbability (#ДЖОЙТИШ$ -> #ДЖЙОТИШ$) = -85.18111412726483
correctionProbability (#ЗАРЬКОВ$ -> #ХАРЬКОВ$) = -10.586134824935812
correctionProbability (#АЛИЄКСРЕСС$ -> #АЛИЭКСПРЕСС$) = -76.706924319497
correctionProbability (#LYBOV$ -> #LYUBOV$) = -17.332579814755942
correctionProbability (#PORNGUB$ -> #PORNHUB$) = -11.402774781805846
correctionProbability (#КОМПЬЮТОРНЫЙ$ -> #КОМПЬЮТЕРНЫЙ$) = -18.521594368645452
correctionProbability (#ТЕХНОЛОГИЯЛАРИ$ -> #ТЕХНОЛОГИЯЛАРЫ$) = -29.486586440016467
correctionProbability (#НЕКРАФИЛИЯ$ -> #НЕКРОФИЛИЯ$) = -24.507369827929153
correctionProbability (#РАСЛИ$ -> #РОСЛИ$) = -17.14663161911263
correctionProbability (#ПЕРИ$ -> #ПЕРРИ$) = -15.485306081892876
correctionProbability (#ПАЛЬТА$ -> #ПАЛЬТО$) = -9.70592626143598
correctionProbability (#BLAD$ -> #BLADE$) = -12.110613492425554
correctionProbability (#ЗНАЕНИЕ$ -> #ЗНАЧЕНИЕ$) = -11.398860634142366
correctionProbability (#МАЖОРИ$ -> #МАЖОРЫ$) = -14.435349090995917
correctionProbability (#СОМФИ$ -> #КОМФИ$) = -14.826707935442602
correctionProbability (#МОЛОЛАЯ$ -> #МОЛОДАЯ$) = -12.772943352460125
correctionProbability (#ПОЧТАЪ$ -> #ПОЧТА$) = -6.4338107508091475
correctionProbability (#КАФИСМА$ -> #КАФИЗМА$) = -19.255657601427956
correctionProbability (#СОЛЕНКО$ -> #САЛЕНКО$) = -20.213852630317035
correctionProbability (#ПЕРВ$ -> #ПЕРВЫЙ$) = -73.68541736271388
correctionProbability (#ГОГЕЛ$ -> #ГУГЛ$) = -70.25312130901433
correctionProbability (#МУЗЫУУ$ -> #МУЗЫКУ$) = -6.916069522778788
correctionProbability (#FEZBOK$ -> #FEZBUK$) = -18.92026524068174
correctionProbability (#FASEBOOQ$ -> #FACEBOOK$) = -74.1154654823982
correctionProbability (#ТЮРМЫ$ -> #ТЮРЬМЫ$) = -14.401817914807484
correctionProbability (#БЕРЮЗА$ -> #БИРЮЗА$) = -17.38971597465275
correctionProbability (#САВИНЬОН$ -> #СОВИНЬОН$) = -23.001768743036358
correctionProbability (#ПРЕПОДОВАНИЕ$ -> #ПРЕПОДАВАНИЕ$) = -25.62641000765087
correctionProbability (#GYGABITE$ -> #GIGABYTE$) = -81.46701103193581
correctionProbability (#ВЫСКАЗВАНИЯ$ -> #ВЫСКАЗЫВАНИЯ$) = -18.53197788872648
correctionProbability (#ХАРВАТИЯ$ -> #ХОРВАТИЯ$) = -16.824371319080477
correctionProbability (#ВОРОБЕВ$ -> #ВОРОБЬЕВ$) = -16.9378550093205
correctionProbability (#ЕГЕПТЯН$ -> #ЕГИПТЯН$) = -17.093172495460962
correctionProbability (#СЕГОДНЯШНИИ$ -> #СЕГОДНЯШНИЙ$) = -15.618920232222784
correctionProbability (#ФАСФУД$ -> #ФАСТФУД$) = -22.285904286571068
correctionProbability (#КВПРТИРЫ$ -> #КВАРТИРЫ$) = -9.119088503011497
correctionProbability (#ОТЗЫАЫ$ -> #ОТЗЫВЫ$) = -4.8525222717428385
correctionProbability (#РПОГОДА$ -> #ПОГОДА$) = -3.6917399628842738
correctionProbability (#КУФЕР$ -> #КУФАР$) = -9.141033142002325
correctionProbability (#ОЛЕМПИЙСКИЕ$ -> #ОЛИМПИЙСКИЕ$) = -19.147987508823874
correctionProbability (#НОАОЧЕРКАССКЕ$ -> #НОВОЧЕРКАССКЕ$) = -22.95972722889846
correctionProbability (#БАСЕЙНОМ$ -> #БАССЕЙНОМ$) = -16.123906426451576
correctionProbability (#ZRELII$ -> #ZRELIE$) = -19.289841090694214
correctionProbability (#ПАМПЕИ$ -> #ПОМПЕИ$) = -16.92668349244222
correctionProbability (#ОСТРОВКИЙ$ -> #ОСТРОВСКИЙ$) = -18.360781824310607
correctionProbability (#ВЕЛИС$ -> #ВЕЛЕС$) = -15.03852353715649
correctionProbability (#НОВЛЕ$ -> #НОВОЕ$) = -7.446835212955403
correctionProbability (#ЭРОТИСЕКАЯ$ -> #ЭРОТИЧЕСКАЯ$) = -85.67479900779986
correctionProbability (#BLUTOOTH$ -> #BLUETOOTH$) = -17.467014559773695
correctionProbability (#ДЖОНСОМ$ -> #ДЖОНСОН$) = -15.227205757260336
correctionProbability (#HIW$ -> #HOW$) = -9.355707900360098
correctionProbability (#LUCKE$ -> #LUCKY$) = -13.663607198549979
correctionProbability (#INSTAGR$ -> #INSTAGRAM$) = -78.91908400268574
correctionProbability (#ВАСХОД$ -> #ВОСХОД$) = -10.896400523237897
correctionProbability (#ЖИТТЕВИЙ$ -> #ЖИТТЄВИЙ$) = -23.01391917117531
correctionProbability (#СЫНОНИМЫ$ -> #СИНОНИМЫ$) = -14.331109285788806
correctionProbability (#МОЛОЖЕНОЙ$ -> #МОЛОДЕЖНОЙ$) = -85.19946893083984
correctionProbability (#ДЖЕНІФЕР$ -> #ДЖЕНИФЕР$) = -15.35808608663526
correctionProbability (#SEGODNIA$ -> #SEGODNYA$) = -20.7589258738818
correctionProbability (#ЮПУБ$ -> #ЮТУБ$) = -0.2099864908756821
correctionProbability (#ГРУППОАОЕ$ -> #ГРУППОВОЕ$) = -15.741969890015362
correctionProbability (#МУЗЫУЦ$ -> #МУЗЫКУ$) = -74.79234589163381
correctionProbability (#ПОЧТАП$ -> #ПОЧТА$) = -6.411696827550639
correctionProbability (#ИМЕЕЮТ$ -> #ИМЕЮТ$) = -15.324203123536453
correctionProbability (#ЕДИНБУРГ$ -> #ЭДИНБУРГ$) = -21.914433193056553
correctionProbability (#ЯНЛДЕКС$ -> #ЯНДЕКС$) = -4.745543439728085
correctionProbability (#ТАПР$ -> #ТАРО$) = -76.26999266569003
correctionProbability (#ТАЛОВЕРОВ$ -> #ТАЛЛОВЕРОВ$) = -30.447615152254258
correctionProbability (#БАУЦЕНТ$ -> #БАУЦЕНТР$) = -17.157965232755608
correctionProbability (#ЧЕРНЫ$ -> #ЧЕРНЫЙ$) = -9.447493010722173
correctionProbability (#КРАСНОДПР$ -> #КРАСНОДАР$) = -9.888575897116873
correctionProbability (#ЮБИЛЕМ$ -> #ЮБИЛЕЕМ$) = -12.621568867316391
correctionProbability (#НИГРЕТЯНКИ$ -> #НЕГРИТЯНКИ$) = -83.90488664271918
correctionProbability (#CAЙТ$ -> #САЙТ$) = -65.30869149195902
correctionProbability (#ЗЛЕКТРИЧЕСКИЕ$ -> #ЭЛЕКТРИЧЕСКИЕ$) = -18.270402018688728
correctionProbability (#АМОНИЯ$ -> #АММОНИЯ$) = -19.837426458339948
correctionProbability (#ГАРНІТУР$ -> #ГАРНИТУР$) = -14.831927581239796
correctionProbability (#ЧТАТЬ$ -> #ЧИТАТЬ$) = -7.754943216545573
correctionProbability (#ЕРКА$ -> #ЙОРКА$) = -79.16324901825348
correctionProbability (#ПЕРЕВОДЧИУК$ -> #ПЕРЕВОДЧИК$) = -11.18359276975334
correctionProbability (#СТАРБОКС$ -> #СТАРБАКС$) = -19.963739365568557
correctionProbability (#ЗОЛАТАЯ$ -> #ЗОЛОТАЯ$) = -9.939449117557935
correctionProbability (#ЗДОРОВЬ$ -> #ЗДОРОВЬЯ$) = -12.169652796831528
correctionProbability (#КУХЯ$ -> #КУХНЯ$) = -8.450881768097048
correctionProbability (#ИГРАМАРКЕТ$ -> #ИГРОМАРКЕТ$) = -17.490551823810932
correctionProbability (#ЛЯЗАТ$ -> #ЛЯЗЗАТ$) = -20.50986491858993
correctionProbability (#ПРШТА$ -> #ПОШТА$) = -12.36965708689441
correctionProbability (#GOLG$ -> #GOLD$) = -11.063327562307574
correctionProbability (#ПОЧТАВ$ -> #ПОЧТА$) = -6.40790693443709
correctionProbability (#ПАВИЛА$ -> #ПРАВИЛА$) = -9.908585312809834
correctionProbability (#ОТЧУЖДЕНИ$ -> #ОТЧУЖДЕНИЯ$) = -14.78035572620292
correctionProbability (#ЧИЩКЕЙК$ -> #ЧИЗКЕЙК$) = -16.290874910737315
correctionProbability (#ЛЕНЬКОВА$ -> #ЛИНЬКОВА$) = -26.026348163343336
correctionProbability (#ГОСУСОУГИ$ -> #ГОСУСЛУГИ$) = -9.178214342185008
correctionProbability (#ANGLISKIY$ -> #ANGLIYSKIY$) = -25.8662779891957
correctionProbability (#ТЮРМА$ -> #ТЮРЬМА$) = -14.057092817573878
correctionProbability (#ТАОЯ$ -> #ТВОЯ$) = -10.84238417981032
correctionProbability (#ТАНУЫ$ -> #ТАНЦЫ$) = -7.426100513663091
correctionProbability (#ВЫСКАЗВАНИЕ$ -> #ВЫСКАЗЫВАНИЕ$) = -21.973635703230805
correctionProbability (#СНЫП$ -> #СЫНЫП$) = -9.432013887934918
correctionProbability (#COUER$ -> #COEUR$) = -85.62103766902732
correctionProbability (#BLOCKLIST$ -> #BLACKLIST$) = -22.351669244729187
correctionProbability (#ПЛИЦИИ$ -> #ПОЛИЦИИ$) = -13.3703093849766
correctionProbability (#РАСПРЕДЕЛИТЕР$ -> #РАСПРЕДЕЛИТЕЛЬ$) = -91.28266105548269
correctionProbability (#ФОВОРИТ$ -> #ФАВОРИТ$) = -15.061599166666838
correctionProbability (#ОТВЕТСВЕННЫХ$ -> #ОТВЕТСТВЕННЫХ$) = -25.348068061540538
correctionProbability (#МЕГАФОЕ$ -> #МЕГАФОН$) = -9.177887647698626
correctionProbability (#ЗВОЗДИ$ -> #ЗВЕЗДЫ$) = -75.12624003882968
correctionProbability (#ПОРЕН$ -> #ПАРЕНЬ$) = -75.15479684209973
correctionProbability (#ПАРЕКМАХЕРСКАЯ$ -> #ПАРИКМАХЕРСКАЯ$) = -20.691212788243824
correctionProbability (#ЧИТАТЕЛСКОГО$ -> #ЧИТАТЕЛЬСКОГО$) = -23.799609029180232
correctionProbability (#АМОНИМ$ -> #ОМОНИМ$) = -20.016108616522484
correctionProbability (#НЕДВИЖИОМСТИ$ -> #НЕДВИЖИМОСТИ$) = -83.2832270006991
correctionProbability (#ПОРЕР$ -> #ПОРТЕР$) = -16.319515605688412
correctionProbability (#ЕНГЛИШ$ -> #ИНГЛИШ$) = -14.570839072208248
correctionProbability (#БАССЕЙ$ -> #БАССЕЙН$) = -12.796555437147695
correctionProbability (#ЗАРЕЖАЕТСЯ$ -> #ЗАРЯЖАЕТСЯ$) = -19.01748654175268
correctionProbability (#АНДАТРА$ -> #ОНДАТРА$) = -20.587460706212426
correctionProbability (#АКОРДЕОН$ -> #АККОРДЕОН$) = -18.226445345794254
correctionProbability (#ALKATEL$ -> #ALCATEL$) = -17.392216144262633
correctionProbability (#FOXDORD$ -> #FOXFORD$) = -18.320912446580977
correctionProbability (#ВЭБ$ -> #ВЕБ$) = -5.780142900257431
correctionProbability (#LUCKI$ -> #LUCKY$) = -13.659229557290434
correctionProbability (#АКТОБ$ -> #АКТОБЕ$) = -10.993559143044987
correctionProbability (#ВЗЛОМННУЮ$ -> #ВЗЛОМАННУЮ$) = -16.855976244871563
correctionProbability (#КОЙЫЛАТЫН$ -> #ҚОЙЫЛАТЫН$) = -21.961751700743363
correctionProbability (#ДОКУМЕТ$ -> #ДОКУМЕНТ$) = -14.858423926026333
correctionProbability (#РИШЕНИЯ$ -> #РЕШЕНИЯ$) = -12.96311625140683
correctionProbability (#ІЗНАСІЛУВАНЯ$ -> #ІЗНАСІЛУВАННЯ$) = -30.749910233525483
correctionProbability (#ВВБРАННОЙ$ -> #ВЫБРАННОЙ$) = -23.47622716538026
correctionProbability (#ЭНЖЕКТОР$ -> #ИНЖЕКТОР$) = -15.256570503893293
correctionProbability (#ДОКЛД$ -> #ДОКЛАД$) = -11.185745542272517
correctionProbability (#ПОЛАГВЮИСЯ$ -> #ПОЛАГАЮТСЯ$) = -89.67328391310599
correctionProbability (#ПЕНСЮ$ -> #ПЕСНЮ$) = -73.41713337076223
correctionProbability (#ФОРАЖ$ -> #ФОРСАЖ$) = -8.967800897991335
correctionProbability (#БЕРЮЗОВЫЙ$ -> #БИРЮЗОВЫЙ$) = -19.76980294369836
correctionProbability (#АПОРНО$ -> #ОПОРНО$) = -15.525263676467741
correctionProbability (#ЭЛЬДООАДО$ -> #ЭЛЬДОРАДО$) = -12.11639442650705
correctionProbability (#GOKS$ -> #GOCS$) = -17.087640466000483
correctionProbability (#FECCBOK$ -> #FACEBOOK$) = -139.47696892825508
correctionProbability (#ОТЦЯ$ -> #ОТЦА$) = -11.06511801212297
correctionProbability (#DOCUHKISINOCHKI$ -> #DOCHKISINOCHKI$) = -31.522723155507123
correctionProbability (#ZAFULL$ -> #ZAFUL$) = -20.351175017049318
correctionProbability (#ВЫКИЛЫВАТЬ$ -> #ВЫКИДЫВАТЬ$) = -24.901453370500484
correctionProbability (#ТЕКСМТ$ -> #ТЕКСТ$) = -8.44627051214357
correctionProbability (#РЕНГЕНТ$ -> #РЕНТГЕН$) = -82.34267578601057
correctionProbability (#МАНАСТЫРЕ$ -> #МОНАСТЫРЕ$) = -19.834323310450053
correctionProbability (#КОШТАСУ$ -> #ҚОШТАСУ$) = -22.083836750878355
correctionProbability (#ПРОСРОЧЕНУЮ$ -> #ПРОСРОЧЕННУЮ$) = -27.411369536731875
correctionProbability (#ЦЫКЛОН$ -> #ЦИКЛОН$) = -17.141019352346067
correctionProbability (#КНСПЕКТ$ -> #КОНСПЕКТ$) = -12.213858951694597
correctionProbability (#ЩУКЕНСКОГО$ -> #ЩУКИНСКОГО$) = -27.994375411630124
correctionProbability (#ЧИСТАТУ$ -> #ЧИСТОТУ$) = -18.802174165741334
correctionProbability (#НАБАКОВА$ -> #НАБОКОВА$) = -20.924361608922474
correctionProbability (#ЛАСТИ$ -> #ВЛАСТИ$) = -13.189720695965992
correctionProbability (#ПЕКЕ$ -> #ПИКЕ$) = -17.358157824416413
correctionProbability (#СПРЭЙ$ -> #СПРЕЙ$) = -11.287256161525338
correctionProbability (#RIAN$ -> #RYAN$) = -13.344637942316265
correctionProbability (#BLOGER$ -> #BLOGGER$) = -22.198498889979362
correctionProbability (#СКОВОРОДІ$ -> #СКОВОРОДЫ$) = -18.74419613557066
correctionProbability (#РУКВМИ$ -> #РУКАМИ$) = -5.507750980483056
correctionProbability (#ПОСВЕТИТЬ$ -> #ПОСВЯТИТЬ$) = -24.84584661563469
correctionProbability (#ЦЕПЕЛИН$ -> #ЦЕППЕЛИН$) = -24.0261366604201
correctionProbability (#YOTAFONE$ -> #YOTAPHONE$) = -90.61901716329288
correctionProbability (#GAYSITY$ -> #GAYCITY$) = -22.602690516398226
correctionProbability (#ГОГЛЯ$ -> #ГОГОЛЯ$) = -15.487969318404328
correctionProbability (#ДКНЬГИ$ -> #ДЕНЬГИ$) = -7.700117636326091
correctionProbability (#НОВОСИЬИРСКЕ$ -> #НОВОСИБИРСКЕ$) = -15.130662615235657
correctionProbability (#КАКТХ$ -> #КАКИХ$) = -9.318465341455198
correctionProbability (#МАЛЬТАФЕР$ -> #МАЛЬТОФЕР$) = -19.6109980250337
correctionProbability (#ОТЦИ$ -> #ОТЦЫ$) = -12.347829978146454
correctionProbability (#КРАСНОКАЗАРМЕННЯ$ -> #КРАСНОКАЗАРМЕННАЯ$) = -34.49248680288906
correctionProbability (#БЭТМАН$ -> #БЭТМЕН$) = -11.67177182718211
correctionProbability (#КОРЕКТИРОВКА$ -> #КОРРЕКТИРОВКА$) = -23.946625243730097
correctionProbability (#КВАРИРЕ$ -> #КВАРТИРЕ$) = -12.222660795220392
correctionProbability (#КВПЛИФИКАЦИИ$ -> #КВАЛИФИКАЦИИ$) = -16.52709271347289
correctionProbability (#БАШУКАХ$ -> #БАНКАХ$) = -77.50915047985832
correctionProbability (#ПРОМАКОД$ -> #ПРОМОКОД$) = -12.401932743081389
correctionProbability (#КОКОМУ$ -> #КАКОМУ$) = -12.534463920629609
correctionProbability (#СУРГТ$ -> #СУРГУТ$) = -10.843998788394604
correctionProbability (#ЛАБОЛАТОРНЫЕ$ -> #ЛАБОРАТОРНЫЕ$) = -21.61449144371251
correctionProbability (#КАКУБ$ -> #КАКУЮ$) = -9.490675409495044
correctionProbability (#ОСТУКИВАНИИ$ -> #ПОСТУКИВАНИИ$) = -38.282452510362546
correctionProbability (#ПЕНСИ$ -> #ПЕСНИ$) = -71.04655345485163
correctionProbability (#SUBLIM$ -> #SUBLIME$) = -19.490318138174175
correctionProbability (#ПРИЧИНЧЕТ$ -> #ПРИЧИНЯЕТ$) = -27.508426334876575
correctionProbability (#СОГНИК$ -> #СОННИК$) = -9.50856826845676
correctionProbability (#ROBIE$ -> #ROBBIE$) = -20.47637601592699
correctionProbability (#ДОМРИТ$ -> #ДОМРИД$) = -21.35478470614999
correctionProbability (#ЮУТИБ$ -> #ЮТУБ$) = -67.48302830572746
correctionProbability (#ВИНЗОР$ -> #ВИНДЗОР$) = -22.19718909164005
correctionProbability (#ИПЛИКАТОР$ -> #АППЛИКАТОР$) = -83.55631952377074
correctionProbability (#ПНІНЕН$ -> #ПӘНІНЕН$) = -18.010744477492977
correctionProbability (#ДЛЬЯ$ -> #ДЛЯ$) = -0.7401837473081834
correctionProbability (#КУТАИЛИ$ -> #КУТАИСИ$) = -19.981803735869306
correctionProbability (#ПОДОТОВКА$ -> #ПОДГОТОВКА$) = -14.995374630334219
correctionProbability (#ВЗЛОМАНЫ$ -> #ВЗЛОМАННЫЙ$) = -81.54799698951716
correctionProbability (#ПРИВИДИТЕ$ -> #ПРИВЕДИТЕ$) = -17.458266135058828
correctionProbability (#МИХАЛОВА$ -> #МИХАЙЛОВА$) = -16.343250716354063
correctionProbability (#КАРТАШЯН$ -> #КАРДАШЬЯН$) = -81.29674966443847
correctionProbability (#АССАССИНС$ -> #АССАСИН$) = -83.81235388735878
correctionProbability (#БУДИЛНИК$ -> #БУДИЛЬНИК$) = -17.66060633607409
correctionProbability (#АХАЖИВАТЬ$ -> #УХАЖИВАТЬ$) = -15.511303013058772
correctionProbability (#ОРИГИНАЛЬНИЙ$ -> #ОРИГИНАЛЬНЫЙ$) = -19.111948704499873
correctionProbability (#НАБЕРЕДНЫЕ$ -> #НАБЕРЕЖНЫЕ$) = -13.893757602394935
correctionProbability (#ПЯСНЯ$ -> #ПЕСНЯ$) = -3.7471807504811814
correctionProbability (#ЛЕНЕЙКИ$ -> #ЛИНЕЙКИ$) = -17.594223048849777
correctionProbability (#КАЛАНЕТИКА$ -> #КАЛЛАНЕТИКА$) = -24.078723155503198
correctionProbability (#КАКТЕ$ -> #КАКИЕ$) = -5.834189194720892
correctionProbability (#СТЭПВЕЙ$ -> #СТЕПВЕЙ$) = -15.620828833416525
correctionProbability (#КОНВЕКТЕР$ -> #КОНВЕРТЕР$) = -14.797442918612148
correctionProbability (#МАРДОВИЯ$ -> #МОРДОВИЯ$) = -15.52289471851757
correctionProbability (#КУПЭ$ -> #КУПЕ$) = -8.539320659771338
correctionProbability (#LITCOUN$ -> #LITECOIN$) = -85.14176827645625
correctionProbability (#ОСНРВНЫХ$ -> #ОСНОВНЫХ$) = -14.353114152397445
correctionProbability (#КУПТ$ -> #КУПИТЬ$) = -67.27829906068384
correctionProbability (#ОБЕЗБАЛИВАЮЩАЯ$ -> #ОБЕЗБОЛИВАЮЩАЯ$) = -30.139455469228054
correctionProbability (#КОНТЕНЕНТ$ -> #КОНТИНЕНТ$) = -15.930585821405124
correctionProbability (#ОТЫЕТЫ$ -> #ОТВЕТЫ$) = -8.769029032250213
correctionProbability (#СEРИАЛ$ -> #СЕРИАЛ$) = -4.108970369267542
correctionProbability (#СНИГИРЕВ$ -> #СНЕГИРЕВ$) = -24.388531049415413
correctionProbability (#КУПС$ -> #КУРС$) = -5.153773588308834
correctionProbability (#ХУЛІГАНКА$ -> #ХУЛИГАНКА$) = -18.898771558301945
correctionProbability (#ПОСТАНВОЛЕНИЕ$ -> #ПОСТАНОВЛЕНИЕ$) = -84.92538363043535
correctionProbability (#СОЛНИЧНЫЙ$ -> #СОЛНЕЧНЫЙ$) = -14.730918088300093
correctionProbability (#SCLADCHIK$ -> #SKLADCHIK$) = -27.303259255808065
correctionProbability (#ЛЕВОЧЕК$ -> #ДЕВОЧЕК$) = -7.6493346800141495
correctionProbability (#МАЛЕФІСЕНТА$ -> #МАЛЕФИСЕНТА$) = -13.886108380385679
correctionProbability (#СПОРТКОМЛЕКС$ -> #СПОРТКОМПЛЕКС$) = -24.39775342900286
correctionProbability (#ТРАШБОКС$ -> #ТРЕШБОКС$) = -19.211122679468076
correctionProbability (#ВОЗДУШНОНО$ -> #ВОЗДУШНОГО$) = -18.42795394078893
correctionProbability (#СИНГОРЬ$ -> #СИНЕГОРЬЕ$) = -89.08439435040334
correctionProbability (#ЯЮТУБ$ -> #ЮТУБ$) = -2.735459057676966
correctionProbability (#СНИСЯ$ -> #СНИТСЯ$) = -11.057744176859703
correctionProbability (#ОБВЬ$ -> #ОБУВЬ$) = -8.384069246421895
correctionProbability (#КРАСВОРДЫ$ -> #КРОССВОРДЫ$) = -80.22061981042242
correctionProbability (#РЕКСИЕМ$ -> #РЕКВИЕМ$) = -15.972385957620375
correctionProbability (#ЗАКЛЮЧАЕТЬСЯ$ -> #ЗАКЛЮЧАЕТСЯ$) = -22.135531446739705
correctionProbability (#ПОДИНЫ$ -> #РОДИНЫ$) = -14.355862601819698
correctionProbability (#АКТАВИГИН$ -> #АКТОВЕГИН$) = -81.8865691645824
correctionProbability (#КУНИФУ$ -> #КУНФУ$) = -16.52042865359289
correctionProbability (#ПЕОГОДА$ -> #ПОГОДА$) = -3.684631727924671
correctionProbability (#КОРЕНЫЕ$ -> #КОРЕННЫЕ$) = -20.869275684964997
correctionProbability (#ВЕШНЕВАЯ$ -> #ВИШНЕВАЯ$) = -18.179894404590968
correctionProbability (#ТАИЧ$ -> #ТВИЧ$) = -9.764283318413742
correctionProbability (#RABION$ -> #RADEON$) = -78.08754058677857
correctionProbability (#АРЕНЕДА$ -> #АРЕНДА$) = -9.816105282567992
correctionProbability (#ИЗРАЕЛЯ$ -> #ИЗРАИЛЯ$) = -13.474194861527032
correctionProbability (#UNUNTU$ -> #UBUNTU$) = -16.001309842754114
correctionProbability (#ТТЕСТАТ$ -> #АТТЕСТАТ$) = -19.322784695527695
correctionProbability (#МАЛОФИСЕНТА$ -> #МАЛЕФИСЕНТА$) = -13.898666269655621
correctionProbability (#СКАЗАКА$ -> #СКАЗКА$) = -10.799804280998853
correctionProbability (#ИНСТРОГРАМ$ -> #ИНСТАГРАМ$) = -75.84212624605064
correctionProbability (#СМЕШАНЫЕ$ -> #СМЕШАННЫЕ$) = -18.727762141877072
correctionProbability (#ТОЛТУШКИ$ -> #ТОЛСТУШКИ$) = -16.703965181297455
correctionProbability (#ОКЫТУ$ -> #ОҚЫТУ$) = -15.279552397839286
correctionProbability (#ЗВУКОФ$ -> #ЗВУКОФФ$) = -17.47453558645286
correctionProbability (#YOTOBE$ -> #YOUTUBE$) = -71.73101144642868
correctionProbability (#ТЕСГА$ -> #ТЕСЛА$) = -13.586620081125378
correctionProbability (#ЛОСМНАХ$ -> #ЛОСИНАХ$) = -16.673718129292773
correctionProbability (#ЛРОДАЖА$ -> #ПРОДАЖА$) = -7.486215432330951
correctionProbability (#ПРАВЕЛНО$ -> #ПРАВИЛЬНО$) = -74.85022705960526
correctionProbability (#КЫРГЫЗКИЙ$ -> #КЫРГЫЗСКИЙ$) = -21.78804614384528
correctionProbability (#СКОРОЧЕННО$ -> #СКОРОЧЕНО$) = -20.926275752555455
correctionProbability (#ЕЛЕКТРОНЫЙ$ -> #ЭЛЕКТРОННЫЙ$) = -77.3543087713012
correctionProbability (#СИМЫЕРОПОЛЕ$ -> #СИМФЕРОПОЛЕ$) = -13.768920441929268
correctionProbability (#СПАТИФИЛЛИУМ$ -> #СПАТИФИЛЛУМ$) = -24.272463663388805
correctionProbability (#ТАИУ$ -> #ТАТУ$) = -7.590066563995119
correctionProbability (#ПИНСИОНЕРАМ$ -> #ПЕНСИОНЕРАМ$) = -16.76762175933313
correctionProbability (#ОРЕГЕНАЛ$ -> #ОРИГИНАЛ$) = -78.14334736064097
correctionProbability (#MEUT$ -> #MEAT$) = -15.213512423374528
correctionProbability (#ИЗРАЕЛЬ$ -> #ИЗРАИЛЬ$) = -12.139884376616799
correctionProbability (#ДИФИЛЕ$ -> #ДЕФИЛЕ$) = -17.58640976981282
correctionProbability (#ЛОМБАДОЙ$ -> #ЛАМБАДОЙ$) = -24.195294355529093
correctionProbability (#СЕМИСТОР$ -> #СИМИСТОР$) = -22.483598182981062
correctionProbability (#ДЕВУШУОЙ$ -> #ДЕВУШКОЙ$) = -13.654535882022607
correctionProbability (#ЛЕГНД$ -> #ЛЕГЕНД$) = -14.59459956361476
correctionProbability (#ЗАНИМАТСЯ$ -> #ЗАНИМАТЬСЯ$) = -16.919551918401872
correctionProbability (#ГОСПАЖОЙ$ -> #ГОСПОЖОЙ$) = -21.434875688622782
correctionProbability (#ГЕМОТОГЕН$ -> #ГЕМАТОГЕН$) = -22.38004964048556
correctionProbability (#КУПЛ$ -> #КУПЛЮ$) = -9.600738174776193
correctionProbability (#НЕРВОПАТОЛОГ$ -> #НЕВРОПАТОЛОГ$) = -91.19774901112453
correctionProbability (#КАБАШОНЫ$ -> #КАБОШОНЫ$) = -23.41667738161538
correctionProbability (#БЕДОН$ -> #БИДОН$) = -19.450803086413867
correctionProbability (#СКОРИОНА$ -> #СКОРПИОНА$) = -17.382031208217064
correctionProbability (#YOONG$ -> #YOUNG$) = -10.511015984150898
correctionProbability (#ГИПЕРМОЛ$ -> #ГИПЕРМОЛЛ$) = -19.360637543271743
correctionProbability (#РАЗИТИЕ$ -> #РАЗВИТИЕ$) = -12.536918532514918
correctionProbability (#КРОСИВОЙ$ -> #КРАСИВОЙ$) = -13.196522166203053
correctionProbability (#ЧИПИГА$ -> #ЧЕПИГА$) = -22.95802873575599
correctionProbability (#SKACIATI$ -> #SCACIATI$) = -17.411856788890404
correctionProbability (#MINIKRAFT$ -> #MINECRAFT$) = -77.26845536996221
correctionProbability (#АЛАДИМИРЕ$ -> #ВЛАДИМИРЕ$) = -15.372420331335938
correctionProbability (#ЖИРОЙ$ -> #ЖИВОЙ$) = -11.261752073984237
correctionProbability (#NMAIL$ -> #MAIL$) = -9.341217265592409
correctionProbability (#ТАИН$ -> #ТАЙН$) = -17.192368104941185
correctionProbability (#КАТАЕИЕ$ -> #КАТАНИЕ$) = -10.7887283783652
correctionProbability (#XXNNXX$ -> #XNXX$) = -78.53165858129928
correctionProbability (#CHVACNER$ -> #CNVACNER$) = -15.0880409629602
correctionProbability (#КАПИТОНИОС$ -> #КАПИТАНИУС$) = -91.55643486710912
correctionProbability (#ТАНЦИ$ -> #ТАНЦЫ$) = -7.399015338001586
correctionProbability (#ДЕЛИВИРИ$ -> #ДЕЛИВЕРИ$) = -16.154959596214603
correctionProbability (#КРОСИВОЕ$ -> #КРАСИВОЕ$) = -12.30189212007108
correctionProbability (#ТАИМ$ -> #ТАЙМ$) = -11.352407937190609
correctionProbability (#АДЕНОЙДОВ$ -> #АДЕНОИДОВ$) = -21.026505330701475
correctionProbability (#ВИНИЛАВАЯ$ -> #ВИНИЛОВАЯ$) = -19.03236623629801
correctionProbability (#ШАИПОВ$ -> #ШАРИПОВ$) = -20.59071498882205
correctionProbability (#EBONI$ -> #EBONY$) = -16.874771071682833
correctionProbability (#CREDIT7$ -> #KREDIT7$) = -24.83713325218777
correctionProbability (#ГОРЛСКОП$ -> #ГОРОСКОП$) = -9.305064432527963
correctionProbability (#РОБАНО$ -> #РАБАНА$) = -87.93746770679789
correctionProbability (#НОТЭ$ -> #НОТЕ$) = -13.676120680786827
correctionProbability (#OYINLARI$ -> #OYUNLARI$) = -16.520532225248964
correctionProbability (#ТЕЛКФОНЕ$ -> #ТЕЛЕФОНЕ$) = -12.66344872863744
correctionProbability (#ПОДКЛЮЧТЬ$ -> #ПОДКЛЮЧИТЬ$) = -14.173051149892018
correctionProbability (#ПОЯСНИЧНОГ$ -> #ПОЯСНИЧНОГО$) = -20.015648251345482
correctionProbability (#СЛУШАТ$ -> #СЛУШАТЬ$) = -5.650532316621918
correctionProbability (#МОКЕЕВ$ -> #МАКЕЕВ$) = -18.285373724338132
correctionProbability (#ХАРЬК$ -> #ХАРЬКОВ$) = -76.55214301651739
correctionProbability (#ДЛЯЫ$ -> #ДЛЯ$) = -0.8072742613809147
correctionProbability (#СУРАКТАРЫ$ -> #СҰРАҚТАРЫ$) = -84.60309694885015
correctionProbability (#КАРКУЛЯТОР$ -> #КАЛЬКУЛЯТОР$) = -77.46680211846987
correctionProbability (#РЕТЕНКА$ -> #РЕБЕНКА$) = -8.188702224556032
correctionProbability (#АЛИЭКСПЕС$ -> #АЛИЭКСПРЕСС$) = -77.2383931722606
correctionProbability (#АЙОНА$ -> #АЙФОНА$) = -12.848916896644834
correctionProbability (#KLEINANZEIGE$ -> #KLEINANZEIGEN$) = -25.61013279684022
correctionProbability (#ПРИБЫВАНИЕ$ -> #ПРЕБЫВАНИЕ$) = -23.16205362944465
correctionProbability (#ПИШКТСЯ$ -> #ПИШЕТСЯ$) = -11.563756356981159
correctionProbability (#КВАТ$ -> #КВТ$) = -13.170368630378402
correctionProbability (#КОМЕРЦИЯ$ -> #КОММЕРЦИЯ$) = -23.16012573085132
correctionProbability (#ЗОННА$ -> #ЗОНА$) = -9.371414776326677
correctionProbability (#ПЕРЕДЕВАЛАСЬ$ -> #ПЕРЕОДЕВАЛАСЬ$) = -30.89719720974412
correctionProbability (#ИУЛЬТФИЛЬМ$ -> #МУЛЬТФИЛЬМ$) = -9.118431979874167
correctionProbability (#УПРОВЛЯЮЩАЯ$ -> #УПРАВЛЯЮЩАЯ$) = -19.166720259346512
correctionProbability (#СНИТЯ$ -> #СНИТСЯ$) = -11.032465567044522
correctionProbability (#АТСАП$ -> #ВАТСАП$) = -9.127730423210725
correctionProbability (#РЕНЕСС$ -> #РЕНЕССАНС$) = -146.93451531993466
correctionProbability (#СОДОВОД$ -> #САДОВОД$) = -12.793707571796162
correctionProbability (#ЮРЕДИЧЕСКАЯ$ -> #ЮРИДИЧЕСКАЯ$) = -18.01456671122036
correctionProbability (#GOIF$ -> #GOLF$) = -12.826497345415053
correctionProbability (#СЕНЬОРІТА$ -> #СЕНЬОРИТА$) = -17.106533742845208
correctionProbability (#ПРИВИТАННЯ$ -> #ПРИВІТАННЯ$) = -17.08670422012814
correctionProbability (#ИАРШРУТКА$ -> #МАРШРУТКА$) = -15.835968574074428
correctionProbability (#ПОПУРИ$ -> #ПОПУРРИ$) = -18.273673536767895
correctionProbability (#МАНИФИСЕНТА$ -> #МАЛЕФИСЕНТА$) = -78.61536341262016
correctionProbability (#ПЕМИ$ -> #ПЕРМИ$) = -10.534092235919804
correctionProbability (#БАБЕЛ$ -> #БАБЕЛЬ$) = -20.814501430443645
correctionProbability (#МИНСТРОНЕ$ -> #МИНЕСТРОНЕ$) = -23.603153912136676
correctionProbability (#РАСЧИПОВЫВАТЬ$ -> #РАСЧИПОВАТЬ$) = -106.54990264482151
correctionProbability (#МИНИМТРЛІГІ$ -> #МИНИСТРЛІГІ$) = -25.050940481595063
correctionProbability (#ЛЕЧЕ6ИЕМ$ -> #ЛЕЧЕНИЕМ$) = -16.621697991740717
correctionProbability (#KLIPHOI$ -> #KLIPI$) = -89.0070295270124
correctionProbability (#РИЗИНКЕ$ -> #РЕЗИНКЕ$) = -16.317058825621004
correctionProbability (#КАЛИНИНШРАДА$ -> #КАЛИНИНГРАДА$) = -18.522432228467217
correctionProbability (#ДЖАРЕТ$ -> #ДЖАРЕД$) = -16.861615332376363
correctionProbability (#ПРЯМОИ$ -> #ПРЯМОЙ$) = -6.809029137227821
correctionProbability (#УПОВНЕ$ -> #УРОВНЕ$) = -14.522179407771493
correctionProbability (#РЕЖИСЕРЫ$ -> #РЕЖИССЕРЫ$) = -22.62968551328961
correctionProbability (#ДРОГОНА$ -> #ДРАКОНА$) = -74.7734307177471
correctionProbability (#НОТИ$ -> #НОТЫ$) = -8.867113252978857
correctionProbability (#ЦЕНОСТИ$ -> #ЦЕННОСТИ$) = -16.521537406091362
correctionProbability (#АДЬФА$ -> #АЛЬФА$) = -7.709912060945758
correctionProbability (#ОТЛИЧИ$ -> #ОТЛИЧИЯ$) = -14.68676397079485
correctionProbability (#ГИНКО$ -> #ГИНКГО$) = -18.14648426817259
correctionProbability (#НАЯМА$ -> #НААМА$) = -18.946012132099792
correctionProbability (#РАСЕЛА$ -> #РАССЕЛА$) = -20.642438394967208
correctionProbability (#АРТЕКИ$ -> #АПТЕКИ$) = -11.799859161917883
correctionProbability (#ОБСТАЯТЕЛЬСТВА$ -> #ОБСТОЯТЕЛЬСТВА$) = -24.13556727127746
correctionProbability (#ПЕЛЫ$ -> #ПИЛЫ$) = -13.430032711859244
correctionProbability (#РАССРАСИТЬ$ -> #РАСКРАСИТЬ$) = -18.666340910768717
correctionProbability (#ИРКУТК$ -> #ИРКУТСК$) = -9.776655089021766
correctionProbability (#АТРЯД$ -> #ОТРЯД$) = -10.440740782207147
correctionProbability (#ЛЕГОСИ$ -> #ЛЕГАСИ$) = -16.129063960679613
correctionProbability (#РАБОТЮТ$ -> #РАБОТАЮТ$) = -15.49077223894831
correctionProbability (#ПРЕДСТАВЛЯ$ -> #ПРЕДСТАВЛЯЕТ$) = -83.86407484492483
correctionProbability (#МАКЕНТОШ$ -> #МАКИНТОШ$) = -21.178177557419836
correctionProbability (#АККОМУЛЯТОР$ -> #АККУМУЛЯТОР$) = -15.182659348885196
correctionProbability (#ОПОАТА$ -> #ОПЛАТА$) = -10.619684372692081
correctionProbability (#СОРОКОЛЕТНИЕ$ -> #СОРОКАЛЕТНИЕ$) = -29.29690712961507
correctionProbability (#АЙОНЕ$ -> #РАЙОНЕ$) = -9.965507409209668
correctionProbability (#РБАЛКА$ -> #РЫБАЛКА$) = -10.09438136328967
correctionProbability (#МИНИСТРИВ$ -> #МИНИСТРОВ$) = -18.80479613934658
correctionProbability (#PTM3131$ -> #PMT3131$) = -101.0643704925017
correctionProbability (#НОТВ$ -> #НОТЫ$) = -8.89788381944713
correctionProbability (#ПАЧИМУ$ -> #ПОЧЕМУ$) = -71.31341090363058
correctionProbability (#CSGORUN$ -> #CSGOTUNE$) = -92.66982489994368
correctionProbability (#КАОЕНДАРЬ$ -> #КАЛЕНДАРЬ$) = -9.588200045918335
correctionProbability (#НОСЬ$ -> #НОЧЬ$) = -7.397925876612259
correctionProbability (#ИРКУТС$ -> #ИРКУТСК$) = -9.828178786962177
correctionProbability (#РАБАТАЕТ$ -> #РАБОТАЕТ$) = -11.18792725401255
correctionProbability (#ДЕСКИЕ$ -> #ДЕТСКИЕ$) = -8.193345992294034
correctionProbability (#РУССФИКАТОР$ -> #РУСИФИКАТОР$) = -19.472768218271483
correctionProbability (#ЯПОНСКА$ -> #ЯПОНСКАЯ$) = -14.632994520622063
correctionProbability (#ПОЧТАВОЙ$ -> #ПОЧТОВЫЙ$) = -78.23553071272026
correctionProbability (#ПРОФЕСИЯХ$ -> #ПРОФЕССИЯХ$) = -22.184469900688818
correctionProbability (#РАЗВЕВАЮЩИЕ$ -> #РАЗВИВАЮЩИЕ$) = -15.31193736336877
correctionProbability (#ТРНАСЫ$ -> #ТРАНСЫ$) = -79.83439126625345
correctionProbability (#ESENTIAL$ -> #ESSENTIAL$) = -20.78236435579123
correctionProbability (#НЮРБЕРГСКАЯ$ -> #НЮРНБЕРГСКАЯ$) = -32.796063187788185
correctionProbability (#СИННИЙ$ -> #СИНИЙ$) = -9.66165486173524
correctionProbability (#ХІП$ -> #ХИП$) = -13.057991713094996
correctionProbability (#МАСИВА$ -> #МАССИВА$) = -14.542143062401124
correctionProbability (#ДЕСКИЙ$ -> #ДЕТСКИЙ$) = -8.374815180470435
correctionProbability (#РИШЕННЯ$ -> #РІШЕННЯ$) = -19.327572226166062
correctionProbability (#КРЫЛУШЕК$ -> #КРЫЛЫШЕК$) = -21.11884201997134
correctionProbability (#РОСИЙСКОМУ$ -> #РОССИЙСКОМУ$) = -21.07787724154889
correctionProbability (#СЛАИД$ -> #СЛАЙД$) = -10.112480519971985
correctionProbability (#ХАРАЙЗЕН$ -> #ХОРАЙЗЕН$) = -22.794219910863603
correctionProbability (#ЗАДОЛЖЕНОСТЬ$ -> #ЗАДОЛЖЕННОСТЬ$) = -18.783273739281718
correctionProbability (#ВІНЬКІВЦЯХ$ -> #ВІНЬКІВЦІ$) = -95.5276212164855
correctionProbability (#АВВТО$ -> #АВТО$) = -6.475373929903743
correctionProbability (#ИЛЕТ$ -> #ИДЕТ$) = -9.784848250303884
correctionProbability (#FAMYLI$ -> #FAMILY$) = -74.95972318559161
correctionProbability (#МАНАСТЫРЯ$ -> #МОНАСТЫРЯ$) = -17.38878266514724
correctionProbability (#ПРИНОДЛЕЖНОСТИ$ -> #ПРИНАДЛЕЖНОСТИ$) = -21.73001936162221
correctionProbability (#ЕРИАЛ$ -> #СЕРИАЛ$) = -4.613576711338986
correctionProbability (#ОБЕГ$ -> #ПОБЕГ$) = -11.091983031755486
correctionProbability (#ВЫКУПАМ$ -> #ВЫКУПОМ$) = -18.02903284512699
correctionProbability (#КАНФИСКАТ$ -> #КОНФИСКАТ$) = -21.092166806807562
correctionProbability (#КАЛЬТУЛЯТОР$ -> #КАЛЬКУЛЯТОР$) = -12.189037002348442
correctionProbability (#МАНИФИЦЕНТА$ -> #МАЛЕФИСЕНТА$) = -143.3872747750723
correctionProbability (#КАЗАЗСТАНА$ -> #КАЗАХСТАНА$) = -12.650633215190133
correctionProbability (#ПРОДИВАНИЯ$ -> #ПРОЖИВАНИЯ$) = -17.882109435387463
correctionProbability (#ЛУННИЙ$ -> #ЛУННЫЙ$) = -10.116076623888564
correctionProbability (#МІДОКАЛМ$ -> #МИДОКАЛМ$) = -16.27711348582484
correctionProbability (#НЕКОТИНА$ -> #НИКОТИНА$) = -20.1550145416698
correctionProbability (#ЧЕПКАСОВА$ -> #ЧЕРКАСОВА$) = -12.21678908664893
correctionProbability (#ДЭЛЬТА$ -> #ДЕЛЬТА$) = -13.613413892310124
correctionProbability (#МОЧЕННЫЕ$ -> #МОЧЕНЫЕ$) = -21.307308350938314
correctionProbability (#ПОРОХАБ$ -> #ПОРНОХАБ$) = -14.349699171265755
correctionProbability (#BONDACAMS$ -> #BONGACAMS$) = -16.876413801806493
correctionProbability (#ИНОСТРАНКАМИ$ -> #ИНОСТРАНЦАМИ$) = -21.73932241404342
correctionProbability (#ЕЛЬПАЗА$ -> #ЭЛЬПАЗА$) = -21.37920035310195
correctionProbability (#ЮТОБЕ$ -> #ЮТУБЕ$) = -6.4326611220004075
correctionProbability (#SMKA$ -> #SMK$) = -16.489022286936635
correctionProbability (#ИЛЕИ$ -> #ИДЕИ$) = -8.503501065639192
correctionProbability (#TURKIS$ -> #TURKISH$) = -18.22885004130488
correctionProbability (#НУТЕЛА$ -> #НУТЕЛЛА$) = -20.224562599983884
correctionProbability (#ЭКСУДАТИВНЫЙ$ -> #ЭКССУДАТИВНЫЙ$) = -28.966751698444668
correctionProbability (#ДИАМОН$ -> #ДИАМОНД$) = -19.413237252091278
correctionProbability (#ОТЧИ$ -> #ОТЧЕ$) = -13.609339471169779
correctionProbability (#КРОТКИЕ$ -> #КОРОТКИЕ$) = -11.789915041686129
correctionProbability (#TURKIE$ -> #TURKIYE$) = -19.276894359697437
correctionProbability (#ОБЕЖДЫ$ -> #ОДЕЖДЫ$) = -8.26110168360917
correctionProbability (#КАРИЗОО$ -> #КАПРИЗОВ$) = -86.12455766909963
correctionProbability (#ТЕРЕТОРИЮ$ -> #ТЕРРИТОРИЮ$) = -85.00644499717951
correctionProbability (#РЕГРЕСИИ$ -> #РЕГРЕССИИ$) = -24.332335903226628
correctionProbability (#СТАЛОНЕ$ -> #СТАЛЛОНЕ$) = -18.12554996310883
correctionProbability (#МАКАРИЧЕВ$ -> #МАКАРЫЧЕВ$) = -14.867466231104615
correctionProbability (#ЕРЕД$ -> #ПЕРЕД$) = -9.659161890987807
correctionProbability (#ТЕСЕТ$ -> #ТЕЧЕТ$) = -13.441948281722336
correctionProbability (#ПАДРУГ$ -> #ПОДРУГ$) = -14.213144831375804
correctionProbability (#ТАКН$ -> #ТАКЕ$) = -12.531956176965185
correctionProbability (#ЯПОНСЕОЕ$ -> #ЯПОНСКОЕ$) = -15.03258355221265
correctionProbability (#РОСИЯНАМ$ -> #РОССИЯНАМ$) = -18.094125421251263
correctionProbability (#ММММММММММММММММММММММММММММММММ$ -> #ММММММММММММММММММММММММММММММ$) = -126.88633747529931
correctionProbability (#ТЕРЕТОРИЯ$ -> #ТЕРРИТОРИЯ$) = -81.57010900092494
correctionProbability (#ВАРШАВСКТЙ$ -> #ВАРШАВСКИЙ$) = -21.63606865155105
correctionProbability (#ГДИ$ -> #ГДЕ$) = -3.2958498128634055
correctionProbability (#КОРОЛ$ -> #КОРОЛЬ$) = -8.433699883234862
correctionProbability (#ПРИНЕЛА$ -> #ПРИНЯЛА$) = -17.650900678575127
correctionProbability (#FМАГАЗИН$ -> #МАГАЗИН$) = -7.602730524170617
correctionProbability (#ГДЖ$ -> #ГДЗ$) = -3.5213512088318346
correctionProbability (#TOSIBA$ -> #TOSHIBA$) = -15.548341031696168
correctionProbability (#ТАБЛТКИ$ -> #ТАБЛЕТКИ$) = -10.188601554863716
correctionProbability (#СООБЩЕНЯ$ -> #СООБЩЕНИЯ$) = -16.509576889908125
correctionProbability (#МАСТОДИОН$ -> #МАСТОДИНОН$) = -22.214433076771044
correctionProbability (#BUISNESS$ -> #BUSINESS$) = -83.05339697016217
correctionProbability (#ВОСТАНОВЛЕНИЕ$ -> #ВОССТАНОВЛЕНИЕ$) = -19.67217705872205
correctionProbability (#PASWORD$ -> #PASSWORD$) = -15.764741042205067
correctionProbability (#ОБАЗОВАНИЕ$ -> #ОБРАЗОВАНИЕ$) = -13.39138752019273
correctionProbability (#КОМПЮТЕРНА$ -> #КОМПЬЮТЕРНАЯ$) = -84.80190872828337
correctionProbability (#ОКЯБРЬ$ -> #ОКТЯБРЬ$) = -10.039299595003193
correctionProbability (#СТРИМЕРШЫ$ -> #СТРИМЕРШИ$) = -21.73976792458081
correctionProbability (#РАССА$ -> #РАСА$) = -15.905066780756886
correctionProbability (#ОТЩЫВ$ -> #ОТЗЫВ$) = -10.901249872764172
correctionProbability (#МОЛАДЫЕ$ -> #МОЛОДЫЕ$) = -12.042516052751317
correctionProbability (#СЛУЖЬА$ -> #СЛУЖБА$) = -9.705934098696307
correctionProbability (#БРОНИРОВАНЫЕ$ -> #БРОНИРОВАННЫЕ$) = -25.88792398118254
correctionProbability (#НАКЛОДНАЯ$ -> #НАКЛАДНАЯ$) = -17.04676595333143
correctionProbability (#МЫШЫ$ -> #МЫШИ$) = -10.733358698769099
correctionProbability (#БРПВЛ$ -> #БРАВЛ$) = -7.772327727597354
correctionProbability (#МАЛОЛДКА$ -> #МАЛОЛЕТКА$) = -81.55888107108102
correctionProbability (#КУНІ$ -> #КҮНІ$) = -14.153671894050195
correctionProbability (#ЕНТЕРОЖЕРМІНА$ -> #ЭНТЕРОЖЕРМИНА$) = -91.53823198907683
correctionProbability (#ДЕБЮСИ$ -> #ДЕБЮССИ$) = -20.903352225201054
correctionProbability (#ГДА$ -> #ГТА$) = -5.62057386219891
correctionProbability (#КОРОД$ -> #ГОРОД$) = -5.059498642889029
correctionProbability (#GOGE$ -> #GOOGLE$) = -71.74167685687324
correctionProbability (#ОСНОВАНИ$ -> #ОСНОВАНИЯ$) = -16.868462672626336
correctionProbability (#ОКЯБРЯ$ -> #ОКТЯБРЯ$) = -8.951638950319136
correctionProbability (#МКЖА$ -> #МУЖА$) = -9.386393795260563
correctionProbability (#DREEM$ -> #DREAM$) = -12.18802595690362
correctionProbability (#КРАСИАЫЕ$ -> #КРАСИВЫЕ$) = -7.3885872200832665
correctionProbability (#СНТА$ -> #САНТА$) = -12.156081214448594
correctionProbability (#КАЧЕВНИКИ$ -> #КОЧЕВНИКИ$) = -21.421217842111353
correctionProbability (#КОРНЫ$ -> #КОРНИ$) = -12.628786939253292
correctionProbability (#ЕБАЛОВА$ -> #ЕБАЛОВО$) = -15.851471583395345
correctionProbability (#СКРОСТИ$ -> #СКОРОСТИ$) = -13.402609200108607
correctionProbability (#НОЛЯ$ -> #НУЛЯ$) = -10.542979405777235
correctionProbability (#KALENDARJ$ -> #KALENDAR$) = -23.39307666306197
correctionProbability (#КАКОО$ -> #КАКОГО$) = -9.508387428225117
correctionProbability (#КРВЛЬЯ$ -> #КРЫЛЬЯ$) = -11.353110517380006
correctionProbability (#FRANC$ -> #FRANCE$) = -14.685879940955207
correctionProbability (#YGOOGLE$ -> #GOOGLE$) = -8.357757961767984
correctionProbability (#ПОЛРОСТКОВ$ -> #ПОДРОСТКОВ$) = -14.373457918060488
correctionProbability (#КАПИТА$ -> #КАПИТАН$) = -12.767034791967788
correctionProbability (#ОДНАКЛАССНИК$ -> #ОДНОКЛАССНИКИ$) = -76.50753264595787
correctionProbability (#СООБЩЕНИ$ -> #СООБЩЕНИЕ$) = -13.309253244647614
correctionProbability (#ИГОАТЬ$ -> #ИГРАТЬ$) = -5.7996500520112555
correctionProbability (#КАКОФ$ -> #КАКОЙ$) = -5.540589959594968
correctionProbability (#ДЛШЯ$ -> #ДЛЯ$) = -0.8135360817595902
correctionProbability (#КАКОУ$ -> #КАКОЙ$) = -5.540626219725144
correctionProbability (#АЕРОПОРТУ$ -> #АЭРОПОРТУ$) = -16.403841383135514
correctionProbability (#TOYPTA$ -> #TOYOTA$) = -11.91673104909788
correctionProbability (#ЭКЗАМЕННАЦИОННЫЕ$ -> #ЭКЗАМЕНАЦИОННЫЕ$) = -26.233154408894237
correctionProbability (#SHOKING$ -> #SHOCKING$) = -22.785556118026356
correctionProbability (#ПЕНМЬ$ -> #ПЕРМЬ$) = -7.65045910328886
correctionProbability (#МЫШЕ$ -> #МЫШИ$) = -10.688917835015982
correctionProbability (#РЕЕЛТОР$ -> #РИЭЛТОР$) = -80.61399311994924
correctionProbability (#ДЛИННИЕ$ -> #ДЛИННЫЕ$) = -11.146678459354504
correctionProbability (#КАКОЦ$ -> #КАКОЙ$) = -5.536284364724171
correctionProbability (#ХЕЛИКОБАКТЕРИ$ -> #ХЕЛИКОБАКТЕР$) = -24.131646455323157
correctionProbability (#РАСПИСАНРЕ$ -> #РАСПИСАНИЕ$) = -9.673328755165748
correctionProbability (#ДЛИНУЮ$ -> #ДЛИННУЮ$) = -19.24897652708954
correctionProbability (#РОЗГРОМ$ -> #РАЗГРОМ$) = -18.9385145208269
correctionProbability (#ТОМАРА$ -> #ТАМАРА$) = -12.810156939927172
correctionProbability (#МАСТОЭКТОМИЯ$ -> #МАСТЭКТОМИЯ$) = -29.167503877419783
correctionProbability (#ЭКСГИБИТИОНИСТ$ -> #ЭКСГИБИЦИОНИСТ$) = -28.282868366863497
correctionProbability (#ХМЕЛЬНИЦЬКИЦК$ -> #ХМЕЛЬНИЦЬКИЙ$) = -88.39263591533162
correctionProbability (#ЭЛЕКННЫЙ$ -> #ЭЛЕКТРОННЫЙ$) = -143.3443360589347
correctionProbability (#ВОСТАНОВЛЕНИИ$ -> #ВОССТАНОВЛЕНИИ$) = -26.181182785961667
correctionProbability (#ДЛИННИЙ$ -> #ДЛИННЫЙ$) = -14.401522115095347
correctionProbability (#ВАТМЕТР$ -> #ВАТТМЕТР$) = -23.756904672368215
correctionProbability (#ТИМИР$ -> #ТЕМИР$) = -14.57095026506418
correctionProbability (#РАССЫ$ -> #РАСЫ$) = -18.85978235353087
correctionProbability (#ТРОТУАРНА$ -> #ТРОТУАРНАЯ$) = -19.3389173455112
correctionProbability (#ЧАСОВО$ -> #ЧАСОВ$) = -11.531890784541833
correctionProbability (#КУЛЫ$ -> #КУКЛЫ$) = -8.927639797446833
correctionProbability (#КОЛЕКТОРЫ$ -> #КОЛЛЕКТОРЫ$) = -21.20543030533019
correctionProbability (#ГУЖНА$ -> #НУЖНА$) = -11.016544346729301
correctionProbability (#КОЛАСС$ -> #КЛАСС$) = -4.9268701460263635
correctionProbability (#КИТАЙСКИКИЙ$ -> #КИТАЙСКИЙ$) = -83.54393174293062
correctionProbability (#ADELINE$ -> #ADALINE$) = -33.10379254519961
correctionProbability (#ВЕРТИТЬСЯ$ -> #ВЕРТИТСЯ$) = -23.02004262281458
correctionProbability (#НАСТРОИКА$ -> #НАСТРОЙКА$) = -13.737590811316416
correctionProbability (#ИСПЕЧ$ -> #ИСПЕЧЬ$) = -14.658870195030307
correctionProbability (#КРОСИВЫЙ$ -> #КРАСИВЫЙ$) = -10.938715211993504
correctionProbability (#КОМПЮТЕРОВ$ -> #КОМПЬЮТЕРОВ$) = -17.686169860677992
correctionProbability (#СДЕЛАНЫЕ$ -> #СДЕЛАННЫЕ$) = -20.742157710807028
correctionProbability (#ФОРЕХ$ -> #ФОРЕКС$) = -74.13734018415995
correctionProbability (#КАКОГ$ -> #КАКОГО$) = -9.496901148900204
correctionProbability (#СУПРОСТИН$ -> #СУПРАСТИН$) = -18.649318883997772
correctionProbability (#БЕГЛИОН$ -> #БИГЛИОН$) = -14.044686197139562
correctionProbability (#ГЕД$ -> #ГДЕ$) = -71.19587442667728
correctionProbability (#КОНТИНИУМ$ -> #КОНТИНУУМ$) = -21.789587419679258
correctionProbability (#ПЕТЕРБУР$ -> #ПЕТЕРБУРГ$) = -11.963596345434446
correctionProbability (#СОМОСТОЯТЕЛЬНАЯ$ -> #САМОСТОЯТЕЛЬНАЯ$) = -22.677515439221395
correctionProbability (#МАШНА$ -> #МАШИНА$) = -8.822240782299676
correctionProbability (#ГЕВ$ -> #ГЕЕВ$) = -12.03958347607156
correctionProbability (#ГАДЖИТ$ -> #ГАДЖЕТ$) = -16.11414861805201
correctionProbability (#ДЛЧЯ$ -> #ДЛЯ$) = -0.8105878844714418
correctionProbability (#КОСТИТУЦИЯ$ -> #КОНСТИТУЦИЯ$) = -19.11849624565805
correctionProbability (#КОРЕНОЙ$ -> #КОРЕННОЙ$) = -21.106997542974653
correctionProbability (#РУКОВОДИИТЕЛЬ$ -> #РУКОВОДИТЕЛЬ$) = -21.033927915955665
correctionProbability (#ВОТСАППЕ$ -> #ВАТСАПЕ$) = -83.70814712106629
correctionProbability (#ЕВГЕНИ$ -> #ЕВГЕНИЙ$) = -11.31631208903768
correctionProbability (#ИЕСТО$ -> #ТЕСТО$) = -9.412984925124437
correctionProbability (#ВЕДЬМАГ$ -> #ВЕДЬМАК$) = -13.63568907859625
correctionProbability (#ЛАНЦЕР$ -> #ЛАНСЕР$) = -14.119419170498592
correctionProbability (#АНТЕНОЙ$ -> #АНТЕННОЙ$) = -21.174371881944502
correctionProbability (#ЕМІНЕСКУ$ -> #ЕМИНЕСКУ$) = -26.784347235221894
correctionProbability (#ВЫПОЛ$ -> #ВЫПАЛ$) = -15.383909087485126
correctionProbability (#ХОМЛАДОРЛИК$ -> #ХОМИЛАДОРЛИК$) = -29.75616186444517
correctionProbability (#АКОРДАХ$ -> #АККОРДАХ$) = -22.986071809072214
correctionProbability (#НОВОСТІ$ -> #НОВОСТИ$) = -4.261074673664419
correctionProbability (#РОССАКРЕДИТАЦИЯ$ -> #РОСАККРЕДИТАЦИЯ$) = -93.30402587995495
correctionProbability (#ПОДКЛЮЧАЕТ$ -> #ПОДКЛЮЧАЕТСЯ$) = -87.87856653090134
correctionProbability (#ПОЖЕНЕМСЯ$ -> #ПОЖЕНИМСЯ$) = -14.710611103301183
correctionProbability (#ШТАМПОВАНЫЕ$ -> #ШТАМПОВАННЫЕ$) = -24.182131991067074
correctionProbability (#СЕККС$ -> #СЭКС$) = -77.64954381285632
correctionProbability (#ГДЫ$ -> #ГОДЫ$) = -10.382982214002237
correctionProbability (#ПЕНИЦИЛИН$ -> #ПЕНИЦИЛЛИН$) = -23.54612079082836
correctionProbability (#ЯНЖДЕКС$ -> #ЯНДЕКС$) = -4.7839704132690635
correctionProbability (#ГАЛАНД$ -> #ГАЛАНТ$) = -16.3055385563953
correctionProbability (#ГДЩ$ -> #ГДЗ$) = -3.516684473402048
correctionProbability (#КЫРГЫЗЫСТАН$ -> #КЫРГЫЗСТАН$) = -19.369561492228648
correctionProbability (#КУЛА$ -> #КУДА$) = -7.529140491349633
correctionProbability (#ПОЛИКЛИРИКА$ -> #ПОЛИКЛИНИКА$) = -13.480841433097012
correctionProbability (#ПАРАШУТНАЯ$ -> #ПАРАШЮТНАЯ$) = -25.050549715569353
correctionProbability (#КОНДРАШЕВ$ -> #КОНДРАШОВ$) = -22.642478597400782
correctionProbability (#МУЖИЧЕК$ -> #МУЖИЧОК$) = -17.980988580527452
correctionProbability (#ЗАВАРНИЙ$ -> #ЗАВАРНОЙ$) = -17.393914502304668
correctionProbability (#РОЧТА$ -> #ПОЧТА$) = -3.8858314203704687
correctionProbability (#НОВГО$ -> #НОВОГО$) = -11.35368110075063
correctionProbability (#МОРОКОО$ -> #МАРОККО$) = -80.22615597062277
correctionProbability (#СНИЦА$ -> #СНИТСЯ$) = -140.62009080095015
correctionProbability (#ГДХ$ -> #ГДЗ$) = -3.520119101410156
correctionProbability (#ПРГРАММЫ$ -> #ПРОГРАММЫ$) = -12.960082980782367
correctionProbability (#МЫЧИ$ -> #МЯЧИ$) = -14.505074894065611
correctionProbability (#ХОРОШИЦ$ -> #ХОРОШИЙ$) = -11.101504801000011
correctionProbability (#НАУЧИТТСЯ$ -> #НАУЧИТЬСЯ$) = -14.256450486030317
correctionProbability (#КОМПОНЕТ$ -> #КОМПОНЕНТ$) = -19.591186060836804
correctionProbability (#ГДУ$ -> #ГДЕ$) = -3.357434731487455
correctionProbability (#ПРЕДЛОЖЕНИЧ$ -> #ПРЕДЛОЖЕНИЯ$) = -15.521185984288913
correctionProbability (#ДОВЕРИНОСТЬ$ -> #ДОВЕРЕННОСТЬ$) = -83.86022326910938
correctionProbability (#STRAUS$ -> #STRAUSS$) = -22.869592879043637
correctionProbability (#KAWAIKEREBA$ -> #KAWAIIKEREBA$) = -38.67954195951625
correctionProbability (#СЕРЕНИ$ -> #СИРЕНИ$) = -14.362006662565168
correctionProbability (#ГОКЧЕН$ -> #ГЕКЧЕН$) = -22.98049226699517
correctionProbability (#ГОРАШКИНСКОЕ$ -> #ГАРАШКИНСКОЕ$) = -37.648707943391464
correctionProbability (#НИМЕЦЬКОИ$ -> #НІМЕЦЬКОЇ$) = -87.38498631750464
correctionProbability (#БИРУТ$ -> #БЕРУТ$) = -14.072942772177793
correctionProbability (#КОЛЕКТОРА$ -> #КОЛЛЕКТОРА$) = -20.705199921989973
correctionProbability (#ТАТЬЯНКЕ$ -> #ТАТЬЯНЕ$) = -20.76382760149731
correctionProbability (#ВИДЕОРИГИСТРАТОР$ -> #ВИДЕОРЕГИСТРАТОР$) = -21.74609892634814
correctionProbability (#МАЛАДАЙ$ -> #МОЛОДОЙ$) = -141.39905583377592
correctionProbability (#ХЭТХАНТР$ -> #ХЕДХАНТЕР$) = -145.46987488343396
correctionProbability (#МАСЛЯННАЯ$ -> #МАСЛЯНАЯ$) = -22.171716964611925
correctionProbability (#ТЫСЕЧА$ -> #ТЫСЯЧА$) = -14.06786835912833
correctionProbability (#ПОГРУЗИКИ$ -> #ПОГРУЗЧИКИ$) = -20.880148711902912
correctionProbability (#НЕФТЮГАНСК$ -> #НЕФТЕЮГАНСК$) = -19.020559122117575
correctionProbability (#ПОСАДЕА$ -> #ПОСАДКА$) = -11.153954478326263
correctionProbability (#ГРАМАТИЧЕСКУЮ$ -> #ГРАММАТИЧЕСКУЮ$) = -27.70955488121784
correctionProbability (#КОЛЕКТОРЕ$ -> #КОЛЛЕКТОРЕ$) = -23.43936480068897
correctionProbability (#НАПУХЛА$ -> #ОПУХЛА$) = -84.33501321537268
correctionProbability (#БАСКЕТБАЛИСТИ$ -> #БАСКЕТБОЛИСТА$) = -87.46023326656272
correctionProbability (#СЛАЙТ$ -> #СЛАЙД$) = -10.129508779050372
correctionProbability (#УЛЬНОВСКЕ$ -> #УЛЬЯНОВСКЕ$) = -16.78376894076768
correctionProbability (#ОБАЗОВАНИЯ$ -> #ОБРАЗОВАНИЯ$) = -14.001556890503778
correctionProbability (#ПАНУХА$ -> #ПАРНУХА$) = -14.199106510835897
correctionProbability (#ШТАМПОВАНЫХ$ -> #ШТАМПОВАННЫХ$) = -26.485087406538717
correctionProbability (#МЕСЯГУТОВА$ -> #МЕСЯГУТОВО$) = -21.936548471817524
correctionProbability (#ТРАЙНЕР$ -> #ТРЕЙНЕР$) = -15.155850320680749
correctionProbability (#РЕХАО$ -> #РЕХАУ$) = -13.691403101495073
correctionProbability (#ПОДІЛЬСК$ -> #ПОДІЛЬСЬКИЙ$) = -155.36404956548208
correctionProbability (#АКТРРЫ$ -> #АКТЕРЫ$) = -8.897460958848217
correctionProbability (#ПОМОКОД$ -> #ПРОМОКОД$) = -13.048972324066547
correctionProbability (#МУЗЫКК$ -> #МУЗЫКУ$) = -6.89977769325391
correctionProbability (#УСТАНАВ$ -> #УСТАНОВ$) = -22.820682368364857
correctionProbability (#ПЛСМОТРЕТЬ$ -> #ПОСМОТРЕТЬ$) = -11.712106535866475
correctionProbability (#ПРИНЦЫП$ -> #ПРИНЦИП$) = -12.931452477800505
correctionProbability (#ЕМИНС$ -> #ЕМИАС$) = -11.625182703703683
correctionProbability (#ВЕКЕПЕДИЯ$ -> #ВИКИПЕДИЯ$) = -74.12637926570498
correctionProbability (#КЛМБОТ$ -> #КОМБАТ$) = -76.99552382495702
correctionProbability (#СЕРЕНЬ$ -> #СИРЕНЬ$) = -13.850567148379174
correctionProbability (#МКИЛ$ -> #МАЙЛ$) = -68.4365689872396
correctionProbability (#ТЕКСТЬ$ -> #ТЕКСТ$) = -8.379084174185088
correctionProbability (#СЕРЕНЫ$ -> #СИРЕНЫ$) = -18.32618591119044
correctionProbability (#РЙОН$ -> #РАЙОН$) = -7.078012778566542
correctionProbability (#ЕРКУСОВ$ -> #ЧЕРКАСОВ$) = -81.61229785748715
correctionProbability (#ВНУТРЕНИЕ$ -> #ВНУТРЕННИЕ$) = -18.37437822408714
correctionProbability (#КАРТОЛЫ$ -> #КАРТАЛЫ$) = -17.55286113953955
correctionProbability (#ПОПКОРМ$ -> #ПОПКОРН$) = -18.032037003299706
correctionProbability (#АСПОРКАМ$ -> #АСПАРКАМ$) = -16.879361935111056
correctionProbability (#ОЧЕТАИЕ$ -> #СОЧЕТАНИЕ$) = -81.50704896139402
correctionProbability (#ПРАЦЮЕ$ -> #ПРАЦЮЄ$) = -19.626776464820107
correctionProbability (#МУЗЫКС$ -> #МУЗЫКА$) = -5.5320554970587565
correctionProbability (#ФЕЙРВЕРК$ -> #ФЕЙЕРВЕРК$) = -20.14522014017674
correctionProbability (#ГЖЕ$ -> #ГДЕ$) = -3.3228422052024627
correctionProbability (#ТЕСКИ$ -> #ТИСКИ$) = -15.716446266543148
correctionProbability (#БУКАУ$ -> #БУКВУ$) = -10.44121464380012
correctionProbability (#АИРОПОРТ$ -> #АЭРОПОРТ$) = -10.795477954381504
correctionProbability (#САМАЛЁТЕ$ -> #САМОЛЕТЕ$) = -79.36934428706115
correctionProbability (#ТЕТРАД$ -> #ТЕТРАДЬ$) = -9.762801343364615
correctionProbability (#ПОДИНА$ -> #РОДИНА$) = -11.26922807038228
correctionProbability (#ПОРЧТА$ -> #ПОЧТА$) = -6.388414179814035
correctionProbability (#TIIMMY$ -> #TIMMY$) = -21.098865652515105
correctionProbability (#НОВВЕ$ -> #НОВЫЕ$) = -3.9498899692300604
correctionProbability (#ВЫРОСТАЮТ$ -> #ВЫРАСТАЮТ$) = -23.355813998960137
correctionProbability (#БЛАГОВЕЩЕНС$ -> #БЛАГОВЕЩЕНСК$) = -17.755352177497933
correctionProbability (#МУЗЫКО$ -> #МУЗЫКА$) = -5.452386136839511
correctionProbability (#КУОС$ -> #КУРС$) = -5.147055041438104
correctionProbability (#TRIOMYDREAM$ -> #TRIPMYDREAM$) = -21.298004386046088
correctionProbability (#GOMKA$ -> #GONKA$) = -20.23779638366422
correctionProbability (#ДЕСПЕТЧЕР$ -> #ДИСПЕТЧЕР$) = -16.914894132682555
correctionProbability (#ПАРЕННАЯ$ -> #ПАРЕНАЯ$) = -25.52587339302488
correctionProbability (#ЦВЕТОМУЗИКИ$ -> #ЦВЕТОМУЗЫКИ$) = -26.0091579679774
correctionProbability (#АКАУН$ -> #АККАУНТ$) = -77.36306967204122
correctionProbability (#МУЗЫКЫ$ -> #МУЗЫКА$) = -5.532816270185819
correctionProbability (#МАСИЕР$ -> #МАСТЕР$) = -8.062484313212739
correctionProbability (#РЫБП$ -> #РЫБА$) = -8.941904718685013
correctionProbability (#ЧЕТЫРЕМЯ$ -> #ЧЕТЫРЬМЯ$) = -20.469463501241307
correctionProbability (#СРЕСТВ$ -> #СРЕДСТВ$) = -11.772997916393123
correctionProbability (#ЭКСПРЕСЕ$ -> #ЭКСПРЕССЕ$) = -18.89003303220317
correctionProbability (#СЕРВАРА$ -> #СЕРВЕРА$) = -12.342562529217936
correctionProbability (#СНИЦЯ$ -> #СНИТСЯ$) = -75.80653027858078
correctionProbability (#РАДУИНО$ -> #АРДУИНО$) = -84.05549699189538
correctionProbability (#ВНУТРЕНИХ$ -> #ВНУТРЕННИХ$) = -17.705271796682418
correctionProbability (#МУЗЫКЦ$ -> #МУЗЫКУ$) = -6.90241826920359
correctionProbability (#EQWESTRIYA$ -> #EQUESTRIA$) = -89.66567450072232
correctionProbability (#ТИТИНОВ$ -> #ТИТАНОВ$) = -14.017857834706476
correctionProbability (#ТЕСКС$ -> #ТЕКСТ$) = -73.71819209777998
correctionProbability (#КУОК$ -> #КУБОК$) = -10.352697614943128
correctionProbability (#РИЗИНОК$ -> #РЕЗИНОК$) = -14.742584933767695
correctionProbability (#БЛЭКС$ -> #БЛЭК$) = -13.825257892750837
correctionProbability (#СКВАЖЕНУ$ -> #СКВАЖИНУ$) = -18.47240250266926
correctionProbability (#ЮУТУБ$ -> #ЮТУБ$) = -2.7283294119111297
correctionProbability (#DOKTIR$ -> #DOKTOR$) = -17.58577634528871
correctionProbability (#ОЗНАЧАТ$ -> #ОЗНАЧАЕТ$) = -12.72912932525265
correctionProbability (#БАТЛЛ$ -> #БАТЛ$) = -14.42999122939165
correctionProbability (#VOLVJ$ -> #VOLVO$) = -12.803843909470661
correctionProbability (#ЮУТУВ$ -> #ЮТУБ$) = -67.4762423325954
correctionProbability (#ОББЯВЛЕНИЕ$ -> #ОБЪЯВЛЕНИЕ$) = -14.613763099853223
correctionProbability (#БРОВЕКТО$ -> #БРАВЕКТО$) = -20.1597441413143
correctionProbability (#РАСКОШНЫЕ$ -> #РОСКОШНЫЕ$) = -21.37394093928544
correctionProbability (#ФЕРОСПЛАВЫ$ -> #ФЕРРОСПЛАВЫ$) = -29.255822567600404
correctionProbability (#ІЗНАСІЛОВАНЯ$ -> #ІЗНАСІЛОВАННЯ$) = -39.33077092759338
correctionProbability (#СДЕЛАНЫЙ$ -> #СДЕЛАННЫЙ$) = -22.85914826826358
correctionProbability (#НОРМАНД$ -> #НОРДМАН$) = -85.21849958048962
correctionProbability (#КАМПРЕСОР$ -> #КОМПРЕССОР$) = -81.68473138262755
correctionProbability (#USUCICHY$ -> #USUCICH$) = -23.24106013989143
correctionProbability (#ДРЕЗДНЕ$ -> #ДРЕЗДЕНЕ$) = -23.254578288444208
correctionProbability (#ВНУТРЕНИЙ$ -> #ВНУТРЕННИЙ$) = -17.29799577325855
correctionProbability (#РЫБИ$ -> #РЫБЫ$) = -8.869421145865083
correctionProbability (#КУНИТЬ$ -> #КУПИТЬ$) = -1.3920784387773146
correctionProbability (#ПРИКЛОННЫЙ$ -> #ПРЕКЛОННЫЙ$) = -29.214160146042907
correctionProbability (#ГЕС$ -> #ГЭС$) = -13.702669216966772
correctionProbability (#КАТОЛОК$ -> #КАТАЛОГ$) = -71.17913546070254
correctionProbability (#ЮПКИ$ -> #ЮБКИ$) = -10.917196683371454
correctionProbability (#ПОМОШНИКОВ$ -> #ПОМОЩНИКОВ$) = -24.223745740249164
correctionProbability (#ОЖИГОВА$ -> #ОЖЕГОВА$) = -18.97659993952731
correctionProbability (#ТРЯСУТЬСЯ$ -> #ТРЯСУТСЯ$) = -23.403915808754526
correctionProbability (#ДАСПЕХИ$ -> #ДОСПЕХИ$) = -16.007981934597524
correctionProbability (#ПООЩАДЬ$ -> #ПЛОЩАДЬ$) = -11.199068854686068
correctionProbability (#СЯЗИ$ -> #СВЯЗИ$) = -9.989866185227786
correctionProbability (#БЕЛАРУСОВ$ -> #БЕЛОРУСОВ$) = -19.74201964632732
correctionProbability (#КУНЯ$ -> #КУХНЯ$) = -8.496314091810905
correctionProbability (#KNJG$ -> #KNIG$) = -20.777918851539166
correctionProbability (#NVUTY$ -> #NVUTI$) = -14.085113102757841
correctionProbability (#СНУТ$ -> #СНУД$) = -11.687224062856561
correctionProbability (#АССИНИЗАТОРСКИХ$ -> #АССЕНИЗАТОРСКИХ$) = -34.72437298185827
correctionProbability (#ОЗНАЧАЭ$ -> #ОЗНАЧАЄ$) = -17.489503925425666
correctionProbability (#СПИРТОВЫЙ$ -> #СПИРТОВОЙ$) = -21.080727814895376
correctionProbability (#ПАРОНОРМАЛЬНОГО$ -> #ПАРАНОРМАЛЬНОГО$) = -33.735379837377636
correctionProbability (#БРАЗЭРС$ -> #БРАЗЕРС$) = -13.04069462527405
correctionProbability (#ЩАВОРОТНЮК$ -> #ЗАВОРОТНЮК$) = -11.783432631458645
correctionProbability (#КОЛАПС$ -> #КОЛЛАПС$) = -20.28299742082558
correctionProbability (#ПРОИСШЕДСТВИЕ$ -> #ПРОИСШЕСТВИЕ$) = -23.604755858155592
correctionProbability (#ПЕРЕЗЕНТАЦИИ$ -> #ПРЕЗЕНТАЦИИ$) = -16.43275829639152
correctionProbability (#МЕТАЛОПРОФИЛЬ$ -> #МЕТАЛЛОПРОФИЛЬ$) = -25.87373226621832
correctionProbability (#ЧОТЫРИ$ -> #ЧОТИРИ$) = -20.078610711461184
correctionProbability (#СЛОГОН$ -> #СЛОГАН$) = -17.271840957498977
correctionProbability (#ЗНАКОММТВА$ -> #ЗНАКОМСТВА$) = -10.786241670771481
correctionProbability (#НОВАЧ$ -> #НОВАЯ$) = -7.25725458653309
correctionProbability (#ВЫВЕХЕ$ -> #ВЫВИХЕ$) = -20.97412233770405
correctionProbability (#МАЛАЛЕТНЯЯ$ -> #МАЛОЛЕТНЯЯ$) = -21.18180118921874
correctionProbability (#РЯЗАН$ -> #РЯЗАНЬ$) = -10.796057387500749
correctionProbability (#ЮПКУ$ -> #ЮБКУ$) = -11.938349942107674
correctionProbability (#ЗНАКОСТВО$ -> #ЗНАКОМСТВО$) = -15.844877735106216
correctionProbability (#БЕЙБЕД$ -> #БЕЙБЛЭЙД$) = -145.30119005801373
correctionProbability (#КАКРМ$ -> #КАКОМ$) = -8.740989719932184
correctionProbability (#ЧАНКИ$ -> #ЧАНГИ$) = -21.707141515930015
correctionProbability (#АНТИДЕПРЕССАНТФ$ -> #АНТИДЕПРЕССАНТЫ$) = -26.44788654815585
correctionProbability (#ПОЛИКЛИННИК$ -> #ПОЛИКЛИНИК$) = -26.87844840612982
correctionProbability (#EXPRES$ -> #EXPRESS$) = -14.567756861315097
correctionProbability (#ВОСТАНОВЛЕНИЯ$ -> #ВОССТАНОВЛЕНИЯ$) = -22.309818005022137
correctionProbability (#ПРИГЛОШЕНИЕ$ -> #ПРИГЛАШЕНИЕ$) = -17.605307941235168
correctionProbability (#ПОНОМЕРА$ -> #ПАНАМЕРА$) = -81.69608876218246
correctionProbability (#ПАЦИЭНТОВ$ -> #ПАЦИЕНТОВ$) = -18.055021211253397
correctionProbability (#ПЕЗА$ -> #ПЕНЗА$) = -9.768356954025496
correctionProbability (#САББУФЕР$ -> #САБВУФЕР$) = -17.947063421216
correctionProbability (#ЖЕНЖИНЫ$ -> #ЖЕНЩИНЫ$) = -8.306087839528487
correctionProbability (#ЮУТУП$ -> #ЮТУБ$) = -67.47472092391246
correctionProbability (#КАКРЙ$ -> #КАКОЙ$) = -5.590351180675587
correctionProbability (#ЕФЕРАЛГАН$ -> #ЭФФЕРАЛГАН$) = -90.20898070736902
correctionProbability (#ВОСТАНОВЛЕНИЮ$ -> #ВОССТАНОВЛЕНИЮ$) = -26.622139729019842
correctionProbability (#NVUTU$ -> #NVUTI$) = -14.08670678631439
correctionProbability (#СТОРНЫ$ -> #СТОРОНЫ$) = -13.17767880617864
correctionProbability (#AYDI$ -> #AUDI$) = -11.342790611453719
correctionProbability (#EXTRASENSOV$ -> #EKSTRASENSOV$) = -89.74498877414914
correctionProbability (#ИЗЛОЖЕНИ$ -> #ИЗЛОЖЕНИЕ$) = -17.2677784748633
correctionProbability (#ВНУТРЕНИЮ$ -> #ВНУТРЕННЮЮ$) = -86.63881141502361
correctionProbability (#АНДРОМОРЫ$ -> #АНДРОМЕДЫ$) = -87.3309707312967
correctionProbability (#ВОРОНЕСКОЙ$ -> #ВОРОНЕЖСКОЙ$) = -17.836850521497354
correctionProbability (#МОЛОДЕЦЬКЕ$ -> #МОЛОДЕНЬКИЕ$) = -84.16196122783386
correctionProbability (#МЫЩЦ$ -> #МЫШЦ$) = -12.119010187051078
correctionProbability (#НАИБОЛИЕ$ -> #НАИБОЛЕЕ$) = -15.38623575575172
correctionProbability (#IHONE$ -> #IPHONE$) = -10.226007282733466
correctionProbability (#КОРОЬ$ -> #КОРОЛЬ$) = -8.477414700458791
correctionProbability (#КРАСИАЫЙ$ -> #КРАСИВЫЙ$) = -10.975005558174182
correctionProbability (#ПЫТАЕТЬСЯ$ -> #ПЫТАЕТСЯ$) = -21.78957424280157
correctionProbability (#РЕГОН$ -> #РЕГИОН$) = -10.858605786547269
correctionProbability (#ТРАВМОТОЛОГИ$ -> #ТРАВМАТОЛОГИ$) = -28.072264183476186
correctionProbability (#НОРМАНЫ$ -> #НОРМАННЫ$) = -23.9582859899889
correctionProbability (#ССТИХИ$ -> #СТИХИ$) = -9.370652779553044
correctionProbability (#ВКОННТАКТЕ$ -> #ВКОНТАКТЕ$) = -8.93059529965172
correctionProbability (#DARVIN$ -> #DARWIN$) = -20.242756258463846
correctionProbability (#ФЕНІКСА$ -> #ФЕНИКСА$) = -14.504823529798045
correctionProbability (#ДЭНТ$ -> #ДЕНТ$) = -15.085002027019076
correctionProbability (#БУКВВ$ -> #БУКВЫ$) = -7.923463007165402
correctionProbability (#ИНАГУРАЦИЯ$ -> #ИНАУГУРАЦИЯ$) = -24.243272409678724
correctionProbability (#ПОПЛИКАН$ -> #ПОПЛИН$) = -88.03142001515603
correctionProbability (#СТАВИТСЧ$ -> #СТАВИТСЯ$) = -17.252722024360104
correctionProbability (#BOLGARIA$ -> #BULGARIA$) = -17.04349574795387
correctionProbability (#YUTUBE$ -> #YOUTUBE$) = -6.989490735748284
correctionProbability (#САМАЛЁТЫ$ -> #САМОЛЕТЫ$) = -79.35193660254144
correctionProbability (#ЯНДЕНКС$ -> #ЯНДЕКС$) = -4.7004757110817295
correctionProbability (#ЗНАКОСТВА$ -> #ЗНАКОМСТВА$) = -11.356227124126626
correctionProbability (#AЛИЕЕКСПРЕС$ -> #АЛИЭКСПРЕСС$) = -208.67827062803988
correctionProbability (#СНТЬ$ -> #СНЯТЬ$) = -7.629544042161669
correctionProbability (#ХУДОЖЕСТВИНЫЙ$ -> #ХУДОЖЕСТВЕННЫЙ$) = -85.00820867592523
correctionProbability (#XIAMO$ -> #XIAOMI$) = -75.19354929023565
correctionProbability (#CHOCOLATA$ -> #CHOCOLATE$) = -19.573007240091947
correctionProbability (#ПРОГРАМНИЙ$ -> #ПРОГРАММНЫЙ$) = -88.99061078934415
correctionProbability (#ЮТОРРЕНТ$ -> #ТОРРЕНТ$) = -10.069292331451592
correctionProbability (#АОСЛЕ$ -> #ПОСЛЕ$) = -5.416772401357644
correctionProbability (#ДКУМЕНТЫ$ -> #ДОКУМЕНТЫ$) = -13.063288988711385
correctionProbability (#ПРОЛАНГАЦИЯ$ -> #ПРОЛОНГАЦИЯ$) = -24.962888801217197
correctionProbability (#ОХЛОЖДАЮЩЕЙ$ -> #ОХЛАЖДАЮЩЕЙ$) = -20.971891475213425
correctionProbability (#ПЕРЕНСТИ$ -> #ПЕРЕНЕСТИ$) = -16.423772175538303
correctionProbability (#СПОРТИДЖ$ -> #СПОРТЕЙДЖ$) = -81.01557458881658
correctionProbability (#ЗАПУСКАЄТЬСЯ$ -> #ЗАПУСКАЕТСЯ$) = -85.31932454220386
correctionProbability (#МАРМЫШКИ$ -> #МОРМЫШКИ$) = -18.547838386251186
correctionProbability (#ТРАВМОТОЛОГА$ -> #ТРАВМАТОЛОГА$) = -25.48217261568454
correctionProbability (#УЧАВСТВОВАЛИ$ -> #УЧАСТВОВАЛИ$) = -27.0247640337224
correctionProbability (#LAVE$ -> #LOVE$) = -8.383225123578484
correctionProbability (#ОБАЗ$ -> #ОБРАЗ$) = -10.687222750255831
correctionProbability (#ПЕРЕЗЕНТАЦИЯ$ -> #ПРЕЗЕНТАЦИЯ$) = -14.64098869899474
correctionProbability (#ЭРОНИЯ$ -> #ИРОНИЯ$) = -14.680222135973661
correctionProbability (#КАКПЯ$ -> #КАКАЯ$) = -7.7329013256436845
correctionProbability (#ТЕКССТ$ -> #ТЕКСТ$) = -8.36723301967793
correctionProbability (#ДЖУМАДИЕВ$ -> #ДЖУМАЛИЕВ$) = -34.84280990822931
correctionProbability (#ОБУВНЫЙ$ -> #ОБУВНОЙ$) = -17.377795085767005
correctionProbability (#ЕБАЛОГО$ -> #ЕБАЛОВО$) = -15.926768701300588
correctionProbability (#АВТОРИЗОВАННЫ$ -> #АВТОРИЗОВАННЫЙ$) = -25.944928333306812
correctionProbability (#XIAMI$ -> #XIAOMI$) = -10.445708348369681
correctionProbability (#АКТЕО$ -> #АКТЕР$) = -9.262260779995476
correctionProbability (#КАДЕТСВО$ -> #КАДЕТСТВО$) = -18.939580450853917
correctionProbability (#ПЕЖН$ -> #ПЕЖНЯ$) = -12.766971100856832
correctionProbability (#СИЕЛЬ$ -> #СИЭЛЬ$) = -18.631179389206753
correctionProbability (#МАКАРОНИ$ -> #МАКАРОНЫ$) = -15.513985509210507
correctionProbability (#ANTILOPE$ -> #ANTELOPE$) = -26.940149984151603
correctionProbability (#ВАКУМНЫЕ$ -> #ВАКУУМНЫЕ$) = -20.152020005319947
correctionProbability (#KALESA$ -> #KOLESA$) = -18.025025256145543
correctionProbability (#КОКОДЛ$ -> #КРОКОДИЛ$) = -80.32798889609325
correctionProbability (#АННИО$ -> #АННИНО$) = -18.82655611761267
correctionProbability (#НОИЗ$ -> #НОЙЗ$) = -16.678009024076264
correctionProbability (#НИДЗЯГО$ -> #НИНДЗЯГО$) = -14.472225173336355
correctionProbability (#РИТМИХ$ -> #РИТМИКС$) = -87.77586408820456
correctionProbability (#ВЫПСК$ -> #ВЫПУСК$) = -8.37102546774242
correctionProbability (#КАРДИОХ$ -> #КАРДИО$) = -18.34247252147718
correctionProbability (#КИНВУД$ -> #КЕНВУД$) = -17.180435821616715
correctionProbability (#ЗАПЧАСТ$ -> #ЗАПЧАСТИ$) = -10.663770535060678
correctionProbability (#ЧЕТАМИ$ -> #ЧИТАМИ$) = -12.361578393874819
correctionProbability (#ДОВЕРШАЕТ$ -> #СОВЕРШАЕТ$) = -20.718530687420163
correctionProbability (#ЎЗБЕКТ$ -> #ЎЗБЕК$) = -19.767119439684453
correctionProbability (#ХОАПИТ$ -> #ХРАПИТ$) = -20.2778437295994
correctionProbability (#ФУЕКЦИИ$ -> #ФУНКЦИИ$) = -11.64080536434323
correctionProbability (#БЛАГОПРЯТНЫЕ$ -> #БЛАГОПРИЯТНЫЕ$) = -20.383102232496
correctionProbability (#БЕЛРОСС$ -> #БЕЛРОС$) = -27.331230218149926
correctionProbability (#РОДСТВЕНИЦА$ -> #РОДСТВЕННИЦА$) = -27.583374560264026
correctionProbability (#ВЛАГИЩА$ -> #ВЛАГАЛИЩА$) = -82.84991027386864
correctionProbability (#ГЦУГЛ$ -> #ГУГЛ$) = -5.552084453639381
correctionProbability (#TRIPEDREAM$ -> #TRIPTODREAM$) = -93.78952986414967
correctionProbability (#КИЛОВАТЫ$ -> #КИЛОВАТТЫ$) = -24.42319337635876
correctionProbability (#HILTL$ -> #HILTI$) = -18.155848849898494
correctionProbability (#ФУДБОЛЬНЫХ$ -> #ФУТБОЛЬНЫХ$) = -18.537004589469
correctionProbability (#КІМНАТНУ$ -> #КОМНАТНУЮ$) = -81.04262350294287
correctionProbability (#КАККЯ$ -> #КАКАЯ$) = -7.745383991978326
correctionProbability (#ЖВОТ$ -> #ЖИВОТ$) = -12.31679774247149
correctionProbability (#ГИЗ$ -> #ГИС$) = -7.348651232995589
correctionProbability (#КАККЮ$ -> #КАКУЮ$) = -9.504504017100675
correctionProbability (#МУРАЯ$ -> #МУРАЙЯ$) = -20.292103486740476
correctionProbability (#НАСТРАДАМУС$ -> #НОСТРАДАМУС$) = -24.456247855535622
correctionProbability (#ТУРКИСТАН$ -> #ТУРКЕСТАН$) = -19.620703286555212
correctionProbability (#LEDIBOI$ -> #LADYBOY$) = -147.73756204228312
correctionProbability (#ИЗВЕСКУ$ -> #ИЗВЕСТКУ$) = -26.63884859370218
correctionProbability (#ВАКУМНЫЙ$ -> #ВАКУУМНЫЙ$) = -17.41252807422058
correctionProbability (#ТРАКТАРОВ$ -> #ТРАКТОРОВ$) = -17.252553212575016
correctionProbability (#ПИМИНОВА$ -> #ПИМЕНОВА$) = -18.838666263134293
correctionProbability (#ВЛАГИЩЕ$ -> #ВЛАГАЛИЩЕ$) = -82.33965900030186
correctionProbability (#ЛАРСИК$ -> #БАРСИК$) = -19.303598922560223
correctionProbability (#НАКОЗАНИЕ$ -> #НАКАЗАНИЕ$) = -15.363265784951302
correctionProbability (#СВОЛОЧ$ -> #СВОЛОЧЬ$) = -19.48990758491911
correctionProbability (#ИЕСНИ$ -> #ПЕСНИ$) = -3.279670508821493
correctionProbability (#SHEMAIL$ -> #SHEMALE$) = -82.24407959786896
correctionProbability (#БЛАГОВЕЩЕНКИ$ -> #БЛАГОВЕЩЕНСКА$) = -87.98096292337708
correctionProbability (#СТИРАЛЬНУ$ -> #СТИРАЛЬНУЮ$) = -17.41916619909079
correctionProbability (#ЧАЙКЛВСКИЙ$ -> #ЧАЙКОВСКИЙ$) = -16.792427874761522
correctionProbability (#MISTERI$ -> #MYSTERY$) = -80.28477443532556
correctionProbability (#ПАВИТО$ -> #АВИТО$) = -5.3660595177920705
correctionProbability (#УЛАЛЕНИЯ$ -> #УДАЛЕНИЯ$) = -14.079396338287118
correctionProbability (#ДОГОМЫС$ -> #ДАГОМЫС$) = -18.176066167157494
correctionProbability (#НОУТУ$ -> #НОУТБУКУ$) = -148.79880439411113
correctionProbability (#МУРАШЕНКОВА$ -> #МУРАЩЕНКОВА$) = -36.68037598815589
correctionProbability (#МИГРИРОВАТЬ$ -> #ЭМИГРИРОВАТЬ$) = -27.89851833769145
correctionProbability (#ГРАММОТНО$ -> #ГРАМОТНО$) = -20.94597486855296
correctionProbability (#PITHON$ -> #PYTHON$) = -14.753655835555453
correctionProbability (#ATLETIKO$ -> #ATLETICO$) = -23.979887283967024
correctionProbability (#ПАЛОДАРЕ$ -> #ПАВЛОДАРЕ$) = -15.644154562323529
correctionProbability (#ГОЛЫИЕ$ -> #ГОЛЫЕ$) = -8.975499392301646
correctionProbability (#ПРЕХАТЬ$ -> #ПРОЕХАТЬ$) = -15.729257922634524
correctionProbability (#CERKEV$ -> #CERKOV$) = -23.92254461094653
correctionProbability (#ВРЕМНИ$ -> #ВРЕМЕНИ$) = -9.578631780922933
correctionProbability (#УТРЕННЫЙ$ -> #УТРЕННИЙ$) = -17.1026696248462
correctionProbability (#ПОДКЛЮЧИТ$ -> #ПОДКЛЮЧИТЬ$) = -14.106547017375398
correctionProbability (#БРИКЛБЕРИ$ -> #БРИКЛБЕРРИ$) = -22.77920377826765
correctionProbability (#НОВАЙ$ -> #НОВОЙ$) = -10.264495914993805
correctionProbability (#ФИЛОСОФИЙ$ -> #ФИЛОСОФИИ$) = -17.23386239191978
correctionProbability (#ПРИЗЕРВАТИВ$ -> #ПРЕЗЕРВАТИВ$) = -20.966531456865837
correctionProbability (#ШАШЛЬК$ -> #ШАШЛЫК$) = -11.67459554326783
correctionProbability (#ФИНЛ$ -> #ФИНАЛ$) = -9.158961398459642
correctionProbability (#АВТОМАГНІТОЛА$ -> #АВТОМАГНИТОЛА$) = -22.945372650483016
correctionProbability (#ПЛЕШКОВ$ -> #ПЛЕШАКОВ$) = -14.681493676193796
correctionProbability (#НОВАМ$ -> #НОВОМ$) = -11.995517518288498
correctionProbability (#СБОРНИЙ$ -> #СБОРНЫЙ$) = -17.204990978242535
correctionProbability (#XWIDEO$ -> #XVIDEO$) = -12.13287841091287
correctionProbability (#МАКОВА$ -> #МАРКОВА$) = -18.183766842759567
correctionProbability (#ВАСИЛЕВНА$ -> #ВАСИЛЬЕВНА$) = -18.3566846037725
correctionProbability (#МЕСЕЧНЫМИ$ -> #МЕСЯЧНЫМИ$) = -19.022604187756663
correctionProbability (#СВЗЯНОЙ$ -> #СВЯЗНОЙ$) = -80.9291887866944
correctionProbability (#ЕЛИТЕХ$ -> #ЭЛИТЕХ$) = -23.94552246131704
correctionProbability (#КНМГИ$ -> #КНИГИ$) = -6.98075602877757
correctionProbability (#НИЛЕТО$ -> #НИЛЕТТО$) = -20.212809865532158
correctionProbability (#СУЛЕМАНОВО$ -> #СУЛЕЙМАНОВА$) = -89.22299925574549
correctionProbability (#МАШИА$ -> #МАШИНА$) = -8.787948643162633
correctionProbability (#СБОРНИЕ$ -> #СБОРНИК$) = -10.525371350551453
correctionProbability (#БЕСТЫЖИЕ$ -> #БЕССТЫЖИЕ$) = -16.7977350732506
correctionProbability (#ГОГГЛ$ -> #ГУГЛ$) = -70.28517783576999
correctionProbability (#ХОРОШЕИ$ -> #ХОРОШЕМ$) = -5.328544371433056
correctionProbability (#КРАСНЫИ$ -> #КРАСНЫЙ$) = -10.184945367524506
correctionProbability (#MISTERY$ -> #MYSTERY$) = -15.551525198259696
correctionProbability (#СИЧАС$ -> #СЕЙЧАС$) = -73.41115645593034
correctionProbability (#ПЕРЕПИЛА$ -> #ПЕРЕПЕЛА$) = -19.49114494978037
correctionProbability (#КИБЕРБУЛИНГ$ -> #КИБЕРБУЛЛИНГ$) = -26.809542868368723
correctionProbability (#МОНАРО$ -> #МАНАРА$) = -82.61216338643554
correctionProbability (#АВТОМАГНІТОЛИ$ -> #АВТОМАГНИТОЛЫ$) = -86.50634754623908
correctionProbability (#ВСЕОСВИТА$ -> #ВСЕОСВІТА$) = -22.027133556008806
correctionProbability (#ТЕЛЕПРОГРПММА$ -> #ТЕЛЕПРОГРАММА$) = -16.002168079320015
correctionProbability (#КОНВУЛЬЦИЯХ$ -> #КОНВУЛЬСИЯХ$) = -26.913140818327946
correctionProbability (#МАТЕМАТИКК$ -> #МАТЕМАТИКЕ$) = -10.964168439538888
correctionProbability (#ПЕРНЕВОДЧИК$ -> #ПЕРЕВОДЧИК$) = -11.113636377856366
correctionProbability (#HAQQNDA$ -> #HAQQINDA$) = -17.589878324905875
correctionProbability (#CKACAYT$ -> #SKACHAT$) = -144.27106972144077
correctionProbability (#WHATSA$ -> #WHATSAPP$) = -78.27837754906352
correctionProbability (#ТЕОТРАЛЬНОЙ$ -> #ТЕАТРАЛЬНОЙ$) = -21.92730121426552
correctionProbability (#КНМГА$ -> #КНИГА$) = -7.320674228092056
correctionProbability (#ПЛІНТУС$ -> #ПЛИНТУС$) = -14.84744607866783
correctionProbability (#ФФЕЙСБУК$ -> #ФЕЙСБУК$) = -9.584315452711955
correctionProbability (#ВЕЛОТРЕНОЖОР$ -> #ВЕЛОТРЕНАЖЕР$) = -86.5720403857529
correctionProbability (#ЛЕЩЯ$ -> #ЛЕЩА$) = -14.168734763248889
correctionProbability (#ПЛЕЙЕР$ -> #ПЛЕЕР$) = -13.444501067503683
correctionProbability (#РОКТОВОР$ -> #РОКТАВОР$) = -26.38987355293815
correctionProbability (#КОМПЛЕКТУЮЩЕЕ$ -> #КОМПЛЕКТУЮЩИЕ$) = -20.55877682458626
correctionProbability (#ФИМЫ$ -> #ФИЛЬМЫ$) = -69.44477550948022
correctionProbability (#МАИНКАФТ$ -> #МАЙНКРАФТ$) = -73.25784436897584
correctionProbability (#ВЫГЛИДЕТ$ -> #ВЫГЛЯДИТ$) = -76.6561448984238
correctionProbability (#ТАЛИШИНСКАЯ$ -> #ТАЛЫШИНСКАЯ$) = -26.613439873549844
correctionProbability (#ПЛЕЙСТЕЙШОН$ -> #ПЛЕЙСТЕЙШЕН$) = -19.559151634866133
correctionProbability (#РАСКОШНЫХ$ -> #РОСКОШНЫХ$) = -25.01894235336224
correctionProbability (#НОЖЬ$ -> #НОЖ$) = -11.45870767485425
correctionProbability (#РЕУЛЬТАТИ$ -> #РЕЗУЛЬТАТИ$) = -22.900227672228944
correctionProbability (#ВОСПОЛЯЮТСЯ$ -> #ВОСПАЛЯЮТСЯ$) = -26.839990925316854
correctionProbability (#БРОКЛИ$ -> #БРОККОЛИ$) = -81.84114147561547
correctionProbability (#УАЖДЫЙ$ -> #КАЖДЫЙ$) = -10.826377710016796
correctionProbability (#ВЗУТЯ$ -> #ВЗУТТЯ$) = -18.474507984949614
correctionProbability (#ОБЛАСНОГО$ -> #ОБЛАСТНОГО$) = -20.907786907670456
correctionProbability (#ПРАЕКТ$ -> #ПРОЕКТ$) = -8.226950034556324
correctionProbability (#БУРИНОВО$ -> #БУРАНОВО$) = -24.445610769683263
correctionProbability (#ХЭТУЭЙ$ -> #ХЭТЭУЭЙ$) = -18.281471517380986
correctionProbability (#ТОБЛЕТКИ$ -> #ТАБЛЕТКИ$) = -9.559273841663277
correctionProbability (#ТЕСЛИ$ -> #ЕСЛИ$) = -7.501376601555858
correctionProbability (#ГЕНЕТАЛЬНОГО$ -> #ГЕНИТАЛЬНОГО$) = -26.770159640039374
correctionProbability (#КОШИКЛАР$ -> #КУШИКЛАР$) = -21.00696704869246
correctionProbability (#МАШИУ$ -> #МАШИНУ$) = -9.767724344105186
correctionProbability (#ЗААВТРА$ -> #ЗАВТРА$) = -11.88191389822381
correctionProbability (#ДЕВИДСОН$ -> #ДЭВИДСОН$) = -19.46736059001833
correctionProbability (#БРАШЮРА$ -> #БРОШЮРА$) = -18.109184946798322
correctionProbability (#РЕШЭБНИК$ -> #РЕШЕБНИК$) = -11.356550135990958
correctionProbability (#САВЕТСКАЯ$ -> #СОВЕТСКАЯ$) = -15.606846566815278
correctionProbability (#ВЫПОДАЮТ$ -> #ВЫПАДАЮТ$) = -17.87039518203303
correctionProbability (#ЖОЖДЯ$ -> #ДОЖДЯ$) = -12.344270266065482
correctionProbability (#НЕЙКОВА$ -> #НАЙКОВА$) = -15.12457316131676
correctionProbability (#ПОВОРЯТА$ -> #ПОВАРЯТА$) = -21.62002963110637
correctionProbability (#DOCHKISINOCBKI$ -> #DOCHKISINOCHKI$) = -28.960483969221187
correctionProbability (#ПОТОДА$ -> #ПОГОДА$) = -1.173022207379784
correctionProbability (#JEOSAITEBI$ -> #GEOSAITEBI$) = -24.66934677090999
correctionProbability (#ПРИЛОЖЕНЕ$ -> #ПРИЛОЖЕНИЕ$) = -13.853442891141711
correctionProbability (#САНЛАЙ$ -> #САНЛАЙТ$) = -15.071227722706347
correctionProbability (#ОБШЕСТВЕННОМ$ -> #ОБЩЕСТВЕННОМ$) = -20.257171697328864
correctionProbability (#ПРАВИДЬНО$ -> #ПРАВИЛЬНО$) = -9.605699183875274
correctionProbability (#СООБЩЕИЕ$ -> #СООБЩЕНИЕ$) = -13.277953685744066
correctionProbability (#ФИМН$ -> #ФИН$) = -16.145265281695156
correctionProbability (#МОСКИДКА$ -> #МОССКИДКА$) = -20.83541730923072
correctionProbability (#ДИРЕЖЕР$ -> #ДИРИЖЕР$) = -18.894838322721732
correctionProbability (#ЗАПЧАТИ$ -> #ЗАПЧАСТИ$) = -10.617676933691776
correctionProbability (#КИЙІВ$ -> #КИЇВ$) = -79.32427859864441
correctionProbability (#ДОПУСКАЕТЬСЯ$ -> #ДОПУСКАЕТСЯ$) = -23.376077406079624
correctionProbability (#НАТАЛЬНКЯ$ -> #НАТАЛЬНАЯ$) = -16.14613101352814
correctionProbability (#ТОЛЕРАНТНОСТІ$ -> #ТОЛЕРАНТНОСТИ$) = -23.122203813651957
correctionProbability (#ТРЕКШБОКСЕ$ -> #ТРЕШБОКСЕ$) = -24.190965806522065
correctionProbability (#КОТМОС$ -> #КОСМОС$) = -10.435116471999851
correctionProbability (#НАТАЛЬНКЮ$ -> #НАТАЛЬНУЮ$) = -20.781394444290562
correctionProbability (#ВАКУМНЫХ$ -> #ВАКУУМНЫХ$) = -22.531121574263707
correctionProbability (#ДЕНЬКИ$ -> #ДЕНЬГИ$) = -7.6573865492397
correctionProbability (#УНЕВР$ -> #УНИВЕР$) = -77.06835708644543
correctionProbability (#КОРИИ$ -> #КОРЕИ$) = -14.00071394019395
correctionProbability (#КЛАТБИЩЕ$ -> #КЛАДБИЩЕ$) = -13.312922905308291
correctionProbability (#УКРАИНЦИ$ -> #УКРАИНЦЫ$) = -19.718403312982538
correctionProbability (#YOPORN$ -> #YOUPORN$) = -17.535422562180678
correctionProbability (#HTE$ -> #THE$) = -70.10207793186531
correctionProbability (#МУЖЧИЕ$ -> #МУЖЧИНЕ$) = -10.368507145187905
correctionProbability (#СНРИАЛ$ -> #СЕРИАЛ$) = -4.103692411587229
correctionProbability (#СОНАЯ$ -> #СОННАЯ$) = -15.89433255264419
correctionProbability (#НАКЛАДЕОЙ$ -> #НАКЛАДНОЙ$) = -17.075852097146146
correctionProbability (#КАКЙО$ -> #КАКОЙ$) = -73.40095903284717
correctionProbability (#АНГЛИИСКИИ$ -> #АНГЛИЙСКИЙ$) = -75.90362683174246
correctionProbability (#КОРИК$ -> #КОВРИК$) = -11.898825920883812
correctionProbability (#КОРЕЙСЬКИЙ$ -> #КОРЕЙСКИЙ$) = -17.810521390265983
correctionProbability (#ШУРОПОВЁРТ$ -> #ШУРУПОВЕРТ$) = -81.24488815584644
correctionProbability (#ИОЛОДЫХ$ -> #МОЛОДЫХ$) = -12.613223630044956
correctionProbability (#QEEN$ -> #QUEEN$) = -13.634495146945074
correctionProbability (#РАСЧЕ$ -> #РАСЧЕТ$) = -10.03643270005939
correctionProbability (#ПАЛЬЦЯ$ -> #ПАЛЬЦА$) = -13.64035978563555
correctionProbability (#ТРОПЕЦИИ$ -> #ТРАПЕЦИИ$) = -15.466948597717888
correctionProbability (#ПАТЕТЕНТ$ -> #ПАТЕНТ$) = -84.56636596943035
correctionProbability (#СПАРТИВНЫЙ$ -> #СПОРТИВНЫЙ$) = -15.223084006590184
correctionProbability (#БЕДЕТ$ -> #БУДЕТ$) = -7.747464233187369
correctionProbability (#ШАРДЖАН$ -> #ШАРДЖА$) = -17.51532184046663
correctionProbability (#ТРАНСФОРМЕРИ$ -> #ТРАНСФОРМЕРЫ$) = -16.365945717429234
correctionProbability (#КАНАДИ$ -> #КАНАДЫ$) = -14.79467036534793
correctionProbability (#РАСЧТ$ -> #РАСЧЕТ$) = -10.068911748451075
correctionProbability (#ПООИЗВЕДЕНА$ -> #ПРОИЗВЕДЕНА$) = -25.57027590562094
correctionProbability (#ЛЕНТУАЛЬ$ -> #ЛЕТУАЛЬ$) = -14.333519471464484
correctionProbability (#БЕЛАТОРА$ -> #БЕЛЛАТОР$) = -88.06337705864097
correctionProbability (#ЛИТЬЕВ$ -> #ЛИСТЬЕВ$) = -11.20855921949179
correctionProbability (#ТАЙВАНСКИХ$ -> #ТАЙВАНЬСКИХ$) = -37.28580385044717
correctionProbability (#СКОЛЪКО$ -> #СКОЛЬКО$) = -6.012609636498283
correctionProbability (#ЛОРИСА$ -> #ЛАРИСА$) = -11.699015807970458
correctionProbability (#ГОРОСКО$ -> #ГОРОСКОП$) = -9.853086694859478
correctionProbability (#СЛИЗАРИЯ$ -> #СЛИЗАРИО$) = -15.971443440103684
correctionProbability (#МЕЛАДА$ -> #МИЛАДА$) = -17.682598830148788
correctionProbability (#ПЕНЗП$ -> #ПЕНЗА$) = -9.25442778279336
correctionProbability (#RРЕСТОРАНЫ$ -> #РЕСТОРАНЫ$) = -16.988462023525095
correctionProbability (#МУЖЧИК$ -> #МУЖЧИН$) = -8.624462024812583
correctionProbability (#RIKY$ -> #RICKY$) = -19.18694424506572
correctionProbability (#АКТКР$ -> #АКТЕР$) = -9.272856477521817
correctionProbability (#КАРОПКИ$ -> #КОРОБКИ$) = -77.02187948628954
correctionProbability (#ПРОВЕРОЧНА$ -> #ПРОВЕРОЧНАЯ$) = -19.20608727638617
correctionProbability (#НИКНЕЙМИ$ -> #НИКНЕЙМЫ$) = -20.44467340140283
correctionProbability (#ИНВИТРА$ -> #ИНВИТРО$) = -13.232146688798977
correctionProbability (#АВИАБЕЛЕТЫ$ -> #АВИАБИЛЕТЫ$) = -10.493083695128341
correctionProbability (#НАРУЧНИК$ -> #НАРУЧНИКИ$) = -21.17724108932743
correctionProbability (#ГОСЛУЖБА$ -> #ГОССЛУЖБА$) = -19.40530420657182
correctionProbability (#РОЖДЕ$ -> #РОЖДЕНИЯ$) = -137.93943663477978
correctionProbability (#ЕСТУДЭЙ$ -> #ЕСТУДЕЙ$) = -20.493827750706274
correctionProbability (#ГОГЛЕН$ -> #ГООГЛЕ$) = -81.30027299758264
correctionProbability (#КВАТРИРУ$ -> #КВАРТИРУ$) = -76.5790710908639
correctionProbability (#ДОНАТЕЛО$ -> #ДОНАТЕЛЛО$) = -23.243303175498532
correctionProbability (#ЗАПОРОЛИТЬ$ -> #ЗАПАРОЛИТЬ$) = -24.56247661448078
correctionProbability (#ОБОГОЩЕНИЯ$ -> #ОБОГАЩЕНИЯ$) = -23.02493863683307
correctionProbability (#АВТОБУСЛВ$ -> #АВТОБУСОВ$) = -12.24101755100667
correctionProbability (#КРОСИВУЮ$ -> #КРАСИВУЮ$) = -14.76194737017277
correctionProbability (#ELISENSE$ -> #ELICENSE$) = -21.085881941463107
correctionProbability (#МАЛОЛЕТНІХ$ -> #МАЛОЛЕТНИХ$) = -21.551563955036436
correctionProbability (#ГОРБАЧОВА$ -> #ГОРБАЧЕВА$) = -19.543031168059592
correctionProbability (#MILLIENEIR$ -> #MILLENAIRE$) = -157.16930642952207
correctionProbability (#ТРАВМАТИСЕСКОГО$ -> #ТРАВМАТИЧЕСКОГО$) = -28.59671998802331
correctionProbability (#ПИМОФУЦИН$ -> #ПИМАФУЦИН$) = -20.001625262847163
correctionProbability (#СОДЕРЖАНІЕ$ -> #СОДЕРЖАНИЕ$) = -13.428267174854305
correctionProbability (#ОТВЕТСТВЕНОГО$ -> #ОТВЕТСТВЕННОГО$) = -23.445420441649176
correctionProbability (#ГУЖНО$ -> #НУЖНО$) = -8.038477695539289
correctionProbability (#МАРЯКОВ$ -> #МОРЯКОВ$) = -15.953263354495306
correctionProbability (#КАРОПКУ$ -> #КОРОБКУ$) = -79.111529308702
correctionProbability (#ККУПИТЬ$ -> #КУПИТЬ$) = -3.892257012121732
correctionProbability (#ФРАЙДИСЕ$ -> #ФРАЙДИС$) = -22.9954426263644
correctionProbability (#СМИШНИЕ$ -> #СМЕШНЫЕ$) = -73.73551466671633
correctionProbability (#ПРОСЫПАЕШСЯ$ -> #ПРОСЫПАЕШЬСЯ$) = -28.704422570388616
correctionProbability (#ТЕТРАБАРАТ$ -> #ТЕТРАБОРАТ$) = -22.21565418451071
correctionProbability (#ВЕДБМА$ -> #ВЕДЬМА$) = -12.734571519032723
correctionProbability (#МАДЕРН$ -> #МОДЕРН$) = -11.979898714072075
correctionProbability (#ПЕРЕВЫСТАВЛЕННЫХ$ -> #ПЕРЕВЫСТАВЛЕНИЕ$) = -162.98212209489674
correctionProbability (#ОБОГОЩЕНИЕ$ -> #ОБОГАЩЕНИЕ$) = -22.827604519869297
correctionProbability (#РОЗКЛАДУШКА$ -> #РАСКЛАДУШКА$) = -84.16016983500249
correctionProbability (#ЛАМАМИ$ -> #ЛАМПАМИ$) = -20.47280138149192
correctionProbability (#ЭКСПЕРЕМЕНТОВ$ -> #ЭКСПЕРИМЕНТОВ$) = -25.526467491999
correctionProbability (#ЛЕГКНДАРНЫЙ$ -> #ЛЕГЕНДАРНЫЙ$) = -21.12371623485535
correctionProbability (#БАРГУЗИНКАЯ$ -> #БАРГУЗИНСКАЯ$) = -29.2176531955986
correctionProbability (#HARY$ -> #HARRY$) = -14.064420739639896
correctionProbability (#ШЫГРДАНЕ$ -> #ШЫГЫРДАНЕ$) = -35.45086272577293
correctionProbability (#XVIDOES$ -> #XVIDEOS$) = -79.39618291973407
correctionProbability (#БУКЕП$ -> #БУКЭП$) = -20.622431913784478
correctionProbability (#REMIZ$ -> #REMIX$) = -12.301332150820247
correctionProbability (#ПРИЛОЖЕНЯ$ -> #ПРИЛОЖЕНИЯ$) = -16.412904274426715
correctionProbability (#ГОРОМКОП$ -> #ГОРОСКОП$) = -9.280102212858381
correctionProbability (#ПРИПАРАТЫ$ -> #ПРЕПАРАТЫ$) = -13.917537050213419
correctionProbability (#ПОРОНХАБ$ -> #ПОРНХАБ$) = -15.545004434891183
correctionProbability (#ГОРОСКП$ -> #ГОРОСКОП$) = -9.858305240288608
correctionProbability (#ЭЬТО$ -> #ЭТО$) = -5.3197007363218205
correctionProbability (#КОЗАЦКИЕ$ -> #КАЗАЦКИЕ$) = -22.433374358162688
correctionProbability (#КОМПЮТЕРОМ$ -> #КОМПЬЮТЕРОМ$) = -16.955127745091957
correctionProbability (#КУНДЕЛУК$ -> #КҮНДЕЛІК$) = -74.10284146668187
correctionProbability (#РОСИЯНКА$ -> #РОССИЯНКА$) = -21.997056006084996
correctionProbability (#КОКОВА$ -> #КАКОВА$) = -13.471617714019825
correctionProbability (#МАЛУНОК$ -> #МАЛЮНОК$) = -14.587433108923499
correctionProbability (#ПРЕСБОЛ$ -> #ПРЕССБОЛ$) = -16.454962525898885
correctionProbability (#ТЕОРЫЯ$ -> #ТЕОРИЯ$) = -11.653201431567059
correctionProbability (#ВОЛЬСБУРГ$ -> #ВОЛЬФСБУРГ$) = -23.773769246662077
correctionProbability (#АРИЕЙЦА$ -> #АРМЕЙЦА$) = -26.338312014177703
correctionProbability (#АНДОЗИИ$ -> #АНДОЗИ$) = -25.804257699215725
correctionProbability (#ДЕТСТВЕНОСТИ$ -> #ДЕВСТВЕННОСТИ$) = -87.19082855762694
correctionProbability (#SPEEDNET$ -> #SPEEDTEST$) = -80.84212876083402
correctionProbability (#ГРЫБОВ$ -> #ГРИБОВ$) = -12.241308730828326
correctionProbability (#ДЕЛУЮТ$ -> #ДЕЛАЮТ$) = -10.811588089046165
correctionProbability (#ТRIPMYDREAM$ -> #TRIPMYDREAM$) = -21.30540784111794
correctionProbability (#РАХЛИЧНЫЕ$ -> #РАЗЛИЧНЫЕ$) = -18.302717954130195
correctionProbability (#СКЧАЧАТЬ$ -> #СКАЧАТЬ$) = -5.042051904727783
correctionProbability (#ДЕРИЖЕР$ -> #ДИРИЖЕР$) = -18.89180302504218
correctionProbability (#ТРАВМАПУНКТ$ -> #ТРАВМПУНКТ$) = -23.589205311722985
correctionProbability (#ТЕСНИ$ -> #ПЕСНИ$) = -3.2771082179147903
correctionProbability (#СИНИСТР$ -> #СИНИСТЕР$) = -19.097789683891584
correctionProbability (#ЭЛАИ$ -> #ЭЛЛАИ$) = -21.38471988187769
correctionProbability (#ЕЙВОНЕ$ -> #ЭЙВОНЕ$) = -22.299052212775692
correctionProbability (#CАЧАТЬ$ -> #СКАЧАТЬ$) = -67.86291162735547
correctionProbability (#СТОЛОВИЙ$ -> #СТОЛОВЫЙ$) = -18.83059917877909
correctionProbability (#МАТЕРЯЛОВ$ -> #МАТЕРИАЛОВ$) = -80.49913508635177
correctionProbability (#ПЕРЕДВЕЖНЫЕ$ -> #ПЕРЕДВИЖНЫЕ$) = -22.693575022202253
correctionProbability (#НФНДЕКС$ -> #ЯНДЕКС$) = -69.52727789788555
correctionProbability (#ГУЛДАРЬЯ$ -> #ГУЛДАРИЯ$) = -33.92209066361659
correctionProbability (#ФЕДАРА$ -> #ФЕДОРА$) = -15.12040699079353
correctionProbability (#ОТПИ$ -> #ОТП$) = -13.874327118152781
correctionProbability (#БАЛОНЧИКАМИ$ -> #БАЛЛОНЧИКАМИ$) = -28.78234655194794
correctionProbability (#ПОДСКАЗАК$ -> #ПОДСКАЗОК$) = -25.479849855284236
correctionProbability (#УКРАИСКОЕ$ -> #УКРАИНСКОЕ$) = -20.41571891695967
correctionProbability (#РЕКЛАМІ$ -> #РЕКЛАМЫ$) = -11.145769019005726
correctionProbability (#ЕКАТРИНБУРГ$ -> #ЕКАТЕРИНБУРГ$) = -13.525133035745235
correctionProbability (#ЕРОПИКСЕЛЬ$ -> #ЭРОПИКСЕЛЬ$) = -29.00755466458962
correctionProbability (#БИОГОАФИЯ$ -> #БИОГРАФИЯ$) = -10.392802357893558
correctionProbability (#ДИСНЕИ$ -> #ДИСНЕЙ$) = -11.112710453060831
correctionProbability (#УКРАИСКОМ$ -> #УКРАИНСКОМ$) = -17.971865048334912
correctionProbability (#СТРАШЫЕ$ -> #СТРАШНЫЕ$) = -12.950535319435147
correctionProbability (#СВЕРХЪЕСТЕСТВЕНННОЕ$ -> #СВЕРХЪЕСТЕСТВЕННОЕ$) = -24.424426619866935
correctionProbability (#МАСАЖИСТКОЙ$ -> #МАССАЖИСТКОЙ$) = -28.61706297493071
correctionProbability (#ТАВН$ -> #ТАУН$) = -11.635549683322797
correctionProbability (#КАКМЕ$ -> #КАКИЕ$) = -5.840221544916702
correctionProbability (#ПТГОДА$ -> #ПОГОДА$) = -1.2258886012723629
correctionProbability (#ЭЛДЖЭЙ$ -> #ЭЛДЖЕЙ$) = -13.034704956463745
correctionProbability (#ЛЕБЕДИННАЯ$ -> #ЛЕБЕДИНАЯ$) = -23.47764632840564
correctionProbability (#ЕКАТЕРТНА$ -> #ЕКАТЕРИНА$) = -10.108728532286385
correctionProbability (#КАКЛЙ$ -> #КАКОЙ$) = -5.590028191000979
correctionProbability (#ИГРОМАРКИТ$ -> #ИГРОМАРКЕТ$) = -17.52347213510108
correctionProbability (#БАТОЛ$ -> #БАТЛ$) = -14.439421168953114
correctionProbability (#КРАССНОДАР$ -> #КРАСНОДАР$) = -12.2991333669219
correctionProbability (#ДИАМЕТ$ -> #ДИАМЕТР$) = -14.430042476801837
correctionProbability (#ПЛЕЛИСТ$ -> #ПЛЕЙЛИСТ$) = -16.70492688988307
correctionProbability (#МАГАЗТНЫ$ -> #МАГАЗИНЫ$) = -10.699018251045018
correctionProbability (#АВАИТО$ -> #АВИТО$) = -5.342624367804351
correctionProbability (#МОЛАДЫХ$ -> #МОЛОДЫХ$) = -12.550971580090028
correctionProbability (#СЫРОДАВЛЕНОЕ$ -> #СЫРОДАВЛЕННОЕ$) = -32.62468190939893
correctionProbability (#SIKSME$ -> #SIKISME$) = -24.12592147391696
correctionProbability (#ВЕТРИНЫЙ$ -> #ВЕТРЕНЫЙ$) = -12.077728598131934
correctionProbability (#УСКОРИТ$ -> #УСКОРИТЬ$) = -18.10832835035884
correctionProbability (#СМИШНЙЕ$ -> #СМЕШНЫЕ$) = -73.77953886815602
correctionProbability (#ЧЕЛОВЕА$ -> #ЧЕЛОВЕКА$) = -9.443422193581988
correctionProbability (#ХЕЛОУИНА$ -> #ХЭЛЛОУИНА$) = -81.58544440181426
correctionProbability (#УПРАВЛКНИЕ$ -> #УПРАВЛЕНИЕ$) = -13.0499150931023
correctionProbability (#ГЛАНАС$ -> #ГЛОНАСС$) = -82.94903212217228
correctionProbability (#УВИЙТИ$ -> #УВІЙТИ$) = -18.57753806430159
correctionProbability (#РАЗШИРЕНИЯ$ -> #РАСШИРЕНИЯ$) = -18.714207738532778
correctionProbability (#SMMPLANER$ -> #SMMPLANNER$) = -25.06736480303198
correctionProbability (#ПОДОХНУТЬ$ -> #ОТДОХНУТЬ$) = -83.93050092793261
correctionProbability (#ДРУГОВО$ -> #ДРУГОГО$) = -14.23468663581636
correctionProbability (#ЛИЭКСПРЕСС$ -> #АЛИЭКСПРЕСС$) = -11.982887098273622
correctionProbability (#ВОДЯТЬСЯ$ -> #ВОДЯТСЯ$) = -21.436588237551575
correctionProbability (#СИЕРА$ -> #СИЕРРА$) = -18.965630036182777
correctionProbability (#HVE$ -> #HAVE$) = -11.438673274492363
correctionProbability (#КОТДЕТЫ$ -> #КОТЛЕТЫ$) = -12.227715048471723
correctionProbability (#ВИЖЕО$ -> #ВИДЕО$) = -1.714905238246775
correctionProbability (#КАКЛМ$ -> #КАКОМ$) = -8.741406937984902
correctionProbability (#РОСИЙСКОГО$ -> #РОССИЙСКОГО$) = -17.191496642909996
correctionProbability (#ПОРАГРОФА$ -> #ПАРАГРАФА$) = -84.25062800077274
correctionProbability (#ЗООФЕЛИЯ$ -> #ЗООФИЛИЯ$) = -15.784296436346501
correctionProbability (#СКОЛЬЬКО$ -> #СКОЛЬКО$) = -8.499650536873318
correctionProbability (#ДЖУМАДЖИ$ -> #ДЖУМАНДЖИ$) = -16.59886314969902
correctionProbability (#ЧЕЛОВЕЕ$ -> #ЧЕЛОВЕК$) = -7.754423032360776
correctionProbability (#ОЩУШЕНИЯ$ -> #ОЩУЩЕНИЯ$) = -17.838140907688
correctionProbability (#КОНЧИККА$ -> #КОНЧИКА$) = -23.764445255883295
correctionProbability (#EXEL$ -> #EXCEL$) = -12.213798073000493
correctionProbability (#ГОЛЫЕЕ$ -> #ГОЛЫЕ$) = -8.97966219896404
correctionProbability (#ТУРИЩМП$ -> #ТУРИЗМА$) = -78.79755818783369
correctionProbability (#ВАУЛИНВ$ -> #ВАУЛИНА$) = -13.492812549072994
correctionProbability (#ПРИПАРАТА$ -> #ПРЕПАРАТА$) = -18.232847743817636
correctionProbability (#СОЗРАНИТЬ$ -> #СОХРАНИТЬ$) = -14.497313613099216
correctionProbability (#БОГДОНОВА$ -> #БОГДАНОВА$) = -18.986046145730114
correctionProbability (#КУИТ$ -> #КУПИТЬ$) = -67.26791570266543
correctionProbability (#ДОКАД$ -> #ДОКЛАД$) = -11.1374836986998
correctionProbability (#ЕДІСОН$ -> #ЭДИСОН$) = -77.25237150179
correctionProbability (#ПЕРЕУДА$ -> #ПЕРИОДА$) = -77.4352478363203
correctionProbability (#ФЕЙХОЯ$ -> #ФЕЙХОА$) = -13.825593436815996
correctionProbability (#ВОДГОГРАД$ -> #ВОЛГОГРАД$) = -11.519792685719104
correctionProbability (#РЕКЛАМИ$ -> #РЕКЛАМЫ$) = -11.114416927056624
correctionProbability (#LEDIBOY$ -> #LADYBOY$) = -83.00386466055492
correctionProbability (#FLONARA$ -> #FLOAREA$) = -92.77416623266961
correctionProbability (#РУБЕНШТЕЙНА$ -> #РУБИНШТЕЙНА$) = -24.30977257399256
correctionProbability (#ЗАПОХА$ -> #ЗАПАХА$) = -14.701668722554086
correctionProbability (#МАМИНКИН$ -> #МАМЕНЬКИН$) = -83.30768714884277
correctionProbability (#ПОЭТЕСА$ -> #ПОЭТЕССА$) = -21.283097961900253
correctionProbability (#ГРЕБИНКА$ -> #ГРЕБІНКА$) = -23.05019589547966
correctionProbability (#ОДНОКЛАСНИКАМИ$ -> #ОДНОКЛАССНИКАМИ$) = -29.55361643097676
correctionProbability (#РОССИЙКИЕ$ -> #РОССИЙСКИЕ$) = -12.341888115889866
correctionProbability (#ПОАТЯТЬ$ -> #ПЛАТИТЬ$) = -78.25846579202188
correctionProbability (#КУДВ$ -> #КУДА$) = -7.579685719802534
correctionProbability (#СПИШЕТЕ$ -> #СПИШИТЕ$) = -17.463924439345483
correctionProbability (#ЕРУСАЛИМА$ -> #ИЕРУСАЛИМА$) = -23.214523362291665
correctionProbability (#БМЛЕТЫ$ -> #БИЛЕТЫ$) = -7.512098308423045
correctionProbability (#ТРОПИТЕЛ$ -> #ТРОПИТЕЛЬ$) = -25.34734840344082
correctionProbability (#ВЫПАДАНИЕ$ -> #ВЫПАДЕНИЕ$) = -18.501418011072367
correctionProbability (#ВЛАГАЛИЩЯ$ -> #ВЛАГАЛИЩА$) = -16.973288146168464
correctionProbability (#АНТАКЬЯ$ -> #АНТАЛИЯ$) = -79.68382713957395
correctionProbability (#РИКОТА$ -> #РИКОТТА$) = -19.608477649396157
correctionProbability (#SHAXRUZ$ -> #SHOXRUZ$) = -23.46940454530114
correctionProbability (#СКАЗКС$ -> #СКАЗКА$) = -8.348701884273876
correctionProbability (#ПРОВЛДКИ$ -> #ПРОВОДКИ$) = -13.948193004665782
correctionProbability (#ЯРОМЛАВСКИЙ$ -> #ЯРОСЛАВСКИЙ$) = -19.545771399994294
correctionProbability (#ЕЛЕКТРОНОЕ$ -> #ЭЛЕКТРОННОЕ$) = -80.3010602963254
correctionProbability (#ЕЛЕКТРОНОЙ$ -> #ЭЛЕКТРОННОЙ$) = -82.91956738157988
correctionProbability (#СКАЗКП$ -> #СКАЗКА$) = -8.336607575166727
correctionProbability (#СТАКЕР$ -> #СТАЛКЕР$) = -10.712352197072178
correctionProbability (#ПЕРИООД$ -> #ПЕРИОД$) = -12.627109924530952
correctionProbability (#ДЭДИ$ -> #ДЭДДИ$) = -21.791063985862113
correctionProbability (#ПОЛИМОЧИВИНА$ -> #ПОЛИМОЧЕВИНА$) = -29.112083872265558
correctionProbability (#БААНК$ -> #БАНК$) = -6.73854493950051
correctionProbability (#ВКОНТАКТЕВ$ -> #ВКОНТАКТЕ$) = -9.036243827195818
correctionProbability (#ЕРУСАЛИМЕ$ -> #ИЕРУСАЛИМЕ$) = -21.03943647462969
correctionProbability (#ФОТОАПАРАТ$ -> #ФОТОАППАРАТ$) = -18.19867214392942
correctionProbability (#РССТОЯНИЕ$ -> #РАССТОЯНИЕ$) = -13.18950156286705
correctionProbability (#САЛОНЫЙ$ -> #САЛОННЫЙ$) = -18.736569854344268
correctionProbability (#СЕНДИНТОН$ -> #СЭНДИТОН$) = -85.88805223302461
correctionProbability (#ЛАМАТЬ$ -> #ЛОМАТЬ$) = -18.792277672793457
correctionProbability (#PORNHIB$ -> #PORNHUB$) = -11.4034617635824
correctionProbability (#ИФЕКЦИЯ$ -> #ИНФЕКЦИЯ$) = -16.351365753401275
correctionProbability (#NISAN$ -> #NISSAN$) = -13.23779817304214
correctionProbability (#ЕКАТЕРИНЬУРГ$ -> #ЕКАТЕРИНБУРГ$) = -12.919213147458102
correctionProbability (#ТЕОТРАЛЬНАЯ$ -> #ТЕАТРАЛЬНАЯ$) = -19.58279444537572
correctionProbability (#MYZMO$ -> #MUZMO$) = -16.037738955811808
correctionProbability (#АСТОНОВКИ$ -> #ОСТАНОВКИ$) = -75.24182295166327
correctionProbability (#ОЛОВЯНИНСКИЙ$ -> #ОЛОВЯННИНСКИЙ$) = -32.10078553854265
correctionProbability (#ДЕКЛОФИНАК$ -> #ДИКЛОФЕНАК$) = -82.92237165249122
correctionProbability (#РЕНГОСЕПТ$ -> #РЕНОСЕПТ$) = -36.32399102052573
correctionProbability (#ЕЛЕКТРОННО$ -> #ЭЛЕКТРОННО$) = -21.647945213218378
correctionProbability (#БЕСПЛАПНО$ -> #БЕСПЛАТНО$) = -4.744487152280966
correctionProbability (#ПРФЕССИОНАЛЬНЫЙ$ -> #ПРОФЕССИОНАЛЬНЫЙ$) = -23.0555828291579
correctionProbability (#МУЗЫАА$ -> #МУЗЫКА$) = -5.503882826859535
correctionProbability (#НОВГОРЕДЕ$ -> #НОВГОРОДЕ$) = -13.109281336119977
correctionProbability (#РОССРЕЕСТРЕ$ -> #РОСРЕЕСТРЕ$) = -23.941689907057892
correctionProbability (#КОРЕН$ -> #КОРЕНЬ$) = -12.114453711857532
correctionProbability (#РИВНОВАГА$ -> #РІВНОВАГА$) = -25.94874967408044
correctionProbability (#РУССЕАЯ$ -> #РУССКАЯ$) = -8.527262919496224
correctionProbability (#ИМЕННИНЫ$ -> #ИМЕНИНЫ$) = -17.752762613200964
correctionProbability (#ИНТЕРНТА$ -> #ИНТЕРНЕТА$) = -13.083140891809727
correctionProbability (#БОРИСЬКИН$ -> #БОРИСКИН$) = -27.63048872126692
correctionProbability (#MOBAL$ -> #MOBILE$) = -76.92779366424544
correctionProbability (#ПИНСИОНЕРОВ$ -> #ПЕНСИОНЕРОВ$) = -15.940726615032716
correctionProbability (#ДНЕПП$ -> #ДНЕПР$) = -10.52282528625167
correctionProbability (#НОВЫЙЙ$ -> #НОВЫЙ$) = -7.8164100120190945
correctionProbability (#ВОЛЬКСВАГЕН$ -> #ФОЛЬКСВАГЕН$) = -14.063793382984969
correctionProbability (#НАЙДЕНН$ -> #НАЙДЕН$) = -19.019095238438094
correctionProbability (#СОДЕРЖАНТЕ$ -> #СОДЕРЖАНИЕ$) = -13.43577310513043
correctionProbability (#ПРАДАЖУ$ -> #ПРОДАЖУ$) = -14.318882249438538
correctionProbability (#УПНФН$ -> #УПНФМ$) = -31.372801287753788
correctionProbability (#ТРАНСВІСТІТ$ -> #ТРАНСВЕСТИТ$) = -87.61541257808636
correctionProbability (#SKILS$ -> #SKILLS$) = -16.980325010132315
correctionProbability (#ЛЄГО$ -> #ЛЕГО$) = -7.317633216066341
correctionProbability (#SUPET$ -> #SUPER$) = -10.616050449866382
correctionProbability (#СУКАЧАТ$ -> #СКАЧАТЬ$) = -70.31136181059203
correctionProbability (#ЛЕЙПЦЫГ$ -> #ЛЕЙПЦИГ$) = -16.306113497894927
correctionProbability (#ПОЗДОАВЛЕНИЕ$ -> #ПОЗДРАВЛЕНИЕ$) = -13.693287181795988
correctionProbability (#БАТАН$ -> #БОТАН$) = -14.63328471558071
correctionProbability (#МИЛИОНЕРША$ -> #МИЛЛИОНЕРША$) = -27.044451463864547
correctionProbability (#ДОБОВЛЕНИЕ$ -> #ДОБАВЛЕНИЕ$) = -21.854842664753
correctionProbability (#ОРГОНАЙЗЕР$ -> #ОРГАНАЙЗЕР$) = -18.278301564639072
correctionProbability (#НАЗЫВАЕИСЯ$ -> #НАЗЫВАЕТСЯ$) = -13.982328694748126
correctionProbability (#АДМИНИСРАЦИЯ$ -> #АДМИНИСТРАЦИЯ$) = -17.43824249395054
correctionProbability (#КАРТОНЫЕ$ -> #КАРТОННЫЕ$) = -18.59807636342343
correctionProbability (#РОЛИЛСЯ$ -> #РОДИЛСЯ$) = -14.175412741071042
correctionProbability (#ПРИМIЩЕННI$ -> #ПРИМІЩЕННІ$) = -93.03776779613928
correctionProbability (#ПРИВЛЕЧ$ -> #ПРИВЛЕЧЬ$) = -17.39693354166309
correctionProbability (#ТРИАМАЙ$ -> #ТРИМАЙ$) = -21.584686552232586
correctionProbability (#КАЛИЗЕЙ$ -> #КОЛИЗЕЙ$) = -16.73888889670628
correctionProbability (#НОВЯ$ -> #НОВАЯ$) = -7.875313099789775
correctionProbability (#WELKOM$ -> #WELCOME$) = -81.29757193736957
correctionProbability (#ВКОНТАКТЕЭ$ -> #ВКОНТАКТЕ$) = -9.058627101085484
correctionProbability (#СОВИМИ$ -> #СВОИМИ$) = -73.27004329481815
correctionProbability (#КАППАДОНИЯ$ -> #КАППАДОКИЯ$) = -19.922102045002745
correctionProbability (#НУДСТЫ$ -> #НУДИСТЫ$) = -12.658405027684388
correctionProbability (#ПРОСРЕКТ$ -> #ПРОСПЕКТ$) = -12.28044897127291
correctionProbability (#HÖKUMƏT$ -> #HÖKÜMƏT$) = -22.886556085372312
correctionProbability (#КАПТІВА$ -> #КАПТИВА$) = -16.842391872120103
correctionProbability (#ИЗВЕСНО$ -> #ИЗВЕСТНО$) = -17.651470480378073
correctionProbability (#КОРЕА$ -> #КОРЕЯ$) = -11.709997959934544
correctionProbability (#РАЗГОВОРОМИ$ -> #РАЗГОВОРАМИ$) = -17.889675520405326
correctionProbability (#АРАНОФСКИ$ -> #АРОНОФСКИ$) = -23.3107977943678
correctionProbability (#ПЕЕВОД$ -> #ПЕРЕВОД$) = -8.925782607105106
correctionProbability (#ЬИОГРАФИЯ$ -> #БИОГРАФИЯ$) = -10.363441184536185
correctionProbability (#CHNVACHNER$ -> #CNVACNER$) = -84.9433334530321
correctionProbability (#МИКРОСОВТ$ -> #МАЙКРОСОФТ$) = -146.96983872059653
correctionProbability (#ПРАДАЖА$ -> #ПРОДАЖА$) = -7.414562456172227
correctionProbability (#ЭРОТИТКА$ -> #ЭРОТИКА$) = -10.447453476679883
correctionProbability (#ЮУТЮБ$ -> #ЮТУБ$) = -67.48193523776787
correctionProbability (#ГРУПОВЕ$ -> #ГРУППОВОЕ$) = -81.65925879683734
correctionProbability (#ВЁРД$ -> #ВОРД$) = -9.287432974368034
correctionProbability (#САДЗОВ$ -> #САДОВ$) = -17.548073019711072
correctionProbability (#ТРЕВЭЛ$ -> #ТРЕВЕЛ$) = -10.433592389755265
correctionProbability (#НАТПИСЬ$ -> #НАДПИСЬ$) = -11.647143263686075
correctionProbability (#ФОРОМ$ -> #ФОРУМ$) = -6.380906414218359
correctionProbability (#ПРАСТИТУТОК$ -> #ПРОСТИТУТОК$) = -20.4794532114597
correctionProbability (#SKAYRIM$ -> #SKYRIM$) = -17.342998977887273
correctionProbability (#ЮЛАМРТ$ -> #ЮЛМАРТ$) = -80.39817071999674
correctionProbability (#ВЛАГАЛИЩИ$ -> #ВЛАГАЛИЩЕ$) = -16.39638671352416
correctionProbability (#ХЛОРГЕКСЕДИН$ -> #ХЛОРГЕКСИДИН$) = -21.915484356538144
correctionProbability (#КАПИТПЛ$ -> #КАПИТАЛ$) = -12.704098317072585
correctionProbability (#ПРАДАЖИ$ -> #ПРОДАЖИ$) = -11.4323373259857
correctionProbability (#СЛАДКИИ$ -> #СЛАДКИЙ$) = -14.052359672286073
correctionProbability (#КЕЗЕНДЕРИ$ -> #КЕЗЕҢДЕРІ$) = -86.75758504920074
correctionProbability (#SOCARDA$ -> #SOKARDA$) = -24.39182008497169
correctionProbability (#ПЕРВОНОЧАЛЬНОГО$ -> #ПЕРВОНАЧАЛЬНОГО$) = -23.08895827631386
correctionProbability (#ДИОБЕТ$ -> #ДИАБЕТ$) = -13.862531065981177
correctionProbability (#ОСТЕАРТРОЗ$ -> #ОСТЕОАРТРОЗ$) = -22.947243358391418
correctionProbability (#ПОЖИТНИК$ -> #ПАЖИТНИК$) = -19.92509843179804
correctionProbability (#МОРМОК$ -> #МАРМОК$) = -12.574317082730058
correctionProbability (#СКЫЛЬКИ$ -> #СКІЛЬКИ$) = -15.708384650693823
correctionProbability (#ФРЕНЗОНА$ -> #ФРЕНДЗОНА$) = -20.030087280993676
correctionProbability (#МИМИЛАНЫ$ -> #СИМИЛАНЫ$) = -26.168984765921707
correctionProbability (#ВОЕНКАМАТ$ -> #ВОЕНКОМАТ$) = -16.729835927861934
correctionProbability (#ФИЛОСОВИЯ$ -> #ФИЛОСОФИЯ$) = -16.491781097169657
correctionProbability (#ПАДАВШИХ$ -> #ПОДАВШИХ$) = -24.532254951944864
correctionProbability (#АПЕЛЯЦИОННЫЙ$ -> #АПЕЛЛЯЦИОННЫЙ$) = -24.02187759559144
correctionProbability (#ОБЬЯВЛЕНИЮ$ -> #ОБЪЯВЛЕНИЮ$) = -23.749773373458275
correctionProbability (#ОТВЕТВ$ -> #ОТВЕТЫ$) = -8.748786298486397
correctionProbability (#ЧЕСНЫЙ$ -> #ЧЕСТНЫЙ$) = -15.220526243216703
correctionProbability (#ROSTOW$ -> #ROSTOV$) = -20.258216032854403
correctionProbability (#КЛОТРИМАТОЗОЛ$ -> #КЛОТРИМАЗОЛ$) = -90.3415747113199
correctionProbability (#СEРІАЛ$ -> #СЕРІАЛ$) = -16.097305107021146
correctionProbability (#ТАТИАНА$ -> #ТАТЬЯНА$) = -74.54184781864807
correctionProbability (#БЕНЗИНОСТОЙКИЙ$ -> #БЕНЗОСТОЙКИЙ$) = -99.77873969290198
correctionProbability (#KOFF$ -> #HOFF$) = -12.549556456384405
correctionProbability (#КУЛЛЕРЫ$ -> #КУЛЕРЫ$) = -19.72886385823332
correctionProbability (#БРПТ$ -> #БРАТ$) = -8.673330818772197
correctionProbability (#ЕЛГОРОД$ -> #БЕЛГОРОД$) = -12.672701529428345
correctionProbability (#ПООБЕЛАЛИ$ -> #ПООБЕДАЛИ$) = -34.73187169665097
correctionProbability (#ТЕРЕТОРІЇ$ -> #ТЕРИТОРІЇ$) = -21.850153587926982
correctionProbability (#ДЛОЯ$ -> #ДЛЯ$) = -0.7660661896648726
correctionProbability (#АЛЛЕГРИЯ$ -> #АЛЕГРИЯ$) = -25.342873311393824
correctionProbability (#ЗУБОРЕВА$ -> #ЗУБАРЕВА$) = -17.426100412366488
correctionProbability (#СНИГ$ -> #СНЕГ$) = -9.19455386757598
correctionProbability (#ТОЖДИКИ$ -> #ТОЧИКИ$) = -82.31388892243943
correctionProbability (#БРЕДНЕВА$ -> #БРЕЖНЕВА$) = -14.135299602187807
correctionProbability (#МОРДОВИЧ$ -> #МОРДКОВИЧ$) = -16.964034299144515
correctionProbability (#ZLE$ -> #IZLE$) = -12.844307269679216
correctionProbability (#СЕКТР$ -> #СЕКТОР$) = -11.724306426652792
correctionProbability (#ПОМЕНЯТТ$ -> #ПОМЕНЯТЬ$) = -11.7764878608047
correctionProbability (#ЧЕСНЫЕ$ -> #ЧЕСТНЫЕ$) = -20.440787384220634
correctionProbability (#BDSMPEOPL$ -> #BDSMPEOPLE$) = -23.3864130283959
correctionProbability (#ТЕРТИШНИКОВА$ -> #ТЕРТЫШНИКОВА$) = -37.66941189037153
correctionProbability (#МЭРЛЕН$ -> #МЕРЛЕН$) = -9.142286816041338
correctionProbability (#МАНУКАЯНА$ -> #МАНУКЯНА$) = -25.567177983159418
correctionProbability (#ПРОЗРАЧНЫЦ$ -> #ПРОЗРАЧНЫЙ$) = -16.43996741480337
correctionProbability (#ПЛАЧИТ$ -> #ПЛАЧЕТ$) = -13.604865774992962
correctionProbability (#ПРОГРААМА$ -> #ПРОГРАММА$) = -8.601030701249698
correctionProbability (#УСТВНОВКА$ -> #УСТАНОВКА$) = -10.976893381032994
correctionProbability (#ЦЕСТИТЕ$ -> #ЦИСТИТЕ$) = -17.58459595140615
correctionProbability (#ФИЛЬ$ -> #ФИЛЬМ$) = -1.748664013435711
correctionProbability (#ХАКАССИИ$ -> #ХАКАСИИ$) = -17.734609089004522
correctionProbability (#ЦЕКВИ$ -> #ЦЕРКВИ$) = -13.252221646242862
correctionProbability (#GEFORSE$ -> #GEFORCE$) = -13.588460276869426
correctionProbability (#ГЭЛПКСИ$ -> #ГАЛАКСИ$) = -77.86101594715575
correctionProbability (#ВОТСАП$ -> #ВАТСАП$) = -8.510214971295188
correctionProbability (#ПОДЯПОЛЬСКА$ -> #ПОДЪЯПОЛЬСКА$) = -38.404985688666606
correctionProbability (#КИЇВА$ -> #КИЄВА$) = -16.574214725888655
correctionProbability (#ОДНОКЛАССНАКИ$ -> #ОДНОКЛАССНИКИ$) = -11.256674643055035
correctionProbability (#ТЕСТТ$ -> #ТЕСТ$) = -8.746527796880635
correctionProbability (#ДИСКРЕМЕНАНТ$ -> #ДИСКРИМИНАНТ$) = -88.45529768050034
correctionProbability (#КУЖА$ -> #КУДА$) = -7.538719583149902
correctionProbability (#УДЕТ$ -> #БУДЕТ$) = -8.343218826524808
correctionProbability (#ФОРЛД$ -> #ВОРЛД$) = -9.940823707989853
correctionProbability (#ГОФ$ -> #ГОВ$) = -8.564283066314786
correctionProbability (#СЕРДУЕ$ -> #СЕРДЦЕ$) = -8.35696684100812
correctionProbability (#ПДЮС$ -> #ПЛЮС$) = -6.8492271817767545
correctionProbability (#ПАНКРИОТИТЕ$ -> #ПАНКРЕАТИТЕ$) = -84.77297978564792
correctionProbability (#ПРОЙДЕНУЮ$ -> #ПРОЙДЕННУЮ$) = -26.341414498428513
correctionProbability (#МОЧЕСПУСКАНИЕ$ -> #МОЧЕИСПУСКАНИЕ$) = -25.12664282360584
correctionProbability (#ДЕВКШКОЙ$ -> #ДЕВУШКОЙ$) = -13.631720568811296
correctionProbability (#САТЕЛИТЫ$ -> #САТЕЛЛИТЫ$) = -26.829171566279264
correctionProbability (#ВОРШИПС$ -> #ВАРШИПС$) = -17.90524898488323
correctionProbability (#БЕЧПЛАТНО$ -> #БЕСПЛАТНО$) = -4.738556494280621
correctionProbability (#КАКИЯ$ -> #КАКИЕ$) = -5.8427297005992
correctionProbability (#НОЕШ$ -> #НОЕШЬ$) = -20.36326904290691
correctionProbability (#ОБЬЕСНЕНИЯ$ -> #ОБЪЯСНЕНИЕ$) = -148.80852294132904
correctionProbability (#КРИСТАЛИЧЕСКОЙ$ -> #КРИСТАЛЛИЧЕСКОЙ$) = -29.40500175218287
correctionProbability (#ЗОРОШЕМ$ -> #ХОРОШЕМ$) = -5.314312902412494
correctionProbability (#ПАНКРИОТИТА$ -> #ПАНКРЕАТИТА$) = -86.47932394341996
correctionProbability (#МАЖНО$ -> #МОЖНО$) = -4.418734507758938
correctionProbability (#ХВБ$ -> #ХАБ$) = -10.194351639542713
correctionProbability (#ВЕНТЕЛЯТОРА$ -> #ВЕНТИЛЯТОРА$) = -19.72405958373392
correctionProbability (#КАБРІОЛЕТ$ -> #КАБРИОЛЕТ$) = -16.141547667570556
correctionProbability (#АЛЬВЕРЕС$ -> #АЛЬВАРЕС$) = -14.844533649630492
correctionProbability (#СКААЧАТЬ$ -> #СКАЧАТЬ$) = -4.986420021368401
correctionProbability (#КОМРАНИЯ$ -> #КОМПАНИЯ$) = -10.218737137237916
correctionProbability (#ГЕОМЕТИЯ$ -> #ГЕОМЕТРИЯ$) = -14.525048360884398
correctionProbability (#КАКУШКИНА$ -> #КУКУШКИНА$) = -21.93152549131286
correctionProbability (#КАПИТАНСКА$ -> #КАПИТАНСКАЯ$) = -18.633199642267016
correctionProbability (#RASKAZ$ -> #RASSKAZ$) = -20.50493900942849
correctionProbability (#VIDIO$ -> #VIDEO$) = -7.949765815676237
correctionProbability (#ФИЛМ$ -> #ФИЛЬМ$) = -1.6901659459741438
correctionProbability (#ПАРАЛЕЛЬНОСТЬ$ -> #ПАРАЛЛЕЛЬНОСТЬ$) = -27.462334687924745
correctionProbability (#ЛАВУШКИ$ -> #ЛОВУШКИ$) = -16.818569564069065
correctionProbability (#СМОТРНЕТЬ$ -> #СМОТРЕТЬ$) = -4.843296861343399
correctionProbability (#REZORT$ -> #RESORT$) = -10.153913379752712
correctionProbability (#ЧЕНЩИНЫ$ -> #ЖЕНЩИНЫ$) = -8.308764313933935
correctionProbability (#СКОЛИКО$ -> #СКОЛЬКО$) = -6.00509955548295
correctionProbability (#CCKLINER$ -> #CCLEANER$) = -148.26264157475327
correctionProbability (#НОЕР$ -> #НОМЕР$) = -6.898094651150505
correctionProbability (#МУСУЛМАНКА$ -> #МУСУЛЬМАНКА$) = -24.13373117973437
correctionProbability (#ЗЕМЛЕВЕДИНИЕ$ -> #ЗЕМЛЕВЕДЕНИЕ$) = -31.193846555391744
correctionProbability (#СЕМЕНЯ$ -> #СЕМЕНА$) = -9.871736701080348
correctionProbability (#ВОТСАБ$ -> #ВАТСАП$) = -73.26377361174782
correctionProbability (#ККМЕРОВО$ -> #КЕМЕРОВО$) = -10.57085518337432
correctionProbability (#КИНОИЕАТР$ -> #КИНОТЕАТР$) = -11.335428457535258
correctionProbability (#TECNOLOGY$ -> #TECHNOLOGY$) = -20.30710232479457
correctionProbability (#КАКИН$ -> #КАКИЕ$) = -5.837277931522603
correctionProbability (#КОНЫЕРТЕР$ -> #КОНВЕРТЕР$) = -14.77525372864509
correctionProbability (#ЛАВУШКУ$ -> #ЛОВУШКУ$) = -19.09620490869399
correctionProbability (#ИЗИДИ$ -> #ИЗИДРИ$) = -21.324871097307668
correctionProbability (#КАКИК$ -> #КАКИЕ$) = -5.836126396615409
correctionProbability (#ХАРЬКЛВ$ -> #ХАРЬКОВ$) = -10.651103258516457
correctionProbability (#КАКИЙ$ -> #КАКИЕ$) = -5.843852624666265
correctionProbability (#ВОШЕСТВИЯ$ -> #ВОСШЕСТВИЯ$) = -23.66173371926184
correctionProbability (#ПРОЕВЛЯЕТСЯ$ -> #ПРОЯВЛЯЕТСЯ$) = -19.971834288593243
correctionProbability (#МАМЕНОЙ$ -> #МАМИНОЙ$) = -19.21636175112571
correctionProbability (#СЛУЖБВ$ -> #СЛУЖБА$) = -9.753933465533752
correctionProbability (#ПЕРЕЧИЛЯЕМ$ -> #ПЕРЕЧИСЛЯЕМ$) = -29.663986764226713
correctionProbability (#СПЛРТИВНЫЙ$ -> #СПОРТИВНЫЙ$) = -15.326237693790205
correctionProbability (#ФИЛБ$ -> #ФИЛЬМ$) = -66.4937005357466
correctionProbability (#ПОЛОЛЬСК$ -> #ПОДОЛЬСК$) = -13.648982587918063
correctionProbability (#BEREMNNO$ -> #BEREMENNA$) = -94.47135835575807
correctionProbability (#ЖДЛИТЕЛЬНЫЙ$ -> #ДЛИТЕЛЬНЫЙ$) = -20.025818659503123
correctionProbability (#КАКИП$ -> #КАКИЕ$) = -5.843454023389089
correctionProbability (#ХВИДЕ$ -> #ВИДЕО$) = -69.6120847911034
correctionProbability (#ОФЛОКСИН$ -> #ОФЛОКСАЦИН$) = -88.77366783798786
correctionProbability (#КИЇВІ$ -> #КИЄВІ$) = -15.781783633876973
correctionProbability (#КАКИЄ$ -> #КАКИЕ$) = -5.842259171969708
correctionProbability (#MOBEL$ -> #MODEL$) = -11.692389191100705
correctionProbability (#ПОЛОРОЙД$ -> #ПОЛАРОИД$) = -83.72978278605433
correctionProbability (#РАДДИО$ -> #РАДИО$) = -7.6467383068971095
correctionProbability (#ДУШОВА$ -> #ДУШЕВАЯ$) = -80.28242327835294
correctionProbability (#РЕВОЛЮЧИИ$ -> #РЕВОЛЮЦИИ$) = -16.440479365722645
correctionProbability (#СТМФЕРОПОЛЬ$ -> #СИМФЕРОПОЛЬ$) = -12.68431021300642
correctionProbability (#СЧТАЛИИДА$ -> #СТАЛИДА$) = -102.65961442904499
correctionProbability (#ЛЕКОЦИТЫ$ -> #ЛЕЙКОЦИТЫ$) = -18.38661897885347
correctionProbability (#ИЗМЕНИНИЯ$ -> #ИЗМЕНЕНИЯ$) = -14.12659544218814
correctionProbability (#ЗАБОЛОТНИ$ -> #ЗАБОЛОТНИЙ$) = -20.368556076555052
correctionProbability (#ФОРМВ$ -> #ФОРМЫ$) = -9.088936803932771
correctionProbability (#ВИДЕНЬ$ -> #ВИДЕТЬ$) = -12.235375003442972
correctionProbability (#VINTAJE$ -> #VINTAGE$) = -16.160471541823384
correctionProbability (#ВЭБМАНИ$ -> #ВЕБМАНИ$) = -16.907855821208607
correctionProbability (#ОТЗЫЫ$ -> #ОТЗЫВЫ$) = -5.442834618416967
correctionProbability (#СТОМАТОЛГИЯ$ -> #СТОМАТОЛОГИЯ$) = -15.641676084752852
correctionProbability (#ЗОНБИ$ -> #ЗОМБИ$) = -8.168725478749188
correctionProbability (#БОЖОІ$ -> #БОЖОЇ$) = -21.878322285427632
correctionProbability (#ЗАНЕТОСТИ$ -> #ЗАНЯТОСТИ$) = -13.552422323526237
correctionProbability (#СОРОНЫ$ -> #СТОРОНЫ$) = -13.152010022730565
correctionProbability (#ПРИЛОЖЕГИЕ$ -> #ПРИЛОЖЕНИЕ$) = -13.299705685165371
correctionProbability (#ХАКАССИЯ$ -> #ХАКАСИЯ$) = -16.841638063860323
correctionProbability (#ТЕРНМАЛЬНЫЙ$ -> #ТЕРМАЛЬНЫЙ$) = -24.008007106338617
correctionProbability (#СМАЛЕНСК$ -> #СМОЛЕНСК$) = -12.404103992316685
correctionProbability (#ВИДЕОЛ$ -> #ВИДЕО$) = -4.220729677826387
correctionProbability (#ACHARANETQOM$ -> #ACHARANETCOM$) = -38.075878707491036
correctionProbability (#ХGAME$ -> #GAME$) = -9.350288437185025
correctionProbability (#МИРОМИСТИНОМ$ -> #МИРАМИСТИНОМ$) = -26.977884188736674
correctionProbability (#ВИДЕОМ$ -> #ВИДЕО$) = -4.235990297145296
correctionProbability (#ВЫГЛЯДИТЬ$ -> #ВЫГЛЯДЕТЬ$) = -18.336255852466614
correctionProbability (#ЭЛЕКТИЧИСТВО$ -> #ЭЛЕКТРИЧЕСТВО$) = -87.36372596039136
correctionProbability (#ЗАБОЛОТНА$ -> #ЗАБОЛОТНИЙ$) = -85.15715174377806
correctionProbability (#КУЕВ$ -> #КИЕВ$) = -7.577318284072966
correctionProbability (#ВЕЛОСЕПЕДА$ -> #ВЕЛОСИПЕДА$) = -17.074633502928457
correctionProbability (#СІТРОЕН$ -> #СИТРОЕН$) = -13.662686771042729
correctionProbability (#ПУПЫРИШКИ$ -> #ПУПЫРЫШКИ$) = -20.6019361217227
correctionProbability (#ANGULAT$ -> #ANGULAR$) = -21.883163957683962
correctionProbability (#ЩНЛАЙН$ -> #ОНЛАЙН$) = -0.6781087883172567
correctionProbability (#MILER$ -> #MILLER$) = -11.59009115312794
correctionProbability (#ОФИЦИАЛЬНЫЦ$ -> #ОФИЦИАЛЬНЫЙ$) = -6.940344622260433
correctionProbability (#КИРОВОГРАДСЬКОЙ$ -> #КІРОВОГРАДСЬКОЇ$) = -97.15855486160363
correctionProbability (#КАРАБЛЕЙ$ -> #КОРАБЛЕЙ$) = -16.740456707076213
correctionProbability (#ТРЕНЕРОВОЧНЫЙ$ -> #ТРЕНИРОВОЧНЫЙ$) = -22.754276548656378
correctionProbability (#РОССИЙКИХ$ -> #РОССИЙСКИХ$) = -16.5137464813631
correctionProbability (#ИНТРАКОНАЗОЛ$ -> #ИТРАКОНАЗОЛ$) = -26.144033444846073
correctionProbability (#SOHOS$ -> #SHOES$) = -82.54261554248441
correctionProbability (#АТРИМ$ -> #АТРИУМ$) = -16.364023386093994
correctionProbability (#ПОДОКОНИКЕ$ -> #ПОДОКОННИКЕ$) = -20.965011034209184
correctionProbability (#ЯИШНИЦА$ -> #ЯИЧНИЦА$) = -18.185206484573683
correctionProbability (#МАДЖОК$ -> #МАДЖОНГ$) = -76.30154908294914
correctionProbability (#ONLLINE$ -> #ONLINE$) = -10.751092966231507
correctionProbability (#МААЗИН$ -> #МАГАЗИН$) = -5.638991267106588
correctionProbability (#УЗЛОВОИ$ -> #УЗЛОВОЙ$) = -14.382998383237833
correctionProbability (#НОДУ$ -> #ГОДУ$) = -5.240675268031129
correctionProbability (#СТАНЦМИ$ -> #СТАНЦИИ$) = -12.756479837791467
correctionProbability (#ДИВИДЕНТЫ$ -> #ДИВИДЕНДЫ$) = -17.32201610397707
correctionProbability (#ЧЕНСКАЯ$ -> #ЧЕЧЕНСКАЯ$) = -83.1330932842242
correctionProbability (#АУСТОМА$ -> #ЭУСТОМА$) = -16.916089169340502
correctionProbability (#ОСТЕОХОНДРОС$ -> #ОСТЕОХОНДРОЗ$) = -20.243689413808674
correctionProbability (#ПРИПОЯТЬ$ -> #ПРИПАЯТЬ$) = -21.68985511207054
correctionProbability (#ВАЛЕРЕШКА$ -> #ВАЛЕРИШКА$) = -16.7573716369648
correctionProbability (#DIAMONT$ -> #DIAMOND$) = -15.336835307881671
correctionProbability (#СКАЗКО$ -> #СКАЗКА$) = -8.26903252405463
correctionProbability (#ПОТАВИТЬ$ -> #ПОСТАВИТЬ$) = -13.293938318758187
correctionProbability (#1XBETT$ -> #1XBET$) = -12.413271323893223
correctionProbability (#ФОРМФ$ -> #ФОРМЫ$) = -9.093996994727977
correctionProbability (#КАШКЛЬ$ -> #КАШЕЛЬ$) = -12.35283226213058
correctionProbability (#СМАТРФОН$ -> #СМАРТФОН$) = -80.14209285402703
correctionProbability (#ГАЛАЗА$ -> #ГЛАЗА$) = -11.226472735978486
correctionProbability (#МАДЖОГ$ -> #МАДЖОНГ$) = -11.473217088337293
correctionProbability (#ЯНРДЕКС$ -> #ЯНДЕКС$) = -4.742248859721446
correctionProbability (#ВИДЕОЪ$ -> #ВИДЕО$) = -4.265363680123965
correctionProbability (#ГЕРМОФРОДИТ$ -> #ГЕРМАФРОДИТ$) = -24.072597542901107
correctionProbability (#ПОЛЕТКА$ -> #ПАЛЕТКА$) = -17.011654975722877
correctionProbability (#ПОСЕДНИЙ$ -> #ПОСЛЕДНИЙ$) = -11.041996917434346
correctionProbability (#МАСКИТНАЯ$ -> #МОСКИТНАЯ$) = -21.41941239153384
correctionProbability (#ОМСКЕН$ -> #ОМСКЕ$) = -11.360431373346717
correctionProbability (#КУДП$ -> #КУДА$) = -7.575591033574263
correctionProbability (#МУЖЧИНИНУ$ -> #МУЖЧИНУ$) = -82.53325790957312
correctionProbability (#МАЛУМОТ$ -> #МАЪЛУМОТ$) = -22.718921497037037
correctionProbability (#СУРУТ$ -> #СУРГУТ$) = -10.836814492133758
correctionProbability (#СПУТНИКОГО$ -> #СПУТНИКОВОГО$) = -89.601921894246
correctionProbability (#ВОРОБЬЕ$ -> #ВОРОБЬЕВ$) = -17.004012913100276
correctionProbability (#НАТАЛЬНАЧ$ -> #НАТАЛЬНАЯ$) = -16.08310961359512
correctionProbability (#ТЕМПЕРАТЦРА$ -> #ТЕМПЕРАТУРА$) = -14.890175047989786
correctionProbability (#СКАЗСКА$ -> #СКАЗКА$) = -10.777953049395297
correctionProbability (#СТАРСИК$ -> #СТАРИК$) = -16.695087647041102
correctionProbability (#РАКРАСАВИЦА$ -> #РАСКРАСАВИЦА$) = -24.977901541206528
correctionProbability (#ОТЕЬ$ -> #ОТЕЛЬ$) = -7.567613197837968
correctionProbability (#КУПБИЛЕТ$ -> #КУПИБИЛЕТ$) = -21.893085157238403
correctionProbability (#СЛЛУШАТЬ$ -> #СЛУШАТЬ$) = -7.6105437668804825
correctionProbability (#ОБЛАССТЬ$ -> #ОБЛАСТЬ$) = -9.899606138050231
correctionProbability (#ОАБОЧИЙ$ -> #РАБОЧИЙ$) = -8.147914387842604
correctionProbability (#КОЖЕНЫЕ$ -> #КОЖАНЫЕ$) = -13.595854404600416
correctionProbability (#НУМЕЗМАТИКА$ -> #НУМИЗМАТИКА$) = -22.112597620334313
correctionProbability (#РЕВЕЗОР$ -> #РЕВИЗОР$) = -16.503055288216117
correctionProbability (#ОВОМИКС$ -> #НОВОМИКС$) = -25.331366464679135
correctionProbability (#ЕМИЛИ$ -> #ЭМИЛИ$) = -13.494306509729387
correctionProbability (#СКОЛЛЬКО$ -> #СКОЛЬКО$) = -8.501682762859417
correctionProbability (#ЕЛЕКТРИЧКА$ -> #ЭЛЕКТРИЧКА$) = -16.472932291739767
correctionProbability (#ТЕРМАСТАТ$ -> #ТЕРМОСТАТ$) = -16.54928398121922
correctionProbability (#САЗКА$ -> #СКАЗКА$) = -8.892779421887322
correctionProbability (#КАШМАРОВ$ -> #КОШМАРОВ$) = -15.298188681191839
correctionProbability (#АККАНУТ$ -> #АККАУНТ$) = -79.34566754573909
correctionProbability (#ФЫЗИКИ$ -> #ФІЗИКИ$) = -17.67477179140521
correctionProbability (#ЭКЗАРЦИСТ$ -> #ЭКЗОРЦИСТ$) = -19.715471829952605
correctionProbability (#ФУДБЕНДРУ$ -> #ФУДБЭНДРУ$) = -28.72597616621173
correctionProbability (#ОТЕТ$ -> #ОТЧЕТ$) = -11.078194273615534
correctionProbability (#АБХАЗКОЙ$ -> #АБХАЗСКОЙ$) = -25.36144885819661
correctionProbability (#ГАМВИТА$ -> #ГАМАВИТА$) = -34.39149073615064
correctionProbability (#МАЙДЖЕР$ -> #МЭЙДЖОР$) = -79.8966792961618
correctionProbability (#ФОРСТ$ -> #ФОРС$) = -13.971983784010806
correctionProbability (#МАНЕЙМАН$ -> #МОНЕЙМАН$) = -18.10988628607597
correctionProbability (#ОТЗЫА$ -> #ОТЗЫВ$) = -10.913722762328181
correctionProbability (#РОБЛРОКС$ -> #РОБЛОКС$) = -9.831667674341013
correctionProbability (#MIGKREDIT$ -> #MIGCREDIT$) = -17.20245533405246
correctionProbability (#ИКТО$ -> #КТО$) = -7.151668247342016
correctionProbability (#СЕКЦИ$ -> #СЕКЦИИ$) = -15.123812364668684
correctionProbability (#ОТЕС$ -> #ОТЕЦ$) = -9.238193757782913
correctionProbability (#TRANSLETER$ -> #TRANSLATE$) = -80.61382989059372
correctionProbability (#ОБЛОКС$ -> #РОБЛОКС$) = -7.915894277636816
correctionProbability (#СПИЦЯХ$ -> #СПИЦАХ$) = -11.518438342943828
correctionProbability (#ДЛМА$ -> #ДОМА$) = -4.456882220075986
correctionProbability (#ЛЕСЫ$ -> #ЛИСЫ$) = -12.41957066480624
correctionProbability (#ПОКАЗЫАЕТ$ -> #ПОКАЗЫВАЕТ$) = -16.430257406867803
correctionProbability (#СПУТНИКОВЫ$ -> #СПУТНИКОВЫЙ$) = -22.346111134056102
correctionProbability (#CВЕТИЛЬНИК$ -> #СВЕТИЛЬНИК$) = -15.147875826806306
correctionProbability (#ФОРТНАЙИ$ -> #ФОРТНАЙТ$) = -13.067743838379378
correctionProbability (#ЩЕНИТ$ -> #ЗЕНИТ$) = -9.501777563027456
correctionProbability (#ФЬЮЖИН$ -> #ФЬЮЖЕН$) = -16.057934043654395
correctionProbability (#CRYSTALL$ -> #CRYSTAL$) = -17.63792914200298
correctionProbability (#YOUTUBBE$ -> #YOUTUBE$) = -8.954058875478893
correctionProbability (#КАТОЛИЗАТОР$ -> #КАТАЛИЗАТОР$) = -20.2477524892185
correctionProbability (#КРАВЧЕНКА$ -> #КРАВЧЕНКО$) = -17.468116723277753
correctionProbability (#ПОКРИШКА$ -> #ПОКРЫШКА$) = -20.627723626605466
correctionProbability (#НАЛОГООБЛАЖЕНИЯ$ -> #НАЛОГООБЛОЖЕНИЯ$) = -22.921108365284965
correctionProbability (#ДЁМ$ -> #ДНЁМ$) = -6.716143026104486
correctionProbability (#РЗМЕР$ -> #РАЗМЕР$) = -9.594669357909023
correctionProbability (#ПЕНАС$ -> #ПЕГАС$) = -10.345112679229974
correctionProbability (#СОРСКАЯ$ -> #МОРСКАЯ$) = -13.359486447795
correctionProbability (#СТОРИИ$ -> #ИСТОРИИ$) = -9.674937888514194
correctionProbability (#НАКЛОДНОЙ$ -> #НАКЛАДНОЙ$) = -17.0144948915758
correctionProbability (#РЕВОЛЮЧИЯ$ -> #РЕВОЛЮЦИЯ$) = -15.990567981403323
correctionProbability (#ДОЛДИНА$ -> #ДОЛИНА$) = -13.732270008479308
correctionProbability (#ФОРТНАЙН$ -> #ФОРТНАЙТ$) = -13.071541654681205
correctionProbability (#ЗАДЕЛАТО$ -> #ЗАДЕЛАТЬ$) = -16.58890527907355
correctionProbability (#ЧЕМПТОНАТ$ -> #ЧЕМПИОНАТ$) = -11.301161761490938
correctionProbability (#ОТЕЙ$ -> #ОТЕЦ$) = -9.239643033398902
correctionProbability (#СМИЫВАЙСЯ$ -> #СМЫВАЙСЯ$) = -21.95864151008812
correctionProbability (#ОБЛАССТИ$ -> #ОБЛАСТИ$) = -8.55671373209384
correctionProbability (#БРЛЬ$ -> #БОЛЬ$) = -9.304675656548671
correctionProbability (#КАКВА$ -> #КАКОВА$) = -14.104814822093513
correctionProbability (#ТРАСАА$ -> #ТРАССА$) = -13.397016160326796
correctionProbability (#НЕМЕЦКАМУ$ -> #НЕМЕЦКОМУ$) = -16.01211926737706
correctionProbability (#КАПАРТАК$ -> #СПАРТАК$) = -78.148514124118
correctionProbability (#ОБЛОКЕ$ -> #ОБЛАКЕ$) = -18.265053415429467
correctionProbability (#ПРОЛАМ$ -> #ПРОДАМ$) = -11.488396890115698
correctionProbability (#ВМЕГО$ -> #ВСЕГО$) = -10.389118067388406
correctionProbability (#ЗАНЕМАЮТСЯ$ -> #ЗАНИМАЮТСЯ$) = -17.23258870682256
correctionProbability (#ДЕНВНИК$ -> #ДНЕВНИК$) = -74.78380255023845
correctionProbability (#ДЕСТВЕННИЦЫ$ -> #ДЕВСТВЕННИЦЫ$) = -22.580903014441283
correctionProbability (#АПРЕЛЕКЕ$ -> #АПРЕЛЕВКЕ$) = -21.737028066408477
correctionProbability (#CRYSTALZ$ -> #CRYSTALS$) = -19.803680801390776
correctionProbability (#БЕСРЛАТНЫЕ$ -> #БЕСПЛАТНЫЕ$) = -12.380340451196481
correctionProbability (#СОНИУ$ -> #СОННИК$) = -74.79032351147173
correctionProbability (#ВЫПИТ$ -> #ВЫПИТЬ$) = -16.092838472138897
correctionProbability (#ИЗМЕНИНИЕ$ -> #ИЗМЕНЕНИЕ$) = -15.616850493006432
correctionProbability (#МЕГАФАН$ -> #МЕГАФОН$) = -9.091719604740788
correctionProbability (#ГРД$ -> #ГОД$) = -3.7695483970382995
correctionProbability (#ФОРТНАЙД$ -> #ФОРТНАЙТ$) = -13.068285501297737
correctionProbability (#ОБЛОКА$ -> #ОБЛАКА$) = -12.653111990400408
correctionProbability (#ДИСНЭЙ$ -> #ДИСНЕЙ$) = -11.158468870410335
correctionProbability (#СИРНЕКОВ$ -> #СЫРНИКОВ$) = -82.64634093350558
correctionProbability (#VEBMONEY$ -> #WEBMONEY$) = -17.965876878165666
correctionProbability (#BLOO$ -> #BLOOD$) = -9.678888875745653
correctionProbability (#ЗАВЛРОТНЮК$ -> #ЗАВОРОТНЮК$) = -11.836140161214296
correctionProbability (#ЭРАТИЧСКИЙ$ -> #ЭРОТИЧЕСКИЙ$) = -81.08379844231007
correctionProbability (#XVIDEOGEY$ -> #XVIDEOGAY$) = -35.058136854456514
correctionProbability (#МЕРЕДИАН$ -> #МЕРИДИАН$) = -16.81040122427182
correctionProbability (#БАБУШК$ -> #БАБУШКИ$) = -12.946088891031565
correctionProbability (#НАЗЫВАТСЯ$ -> #НАЗЫВАЕТСЯ$) = -14.558045677518912
correctionProbability (#ИМЕННИКА$ -> #ИМЕНИННИКА$) = -88.42231816041448
correctionProbability (#АКЖАЙК$ -> #АКЖАИК$) = -19.465264379255007
correctionProbability (#БІЛЛА$ -> #БИЛЛА$) = -13.217806486014577
correctionProbability (#ФОРТО$ -> #ФОРТЕ$) = -10.925359366461212
correctionProbability (#КАШИЛЁК$ -> #КОШЕЛЕК$) = -140.28376808521242
correctionProbability (#ФОРТН$ -> #ФОРТЕ$) = -10.928952485917481
correctionProbability (#SJEIN$ -> #SHEIN$) = -12.487636743480504
correctionProbability (#МАМЕНТЫ$ -> #МОМЕНТЫ$) = -13.679024986004315
correctionProbability (#OНЛАЙН$ -> #ОНЛАЙН$) = -0.6779968894732278
correctionProbability (#TRYMYDREAM$ -> #TRIPMYDREAM$) = -86.64928601338094
correctionProbability (#KARIL$ -> #KAROL$) = -19.508109886354557
correctionProbability (#ЕМИКС$ -> #ЕМЕКС$) = -14.512465087472808
correctionProbability (#ПРОКЛЯТИХ$ -> #ПРОКЛЯТЫХ$) = -17.77590010915098
correctionProbability (#РИМЕРЫ$ -> #ПРИМЕРЫ$) = -10.714553387891826
correctionProbability (#REEBOOK$ -> #REEBOK$) = -18.62010921842477
correctionProbability (#УКУТЫВТЬ$ -> #УКУТЫВАТЬ$) = -28.048732251652403
correctionProbability (#GEEFORCE$ -> #GEFORCE$) = -16.14135346932993
correctionProbability (#РОЗЕНХЕЙМ$ -> #РОЗЕНХАЙМ$) = -26.49410069679608
correctionProbability (#КИИНО$ -> #КИНО$) = -5.924549714368805
correctionProbability (#ДНЕПРОБЛЕНЕРГО$ -> #ДНЕПРООБЛЭНЕРГО$) = -95.87721973239549
correctionProbability (#ПУБЛИ$ -> #РУБЛИ$) = -11.786541112239565
correctionProbability (#EISCHOOL$ -> #ESCHOOL$) = -23.51314911770332
correctionProbability (#БАБЁР$ -> #БОБЁР$) = -18.66778288958015
correctionProbability (#НОГИСКЕ$ -> #НОГИНСКЕ$) = -17.93556954003376
correctionProbability (#ЧУСТВУЮТ$ -> #ЧУВСТВУЮТ$) = -23.30145707907547
correctionProbability (#BIZNESS$ -> #BIZNES$) = -20.607510217320733
correctionProbability (#БЛАНДИНОК$ -> #БЛОНДИНОК$) = -17.34142947666843
correctionProbability (#АВТАСАЛОН$ -> #АВТОСАЛОН$) = -13.933711641815563
correctionProbability (#NACED$ -> #NAKED$) = -12.363139759146339
correctionProbability (#ДАЕХАТЬ$ -> #ДОЕХАТЬ$) = -11.401671104630879
correctionProbability (#СИНОМАЙЗЕР$ -> #СИНОНИМАЙЗЕР$) = -90.5783045698451
correctionProbability (#UHTUBE$ -> #YOUTUBE$) = -139.63233871241192
correctionProbability (#МОЖЕНО$ -> #МОЖНО$) = -6.980579556493538
correctionProbability (#ЗРЕНИЧ$ -> #ЗРЕНИЯ$) = -12.32992604829509
correctionProbability (#УСЛОВНИЙ$ -> #УСЛОВНЫЙ$) = -13.143542955048979
correctionProbability (#ДЕСТВЕННИЦА$ -> #ДЕВСТВЕННИЦА$) = -21.59807079061931
correctionProbability (#ГЕОГРАФИ$ -> #ГЕОГРАФИИ$) = -14.156573361524273
correctionProbability (#ОТДЕ$ -> #ОТДЕЛ$) = -10.6738391835074
correctionProbability (#ПРИКОЛЬНИЕ$ -> #ПРИКОЛЬНЫЕ$) = -12.709934648319198
correctionProbability (#ГОВЫЕ$ -> #НОВЫЕ$) = -3.991278965800962
correctionProbability (#ХЕБ$ -> #ХЛЕБ$) = -10.443387445094647
correctionProbability (#КАКАЧ$ -> #КАКАЯ$) = -7.681269713837775
correctionProbability (#ТХАГАЛЕТОВ$ -> #ТХАГАЛЕГОВ$) = -20.116344565755263
correctionProbability (#КОЛТАН$ -> #КАЛТАН$) = -18.840812194137552
correctionProbability (#AРЕНДA$ -> #АРЕНДА$) = -72.1694863398473
correctionProbability (#ФЫЗИКА$ -> #ФІЗИКА$) = -16.905640533930143
correctionProbability (#АМЕЗ$ -> #ОМЕЗ$) = -13.35039146706367
correctionProbability (#КЛАСНАЯ$ -> #КЛАССНАЯ$) = -17.887171311230553
correctionProbability (#РУСАКОМУ$ -> #РУССКОМУ$) = -9.41120486396295
correctionProbability (#ЛЛЕОНБЕТС$ -> #ЛЕОНБЕТС$) = -21.918627548538133
correctionProbability (#ВАРЮШКИНА$ -> #ВАЛЮШКИНА$) = -23.140630277906105
correctionProbability (#ОСЕНИИЙ$ -> #ОСЕННИЙ$) = -9.836400559687412
correctionProbability (#ФИИИЛЬМЫ$ -> #ФИЛЬМЫ$) = -73.29928937987624
correctionProbability (#ЛЕРО$ -> #ЛЕРУА$) = -73.54164451675749
correctionProbability (#СПОРТЭКСПРЕСС$ -> #СПОРТЭКСПРЕССС$) = -20.748905037593786
correctionProbability (#ИЗВЕНИТЕ$ -> #ИЗВИНИТЕ$) = -19.607422736511538
correctionProbability (#ТХОНА$ -> #ТИХОНА$) = -20.244715693931315
correctionProbability (#ЭПОТИКА$ -> #ЭРОТИКА$) = -7.967971593488912
correctionProbability (#ПРОВЕРЕТЬ$ -> #ПРОВЕРИТЬ$) = -10.536463407730103
correctionProbability (#ЧЕТАТЬ$ -> #ЧИТАТЬ$) = -7.1394930381035415
correctionProbability (#НАЛОГООБЛАЖЕНИИ$ -> #НАЛОГООБЛОЖЕНИИ$) = -29.130869296421153
correctionProbability (#АСТРАХНЬ$ -> #АСТРАХАНЬ$) = -13.528406480936106
correctionProbability (#АПТЕЕКА$ -> #АПТЕКА$) = -10.48799577916881
correctionProbability (#ПАРОФИН$ -> #ПАРАФИН$) = -19.320748376888766
correctionProbability (#ХЕЛЛОУІН$ -> #ХЭЛЛОУИН$) = -74.94836763099188
correctionProbability (#САСНОВКА$ -> #СОСНОВКА$) = -18.940829637046654
correctionProbability (#ЕКСПО$ -> #ЭКСПО$) = -14.560911621709405
correctionProbability (#ПВТОВОКЗАЛ$ -> #АВТОВОКЗАЛ$) = -15.534147940423281
correctionProbability (#МОНПЕЛЙЕ$ -> #МОНПЕЛЬЕ$) = -21.92495396598661
correctionProbability (#СИМИРЕНКА$ -> #СИМИРЕНКО$) = -25.495157135493535
correctionProbability (#ОТВЕТФ$ -> #ОТВЕТЫ$) = -8.754171107580401
correctionProbability (#CKACATI$ -> #SKACHAT$) = -144.260960655271
correctionProbability (#TEAMWIEWER$ -> #TEAMVIEWER$) = -18.130225417870534
correctionProbability (#НАНИЙ$ -> #ЗНАНИЙ$) = -13.309377838708219
correctionProbability (#ПОДУКТЫ$ -> #ПРОДУКТЫ$) = -13.288145684692282
correctionProbability (#РАБОТНИ$ -> #РАБОТНИКОВ$) = -145.7205266615979
correctionProbability (#СЕМЕЙК$ -> #СЕМЕЙКА$) = -11.656265572967946
correctionProbability (#KORESPONDENT$ -> #KORRESPONDENT$) = -26.91052174945475
correctionProbability (#ОЖЕЖДА$ -> #ОДЕЖДА$) = -7.580589466085879
correctionProbability (#ФІФА$ -> #ФИФА$) = -11.52335682830375
correctionProbability (#КАМЕНТАРИИ$ -> #КОММЕНТАРИИ$) = -84.22709861353127
correctionProbability (#ВЫБИРИТЕ$ -> #ВЫБЕРИТЕ$) = -15.470392493101073
correctionProbability (#МИЛОДРАМУ$ -> #МЕЛОДРАМУ$) = -15.500788056529522
correctionProbability (#КОМІКСИ$ -> #КОМИКСЫ$) = -76.48991677278893
correctionProbability (#РАСИСАНИЕ$ -> #РАСПИСАНИЕ$) = -10.229019753024346
correctionProbability (#ЛАБРАНТА$ -> #ЛАБРАНДА$) = -22.051521742815588
correctionProbability (#ИСКУСТВЕНЫЕ$ -> #ИСКУССТВЕННЫЕ$) = -87.30719015389163
correctionProbability (#РОССИЙКОЙ$ -> #РОССИЙСКОЙ$) = -14.511321137749242
correctionProbability (#ВЕРСИЧ$ -> #ВЕРСИЯ$) = -8.46822503897361
correctionProbability (#БИТКОЙН$ -> #БИТКОИН$) = -12.701226189372036
correctionProbability (#САБЯНИНА$ -> #СОБЯНИНА$) = -20.832540051940782
correctionProbability (#КАРАБЛИК$ -> #КОРАБЛИК$) = -15.004937898027869
correctionProbability (#ОТЧЮЖДЕНИЯ$ -> #ОТЧУЖДЕНИЯ$) = -14.205829217443188
correctionProbability (#ВСЛЕДВИЕ$ -> #ВСЛЕДСТВИЕ$) = -87.4597694023083
correctionProbability (#ПЕНСИНЕРАМ$ -> #ПЕНСИОНЕРАМ$) = -17.381279480794916
correctionProbability (#ПОСЫЛК$ -> #ПОСЫЛКУ$) = -11.728359252982962
correctionProbability (#АННГЛИЙСКОМУ$ -> #АНГЛИЙСКОМУ$) = -15.60835818645127
correctionProbability (#БУДЕЯЕОВ$ -> #БУДЯКОВ$) = -100.27397207908757
correctionProbability (#ОНОВИТИ$ -> #ОБНОВИТЬ$) = -78.53622710337024
correctionProbability (#ГРАНДЕКСИН$ -> #ГРАНДАКСИН$) = -19.756942766445114
correctionProbability (#BAKSEL$ -> #BAKCELL$) = -86.37024725738694
correctionProbability (#МЕГАВОН$ -> #МЕГАФОН$) = -9.13178453758546
correctionProbability (#ОРСАЖ$ -> #ФОРСАЖ$) = -9.025007449014328
correctionProbability (#БЫТРЕЕ$ -> #БЫСТРЕЕ$) = -15.557006812086343
correctionProbability (#МИЛОДРАМЫ$ -> #МЕЛОДРАМЫ$) = -10.455633393555203
correctionProbability (#ГЛОБЕЛ$ -> #ГЛОБАЛ$) = -14.171713655068576
correctionProbability (#ПОСТОМАТЫ$ -> #ПОСТАМАТЫ$) = -19.581998496129934
correctionProbability (#БЕЛАРУССЬ$ -> #БЕЛАРУСЬ$) = -13.798589814630226
correctionProbability (#КИМИКСЫ$ -> #КОМИКСЫ$) = -11.8104251304784
correctionProbability (#VIDEI$ -> #VIDEO$) = -7.948523159057846
correctionProbability (#ЭЛЬКИННА$ -> #ЭЛЬКИНА$) = -29.474266677358443
correctionProbability (#БАГКОМ$ -> #БАНКОМ$) = -17.25252929406415
correctionProbability (#КАРАЛОВЫЕ$ -> #КОРАЛЛОВЫЕ$) = -84.44906007553158
correctionProbability (#SKINY$ -> #SKINNY$) = -18.020384805579457
correctionProbability (#СЛЕСОР$ -> #СЛЕСАРЬ$) = -80.2078929903587
correctionProbability (#ЗДОХНИ$ -> #СДОХНИ$) = -17.904737507040007
correctionProbability (#КУНЛУНЬ$ -> #КУНЬЛУНЬ$) = -21.202914905599663
correctionProbability (#ТРИЛЕРЫ$ -> #ТРИЛЛЕРЫ$) = -14.683799702562759
correctionProbability (#ВЫХОДП$ -> #ВЫХОДА$) = -10.798635520708192
correctionProbability (#СЛАЧИ$ -> #СДАЧИ$) = -10.936626707941922
correctionProbability (#НАКПЧКП$ -> #НАКАЧКА$) = -88.71514529856927
correctionProbability (#СЛОВОВ$ -> #СЛОВО$) = -10.181462360496742
correctionProbability (#АСАСИНЫ$ -> #АССАСИНЫ$) = -22.644503039492832
correctionProbability (#ВАЛОСЫ$ -> #ВОЛОСЫ$) = -8.664523384664935
correctionProbability (#ВАЗОПРЕСИН$ -> #ВАЗОПРЕССИН$) = -28.796748267633916
correctionProbability (#СКАЗЕА$ -> #СКАЗКА$) = -8.31671829531123
correctionProbability (#РАЗВЕДОЧНИЙ$ -> #РАЗВЕДОЧНЫЙ$) = -30.026879713577344
correctionProbability (#РАСЧИТЫВАТЬСЯ$ -> #РАССЧИТЫВАТЬСЯ$) = -30.257260341035
correctionProbability (#КРОСИВЫХ$ -> #КРАСИВЫХ$) = -13.076017984360249
correctionProbability (#ХЕРГОС$ -> #НЕРГОС$) = -23.158625545866457
correctionProbability (#ОТЛЕЖИВАНИЕ$ -> #ОТСЛЕЖИВАНИЕ$) = -13.689113414370688
correctionProbability (#ШРИФТИ$ -> #ШРИФТЫ$) = -14.170363447735387
correctionProbability (#ЗАПРЕЩОНЫЕ$ -> #ЗАПРЕЩЕННЫЕ$) = -85.55364810326404
correctionProbability (#ЦЕЛИНДР$ -> #ЦИЛИНДР$) = -15.017025767264926
correctionProbability (#ПАРАХОДОВ$ -> #ПАРОХОДОВ$) = -22.22565067432606
correctionProbability (#ПОРЧЕМУ$ -> #ПОЧЕМУ$) = -9.150682281488539
correctionProbability (#АНЕКТОДЫ$ -> #АНЕКДОТЫ$) = -77.3615232107872
correctionProbability (#АВТОКАТ$ -> #АВТОКАД$) = -15.195663635565452
correctionProbability (#ЗАКАТАТИ$ -> #ЗАКАТАТЬ$) = -19.97190543281689
correctionProbability (#РУБАЛЬ$ -> #РУБЛЬ$) = -14.023972679081314
correctionProbability (#НОМЕБАНК$ -> #ХОМЕБАНК$) = -18.845388019876133
correctionProbability (#VIDEP$ -> #VIDEO$) = -7.949248111967659
correctionProbability (#АСАСИНУ$ -> #АССАСИНУ$) = -34.304667373993546
correctionProbability (#ЭЛЕТРИЧЕСКАЯ$ -> #ЭЛЕКТРИЧЕСКАЯ$) = -19.063758984859213
correctionProbability (#ГТЗ$ -> #ГДЗ$) = -3.5231634865212555
correctionProbability (#ПАСЫЛКИ$ -> #ПОСЫЛКИ$) = -14.034602390633303
correctionProbability (#НОАЯ$ -> #НОВАЯ$) = -7.870291368049852
correctionProbability (#СИИПТОМЫ$ -> #СИМПТОМЫ$) = -10.76448899944345
correctionProbability (#МУРАЖКИ$ -> #МУРАШКИ$) = -19.215774239956033
correctionProbability (#НОССТРОЙ$ -> #НОСТРОЙ$) = -21.250550229476744
correctionProbability (#РОБЛИКС$ -> #РОБЛОКС$) = -7.3700783320431
correctionProbability (#НОВОСЬИ$ -> #НОВОСТИ$) = -4.268749727018966
correctionProbability (#ДЭБИ$ -> #ДЕББИ$) = -84.6737978055872
correctionProbability (#СТАФІЛОКОК$ -> #СТАФИЛОКОКК$) = -85.88629261637968
correctionProbability (#ШКОЛНИЦЕЙ$ -> #ШКОЛЬНИЦЕЙ$) = -21.61782040941413
correctionProbability (#МАЙРАСОФТ$ -> #МАЙКРОСОФТ$) = -82.15291522357353
correctionProbability (#ВЕЧЕЛЫЙ$ -> #ВЕСЕЛЫЙ$) = -14.42256921204087
correctionProbability (#ОБЬЯСНИТЕЛЬНУЮ$ -> #ОБЪЯСНИТЕЛЬНУЮ$) = -25.939984350097305
correctionProbability (#СУМАШЕДШЕГО$ -> #СУМАСШЕДШЕГО$) = -25.808333177010944
correctionProbability (#СМАТФОН$ -> #СМАРТФОН$) = -12.885481029955812
correctionProbability (#DVOINYMI$ -> #DVOYNYM$) = -100.42599000518257
correctionProbability (#ПЕРЕВЧИК$ -> #ПЕРЕВОДЧИК$) = -74.57219960044246
correctionProbability (#ПЛПУЛЯРНОСТЬ$ -> #ПОПУЛЯРНОСТЬ$) = -24.597597703526723
correctionProbability (#ДАМАТВРО$ -> #ДАМАТАРО$) = -19.69124519911665
correctionProbability (#ПРЕСТОЛО$ -> #ПРЕСТОЛОВ$) = -12.200118787567412
correctionProbability (#БИТОНОМ$ -> #БЕТОНОМ$) = -19.714711535894665
correctionProbability (#MULTIFILM$ -> #MULTFILM$) = -21.015418729181164
correctionProbability (#ТЕЬРАДЬ$ -> #ТЕТРАДЬ$) = -9.259027320979243
correctionProbability (#РИЯЛ$ -> #РЕАЛ$) = -75.99388690444248
correctionProbability (#ПЕМОНТ$ -> #РЕМОНТ$) = -5.068592960644864
correctionProbability (#ПОПЛНЕНИЕ$ -> #ПОПОЛНЕНИЕ$) = -20.056982675836593
correctionProbability (#МЕДЕДЬ$ -> #МЕДВЕДЬ$) = -5.712201669760189
correctionProbability (#ОСТЫРЫЕ$ -> #ОСТРЫЕ$) = -12.443316771784236
correctionProbability (#ОЗНАЧЕТ$ -> #ОЗНАЧАЕТ$) = -12.734490550589143
correctionProbability (#МАЛАГИН$ -> #МАЛЫГИН$) = -21.293293096665202
correctionProbability (#БЛАГАДАРЮ$ -> #БЛАГОДАРЮ$) = -18.69176714364606
correctionProbability (#ЖAСМИН$ -> #ЖАСМИН$) = -14.193586077233395
correctionProbability (#СОНМК$ -> #СОННИК$) = -74.85747733981181
correctionProbability (#ТЕОКТОЦИД$ -> #ТИОКТАЦИД$) = -86.8660897334168
correctionProbability (#КУНДЕЛЫК$ -> #КҮНДЕЛІК$) = -74.1012441112727
correctionProbability (#ДЖИПЕК$ -> #ДЖИПЕГ$) = -16.675111431597937
correctionProbability (#ПРИНЦЕП$ -> #ПРИНЦИП$) = -12.88709686236188
correctionProbability (#РИРОГ$ -> #ПИРОГ$) = -8.893178346556187
correctionProbability (#THULA$ -> #THULE$) = -17.901592205100005
correctionProbability (#СЕРИИАЛ$ -> #СЕРИАЛ$) = -6.551417650698607
correctionProbability (#КОРВТ$ -> #КОРВЕТ$) = -17.615814468908912
correctionProbability (#ВИПИСКУ$ -> #ВЫПИСКУ$) = -14.934149175896955
correctionProbability (#РОСЧИТАТЬ$ -> #РАССЧИТАТЬ$) = -78.88208747157775
correctionProbability (#НОБУК$ -> #НОУТБУК$) = -76.4239144418104
correctionProbability (#ВЛАГАЛИЦЕ$ -> #ВЛАГАЛИЩЕ$) = -16.406037251567547
correctionProbability (#АСАСИНА$ -> #АССАСИНА$) = -20.167671148877005
correctionProbability (#ЛАПОЧКИ$ -> #ЛАМПОЧКИ$) = -15.634107426123059
correctionProbability (#АННАС$ -> #АННА$) = -9.160210572460738
correctionProbability (#РУССЕИЙ$ -> #РУССКИЙ$) = -6.793201237716836
correctionProbability (#ГВЕРЦИТЕЛИ$ -> #ГВЕРДЦИТЕЛИ$) = -21.975925016975452
correctionProbability (#КРАВЦЕВ$ -> #КРАВЦОВ$) = -20.141002998827645
correctionProbability (#КУАП$ -> #КОАП$) = -11.093081272019173
correctionProbability (#MOBIE$ -> #MOBILE$) = -12.18858381648118
correctionProbability (#ДВАЖДИ$ -> #ДВАЖДЫ$) = -14.310985560240514
correctionProbability (#ПОЗДОАВЛЕНИЯ$ -> #ПОЗДРАВЛЕНИЯ$) = -13.393764793122564
correctionProbability (#ЕВГЕНИЧ$ -> #ЕВГЕНИЯ$) = -11.889877742074411
correctionProbability (#ДНЕРР$ -> #ДНЕПР$) = -10.501956892601815
correctionProbability (#МI$ -> #MI$) = -8.85437312753351
correctionProbability (#SRUGA$ -> #DRUGA$) = -20.695327799594534
correctionProbability (#ЕВГЕНИЦ$ -> #ЕВГЕНИЙ$) = -10.743884815574397
correctionProbability (#ДЕАУШКОЙ$ -> #ДЕВУШКОЙ$) = -13.635029007331639
correctionProbability (#НОАВ$ -> #НОВА$) = -78.35663641366274
correctionProbability (#АБРУЦКАЯ$ -> #АБРУЦЦКАЯ$) = -29.182374959717187
correctionProbability (#ПАРНУХ$ -> #ПАРНУХА$) = -14.221344054946684
correctionProbability (#СКЛАСС$ -> #КЛАСС$) = -4.911418763289973
correctionProbability (#ЛЕТТ$ -> #ЛЕТ$) = -5.927911625073996
correctionProbability (#ДЕСТКОСТИ$ -> #ЖЕСТКОСТИ$) = -20.837812984547412
correctionProbability (#РАСПІСАНІЕ$ -> #РАСПИСАНИЕ$) = -74.42373032011017
correctionProbability (#ZRO$ -> #ZERO$) = -13.802164463161322
correctionProbability (#ОФООМЛЕНИЯ$ -> #ОФОРМЛЕНИЯ$) = -14.274629912442691
correctionProbability (#XELILLOV$ -> #XELILOV$) = -25.775609287792193
correctionProbability (#ЕКЛЕРИ$ -> #ЭКЛЕРЫ$) = -82.28988446842777
correctionProbability (#ПОЛИНОЗ$ -> #ПОЛЛИНОЗ$) = -25.732807205458656
correctionProbability (#ВИДЕКО$ -> #ВИДЕО$) = -4.215762414448022
correctionProbability (#TBILISHI$ -> #TBILISSHI$) = -25.826741588125685
correctionProbability (#ААЛИЗ$ -> #АНАЛИЗ$) = -5.116722500727622
correctionProbability (#FOLLAUT$ -> #FALLOUT$) = -79.31992383572788
correctionProbability (#СОЭРЛИ$ -> #СТЭНЛИ$) = -82.88537651248025
correctionProbability (#МАЙЕКРАФТ$ -> #МАЙНКРАФТ$) = -7.972009369213687
correctionProbability (#ЛАПОЧКУ$ -> #ЛАМПОЧКУ$) = -17.650673980217178
correctionProbability (#ВАЛЬБЕРРИС$ -> #ВАЛБЕРИС$) = -82.1715720938098
correctionProbability (#РЕАЛЬНЫК$ -> #РЕАЛЬНЫЕ$) = -12.469542748981318
correctionProbability (#НАПОДАЕТ$ -> #НАПАДАЕТ$) = -20.08155915620359
correctionProbability (#HOTUBE$ -> #YOUTUBE$) = -71.72969706507098
correctionProbability (#ПОУЧИТЬ$ -> #ПОЛУЧИТЬ$) = -11.635627087445947
correctionProbability (#КРАСНОЧРСК$ -> #КРАСНОЯРСК$) = -11.521143597870783
correctionProbability (#ЩАКАЗ$ -> #ЗАКАЗ$) = -7.312743395270235
correctionProbability (#СЕОТАЛЫ$ -> #СЕРИАЛЫ$) = -72.30275718787983
correctionProbability (#EGLE$ -> #EAGLE$) = -16.571467373192515
correctionProbability (#ARBNB$ -> #AIRBNB$) = -17.081985684704595
correctionProbability (#GMAILK$ -> #GMAIL$) = -10.927227854852749
correctionProbability (#КИРОВОГРАДСЬКА$ -> #КІРОВОГРАДСЬКА$) = -29.409019570602652
correctionProbability (#СТИЗОТВОРЕНИЯ$ -> #СТИХОТВОРЕНИЯ$) = -19.745438560884338
correctionProbability (#БИЗОВО$ -> #БЫЗОВО$) = -18.219833508582628
correctionProbability (#НЕКСІЯ$ -> #НЕКСИЯ$) = -14.137962674471442
correctionProbability (#ЖИЗНЕНАЯ$ -> #ЖИЗНЕННАЯ$) = -22.160462625426554
correctionProbability (#CКИНЫ$ -> #СКИНЫ$) = -10.36045858256708
correctionProbability (#GMAILL$ -> #GMAIL$) = -10.912282657182612
correctionProbability (#КЛАРИОЛ$ -> #КЛАРЕОЛ$) = -20.499974204507993
correctionProbability (#ПОДЖИМАТЬ$ -> #ПОДНИМАТЬ$) = -20.878621928546387
correctionProbability (#БРИЙ$ -> #ЮРИЙ$) = -8.313087198756197
correctionProbability (#ОБРОЗЦЫ$ -> #ОБРАЗЦЫ$) = -12.853838668826754
correctionProbability (#НЕЙРОЛОГИЯ$ -> #НЕВРОЛОГИЯ$) = -20.600835435177125
correctionProbability (#ДРУЗЕИ$ -> #ДРУЗЕЙ$) = -11.608828876424543
correctionProbability (#ЧИСОТКА$ -> #ЧЕСОТКА$) = -16.8575689162317
correctionProbability (#ГОЛАНДИЮ$ -> #ГОЛЛАНДИЮ$) = -24.377776339251298
correctionProbability (#БЕРЕМННОСТЬ$ -> #БЕРЕМЕННОСТЬ$) = -16.958938205512496
correctionProbability (#ЧИМЛО$ -> #ЧИСЛО$) = -9.596290030295197
correctionProbability (#ГЛОДИАТОР$ -> #ГЛАДИАТОР$) = -16.035651823141947
correctionProbability (#БИРДС$ -> #БЕРДС$) = -12.160784370326407
correctionProbability (#СТОРИКИ$ -> #СТАРИКИ$) = -14.882613561096846
correctionProbability (#КААРТИРЕ$ -> #КВАРТИРЕ$) = -11.67727884815865
correctionProbability (#ДЕНЕВНИК$ -> #ДНЕВНИК$) = -9.519149752126552
correctionProbability (#БАРБСКИНЫ$ -> #БАРБОСКИНЫ$) = -12.836076775269937
correctionProbability (#VKREMONT$ -> #REMONT$) = -88.50143883999334
correctionProbability (#МY$ -> #MY$) = -6.210826762422158
correctionProbability (#МАНИКЮ$ -> #МАНИКЮР$) = -10.298440006891582
correctionProbability (#СОЛЕНСК$ -> #СМОЛЕНСК$) = -13.055848583467615
correctionProbability (#РЕРЕВОДЧИК$ -> #ПЕРЕВОДЧИК$) = -8.644646391594975
correctionProbability (#НАЖЕЖДА$ -> #НАДЕЖДА$) = -11.099404942438653
correctionProbability (#РАБОТЬА$ -> #РАБОТА$) = -7.419824723869922
correctionProbability (#АНГЛИСКИМИ$ -> #АНГЛИЙСКИМИ$) = -21.050951291549183
correctionProbability (#ИКНЯ$ -> #ИКЕЯ$) = -9.849862929950536
correctionProbability (#ПОВТОРНА$ -> #ПОВТОРНО$) = -19.14832247774013
correctionProbability (#ФОТООБОЙ$ -> #ФОТООБОИ$) = -13.86327963176489
correctionProbability (#GMAILO$ -> #GMAIL$) = -10.920729301888318
correctionProbability (#ГЕНЕТАЛИЙ$ -> #ГЕНИТАЛИЙ$) = -22.053003478181843
correctionProbability (#ИЕЛЕФОН$ -> #ТЕЛЕФОН$) = -7.457205845520839
correctionProbability (#ХРОНЕНИЕ$ -> #ХРАНЕНИЕ$) = -14.39473484147699
correctionProbability (#УИТЕЛЯ$ -> #УЧИТЕЛЯ$) = -10.466822857665996
correctionProbability (#ЧЕСЛО$ -> #ЧИСЛО$) = -9.55757545659998
correctionProbability (#ОНАЧАЕТ$ -> #ОЗНАЧАЕТ$) = -12.723678942011816
correctionProbability (#ONLAY$ -> #ONLAYN$) = -16.115238155516142
correctionProbability (#СКІЛТКИ$ -> #СКІЛЬКИ$) = -15.714723857394773
correctionProbability (#EROTIKAS$ -> #EROTIKA$) = -16.92647173006523
correctionProbability (#ТАНЦИВАЛЬНЫЕ$ -> #ТАНЦЕВАЛЬНЫЕ$) = -19.230368852004418
correctionProbability (#ИНТРАКАНАЗОЛ$ -> #ИТРАКОНАЗОЛ$) = -90.82872945367848
correctionProbability (#ГАЛУСТЯНЕ$ -> #ГАЛУСТЯН$) = -20.253320871628944
correctionProbability (#HAKIDA$ -> #HAQIDA$) = -15.490955066710047
correctionProbability (#БОАЗЕРС$ -> #БРАЗЕРС$) = -13.036464723142117
correctionProbability (#БЛАНДИНКА$ -> #БЛОНДИНКА$) = -15.499255356069895
correctionProbability (#СОСТИТ$ -> #СОСТОИТ$) = -14.252887440659592
correctionProbability (#СЕМЕЙНОЕЕ$ -> #СЕМЕЙНОЕ$) = -17.037677087742516
correctionProbability (#ПАПОДОТОЗА$ -> #ПАРОДОНТОЗА$) = -91.83290832745435
correctionProbability (#ОБЬЕДИНЯЕТ$ -> #ОБЪЕДИНЯЕТ$) = -21.903327835066925
correctionProbability (#НD$ -> #HD$) = -5.646218591466919
correctionProbability (#ПЕРЕВОДЧИКК$ -> #ПЕРЕВОДЧИК$) = -11.138482150404847
correctionProbability (#ТТУТУ$ -> #ТУТУ$) = -11.795987467421352
correctionProbability (#ХОКЕЕЙ$ -> #ХОККЕЙ$) = -10.45946179649312
correctionProbability (#INSTAILER$ -> #INSTALLER$) = -18.142156077640003
correctionProbability (#УИЗЛЯР$ -> #КИЗЛЯР$) = -17.49595136314176
correctionProbability (#СТРАДНОЙ$ -> #ЭСТРАДНОЙ$) = -25.832986668828745
correctionProbability (#ЭКСКУРСМИ$ -> #ЭКСКУРСИИ$) = -13.439886074000349
correctionProbability (#СКМСУНГ$ -> #САМСУНГ$) = -9.502816006408779
correctionProbability (#ЗВІЛЬНЕНІ$ -> #ЗВІЛЬНЕННІ$) = -28.47949741472228
correctionProbability (#РАВИТИЕ$ -> #РАЗВИТИЕ$) = -12.533116213720973
correctionProbability (#ЧЕЛОВЕЧИСКИЕ$ -> #ЧЕЛОВЕЧЕСКИЕ$) = -23.5337997236879
correctionProbability (#ДІІ$ -> #ДІЇ$) = -16.69939055778301
correctionProbability (#ЛЕУМИТ$ -> #ЛЕУМИ$) = -21.295855586122773
correctionProbability (#DOCHKISINOCHKIK$ -> #DOCHKISINOCHKI$) = -31.523419887074283
correctionProbability (#АСКОРИДА$ -> #АСКАРИДА$) = -21.368592205274297
correctionProbability (#ПОДВРИТЬ$ -> #ПОДАРИТЬ$) = -13.141835917385968
correctionProbability (#КАРТТНКА$ -> #КАРТИНКА$) = -7.2786252692483515
correctionProbability (#НАЖОДИТСЯ$ -> #НАХОДИТСЯ$) = -12.05957170678382
correctionProbability (#ЛЕВОМІКОЛЬ$ -> #ЛЕВОМЕКОЛЬ$) = -19.679443764394037
correctionProbability (#ГОВОРИТИ$ -> #ГОВОРИТЬ$) = -14.579448791774645
correctionProbability (#БАУЗЕР$ -> #БРАУЗЕР$) = -10.84250797204912
correctionProbability (#УРААНЕНИЕ$ -> #УРАВНЕНИЕ$) = -15.392874748025427
correctionProbability (#DOCHKISINOCHKIO$ -> #DOCHKISINOCHKI$) = -31.516458763752368
correctionProbability (#ПЕРЕВОДЧИКЕ$ -> #ПЕРЕВОДЧИК$) = -11.147350077274503
correctionProbability (#ПЕРЕРАСЧИТАТЬ$ -> #ПЕРЕСЧИТАТЬ$) = -93.57928975963921
correctionProbability (#ФОРЦМ$ -> #ФОРУМ$) = -6.387402301528063
correctionProbability (#ЕЛЕКТРИЧЕК$ -> #ЭЛЕКТРИЧЕК$) = -13.332631031632197
correctionProbability (#СНАФ$ -> #СНАФФ$) = -19.231192908332805
correctionProbability (#ПТШЕТСЯ$ -> #ПИШЕТСЯ$) = -11.560060142113429
correctionProbability (#ПЕРВОНОЧАЛЬНО$ -> #ПЕРВОНАЧАЛЬНО$) = -26.176058794203186
correctionProbability (#ЩКОЛЬНИКОВ$ -> #ШКОЛЬНИКОВ$) = -14.111878283345312
correctionProbability (#СНАТ$ -> #СНЯТЬ$) = -72.31515270411842
correctionProbability (#ПАРОДЫ$ -> #ПОРОДЫ$) = -10.986418433456908
correctionProbability (#НP$ -> #HP$) = -7.938319980575908
correctionProbability (#НАЗВАНЯ$ -> #НАЗВАНИЯ$) = -12.788934192794535
correctionProbability (#КАРТТНКИ$ -> #КАРТИНКИ$) = -4.721425577272134
correctionProbability (#ВЕДЬМЕНЫ$ -> #ВЕДЬМИНЫ$) = -21.175534537163593
correctionProbability (#ITALYAN$ -> #ITALIAN$) = -18.200470509154265
correctionProbability (#ЛЕНГ$ -> #ЛЭНГ$) = -19.154422794241444
correctionProbability (#ГРУЗОПОДЁМНОСТЬ$ -> #ГРУЗОПОДЪЕМНОСТЬ$) = -93.8165350796595
correctionProbability (#СЯОМІ$ -> #СЯОМИ$) = -12.697082843222677
correctionProbability (#СОТРУЖЕСТВО$ -> #СОДРУЖЕСТВО$) = -21.754913297730447
correctionProbability (#ПАЙОН$ -> #РАЙОН$) = -6.500804346975084
correctionProbability (#ПЛЕЙСТЕЙШЫН$ -> #ПЛЕЙСТЕЙШЕН$) = -19.572825092412664
correctionProbability (#ПВТОМОБИЛЬ$ -> #АВТОМОБИЛЬ$) = -13.073979047746768
correctionProbability (#АППАРТЫ$ -> #АППАРАТЫ$) = -14.041288015055848
correctionProbability (#ДРАЕВ$ -> #ДРАЙВ$) = -9.62029589432942
correctionProbability (#ВОГЗАЛ$ -> #ВОКЗАЛ$) = -11.30873850445074
correctionProbability (#ВЗЛОМАТИ$ -> #ВЗЛОМАТЬ$) = -13.095242974915337
correctionProbability (#РОМАКИНА$ -> #ЛОМАКИНА$) = -22.116236116639016
correctionProbability (#МЕДЕЛИ$ -> #МЕБЕЛИ$) = -9.493918384445156
correctionProbability (#ХРОНЕНИЯ$ -> #ХРАНЕНИЯ$) = -13.264805294675504
correctionProbability (#ЭЛЕТРИЧЕСКИЙ$ -> #ЭЛЕКТРИЧЕСКИЙ$) = -17.796027587912285
correctionProbability (#SPENSER$ -> #SPENCER$) = -20.419776938590942
correctionProbability (#ИСКУСТВЕННО$ -> #ИСКУССТВЕННО$) = -27.22568163208109
correctionProbability (#ОНТАКТЕ$ -> #ВКОНТАКТЕ$) = -72.44494664047076
correctionProbability (#ПРОСТИУТКИ$ -> #ПРОСТИТУТКИ$) = -14.886747602466713
correctionProbability (#ТРОЛФЕЙС$ -> #ТРОЛЛФЕЙС$) = -20.449540606074926
correctionProbability (#МАДЖИК$ -> #МЭДЖИК$) = -13.519047799940186
correctionProbability (#GПОЧЕМУ$ -> #ПОЧЕМУ$) = -9.205450461463226
correctionProbability (#НОГОГО$ -> #НОВОГО$) = -10.782024041928512
correctionProbability (#БЛАНДИНКИ$ -> #БЛОНДИНКИ$) = -15.897924287406369
correctionProbability (#СТОИАТОЛОГИЯ$ -> #СТОМАТОЛОГИЯ$) = -15.06021448941349
correctionProbability (#НОБРЯ$ -> #НОЯБРЯ$) = -10.033811732236575
correctionProbability (#ПОПНР$ -> #ПОРНР$) = -15.037562281307746
correctionProbability (#ДЕЛЬГРАНДЕ$ -> #ЭЛЬГРАНДЕ$) = -102.08003238766354
correctionProbability (#МАЖИК$ -> #МУЖИК$) = -11.187282808431807
correctionProbability (#ИКНА$ -> #ИКЕА$) = -8.767636303129152
correctionProbability (#ГОЛАНДКА$ -> #ГОЛЛАНДКА$) = -24.855056547241894
correctionProbability (#ГАЛОПЕРЕДОЛ$ -> #ГАЛОПЕРИДОЛ$) = -23.055557873915006
correctionProbability (#БРЕСТКАЯ$ -> #БРЕСТСКАЯ$) = -18.81128536408238
correctionProbability (#КОЛЕСЕКО$ -> #КОЛЕСИКО$) = -20.531052389075683
correctionProbability (#BLIZARD$ -> #BLIZZARD$) = -19.64364382285271
correctionProbability (#ZARAIF$ -> #ZARIF$) = -33.97529549425444
correctionProbability (#СЛЭНГЕ$ -> #СЛЕНГЕ$) = -20.476592543944253
correctionProbability (#ГИГЕКОЛОГ$ -> #ГИНЕКОЛОГ$) = -14.736698757594489
correctionProbability (#ПЕРЕВЕД$ -> #ПЕРЕВОД$) = -8.374508726433817
correctionProbability (#RUSSKOYE$ -> #RUSSKOE$) = -19.82355546145741
correctionProbability (#MONAYMEN$ -> #MONEYMAN$) = -81.09016786970545
correctionProbability (#БІЛИКАХ$ -> #БІЛКАХ$) = -34.629717334329385
correctionProbability (#СЦЭНЫ$ -> #СЦЕНЫ$) = -11.553064806065056
correctionProbability (#ПОЛИСТЕРОЛА$ -> #ПОЛИСТИРОЛА$) = -25.424268971739743
correctionProbability (#ПОЗНАКАМИТСЯ$ -> #ПОЗНАКОМИТСЯ$) = -22.434695388320378
correctionProbability (#АТЕРНО$ -> #АТЕРНОС$) = -16.800794228840275
correctionProbability (#ЧИНАХИ$ -> #ЧАНАХИ$) = -19.94510548725228
correctionProbability (#ЦЫРКУЛЬ$ -> #ЦИРКУЛЬ$) = -19.04689945342713
correctionProbability (#РЕЗЕДЕНТ$ -> #РЕЗИДЕНТ$) = -17.15985684700604
correctionProbability (#ТАРЕЛКОЦ$ -> #ТАРЕЛКОЙ$) = -23.954689256103798
correctionProbability (#СИНОРТИК$ -> #СИНОПТИК$) = -11.24305731481089
correctionProbability (#СКОЗЬ$ -> #СКВОЗЬ$) = -14.722558841974891
correctionProbability (#ВЬЕЗДЕ$ -> #ВЪЕЗДЕ$) = -18.647200662160476
correctionProbability (#ОБЕЗБАЛИВАЮЩЕЕ$ -> #ОБЕЗБОЛИВАЮЩЕЕ$) = -26.10185159222896
correctionProbability (#АНАЛГІН$ -> #АНАЛЬГИН$) = -84.05193051893843
correctionProbability (#ЮБОВЬ$ -> #ЛЮБОВЬ$) = -7.049251619029199
correctionProbability (#АМИЛИ$ -> #АМЕЛИ$) = -16.298716951373716
correctionProbability (#ГОЛИВУДСКИЕ$ -> #ГОЛЛИВУДСКИЕ$) = -25.01262360646121
correctionProbability (#МЕНИНГЕР$ -> #МЕННИНГЕР$) = -35.25764262860137
correctionProbability (#РОЗЕНШТАТ$ -> #РОЗЕНШТАДТ$) = -36.333740560693386
correctionProbability (#ЭСТРАСЕНСОВ$ -> #ЭКСТРАСЕНСОВ$) = -15.037858840540586
correctionProbability (#ПАРОДА$ -> #ПОРОДА$) = -11.628046654618881
correctionProbability (#УПРАВЛЫННЯ$ -> #УПРАВЛІННЯ$) = -20.391928813544062
correctionProbability (#ВЕРСИБ$ -> #ВЕРСИЮ$) = -10.838685473470495
correctionProbability (#BONNI$ -> #BONNIE$) = -19.321170354502858
correctionProbability (#ОХАРЕКТЕРИЗУЙТЕ$ -> #ОХАРАКТЕРИЗУЙТЕ$) = -25.21067781355582
correctionProbability (#ПРАВЛИННЯ$ -> #ПРАВЛІННЯ$) = -22.616495581634993
correctionProbability (#ГЕЛЕНЖИКА$ -> #ГЕЛЕНДЖИКА$) = -20.642159209682767
correctionProbability (#ЛЕМЗ$ -> #ЛЭМЗ$) = -22.75043452131925
correctionProbability (#ППОСПЕКТ$ -> #ПРОСПЕКТ$) = -12.310072117679773
correctionProbability (#МАЕКАХ$ -> #МАЙКАХ$) = -20.835795871342537
correctionProbability (#ЧЕСЛА$ -> #ЧИСЛА$) = -8.672660295418595
correctionProbability (#ЧИСОТКИ$ -> #ЧЕСОТКИ$) = -17.116661595413134
correctionProbability (#БИЗОАО$ -> #БЫЗОВО$) = -82.98283678607716
correctionProbability (#ВЗЛОМАТБ$ -> #ВЗЛОМАТЬ$) = -13.097338578529381
correctionProbability (#ВОЛГОГОАД$ -> #ВОЛГОГРАД$) = -11.534899465836553
correctionProbability (#ТЭКИЛА$ -> #ТЕКИЛА$) = -16.289137459785724
correctionProbability (#ДІП$ -> #ДИП$) = -11.154272501762467
correctionProbability (#VOODAFON$ -> #VODAFONE$) = -87.06027444322734
correctionProbability (#МАЙДЖИК$ -> #МЭДЖИК$) = -80.8072630853186
correctionProbability (#НОХОДИТСЯ$ -> #НАХОДИТСЯ$) = -12.042104755166037
correctionProbability (#СОННИИК$ -> #СОННИК$) = -11.960362573444787
correctionProbability (#РАВИТИЯ$ -> #РАЗВИТИЯ$) = -12.080405773492203
correctionProbability (#ЗЕМЛЯТРЯСЕНИЯ$ -> #ЗЕМЛЕТРЯСЕНИЯ$) = -23.59659839836184
correctionProbability (#ТРИНОГА$ -> #ТРЕНОГА$) = -19.691626160161654
correctionProbability (#СОЛЬКО$ -> #СКОЛЬКО$) = -6.613354090207885
correctionProbability (#ДОЙКЕ$ -> #ДОЙКИ$) = -8.422967665184377
correctionProbability (#БРКС$ -> #БОКС$) = -8.153265961372355
correctionProbability (#СКЛДЬКО$ -> #СКОЛЬКО$) = -73.90899246730393
correctionProbability (#ВЫЖИВАННИЕЕ$ -> #ВЫЖИВАНИЕ$) = -84.00315323042105
correctionProbability (#ПОЛТКЛИННИКИ$ -> #ПОЛИКЛИНИКИ$) = -85.25034382361686
correctionProbability (#САЛЬБУТОМОЛ$ -> #САЛЬБУТАМОЛ$) = -23.648453692528108
correctionProbability (#ЛЯЖЕК$ -> #ЛЯШЕК$) = -20.26548974238332
correctionProbability (#SOHILARI$ -> #SOHILLARI$) = -35.62316487979457
correctionProbability (#СОЧЕВСКОМУ$ -> #СОЧАВСКОМУ$) = -25.6014071061635
correctionProbability (#СЕРГЕВИЧ$ -> #СЕРГЕЕВИЧ$) = -15.870438800661454
correctionProbability (#ПРИГОТОВИТТЬ$ -> #ПРИГОТОВИТЬ$) = -14.866835161121926
correctionProbability (#ППРАВДА$ -> #ПРАВДА$) = -12.292470689552854
correctionProbability (#MEIL$ -> #MAIL$) = -6.7865879202379915
correctionProbability (#ЧЕЛЕНЖЕР$ -> #ЧЕЛЛЕНДЖЕР$) = -87.97089844175699
correctionProbability (#ПРИМАРЫ$ -> #ПРИМЕРЫ$) = -10.146881218839766
correctionProbability (#ДЕФЕЛЕ$ -> #ДЕФИЛЕ$) = -17.588644684425777
correctionProbability (#КАКАИ$ -> #КАКИЕ$) = -73.65907164592738
correctionProbability (#СТАНДОФ$ -> #СТАНДОФФ$) = -15.121171115972622
correctionProbability (#ВЫГЛЯДИЛИ$ -> #ВЫГЛЯДЕЛИ$) = -21.274559390091753
correctionProbability (#ПОГЛВОРИТЬ$ -> #ПОГОВОРИТЬ$) = -20.12718727161623
correctionProbability (#ДРЕСИРОВАТЬ$ -> #ДРЕССИРОВАТЬ$) = -26.390877869990668
correctionProbability (#РИФИРАТ$ -> #РЕФЕРАТ$) = -75.39922003629847
correctionProbability (#МЫКА$ -> #МУЗЫКА$) = -71.4156197817123
correctionProbability (#МАЛЬТИКИ$ -> #МУЛЬТИКИ$) = -6.802879495858541
correctionProbability (#ФОРУС$ -> #ФОРУМ$) = -6.389270891188996
correctionProbability (#ХОФМАН$ -> #ХОФФМАН$) = -20.66096924462139
correctionProbability (#ПЕССНЯ$ -> #ПЕСНЯ$) = -6.160144522282316
correctionProbability (#АМБЛЕР$ -> #РАМБЛЕР$) = -8.52908331617705
correctionProbability (#ФОТООБРИ$ -> #ФОТООБОИ$) = -13.868418426216017
correctionProbability (#МОНСУР$ -> #МАНСУР$) = -17.81499068477638
correctionProbability (#ПЕССНЮ$ -> #ПЕСНЮ$) = -8.093239932069483
correctionProbability (#BLIZ$ -> #BLITZ$) = -15.502148699912706
correctionProbability (#СИСЬЕМА$ -> #СИСТЕМА$) = -8.950611081685608
correctionProbability (#ВЬЕЗДА$ -> #ВЪЕЗДА$) = -17.62220471201034
correctionProbability (#ТВЕРДИЙ$ -> #ТВЕРДЫЙ$) = -17.02817441475805
correctionProbability (#ОБШИЙ$ -> #ОБЩИЙ$) = -11.933223758151204
correctionProbability (#МИЛЛИОНИКИ$ -> #МИЛЛИОННИКИ$) = -24.808524272274724
correctionProbability (#ХРОНИТЕЛЬ$ -> #ХРАНИТЕЛЬ$) = -16.116555423850706
correctionProbability (#ПРЕПОРАТОМ$ -> #ПРЕПАРАТОМ$) = -17.354844972653062
correctionProbability (#ОТПРАЗНОВАТЬ$ -> #ОТПРАЗДНОВАТЬ$) = -25.510794128796036
correctionProbability (#ПРОГЛАТИЛ$ -> #ПРОГЛОТИЛ$) = -21.622184778624238
correctionProbability (#ИСКУСТВЕНОЙ$ -> #ИСКУССТВЕННОЙ$) = -89.89898857378539
correctionProbability (#ОСТЕОХАНДРОЗА$ -> #ОСТЕОХОНДРОЗА$) = -21.99418170827228
correctionProbability (#ДИССКОРД$ -> #ДИСКОРД$) = -14.196197593499036
correctionProbability (#ФАРНИТУРА$ -> #ФУРНИТУРА$) = -15.375361547368207
correctionProbability (#ПРОФЕСС$ -> #ПРОФЕССИИ$) = -80.32405675372532
correctionProbability (#ПРИМАСИ$ -> #ПРЕМАСИ$) = -20.829534114739445
correctionProbability (#ФАРНИТУРЫ$ -> #ФУРНИТУРЫ$) = -20.462813287613407
correctionProbability (#LIVESPORTS$ -> #LIVESPORT$) = -24.41604533611398
correctionProbability (#ПРВЕСТИ$ -> #ПРОВЕСТИ$) = -14.561428607366842
correctionProbability (#ВПИСКУ$ -> #ВЫПИСКУ$) = -15.567801738436685
correctionProbability (#ПАРЕКМАХЕРСКИХ$ -> #ПАРИКМАХЕРСКИХ$) = -25.07796641451567
correctionProbability (#НОКИЙА$ -> #НОКИА$) = -13.889133760146851
correctionProbability (#МАБАГЕНИЯ$ -> #МАЛАГЕНЬЯ$) = -99.55990256824198
correctionProbability (#МЫЙЛ$ -> #МАЙЛ$) = -3.7042483947207323
correctionProbability (#ПОВСТАНЦІ$ -> #ПОВСТАНЦЫ$) = -20.169930861348753
correctionProbability (#ПАМФОРТЕ$ -> #ПАНФОРТЕ$) = -26.90116766689154
correctionProbability (#БАССЕИН$ -> #БАССЕЙН$) = -12.248249449284273
correctionProbability (#КУЛЬКУЛЯТОР$ -> #КАЛЬКУЛЯТОР$) = -12.225598003463539
correctionProbability (#МЕЛЕФИЦЕНТА$ -> #МАЛЕФИСЕНТА$) = -78.68805462875723
correctionProbability (#ИГРГВОЙ$ -> #ИГРОВОЙ$) = -12.836120177459897
correctionProbability (#СМЕШЫЕ$ -> #СМЕШНЫЕ$) = -9.579394277162194
correctionProbability (#ХООДНО$ -> #ХОЛОДНОЕ$) = -77.8123784902768
correctionProbability (#ARCADUA$ -> #ARCADIA$) = -21.242424717342743
correctionProbability (#ПРИГОТОВИТСЯ$ -> #ПРИГОТОВИТЬСЯ$) = -21.128631867616235
correctionProbability (#ФАРНИТУРУ$ -> #ФУРНИТУРУ$) = -20.780207432473112
correctionProbability (#ПОРАСЕНКА$ -> #ПОРОСЕНКА$) = -16.871850339289594
correctionProbability (#МАЖЕТ$ -> #МОЖЕТ$) = -7.913266707082595
correctionProbability (#ЕСЛИИ$ -> #ЕСЛИ$) = -7.485750767490774
correctionProbability (#MOBLE$ -> #MOBILE$) = -12.192088923418222
correctionProbability (#АЛВАРЕС$ -> #АЛЬВАРЕС$) = -15.327719458353506
correctionProbability (#ПЕРЕВОДЧИМК$ -> #ПЕРЕВОДЧИК$) = -11.165869377782428
correctionProbability (#КАЛИНГРАДА$ -> #КАЛИНИНГРАДА$) = -84.41550743118322
correctionProbability (#ЛИЗГИНКА$ -> #ЛЕЗГИНКА$) = -15.324510959552967
correctionProbability (#ДВАРЦОВ$ -> #ДВОРЦОВ$) = -21.2100110327808
correctionProbability (#ЭСЕНЦИИ$ -> #ЭССЕНЦИИ$) = -22.39338044082313
correctionProbability (#ПЛАЧАТ$ -> #ПЛАЧУТ$) = -13.77256517653213
correctionProbability (#ВЫГЛЯДИЛА$ -> #ВЫГЛЯДЕЛА$) = -21.67496921562168
correctionProbability (#ТРИНОВА$ -> #ТРИФОНОВА$) = -87.88607383524389
correctionProbability (#FARUX$ -> #FARRUX$) = -22.137471691876826
correctionProbability (#ПОСЧЕТАТЬ$ -> #ПОСЧИТАТЬ$) = -15.668403239416278
correctionProbability (#СПЯШИМИ$ -> #СПЯЩИМИ$) = -16.66924720194875
correctionProbability (#ОЛНОМ$ -> #ОДНОМ$) = -10.895111880019673
correctionProbability (#АНГЛИЙЙСКОМУ$ -> #АНГЛИЙСКОМУ$) = -15.722074342805115
correctionProbability (#ПЕССНИ$ -> #ПЕСНИ$) = -5.719069010784789
correctionProbability (#МЕБПРОМ$ -> #МЕДПРОМ$) = -24.92663021670655
correctionProbability (#РИКОЛЫ$ -> #ПРИКОЛЫ$) = -8.911661468170749
correctionProbability (#ЛАЗАОЕВСКОЕ$ -> #ЛАЗАРЕВСКОЕ$) = -18.510863683033392
correctionProbability (#ГРУЩЕКОМ$ -> #ГРУЗЧИКОМ$) = -148.61610099553718
correctionProbability (#1СТАВКА$ -> #1ХСТАВКА$) = -17.92565355479556
correctionProbability (#ИНФОКРАСНАЯ$ -> #ИНФРАКРАСНАЯ$) = -88.66448561294015
correctionProbability (#КРУСЕЛЬ$ -> #КАРУСЕЛЬ$) = -14.5415612510661
correctionProbability (#ФЕЗАЛИС$ -> #ФИЗАЛИС$) = -17.78765003660625
correctionProbability (#ХМА$ -> #ХМАО$) = -11.535114964614191
correctionProbability (#БРОСС$ -> #БРОС$) = -18.351009487903628
correctionProbability (#АНГЛТСКОМ$ -> #АНГЛИЙСКОМ$) = -77.29564837839213
correctionProbability (#БОЖЕЙ$ -> #БОЖЬЕЙ$) = -14.31522914950872
correctionProbability (#PORNHOB$ -> #PORNHUB$) = -11.40348444698364
correctionProbability (#ЕАКИЕ$ -> #КАКИЕ$) = -5.835568159152558
correctionProbability (#DOLFIN$ -> #DOLPHIN$) = -84.95688971838926
correctionProbability (#ПРСПЕКТ$ -> #ПРОСПЕКТ$) = -12.884116476378807
correctionProbability (#ПОДТАПОЛЬНИКИ$ -> #ПОДТОПОЛЬНИКИ$) = -25.838289763873938
correctionProbability (#YOURUBE$ -> #YOUTUBE$) = -6.393160873138754
correctionProbability (#СКАЧОТЬ$ -> #СКАЧАТЬ$) = -2.46509199650618
correctionProbability (#ПОПОДАНИЕ$ -> #ПОПАДАНИЕ$) = -21.642354612845978
correctionProbability (#ЦЕРЗАНИТ$ -> #ЦЕРСАНИТ$) = -21.000987823519743
correctionProbability (#АВВРИЯ$ -> #АВАРИЯ$) = -10.78771990632605
correctionProbability (#КСЕННИ$ -> #КСЕНИЯ$) = -78.76892904956371
correctionProbability (#РАТКОЕ$ -> #КРАТКОЕ$) = -12.045983066543208
correctionProbability (#PEGNYA$ -> #PEJNYA$) = -18.84887264218546
correctionProbability (#МАШУНУ$ -> #МАШИНУ$) = -9.252504719439546
correctionProbability (#РОБАТЫ$ -> #РОБОТЫ$) = -11.14061264877488
correctionProbability (#ПЕРЕВОДЧИКУ$ -> #ПЕРЕВОДЧИК$) = -11.179635276847407
correctionProbability (#РОЗДЕВАНИЕ$ -> #РАЗДЕВАНИЕ$) = -18.62324375678486
correctionProbability (#АТРАУ$ -> #АТЫРАУ$) = -11.947000786167639
correctionProbability (#УКАЖИТЬ$ -> #УКАЖІТЬ$) = -21.018430169741613
correctionProbability (#ПРОФЕСИ$ -> #ПРОФЕССИИ$) = -80.26303740758037
correctionProbability (#ЧЕШИТЬСЯ$ -> #ЧЕШЕТСЯ$) = -82.0319756598759
correctionProbability (#ФАГАТОВНА$ -> #ФАРГАТОВНА$) = -36.28178451795972
correctionProbability (#KORDONIVKINO$ -> #KORDONIVKAKINO$) = -94.74501398880427
correctionProbability (#ДАМУЫНЫН$ -> #ДАМУЫНЫҢ$) = -22.295373406838955
correctionProbability (#ГОРКОВСКИЙ$ -> #ГОРЬКОВСКИЙ$) = -25.81444418911463
correctionProbability (#ГГИСМЕТЕО$ -> #ГИСМЕТЕО$) = -10.797450566797849
correctionProbability (#ЛЕЛУАЛЬ$ -> #ЛЕТУАЛЬ$) = -11.888191131056232
correctionProbability (#ЭРОТИЧЕЧСКИЙ$ -> #ЭРОТИЧЕСКИЙ$) = -18.346080474071748
correctionProbability (#РАСТОНИЕ$ -> #РАССТОЯНИЕ$) = -78.43183524672692
correctionProbability (#БИТКОМН$ -> #БИТКОИН$) = -12.701218865263712
correctionProbability (#БЕХЕТ$ -> #БЭХЕТ$) = -22.0615800965642
correctionProbability (#ГАБОЗОВОЙ$ -> #ГОБОЗОВОЙ$) = -28.648529185346383
correctionProbability (#ЛИЗАЙН$ -> #ДИЗАЙН$) = -7.523922012434166
correctionProbability (#ПРОЙДЕНЫЙ$ -> #ПРОЙДЕННЫЙ$) = -23.803903108058016
correctionProbability (#TRUSKOVSA$ -> #TRUSKAVCA$) = -93.12166431538131
correctionProbability (#ЛЕГКНДА$ -> #ЛЕГЕНДА$) = -11.054438276326707
correctionProbability (#ПЕАРНЯ$ -> #ПЕКАРНЯ$) = -17.33472401252044
correctionProbability (#НАЗВАНЙ$ -> #НАЗВАНИЙ$) = -19.45109996930954
correctionProbability (#СНБЯ$ -> #СЕБЯ$) = -8.354421593921412
correctionProbability (#ПОДГОТВКА$ -> #ПОДГОТОВКА$) = -14.99796625847489
correctionProbability (#СЗУКИ$ -> #СУЗУКИ$) = -12.837449822208288
correctionProbability (#ФИКСИКЫ$ -> #ФИКСИКИ$) = -9.906160481926243
correctionProbability (#ЭСЕНЦИЯ$ -> #ЭССЕНЦИЯ$) = -21.37332454636941
correctionProbability (#КААРТИРЫ$ -> #КВАРТИРЫ$) = -9.083863451147359
correctionProbability (#ЛАБОЛАТОРИЯ$ -> #ЛАБОРАТОРИЯ$) = -17.36304933848932
correctionProbability (#ВАСТАНАВИТ$ -> #ВОССТАНОВИТЬ$) = -211.68741794960263
correctionProbability (#ДЕСПЕЧЕР$ -> #ДИСПЕТЧЕР$) = -82.22954145477789
correctionProbability (#СИГАРЕТИ$ -> #СИГАРЕТЫ$) = -14.615600516289398
correctionProbability (#НАЗВАНЕ$ -> #НАЗВАНИЕ$) = -12.106547939808223
correctionProbability (#СКОКА$ -> #СКОЛЬКО$) = -136.56817625880188
correctionProbability (#МИЛИОНЕРОВ$ -> #МИЛЛИОНЕРОВ$) = -23.593926602079705
correctionProbability (#БАРЧЕЛОО$ -> #БАРСЕЛО$) = -88.10707877464867
correctionProbability (#РОЗДЕНИЯ$ -> #РОЖДЕНИЯ$) = -6.696498655300125
correctionProbability (#ОБШИЕ$ -> #ОБЩИЕ$) = -13.378202782487978
correctionProbability (#ВЕРСЕЮ$ -> #ВЕРСИЮ$) = -10.827493543647979
correctionProbability (#КОНДРАШЕВА$ -> #КОНДРАШОВА$) = -23.074682488143146
correctionProbability (#КАРАСИВАЯ$ -> #КРАСИВАЯ$) = -13.291241907468297
correctionProbability (#МАДЖЕР$ -> #МЭЙДЖОР$) = -145.2129456729345
correctionProbability (#ЛЕДОКАИНОМ$ -> #ЛИДОКАИНОМ$) = -23.954621674753398
correctionProbability (#МАСЛЯННУЮ$ -> #МАСЛЯНУЮ$) = -25.11974054300765
correctionProbability (#ПЛАСКАРТАХ$ -> #ПЛАЦКАРТНЫХ$) = -154.9394944306564
correctionProbability (#ЖЕЛЕЗНИ$ -> #ЖЕЛЕЗНЫЙ$) = -78.89770949291196
correctionProbability (#ФЕРАМОНАМИ$ -> #ФЕРОМОНАМИ$) = -23.51237779841805
correctionProbability (#ЕГИПИТ$ -> #ЕГИПЕТ$) = -10.854793829686148
correctionProbability (#АЛЕГРОВОЙ$ -> #АЛЛЕГРОВОЙ$) = -21.355655928089227
correctionProbability (#НАУВЕЙ$ -> #ХУАВЕЙ$) = -145.04214140338928
correctionProbability (#ХЛЕ$ -> #ХЛЕБ$) = -10.466437862007123
correctionProbability (#СДАТСЯ$ -> #СДАТЬСЯ$) = -16.903926988769086
correctionProbability (#КАРЕЯНКИ$ -> #КОРЕЯНКИ$) = -18.07568972084775
correctionProbability (#ДЕЙМАН$ -> #ДЕЙМОН$) = -18.0357754888573
correctionProbability (#СИГАРЕТВ$ -> #СИГАРЕТЫ$) = -14.646371082757668
correctionProbability (#ПОДЛИВОЙ$ -> #ПОДЛИВКОЙ$) = -19.413320675582113
correctionProbability (#МИЛИОНЕРОМ$ -> #МИЛЛИОНЕРОМ$) = -19.693846854590603
correctionProbability (#КАБУРУ$ -> #КОБУРУ$) = -22.37070706807171
correctionProbability (#SHAXZODA$ -> #SHAHZODA$) = -20.837157332107438
correctionProbability (#ПАВЛИННО$ -> #ПАВЛИНО$) = -20.776520361382467
correctionProbability (#ПОПКТ$ -> #ПОПКИ$) = -11.13542328157573
correctionProbability (#ШЭЛДОНА$ -> #ШЕЛДОНА$) = -15.961108899563499
correctionProbability (#ИНТЕРНЕР$ -> #ИНТЕРНЕТ$) = -5.971400623472929
correctionProbability (#ИНДАПОМИД$ -> #ИНДАПАМИД$) = -18.50250123704958
correctionProbability (#ОБЕЗБАЛИВАЮЩИХ$ -> #ОБЕЗБОЛИВАЮЩИХ$) = -31.101584789820564
correctionProbability (#НАВБАР$ -> #НАБОР$) = -76.15409899826741
correctionProbability (#РУКАЗ$ -> #РУКАХ$) = -11.22312061785593
correctionProbability (#РАЗРЫХ$ -> #РАЗНЫХ$) = -11.385890301872
correctionProbability (#ЭХОМАН$ -> #ЭХОМАНЬ$) = -33.49279133863857
correctionProbability (#ПРАПОВЕДНИК$ -> #ПРОПОВЕДНИК$) = -21.29301825035182
correctionProbability (#ГАРУШИНА$ -> #ГАРКУШИНА$) = -28.49089376136825
correctionProbability (#РАССПИСАНИЕ$ -> #РАСПИСАНИЕ$) = -12.087899286739976
correctionProbability (#ПШЕНИЦИНОЙ$ -> #ПШЕНИЦЫНОЙ$) = -25.925129051943657
correctionProbability (#HALOWEN$ -> #HALLOWEEN$) = -81.75285591175835
correctionProbability (#ПАЛУЧИТЬ$ -> #ПОЛУЧИТЬ$) = -11.002525995321996
correctionProbability (#ОДНАКЛССНИКИ$ -> #ОДНОКЛАССНИКИ$) = -76.52612154750506
correctionProbability (#АРОЕЗД$ -> #ПРОЕЗД$) = -12.271760351707318
correctionProbability (#ИНТЕРНЕЬ$ -> #ИНТЕРНЕТ$) = -5.965404145583426
correctionProbability (#ТУРСИЯ$ -> #ТУРЦИЯ$) = -9.5484797070654
correctionProbability (#СОВЕЦКОМ$ -> #СОВЕТСКОМ$) = -83.65062613914425
correctionProbability (#АКРАСИУМ$ -> #АКВАРИУМ$) = -79.8190629173725
correctionProbability (#ПЕРЕВОДЧИЕК$ -> #ПЕРЕВОДЧИК$) = -11.149454359200313
correctionProbability (#НАЗААНИЕ$ -> #НАЗВАНИЕ$) = -11.523572783660903
correctionProbability (#СИДПЛИШНОГО$ -> #СЕДАЛИЩНОГО$) = -150.56638112184314
correctionProbability (#DOCHKISINOCHKMI$ -> #DOCHKISINOCHKI$) = -31.521215067740542
correctionProbability (#СОНДЕРО$ -> #САНДЕРО$) = -14.624125585768368
correctionProbability (#DEEMON$ -> #DEMON$) = -17.907851538730423
correctionProbability (#ГИРОКОЕ$ -> #ШИРОКОЕ$) = -19.36563577826091
correctionProbability (#СКОЛЬ$ -> #СКОЛЬКО$) = -71.95505251636648
correctionProbability (#ГРАМАХ$ -> #ГРАММАХ$) = -18.624055452029324
correctionProbability (#НИФОМАНКА$ -> #НИМФОМАНКА$) = -20.71252375277593
correctionProbability (#НЕПРИЯТЕЫЙ$ -> #НЕПРИЯТНЫЙ$) = -20.963311697735534
correctionProbability (#ОАЙН$ -> #ОНЛАЙН$) = -66.49560026769417
correctionProbability (#ХИОПСА$ -> #ХЕОПСА$) = -17.211834849015855
correctionProbability (#АІДЕО$ -> #ВІДЕО$) = -13.202941809214554
correctionProbability (#ЭНДРЕ$ -> #ЭНДРЮ$) = -15.929050084587164
correctionProbability (#ДОГОВОРР$ -> #ДОГОВОР$) = -12.623580266850674
correctionProbability (#ТЕКИРОВП$ -> #ТЕКИРОВА$) = -19.00839936621896
correctionProbability (#РУКАЯ$ -> #РУССКАЯ$) = -74.33489604735406
correctionProbability (#УСМОНВА$ -> #УСМАНОВА$) = -82.63377512945613
correctionProbability (#ДОГОВОРТ$ -> #ДОГОВОР$) = -12.628302825804845
correctionProbability (#ОБЕЗБАЛИВАЮЩИЕ$ -> #ОБЕЗБОЛИВАЮЩИЕ$) = -24.532477859916497
correctionProbability (#ТЕКИРОВО$ -> #ТЕКИРОВА$) = -18.94468045668514
correctionProbability (#GOST$ -> #GHOST$) = -13.697354879873298
correctionProbability (#ФИЛЬИМЫ$ -> #ФИЛЬМЫ$) = -6.07845257776523
correctionProbability (#СЕКСАФОН$ -> #САКСОФОН$) = -80.91201994258284
correctionProbability (#ХМО$ -> #ХМАО$) = -11.546933130179386
correctionProbability (#ФОЛЬЦВАГЕНЕ$ -> #ФОЛЬКСВАГЕН$) = -146.64723285329504
correctionProbability (#НЕДВИДИМОСТЬ$ -> #НЕДВИЖИМОСТЬ$) = -13.219647629817715
correctionProbability (#ОБЕЗБАЛИВАЮЩИЙ$ -> #ОБЕЗБОЛИВАЮЩИЙ$) = -28.46392334176764
correctionProbability (#BARBIER$ -> #BARBIE$) = -18.525069354009997
correctionProbability (#ГОРОСОКП$ -> #ГОРОСКОП$) = -77.11849594342004
correctionProbability (#ИНТЕРНЕИ$ -> #ИНТЕРНЕТ$) = -5.966881862959605
correctionProbability (#ПРИМОРСКА$ -> #ПРИМОРСКО$) = -20.31889203215703
correctionProbability (#ЕНТЕРОЖЕРМИНА$ -> #ЭНТЕРОЖЕРМИНА$) = -26.76606543550639
correctionProbability (#УЛОВИСТЕ$ -> #УЛОВИСТЫЕ$) = -22.652277859880435
correctionProbability (#ТОЛОКО$ -> #ТОЛОКА$) = -14.941796518228653
correctionProbability (#СМЫЙ$ -> #САМЫЙ$) = -7.967622134609517
correctionProbability (#ХАРАСТИРИСТИКА$ -> #ХАРАКТЕРИСТИКА$) = -81.8479866846476
correctionProbability (#ROSSE$ -> #ROSE$) = -15.069754985574836
correctionProbability (#ИНТЕРНЕМ$ -> #ИНТЕРНЕТ$) = -5.972343096446599
correctionProbability (#РОСТРЕЕСТР$ -> #РОСРЕЕСТР$) = -15.342344361796968
correctionProbability (#ГРАМАТИЧЕСКИЙ$ -> #ГРАММАТИЧЕСКИЙ$) = -27.66200269203241
correctionProbability (#ПРИНСКРИН$ -> #ПРИНТСКРИН$) = -24.02245116002655
correctionProbability (#МИНИСТЕРСТОВ$ -> #МИНИСТЕРСТВО$) = -84.04345848319088
correctionProbability (#ИНФОРМАЦЫЯ$ -> #ИНФОРМАЦИЯ$) = -14.393693104348039
correctionProbability (#СМЫЕ$ -> #САМЫЕ$) = -6.861144266072046
correctionProbability (#ФЕСБУГ$ -> #ФЕЙСБУК$) = -72.37354134666518
correctionProbability (#SAMANTA$ -> #SAMANTHA$) = -20.401657915282883
correctionProbability (#УХИН$ -> #МУХИН$) = -17.56638908988788
correctionProbability (#ГРАМАТИЧЕСКИЕ$ -> #ГРАММАТИЧЕСКИЕ$) = -25.607701789266073
correctionProbability (#КОВЕРТОР$ -> #КОНВЕРТЕР$) = -80.0854072963144
correctionProbability (#СЛБАК$ -> #СОБАК$) = -8.08165380242892
correctionProbability (#ЭМАЙЛ$ -> #ЕМАЙЛ$) = -13.63195104862331
correctionProbability (#СДЕЛАНОЕ$ -> #СДЕЛАННОЕ$) = -23.233308009794023
correctionProbability (#ИАПИЛЛОМА$ -> #ПАПИЛЛОМА$) = -19.8190263091089
correctionProbability (#ТОЙОТТА$ -> #ТОЙОТА$) = -11.387705596768075
correctionProbability (#СЛУЖЕТ$ -> #СЛУЖИТ$) = -16.84361703140991
correctionProbability (#ПУБГА$ -> #ПУБГ$) = -14.533803418818248
correctionProbability (#РАСПИСАНЕИ$ -> #РАСПИСАНИЕ$) = -77.47676767576218
correctionProbability (#ОАИС$ -> #ОАЗИС$) = -14.771616370629491
correctionProbability (#РЕЗИДЕНСТВЕ$ -> #РЕЗИДЕНТСТВЕ$) = -31.06899873938019
correctionProbability (#ТІШИНИ$ -> #ТИШИНЫ$) = -77.21219936154783
correctionProbability (#КУНСКАМЕРЫ$ -> #КУНСТКАМЕРЫ$) = -28.215923224372034
correctionProbability (#НОІВ$ -> #НОВІ$) = -81.61498474610926
correctionProbability (#ASHARANETKOM$ -> #ACHARANETCOM$) = -102.80849498847863
correctionProbability (#ВЕНЕСУЭЛЬСКМЕ$ -> #ВЕНЕСУЭЛЬСКИЕ$) = -30.713995483306356
correctionProbability (#ВКОНТАКТКЕ$ -> #ВКОНТАКТЕ$) = -9.020905592071479
correctionProbability (#ЛИПЕК$ -> #ЛИПЕЦК$) = -11.148606634280856
correctionProbability (#ДОНГЕС$ -> #ДОНГИС$) = -32.03852688920831
correctionProbability (#РАСПИСАНЕЕ$ -> #РАСПИСАНИЕ$) = -9.617501802863224
correctionProbability (#ХIAOMI$ -> #XIAOMI$) = -9.840039752291357
correctionProbability (#ТРИЗУБЕЦ$ -> #ТРЕЗУБЕЦ$) = -21.03444314198616
correctionProbability (#ЯНДАКСЕ$ -> #ЯНДЕКСЕ$) = -14.271407659476665
correctionProbability (#HOSPOT$ -> #HOTSPOT$) = -11.797225313100014
correctionProbability (#РЭНОБЭ$ -> #РАНОБЭ$) = -16.487390564059904
correctionProbability (#РЕЗИДЕНСТВА$ -> #РЕЗИДЕНТСТВА$) = -28.586401743070937
correctionProbability (#СЕРДЦО$ -> #СЕРДЦЕ$) = -8.394416890323189
correctionProbability (#ОБОЗНОЧАЕТ$ -> #ОБОЗНАЧАЕТ$) = -17.658177890161333
correctionProbability (#ИГИРА$ -> #ИГРА$) = -6.581925424041586
correctionProbability (#ЛИЗГИНКУ$ -> #ЛЕЗГИНКУ$) = -18.868532864980814
correctionProbability (#АНИМИЯ$ -> #АНЕМИЯ$) = -15.821376426390994
correctionProbability (#КОШИЛЁК$ -> #КОШЕЛЕК$) = -75.59631252358942
correctionProbability (#МОЗИЛЛУ$ -> #МОЗИЛУ$) = -20.437703450367213
correctionProbability (#ГОУЗОВ$ -> #ГРУЗОВ$) = -10.671106256125885
correctionProbability (#ОБШЕЙ$ -> #ОБЩЕЙ$) = -12.883372943188053
correctionProbability (#СТРАТСБУРГ$ -> #СТРАСБУРГ$) = -24.08263782498259
correctionProbability (#НИПЕЛЬ$ -> #НИППЕЛЬ$) = -20.30934413921007
correctionProbability (#ТАНКМОУЛЬТ$ -> #ТАНКОМУЛЬТ$) = -89.37196423676619
correctionProbability (#АЛЬА$ -> #АЛЬФА$) = -8.281477708965223
correctionProbability (#ПОВЕДЕНИЧ$ -> #ПОВЕДЕНИЯ$) = -13.220811859230658
correctionProbability (#ХАРВАТИИ$ -> #ХОРВАТИИ$) = -17.90870115931743
correctionProbability (#КЛГДА$ -> #КОГДА$) = -5.818407268946917
correctionProbability (#ПРЕЧИНА$ -> #ПРИЧИНА$) = -12.125157680309577
correctionProbability (#РЕШЕБИК$ -> #РЕШЕБНИК$) = -11.859974353571197
correctionProbability (#ОБУВНИЙ$ -> #ОБУВНОЙ$) = -17.37532587490805
correctionProbability (#РАСТЕНЯ$ -> #РАСТЕНИЯ$) = -12.063361061337702
correctionProbability (#ПАСАТЕ$ -> #ПАССАТЕ$) = -20.438159859719207
correctionProbability (#ТИШЫНЫ$ -> #ТИШИНЫ$) = -12.514434808338674
correctionProbability (#ТРАНСВИСТИТЫ$ -> #ТРАНСВЕСТИТЫ$) = -22.99255245053591
correctionProbability (#СИСЯТАЯ$ -> #СИСЯСТАЯ$) = -19.21593737979893
correctionProbability (#ДЕВСТВЕНГОСТИ$ -> #ДЕВСТВЕННОСТИ$) = -21.932088467392518
correctionProbability (#СОСТОВ$ -> #СОСТАВ$) = -9.298007676314956
correctionProbability (#АФТОМАБИЛЯ$ -> #АВТОМОБИЛЯ$) = -76.71649559112922
correctionProbability (#ФИЛЬИОВ$ -> #ФИЛЬМОВ$) = -9.872745156658226
correctionProbability (#СДЕЛАННО$ -> #СДЕЛАНО$) = -17.779458364991015
correctionProbability (#МУРАШЕВ$ -> #МУРАШОВ$) = -23.45344356018189
correctionProbability (#БИРЖЫ$ -> #БИРЖИ$) = -15.158414956262835
correctionProbability (#VIDMA$ -> #VIDMO$) = -17.09871204993917
correctionProbability (#КРАСНОБОРСКА$ -> #КРАСНОГОРСКА$) = -23.376090776380842
correctionProbability (#СЕРДЦЯ$ -> #СЕРДЦА$) = -10.32134974597017
correctionProbability (#TINCERS$ -> #TINKERS$) = -21.544168457873653
correctionProbability (#SHOKOLADNII$ -> #SHOKOLADNIY$) = -30.702317717993616
correctionProbability (#НОВВОСЕЛЫ$ -> #НОВОСЕЛЫ$) = -26.955557262955672
correctionProbability (#ЧЕШЕТСЧ$ -> #ЧЕШЕТСЯ$) = -14.83273198059615
correctionProbability (#ЕЛОУСТОУН$ -> #ЙЕЛЛОУСТОУН$) = -87.7149193065795
correctionProbability (#РУШИТЬ$ -> #РЕШИТЬ$) = -13.1908518603605
correctionProbability (#ДЕСКОЙ$ -> #ДЕТСКОЙ$) = -12.13051109388357
correctionProbability (#ХАЛТАН$ -> #КАЛТАН$) = -18.897306311306796
correctionProbability (#НЕОПЛАТУ$ -> #НЕУПЛАТУ$) = -19.758244772441813
correctionProbability (#МАДЕЛКА$ -> #МОДЕЛЬКА$) = -86.1062589155086
correctionProbability (#КАЧЕСТВЕНО$ -> #КАЧЕСТВЕННО$) = -21.336177464626303
correctionProbability (#ОБЬЯВЛЕНЕЕ$ -> #ОБЪЯВЛЕНИЕ$) = -79.33814475147507
correctionProbability (#РЕЩУЛЬТАТЫ$ -> #РЕЗУЛЬТАТЫ$) = -13.302978005546493
correctionProbability (#БАССЕИНЫ$ -> #БАССЕЙНЫ$) = -16.536231616018696
correctionProbability (#МАЛОЛЕТНИИ$ -> #МАЛОЛЕТНИЕ$) = -20.599165775053898
correctionProbability (#ЛЕВОЧ$ -> #ЛЕВАЯ$) = -78.72004979452672
correctionProbability (#УПОДУ$ -> #УПАДУ$) = -19.367893945850998
correctionProbability (#СМАРФОНОВ$ -> #СМАРТФОНОВ$) = -18.544859314342126
correctionProbability (#ЧЕСНО$ -> #ЧЕСТНО$) = -19.028739548751307
correctionProbability (#АМАГ$ -> #АЛМАГ$) = -16.89495647354953
correctionProbability (#ПРИБОРОСТРИТЕЛЬНЫЙ$ -> #ПРИБОРОСТРОИТЕЛЬНЫЙ$) = -33.18774708892501
correctionProbability (#MEMS$ -> #MEMES$) = -17.77216905379196
correctionProbability (#ВЕКСЫ$ -> #ВЕСЫ$) = -12.798707158434599
correctionProbability (#ЛЫТЕРАТУРА$ -> #ЛІТЕРАТУРА$) = -20.728013979037257
correctionProbability (#ДЕВОЧАК$ -> #ДЕВОЧЕК$) = -7.685386626321147
correctionProbability (#СОЩДАТЬ$ -> #СОЗДАТЬ$) = -10.14034352190059
correctionProbability (#ЛЮСТРИ$ -> #ЛЮСТРЫ$) = -12.664638274743002
correctionProbability (#УКРАЇНСКА$ -> #УКРАЇНСЬКА$) = -17.859870080571568
correctionProbability (#ПРЕСТИДЖИО$ -> #ПРЕСТИЖИО$) = -22.255497669795666
correctionProbability (#АКАДЕМИЧ$ -> #АКАДЕМИЯ$) = -11.898324893886375
correctionProbability (#ВОЛИНСЬКОМ$ -> #ВОЛИНСЬКОМУ$) = -26.050053175424296
correctionProbability (#КУБАНЕТ$ -> #КУБАННЕТ$) = -21.06702424434107
correctionProbability (#ШИПОВАЛОВ$ -> #ШАПОВАЛОВ$) = -20.128660700767703
correctionProbability (#ICLOD$ -> #ICLOUD$) = -15.136951686841353
correctionProbability (#ФІЛМ$ -> #ФІЛЬМ$) = -13.628623725297178
correctionProbability (#ТЕТАР$ -> #ТЕАТР$) = -75.52937098438984
correctionProbability (#НИТРОКСАЛИН$ -> #НИТРОКСОЛИН$) = -22.553690338586016
correctionProbability (#ПРИЛЕТОМ$ -> #ПЕРЕЛЕТОМ$) = -83.02415867594546
correctionProbability (#VIKTORIA$ -> #VICTORIA$) = -16.600709289367224
correctionProbability (#АЛИЭКСПРЕЕС$ -> #АЛИЭКСПРЕСС$) = -11.391861445412701
correctionProbability (#ПАУРОЧНЫЙ$ -> #ПОУРОЧНЫЙ$) = -18.951391282390347
correctionProbability (#EGER$ -> #EGGER$) = -17.288873421673475
correctionProbability (#НАЧАЛЬСИЬ$ -> #НАЧАЛИСЬ$) = -87.30421289597561
correctionProbability (#КАРДИПИН$ -> #КОРДИПИН$) = -23.909905072573572
correctionProbability (#СОСТОИ$ -> #СОСТОИТ$) = -14.218797017047187
correctionProbability (#TAKBCI$ -> #TAKIPCI$) = -88.89582579873381
correctionProbability (#КЭМБРИДЖ$ -> #КЕМБРИДЖ$) = -21.20032852673873
correctionProbability (#ЭДВАР$ -> #ЭДВАРД$) = -15.089774056498403
correctionProbability (#ДРАИВ$ -> #ДРАЙВ$) = -9.608200105083231
correctionProbability (#ДИРЕТОРА$ -> #ДИРЕКТОРА$) = -15.397071882302377
correctionProbability (#САСОУЧИИЕЛЬ$ -> #САМОУЧИТЕЛЬ$) = -84.05307602451802
correctionProbability (#ГЕЛЕДЖИК$ -> #ГЕЛЕНДЖИК$) = -15.705209001408527
correctionProbability (#АМОКСИЦИЛИНА$ -> #АМОКСИЦИЛЛИНА$) = -31.283949682766504
correctionProbability (#ДОЧКАЙ$ -> #ДОЧКОЙ$) = -13.962594066193606
correctionProbability (#SMAL$ -> #SMALL$) = -14.085789975827328
correctionProbability (#АНИМЕН$ -> #АНИМЕ$) = -8.379432893913737
correctionProbability (#ТЕАНИ$ -> #ТКАНИ$) = -9.501781389026878
correctionProbability (#ЕАКОЕ$ -> #КАКОЕ$) = -8.534819222961804
correctionProbability (#ОТРАКЦИОНОВ$ -> #АТТРАКЦИОНОВ$) = -88.64737548612092
correctionProbability (#ЯЧНДЕКС$ -> #ЯНДЕКС$) = -4.778919270686455
correctionProbability (#АЛЮС$ -> #ПЛЮС$) = -6.84631887015442
correctionProbability (#АЕРИАЛ$ -> #СЕРИАЛ$) = -4.094020350993244
correctionProbability (#ИИСТОРИЯ$ -> #ИСТОРИЯ$) = -10.582257161662383
correctionProbability (#РАССААЗЫ$ -> #РАССКАЗЫ$) = -10.71743517475062
correctionProbability (#СОСТПВ$ -> #СОСТАВ$) = -9.374804809134137
correctionProbability (#SMAP$ -> #SAMP$) = -80.95160048904474
correctionProbability (#АНИМЕЙ$ -> #АНИМЕ$) = -8.446724833552395
correctionProbability (#КАНСЕРТ$ -> #КОНЦЕРТ$) = -74.15353064520632
correctionProbability (#МУПЛЮ$ -> #КУПЛЮ$) = -9.037007112089324
correctionProbability (#КПТАЛОГ$ -> #КАТАЛОГ$) = -6.5021566367489
correctionProbability (#НЛАОРОЖДЕННОГО$ -> #НОВОРОЖДЕННОГО$) = -84.50124564721582
correctionProbability (#БРЕС$ -> #БРЕСТ$) = -11.364795717392244
correctionProbability (#ПЕРЕВРЛЧИК$ -> #ПЕРЕВОДЧИК$) = -73.42647803853808
correctionProbability (#ТОГАЗ$ -> #ТАГАЗ$) = -16.244601383844444
correctionProbability (#АТОБУС$ -> #АВТОБУС$) = -10.665121447598914
correctionProbability (#НБУРЕНКА$ -> #БУРЕНКА$) = -16.604015166908184
correctionProbability (#ВЕКТР$ -> #ВЕКТОР$) = -12.838434360437066
correctionProbability (#ТОГАХ$ -> #ТОНАХ$) = -12.728404191984016
correctionProbability (#АДЕНОМКАРЦИНОМА$ -> #АДЕНОКАРЦИНОМА$) = -29.11978039721103
correctionProbability (#ОТРИГУЛИРОВАТЬ$ -> #ОТРЕГУЛИРОВАТЬ$) = -21.694743087093983
correctionProbability (#ВЕРХНИЮ$ -> #ВЕРХНЮЮ$) = -17.997617953923594
correctionProbability (#АЭРОТИКА$ -> #ЭРОТИКА$) = -10.449991336763688
correctionProbability (#ВИФИРОН$ -> #ВИФЕРОН$) = -16.682906444653867
correctionProbability (#ЄЛ$ -> #ЭЛ$) = -10.469995417117861
correctionProbability (#СЛЦШАТЬ$ -> #СЛУШАТЬ$) = -5.127625757711856
correctionProbability (#СИРИАЛ$ -> #СЕРИАЛ$) = -4.047932971693495
correctionProbability (#CALIPS$ -> #CALYPSO$) = -86.19935286571864
correctionProbability (#ДАПСТЕП$ -> #ДАБСТЕП$) = -20.29379872221267
correctionProbability (#ФРІСТАЙЛА$ -> #ФРИСТАЙЛА$) = -17.95921388912877
correctionProbability (#PRAGRAMMA$ -> #PROGRAMMA$) = -19.95074356601946
correctionProbability (#ЦИТАТИ$ -> #ЦИТАТЫ$) = -9.667476679207443
correctionProbability (#ПРОЬИВ$ -> #ПРОТИВ$) = -7.918685201774213
correctionProbability (#ЖЫЗНИ$ -> #ЖИЗНИ$) = -6.98020950142752
correctionProbability (#ИВАНННИКОВА$ -> #ИВАННИКОВА$) = -27.05192740381211
correctionProbability (#АЕАЛИЗ$ -> #АНАЛИЗ$) = -4.597473758288427
correctionProbability (#ЕЛЕКТРИЧЕСТВО$ -> #ЭЛЕКТРИЧЕСТВО$) = -22.0066864514817
correctionProbability (#ШААНДАР$ -> #ШАНДОР$) = -88.94443722148
correctionProbability (#ПРОГРАММЫЙ$ -> #ПРОГРАММНЫЙ$) = -24.246832116755336
correctionProbability (#ИНСТРУМЕНТИ$ -> #ИНСТРУМЕНТЫ$) = -15.744464600025438
correctionProbability (#КИНОППОСТОР$ -> #КИНОПРОСТОР$) = -21.234632175914683
correctionProbability (#CRIKET$ -> #CRICKET$) = -19.533410677885165
correctionProbability (#ЕГИПЕД$ -> #ЕГИПЕТ$) = -10.898654282195015
correctionProbability (#КАРДОШЬЯН$ -> #КАРДАШЬЯН$) = -16.00192391088138
correctionProbability (#НИЧАЙНО$ -> #НЕЧАЙНО$) = -21.557866432861687
correctionProbability (#МАРЛБОРО$ -> #МАЛЬБОРО$) = -86.24193783586932
correctionProbability (#АВБШВ$ -> #АВББШВ$) = -20.483412284145505
correctionProbability (#ОТБРОСИ$ -> #ОТБРОСЫ$) = -15.426695288937054
correctionProbability (#ПОЛОВИЦЫ$ -> #ПОСЛОВИЦЫ$) = -14.43948386509691
correctionProbability (#SCRETCH$ -> #SCRATCH$) = -16.71725249007919
correctionProbability (#АВТОМАБИЛЕЙ$ -> #АВТОМОБИЛЕЙ$) = -13.721061261288014
correctionProbability (#МОИИСЕЕВУ$ -> #МОИСЕЕВУ$) = -30.03189134089093
correctionProbability (#СМЬЯ$ -> #СЕМЬЯ$) = -8.65714595945245
correctionProbability (#УОМИКСЫ$ -> #КОМИКСЫ$) = -11.78573274902054
correctionProbability (#ЛЮРИКСОМ$ -> #ЛЮРЕКСОМ$) = -20.581665201754987
correctionProbability (#ПЧЕЛАВОД$ -> #ПЧЕЛОВОД$) = -11.005105515241041
correctionProbability (#КИНОГОНГ$ -> #КИНОКОНГ$) = -20.855638840985122
correctionProbability (#ПОВОРОТИ$ -> #ПОВОРОТЫ$) = -20.901893221253538
correctionProbability (#VIDOS$ -> #VIDEOS$) = -11.59076686038259
correctionProbability (#ОМЫВАТЕЛЕ$ -> #ОМЫВАТЕЛЯ$) = -18.828257266406304
correctionProbability (#БАССЕИНА$ -> #БАССЕЙНА$) = -15.33118393240239
correctionProbability (#БРЕН$ -> #БРЕНД$) = -13.190390833062
correctionProbability (#ЦИТОФЛАМИН$ -> #ЦИТОФЛАВИН$) = -19.710732656476978
correctionProbability (#ШВАРЦНЕГЕРОМ$ -> #ШВАРЦЕНЕГГЕРОМ$) = -92.27893389610998
correctionProbability (#ЭРОДИКА$ -> #ЭРОТИКА$) = -7.964130104758176
correctionProbability (#MOTER$ -> #MOTHER$) = -16.152363174883636
correctionProbability (#ПЛАНАРА$ -> #ПЛАНАР$) = -18.22142649093006
correctionProbability (#ПУЗЫРЧАТ$ -> #ПУЗЫРЧАТАЯ$) = -87.15923528501321
correctionProbability (#БРЕК$ -> #БРЕЙК$) = -15.457411035140371
correctionProbability (#LALITA$ -> #LOLITA$) = -16.202439096782687
correctionProbability (#АБЛАЦИЯ$ -> #АБЛЯЦИЯ$) = -21.66426399337405
correctionProbability (#ЦИТАТІ$ -> #ЦИТАТЫ$) = -9.701279410580536
correctionProbability (#ПОЧЕНИЯ$ -> #ПОЛУЧЕНИЯ$) = -80.99922630536261
correctionProbability (#ИСКУЧСТВЕННЫЕ$ -> #ИСКУССТВЕННЫЕ$) = -21.5118443797261
correctionProbability (#ТЕАМА$ -> #ТЕАМО$) = -13.918584295037167
correctionProbability (#МУССОРА$ -> #МУСОРА$) = -13.391217956227909
correctionProbability (#GOPO$ -> #GOPRO$) = -17.742516260904143
correctionProbability (#БРЧНСК$ -> #БРЯНСК$) = -10.935407694445896
correctionProbability (#ЛАМБАРД$ -> #ЛОМБАРД$) = -13.624517745661784
correctionProbability (#ЕСЛЛИ$ -> #ЕСЛИ$) = -7.488362871718699
correctionProbability (#ЛАМАЮТ$ -> #ЛОМАЮТ$) = -17.68331549100883
correctionProbability (#ЗНАЧАЕТ$ -> #ОЗНАЧАЕТ$) = -12.730313154564058
correctionProbability (#АНТИБАБССКИЙ$ -> #АНТИБАБСКИЙ$) = -23.665173680595245
correctionProbability (#ПАМИДОРЫ$ -> #ПОМИДОРЫ$) = -13.589765458174213
correctionProbability (#МЕЛОЛИЯ$ -> #МЕЛОДИЯ$) = -13.402601484960115
correctionProbability (#РУНКТКИ$ -> #РУНЕТКИ$) = -12.791613854444641
correctionProbability (#ВНУТРЕНЮЮ$ -> #ВНУТРЕННЮЮ$) = -21.79185160694228
correctionProbability (#МАСЛЕННИЦЫ$ -> #МАСЛЕНИЦЫ$) = -25.211579255511396
correctionProbability (#IHE$ -> #THE$) = -2.205548839896249
correctionProbability (#ЯНДЭКС$ -> #ЯНДЕКС$) = -2.2581038970717238
correctionProbability (#АЛЛЕЛУЯ$ -> #АЛЛИЛУЙЯ$) = -84.3082553192408
correctionProbability (#ПАРАЛЕЛЬНО$ -> #ПАРАЛЛЕЛЬНО$) = -22.988737631779962
correctionProbability (#ОТВЕЬЫ$ -> #ОТВЕТЫ$) = -8.775701754902204
correctionProbability (#МАЛОЛЕТНИЮ$ -> #МАЛОЛЕТНЮЮ$) = -24.913222626958166
correctionProbability (#БАНАНОВИЙ$ -> #БАНАНОВЫЙ$) = -20.166069395295487
correctionProbability (#КРАСАВЬЮ$ -> #КРАСВЬЮ$) = -19.153735077329998
correctionProbability (#ПРОФЕЛЯ$ -> #ПРОФИЛЯ$) = -14.247253579409595
correctionProbability (#ОКАНЧАНИЕМ$ -> #ОКОНЧАНИЕМ$) = -19.058750376412853
correctionProbability (#VIDOE$ -> #VIDEO$) = -75.82749176692394
correctionProbability (#ДЫЛЖЫ$ -> #ДЫЛДЫ$) = -7.816248039375818
correctionProbability (#РОЖДНИЯ$ -> #РОЖДЕНИЯ$) = -7.309331718196098
correctionProbability (#ТРАХІСАН$ -> #ТРАХИСАН$) = -23.17902241742359
correctionProbability (#ПЧЕЛАВОТ$ -> #ПЧЕЛОВОД$) = -75.75354287370564
correctionProbability (#ЛАМБАРТ$ -> #ЛОМБАРД$) = -78.37139809137832
correctionProbability (#KOTMOS$ -> #KOSMOS$) = -18.84349600499505
correctionProbability (#ПРИМИНЕНИИМ$ -> #ПРИМЕНЕНИЕМ$) = -86.25969562197199
correctionProbability (#ВЕЛИКИИЙ$ -> #ВЕЛИКИЙ$) = -13.183147509506696
correctionProbability (#ШЕРНОЙ$ -> #ЧЕРНОЙ$) = -13.13441921183757
correctionProbability (#НАТАЛІМАКС$ -> #НАТАЛИМАКС$) = -26.5135081740915
correctionProbability (#ЕРОЗМАН$ -> #ЭРОЗМАН$) = -24.16862970314611
correctionProbability (#УЧЕБГИК$ -> #УЧЕБНИК$) = -9.070283637220719
correctionProbability (#ДОГОВО$ -> #ДОГОВОР$) = -10.71289584337422
correctionProbability (#ICLOM$ -> #ISLOM$) = -19.092956977218297
correctionProbability (#БАТР$ -> #БАТЫР$) = -14.831371841693493
correctionProbability (#ТОТОЛ$ -> #ТОТАЛ$) = -12.968536159110815
correctionProbability (#ВЯЗАНЕ$ -> #ВЯЗАНИЕ$) = -9.560864159380564
correctionProbability (#СТЕНАП$ -> #СТЕНДАП$) = -14.87045538594949
correctionProbability (#ДМИТРЕВСКУЮ$ -> #ДМИТРИЕВСКУЮ$) = -29.32832702912254
correctionProbability (#ТАЙОТО$ -> #ТОЙОТА$) = -73.5628805808094
correctionProbability (#СЬЕМНОГО$ -> #СЪЕМНОГО$) = -23.373320311308127
correctionProbability (#КИНОТЕПТР$ -> #КИНОТЕАТР$) = -11.355057495142752
correctionProbability (#БАТК$ -> #БАНК$) = -4.2780260743813265
correctionProbability (#ИНДЫКС$ -> #ИНДЕКС$) = -9.447539146214044
correctionProbability (#КОРЕЛЛ$ -> #КОРЕЛ$) = -18.31942162267281
correctionProbability (#КАШМАР$ -> #КОШМАР$) = -14.37942810724616
correctionProbability (#ТОПХОЕЛС$ -> #ТОПХОТЕЛС$) = -17.814039834525055
correctionProbability (#КАРМЕЛА$ -> #КАРМЕЛЛА$) = -24.324180806544064
correctionProbability (#CLAVER$ -> #CLOVER$) = -18.562573311074534
correctionProbability (#ЛАНДАРИКИ$ -> #ЛАНДОРИКИ$) = -27.719808599559165
correctionProbability (#НЯДОМ$ -> #РЯДОМ$) = -9.519347330054831
correctionProbability (#ХУЛИГАНКП$ -> #ХУЛИГАНКА$) = -18.923271616028337
correctionProbability (#ТЕЛЕПРАГРАМА$ -> #ТЕЛЕПРОГРАММА$) = -81.23645914949027
correctionProbability (#DOCHKISINOPCHKI$ -> #DOCHKISINOCHKI$) = -31.52543891488604
correctionProbability (#ФЛАЙЕР$ -> #ФЛАЕР$) = -17.705912759168772
correctionProbability (#ВЫРШЫ$ -> #ВІРШІ$) = -80.20118374533226
correctionProbability (#ХL$ -> #XL$) = -12.025856526320066
correctionProbability (#АИРПОТСЫ$ -> #АИРПОДСЫ$) = -20.082464414302237
correctionProbability (#РОКОСОВСКИЙ$ -> #РОКОССОВСКИЙ$) = -26.09648433054256
correctionProbability (#КРАСИВИЄ$ -> #КРАСИВЫЕ$) = -72.13019882700067
correctionProbability (#КЕТТЛЕР$ -> #КЕТЛЕР$) = -24.452255989164655
correctionProbability (#МУЗЗЫКУ$ -> #МУЗЫКУ$) = -9.446251298134076
correctionProbability (#ТАБЛЄТКИ$ -> #ТАБЛЕТКИ$) = -9.62789149621009
correctionProbability (#VIFI$ -> #WIFI$) = -10.183700824031131
correctionProbability (#РЕСПУБЛКИ$ -> #РЕСПУБЛИКИ$) = -13.937717430356223
correctionProbability (#ВЕЧЕСЛАВ$ -> #ВЯЧЕСЛАВ$) = -13.51132418438874
correctionProbability (#ПОЛИМПЭКС$ -> #ПАЛИМПЭКС$) = -34.80731370063792
correctionProbability (#ЕНЕРГОДАРЕ$ -> #ЭНЕРГОДАРЕ$) = -23.87619477169097
correctionProbability (#ЗАНЕТА$ -> #ЗАНЯТА$) = -19.06634575761458
correctionProbability (#SHADOV$ -> #SHADOW$) = -13.160347841221476
correctionProbability (#ТАЙОТЕ$ -> #ТОЙОТЕ$) = -17.12245593121772
correctionProbability (#УНИВЕРСИТЕ$ -> #УНИВЕРСИТЕТ$) = -14.945624888553631
correctionProbability (#DURY$ -> #DUTY$) = -10.337575190911597
correctionProbability (#АКТИДИНИЯ$ -> #АКТИНИДИЯ$) = -85.34334798592279
correctionProbability (#БРЕСТКИЙ$ -> #БРЕСТСКИЙ$) = -20.73442771269844
correctionProbability (#ФРУКТОВИЙ$ -> #ФРУКТОВЫЙ$) = -18.492283180395326
correctionProbability (#ХR$ -> #XR$) = -12.72599814721924
correctionProbability (#БАТС$ -> #БАТТС$) = -20.20938504132098
correctionProbability (#ИЗМИНЕНИЕ$ -> #ИЗМЕНЕНИЕ$) = -15.616710215043774
correctionProbability (#ДНЕН$ -> #ДНЕМ$) = -4.198430530576086
correctionProbability (#АДИДАМ$ -> #АДИДАС$) = -11.72385356555576
correctionProbability (#РУМЫНИ$ -> #РУМЫНИИ$) = -17.73902434468191
correctionProbability (#КАРНТЫ$ -> #КАРТЫ$) = -8.429529353330746
correctionProbability (#КАЧАСТВА$ -> #КАЧЕСТВА$) = -12.59941543527897
correctionProbability (#АДEНОМА$ -> #АДЕНОМА$) = -16.847000834814317
correctionProbability (#МАСЛЯННЫЕ$ -> #МАСЛЯНЫЕ$) = -21.025247725849432
correctionProbability (#ПРЧИСТИТЬ$ -> #ПОЧИСТИТЬ$) = -14.073209393402301
correctionProbability (#ДРУЗЯМ$ -> #ДРУЗЬЯМ$) = -15.9522857459407
correctionProbability (#ГЕНИКОЛОГИЧЕСКОМ$ -> #ГИНЕКОЛОГИЧЕСКОМ$) = -95.36955347369154
correctionProbability (#МАСЛЯННЫМ$ -> #МАСЛЯНЫМ$) = -25.783312536041535
correctionProbability (#ЗРЕЛК$ -> #ЗРЕЛКИ$) = -15.910102955779774
correctionProbability (#ПРИНЮЖДЄНИЮ$ -> #ПРИНУЖДЕНИЮ$) = -84.75801694758988
correctionProbability (#КНЯЗА$ -> #КНЯЗЯ$) = -14.56312332454711
correctionProbability (#РЕВАЛЮЦИЯ$ -> #РЕВОЛЮЦИЯ$) = -15.944178298967834
correctionProbability (#ДРУЗЯК$ -> #ДРУЗЬЯК$) = -18.94243509745837
correctionProbability (#ЬЕЛЕФОН$ -> #ТЕЛЕФОН$) = -7.456597761059115
correctionProbability (#КАПСУЛИ$ -> #КАПСУЛЫ$) = -13.992225354098586
correctionProbability (#КАЧАСТВЕ$ -> #КАЧЕСТВЕ$) = -6.196327623154723
correctionProbability (#СИТРОЭН$ -> #СИТРОЕН$) = -13.675353609559181
correctionProbability (#РУСДРАГМЕТ$ -> #РУССДРАГМЕТ$) = -29.792905610895225
correctionProbability (#ЗНАККОМСТВ$ -> #ЗНАКОМСТВ$) = -14.123721075884383
correctionProbability (#ПАНТФАЙДЕР$ -> #ПАТФАЙНДЕР$) = -88.17771432497055
correctionProbability (#САЛИВАНА$ -> #САЛЛИВАНА$) = -26.641813888152484
correctionProbability (#ОСЕНТ$ -> #ОСЕНЬ$) = -5.384208221876563
correctionProbability (#IIN$ -> #IN$) = -7.674912679332085
correctionProbability (#ЕСЛМ$ -> #ЕСЛИ$) = -5.035017676222285
correctionProbability (#ТАЙОТЫ$ -> #ТОЙОТЫ$) = -16.492638654487035
correctionProbability (#ДНЕИ$ -> #ДНЕМ$) = -4.193914219042554
correctionProbability (#ПООВОДКИ$ -> #ПРОВОДКИ$) = -13.933061335389489
correctionProbability (#ПОЗДРАВОЕНИЯ$ -> #ПОЗДРАВЛЕНИЯ$) = -13.380122214655124
correctionProbability (#MOVILITY$ -> #MOBILITY$) = -19.36508715735374
correctionProbability (#PROGRAMAR$ -> #PROGRAMA$) = -24.178333756293675
correctionProbability (#ВОЕМЕНИ$ -> #ВРЕМЕНИ$) = -9.003255928999351
correctionProbability (#ДЕЫУШКИ$ -> #ДЕВУШКИ$) = -7.779720146671842
correctionProbability (#СКАОЛЬКО$ -> #СКОЛЬКО$) = -8.524968721389271
correctionProbability (#ВАКААНСИИ$ -> #ВАКАНСИИ$) = -10.642019880051116
correctionProbability (#ЛЕРМОНТОГО$ -> #ЛЕРМОНТОВА$) = -80.6898541814474
correctionProbability (#РЕЙЕПТ$ -> #РЕЦЕПТ$) = -6.19752939590423
correctionProbability (#КАПАДОКИЯ$ -> #КАППАДОКИЯ$) = -20.493316747565125
correctionProbability (#МАКАРНАС$ -> #МУКАРНАС$) = -24.202691062285858
correctionProbability (#РОЗИГРАШ$ -> #РОЗЫГРЫШ$) = -80.5883852779381
correctionProbability (#ЦE$ -> #ЦЕ$) = -10.297970929606542
correctionProbability (#ЛЕКГОГО$ -> #ЛЕГКОГО$) = -81.0065845341821
correctionProbability (#РАСПИЧЯТАТЬ$ -> #РАСПЕЧАТАТЬ$) = -76.54727411293305
correctionProbability (#ДЖЕФРИ$ -> #ДЖЕФФРИ$) = -20.458602203175076
correctionProbability (#РАЗБЕКОВ$ -> #ОРАЗБЕКОВ$) = -25.003279309219117
correctionProbability (#HOTSET$ -> #HOTSEAT$) = -33.71726433173089
correctionProbability (#TURLES$ -> #TURTLES$) = -21.54547980756007
correctionProbability (#EMERLALD$ -> #EMERALD$) = -21.257123296592624
correctionProbability (#ПОСЛП$ -> #ПОСЛЕ$) = -5.440093890608701
correctionProbability (#TRIPMYDRIM$ -> #TRIPMYDREAM$) = -86.65354287604634
correctionProbability (#ПАЛМА$ -> #ПАЛЬМА$) = -15.282440801678764
correctionProbability (#СЫНКА$ -> #СЫНА$) = -11.650954465976202
correctionProbability (#ГАРАШ$ -> #ГАРАЖ$) = -10.960097294480224
correctionProbability (#ЛЕОНОВНА$ -> #ЛЕОНИДОВНА$) = -85.92355938570917
correctionProbability (#НИТАРЕ$ -> #ГИТАРЕ$) = -11.823338071818664
correctionProbability (#ВЕРШЫГОРЫ$ -> #ВЕРШИГОРЫ$) = -34.830244125219224
correctionProbability (#ВЗРОСЛИМИ$ -> #ВЗРОСЛЫМИ$) = -19.46515670006316
correctionProbability (#АЄРОПОРТ$ -> #АЭРОПОРТ$) = -10.79798824250355
correctionProbability (#СКРЕПКИН$ -> #СКРИПКИН$) = -25.432511466054514
correctionProbability (#PEREWODCHIK$ -> #PEREVODCHIK$) = -17.477099976563707
correctionProbability (#DOCHKISDINOCHKI$ -> #DOCHKISINOCHKI$) = -31.524201573197544
correctionProbability (#КАЛЯСКЕ$ -> #КОЛЯСКЕ$) = -18.609076591889377
correctionProbability (#СНЧТСЯ$ -> #СНЯТСЯ$) = -12.815930656156699
correctionProbability (#НАКОПИТЕЛЬНЯ$ -> #НАКОПИТЕЛЬНАЯ$) = -23.940086282171933
correctionProbability (#БАРАЬАНЬЩИКИ$ -> #БАРАБАНЩИКИ$) = -91.48532467857227
correctionProbability (#ХАРАКТИРИСТИКА$ -> #ХАРАКТЕРИСТИКА$) = -17.08184773212686
correctionProbability (#МИНЕКРАВТ$ -> #МАЙНКРАФТ$) = -205.296920228078
correctionProbability (#МОНОСТЫРСКИЙ$ -> #МОНАСТЫРСКИЙ$) = -24.07833503541999
correctionProbability (#КОНВЕНТИРОВАТЬ$ -> #КОНВЕРТИРОВАТЬ$) = -19.94222828005917
correctionProbability (#САЕТА$ -> #СВЕТА$) = -8.28249570196936
correctionProbability (#НАСЬТЯ$ -> #НАСТЯ$) = -10.294406913971681
correctionProbability (#СЛАЙМАВ$ -> #СЛАЙМОВ$) = -16.067119129522723
correctionProbability (#КАЛЯСКА$ -> #КОЛЯСКА$) = -13.73911457525815
correctionProbability (#ХЕНЕССИ$ -> #ХЕННЕССИ$) = -21.132356725688147
correctionProbability (#МУММИЙ$ -> #МУМИЙ$) = -17.80075313242762
correctionProbability (#ПРЕПОРАТЫ$ -> #ПРЕПАРАТЫ$) = -13.91431795633516
correctionProbability (#ЭЛЬГАМ$ -> #ИЛЬГАМ$) = -22.338939754758385
correctionProbability (#РУССКАЕЗЫЧНЫХ$ -> #РУССКОЯЗЫЧНЫХ$) = -93.25221296006445
correctionProbability (#РАЮОТАЕТ$ -> #РАБОТАЕТ$) = -11.242739002508976
correctionProbability (#СТРАХОВНИЯ$ -> #СТРАХОВАНИЯ$) = -18.106698611727182
correctionProbability (#ЕКОНОМИКА$ -> #ЭКОНОМИКА$) = -15.39420146802457
correctionProbability (#РУЛЕТК$ -> #РУЛЕТКА$) = -12.364850215659615
correctionProbability (#БЕЗКОНТАКТНИЙ$ -> #БЕСКОНТАКТНЫЙ$) = -89.87850952807567
correctionProbability (#БАРЬ$ -> #БАР$) = -12.301066441685375
correctionProbability (#ПРИМИНЯТЬ$ -> #ПРИМЕНЯТЬ$) = -16.72453334489834
correctionProbability (#СЕАЧЯТЬ$ -> #СКАЧАТЬ$) = -67.31244827636864
correctionProbability (#ВВИНТАЖ$ -> #ВИНТАЖ$) = -17.0418380556924
correctionProbability (#КГДА$ -> #КОГДА$) = -6.370503568524075
correctionProbability (#МОСКВАА$ -> #МОСКВА$) = -6.605149546636266
correctionProbability (#ПИОВЕРИТ$ -> #ПРОВЕРИТЬ$) = -75.87831129384905
correctionProbability (#ПАМЕНЯТЬ$ -> #ПОМЕНЯТЬ$) = -11.73101086722611
correctionProbability (#СТШИМОСТЬ$ -> #СТОИМОСТЬ$) = -9.426951285202243
correctionProbability (#КУЛЬОРГОНИЗАТОР$ -> #КУЛЬТОРГАНИЗАТОР$) = -100.58535582318474
correctionProbability (#АЛИЭКСПРЕСЕ$ -> #АЛИЭКСПРЕССЕ$) = -26.74573043596721
correctionProbability (#СУМАТИВНОЕ$ -> #СУММАТИВНОЕ$) = -23.463489498480513
correctionProbability (#СТОРОИТЕЛЬСТВА$ -> #СТРОИТЕЛЬСТВА$) = -20.819472907085256
correctionProbability (#АНДУЛИНА$ -> #ОНДУЛИНА$) = -21.579666130894985
correctionProbability (#РЕВАС$ -> #РИВАС$) = -21.453205391775516
correctionProbability (#РАЧИТАТЬ$ -> #РАССЧИТАТЬ$) = -79.45895089030594
correctionProbability (#НЕЛЕГАДОВ$ -> #НЕЛЕГАЛОВ$) = -26.42584650938749
correctionProbability (#ЕСЛІ$ -> #ЕСЛИ$) = -5.01799172663236
correctionProbability (#САБАКОЙ$ -> #СОБАКОЙ$) = -14.206460981653876
correctionProbability (#БЛИЗНЦЫ$ -> #БЛИЗНЕЦЫ$) = -14.873097469110512
correctionProbability (#ГАРАН$ -> #ГАРАНТ$) = -14.748758606535109
correctionProbability (#XVODEO$ -> #XVIDEO$) = -12.14341939275992
correctionProbability (#ГЕМОНГИОМА$ -> #ГЕМАНГИОМА$) = -20.261419103673653
correctionProbability (#РАШИРИТЕЛНОМ$ -> #РАСШИРИТЕЛЬНОМ$) = -92.62734420545438
correctionProbability (#ЯПОНЦИ$ -> #ЯПОНЦЫ$) = -17.416376002583835
correctionProbability (#ЭТИМИОЛОГИЯ$ -> #ЭТИМОЛОГИЯ$) = -23.04278820160595
correctionProbability (#ПОЩИТАТЬ$ -> #ПОСЧИТАТЬ$) = -81.05614565119508
correctionProbability (#ОПЕНБУРГЕ$ -> #ОРЕНБУРГЕ$) = -14.442930144343073
correctionProbability (#БЕЛАРСИ$ -> #БЕЛАРУСИ$) = -12.024906352449584
correctionProbability (#КОСШИ$ -> #КОСШЫ$) = -20.26598799288978
correctionProbability (#PEOPL$ -> #PEOPLE$) = -10.767097239585784
correctionProbability (#ВОСМЕРКА$ -> #ВОСЬМЕРКА$) = -18.087259498700583
correctionProbability (#АСОЦИАЦИЯ$ -> #АССОЦИАЦИЯ$) = -17.924553858841243
correctionProbability (#ВИДНОВС$ -> #ВИНДОВС$) = -77.57327558861869
correctionProbability (#КАЧЕСТВЕНЫЙ$ -> #КАЧЕСТВЕННЫЙ$) = -20.379592092842366
correctionProbability (#РОЖДКНИЯ$ -> #РОЖДЕНИЯ$) = -6.741955738827258
correctionProbability (#ARHICAD$ -> #ARCHICAD$) = -22.364010202768085
correctionProbability (#ЕСОИ$ -> #ЕСЛИ$) = -5.016107071462233
correctionProbability (#ЛОБОЧЕВСКОГО$ -> #ЛОБАЧЕВСКОГО$) = -23.366785697310384
correctionProbability (#САНЧЕЛЕЕВА$ -> #САНЧЕЛЕЕВО$) = -27.168876064793928
correctionProbability (#УЧТЕЛЬ$ -> #УЧИТЕЛЬ$) = -12.402765426944583
correctionProbability (#QAXRAMON$ -> #QAHRAMON$) = -27.541106390663664
correctionProbability (#ВЕНТИМИНЬЯ$ -> #ВЕНТИМИЛЬЯ$) = -27.982023754871385
correctionProbability (#МУЛЬТИКИИ$ -> #МУЛЬТИКИ$) = -9.287685538004048
correctionProbability (#КРИЦА$ -> #КУРИЦА$) = -12.617920786989462
correctionProbability (#МУСОМ$ -> #МУССОМ$) = -23.517847023936284
correctionProbability (#КАЧЕСТВЕНЫЕ$ -> #КАЧЕСТВЕННЫЕ$) = -20.74268686964446
correctionProbability (#TOCHIBA$ -> #TOSHIBA$) = -14.957882528752869
correctionProbability (#ЗНАКОИЮМСТВ$ -> #ЗНАКОМСТВ$) = -81.42737668669857
correctionProbability (#МУСОН$ -> #МУССОН$) = -19.964918141970127
correctionProbability (#СЕХЗОН$ -> #СЕЗОН$) = -4.733651856088141
correctionProbability (#ВІДЕОКАРТИ$ -> #ВИДЕОКАРТЫ$) = -82.12071531775015
correctionProbability (#ПРЕПОРАТЕ$ -> #ПРЕПАРАТЕ$) = -21.254213739875972
correctionProbability (#МУЛЬТИКИК$ -> #МУЛЬТИКИ$) = -9.313523734060901
correctionProbability (#АНГЛИЦСКОГО$ -> #АНГЛИЙСКОГО$) = -13.409548868121007
correctionProbability (#СТОТРЕТЬ$ -> #СМОТРЕТЬ$) = -2.3752638986992114
correctionProbability (#ВАЛЕРИС$ -> #ВАЛБЕРИС$) = -13.035452799396914
correctionProbability (#ANDROIF$ -> #ANDROID$) = -11.318253805531967
correctionProbability (#ПАЛЕРМУ$ -> #ПАЛЕРМО$) = -17.65399181745198
correctionProbability (#NOVOTURS$ -> #NOVATOURS$) = -89.89240884877792
correctionProbability (#ЕСНЯ$ -> #ПЕСНЯ$) = -4.310334929865601
correctionProbability (#ПРОПИСАТСЯ$ -> #ПРОПИСАТЬСЯ$) = -23.857060882287143
correctionProbability (#АНТИРОДАР$ -> #АНТИРАДАР$) = -20.59511608762947
correctionProbability (#ПОСКА$ -> #ПОИСКА$) = -14.55503940432165
correctionProbability (#ВІДЕОКАРТА$ -> #ВИДЕОКАРТА$) = -16.992786918027356
correctionProbability (#ПРЕЗЕНТАТЦИИ$ -> #ПРЕЗЕНТАЦИИ$) = -16.43192481734772
correctionProbability (#МАРИКОНЕ$ -> #МОРРИКОНЕ$) = -86.14352265482957
correctionProbability (#ДНИВ$ -> #ДНІВ$) = -15.021885011025066
correctionProbability (#ЭЛМАН$ -> #ЭЛЬМАН$) = -20.785809430842686
correctionProbability (#PUMKIN$ -> #PUMPKIN$) = -20.242339426427648
correctionProbability (#СЫНКУ$ -> #СЫНУ$) = -14.131026664832664
correctionProbability (#ЧТСЕЛ$ -> #ЧИСЕЛ$) = -10.550741970969181
correctionProbability (#EXTREM$ -> #EXTREME$) = -15.8701695780602
correctionProbability (#СВЯСЬ$ -> #СВЯЗЬ$) = -10.02231279952331
correctionProbability (#КРАСНИЕ$ -> #КРАСНЫЕ$) = -12.26407038257274
correctionProbability (#РЕТИМНОН$ -> #РЕТИМНО$) = -22.78797064281538
correctionProbability (#ВАНЧАЙН$ -> #ВАНЧЕЙН$) = -23.34948402309913
correctionProbability (#ANDROIT$ -> #ANDROID$) = -11.317492591177128
correctionProbability (#ТАННЦЫ$ -> #ТАНЦЫ$) = -9.860846031450873
correctionProbability (#ЄРОТ$ -> #ЭРОТ$) = -14.477779579164075
correctionProbability (#ПРОНОМЕРОВАТЬ$ -> #ПРОНУМЕРОВАТЬ$) = -24.76862386225774
correctionProbability (#ИНОВАЦИОННЫЕ$ -> #ИННОВАЦИОННЫЕ$) = -23.885661821382392
correctionProbability (#AZGAJIN$ -> #AZGAYIN$) = -21.826395756350237
correctionProbability (#КРАСНИЙ$ -> #КРАСНЫЙ$) = -10.159816035243054
correctionProbability (#ВОСТАНОВИТЕ$ -> #ВОССТАНОВИТЕ$) = -27.270427666674316
correctionProbability (#ДАЕ$ -> #ДВЕ$) = -7.599240539841592
correctionProbability (#ПЕРЕВЕДЧИК$ -> #ПЕРЕВОДЧИК$) = -8.683462339270456
correctionProbability (#БЕСТЫЖЫЕ$ -> #БЕССТЫЖИЕ$) = -81.57107751275038
correctionProbability (#БАЛОБАНОВО$ -> #БАЛАБАНОВО$) = -21.18630288553839
correctionProbability (#РУМУНИИ$ -> #РУМЫНИИ$) = -17.14559609343074
correctionProbability (#BURATINI$ -> #BURATINO$) = -25.801853530212668
correctionProbability (#РАБОТАЬ$ -> #РАБОТАТЬ$) = -13.721628958520036
correctionProbability (#УВЕЛИЧИНЫ$ -> #УВЕЛИЧЕНЫ$) = -21.711949057912605
correctionProbability (#СВАРШИК$ -> #СВАРЩИК$) = -15.569487681159963
correctionProbability (#МАЛИНОВИЙ$ -> #МАЛИНОВЫЙ$) = -17.576800642241906
correctionProbability (#КОСЫН$ -> #КОСЫНКА$) = -75.75635233051099
correctionProbability (#ОБИТЬ$ -> #ОБШИТЬ$) = -15.406051359022324
correctionProbability (#СПАЛЬНИЙ$ -> #СПАЛЬНЫЙ$) = -16.95858252709793
correctionProbability (#МИКЕЛЯНЖЕЛО$ -> #МИКЕЛАНДЖЕЛО$) = -86.72826177879912
correctionProbability (#БАФИ$ -> #БАФФИ$) = -18.388148418028567
correctionProbability (#ПРМЕНЕНИЮ$ -> #ПРИМЕНЕНИЮ$) = -10.846705781660432
correctionProbability (#БОИГЕ$ -> #БОИНГЕ$) = -21.75879561608865
correctionProbability (#AДЄLBOXING$ -> #ALLBOXING$) = -86.44099645616818
correctionProbability (#ATILA$ -> #ATTILA$) = -21.24025909008996
correctionProbability (#GRYDI$ -> #GRUDI$) = -19.352764024777773
correctionProbability (#ДАА$ -> #ДВА$) = -6.852358033837103
correctionProbability (#EIZKZ$ -> #EISZ$) = -83.00638110356327
correctionProbability (#ТЕЛЕВИДУЩИЙ$ -> #ТЕЛЕВЕДУЩИЙ$) = -23.033027506189207
correctionProbability (#ВИКИПЕДИА$ -> #ВИКИПЕДИЯ$) = -9.40855229715853
correctionProbability (#СЦЕНАРИЦ$ -> #СЦЕНАРИЙ$) = -12.050353763676284
correctionProbability (#TROL$ -> #TROLL$) = -19.70464894614152
correctionProbability (#ЛЕЙПЦИК$ -> #ЛЕЙПЦИГ$) = -16.280365054049057
correctionProbability (#СКОЛКАМ$ -> #ОСКОЛКАМ$) = -27.42988605613923
correctionProbability (#ЕСНИ$ -> #ПЕСНИ$) = -3.8692594183680704
correctionProbability (#АНДОРЫ$ -> #АНДОРРЫ$) = -23.224499742247943
correctionProbability (#МАСЛЯННЫХ$ -> #МАСЛЯНЫХ$) = -23.417535905045504
correctionProbability (#МУЗЫКАЛНЫЙ$ -> #МУЗЫКАЛЬНЫЙ$) = -16.702440349441645
correctionProbability (#ДОГВООР$ -> #ДОГОВОР$) = -77.96564458806611
correctionProbability (#СЛУЧАХ$ -> #СЛУЧАЯХ$) = -15.662360135629214
correctionProbability (#ИМНА$ -> #ИМЕНА$) = -10.705685028772077
correctionProbability (#КОРЕИИ$ -> #КОРЕИ$) = -16.512309375871315
correctionProbability (#ОБЪЕК$ -> #ОБЪЕКТ$) = -14.369750063035273
correctionProbability (#SPRACHIGER$ -> #SPRACHIGE$) = -37.59293028267559
correctionProbability (#ГОРОРДА$ -> #ГОРОДА$) = -10.036389885307006
correctionProbability (#ОФФИСЕ$ -> #ОФИСЕ$) = -15.083193604318108
correctionProbability (#ХАБАРОВК$ -> #ХАБАРОВСК$) = -12.12771337319522
correctionProbability (#МЕЖДУНАРОДНЫ$ -> #МЕЖДУНАРОДНЫЙ$) = -19.389075692972973
correctionProbability (#АЛЛЮМИНИЕВУЮ$ -> #АЛЮМИНИЕВУЮ$) = -24.82644798572926
correctionProbability (#БУДЕТЬ$ -> #БУДЕТ$) = -10.208026434649948
correctionProbability (#ХАЛОДИЛЬНИКОВ$ -> #ХОЛОДИЛЬНИКОВ$) = -19.08277365470319
correctionProbability (#СЕЙБЕ$ -> #СЕБЕ$) = -11.680772559539097
correctionProbability (#PPRNOHAB$ -> #PORNOHUB$) = -80.19193766557541
correctionProbability (#РЕСТОРПН$ -> #РЕСТОРАН$) = -10.996587132435849
correctionProbability (#ВАСТОЧНЫЕ$ -> #ВОСТОЧНЫЕ$) = -16.543248904193113
correctionProbability (#КРАСИВИХ$ -> #КРАСИВЫХ$) = -13.069633931036293
correctionProbability (#ЭЛЕКТРОНН$ -> #ЭЛЕКТРОННЫЙ$) = -78.01533916292927
correctionProbability (#ПНИВМАНИЯ$ -> #ПНЕВМОНИЯ$) = -82.07419246628399
correctionProbability (#КОНСТАТИН$ -> #КОНСТАНТИН$) = -15.128756790285102
correctionProbability (#СКРЕПЫШЬ$ -> #СКРЕПЫШ$) = -19.612614896955407
correctionProbability (#МАКДОНОЛЬС$ -> #МАКДОНАЛЬДС$) = -83.3082395954278
correctionProbability (#ПЕЛОГЕЯ$ -> #ПЕЛАГЕЯ$) = -15.389345489054506
correctionProbability (#ВАСТОЧНЫЙ$ -> #ВОСТОЧНЫЙ$) = -14.292745125155925
correctionProbability (#СЕПИДРОУД$ -> #СЕПИДРУД$) = -36.388480586172044
correctionProbability (#ОСЛОЖЕНИЯ$ -> #ОСЛОЖНЕНИЯ$) = -20.12565059294328
correctionProbability (#СГУЩЕНОЕ$ -> #СГУЩЕННОЕ$) = -22.9866178505764
correctionProbability (#ПОЖЫЛЫМИ$ -> #ПОЖИЛЫМИ$) = -18.061892395876797
correctionProbability (#МУЗЫКАЛНЫЕ$ -> #МУЗЫКАЛЬНЫЕ$) = -16.23679026182633
correctionProbability (#ФАЛЬГИЕР$ -> #ФОЛЬГИ$) = -151.3482732123515
correctionProbability (#НОВОРОСИЯ$ -> #НОВОРОССИЯ$) = -20.233918211746158
correctionProbability (#МОБИЛЬЫЕ$ -> #МОБИЛЬНЫЕ$) = -16.647553026048477
correctionProbability (#HOFMAN$ -> #HOFMANN$) = -24.219566530011356
correctionProbability (#РОЛИПЛЕЙ$ -> #РОЛЕПЛЕЙ$) = -22.60840982890332
correctionProbability (#WETHER$ -> #WEATHER$) = -17.178188484145863
correctionProbability (#СОЮХ$ -> #СОЮЗ$) = -9.941330151735908
correctionProbability (#ПЛАСТИДИ$ -> #ПЛАСТИДЫ$) = -21.65580481244951
correctionProbability (#ХОСТЕНСКИЙ$ -> #ХОСТИНСКИЙ$) = -24.753185702304634
correctionProbability (#КИКИЕ$ -> #КАКИЕ$) = -5.857569570841914
correctionProbability (#ГАНИБАЛА$ -> #ГАННИБАЛА$) = -20.69102412968742
correctionProbability (#ЦИГАНОЧКА$ -> #ЦЫГАНОЧКА$) = -18.61343243992865
correctionProbability (#КАЛЬЦИИ$ -> #КАЛЬЦИЙ$) = -13.422743147979375
correctionProbability (#КОСАТКИ$ -> #КАСАТКИ$) = -20.498391169806254
correctionProbability (#КОМИСИЯ$ -> #КОМИССИЯ$) = -15.93620102448201
correctionProbability (#ВИКИПЕДИЧ$ -> #ВИКИПЕДИЯ$) = -9.407074153581604
correctionProbability (#РЕКОМЕНДАЦИИИ$ -> #РЕКОМЕНДАЦИИ$) = -20.576964694212286
correctionProbability (#ЕСЕНИЕ$ -> #ЕСЕНИН$) = -13.504689064234714
correctionProbability (#ПАЛЬЦЯМИ$ -> #ПАЛЬЦАМИ$) = -17.174370006202125
correctionProbability (#ФОТОФИШKA$ -> #ФОТОФИШКА$) = -99.61776043568518
correctionProbability (#ЗАГАДОВЩИК$ -> #ЗАГОТОВЩИК$) = -91.61636468147844
correctionProbability (#СОТРУДНИКЛВ$ -> #СОТРУДНИКОВ$) = -15.773560729413418
correctionProbability (#МАРШАНКИ$ -> #МАШИНКИ$) = -75.01793391580507
correctionProbability (#БИПАНТЕН$ -> #БЕПАНТЕН$) = -19.01467144615868
correctionProbability (#ТУОЛЕТЕ$ -> #ТУАЛЕТЕ$) = -13.307189513564978
correctionProbability (#БЕЛЬСЬКО$ -> #БЕЛЬСКО$) = -27.807149029273717
correctionProbability (#ВОЛГОГАД$ -> #ВОЛГОГРАД$) = -12.095785090663178
correctionProbability (#ЛЕОНАОДА$ -> #ЛЕОНАРДО$) = -77.0492685526679
correctionProbability (#ХОЕБ$ -> #ХЛЕБ$) = -9.88330793535268
correctionProbability (#АЛЛЮМИНИЕГО$ -> #АЛЮМИНИЕВОГО$) = -155.2399379431523
correctionProbability (#СОВЕТКИЕ$ -> #СОВЕТСКИЕ$) = -12.397537445863492
correctionProbability (#СЕМЕИНЫИ$ -> #СЕМЕЙНЫЙ$) = -77.82530406955735
correctionProbability (#ТАТЬЯГА$ -> #ТАТЬЯНА$) = -9.847311403817848
correctionProbability (#ПЕРЧЕНЬ$ -> #ПЕРЕЧЕНЬ$) = -14.418058003657684
correctionProbability (#МУЛЬТИКИТ$ -> #МУЛЬТИКИ$) = -9.305377351158434
correctionProbability (#ГАНИБАЛЛ$ -> #ГАННИБАЛ$) = -83.58904228379784
correctionProbability (#ХАРКОВСКАЯ$ -> #ХАРЬКОВСКАЯ$) = -21.81008373524152
correctionProbability (#ХОЧЕТЬ$ -> #ХОЧЕТ$) = -12.940894934652722
correctionProbability (#ОУСШИЕ$ -> #ЛУЧШИЕ$) = -71.63248011110379
correctionProbability (#СЕНОРИТА$ -> #СЕНЬОРИТА$) = -17.608094591873623
correctionProbability (#РССИЯ$ -> #РОССИЯ$) = -6.772198926719977
correctionProbability (#ФИШЬМ$ -> #ФИЛЬМ$) = -1.1799474672819024
correctionProbability (#КЛОНОЗЕПАМ$ -> #КЛОНАЗЕПАМ$) = -23.59787637576097
correctionProbability (#ПРИВА$ -> #ПРИВАТ$) = -11.529321580639877
correctionProbability (#ЧКАЛОВСЕИЙ$ -> #ЧКАЛОВСКИЙ$) = -22.030048606144028
correctionProbability (#ПОЛЬЗОВАНИИИ$ -> #ПОЛЬЗОВАНИИ$) = -26.89382460422223
correctionProbability (#ТАРИФИ$ -> #ТАРИФЫ$) = -9.903366061835936
correctionProbability (#МІЛАДА$ -> #МИЛАДА$) = -17.724454849138777
correctionProbability (#КЛМПАНИЯ$ -> #КОМПАНИЯ$) = -10.271671997254941
correctionProbability (#ЗАИОК$ -> #ЗАМОК$) = -8.916501029892625
correctionProbability (#БУДАПЕШСКАЯ$ -> #БУДАПЕШТСКАЯ$) = -26.84220802431667
correctionProbability (#УСТАНОАИТЬ$ -> #УСТАНОВИТЬ$) = -12.06856079477626
correctionProbability (#ПОМАГАТЕЛЬ$ -> #ПОМОГАТЕЛЬ$) = -22.924307545456337
correctionProbability (#БОЛАДА$ -> #БАЛЛАДА$) = -80.08679296268097
correctionProbability (#ДОЧЬКУ$ -> #ДОЧКУ$) = -16.06944544607659
correctionProbability (#БИЛЬДЕРБЕГСКИЙ$ -> #БИЛЬДЕРБЕРГСКИЙ$) = -34.122159749262465
correctionProbability (#ПРИБЫ$ -> #ПРИБЫЛЬ$) = -78.67144630390098
correctionProbability (#ПИХОЛОГИИ$ -> #ПСИХОЛОГИИ$) = -16.619325460619926
correctionProbability (#ПОСОЛКА$ -> #ЗАСОЛКА$) = -79.09445882952531
correctionProbability (#РКУС$ -> #ФОКУС$) = -75.8542527104959
correctionProbability (#АЛБЕРТ$ -> #АЛЬБЕРТ$) = -15.694705980111564
correctionProbability (#БЕЛАРУСКАМУ$ -> #БЕЛОРУССКОМУ$) = -151.01468000377324
correctionProbability (#ПОСЛЛЕ$ -> #ПОСЛЕ$) = -7.888695094749014
correctionProbability (#КАЛЦО$ -> #КОЛЬЦО$) = -75.46591071777662
correctionProbability (#ЮРУБ$ -> #ЮТУБ$) = -0.2079466701915038
correctionProbability (#СТРОГОНОВСКИ$ -> #СТРОГАНОВСКИ$) = -26.523576038311234
correctionProbability (#ХРОАЛЬД$ -> #РОАЛЬД$) = -23.518128223905407
correctionProbability (#НАЛОГОВУ$ -> #НАЛОГОВУЮ$) = -16.903219065163988
correctionProbability (#КРАСНВЕ$ -> #КРАСНЫЕ$) = -12.298592136221018
correctionProbability (#НОВОРОСИЙСК$ -> #НОВОРОССИЙСК$) = -17.58796306759789
correctionProbability (#ПОПАДЕНИЕ$ -> #ПОПАДАНИЕ$) = -21.718175671344163
correctionProbability (#УЧАСТКОГО$ -> #УЧАСТКОВОГО$) = -88.52920201627407
correctionProbability (#ВИСОЦКОЙ$ -> #ВЫСОЦКОЙ$) = -16.62747673611117
correctionProbability (#HTTR$ -> #HTTP$) = -10.765999042270526
correctionProbability (#HTTS$ -> #HTTPS$) = -11.682024638622327
correctionProbability (#ВОЛОСКБЫЕ$ -> #ВОЛОСАТЫЕ$) = -79.81981271170945
correctionProbability (#БТВА$ -> #БИТВА$) = -7.692634445113857
correctionProbability (#PROZZORO$ -> #PROZORRO$) = -94.44800860119686
correctionProbability (#ХУРЬМА$ -> #ХУРМА$) = -16.736064208951287
correctionProbability (#РАСЧИТА$ -> #РАСЧЕТА$) = -12.79032498801265
correctionProbability (#РУСККОЕ$ -> #РУССКОЕ$) = -7.411617726991359
correctionProbability (#ЧТСЛА$ -> #ЧИСЛА$) = -8.722704546938306
correctionProbability (#ГАЛОПЕР$ -> #ГАЛЛОПЕР$) = -21.88723780789806
correctionProbability (#КРАСНВЙ$ -> #КРАСНЫЙ$) = -10.197081098788303
correctionProbability (#ТЕТРАЛИ$ -> #ТЕТРАДИ$) = -13.37016868251024
correctionProbability (#ТЕЛЕГР$ -> #ТЕЛЕГРАММ$) = -145.70127633200266
correctionProbability (#ЕЛИЗАВЕТЕНСКОЕ$ -> #ЕЛИЗАВЕТИНСКОЕ$) = -31.42394498837617
correctionProbability (#ОБЬЕКТОМ$ -> #ОБЪЕКТОМ$) = -19.754982937048943
correctionProbability (#МЕЛОДРМА$ -> #МЕЛОДРАМА$) = -11.575882668414955
correctionProbability (#ТОНЕЛЯ$ -> #ТОННЕЛЯ$) = -21.589352197079712
correctionProbability (#СЖЕЛАТЬ$ -> #СДЕЛАТЬ$) = -6.170800083559776
correctionProbability (#КОРПОРЕЙШЕН$ -> #КОРПОРЕЙШН$) = -28.568207224823915
correctionProbability (#RIHANA$ -> #RIHANNA$) = -17.483441188180592
correctionProbability (#ИНСЕС$ -> #ИНЦЕСТ$) = -74.30934860877592
correctionProbability (#ОБРОБОТКЕ$ -> #ОБРАБОТКЕ$) = -16.831817351698298
correctionProbability (#МЕТАЛИЧЕСКИЙ$ -> #МЕТАЛЛИЧЕСКИЙ$) = -19.29842877723786
correctionProbability (#ВАЛЮТИ$ -> #ВАЛЮТЫ$) = -10.610531983991454
correctionProbability (#НОГОТА$ -> #НАГОТА$) = -18.1722318995942
correctionProbability (#ЕЛИТНОЕ$ -> #ЭЛИТНОЕ$) = -18.287526613771746
correctionProbability (#ХОБС$ -> #ХОББС$) = -10.315810516874794
correctionProbability (#КРАСИВВХ$ -> #КРАСИВЫХ$) = -13.099914984264238
correctionProbability (#ПРСТИТУКИ$ -> #ПРОСТИТУТКИ$) = -80.23566495439347
correctionProbability (#СВИТСЬКЕ$ -> #СВІТСЬКЕ$) = -24.537375620581855
correctionProbability (#МТОРРЕНТ$ -> #ТОРРЕНТ$) = -10.044281555817335
correctionProbability (#IMQ$ -> #IMG$) = -15.198165908715811
correctionProbability (#КОТІК$ -> #КОТИК$) = -11.191671797420742
correctionProbability (#ПЛАНШЕТИ$ -> #ПЛАНШЕТЫ$) = -16.57883787879104
correctionProbability (#МЕТАЛИЧЕСКИЕ$ -> #МЕТАЛЛИЧЕСКИЕ$) = -17.915868906025274
correctionProbability (#BUTON$ -> #BUTTON$) = -17.091639200989224
correctionProbability (#ИУЖЧИНА$ -> #МУЖЧИНА$) = -10.39142940728567
correctionProbability (#КЛЕВР$ -> #КЛЕВЕР$) = -13.12039408999296
correctionProbability (#ДОЛОР$ -> #ДОЛЛАР$) = -76.97344811979956
correctionProbability (#МЕГАОН$ -> #МЕГАФОН$) = -9.73745558279824
correctionProbability (#ЛАДЫЖЕНСКА$ -> #ЛАДЫЖЕНСКАЯ$) = -15.89416434753852
correctionProbability (#МИШАЙ$ -> #МЕШАЙ$) = -13.162034507251523
correctionProbability (#АМКАДОР$ -> #АМКОДОР$) = -17.25746683304461
correctionProbability (#ВИЩЕЙ$ -> #ВЕЩЕЙ$) = -11.585711368700128
correctionProbability (#МАШОНКИ$ -> #МОШОНКИ$) = -19.570163357649612
correctionProbability (#УДАЛЕНАЯ$ -> #УДАЛЕННАЯ$) = -18.06208431909056
correctionProbability (#ТАРИФВ$ -> #ТАРИФЫ$) = -9.930755289482857
correctionProbability (#ОБРОБОТКА$ -> #ОБРАБОТКА$) = -14.323161274055742
correctionProbability (#КИНГУРЯТНИК$ -> #КЕНГУРЯТНИК$) = -24.11791974526559
correctionProbability (#ЖЫДКИХ$ -> #ЖИДКИХ$) = -17.48677530077239
correctionProbability (#ЗАСЕКДА$ -> #ЗАСТУКАЛА$) = -215.90897645277875
correctionProbability (#CVJNHRTNM$ -> #CVJNHTNM$) = -19.57224073980305
correctionProbability (#WORDL$ -> #WORLD$) = -76.36418446009748
correctionProbability (#ОСТАНОВИТСЯ$ -> #ОСТАНОВИТЬСЯ$) = -23.537016489076713
correctionProbability (#АЙПОД$ -> #АЙПАД$) = -14.475000067672045
correctionProbability (#АЛЕКСАНЖР$ -> #АЛЕКСАНДР$) = -10.18933631762092
correctionProbability (#ОБЩЕСВОЗНАНИЮ$ -> #ОБЩЕСТВОЗНАНИЮ$) = -20.854688978429138
correctionProbability (#МАИБА$ -> #МАМБА$) = -8.980515798665547
correctionProbability (#КИЕВСЬКА$ -> #КИЇВСЬКА$) = -19.99893398838234
correctionProbability (#КРАИКОЕ$ -> #КРАТКОЕ$) = -11.47112014499843
correctionProbability (#МЕЛОДРМЫ$ -> #МЕЛОДРАМЫ$) = -11.093638385309866
correctionProbability (#ФЛЮЭНС$ -> #ФЛЮЕНС$) = -17.27643906810064
correctionProbability (#ЗАГАРАТЬ$ -> #ЗАГОРАТЬ$) = -19.973533108946903
correctionProbability (#РЕСТОРНА$ -> #РЕСТОРАН$) = -78.8185029809011
correctionProbability (#НОВОЧИБИРСК$ -> #НОВОСИБИРСК$) = -12.40708846726659
correctionProbability (#ВАЛИСНЕРИЯ$ -> #ВАЛЛИСНЕРИЯ$) = -28.9483504873363
correctionProbability (#ГЕРМОФРОДИТЫ$ -> #ГЕРМАФРОДИТЫ$) = -22.898006255627458
correctionProbability (#ПИНГВИНИ$ -> #ПИНГВИНЫ$) = -16.660159735084513
correctionProbability (#KULICHNIKAX$ -> #KULICHKAH$) = -156.77142234635278
correctionProbability (#МЕТАЛИЧЕСКИХ$ -> #МЕТАЛЛИЧЕСКИХ$) = -20.75408936784691
correctionProbability (#БАЛАШЕЙКИ$ -> #БАЛАШИХИ$) = -151.91050235683397
correctionProbability (#ХРОНЯТСЯ$ -> #ХРАНЯТСЯ$) = -18.499529637638652
correctionProbability (#ЛАЗОРЕВСКОЕ$ -> #ЛАЗАРЕВСКОЕ$) = -18.460098289632683
correctionProbability (#ШЫМКЕН$ -> #ШЫМКЕНТ$) = -13.694188739397873
correctionProbability (#КРАСИВВЕ$ -> #КРАСИВЫЕ$) = -7.374146015427222
correctionProbability (#ОТПУГИВАЛИ$ -> #ОТПУГИВАТЕЛИ$) = -92.6118405640467
correctionProbability (#ФОСФОТАЗА$ -> #ФОСФАТАЗА$) = -22.04236518352665
correctionProbability (#ВОПЕР$ -> #ВОППЕР$) = -25.043595932057272
correctionProbability (#ПЛЕЄР$ -> #ПЛЕЕР$) = -10.94829396646968
correctionProbability (#ПСИХОЛГИЯ$ -> #ПСИХОЛОГИЯ$) = -15.873633600902629
correctionProbability (#ОБЕЗАТЕЛЬНО$ -> #ОБЯЗАТЕЛЬНО$) = -18.63650056406241
correctionProbability (#АНТАЛТЕ$ -> #АНТАЛЬЕ$) = -19.947689706299613
correctionProbability (#АРЕНДАУ$ -> #АРЕНДУ$) = -13.384976027555748
correctionProbability (#КРАСИВВЙ$ -> #КРАСИВЫЙ$) = -10.963306030261371
correctionProbability (#КОАБЫ$ -> #КААБЫ$) = -21.90651273359285
correctionProbability (#АЛЬГИНАНТНАЯ$ -> #АЛЬГИНАТНАЯ$) = -25.77190719676709
correctionProbability (#СЛОВАО$ -> #СЛОВО$) = -10.165033559119802
correctionProbability (#ЛЮБІМИЙ$ -> #ЛЮБИМЫЙ$) = -76.89842170159172
correctionProbability (#УЮТУБЕ$ -> #ЮТУБЕ$) = -8.972306902774864
correctionProbability (#ПРИАТ$ -> #ПРИВАТ$) = -11.561180647650307
correctionProbability (#ХОРВАТІЇ$ -> #ХОРВАТИИ$) = -82.7641171680409
correctionProbability (#ПАТЦАНКИ$ -> #ПАЦАНКИ$) = -13.439145310353943
correctionProbability (#РЕЖЕСЕР$ -> #РЕЖИССЕР$) = -81.14236192603029
correctionProbability (#ГАРЕК$ -> #ГАРИК$) = -12.761996133031563
correctionProbability (#МАШОНКУ$ -> #МОШОНКУ$) = -22.283678368692087
correctionProbability (#ЭМОЙ$ -> #ЭММОЙ$) = -20.20550906822059
correctionProbability (#IOO$ -> #IO$) = -13.136396693896085
correctionProbability (#ГИБАДУЛИНА$ -> #ГИБАДУЛЛИНА$) = -30.10150644844525
correctionProbability (#ЮТЮТБ$ -> #ЮТУБ$) = -67.44729034190384
correctionProbability (#ЙОКТЕРЬЕРА$ -> #ФОКСТЕРЬЕРА$) = -93.20392741840418
correctionProbability (#ОУШН$ -> #ОУШЕН$) = -17.361941279358778
correctionProbability (#ФАЙЗУЛИНА$ -> #ФАЙЗУЛЛИНА$) = -25.739351723049886
correctionProbability (#ПАЛОРОИД$ -> #ПОЛАРОИД$) = -83.64133432558069
correctionProbability (#ФИЗИЕ$ -> #ФИЗИКЕ$) = -11.267414654208569
correctionProbability (#DOÜLAND$ -> #DOWNLOAD$) = -209.02268172465773
correctionProbability (#КАНИКАЛОН$ -> #КАНЕКАЛОН$) = -23.003997502024305
correctionProbability (#РЕЗОРД$ -> #РЕЗОРТ$) = -12.200495910819601
correctionProbability (#МОНСТЫРЯ$ -> #МОНАСТЫРЯ$) = -18.061292419660482
correctionProbability (#РАБОТАА$ -> #РАБОТА$) = -7.450886284592908
correctionProbability (#KREDITKASA$ -> #KREDITKASSA$) = -30.424096297652227
correctionProbability (#ПАМЕТНИКИ$ -> #ПАМЯТНИКИ$) = -14.946499469909384
correctionProbability (#ШРУППЫ$ -> #ГРУППЫ$) = -9.009038935395306
correctionProbability (#ФОРТОВЫЙ$ -> #ФАРТОВЫЙ$) = -20.481113517483188
correctionProbability (#ЗАПРАВИТ$ -> #ЗАПРАВИТЬ$) = -17.905918098891377
correctionProbability (#УЧЕМ$ -> #УЧИМ$) = -11.205075276766056
correctionProbability (#ДОГВОРА$ -> #ДОГОВОРА$) = -13.400336912448793
correctionProbability (#ИНТЕРЕСНЕ$ -> #ИНТЕРЕСНЫЕ$) = -13.927547593015973
correctionProbability (#ПРИАЗ$ -> #ПРИКАЗ$) = -9.56436164766814
correctionProbability (#ДОЛНО$ -> #ДОЛЖНО$) = -13.626952394595147
correctionProbability (#УКРЗАЛIЗНИЦЯ$ -> #УКРЗАЛІЗНИЦЯ$) = -20.84866663814936
correctionProbability (#ТЕРАЖ$ -> #ТИРАЖ$) = -10.888649588835232
correctionProbability (#ОВЕТ$ -> #ОТВЕТ$) = -10.737119083101351
correctionProbability (#ДУИАЕТ$ -> #ДУМАЕТ$) = -14.439498329274553
correctionProbability (#УНЕВЕРСАЛЬНАЯ$ -> #УНИВЕРСАЛЬНАЯ$) = -21.923903899650583
correctionProbability (#КРИПЛЕНИЕ$ -> #КРЕПЛЕНИЕ$) = -15.175243276823245
correctionProbability (#МЕНАФОН$ -> #МЕГАФОН$) = -9.141066155351055
correctionProbability (#ЛИМФАСТАЗ$ -> #ЛИМФОСТАЗ$) = -22.01900212629846
correctionProbability (#ДЕБОРЕ$ -> #ДЕБОРА$) = -16.652333829666194
correctionProbability (#БРЕСТКОЙ$ -> #БРЕСТСКОЙ$) = -19.778153753664753
correctionProbability (#ДОЛНЫ$ -> #ДОЛЖНЫ$) = -13.075843324539289
correctionProbability (#РАССТОВАНИИ$ -> #РАССТАВАНИИ$) = -24.056656507027583
correctionProbability (#НАЛОГОВА$ -> #НАЛОГОВАЯ$) = -12.583992251212486
correctionProbability (#СЛОВАА$ -> #СЛОВА$) = -8.406243467916884
correctionProbability (#ПЯТНИЦВ$ -> #ПЯТНИЦА$) = -11.849236646870473
correctionProbability (#РАСУЖДЕНИЕ$ -> #РАССУЖДЕНИЕ$) = -20.92560585376205
correctionProbability (#ШЫМКЕТ$ -> #ШЫМКЕНТ$) = -13.692208488593764
correctionProbability (#ОВЕО$ -> #АВЕО$) = -12.783828827262159
correctionProbability (#СОЧЬ$ -> #СОЧ$) = -13.595253285380277
correctionProbability (#РЕКАНСТРУКТИВНАЯ$ -> #РЕКОНСТРУКТИВНАЯ$) = -33.32557896221132
correctionProbability (#СНЗОН$ -> #СЕЗОН$) = -2.212234974740028
correctionProbability (#ДГЕ$ -> #ГДЕ$) = -71.2064552477269
correctionProbability (#ТОРАЛИ$ -> #ТОРЕАЛИ$) = -17.159250627024726
correctionProbability (#ЩЕКОЧИТ$ -> #ЩЕКОЧЕТ$) = -23.060709246396897
correctionProbability (#РИСОВАНИЧ$ -> #РИСОВАНИЯ$) = -13.934611242340644
correctionProbability (#БЛОТНОЙ$ -> #БЛАТНОЙ$) = -17.50154591154073
correctionProbability (#ВКЮЧЕНИЯ$ -> #ВКЛЮЧЕНИЯ$) = -17.126456657292913
correctionProbability (#КАЗИРГИ$ -> #ҚАЗІРГІ$) = -147.29945964735833
correctionProbability (#СТРЕЛОГ$ -> #СТРЕЛОК$) = -13.509238281064341
correctionProbability (#БЫУШНИХ$ -> #БЫУШНЫХ$) = -27.365600706998684
correctionProbability (#ГОМАДСЬКИЙ$ -> #ГРОМАДСЬКИЙ$) = -24.260262610910324
correctionProbability (#ЛТЖЕТ$ -> #ЛИЖЕТ$) = -12.65023466025055
correctionProbability (#ПGOOGLE$ -> #GOOGLE$) = -8.339428367744613
correctionProbability (#ММХАЙЛОВИЧ$ -> #МИХАЙЛОВИЧ$) = -16.546818324442462
correctionProbability (#ВТРАХИ$ -> #ВТРАХЕ$) = -15.41233844934509
correctionProbability (#XNMASTER$ -> #XHAMSTER$) = -147.20835385527377
correctionProbability (#БИЯЛОГИИ$ -> #БИОЛОГИИ$) = -12.401387986606345
correctionProbability (#МУЛЬТМКИ$ -> #МУЛЬТИКИ$) = -6.839807934855656
correctionProbability (#ИНЕРГИИ$ -> #ЭНЕРГИИ$) = -14.182723031359018
correctionProbability (#РЕШЕБНИ$ -> #РЕШЕБНИК$) = -11.922691868410688
correctionProbability (#ОКРЫВАЕТСЯ$ -> #ОТКРЫВАЕТСЯ$) = -18.765642969750914
correctionProbability (#РЕБЕНУОМ$ -> #РЕБЕНКОМ$) = -13.299963199440803
correctionProbability (#ТЕЕФОНА$ -> #ТЕЛЕФОНА$) = -10.394055402837566
correctionProbability (#БІНГО$ -> #БИНГО$) = -13.801567878443048
correctionProbability (#ЗЕЛЬП$ -> #ЗЕЛЬЕ$) = -15.014786476590618
correctionProbability (#ОЬЗЫВЫ$ -> #ОТЗЫВЫ$) = -4.8654475995764415
correctionProbability (#ИНСИА$ -> #ИНСТА$) = -11.770861253480167
correctionProbability (#ГЕНИКОЛОГИЧЕСКИЙ$ -> #ГИНЕКОЛОГИЧЕСКИЙ$) = -92.07350335522486
correctionProbability (#DEDPOOL$ -> #DEADPOOL$) = -20.978085004949598
correctionProbability (#КАРЕЛЛА$ -> #КОРЕЛЛА$) = -18.498981296863825
correctionProbability (#ТАНЦI$ -> #ТАНЦІ$) = -15.033074573581917
correctionProbability (#МЭГИ$ -> #МЭГГИ$) = -17.962623167177615
correctionProbability (#МАЛАДЫХ$ -> #МОЛОДЫХ$) = -77.24083289816978
correctionProbability (#KROKOBET$ -> #CROCOBET$) = -85.87211842688481
correctionProbability (#СТАНЦІІ$ -> #СТАНЦІЇ$) = -21.731878706955527
correctionProbability (#НЕЧАНГ$ -> #НЯЧАНГ$) = -13.862687806788262
correctionProbability (#ГАСТРОЕНТЕРОЛОГ$ -> #ГАСТРОЭНТЕРОЛОГ$) = -21.826022030124918
correctionProbability (#ANDROEE$ -> #ANDROEED$) = -18.53886612107732
correctionProbability (#ККЛЛЕРА$ -> #КУЛЕРА$) = -82.47520209594121
correctionProbability (#САДОВИЙ$ -> #САДОВЫЙ$) = -13.563862326874897
correctionProbability (#ЕКОТОЛОГ$ -> #ЕКАТАЛОГ$) = -82.60254772408274
correctionProbability (#РОСНЕЫТЬ$ -> #РОСНЕФТЬ$) = -15.817962590891725
correctionProbability (#DRIVERPAC$ -> #DRIVERPACK$) = -17.028038165457524
correctionProbability (#УСТРОИСТВО$ -> #УСТРОЙСТВО$) = -13.2862642174481
correctionProbability (#САЕЧИ$ -> #СВЕЧИ$) = -9.480621935769289
correctionProbability (#ЧЕТВЕРОСТИШЕЕ$ -> #ЧЕТВЕРОСТИШИЕ$) = -25.751662613590042
correctionProbability (#ОТКРВТИЕ$ -> #ОТКРЫТИЕ$) = -11.307810911702553
correctionProbability (#LFMODS$ -> #LAMODA$) = -78.75866096615886
correctionProbability (#ГЕНИКОЛОГОМ$ -> #ГИНЕКОЛОГОМ$) = -89.19470508038336
correctionProbability (#МАРКСИСТКОЙ$ -> #МАРКСИСТСКОЙ$) = -26.18194665165384
correctionProbability (#ИСТИМА$ -> #ЭСТИМА$) = -18.950565844705718
correctionProbability (#ЦИВРОВОЙ$ -> #ЦИФРОВОЙ$) = -14.457452866982706
correctionProbability (#МЕСТОИМЕНЯ$ -> #МЕСТОИМЕНИЯ$) = -19.58161888797016
correctionProbability (#УЧИУ$ -> #УЧУ$) = -17.352563376810455
correctionProbability (#АПАЛОН$ -> #АПОЛЛОН$) = -83.18453044391602
correctionProbability (#КРИСИ$ -> #КРИССИ$) = -20.991044480362365
correctionProbability (#СИСОНВАР$ -> #СЕЗОНВАР$) = -83.37304296511658
correctionProbability (#ПЛОНЕТ$ -> #ПЛАНЕТ$) = -12.523860146869485
correctionProbability (#ПОСЕЛ$ -> #ПОСЛЕ$) = -73.23172452217084
correctionProbability (#БАРГ$ -> #БАГ$) = -9.705721788611026
correctionProbability (#РЕШЕБНК$ -> #РЕШЕБНИК$) = -11.930638704861153
correctionProbability (#КЛИПЕРС$ -> #КЛИППЕРС$) = -24.61513578792494
correctionProbability (#ОЛЕЖДА$ -> #ОДЕЖДА$) = -7.569397876746837
correctionProbability (#УСТРОИСТВА$ -> #УСТРОЙСТВА$) = -15.92280557140004
correctionProbability (#ГЛОБОЛИЗАЦИИ$ -> #ГЛОБАЛИЗАЦИИ$) = -24.21258961805207
correctionProbability (#МАЛАДЫЕ$ -> #МОЛОДЫЕ$) = -76.73237737083106
correctionProbability (#МАЙКРСОФТ$ -> #МАЙКРОСОФТ$) = -17.47455589491475
correctionProbability (#ЗАПАДНОГ$ -> #ЗАПАДНОГО$) = -20.28539582329362
correctionProbability (#ИМИЯ$ -> #ИМЯ$) = -10.074137182855974
correctionProbability (#TURETCIE$ -> #TURETCHIE$) = -29.738721190841964
correctionProbability (#НАСТРОЕНЬЯ$ -> #НАСТРОЕНИЯ$) = -15.651316646758978
correctionProbability (#ЭКССПРЕС$ -> #ЭКСПРЕСС$) = -78.85133889801293
correctionProbability (#ZVOOK$ -> #ZVOOQ$) = -19.347634762492408
correctionProbability (#МЕРВЕД$ -> #МЕДВЕДЬ$) = -70.40170986959079
correctionProbability (#КЛШАСС$ -> #КЛАСС$) = -4.9790974833249315
correctionProbability (#СВОЕИ$ -> #СВОЕЙ$) = -11.145924108012832
correctionProbability (#САХРОНЕНИЕ$ -> #СОХРАНЕНИЕ$) = -83.0930353133317
correctionProbability (#РЕФЕРАТЬ$ -> #РЕФЕРАТ$) = -13.157713128130048
correctionProbability (#VULNIUS$ -> #VILNIUS$) = -19.466475111361333
correctionProbability (#ЕСИЬ$ -> #ЕСТЬ$) = -6.61830775547141
correctionProbability (#СРАНСК$ -> #САРАНСК$) = -13.023312397601195
correctionProbability (#ДЛИНОГО$ -> #ДЛИННОГО$) = -21.12080948365707
correctionProbability (#МОЙДАДЫР$ -> #МОЙДОДЫР$) = -16.302185826800454
correctionProbability (#РЕШЕБЕИК$ -> #РЕШЕБНИК$) = -11.362851370824735
correctionProbability (#ОВИС$ -> #ОФИС$) = -8.34176377793214
correctionProbability (#IQG$ -> #IGG$) = -16.421367699025733
correctionProbability (#ДЕЬЕКТИВЫ$ -> #ДЕТЕКТИВЫ$) = -13.010009874178884
correctionProbability (#СИММЕТРИЧН$ -> #СИММЕТРИЧНО$) = -27.233507338329943
correctionProbability (#УСЛОВНЫИ$ -> #УСЛОВНЫЙ$) = -13.16867228733043
correctionProbability (#ЮРТЙ$ -> #ЮРИЙ$) = -8.356478624909343
correctionProbability (#ГОСУДАРСВЕННОЙ$ -> #ГОСУДАРСТВЕННОЙ$) = -21.39379490181676
correctionProbability (#СНУУЕР$ -> #СНУКЕР$) = -11.71341837897005
correctionProbability (#KATALOQ$ -> #KATALOG$) = -16.565605590180738
correctionProbability (#ЖАСТИН$ -> #ДЖАСТИН$) = -17.091119915446953
correctionProbability (#ТРЕСЕТСЯ$ -> #ТРЯСЕТСЯ$) = -20.94522888265768
correctionProbability (#КОЛЛЕОС$ -> #КОЛЕОС$) = -20.612756471130428
correctionProbability (#КЕШБЕРРИ$ -> #КЭШБЕРИ$) = -88.80435015001609
correctionProbability (#КАНТРУ$ -> #КОНТРУ$) = -20.04556184984789
correctionProbability (#ПОУВЕР$ -> #ПОВЕР$) = -16.088413341711675
correctionProbability (#БЕЗКОНТАКТНАЯ$ -> #БЕСКОНТАКТНАЯ$) = -25.013462586805247
correctionProbability (#ФЕЛИАЛА$ -> #ФИЛИАЛА$) = -16.83949569093714
correctionProbability (#ДЕЬ$ -> #ДЕНЬ$) = -4.414704321186118
correctionProbability (#ЛЕХКОГО$ -> #ЛЕГКОГО$) = -13.119363112272737
correctionProbability (#ЗРЕЛА$ -> #ЗРЕЛАЯ$) = -13.62639532022931
correctionProbability (#ПАРАЛЕЛЬНОМ$ -> #ПАРАЛЛЕЛЬНОМ$) = -26.984305077013993
correctionProbability (#КАРЕЛЛЫ$ -> #КОРЕЛЛЫ$) = -20.716335979322487
correctionProbability (#АВТОМОБІЛЬНА$ -> #АВТОМОБИЛЬНАЯ$) = -86.96988929721287
correctionProbability (#ГОДОС$ -> #ГОЛОС$) = -8.387209676522172
correctionProbability (#ИРКУИСК$ -> #ИРКУТСК$) = -9.249732744265238
correctionProbability (#ОБДЕЛКА$ -> #ОТДЕЛКА$) = -11.945320691500015
correctionProbability (#ОЫИЦИАЛЬНЫЙ$ -> #ОФИЦИАЛЬНЫЙ$) = -6.936856112974922
correctionProbability (#ИНЕРГИЯ$ -> #ЭНЕРГИЯ$) = -12.908746055543098
correctionProbability (#АМЕРЕКАНСКИХ$ -> #АМЕРИКАНСКИХ$) = -21.45999899902818
correctionProbability (#ТУБУ$ -> #ТРУБУ$) = -12.752714936164
correctionProbability (#ОЗНАЧАЕИ$ -> #ОЗНАЧАЕТ$) = -12.154478597702834
correctionProbability (#ЦЕЛУЮТЬСЯ$ -> #ЦЕЛУЮТСЯ$) = -19.667683902126548
correctionProbability (#СВАДБЫ$ -> #СВАДЬБЫ$) = -11.610006959437527
correctionProbability (#ДНЕВНЕКИ$ -> #ДНЕВНИКИ$) = -12.600963319241721
correctionProbability (#ГОДОД$ -> #ГОРОД$) = -5.101730673806628
correctionProbability (#INSTAGTAM$ -> #INSTAGRAM$) = -12.971992952164136
correctionProbability (#GOEDDEN$ -> #GOLDEN$) = -80.68171971902211
correctionProbability (#ВЫЯВЛЕННО$ -> #ВЫЯВЛЕНО$) = -25.066212385914476
correctionProbability (#ЭРОТИЧЕСКЕ$ -> #ЭРОТИЧЕСКИЕ$) = -15.33761525615732
correctionProbability (#АКДЕМИЯ$ -> #АКАДЕМИЯ$) = -12.516003161402047
correctionProbability (#УМНОДИТЬ$ -> #УМНОЖИТЬ$) = -18.07833676757781
correctionProbability (#ВИКИПЕДМЯ$ -> #ВИКИПЕДИЯ$) = -9.449236083729737
correctionProbability (#ЗГЛАЗА$ -> #СГЛАЗА$) = -15.48380240354091
correctionProbability (#ЯНВВРЕ$ -> #ЯНВАРЕ$) = -12.586694618643921
correctionProbability (#ИСТИНИ$ -> #ИСТИНЫ$) = -14.701197473739054
correctionProbability (#ПРЕЧИСТИНКА$ -> #ПРЕЧИСТЕНКА$) = -25.144250452007626
correctionProbability (#ШАЛЛОТ$ -> #ШАЛОТ$) = -20.47823015920476
correctionProbability (#ТРАВЕЛАТАА$ -> #ТРАВЕЛАТА$) = -18.81415291367533
correctionProbability (#АНИМЕВОС$ -> #АНИМЕВОСТ$) = -18.053310597365957
correctionProbability (#ИСЧЕСЛЯЕТСЯ$ -> #ИСЧИСЛЯЕТСЯ$) = -24.812131809508955
correctionProbability (#ДОСТЯЖЕНИЯ$ -> #ДОСТИЖЕНИЯ$) = -17.975381819178388
correctionProbability (#ФИЗКА$ -> #ФИЗИКА$) = -11.809588922697305
correctionProbability (#ЗАВОРТНЮК$ -> #ЗАВОРОТНЮК$) = -12.382658806550985
correctionProbability (#КОЛГЕЙМС$ -> #КУЛГЕЙМС$) = -18.51180078486751
correctionProbability (#РЕФЕРАТИ$ -> #РЕФЕРАТ$) = -13.190900418522077
correctionProbability (#ХХРАМ$ -> #ХРАМ$) = -12.146305491420545
correctionProbability (#ПАБЕДА$ -> #ПОБЕДА$) = -10.300230818856523
correctionProbability (#DAMATAROT$ -> #DAMATARO$) = -27.81031908454399
correctionProbability (#КАРЕЛЛО$ -> #КОРЕЛЛА$) = -83.22195595450577
correctionProbability (#ПОСДЕ$ -> #ПОСЛЕ$) = -5.412385164995246
correctionProbability (#ШОВАШИ$ -> #ЧОВАЙШИ$) = -98.26585470828246
correctionProbability (#РУСККАЯ$ -> #РУССКАЯ$) = -8.526356628733225
correctionProbability (#ДОГРВОР$ -> #ДОГОВОР$) = -10.173203946879283
correctionProbability (#БУЛЕТ$ -> #БУДЕТ$) = -7.737366918872407
correctionProbability (#СУПЕП$ -> #СУПЕР$) = -7.1031672241624655
correctionProbability (#ВОСТАНАВЛИВАЮТ$ -> #ВОССТАНАВЛИВАЮТ$) = -31.28321355627412
correctionProbability (#VAIBER$ -> #VIBER$) = -15.50261894126334
correctionProbability (#СРУБЦИНЫ$ -> #СТРУБЦИНЫ$) = -21.47140287689607
correctionProbability (#ФЕМОЗ$ -> #ФИМОЗ$) = -16.89172760412968
correctionProbability (#МАРОКУО$ -> #МАРОККО$) = -15.499268786388981
correctionProbability (#РЕМТКС$ -> #РЕМИКС$) = -13.04203601490585
correctionProbability (#РАСЧИТЫВАТЬ$ -> #РАССЧИТЫВАТЬ$) = -25.703639708040434
correctionProbability (#RENCONTR$ -> #RENCONTRE$) = -16.626406253846724
correctionProbability (#ПОЯВЯТЬСЯ$ -> #ПОЯВЯТСЯ$) = -21.77269671414306
correctionProbability (#YOUTUBEW$ -> #YOUTUBE$) = -8.953747785104632
correctionProbability (#УМБРИИ$ -> #СКУМБРИИ$) = -83.81303696416113
correctionProbability (#ОУТЛЕТ$ -> #АУТЛЕТ$) = -15.279302827233462
correctionProbability (#АЛЕКСАНЛР$ -> #АЛЕКСАНДР$) = -10.182543074130528
correctionProbability (#ЗДРОВЬЯ$ -> #ЗДОРОВЬЯ$) = -12.192522262484253
correctionProbability (#ВИТОМИНЫ$ -> #ВИТАМИНЫ$) = -13.058468238070546
correctionProbability (#САМЕРС$ -> #САММЕРС$) = -21.801534404670356
correctionProbability (#ПОИЗВОДСТВО$ -> #ПРОИЗВОДСТВО$) = -16.13954791048429
correctionProbability (#ТВЕРДЫС$ -> #ТВЕРДЫМ$) = -19.867446427587403
correctionProbability (#КАНСОЛЬНЫЕ$ -> #КОНСОЛЬНЫЕ$) = -20.073400027842467
correctionProbability (#СКОЬЬКО$ -> #СКОЛЬКО$) = -6.038157818977027
correctionProbability (#РЕЙКЯВИК$ -> #РЕЙКЬЯВИК$) = -23.584198522633002
correctionProbability (#КАМОЦИ$ -> #КАМОЦЦИ$) = -23.837917314189028
correctionProbability (#ЭЕДУТ$ -> #ЕДУТ$) = -17.330817592504832
correctionProbability (#ОПОЛЯ$ -> #ТОПОЛЯ$) = -15.91403225006999
correctionProbability (#МЕРЕДИАНЫ$ -> #МЕРИДИАНЫ$) = -22.64923357202361
correctionProbability (#МЫСТЕР$ -> #МИСТЕР$) = -9.058881119745276
correctionProbability (#TUIASPORT$ -> #TIPSPORT$) = -91.13928180720782
correctionProbability (#VIDIOCAT$ -> #VIDEOCHAT$) = -85.75256229757841
correctionProbability (#КОМУНАЛКА$ -> #КОММУНАЛКА$) = -23.398932748993587
correctionProbability (#TABO$ -> #TABOO$) = -15.876604219599638
correctionProbability (#ГРАММОТНОСТИ$ -> #ГРАМОТНОСТИ$) = -22.16816702680753
correctionProbability (#ЕЛЕКТРОЛИТАМ$ -> #ЭЛЕКТРОЛИТАМ$) = -29.66454319284481
correctionProbability (#КОПОЛЕВА$ -> #КОРОЛЕВА$) = -10.726773968029136
correctionProbability (#МЕБЕЛЬНИЙ$ -> #МЕБЕЛЬНЫЙ$) = -15.449790797239338
correctionProbability (#АВОКАДА$ -> #АВОКАДО$) = -14.080260101450676
correctionProbability (#ИНВЕСТПЭЙ$ -> #ИНВЕСТПЕЙ$) = -24.67885653974713
correctionProbability (#ДИЯВОЛ$ -> #ДЬЯВОЛ$) = -13.040119351025734
correctionProbability (#ПОЛИЖЕНАКС$ -> #ПОЛИЖИНАКС$) = -21.323731084453463
correctionProbability (#ВАРКУТА$ -> #ВОРКУТА$) = -15.23078422794778
correctionProbability (#ТЕПЛОВОЭА$ -> #ТЕПЛОВОЗА$) = -20.101095354091562
correctionProbability (#ЯВЛЯЕТС$ -> #ЯВЛЯЕТСЯ$) = -13.318368204279807
correctionProbability (#ДИАГРАМЫ$ -> #ДИАГРАММЫ$) = -19.952682509230918
correctionProbability (#ВКОНАТКЕ$ -> #ВКОНТАКТЕ$) = -139.66362586441485
correctionProbability (#РИЧОНЕ$ -> #РИЧЧОНЕ$) = -25.01051796757659
correctionProbability (#ДЕВАХИ$ -> #ДЕВУШКИ$) = -137.85245706262498
correctionProbability (#БЕРИГИТЕ$ -> #БЕРЕГИТЕ$) = -14.611724804315003
correctionProbability (#TRUK$ -> #TRUCK$) = -13.976518505686858
correctionProbability (#ІМПЕРІІ$ -> #ІМПЕРІЇ$) = -20.61714494096107
correctionProbability (#ЬИЗНЕС$ -> #БИЗНЕС$) = -6.516876311382685
correctionProbability (#ЗВЁЗНЫЕ$ -> #ЗВЁЗДНЫЕ$) = -16.636179058458858
correctionProbability (#ТУНЕЛИ$ -> #ТУННЕЛИ$) = -21.926897365793245
correctionProbability (#ТЕРЕР$ -> #ТЕРЬЕР$) = -13.685520095531249
correctionProbability (#КОНЧАНИЯ$ -> #ОКОНЧАНИЯ$) = -18.088635811317104
correctionProbability (#ИОГУТ$ -> #МОГУТ$) = -10.39378120528428
correctionProbability (#ВСЛЕДСТВИИ$ -> #ВСЛЕДСТВИЕ$) = -21.599470388540034
correctionProbability (#FAMILE$ -> #FAMILY$) = -10.217702717200769
correctionProbability (#ПОЗНОВАТЕЛЬНО$ -> #ПОЗНАВАТЕЛЬНО$) = -27.351770874643492
correctionProbability (#ЩАСЛИВОГО$ -> #СЧАСТЛИВОГО$) = -150.09894340616054
correctionProbability (#ПОРОДИИ$ -> #ПАРОДИИ$) = -15.577973114556642
correctionProbability (#ПАСЛЕДНЯЯ$ -> #ПОСЛЕДНЯЯ$) = -12.841979657660033
correctionProbability (#АКВАМОРИС$ -> #АКВАМАРИС$) = -21.22418877087169
correctionProbability (#ТАРРАКАНО$ -> #ТАРАКАНОВ$) = -84.12013713897753
correctionProbability (#СУПЕДЖОБ$ -> #СУПЕРДЖОБ$) = -15.972651994972587
correctionProbability (#TEHNO$ -> #TECHNO$) = -18.547532548921904
correctionProbability (#СТАНДАР$ -> #СТАНДАРТ$) = -13.985393235519332
correctionProbability (#КОМЕНДАТСКИЙ$ -> #КОМЕНДАНТСКИЙ$) = -24.660642325292272
correctionProbability (#ГРУСЧИК$ -> #ГРУЗЧИК$) = -15.23303812314822
correctionProbability (#АНДРЕЯНОВА$ -> #АНДРИАНОВА$) = -88.6744167110403
correctionProbability (#FAMILI$ -> #FAMILY$) = -10.212675672744997
correctionProbability (#BABUSCHKA$ -> #BABUSHKA$) = -24.92544150935541
correctionProbability (#ВОСРЕСЕНЬЕ$ -> #ВОСКРЕСЕНЬЕ$) = -18.56572528756191
correctionProbability (#КОМУНАЛКУ$ -> #КОММУНАЛКУ$) = -24.7908133829554
correctionProbability (#ВРМЕНИ$ -> #ВРЕМЕНИ$) = -9.579728576233194
correctionProbability (#ШАМПУН$ -> #ШАМПУНЬ$) = -13.032736241114243
correctionProbability (#ОТЛЫХА$ -> #ОТДЫХА$) = -9.833770979609245
correctionProbability (#СТАНОВИТЕ$ -> #УСТАНОВИТЕ$) = -19.49801660777949
correctionProbability (#ОБИЛЕ$ -> #ОБИДЕ$) = -20.53866683686365
correctionProbability (#ДЕШЕВА$ -> #ДЕШЕВО$) = -8.483104343835105
correctionProbability (#WELIKOLEPNYI$ -> #WELIKOLEPNYY$) = -38.10487954716538
correctionProbability (#БЕЛИМИ$ -> #БЕЛЫМИ$) = -15.163907169107421
correctionProbability (#АНТИДЕПРЕСАНТЫ$ -> #АНТИДЕПРЕССАНТЫ$) = -26.979870378020955
correctionProbability (#МАРАЦИЯ$ -> #МАРАЦЦИ$) = -84.14464672936317
correctionProbability (#ОСЕНБЮ$ -> #ОСЕНЬЮ$) = -8.637883545484154
correctionProbability (#ДЕШЕВЕ$ -> #ДЕШЕВЫЕ$) = -10.622445331498504
correctionProbability (#СЛУЧИЯХ$ -> #СЛУЧАЯХ$) = -15.126590368110648
correctionProbability (#DISCK$ -> #DISK$) = -15.789684308020714
correctionProbability (#ЛОМОНОСАВА$ -> #ЛОМОНОСОВА$) = -17.60925622311273
correctionProbability (#КРИСТАЛИЧЕСКИХ$ -> #КРИСТАЛЛИЧЕСКИХ$) = -28.912821969675193
correctionProbability (#ЭРЕЛЫХ$ -> #ЗРЕЛЫХ$) = -11.22778047163602
correctionProbability (#ДОЛАД$ -> #ДОКЛАД$) = -11.16452753648284
correctionProbability (#СТАБЕЛИЗАТОРА$ -> #СТАБИЛИЗАТОРА$) = -21.622676035902828
correctionProbability (#CATALIST$ -> #CATALYST$) = -19.880971007473022
correctionProbability (#ПОСЛЕЛНИЙ$ -> #ПОСЛЕДНИЙ$) = -10.470624613870505
correctionProbability (#АТРАКЦЫОН$ -> #АТТРАКЦИОН$) = -87.0312426242584
correctionProbability (#МОСКВІЧ$ -> #МОСКВИЧ$) = -14.721597775826197
correctionProbability (#TORRNET$ -> #TORRENT$) = -80.53055311064536
correctionProbability (#РЕАВЛЬНОСТЬ$ -> #РЕАЛЬНОСТЬ$) = -20.922351911033914
correctionProbability (#ИМУННАЯ$ -> #ИММУННАЯ$) = -23.46235005550762
correctionProbability (#HANTAI$ -> #HENTAI$) = -11.550224324420117
correctionProbability (#БАБУЩЕК$ -> #БАБУШЕК$) = -13.57612576498208
correctionProbability (#ИСПОЛЗОВАНИЕ$ -> #ИСПОЛЬЗОВАНИЕ$) = -19.68676952690756
correctionProbability (#ДИБ$ -> #ДИП$) = -11.140896875247815
correctionProbability (#УЕНЫ$ -> #ЦЕНЫ$) = -4.097516933667347
correctionProbability (#NYDIZM$ -> #NUDISM$) = -79.94018085741779
correctionProbability (#СТРОПОЛЬЩИЛ$ -> #СТРОПАЛЬЩИК$) = -85.59138214285177
correctionProbability (#ДГОВОР$ -> #ДОГОВОР$) = -10.717782143536581
correctionProbability (#ФАРИНГЕЙТ$ -> #ФАРЕНГЕЙТ$) = -21.512854848761883
correctionProbability (#ZOUYA$ -> #ZOYA$) = -23.62226852924053
correctionProbability (#ПОДЕМНИК$ -> #ПОДЪЕМНИК$) = -16.1888796875972
correctionProbability (#БАЙА$ -> #БАЙЯ$) = -20.64497212432261
correctionProbability (#ТЕЛЕПРОГРАМММА$ -> #ТЕЛЕПРОГРАММА$) = -18.465204088013095
correctionProbability (#СКАЧВАТЬ$ -> #СКАЧАТЬ$) = -5.013750104450599
correctionProbability (#ADELLE$ -> #ADELE$) = -19.623552265694645
correctionProbability (#СЧОМИ$ -> #СЯОМИ$) = -12.672654076069602
correctionProbability (#XPLAY$ -> #EXPLAY$) = -19.1061645589585
correctionProbability (#ПОРОДИЮ$ -> #ПАРОДИЮ$) = -20.29162840279058
correctionProbability (#СЕТЛАНА$ -> #СВЕТЛАНА$) = -11.859752577828303
correctionProbability (#КЕМРОВО$ -> #КЕМЕРОВО$) = -11.139410419942912
correctionProbability (#ДЕШЕВЛ$ -> #ДЕШЕВО$) = -8.579997280086712
correctionProbability (#ПОСЕНЯТЬ$ -> #ПОМЕНЯТЬ$) = -11.798125987079217
correctionProbability (#СТРОПОЛЬЩИК$ -> #СТРОПАЛЬЩИК$) = -20.81775304312994
correctionProbability (#ДЕВОЧКТ$ -> #ДЕВОЧКИ$) = -8.638103322199044
correctionProbability (#РУЛЕКА$ -> #РУЛЕТКА$) = -12.315402123901386
correctionProbability (#ДРВЙВЕРА$ -> #ДРАЙВЕРА$) = -12.292186871109273
correctionProbability (#ПОРОДИЯ$ -> #ПАРОДИЯ$) = -13.757176808040725
correctionProbability (#GOOGOLE$ -> #GOOGLE$) = -8.354839703577536
correctionProbability (#САМБУФЕРА$ -> #САБВУФЕРА$) = -87.97398322238729
correctionProbability (#MAMMI$ -> #MAMMY$) = -23.136874124951206
correctionProbability (#СЛУХАТЬ$ -> #СЛУШАТЬ$) = -5.11483313039143
correctionProbability (#ЭРОТТИКА$ -> #ЭРОТИКА$) = -10.436686722030771
correctionProbability (#СЛОВНА$ -> #СЛОВНО$) = -15.080873531909237
correctionProbability (#ДЕВОЧКП$ -> #ДЕВОЧКА$) = -9.26779069631273
correctionProbability (#НАКДАДНОЙ$ -> #НАКЛАДНОЙ$) = -17.053609783826026
correctionProbability (#РАССТАВТЕ$ -> #РАССТАВЬТЕ$) = -22.046221539711183
correctionProbability (#JAPANS$ -> #JAPANESE$) = -82.13234274685769
correctionProbability (#JENIFER$ -> #JENNIFER$) = -18.623534921558992
correctionProbability (#БИНЕЛЛИ$ -> #БЕНЕЛЛИ$) = -20.20009612621554
correctionProbability (#МІСКОРЕ$ -> #МУСКОРЕ$) = -16.486634747225224
correctionProbability (#ЛЕРМОНОВО$ -> #ЛЕРМОНТОВО$) = -22.635897008916096
correctionProbability (#КОПЮШОН$ -> #КАПЮШОН$) = -16.781458608713265
correctionProbability (#ЕВРИКА$ -> #ЭВРИКА$) = -16.27160637426775
correctionProbability (#ГАДАНМЕ$ -> #ГАДАНИЕ$) = -9.09245844826033
correctionProbability (#БРОСЛЕТ$ -> #БРАСЛЕТ$) = -12.301312981809971
correctionProbability (#СОУЧ$ -> #СОУС$) = -10.517207702909946
correctionProbability (#ПЕРЕВЕТИ$ -> #ПЕРЕВЕСТИ$) = -13.269993190439457
correctionProbability (#ДРУНА$ -> #ДРУГА$) = -9.538273834221027
correctionProbability (#ВИДГУК$ -> #ВІДГУК$) = -21.057139511492412
correctionProbability (#ALLGTIME$ -> #ALLTIME$) = -22.086608295215377
correctionProbability (#КВАТРИР$ -> #КВАРТИР$) = -77.18619573644116
correctionProbability (#БЛОТНЫЕ$ -> #БЛАТНЫЕ$) = -16.945762833200675
correctionProbability (#ОБЕСЧПЕЧЕНИЮ$ -> #ОБЕСПЕЧЕНИЮ$) = -23.222913579086367
correctionProbability (#КИРАМБИТ$ -> #КЕРАМБИТ$) = -16.77843544895974
correctionProbability (#АНГЛІІ$ -> #АНГЛІЇ$) = -20.83542252583732
correctionProbability (#АМИТИВИЛЯ$ -> #АМИТИВИЛЛЯ$) = -22.87449316025441
correctionProbability (#АПАВЯДАННИ$ -> #АПАВЯДАННЕ$) = -24.71443278770348
correctionProbability (#МАРАЦИИ$ -> #МАРАЦЦИ$) = -16.245445505160745
correctionProbability (#ЯГДЗ$ -> #ГДЗ$) = -6.077353596400801
correctionProbability (#РАССКАСКИ$ -> #РАСКРАСКИ$) = -76.84393793689807
correctionProbability (#ТЕЖЕЛЕЕ$ -> #ТЯЖЕЛЕЕ$) = -19.7420920572293
correctionProbability (#АЛЕКСАНДРІЯ$ -> #ОЛЕКСАНДРІЯ$) = -24.20006583834933
correctionProbability (#РАСТРЕЛЯВШЕГО$ -> #РАССТРЕЛЯВШЕГО$) = -29.535610804276182
correctionProbability (#GEEKBYUING$ -> #GEEKBUYING$) = -89.76803190660203
correctionProbability (#МОШКОВ$ -> #МАШКОВ$) = -17.122817796873722
correctionProbability (#ДЮТЕ$ -> #ДЬЮТИ$) = -77.82726626869876
correctionProbability (#ФАЕРСТОУН$ -> #ФАЙЕРСТОУН$) = -29.966040887317767
correctionProbability (#МЕТАЛИЧЕСКОЕ$ -> #МЕТАЛЛИЧЕСКОЕ$) = -25.837390492928087
correctionProbability (#РЕГУЛЕРОВКИ$ -> #РЕГУЛИРОВКИ$) = -20.785990502405113
correctionProbability (#ДЕВОЧНК$ -> #ДЕВОЧЕК$) = -7.6857592702513955
correctionProbability (#ЫИЗИКЕ$ -> #ФИЗИКЕ$) = -10.665141177953988
correctionProbability (#ALLTGIME$ -> #ALLTIME$) = -22.087280982976097
correctionProbability (#КРАСИВАЮ$ -> #КРАСИВУЮ$) = -14.79543181004265
correctionProbability (#ОНКАЛОГИИ$ -> #ОНКОЛОГИИ$) = -16.962082604686778
correctionProbability (#ТЕЛИВИЗОРА$ -> #ТЕЛЕВИЗОРА$) = -15.498353267933233
correctionProbability (#ОСЕНЕЕ$ -> #ОСЕННЕЕ$) = -14.545596031210856
correctionProbability (#ІПОТЕКА$ -> #ИПОТЕКА$) = -12.075245535660805
correctionProbability (#ИНТЕРЕСТНО$ -> #ИНТЕРЕСНО$) = -20.31723401201196
correctionProbability (#ПЕРЕВЕСТ$ -> #ПЕРЕВЕСТИ$) = -13.314805254490274
correctionProbability (#ЮАНИМЕ$ -> #АНИМЕ$) = -8.463872428706324
correctionProbability (#РЕЭЛТОРА$ -> #РИЭЛТОРА$) = -18.54651516356038
correctionProbability (#МОЛОЛЫЕ$ -> #МОЛОДЫЕ$) = -12.091300376682362
correctionProbability (#КОМПЮТОРЕ$ -> #КОМПЬЮТЕРЕ$) = -79.46630317433977
correctionProbability (#ТРЕНИРОВАЧНАЯ$ -> #ТРЕНИРОВОЧНАЯ$) = -22.5169368237637
correctionProbability (#ПЕТЕРОЧКА$ -> #ПЯТЕРОЧКА$) = -14.742417705579804
correctionProbability (#СЛАВАТЬ$ -> #СДАВАТЬ$) = -13.720452771880254
correctionProbability (#РОЩКЛАД$ -> #РОЗКЛАД$) = -15.097927928225445
correctionProbability (#GESSATE$ -> #CESSATE$) = -24.522239394007997
correctionProbability (#НОВОРОССА$ -> #НОВОРОССИЙСКА$) = -218.06587006783093
correctionProbability (#СОЧТ$ -> #СОЧИ$) = -6.562296395310273
correctionProbability (#ОБОАЗЕЦ$ -> #ОБРАЗЕЦ$) = -8.023795851953388
correctionProbability (#РЕГУЛЕРОВКА$ -> #РЕГУЛИРОВКА$) = -16.50218437108316
correctionProbability (#ИМЕИ$ -> #ИМЕНИ$) = -9.23693232863987
correctionProbability (#CTERE$ -> #STEREO$) = -83.1814143369378
correctionProbability (#АСЕНИЗАТОР$ -> #АССЕНИЗАТОР$) = -25.088095315461274
correctionProbability (#КРАСНАЕ$ -> #КРАСНОЕ$) = -12.649044738287692
correctionProbability (#HELOWEN$ -> #HALLOWEEN$) = -146.5007036296611
correctionProbability (#ЖЫТОМИРСКАЯ$ -> #ЖИТОМИРСКАЯ$) = -24.485575720552063
correctionProbability (#ХЫТ$ -> #ХИТ$) = -9.396388434425518
correctionProbability (#ПЛОНАР$ -> #ПЛАНАР$) = -15.692028408354208
correctionProbability (#МАРФОН$ -> #МАРАФОН$) = -14.363799071692668
correctionProbability (#СОРЕНТА$ -> #СОРЕНТО$) = -13.651435435649645
correctionProbability (#АНАТОРИИ$ -> #САНАТОРИИ$) = -13.751556681135618
correctionProbability (#СВОЗЬ$ -> #СКВОЗЬ$) = -14.728942735362391
correctionProbability (#РПИСАНИЕ$ -> #ОПИСАНИЕ$) = -10.08255653983258
correctionProbability (#ПРПЗДНИК$ -> #ПРАЗДНИК$) = -10.917958541375569
correctionProbability (#ИРОГЛИФЫ$ -> #ИЕРОГЛИФЫ$) = -19.175153420053647
correctionProbability (#ПОЛИКЛИННИКАХ$ -> #ПОЛИКЛИНИКАХ$) = -28.21386208946786
correctionProbability (#МАКЛОКОМ$ -> #МОЛОКОМ$) = -82.45127877606232
correctionProbability (#БЕЛИМЫ$ -> #БЕЛЫМИ$) = -79.94044549898028
correctionProbability (#ГЛОСАРИЙ$ -> #ГЛОССАРИЙ$) = -21.442935557073334
correctionProbability (#ДЮТІ$ -> #ДЬЮТИ$) = -77.86508151176146
correctionProbability (#АРАТОВ$ -> #САРАТОВ$) = -9.982925344481401
correctionProbability (#ПИИТОМНИК$ -> #ПИТОМНИК$) = -16.124590360199072
correctionProbability (#КОМПЛЕК$ -> #КОМПЛЕКС$) = -12.41967527020686
correctionProbability (#ДУОМА$ -> #ДУОМО$) = -20.560623625963903
correctionProbability (#ИМЕА$ -> #ИМЕНА$) = -10.662211982309852
correctionProbability (#ДЕНОНСАЦИЕЙ$ -> #ДЕНОНСАЦИЯ$) = -95.68165120865463
correctionProbability (#РООССИИ$ -> #РОССИИ$) = -7.059725550969048
correctionProbability (#MARCUL$ -> #MARKUL$) = -19.63942197455481
correctionProbability (#СОНЛАЙТ$ -> #САНЛАЙТ$) = -14.496827840394914
correctionProbability (#СЕНСЕТИВ$ -> #СЕНСИТИВ$) = -21.642663080796723
correctionProbability (#ПАРАЛЕЛЬНЫМ$ -> #ПАРАЛЛЕЛЬНЫМ$) = -27.157098813926766
correctionProbability (#ДАЦУК$ -> #ДАЦЮК$) = -19.411974135230952
correctionProbability (#БАЛЫ$ -> #БАЛЛЫ$) = -13.78230554627125
correctionProbability (#МЕТАЛИЧЕСКОМ$ -> #МЕТАЛЛИЧЕСКОМ$) = -23.536648620056148
correctionProbability (#PARIMATCG$ -> #PARIMATCH$) = -18.68046401953187
correctionProbability (#НИНДЗ$ -> #НИНДЗЯ$) = -10.307545911486788
correctionProbability (#MOGANG$ -> #MOJANG$) = -19.238257355912257
correctionProbability (#МОЯМИ$ -> #МАЙАМИ$) = -144.42527045679495
correctionProbability (#ОБНВИТЬ$ -> #ОБНОВИТЬ$) = -13.812950270747756
correctionProbability (#АНЕСТЕЗІОЛОГА$ -> #АНЕСТЕЗИОЛОГА$) = -24.594776115242723
correctionProbability (#ХАРВИА$ -> #ХАРВИЯ$) = -21.513237258910056
correctionProbability (#РАЙВЕРА$ -> #ДРАЙВЕРА$) = -12.82727112796821
correctionProbability (#КОРАЛЕВ$ -> #КОРОЛЕВ$) = -13.390928369520566
correctionProbability (#КОМПЮТОРА$ -> #КОМПЬЮТЕРА$) = -78.59870181660634
correctionProbability (#ФРЕШЬ$ -> #ФРЕШ$) = -14.428345390500372
correctionProbability (#FLAH$ -> #FLASH$) = -10.961155960009823
correctionProbability (#СТООТЕР$ -> #СТАРТЕР$) = -78.89320705119582
correctionProbability (#ДЕТТСКИЙ$ -> #ДЕТСКИЙ$) = -10.306698461765066
correctionProbability (#ПРОБНИЙ$ -> #ПРОБНЫЙ$) = -16.63050820172485
correctionProbability (#АРИГАМИ$ -> #ОРИГАМИ$) = -11.244758733580994
correctionProbability (#УТИПЛИТЬ$ -> #УТЕПЛИТЬ$) = -15.37366931824986
correctionProbability (#МЕТАЛИЧЕСКОЙ$ -> #МЕТАЛЛИЧЕСКОЙ$) = -21.544385590153
correctionProbability (#ЖЭСТЬ$ -> #ЖЕСТЬ$) = -13.152180882607144
correctionProbability (#ПАРАЛЕЛЬНЫХ$ -> #ПАРАЛЛЕЛЬНЫХ$) = -24.786490703567715
correctionProbability (#ОБРАЗЦ$ -> #ОБРАЗЕЦ$) = -8.590124115862551
correctionProbability (#ЕСЕД$ -> #ЕСЕТ$) = -14.355663139518303
correctionProbability (#КАЧОКОЛВАЛЛО$ -> #КАЧОКАВАЛЛО$) = -94.96214189344764
correctionProbability (#ПЕРЕВЕСИ$ -> #ПЕРЕВЕСТИ$) = -13.282568228740324
correctionProbability (#СОМОМУ$ -> #САМОМУ$) = -11.306823729600477
correctionProbability (#АРМЯНСКМ$ -> #АРМЯНСКИЕ$) = -80.77098522038203
correctionProbability (#СИНПТОМЫ$ -> #СИМПТОМЫ$) = -10.769390006875248
correctionProbability (#ЧЕРНОБЛ$ -> #ЧЕРНОБЫЛЬ$) = -77.94209353362551
correctionProbability (#КОМПЬЮТЕРИ$ -> #КОМПЬЮТЕРЕ$) = -14.122048091263991
correctionProbability (#ФОРМАТЬ$ -> #ФОРМАТ$) = -13.715818667153886
correctionProbability (#ОБРАЕЦ$ -> #ОБРАЗЕЦ$) = -8.589343991893578
correctionProbability (#СВАЧАТЬ$ -> #СКАЧАТЬ$) = -2.5151036187591185
correctionProbability (#БУРГОС$ -> #БУРГАС$) = -17.57911118319637
correctionProbability (#БРЮСЕЛЬСКОЙ$ -> #БРЮССЕЛЬСКОЙ$) = -26.550893257667575
correctionProbability (#НОВОСИБИРСКН$ -> #НОВОСИБИРСКЕ$) = -15.16530235068565
correctionProbability (#ПРЕДПРИЯТИ$ -> #ПРЕДПРИЯТИЯ$) = -17.05694990589545
correctionProbability (#АЭРОПЛРТУ$ -> #АЭРОПОРТУ$) = -16.48895067172994
correctionProbability (#ВРЕЛЕЛ$ -> #ВЕЛЕЛ$) = -23.206949716604527
correctionProbability (#АТАВА$ -> #ОТТАВА$) = -84.63111297326917
correctionProbability (#ТЕРОРИСТ$ -> #ТЕРРОРИСТ$) = -21.708400155993985
correctionProbability (#МАРЬЯНКА$ -> #МАРЬИНКА$) = -23.628255370302263
correctionProbability (#САНДРЕАС$ -> #АНДРЕАС$) = -14.275574085207595
correctionProbability (#АКУИИ$ -> #АКЦИИ$) = -7.19409200513466
correctionProbability (#СЕРДЦЕДКА$ -> #СЕРДЦЕЕДКА$) = -16.84479818163451
correctionProbability (#АНЕГДОТ$ -> #АНЕКДОТ$) = -14.530079047349773
correctionProbability (#ШКИЛА$ -> #ШКОЛА$) = -5.5307610055980945
correctionProbability (#КРИМА$ -> #КРЫМА$) = -8.857153394016198
correctionProbability (#РАССТОЯ$ -> #РАССТОЯНИЕ$) = -143.8116649242535
correctionProbability (#МВОИМИ$ -> #СВОИМИ$) = -5.4238323909077835
correctionProbability (#ЛАДЫЖНЕНСКАЯ$ -> #ЛАДЫЖЕНСКАЯ$) = -17.78516274892909
correctionProbability (#МОТОРОЛЕРА$ -> #МОТОРОЛЛЕРА$) = -25.3389898311407
correctionProbability (#ПАЖАЛУСТА$ -> #ПОЖАЛУЙСТА$) = -82.24674257561438
correctionProbability (#ДЕЙСТВИНИЦА$ -> #ДЕВСТВЕННИЦА$) = -151.0413281406338
correctionProbability (#КАЛУН$ -> #КОЛУН$) = -18.113759203102457
correctionProbability (#ВРЕЛЕН$ -> #ВРЕДЕН$) = -15.726468639020812
correctionProbability (#ПРИЧЕСТКА$ -> #ПРИЧЕСКА$) = -16.80979460170274
correctionProbability (#ЕАРИСОВАТЬ$ -> #НАРИСОВАТЬ$) = -10.46442635090174
correctionProbability (#ПРОДАСТСЯ$ -> #ПРОДАЕТСЯ$) = -16.973097114688876
correctionProbability (#АНЖЕЛІКА$ -> #АНЖЕЛИКА$) = -14.316277675858707
correctionProbability (#ВДСМ$ -> #БДСМ$) = -9.78558439374844
correctionProbability (#ПОРУЧИТЬ$ -> #ПОЛУЧИТЬ$) = -11.077635935468159
correctionProbability (#КРАСИВАЕ$ -> #КРАСИВОЕ$) = -12.276918747312877
correctionProbability (#ВІ$ -> #ВЫ$) = -8.040691363363283
correctionProbability (#GURUMIN$ -> #CURCUMIN$) = -92.82267462926644
correctionProbability (#КОМПЛЕТ$ -> #КОМПЛЕКТ$) = -13.814596285410097
correctionProbability (#ПАДАРЮ$ -> #ПОДАРЮ$) = -16.583506442476274
correctionProbability (#ПОМЕНЯТСЯ$ -> #ПОМЕНЯТЬСЯ$) = -21.80490126004097
correctionProbability (#КОМПЛЕС$ -> #КОМПЛЕКС$) = -12.478020918937418
correctionProbability (#УМСКУ$ -> #УМСКУЛ$) = -17.35684843984679
correctionProbability (#OOLE$ -> #GOOGLE$) = -71.74367826983855
correctionProbability (#ВИЗУАЛИЦИИ$ -> #ВИЗУАЛИЗАЦИИ$) = -91.65149981435545
correctionProbability (#КОСТМ$ -> #КОСТЮМ$) = -9.081113885258038
correctionProbability (#АВТОСОЛОНЕ$ -> #АВТОСАЛОНЕ$) = -20.458813441661768
correctionProbability (#КРАСИВАЙ$ -> #КРАСИВОЙ$) = -13.17168138447888
correctionProbability (#КАБИНЕНТ$ -> #КАБИНЕТ$) = -7.617737885228237
correctionProbability (#TATUAGEN$ -> #TATUAGEM$) = -27.615708129256333
correctionProbability (#НУПТУНА$ -> #НЕПТУНА$) = -18.452181005571347
correctionProbability (#ОПЕРЕДЕЛИТЕ$ -> #ОПРЕДЕЛИТЕ$) = -18.61234735442406
correctionProbability (#ГИПАРИНОВАЯ$ -> #ГЕПАРИНОВАЯ$) = -21.05441003571852
correctionProbability (#ТЕТРАЛЬ$ -> #ТЕТРАДЬ$) = -9.228091588209935
correctionProbability (#ПОЗДОВ$ -> #ПОЕЗДОВ$) = -12.306198625582581
correctionProbability (#РЮЗЮМЕ$ -> #РЕЗЮМЕ$) = -10.174207703411543
correctionProbability (#ЭКСПЕРИЗА$ -> #ЭКСПЕРТИЗА$) = -16.578431246209355
correctionProbability (#ДАВЫДЮК$ -> #ДАВИДЮК$) = -20.701541468530777
correctionProbability (#ДОЧЬКИ$ -> #ДОЧКИ$) = -12.560015855126569
correctionProbability (#КЫРГЫСЧА$ -> #КЫРГЫЗЧА$) = -16.043991158063292
correctionProbability (#МОЖЕЛИ$ -> #МОДЕЛИ$) = -9.467470934345496
correctionProbability (#БАКН$ -> #БАНК$) = -72.0174459109402
correctionProbability (#SKAYPE$ -> #SKYPE$) = -15.004732511593804
correctionProbability (#ЕСДИ$ -> #ЕСЛИ$) = -5.012740854724068
correctionProbability (#ИРОВНЯ$ -> #УРОВНЯ$) = -12.064370659855282
correctionProbability (#ДОМИНИКАНО$ -> #ДОМИНИКАНА$) = -17.677602650923767
correctionProbability (#ФОРТРУНЕР$ -> #ФОРТУНЕР$) = -21.127817074491723
correctionProbability (#ПАДАРИ$ -> #ПОДАРИ$) = -14.698227331868107
correctionProbability (#ЕЛОВЕКА$ -> #ЧЕЛОВЕКА$) = -9.439444487362131
correctionProbability (#КАМЕНЕГОРСК$ -> #КАМЕНОГОРСК$) = -18.158397649859978
correctionProbability (#ОКРЫТЬ$ -> #ОТКРЫТЬ$) = -10.682757374695285
correctionProbability (#ПРЕЗЕНТЦИЯ$ -> #ПРЕЗЕНТАЦИЯ$) = -12.746092772923717
correctionProbability (#НОВОРОССИ$ -> #НОВОРОССИИ$) = -16.600703170465714
correctionProbability (#СЕНТИЗАТОР$ -> #СИНТЕЗАТОР$) = -84.26368959950636
correctionProbability (#ОПЕРЕДЕЛИТЬ$ -> #ОПРЕДЕЛИТЬ$) = -16.19783371760547
correctionProbability (#ЕКОНОМИЧНОГО$ -> #ЕКОНОМІЧНОГО$) = -26.40319046129398
correctionProbability (#ГОДАЯ$ -> #ГОЛАЯ$) = -7.364009257214182
correctionProbability (#МАГЕЛАНЕ$ -> #МАГЕЛЛАНЕ$) = -28.248448675791764
correctionProbability (#ПАСИАНС$ -> #ПАСЬЯНС$) = -73.38060613573847
correctionProbability (#ПЕОМЬ$ -> #ПЕРМЬ$) = -7.639381542383223
correctionProbability (#ИЛИЧА$ -> #ИЛЬИЧА$) = -16.898047038121188
correctionProbability (#ДОЧЬКА$ -> #ДОЧКА$) = -13.397073140563013
correctionProbability (#RTOTIKA$ -> #EROTIKA$) = -82.2721185267733
correctionProbability (#БЛАЖЕНОГО$ -> #БЛАЖЕННОГО$) = -21.410718533971227
correctionProbability (#КУРЦИН$ -> #КУРЦЫН$) = -17.091171628097097
correctionProbability (#ЗАЛАТАЯ$ -> #ЗОЛОТАЯ$) = -74.6348361941099
correctionProbability (#ВИНАГРАДА$ -> #ВИНОГРАДА$) = -13.003240149644874
correctionProbability (#РЕМКОМЛЕКТ$ -> #РЕМКОМПЛЕКТ$) = -19.215371407170792
correctionProbability (#ПОЛОЦИТ$ -> #ПОЛИЦИИ$) = -77.58850564948487
correctionProbability (#ЯЗЫКАВОЙ$ -> #ЯЗЫКОВОЙ$) = -19.211415065491543
correctionProbability (#ДИПЕЦК$ -> #ЛИПЕЦК$) = -10.570798731196835
correctionProbability (#ФОРМАТИ$ -> #ФОРМАТЕ$) = -13.708393966488032
correctionProbability (#БЬЯЛА$ -> #БЯЛА$) = -21.68599993327668
correctionProbability (#ПАЛАН$ -> #ПЛАН$) = -9.070550157259557
correctionProbability (#ШВЫДКО$ -> #ШВИДКО$) = -18.211387403801023
correctionProbability (#МАНДРОВОЕ$ -> #МАНГРОВОЕ$) = -34.70806697399262
correctionProbability (#СНИИСЯ$ -> #СНИТСЯ$) = -10.513795814749972
correctionProbability (#СИДКИ$ -> #СКИДКИ$) = -10.458506616509329
correctionProbability (#ВОЕНОСЛУЖАЩИМ$ -> #ВОЕННОСЛУЖАЩИМ$) = -25.698474043788224
correctionProbability (#ВЛЮБЛЁНЫХ$ -> #ВЛЮБЛЕННЫХ$) = -84.28369311632306
correctionProbability (#ЛУНЬТИК$ -> #ЛУНТИК$) = -10.53568362974175
correctionProbability (#POGODO$ -> #POGODA$) = -13.651905841844698
correctionProbability (#СЛУЧИЕ$ -> #СЛУЧАЕ$) = -13.535294038989552
correctionProbability (#ЗБОРКЕ$ -> #СБОРКЕ$) = -16.216373944043713
correctionProbability (#НОВОСИБИНСК$ -> #НОВОСИБИРСК$) = -12.412620909495786
correctionProbability (#ЧЕПАЕВА$ -> #ЧАПАЕВА$) = -18.042933546231154
correctionProbability (#КОЛЛИЗЕЙ$ -> #КОЛИЗЕЙ$) = -19.28901514281298
correctionProbability (#ДВУХЯРУСНАЯ$ -> #ДВУХЪЯРУСНАЯ$) = -22.822260403318943
correctionProbability (#СПРАВОЦИРОВАТЬ$ -> #СПРОВОЦИРОВАТЬ$) = -27.372179044425664
correctionProbability (#СОСЕ$ -> #СОСЕТ$) = -12.042574748785302
correctionProbability (#ПОАЗДНИКИ$ -> #ПРАЗДНИКИ$) = -12.414752245262576
correctionProbability (#АКВАМОЛ$ -> #АКВАМОЛЛ$) = -23.710790307324835
correctionProbability (#ГАГАДЖЕТ$ -> #ГАДЖЕТ$) = -85.93519148186789
correctionProbability (#СЛУЧИИ$ -> #СЛУЧАИ$) = -14.678502895323778
correctionProbability (#YOUTBE$ -> #YOUTUBE$) = -6.99163899335565
correctionProbability (#АНТО$ -> #АНТОН$) = -11.552112075697547
correctionProbability (#ЗБОРКА$ -> #СБОРКА$) = -11.763957090919117
correctionProbability (#ЧЕЛОВЕЕК$ -> #ЧЕЛОВЕК$) = -10.240812070350252
correctionProbability (#ДЖОСТИК$ -> #ДЖОЙСТИК$) = -18.182952616484066
correctionProbability (#СОЛЬО$ -> #СКОЛЬКО$) = -71.95920624756825
correctionProbability (#ПЛОСТИЧЕСКОЙ$ -> #ПЛАСТИЧЕСКОЙ$) = -20.164933597941825
correctionProbability (#ДИОГНАСТИЧЕСКИЙ$ -> #ДИАГНОСТИЧЕСКИЙ$) = -87.29133237098866
correctionProbability (#WORLF$ -> #WORLD$) = -8.47105254618275
correctionProbability (#ДЛИ$ -> #ДЛЯ$) = 1.7442845733663255
correctionProbability (#ПОЗНОВАТЕЛЬНОЙ$ -> #ПОЗНАВАТЕЛЬНОЙ$) = -25.3846357016415
correctionProbability (#СЕСТЕМЫ$ -> #СИСТЕМЫ$) = -9.874435903720709
correctionProbability (#МЛДЫ$ -> #МОДЫ$) = -7.724177996028029
correctionProbability (#ДЛЕ$ -> #ДЛЯ$) = 1.7482581363737388
correctionProbability (#ЖЕНЧИНУ$ -> #ЖЕНЩИНУ$) = -12.405509196747353
correctionProbability (#ГОСУДАРСВЕННОГО$ -> #ГОСУДАРСТВЕННОГО$) = -23.252850929538504
correctionProbability (#ПРИГОТОВИТЬЬ$ -> #ПРИГОТОВИТЬ$) = -14.857511084246795
correctionProbability (#ГОДЖУ$ -> #ГОДУ$) = -7.797028800290885
correctionProbability (#SPORTSPESA$ -> #SPORTPESA$) = -21.619681266776304
correctionProbability (#САДОВОА$ -> #САДОВОДА$) = -16.49889561949376
correctionProbability (#ЭРОТИЧЕСКИИЕ$ -> #ЭРОТИЧЕСКИЕ$) = -17.22809545418832
correctionProbability (#ГИСС$ -> #ГИС$) = -9.785416969184386
correctionProbability (#ДРОВЯННОЙ$ -> #ДРОВЯНОЙ$) = -23.101279924825995
correctionProbability (#МОДОМИ$ -> #МОДАМИ$) = -14.327199882637505
correctionProbability (#ДОЛЖЕ$ -> #ДОЛЖЕН$) = -11.246568571301676
correctionProbability (#ГЕМЕТРИИ$ -> #ГЕОМЕТРИИ$) = -13.68430032165616
correctionProbability (#ДЛА$ -> #ДЛЯ$) = 1.7469594348925064
correctionProbability (#ОБЩЫЙ$ -> #ОБЩИЙ$) = -11.97777317530657
correctionProbability (#АЛИСУМ$ -> #АЛИССУМ$) = -20.75522262417747
correctionProbability (#ПРИЗИНТАЦИЮ$ -> #ПРЕЗЕНТАЦИЮ$) = -81.93817917948323
correctionProbability (#ЖЕНЧИНЫ$ -> #ЖЕНЩИНЫ$) = -8.305263654545655
correctionProbability (#ДНЕПОВСКИЕ$ -> #ДНЕПРОВСКИЕ$) = -26.486306510799494
correctionProbability (#ДОЛЖА$ -> #ДОЛЖНА$) = -13.01317466988547
correctionProbability (#СОРФ$ -> #СЕРФ$) = -16.69376696837787
correctionProbability (#БЕРЮЗОВАЯ$ -> #БИРЮЗОВАЯ$) = -20.911783304172623
correctionProbability (#ДЕВКШКА$ -> #ДЕВУШКА$) = -8.572669441153998
correctionProbability (#SOSALKONO$ -> #SOSALKINO$) = -21.00480343751007
correctionProbability (#ІНТЕРАКТИВ$ -> #ИНТЕРАКТИВ$) = -20.73225509613949
correctionProbability (#ФАРТНАЙТ$ -> #ФОРТНАЙТ$) = -12.997030939615172
correctionProbability (#SENSETIVE$ -> #SENSITIVE$) = -21.634261583553986
correctionProbability (#СОРС$ -> #СОУРС$) = -15.516452126666326
correctionProbability (#ТВБЛИЦА$ -> #ТАБЛИЦА$) = -7.874092254256851
correctionProbability (#ОФОЦИАЛЬНЫЙ$ -> #ОФИЦИАЛЬНЫЙ$) = -6.982475978754131
correctionProbability (#СМЕРЕНИЕ$ -> #СМИРЕНИЕ$) = -18.542795851048275
correctionProbability (#ОЬРАЗ$ -> #ОБРАЗ$) = -10.095043445014493
correctionProbability (#МОРГАЛО$ -> #МОРГАЛЫ$) = -32.927512128697145
correctionProbability (#ЗЛОМАНУЮ$ -> #ВЗЛОМАННУЮ$) = -82.12271696353974
correctionProbability (#ЗБОРКУ$ -> #СБОРКУ$) = -15.21609103884175
correctionProbability (#ГРАЖАНИН$ -> #ГРАЖДАНИН$) = -16.93287060032754
correctionProbability (#ЕКАТЕРИИНБУРГ$ -> #ЕКАТЕРИНБУРГ$) = -15.409434852214574
correctionProbability (#КУХАННАЯ$ -> #КУХОННАЯ$) = -16.314107340354703
correctionProbability (#РЫЬЫ$ -> #РЫБЫ$) = -8.899150842333515
correctionProbability (#ПЕРЕДНЫЙ$ -> #ПЕРЕДНИЙ$) = -14.898394997278182
correctionProbability (#БАЕК$ -> #БАНК$) = -4.27120656595233
correctionProbability (#ХАРЕК$ -> #ХОРЕК$) = -17.023586507903712
correctionProbability (#МАЛОЛЕТ$ -> #МАЛОЛЕТКИ$) = -80.3935843507192
correctionProbability (#ТРАНСФОРМЫ$ -> #ТРАНСФОРМЕРЫ$) = -82.3426559451942
correctionProbability (#ПРИРУЧИТ$ -> #ПРИРУЧИТЬ$) = -14.081252546790815
correctionProbability (#ДЕВОЧОК$ -> #ДЕВОЧЕК$) = -7.682314526652277
correctionProbability (#МАЙНКФТ$ -> #МАЙНКРАФТ$) = -73.89536360122527
correctionProbability (#СОРК$ -> #СОРОК$) = -15.38826220857229
correctionProbability (#HOSTPOST$ -> #HOTSPOT$) = -146.38644935753817
correctionProbability (#ФАВОРІТ$ -> #ФАВОРИТ$) = -15.113528460303698
correctionProbability (#ЛЕСБИАНКИ$ -> #ЛЕСБИЯНКИ$) = -13.98938562773197
correctionProbability (#FLASKORE$ -> #FLASHKORE$) = -29.446846360685164
correctionProbability (#ПОЗНОКОМИТЬСЯ$ -> #ПОЗНАКОМИТЬСЯ$) = -20.246717647761983
correctionProbability (#ТАЮОР$ -> #ТАБОР$) = -7.893411891277289
correctionProbability (#ПИРАТС$ -> #ПИРАТЕС$) = -18.724251362736318
correctionProbability (#СОДЕЖАНИЕ$ -> #СОДЕРЖАНИЕ$) = -14.000607776844717
correctionProbability (#СОСТАЯНИЕ$ -> #СОСТОЯНИЕ$) = -14.500825294415442
correctionProbability (#ПОЗАЖИЕ$ -> #ПОХОЖИЕ$) = -78.50811230355922
correctionProbability (#ГАБАНТИН$ -> #ГАБАПЕНТИН$) = -87.62565865251551
correctionProbability (#YRALSKIE$ -> #URALSKIE$) = -22.103222105962203
correctionProbability (#КАСТОРНАЯ$ -> #КОСТОРНАЯ$) = -17.455336981941578
correctionProbability (#ГАДАНИП$ -> #ГАДАНИЕ$) = -9.094745885815492
correctionProbability (#3SEXSUAL$ -> #3SEXUAL$) = -26.83880867210395
correctionProbability (#СУПКР$ -> #СУПЕР$) = -7.108749916803788
correctionProbability (#МЕРСАДЕС$ -> #МЕРСЕДЕС$) = -10.827480843508198
correctionProbability (#КАТАДОГ$ -> #КАТАЛОГ$) = -6.470368237391078
correctionProbability (#СОРТРЕТ$ -> #СОТРЕТ$) = -22.626084815952098
correctionProbability (#СЕСТЕМА$ -> #СИСТЕМА$) = -8.902799174790921
correctionProbability (#TRIPMYDREM$ -> #TRIPMYDREAM$) = -21.906426113049818
correctionProbability (#СГУЩЕНОГО$ -> #СГУЩЕННОГО$) = -25.76954039514935
correctionProbability (#ВОЛГОГГАРД$ -> #ВОЛГОГРАД$) = -78.79966763263353
correctionProbability (#БЮТИФУЛ$ -> #БЬЮТИФУЛ$) = -21.585897294016853
correctionProbability (#СИДЛО$ -> #СЕДЛО$) = -15.952483244251045
correctionProbability (#НЕСЕМЕТРИЧНЫЙ$ -> #НЕСИММЕТРИЧНЫЙ$) = -97.48428041061236
correctionProbability (#УДАИТЬ$ -> #УДАЛИТЬ$) = -11.086597465620194
correctionProbability (#HAMER$ -> #HAMMER$) = -17.955513108817083
correctionProbability (#ФОЛЬКЛОРНИЙ$ -> #ФОЛЬКЛОРНЫЙ$) = -24.21797093806577
correctionProbability (#ПОСРЕДСТВАМ$ -> #ПОСРЕДСТВОМ$) = -21.56167038201319
correctionProbability (#УЕЙН$ -> #УЭЙН$) = -14.439945158779256
correctionProbability (#РАЙФАЗЕН$ -> #РАЙФФАЙЗЕН$) = -83.26605787307567
correctionProbability (#ЭРОЧИЧЕСКОЕ$ -> #ЭРОТИЧЕСКОЕ$) = -17.92268520212498
correctionProbability (#СЕРВИРОВАЧНЫЙ$ -> #СЕРВИРОВОЧНЫЙ$) = -26.82765256439778
correctionProbability (#ПОЦОНА$ -> #ПАЦАНА$) = -79.3521833003268
correctionProbability (#МОЧЕСПУСКАНИЯ$ -> #МОЧЕИСПУСКАНИЯ$) = -25.651887157213245
correctionProbability (#АЛЕКМАНДР$ -> #АЛЕКСАНДР$) = -10.200013534047052
correctionProbability (#ПЫСНЮ$ -> #ПІСНЮ$) = -13.213818619349158
correctionProbability (#SKACEATI$ -> #SCACIATI$) = -82.15752885375889
correctionProbability (#КАРТИРИДЖ$ -> #КАРТРИДЖ$) = -15.162904664150986
correctionProbability (#ТРКУТСК$ -> #ИРКУТСК$) = -9.259259727204544
correctionProbability (#РЫЬА$ -> #РЫБА$) = -8.897891872790634
correctionProbability (#ОБНАВЛЯЕТСЯ$ -> #ОБНОВЛЯЕТСЯ$) = -23.037291646182354
correctionProbability (#ДМА$ -> #ДОМА$) = -5.00822805523919
correctionProbability (#ДЛЮ$ -> #ДЛЯ$) = 1.7425094356893247
correctionProbability (#ОДНОКЛАССКНИКИ$ -> #ОДНОКЛАССНИКИ$) = -13.728054282439388
correctionProbability (#ИСКУСТВЕНАЯ$ -> #ИСКУССТВЕННАЯ$) = -88.51941496874308
correctionProbability (#ТРЯНСЛЯЦИЯ$ -> #ТРАНСЛЯЦИЯ$) = -13.020888827749054
correctionProbability (#ДЛЫ$ -> #ДЛЯ$) = 1.7424006513541634
correctionProbability (#ВЕЧОРОМ$ -> #ВЕЧЕРОМ$) = -13.446912495540573
correctionProbability (#КОЛДОБРА$ -> #КОЛОБКА$) = -84.02900144967006
correctionProbability (#ЧАМОВ$ -> #ЧАСОВ$) = -9.04275749957026
correctionProbability (#СВЕТОФЛР$ -> #СВЕТОФОР$) = -13.910789577265618
correctionProbability (#СКАЧЧАТЬ$ -> #СКАЧАТЬ$) = -5.035085193349685
correctionProbability (#РЕМБРАНТА$ -> #РЕМБРАНДТА$) = -24.134830819378017
correctionProbability (#ДЛЬ$ -> #ДЛЯ$) = 1.7424369141141263
correctionProbability (#ДЛ$ -> #ДЛЯ$) = 1.1579374393823905
correctionProbability (#КАРПАЧЕ$ -> #КАРПАЧЧО$) = -85.9771552834891
correctionProbability (#TRIPMYDREA$ -> #TRIPMYDREAM$) = -21.903822882390507
correctionProbability (#ДАВЫДЫЧ$ -> #ДАВИДЫЧ$) = -20.12270340306975
correctionProbability (#БОЛАНС$ -> #БАЛАНС$) = -11.710034599679933
correctionProbability (#ПЕРЕВЕОД$ -> #ПЕРЕВОД$) = -10.84247859114128
correctionProbability (#ЩНАК$ -> #ЗНАК$) = -7.666237629685334
correctionProbability (#ВОЛОГРАД$ -> #ВОЛГОГРАД$) = -12.100200953435085
correctionProbability (#ГИРЛ$ -> #ГЕРЛ$) = -14.453856274746546
correctionProbability (#ЦАНА$ -> #ЦЕНА$) = -2.2282894337017183
correctionProbability (#ГОЗУНОВА$ -> #ГОДУНОВА$) = -21.1229283854858
correctionProbability (#КАРДАРОН$ -> #КОРДАРОН$) = -20.002515345519967
correctionProbability (#КАРТНКУ$ -> #КАРТИНКУ$) = -13.218545538242665
correctionProbability (#ПЛЯЦЕВОИ$ -> #ПЛЯЦЕВОЙ$) = -33.899338481573054
correctionProbability (#MAMSI$ -> #MAMSY$) = -16.648553324365654
correctionProbability (#ПИРАТІ$ -> #ПИРАТЫ$) = -10.94431504850979
correctionProbability (#БИТАА$ -> #БИТВА$) = -7.107569855286538
correctionProbability (#ДЕТСКИИЙ$ -> #ДЕТСКИЙ$) = -10.296794506648126
correctionProbability (#БЕГИМОТ$ -> #БЕГЕМОТ$) = -16.686652381334554
correctionProbability (#САЧТЬ$ -> #СКАЧАТЬ$) = -68.4407684401082
correctionProbability (#СОУН$ -> #СТОУН$) = -13.424290384782541
correctionProbability (#САЖЕНЦИ$ -> #САЖЕНЦЫ$) = -13.556660079580624
correctionProbability (#КУРИННЫХ$ -> #КУРИНЫХ$) = -18.650931441027403
correctionProbability (#РЕШЕЬНИК$ -> #РЕШЕБНИК$) = -11.32314236181606
correctionProbability (#DATSI$ -> #DAISY$) = -82.12186335707997
correctionProbability (#ГИФК$ -> #ГИФКИ$) = -10.379331433912764
correctionProbability (#УЕНВ$ -> #ЦЕНА$) = -66.9851151997048
correctionProbability (#САЖАТ$ -> #САЖАТЬ$) = -12.595476885491852
correctionProbability (#СТРИШКИ$ -> #СТРИЖКИ$) = -10.288299585392004
correctionProbability (#MINECARFT$ -> #MINECRAFT$) = -80.42958582957574
correctionProbability (#АКУНТ$ -> #АККАУНТ$) = -77.40518420774742
correctionProbability (#МИДОКАЛ$ -> #МИДОКАЛМ$) = -16.845387588064007
correctionProbability (#УЕНА$ -> #ЦЕНА$) = -2.1887044020565156
correctionProbability (#СКУЛЬТУРА$ -> #СКУЛЬПТУРА$) = -18.326812282964838
correctionProbability (#ANQLIYSKOM$ -> #ANGLIYSKOM$) = -24.656103466572986
correctionProbability (#РАЗОРХОВИРОВАТЬ$ -> #РАЗАРХИВИРОВАТЬ$) = -94.08419118758148
correctionProbability (#ЭМИРЭЙТС$ -> #ЭМИРЕЙТС$) = -20.285684297772868
correctionProbability (#КРАМИВОЕ$ -> #КРАСИВОЕ$) = -12.347448558476351
correctionProbability (#НИЖНИКАМСК$ -> #НИЖНЕКАМСК$) = -16.835372614724484
correctionProbability (#РАЗМНОЖАЮТ$ -> #РАЗМНОЖАЮТСЯ$) = -88.53826627550023
correctionProbability (#ИТАЛТЯНСКИ$ -> #ИТАЛЬЯНСКИ$) = -20.66062801032014
correctionProbability (#ОБЬЕКТИВ$ -> #ОБЪЕКТИВ$) = -16.90584535117201
correctionProbability (#НУЖНВ$ -> #НУЖНЫ$) = -10.58607213143151
correctionProbability (#ПРОГОТОВИТЬ$ -> #ПРИГОТОВИТЬ$) = -12.40801801989953
correctionProbability (#СИДМТ$ -> #СИДИТ$) = -13.076319247876643
correctionProbability (#СУПЕРДЖО$ -> #СУПЕРДЖОБ$) = -15.97999941800633
correctionProbability (#ОПОЛЧЕНИ$ -> #ОПОЛЧЕНИЯ$) = -18.403818443213126
correctionProbability (#ДНМ$ -> #ДНЕМ$) = -4.789193198604853
correctionProbability (#CRAKED$ -> #CRACKED$) = -18.81152117039541
correctionProbability (#ТАЮТА$ -> #ТОЙОТА$) = -138.93127074623052
correctionProbability (#КОРОСЕН$ -> #КОРОСТЕНЬ$) = -85.77018942023575
correctionProbability (#МАГАЗН$ -> #МАГАЗИН$) = -5.636839575731608
correctionProbability (#НОВЬЕН$ -> #НАВЬЕН$) = -17.459424278114515
correctionProbability (#БУДЕЩЕЕ$ -> #БУДУЩЕЕ$) = -11.959041032380085
correctionProbability (#ЕА$ -> #НА$) = 2.6498135049550307
correctionProbability (#АЛИЭКСРЕСС$ -> #АЛИЭКСПРЕСС$) = -11.969692768182611
correctionProbability (#ШЕРБАКОВА$ -> #ЩЕРБАКОВА$) = -16.53391029199731
correctionProbability (#ОСЕНИЯ$ -> #ОСЕННЯЯ$) = -76.95890134442156
correctionProbability (#КАЛЛОРИИ$ -> #КАЛОРИИ$) = -19.696853097380213
correctionProbability (#ЁГОЙ$ -> #ЙОГОЙ$) = -82.62881692711281
correctionProbability (#IPHONA$ -> #IPHONE$) = -9.630979016594882
correctionProbability (#БЕСПЛАТРОЕ$ -> #БЕСПЛАТНОЕ$) = -14.743468162190744
correctionProbability (#ЛАЗАРЕВКЕ$ -> #ЛАЗАРЕВСКОЕ$) = -84.37130081203667
correctionProbability (#НУЖНЛ$ -> #НУЖНО$) = -8.052348929894226
correctionProbability (#МЕГАФО$ -> #МЕГАФОН$) = -9.7008180682515
correctionProbability (#УЧИНИЦЕЙ$ -> #УЧЕНИЦЕЙ$) = -23.090758321090632
correctionProbability (#МАГАЗИ$ -> #МАГАЗИН$) = -5.598333881800732
correctionProbability (#TRIPMYDRAM$ -> #TRIPMYDREAM$) = -21.893894105314303
correctionProbability (#УШКОВА$ -> #УШАКОВА$) = -16.14697499102961
correctionProbability (#ОУССКИЙ$ -> #РУССКИЙ$) = -6.791997328865591
correctionProbability (#ЕЗ$ -> #БЕЗ$) = -2.8681542518318963
correctionProbability (#ОБРАШАТЬСЯ$ -> #ОБРАЩАТЬСЯ$) = -18.892929835967507
correctionProbability (#ОЛЛТАЙМЫ$ -> #АЛЛТАЙМ$) = -92.41390199291921
correctionProbability (#ЛОШКА$ -> #ЛОЖКА$) = -12.965631913872127
correctionProbability (#BUTIC$ -> #BUTIK$) = -10.461610806857752
correctionProbability (#СВОМИ$ -> #СВОИМИ$) = -5.993178429927045
correctionProbability (#ПОТЕРЕННЫЕ$ -> #ПОТЕРЯННЫЕ$) = -22.145196589511258
correctionProbability (#СКРГУТ$ -> #СУРГУТ$) = -10.246551640236202
correctionProbability (#ДОТЯНУТСЯ$ -> #ДОТЯНУТЬСЯ$) = -24.412698899842162
correctionProbability (#ПООЛНАЯ$ -> #ПОЛНАЯ$) = -13.569044554088524
correctionProbability (#ТУРАДЫ$ -> #ТҰРАДЫ$) = -21.519724100068235
correctionProbability (#ШКИРИ$ -> #ШКІРИ$) = -19.482012284756433
correctionProbability (#БУЛИТ$ -> #БУЛЛИТ$) = -22.970980935109182
correctionProbability (#МОСКУВА$ -> #МОСКВА$) = -6.646960250840081
correctionProbability (#ІСПОРТ$ -> #СПОРТ$) = -9.41765064336995
correctionProbability (#ПОЛИКЛИНМКА$ -> #ПОЛИКЛИНИКА$) = -13.482422967877284
correctionProbability (#СПОСОБОМИ$ -> #СПОСОБАМИ$) = -18.11638587626485
correctionProbability (#САДОВОДВ$ -> #САДОВОДА$) = -15.95239159101449
correctionProbability (#СПБГУЭИФ$ -> #СПБГУЭФ$) = -35.583683012732735
correctionProbability (#ТРАТОРА$ -> #ТРАКТОРА$) = -13.793654488135402
correctionProbability (#ТРАНССВЕСТИТЫ$ -> #ТРАНСВЕСТИТЫ$) = -25.467581383731158
correctionProbability (#СОТР$ -> #СОРТ$) = -78.88531324394869
correctionProbability (#АЙФОРИЯ$ -> #ЭЙФОРИЯ$) = -14.37320927738935
correctionProbability (#АФИТО$ -> #АВИТО$) = -2.846792913325327
correctionProbability (#МАСКИШОП$ -> #МАКСИШОП$) = -101.68849345090464
correctionProbability (#ТАУНХАУЗОВ$ -> #ТАУНХАУСОВ$) = -24.04101911271205
correctionProbability (#ОДНОКЛАСНЕКИ$ -> #ОДНОКЛАССНИКИ$) = -76.47197419474738
correctionProbability (#ПОЛАРОК$ -> #ПОДАРОК$) = -10.478163516687658
correctionProbability (#ПЕРЕАОД$ -> #ПЕРЕВОД$) = -8.33817182577286
correctionProbability (#ГЕПЕРТЕН$ -> #НИПЕРТЕН$) = -86.50360298925662
correctionProbability (#ДЕВКШКУ$ -> #ДЕВУШКУ$) = -11.759936242692497
correctionProbability (#ТРАУТВЕИН$ -> #ТРАУТВЕЙН$) = -28.871639249501975
correctionProbability (#ИМЗЕРЕНИЕМ$ -> #ИЗМЕРЕНИЕМ$) = -88.65995275427365
correctionProbability (#WORDHUNT$ -> #WOOORDHUNT$) = -88.92943614981687
correctionProbability (#ИСПОЛЬНИТЕЛЬНЫЙ$ -> #ИСПОЛНИТЕЛЬНЫЙ$) = -26.405488096937937
correctionProbability (#ОСЕНИЙ$ -> #ОСЕННИЙ$) = -10.32571498385014
correctionProbability (#REKASSA$ -> #REDKASSA$) = -28.982619967639344
correctionProbability (#МИЛИГРАМ$ -> #МИЛЛИГРАММ$) = -89.56535731047073
correctionProbability (#HARSLE$ -> #HARLEY$) = -83.86360425181275
correctionProbability (#ПУФИН$ -> #ПУФФИН$) = -22.490327330623685
correctionProbability (#RAMBL$ -> #RAMBLER$) = -78.33474842365816
correctionProbability (#ЧОТКИ$ -> #ЧОТКИЙ$) = -18.123318319601484
correctionProbability (#ЛЮБВОЬ$ -> #ЛЮБОВЬ$) = -74.33716646817552
correctionProbability (#СКАЧАЙТЬ$ -> #СКАЧАТЬ$) = -5.0281783021454185
correctionProbability (#ВАРОНИНЫ$ -> #ВОРОНИНЫ$) = -13.409464311438555
correctionProbability (#РУЛЕТЕА$ -> #РУЛЕТКА$) = -11.775864130270705
correctionProbability (#ОРИСАНИЕ$ -> #ОПИСАНИЕ$) = -10.038778473514611
correctionProbability (#СВЕДИМИ$ -> #СВЕЖИМИ$) = -20.349250575193594
correctionProbability (#ВДНГ$ -> #ВДНХ$) = -12.043020228581288
correctionProbability (#ОСЕНИХ$ -> #ОСЕННИХ$) = -13.309449308829542
correctionProbability (#ЦЕРКОВНИЕ$ -> #ЦЕРКОВНЫЕ$) = -18.374588720517075
correctionProbability (#КАРПАЧИО$ -> #КАРПАЧЧО$) = -20.630711934528158
correctionProbability (#БЕЛИТЫ$ -> #БИЛЕТЫ$) = -72.1818165969036
correctionProbability (#РАБОТЕТ$ -> #РАБОТАЕТ$) = -11.849440120168367
correctionProbability (#ТЕЛЕФОЕЫ$ -> #ТЕЛЕФОНЫ$) = -12.521154372641085
correctionProbability (#АНИМЭВОСТ$ -> #АНИМЕВОСТ$) = -17.520109400134835
correctionProbability (#АВАКІН$ -> #АВАКИН$) = -15.904288409020257
correctionProbability (#ФИЛЬИМЛАРИ$ -> #ФИЛЬМЛАРИ$) = -29.053050798763692
correctionProbability (#ОКАТВИЯ$ -> #ОКТАВИЯ$) = -81.69976908396771
correctionProbability (#YOUTEB$ -> #YOUTUBE$) = -71.72304955199445
correctionProbability (#XVIDEOES$ -> #XVIDEOS$) = -14.063556266536935
correctionProbability (#ТВИЗЗЛ$ -> #ТВИЗЛ$) = -23.619262066268476
correctionProbability (#ПЕРСТАВЛЕНИЯ$ -> #ПРЕДСТАВЛЕНИЯ$) = -87.20252225651633
correctionProbability (#ГАЛАНДИЯ$ -> #ГОЛЛАНДИЯ$) = -84.28261452734047
correctionProbability (#ВЫКАПЫВАЮТСЯ$ -> #ВЫКАПЫВАЮТ$) = -94.94358955336929
correctionProbability (#МЕТАЛИСТОВ$ -> #МЕТАЛЛИСТОВ$) = -25.531881062388223
correctionProbability (#MAMSU$ -> #MAMSY$) = -16.652133604124504
correctionProbability (#КРОКСИ$ -> #КРОКСЫ$) = -18.993104840217416
correctionProbability (#ЧЕОВЕК$ -> #ЧЕЛОВЕК$) = -8.31537205843324
correctionProbability (#АМЕРЕКАНСКАЯ$ -> #АМЕРИКАНСКАЯ$) = -17.472403329528206
correctionProbability (#ОНДРОЙД$ -> #АНДРОИД$) = -73.86738714068815
correctionProbability (#КРУПНЫИ$ -> #КРУПНЫЙ$) = -15.182705890904792
correctionProbability (#НИЧИПОРЕНКО$ -> #НЕЧИПОРЕНКО$) = -23.060383373896755
correctionProbability (#IPHOME$ -> #IPHONE$) = -9.628661897439752
correctionProbability (#МЫТИЩИНСКИИ$ -> #МЫТИЩИНСКИЙ$) = -22.96381632653322
correctionProbability (#ЕЛЕНВ$ -> #ЕЛЕНА$) = -7.355327685395714
correctionProbability (#КУРИННЫЙ$ -> #КУРИНЫЙ$) = -18.009794447543378
correctionProbability (#РАНСПОРТНАЯ$ -> #ТРАНСПОРТНАЯ$) = -17.943322578171284
correctionProbability (#ДВНРИ$ -> #ДВЕРИ$) = -6.424728831342918
correctionProbability (#ПРОБЛОКС$ -> #РОБЛОКС$) = -9.853425467092066
correctionProbability (#МУЛЬТФІЛЬМА$ -> #МУЛЬТФИЛЬМА$) = -18.069671297347014
correctionProbability (#ВЫМАЧИТЬ$ -> #ВЫМОЧИТЬ$) = -23.484097021092943
correctionProbability (#СОДЕРАНИЕ$ -> #СОДЕРЖАНИЕ$) = -13.99529052084521
correctionProbability (#ПАППИЛОМА$ -> #ПАПИЛЛОМА$) = -87.64245938710913
correctionProbability (#ХАФИЗВА$ -> #ХАФИЗОВА$) = -23.154766141215134
correctionProbability (#ЩНАЧИТ$ -> #ЗНАЧИТ$) = -9.473404855582746
correctionProbability (#ГООГОЛ$ -> #ГОГОЛЬ$) = -80.75847174987139
correctionProbability (#ОСЕНИЕ$ -> #ОСЕННИЕ$) = -9.963889905658668
correctionProbability (#ЕТЕВОЙ$ -> #СЕТЕВОЙ$) = -9.195019976495466
correctionProbability (#ЖЕНЧИНА$ -> #ЖЕНЩИНА$) = -9.112110025197467
correctionProbability (#ВАРГЕМИНГ$ -> #ВАРГЕЙМИНГ$) = -19.94393375142579
correctionProbability (#PRODIGI$ -> #PRODIGY$) = -18.072229527488446
correctionProbability (#РУЛЕИИ$ -> #РУЛЕТИКИ$) = -82.996359041288
correctionProbability (#МОДОНА$ -> #МАДОННА$) = -80.7991707201348
correctionProbability (#ЖАРЕННЫМИ$ -> #ЖАРЕНЫМИ$) = -24.062676400508558
correctionProbability (#РОЗАВЫЙ$ -> #РОЗОВЫЙ$) = -12.89555774295711
correctionProbability (#КАРУСТЫ$ -> #КАПУСТЫ$) = -11.257560660771304
correctionProbability (#БЕЛЛОРУСИИ$ -> #БЕЛОРУССИИ$) = -82.8708631018466
correctionProbability (#ОПРАВИТЬ$ -> #ОТПРАВИТЬ$) = -15.406061812935128
correctionProbability (#СИСЯТУЮ$ -> #СИСЯСТУЮ$) = -20.27167511976682
correctionProbability (#БЕЛИТИ$ -> #БИЛЕТЫ$) = -136.89331436189883
correctionProbability (#ПРИСТИТУКИ$ -> #ПРОСТИТУТКИ$) = -79.68529327337046
correctionProbability (#МАЛАДИЕ$ -> #МОЛОДЫЕ$) = -141.44561381207077
correctionProbability (#СТИРАЛЬЕОЙ$ -> #СТИРАЛЬНОЙ$) = -15.104138704222926
correctionProbability (#КАССИО$ -> #КАСИО$) = -18.215764394971426
correctionProbability (#ЧИСТИЬ$ -> #ЧИСТИТЬ$) = -14.875760304073822
correctionProbability (#ТАКИБАНА$ -> #ТАТИБАНА$) = -27.03564232949909
correctionProbability (#ГРУЗОПОДЕМНОСТЬ$ -> #ГРУЗОПОДЪЕМНОСТЬ$) = -29.068065789418938
correctionProbability (#FREAMWORK$ -> #FRAMEWORK$) = -85.38914633429921
correctionProbability (#ЧЕЛОВЕКВ$ -> #ЧЕЛОВЕКА$) = -8.89320098129651
correctionProbability (#РЫЖЫХ$ -> #РЫЖИХ$) = -16.63234198632944
correctionProbability (#ДИГЕР$ -> #ДИГГЕР$) = -21.712260583522106
correctionProbability (#АВТОБИЛИСТА$ -> #АВТОМОБИЛИСТА$) = -83.86411805114585
correctionProbability (#ДЕОГАЕТСЯ$ -> #ДЕРГАЕТСЯ$) = -18.523688227745026
correctionProbability (#НОВОГОРОД$ -> #НОВГОРОД$) = -12.284925681638093
correctionProbability (#ТЕНИСНЫЕ$ -> #ТЕННИСНЫЕ$) = -21.575493332460717
correctionProbability (#МИНЕКРАФТ$ -> #МАЙНКРАФТ$) = -140.56093454739892
correctionProbability (#СКМЫЕ$ -> #САМЫЕ$) = -6.31033829464041
correctionProbability (#WELDBERIS$ -> #WILDBERRIES$) = -146.0382020970346
correctionProbability (#ЧАМТЬ$ -> #ЧАСТЬ$) = -6.417358153862647
correctionProbability (#CЕРИАЛ$ -> #СЕРИАЛ$) = -4.094176811508888
correctionProbability (#ВЗОДИТ$ -> #ВХОДИТ$) = -12.388523963492947
correctionProbability (#ДОСТВКА$ -> #ДОСТАВКА$) = -10.26523947677736
correctionProbability (#ПРИЦИП$ -> #ПРИНЦИП$) = -13.461144854273613
correctionProbability (#РЕВОЛЮШИН$ -> #РЕВОЛЮШЕН$) = -22.687674933231023
correctionProbability (#УДАЛЕНОЙ$ -> #УДАЛЕННОЙ$) = -22.3279393192214
correctionProbability (#КИНДКИНО$ -> #КИНДИНОВ$) = -90.79255412016752
correctionProbability (#ШИШМАНОВИЧИ$ -> #ШИМАНОВИЧ$) = -94.63141951540129
correctionProbability (#ТЬУШИНСКАЯ$ -> #ТУШИНСКАЯ$) = -23.79497894842192
correctionProbability (#AVTOCAD$ -> #AUTOCAD$) = -16.42243875714972
correctionProbability (#АЛАТРА$ -> #АЛЛАТРА$) = -21.398069305305754
correctionProbability (#ТЕНИСНЫЙ$ -> #ТЕННИСНЫЙ$) = -19.218101773413395
correctionProbability (#УКИПЕДИЯ$ -> #УИКИПЕДИЯ$) = -20.94358213002493
correctionProbability (#АННЯ$ -> #АНЯ$) = -14.2993354347856
correctionProbability (#АЯВЛЕНИЕ$ -> #ЗАЯВЛЕНИЕ$) = -13.102325111047364
correctionProbability (#ОБЩИ$ -> #ОБЩИЙ$) = -12.522973195432957
correctionProbability (#ИССКУСТВА$ -> #ИСКУССТВА$) = -82.8669668128101
correctionProbability (#УЧАСКА$ -> #УЧАСТКА$) = -12.816951636258793
correctionProbability (#УДАЛЕНОЕ$ -> #УДАЛЕННОЕ$) = -21.359924243303283
correctionProbability (#ДЕКЛАРАЦІІ$ -> #ДЕКЛАРАЦІЇ$) = -23.82464182259214
correctionProbability (#ОТЗЫУЫ$ -> #ОТЗЫВЫ$) = -4.860557365121711
correctionProbability (#ЖХАЧ$ -> #ЖАХАЧ$) = -17.017870698908613
correctionProbability (#ГОВОИЛА$ -> #ГОВОРИЛА$) = -18.531830466873693
correctionProbability (#ПОНОТИЯ$ -> #ПОНЯТИЯ$) = -14.88551072203854
correctionProbability (#АФИДА$ -> #АФФИДА$) = -23.40251993938979
correctionProbability (#ТАРАНТИНА$ -> #ТАРАНТИНО$) = -18.589475572468494
correctionProbability (#АГАРІО$ -> #АГАРИО$) = -14.000527530433207
correctionProbability (#SHEMALY$ -> #SHEMALE$) = -14.373027589486789
correctionProbability (#PABG$ -> #PUBG$) = -10.173633238297473
correctionProbability (#ИЗРАИЛ$ -> #ИЗРАИЛЬ$) = -12.694842337562122
correctionProbability (#МОЛИНЕКС$ -> #МУЛИНЕКС$) = -18.303800922730986
correctionProbability (#ВЕТЕРЕНАРНАЯ$ -> #ВЕТЕРИНАРНАЯ$) = -19.529214275460824
correctionProbability (#ДЛИНОНОГИЕ$ -> #ДЛИННОНОГИЕ$) = -25.60453792357456
correctionProbability (#ДПВАТЬ$ -> #ДАВАТЬ$) = -13.481095185096041
correctionProbability (#ЖИЗНЕНЫЕ$ -> #ЖИЗНЕННЫЕ$) = -18.919660115698115
correctionProbability (#IZL$ -> #IZLE$) = -12.834884518775876
correctionProbability (#НАСТРОКИ$ -> #НАСТРОЙКИ$) = -15.651696821464313
correctionProbability (#ВИДИОРЕГИСТРАТОРЫ$ -> #ВИДЕОРЕГИСТРАТОРЫ$) = -25.582988501194933
correctionProbability (#БОРДЖИ$ -> #БОРДЖИА$) = -18.459490022321702
correctionProbability (#БИМЕДЖИ$ -> #БИМЕНДЖИ$) = -18.760272934799126
correctionProbability (#БОЙКАЛ$ -> #БАЙКАЛ$) = -12.272714728591264
correctionProbability (#ОБЕЗЯНКИ$ -> #ОБЕЗЬЯНКИ$) = -18.636727713551082
correctionProbability (#ДААЛЕНИЕ$ -> #ДАВЛЕНИЕ$) = -12.383648827822235
correctionProbability (#БЕНЗАНОСОС$ -> #БЕНЗОНАСОС$) = -83.86147042983171
correctionProbability (#CHORNY$ -> #CHORNI$) = -21.952766694970645
correctionProbability (#ДОЯ$ -> #ДЛЯ$) = 1.728050107275532
correctionProbability (#НУЖЛО$ -> #НУЖНО$) = -8.043322982877715
correctionProbability (#ЭКЦЕСТ$ -> #ИНЦЕСТ$) = -73.83703458927903
correctionProbability (#БАБГ$ -> #ПАБГ$) = -11.150840820381863
correctionProbability (#CHAYRUEL$ -> #CHARUEL$) = -21.385852090566964
correctionProbability (#ЛОКАНЫ$ -> #ЛОКОНЫ$) = -16.107305535075664
correctionProbability (#МАРШРУИ$ -> #МАРШРУТ$) = -10.879435510294009
correctionProbability (#ВОООС$ -> #ВОЛОС$) = -7.270019269409719
correctionProbability (#WOODOO$ -> #VOODOO$) = -20.635008199259662
correctionProbability (#ВОСТАНАВЛИВАЕТ$ -> #ВОССТАНАВЛИВАЕТ$) = -31.006270558348817
correctionProbability (#ПОЗНОВАТЕЛЬНАЯ$ -> #ПОЗНАВАТЕЛЬНАЯ$) = -26.151738420904053
correctionProbability (#ХЛОАЗМ$ -> #ХЛОАЗМА$) = -24.875347633234313
correctionProbability (#ГЕТАРНЫЙ$ -> #ГИТАРНЫЙ$) = -19.583946144577723
correctionProbability (#FOOTBAL$ -> #FOOTBALL$) = -14.083331686596338
correctionProbability (#ПЕРЕДНЕИ$ -> #ПЕРЕДНЕЙ$) = -15.28575557637403
correctionProbability (#SVEDBANK$ -> #SWEDBANK$) = -16.440163503569813
correctionProbability (#ЛАЬИРИНТ$ -> #ЛАБИРИНТ$) = -12.86583496923626
correctionProbability (#РОБШЛОКС$ -> #РОБЛОКС$) = -9.877041518189984
correctionProbability (#МОНУТ$ -> #МОГУТ$) = -10.384124534487608
correctionProbability (#ФАНВИЗИНА$ -> #ФОНВИЗИНА$) = -20.525498433639946
correctionProbability (#TRILL$ -> #THRILL$) = -18.529135841121164
correctionProbability (#ТЕОРЕТИЧЕКОЙ$ -> #ТЕОРЕТИЧЕСКОЙ$) = -26.530900026514075
correctionProbability (#РОБИНСАН$ -> #РОБИНСОН$) = -20.35107570510329
correctionProbability (#ИЛЮМИНАТОР$ -> #ИЛЛЮМИНАТОР$) = -26.701523382334365
correctionProbability (#ШШОХОБЧАСИ$ -> #ШАХОБЧАСИ$) = -102.1243123209023
correctionProbability (#ЕЛЕГА$ -> #ЕЛЕНА$) = -7.344808815928051
correctionProbability (#ГЕНРИЭТТА$ -> #ГЕНРИЕТТА$) = -23.901530932058954
correctionProbability (#ТОРЕКСТ$ -> #ТОРЕКС$) = -19.914531767406498
correctionProbability (#РААСПИСАНИЕ$ -> #РАСПИСАНИЕ$) = -12.135287908984118
correctionProbability (#ПРАСТОЙ$ -> #ПРОСТОЙ$) = -11.493550040597526
correctionProbability (#БАРИКАДНОЙ$ -> #БАРРИКАДНОЙ$) = -25.754704869049576
correctionProbability (#ВЕГОСЕ$ -> #ВЕГАСЕ$) = -14.125175066927941
correctionProbability (#ПАСУДЫ$ -> #ПОСУДЫ$) = -12.854024782716042
correctionProbability (#ПЧТА$ -> #ПОЧТА$) = -4.474499834686114
correctionProbability (#ЧУДКИ$ -> #ЧУЛКИ$) = -12.729418794601859
correctionProbability (#ЩЕЛКОГО$ -> #ЩЕЛКОВО$) = -13.750871318919785
correctionProbability (#АННВ$ -> #АННА$) = -6.719553249296187
correctionProbability (#АЛЕРА$ -> #ВАЛЕРА$) = -9.784297937136376
correctionProbability (#РОСИИСКИЕ$ -> #РОССИЙСКИЕ$) = -77.14016205982452
correctionProbability (#СПИННИГ$ -> #СПИННИНГ$) = -16.114736854149065
correctionProbability (#МУЗИКЕ$ -> #МУЗЫКЕ$) = -13.100829884806199
correctionProbability (#ЗАБИРИ$ -> #ЗАБЕРИ$) = -16.52383467666998
correctionProbability (#КРАСНОДАО$ -> #КРАСНОДАР$) = -9.871457247901027
correctionProbability (#КОНЦЭРТ$ -> #КОНЦЕРТ$) = -9.51309405384189
correctionProbability (#СОРНИК$ -> #СБОРНИК$) = -11.101888864901674
correctionProbability (#ГОНКОГЕ$ -> #ГОНКОНГЕ$) = -19.614310679355334
correctionProbability (#FILMTORRENT$ -> #FILMITORRENT$) = -26.54900612524728
correctionProbability (#СОРКАЗМ$ -> #САРКАЗМ$) = -19.1059366251844
correctionProbability (#МУЗИКИ$ -> #МУЗЫКИ$) = -10.344274851880652
correctionProbability (#СМЕШАНОЙ$ -> #СМЕШАННОЙ$) = -22.6584076473833
correctionProbability (#ВОДАВОC$ -> #ВОДОВОЗ$) = -84.73391373612266
correctionProbability (#КУФУР$ -> #КУФАР$) = -9.150831098524169
correctionProbability (#ПОЧТПА$ -> #ПОЧТА$) = -6.41592892244779
correctionProbability (#АЛКАТЕЛ$ -> #АЛКАТЕЛЬ$) = -19.126077511850077
correctionProbability (#ЗАВОРАТНЮК$ -> #ЗАВОРОТНЮК$) = -11.73086457674301
correctionProbability (#ПУСКОЕ$ -> #РУССКОЕ$) = -72.69978310206986
correctionProbability (#ОНЛЫЙН$ -> #ОНЛАЙН$) = -0.6758024328077781
correctionProbability (#РАЗГАВОРНЫЙ$ -> #РАЗГОВОРНЫЙ$) = -21.63674782042054
correctionProbability (#АМЕЛКА$ -> #АМЕЛЬКА$) = -15.166482504862927
correctionProbability (#РОЗУВОСТАТИН$ -> #РОЗУВАСТАТИН$) = -22.55924231684265
correctionProbability (#ДЕИЕЙ$ -> #ДЕТЕЙ$) = -3.547989052947319
correctionProbability (#РЕВТОРАНЫ$ -> #РЕСТОРАНЫ$) = -14.464907410109682
correctionProbability (#PACH$ -> #PATCH$) = -14.34378424348846
correctionProbability (#СТЛИТ$ -> #СТОИТ$) = -6.587319634478757
correctionProbability (#САСІСА$ -> #САСИСА$) = -14.713174165971328
correctionProbability (#АНМЕ$ -> #АНИМЕ$) = -6.504860168424653
correctionProbability (#ИССКУСТВЕ$ -> #ИСКУССТВЕ$) = -85.62326440942716
correctionProbability (#ZOOTUBE$ -> #YOUTUBE$) = -71.1271972221915
correctionProbability (#КОНЕКТОР$ -> #КОННЕКТОР$) = -20.501819198972257
correctionProbability (#ТИНКЕРС$ -> #ТИНКЕР$) = -22.91862255183483
correctionProbability (#ИССКУСТВУ$ -> #ИСКУССТВУ$) = -87.76903904006149
correctionProbability (#LIVESOCORE$ -> #LIVESCORE$) = -17.0433022796863
correctionProbability (#ДЕСТВЕНИЦА$ -> #ДЕВСТВЕННИЦА$) = -86.87484125075693
correctionProbability (#ЧИЛЛАУТ$ -> #ЧИЛАУТ$) = -20.94019769122424
correctionProbability (#АЛЬБЕРД$ -> #АЛЬБЕРТ$) = -15.184011738256288
correctionProbability (#АГЕБРЕ$ -> #АЛГЕБРЕ$) = -10.87547508615139
correctionProbability (#МОНУЛ$ -> #МАНУЛ$) = -16.52043757441069
correctionProbability (#КРЕСНИЙ$ -> #КРЕСТНЫЙ$) = -80.89593332164932
correctionProbability (#CATURBATE$ -> #CHATURBATE$) = -19.367793111747545
correctionProbability (#НУЖКН$ -> #НУЖЕН$) = -10.31035045085402
correctionProbability (#МАШТАБ$ -> #МАСШТАБ$) = -16.50499661086635
correctionProbability (#ДПЯ$ -> #ДЛЯ$) = 1.723077943189569
correctionProbability (#ИМУННЫЙ$ -> #ИММУННЫЙ$) = -24.021526971438938
correctionProbability (#КЛАССТЕР$ -> #КЛАСТЕР$) = -18.757481671600466
correctionProbability (#ЕЛЕКТРОМОБИЛИ$ -> #ЭЛЕКТРОМОБИЛИ$) = -23.690044905467794
correctionProbability (#ПАСМОТРИМ$ -> #ПОСМОТРИМ$) = -22.344494486835117
correctionProbability (#ТРЕБОВАНЯ$ -> #ТРЕБОВАНИЯ$) = -15.006254231199456
correctionProbability (#ВОЛОГЛА$ -> #ВОЛОГДА$) = -12.224892747871067
correctionProbability (#ЧЕЛОАЕК$ -> #ЧЕЛОВЕК$) = -7.748391176012724
correctionProbability (#БЕТОННИЙ$ -> #БЕТОННЫЙ$) = -17.14946346646895
correctionProbability (#ПРИВЕЩТИ$ -> #ПРИВЕЗТИ$) = -15.669434752806517
correctionProbability (#ГОСУСЛИГИ$ -> #ГОСУСЛУГИ$) = -9.170359232528682
correctionProbability (#НВИДЕА$ -> #НВИДИА$) = -15.327828013488503
correctionProbability (#ПОНАМАРЁВА$ -> #ПОНОМАРЕВА$) = -84.62421113192269
correctionProbability (#ИЩ$ -> #ИЗ$) = -0.2396379702276441
correctionProbability (#BLUESISTEM$ -> #BLUESYSTEM$) = -19.22128266411709
correctionProbability (#СУПРЕ$ -> #СУПЕР$) = -74.93094586294329
correctionProbability (#КУНДНЛИК$ -> #КҮНДЕЛІК$) = -138.8733668765565
correctionProbability (#ООРЯЩИЕ$ -> #ГОРЯЩИЕ$) = -11.345338888203734
correctionProbability (#ВАЛДБИРИЗ$ -> #ВАЙЛДБЕРРИЗ$) = -144.45764694911398
correctionProbability (#ВОЛЛЕЙБОЛЕ$ -> #ВОЛЕЙБОЛЕ$) = -21.351125012575388
correctionProbability (#НОВЫИ$ -> #НОВЫЙ$) = -5.263010584269079
correctionProbability (#ГОИПОАЛЛЕРГЕННЫЕ$ -> #ГИПОАЛЛЕРГЕННЫЕ$) = -32.575726191934635
correctionProbability (#ПАСУДА$ -> #ПОСУДА$) = -10.762923015763437
correctionProbability (#НОВЫН$ -> #НОВЫЕ$) = -3.9882543509722517
correctionProbability (#ОНЛАНЙН$ -> #ОНЛАЙН$) = -3.096190481400672
correctionProbability (#DOCHKISIN9CHKI$ -> #DOCHKISINOCHKI$) = -28.967057408364354
correctionProbability (#ХОЛАДИЛЬНИКОВ$ -> #ХОЛОДИЛЬНИКОВ$) = -19.08257686519969
correctionProbability (#САНСТОРИЙ$ -> #САНАТОРИЙ$) = -11.106670679586237
correctionProbability (#САНСТОРИИ$ -> #САНАТОРИИ$) = -13.258683559454099
correctionProbability (#НУЖИН$ -> #НУЖЕН$) = -10.252776890500403
correctionProbability (#КУРЬРСКУЮ$ -> #КУРЬЕРСКУЮ$) = -28.56537421936234
correctionProbability (#CТИРАЛЬНАЯ$ -> #СТИРАЛЬНАЯ$) = -15.278421214856095
correctionProbability (#АНАЛИНГУС$ -> #АНИЛИНГУС$) = -19.725626627673748
correctionProbability (#ЕКТОР$ -> #ЭКТОР$) = -20.461464805607886
correctionProbability (#СКРОТКО$ -> #СКОЛЬКО$) = -138.58139277109336
correctionProbability (#РАСКОШНАЯ$ -> #РОСКОШНАЯ$) = -22.738008987000292
correctionProbability (#CHORME$ -> #CHROME$) = -79.0637933912041
correctionProbability (#ДНЕКВНИК$ -> #ДНЕВНИК$) = -9.529122304993656
correctionProbability (#АЛЯЕКСЕЙ$ -> #АЛЕКСЕЙ$) = -12.249124569827572
correctionProbability (#SAMERA$ -> #CAMERA$) = -6.574514412866339
correctionProbability (#ДИФЕРЕНЦИАЛ$ -> #ДИФФЕРЕНЦИАЛ$) = -25.005180469185845
correctionProbability (#ЗАКОНОДАТЕЛСТВО$ -> #ЗАКОНОДАТЕЛЬСТВО$) = -26.325967425357362
correctionProbability (#VEKTRA$ -> #VECTRA$) = -18.227425557956156
correctionProbability (#ПЕЙЗПЖНОЙ$ -> #ПЕЙЗАЖНОЙ$) = -26.934541475377884
correctionProbability (#НЕДВИЖТМОСТЬ$ -> #НЕДВИЖИМОСТЬ$) = -13.262277742318226
correctionProbability (#ОФИЦИЦИАЛЬНЫЙ$ -> #ОФИЦИАЛЬНЫЙ$) = -76.75073255274093
correctionProbability (#КОМЕРЦ$ -> #КОММЕРЦ$) = -26.407346458228346
correctionProbability (#ТЕЛЕРОГРАММА$ -> #ТЕЛЕПРОГРАММА$) = -16.54749552629785
correctionProbability (#ОХТНИКИ$ -> #ОХОТНИКИ$) = -14.687797540392644
correctionProbability (#ЩЕМЛЮ$ -> #ЗЕМЛЮ$) = -11.540127052423284
correctionProbability (#ЭЭСЕ$ -> #ЭССЕ$) = -10.60778787323223
correctionProbability (#ОПМСАНИЕ$ -> #ОПИСАНИЕ$) = -10.07259909048721
correctionProbability (#АВТОТРАН$ -> #АВТОТРАНС$) = -24.004689814336103
correctionProbability (#ВАЛЕРИЕВНА$ -> #ВАЛЕРЬЕВНА$) = -18.888612618410725
correctionProbability (#ЗАГАРАЕТ$ -> #ЗАГОРАЕТ$) = -19.912080402298727
correctionProbability (#СОЗДАНИ$ -> #СОЗДАНИЯ$) = -13.799092741263827
correctionProbability (#ИЗАБЕЛЫ$ -> #ИЗАБЕЛЛЫ$) = -20.27555905486161
correctionProbability (#РОЗПИСАНИЯ$ -> #РАСПИСАНИЕ$) = -139.15901468112932
correctionProbability (#ХОЛИТЬ$ -> #ХОДИТЬ$) = -13.247288824205445
correctionProbability (#ШЕРЕМЕТЬВО$ -> #ШЕРЕМЕТЬЕВО$) = -16.837955684555638
correctionProbability (#СВОРТ$ -> #СВОРД$) = -19.38057265280769
correctionProbability (#НОВЫЮ$ -> #НОВУЮ$) = -10.79902907304923
correctionProbability (#HVIDOS$ -> #XVIDEOS$) = -76.8423403903679
correctionProbability (#НОВЫЯ$ -> #НОВАЯ$) = -7.320018207332129
correctionProbability (#СЦЕНАРЫЙ$ -> #СЦЕНАРИЙ$) = -12.085312483447147
correctionProbability (#ТИФЛИЗ$ -> #ТИФЛИС$) = -20.80200370801281
correctionProbability (#ТЕЖЕЛЫЙ$ -> #ТЯЖЕЛЫЙ$) = -17.02304892732095
correctionProbability (#МПГАЗИН$ -> #МАГАЗИН$) = -5.085046045200224
correctionProbability (#АКСЕСУАРИ$ -> #АКСЕССУАРЫ$) = -81.17941128421273
correctionProbability (#РЕГЕНИЕ$ -> #РЕШЕНИЕ$) = -11.344960461801406
correctionProbability (#МЕЬРО$ -> #МЕТРО$) = -6.3346189237995425
correctionProbability (#YOUTYB$ -> #YOUTUBE$) = -71.72306212613564
correctionProbability (#ЯНДКЕС$ -> #ЯНДЕКС$) = -70.0821870496767
correctionProbability (#БЛЮДЫ$ -> #БЛЮДА$) = -8.907884358177757
correctionProbability (#FARTUNA$ -> #FORTUNA$) = -18.1429235439061
correctionProbability (#НАСТРОИК$ -> #НАСТРОЕК$) = -16.527796967322722
correctionProbability (#БАГК$ -> #БАНК$) = -4.273825778198365
correctionProbability (#ПРАЛЬНО$ -> #ПРАВИЛЬНО$) = -75.52319531825067
correctionProbability (#ЧЕРКАСЫ$ -> #ЧЕРКАССЫ$) = -16.962546550887296
correctionProbability (#СООЛ$ -> #СОУЛ$) = -12.450785638488409
correctionProbability (#БАУЕР$ -> #БАУЭР$) = -17.910798174575664
correctionProbability (#МАДЕМА$ -> #МОДЕМА$) = -14.307884219365416
correctionProbability (#ТАБЛНТКИ$ -> #ТАБЛЕТКИ$) = -9.620604959755084
correctionProbability (#ВАТЦАПОМ$ -> #ВАТСАПОМ$) = -24.207433731980657
correctionProbability (#ДРУГО$ -> #ДРУГОЙ$) = -11.636607391363032
correctionProbability (#ЗАГРУСКИ$ -> #ЗАГРУЗКИ$) = -16.52356060951429
correctionProbability (#ОУОН$ -> #ОКОН$) = -9.225029113343606
correctionProbability (#АТАНАСЬЯН$ -> #АТАНАСЯН$) = -16.188789787090947
correctionProbability (#ХНТАЙ$ -> #ХЕНТАЙ$) = -9.155693946717054
correctionProbability (#СООК$ -> #СРОК$) = -8.340291936784677
correctionProbability (#ЛИЧНИК$ -> #ЛИЧНЫЙ$) = -68.89088987001814
correctionProbability (#QURUP$ -> #QRUP$) = -22.992227691582002
correctionProbability (#ККАМЕДИ$ -> #КАМЕДИ$) = -12.366419786829606
correctionProbability (#КУДРОВА$ -> #КУДРОВО$) = -16.807452544583406
correctionProbability (#ДВУХЯРУСНУЮ$ -> #ДВУХЪЯРУСНУЮ$) = -25.998149365519332
correctionProbability (#РАСКРАКА$ -> #РАСКРАСКА$) = -9.048462771316913
correctionProbability (#ДЕВУЕК$ -> #ДЕВУШЕК$) = -9.938473582538165
correctionProbability (#ЦАЕТ$ -> #ЦВЕТ$) = -7.452900805751749
correctionProbability (#MARURE$ -> #MATURE$) = -12.158160177997328
correctionProbability (#ПРИДАТОР$ -> #ПРЕДАТОР$) = -21.982946414219576
correctionProbability (#КАНАПЭ$ -> #КАНАПЕ$) = -15.038741366019995
correctionProbability (#ХЕШТЕГ$ -> #ХЭШТЕГ$) = -19.262435076834596
correctionProbability (#ПОСЛЕДИЙ$ -> #ПОСЛЕДНИЙ$) = -11.004261927942395
correctionProbability (#ДТЯ$ -> #ДЛЯ$) = 1.7231067475392656
correctionProbability (#МАЛИФИСЦЕНТА$ -> #МАЛЕФИСЕНТА$) = -81.14947404855816
correctionProbability (#КОПАРД$ -> #КОПАРТ$) = -19.15710444210055
correctionProbability (#ГУЗЕЛ$ -> #ГУЗЕЛЬ$) = -15.086217253776734
correctionProbability (#КАРООКЕ$ -> #КАРАОКЕ$) = -9.486008691902754
correctionProbability (#БУКЫВ$ -> #БУКВЫ$) = -75.8053502327826
correctionProbability (#МЛЬЧИК$ -> #МАЛЬЧИК$) = -11.423450440698161
correctionProbability (#AZIZYANER$ -> #AZIZYANNER$) = -20.953872686467427
correctionProbability (#ХЕЛЛОВИН$ -> #ХЭЛЛОУИН$) = -74.92879623112051
correctionProbability (#ОТОБРОЖАЕТСЯ$ -> #ОТОБРАЖАЕТСЯ$) = -23.498317512617156
correctionProbability (#ДЕРСКИЙ$ -> #ДЕТСКИЙ$) = -7.836211776000589
correctionProbability (#ВЕШЕВОЙ$ -> #ВЕЩЕВОЙ$) = -19.703075605033163
correctionProbability (#ЗАИДЫ$ -> #ЗАЕДЫ$) = -17.60691289356208
correctionProbability (#ЛИМФОТАЗ$ -> #ЛИМФОСТАЗ$) = -22.621790110590204
correctionProbability (#ЦЕНТРАЛНЫЙ$ -> #ЦЕНТРАЛЬНЫЙ$) = -16.527144846002386
correctionProbability (#ПРАВИТЕЛСТВА$ -> #ПРАВИТЕЛЬСТВА$) = -18.205387076115287
correctionProbability (#МИЛОЕРА$ -> #МИЛЛЕРА$) = -16.890765314226144
correctionProbability (#СЬАРС$ -> #СТАРС$) = -7.531261645237024
correctionProbability (#НЕЗАВИСЕМОСТЬ$ -> #НЕЗАВИСИМОСТЬ$) = -23.76720420684559
correctionProbability (#СТАНДАРНЫЙ$ -> #СТАНДАРТНЫЙ$) = -20.74351268824664
correctionProbability (#ДЕРСКИЕ$ -> #ДЕРЗКИЕ$) = -18.95630770763219
correctionProbability (#БЕЛАГРАПРОМБАНК$ -> #БЕЛАГРОПРОМБАНК$) = -21.89256652112489
correctionProbability (#РИВЕНДЕЙЛ$ -> #РИВЕРДЕЙЛ$) = -13.654676822877903
correctionProbability (#ВОЗРАЩАЮТ$ -> #ВОЗВРАЩАЮТ$) = -23.73764879075651
correctionProbability (#ФАЙЛО$ -> #ФАЙЛОВ$) = -14.681464519539016
correctionProbability (#BLACH$ -> #BLACK$) = -9.245748031360595
correctionProbability (#АНПА$ -> #АНАПА$) = -10.462802941957282
correctionProbability (#ШЕРОЕВ$ -> #ГЕРОЕВ$) = -11.516504318047279
correctionProbability (#ФІЛОСОФІІ$ -> #ФІЛОСОФІЇ$) = -22.968128921550814
correctionProbability (#СВОРОВСКИ$ -> #СВАРОВСКИ$) = -17.325970805742493
correctionProbability (#ОБЪМ$ -> #ОБЪЕМ$) = -11.496265439099847
correctionProbability (#МУЛЬТФИМЫ$ -> #МУЛЬТФИЛЬМЫ$) = -77.18584630799167
correctionProbability (#ГОЛИКА$ -> #ГОДИКА$) = -15.550823670124093
correctionProbability (#INTERMIDIATE$ -> #INTERMEDIATE$) = -20.801063516420626
correctionProbability (#DOCHKISINO9CHKI$ -> #DOCHKISINOCHKI$) = -31.526714069662873
correctionProbability (#ГОСУДАРСВЕННЫЙ$ -> #ГОСУДАРСТВЕННЫЙ$) = -20.534981524250675
correctionProbability (#ДТТ$ -> #ДДТ$) = -11.75837056902181
correctionProbability (#ОБЪЕ$ -> #ОБЪЕКТ$) = -79.72311323429058
correctionProbability (#ХАРИС$ -> #ХАРРИС$) = -18.524083306734806
correctionProbability (#ИЖЕВС$ -> #ИЖЕВСК$) = -10.653570615669711
correctionProbability (#МАДЕЛИ$ -> #МОДЕЛИ$) = -9.405198873957811
correctionProbability (#ZRELYE$ -> #ZRELIE$) = -19.29039755306309
correctionProbability (#СМЛОТРЕТЬ$ -> #СМОТРЕТЬ$) = -4.881018866647755
correctionProbability (#СОНТ$ -> #СНТ$) = -12.99762179302348
correctionProbability (#КИРПЕЧЕЙ$ -> #КИРПИЧЕЙ$) = -20.077306472725333
correctionProbability (#ЗНАЧЕК$ -> #ЗНАЧОК$) = -11.463004573542111
correctionProbability (#ФАЙЛИ$ -> #ФАЙЛЫ$) = -12.057361940646427
correctionProbability (#NOKІА$ -> #NOKIA$) = -76.23981435814589
correctionProbability (#ЗГАКОМСТВА$ -> #ЗНАКОМСТВА$) = -10.796410115756323
correctionProbability (#HOTAP$ -> #HTTP$) = -78.06473788858426
correctionProbability (#ЦЫНКА$ -> #ЦИНКА$) = -15.732689456238976
correctionProbability (#СОНН$ -> #СОН$) = -10.725387731068292
correctionProbability (#ХЕГТАЙ$ -> #ХЕНТАЙ$) = -8.5946860442094
correctionProbability (#ТОБОИ$ -> #ТОБОЙ$) = -10.0492946268342
correctionProbability (#ЧЕЛОВЕКП$ -> #ЧЕЛОВЕКА$) = -8.887244097137177
correctionProbability (#ЮОЛЬШОЙ$ -> #БОЛЬШОЙ$) = -9.344382246371325
correctionProbability (#ЭЭТО$ -> #ЭТО$) = -5.385580949067197
correctionProbability (#ТОБОЦ$ -> #ТОБОЙ$) = -10.059138428255292
correctionProbability (#ПЕЛЛЕЦ$ -> #ПЕЛЛЕТС$) = -90.07211796039337
correctionProbability (#ÜCÜN$ -> #ÜÇÜN$) = -17.84220215404844
correctionProbability (#TIKETS$ -> #TICKETS$) = -19.40112560968636
correctionProbability (#TYCON$ -> #TYCOON$) = -17.111402957200998
correctionProbability (#ПЕТРАГРАДСКИЙ$ -> #ПЕТРОГРАДСКИЙ$) = -25.231261930240784
correctionProbability (#АПЕНДЕЦИТ$ -> #АППЕНДИЦИТ$) = -85.21084529856836
correctionProbability (#ЭКСППОРРТ$ -> #ЭКСПОРТ$) = -85.64149379887715
correctionProbability (#ИНСТАИРГАМ$ -> #ИНСТАГРАМ$) = -75.83252260192232
correctionProbability (#СОБАЧКИЁ$ -> #СОБАЧКИ$) = -18.079512773642733
correctionProbability (#НОВОГОРОДСКАЯ$ -> #НОВГОРОДСКАЯ$) = -24.474053659294547
correctionProbability (#СОНК$ -> #СОННИК$) = -75.36697458459774
correctionProbability (#ЧЕЛОВЕКК$ -> #ЧЕЛОВЕК$) = -10.236831232067033
correctionProbability (#ЯЗЫЕЕ$ -> #ЯЗЫКЕ$) = -6.048395665612265
correctionProbability (#ТОРРНЕНТ$ -> #ТОРРЕНТ$) = -9.99140514035249
correctionProbability (#РАСГОВОРАМИ$ -> #РАЗГОВОРАМИ$) = -17.91375150173888
correctionProbability (#DODCHKISINOCHKI$ -> #DOCHKISINOCHKI$) = -31.524496233873805
correctionProbability (#КОГРЕССНАЯ$ -> #КОНГРЕССНАЯ$) = -31.704291424104085
correctionProbability (#ТОБОР$ -> #ТАБОР$) = -7.868060568049895
correctionProbability (#ФИТЖЕРАЛЬД$ -> #ФИЦДЖЕРАЛЬД$) = -89.96912844901928
correctionProbability (#ПАРАЛЕЛЬНАЯ$ -> #ПАРАЛЛЕЛЬНАЯ$) = -24.200561730001873
correctionProbability (#МАККИНЗИ$ -> #МАККЕНЗИ$) = -19.148043695979176
correctionProbability (#СЕВАСТОПАЛЬ$ -> #СЕВАСТОПОЛЬ$) = -14.654664519343001
correctionProbability (#РУСККОМУ$ -> #РУССКОМУ$) = -9.414268250638784
correctionProbability (#МЕСЕЦА$ -> #МЕСЯЦА$) = -11.603238984961795
correctionProbability (#ВІННИЧИНИ$ -> #ВІННИЧЧИНИ$) = -28.030125021534936
correctionProbability (#ХЮНДАИ$ -> #ХЕНДАЙ$) = -74.90858242916579
correctionProbability (#РЕЗЕДЕНЦИЯ$ -> #РЕЗИДЕНЦИЯ$) = -19.909238860263628
correctionProbability (#АККАУН$ -> #АККАУНТ$) = -12.02589379499102
correctionProbability (#КААРТИР$ -> #КВАРТИР$) = -9.352047285887792
correctionProbability (#АЛОПУРИНОЛ$ -> #АЛЛОПУРИНОЛ$) = -22.502004400125642
correctionProbability (#MUZIC$ -> #MUSIC$) = -10.707916318361956
correctionProbability (#ГАДАНТЕ$ -> #ГАДАНИЕ$) = -9.086030281036258
correctionProbability (#БЫЧТРО$ -> #БЫСТРО$) = -8.997305381083269
correctionProbability (#ПИСМЕННОМ$ -> #ПИСЬМЕННОМ$) = -24.555096600139287
correctionProbability (#СНІМУ$ -> #СНИМУ$) = -13.323087930072763
correctionProbability (#YUKL$ -> #YUKLE$) = -14.16664411916135
correctionProbability (#PORNXUB$ -> #PORNHUB$) = -11.402139821789568
correctionProbability (#ОКТБРЬ$ -> #ОКТЯБРЬ$) = -10.061066671303564
correctionProbability (#ПЕВИЦИ$ -> #ПЕВИЦЫ$) = -14.44720006237296
correctionProbability (#ФОКСФРОД$ -> #ФОКСФОРД$) = -84.41667789921088
correctionProbability (#БОЛЬНИЧНЫ$ -> #БОЛЬНИЧНЫЙ$) = -17.290186829997573
correctionProbability (#БЕЗЫМЯНЫЙ$ -> #БЕЗЫМЯННЫЙ$) = -23.170661290481704
correctionProbability (#ККАЛЛ$ -> #ККАЛ$) = -17.382584242450665
correctionProbability (#ТЕЛЕФО$ -> #ТЕЛЕФОН$) = -7.986709472142451
correctionProbability (#БРВУЗЕР$ -> #БРАУЗЕР$) = -10.302801299116872
correctionProbability (#GYGABYTE$ -> #GIGABYTE$) = -16.734003912642642
correctionProbability (#УДОВЛЕТВЛРЯТЬ$ -> #УДОВЛЕТВОРЯТЬ$) = -28.03845024864478
correctionProbability (#КУХАННЫЕ$ -> #КУХОННЫЕ$) = -13.7649343889941
correctionProbability (#РЕЗУЛЬТ$ -> #РЕЗУЛЬТАТ$) = -80.99532912929442
correctionProbability (#АВТОБУ$ -> #АВТОБУС$) = -10.618874705503124
correctionProbability (#КАЛЕС$ -> #КОЛЕС$) = -12.367051567078011
correctionProbability (#ОРТЕК$ -> #АРТЕК$) = -13.857937656611899
correctionProbability (#БЕЗОПАСНОМТИ$ -> #БЕЗОПАСНОСТИ$) = -15.045387416540592
correctionProbability (#СТОЛБНИКА$ -> #СТОЛБНЯКА$) = -21.602724042331438
correctionProbability (#СОИЛ$ -> #СОУЛ$) = -12.455064347197126
correctionProbability (#РАЗДРОБЛЕНОНОСТЬ$ -> #РАЗДРОБЛЕННОСТЬ$) = -29.928255363629184
correctionProbability (#PRXY$ -> #PROXY$) = -14.01207247221011
correctionProbability (#МАНХЕТОН$ -> #МАНХЕТТЕН$) = -86.64262833235672
correctionProbability (#ЗНАЧМТ$ -> #ЗНАЧИТ$) = -9.514991018654971
correctionProbability (#TRENDAFILI$ -> #TRANDAFIRI$) = -92.45720077839273
correctionProbability (#КОРМИТИ$ -> #КОРМИТЬ$) = -13.543799130677819
correctionProbability (#СОСТРЯПАТЬ$ -> #ПОСТРЯПАТЬ$) = -23.1247579964013
correctionProbability (#РОЗАВАЯ$ -> #РОЗОВАЯ$) = -14.498511982563102
correctionProbability (#ДРЕВНЯ$ -> #ДРЕВНЯЯ$) = -15.845556130090124
correctionProbability (#ВНИТРИЛАБОРАТОРНЫЙ$ -> #ВНУТРИЛАБОРАТОРНЫЙ$) = -35.10564660955222
correctionProbability (#КАРПОРОТИВ$ -> #КОРПОРАТИВ$) = -82.54492911403749
correctionProbability (#GADJET$ -> #GADGET$) = -20.745870195215307
correctionProbability (#МАЛЫМЕТ$ -> #МӘЛІМЕТ$) = -79.83392942136125
correctionProbability (#ПРЕЗИДЕНСТВА$ -> #ПРЕЗИДЕНТСТВА$) = -29.165331163745066
correctionProbability (#ГЕМПЛЕЙ$ -> #ГЕЙМПЛЕЙ$) = -21.896017131683656
correctionProbability (#ОФИЦАЛЬНЫЕ$ -> #ОФИЦИАЛЬНЫЕ$) = -19.268220588288777
correctionProbability (#КРАСНУБ$ -> #КРАСНУЮ$) = -14.08441591684602
correctionProbability (#АНИЬ$ -> #АНИ$) = -12.732166037334192
correctionProbability (#ТРАНФОРМЕРЫ$ -> #ТРАНСФОРМЕРЫ$) = -16.929543640060388
correctionProbability (#КИЕАМКОЙ$ -> #КИЕВСКОЙ$) = -82.67764840106669
correctionProbability (#МОНМАРТ$ -> #МОНМАРТР$) = -24.067208354392342
correctionProbability (#ИНТЕЛЛЕК$ -> #ИНТЕЛЛЕКТ$) = -18.04103335532418
correctionProbability (#МІ$ -> #МЫ$) = -6.476009177867592
correctionProbability (#ЖИМАЙЛ$ -> #ДЖИМЕЙЛ$) = -80.35572046909617
correctionProbability (#АЛБЕНДАЗОЛ$ -> #АЛЬБЕНДАЗОЛ$) = -24.783671914751054
correctionProbability (#ОКТБРЕ$ -> #ОКТЯБРЕ$) = -11.30466061993259
correctionProbability (#ПЛАШЕТ$ -> #ПЛАНШЕТ$) = -12.839949536141212
correctionProbability (#ЛЕЗБИЯНОЧКИ$ -> #ЛЕСБИЯНОЧКИ$) = -25.493460282724982
correctionProbability (#БРРАТ$ -> #БРАТ$) = -11.126157147311222
correctionProbability (#ВОЛЕБОЛА$ -> #ВОЛЕЙБОЛА$) = -19.326564675735973
correctionProbability (#ЭМИРАЛД$ -> #ЭМЕРАЛЬД$) = -85.84754523063303
correctionProbability (#ДОЬРО$ -> #ДОБРО$) = -10.304402672546122
correctionProbability (#СТГИМОСТЬ$ -> #СТОИМОСТЬ$) = -9.425773721440024
correctionProbability (#ООДНООКЛАССНИКИ$ -> #ОДНОКЛАССНИКИ$) = -80.95829091266224
correctionProbability (#РЕНТАБИЛЬНОСТЬ$ -> #РЕНТАБЕЛЬНОСТЬ$) = -24.24374745653656
correctionProbability (#ПЧОЛ$ -> #ПЧЕЛ$) = -13.37433036042049
correctionProbability (#СЕРГКЙ$ -> #СЕРГЕЙ$) = -7.880541543854331
correctionProbability (#TOCHIVA$ -> #TOSHIBA$) = -79.69723488473734
correctionProbability (#PALINA$ -> #POLINA$) = -19.324412008899234
correctionProbability (#РАШИРИТЕЛЬНЫЙ$ -> #РАСШИРИТЕЛЬНЫЙ$) = -24.028382011669834
correctionProbability (#ПРЕПОАВАТЕЛЕЙ$ -> #ПРЕПОДАВАТЕЛЕЙ$) = -24.94043647172284
correctionProbability (#ЕНИСТОН$ -> #ЭНИСТОН$) = -15.637459711456444
correctionProbability (#КЛАСНОСТЬ$ -> #КЛАССНОСТЬ$) = -24.52787469959567
correctionProbability (#МАХЕРА$ -> #МОХЕРА$) = -14.591978940414084
correctionProbability (#БАТАНИКУЛА$ -> #БОТАНИКУЛА$) = -28.642207452302827
correctionProbability (#ДУЕ$ -> #ДУЭ$) = -16.776264670612232
correctionProbability (#СВОЙСТ$ -> #СВОЙСТВ$) = -17.820633128656866
correctionProbability (#БАСТТАЙМ$ -> #БАСТАЙМ$) = -23.251991957477244
correctionProbability (#ДОЛЛАРРА$ -> #ДОЛЛАРА$) = -12.069490712885461
correctionProbability (#ГОЛИЦИНО$ -> #ГОЛИЦЫНО$) = -18.409993148804148
correctionProbability (#СЕРЕБРЯНИЙ$ -> #СЕРЕБРЯНЫЙ$) = -17.547237516750542
correctionProbability (#САЛЯРИСА$ -> #СОЛЯРИСА$) = -21.63264575416723
correctionProbability (#ХЛАМИНГО$ -> #ФЛАМИНГО$) = -15.571303813607223
correctionProbability (#ЗНАКОМССТВА$ -> #ЗНАКОМСТВА$) = -13.217286704291894
correctionProbability (#ГЕОГРАВИФЕСКИМ$ -> #ГЕОГРАФИЧЕСКИМ$) = -94.2525065522321
correctionProbability (#МАНКРАФТЕ$ -> #МАЙНКРАФТЕ$) = -13.238385144508236
correctionProbability (#БЛЮСИСТЕМЕ$ -> #БЛЮСИСТЕМ$) = -18.16613054452717
correctionProbability (#MAZILLA$ -> #MOZILLA$) = -15.936934181804496
correctionProbability (#ВТРАЕМ$ -> #ВТРОЕМ$) = -14.14777674166363
correctionProbability (#ЖЕСТКА$ -> #ЖЕСТКО$) = -13.917252816455733
correctionProbability (#НЕМЕДСКИЙ$ -> #НЕМЕЦКИЙ$) = -79.98414528714207
correctionProbability (#ТАНДР$ -> #ТАНДЕР$) = -15.768719459106844
correctionProbability (#ОБМЕНИК$ -> #ОБМЕННИК$) = -15.309192070062124
correctionProbability (#BOOKIN$ -> #BOOKING$) = -13.354543159705727
correctionProbability (#ПРИСТУПНИК$ -> #ПРЕСТУПНИК$) = -17.420619531062236
correctionProbability (#ПИМЬМИНО$ -> #ПИСЬМЕННО$) = -149.6149240132546
correctionProbability (#ПАСПИСКНИЕ$ -> #РАСПИСАНИЕ$) = -74.47315531454686
correctionProbability (#НУЖЕТ$ -> #НУЖЕН$) = -10.31320600862011
correctionProbability (#TRIPL$ -> #TRIPLE$) = -18.70909849392918
correctionProbability (#УИЗЕРСПОУН$ -> #УИЗЕРСПУН$) = -20.37740781635143
correctionProbability (#МАНКРАФТА$ -> #МАЙНКРАФТ$) = -75.76282367022641
correctionProbability (#ТТНТ$ -> #ТНТ$) = -8.858110062934141
correctionProbability (#FUZZLE$ -> #PUZZLE$) = -16.215494384270055
correctionProbability (#СОЧИНЕИЕ$ -> #СОЧИНЕНИЕ$) = -12.818191945689989
correctionProbability (#ОБУЬ$ -> #ОБУВЬ$) = -8.37939383803496
correctionProbability (#ВКОНТАТКТЕТ$ -> #ВКОНТАКТЕ$) = -76.26551929591176
correctionProbability (#МУЖЩИНЕ$ -> #МУЖЧИНЕ$) = -9.805015898788596
correctionProbability (#НУЖЕО$ -> #НУЖНО$) = -8.041492814135804
correctionProbability (#ГОЛИЦИНА$ -> #ГОЛИЦЫНА$) = -19.40330772816788
correctionProbability (#ВПРОСЫ$ -> #ВОПРОСЫ$) = -11.933764077655042
correctionProbability (#СУНАМИ$ -> #ЦУНАМИ$) = -13.284177182399237
correctionProbability (#ЗРЄЛИЄ$ -> #ЗРЕЛЫЕ$) = -139.6459760623182
correctionProbability (#СОЧИНЕИЯ$ -> #СОЧИНЕНИЯ$) = -16.875253606372887
correctionProbability (#ГЕЛИСКОН$ -> #ГЕВИСКОН$) = -20.25756371790539
correctionProbability (#ОБМЕНИХ$ -> #ОБМЕННИК$) = -80.08137163157036
correctionProbability (#ГАСПРОМБАНК$ -> #ГАЗПРОМБАНК$) = -16.866082976021474
correctionProbability (#КЕГУРУМИ$ -> #КИГУРУМИ$) = -16.386760817395967
correctionProbability (#НЄ$ -> #НЕ$) = -2.348163229421445
correctionProbability (#НОУДБУКЕ$ -> #НОУТБУКЕ$) = -13.54304035939353
correctionProbability (#ЩЮКА$ -> #ЩУКА$) = -12.206572061150798
correctionProbability (#МУЖЩИНУ$ -> #МУЖЧИНУ$) = -12.808262728832041
correctionProbability (#НУЖЕЫ$ -> #НУЖНЫ$) = -10.62196493712364
correctionProbability (#САМОДЕТ$ -> #САМОЛЕТ$) = -10.062115226606998
correctionProbability (#REDDRAGON$ -> #REDRAGON$) = -24.85120360216426
correctionProbability (#PROGECT$ -> #PROJECT$) = -14.030986667034803
correctionProbability (#ДЕТЦКИЕ$ -> #ДЕТСКИЕ$) = -7.655138190512822
correctionProbability (#ПОСЬЛЕ$ -> #ПОСЛЕ$) = -7.880693083457853
correctionProbability (#РЕГТСТРАЦИИ$ -> #РЕГИСТРАЦИИ$) = -12.288852577323247
correctionProbability (#ДВУХЯРУСНЫЕ$ -> #ДВУХЪЯРУСНЫЕ$) = -22.641891363890686
correctionProbability (#СИНОПНИК$ -> #СИНОПТИК$) = -11.261029131201333
correctionProbability (#УКРАИСКИЕ$ -> #УКРАИНСКИЕ$) = -16.44909227409135
correctionProbability (#ПОИЕНЯТЬ$ -> #ПОМЕНЯТЬ$) = -11.793664552031267
correctionProbability (#DIVENE$ -> #DIVINE$) = -17.709931818288847
correctionProbability (#АВТОМОБЛИ$ -> #АВТОМОБИЛИ$) = -14.579527575274604
correctionProbability (#БЛЮСИСТЕМС$ -> #БЛЮСИСТЕМ$) = -18.145256642428087
correctionProbability (#БАРБЕРРИ$ -> #БАРБЕРИ$) = -21.847448463372913
correctionProbability (#ГРАТАЖНАЯ$ -> #ГАРАЖНАЯ$) = -89.06361471687586
correctionProbability (#ЩЮКИ$ -> #ЩУКИ$) = -12.156216153719694
correctionProbability (#МУЖЩИНЫ$ -> #МУЖЧИНЫ$) = -10.06326862643121
correctionProbability (#АНТЛАНТИЧЕСКОГО$ -> #АТЛАНТИЧЕСКОГО$) = -27.940495722217072
correctionProbability (#КРАСОТКАЙ$ -> #КРАСОТКОЙ$) = -19.379012446122225
correctionProbability (#СОЗДАТИ$ -> #СОЗДАТЬ$) = -10.139501462582409
correctionProbability (#ЧЕЛЯБИН$ -> #ЧЕЛЯБИНСК$) = -76.17515971375641
correctionProbability (#ТРОИЧНЫЙ$ -> #ТРОЙНИЧНЫЙ$) = -89.00983337287202
correctionProbability (#МАНАТИК$ -> #МОНАТИК$) = -17.292193245358177
correctionProbability (#ЫГРУ$ -> #ИГРУ$) = -6.673215011740549
correctionProbability (#АНИЕ$ -> #АНИМЕ$) = -6.503949726073895
correctionProbability (#РАЗТОМОЖЕНІ$ -> #РОЗТАМОЖЕНІ$) = -101.40781833651948
correctionProbability (#ЛОШДЬ$ -> #ЛОШАДЬ$) = -13.004566959231862
correctionProbability (#CROME$ -> #CHROME$) = -11.750620008179322
correctionProbability (#ИЕТИМ$ -> #ИНТИМ$) = -10.306103905834323
correctionProbability (#ГОДОВУ$ -> #ГОЛОВУ$) = -11.04624637673913
correctionProbability (#КАРБАНАТ$ -> #КАРБОНАТ$) = -18.213601624435164
correctionProbability (#РКАХ$ -> #РУКАХ$) = -11.830390319638031
correctionProbability (#БЛОТНЯК$ -> #БЛАТНЯК$) = -20.1758424722654
correctionProbability (#НОЯЬ$ -> #НОЧЬ$) = -7.4007035744599285
correctionProbability (#ПРАЗДИКИ$ -> #ПРАЗДНИКИ$) = -12.939207924662412
correctionProbability (#ЛЭРУА$ -> #ЛЕРУА$) = -8.219223215624144
correctionProbability (#МЕДИЦЫНСКИЙ$ -> #МЕДИЦИНСКИЙ$) = -14.497957588354872
correctionProbability (#НВ$ -> #НА$) = 2.637840894647052
correctionProbability (#МОЩЕННИКИ$ -> #МОШЕННИКИ$) = -17.34258215357505
correctionProbability (#ЛЕКУРСТВА$ -> #ЛЕКАРСТВА$) = -14.007078307468483
correctionProbability (#ПКСНЯ$ -> #ПЕСНЯ$) = -3.7393403418256703
correctionProbability (#GRIZLI$ -> #GRIZZLY$) = -84.66772371363435
correctionProbability (#ПЛАСТИЧКОЙ$ -> #ПЛАСТИЧЕСКОЙ$) = -86.08144835725147
correctionProbability (#0X000007B$ -> #0XC000007B$) = -22.319251074338773
correctionProbability (#РУССККОМ$ -> #РУССКОМ$) = -9.017432417504423
correctionProbability (#ШИМУ$ -> #ЗИМУ$) = -6.441454007540667
correctionProbability (#CERRATO$ -> #CERATO$) = -20.059328361280837
correctionProbability (#СВЕЖЫЙ$ -> #СВЕЖИЙ$) = -11.934301001658216
correctionProbability (#RASIYA$ -> #ROSSIYA$) = -83.44335691696621
correctionProbability (#МЕДИЦЫНСКИЕ$ -> #МЕДИЦИНСКИЕ$) = -16.780621791025922
correctionProbability (#ШИНІ$ -> #ШИНЫ$) = -7.272677692801647
correctionProbability (#КОЛУГА$ -> #КАЛУГА$) = -10.731111211452724
correctionProbability (#БАСПЛАТНОЕ$ -> #БЕСПЛАТНОЕ$) = -14.743307096574206
correctionProbability (#РАЙНАЛЬД$ -> #РАЙНОЛЬД$) = -25.26227724333892
correctionProbability (#ХАРКОВСКОЙ$ -> #ХАРЬКОВСКОЙ$) = -21.558565141600496
correctionProbability (#УСТАНАВЛИВАЕТЬСЯ$ -> #УСТАНАВЛИВАЕТСЯ$) = -26.404762669634714
correctionProbability (#ШАМПИНЬЕНАМИ$ -> #ШАМПИНЬОНАМИ$) = -21.811346941277016
correctionProbability (#СВЕЖЫЕ$ -> #СВЕЖИЕ$) = -7.627438147843051
correctionProbability (#СОМИА$ -> #СОМА$) = -16.42205466573331
correctionProbability (#ТЕЛЕФОНП$ -> #ТЕЛЕФОНА$) = -9.858913597755631
correctionProbability (#ПАНАРИЦЕЯ$ -> #ПАНАРИЦИЯ$) = -25.686251813540387
correctionProbability (#РОЛИКСЫ$ -> #РОЛЕКСЫ$) = -20.746473502889145
correctionProbability (#ДРУЗЕ$ -> #ДРУЗЕЙ$) = -12.195672387694206
correctionProbability (#ВООРД$ -> #ВОРД$) = -11.727876144002725
correctionProbability (#ДОРСЕЛ$ -> #ДОРСЕЛЬ$) = -20.496296441387926
correctionProbability (#ХАЙЛАТЕР$ -> #ХАЙЛАЙТЕР$) = -19.85154037671905
correctionProbability (#НП$ -> #НА$) = 2.6418994438114467
correctionProbability (#РАМБЛР$ -> #РАМБЛЕР$) = -8.542683329217397
correctionProbability (#KINDOMS$ -> #KINGDOMS$) = -20.015872887728072
correctionProbability (#ТЕЛЕФОНО$ -> #ТЕЛЕФОНА$) = -9.792492821071626
correctionProbability (#MUZKA$ -> #MUZIKA$) = -16.015267035902486
correctionProbability (#ЛЕНИСКОМ$ -> #ЛЕНИНСКОМ$) = -18.071900216092118
correctionProbability (#ЧЕЛБИНСКОЙ$ -> #ЧЕЛЯБИНСКОЙ$) = -16.742147424690828
correctionProbability (#МУТФИЛЬМЫ$ -> #МУЛЬТФИЛЬМЫ$) = -77.18468844227552
correctionProbability (#ЯНДККС$ -> #ЯНДЕКС$) = -2.2618976164550055
correctionProbability (#ТЕЛЕФОНН$ -> #ТЕЛЕФОН$) = -9.858041488163963
correctionProbability (#КРАССВОРДЫ$ -> #КРОССВОРДЫ$) = -14.946518353533001
correctionProbability (#ИЗМИНЯЕТ$ -> #ИЗМЕНЯЕТ$) = -16.402476303569266
correctionProbability (#КАЛЕНАЯ$ -> #КОЛЕСНАЯ$) = -86.06493326884699
correctionProbability (#ТЕЛЕФОНИ$ -> #ТЕЛЕФОНЫ$) = -12.446868741491457
correctionProbability (#TAKTOP$ -> #TRAKTOR$) = -84.12707930557498
correctionProbability (#АНДЕГРАУД$ -> #АНДЕГРАУНД$) = -21.167104094361335
correctionProbability (#УЛЕКОЛОР$ -> #ОЛЕКОЛОР$) = -33.7921153830267
correctionProbability (#ФОРИНЫ$ -> #ФОРИНТЫ$) = -24.230814796276974
correctionProbability (#НЕИЗВЕСНЫЙ$ -> #НЕИЗВЕСТНЫЙ$) = -21.040322423216637
correctionProbability (#ПЛАСТМАСОВЫЕ$ -> #ПЛАСТМАССОВЫЕ$) = -23.867502781026616
correctionProbability (#ПEСНИ$ -> #ПЕСНИ$) = -3.305729939854789
correctionProbability (#ДЕРЕВЯНЕНКО$ -> #ДЕРЕВЯНЧЕНКО$) = -18.626987341209457
correctionProbability (#ТРЕБОВАНИ$ -> #ТРЕБОВАНИЯ$) = -14.989596705729937
correctionProbability (#ДЕТИСКИЙ$ -> #ДЕТСКИЙ$) = -10.307152497287483
correctionProbability (#НАСКОВ$ -> #НОСКОВ$) = -13.68630568648086
correctionProbability (#ДРУЗЯ$ -> #ДРУЗЬЯ$) = -10.4185770317812
correctionProbability (#ПОСЛЕДНЮ$ -> #ПОСЛЕДНЮЮ$) = -16.433366365084083
correctionProbability (#KUBUNTU$ -> #UBUNTU$) = -18.565531486426632
correctionProbability (#АВИАБМЛЕТ$ -> #АВИАБИЛЕТ$) = -17.071325308983283
correctionProbability (#КАМПЬЮТОРА$ -> #КОМПЬЮТЕРА$) = -77.99974062818599
correctionProbability (#КОАТКОЕ$ -> #КРАТКОЕ$) = -11.480230416908825
correctionProbability (#БЕРЯДНСК$ -> #БЕРДЯНСК$) = -85.99481425955611
correctionProbability (#ПЛАСТМАСОВЫЙ$ -> #ПЛАСТМАССОВЫЙ$) = -24.670156013181348
correctionProbability (#ЧЕРВИТУТОМ$ -> #СЕРВИТУТОМ$) = -35.75794537174947
correctionProbability (#ROSSIA$ -> #ROSSIYA$) = -18.70040927541133
correctionProbability (#ПКСНИ$ -> #ПЕСНИ$) = -3.29826483032814
correctionProbability (#ПОРНОАКТРИССА$ -> #ПОРНОАКТРИСА$) = -24.978919900941726
correctionProbability (#ОДНОКЛАССИНКИ$ -> #ОДНОКЛАССНИКИ$) = -78.99169376161522
correctionProbability (#УЕГЫ$ -> #ЦЕНЫ$) = -68.8839118013442
correctionProbability (#ПРАТУШКА$ -> #ПРОСТУШКА$) = -85.35900111194069
correctionProbability (#БАТОРЕИ$ -> #БАТАРЕИ$) = -12.809793056056293
correctionProbability (#АНЛО$ -> #АНГЛО$) = -12.419017294971116
correctionProbability (#UZMEKISTAN$ -> #UZBEKISTAN$) = -20.642471823350014
correctionProbability (#РУКОВДИТЕЛЯ$ -> #РУКОВОДИТЕЛЯ$) = -18.4928865194699
correctionProbability (#СИРАГУЗА$ -> #СИРАКУЗА$) = -24.966158975179233
correctionProbability (#EВРО$ -> #ЕВРО$) = -7.4891733729845775
correctionProbability (#ТАЬУ$ -> #ТАТУ$) = -7.588475030290159
correctionProbability (#ЛОРИНСКОЕ$ -> #ЛАРИНСКОЕ$) = -34.65601040004805
correctionProbability (#AHHASCE$ -> #ANHASCE$) = -13.858609963119726
correctionProbability (#АКТ5РЫ$ -> #АКТЕРЫ$) = -8.898034328755603
correctionProbability (#САЛАТИ$ -> #САЛАТЫ$) = -10.604135872343182
correctionProbability (#РЕТИНГ$ -> #РЕЙТИНГ$) = -10.772843519787855
correctionProbability (#ПКРЕВОД$ -> #ПЕРЕВОД$) = -8.364244949163556
correctionProbability (#КВРО$ -> #ЕВРО$) = -7.48277461461824
correctionProbability (#РОЗЫГРАТЬ$ -> #РАЗЫГРАТЬ$) = -23.751681808697192
correctionProbability (#ДЮДИ$ -> #ЛЮДИ$) = -6.97574905606707
correctionProbability (#ПРАФИЛАКТИКА$ -> #ПРОФИЛАКТИКА$) = -17.90009079771795
correctionProbability (#ТЕМПТИКА$ -> #ТЕМАТИКА$) = -16.744160414046995
correctionProbability (#САНАНДРЕСС$ -> #САНАНДРЕС$) = -18.9994906918352
correctionProbability (#БОГЕСИЯ$ -> #БОГЕМИЯ$) = -18.990816888670253
correctionProbability (#СКОРЕБОРД$ -> #СКОРЕБОАРД$) = -28.67905055683071
correctionProbability (#ВОЄНИЙ$ -> #ВОЄННИЙ$) = -24.965915431033366
correctionProbability (#НЕАНГЕЛИ$ -> #НЕАНГЕЛЫ$) = -19.601415957800945
correctionProbability (#ЛЕТОГРАДНОСТЬ$ -> #РЕТРОГРАДНОСТЬ$) = -98.91336345335807
correctionProbability (#ДЕВУКИ$ -> #ДЕВУШКИ$) = -8.360460867906667
correctionProbability (#КАТОЛОЖНЫЙ$ -> #КАТАЛОЖНЫЙ$) = -22.483741435051463
correctionProbability (#НАЧАМИ$ -> #НОЧАМИ$) = -17.601033673036664
correctionProbability (#АНКТ$ -> #САНКТ$) = -7.769469975099767
correctionProbability (#САМАДЕЛКИ$ -> #САМОДЕЛКИ$) = -14.671072965227474
correctionProbability (#МОННА$ -> #МОНА$) = -16.150806570898208
correctionProbability (#BRAZER$ -> #BRAZZERS$) = -80.04042324502554
correctionProbability (#ПEСНЮ$ -> #ПЕСНЮ$) = -5.679900861139483
correctionProbability (#ПРОКУРТУРУ$ -> #ПРОКУРАТУРУ$) = -21.580745700709812
correctionProbability (#ЕЙФЕЛЕВА$ -> #ЭЙФЕЛЕВА$) = -18.59247151430516
correctionProbability (#АГЛИСКИЙ$ -> #АНГЛИЙСКИЙ$) = -77.0532171177368
correctionProbability (#ИСООРУЖЕНИИ$ -> #СООРУЖЕНИИ$) = -28.890033445270014
correctionProbability (#НУЖГО$ -> #НУЖНО$) = -8.038941605248521
correctionProbability (#СОЙТ$ -> #САЙТ$) = -0.4562804366048958
correctionProbability (#КАРТИЗОН$ -> #КОРТИЗОН$) = -24.385770070130313
correctionProbability (#КАНАМА$ -> #КАННАМА$) = -22.562028737498416
correctionProbability (#ОППЕЛЬ$ -> #ОПЕЛЬ$) = -12.356731629220402
correctionProbability (#САДОВОЛА$ -> #САДОВОДА$) = -15.90168981373467
correctionProbability (#INSDAQRAM$ -> #INSTAGRAM$) = -77.7095149015543
correctionProbability (#ОГРИП$ -> #ОГРНИП$) = -19.84322129509795
correctionProbability (#ЕЛЕКТРОПРОСТЫНЬ$ -> #ЭЛЕКТРОПРОСТЫНЬ$) = -29.811980182566728
correctionProbability (#ВКУСВИЛ$ -> #ВКУСВИЛЛ$) = -18.58554679115266
correctionProbability (#ТЕЛЕФООН$ -> #ТЕЛЕФОН$) = -9.930000736408957
correctionProbability (#ЧЕРАЯ$ -> #ЧЕРНАЯ$) = -10.300489275763479
correctionProbability (#ДЕВУКЕ$ -> #ДЕВУШКЕ$) = -12.64786584310805
correctionProbability (#ПОДСТРИЧ$ -> #ПОДСТРИЧЬ$) = -19.314718397180776
correctionProbability (#ПАЗМЕР$ -> #РАЗМЕР$) = -9.017515148920065
correctionProbability (#CONTAIMENT$ -> #CONTAINMENT$) = -25.39747708311843
correctionProbability (#УКУСИВША$ -> #УКУСИВШАЯ$) = -35.44236877497236
correctionProbability (#ОЬВЕТЫ$ -> #ОТВЕТЫ$) = -8.77499740676613
correctionProbability (#CEVIRI$ -> #ÇEVIRI$) = -19.76584648011225
correctionProbability (#EKSPRES$ -> #EXPRESS$) = -146.59360377756445
correctionProbability (#СКОЛЬКОГ$ -> #СКОЛЬКО$) = -8.555257677420755
correctionProbability (#СОЕДИНЕИЕ$ -> #СОЕДИНЕНИЕ$) = -17.406486788857016
correctionProbability (#ШИОК$ -> #ЩИТОК$) = -79.85988166893486
correctionProbability (#JUMEIRA$ -> #JUMEIRAH$) = -21.028576325125236
correctionProbability (#НАВЧАНЯ$ -> #НАВЧАННЯ$) = -18.406730411956538
correctionProbability (#НАОМІ$ -> #НАОМИ$) = -15.044563970982768
correctionProbability (#ПОРТЛ$ -> #ПОРТАЛ$) = -7.664221229859454
correctionProbability (#АВТОБС$ -> #АВТОБУС$) = -10.675247233350433
correctionProbability (#ПЛАСТИРЬ$ -> #ПЛАСТЫРЬ$) = -16.746292541387568
correctionProbability (#КАРМЭН$ -> #КАРМЕН$) = -14.872616097013026
correctionProbability (#ТЕЛЕВИДИНЬЕ$ -> #ТЕЛЕВИДЕНИЕ$) = -80.80233138474317
correctionProbability (#ККАЛЬКУЛЯТОР$ -> #КАЛЬКУЛЯТОР$) = -14.667674183466701
correctionProbability (#YUOR$ -> #YOUR$) = -74.52165405008022
correctionProbability (#ОЬ$ -> #ОТ$) = -1.7200824336650804
correctionProbability (#ПЕРФАРАТОР$ -> #ПЕРФОРАТОР$) = -18.965141987107607
correctionProbability (#AZLYTICS$ -> #AZLYRICS$) = -34.072425245996335
correctionProbability (#ПОСЛЕДНИ$ -> #ПОСЛЕДНИЙ$) = -11.041265586884286
correctionProbability (#PLAUER$ -> #PLAYER$) = -10.541401062224882
correctionProbability (#ПРИСТАРИУМ$ -> #ПРЕСТАРИУМ$) = -20.09631924839656
correctionProbability (#MUZKU$ -> #MUZIKU$) = -18.821137532375356
correctionProbability (#ИНТЕРСТЕЛЕР$ -> #ИНТЕРСТЕЛЛАР$) = -85.08299918619417
correctionProbability (#ОЯ$ -> #МОЯ$) = -4.0534660865748116
correctionProbability (#ПАТЕРН$ -> #ПАТТЕРН$) = -20.430145054575277
correctionProbability (#ОББИТЬ$ -> #ОБШИТЬ$) = -14.802692496566426
correctionProbability (#ФРАЗИОЛАГИЗМ$ -> #ФРАЗЕОЛОГИЗМ$) = -84.33814941445058
correctionProbability (#ДЕВУКУ$ -> #ДЕВУШКУ$) = -12.35296031716831
correctionProbability (#ПОСЛЕДНЕ$ -> #ПОСЛЕДНЕЕ$) = -14.427400399838035
correctionProbability (#ВПТЕКА$ -> #АПТЕКА$) = -8.030478523342634
correctionProbability (#ПАРЬГЕРЫ$ -> #ПАРТНЕРЫ$) = -80.50347462875433
correctionProbability (#АНКИ$ -> #БАНКИ$) = -9.752861122107472
correctionProbability (#ЕЬАЛОВО$ -> #ЕБАЛОВО$) = -15.902781174804055
correctionProbability (#ЭРТУРГУЛ$ -> #ЭРТУГРУЛ$) = -82.1841185904128
correctionProbability (#ТАМЕРИС$ -> #ТОМИРИС$) = -79.46588840267377
correctionProbability (#БАРБАРИ$ -> #БАРБАРИС$) = -17.235251176039206
correctionProbability (#ТАЕОТА$ -> #ТОЙОТА$) = -73.58350862616315
correctionProbability (#ЧЕЛЛЕНЖ$ -> #ЧЕЛЛЕНДЖ$) = -15.12102585048001
correctionProbability (#АНЕЛ$ -> #АНГЕЛ$) = -9.769699416914296
correctionProbability (#СКАЧПТЬ$ -> #СКАЧАТЬ$) = -2.529689750939836
correctionProbability (#ОРАНЕ$ -> #ОХРАНЕ$) = -11.93299166878884
correctionProbability (#АВАНГРАД$ -> #АВАНГАРД$) = -80.90504318390879
correctionProbability (#ЧЕРИЗ$ -> #ЧЕРЕЗ$) = -5.588579983727431
correctionProbability (#SUBSTEM$ -> #SUBSYSTEM$) = -93.82218033353293
correctionProbability (#ПЕРЕВРОДЧИК$ -> #ПЕРЕВОДЧИК$) = -11.146900482886132
correctionProbability (#КАЛАМБИЯ$ -> #КОЛАМБИЯ$) = -18.88270429381813
correctionProbability (#МАЛИФИСЭНТА$ -> #МАЛЕФИСЕНТА$) = -78.6267776603514
correctionProbability (#ВИДДЕО$ -> #ВИДЕО$) = -4.247819370473053
correctionProbability (#УБИЙСТАО$ -> #УБИЙСТВО$) = -12.412182544874575
correctionProbability (#КОРАБЫЛЬ$ -> #КОРАБЛЬ$) = -14.496326343208658
correctionProbability (#ВЫБЕРАЙ$ -> #ВЫБИРАЙ$) = -19.255144130116143
correctionProbability (#ДИПОЗИТУ$ -> #ДЕПОЗИТУ$) = -22.462362357418357
correctionProbability (#КРАСИВПЯ$ -> #КРАСИВАЯ$) = -10.836036736428952
correctionProbability (#ПОЧТИА$ -> #ПОЧТА$) = -6.380869504913093
correctionProbability (#ЧЕРИС$ -> #ЧЕРЕЗ$) = -70.33122886606034
correctionProbability (#УЧАСТО$ -> #УЧАСТОК$) = -12.270860386992695
correctionProbability (#СПРВКА$ -> #СПРАВКА$) = -11.45570012449025
correctionProbability (#СОЗЛАНИЯ$ -> #СОЗДАНИЯ$) = -13.21419684327288
correctionProbability (#ДВУХЯРУСНОЙ$ -> #ДВУХЪЯРУСНОЙ$) = -27.107888239146916
correctionProbability (#РАЗВИТИ$ -> #РАЗВИТИЯ$) = -12.070842624818418
correctionProbability (#АНДОЙД$ -> #АНДРОИД$) = -74.47863472456713
correctionProbability (#OTSCHET$ -> #OTCHET$) = -29.115905223197643
correctionProbability (#YOUTUBWE$ -> #YOUTUBE$) = -8.954239706218857
correctionProbability (#ШАДАЕВ$ -> #ШААДАЕВ$) = -24.765053743234787
correctionProbability (#ПОНАЕТОВ$ -> #ПАНАЙОТОВ$) = -149.14917465396044
correctionProbability (#БУКОВА$ -> #БЫКОВА$) = -13.726700767421566
correctionProbability (#СЛВЯНСК$ -> #СЛАВЯНСК$) = -16.699493598674167
correctionProbability (#ПЕРЕЗАГРУЖАЕТЬСЯ$ -> #ПЕРЕЗАГРУЖАЕТСЯ$) = -29.57621255712688
correctionProbability (#КРАСНОЯ$ -> #КРАСНАЯ$) = -10.086581352363766
correctionProbability (#ZEJNEP$ -> #ZEYNEP$) = -21.753582643401234
correctionProbability (#ВАЛЕРЬЯНЫ$ -> #ВАЛЕРИАНЫ$) = -86.05508718571672
correctionProbability (#ІБУПРОФЕН$ -> #ИБУПРОФЕН$) = -17.057928669409215
correctionProbability (#РОДСТВЕНИКА$ -> #РОДСТВЕННИКА$) = -23.255091798612376
correctionProbability (#ХАРТИ$ -> #ХАРДИ$) = -13.227751692535481
correctionProbability (#КОЛДАНЫП$ -> #ҚОЛДАНЫП$) = -24.970205730490505
correctionProbability (#ТЕМПЕРАТУ$ -> #ТЕМПЕРАТУРА$) = -80.83183504115483
correctionProbability (#ТОЛСТОВО$ -> #ТОЛСТОГО$) = -15.177435635986171
correctionProbability (#CHIKEN$ -> #CHICKEN$) = -17.284837307227434
correctionProbability (#ОРТАК$ -> #ОРТАҚ$) = -18.657474478509517
correctionProbability (#СДЕДАТЬ$ -> #СДЕЛАТЬ$) = -6.182844726772721
correctionProbability (#УЧАСТНИЦИ$ -> #УЧАСТНИЦЫ$) = -19.490076186765457
correctionProbability (#ПОЛТЕРГЕЙС$ -> #ПОЛТЕРГЕЙСТ$) = -23.653447680067195
correctionProbability (#ОБЩОР$ -> #ОБЗОР$) = -8.078687707460691
correctionProbability (#ОФИЦАЛЬНОМ$ -> #ОФИЦИАЛЬНОМ$) = -21.70279866475807
correctionProbability (#ОБЕЗАТЕЛЬСВ$ -> #ОБЯЗАТЕЛЬСТВ$) = -85.80181531821637
correctionProbability (#РПБОЧАЯ$ -> #РАБОЧАЯ$) = -9.332562021491135
correctionProbability (#КРИВОЦ$ -> #КРИВОЙ$) = -11.9496125311987
correctionProbability (#ОСЕМИНАТОРА$ -> #ОСЕМЕНАТОРА$) = -36.57260082820256
correctionProbability (#РАЗВИТЕ$ -> #РАЗВИТИЕ$) = -12.531149383488874
correctionProbability (#ФОКСОРД$ -> #ФОКСФОРД$) = -17.15479770323774
correctionProbability (#ЖЫЛДЫН$ -> #ЖЫЛДЫҢ$) = -20.306853772467978
correctionProbability (#ЛЭНДИНГ$ -> #ЛЕНДИНГ$) = -17.49463533854893
correctionProbability (#СЕЙЧА$ -> #СЕЙЧАС$) = -8.663178375152146
correctionProbability (#КРОСВОПЛ$ -> #КРОССВОРД$) = -143.98290322587422
correctionProbability (#АБРИВИАТУРЫ$ -> #АББРЕВИАТУРЫ$) = -90.77188227126405
correctionProbability (#ОДНОКЛАССИК$ -> #ОДНОКЛАССНИКИ$) = -77.11128212312227
correctionProbability (#КСЕОМИ$ -> #КСИОМИ$) = -12.38686300333121
correctionProbability (#ПРЕЗЕНТАЦ$ -> #ПРЕЗЕНТАЦИЯ$) = -78.05636881994857
correctionProbability (#FORTESS$ -> #FORTRESS$) = -20.302854892776644
correctionProbability (#КРАЙБЕРИ$ -> #КРАЙМБРЕРИ$) = -84.45278220863896
correctionProbability (#БЛЮТУСУ$ -> #БЛЮТУЗУ$) = -21.04663131553169
correctionProbability (#QVEST$ -> #QUEST$) = -14.043468680893131
correctionProbability (#REFORGET$ -> #REFORGED$) = -20.713159510608236
correctionProbability (#АКВАМООРИС$ -> #АКВАМАРИС$) = -88.47001351506334
correctionProbability (#ЛОМИНАТ$ -> #ЛАМИНАТ$) = -12.29925308397651
correctionProbability (#HAVANE$ -> #HAVANA$) = -17.114872097642564
correctionProbability (#SYSTEMAR$ -> #SYSTEMAIR$) = -18.324642662252323
correctionProbability (#ВОСТРЕБВАННЫЕ$ -> #ВОСТРЕБОВАННЫЕ$) = -25.137106693393747
correctionProbability (#РАПОПОРТА$ -> #РАППОПОРТА$) = -27.541890125685406
correctionProbability (#КАЛОВРАТЕ$ -> #КОЛОВРАТЕ$) = -17.631790067213792
correctionProbability (#РАМАЗОТИ$ -> #РАМАЗОТТИ$) = -20.31722770089916
correctionProbability (#ПРОИЗВЕЛЕНИЕ$ -> #ПРОИЗВЕДЕНИЕ$) = -18.298584459186465
correctionProbability (#ORGANISER$ -> #ORGANIZER$) = -21.382534447982195
correctionProbability (#ВОЕНОСЛУЖАЩЕГО$ -> #ВОЕННОСЛУЖАЩЕГО$) = -24.954849968997827
correctionProbability (#ФОПУМ$ -> #ФОРУМ$) = -6.410443941935494
correctionProbability (#АБЕЛИКС$ -> #ОБЕЛИКС$) = -16.63562575232644
correctionProbability (#КАЛИНИНГРА$ -> #КАЛИНИНГРАД$) = -13.840221209722827
correctionProbability (#ЭКСКОРТНИЦА$ -> #ЭСКОРТНИЦА$) = -26.187044149121796
correctionProbability (#ЛЕНИВИЙ$ -> #ЛЕНИВЫЙ$) = -17.480157946000062
correctionProbability (#ХЕНДХАНТЕР$ -> #ХЕДХАНТЕР$) = -17.819013447046736
correctionProbability (#ДИЛЛЕРОВ$ -> #ДИЛЕРОВ$) = -21.180174706800372
correctionProbability (#ТЕЛОНКА$ -> #ТЕЛОНКО$) = -23.948041459456235
correctionProbability (#КОМПЛЕМЕНТ$ -> #КОМПЛИМЕНТ$) = -20.73982742388565
correctionProbability (#РАСКАЗЫВАЕТ$ -> #РАССКАЗЫВАЕТ$) = -22.421959833490227
correctionProbability (#YONGS$ -> #YOUNG$) = -78.4044845754071
correctionProbability (#МЙНКРАФТЕ$ -> #МАЙНКРАФТЕ$) = -13.281454379845023
correctionProbability (#ГЕТТЕ$ -> #ГЕТЕ$) = -17.954166346316175
correctionProbability (#ПРОИЗВЕЛЕНИЯ$ -> #ПРОИЗВЕДЕНИЯ$) = -17.841967246439616
correctionProbability (#ВЫХВАТЬ$ -> #ВЫЗВАТЬ$) = -13.215541869639054
correctionProbability (#РАСКАЗОВКА$ -> #РАССКАЗОВКА$) = -24.381479223037147
correctionProbability (#МАСЕЛЕЛЕР$ -> #МӘСЕЛЕЛЕР$) = -24.100920109975483
correctionProbability (#СРГЕЙ$ -> #СЕРГЕЙ$) = -8.448075613529692
correctionProbability (#ЫГАРА$ -> #ИГРА$) = -71.36171905145311
correctionProbability (#ТОЛСТОВА$ -> #ТОЛСТОГО$) = -79.87140311101766
correctionProbability (#ДЖЕСИКА$ -> #ДЖЕССИКА$) = -16.366718867941792
correctionProbability (#КРАСИВОЯ$ -> #КРАСИВАЯ$) = -10.772192140522158
correctionProbability (#ОЙЛАЙН$ -> #ОНЛАЙН$) = -0.6590040125488876
correctionProbability (#ПЕСТНЮ$ -> #ПЕСНЮ$) = -8.139833227299587
correctionProbability (#АДИГИЕВ$ -> #АДИГЕЕВ$) = -32.889184000160185
correctionProbability (#ШАМПИНЬЕНОВ$ -> #ШАМПИНЬОНОВ$) = -20.362913450832423
correctionProbability (#ДУШАНЬЕ$ -> #ДУШАНБЕ$) = -14.918598708894493
correctionProbability (#ЙИСОВБЕЙС$ -> #АЙСОВБЕЙС$) = -95.29035852109826
correctionProbability (#КRUSTCHANCE$ -> #RUSTCHANCE$) = -29.290625641560474
correctionProbability (#СЕРЕБРЯНА$ -> #СЕРЕБРЯНАЯ$) = -18.263870672292676
correctionProbability (#ДОКОР$ -> #ДОКТОР$) = -8.388583090338887
correctionProbability (#ВОЛГУЕРА$ -> #ВОЛГОГРАД$) = -141.6374544584838
correctionProbability (#КАЛАИ$ -> #ҚАЛАЙ$) = -79.01487029054658
correctionProbability (#ТИМНИЙ$ -> #ТЕМНЫЙ$) = -75.15476221935343
correctionProbability (#РОСИСКИ$ -> #РОССИЙСКИЙ$) = -145.6567389853752
correctionProbability (#ВОТОРОЙ$ -> #ВТОРОЙ$) = -12.175190948110188
correctionProbability (#ШЛЮШИ$ -> #ШЛЮХИ$) = -11.448145110413993
correctionProbability (#ЖЕСТОЕ$ -> #ЖЕСТКОЕ$) = -14.538954917225773
correctionProbability (#ОСТРОХОНДРОЗ$ -> #ОСТЕОХОНДРОЗ$) = -20.283441337891226
correctionProbability (#КРБЧКОМ$ -> #КРЮЧКОМ$) = -8.636502845412295
correctionProbability (#АВТОКОЛИМАТОРР$ -> #АВТОКОЛЛИМАТОР$) = -107.482602464591
correctionProbability (#VEDIOLAR$ -> #VIDEOLAR$) = -84.36597432419256
correctionProbability (#ВЕСЛОУХОГО$ -> #ВИСЛОУХОГО$) = -23.925981518786458
correctionProbability (#МЕИЦИНСКАЯ$ -> #МЕДИЦИНСКАЯ$) = -17.01919086380201
correctionProbability (#СПАСАТЕЛЬНИЙ$ -> #СПАСАТЕЛЬНЫЙ$) = -21.821345264913575
correctionProbability (#ПОРРО$ -> #ПОРРНО$) = -17.008754476962256
correctionProbability (#ГИДД$ -> #ГИБДД$) = -9.04486021223929
correctionProbability (#ЛОШАД$ -> #ЛОШАДЬ$) = -12.92384295646794
correctionProbability (#ДШЯ$ -> #ДЛЯ$) = 1.7228201258779272
correctionProbability (#ДОМАЩНЕЕ$ -> #ДОМАШНЕЕ$) = -10.53584272981184
correctionProbability (#КАМОДА$ -> #КОМОДА$) = -17.656845610375942
correctionProbability (#НЕОСПАРИМЫЙ$ -> #НЕОСПОРИМЫЙ$) = -17.46498236029079
correctionProbability (#ЩАЩИТИТЬ$ -> #ЗАЩИТИТЬ$) = -17.327919258565423
correctionProbability (#АКРИСЫ$ -> #АКТРИСЫ$) = -13.243737943886416
correctionProbability (#СКОПИОН$ -> #СКОРПИОН$) = -14.31581680740151
correctionProbability (#КЛАССТФИКАЦИЯ$ -> #КЛАССИФИКАЦИЯ$) = -18.471428007674483
correctionProbability (#ВХРД$ -> #ВХОД$) = -3.690004484911853
correctionProbability (#НОВФЙ$ -> #НОВЫЙ$) = -5.278514219327672
correctionProbability (#BRUNETT$ -> #BRUNETTE$) = -21.55072996596808
correctionProbability (#КРАСИВОК$ -> #КРАСИВОЕ$) = -12.360894836030603
correctionProbability (#КСКАЧАТЬ$ -> #СКАЧАТЬ$) = -5.004838758238227
correctionProbability (#ДНЕАНИКИ$ -> #ДНЕВНИКИ$) = -12.618243715159217
correctionProbability (#УЛЕЧНЫЕ$ -> #УЛИЧНЫЕ$) = -13.23838215043969
correctionProbability (#ТЕЛЕЦЬ$ -> #ТЕЛЕЦ$) = -14.783720986293911
correctionProbability (#ШЕРОЛЕ$ -> #ШЕВРОЛЕ$) = -11.76975859570181
correctionProbability (#ВКОНТААКТЕ$ -> #ВКОНТАКТЕ$) = -9.005784619711108
correctionProbability (#ТАХИ$ -> #ТАКСИ$) = -71.60951018182033
correctionProbability (#TREP$ -> #TRAP$) = -14.318024187203786
correctionProbability (#РЕПЕТИРОР$ -> #РЕПЕТИТОР$) = -15.78293235009673
correctionProbability (#НАСРОЙКА$ -> #НАСТРОЙКА$) = -14.320492282972317
correctionProbability (#ОУВЬ$ -> #ОБУВЬ$) = -8.383723396670305
correctionProbability (#ГОРОДСКО7О$ -> #ГОРОДСКОГО$) = -16.244893168316885
correctionProbability (#ГЕРБОЛПЙФА$ -> #ГЕРБАЛАЙФА$) = -91.38623111847276
correctionProbability (#ЗАРОЖЕНИЯ$ -> #ЗАРАЖЕНИЯ$) = -20.114985076027587
correctionProbability (#ДИЛЛЕРОМ$ -> #ДИЛЕРОМ$) = -25.119524467882854
correctionProbability (#АКАНСИИ$ -> #ВАКАНСИИ$) = -8.739756960979129
correctionProbability (#ПРАПВИЛЬНО$ -> #ПРАВИЛЬНО$) = -12.12450172052997
correctionProbability (#КУКОЛЬД$ -> #КУКОЛД$) = -16.117626174405064
correctionProbability (#ТИККУРИЛЛА$ -> #ТИККУРИЛА$) = -23.193962675166084
correctionProbability (#КЕРПИЧНАЯ$ -> #КИРПИЧНАЯ$) = -18.5197629949921
correctionProbability (#MUZMU$ -> #MUZMO$) = -16.043965181953357
correctionProbability (#КОЛТЦА$ -> #КОЛЬЦА$) = -10.95692523030787
correctionProbability (#VOKAL$ -> #VOCAL$) = -17.184421299251756
correctionProbability (#КРИЖЕВСКОГО$ -> #КРИЧЕВСКОГО$) = -27.140477569026913
correctionProbability (#FLSH$ -> #FLASH$) = -10.967846763111435
correctionProbability (#ИЛУТ$ -> #ИДУТ$) = -11.213410185674636
correctionProbability (#VEDIO$ -> #VIDEO$) = -72.69505116542796
correctionProbability (#QUTAISHI$ -> #QUTAISSHI$) = -29.203115600794348
correctionProbability (#БРУНОВ$ -> #БУРУНОВ$) = -18.60694194011859
correctionProbability (#КОНТРАЦЕПТОВОВ$ -> #КОНТРАЦЕПТИВОВ$) = -29.741188694598506
correctionProbability (#ФЫИЛЬМ$ -> #ФИЛЬМ$) = -3.7052167348777765
correctionProbability (#МУСКАМЕД$ -> #МУСКОМЕД$) = -22.426262016106335
correctionProbability (#ХАРЛАМОВВ$ -> #ХАРЛАМОВ$) = -17.303950782158346
correctionProbability (#ПЕРЕВОДЯЧИК$ -> #ПЕРЕВОДЧИК$) = -11.187771430802918
correctionProbability (#XHAMSRER$ -> #XHAMSTER$) = -14.574802143920046
correctionProbability (#ОБРАЗОВАННО$ -> #ОБРАЗОВАНО$) = -25.22475495840856
correctionProbability (#УВЕЛЕЧЕНИЕ$ -> #УВЕЛИЧЕНИЕ$) = -15.052194569899008
correctionProbability (#СЕИЧАС$ -> #СЕЙЧАС$) = -8.099690634002947
correctionProbability (#ДРУЩЬЯ$ -> #ДРУЗЬЯ$) = -9.874018623463716
correctionProbability (#ВРОНЕЖ$ -> #ВОРОНЕЖ$) = -9.534283561738377
correctionProbability (#ГРЛЫЕ$ -> #ГОЛЫЕ$) = -6.521571989161078
correctionProbability (#ФРАНТЕРА$ -> #ФРОНТЕРА$) = -19.639239516701323
correctionProbability (#МАРАДЕР$ -> #МАРОДЕР$) = -22.583305510705465
correctionProbability (#МАСАЭЖИСТКИ$ -> #МАССАЖИСТКИ$) = -87.9897109134327
correctionProbability (#РКАК$ -> #КАК$) = -1.597152607590882
correctionProbability (#СПЛРТС$ -> #СПОРТС$) = -11.772801555412297
correctionProbability (#ЦНЫ$ -> #ЦЕНЫ$) = -4.703707214906434
correctionProbability (#ОКТЯБРТСКИЙ$ -> #ОКТЯБРЬСКИЙ$) = -16.961212413099943
correctionProbability (#БУТАРОВА$ -> #БУТАКОВА$) = -21.251383114088377
correctionProbability (#МЕРЗАЕВ$ -> #МИРЗАЕВ$) = -17.502015934643488
correctionProbability (#ПОЧТКА$ -> #ПОЧТА$) = -6.389202396951919
correctionProbability (#РИСУЕОК$ -> #РИСУНОК$) = -6.632191970914292
correctionProbability (#ОБУВ$ -> #ОБУВЬ$) = -8.320637348730102
correctionProbability (#УСУРИЙСКИЙ$ -> #УССУРИЙСКИЙ$) = -23.489346378624447
correctionProbability (#КЛРОТКИЕ$ -> #КОРОТКИЕ$) = -11.23970451135665
correctionProbability (#СИНГВЕРЫ$ -> #СВИНГЕРЫ$) = -81.8022935511441
correctionProbability (#PAGERO$ -> #PAJERO$) = -16.808849819313043
correctionProbability (#АКУШКРСТВО$ -> #АКУШЕРСТВО$) = -19.047106161583386
correctionProbability (#КЕРОМБИТ$ -> #КЕРАМБИТ$) = -16.765657297291575
correctionProbability (#ГОБИЛЕН$ -> #ГОБЕЛЕН$) = -17.937414705281157
correctionProbability (#КУФОР$ -> #КУФАР$) = -9.073701566771273
correctionProbability (#ПУДИЛЬ$ -> #ПУДЕЛЬ$) = -16.313874313986016
correctionProbability (#САЛЬМОНЕЛА$ -> #САЛЬМОНЕЛЛА$) = -26.88900955046067
correctionProbability (#МОНТЕСОРИ$ -> #МОНТЕССОРИ$) = -20.814031189840584
correctionProbability (#ЧАТЦКИЙ$ -> #ЧАЦКИЙ$) = -19.708581203230718
correctionProbability (#ГОГОД$ -> #ГОРОД$) = -5.100340536924801
correctionProbability (#РАСЩИПЛЕНИЕ$ -> #РАСЩЕПЛЕНИЕ$) = -24.218783601582643
correctionProbability (#ЭКПЕДИЦИЯ$ -> #ЭКСПЕДИЦИЯ$) = -19.071333352411706
correctionProbability (#НОЯБ$ -> #НОЯБРЯ$) = -75.37854315895548
correctionProbability (#BRAZERZ$ -> #BRAZZERS$) = -79.44478056590614
correctionProbability (#ЛУЕНЫЙ$ -> #ЛУННЫЙ$) = -10.17975275568217
correctionProbability (#ЗАПОНИТЬ$ -> #ЗАПОЛНИТЬ$) = -15.173625861938284
correctionProbability (#КАРАБЫЛЬ$ -> #КОРАБЛЬ$) = -79.18410330204503
correctionProbability (#СТАВЯТЬСЯ$ -> #СТАВЯТСЯ$) = -22.395878218052786
correctionProbability (#ДЕЙНГІ$ -> #ДЕЙІНГІ$) = -17.911262641268976
correctionProbability (#ЛИРКА$ -> #ЛИРИКА$) = -14.888780788794225
correctionProbability (#ПЕРЕЕСТИ$ -> #ПЕРЕВЕСТИ$) = -13.317804975363416
correctionProbability (#ЧТАМИ$ -> #ЧИТАМИ$) = -12.97702857231685
correctionProbability (#ТРЕНАЖОРНОМ$ -> #ТРЕНАЖЕРНОМ$) = -21.599083087746067
correctionProbability (#НЕСТАЖЕН$ -> #НЕСТОЖЕН$) = -21.473532937563178
correctionProbability (#ПЕШУ$ -> #РЕШУ$) = -8.017290470483761
correctionProbability (#МОСКВЕЕ$ -> #МОСКВЕ$) = -6.557714666249062
correctionProbability (#МАЛАДОИ$ -> #МОЛОДОЙ$) = -141.4348995255914
correctionProbability (#КПЛЬЯНЩИК$ -> #КАЛЬЯНЩИК$) = -22.49144888712007
correctionProbability (#МАЛАДОЙ$ -> #МОЛОДОЙ$) = -76.70140542633804
correctionProbability (#СТИХОВОРЕНИЕ$ -> #СТИХОТВОРЕНИЕ$) = -18.334459931047576
correctionProbability (#ЛІНЕКС$ -> #ЛИНЕКС$) = -15.487737026119948
correctionProbability (#ЮИСЕРОМ$ -> #БИСЕРОМ$) = -14.525011057038952
correctionProbability (#РОЭДЕННЫХ$ -> #РОЖДЕННЫХ$) = -20.751056230543377
correctionProbability (#АПЬЕКА$ -> #АПТЕКА$) = -8.003799971214203
correctionProbability (#ФИЦИАЛЬНЫЙ$ -> #ОФИЦИАЛЬНЫЙ$) = -7.542387699920468
correctionProbability (#ВЯЧЕСЛАВНА$ -> #ВЯЧЕСЛАВОВНА$) = -88.27573591302524
correctionProbability (#ЗАКВАСИТИ$ -> #ЗАКВАСИТЬ$) = -19.682036132807035
correctionProbability (#ИНОСММ$ -> #ИНОСМИ$) = -12.43623945106204
correctionProbability (#ААЛЮТ$ -> #ВАЛЮТ$) = -7.966736465942446
correctionProbability (#ЕСМЛИ$ -> #ЕСЛИ$) = -7.526027784071335
correctionProbability (#ОРГАНИЗАУИЯ$ -> #ОРГАНИЗАЦИЯ$) = -15.694889608757947
correctionProbability (#ВИНОГРАЛА$ -> #ВИНОГРАДА$) = -13.045300563327892
correctionProbability (#УВЕЛЕЧЕНИЮ$ -> #УВЕЛИЧЕНИЮ$) = -19.328437661187287
correctionProbability (#КРАМИВЫЙ$ -> #КРАСИВЫЙ$) = -10.984271650398775
correctionProbability (#РЕДФОР$ -> #РЕДФОРД$) = -21.575350930991192
correctionProbability (#СПРТА$ -> #СПОРТА$) = -11.368354945730108
correctionProbability (#УВЕЛЕЧЕНИЯ$ -> #УВЕЛИЧЕНИЯ$) = -16.900562344531124
correctionProbability (#СЕЛАНД$ -> #ЗЕЛАНД$) = -16.655586665459584
correctionProbability (#АРОГРАММА$ -> #ПРОГРАММА$) = -8.601623811003584
correctionProbability (#ТРЕТСТОУН$ -> #ТРЕДСТОУН$) = -24.215929118231337
correctionProbability (#ЖЕСТКИ$ -> #ЖЕСТКИЙ$) = -13.48701817261847
correctionProbability (#САЛЯРИИ$ -> #СОЛЯРИИ$) = -18.856996203498667
correctionProbability (#ОБРОБОТАТЬ$ -> #ОБРАБОТАТЬ$) = -17.453062267159908
correctionProbability (#TRIPPMYDREAM$ -> #TRIPMYDREAM$) = -23.864081307350418
correctionProbability (#ПОГЛАЩЕНИЯ$ -> #ПОГЛОЩЕНИЯ$) = -24.201447185312112
correctionProbability (#BRAZERS$ -> #BRAZZERS$) = -14.700415014080868
correctionProbability (#СОЫШАТ$ -> #СЛЫШАТ$) = -20.40850972467739
correctionProbability (#РАБОАЕТ$ -> #РАБОТАЕТ$) = -11.8143624328603
correctionProbability (#RALLI$ -> #RALLY$) = -16.63387160654764
correctionProbability (#ЧАНХАНАЙ$ -> #ШАНХАНАЙ$) = -33.81043612584183
correctionProbability (#ROSSES$ -> #ROSES$) = -15.732118676974924
correctionProbability (#КОНСАЛДИНГ$ -> #КОНСАЛТИНГ$) = -19.98785224327522
correctionProbability (#ТЕНДЕЦИИ$ -> #ТЕНДЕНЦИИ$) = -17.12088115836613
correctionProbability (#САЛЯРКИ$ -> #СОЛЯРКИ$) = -20.757751696066713
correctionProbability (#КОМПЕСАЦИОННЫЙ$ -> #КОМПЕНСАЦИОННЫЙ$) = -26.352466911775068
correctionProbability (#РЯЖОМ$ -> #РЯДОМ$) = -9.49199932080992
correctionProbability (#ЗАЖЫГАЛКА$ -> #ЗАЖИГАЛКА$) = -17.729300379834363
correctionProbability (#JARIKO$ -> #JARICO$) = -19.298301802148647
correctionProbability (#ПОРОТ$ -> #ПОВОРОТ$) = -79.05489611393047
correctionProbability (#НИКАТИНА$ -> #НИКОТИНА$) = -20.109795303252184
correctionProbability (#МАЙНКРПФТ$ -> #МАЙНКРАФТ$) = -7.990015993153591
correctionProbability (#РАЗЪЕДЕНИТЬ$ -> #РАЗЪЕДИНИТЬ$) = -24.772461821556192
correctionProbability (#ТАНКЫ$ -> #ТАНКИ$) = -7.183745710390504
correctionProbability (#СТИКМЭН$ -> #СТИКМЕН$) = -16.59775235275619
correctionProbability (#РАБИНЯ$ -> #РАБЫНЯ$) = -15.703256385169869
correctionProbability (#ДЕМЕНЬЕВА$ -> #ДЕМЕНТЬЕВА$) = -23.424364841886252
correctionProbability (#ШЕФУТИНСКИЙ$ -> #ШУФУТИНСКИЙ$) = -18.930279251225755
correctionProbability (#ЕЛИТНЫЕ$ -> #ЭЛИТНЫЕ$) = -13.665626361903577
correctionProbability (#ВАУЛНВ$ -> #ВАУЛИНА$) = -78.84424556768775
correctionProbability (#PAMP$ -> #PUMP$) = -14.905053276672657
correctionProbability (#ТРУСАРДИ$ -> #ТРУССАРДИ$) = -20.930202775844812
correctionProbability (#СОЕЙ$ -> #СВОЕЙ$) = -11.756338716738174
correctionProbability (#ИНФУМАТОМ$ -> #ИНФУЗОМАТОМ$) = -102.6896142241503
correctionProbability (#ПОВАРП$ -> #ПОВАРА$) = -12.87213220849829
correctionProbability (#ГЕТРО$ -> #ГЕТЕРО$) = -20.424989705937197
correctionProbability (#ХОДЯЧИ$ -> #ХОДЯЧИЕ$) = -12.278024364670728
correctionProbability (#РАДИОМИКРОФОННЫЕ$ -> #РАДИОМИКРОФОНЫ$) = -99.00013877267585
correctionProbability (#HOTSPT$ -> #HOTSPOT$) = -11.797385961714859
correctionProbability (#ИНВЕКТОРНАЯ$ -> #ИНВЕРТОРНАЯ$) = -25.105550820810464
correctionProbability (#ВЕСЫЛЛЯ$ -> #ВЕСІЛЛЯ$) = -16.660085095315743
correctionProbability (#ПОРОЛ$ -> #ПАРОЛЬ$) = -75.87041512078122
correctionProbability (#SVETULICHKA$ -> #SVETULECHKA$) = -37.07118936541251
correctionProbability (#PONHUB$ -> #PORNHUB$) = -12.008414366840817
correctionProbability (#БЕЛОГЛИНКОМ$ -> #БЕЛОГЛИНСКОМ$) = -38.26745450031931
correctionProbability (#МКША$ -> #МАША$) = -2.869270233234378
correctionProbability (#ТРАТОР$ -> #ТРАКТОР$) = -9.05771855530525
correctionProbability (#ШЛЮХМ$ -> #ШЛЮХИ$) = -11.486428536454941
correctionProbability (#VENDETA$ -> #VENDETTA$) = -22.203871030927964
correctionProbability (#ЧЕРЕС$ -> #ЧЕРЕЗ$) = -5.608020087178396
correctionProbability (#ДЫА$ -> #ДВА$) = -6.860173914573256
correctionProbability (#EXSEL$ -> #EXCEL$) = -11.61014496441776
correctionProbability (#ЗВКЗДА$ -> #ЗВЕЗДА$) = -10.001372546596425
correctionProbability (#WARSHAWA$ -> #WARSZAWA$) = -20.87663418199118
correctionProbability (#БОШИРОВ$ -> #БАШИРОВ$) = -20.215432007632828
correctionProbability (#ГЛАЭГО$ -> #ГЛАЗГО$) = -19.148976871176064
correctionProbability (#ЗАРПАЛАТА$ -> #ЗАРПЛАТА$) = -15.167677314925207
correctionProbability (#ORNHUB$ -> #PORNHUB$) = -12.008416817973725
correctionProbability (#МОРТАДЕЛА$ -> #МОРТАДЕЛЛА$) = -29.394403316311873
correctionProbability (#УЧАСТК$ -> #УЧАСТОК$) = -12.277728485408595
correctionProbability (#КАНТРАКТНЫХ$ -> #КОНТРАКТНЫХ$) = -25.835610238277084
correctionProbability (#ТИНЬКОЫ$ -> #ТИНЬКОФФ$) = -76.70146036110192
correctionProbability (#РАФАЕЛ$ -> #РАФАЭЛЬ$) = -81.6172082795642
correctionProbability (#DMAIL$ -> #GMAIL$) = -8.364038885104652
correctionProbability (#ЭРОИЧЕСКИЕ$ -> #ЭРОТИЧЕСКИЕ$) = -15.31009671356884
correctionProbability (#КЛАВИСИН$ -> #КЛАВЕСИН$) = -22.367904647101845
correctionProbability (#КРУПНОИ$ -> #КРУПНОЙ$) = -16.737239513325058
correctionProbability (#GISERH$ -> #GISHER$) = -84.57055594108331
correctionProbability (#ВАЙЛБЕРИЗЗ$ -> #ВАЙЛДБЕРРИЗ$) = -147.04297489567224
correctionProbability (#ЧЕРЕЭ$ -> #ЧЕРЕЗ$) = -5.611132423217079
correctionProbability (#СЕЛЕКОНОВЫЕ$ -> #СИЛИКОНОВЫЕ$) = -83.23962720714542
correctionProbability (#РОССИСКАЯ$ -> #РОССИЙСКАЯ$) = -16.78357100916908
correctionProbability (#АШИБКА$ -> #ОШИБКА$) = -10.391580210652098
correctionProbability (#CEPИЯ$ -> #СЕРИЯ$) = -131.8538773043864
correctionProbability (#ИНТУЗИАСТОВ$ -> #ЭНТУЗИАСТОВ$) = -20.604143777611768
correctionProbability (#ТАЧК$ -> #ТАЧКИ$) = -10.626530987156233
correctionProbability (#ПОРНЯ$ -> #ПАРНЯ$) = -10.191216312847995
correctionProbability (#ПОТРИОТ$ -> #ПАТРИОТ$) = -12.188656406413642
correctionProbability (#ГОЛУБОВО$ -> #ГОЛУБОГО$) = -18.578135162106697
correctionProbability (#ИГРАИТЬ$ -> #ИГРАТЬ$) = -8.27266395860416
correctionProbability (#СЕЛЕКОНОВЫЙ$ -> #СИЛИКОНОВЫЙ$) = -83.93771151241111
correctionProbability (#ФЕНАЛ$ -> #ФИНАЛ$) = -8.522305208819443
correctionProbability (#ИНСЦЕСТ$ -> #ИНЦЕСТ$) = -11.501912700653097
correctionProbability (#ЛЕДНЕКОВЫЙ$ -> #ЛЕДНИКОВЫЙ$) = -15.674931894419714
correctionProbability (#ЧЕРЕХ$ -> #ЧЕРЕЗ$) = -5.6102266752791365
correctionProbability (#МЕХАННИКОВ$ -> #МЕХАНИКОВ$) = -21.289490694437298
correctionProbability (#ГИБА$ -> #ГРИБА$) = -14.217921338333728
correctionProbability (#ПЕРЕДОДЧИК$ -> #ПЕРЕВОДЧИК$) = -8.654389120740262
correctionProbability (#СТРОНИЦЫ$ -> #СТРАНИЦЫ$) = -14.030191045097098
correctionProbability (#СМЕРТЕЛЬНЫ$ -> #СМЕРТЕЛЬНЫЙ$) = -21.647057532300536
correctionProbability (#СТРОЙСТВО$ -> #УСТРОЙСТВО$) = -13.897448464222741
correctionProbability (#LANSER$ -> #LANCER$) = -16.249691046740264
correctionProbability (#ЗАПОДА$ -> #ЗАПАДА$) = -15.67165050865589
correctionProbability (#СТРКТУРА$ -> #СТРУКТУРА$) = -14.946534410414614
correctionProbability (#ГОЛОСНИ$ -> #ГОЛОСНІ$) = -21.600832701826874
correctionProbability (#ВОСКЛЕЦАТЕЛЬНЫЙ$ -> #ВОСКЛИЦАТЕЛЬНЫЙ$) = -25.419831535766875
correctionProbability (#РАЗВЕТКИ$ -> #РАЗВЕДКИ$) = -18.88123716251947
correctionProbability (#КРАЙНБЕРИ$ -> #КРАЙМБРЕРИ$) = -83.8729784454975
correctionProbability (#ГИБД$ -> #ГИБДД$) = -9.035258588923778
correctionProbability (#ГИЗМЕТЕО$ -> #ГИСМЕТЕО$) = -8.27421422907171
correctionProbability (#ПИТИЦИЯ$ -> #ПЕТИЦИЯ$) = -18.67080159169454
correctionProbability (#PERFEKT$ -> #PERFECT$) = -13.929828212220123
correctionProbability (#ВЫПЕШИ$ -> #ВЫПИШИ$) = -17.33668177492152
correctionProbability (#ТАНОВ$ -> #ТОНОВ$) = -17.83122488321401
correctionProbability (#РЕБОВАНИЯ$ -> #ТРЕБОВАНИЯ$) = -14.977268662339192
correctionProbability (#КАЛОНОСКОПИИ$ -> #КОЛОНОСКОПИИ$) = -22.536929679300194
correctionProbability (#БЕСКВИТНЫЙ$ -> #БИСКВИТНЫЙ$) = -19.847831068898408
correctionProbability (#МАЛЕФИЦЕНТА$ -> #МАЛЕФИСЕНТА$) = -13.890917694339905
correctionProbability (#СОЛНИЧНАЯ$ -> #СОЛНЕЧНАЯ$) = -16.130757069421428
correctionProbability (#БОМБАНДИРЫ$ -> #БОМБАРДИРЫ$) = -20.032307095446008
correctionProbability (#МІСЯЦ$ -> #МІСЯЦЬ$) = -17.013104391460207
correctionProbability (#КАРТОПЛИ$ -> #КАРТОПЛІ$) = -22.32223593312517
correctionProbability (#WHATCH$ -> #WATCH$) = -13.524908543579354
correctionProbability (#ПОВАЛИ$ -> #ПОВАЛИЙ$) = -16.15661706177987
correctionProbability (#ЖЁНА$ -> #ЖЕНА$) = -7.189285442133585
correctionProbability (#СОМОМ$ -> #САМОМ$) = -10.577054688945825
correctionProbability (#СТРОНИЦУ$ -> #СТРАНИЦУ$) = -12.132434532326933
correctionProbability (#КОМРЕССОР$ -> #КОМПРЕССОР$) = -17.063014533234927
correctionProbability (#ПЕТЦ$ -> #ПЕТС$) = -13.478979271124597
correctionProbability (#ВАИЛД$ -> #ВАЙЛД$) = -15.611622850310969
correctionProbability (#СВЕКРОВ$ -> #СВЕКРОВЬ$) = -16.86232288145264
correctionProbability (#ПЛАСТМАСОВУЮ$ -> #ПЛАСТМАССОВУЮ$) = -27.41090781244118
correctionProbability (#ОДНОКЛАССНК$ -> #ОДНОКЛАССНИКИ$) = -77.15807197547299
correctionProbability (#РУССККИЕ$ -> #РУССКИЕ$) = -9.326842396364235
correctionProbability (#УЧАСОК$ -> #УЧАСТОК$) = -12.242549253101323
correctionProbability (#ДОМАЩНИЙ$ -> #ДОМАШНИЙ$) = -11.109417854540219
correctionProbability (#ЧЕЧЕНИ$ -> #ЧЕЧНИ$) = -18.166603625351176
correctionProbability (#ЖАЛАБЛА$ -> #ЖАЛОБА$) = -81.64189335884198
correctionProbability (#ТАТР$ -> #ТАТАР$) = -10.657173705469457
correctionProbability (#САПАГИ$ -> #САПОГИ$) = -11.02473141292624
correctionProbability (#КЛЬЯНОВСКИЙ$ -> #УЛЬЯНОВСКИЙ$) = -21.54878972568781
correctionProbability (#STAREKS$ -> #STAREX$) = -87.56652423701478
correctionProbability (#CANDI$ -> #CANDY$) = -13.983733879571322
correctionProbability (#ИНТЕЛЕКТУАЛЬНОГО$ -> #ИНТЕЛЛЕКТУАЛЬНОГО$) = -31.212842984862988
correctionProbability (#ЧЕБОКАРЫ$ -> #ЧЕБОКСАРЫ$) = -13.349424973947372
correctionProbability (#ИСПОЛЬЩКЕТ$ -> #ИСПОЛЬЗУЕТ$) = -85.18572532127547
correctionProbability (#GAMMAX$ -> #GAMMAXX$) = -24.280223060532393
correctionProbability (#ODNOCL$ -> #ODNOKL$) = -21.224835580839983
correctionProbability (#ПОТАЛОК$ -> #ПОТОЛОК$) = -9.807871074686076
correctionProbability (#ІТАЛІІ$ -> #ІТАЛІЇ$) = -17.133311667797233
correctionProbability (#МУЗИЕИ$ -> #МУЗЕИ$) = -14.888640912728807
correctionProbability (#УЕНИТСЯ$ -> #ЦЕНИТСЯ$) = -22.550604004306614
correctionProbability (#ПИРАГИ$ -> #ПИРОГИ$) = -13.013523520380236
correctionProbability (#ВИШЛА$ -> #ВЫШЛА$) = -13.609161375982321
correctionProbability (#БЕСПРЛАТНО$ -> #БЕСПЛАТНО$) = -7.227955516227645
correctionProbability (#ЖОСКОЕ$ -> #ЖЕСТКОЕ$) = -79.27773304599647
correctionProbability (#EFOOTBALL$ -> #FOOTBALL$) = -16.035893066894324
correctionProbability (#ДЕЛЕВЕРИ$ -> #ДЕЛИВЕРИ$) = -16.148946578226585
correctionProbability (#HAEREN$ -> #HAYEREN$) = -17.412123041406005
correctionProbability (#СКАЛАЙН$ -> #СКАЙЛАЙН$) = -18.37229385294073
correctionProbability (#САНТАРНО$ -> #САНИТАРНО$) = -20.646162096760996
correctionProbability (#СОМОЙ$ -> #САМОЙ$) = -11.908531274837106
correctionProbability (#ТЕХНІК$ -> #ТЕХНИК$) = -14.236480423309875
correctionProbability (#ЕРМЬ$ -> #ПЕРМЬ$) = -8.219065484428441
correctionProbability (#ЛЕМИНГИ$ -> #ЛЕММИНГИ$) = -19.889642515117835
correctionProbability (#КААРТАЛ$ -> #КВАРТАЛ$) = -11.022823368088709
correctionProbability (#ОРИГАМІ$ -> #ОРІГАМІ$) = -22.903086878564622
correctionProbability (#ДЗВОНОК$ -> #ЗВОНОК$) = -13.916881564588127
correctionProbability (#ХАБАРОСК$ -> #ХАБАРОВСК$) = -12.18412648797711
correctionProbability (#ОДЕНОЧЕСТВО$ -> #ОДИНОЧЕСТВО$) = -18.783266588504787
correctionProbability (#ЧЕРНЗ$ -> #ЧЕРЕЗ$) = -5.649195860475967
correctionProbability (#ОБЛЮ$ -> #ОБЛ$) = -10.31424425404509
correctionProbability (#АКУШУРСТВО$ -> #АКУШЕРСТВО$) = -19.054015499440595
correctionProbability (#ПОЛЬЗОВАТЬМЯ$ -> #ПОЛЬЗОВАТЬСЯ$) = -16.4797084097275
correctionProbability (#ОФФИСА$ -> #ОФИСА$) = -13.082398849888154
correctionProbability (#КАМНАТА$ -> #КОМНАТА$) = -10.6368954829817
correctionProbability (#ОПЕРНИЙ$ -> #ОПЕРНЫЙ$) = -16.790082210031166
correctionProbability (#КИМОВСКОГО$ -> #КИРОВСКОГО$) = -17.902658916526562
correctionProbability (#ПЕСЮ$ -> #ПЕСНЮ$) = -6.166743808790034
correctionProbability (#СЕНИЧКА$ -> #СИНИЧКА$) = -16.342177517711555
correctionProbability (#LCOSTE$ -> #LACOSTE$) = -18.843255972056085
correctionProbability (#ГЕЛЬЯТИНА$ -> #ГИЛЬОТИНА$) = -86.01273647927748
correctionProbability (#ЦИРАКСОН$ -> #ЦЕРАКСОН$) = -18.059467568374018
correctionProbability (#НЕДОРРООГИЕ$ -> #НЕДОРОГИЕ$) = -84.12930452522035
correctionProbability (#ДЕКАБРЕК$ -> #ДЕКАБРЕ$) = -15.936597838112576
correctionProbability (#ПЕСЬ$ -> #ПЕЧЬ$) = -9.60279323274408
correctionProbability (#БАРДЮРЫ$ -> #БОРДЮРЫ$) = -18.597245868654063
correctionProbability (#АНАА$ -> #АННА$) = -6.712294353141456
correctionProbability (#ДОКТР$ -> #ДОКТОР$) = -8.43609894044059
correctionProbability (#ОБЛЬ$ -> #ОБЛ$) = -10.242571797320888
correctionProbability (#МАКДОНАЛДСА$ -> #МАКДОНАЛЬДСА$) = -24.455171529030885
correctionProbability (#SENTER$ -> #CENTER$) = -14.72414058139896
correctionProbability (#СКАШАТ$ -> #СКАЧАТЬ$) = -67.75754445808268
correctionProbability (#ПЕСЯ$ -> #ПЕСНЯ$) = -4.233053619094818
correctionProbability (#ВАКЗАЛА$ -> #ВОКЗАЛА$) = -13.08931814588702
correctionProbability (#ИРУШЕК$ -> #ИГРУШЕК$) = -12.187725311174923
correctionProbability (#ПЛЕМЯНИКАМИ$ -> #ПЛЕМЯННИКАМИ$) = -30.90579777183664
correctionProbability (#ОБЕЧЕНЯ$ -> #ОБУЧЕНИЯ$) = -77.92787111180893
correctionProbability (#ПОРЕЗАНЫЕ$ -> #ПОРЕЗАННЫЕ$) = -23.666267845708035
correctionProbability (#ИЕСЯЦ$ -> #МЕСЯЦ$) = -8.803105281049167
correctionProbability (#ГСТИНИЦА$ -> #ГОСТИНИЦА$) = -13.746808729568237
correctionProbability (#ВОСТАНОВИТТ$ -> #ВОССТАНОВИТЬ$) = -81.75855220972161
correctionProbability (#НЕМЕНИЯ$ -> #ОНЕМЕНИЯ$) = -23.257533932410645
correctionProbability (#ИЗОБРОЖЕНИЕ$ -> #ИЗОБРАЖЕНИЕ$) = -16.571602038654675
correctionProbability (#PEGOUT$ -> #PEUGEOT$) = -150.20137789614157
correctionProbability (#БЕХЕТЛЕ$ -> #БАХЕТЛЕ$) = -20.160579872471402
correctionProbability (#ОРИГАНО$ -> #ОРЕГАНО$) = -20.14668681442665
correctionProbability (#MISCROSOFT$ -> #MICROSOFT$) = -17.016588096237754
correctionProbability (#ОРФОГРАМ$ -> #ОРФОГРАММ$) = -23.205053885604578
correctionProbability (#КЛОНДЕСТИНА$ -> #КЛАНДЕСТИНО$) = -90.57097370276162
correctionProbability (#KITHEN$ -> #KITCHEN$) = -17.306659043837
correctionProbability (#ОБЛС$ -> #ОБЛ$) = -10.252563915790656
correctionProbability (#КРУПНИМ$ -> #КРУПНЫМ$) = -13.15887723357283
correctionProbability (#ГЕРМОФРАДИТОВ$ -> #ГЕРМОФРОДИТОВ$) = -28.90538243269168
correctionProbability (#IGOV$ -> #EGOV$) = -12.173899726464658
correctionProbability (#ОБЩЕСТАО$ -> #ОБЩЕСТВО$) = -13.417953727864017
correctionProbability (#СМЕРТЕЛЬНЕ$ -> #СМЕРТЕЛЬНОЕ$) = -21.34414987448819
correctionProbability (#STORMONEY$ -> #STARTMONEY$) = -101.38056969427501
correctionProbability (#СОЛЬЕРИ$ -> #САЛЬЕРИ$) = -20.24530735692379
correctionProbability (#ДИКАНКИ$ -> #ДИКАНЬКИ$) = -18.54755328567814
correctionProbability (#ЧЕЛЯБНСК$ -> #ЧЕЛЯБИНСК$) = -10.892683738133968
correctionProbability (#ВИШЛИ$ -> #ВЫШЛИ$) = -10.757764530260314
correctionProbability (#РОССВЕТ$ -> #РАССВЕТ$) = -12.41745795251606
correctionProbability (#ДНЕМНИК$ -> #ДНЕВНИК$) = -7.0301807495970365
correctionProbability (#СВЕРХЕСТЕСТВЕННОГО$ -> #СВЕРХЪЕСТЕСТВЕННОГО$) = -33.11131375428994
correctionProbability (#ПЕСС$ -> #ПЕС$) = -11.734488269488718
correctionProbability (#ШИФАНЕР$ -> #ШИФОНЬЕР$) = -86.43531584185541
correctionProbability (#РОЛТАВА$ -> #ПОЛТАВА$) = -13.600357140242082
correctionProbability (#КАРНЕТ$ -> #КОРНЕТ$) = -20.164853024275228
correctionProbability (#НАБРЕРЕЖНАЯ$ -> #НАБЕРЕЖНАЯ$) = -19.6782076016191
correctionProbability (#КВЕТ$ -> #КВЕСТ$) = -11.525978656032347
correctionProbability (#СТАРИКИС$ -> #СТАРЕКС$) = -84.18108725194217
correctionProbability (#ПРИВЕТСВИЯ$ -> #ПРИВЕТСТВИЯ$) = -22.68723980038726
correctionProbability (#ИЗОБЕЛЛЫ$ -> #ИЗАБЕЛЛЫ$) = -19.68534487846798
correctionProbability (#TATARAFIL$ -> #TADALAFIL$) = -89.82726637540463
correctionProbability (#НИКОЛЬКИЙ$ -> #НИКОЛЬСКИЙ$) = -16.39461735250213
correctionProbability (#УБРВТЬ$ -> #УБРАТЬ$) = -9.777811804221724
correctionProbability (#ЛЭРОЙ$ -> #ЛЕРОЙ$) = -16.415986460304122
correctionProbability (#ЗАНЧИТ$ -> #ЗНАЧИТ$) = -77.25059939063122
correctionProbability (#ПЕНЩА$ -> #ПЕНЗА$) = -9.207421272960946
correctionProbability (#ЗАПЛОТИТЬ$ -> #ЗАПЛАТИТЬ$) = -18.179856993360453
correctionProbability (#НАВІГАТОР$ -> #НАВИГАТОР$) = -14.319714150589483
correctionProbability (#АВТОМА$ -> #АВТОМАТ$) = -12.595989500353213
correctionProbability (#ПРИВІТАННЧ$ -> #ПРИВІТАННЯ$) = -17.10324708449688
correctionProbability (#КРИСТИАНКА$ -> #КРЕСТЬЯНКА$) = -147.48556801458105
correctionProbability (#ПОДСУЕТКА$ -> #ПОДСВЕТКА$) = -16.727998867097163
correctionProbability (#ПЕИЕВОДЧИК$ -> #ПЕРЕВОДЧИК$) = -8.675410698941008
correctionProbability (#ЗОЛОДЕКС$ -> #ЗОЛАДЕКС$) = -21.74665731639319
correctionProbability (#ПЕСИ$ -> #ПЕСНИ$) = -3.7961638928794414
correctionProbability (#НОМЕРАГРАММ$ -> #НОМЕРОГРАММ$) = -24.06898820668787
correctionProbability (#НОВРЕ$ -> #НОВОЕ$) = -7.446396502480912
correctionProbability (#ПЕСК$ -> #ПЕСОК$) = -12.060216225268487
correctionProbability (#БЕУШНЫЙ$ -> #БЭУШНЫЙ$) = -21.472849544659404
correctionProbability (#ДЕЯТЕЛЬНОСЬ$ -> #ДЕЯТЕЛЬНОСТЬ$) = -18.175099476132893
correctionProbability (#ШПАТЛЕВАНИЕ$ -> #ШПАКЛЕВАНИЕ$) = -26.45710068830801
correctionProbability (#СКАЧЯЬ$ -> #СКАЧАТЬ$) = -67.84958966773839
correctionProbability (#УСИАНОВИТЬ$ -> #УСТАНОВИТЬ$) = -12.083354235199288
correctionProbability (#СВИНГЛАЙЫ$ -> #СВИНГЛАЙФ$) = -20.752067926349802
correctionProbability (#ПАЛУЧИТ$ -> #ПОЛУЧИТЬ$) = -76.282239366336
correctionProbability (#КАРНЕЙ$ -> #КОРНЕЙ$) = -14.2387371908051
correctionProbability (#ОБЛА$ -> #ОБЛ$) = -10.27136864208715
correctionProbability (#РЕССИВЕР$ -> #РЕСИВЕР$) = -18.471710692847033
correctionProbability (#ИМУННОЙ$ -> #ИММУННОЙ$) = -23.48844135394821
correctionProbability (#ПООГОДА$ -> #ПОГОДА$) = -3.668439655607468
correctionProbability (#РАСЧИТЫВАЮТ$ -> #РАССЧИТЫВАЮТ$) = -26.860183094711253
correctionProbability (#FOOTBOL$ -> #FOOTBALL$) = -78.83363398387382
correctionProbability (#ПОЧТВА$ -> #ПОЧТА$) = -6.4096844410974505
correctionProbability (#ПАРАНОЯ$ -> #ПАРАНОЙЯ$) = -19.35642113431853
correctionProbability (#ПІДПРИЕМСТВА$ -> #ПІДПРИЄМСТВА$) = -23.854881445063604
correctionProbability (#ХЭПИЫ$ -> #ХЭППИ$) = -80.93178862943375
correctionProbability (#ТРУСИКАХХ$ -> #ТРУСИКАХ$) = -18.29159288713121
correctionProbability (#ПОСТОВЫЕ$ -> #ПОЧТОВЫЕ$) = -15.208531225745794
correctionProbability (#РЕЙСТАЙЛИНГ$ -> #РЕСТАЙЛИНГ$) = -20.65064770806343
correctionProbability (#ПРОГРАМНЫХ$ -> #ПРОГРАММНЫХ$) = -25.31861897666461
correctionProbability (#БАБОО$ -> #БАДОО$) = -12.80150355347357
correctionProbability (#НОВОС$ -> #НОВОСТИ$) = -70.14835555957224
correctionProbability (#ФРИКОДЕЛЕК$ -> #ФРИКАДЕЛЕК$) = -21.402455048562352
correctionProbability (#АГРПРОДМАШ$ -> #АГРОПРОДМАШ$) = -25.492035440770834
correctionProbability (#ВЫСОГО$ -> #ВЫСОКОГО$) = -80.4834907241618
correctionProbability (#ДЮШ$ -> #ДЮСШ$) = -14.958065931472415
correctionProbability (#DEPRESIYA$ -> #DEPRESSIYA$) = -28.04791654384534
correctionProbability (#НОЫЙ$ -> #НОВЫЙ$) = -5.881245512675225
correctionProbability (#ПЕХА$ -> #ПЬЕХА$) = -13.261487341830335
correctionProbability (#ТТИП$ -> #ТИП$) = -12.277848363898027
correctionProbability (#РДЕССА$ -> #ОДЕССА$) = -9.48507743804321
correctionProbability (#СЛУЩАТЬ$ -> #СЛУШАТЬ$) = -5.11112105999281
correctionProbability (#ЧЕРКЗ$ -> #ЧЕРЕЗ$) = -5.6480405194239545
correctionProbability (#МОНГО$ -> #МОЕГО$) = -10.963206984152368
correctionProbability (#POVER$ -> #POWER$) = -11.442626603397184
correctionProbability (#PORHAB$ -> #PORNHUB$) = -76.74715340986361
correctionProbability (#ППАРНЯ$ -> #ПАРНЯ$) = -12.744387904387462
correctionProbability (#НОВОЦ$ -> #НОВОЙ$) = -10.31318973838717
correctionProbability (#АКУМОЛЯТОР$ -> #АККУМУЛЯТОР$) = -80.51968626387038
correctionProbability (#ИЗОБЕЛЛА$ -> #ИЗАБЕЛЛА$) = -16.91006391721833
correctionProbability (#ВИДИОКАРТ$ -> #ВИДЕОКАРТ$) = -20.78164843192088
correctionProbability (#САМОСТОЯТЕЛТНО$ -> #САМОСТОЯТЕЛЬНО$) = -19.256552660522402
correctionProbability (#ОБРАЗОВАНИЧ$ -> #ОБРАЗОВАНИЯ$) = -13.404956309862285
correctionProbability (#BAGLA$ -> #BANGLA$) = -19.076801015655906
correctionProbability (#ТЭЛАУНЧЕР$ -> #ТЛАУНЧЕР$) = -18.60713287978293
correctionProbability (#НЕМЕНИЕ$ -> #ОНЕМЕНИЕ$) = -19.29577713568426
correctionProbability (#ПАКАЗАТ$ -> #ПОКАЗАТЬ$) = -77.06384380543952
correctionProbability (#МОСКВАЕ$ -> #МОСКВЕ$) = -6.561743751279263
correctionProbability (#ELLESE$ -> #ELLESSE$) = -24.747831692173996
correctionProbability (#АЙКЛУД$ -> #АЙКЛАУД$) = -16.933586431990292
correctionProbability (#ИНСТАРАМ$ -> #ИНСТАГРАМ$) = -9.127844622933921
correctionProbability (#ЗЛОМАНАЯ$ -> #ВЗЛОМАННАЯ$) = -84.25850459489637
correctionProbability (#ТУРРЕТА$ -> #ТУРЕТТА$) = -87.36993124659091
correctionProbability (#ПИКИНЕСА$ -> #ПЕКИНЕСА$) = -21.274958691968806
correctionProbability (#ПРИЗИНТАЦЫЯ$ -> #ПРЕЗЕНТАЦИЯ$) = -141.60939937855122
correctionProbability (#НУАВЕЙ$ -> #ХУАВЕЙ$) = -12.407335827452048
correctionProbability (#ПРОВОЛКОЙ$ -> #ПРОВОЛОКОЙ$) = -21.781958768061976
correctionProbability (#СЕНГВИЧ$ -> #СЭНДВИЧ$) = -78.2170538303291
correctionProbability (#СКЛАНЕНИЕ$ -> #СКЛОНЕНИЕ$) = -15.64162743496253
correctionProbability (#ЗАБОЛЕВПНИЯ$ -> #ЗАБОЛЕВАНИЯ$) = -17.21349552668532
correctionProbability (#АНДРЕНАЛИН$ -> #АДРЕНАЛИН$) = -20.393895638091017
correctionProbability (#СПЕЦИОЛИСТ$ -> #СПЕЦИАЛИСТ$) = -15.900756708621167
correctionProbability (#КРАСНАБРОДСКИЙ$ -> #КРАСНОБРОДСКИЙ$) = -28.93102383386018
correctionProbability (#СКАТЧАТЬ$ -> #СКАЧАТЬ$) = -4.991424105942015
correctionProbability (#ТРИПЛЕКСАМ$ -> #ТРИПЛИКСАМ$) = -23.048217088588295
correctionProbability (#YOUTUE$ -> #YOUTUBE$) = -6.992714560866936
correctionProbability (#DUTU$ -> #DUTY$) = -10.330435620331858
correctionProbability (#ПРИДЕЛ$ -> #ПРЕДЕЛ$) = -15.37018762133874
correctionProbability (#ПРОТИВОВОСТАЛИТЕЛЬНЫЕ$ -> #ПРОТИВОВОСПАЛИТЕЛЬНЫЕ$) = -32.569811205758384
correctionProbability (#ЧТАРС$ -> #СТАРС$) = -7.536639036132158
correctionProbability (#ИОГАН$ -> #ИОГАНН$) = -18.140429089302284
correctionProbability (#КОСТЕЕВ$ -> #КАСТЕЕВ$) = -21.746352259961462
correctionProbability (#ANEMALI$ -> #ANIMAL$) = -82.67617913415755
correctionProbability (#БАГАУДИНОВ$ -> #БАГАУТДИНОВ$) = -24.921923974141322
correctionProbability (#РАМАНТИКА$ -> #РОМАНТИКА$) = -15.78401980296885
correctionProbability (#ГРЭТА$ -> #ГРЕТА$) = -13.575277771719254
correctionProbability (#WHATAP$ -> #WHATSAPP$) = -78.27347372052692
correctionProbability (#МАШТНЫ$ -> #МАШИНЫ$) = -7.901486887562015
correctionProbability (#АВАНГАР$ -> #АВАНГАРД$) = -13.62266711131948
correctionProbability (#КЛИАНЕР$ -> #КЛИНЕР$) = -20.111451645966586
correctionProbability (#НЕСНЯ$ -> #ПЕСНЯ$) = -3.7192703860797955
correctionProbability (#ТЕРЕНЦИЯ$ -> #ТЕРНЕЦИЯ$) = -88.87008128992973
correctionProbability (#СОБО$ -> #СОБОР$) = -11.652306098279187
correctionProbability (#ТАНСА$ -> #ТАНЦА$) = -11.779680493949552
correctionProbability (#ISTORI$ -> #ISTORII$) = -21.684646375924075
correctionProbability (#ПОПУЛЯРНИ$ -> #ПОПУЛЯРНЫЕ$) = -79.81467574644311
correctionProbability (#СУЛЕБНЫЙ$ -> #СУДЕБНЫЙ$) = -13.433147275520739
correctionProbability (#SARIKI$ -> #SHARIKI$) = -21.03658168287687
correctionProbability (#ВВПИТЬ$ -> #ВЫПИТЬ$) = -15.55567666510014
correctionProbability (#DUTI$ -> #DUTY$) = -10.326566723925314
correctionProbability (#ДИКЛОБЕРН$ -> #ДИКЛОБЕРЛ$) = -22.23888673961836
correctionProbability (#ТРАНСПОРНО$ -> #ТРАНСПОРТНО$) = -25.833988841044302
correctionProbability (#МИЕСК$ -> #МИНСК$) = -7.7132723109066355
correctionProbability (#МАЛАДУЮ$ -> #МОЛОДУЮ$) = -80.20208824339126
correctionProbability (#NMOTION$ -> #INMOTION$) = -26.642253073847307
correctionProbability (#ЭКСКОВАТОРЩИК$ -> #ЭКСКАВАТОРЩИК$) = -24.267960523359534
correctionProbability (#КІНСЬКИЙ$ -> #КОНСКИЙ$) = -82.87878812435572
correctionProbability (#СТРЕЧА$ -> #ВСТРЕЧА$) = -13.799002952657496
correctionProbability (#ЖИЛОВА$ -> #ЖИЛОГО$) = -78.69106385747678
correctionProbability (#ФРОНТЦ$ -> #ФРОНТС$) = -32.07514043691755
correctionProbability (#СОБЗ$ -> #СОЮЗ$) = -9.936039505321393
correctionProbability (#ПОДЕМНЫЙ$ -> #ПОДЪЕМНЫЙ$) = -20.409695105306547
correctionProbability (#КАКОИНА$ -> #КОКАИНА$) = -82.23238381093073
correctionProbability (#СКЛАНЕНИЯ$ -> #СКЛОНЕНИЯ$) = -19.012913504852698
correctionProbability (#КИМЕРЛИ$ -> #КИММЕРЛИ$) = -23.59281395690052
correctionProbability (#СОБШЕНИЕ$ -> #СООБЩЕНИЕ$) = -78.03922642905253
correctionProbability (#BEFOR$ -> #BEFORE$) = -15.532964121028957
correctionProbability (#ДОЛПАРА$ -> #ДОЛЛАРА$) = -9.587155988755121
correctionProbability (#ЦИПЛЯТА$ -> #ЦЫПЛЯТА$) = -17.979545606913348
correctionProbability (#КАРЛОСОН$ -> #КАРЛСОН$) = -17.27460487733717
correctionProbability (#РЕГБМ$ -> #РЕГБИ$) = -13.478633416483628
correctionProbability (#НОВОІ$ -> #НОВОЇ$) = -18.11702495673168
correctionProbability (#ГИБЫ$ -> #ГРИБЫ$) = -9.311803293375934
correctionProbability (#ТЕТАДЬ$ -> #ТЕТРАДЬ$) = -9.824480451292217
correctionProbability (#РАСТРОЙСТВ$ -> #РАССТРОЙСТВ$) = -25.644044540327812
correctionProbability (#ВХОЛ$ -> #ВХОД$) = -3.6429922990441916
correctionProbability (#РАЗЬЯСНЕНИЯ$ -> #РАЗЪЯСНЕНИЯ$) = -22.823147341872684
correctionProbability (#СКВЕРНОЙ$ -> #СЕВЕРНОЙ$) = -15.613631190267668
correctionProbability (#ГИВА$ -> #НИВА$) = -9.161377957400038
correctionProbability (#ХОДЯТЬ$ -> #ХОДЯТ$) = -16.563942503892836
correctionProbability (#СНЯЬ$ -> #СНЯТЬ$) = -7.613376765161082
correctionProbability (#КАТЕГОРИЧ$ -> #КАТЕГОРИЯ$) = -16.05907955461125
correctionProbability (#ТАУР$ -> #ТАУЭР$) = -17.93370996724205
correctionProbability (#КРАСНОДВР$ -> #КРАСНОДАР$) = -9.895723832847551
correctionProbability (#УСТОНОВАЧНОЙ$ -> #УСТАНОВОЧНОЙ$) = -92.35748556213557
correctionProbability (#ДЖЭЙСОН$ -> #ДЖЕЙСОН$) = -14.941632813468615
correctionProbability (#ГРИШКИН$ -> #ГРИШИН$) = -20.628214619354136
correctionProbability (#ТАУРЕГЕ$ -> #ТУАРЕГЕ$) = -88.86667368809454
correctionProbability (#ДЯЛ$ -> #ДЛЯ$) = -66.09465527791932
correctionProbability (#ДИВЕРГЕН$ -> #ДИВЕРГЕНТ$) = -18.520251107973294
correctionProbability (#МИЛЕРОВО$ -> #МИЛЛЕРОВО$) = -20.274063146403662
correctionProbability (#МОСКВВЕ$ -> #МОСКВЕ$) = -6.580577074054144
correctionProbability (#КОЛАМБИА$ -> #КОЛАМБИЯ$) = -18.938265840817238
correctionProbability (#ФЛЭШКЕ$ -> #ФЛЕШКЕ$) = -17.693209928511553
correctionProbability (#КАЧЕСТВЕНРЕ$ -> #КАЧЕСТВЕННОЕ$) = -86.28274981794928
correctionProbability (#ПРЕЩЕНТАЦИЯ$ -> #ПРЕЗЕНТАЦИЯ$) = -12.126873922781826
correctionProbability (#КАМЕНАГОРСКЕ$ -> #КАМЕНОГОРСКЕ$) = -18.822106658472585
correctionProbability (#VIDIYOLAR$ -> #VIDYOLAR$) = -22.20626766555081
correctionProbability (#ПОДЕМНЫЕ$ -> #ПОДЪЕМНЫЕ$) = -20.171498753737318
correctionProbability (#ИДИСКИЕ$ -> #ИНДИЙСКИЕ$) = -79.67207221778774
correctionProbability (#ДРУЗЯМИ$ -> #ДРУЗЬЯМИ$) = -16.486619939278235
correctionProbability (#НАЛГОВАЯ$ -> #НАЛОГОВАЯ$) = -12.600386937644387
correctionProbability (#САБАКМИ$ -> #СОБАКАМИ$) = -81.57444993921752
correctionProbability (#ИНОРМАЦИЯ$ -> #ИНФОРМАЦИЯ$) = -14.950829461319877
correctionProbability (#ВЛАДИВЛСТОКЕ$ -> #ВЛАДИВОСТОКЕ$) = -16.986023595937716
correctionProbability (#АНБО$ -> #АНБУ$) = -20.044962000882744
correctionProbability (#SAKCHAT$ -> #SKACHAT$) = -79.54292914268628
correctionProbability (#РОССГОСТРАХ$ -> #РОСГОССТРАХ$) = -85.96269017982658
correctionProbability (#ВАЙЛДБЕРИ$ -> #ВАЙЛДБЕРРИЗ$) = -79.75115642512674
correctionProbability (#ХАЮАРОВСК$ -> #ХАБАРОВСК$) = -11.585518979176904
correctionProbability (#МОСКВВА$ -> #МОСКВА$) = -6.6325812010969365
correctionProbability (#ТРОАНОСТЬ$ -> #ТРОПНОСТЬ$) = -34.750989070837626
correctionProbability (#НОВОИ$ -> #НОВОЙ$) = -10.303345936966071
correctionProbability (#ЧО$ -> #ЧТО$) = -1.9447503441283551
correctionProbability (#РЭДКЛИФ$ -> #РЭДКЛИФФ$) = -21.38007591134192
correctionProbability (#КАКОИНО$ -> #КОКАИНО$) = -82.60287440630867
correctionProbability (#СЕНИЦА$ -> #СИНИЦА$) = -15.255769020461397
correctionProbability (#СНИЛА$ -> #СНЯЛА$) = -15.917694964698132
correctionProbability (#АУДИШЕН$ -> #АУДИШН$) = -23.315315539505647
correctionProbability (#ГИЗМЕТИО$ -> #ГИСМЕТЕО$) = -73.00167440274475
correctionProbability (#СОАО$ -> #ООО$) = -72.79933401060956
correctionProbability (#ЯНДКУС$ -> #ЯНДЕКС$) = -70.11615704391933
correctionProbability (#РАСИИ$ -> #РОССИИ$) = -69.78148471522415
correctionProbability (#АЛЕОН$ -> #АЛЛИОН$) = -86.1330479334446
correctionProbability (#АИКОС$ -> #АЙКОС$) = -12.855880158469251
correctionProbability (#КАТЕГОРИЕ$ -> #КАТЕГОРИИ$) = -14.532211008084722
correctionProbability (#ОБНА$ -> #ОДНА$) = -8.940460177661546
correctionProbability (#АУДАРМАҚШЫ$ -> #АУДАРМАШЫ$) = -25.278104981319743
correctionProbability (#ОГРАН$ -> #ОРГАН$) = -80.67589413064817
correctionProbability (#БАССЙН$ -> #БАССЕЙН$) = -12.86734384479491
correctionProbability (#ТОНАЛЬНИЙ$ -> #ТОНАЛЬНЫЙ$) = -16.99251993441768
correctionProbability (#НОВОК$ -> #НОВОЕ$) = -7.437148740681366
correctionProbability (#ВЫКАПАТЬ$ -> #ВЫКОПАТЬ$) = -20.039136715336966
correctionProbability (#FIOYD$ -> #FLOYD$) = -15.784512274417526
correctionProbability (#ТЕННЕСИ$ -> #ТЕННЕССИ$) = -23.027831254209424
correctionProbability (#ВОЛЕЙБОЛЛ$ -> #ВОЛЕЙБОЛ$) = -15.829840480491818
-66.93748018611335
fixed: #МОЛИТВЫ$
fixed: #ПАТИО$
correctionProbability (#РАТИО$ -> #ЛАТИО$) = -21.18880633262017
correctionProbability (#РАТИО$ -> #ПАТИО$) = -17.196868999221618
fixed: #ПАТИО$
correctionProbability (#РАТИО$ -> #РАДИО$) = -5.107256262697984
correctionProbability (#РАТИО$ -> #ПАТИО$) = -17.196868999221618
fixed: #РАДИО$
correctionProbability (#РАТИО$ -> #ТАТИО$) = -23.452999254989493
correctionProbability (#РАТИО$ -> #РАДИО$) = -5.107256262697984
fixed: #РАДИО$
fixed: #УЛЬФ$
correctionProbability (#АЛЬФ$ -> #ЭЛЬФ$) = -14.056933860620706
correctionProbability (#АЛЬФ$ -> #УЛЬФ$) = -22.374337892187256
fixed: #ЭЛЬФ$

[#ЗАЯВКУ$, #ЗАЯВКИ$, #ЗАЯВ$, #ЗАВИС$, #ЗАВЕЛ$, #ЗАПИЛ$, #ЗАЯВИЛ$]

correctionProbability (#ЗАЯВИЛ$ -> #ЗАЯВКУ$) = -78.1887919065529
correctionProbability (#ЗАЯВИЛ$ -> #ЗАЯВКИ$) = -82.96512947999913
correctionProbability (#ЗАЯВИЛ$ -> #ЗАЯВ$) = -92.4236335755095
correctionProbability (#ЗАЯВИЛ$ -> #ЗАВИС$) = -84.1854261075174
correctionProbability (#ЗАЯВИЛ$ -> #ЗАВЕЛ$) = -87.09185136201562
correctionProbability (#ЗАЯВИЛ$ -> #ЗАПИЛ$) = -89.49617023264446
correctionProbability (#ЗАЯВИЛ$ -> #ЗАЯВИЛ$) = -37.624327017466285
fixed: #МАШИКО$
correctionProbability (#МАШИРО$ -> #МАШИНО$) = -22.17700708589024
correctionProbability (#МАШИРО$ -> #МАШИКО$) = -25.880416889982612
fixed: #МАШИНО$
fixed: #ЛУДИТЬ$

[#ГАПС$, #ВАРС$, #ГАП$, #ГАС$, #ГИПС$, #КРАПС$, #МАПС$, #ГПС$, #АПС$, #ГРАПС$, #ВГАПС$]

correctionProbability (#ВГАПС$ -> #ГАПС$) = -26.257288808502125
correctionProbability (#ВГАПС$ -> #ВАРС$) = -78.88927602177417
correctionProbability (#ВГАПС$ -> #ГАП$) = -86.1767304833503
correctionProbability (#ВГАПС$ -> #ГАС$) = -83.91688761086291
correctionProbability (#ВГАПС$ -> #ГИПС$) = -82.60703341070878
correctionProbability (#ВГАПС$ -> #КРАПС$) = -89.89876073748862
correctionProbability (#ВГАПС$ -> #МАПС$) = -79.1346753608941
correctionProbability (#ВГАПС$ -> #ГПС$) = -86.40498111170376
correctionProbability (#ВГАПС$ -> #АПС$) = -85.64549633695613
correctionProbability (#ВГАПС$ -> #ГРАПС$) = -90.78808413496334
correctionProbability (#ВГАПС$ -> #ВГАПС$) = -45.55042245648312

[#БОЛЕЗНЕННО$, #БОЛЕЗНЕННЫЕ$, #БОЛЕЗНЕННЫЙ$, #БОЛЕЗНЕННОЕ$, #БОЛЕЗНЕНЫЕ$]

correctionProbability (#БОЛЕЗНЕНЫЕ$ -> #БОЛЕЗНЕННО$) = -90.80824186557197
correctionProbability (#БОЛЕЗНЕНЫЕ$ -> #БОЛЕЗНЕННЫЕ$) = -25.61456935712006
correctionProbability (#БОЛЕЗНЕНЫЕ$ -> #БОЛЕЗНЕННЫЙ$) = -89.9447805166102
correctionProbability (#БОЛЕЗНЕНЫЕ$ -> #БОЛЕЗНЕННОЕ$) = -90.71501512144923
correctionProbability (#БОЛЕЗНЕНЫЕ$ -> #БОЛЕЗНЕНЫЕ$) = -52.43999354184126
]]></system-out>
  <system-err><![CDATA[]]></system-err>
</testsuite>
